                                                          Cloudy 13.03
                                                         www.nublado.org

                       **************************************13Feb20**************************************
                       *                                                                                 *
                       * c                                                                               *
                       * phi(h) 9.000000 LOG range -0.000232 6.866524                                    *
                       * grid from 8 to 23 in 1 dex steps                                                *
                       * HDEN=12.000000 LOG                                                              *
                       * grid from 0 to 12 in 1 dex steps                                                *
                       * set pres ionize 1e5                                                             *
                       * c                                                                               *
                       * c                                                                               *
                       * table star "inst_padova_agbtrack_z.mod" age 6.7                                 *
                       * c<< inst_padova_ model    3 read.       Age =    4010000.00                 >>> *
                       * c<< inst_padova_ model    4 read.       Age =    6010000.00                 >>> *
                       * c<< FINAL:     Age =    5011872.34                                          >>> *
                       * c                                                                               *
                       * c                                                                               *
                       * abundances GASS10                                                               *
                       * c                                                                               *
                       * c                                                                               *
                       * iterate to convergence max = 7                                                  *
                       * stop column density = 23                                                        *
                       * c                                                                               *
                       * c                                                                               *
                       * print last                                                                      *
                       * set save prefix "padova_inst_5"                                                 *
                       * save grid ".grd" last no hash                                                   *
                       * save linelist "emissionlines_abs.txt" "LineList_HII.dat" absolute last no hash    *
                       *                                                                                 *
                       ***********************************************************************************



 NOTE Setcon: continuum has zero intensity starting at  1.0074e+01 Ryd.
     1 cells in the incident continuum have zero intensity.  Problems???

           !The plasma frequency is 2.99e-06 Ryd.  The incident continuum is set to 0 below this.
           4147CellPeak1.00E+00   Lo 1.00e-08=910.79cm   Hi-Con:1.01E+01 Ryd   E(hi):7.35E+06Ryd     E(hi):     100.01 MeV
           I(nu>1ryd):  -1.5177   Average nu:1.393E+00   I( X-ray):   0.0000   I(BalC):  -0.3126     Phi(BalmrC):  10.6137
           phi(1.0-1.8): 8.9530   phi(1.8-4.0):  7.973   phi(4.0-20):  6.940   phi(20--):  0.000     Ion pht flx:1.000E+09
           I(gam ray):   0.0000   phi(gam r):   0.0000   I(Infred):  -1.0903   Alf(ox):   0.0000     Total inten:  -0.2230
           U(1.0----):3.336E-14   U(4.0----):2.905E-16   T(En-Den):7.167E+00   T(Comp):2.398E+04     nuJnu(912A):1.635E-01
           Occ(FarIR):0.000E+00   Occ(H n=6):1.363E-13   Occ(1Ryd):7.517E-18   Occ(4R):3.003E-22     Occ (Nu-hi):0.000E+00
           Tbr(FarIR):0.000E+00   Tbr(H n=6):5.975E-10   Tbr(1Ryd):1.188E-12   Tbr(4R):1.898E-16     Tbr (Nu-hi):0.000E+00
  
                                                  Gas Phase Chemical Composition
        H :  0.0000  He: -1.0701  Li:-10.9508  Be:-10.6198  B : -9.3002  C : -3.5702  N : -4.1701  O : -3.3098  F : -7.4401
        Ne: -4.0701  Na: -5.7595  Mg: -4.4001  Al: -5.5498  Si: -4.4895  P : -6.5901  S : -4.8794  Cl: -6.5003  Ar: -5.6003
        K : -6.9706  Ca: -5.6596  Sc: -8.8508  Ti: -7.0501  V : -8.0701  Cr: -6.3595  Mn: -6.5702  Fe: -4.5003  Co: -7.0101
                                               Ni: -5.7799  Cu: -7.8097  Zn: -7.4401
 
 ####  1  Te:3.704E+02 Hden:1.000E+12 Ne:1.859E+07 R:1.000E+30 R-R0:3.216E+00 dR:6.431E+00 NTR: 38 Htot:1.685E-08 T912: 3.88e-05###
 Hydrogen      9.55e-01 2.83e-08 H+o/Hden 9.55e-01 3.72e-12 H-    H2 2.27e-02 1.19e-13 H2+ HeH+ 4.13e-16 Ho+ ColD 6.14e+12 1.82e+05
 Helium        1.00e+00 6.35e-10 5.17e-19 HeI 2s3S 6.50e-12 Comp H,C 1.20e-22 1.85e-24 Fill Fac 1.00e+00 Gam1/tot 1.00e+00
 He singlet n  1.00e+00 3.38e-14 6.18e-19 4.48e-20 2.84e-19 1.46e-20 He tripl 6.50e-12 3.53e-19 3.51e-21 3.48e-20 3.44e-20
 Pressure      NgasTgas 3.94e+14 P(total) 5.44e-02 P( gas ) 5.44e-02 P(Radtn) 0.00e+00 Rad accl 2.40e-05 ForceMul 2.21e+11
 Texc(La)      3.18e+03 T(I con) 7.17e+00 T(D con) 3.13e-01 T(U tot) 7.17e+00 nT (c+d) 1.81e+06 Prad/Gas 0.00e+00 Pmag/Gas 0.00e+00
 Molecules     CH/Ctot: 7.24e-08 CH+/Ctot 4.98e-14 CO/Ctot: 9.99e-01 CO+/Ctot 1.82e-12 H2O/Otot 4.37e-04 OH/Ototl 1.32e-04
 Lithium       1.00e+00 3.53e-04 3.75e-18 0.00e+00 Berylliu 1.00e+00 1.22e-04 1.99e-11 0.00e+00 0.00e+00 sec ion: 3.99e-14
 Boron         9.99e-01 1.07e-03 8.33e-15 0.00e+00 0.00e+00 0.00e+00
 Carbon        5.24e-04 8.43e-07 9.70e-17 0.00e+00 0.00e+00 0.00e+00 0.00e+00 H2O+/O   1.58e-08 OH+/Otot 1.06e-08 Hex(tot) 0.00e+00
 Nitrogen      1.72e-02 1.35e-09 0.00e+00 0.00e+00 0.00e+00 0.00e+00 0.00e+00 0.00e+00 O2/Ototl 4.61e-03 O2+/Otot 8.25e-08
 Oxygen        4.26e-01 6.36e-09 0.00e+00 0.00e+00 0.00e+00 0.00e+00 0.00e+00 0.00e+00 0.00e+00
 Fluorine      1.00e+00 1.97e-05 6.78e-13 0.00e+00 0.00e+00 0.00e+00 0.00e+00 0.00e+00 0.00e+00 0.00e+00
 Neon          1.00e+00 2.95e-06 5.47e-14 0.00e+00 0.00e+00 0.00e+00 0.00e+00 0.00e+00 0.00e+00 0.00e+00 0.00e+00
 Sodium        9.98e-01 1.60e-03 1.86e-10 0.00e+00 0.00e+00 0.00e+00 0.00e+00 0.00e+00 0.00e+00 0.00e+00 0.00e+00 0.00e+00
 Magnesium     9.93e-01 6.55e-03 4.83e-10 0.00e+00 0.00e+00 0.00e+00 0.00e+00 0.00e+00 0.00e+00 0.00e+00 0.00e+00 0.00e+00 0.00e+00
 Aluminium  0  6.17e-01 3.83e-01 3.12e-09 0.00e+00 0.00e+00 0.00e+00 0.00e+00 0.00e+00 0.00e+00 0.00e+00 0.00e+00 0.00e+00 0.00e+00
 Silicon    0  8.11e-01 7.58e-05 4.36e-16 0.00e+00 0.00e+00 0.00e+00 0.00e+00 0.00e+00 0.00e+00 0.00e+00 0.00e+00 0.00e+00 0.00e+00
 Phosphorus 0  8.92e-01 1.08e-01 6.78e-09 0.00e+00 0.00e+00 0.00e+00 0.00e+00 0.00e+00 0.00e+00 0.00e+00 0.00e+00 0.00e+00 0.00e+00
 Sulphur    0  8.80e-01 9.32e-06 8.74e-17 0.00e+00 0.00e+00 0.00e+00 0.00e+00 0.00e+00 0.00e+00 0.00e+00 0.00e+00 0.00e+00 0.00e+00
 Chlorine   0  9.69e-01 1.22e-06 2.16e-14 0.00e+00 0.00e+00 0.00e+00 0.00e+00 0.00e+00 0.00e+00 0.00e+00 0.00e+00 0.00e+00 0.00e+00
 Argon      0  1.00e+00 9.00e-10 5.85e-19 0.00e+00 0.00e+00 0.00e+00 0.00e+00 0.00e+00 0.00e+00 0.00e+00 0.00e+00 0.00e+00 0.00e+00
 Potassium  0  1.00e+00 3.88e-04 9.84e-10 0.00e+00 0.00e+00 0.00e+00 0.00e+00 0.00e+00 0.00e+00 0.00e+00 0.00e+00 0.00e+00 0.00e+00
 Calcium    0  1.00e+00 4.15e-04 4.50e-08 0.00e+00 0.00e+00 0.00e+00 0.00e+00 0.00e+00 0.00e+00 0.00e+00 0.00e+00 0.00e+00 0.00e+00
 Scandium   0  1.00e+00 4.52e-04 7.98e-08 0.00e+00 0.00e+00 0.00e+00 0.00e+00 0.00e+00 0.00e+00 0.00e+00 0.00e+00 0.00e+00 0.00e+00
 Titanium   0  6.16e-01 3.84e-01 3.66e-07 0.00e+00 0.00e+00 0.00e+00 0.00e+00 0.00e+00 0.00e+00 0.00e+00 0.00e+00 0.00e+00 0.00e+00
 Vanadium   0  1.00e+00 1.34e-04 2.99e-09 0.00e+00 0.00e+00 0.00e+00 0.00e+00 0.00e+00 0.00e+00 0.00e+00 0.00e+00 0.00e+00 0.00e+00
 Chromium   0  9.99e-01 8.48e-04 7.64e-13 0.00e+00 0.00e+00 0.00e+00 0.00e+00 0.00e+00 0.00e+00 0.00e+00 0.00e+00 0.00e+00 0.00e+00
 Manganese  0  6.24e-01 3.76e-01 3.57e-12 0.00e+00 0.00e+00 0.00e+00 0.00e+00 0.00e+00 0.00e+00 0.00e+00 0.00e+00 0.00e+00 0.00e+00
 Iron       0  4.81e-01 5.19e-01 9.86e-13 0.00e+00 0.00e+00 0.00e+00 0.00e+00 0.00e+00 0.00e+00 0.00e+00 0.00e+00 0.00e+00 0.00e+00
 Cobalt     0  1.00e+00 6.35e-05 6.69e-15 0.00e+00 0.00e+00 0.00e+00 0.00e+00 0.00e+00 0.00e+00 0.00e+00 0.00e+00 0.00e+00 0.00e+00
 Nickel     0  6.54e-01 3.46e-01 3.02e-12 0.00e+00 0.00e+00 0.00e+00 0.00e+00 0.00e+00 0.00e+00 0.00e+00 0.00e+00 0.00e+00 0.00e+00
 Copper     0  1.00e+00 2.99e-04 1.55e-10 0.00e+00 0.00e+00 0.00e+00 0.00e+00 0.00e+00 0.00e+00 0.00e+00 0.00e+00 0.00e+00 0.00e+00
 Zinc       0  1.00e+00 5.36e-05 3.13e-11 0.00e+00 0.00e+00 0.00e+00 0.00e+00 0.00e+00 0.00e+00 0.00e+00 0.00e+00 0.00e+00 0.00e+00
                                                                             
   Calculation stopped because lowest Te reached. Iteration 3 of 3
   The geometry is plane-parallel.
 C-Continuum zero at some energies.
  !Continuum fluorescent production of H-beta was very important.
  !H2 vib deexec heating reached 10.19% of the local heating.
  !Charge transfer ionization of H reached 51.4% of the local H ionization rate.
  !The largest plasma frequency was 2.99e-06 Ryd = 3.05e+04 micron  The continuum is set to 0 below this.
  !AGE: Cloud age was not set.  Longest timescale was 1.26e+07 s = 4.80e+00 months.
  !The excitation temp of Lya exceeded the electron temp, largest value was 3.18e+03K (gas temp there was 3.70e+02K, zone   1)
  !The CMB was not included.  This is added with the CMB command.
  !The fraction of N  in N2 reached 98.2% at some point in the cloud.
  !The fraction of C  in CO reached 99.9% at some point in the cloud.
  !The fraction of Si in SiO reached 18.9% at some point in the cloud.
  !The fraction of S  in SO reached 12.0% at some point in the cloud.
   Te-ne bounds of Case B lookup table exceeded, H I Case B line intensities set to zero.
   Te-ne bounds of Case B lookup table exceeded, He II Case B line intensities set to zero.
   The density is too low to l-mix the lowest He I collapsed level.  More resolved levels are needed for accurate line ratios.
   Grains were not present but might survive in this environment (energy density temperature was 7.17e+00K)
   The local H2 photodissociation heating rate reached 1.6% of the total heating.
   Global H2 photodissociation heating of gas was 1.6% of the total heating.
   The fraction of H  in H2 reached 4.53% at some point in the cloud.
   The fraction of N  in NO reached 0.103% at some point in the cloud.
   The fraction of O  in O2 reached 0.921% at some point in the cloud.
   The fraction of Cl in HCl reached 3.14% at some point in the cloud.

                       *********************************> Cloudy 13.03 <**********************************
                       * c                                                                               *
                       * phi(h) 9.000000 LOG range -0.000232 6.866524                                    *
                       * grid from 8 to 23 in 1 dex steps                                                *
                       * HDEN=12.000000 LOG                                                              *
                       * grid from 0 to 12 in 1 dex steps                                                *
                       * set pres ionize 1e5                                                             *
                       * c                                                                               *
                       * c                                                                               *
                       * table star "inst_padova_agbtrack_z.mod" age 6.7                                 *
                       * c                                                                               *
                       * c                                                                               *
                       * abundances GASS10                                                               *
                       * c                                                                               *
                       * c                                                                               *
                       * iterate to convergence max = 7                                                  *
                       * stop column density = 23                                                        *
                       * c                                                                               *
                       * c                                                                               *
                       * print last                                                                      *
                       * set save prefix "padova_inst_5"                                                 *
                       * save grid ".grd" last no hash                                                   *
                       * save linelist "emissionlines_abs.txt" "LineList_HII.dat" absolute last no hash    *
                       *********************************> Log(U):-13.48 <*********************************
                       >>>>>>>>>> Cautions are present.

                     Emission Line Spectrum.   Constant  Density Model.    Open geometry.  Iteration 3 of 3.
                                                     Intensity (erg/s/cm^2).


                                                   Intrinsic line intensities
 general properties..........      nInu  8079A  -1.4931720136.6      H2O  94.68m -10.130   0.0040      OH   84.57m  -9.652   0.0119            
 TOTL  4861A  -7.729   1.0000      nInu  6210A  -1.2702875385.2      H2O  99.47m  -9.378   0.0224      OH   84.40m  -9.518   0.0162            
 TOTL  1216A  -5.140 387.6078      nInu  4885A  -1.0764493873.0      H2O  100.9m  -9.907   0.0066      OH   84.40m  -9.649   0.0120            
 Inci     0   -0.223*********      nInu  3704A  -0.9226403527.5      H2O  45.10m  -9.224   0.0320      OH   98.71m -10.205   0.0033            
 TotH     0   -6.965   5.8018      nFnu  3588A  -9.862   0.0074      H2O  47.96m  -8.753   0.0945      OH   48.80m -10.675   0.0011            
 TotC     0   -6.964   5.8190      nInu  3588A  -0.8946840970.5      H2O  25.93m -10.448   0.0019      OH   98.71m -10.013   0.0052            
 BFH1     0   -7.058   4.6851      nInu  2430A  -0.614*********      H2O  43.88m  -8.528   0.1587      OH   48.80m -10.520   0.0016            
 Line     0   -9.722   0.0101      nInu  2392A  -0.607*********      H2O  39.36m  -8.437   0.1958      OH   98.70m -10.205   0.0033            
 BFHe     0   -8.495   0.1712      nFnu  2071A -10.683   0.0011      H2O  134.9m -10.348   0.0024      OH   48.69m -10.685   0.0011            
 TotM     0   -8.979   0.0562      nInu  2071A  -0.507*********      H2O  54.49m -10.440   0.0019      OH   98.70m -10.013   0.0052            
 CT C     0  -10.668   0.0012      nFnu  2053A -10.674   0.0011      H2O  160.5m -10.579   0.0014      OH   48.69m -10.530   0.0016            
 H2O      0   -7.319   2.5690      nInu  2053A  -0.511*********      H2O  47.41m -10.673   0.0011      SiO  690.4m -10.667   0.0012            
 H2O      0   -7.804   0.8409      nFnu  1793A -10.559   0.0015      H2O  98.47m -10.129   0.0040      SiO  627.7m -10.487   0.0017            
 OH       0   -8.709   0.1046      nInu  1793A  -0.419*********      H2O  75.89m -10.178   0.0036      SiO  575.4m -10.328   0.0025            
 HCN      0  -10.715   0.0010      nFnu  1585A -10.470   0.0018      H2O  82.01m  -9.146   0.0383      SiO  531.2m -10.186   0.0035            
 HCl      0  -10.575   0.0014      nInu  1585A  -0.452*********      H2O  65.15m  -9.128   0.0398      SiO  493.3m -10.059   0.0047            
 SO       0   -9.719   0.0102      nFnu  1458A -10.408   0.0021      H2O  30.89m  -9.401   0.0213      SiO  460.4m  -9.946   0.0061            
 SiO      0   -7.994   0.5433      nInu  1458A  -0.322*********      H2O  49.38m  -8.920   0.0644      SiO  431.7m  -9.845   0.0076            
 CO       0   -8.392   0.2172      nFnu  1357A -10.340   0.0024      H2O  27.98m  -9.661   0.0117      SiO  406.3m  -9.755   0.0094            
 13CO     0   -9.908   0.0066      nInu  1357A  -0.257*********      H2O  40.33m  -8.648   0.1204      SiO  383.8m  -9.675   0.0113            
 continua....................      nFnu  1297A -10.243   0.0031      H2O  22.61m -10.428   0.0020      SiO  363.6m  -9.604   0.0133            
 Bac   3646A  -9.193   0.0343      nInu  1297A  -0.281*********      H2O  35.93m  -8.550   0.1507      SiO  345.5m  -9.542   0.0154            
 nFnu  3645A  -9.189   0.0346      nFnu  1263A  -9.967   0.0058      H2O  33.00m  -8.578   0.1414      SiO  329.1m  -9.488   0.0174            
 cout  3646A  -9.494   0.0172      nInu  1263A  -0.257*********      H2O  94.62m -10.023   0.0051      SiO  314.1m  -9.440   0.0194            
 cref  3646A  -9.494   0.0172      nFnu  1218A  -7.419   2.0380      H2O  104.1m -10.132   0.0039      SiO  300.5m  -9.400   0.0213            
 thin  3646A  -9.193   0.0343      nInu  1218A  -0.367*********      H2O  92.79m -10.135   0.0039      SiO  288.0m  -9.367   0.0230            
 Inci  4860A  -1.0914344420.0      nFnu  1196A  -9.301   0.0268      H2O  75.81m -10.159   0.0037      SiO  276.6m  -9.339   0.0245            
 Inci  1215A  -0.365*********      nInu  1196A  -0.306*********      H2O  63.90m -10.413   0.0021      SiO  266.0m  -9.318   0.0258            
 FIR  83.00m  -2.436196288.55      nFnu  1175A -10.081   0.0044      H2O  71.93m  -9.075   0.0451      SiO  256.1m  -9.302   0.0267            
 TIR   1800m  -4.738 977.8304      nInu  1175A  -0.414*********      H2O  66.07m  -9.326   0.0253      SiO  247.0m  -9.291   0.0274            
 NIRa 2.850m  -1.6371235039.4      nFnu  1144A -10.296   0.0027      H2O  29.83m  -9.409   0.0209      SiO  238.6m  -9.286   0.0277            
 NIRb 3.000m  -1.988550005.94      nInu  1144A  -0.208*********      H2O  74.92m -10.082   0.0044      SiO  230.6m  -9.286   0.0277            
 MIRa 15.00m  -2.91265542.180      nFnu  1113A -10.428   0.0020      H2O  34.54m  -9.030   0.0499      SiO  223.2m  -9.291   0.0274            
 MIRb 22.50m  -2.725100749.87      nInu  1113A  -0.261*********      H2O  20.66m -10.364   0.0023      SiO  216.3m  -9.300   0.0268            
 NMIR 21.75m  -1.6371235039.4      nFnu  1103A -10.431   0.0020      H2O  35.42m  -8.782   0.0884      SiO  209.8m  -9.314   0.0260            
 TFIR 611.2m  -2.94860372.531      nInu  1103A  -0.196*********      H2O  19.72m -10.371   0.0023      SiO  203.6m  -9.332   0.0249            
 TALL 10000A  -0.223*********      nFnu  1074A -10.471   0.0018      H2O  32.98m  -8.722   0.1014      SiO  197.9m  -9.355   0.0236            
 F12  12.00m  -3.41420636.783      nInu  1074A  -0.223*********      H2O  30.52m  -8.771   0.0907      SiO  192.4m  -9.382   0.0222            
 F25  25.00m  -3.29327272.654      nFnu  1064A -10.475   0.0018      H2O  84.74m -10.077   0.0045      SiO  187.2m  -9.413   0.0207            
 F60  60.00m  -2.83578240.734      nInu  1064A  -0.213*********      H2O  127.8m -10.592   0.0014      SiO  182.4m  -9.448   0.0191            
 F100 100.0m  -3.02350827.801      nFnu  1036A -10.484   0.0018      H2O  44.04m -10.459   0.0019      SiO  177.7m  -9.487   0.0175            
 MIPS 24.00m  -3.60713227.181      nInu  1036A  -0.251*********      H2O  112.5m -10.602   0.0013      SiO  173.3m  -9.529   0.0158            
 MIPS 70.00m  -3.19334363.180      nFnu  1000A -10.461   0.0019      H2O  77.74m -10.345   0.0024      CO   371.5m -10.634   0.0012            
 MIPS 160.0m  -3.41820462.207      nInu  1000A  -0.253*********      H2O  63.94m -10.451   0.0019      CO   325.1m -10.397   0.0021            
 IRAC 3.600m  -3.47817817.047      nFnu 925.1A -10.424   0.0020      H2O  63.31m  -9.055   0.0472      CO   289.0m -10.201   0.0034            
 IRAC 4.500m  -3.68111159.500      nInu 925.1A  -0.418*********      H2O  55.12m  -9.205   0.0334      CO   260.2m -10.040   0.0049            
 IRAC 5.800m  -3.7619282.8643      nFnu 897.8A -10.246   0.0030      H2O  23.81m  -9.560   0.0147      CO   236.5m  -9.906   0.0067            
 IRAC 8.000m  -3.65311907.635      nInu 897.8A  -1.1663649107.8      H2O  44.69m  -9.239   0.0309      CO   216.9m  -9.797   0.0085            
 SPR1 250.0m  -3.8407743.9399      nFnu 760.0A -10.384   0.0022      H2O  23.89m  -9.523   0.0161      CO   200.2m  -9.710   0.0104            
 SPR2 350.0m  -4.2762837.5706      nInu 760.0A  -1.2503009426.0      H2O  35.66m  -9.094   0.0432      CO   185.9m  -9.643   0.0122            
 SPR3 500.0m  -4.6641161.5411      nFnu 701.5A -10.429   0.0020      H2O  21.15m -10.045   0.0048      CO   173.6m  -9.593   0.0137            
 PAC1 70.00m  -3.13039658.469      nInu 701.5A  -1.4092086565.1      H2O  30.86m  -8.962   0.0585      CO   162.8m  -9.559   0.0148            
 PAC2 100.0m  -3.01851413.453      nInu 608.2A  -1.6041332082.2      H2O  70.68m -10.075   0.0045      CO   153.2m  -9.541   0.0154            
 PAC3 160.0m  -3.16136979.809      nInu 575.1A  -1.5701441598.1      H2O  82.95m -10.289   0.0028      CO   144.7m  -9.537   0.0155            
 PAH  3.300m  -4.2782825.0498      nInu 511.9A  -1.745962567.81      H2O  85.75m -10.466   0.0018      CO   137.2m  -9.547   0.0152            
 PAHC 3.230m  -4.5351560.8358      nInu 496.9A  -2.258295562.03      H2O  75.47m -10.526   0.0016      CO   130.3m  -9.569   0.0144            
 PAHC 3.370m  -4.6131305.5621      nInu 399.2A  -2.170362341.19      H2O  56.80m  -9.111   0.0415      CO   124.2m  -9.603   0.0134            
 PAH  6.200m  -4.2632922.9160      RRC.........................      H2O  51.67m  -9.347   0.0241      CO   118.5m  -9.649   0.0120            
 PAHC 5.650m  -4.2073325.5344      H  1 911.8A -10.310   0.0026      H2O  21.84m  -9.764   0.0092      CO   113.4m  -9.706   0.0105            
 PAH  7.900m  -4.1094167.5806      grains......................      H2O  51.06m  -9.771   0.0091      CO   108.7m  -9.773   0.0090            
 PAHC 6.900m  -4.0334965.9517      H-like iso-sequence.........      H2O  62.91m -10.204   0.0033      CO   104.4m  -9.852   0.0075            
 PAH  11.30m  -4.6261266.9781      Hlin 912.0A  -9.820   0.0081      H2O  81.38m -10.570   0.0014      CO   100.4m  -9.940   0.0061            
 PAHC 10.90m  -4.6201283.7063      Hrst 960.0A -10.690   0.0011      H2O  51.43m  -9.221   0.0322      CO   96.75m -10.038   0.0049            
 PAH  11.80m  -4.3922172.6445      Hrst     0   -9.886   0.0070      H2O  55.82m -10.367   0.0023      CO   93.32m -10.146   0.0038            
 PAHC 12.65m  -4.4012127.8420      Q(H)  4861A  -3.32325431.566      H2O  47.03m  -9.390   0.0218      CO   90.14m -10.263   0.0029            
 PAH  13.30m  -4.3512387.8618      Q(H)  1216A  -1.787874857.62      H2O  28.58m  -8.899   0.0675      CO   87.17m -10.389   0.0022            
 PAHC 14.10m  -4.3602337.5569      H  1  1216A  -5.140 387.6078      H2O  25.16m  -9.555   0.0149      CO   84.39m -10.525   0.0016            
 Bcon  3640A  -0.312*********      H  1  1026A  -5.779  88.9973      H2O  28.23m  -9.324   0.0254      CO   81.78m -10.669   0.0011            
 Pcon  5000A  -1.2193231744.0      H  1 972.5A  -6.424  20.1729      H2O  46.60m  -9.469   0.0182      level 1 lines...............            
 HFFc     0   -7.777   0.8955      H  1 949.7A  -6.620  12.8389      H2O  101.0m -10.058   0.0047      O  1 63.17m  -9.062   0.0464            
 MeFB     0   -9.515   0.0163      H  1 937.8A  -7.005   5.2933      H2O  138.5m -10.379   0.0022      O  1 145.5m -10.725   0.0010            
 MeFF     0  -10.181   0.0035      H  1 930.8A  -7.382   2.2233      H2O  89.96m  -9.850   0.0076      Na 1  5892A -10.474   0.0018            
 ToFF     0  -10.180   0.0035      H  1 926.2A  -7.678   1.1232      H2O  67.07m  -9.316   0.0258      Mg 1  2853A  -8.687   0.1102            
 nInu 2.003c  -9.071   0.0455      H  1 923.2A  -7.907   0.6631      H2O  125.3m -10.222   0.0032      Mg 1  2026A  -9.745   0.0096            
 nInu 1.335c  -8.537   0.1556      H  1 921.0A  -8.197   0.3399      H2O  57.62m  -9.702   0.0106      Si 1 68.40m -10.090   0.0044            
 nInu  9993m  -8.159   0.3712      H  1  6563A  -7.167   3.6464      H2O  56.31m  -9.225   0.0319      Si 1  2518A  -9.700   0.0107            
 nInu  6917m  -7.684   1.1096      H  1  4861A  -7.729   1.0000      H2O  49.27m  -8.976   0.0565      Si 1  2215A -10.306   0.0026            
 nFnu 122.4m  -8.598   0.1351      H  1  4340A  -7.880   0.7061      H2O  95.86m -10.626   0.0013      S  1 25.19m  -9.039   0.0489            
 nInu 122.4m  -2.607132449.27      H  1  4102A  -8.091   0.4341      H2O  95.60m  -9.782   0.0088      Cl 1 11.33m -10.165   0.0037            
 nFnu 60.83m  -8.293   0.2725      H  1  3970A  -8.334   0.2479      H2O  71.05m  -9.630   0.0125      Ca 1  4228A  -9.933   0.0063            
 nInu 60.83m  -2.654118788.41      H  1  3889A  -8.573   0.1431      H2O  35.46m  -9.977   0.0056      Fe 1 24.04m  -8.581   0.1403            
 nFnu 41.22m  -8.176   0.3570      H  1  3835A  -8.783   0.0883      H2O  53.12m  -9.298   0.0269      Fe 1 34.70m  -9.567   0.0145            
 nInu 41.22m  -2.76691799.328      H  1  3798A  -9.066   0.0460      H2O  29.88m -10.484   0.0018      Fe 1  3021A -10.202   0.0034            
 nFnu 30.87m  -8.127   0.3997      H  1 1.875m  -8.291   0.2737      H2O  44.18m  -9.014   0.0519      Fe 1  2966A -10.663   0.0012            
 nInu 30.87m  -2.86672942.320      H  1 1.282m  -8.475   0.1794      H2O  39.37m  -8.914   0.0653      Fe2c     0   -8.557   0.1485            
 nFnu 24.78m  -8.120   0.4065      H  1 1.094m  -8.642   0.1220      H2O  111.6m -10.570   0.0014      Fe 2  2400A  -9.558   0.0148            
 nInu 24.78m  -2.94361076.926      H  1 1.005m  -8.864   0.0732      H2O  113.9m -10.593   0.0014      Fe 2 25.98m  -8.623   0.1277            
 nFnu 24.30m  -8.120   0.4057      H  1  9546A  -9.095   0.0431      H2O  94.18m -10.537   0.0016      Fe 2 35.34m  -9.477   0.0179            
 nInu 24.30m  -2.95060098.871      H  1  9229A  -9.301   0.0268      H2O  75.76m -10.652   0.0012      Fe 2 51.29m -10.475   0.0018            
 nFnu 22.83m  -8.125   0.4018      H  1  9015A  -9.583   0.0140      H2O  83.26m  -9.650   0.0120      Fe 2  1786A  -9.004   0.0530            
 nInu 22.83m  -2.97157258.426      H  1 4.051m  -8.841   0.0772      H2O  78.91m  -9.988   0.0055      Ni 1 7.505m -10.300   0.0027            
 nFnu 21.42m  -8.132   0.3948      H  1 2.625m  -9.019   0.0513      H2O  36.20m  -9.770   0.0091      recombination...............            
 nInu 21.42m  -2.99454332.332      H  1 2.166m  -9.240   0.0308      H2O  40.75m  -9.328   0.0252      level2 lines................            
 nFnu 21.12m  -8.135   0.3927      H  1 1.945m  -9.468   0.0182      H2O  39.39m  -9.097   0.0428      O  1 867.3A -10.280   0.0028            
 nInu 21.12m  -2.99953678.656      H  1 1.817m  -9.672   0.0114      H2O  35.89m  -9.026   0.0504      O  1 787.5A -10.591   0.0014            
 nFnu 19.62m  -8.147   0.3812      H  1 1.736m  -9.953   0.0060      H2O  103.9m -10.630   0.0013      O  1 976.8A  -9.798   0.0085            
 nInu 19.62m  -3.02250881.023      H  1 7.458m  -9.329   0.0251      H2O  76.40m -10.648   0.0012      O  1 969.0A -10.055   0.0047            
 nFnu 17.65m  -8.176   0.3568      H  1 4.653m  -9.539   0.0155      H2O  71.52m  -9.542   0.0154      O  1 946.4A -10.459   0.0019            
 nInu 17.65m  -3.05247446.312      H  1 3.740m  -9.762   0.0093      H2O  59.97m  -9.621   0.0128      O  1 934.5A -10.718   0.0010            
 nFnu 17.37m  -8.181   0.3529      H  1 3.296m  -9.964   0.0058      H2O  27.02m  -9.908   0.0066      Ne 1 688.6A -10.727   0.0010            
 nInu 17.37m  -3.05746996.273      H  1 3.038m -10.243   0.0031      H2O  81.19m -10.494   0.0017      Mg 1  1817A -10.374   0.0023            
 nFnu 15.69m  -8.218   0.3238      H  1 12.37m  -9.811   0.0083      H2O  57.69m  -9.762   0.0093      Al 1  1776A -10.285   0.0028            
 nInu 15.69m  -3.08444103.254      H  1 7.500m -10.012   0.0052      H2O  72.01m -10.578   0.0014      Al 2  1671A -10.122   0.0040            
 nFnu 14.60m  -8.251   0.3003      H  1 5.907m -10.207   0.0033      H2O  37.56m  -9.313   0.0261      Si 1  1261A  -9.523   0.0161            
 nInu 14.60m  -3.10442184.605      H  1 5.127m -10.484   0.0018      H2O  21.88m -10.654   0.0012      Si 1  1853A  -9.595   0.0136            
 nFnu 12.43m  -8.351   0.2389      H  1 19.06m -10.252   0.0030      H2O  33.12m  -9.204   0.0335      Si 1  1694A  -9.792   0.0086            
 nInu 12.43m  -3.14937986.105      H  1 11.31m -10.422   0.0020      H2O  33.00m  -9.054   0.0473      Si 1  1626A -10.072   0.0045            
 nFnu 11.40m  -8.416   0.2056      H  1 8.758m -10.691   0.0011      H2O  25.98m  -9.984   0.0055      Si 1  1091A -10.095   0.0043            
 nInu 11.40m  -3.17335988.949      H  1 27.80m -10.637   0.0012      H2O  28.58m  -9.377   0.0225      Si 1  2000A -10.297   0.0027            
 nFnu 10.46m  -8.492   0.1726      He-like iso-sequence........      H2O  25.22m -10.041   0.0049      Si 1  1591A -10.316   0.0026            
 nInu 10.46m  -3.19634096.930      Hlin 506.0A  -9.709   0.0105      H2O  51.45m  -9.698   0.0107      Si 1  1668A -10.453   0.0019            
 nFnu 9.480m  -8.596   0.1357      He 1     0  -10.506   0.0017      H2O  60.15m -10.317   0.0026      Si 1  1570A -10.581   0.0014            
 nInu 9.480m  -3.21332793.117      He 1 584.3A  -7.719   1.0222      H2O  56.76m  -9.586   0.0139      Si 1  1616A -10.538   0.0016            
 nFnu 9.325m  -8.613   0.1305      He 1 537.0A  -8.505   0.1672      H2O  21.17m -10.233   0.0031      Si 1  1834A -10.538   0.0016            
 nInu 9.325m  -3.21432726.068      He 1 522.2A  -8.899   0.0676      H2O  21.83m -10.137   0.0039      S  1  1356A -10.121   0.0040            
 nFnu 8.210m  -8.779   0.0891      He 1 515.6A  -9.198   0.0339      H2O  47.02m  -9.960   0.0059      S  1  1227A -10.286   0.0028            
 nInu 8.210m  -3.21532666.098      He 1 512.1A  -9.437   0.0196      H2O  47.03m  -9.866   0.0073      S  1  1662A -10.380   0.0022            
 nFnu 7.580m  -8.898   0.0677      Pho+  3889A  -8.668   0.1149      H2O  30.52m  -9.247   0.0303      Ar 1  1096A -10.462   0.0018            
 nInu 7.580m  -3.20833128.879      database lines..............      H2O  29.36m  -9.748   0.0096      Fe 1  2485A  -9.458   0.0187            
 nFnu 7.050m  -9.014   0.0518      H2O  179.5m -10.405   0.0021      H2O  31.73m  -9.496   0.0171      Fe 1  2527A  -9.800   0.0085            
 nInu 7.050m  -3.19933849.762      H2O  108.0m  -9.616   0.0130      H2O  30.46m  -9.422   0.0203      Fe 1  2181A -10.086   0.0044            
 nFnu 4.114m -10.363   0.0023      H2O  174.6m -10.388   0.0022      H2O  50.62m  -9.789   0.0087      Fe 1  2731A -10.240   0.0031            
 nInu 4.114m  -2.94960246.883      H2O  75.36m  -9.332   0.0249      H2O  42.85m  -9.919   0.0065      Fe 1  1851A -10.648   0.0012            
 nInu 2.324m  -2.456187478.33      H2O  113.5m  -9.552   0.0150      H2O  34.39m  -9.867   0.0073      Fe 1  2361A -10.685   0.0011            
 nInu 1.643m  -2.092433504.66      H2O  66.42m  -8.828   0.0795      H2O  62.41m -10.670   0.0011      Fe 1  2084A -10.711   0.0010            
 nFnu 1.480m  -6.510  16.5339      H2O  136.5m -10.415   0.0021      H2O  63.44m  -9.535   0.0156      hyperfine structure.........            
 nInu 1.480m  -2.012520953.09      H2O  78.72m  -9.228   0.0317      OH   119.4m -10.348   0.0024      inner shell.................            
 nFnu 1.436m  -6.663  11.6286      H2O  132.4m -10.231   0.0031      OH   119.4m -10.156   0.0037      molecules...................            
 nInu 1.436m  -1.963582403.75      H2O  40.68m  -9.807   0.0084      OH   119.2m -10.345   0.0024      H2dH     0   -8.751   0.0949            
 nFnu 1.119m  -9.098   0.0428      H2O  58.68m  -8.787   0.0873      OH   119.2m -10.153   0.0038      H2vH     0   -7.957   0.5910            
 nInu 1.119m  -1.760930543.06      H2O  31.76m -10.617   0.0013      OH   53.34m -10.655   0.0012      H-FB     0   -8.430   0.1990            
 nInu  8330A  -1.5431534450.6      H2O  49.32m  -8.501   0.1689      OH   53.25m -10.662   0.0012      H-FF     0   -7.778   0.8920            
 nFnu  8079A -10.185   0.0035      H2O  121.7m -10.153   0.0038      OH   84.57m  -9.521   0.0161      COdh     0  -10.316   0.0026            

                                                    Emergent line intensities
 general properties..........      nFnu  1585A -10.470   0.0018      H2O  160.5m -10.579   0.0014      OH   98.71m -10.205   0.0033            
 TOTL  4861A  -7.729   1.0000      nInu  1585A  -0.452*********      H2O  47.41m -10.673   0.0011      OH   48.80m -10.675   0.0011            
 TOTL  1216A  -5.140 387.6077      nFnu  1458A -10.408   0.0021      H2O  98.47m -10.129   0.0040      OH   98.71m -10.013   0.0052            
 continua....................      nInu  1458A  -0.322*********      H2O  75.89m -10.178   0.0036      OH   48.80m -10.520   0.0016            
 Bac   3646A  -9.193   0.0343      nFnu  1357A -10.340   0.0024      H2O  82.01m  -9.146   0.0383      OH   98.70m -10.205   0.0033            
 nFnu  3645A  -9.189   0.0346      nInu  1357A  -0.257*********      H2O  65.15m  -9.128   0.0398      OH   48.69m -10.685   0.0011            
 cout  3646A  -9.494   0.0172      nFnu  1297A -10.243   0.0031      H2O  30.89m  -9.401   0.0213      OH   98.70m -10.013   0.0052            
 cref  3646A  -9.494   0.0172      nInu  1297A  -0.281*********      H2O  49.38m  -8.920   0.0644      OH   48.69m -10.530   0.0016            
 thin  3646A  -9.193   0.0343      nFnu  1263A  -9.967   0.0058      H2O  27.98m  -9.661   0.0117      SiO  690.4m -10.667   0.0012            
 Inci  4860A  -1.0914344420.0      nInu  1263A  -0.257*********      H2O  40.33m  -8.648   0.1204      SiO  627.7m -10.487   0.0017            
 Inci  1215A  -0.365*********      nFnu  1218A  -7.419   2.0380      H2O  22.61m -10.428   0.0020      SiO  575.4m -10.328   0.0025            
 FIR  83.00m  -2.436196288.55      nInu  1218A  -0.367*********      H2O  35.93m  -8.550   0.1507      SiO  531.2m -10.186   0.0035            
 TIR   1800m  -4.738 977.8304      nFnu  1196A  -9.301   0.0268      H2O  33.00m  -8.578   0.1414      SiO  493.3m -10.059   0.0047            
 NIRa 2.850m  -1.6371235039.4      nInu  1196A  -0.306*********      H2O  94.62m -10.023   0.0051      SiO  460.4m  -9.946   0.0061            
 NIRb 3.000m  -1.988550005.94      nFnu  1175A -10.081   0.0044      H2O  104.1m -10.132   0.0039      SiO  431.7m  -9.845   0.0076            
 MIRa 15.00m  -2.91265542.180      nInu  1175A  -0.414*********      H2O  92.79m -10.135   0.0039      SiO  406.3m  -9.755   0.0094            
 MIRb 22.50m  -2.725100749.87      nFnu  1144A -10.296   0.0027      H2O  75.81m -10.159   0.0037      SiO  383.8m  -9.675   0.0113            
 NMIR 21.75m  -1.6371235039.4      nInu  1144A  -0.208*********      H2O  63.90m -10.413   0.0021      SiO  363.6m  -9.604   0.0133            
 TFIR 611.2m  -2.94860372.531      nFnu  1113A -10.428   0.0020      H2O  71.93m  -9.075   0.0451      SiO  345.5m  -9.542   0.0154            
 TALL 10000A  -0.223*********      nInu  1113A  -0.261*********      H2O  66.07m  -9.326   0.0253      SiO  329.1m  -9.488   0.0174            
 F12  12.00m  -3.41420636.783      nFnu  1103A -10.431   0.0020      H2O  29.83m  -9.409   0.0209      SiO  314.1m  -9.440   0.0194            
 F25  25.00m  -3.29327272.654      nInu  1103A  -0.196*********      H2O  74.92m -10.082   0.0044      SiO  300.5m  -9.400   0.0213            
 F60  60.00m  -2.83578240.734      nFnu  1074A -10.471   0.0018      H2O  34.54m  -9.030   0.0499      SiO  288.0m  -9.367   0.0230            
 F100 100.0m  -3.02350827.801      nInu  1074A  -0.223*********      H2O  20.66m -10.364   0.0023      SiO  276.6m  -9.339   0.0245            
 MIPS 24.00m  -3.60713227.181      nFnu  1064A -10.475   0.0018      H2O  35.42m  -8.782   0.0884      SiO  266.0m  -9.318   0.0258            
 MIPS 70.00m  -3.19334363.180      nInu  1064A  -0.213*********      H2O  19.72m -10.371   0.0023      SiO  256.1m  -9.302   0.0267            
 MIPS 160.0m  -3.41820462.207      nFnu  1036A -10.484   0.0018      H2O  32.98m  -8.722   0.1014      SiO  247.0m  -9.291   0.0274            
 IRAC 3.600m  -3.47817817.047      nInu  1036A  -0.251*********      H2O  30.52m  -8.771   0.0907      SiO  238.6m  -9.286   0.0277            
 IRAC 4.500m  -3.68111159.500      nFnu  1000A -10.461   0.0019      H2O  84.74m -10.077   0.0045      SiO  230.6m  -9.286   0.0277            
 IRAC 5.800m  -3.7619282.8643      nInu  1000A  -0.253*********      H2O  127.8m -10.592   0.0014      SiO  223.2m  -9.291   0.0274            
 IRAC 8.000m  -3.65311907.635      nFnu 925.1A -10.424   0.0020      H2O  44.04m -10.459   0.0019      SiO  216.3m  -9.300   0.0268            
 SPR1 250.0m  -3.8407743.9399      nInu 925.1A  -0.418*********      H2O  112.5m -10.602   0.0013      SiO  209.8m  -9.314   0.0260            
 SPR2 350.0m  -4.2762837.5706      nFnu 897.8A -10.246   0.0030      H2O  77.74m -10.345   0.0024      SiO  203.6m  -9.332   0.0249            
 SPR3 500.0m  -4.6641161.5411      nInu 897.8A  -1.1663649107.8      H2O  63.94m -10.451   0.0019      SiO  197.9m  -9.355   0.0236            
 PAC1 70.00m  -3.13039658.469      nFnu 760.0A -10.384   0.0022      H2O  63.31m  -9.055   0.0472      SiO  192.4m  -9.382   0.0222            
 PAC2 100.0m  -3.01851413.453      nInu 760.0A  -1.2503009426.0      H2O  55.12m  -9.205   0.0334      SiO  187.2m  -9.413   0.0207            
 PAC3 160.0m  -3.16136979.809      nFnu 701.5A -10.429   0.0020      H2O  23.81m  -9.560   0.0147      SiO  182.4m  -9.448   0.0191            
 PAH  3.300m  -4.2782825.0498      nInu 701.5A  -1.4092086565.1      H2O  44.69m  -9.239   0.0309      SiO  177.7m  -9.487   0.0175            
 PAHC 3.230m  -4.5351560.8358      nInu 608.2A  -1.6041332082.2      H2O  23.89m  -9.523   0.0161      SiO  173.3m  -9.529   0.0158            
 PAHC 3.370m  -4.6131305.5621      nInu 575.1A  -1.5701441598.1      H2O  35.66m  -9.094   0.0432      CO   371.5m -10.634   0.0012            
 PAH  6.200m  -4.2632922.9160      nInu 511.9A  -1.745962567.81      H2O  21.15m -10.045   0.0048      CO   325.1m -10.397   0.0021            
 PAHC 5.650m  -4.2073325.5344      nInu 496.9A  -2.258295562.03      H2O  30.86m  -8.962   0.0585      CO   289.0m -10.201   0.0034            
 PAH  7.900m  -4.1094167.5806      nInu 399.2A  -2.170362341.19      H2O  70.68m -10.075   0.0045      CO   260.2m -10.040   0.0049            
 PAHC 6.900m  -4.0334965.9517      RRC.........................      H2O  82.95m -10.289   0.0028      CO   236.5m  -9.906   0.0067            
 PAH  11.30m  -4.6261266.9781      grains......................      H2O  85.75m -10.466   0.0018      CO   216.9m  -9.797   0.0085            
 PAHC 10.90m  -4.6201283.7063      H-like iso-sequence.........      H2O  75.47m -10.526   0.0016      CO   200.2m  -9.710   0.0104            
 PAH  11.80m  -4.3922172.6445      Hlin 912.0A  -9.820   0.0081      H2O  56.80m  -9.111   0.0415      CO   185.9m  -9.643   0.0122            
 PAHC 12.65m  -4.4012127.8420      Hrst 960.0A -10.690   0.0011      H2O  51.67m  -9.347   0.0241      CO   173.6m  -9.593   0.0137            
 PAH  13.30m  -4.3512387.8618      Q(H)  4861A  -3.32325431.566      H2O  21.84m  -9.764   0.0092      CO   162.8m  -9.559   0.0148            
 PAHC 14.10m  -4.3602337.5569      Q(H)  1216A  -1.787874857.62      H2O  51.06m  -9.771   0.0091      CO   153.2m  -9.541   0.0154            
 Bcon  3640A  -0.312*********      H  1  1216A  -5.140 387.6077      H2O  62.91m -10.204   0.0033      CO   144.7m  -9.537   0.0155            
 Pcon  5000A  -1.2193231744.0      H  1  1026A  -5.779  88.9972      H2O  81.38m -10.570   0.0014      CO   137.2m  -9.547   0.0152            
 nInu 2.003c  -9.071   0.0455      H  1 972.5A  -6.424  20.1729      H2O  51.43m  -9.221   0.0322      CO   130.3m  -9.569   0.0144            
 nInu 1.335c  -8.537   0.1556      H  1 949.7A  -6.620  12.8389      H2O  55.82m -10.367   0.0023      CO   124.2m  -9.603   0.0134            
 nInu  9993m  -8.159   0.3712      H  1 937.8A  -7.005   5.2933      H2O  47.03m  -9.390   0.0218      CO   118.5m  -9.649   0.0120            
 nInu  6917m  -7.684   1.1096      H  1 930.8A  -7.382   2.2233      H2O  28.58m  -8.899   0.0675      CO   113.4m  -9.706   0.0105            
 nFnu 122.4m  -8.598   0.1351      H  1 926.2A  -7.678   1.1232      H2O  25.16m  -9.555   0.0149      CO   108.7m  -9.773   0.0090            
 nInu 122.4m  -2.607132449.27      H  1 923.2A  -7.907   0.6631      H2O  28.23m  -9.324   0.0254      CO   104.4m  -9.852   0.0075            
 nFnu 60.83m  -8.293   0.2725      H  1 921.0A  -8.197   0.3399      H2O  46.60m  -9.469   0.0182      CO   100.4m  -9.940   0.0061            
 nInu 60.83m  -2.654118788.41      H  1  6563A  -7.167   3.6464      H2O  101.0m -10.058   0.0047      CO   96.75m -10.038   0.0049            
 nFnu 41.22m  -8.176   0.3570      H  1  4861A  -7.729   1.0000      H2O  138.5m -10.379   0.0022      CO   93.32m -10.146   0.0038            
 nInu 41.22m  -2.76691799.328      H  1  4340A  -7.880   0.7061      H2O  89.96m  -9.850   0.0076      CO   90.14m -10.263   0.0029            
 nFnu 30.87m  -8.127   0.3997      H  1  4102A  -8.091   0.4341      H2O  67.07m  -9.316   0.0258      CO   87.17m -10.389   0.0022            
 nInu 30.87m  -2.86672942.320      H  1  3970A  -8.334   0.2479      H2O  125.3m -10.222   0.0032      CO   84.39m -10.525   0.0016            
 nFnu 24.78m  -8.120   0.4065      H  1  3889A  -8.573   0.1431      H2O  57.62m  -9.702   0.0106      CO   81.78m -10.669   0.0011            
 nInu 24.78m  -2.94361076.926      H  1  3835A  -8.783   0.0883      H2O  56.31m  -9.225   0.0319      level 1 lines...............            
 nFnu 24.30m  -8.120   0.4057      H  1  3798A  -9.066   0.0460      H2O  49.27m  -8.976   0.0565      O  1 63.17m  -9.062   0.0464            
 nInu 24.30m  -2.95060098.871      H  1 1.875m  -8.291   0.2737      H2O  95.86m -10.626   0.0013      O  1 145.5m -10.725   0.0010            
 nFnu 22.83m  -8.125   0.4018      H  1 1.282m  -8.475   0.1794      H2O  95.60m  -9.782   0.0088      Na 1  5892A -10.474   0.0018            
 nInu 22.83m  -2.97157258.426      H  1 1.094m  -8.642   0.1220      H2O  71.05m  -9.630   0.0125      Mg 1  2853A  -8.687   0.1102            
 nFnu 21.42m  -8.132   0.3948      H  1 1.005m  -8.864   0.0732      H2O  35.46m  -9.977   0.0056      Mg 1  2026A  -9.745   0.0096            
 nInu 21.42m  -2.99454332.332      H  1  9546A  -9.095   0.0431      H2O  53.12m  -9.298   0.0269      Si 1 68.40m -10.090   0.0044            
 nFnu 21.12m  -8.135   0.3927      H  1  9229A  -9.301   0.0268      H2O  29.88m -10.484   0.0018      Si 1  2518A  -9.700   0.0107            
 nInu 21.12m  -2.99953678.656      H  1  9015A  -9.583   0.0140      H2O  44.18m  -9.014   0.0519      Si 1  2215A -10.306   0.0026            
 nFnu 19.62m  -8.147   0.3812      H  1 4.051m  -8.841   0.0772      H2O  39.37m  -8.914   0.0653      S  1 25.19m  -9.039   0.0489            
 nInu 19.62m  -3.02250881.023      H  1 2.625m  -9.019   0.0513      H2O  111.6m -10.570   0.0014      Cl 1 11.33m -10.165   0.0037            
 nFnu 17.65m  -8.176   0.3568      H  1 2.166m  -9.240   0.0308      H2O  113.9m -10.593   0.0014      Ca 1  4228A  -9.933   0.0063            
 nInu 17.65m  -3.05247446.312      H  1 1.945m  -9.468   0.0182      H2O  94.18m -10.537   0.0016      Fe 1 24.04m  -8.581   0.1403            
 nFnu 17.37m  -8.181   0.3529      H  1 1.817m  -9.672   0.0114      H2O  75.76m -10.652   0.0012      Fe 1 34.70m  -9.567   0.0145            
 nInu 17.37m  -3.05746996.273      H  1 1.736m  -9.953   0.0060      H2O  83.26m  -9.650   0.0120      Fe 1  3021A -10.202   0.0034            
 nFnu 15.69m  -8.218   0.3238      H  1 7.458m  -9.329   0.0251      H2O  78.91m  -9.988   0.0055      Fe 1  2966A -10.663   0.0012            
 nInu 15.69m  -3.08444103.254      H  1 4.653m  -9.539   0.0155      H2O  36.20m  -9.770   0.0091      Fe 2  2400A  -9.558   0.0148            
 nFnu 14.60m  -8.251   0.3003      H  1 3.740m  -9.762   0.0093      H2O  40.75m  -9.328   0.0252      Fe 2 25.98m  -8.623   0.1277            
 nInu 14.60m  -3.10442184.605      H  1 3.296m  -9.964   0.0058      H2O  39.39m  -9.097   0.0428      Fe 2 35.34m  -9.477   0.0179            
 nFnu 12.43m  -8.351   0.2389      H  1 3.038m -10.243   0.0031      H2O  35.89m  -9.026   0.0504      Fe 2 51.29m -10.475   0.0018            
 nInu 12.43m  -3.14937986.105      H  1 12.37m  -9.811   0.0083      H2O  103.9m -10.630   0.0013      Fe 2  1786A  -9.004   0.0530            
 nFnu 11.40m  -8.416   0.2056      H  1 7.500m -10.012   0.0052      H2O  76.40m -10.648   0.0012      Ni 1 7.505m -10.300   0.0027            
 nInu 11.40m  -3.17335988.949      H  1 5.907m -10.207   0.0033      H2O  71.52m  -9.542   0.0154      recombination...............            
 nFnu 10.46m  -8.492   0.1726      H  1 5.127m -10.484   0.0018      H2O  59.97m  -9.621   0.0128      level2 lines................            
 nInu 10.46m  -3.19634096.930      H  1 19.06m -10.252   0.0030      H2O  27.02m  -9.908   0.0066      O  1 867.3A -10.280   0.0028            
 nFnu 9.480m  -8.596   0.1357      H  1 11.31m -10.422   0.0020      H2O  81.19m -10.494   0.0017      O  1 787.5A -10.591   0.0014            
 nInu 9.480m  -3.21332793.117      H  1 8.758m -10.691   0.0011      H2O  57.69m  -9.762   0.0093      O  1 976.8A  -9.798   0.0085            
 nFnu 9.325m  -8.613   0.1305      H  1 27.80m -10.637   0.0012      H2O  72.01m -10.578   0.0014      O  1 969.0A -10.055   0.0047            
 nInu 9.325m  -3.21432726.068      He-like iso-sequence........      H2O  37.56m  -9.313   0.0261      O  1 946.4A -10.459   0.0019            
 nFnu 8.210m  -8.779   0.0891      Hlin 506.0A  -9.709   0.0105      H2O  21.88m -10.654   0.0012      O  1 934.5A -10.718   0.0010            
 nInu 8.210m  -3.21532666.098      He 1 584.3A  -7.719   1.0222      H2O  33.12m  -9.204   0.0335      Ne 1 688.6A -10.727   0.0010            
 nFnu 7.580m  -8.898   0.0677      He 1 537.0A  -8.505   0.1672      H2O  33.00m  -9.054   0.0473      Mg 1  1817A -10.374   0.0023            
 nInu 7.580m  -3.20833128.879      He 1 522.2A  -8.899   0.0676      H2O  25.98m  -9.984   0.0055      Al 1  1776A -10.285   0.0028            
 nFnu 7.050m  -9.014   0.0518      He 1 515.6A  -9.198   0.0339      H2O  28.58m  -9.377   0.0225      Al 2  1671A -10.122   0.0040            
 nInu 7.050m  -3.19933849.762      He 1 512.1A  -9.437   0.0196      H2O  25.22m -10.041   0.0049      Si 1  1261A  -9.523   0.0161            
 nFnu 4.114m -10.363   0.0023      Pho+  3889A  -8.668   0.1149      H2O  51.45m  -9.698   0.0107      Si 1  1853A  -9.595   0.0136            
 nInu 4.114m  -2.94960246.883      database lines..............      H2O  60.15m -10.317   0.0026      Si 1  1694A  -9.792   0.0086            
 nInu 2.324m  -2.456187478.33      H2O  179.5m -10.405   0.0021      H2O  56.76m  -9.586   0.0139      Si 1  1626A -10.072   0.0045            
 nInu 1.643m  -2.092433504.66      H2O  108.0m  -9.616   0.0130      H2O  21.17m -10.233   0.0031      Si 1  1091A -10.095   0.0043            
 nFnu 1.480m  -6.510  16.5339      H2O  174.6m -10.388   0.0022      H2O  21.83m -10.137   0.0039      Si 1  2000A -10.297   0.0027            
 nInu 1.480m  -2.012520953.09      H2O  75.36m  -9.332   0.0249      H2O  47.02m  -9.960   0.0059      Si 1  1591A -10.316   0.0026            
 nFnu 1.436m  -6.663  11.6286      H2O  113.5m  -9.552   0.0150      H2O  47.03m  -9.866   0.0073      Si 1  1668A -10.453   0.0019            
 nInu 1.436m  -1.963582403.75      H2O  66.42m  -8.828   0.0795      H2O  30.52m  -9.247   0.0303      Si 1  1570A -10.581   0.0014            
 nFnu 1.119m  -9.098   0.0428      H2O  136.5m -10.415   0.0021      H2O  29.36m  -9.748   0.0096      Si 1  1616A -10.538   0.0016            
 nInu 1.119m  -1.760930543.06      H2O  78.72m  -9.228   0.0317      H2O  31.73m  -9.496   0.0171      Si 1  1834A -10.538   0.0016            
 nInu  8330A  -1.5431534450.6      H2O  132.4m -10.231   0.0031      H2O  30.46m  -9.422   0.0203      S  1  1356A -10.121   0.0040            
 nFnu  8079A -10.185   0.0035      H2O  40.68m  -9.807   0.0084      H2O  50.62m  -9.789   0.0087      S  1  1227A -10.286   0.0028            
 nInu  8079A  -1.4931720136.6      H2O  58.68m  -8.787   0.0873      H2O  42.85m  -9.919   0.0065      S  1  1662A -10.380   0.0022            
 nInu  6210A  -1.2702875385.2      H2O  31.76m -10.617   0.0013      H2O  34.39m  -9.867   0.0073      Ar 1  1096A -10.462   0.0018            
 nInu  4885A  -1.0764493873.0      H2O  49.32m  -8.501   0.1689      H2O  62.41m -10.670   0.0011      Fe 1  2485A  -9.458   0.0187            
 nInu  3704A  -0.9226403527.5      H2O  121.7m -10.153   0.0038      H2O  63.44m  -9.535   0.0156      Fe 1  2527A  -9.800   0.0085            
 nFnu  3588A  -9.862   0.0074      H2O  94.68m -10.130   0.0040      OH   119.4m -10.348   0.0024      Fe 1  2181A -10.086   0.0044            
 nInu  3588A  -0.8946840970.5      H2O  99.47m  -9.378   0.0224      OH   119.4m -10.156   0.0037      Fe 1  2731A -10.240   0.0031            
 nInu  2430A  -0.614*********      H2O  100.9m  -9.907   0.0066      OH   119.2m -10.345   0.0024      Fe 1  1851A -10.648   0.0012            
 nInu  2392A  -0.607*********      H2O  45.10m  -9.224   0.0320      OH   119.2m -10.153   0.0038      Fe 1  2361A -10.685   0.0011            
 nFnu  2071A -10.683   0.0011      H2O  47.96m  -8.753   0.0945      OH   53.34m -10.655   0.0012      Fe 1  2084A -10.711   0.0010            
 nInu  2071A  -0.507*********      H2O  25.93m -10.448   0.0019      OH   53.25m -10.662   0.0012      hyperfine structure.........            
 nFnu  2053A -10.674   0.0011      H2O  43.88m  -8.528   0.1587      OH   84.57m  -9.521   0.0161      inner shell.................            
 nInu  2053A  -0.511*********      H2O  39.36m  -8.437   0.1958      OH   84.57m  -9.652   0.0119      molecules...................            
 nFnu  1793A -10.559   0.0015      H2O  134.9m -10.348   0.0024      OH   84.40m  -9.518   0.0162            
 nInu  1793A  -0.419*********      H2O  54.49m -10.440   0.0019      OH   84.40m  -9.649   0.0120            



                                                                           
 Cooling:  HFFc     0 :0.154  
 Heating:  BFH1     0 :0.808 H2vH     0 :0.102  

 These are some of the most important databases used by Cloudy:
 Many recombination coefficients were taken from http://amdpp.phys.strath.ac.uk/tamoc/RR/ and http://amdpp.phys.strath.ac.uk/tamoc/DR/
      and are based on the following papers:
        Badnell N. R., et al., A&A 406, 1151 (2003) [http://adsabs.harvard.edu/abs/2003A%26A...406.1151B]
        Badnell N. R., ApJS 167, 334 (2006) [http://adsabs.harvard.edu/abs/2006ApJS..167..334B]
 Much of the molecular emission data is from LAMDA as accessed on Dec. 18, 2010. This database is described in:
        Schoeier F.L., et al., A&A 432, 369 (2005) [http://adsabs.harvard.edu/abs/2005A%26A...432..369S]
      This database is in part based on the work of the following groups:
        JPL: Pickett H. M. et al., JQSRT, 60, 883 (1998). [http://adsabs.harvard.edu/abs/1998JQSRT..60..883P]
        CDMS: Mueller H. S. et al., A&A 370, L49 (2001). [http://adsabs.harvard.edu/abs/2001A%26A...370L..49M]
              Mueller H. S. et al., J. Mol. Struct. 742, 215 (2005). [http://adsabs.harvard.edu/abs/2005JMoSt.742..215M]
 Much of the ionic emission data is from version 7.0 of CHIANTI. CHIANTI is a collaborative project involving the NRL (USA), the
      Universities of Florence (Italy) and Cambridge (UK), and George Mason University (USA). These papers describe Chianti:
        Dere K. P., et al., A&AS, 125, 149 (1997) [http://adsabs.harvard.edu/abs/1997A%26AS..125..149D]
        Landi E., et al., ApJ, 744, 99 (2012) [http://adsabs.harvard.edu/abs/2012ApJ...744...99L]
 Much of the H_2 data is from this web site: http://molat.obspm.fr/index.php?page=pages/Molecules/H2/H2can94.php. These data are
      described in:
        Abgrall H. et al., Can. J. Phys., 72, 856 (1994) [http://adsabs.harvard.edu/abs/1994CaJPh..72..856A]
        Wrathmall S. A. & Flower D. R., J. Phys. B, 40, 3221 (2007) [http://adsabs.harvard.edu/abs/2007JPhB...40.3221W]
 Please cite those papers that played a significant role in this calculation.

 IONIZE PARMET:  U(1-)-13.4768  U(4-):-15.5368  U(sp):-13.48  Q(ion):    9.000  L(ion) -1.518    Q(low): 11.466    L(low) -0.246
 ENERGY BUDGET:  Heat:  -6.965  Coolg:  -6.964  Error:  0.3%  Rec Lin:  -7.354  F-F  H  0.000    P(rad/tot)max     0.00E+00

     Col(Heff):      0.000E+00  snd travl time  4.16E-05 sec  Te-low: 3.70E+02  Te-hi: 3.70E+02  G0TH85: 2.32E+02  G0DB96:2.54E+02
  Emiss Measure    n(e)n(p) dl       3.384E+12  n(e)n(He+)dl         6.463E+09  En(e)n(He++) dl         5.262E+00  ne nC+:2.71E+10
 He/Ha:1.78E-04  =   0.00*true  Lthin:7.74E+02  itr/zn:38.00  H2 itr/zn:  0.00  File Opacity: F  MassTot 1.46e-11  (gm/cm^2)
   Temps(21 cm)   T(21cm/Ly a)  3.50E+02        T(<nH/Tkin>)  3.70E+02          T(<nH/Tspin>)    3.71E+02          TB21cm:0.00E+00
                   N(H0/Tspin)  1.65E+10        N(OH/Tkin)    1.12E+03          B(21cm)          0.00E+00
   <a>:2.40E-05  erdeFe0.0E+00  Tcompt2.76E+05  Tthr4.83E+06  <Tden>: 3.70E+02  <dens>:2.27E-12  <MolWgt>1.29E+00
     Mean Jeans  l(cm)7.05E+14  M(sun)2.09E-01  smallest:     len(cm):7.05E+14  M(sun):2.09E-01  a_ox tran:  0.00
 Rion:1.000E+30  Dist:0.00E+00  Diam:0.000E+00
 Hatom level 70  HatomType: add  HInducImp  F  He tot level: 63  He2 level:   70  ExecTime    77.3
 ConvrgError(%)  <eden>  0.410  MaxEden  0.410  <H-C>   0.30  Max(H-C)    0.30  <Press>   0.000  MaxPrs er  0.000
  Continuity(%)  chng Te   0.0  elec den   0.0  n(H2)    0.0  n(CO)        0.0

                                                        Averaged Quantities
             Te      Te(Ne)   Te(NeNp)  Te(NeHe+)Te(NeHe2+) Te(NeO+)  Te(NeO2+)  Te(H2)     N(H)     Ne(O2+)   Ne(Np)
 Radius:  3.70e+02  3.70e+02  3.70e+02  3.70e+02  3.70e+02  3.70e+02  0.00e+00  3.70e+02  1.00e+12  0.00e+00  1.86e+07

 Contin Optical Depths: COMP: 7.95e-17    H-: 8.67e-16 R(1300): 4.12e-11  H2+: 5.37e-18  Pfa:1.80E-16
                          Pa: 1.23e-16    Ba: 2.99e-15      Hb: 8.00e-15   La: 9.50e-08     1r:3.884E-05  1.8:1.24E-05 4.:1.777E-06

 Old, new H  1 continuum optical depths:
     1 3.88e-05     2 4.77e-16     3 9.36e-16     4 9.36e-16     5 9.36e-16     6 2.40e-16     7 2.40e-16     8 2.40e-16
     9 2.40e-16    10 2.36e-17    11 2.36e-17    12 2.36e-17    13 2.36e-17    14 2.36e-17    15 5.86e-17    16 5.86e-17
    17 5.86e-17    18 5.86e-17    19 5.86e-17    20 5.86e-17    21 1.27e-16    22 1.27e-16    23 1.27e-16    24 1.27e-16
    25 1.27e-16    26 1.27e-16    27 1.27e-16    28 2.45e-16    29 2.45e-16    30 2.45e-16    31 2.45e-16    32 2.45e-16
    33 2.45e-16    34 2.45e-16    35 2.45e-16    36 4.39e-16    37 4.39e-16    38 4.39e-16    39 4.39e-16    40 4.39e-16
    41 4.39e-16    42 4.39e-16    43 4.39e-16    44 4.39e-16    45 7.35e-16    46 7.35e-16    47 7.35e-16    48 7.35e-16
    49 7.35e-16    50 7.35e-16    51 7.35e-16    52 7.35e-16    53 7.35e-16    54 7.35e-16
     1 3.88e-05     2 4.78e-16     3 9.38e-16     4 9.38e-16     5 9.38e-16     6 2.40e-16     7 2.40e-16     8 2.40e-16
     9 2.40e-16    10 2.37e-17    11 2.37e-17    12 2.37e-17    13 2.37e-17    14 2.37e-17    15 5.87e-17    16 5.87e-17
    17 5.87e-17    18 5.87e-17    19 5.87e-17    20 5.87e-17    21 1.27e-16    22 1.27e-16    23 1.27e-16    24 1.27e-16
    25 1.27e-16    26 1.27e-16    27 1.27e-16    28 2.45e-16    29 2.45e-16    30 2.45e-16    31 2.45e-16    32 2.45e-16
    33 2.45e-16    34 2.45e-16    35 2.45e-16    36 4.39e-16    37 4.39e-16    38 4.39e-16    39 4.39e-16    40 4.39e-16
    41 4.39e-16    42 4.39e-16    43 4.39e-16    44 4.39e-16    45 7.35e-16    46 7.35e-16    47 7.35e-16    48 7.35e-16
    49 7.35e-16    50 7.35e-16    51 7.35e-16    52 7.35e-16    53 7.35e-16    54 7.35e-16

 Old, new H  1 mean line optical depths:
  2- 1 3.33e+00  3- 2 3.86e-13  4- 3 9.83e-15  5- 4 6.94e-15  6- 5 1.40e-14  7- 6 3.70e-14  8- 7 1.00e-13
  9- 8 1.61e-13 10- 9 6.30e-13
  2- 1 3.33e+00  3- 2 3.65e-13  4- 3 9.28e-15  5- 4 6.67e-15  6- 5 1.37e-14  7- 6 3.61e-14  8- 7 9.93e-14
  9- 8 1.60e-13 10- 9 6.29e-13

 Old, new He 2 continuum optical depths:
     1 1.78e-06     2 3.84e-05     3 5.35e-10     4 5.35e-10     5 5.35e-10     6 4.77e-16     7 4.77e-16     8 4.77e-16
     9 4.77e-16    10 7.59e-16    11 7.59e-16    12 7.59e-16    13 7.59e-16    14 7.59e-16    15 9.36e-16    16 9.36e-16
    17 9.36e-16    18 9.36e-16    19 9.36e-16    20 9.36e-16    21 7.94e-16    22 7.94e-16    23 7.94e-16    24 7.94e-16
    25 7.94e-16    26 7.94e-16    27 7.94e-16    28 2.40e-16    29 2.40e-16    30 2.40e-16    31 2.40e-16    32 2.40e-16
    33 2.40e-16    34 2.40e-16    35 2.40e-16    36 1.40e-17    37 1.40e-17    38 1.40e-17    39 1.40e-17    40 1.40e-17
    41 1.40e-17    42 1.40e-17    43 1.40e-17    44 1.40e-17    45 2.36e-17    46 2.36e-17    47 2.36e-17    48 2.36e-17
    49 2.36e-17    50 2.36e-17    51 2.36e-17    52 2.36e-17    53 2.36e-17    54 2.36e-17
     1 1.78e-06     2 3.84e-05     3 5.35e-10     4 5.35e-10     5 5.35e-10     6 4.78e-16     7 4.78e-16     8 4.78e-16
     9 4.78e-16    10 7.60e-16    11 7.60e-16    12 7.60e-16    13 7.60e-16    14 7.60e-16    15 9.38e-16    16 9.38e-16
    17 9.38e-16    18 9.38e-16    19 9.38e-16    20 9.38e-16    21 7.95e-16    22 7.95e-16    23 7.95e-16    24 7.95e-16
    25 7.95e-16    26 7.95e-16    27 7.95e-16    28 2.40e-16    29 2.40e-16    30 2.40e-16    31 2.40e-16    32 2.40e-16
    33 2.40e-16    34 2.40e-16    35 2.40e-16    36 1.40e-17    37 1.40e-17    38 1.40e-17    39 1.40e-17    40 1.40e-17
    41 1.40e-17    42 1.40e-17    43 1.40e-17    44 1.40e-17    45 2.37e-17    46 2.37e-17    47 2.37e-17    48 2.37e-17
    49 2.37e-17    50 2.37e-17    51 2.37e-17    52 2.37e-17    53 2.37e-17    54 2.37e-17

 Old, new He 2 mean line optical depths:
  2- 1 9.20e-11  3- 2 8.86e-21  4- 3 4.43e-21  5- 4 4.43e-21  6- 5 4.43e-21  7- 6 4.43e-21  8- 7 4.43e-21
  9- 8 4.43e-21 10- 9 4.43e-21
  2- 1 9.20e-11  3- 2 4.43e-21  4- 3 2.22e-21  5- 4 2.22e-21  6- 5 2.22e-21  7- 6 2.22e-21  8- 7 2.22e-21
  9- 8 2.22e-21 10- 9 2.22e-21

 Old He Is optical depths:    1 1.24e-05    2 7.45e-14    3 3.95e-16    4 4.44e-16    5 4.44e-16
 New He Is optical depths:    1 1.24e-05    2 7.45e-14    3 3.95e-16    4 4.45e-16    5 4.45e-16
          Old He Is Lines:  584 1.88e-01 3889 1.91e-12 5016 2.94e-14 5876 8.58e-19
          New He Is Lines:  584 1.88e-01 3889 1.91e-12 5016 2.94e-14 5876 8.58e-19

==== H      compounds ====           Log10 column densities [cm^-2}
   H2        : 11.164   H2*       :  5.109   H2+       : -0.115   H3+       :  1.071
==== He     compounds ====
   HeH+      : -2.575
==== Li     compounds ====
   LiH       : -6.618   LiH+      :-10.681
==== C      compounds ====
   CH        :  2.098   CH+       : -4.065   CH2       : -0.446   CH2+      : -3.828   CH3       : -0.923   CH3+      : -3.232   CH4       : -3.449   CH4+      : -8.285
   CH5+      : -8.429   C2        : -1.010   C2+       : -5.655   C2H       : -2.576   C2H+      : -6.314   C2H2      : -6.189   C2H2+     : -5.853   C2H3+     :-10.930
   C3        : -7.448   C3+       :-10.906   C3H       : -8.769   C3H+      : -9.778
==== N      compounds ====
   NH        :  2.319   NH+       : -0.524   NH2       :  2.734   NH2+      : -0.107   NH3       :  3.195   NH3+      : -0.035   NH4+      : -3.719   CN        :  2.845
   CN+       : -5.129   HCN       :  4.284   HCN+      : -1.027   HNC       :  0.160   HCNH+     : -0.496   HC3N      :-35.930   N2        :  8.329   N2+       : -1.193
   N2H+      : -0.376
==== O      compounds ====
   OH        :  5.620   OH+       :  1.523   H2O       :  6.139   H2O+      :  1.697   H3O+      :  1.995   CO        :  9.238   CO+       : -2.503   HCO+      :  0.812
   H2CO      :-35.930   CH3OH     :-35.930   ^13CO     :  7.761   NO        :  5.651   NO+       :  0.697   HNO       : -1.461   HNO+      : -2.272   OCN       : -0.622
   OCN+      : -2.064   N2O       :  3.537   O2        :  7.162   O2+       :  2.415   NO2       :  1.765   NO2+      : -6.196
==== Ne     compounds ====
   NeH+      : -0.748
==== Si     compounds ====
   SiH       : -1.471   SiH2+     : -3.898   SiC2      :-35.930   SiN       : -3.776   SiN+      : -3.842   SiO       :  7.595   SiO+      :  2.538   SiOH+     :  2.698
==== S      compounds ====
   HS        :  3.816   HS+       : -1.954   CS        :  2.096   CS+       : -1.339   HCS+      : -0.231   NS        :  1.214   NS+       : -2.225   SO        :  7.009
   SO+       :  2.443   OCS       :  3.255   OCS+      : -1.668   SO2       :-35.930   S2        : -7.739   S2+       :-12.334
==== Cl     compounds ====
   HCl       :  4.805   HCl+      :  0.265   H2Cl+     :  1.016   CCl       : -6.438   CCl+      : -2.499   H2CCl+    : -8.821   ClO       :-24.697   ClO+      :-31.866
==== Ar     compounds ====
   ArH+      :  2.257
==== Ti     compounds ====
   TiH       :-35.930   TiH+      :-35.930   TiH2      :-35.930   TiH2+     :-35.930   TiC       :-35.930   TiC+      :-35.930   HCTi      :-35.930   HCTi+     :-35.930
   TiC2      :-35.930   TiC2+     :-35.930   TiN       :-35.930   TiN+      :-35.930   HNTi      :-35.930   HNTi+     :-35.930   TiNC      :-35.930   TiNC+     :-35.930
   TiO       :-35.930   TiO+      :-35.930   TiOH+     :-35.930   TiO2      :-35.930   TiF+      :-35.930   TiS       :-35.930   TiS+      :-35.930   HTiS      :-35.930


               1      2      3      4      5      6      7      8      9     10     11     12     13     14     15     16     17

 Hydrogen   12.788  5.260 11.164 (H2)                Log10 Column density (cm^-2)
 Helium     11.738  2.541 -6.548
 Lithium     1.857 -1.595-15.569-30.000
 Beryllium   2.188 -1.726 -8.512-30.000-30.000
 Boron       3.508  0.538-10.571-30.000-30.000-30.000
 Carbon      5.957  3.164 -6.775-30.000-30.000-30.000-30.000
 Nitrogen    6.873 -0.232-30.000-30.000-30.000-30.000-30.000-30.000
 Oxygen      9.128  1.302-30.000-30.000-30.000-30.000-30.000-30.000-30.000
 Fluorine    5.368  0.663 -6.801-30.000-30.000-30.000-30.000-30.000-30.000-30.000
 Neon        8.738  3.208 -4.524-30.000-30.000-30.000-30.000-30.000-30.000-30.000-30.000
 Sodium      7.048  4.254 -2.681-30.000-30.000-30.000-30.000-30.000-30.000-30.000-30.000-30.000
 Magnesium   8.405  6.224 -0.908-30.000-30.000-30.000-30.000-30.000-30.000-30.000-30.000-30.000-30.000
 Aluminium   7.049  6.842 -1.248-30.000-30.000-30.000-30.000-30.000-30.000-30.000-30.000-30.000-30.000-30.000
 Silicon     8.228  4.199 -7.041-30.000-30.000-30.000-30.000-30.000-30.000-30.000-30.000-30.000-30.000-30.000-30.000
 Phosphorus  6.168  5.254 -1.950-30.000-30.000-30.000-30.000-30.000-30.000-30.000-30.000-30.000-30.000-30.000-30.000-30.000
 Sulphur     7.873  2.898 -8.130-30.000-30.000-30.000-30.000-30.000-30.000-30.000-30.000-30.000-30.000-30.000-30.000-30.000-30.000
 Chlorine    6.294  0.394 -7.358-30.000-30.000-30.000-30.000-30.000-30.000-30.000-30.000-30.000-30.000-30.000-30.000-30.000-30.000
-30.000
 Argon       7.208 -1.838-11.025-30.000-30.000-30.000-30.000-30.000-30.000-30.000-30.000-30.000-30.000-30.000-30.000-30.000-30.000
-30.000-30.000
 Potassium   5.838  2.427 -3.169-30.000-30.000-30.000-30.000-30.000-30.000-30.000-30.000-30.000-30.000-30.000-30.000-30.000-30.000
-30.000-30.000-30.000
 Calcium     7.149  3.767 -0.198-30.000-30.000-30.000-30.000-30.000-30.000-30.000-30.000-30.000-30.000-30.000-30.000-30.000-30.000
-30.000-30.000-30.000-30.000
 Scandium    3.957  0.613 -3.140-30.000-30.000-30.000-30.000-30.000-30.000-30.000-30.000-30.000-30.000-30.000-30.000-30.000-30.000
-30.000-30.000-30.000-30.000-30.000
 Titanium    5.548  5.342 -0.678-30.000-30.000-30.000-30.000-30.000-30.000-30.000-30.000-30.000-30.000-30.000-30.000-30.000-30.000
-30.000-30.000-30.000-30.000-30.000-30.000
 Vanadium    4.738  0.865 -3.786-30.000-30.000-30.000-30.000-30.000-30.000-30.000-30.000-30.000-30.000-30.000-30.000-30.000-30.000
-30.000-30.000-30.000-30.000-30.000-30.000-30.000
 Chromium    6.448  3.377 -5.668-30.000-30.000-30.000-30.000-30.000-30.000-30.000-30.000-30.000-30.000-30.000-30.000-30.000-30.000
-30.000-30.000-30.000-30.000-30.000-30.000-30.000-30.000
 Manganese   6.033  5.813 -5.209-30.000-30.000-30.000-30.000-30.000-30.000-30.000-30.000-30.000-30.000-30.000-30.000-30.000-30.000
-30.000-30.000-30.000-30.000-30.000-30.000-30.000-30.000-30.000
 Iron        7.990  8.023 -3.698-30.000-30.000-30.000-30.000-30.000-30.000-30.000-30.000-30.000-30.000-30.000-30.000-30.000-30.000
-30.000-30.000-30.000-30.000-30.000-30.000-30.000-30.000-30.000-30.000
 Cobalt      5.798  1.601 -8.376-30.000-30.000-30.000-30.000-30.000-30.000-30.000-30.000-30.000-30.000-30.000-30.000-30.000-30.000
-30.000-30.000-30.000-30.000-30.000-30.000-30.000-30.000-30.000-30.000-30.000
 Nickel      6.844  6.568 -4.491-30.000-30.000-30.000-30.000-30.000-30.000-30.000-30.000-30.000-30.000-30.000-30.000-30.000-30.000
-30.000-30.000-30.000-30.000-30.000-30.000-30.000-30.000-30.000-30.000-30.000-30.000
 Copper      4.998  1.474 -4.812-30.000-30.000-30.000-30.000-30.000-30.000-30.000-30.000-30.000-30.000-30.000-30.000-30.000-30.000
-30.000-30.000-30.000-30.000-30.000-30.000-30.000-30.000-30.000-30.000-30.000-30.000-30.000
 Zinc        5.368  1.097 -5.136-30.000-30.000-30.000-30.000-30.000-30.000-30.000-30.000-30.000-30.000-30.000-30.000-30.000-30.000
-30.000-30.000-30.000-30.000-30.000-30.000-30.000-30.000-30.000-30.000-30.000-30.000-30.000-30.000
 Exc state    He1*  0.551   CII*  2.949   C11*  5.052   C12*  5.501   C13*  5.677   O11*  8.979   O12*  8.490   O13*  7.897
              Si2*  3.796   C30*-35.930   C31*-35.930   C32*-35.930


 Hydrogen   -0.020 -7.548 -1.343 (H2)                 Log10 Mean Ionisation (over radius)
 Helium      0.000 -9.197-18.286
 Lithium    -0.000 -3.453-17.426
 Beryllium  -0.000 -3.915-10.700
 Boron      -0.000 -2.970-14.079
 Carbon     -3.281 -6.074-16.013
 Nitrogen   -1.765 -8.871
 Oxygen     -0.371 -8.196
 Fluorine   -0.000 -4.705-12.169
 Neon       -0.000 -5.531-13.262
 Sodium     -0.001 -2.795 -9.730
 Magnesium  -0.003 -2.184 -9.316
 Aluminium  -0.210 -0.416 -8.507
 Silicon    -0.091 -4.120-15.360
 Phosphorus -0.050 -0.965 -8.169
 Sulphur    -0.056 -5.031-16.058
 Chlorine   -0.014 -5.914-13.666
 Argon      -0.000 -9.046-18.233
 Potassium  -0.000 -3.411 -9.007
 Calcium    -0.000 -3.382 -7.347
 Scandium   -0.000 -3.345 -7.098
 Titanium   -0.210 -0.416 -6.436
 Vanadium   -0.000 -3.873 -8.524
 Chromium   -0.000 -3.071-12.117
 Manganese  -0.205 -0.425-11.447
 Iron       -0.318 -0.285-12.006
 Cobalt     -0.000 -4.198-14.174
 Nickel     -0.185 -0.461-11.519
 Copper     -0.000 -3.525 -9.811
 Zinc       -0.000 -4.271-10.504

               1      2      3      4      5      6      7      8      9     10     11     12     13     14     15     16     17

 Hydrogen   -0.020 -7.548 -1.343 (H2)         Log10 Mean Ionisation (over radius*electron density)
 Helium      0.000 -9.197-18.286
 Lithium    -0.000 -3.453-17.426
 Beryllium  -0.000 -3.915-10.700
 Boron      -0.000 -2.970-14.079
 Carbon     -3.281 -6.074-16.013
 Nitrogen   -1.765 -8.871
 Oxygen     -0.371 -8.196
 Fluorine   -0.000 -4.705-12.169
 Neon       -0.000 -5.531-13.262
 Sodium     -0.001 -2.795 -9.730
 Magnesium  -0.003 -2.184 -9.316
 Aluminium  -0.210 -0.416 -8.507
 Silicon    -0.091 -4.120-15.360
 Phosphorus -0.050 -0.965 -8.169
 Sulphur    -0.056 -5.031-16.058
 Chlorine   -0.014 -5.914-13.666
 Argon      -0.000 -9.046-18.233
 Potassium  -0.000 -3.411 -9.007
 Calcium    -0.000 -3.382 -7.347
 Scandium   -0.000 -3.345 -7.098
 Titanium   -0.210 -0.416 -6.436
 Vanadium   -0.000 -3.873 -8.524
 Chromium   -0.000 -3.071-12.117
 Manganese  -0.205 -0.425-11.447
 Iron       -0.318 -0.285-12.006
 Cobalt     -0.000 -4.198-14.174
 Nickel     -0.185 -0.461-11.519
 Copper     -0.000 -3.525 -9.811
 Zinc       -0.000 -4.271-10.504

               1      2      3      4      5      6      7      8      9     10     11     12     13     14     15     16     17

 Hydrogen    2.569  2.569  2.569 (H2)                  Log10 Mean Temperature (over radius)
 Helium      2.569  2.569  2.569
 Lithium     2.569  2.569  2.569
 Beryllium   2.569  2.569  2.569
 Boron       2.569  2.569  2.569
 Carbon      2.569  2.569  2.569
 Nitrogen    2.569  2.569
 Oxygen      2.569  2.569
 Fluorine    2.569  2.569  2.569
 Neon        2.569  2.569  2.569
 Sodium      2.569  2.569  2.569
 Magnesium   2.569  2.569  2.569
 Aluminium   2.569  2.569  2.569
 Silicon     2.569  2.569  2.569
 Phosphorus  2.569  2.569  2.569
 Sulphur     2.569  2.569  2.569
 Chlorine    2.569  2.569  2.569
 Argon       2.569  2.569  2.569
 Potassium   2.569  2.569  2.569
 Calcium     2.569  2.569  2.569
 Scandium    2.569  2.569  2.569
 Titanium    2.569  2.569  2.569
 Vanadium    2.569  2.569  2.569
 Chromium    2.569  2.569  2.569
 Manganese   2.569  2.569  2.569
 Iron        2.569  2.569  2.569
 Cobalt      2.569  2.569  2.569
 Nickel      2.569  2.569  2.569
 Copper      2.569  2.569  2.569
 Zinc        2.569  2.569  2.569

               1      2      3      4      5      6      7      8      9     10     11     12     13     14     15     16     17

 Hydrogen    2.569  2.569  2.569 (H2)          Log10 Mean Temperature (over radius*electron density)
 Helium      2.569  2.569  2.569
 Lithium     2.569  2.569  2.569
 Beryllium   2.569  2.569  2.569
 Boron       2.569  2.569  2.569
 Carbon      2.569  2.569  2.569
 Nitrogen    2.569  2.569
 Oxygen      2.569  2.569
 Fluorine    2.569  2.569  2.569
 Neon        2.569  2.569  2.569
 Sodium      2.569  2.569  2.569
 Magnesium   2.569  2.569  2.569
 Aluminium   2.569  2.569  2.569
 Silicon     2.569  2.569  2.569
 Phosphorus  2.569  2.569  2.569
 Sulphur     2.569  2.569  2.569
 Chlorine    2.569  2.569  2.569
 Argon       2.569  2.569  2.569
 Potassium   2.569  2.569  2.569
 Calcium     2.569  2.569  2.569
 Scandium    2.569  2.569  2.569
 Titanium    2.569  2.569  2.569
 Vanadium    2.569  2.569  2.569
 Chromium    2.569  2.569  2.569
 Manganese   2.569  2.569  2.569
 Iron        2.569  2.569  2.569
 Cobalt      2.569  2.569  2.569
 Nickel      2.569  2.569  2.569
 Copper      2.569  2.569  2.569
 Zinc        2.569  2.569  2.569

               1      2      3      4      5      6      7      8      9     10     11     12     13     14     15     16     17
                                                                          

---------------Convergence statistics---------------
      1.82 mean iterations/state convergence
      2.97 mean cx acceleration loops/iteration
         1 mean iso convergence loops/ion solve
      1.11 mean steps/chemistry solve
      1.12 mean step length searches/chemistry step
----------------------------------------------------

 Cloudy ends: 1 zone, 3 iterations, 1 caution.  ExecTime(s) 77.33
 [Stop in cdMain at ../maincl.cpp:483, Cloudy exited OK]
 ************************************************** GRID_DELIMIT -- grid000000025
