                                                          Cloudy 13.03
                                                         www.nublado.org

                       **************************************13Feb20**************************************
                       *                                                                                 *
                       * c                                                                               *
                       * phi(h) 8.000000 LOG range -0.000232 6.866524                                    *
                       * grid from 8 to 23 in 1 dex steps                                                *
                       * HDEN=11.000000 LOG                                                              *
                       * grid from 0 to 12 in 1 dex steps                                                *
                       * set pres ionize 1e5                                                             *
                       * c                                                                               *
                       * c                                                                               *
                       * table star "inst_padova_agbtrack_z.mod" age 6.7                                 *
                       * c<< inst_padova_ model    3 read.       Age =    4010000.00                 >>> *
                       * c<< inst_padova_ model    4 read.       Age =    6010000.00                 >>> *
                       * c<< FINAL:     Age =    5011872.34                                          >>> *
                       * c                                                                               *
                       * c                                                                               *
                       * abundances GASS10                                                               *
                       * c                                                                               *
                       * c                                                                               *
                       * iterate to convergence max = 7                                                  *
                       * stop column density = 23                                                        *
                       * c                                                                               *
                       * c                                                                               *
                       * print last                                                                      *
                       * set save prefix "padova_inst_5"                                                 *
                       * save grid ".grd" last no hash                                                   *
                       * save linelist "emissionlines_abs.txt" "LineList_HII.dat" absolute last no hash    *
                       *                                                                                 *
                       ***********************************************************************************



 NOTE Setcon: continuum has zero intensity starting at  1.0074e+01 Ryd.
     1 cells in the incident continuum have zero intensity.  Problems???

           !The plasma frequency is 9.45e-07 Ryd.  The incident continuum is set to 0 below this.
           4147CellPeak1.00E+00   Lo 1.00e-08=910.79cm   Hi-Con:1.01E+01 Ryd   E(hi):7.35E+06Ryd     E(hi):     100.01 MeV
           I(nu>1ryd):  -2.5177   Average nu:1.393E+00   I( X-ray):   0.0000   I(BalC):  -1.3126     Phi(BalmrC):   9.6137
           phi(1.0-1.8): 7.9530   phi(1.8-4.0):  6.973   phi(4.0-20):  5.940   phi(20--):  0.000     Ion pht flx:1.000E+08
           I(gam ray):   0.0000   phi(gam r):   0.0000   I(Infred):  -2.0903   Alf(ox):   0.0000     Total inten:  -1.2230
           U(1.0----):3.336E-14   U(4.0----):2.905E-16   T(En-Den):4.030E+00   T(Comp):2.398E+04     nuJnu(912A):1.635E-02
           Occ(FarIR):0.000E+00   Occ(H n=6):1.363E-14   Occ(1Ryd):7.517E-19   Occ(4R):3.003E-23     Occ (Nu-hi):0.000E+00
           Tbr(FarIR):0.000E+00   Tbr(H n=6):5.975E-11   Tbr(1Ryd):1.188E-13   Tbr(4R):1.898E-17     Tbr (Nu-hi):0.000E+00
  
                                                  Gas Phase Chemical Composition
        H :  0.0000  He: -1.0701  Li:-10.9508  Be:-10.6198  B : -9.3002  C : -3.5702  N : -4.1701  O : -3.3098  F : -7.4401
        Ne: -4.0701  Na: -5.7595  Mg: -4.4001  Al: -5.5498  Si: -4.4895  P : -6.5901  S : -4.8794  Cl: -6.5003  Ar: -5.6003
        K : -6.9706  Ca: -5.6596  Sc: -8.8508  Ti: -7.0501  V : -8.0701  Cr: -6.3595  Mn: -6.5702  Fe: -4.5003  Co: -7.0101
                                               Ni: -5.7799  Cu: -7.8097  Zn: -7.4401
 
 ####  1  Te:2.444E+02 Hden:1.000E+11 Ne:1.922E+06 R:1.000E+30 R-R0:5.831E+01 dR:1.166E+02 NTR: 49 Htot:1.575E-10 T912: 7.23e-05###
 Hydrogen      9.80e-01 3.81e-08 H+o/Hden 9.80e-01 2.64e-12 H-    H2 1.02e-02 5.36e-14 H2+ HeH+ 4.64e-16 Ho+ ColD 1.14e+13 4.44e+05
 Helium        1.00e+00 6.19e-10 4.87e-19 HeI 2s3S 3.42e-12 Comp H,C 1.24e-24 1.26e-26 Fill Fac 1.00e+00 Gam1/tot 1.00e+00
 He singlet n  1.00e+00 1.12e-14 6.33e-20 4.54e-21 2.89e-20 1.51e-21 He tripl 3.42e-12 3.66e-20 3.61e-22 3.53e-21 3.61e-21
 Pressure      NgasTgas 2.63e+13 P(total) 3.63e-03 P( gas ) 3.63e-03 P(Radtn) 0.00e+00 Rad accl 1.90e-06 ForceMul 1.70e+11
 Texc(La)      2.97e+03 T(I con) 4.03e+00 T(D con) 1.81e-01 T(U tot) 4.03e+00 nT (c+d) 1.02e+06 Prad/Gas 0.00e+00 Pmag/Gas 0.00e+00
 Molecules     CH/Ctot: 2.16e-06 CH+/Ctot 2.66e-13 CO/Ctot: 9.98e-01 CO+/Ctot 6.04e-13 H2O/Otot 3.22e-05 OH/Ototl 3.59e-05
 Lithium       1.00e+00 3.03e-04 3.13e-18 0.00e+00 Berylliu 1.00e+00 1.02e-04 1.64e-11 0.00e+00 0.00e+00 sec ion: 4.04e-15
 Boron         9.99e-01 8.77e-04 6.65e-15 0.00e+00 0.00e+00 0.00e+00
 Carbon        1.67e-03 8.78e-07 1.56e-16 0.00e+00 0.00e+00 0.00e+00 0.00e+00 H2O+/O   8.98e-09 OH+/Otot 1.18e-08 Hex(tot) 0.00e+00
 Nitrogen      5.90e-02 2.99e-09 0.00e+00 0.00e+00 0.00e+00 0.00e+00 0.00e+00 0.00e+00 O2/Ototl 8.93e-04 O2+/Otot 1.59e-08
 Oxygen        4.47e-01 7.69e-09 0.00e+00 0.00e+00 0.00e+00 0.00e+00 0.00e+00 0.00e+00 0.00e+00
 Fluorine      1.00e+00 1.53e-05 4.49e-13 0.00e+00 0.00e+00 0.00e+00 0.00e+00 0.00e+00 0.00e+00 0.00e+00
 Neon          1.00e+00 5.80e-06 9.23e-14 0.00e+00 0.00e+00 0.00e+00 0.00e+00 0.00e+00 0.00e+00 0.00e+00 0.00e+00
 Sodium        9.98e-01 1.77e-03 1.60e-10 0.00e+00 0.00e+00 0.00e+00 0.00e+00 0.00e+00 0.00e+00 0.00e+00 0.00e+00 0.00e+00
 Magnesium     9.94e-01 5.52e-03 4.59e-10 0.00e+00 0.00e+00 0.00e+00 0.00e+00 0.00e+00 0.00e+00 0.00e+00 0.00e+00 0.00e+00 0.00e+00
 Aluminium  0  5.90e-01 4.10e-01 2.79e-09 0.00e+00 0.00e+00 0.00e+00 0.00e+00 0.00e+00 0.00e+00 0.00e+00 0.00e+00 0.00e+00 0.00e+00
 Silicon    0  9.69e-01 7.75e-05 5.06e-16 0.00e+00 0.00e+00 0.00e+00 0.00e+00 0.00e+00 0.00e+00 0.00e+00 0.00e+00 0.00e+00 0.00e+00
 Phosphorus 0  8.85e-01 1.15e-01 4.64e-09 0.00e+00 0.00e+00 0.00e+00 0.00e+00 0.00e+00 0.00e+00 0.00e+00 0.00e+00 0.00e+00 0.00e+00
 Sulphur    0  9.80e-01 8.63e-06 1.78e-16 0.00e+00 0.00e+00 0.00e+00 0.00e+00 0.00e+00 0.00e+00 0.00e+00 0.00e+00 0.00e+00 0.00e+00
 Chlorine   0  9.66e-01 3.65e-06 5.50e-14 0.00e+00 0.00e+00 0.00e+00 0.00e+00 0.00e+00 0.00e+00 0.00e+00 0.00e+00 0.00e+00 0.00e+00
 Argon      0  1.00e+00 2.01e-09 1.28e-18 0.00e+00 0.00e+00 0.00e+00 0.00e+00 0.00e+00 0.00e+00 0.00e+00 0.00e+00 0.00e+00 0.00e+00
 Potassium  0  1.00e+00 4.09e-04 8.39e-10 0.00e+00 0.00e+00 0.00e+00 0.00e+00 0.00e+00 0.00e+00 0.00e+00 0.00e+00 0.00e+00 0.00e+00
 Calcium    0  1.00e+00 3.35e-04 2.62e-08 0.00e+00 0.00e+00 0.00e+00 0.00e+00 0.00e+00 0.00e+00 0.00e+00 0.00e+00 0.00e+00 0.00e+00
 Scandium   0  1.00e+00 3.64e-04 4.60e-08 0.00e+00 0.00e+00 0.00e+00 0.00e+00 0.00e+00 0.00e+00 0.00e+00 0.00e+00 0.00e+00 0.00e+00
 Titanium   0  5.98e-01 4.02e-01 2.34e-07 0.00e+00 0.00e+00 0.00e+00 0.00e+00 0.00e+00 0.00e+00 0.00e+00 0.00e+00 0.00e+00 0.00e+00
 Vanadium   0  1.00e+00 1.07e-04 2.49e-09 0.00e+00 0.00e+00 0.00e+00 0.00e+00 0.00e+00 0.00e+00 0.00e+00 0.00e+00 0.00e+00 0.00e+00
 Chromium   0  9.99e-01 6.79e-04 7.25e-13 0.00e+00 0.00e+00 0.00e+00 0.00e+00 0.00e+00 0.00e+00 0.00e+00 0.00e+00 0.00e+00 0.00e+00
 Manganese  0  6.07e-01 3.93e-01 3.63e-12 0.00e+00 0.00e+00 0.00e+00 0.00e+00 0.00e+00 0.00e+00 0.00e+00 0.00e+00 0.00e+00 0.00e+00
 Iron       0  4.64e-01 5.36e-01 9.92e-13 0.00e+00 0.00e+00 0.00e+00 0.00e+00 0.00e+00 0.00e+00 0.00e+00 0.00e+00 0.00e+00 0.00e+00
 Cobalt     0  1.00e+00 5.06e-05 6.39e-15 0.00e+00 0.00e+00 0.00e+00 0.00e+00 0.00e+00 0.00e+00 0.00e+00 0.00e+00 0.00e+00 0.00e+00
 Nickel     0  6.34e-01 3.66e-01 3.12e-12 0.00e+00 0.00e+00 0.00e+00 0.00e+00 0.00e+00 0.00e+00 0.00e+00 0.00e+00 0.00e+00 0.00e+00
 Copper     0  1.00e+00 2.42e-04 1.24e-10 0.00e+00 0.00e+00 0.00e+00 0.00e+00 0.00e+00 0.00e+00 0.00e+00 0.00e+00 0.00e+00 0.00e+00
 Zinc       0  1.00e+00 4.34e-05 2.63e-11 0.00e+00 0.00e+00 0.00e+00 0.00e+00 0.00e+00 0.00e+00 0.00e+00 0.00e+00 0.00e+00 0.00e+00
                                                                             
   Calculation stopped because lowest Te reached. Iteration 3 of 3
   The geometry is plane-parallel.
 C-Continuum zero at some energies.
  !Continuum fluorescent production of H-beta was very important.
  !Charge transfer ionization of H reached 54.6% of the local H ionization rate.
  !The largest plasma frequency was 9.45e-07 Ryd = 9.64e+04 micron  The continuum is set to 0 below this.
  !AGE: Cloud age was not set.  Longest timescale was 2.34e+08 s = 7.42e+00 years.
  !The excitation temp of Lya exceeded the electron temp, largest value was 2.97e+03K (gas temp there was 2.44e+02K, zone   1)
  !The CMB was not included.  This is added with the CMB command.
  !The fraction of N  in N2 reached 94.1% at some point in the cloud.
  !The fraction of C  in CO reached 99.8% at some point in the cloud.
   Te-ne bounds of Case B lookup table exceeded, H I Case B line intensities set to zero.
   Te-ne bounds of Case B lookup table exceeded, He II Case B line intensities set to zero.
   H2 vib deexec heating reached 4.65% of the local heating.
   The density is too low to l-mix the lowest He I collapsed level.  More resolved levels are needed for accurate line ratios.
   Grains were not present but might survive in this environment (energy density temperature was 4.03e+00K)
   The fraction of H  in H2 reached 2.03% at some point in the cloud.
   The fraction of O  in O2 reached 0.179% at some point in the cloud.
   The fraction of Si in SiO reached 3.10% at some point in the cloud.
   The fraction of S  in SO reached 2.00% at some point in the cloud.
   The fraction of Cl in HCl reached 3.42% at some point in the cloud.

                       *********************************> Cloudy 13.03 <**********************************
                       * c                                                                               *
                       * phi(h) 8.000000 LOG range -0.000232 6.866524                                    *
                       * grid from 8 to 23 in 1 dex steps                                                *
                       * HDEN=11.000000 LOG                                                              *
                       * grid from 0 to 12 in 1 dex steps                                                *
                       * set pres ionize 1e5                                                             *
                       * c                                                                               *
                       * c                                                                               *
                       * table star "inst_padova_agbtrack_z.mod" age 6.7                                 *
                       * c                                                                               *
                       * c                                                                               *
                       * abundances GASS10                                                               *
                       * c                                                                               *
                       * c                                                                               *
                       * iterate to convergence max = 7                                                  *
                       * stop column density = 23                                                        *
                       * c                                                                               *
                       * c                                                                               *
                       * print last                                                                      *
                       * set save prefix "padova_inst_5"                                                 *
                       * save grid ".grd" last no hash                                                   *
                       * save linelist "emissionlines_abs.txt" "LineList_HII.dat" absolute last no hash    *
                       *********************************> Log(U):-13.48 <*********************************
                       >>>>>>>>>> Cautions are present.

                     Emission Line Spectrum.   Constant  Density Model.    Open geometry.  Iteration 3 of 3.
                                                     Intensity (erg/s/cm^2).


                                                   Intrinsic line intensities
 general properties..........      nInu 1.436m  -2.963354168.56      H2O  108.0m -10.322   0.0155      SiO  288.0m -10.092   0.0263            
 TOTL  4861A  -8.513   1.0000      nInu 1.119m  -2.760565877.31      H2O  180.4m -11.468   0.0011      SiO  276.6m -10.096   0.0261            
 TOTL  1216A  -6.023 308.4724      nInu  8330A  -2.543933122.69      H2O  174.6m -11.096   0.0026      SiO  266.0m -10.107   0.0254            
 Inci     0   -1.223*********      nFnu  8079A -10.651   0.0073      H2O  75.36m -10.114   0.0250      SiO  256.1m -10.126   0.0244            
 TotH     0   -7.736   5.9809      nInu  8079A  -2.4931046041.1      H2O  113.5m -10.343   0.0148      SiO  247.0m -10.151   0.0230            
 TotC     0   -7.736   5.9844      nInu  6210A  -2.2701748565.4      H2O  66.42m  -9.690   0.0665      SiO  238.6m -10.182   0.0214            
 BFH1     0   -7.788   5.3020      nFnu  4885A -11.450   0.0012      H2O  136.5m -11.276   0.0017      SiO  230.6m -10.219   0.0196            
 Line     0  -10.999   0.0033      nInu  4885A  -2.0762732792.5      H2O  78.72m -10.099   0.0259      SiO  223.2m -10.263   0.0178            
 BFHe     0   -9.237   0.1888      nFnu  3704A -11.170   0.0022      H2O  132.4m -11.102   0.0026      SiO  216.3m -10.313   0.0158            
 TotM     0   -9.695   0.0658      nInu  3704A  -1.9223894082.0      H2O  40.68m -10.781   0.0054      SiO  209.8m -10.368   0.0139            
 H2O      0   -8.660   0.7124      nFnu  3588A -10.527   0.0097      H2O  58.68m  -9.762   0.0563      SiO  203.6m -10.430   0.0121            
 H2O      0   -9.141   0.2353      nInu  3588A  -1.8944160098.0      H2O  49.32m  -9.619   0.0783      SiO  197.9m -10.496   0.0104            
 OH       0   -9.095   0.2619      nFnu  2430A -10.764   0.0056      H2O  121.7m -11.127   0.0024      SiO  192.4m -10.569   0.0088            
 HCl      0  -10.350   0.0145      nInu  2430A  -1.6147914256.0      H2O  94.68m -11.248   0.0018      SiO  187.2m -10.646   0.0074            
 SO       0  -10.357   0.0143      nFnu  2392A -10.751   0.0058      H2O  99.47m -10.267   0.0176      SiO  182.4m -10.729   0.0061            
 SiO      0   -8.831   0.4807      nInu  2392A  -1.6078044298.5      H2O  100.9m -10.875   0.0043      SiO  177.7m -10.818   0.0050            
 CO       0   -8.496   1.0380      nFnu  2071A -10.624   0.0077      H2O  45.10m -10.251   0.0183      SiO  173.3m -10.913   0.0040            
 13CO     0  -10.012   0.0317      nInu  2071A  -1.507*********      H2O  47.96m  -9.874   0.0435      CO   650.1m -11.324   0.0015            
 continua....................      nFnu  2053A -10.616   0.0079      H2O  43.88m  -9.819   0.0494      CO   520.1m -10.890   0.0042            
 Bac   3646A  -9.602   0.0815      nInu  2053A  -1.511*********      H2O  39.36m  -9.950   0.0365      CO   433.4m -10.554   0.0091            
 nFnu  3645A  -9.590   0.0838      nFnu  1793A -10.510   0.0101      H2O  134.9m -11.316   0.0016      CO   371.5m -10.289   0.0167            
 nFnu  3647A -11.150   0.0023      nInu  1793A  -1.419*********      H2O  98.47m -11.420   0.0012      CO   325.1m -10.079   0.0271            
 cout  3646A  -9.903   0.0407      nFnu  1585A -10.435   0.0120      H2O  82.01m -10.161   0.0225      CO   289.0m  -9.914   0.0397            
 cref  3646A  -9.903   0.0407      nInu  1585A  -1.452*********      H2O  65.15m -10.272   0.0174      CO   260.2m  -9.785   0.0534            
 thin  3646A  -9.602   0.0815      nFnu  1458A -10.404   0.0129      H2O  30.89m -10.691   0.0066      CO   236.5m  -9.688   0.0667            
 Inci  4860A  -2.0912641907.8      nInu  1458A  -1.322*********      H2O  49.38m -10.211   0.0200      CO   216.9m  -9.620   0.0782            
 Inci  1215A  -1.365*********      nFnu  1357A -10.404   0.0128      H2O  27.98m -11.152   0.0023      CO   200.2m  -9.576   0.0864            
 FIR  83.00m  -3.436119367.62      nInu  1357A  -1.257*********      H2O  40.33m -10.139   0.0237      CO   185.9m  -9.555   0.0907            
 TIR   1800m  -5.738 594.6688      nFnu  1297A -10.429   0.0121      H2O  35.93m -10.309   0.0160      CO   173.6m  -9.556   0.0906            
 NIRa 2.850m  -2.637751047.56      nInu  1297A  -1.281*********      H2O  33.00m -10.649   0.0073      CO   162.8m  -9.576   0.0865            
 NIRb 3.000m  -2.988334467.50      nFnu  1263A -10.394   0.0132      H2O  94.62m -11.166   0.0022      CO   153.2m  -9.614   0.0792            
 MIRa 15.00m  -3.91239857.742      nInu  1263A  -1.257*********      H2O  104.1m -11.423   0.0012      CO   144.7m  -9.670   0.0696            
 MIRb 22.50m  -3.72561268.371      nFnu  1218A  -8.149   2.3093      H2O  71.93m -10.241   0.0187      CO   137.2m  -9.743   0.0588            
 NMIR 21.75m  -2.637751047.56      nInu  1218A  -1.367*********      H2O  66.07m -10.639   0.0075      CO   130.3m  -9.832   0.0480            
 TFIR 611.2m  -3.94836714.586      nFnu  1196A  -9.990   0.0333      H2O  29.83m -10.833   0.0048      CO   124.2m  -9.936   0.0377            
 TALL 10000A  -1.223*********      nInu  1196A  -1.306*********      H2O  74.92m -11.507   0.0010      CO   118.5m -10.055   0.0287            
 F12  12.00m  -4.41412549.512      nFnu  1175A -10.601   0.0082      H2O  34.54m -10.562   0.0089      CO   113.4m -10.189   0.0211            
 F25  25.00m  -4.29316586.352      nInu  1175A  -1.414*********      H2O  35.42m -10.507   0.0101      CO   108.7m -10.336   0.0150            
 F60  60.00m  -3.83547579.566      nFnu  1144A -10.707   0.0064      H2O  32.98m -10.755   0.0057      CO   104.4m -10.498   0.0104            
 F100 100.0m  -4.02330909.436      nInu  1144A  -1.208*********      H2O  30.52m -11.168   0.0022      CO   100.4m -10.672   0.0069            
 MIPS 24.00m  -4.6078045.1753      nFnu  1113A -10.753   0.0058      H2O  84.74m -11.391   0.0013      CO   96.75m -10.860   0.0045            
 MIPS 70.00m  -4.19320897.221      nInu  1113A  -1.261*********      H2O  63.31m -10.404   0.0128      CO   93.32m -11.061   0.0028            
 MIPS 160.0m  -4.41812443.675      nFnu  1103A -10.749   0.0058      H2O  55.12m -10.748   0.0058      CO   90.14m -11.275   0.0017            
 IRAC 3.600m  -4.47810834.823      nInu  1103A  -1.196*********      H2O  23.81m -11.306   0.0016      CO   87.17m -11.501   0.0010            
 IRAC 4.500m  -4.6816786.2739      nFnu  1074A -10.751   0.0058      H2O  44.69m -10.985   0.0034      13CO 302.3m -11.469   0.0011            
 IRAC 5.800m  -4.7615645.0508      nInu  1074A  -1.223*********      H2O  35.66m -11.092   0.0026      13CO 272.1m -11.336   0.0015            
 IRAC 8.000m  -4.6537241.2070      nFnu  1064A -10.748   0.0058      H2O  30.86m -11.274   0.0017      13CO 247.4m -11.234   0.0019            
 SPR1 250.0m  -4.8404709.4614      nInu  1064A  -1.213*********      H2O  56.80m -10.679   0.0068      13CO 226.8m -11.160   0.0023            
 SPR2 350.0m  -5.2761725.7054      nFnu  1036A -10.738   0.0060      H2O  51.67m -11.143   0.0023      13CO 209.4m -11.111   0.0025            
 SPR3 500.0m  -5.664 706.4053      nInu  1036A  -1.251*********      H2O  51.43m -11.044   0.0029      13CO 194.5m -11.084   0.0027            
 PAC1 70.00m  -4.13024117.367      nFnu  1000A -10.713   0.0063      H2O  101.0m -10.766   0.0056      13CO 181.6m -11.078   0.0027            
 PAC2 100.0m  -4.01831265.584      nInu  1000A  -1.253*********      H2O  138.5m -11.093   0.0026      13CO 170.2m -11.091   0.0026            
 PAC3 160.0m  -4.16122488.465      nFnu 925.1A -10.664   0.0071      H2O  89.96m -10.626   0.0077      13CO 160.3m -11.122   0.0025            
 PAH  3.300m  -5.2781717.9584      nInu 925.1A  -1.418*********      H2O  67.07m -10.178   0.0216      13CO 151.4m -11.171   0.0022            
 PAHC 3.230m  -5.535 949.1680      nFnu 897.8A -10.651   0.0073      H2O  125.3m -11.010   0.0032      13CO 143.5m -11.235   0.0019            
 PAHC 3.370m  -5.613 793.9321      nInu 897.8A  -2.1672219006.2      H2O  57.62m -10.590   0.0084      13CO 136.3m -11.315   0.0016            
 PAH  6.200m  -5.2631777.4700      nFnu 760.0A -10.604   0.0081      H2O  56.31m -10.201   0.0205      13CO 129.9m -11.410   0.0013            
 PAHC 5.650m  -5.2072022.3071      nInu 760.0A  -2.2501830040.1      H2O  49.27m -10.094   0.0262      level 1 lines...............            
 PAH  7.900m  -5.1092534.3701      nFnu 701.5A -10.650   0.0073      H2O  95.60m -10.673   0.0069      N  1  1200A -11.101   0.0026            
 PAHC 6.900m  -5.0333019.8674      nInu 701.5A  -2.4091268851.1      H2O  71.05m -10.623   0.0078      O  1 63.17m  -8.882   0.4276            
 PAH  11.30m  -5.626 770.4717      nInu 608.2A  -2.604810050.56      H2O  35.46m -11.094   0.0026      O  1 145.5m -10.604   0.0081            
 PAHC 10.90m  -5.620 780.6386      nInu 575.1A  -2.570876649.50      H2O  53.12m -10.415   0.0125      Na 1  5892A -11.216   0.0020            
 PAH  11.80m  -5.3921321.2136      nInu 511.9A  -2.745585348.12      H2O  44.18m -10.303   0.0162      Mg 1  2853A  -9.429   0.1214            
 PAHC 12.65m  -5.4011293.9712      nInu 496.9A  -3.258179734.06      H2O  39.37m -10.423   0.0123      Mg 1  2026A -10.486   0.0106            
 PAH  13.30m  -5.3511452.0903      nInu 399.2A  -3.170220343.91      H2O  83.26m -10.664   0.0071      Si 1 129.6m -10.675   0.0069            
 PAHC 14.10m  -5.3601421.4995      RRC.........................      H2O  78.91m -11.114   0.0025      Si 1 68.40m  -9.850   0.0460            
 Bcon  3640A  -1.312*********      H  1 911.8A -10.930   0.0038      H2O  36.20m -10.982   0.0034      Si 1  2518A -10.365   0.0141            
 Pcon  5000A  -2.2191965275.0      grains......................      H2O  40.75m -10.632   0.0076      Si 1  2215A -10.971   0.0035            
 HFFc     0   -8.676   0.6865      H-like iso-sequence.........      H2O  39.39m -10.584   0.0085      S  1 25.19m  -9.045   0.2934            
 MeFB     0  -10.253   0.0182      Hlin 912.0A -11.136   0.0024      H2O  35.89m -10.780   0.0054      S  1 56.29m -10.989   0.0033            
 MeFF     0  -10.988   0.0033      Hrst 960.0A -11.441   0.0012      H2O  71.52m -10.707   0.0064      Cl 1 11.33m -10.669   0.0070            
 ToFF     0  -10.987   0.0034      Hrst     0  -11.435   0.0012      H2O  59.97m -10.944   0.0037      Ca 1  4228A -10.674   0.0069            
 nInu 3.554c -10.813   0.0050      Q(H)  4861A  -4.32315465.322      H2O  27.02m -11.363   0.0014      Fe 1 24.04m  -8.656   0.7181            
 nInu 3.432c -10.768   0.0056      Q(H)  1216A  -2.787532014.25      H2O  57.69m -11.293   0.0017      Fe 1 34.70m  -9.892   0.0417            
 nInu 3.400c -10.755   0.0057      H  1     0  -10.651   0.0073      H2O  37.56m -11.019   0.0031      Fe 1  3729A -11.492   0.0010            
 nInu 2.003c -10.071   0.0277      H  1  1216A  -6.023 308.4724      H2O  33.12m -11.224   0.0019      Fe 1  3021A -10.960   0.0036            
 nInu 1.335c  -9.537   0.0946      H  1  1026A  -6.582  85.2264      H2O  33.00m -11.111   0.0025      Fe 1  2966A -11.421   0.0012            
 nInu  9993m  -9.159   0.2258      H  1 972.5A  -7.183  21.3440      H2O  56.76m -11.152   0.0023      Fe2c     0   -8.595   0.8273            
 nInu  6917m  -8.684   0.6747      H  1 949.7A  -7.316  15.7266      H2O  31.73m -11.482   0.0011      Fe 2  2400A -10.286   0.0169            
 nFnu 122.4m  -9.306   0.1610      H  1 937.8A  -7.613   7.9423      H2O  63.44m -10.882   0.0043      Fe 2 25.98m  -8.631   0.7614            
 nInu 122.4m  -3.60780544.414      H  1 930.8A  -7.965   3.5263      OH   119.4m -10.623   0.0078      Fe 2 35.34m  -9.732   0.0604            
 nFnu 60.83m  -9.069   0.2777      H  1 926.2A  -8.311   1.5899      OH   119.4m -10.431   0.0121      Fe 2 51.29m -10.899   0.0041            
 nInu 60.83m  -3.65472237.031      H  1 923.2A  -8.568   0.8813      OH   119.2m -10.621   0.0078      Fe 2  1786A  -9.732   0.0603            
 nFnu 41.22m  -9.018   0.3121      H  1 921.0A  -8.844   0.4659      OH   119.2m -10.429   0.0121      Ni 1 7.505m -11.211   0.0020            
 nInu 41.22m  -3.76655824.562      H  1  6563A  -7.947   3.6771      OH   79.16m -11.397   0.0013      recombination...............            
 nFnu 30.87m  -9.039   0.2974      H  1  4861A  -8.513   1.0000      OH   79.10m -11.401   0.0013      level2 lines................            
 nInu 30.87m  -3.86644357.332      H  1  4340A  -8.685   0.6725      OH   53.34m -11.277   0.0017      O  1 867.3A -11.000   0.0033            
 nFnu 24.78m  -9.101   0.2583      H  1  4102A  -8.932   0.3809      OH   163.4m -11.310   0.0016      O  1 787.5A -11.311   0.0016            
 nInu 24.78m  -3.94337141.809      H  1  3970A  -9.157   0.2269      OH   53.34m -11.021   0.0031      O  1 976.8A -10.518   0.0099            
 nFnu 24.30m  -9.109   0.2536      H  1  3889A  -9.357   0.1431      OH   53.25m -11.285   0.0017      O  1 969.0A -10.774   0.0055            
 nInu 24.30m  -3.95036547.031      H  1  3835A  -9.521   0.0982      OH   163.1m -11.309   0.0016      O  1 946.4A -11.179   0.0022            
 nFnu 22.83m  -9.135   0.2387      H  1  3798A  -9.749   0.0581      OH   53.25m -11.030   0.0030      O  1 934.5A -11.438   0.0012            
 nInu 22.83m  -3.97134819.715      H  1 1.875m  -9.163   0.2236      OH   84.57m  -9.906   0.0404      Ne 1 688.6A -11.468   0.0011            
 nFnu 21.42m  -9.168   0.2212      H  1 1.282m  -9.393   0.1319      OH   84.57m -11.338   0.0015      Mg 1  1817A -11.115   0.0025            
 nInu 21.42m  -3.99433040.316      H  1 1.094m  -9.588   0.0841      OH   84.57m -10.037   0.0299      Al 1  1776A -11.046   0.0029            
 nFnu 21.12m  -9.176   0.2170      H  1 1.005m  -9.744   0.0587      OH   84.40m  -9.905   0.0405      Al 2  1671A -10.834   0.0048            
 nInu 21.12m  -3.99932642.809      H  1  9546A  -9.904   0.0406      OH   84.40m -11.336   0.0015      Si 1  1261A -10.187   0.0212            
 nFnu 19.62m  -9.219   0.1968      H  1  9229A -10.051   0.0290      OH   84.40m -10.035   0.0300      Si 1  1853A -10.260   0.0179            
 nInu 19.62m  -4.02230941.521      H  1  9015A -10.271   0.0174      OH   98.71m -10.666   0.0070      Si 1  1694A -10.456   0.0114            
 nFnu 17.65m  -9.299   0.1637      H  1 4.051m  -9.766   0.0558      OH   48.80m -11.136   0.0024      Si 1  1626A -10.737   0.0060            
 nInu 17.65m  -4.05228852.822      H  1 2.625m  -9.973   0.0347      OH   34.62m -11.512   0.0010      Si 1  1091A -10.760   0.0057            
 nFnu 17.37m  -9.311   0.1592      H  1 2.166m -10.123   0.0245      OH   98.71m -10.474   0.0109      Si 1  2000A -10.961   0.0036            
 nInu 17.37m  -4.05728579.146      H  1 1.945m -10.279   0.0171      OH   48.80m -10.981   0.0034      Si 1  1591A -10.980   0.0034            
 nFnu 15.69m  -9.401   0.1294      H  1 1.817m -10.424   0.0123      OH   34.62m -11.320   0.0016      Si 1  1668A -11.118   0.0025            
 nInu 15.69m  -4.08426819.857      H  1 1.736m -10.642   0.0074      OH   98.70m -10.666   0.0070      Si 1  1570A -11.245   0.0019            
 nFnu 14.60m  -9.473   0.1095      H  1 7.458m -10.242   0.0186      OH   48.69m -11.146   0.0023      Si 1  1616A -11.202   0.0020            
 nInu 14.60m  -4.10425653.100      H  1 4.653m -10.407   0.0128      OH   98.70m -10.474   0.0109      Si 1  1834A -11.202   0.0020            
 nFnu 12.43m  -9.679   0.0682      H  1 3.740m -10.569   0.0088      OH   48.69m -10.991   0.0033      Si 1  1557A -11.413   0.0013            
 nInu 12.43m  -4.14923099.930      H  1 3.296m -10.714   0.0063      OH   34.59m -11.332   0.0015      Si 1  1586A -11.477   0.0011            
 nFnu 11.40m  -9.806   0.0509      H  1 3.038m -10.932   0.0038      HCl  159.7m -11.355   0.0014      S  1  1356A -10.816   0.0050            
 nInu 11.40m  -4.17321885.426      H  1 12.37m -10.655   0.0072      HCl  159.7m -11.192   0.0021      S  1  1227A -10.981   0.0034            
 nFnu 10.46m  -9.949   0.0366      H  1 7.500m -10.812   0.0050      HCl  119.9m -10.930   0.0038      S  1  1662A -11.075   0.0027            
 nInu 10.46m  -4.19620734.859      H  1 5.907m -10.956   0.0036      HCl  119.9m -11.054   0.0029      S  1  1392A -11.488   0.0011            
 nFnu 9.480m -10.141   0.0235      H  1 5.127m -11.172   0.0022      SiO  862.9m -11.499   0.0010      Ar 1  1096A -11.203   0.0020            
 nInu 9.480m  -4.21319941.992      H  1 19.06m -11.043   0.0030      SiO  767.1m -11.276   0.0017      Fe 1  2485A -10.216   0.0198            
 nFnu 9.325m -10.172   0.0219      H  1 11.31m -11.168   0.0022      SiO  690.4m -11.084   0.0027      Fe 1  2527A -10.558   0.0090            
 nInu 9.325m  -4.21419901.219      H  1 8.758m -11.378   0.0014      SiO  627.7m -10.918   0.0039      Fe 1  2181A -10.844   0.0047            
 nFnu 8.210m -10.466   0.0111      H  1 27.80m -11.380   0.0014      SiO  575.4m -10.774   0.0055      Fe 1  2731A -10.997   0.0033            
 nInu 8.210m  -4.21519864.750      He-like iso-sequence........      SiO  531.2m -10.648   0.0073      Fe 1  1851A -11.405   0.0013            
 nFnu 7.580m -10.674   0.0069      Hlin 506.0A -10.633   0.0076      SiO  493.3m -10.539   0.0094      Fe 1  2361A -11.442   0.0012            
 nInu 7.580m  -4.20820146.174      He 1     0  -10.727   0.0061      SiO  460.4m -10.445   0.0117      Fe 1  2084A -11.468   0.0011            
 nFnu 7.050m -10.867   0.0044      He 1 584.3A  -8.486   1.0641      SiO  431.7m -10.364   0.0141      hyperfine structure.........            
 nInu 7.050m  -4.19920584.553      He 1 537.0A  -9.254   0.1814      SiO  406.3m -10.296   0.0165      inner shell.................            
 nInu 4.114m  -3.94936637.043      He 1 522.2A  -9.643   0.0741      SiO  383.8m -10.239   0.0188      molecules...................            
 nInu 2.324m  -3.456114008.41      He 1 515.6A  -9.941   0.0373      SiO  363.6m -10.192   0.0209      H2dH     0   -9.858   0.0452            
 nInu 1.643m  -3.092263620.75      He 1 512.1A -10.176   0.0217      SiO  345.5m -10.154   0.0228      H2vH     0   -9.069   0.2781            
 nFnu 1.480m  -7.540   9.3961      Pho+  3889A  -9.452   0.1149      SiO  329.1m -10.126   0.0243      H-FB     0   -9.483   0.1070            
 nInu 1.480m  -3.012316799.47      database lines..............      SiO  314.1m -10.107   0.0255      H-FF     0   -8.678   0.6831            
 nFnu 1.436m  -7.871   4.3832      H2O  179.5m -11.061   0.0028      SiO  300.5m -10.096   0.0261      COdh     0  -11.058   0.0028            

                                                    Emergent line intensities
 general properties..........      nFnu  2430A -10.764   0.0056      H2O  40.68m -10.781   0.0054      SiO  266.0m -10.107   0.0254            
 TOTL  4861A  -8.513   1.0000      nInu  2430A  -1.6147914256.0      H2O  58.68m  -9.762   0.0563      SiO  256.1m -10.126   0.0244            
 TOTL  1216A  -6.023 308.4724      nFnu  2392A -10.751   0.0058      H2O  49.32m  -9.619   0.0783      SiO  247.0m -10.151   0.0230            
 continua....................      nInu  2392A  -1.6078044298.5      H2O  121.7m -11.127   0.0024      SiO  238.6m -10.182   0.0214            
 Bac   3646A  -9.602   0.0815      nFnu  2071A -10.624   0.0077      H2O  94.68m -11.248   0.0018      SiO  230.6m -10.219   0.0196            
 nFnu  3645A  -9.590   0.0838      nInu  2071A  -1.507*********      H2O  99.47m -10.267   0.0176      SiO  223.2m -10.263   0.0178            
 nFnu  3647A -11.150   0.0023      nFnu  2053A -10.616   0.0079      H2O  100.9m -10.875   0.0043      SiO  216.3m -10.313   0.0158            
 cout  3646A  -9.903   0.0407      nInu  2053A  -1.511*********      H2O  45.10m -10.251   0.0183      SiO  209.8m -10.368   0.0139            
 cref  3646A  -9.903   0.0407      nFnu  1793A -10.510   0.0101      H2O  47.96m  -9.874   0.0435      SiO  203.6m -10.430   0.0121            
 thin  3646A  -9.602   0.0815      nInu  1793A  -1.419*********      H2O  43.88m  -9.819   0.0494      SiO  197.9m -10.496   0.0104            
 Inci  4860A  -2.0912641907.8      nFnu  1585A -10.435   0.0120      H2O  39.36m  -9.950   0.0365      SiO  192.4m -10.569   0.0088            
 Inci  1215A  -1.365*********      nInu  1585A  -1.452*********      H2O  134.9m -11.316   0.0016      SiO  187.2m -10.646   0.0074            
 FIR  83.00m  -3.436119367.62      nFnu  1458A -10.404   0.0129      H2O  98.47m -11.420   0.0012      SiO  182.4m -10.729   0.0061            
 TIR   1800m  -5.738 594.6688      nInu  1458A  -1.322*********      H2O  82.01m -10.161   0.0225      SiO  177.7m -10.818   0.0050            
 NIRa 2.850m  -2.637751047.56      nFnu  1357A -10.404   0.0128      H2O  65.15m -10.272   0.0174      SiO  173.3m -10.913   0.0040            
 NIRb 3.000m  -2.988334467.50      nInu  1357A  -1.257*********      H2O  30.89m -10.691   0.0066      CO   650.1m -11.324   0.0015            
 MIRa 15.00m  -3.91239857.742      nFnu  1297A -10.429   0.0121      H2O  49.38m -10.211   0.0200      CO   520.1m -10.890   0.0042            
 MIRb 22.50m  -3.72561268.371      nInu  1297A  -1.281*********      H2O  27.98m -11.152   0.0023      CO   433.4m -10.554   0.0091            
 NMIR 21.75m  -2.637751047.56      nFnu  1263A -10.394   0.0132      H2O  40.33m -10.139   0.0237      CO   371.5m -10.289   0.0167            
 TFIR 611.2m  -3.94836714.586      nInu  1263A  -1.257*********      H2O  35.93m -10.309   0.0160      CO   325.1m -10.079   0.0271            
 TALL 10000A  -1.223*********      nFnu  1218A  -8.149   2.3093      H2O  33.00m -10.649   0.0073      CO   289.0m  -9.914   0.0397            
 F12  12.00m  -4.41412549.512      nInu  1218A  -1.367*********      H2O  94.62m -11.166   0.0022      CO   260.2m  -9.785   0.0534            
 F25  25.00m  -4.29316586.352      nFnu  1196A  -9.990   0.0333      H2O  104.1m -11.423   0.0012      CO   236.5m  -9.688   0.0667            
 F60  60.00m  -3.83547579.566      nInu  1196A  -1.306*********      H2O  71.93m -10.241   0.0187      CO   216.9m  -9.620   0.0782            
 F100 100.0m  -4.02330909.436      nFnu  1175A -10.601   0.0082      H2O  66.07m -10.639   0.0075      CO   200.2m  -9.576   0.0864            
 MIPS 24.00m  -4.6078045.1753      nInu  1175A  -1.414*********      H2O  29.83m -10.833   0.0048      CO   185.9m  -9.555   0.0907            
 MIPS 70.00m  -4.19320897.221      nFnu  1144A -10.707   0.0064      H2O  74.92m -11.507   0.0010      CO   173.6m  -9.556   0.0906            
 MIPS 160.0m  -4.41812443.675      nInu  1144A  -1.208*********      H2O  34.54m -10.562   0.0089      CO   162.8m  -9.576   0.0865            
 IRAC 3.600m  -4.47810834.823      nFnu  1113A -10.753   0.0058      H2O  35.42m -10.507   0.0101      CO   153.2m  -9.614   0.0792            
 IRAC 4.500m  -4.6816786.2739      nInu  1113A  -1.261*********      H2O  32.98m -10.755   0.0057      CO   144.7m  -9.670   0.0696            
 IRAC 5.800m  -4.7615645.0508      nFnu  1103A -10.749   0.0058      H2O  30.52m -11.168   0.0022      CO   137.2m  -9.743   0.0588            
 IRAC 8.000m  -4.6537241.2070      nInu  1103A  -1.196*********      H2O  84.74m -11.391   0.0013      CO   130.3m  -9.832   0.0480            
 SPR1 250.0m  -4.8404709.4614      nFnu  1074A -10.751   0.0058      H2O  63.31m -10.404   0.0128      CO   124.2m  -9.936   0.0377            
 SPR2 350.0m  -5.2761725.7054      nInu  1074A  -1.223*********      H2O  55.12m -10.748   0.0058      CO   118.5m -10.055   0.0287            
 SPR3 500.0m  -5.664 706.4053      nFnu  1064A -10.748   0.0058      H2O  23.81m -11.306   0.0016      CO   113.4m -10.189   0.0211            
 PAC1 70.00m  -4.13024117.367      nInu  1064A  -1.213*********      H2O  44.69m -10.985   0.0034      CO   108.7m -10.336   0.0150            
 PAC2 100.0m  -4.01831265.584      nFnu  1036A -10.738   0.0060      H2O  35.66m -11.092   0.0026      CO   104.4m -10.498   0.0104            
 PAC3 160.0m  -4.16122488.465      nInu  1036A  -1.251*********      H2O  30.86m -11.274   0.0017      CO   100.4m -10.672   0.0069            
 PAH  3.300m  -5.2781717.9584      nFnu  1000A -10.713   0.0063      H2O  56.80m -10.679   0.0068      CO   96.75m -10.860   0.0045            
 PAHC 3.230m  -5.535 949.1680      nInu  1000A  -1.253*********      H2O  51.67m -11.143   0.0023      CO   93.32m -11.061   0.0028            
 PAHC 3.370m  -5.613 793.9321      nFnu 925.1A -10.664   0.0071      H2O  51.43m -11.044   0.0029      CO   90.14m -11.275   0.0017            
 PAH  6.200m  -5.2631777.4700      nInu 925.1A  -1.418*********      H2O  101.0m -10.766   0.0056      CO   87.17m -11.501   0.0010            
 PAHC 5.650m  -5.2072022.3071      nFnu 897.8A -10.651   0.0073      H2O  138.5m -11.093   0.0026      13CO 302.3m -11.469   0.0011            
 PAH  7.900m  -5.1092534.3701      nInu 897.8A  -2.1672219006.2      H2O  89.96m -10.626   0.0077      13CO 272.1m -11.336   0.0015            
 PAHC 6.900m  -5.0333019.8674      nFnu 760.0A -10.604   0.0081      H2O  67.07m -10.178   0.0216      13CO 247.4m -11.234   0.0019            
 PAH  11.30m  -5.626 770.4717      nInu 760.0A  -2.2501830040.1      H2O  125.3m -11.010   0.0032      13CO 226.8m -11.160   0.0023            
 PAHC 10.90m  -5.620 780.6386      nFnu 701.5A -10.650   0.0073      H2O  57.62m -10.590   0.0084      13CO 209.4m -11.111   0.0025            
 PAH  11.80m  -5.3921321.2136      nInu 701.5A  -2.4091268851.1      H2O  56.31m -10.201   0.0205      13CO 194.5m -11.084   0.0027            
 PAHC 12.65m  -5.4011293.9712      nInu 608.2A  -2.604810050.56      H2O  49.27m -10.094   0.0262      13CO 181.6m -11.078   0.0027            
 PAH  13.30m  -5.3511452.0903      nInu 575.1A  -2.570876649.50      H2O  95.60m -10.673   0.0069      13CO 170.2m -11.091   0.0026            
 PAHC 14.10m  -5.3601421.4995      nInu 511.9A  -2.745585348.12      H2O  71.05m -10.623   0.0078      13CO 160.3m -11.122   0.0025            
 Bcon  3640A  -1.312*********      nInu 496.9A  -3.258179734.06      H2O  35.46m -11.094   0.0026      13CO 151.4m -11.171   0.0022            
 Pcon  5000A  -2.2191965275.0      nInu 399.2A  -3.170220343.91      H2O  53.12m -10.415   0.0125      13CO 143.5m -11.235   0.0019            
 nInu 3.554c -10.813   0.0050      RRC.........................      H2O  44.18m -10.303   0.0162      13CO 136.3m -11.315   0.0016            
 nInu 3.432c -10.768   0.0056      grains......................      H2O  39.37m -10.423   0.0123      13CO 129.9m -11.410   0.0013            
 nInu 3.400c -10.755   0.0057      H-like iso-sequence.........      H2O  83.26m -10.664   0.0071      level 1 lines...............            
 nInu 2.003c -10.071   0.0277      Hlin 912.0A -11.136   0.0024      H2O  78.91m -11.114   0.0025      N  1  1200A -11.101   0.0026            
 nInu 1.335c  -9.537   0.0946      Hrst 960.0A -11.441   0.0012      H2O  36.20m -10.982   0.0034      O  1 63.17m  -8.882   0.4276            
 nInu  9993m  -9.159   0.2258      Q(H)  4861A  -4.32315465.322      H2O  40.75m -10.632   0.0076      O  1 145.5m -10.604   0.0081            
 nInu  6917m  -8.684   0.6747      Q(H)  1216A  -2.787532014.25      H2O  39.39m -10.584   0.0085      Na 1  5892A -11.216   0.0020            
 nFnu 122.4m  -9.306   0.1610      H  1  1216A  -6.023 308.4724      H2O  35.89m -10.780   0.0054      Mg 1  2853A  -9.429   0.1214            
 nInu 122.4m  -3.60780544.414      H  1  1026A  -6.582  85.2264      H2O  71.52m -10.707   0.0064      Mg 1  2026A -10.486   0.0106            
 nFnu 60.83m  -9.069   0.2777      H  1 972.5A  -7.183  21.3440      H2O  59.97m -10.944   0.0037      Si 1 129.6m -10.675   0.0069            
 nInu 60.83m  -3.65472237.031      H  1 949.7A  -7.316  15.7266      H2O  27.02m -11.363   0.0014      Si 1 68.40m  -9.850   0.0460            
 nFnu 41.22m  -9.018   0.3121      H  1 937.8A  -7.613   7.9423      H2O  57.69m -11.293   0.0017      Si 1  2518A -10.365   0.0141            
 nInu 41.22m  -3.76655824.562      H  1 930.8A  -7.965   3.5263      H2O  37.56m -11.019   0.0031      Si 1  2215A -10.971   0.0035            
 nFnu 30.87m  -9.039   0.2974      H  1 926.2A  -8.311   1.5899      H2O  33.12m -11.224   0.0019      S  1 25.19m  -9.045   0.2934            
 nInu 30.87m  -3.86644357.332      H  1 923.2A  -8.568   0.8813      H2O  33.00m -11.111   0.0025      S  1 56.29m -10.989   0.0033            
 nFnu 24.78m  -9.101   0.2583      H  1 921.0A  -8.844   0.4659      H2O  56.76m -11.152   0.0023      Cl 1 11.33m -10.669   0.0070            
 nInu 24.78m  -3.94337141.809      H  1  6563A  -7.947   3.6771      H2O  31.73m -11.482   0.0011      Ca 1  4228A -10.674   0.0069            
 nFnu 24.30m  -9.109   0.2536      H  1  4861A  -8.513   1.0000      H2O  63.44m -10.882   0.0043      Fe 1 24.04m  -8.656   0.7181            
 nInu 24.30m  -3.95036547.031      H  1  4340A  -8.685   0.6725      OH   119.4m -10.623   0.0078      Fe 1 34.70m  -9.892   0.0417            
 nFnu 22.83m  -9.135   0.2387      H  1  4102A  -8.932   0.3809      OH   119.4m -10.431   0.0121      Fe 1  3729A -11.492   0.0010            
 nInu 22.83m  -3.97134819.715      H  1  3970A  -9.157   0.2269      OH   119.2m -10.621   0.0078      Fe 1  3021A -10.960   0.0036            
 nFnu 21.42m  -9.168   0.2212      H  1  3889A  -9.357   0.1431      OH   119.2m -10.429   0.0121      Fe 1  2966A -11.421   0.0012            
 nInu 21.42m  -3.99433040.316      H  1  3835A  -9.521   0.0982      OH   79.16m -11.397   0.0013      Fe 2  2400A -10.286   0.0169            
 nFnu 21.12m  -9.176   0.2170      H  1  3798A  -9.749   0.0581      OH   79.10m -11.401   0.0013      Fe 2 25.98m  -8.631   0.7614            
 nInu 21.12m  -3.99932642.809      H  1 1.875m  -9.163   0.2236      OH   53.34m -11.277   0.0017      Fe 2 35.34m  -9.732   0.0604            
 nFnu 19.62m  -9.219   0.1968      H  1 1.282m  -9.393   0.1319      OH   163.4m -11.310   0.0016      Fe 2 51.29m -10.899   0.0041            
 nInu 19.62m  -4.02230941.521      H  1 1.094m  -9.588   0.0841      OH   53.34m -11.021   0.0031      Fe 2  1786A  -9.732   0.0603            
 nFnu 17.65m  -9.299   0.1637      H  1 1.005m  -9.744   0.0587      OH   53.25m -11.285   0.0017      Ni 1 7.505m -11.211   0.0020            
 nInu 17.65m  -4.05228852.822      H  1  9546A  -9.904   0.0406      OH   163.1m -11.309   0.0016      recombination...............            
 nFnu 17.37m  -9.311   0.1592      H  1  9229A -10.051   0.0290      OH   53.25m -11.030   0.0030      level2 lines................            
 nInu 17.37m  -4.05728579.146      H  1  9015A -10.271   0.0174      OH   84.57m  -9.906   0.0404      O  1 867.3A -11.000   0.0033            
 nFnu 15.69m  -9.401   0.1294      H  1 4.051m  -9.766   0.0558      OH   84.57m -11.338   0.0015      O  1 787.5A -11.311   0.0016            
 nInu 15.69m  -4.08426819.857      H  1 2.625m  -9.973   0.0347      OH   84.57m -10.037   0.0299      O  1 976.8A -10.518   0.0099            
 nFnu 14.60m  -9.473   0.1095      H  1 2.166m -10.123   0.0245      OH   84.40m  -9.905   0.0405      O  1 969.0A -10.774   0.0055            
 nInu 14.60m  -4.10425653.100      H  1 1.945m -10.279   0.0171      OH   84.40m -11.336   0.0015      O  1 946.4A -11.179   0.0022            
 nFnu 12.43m  -9.679   0.0682      H  1 1.817m -10.424   0.0123      OH   84.40m -10.035   0.0300      O  1 934.5A -11.438   0.0012            
 nInu 12.43m  -4.14923099.930      H  1 1.736m -10.642   0.0074      OH   98.71m -10.666   0.0070      Ne 1 688.6A -11.468   0.0011            
 nFnu 11.40m  -9.806   0.0509      H  1 7.458m -10.242   0.0186      OH   48.80m -11.136   0.0024      Mg 1  1817A -11.115   0.0025            
 nInu 11.40m  -4.17321885.426      H  1 4.653m -10.407   0.0128      OH   34.62m -11.512   0.0010      Al 1  1776A -11.046   0.0029            
 nFnu 10.46m  -9.949   0.0366      H  1 3.740m -10.569   0.0088      OH   98.71m -10.474   0.0109      Al 2  1671A -10.834   0.0048            
 nInu 10.46m  -4.19620734.859      H  1 3.296m -10.714   0.0063      OH   48.80m -10.981   0.0034      Si 1  1261A -10.187   0.0212            
 nFnu 9.480m -10.141   0.0235      H  1 3.038m -10.932   0.0038      OH   34.62m -11.320   0.0016      Si 1  1853A -10.260   0.0179            
 nInu 9.480m  -4.21319941.992      H  1 12.37m -10.655   0.0072      OH   98.70m -10.666   0.0070      Si 1  1694A -10.456   0.0114            
 nFnu 9.325m -10.172   0.0219      H  1 7.500m -10.812   0.0050      OH   48.69m -11.146   0.0023      Si 1  1626A -10.737   0.0060            
 nInu 9.325m  -4.21419901.219      H  1 5.907m -10.956   0.0036      OH   98.70m -10.474   0.0109      Si 1  1091A -10.760   0.0057            
 nFnu 8.210m -10.466   0.0111      H  1 5.127m -11.172   0.0022      OH   48.69m -10.991   0.0033      Si 1  2000A -10.961   0.0036            
 nInu 8.210m  -4.21519864.750      H  1 19.06m -11.043   0.0030      OH   34.59m -11.332   0.0015      Si 1  1591A -10.980   0.0034            
 nFnu 7.580m -10.674   0.0069      H  1 11.31m -11.168   0.0022      HCl  159.7m -11.355   0.0014      Si 1  1668A -11.118   0.0025            
 nInu 7.580m  -4.20820146.174      H  1 8.758m -11.378   0.0014      HCl  159.7m -11.192   0.0021      Si 1  1570A -11.245   0.0019            
 nFnu 7.050m -10.867   0.0044      H  1 27.80m -11.380   0.0014      HCl  119.9m -10.930   0.0038      Si 1  1616A -11.202   0.0020            
 nInu 7.050m  -4.19920584.553      He-like iso-sequence........      HCl  119.9m -11.054   0.0029      Si 1  1834A -11.202   0.0020            
 nInu 4.114m  -3.94936637.043      Hlin 506.0A -10.633   0.0076      SiO  862.9m -11.499   0.0010      Si 1  1557A -11.413   0.0013            
 nInu 2.324m  -3.456114008.41      He 1 584.3A  -8.486   1.0640      SiO  767.1m -11.276   0.0017      Si 1  1586A -11.477   0.0011            
 nInu 1.643m  -3.092263620.75      He 1 537.0A  -9.254   0.1813      SiO  690.4m -11.084   0.0027      S  1  1356A -10.816   0.0050            
 nFnu 1.480m  -7.540   9.3961      He 1 522.2A  -9.643   0.0741      SiO  627.7m -10.918   0.0039      S  1  1227A -10.981   0.0034            
 nInu 1.480m  -3.012316799.47      He 1 515.6A  -9.941   0.0373      SiO  575.4m -10.774   0.0055      S  1  1662A -11.075   0.0027            
 nFnu 1.436m  -7.871   4.3832      He 1 512.1A -10.176   0.0217      SiO  531.2m -10.648   0.0073      S  1  1392A -11.488   0.0011            
 nInu 1.436m  -2.963354168.56      Pho+  3889A  -9.452   0.1149      SiO  493.3m -10.539   0.0094      Ar 1  1096A -11.203   0.0020            
 nInu 1.119m  -2.760565877.31      database lines..............      SiO  460.4m -10.445   0.0117      Fe 1  2485A -10.216   0.0198            
 nInu  8330A  -2.543933122.69      H2O  179.5m -11.061   0.0028      SiO  431.7m -10.364   0.0141      Fe 1  2527A -10.558   0.0090            
 nFnu  8079A -10.651   0.0073      H2O  108.0m -10.322   0.0155      SiO  406.3m -10.296   0.0165      Fe 1  2181A -10.844   0.0047            
 nInu  8079A  -2.4931046041.1      H2O  180.4m -11.468   0.0011      SiO  383.8m -10.239   0.0188      Fe 1  2731A -10.997   0.0033            
 nInu  6210A  -2.2701748565.4      H2O  174.6m -11.096   0.0026      SiO  363.6m -10.192   0.0209      Fe 1  1851A -11.405   0.0013            
 nFnu  4885A -11.450   0.0012      H2O  75.36m -10.114   0.0250      SiO  345.5m -10.154   0.0228      Fe 1  2361A -11.442   0.0012            
 nInu  4885A  -2.0762732792.5      H2O  113.5m -10.343   0.0148      SiO  329.1m -10.126   0.0243      Fe 1  2084A -11.468   0.0011            
 nFnu  3704A -11.170   0.0022      H2O  66.42m  -9.690   0.0665      SiO  314.1m -10.107   0.0255      hyperfine structure.........            
 nInu  3704A  -1.9223894082.0      H2O  136.5m -11.276   0.0017      SiO  300.5m -10.096   0.0261      inner shell.................            
 nFnu  3588A -10.527   0.0097      H2O  78.72m -10.099   0.0259      SiO  288.0m -10.092   0.0263      molecules...................            
 nInu  3588A  -1.8944160098.0      H2O  132.4m -11.102   0.0026      SiO  276.6m -10.096   0.0261            



                                                                           
 Cooling:  HFFc     0 :0.115 Fe2c     0 :0.138  
 Heating:  BFH1     0 :0.886  

 These are some of the most important databases used by Cloudy:
 Many recombination coefficients were taken from http://amdpp.phys.strath.ac.uk/tamoc/RR/ and http://amdpp.phys.strath.ac.uk/tamoc/DR/
      and are based on the following papers:
        Badnell N. R., et al., A&A 406, 1151 (2003) [http://adsabs.harvard.edu/abs/2003A%26A...406.1151B]
        Badnell N. R., ApJS 167, 334 (2006) [http://adsabs.harvard.edu/abs/2006ApJS..167..334B]
 Much of the molecular emission data is from LAMDA as accessed on Dec. 18, 2010. This database is described in:
        Schoeier F.L., et al., A&A 432, 369 (2005) [http://adsabs.harvard.edu/abs/2005A%26A...432..369S]
      This database is in part based on the work of the following groups:
        JPL: Pickett H. M. et al., JQSRT, 60, 883 (1998). [http://adsabs.harvard.edu/abs/1998JQSRT..60..883P]
        CDMS: Mueller H. S. et al., A&A 370, L49 (2001). [http://adsabs.harvard.edu/abs/2001A%26A...370L..49M]
              Mueller H. S. et al., J. Mol. Struct. 742, 215 (2005). [http://adsabs.harvard.edu/abs/2005JMoSt.742..215M]
 Much of the ionic emission data is from version 7.0 of CHIANTI. CHIANTI is a collaborative project involving the NRL (USA), the
      Universities of Florence (Italy) and Cambridge (UK), and George Mason University (USA). These papers describe Chianti:
        Dere K. P., et al., A&AS, 125, 149 (1997) [http://adsabs.harvard.edu/abs/1997A%26AS..125..149D]
        Landi E., et al., ApJ, 744, 99 (2012) [http://adsabs.harvard.edu/abs/2012ApJ...744...99L]
 Much of the H_2 data is from this web site: http://molat.obspm.fr/index.php?page=pages/Molecules/H2/H2can94.php. These data are
      described in:
        Abgrall H. et al., Can. J. Phys., 72, 856 (1994) [http://adsabs.harvard.edu/abs/1994CaJPh..72..856A]
        Wrathmall S. A. & Flower D. R., J. Phys. B, 40, 3221 (2007) [http://adsabs.harvard.edu/abs/2007JPhB...40.3221W]
 Please cite those papers that played a significant role in this calculation.

 IONIZE PARMET:  U(1-)-13.4768  U(4-):-15.5368  U(sp):-13.48  Q(ion):    8.000  L(ion) -2.518    Q(low): 10.466    L(low) -1.246
 ENERGY BUDGET:  Heat:  -7.736  Coolg:  -7.736  Error:  0.1%  Rec Lin:  -8.109  F-F  H  0.000    P(rad/tot)max     0.00E+00

     Col(Heff):      0.000E+00  snd travl time  9.22E-04 sec  Te-low: 2.44E+02  Te-hi: 2.44E+02  G0TH85: 2.32E+01  G0DB96:2.54E+01
  Emiss Measure    n(e)n(p) dl       8.543E+11  n(e)n(He+)dl         1.180E+09  En(e)n(He++) dl         9.289E-01  ne nC+:5.30E+09
 He/Ha:2.06E-04  =   0.00*true  Lthin:2.41E+03  itr/zn:49.00  H2 itr/zn:  0.00  File Opacity: F  MassTot 2.65e-11  (gm/cm^2)
   Temps(21 cm)   T(21cm/Ly a)  2.31E+02        T(<nH/Tkin>)  2.44E+02          T(<nH/Tspin>)    2.45E+02          TB21cm:0.00E+00
                   N(H0/Tspin)  4.66E+10        N(OH/Tkin)    8.39E+02          B(21cm)          0.00E+00
   <a>:1.90E-06  erdeFe0.0E+00  Tcompt2.67E+07  Tthr3.46E+07  <Tden>: 2.44E+02  <dens>:2.27E-13  <MolWgt>1.27E+00
     Mean Jeans  l(cm)1.82E+15  M(sun)3.61E-01  smallest:     len(cm):1.82E+15  M(sun):3.61E-01  a_ox tran:  0.00
 Rion:1.000E+30  Dist:0.00E+00  Diam:0.000E+00
 Hatom level 70  HatomType: add  HInducImp  F  He tot level: 63  He2 level:   70  ExecTime    74.0
 ConvrgError(%)  <eden>  0.390  MaxEden  0.390  <H-C>   0.06  Max(H-C)    0.06  <Press>   0.000  MaxPrs er  0.000
  Continuity(%)  chng Te   0.0  elec den   0.0  n(H2)    0.0  n(CO)        0.0

                                                        Averaged Quantities
             Te      Te(Ne)   Te(NeNp)  Te(NeHe+)Te(NeHe2+) Te(NeO+)  Te(NeO2+)  Te(H2)     N(H)     Ne(O2+)   Ne(Np)
 Radius:  2.44e+02  2.44e+02  2.44e+02  2.44e+02  2.44e+02  2.44e+02  0.00e+00  2.44e+02  1.00e+11  0.00e+00  1.92e+06

 Contin Optical Depths: COMP: 1.49e-16    H-: 1.18e-15 R(1300): 7.67e-11  H2+: 4.38e-18  Pfa:1.75E-16
                          Pa: 2.07e-16    Ba: 5.08e-15      Hb: 1.45e-14   La: 1.79e-07     1r:7.229E-05  1.8:2.22E-05 4.:3.207E-06

 Old, new H  1 continuum optical depths:
     1 7.23e-05     2 6.14e-16     3 1.20e-15     4 1.20e-15     5 1.20e-15     6 3.01e-16     7 3.01e-16     8 3.01e-16
     9 3.01e-16    10 5.59e-18    11 5.59e-18    12 5.59e-18    13 5.59e-18    14 5.59e-18    15 1.39e-17    16 1.39e-17
    17 1.39e-17    18 1.39e-17    19 1.39e-17    20 1.39e-17    21 2.99e-17    22 2.99e-17    23 2.99e-17    24 2.99e-17
    25 2.99e-17    26 2.99e-17    27 2.99e-17    28 5.80e-17    29 5.80e-17    30 5.80e-17    31 5.80e-17    32 5.80e-17
    33 5.80e-17    34 5.80e-17    35 5.80e-17    36 1.04e-16    37 1.04e-16    38 1.04e-16    39 1.04e-16    40 1.04e-16
    41 1.04e-16    42 1.04e-16    43 1.04e-16    44 1.04e-16    45 1.75e-16    46 1.75e-16    47 1.75e-16    48 1.75e-16
    49 1.75e-16    50 1.75e-16    51 1.75e-16    52 1.75e-16    53 1.75e-16    54 1.75e-16
     1 7.23e-05     2 6.14e-16     3 1.20e-15     4 1.20e-15     5 1.20e-15     6 3.01e-16     7 3.01e-16     8 3.01e-16
     9 3.01e-16    10 5.59e-18    11 5.59e-18    12 5.59e-18    13 5.59e-18    14 5.59e-18    15 1.39e-17    16 1.39e-17
    17 1.39e-17    18 1.39e-17    19 1.39e-17    20 1.39e-17    21 2.99e-17    22 2.99e-17    23 2.99e-17    24 2.99e-17
    25 2.99e-17    26 2.99e-17    27 2.99e-17    28 5.80e-17    29 5.80e-17    30 5.80e-17    31 5.80e-17    32 5.80e-17
    33 5.80e-17    34 5.80e-17    35 5.80e-17    36 1.04e-16    37 1.04e-16    38 1.04e-16    39 1.04e-16    40 1.04e-16
    41 1.04e-16    42 1.04e-16    43 1.04e-16    44 1.04e-16    45 1.75e-16    46 1.75e-16    47 1.75e-16    48 1.75e-16
    49 1.75e-16    50 1.75e-16    51 1.75e-16    52 1.75e-16    53 1.75e-16    54 1.75e-16

 Old, new H  1 mean line optical depths:
  2- 1 7.62e+00  3- 2 6.42e-13  4- 3 2.38e-15  5- 4 1.90e-15  6- 5 4.79e-15  7- 6 6.32e-15  8- 7 9.81e-15
  9- 8 9.55e-15 10- 9 9.14e-14
  2- 1 7.62e+00  3- 2 6.24e-13  4- 3 2.31e-15  5- 4 1.86e-15  6- 5 4.71e-15  7- 6 6.25e-15  8- 7 9.62e-15
  9- 8 9.33e-15 10- 9 9.10e-14

 Old, new He 2 continuum optical depths:
     1 3.21e-06     2 7.14e-05     3 9.29e-10     4 9.29e-10     5 9.29e-10     6 6.14e-16     7 6.14e-16     8 6.14e-16
     9 6.14e-16    10 9.75e-16    11 9.75e-16    12 9.75e-16    13 9.75e-16    14 9.75e-16    15 1.20e-15    16 1.20e-15
    17 1.20e-15    18 1.20e-15    19 1.20e-15    20 1.20e-15    21 1.02e-15    22 1.02e-15    23 1.02e-15    24 1.02e-15
    25 1.02e-15    26 1.02e-15    27 1.02e-15    28 3.01e-16    29 3.01e-16    30 3.01e-16    31 3.01e-16    32 3.01e-16
    33 3.01e-16    34 3.01e-16    35 3.01e-16    36 3.32e-18    37 3.32e-18    38 3.32e-18    39 3.32e-18    40 3.32e-18
    41 3.32e-18    42 3.32e-18    43 3.32e-18    44 3.32e-18    45 5.59e-18    46 5.59e-18    47 5.59e-18    48 5.59e-18
    49 5.59e-18    50 5.59e-18    51 5.59e-18    52 5.59e-18    53 5.59e-18    54 5.59e-18
     1 3.21e-06     2 7.14e-05     3 9.29e-10     4 9.29e-10     5 9.29e-10     6 6.14e-16     7 6.14e-16     8 6.14e-16
     9 6.14e-16    10 9.75e-16    11 9.75e-16    12 9.75e-16    13 9.75e-16    14 9.75e-16    15 1.20e-15    16 1.20e-15
    17 1.20e-15    18 1.20e-15    19 1.20e-15    20 1.20e-15    21 1.02e-15    22 1.02e-15    23 1.02e-15    24 1.02e-15
    25 1.02e-15    26 1.02e-15    27 1.02e-15    28 3.01e-16    29 3.01e-16    30 3.01e-16    31 3.01e-16    32 3.01e-16
    33 3.01e-16    34 3.01e-16    35 3.01e-16    36 3.32e-18    37 3.32e-18    38 3.32e-18    39 3.32e-18    40 3.32e-18
    41 3.32e-18    42 3.32e-18    43 3.32e-18    44 3.32e-18    45 5.59e-18    46 5.59e-18    47 5.59e-18    48 5.59e-18
    49 5.59e-18    50 5.59e-18    51 5.59e-18    52 5.59e-18    53 5.59e-18    54 5.59e-18

 Old, new He 2 mean line optical depths:
  2- 1 1.99e-10  3- 2 8.86e-21  4- 3 4.43e-21  5- 4 4.43e-21  6- 5 4.43e-21  7- 6 4.43e-21  8- 7 4.43e-21
  9- 8 4.43e-21 10- 9 4.43e-21
  2- 1 1.99e-10  3- 2 4.43e-21  4- 3 2.22e-21  5- 4 2.22e-21  6- 5 2.22e-21  7- 6 2.22e-21  8- 7 2.22e-21
  9- 8 2.22e-21 10- 9 2.22e-21

 Old He Is optical depths:    1 2.22e-05    2 1.35e-13    3 5.08e-16    4 5.71e-16    5 5.71e-16
 New He Is optical depths:    1 2.22e-05    2 1.35e-13    3 5.08e-16    4 5.71e-16    5 5.71e-16
          Old He Is Lines:  584 4.18e-01 3889 2.24e-12 5016 2.17e-14 5876 2.02e-19
          New He Is Lines:  584 4.18e-01 3889 2.24e-12 5016 2.17e-14 5876 2.02e-19

==== H      compounds ====           Log10 column densities [cm^-2}
   H2        : 11.074   H2*       :  5.681   H2+       : -0.204   H3+       :  0.646
==== He     compounds ====
   HeH+      : -2.267
==== Li     compounds ====
   LiH       : -6.393   LiH+      :-10.216
==== C      compounds ====
   CH        :  3.832   CH+       : -3.079   CH2       : -0.011   CH2+      : -3.306   CH3       :  0.341   CH3+      : -3.143   CH4       : -3.546   CH4+      : -8.399
   CH5+      : -8.555   C2        :  1.292   C2+       : -3.453   C2H       : -0.997   C2H+      : -4.235   C2H2      : -5.749   C2H2+     : -4.229   C2H3+     :-11.113
   C3        : -5.455   C3+       : -8.732   C3H       : -7.698   C3H+      : -7.956
==== N      compounds ====
   NH        :  2.362   NH+       :  0.006   NH2       :  2.642   NH2+      :  0.160   NH3       :  2.933   NH3+      : -0.222   NH4+      : -4.365   CN        :  3.186
   CN+       : -6.088   HCN       :  3.245   HCN+      : -1.838   HNC       : -0.121   HCNH+     : -1.761   HC3N      :-35.930   N2        :  8.569   N2+       : -0.976
   N2H+      : -0.925
==== O      compounds ====
   OH        :  5.312   OH+       :  1.829   H2O       :  5.265   H2O+      :  1.710   H3O+      :  1.556   CO        :  9.496   CO+       : -2.723   HCO+      :  1.044
   H2CO      :-35.930   CH3OH     :-35.930   ^13CO     :  8.019   NO        :  5.333   NO+       :  0.434   HNO       : -2.005   HNO+      : -2.003   OCN       : -0.870
   OCN+      : -1.639   N2O       :  2.947   O2        :  6.708   O2+       :  1.959   NO2       :  1.204   NO2+      : -6.446
==== Ne     compounds ====
   NeH+      : -1.191
==== Si     compounds ====
   SiH       : -1.489   SiH2+     : -4.082   SiC2      :-35.930   SiN       : -3.255   SiN+      : -3.889   SiO       :  7.070   SiO+      :  2.291   SiOH+     :  1.998
==== S      compounds ====
   HS        :  3.535   HS+       : -1.868   CS        :  2.463   CS+       : -1.554   HCS+      : -0.944   NS        :  1.409   NS+       : -2.146   SO        :  6.489
   SO+       :  1.947   OCS       :  3.736   OCS+      : -1.165   SO2       :-35.930   S2        :-15.188   S2+       :-19.759
==== Cl     compounds ====
   HCl       :  5.100   HCl+      :  0.883   H2Cl+     :  1.184   CCl       : -6.334   CCl+      : -2.290   H2CCl+    : -8.800   ClO       :-34.290   ClO+      :-35.930
==== Ar     compounds ====
   ArH+      :  2.396
==== Ti     compounds ====
   TiH       :-35.930   TiH+      :-35.930   TiH2      :-35.930   TiH2+     :-35.930   TiC       :-35.930   TiC+      :-35.930   HCTi      :-35.930   HCTi+     :-35.930
   TiC2      :-35.930   TiC2+     :-35.930   TiN       :-35.930   TiN+      :-35.930   HNTi      :-35.930   HNTi+     :-35.930   TiNC      :-35.930   TiNC+     :-35.930
   TiO       :-35.930   TiO+      :-35.930   TiOH+     :-35.930   TiO2      :-35.930   TiF+      :-35.930   TiS       :-35.930   TiS+      :-35.930   HTiS      :-35.930


               1      2      3      4      5      6      7      8      9     10     11     12     13     14     15     16     17

 Hydrogen   13.058  5.648 11.074 (H2)                Log10 Column density (cm^-2)
 Helium     11.997  2.788 -6.316
 Lithium     2.116 -1.403-15.388-30.000
 Beryllium   2.447 -1.546 -8.337-30.000-30.000
 Boron       3.766  0.709-10.411-30.000-30.000-30.000
 Carbon      6.720  3.440 -6.311-30.000-30.000-30.000-30.000
 Nitrogen    7.668  0.372-30.000-30.000-30.000-30.000-30.000-30.000
 Oxygen      9.408  1.643-30.000-30.000-30.000-30.000-30.000-30.000-30.000
 Fluorine    5.627  0.811 -6.721-30.000-30.000-30.000-30.000-30.000-30.000-30.000
 Neon        8.997  3.760 -4.038-30.000-30.000-30.000-30.000-30.000-30.000-30.000-30.000
 Sodium      7.307  4.555 -2.489-30.000-30.000-30.000-30.000-30.000-30.000-30.000-30.000-30.000
 Magnesium   8.664  6.409 -0.672-30.000-30.000-30.000-30.000-30.000-30.000-30.000-30.000-30.000-30.000
 Aluminium   7.288  7.130 -1.037-30.000-30.000-30.000-30.000-30.000-30.000-30.000-30.000-30.000-30.000-30.000
 Silicon     8.564  4.467 -6.719-30.000-30.000-30.000-30.000-30.000-30.000-30.000-30.000-30.000-30.000-30.000-30.000
 Phosphorus  6.423  5.539 -1.857-30.000-30.000-30.000-30.000-30.000-30.000-30.000-30.000-30.000-30.000-30.000-30.000-30.000
 Sulphur     8.179  3.124 -7.562-30.000-30.000-30.000-30.000-30.000-30.000-30.000-30.000-30.000-30.000-30.000-30.000-30.000-30.000
 Chlorine    6.551  1.129 -6.693-30.000-30.000-30.000-30.000-30.000-30.000-30.000-30.000-30.000-30.000-30.000-30.000-30.000-30.000
-30.000
 Argon       7.466 -1.230-10.427-30.000-30.000-30.000-30.000-30.000-30.000-30.000-30.000-30.000-30.000-30.000-30.000-30.000-30.000
-30.000-30.000
 Potassium   6.096  2.708 -2.980-30.000-30.000-30.000-30.000-30.000-30.000-30.000-30.000-30.000-30.000-30.000-30.000-30.000-30.000
-30.000-30.000-30.000
 Calcium     7.407  3.932 -0.174-30.000-30.000-30.000-30.000-30.000-30.000-30.000-30.000-30.000-30.000-30.000-30.000-30.000-30.000
-30.000-30.000-30.000-30.000
 Scandium    4.216  0.777 -3.121-30.000-30.000-30.000-30.000-30.000-30.000-30.000-30.000-30.000-30.000-30.000-30.000-30.000-30.000
-30.000-30.000-30.000-30.000-30.000
 Titanium    5.793  5.621 -0.615-30.000-30.000-30.000-30.000-30.000-30.000-30.000-30.000-30.000-30.000-30.000-30.000-30.000-30.000
-30.000-30.000-30.000-30.000-30.000-30.000
 Vanadium    4.997  1.027 -3.608-30.000-30.000-30.000-30.000-30.000-30.000-30.000-30.000-30.000-30.000-30.000-30.000-30.000-30.000
-30.000-30.000-30.000-30.000-30.000-30.000-30.000
 Chromium    6.707  3.539 -5.432-30.000-30.000-30.000-30.000-30.000-30.000-30.000-30.000-30.000-30.000-30.000-30.000-30.000-30.000
-30.000-30.000-30.000-30.000-30.000-30.000-30.000-30.000
 Manganese   6.280  6.091 -4.943-30.000-30.000-30.000-30.000-30.000-30.000-30.000-30.000-30.000-30.000-30.000-30.000-30.000-30.000
-30.000-30.000-30.000-30.000-30.000-30.000-30.000-30.000-30.000
 Iron        8.233  8.296 -3.437-30.000-30.000-30.000-30.000-30.000-30.000-30.000-30.000-30.000-30.000-30.000-30.000-30.000-30.000
-30.000-30.000-30.000-30.000-30.000-30.000-30.000-30.000-30.000-30.000
 Cobalt      6.057  1.761 -8.138-30.000-30.000-30.000-30.000-30.000-30.000-30.000-30.000-30.000-30.000-30.000-30.000-30.000-30.000
-30.000-30.000-30.000-30.000-30.000-30.000-30.000-30.000-30.000-30.000-30.000
 Nickel      7.089  6.851 -4.219-30.000-30.000-30.000-30.000-30.000-30.000-30.000-30.000-30.000-30.000-30.000-30.000-30.000-30.000
-30.000-30.000-30.000-30.000-30.000-30.000-30.000-30.000-30.000-30.000-30.000-30.000
 Copper      5.257  1.641 -4.648-30.000-30.000-30.000-30.000-30.000-30.000-30.000-30.000-30.000-30.000-30.000-30.000-30.000-30.000
-30.000-30.000-30.000-30.000-30.000-30.000-30.000-30.000-30.000-30.000-30.000-30.000-30.000
 Zinc        5.627  1.264 -4.953-30.000-30.000-30.000-30.000-30.000-30.000-30.000-30.000-30.000-30.000-30.000-30.000-30.000-30.000
-30.000-30.000-30.000-30.000-30.000-30.000-30.000-30.000-30.000-30.000-30.000-30.000-30.000-30.000
 Exc state    He1*  0.531   CII*  3.203   C11*  5.839   C12*  6.274   C13*  6.427   O11*  9.297   O12*  8.671   O13*  8.018
              Si2*  3.897   C30*-35.930   C31*-35.930   C32*-35.930


 Hydrogen   -0.009 -7.419 -1.692 (H2)                 Log10 Mean Ionisation (over radius)
 Helium      0.000 -9.209-18.313
 Lithium    -0.000 -3.519-17.504
 Beryllium  -0.000 -3.993-10.784
 Boron      -0.000 -3.057-14.177
 Carbon     -2.777 -6.056-15.808
 Nitrogen   -1.229 -8.524
 Oxygen     -0.349 -8.114
 Fluorine   -0.000 -4.815-12.348
 Neon       -0.000 -5.237-13.035
 Sodium     -0.001 -2.752 -9.796
 Magnesium  -0.002 -2.258 -9.338
 Aluminium  -0.229 -0.387 -8.554
 Silicon    -0.014 -4.111-15.296
 Phosphorus -0.053 -0.938 -8.333
 Sulphur    -0.009 -5.064-15.750
 Chlorine   -0.015 -5.438-13.259
 Argon      -0.000 -8.697-17.893
 Potassium  -0.000 -3.388 -9.076
 Calcium    -0.000 -3.475 -7.581
 Scandium   -0.000 -3.439 -7.337
 Titanium   -0.223 -0.395 -6.631
 Vanadium   -0.000 -3.969 -8.604
 Chromium   -0.000 -3.168-12.140
 Manganese  -0.217 -0.406-11.440
 Iron       -0.334 -0.271-12.003
 Cobalt     -0.000 -4.296-14.194
 Nickel     -0.198 -0.436-11.506
 Copper     -0.000 -3.616 -9.905
 Zinc       -0.000 -4.362-10.580

               1      2      3      4      5      6      7      8      9     10     11     12     13     14     15     16     17

 Hydrogen   -0.009 -7.419 -1.692 (H2)         Log10 Mean Ionisation (over radius*electron density)
 Helium      0.000 -9.209-18.313
 Lithium    -0.000 -3.519-17.504
 Beryllium  -0.000 -3.993-10.784
 Boron      -0.000 -3.057-14.177
 Carbon     -2.777 -6.056-15.808
 Nitrogen   -1.229 -8.524
 Oxygen     -0.349 -8.114
 Fluorine   -0.000 -4.815-12.348
 Neon       -0.000 -5.237-13.035
 Sodium     -0.001 -2.752 -9.796
 Magnesium  -0.002 -2.258 -9.338
 Aluminium  -0.229 -0.387 -8.554
 Silicon    -0.014 -4.111-15.296
 Phosphorus -0.053 -0.938 -8.333
 Sulphur    -0.009 -5.064-15.750
 Chlorine   -0.015 -5.438-13.259
 Argon      -0.000 -8.697-17.893
 Potassium  -0.000 -3.388 -9.076
 Calcium    -0.000 -3.475 -7.581
 Scandium   -0.000 -3.439 -7.337
 Titanium   -0.223 -0.395 -6.631
 Vanadium   -0.000 -3.969 -8.604
 Chromium   -0.000 -3.168-12.140
 Manganese  -0.217 -0.406-11.440
 Iron       -0.334 -0.271-12.003
 Cobalt     -0.000 -4.296-14.194
 Nickel     -0.198 -0.436-11.506
 Copper     -0.000 -3.616 -9.905
 Zinc       -0.000 -4.362-10.580

               1      2      3      4      5      6      7      8      9     10     11     12     13     14     15     16     17

 Hydrogen    2.388  2.388  2.388 (H2)                  Log10 Mean Temperature (over radius)
 Helium      2.388  2.388  2.388
 Lithium     2.388  2.388  2.388
 Beryllium   2.388  2.388  2.388
 Boron       2.388  2.388  2.388
 Carbon      2.388  2.388  2.388
 Nitrogen    2.388  2.388
 Oxygen      2.388  2.388
 Fluorine    2.388  2.388  2.388
 Neon        2.388  2.388  2.388
 Sodium      2.388  2.388  2.388
 Magnesium   2.388  2.388  2.388
 Aluminium   2.388  2.388  2.388
 Silicon     2.388  2.388  2.388
 Phosphorus  2.388  2.388  2.388
 Sulphur     2.388  2.388  2.388
 Chlorine    2.388  2.388  2.388
 Argon       2.388  2.388  2.388
 Potassium   2.388  2.388  2.388
 Calcium     2.388  2.388  2.388
 Scandium    2.388  2.388  2.388
 Titanium    2.388  2.388  2.388
 Vanadium    2.388  2.388  2.388
 Chromium    2.388  2.388  2.388
 Manganese   2.388  2.388  2.388
 Iron        2.388  2.388  2.388
 Cobalt      2.388  2.388  2.388
 Nickel      2.388  2.388  2.388
 Copper      2.388  2.388  2.388
 Zinc        2.388  2.388  2.388

               1      2      3      4      5      6      7      8      9     10     11     12     13     14     15     16     17

 Hydrogen    2.388  2.388  2.388 (H2)          Log10 Mean Temperature (over radius*electron density)
 Helium      2.388  2.388  2.388
 Lithium     2.388  2.388  2.388
 Beryllium   2.388  2.388  2.388
 Boron       2.388  2.388  2.388
 Carbon      2.388  2.388  2.388
 Nitrogen    2.388  2.388
 Oxygen      2.388  2.388
 Fluorine    2.388  2.388  2.388
 Neon        2.388  2.388  2.388
 Sodium      2.388  2.388  2.388
 Magnesium   2.388  2.388  2.388
 Aluminium   2.388  2.388  2.388
 Silicon     2.388  2.388  2.388
 Phosphorus  2.388  2.388  2.388
 Sulphur     2.388  2.388  2.388
 Chlorine    2.388  2.388  2.388
 Argon       2.388  2.388  2.388
 Potassium   2.388  2.388  2.388
 Calcium     2.388  2.388  2.388
 Scandium    2.388  2.388  2.388
 Titanium    2.388  2.388  2.388
 Vanadium    2.388  2.388  2.388
 Chromium    2.388  2.388  2.388
 Manganese   2.388  2.388  2.388
 Iron        2.388  2.388  2.388
 Cobalt      2.388  2.388  2.388
 Nickel      2.388  2.388  2.388
 Copper      2.388  2.388  2.388
 Zinc        2.388  2.388  2.388

               1      2      3      4      5      6      7      8      9     10     11     12     13     14     15     16     17
                                                                          

---------------Convergence statistics---------------
      1.76 mean iterations/state convergence
      2.96 mean cx acceleration loops/iteration
         1 mean iso convergence loops/ion solve
      1.06 mean steps/chemistry solve
      1.12 mean step length searches/chemistry step
----------------------------------------------------

 Cloudy ends: 1 zone, 3 iterations, 1 caution.  ExecTime(s) 74.00
 [Stop in cdMain at ../maincl.cpp:483, Cloudy exited OK]
 ************************************************** GRID_DELIMIT -- grid000000011
