                                                          Cloudy 13.03
                                                         www.nublado.org

                       **************************************13Feb20**************************************
                       *                                                                                 *
                       * c                                                                               *
                       * phi(h) 10.000000 LOG range -0.000232 6.866524                                   *
                       * grid from 8 to 23 in 1 dex steps                                                *
                       * HDEN=10.000000 LOG                                                              *
                       * grid from 0 to 12 in 1 dex steps                                                *
                       * set pres ionize 1e5                                                             *
                       * c                                                                               *
                       * c                                                                               *
                       * table star "inst_padova_agbtrack_z.mod" age 6.7                                 *
                       * c<< inst_padova_ model    3 read.       Age =    4010000.00                 >>> *
                       * c<< inst_padova_ model    4 read.       Age =    6010000.00                 >>> *
                       * c<< FINAL:     Age =    5011872.34                                          >>> *
                       * c                                                                               *
                       * c                                                                               *
                       * abundances GASS10                                                               *
                       * c                                                                               *
                       * c                                                                               *
                       * iterate to convergence max = 7                                                  *
                       * stop column density = 23                                                        *
                       * c                                                                               *
                       * c                                                                               *
                       * print last                                                                      *
                       * set save prefix "padova_inst_5"                                                 *
                       * save grid ".grd" last no hash                                                   *
                       * save linelist "emissionlines_abs.txt" "LineList_HII.dat" absolute last no hash    *
                       *                                                                                 *
                       ***********************************************************************************



 NOTE Setcon: continuum has zero intensity starting at  1.0074e+01 Ryd.
     1 cells in the incident continuum have zero intensity.  Problems???

           !The plasma frequency is 2.99e-07 Ryd.  The incident continuum is set to 0 below this.
           4147CellPeak1.00E+00   Lo 1.00e-08=910.79cm   Hi-Con:1.01E+01 Ryd   E(hi):7.35E+06Ryd     E(hi):     100.01 MeV
           I(nu>1ryd):  -0.5177   Average nu:1.393E+00   I( X-ray):   0.0000   I(BalC):   0.6874     Phi(BalmrC):  11.6137
           phi(1.0-1.8): 9.9530   phi(1.8-4.0):  8.973   phi(4.0-20):  7.940   phi(20--):  0.000     Ion pht flx:1.000E+10
           I(gam ray):   0.0000   phi(gam r):   0.0000   I(Infred):  -0.0903   Alf(ox):   0.0000     Total inten:   0.7770
           U(1.0----):3.336E-11   U(4.0----):2.905E-13   T(En-Den):1.275E+01   T(Comp):2.398E+04     nuJnu(912A):1.635E+00
           Occ(FarIR):0.000E+00   Occ(H n=6):1.363E-12   Occ(1Ryd):7.517E-17   Occ(4R):3.003E-21     Occ (Nu-hi):0.000E+00
           Tbr(FarIR):0.000E+00   Tbr(H n=6):5.975E-09   Tbr(1Ryd):1.188E-11   Tbr(4R):1.898E-15     Tbr (Nu-hi):0.000E+00
  
                                                  Gas Phase Chemical Composition
        H :  0.0000  He: -1.0701  Li:-10.9508  Be:-10.6198  B : -9.3002  C : -3.5702  N : -4.1701  O : -3.3098  F : -7.4401
        Ne: -4.0701  Na: -5.7595  Mg: -4.4001  Al: -5.5498  Si: -4.4895  P : -6.5901  S : -4.8794  Cl: -6.5003  Ar: -5.6003
        K : -6.9706  Ca: -5.6596  Sc: -8.8508  Ti: -7.0501  V : -8.0701  Cr: -6.3595  Mn: -6.5702  Fe: -4.5003  Co: -7.0101
                                               Ni: -5.7799  Cu: -7.8097  Zn: -7.4401
 
 ####  1  Te:3.534E+03 Hden:1.000E+10 Ne:1.695E+07 R:1.000E+30 R-R0:1.188E+04 dR:2.376E+04 NTR:136 Htot:1.634E-09 T912: 1.50e-03###
 Hydrogen      9.98e-01 1.59e-03 H+o/Hden 1.00e+00 3.09e-09 H-    H2 2.34e-04 4.98e-10 H2+ HeH+ 2.06e-11 Ho+ ColD 2.37e+14 3.77e+11
 Helium        1.00e+00 2.34e-06 1.09e-12 HeI 2s3S 3.52e-10 Comp H,C 1.09e-21 1.61e-22 Fill Fac 1.00e+00 Gam1/tot 1.00e+00
 He singlet n  1.00e+00 2.28e-12 5.99e-18 4.77e-19 3.05e-18 1.73e-19 He tripl 3.52e-10 1.60e-17 6.05e-20 5.54e-19 4.17e-19
 Pressure      NgasTgas 3.84e+13 P(total) 5.31e-03 P( gas ) 5.31e-03 P(Radtn) 0.00e+00 Rad accl 9.92e-05 ForceMul 9.94e+08
 Texc(La)      3.29e+03 T(I con) 1.27e+01 T(D con) 9.25e-01 T(U tot) 1.27e+01 nT (c+d) 3.30e+06 Prad/Gas 0.00e+00 Pmag/Gas 0.00e+00
 Molecules     CH/Ctot: 4.52e-05 CH+/Ctot 4.17e-07 CO/Ctot: 2.57e-01 CO+/Ctot 1.36e-08 H2O/Otot 1.86e-07 OH/Ototl 4.64e-04
 Lithium       5.90e-01 4.10e-01 1.40e-12 0.00e+00 Berylliu 9.92e-01 7.99e-03 1.87e-07 0.00e+00 0.00e+00 sec ion: 3.73e-13
 Boron         9.29e-01 7.15e-02 5.32e-10 0.00e+00 0.00e+00 0.00e+00
 Carbon        7.17e-01 2.56e-02 8.50e-09 0.00e+00 0.00e+00 0.00e+00 0.00e+00 H2O+/O   1.45e-07 OH+/Otot 1.01e-04 Hex(tot) 0.00e+00
 Nitrogen      8.61e-01 2.46e-04 1.09e-13 0.00e+00 0.00e+00 0.00e+00 0.00e+00 0.00e+00 O2/Ototl 8.47e-08 O2+/Otot 5.20e-07
 Oxygen        8.57e-01 1.05e-03 8.06e-13 0.00e+00 0.00e+00 0.00e+00 0.00e+00 0.00e+00 0.00e+00
 Fluorine      9.98e-01 2.16e-03 3.69e-08 0.00e+00 0.00e+00 0.00e+00 0.00e+00 0.00e+00 0.00e+00 0.00e+00
 Neon          9.99e-01 1.04e-03 1.30e-08 0.00e+00 0.00e+00 0.00e+00 0.00e+00 0.00e+00 0.00e+00 0.00e+00 0.00e+00
 Sodium        8.08e-02 9.19e-01 7.34e-06 0.00e+00 0.00e+00 0.00e+00 0.00e+00 0.00e+00 0.00e+00 0.00e+00 0.00e+00 0.00e+00
 Magnesium     4.24e-02 9.58e-01 1.32e-05 0.00e+00 0.00e+00 0.00e+00 0.00e+00 0.00e+00 0.00e+00 0.00e+00 0.00e+00 0.00e+00 0.00e+00
 Aluminium  0  5.11e-04 9.99e-01 2.96e-06 0.00e+00 0.00e+00 0.00e+00 0.00e+00 0.00e+00 0.00e+00 0.00e+00 0.00e+00 0.00e+00 0.00e+00
 Silicon    0  2.66e-01 7.34e-01 7.35e-08 0.00e+00 0.00e+00 0.00e+00 0.00e+00 0.00e+00 0.00e+00 0.00e+00 0.00e+00 0.00e+00 0.00e+00
 Phosphorus 0  2.39e-03 9.98e-01 2.16e-06 0.00e+00 0.00e+00 0.00e+00 0.00e+00 0.00e+00 0.00e+00 0.00e+00 0.00e+00 0.00e+00 0.00e+00
 Sulphur    0  5.57e-01 4.42e-01 2.91e-07 0.00e+00 0.00e+00 0.00e+00 0.00e+00 0.00e+00 0.00e+00 0.00e+00 0.00e+00 0.00e+00 0.00e+00
 Chlorine   0  1.30e-01 8.68e-01 9.83e-06 0.00e+00 0.00e+00 0.00e+00 0.00e+00 0.00e+00 0.00e+00 0.00e+00 0.00e+00 0.00e+00 0.00e+00
 Argon      0  1.00e+00 8.57e-05 1.79e-10 0.00e+00 0.00e+00 0.00e+00 0.00e+00 0.00e+00 0.00e+00 0.00e+00 0.00e+00 0.00e+00 0.00e+00
 Potassium  0  3.04e-01 6.96e-01 4.60e-06 0.00e+00 0.00e+00 0.00e+00 0.00e+00 0.00e+00 0.00e+00 0.00e+00 0.00e+00 0.00e+00 0.00e+00
 Calcium    0  9.47e-01 5.30e-02 2.96e-05 0.00e+00 0.00e+00 0.00e+00 0.00e+00 0.00e+00 0.00e+00 0.00e+00 0.00e+00 0.00e+00 0.00e+00
 Scandium   0  9.43e-01 5.67e-02 7.50e-05 0.00e+00 0.00e+00 0.00e+00 0.00e+00 0.00e+00 0.00e+00 0.00e+00 0.00e+00 0.00e+00 0.00e+00
 Titanium   0  2.19e-04 1.00e+00 1.48e-04 1.86e-11 0.00e+00 0.00e+00 0.00e+00 0.00e+00 0.00e+00 0.00e+00 0.00e+00 0.00e+00 0.00e+00
 Vanadium   0  9.83e-01 1.71e-02 6.30e-06 0.00e+00 0.00e+00 0.00e+00 0.00e+00 0.00e+00 0.00e+00 0.00e+00 0.00e+00 0.00e+00 0.00e+00
 Chromium   0  9.02e-01 9.80e-02 1.02e-07 0.00e+00 0.00e+00 0.00e+00 0.00e+00 0.00e+00 0.00e+00 0.00e+00 0.00e+00 0.00e+00 0.00e+00
 Manganese  0  2.35e-04 1.00e+00 3.36e-06 0.00e+00 0.00e+00 0.00e+00 0.00e+00 0.00e+00 0.00e+00 0.00e+00 0.00e+00 0.00e+00 0.00e+00
 Iron       0  1.33e-04 1.00e+00 6.02e-07 0.00e+00 0.00e+00 0.00e+00 0.00e+00 0.00e+00 0.00e+00 0.00e+00 0.00e+00 0.00e+00 0.00e+00
 Cobalt     0  9.93e-01 6.54e-03 3.01e-11 0.00e+00 0.00e+00 0.00e+00 0.00e+00 0.00e+00 0.00e+00 0.00e+00 0.00e+00 0.00e+00 0.00e+00
 Nickel     0  3.81e-04 1.00e+00 2.41e-09 0.00e+00 0.00e+00 0.00e+00 0.00e+00 0.00e+00 0.00e+00 0.00e+00 0.00e+00 0.00e+00 0.00e+00
 Copper     0  9.74e-01 2.57e-02 7.81e-08 0.00e+00 0.00e+00 0.00e+00 0.00e+00 0.00e+00 0.00e+00 0.00e+00 0.00e+00 0.00e+00 0.00e+00
 Zinc       0  9.95e-01 4.68e-03 2.31e-07 0.00e+00 0.00e+00 0.00e+00 0.00e+00 0.00e+00 0.00e+00 0.00e+00 0.00e+00 0.00e+00 0.00e+00
                                                                             
   Calculation stopped because lowest Te reached. Iteration 3 of 3
   The geometry is plane-parallel.
 C-Continuum zero at some energies.
  !Continuum fluorescent production of H-beta was very important.
  !H2 vib deexec heating reached 8.50% of the local heating.
  !Charge transfer ionization of H reached 19116.4% of the local H ionization rate.
  !The largest plasma frequency was 2.99e-07 Ryd = 3.05e+05 micron  The continuum is set to 0 below this.
  !AGE: Cloud age was not set.  Longest timescale was 4.89e+06 s = 1.86e+00 months.
  !Mutual neutralization production of H-alpha was significant.
  !The CMB was not included.  This is added with the CMB command.
  !The fraction of N  in N2 reached 13.8% at some point in the cloud.
  !The fraction of C  in CO reached 25.8% at some point in the cloud.
   Charge transfer heating reached 0.59% of the local heating.
   The density is too low to l-mix the lowest He I collapsed level.  More resolved levels are needed for accurate line ratios.
   Grains were not present but might survive in this environment (energy density temperature was 1.27e+01K)
   The fraction of Cl in HCl+ reached 0.136% at some point in the cloud.

                       *********************************> Cloudy 13.03 <**********************************
                       * c                                                                               *
                       * phi(h) 10.000000 LOG range -0.000232 6.866524                                   *
                       * grid from 8 to 23 in 1 dex steps                                                *
                       * HDEN=10.000000 LOG                                                              *
                       * grid from 0 to 12 in 1 dex steps                                                *
                       * set pres ionize 1e5                                                             *
                       * c                                                                               *
                       * c                                                                               *
                       * table star "inst_padova_agbtrack_z.mod" age 6.7                                 *
                       * c                                                                               *
                       * c                                                                               *
                       * abundances GASS10                                                               *
                       * c                                                                               *
                       * c                                                                               *
                       * iterate to convergence max = 7                                                  *
                       * stop column density = 23                                                        *
                       * c                                                                               *
                       * c                                                                               *
                       * print last                                                                      *
                       * set save prefix "padova_inst_5"                                                 *
                       * save grid ".grd" last no hash                                                   *
                       * save linelist "emissionlines_abs.txt" "LineList_HII.dat" absolute last no hash    *
                       *********************************> Log(U):-10.48 <*********************************
                       >>>>>>>>>> Cautions are present.

                     Emission Line Spectrum.   Constant  Density Model.    Open geometry.  Iteration 3 of 3.
                                                     Intensity (erg/s/cm^2).


                                                   Intrinsic line intensities
 general properties..........      nInu  1103A   0.804832216.31      Ca B  6563A  -5.222   0.7827      CO   40.51m  -7.626   0.0031            
 TOTL  4861A  -5.116   1.0000      nFnu  1074A  -5.846   0.1861      Ca B  4861A  -5.679   0.2736      CO   39.94m  -7.662   0.0028            
 TOTL  1216A  -3.076 109.6724      nInu  1074A   0.777781134.50      Ca B  4340A  -5.998   0.1311      CO   39.39m  -7.700   0.0026            
 Inci     0    0.777781538.88      nFnu  1064A  -5.987   0.1346      Ca B  4102A  -6.232   0.0766      CO   38.85m  -7.741   0.0024            
 TotH     0   -4.411   5.0711      nInu  1064A   0.787798805.69      Ca B  3970A  -6.407   0.0512      level 1 lines...............            
 TotC     0   -4.413   5.0501      nFnu  1036A  -6.326   0.0616      Ca B  3889A  -6.543   0.0374      C  1  1656A  -6.327   0.0615            
 BFH1     0   -4.471   4.4115      nInu  1036A   0.749733325.38      Ca B  3835A  -6.653   0.0291      REC   1656A  -7.245   0.0074            
 BFHe     0   -5.928   0.1543      nFnu  1000A  -6.722   0.0248      Ca B  3798A  -6.747   0.0234      C Ic  9850A  -6.520   0.0394            
 TotM     0   -6.515   0.0399      nInu  1000A   0.747729289.00      Ca B  3771A  -6.830   0.0193      TOTL  9850A  -6.520   0.0394            
 CT H     0   -6.646   0.0295      nFnu 925.1A  -6.199   0.0825      Ca B  3750A  -6.905   0.0163      C  1  8727A  -5.702   0.2594            
 H FB     0   -5.665   0.2821      nInu 925.1A   0.582498915.31      Ca B  3734A  -6.972   0.0139      C  2  1335A  -7.889   0.0017            
 HFBc     0   -5.665   0.2821      nFnu 897.8A  -3.085 107.4888      Ca B  3722A  -7.032   0.0121      N  1 953.9A  -7.681   0.0027            
 OH       0   -6.520   0.0394      nInu 897.8A  -0.16888795.734      Ca B  3712A  -7.087   0.0107      N  1  1200A  -6.629   0.0307            
 CO       0   -5.801   0.2065      nFnu 760.0A  -6.399   0.0521      Ca B  3704A  -7.136   0.0095      N  1 1.040m  -8.026   0.0012            
 13CO     0   -7.751   0.0023      nInu 760.0A  -0.25173292.859      Ca B  3697A  -7.182   0.0086      TOTL 1.040m  -7.690   0.0027            
 continua....................      nFnu 701.5A  -7.017   0.0126      Ca B  3692A  -7.224   0.0078      O  1  6300A  -5.841   0.1883            
 Bac   3646A  -4.246   7.4061      nInu 701.5A  -0.41050832.285      Ca B  3687A  -7.266   0.0071      O  1  6363A  -6.337   0.0601            
 nFnu  3645A  -4.242   7.4886      nInu 608.2A  -0.60532464.887      Ca B  3683A  -7.308   0.0064      O  1 63.17m  -7.045   0.0118            
 nFnu  3647A  -6.199   0.0826      nFnu 575.1A  -7.102   0.0103      Ca B  3679A  -7.352   0.0058      Na 1  5892A  -6.077   0.1093            
 cout  3646A  -4.547   3.7030      nInu 575.1A  -0.57035138.039      Ca B  3676A  -7.396   0.0052      Mg 1  2853A  -7.439   0.0048            
 cref  3646A  -4.547   3.7030      nInu 511.9A  -0.74523466.525      Ca B  3674A  -7.441   0.0047      TOTL  2798A  -5.982   0.1362            
 thin  3646A  -4.246   7.4061      nFnu 496.9A  -6.666   0.0282      Ca B  3671A  -7.487   0.0043      Mg 2  2796A  -6.162   0.0900            
 Inci  4860A  -0.091105967.18      nInu 496.9A  -1.2587204.0894      Ca B 1.875m  -6.135   0.0958      Mg 2  2803A  -6.451   0.0462            
 Inci  1215A   0.635563621.25      nInu 399.2A  -1.1708834.3428      Ca B 1.282m  -6.444   0.0470      totl  2665A  -8.022   0.0012            
 Ba C     0   -5.305   0.6470      RRC.........................      Ca B 1.094m  -6.688   0.0268      Al 2  2670A  -8.022   0.0012            
 PA C     0   -5.687   0.2684      H  1 911.8A  -4.415   5.0176      Ca B 1.005m  -6.876   0.0174      Si 1  2518A  -7.606   0.0032            
 FIR  83.00m  -1.4364787.9985      H  1  3646A  -5.823   0.1963      Ca B  9546A  -7.024   0.0124      Si 2 34.81m  -7.348   0.0059            
 TIR   1800m  -3.738  23.8522      H  1  3646A  -5.420   0.4969      Ca B  9229A  -7.145   0.0094      Si 2  1531A  -7.430   0.0049            
 NIRa 2.850m  -0.63730129.096      H  1  8204A  -6.597   0.0330      Ca B  9015A  -7.247   0.0074      Si 2  1308A  -7.511   0.0040            
 NIRb 3.000m  -0.98813418.122      H  1  8204A  -6.141   0.0943      Ca B  8863A  -7.335   0.0060      Si 2  1263A  -6.390   0.0532            
 MIRa 15.00m  -1.9121599.0988      H  1  8204A  -6.150   0.0925      Ca B  8750A  -7.413   0.0050      P  2 1.640m  -7.517   0.0040            
 MIRb 22.50m  -1.7252457.9150      H  1 1.458m  -7.132   0.0096      Ca B  8665A  -7.482   0.0043      P  2  4669A  -8.007   0.0013            
 NMIR 21.75m  -0.63730129.096      H  1 1.458m  -6.667   0.0281      Ca B  8598A  -7.544   0.0037      P  2 1.189m  -7.623   0.0031            
 TFIR 611.2m  -1.9481472.5743      H  1 1.458m  -6.563   0.0358      Ca B  8545A  -7.599   0.0033      P  2 1.147m  -8.100   0.0010            
 TALL 10000A   0.777781706.88      H  1 1.458m  -6.798   0.0208      Ca B  8502A  -7.649   0.0029      S  1 25.19m  -7.233   0.0076            
 F12  12.00m  -2.414 503.4767      H  1 2.279m  -7.528   0.0039      Ca B  8467A  -7.695   0.0026      S 1R  1807A  -7.621   0.0031            
 F25  25.00m  -2.293 665.2983      H  1 2.279m  -7.062   0.0113      Ca B  8438A  -7.737   0.0024      S  2  6720A  -8.023   0.0012            
 F60  60.00m  -1.8351908.5829      H  1 2.279m  -6.922   0.0156      Ca B  8413A  -7.779   0.0022      S  2  4074A  -7.174   0.0087            
 F100 100.0m  -2.0231239.8184      H  1 2.279m  -7.005   0.0129      Ca B  8392A  -7.822   0.0020      S  2 1.033m  -7.368   0.0056            
 MIPS 24.00m  -2.607 322.6916      H  1 2.279m  -7.402   0.0052      Ca B  8374A  -7.865   0.0018      S II  4070A  -7.256   0.0072            
 MIPS 70.00m  -2.193 838.2316      H  1 3.281m  -7.838   0.0019      Ca B  8359A  -7.909   0.0016      S II  4078A  -7.940   0.0015            
 MIPS 160.0m  -2.418 499.1070      H  1 3.281m  -7.373   0.0055      Ca B  8346A  -7.954   0.0015      S II 1.032m  -7.747   0.0023            
 IRAC 3.600m  -2.478 434.6945      H  1 3.281m  -7.219   0.0079      Ca B  8334A  -8.000   0.0013      S II 1.029m  -7.882   0.0017            
 IRAC 4.500m  -2.681 272.3785      H  1 3.281m  -7.244   0.0074      Ca B 4.051m  -6.761   0.0226      S II 1.034m  -8.102   0.0010            
 IRAC 5.800m  -2.761 226.5134      H  1 3.281m  -7.463   0.0045      Ca B 2.625m  -6.997   0.0132      Cl 2 14.40m  -7.711   0.0025            
 IRAC 8.000m  -2.653 290.5664      H  1 3.281m  -7.979   0.0014      Ca B 2.166m  -7.196   0.0083      Cl 2  8579A  -7.005   0.0129            
 SPR1 250.0m  -2.840 188.8821      H  1 4.466m  -8.091   0.0011      Ca B 1.945m  -7.358   0.0057      Cl 2  9124A  -7.583   0.0034            
 SPR2 350.0m  -3.276  69.2110      H  1 4.466m  -7.627   0.0031      Ca B 1.817m  -7.490   0.0042      K  1  7676A  -6.286   0.0676            
 SPR3 500.0m  -3.664  28.3318      H  1 4.466m  -7.467   0.0045      Ca B 1.736m  -7.600   0.0033      Ca 1  4228A  -5.887   0.1694            
 PAC1 70.00m  -2.130 967.3974      H  1 4.466m  -7.464   0.0045      Ca B 1.681m  -7.694   0.0026      Ca 2  3933A  -6.358   0.0572            
 PAC2 100.0m  -2.0181254.1034      H  1 4.466m  -7.609   0.0032      Ca B 1.641m  -7.776   0.0022      Ca 2  8579A  -7.930   0.0015            
 PAC3 160.0m  -2.161 901.9962      H  1 4.466m  -7.929   0.0015      Ca B 1.611m  -7.847   0.0019      Ca 2  7306A  -5.953   0.1455            
 PAH  3.300m  -3.278  68.9272      H  1 5.834m  -7.842   0.0019      Ca B 1.588m  -7.909   0.0016      Ca2K  3934A  -6.543   0.0374            
 PAHC 3.230m  -3.535  38.0783      H  1 5.834m  -7.679   0.0027      Ca B 1.570m  -7.965   0.0014      Ca2H  3969A  -6.818   0.0198            
 PAHC 3.370m  -3.613  31.8509      H  1 5.834m  -7.662   0.0028      Ca B 1.556m  -8.016   0.0013      CaF1  7291A  -6.174   0.0875            
 PAH  6.200m  -3.263  71.3229      H  1 5.834m  -7.768   0.0022      Ca B 1.544m  -8.061   0.0011      CaF2  7324A  -6.353   0.0580            
 PAHC 5.650m  -3.207  81.1446      H  1 5.834m  -8.002   0.0013      Ca B 1.534m  -8.104   0.0010      Fe2c     0   -5.152   0.9211            
 PAH  7.900m  -3.109 101.7148      H  1 7.383m  -8.026   0.0012      Ca B 7.458m  -7.265   0.0071      Fe 2  4300A  -5.676   0.2755            
 PAHC 6.900m  -3.033 121.1676      H  1 7.383m  -7.862   0.0018      Ca B 4.653m  -7.452   0.0046      Fe 2  2400A  -6.315   0.0633            
 PAH  11.30m  -3.626  30.9124      H  1 7.383m  -7.837   0.0019      Ca B 3.740m  -7.619   0.0031      Fe 2 25.98m  -6.662   0.0284            
 PAHC 10.90m  -3.620  31.3180      H  1 7.383m  -7.921   0.0016      Ca B 3.296m  -7.759   0.0023      Fe 2 5.339m  -7.724   0.0025            
 PAH  11.80m  -3.392  53.0032      H  1 7.383m  -8.107   0.0010      Ca B 3.038m  -7.876   0.0017      Fe 2 1.257m  -6.283   0.0680            
 PAHC 12.65m  -3.401  51.9195      H  1 9.115m  -8.023   0.0012      Ca B 2.872m  -7.974   0.0014      Fe 2 35.34m  -7.089   0.0106            
 PAH  13.30m  -3.351  58.2519      H  1 9.115m  -7.993   0.0013      Ca B 2.758m  -8.058   0.0011      Fe 2 1.321m  -6.861   0.0180            
 PAHC 14.10m  -3.360  57.0267      H  1 9.115m  -8.063   0.0011      Ca B 12.37m  -7.691   0.0027      Fe 2 1.249m  -7.532   0.0038            
 Bcon  3640A   0.688636128.94      H  1 11.03m  -7.437   0.0048      Ca B 7.500m  -7.842   0.0019      Fe 2  7638A  -7.027   0.0123            
 Pcon  5000A  -0.21978834.422      H  1 13.13m  -7.549   0.0037      Ca B 5.907m  -7.983   0.0014      Fe 2 51.29m  -7.793   0.0021            
 HFFc     0   -5.177   0.8679      H  1 15.40m  -7.652   0.0029      Ca B 5.127m  -8.103   0.0010      Fe 2 1.372m  -7.085   0.0107            
 H FF     0   -6.195   0.0834      H  1 17.87m  -7.747   0.0023      Ca B 19.06m  -8.058   0.0011      Fe 2 1.294m  -6.864   0.0178            
 MeFB     0   -6.799   0.0208      H  1 20.51m  -7.836   0.0019      H  1  1216A  -3.076 109.6724      Fe 2  7687A  -7.227   0.0077            
 MeFF     0   -7.338   0.0060      H  1 23.33m  -7.920   0.0016      H  1  1026A  -3.528  38.7463      Fe 2 1.328m  -7.110   0.0101            
 ToFF     0   -6.165   0.0894      H  1 26.34m  -7.998   0.0013      H  1 972.5A  -4.025  12.3265      Fe 2 1.279m  -6.987   0.0134            
 nInu 2.003c  -8.071   0.0011      H  1 29.53m  -8.072   0.0011      H  1 949.7A  -4.140   9.4581      Fe 2 1.252m  -7.893   0.0017            
 nInu 1.335c  -7.537   0.0038      H  1 56.97m  -7.246   0.0074      H  1 937.8A  -4.470   4.4214      Fe 2  7665A  -7.603   0.0033            
 nInu  9993m  -7.159   0.0091      He 1 504.3A  -7.975   0.0014      H  1 930.8A  -4.815   1.9982      Fe 2 1.298m  -7.351   0.0058            
 nInu  6917m  -6.684   0.0271      C  1  1101A  -7.098   0.0104      H  1 926.2A  -5.084   1.0760      Fe 2 1.270m  -7.180   0.0086            
 nFnu 122.4m  -7.072   0.0111      Mg 1  1622A  -7.976   0.0014      H  1 923.2A  -5.264   0.7106      Fe 2  7874A  -8.085   0.0011            
 nInu 122.4m  -1.6073230.6443      Al 1  2071A  -7.316   0.0063      H  1 921.0A  -5.442   0.4721      Fe 2 17.93m  -6.396   0.0525            
 nFnu 60.83m  -6.727   0.0245      Si 1  1521A  -6.442   0.0472      H  1  6563A  -4.642   2.9761      Fe 2 1.644m  -6.356   0.0575            
 nInu 60.83m  -1.6542897.4343      P  1  1182A  -7.338   0.0060      H  1  4861A  -5.116   1.0000      Fe 2 1.533m  -6.809   0.0203            
 nFnu 41.22m  -6.523   0.0392      S  1  1197A  -6.620   0.0313      H  1  4340A  -5.273   0.6972      Fe 2  8617A  -6.448   0.0465            
 nInu 41.22m  -1.7662239.1284      Cl 1 956.0A  -7.200   0.0082      H  1  4102A  -5.481   0.4312      Fe 2 24.51m  -6.887   0.0169            
 nFnu 30.87m  -6.376   0.0549      Fe 1  1569A  -7.267   0.0071      H  1  3970A  -5.708   0.2557      Fe 2 1.809m  -7.059   0.0114            
 nInu 30.87m  -1.8661779.1769      grains......................      H  1  3889A  -5.928   0.1540      Fe 2 1.677m  -6.949   0.0147            
 nFnu 24.78m  -6.266   0.0708      H-like iso-sequence.........      H  1  3835A  -6.098   0.1041      Fe 2 1.599m  -6.926   0.0155            
 nInu 24.78m  -1.9431489.7615      Ca B  1216A  -4.210   8.0516      H  1  3798A  -6.275   0.0693      Fe 2  9052A  -7.106   0.0102            
 nFnu 24.30m  -6.256   0.0725      Q(H)  4861A  -2.254 727.8251      H  1 1.875m  -5.659   0.2862      Fe 2  8892A  -6.870   0.0176            
 nInu 24.30m  -1.9501465.9050      Q(H)  1216A  -0.78721339.152      H  1 1.282m  -5.864   0.1787      Fe 2 35.77m  -7.712   0.0025            
 nFnu 22.83m  -6.225   0.0777      CaBo  4861A  -5.710   0.2545      H  1 1.094m  -6.034   0.1208      Fe 2 1.800m  -7.120   0.0099            
 nInu 22.83m  -1.9711396.6222      Ca A  1216A  -4.305   6.4732      H  1 1.005m  -6.238   0.0755      Fe 2 1.711m  -7.508   0.0041            
 nFnu 21.42m  -6.194   0.0836      Ca A  1026A  -5.031   1.2164      H  1  9546A  -6.449   0.0464      Fe 2 1.664m  -7.220   0.0079            
 nInu 21.42m  -1.9941325.2504      Ca A 972.5A  -5.431   0.4840      H  1  9229A  -6.616   0.0316      Fe 2  9399A  -7.883   0.0017            
 nFnu 21.12m  -6.187   0.0850      Ca A 949.7A  -5.693   0.2648      H  1  9015A  -6.792   0.0211      Fe 2  9227A  -7.126   0.0098            
 nInu 21.12m  -1.9991309.3062      Ca A 937.8A  -5.864   0.1786      H  1 4.051m  -6.233   0.0763      Fe 2  9033A  -7.352   0.0058            
 nFnu 19.62m  -6.151   0.0922      Ca A 930.8A  -5.975   0.1384      H  1 2.625m  -6.409   0.0509      Fe 2 1.797m  -7.281   0.0068            
 nInu 19.62m  -2.0221241.0674      Ca A 926.2A  -6.044   0.1180      H  1 2.166m  -6.612   0.0319      Fe 2 1.745m  -7.529   0.0039            
 nFnu 17.65m  -6.097   0.1044      Ca A 923.2A  -6.091   0.1059      H  1 1.945m  -6.822   0.0197      Fe 2  9471A  -7.692   0.0027            
 nInu 17.65m  -2.0521157.2894      Ca A 921.0A  -6.133   0.0961      H  1 1.817m  -6.988   0.0134      Fe 2  9268A  -7.246   0.0074            
 nFnu 17.37m  -6.090   0.1061      Ca A 919.4A  -6.177   0.0869      H  1 1.736m  -7.162   0.0090      Fe 2 22.90m  -8.034   0.0012            
 nInu 17.37m  -2.0571146.3123      Ca A 918.1A  -6.223   0.0782      H  1 7.458m  -6.720   0.0249      Fe 2 1.811m  -7.903   0.0016            
 nFnu 15.69m  -6.044   0.1181      Ca A 917.2A  -6.267   0.0706      H  1 4.653m  -6.911   0.0160      Fe 2 1.748m  -8.112   0.0010            
 nInu 15.69m  -2.0841075.7471      Ca A 916.4A  -6.309   0.0641      H  1 3.740m  -7.116   0.0100      Fe2b  7000A  -6.731   0.0243            
 nFnu 14.60m  -6.009   0.1279      Ca A 915.8A  -6.347   0.0587      H  1 3.296m  -7.279   0.0069      Fe2b 10000A  -5.496   0.4168            
 nInu 14.60m  -2.1041028.9482      Ca A 915.3A  -6.382   0.0542      H  1 3.038m  -7.452   0.0046      Fe2b  7445A  -6.731   0.0243            
 nFnu 12.43m  -5.932   0.1528      Ca A 914.9A  -6.413   0.0504      H  1 12.37m  -7.183   0.0086      Fe2b  8625A  -6.115   0.1001            
 nInu 12.43m  -2.149 926.5404      Ca A 914.6A  -6.442   0.0472      H  1 7.500m  -7.366   0.0056      Fe2b 1.033m  -7.692   0.0027            
 nFnu 11.40m  -5.895   0.1663      Ca A 914.3A  -6.471   0.0442      H  1 5.907m  -7.522   0.0039      Fe2b 1.889m  -6.514   0.0400            
 nInu 11.40m  -2.173 877.8265      Ca A 914.0A  -6.501   0.0412      H  1 5.127m  -7.692   0.0027      Fe 2  1786A  -6.158   0.0907            
 nFnu 10.46m  -5.855   0.1823      Ca A 913.8A  -6.534   0.0382      H  1 19.06m  -7.606   0.0032      recombination...............            
 nInu 10.46m  -2.196 831.6773      Ca A 913.6A  -6.570   0.0351      H  1 11.31m  -7.737   0.0024      O  1  1357A  -8.070   0.0011            
 nFnu 9.480m  -5.814   0.2003      Ca A 913.5A  -6.608   0.0322      H  1 8.758m  -7.899   0.0016      C  1  1140A  -7.218   0.0079            
 nInu 9.480m  -2.213 799.8752      Ca A 913.3A  -6.648   0.0294      H  1 27.80m  -7.952   0.0015      level2 lines................            
 nFnu 9.325m  -5.808   0.2031      Ca A  6563A  -5.430   0.4855      H  1 16.20m  -8.088   0.0011      C  1 943.9A  -6.570   0.0352            
 nInu 9.325m  -2.214 798.2398      Ca A  4861A  -5.880   0.1721      He-like iso-sequence........      C  1  1248A  -6.538   0.0378            
 nFnu 8.210m  -5.752   0.2309      Ca A  4340A  -6.202   0.0820      He 1     0   -7.110   0.0101      C  1 841.0A  -7.700   0.0026            
 nInu 8.210m  -2.215 796.7770      Ca A  4102A  -6.439   0.0475      He 1 584.3A  -5.319   0.6263      C  1  1561A  -6.835   0.0191            
 nFnu 7.580m  -5.723   0.2471      Ca A  3970A  -6.614   0.0318      He 1 537.0A  -5.995   0.1322      C  1  1315A  -6.750   0.0232            
 nInu 7.580m  -2.208 808.0649      Ca A  3889A  -6.745   0.0235      He 1 522.2A  -6.356   0.0575      C  1  1166A  -6.975   0.0138            
 nFnu 7.050m  -5.691   0.2662      Ca A  3835A  -6.847   0.0186      He 1 515.6A  -6.643   0.0297      C  1  1233A  -6.943   0.0149            
 nInu 7.050m  -2.199 825.6484      Ca A  3798A  -6.929   0.0154      He 1 512.1A  -6.874   0.0175      C  1  1132A  -7.247   0.0074            
 nFnu 4.114m  -5.518   0.3959      Ca A  3771A  -7.000   0.0131      Pho+  3889A  -6.024   0.1237      C  1  1251A  -7.245   0.0074            
 nInu 4.114m  -1.9491469.5154      Ca A  3750A  -7.061   0.0113      database lines..............      C  1  1112A  -7.399   0.0052            
 nFnu 2.324m  -5.475   0.4377      Ca A  3734A  -7.115   0.0100      OH   119.4m  -8.097   0.0010      C  1  1115A  -7.449   0.0046            
 nInu 2.324m  -1.4564572.8887      Ca A  3722A  -7.162   0.0090      OH   119.2m  -8.098   0.0010      C  1  1162A  -7.536   0.0038            
 nFnu 1.643m  -5.509   0.4043      Ca A  3712A  -7.204   0.0082      OH   84.57m  -7.357   0.0057      C  1  1167A  -7.671   0.0028            
 nInu 1.643m  -1.09210573.854      Ca A  3704A  -7.241   0.0075      OH   84.57m  -7.487   0.0043      C  1  1104A  -7.593   0.0033            
 nFnu 1.480m  -5.185   0.8532      Ca A  3697A  -7.273   0.0070      OH   84.40m  -7.361   0.0057      C  1  1109A  -7.618   0.0031            
 nInu 1.480m  -1.01212706.857      Ca A  3692A  -7.303   0.0065      OH   84.40m  -7.491   0.0042      C  1  1130A  -7.851   0.0018            
 nFnu 1.436m  -5.001   1.3036      Ca A  3687A  -7.332   0.0061      OH   98.71m  -7.912   0.0016      C  1  1098A  -7.762   0.0023            
 nInu 1.436m  -0.96314205.735      Ca A  3683A  -7.363   0.0057      OH   98.71m  -7.720   0.0025      C  1  1132A  -7.791   0.0021            
 nFnu 1.119m  -4.657   2.8792      Ca A  3679A  -7.396   0.0052      OH   98.70m  -7.913   0.0016      C  1  1106A  -7.856   0.0018            
 nInu 1.119m  -0.76022697.395      Ca A  3676A  -7.432   0.0048      OH   98.70m  -7.721   0.0025      C  1  1093A  -7.947   0.0015            
 nFnu  8330A  -4.643   2.9693      Ca A  3674A  -7.470   0.0044      CO   113.4m  -8.099   0.0010      C  1  1110A  -8.054   0.0012            
 nInu  8330A  -0.54337427.641      Ca A  3671A  -7.510   0.0040      CO   108.7m  -8.028   0.0012      C  1  1114A  -8.073   0.0011            
 nFnu  8079A  -4.530   3.8532      Ca A 1.875m  -6.221   0.0786      CO   104.4m  -7.962   0.0014      C  1  1115A  -8.083   0.0011            
 nInu  8079A  -0.49341956.812      Ca A 1.282m  -6.541   0.0376      CO   100.4m  -7.900   0.0016      C  1  1090A  -8.082   0.0011            
 nFnu  6210A  -4.855   1.8242      Ca A 1.094m  -6.797   0.0208      CO   96.75m  -7.842   0.0019      C  2  1020A  -8.021   0.0012            
 nInu  6210A  -0.27070135.133      Ca A 1.005m  -7.001   0.0130      CO   93.32m  -7.788   0.0021      N  1 942.3A  -7.725   0.0025            
 nFnu  4885A  -5.333   0.6067      Ca A  9546A  -7.162   0.0090      CO   90.14m  -7.737   0.0024      N  1 952.1A  -7.696   0.0026            
 nInu  4885A  -0.076109612.57      Ca A  9229A  -7.293   0.0067      CO   87.17m  -7.690   0.0027      N  1  1131A  -7.800   0.0021            
 nFnu  3704A  -6.149   0.0928      Ca A  9015A  -7.399   0.0052      CO   84.39m  -7.647   0.0029      O  1 867.3A  -7.410   0.0051            
 nInu  3704A   0.078156192.00      Ca A  8863A  -7.485   0.0043      CO   81.78m  -7.606   0.0032      O  1 787.5A  -7.720   0.0025            
 nFnu  3588A  -4.305   6.4679      Ca A  8750A  -7.557   0.0036      CO   79.34m  -7.569   0.0035      O  1 976.8A  -6.928   0.0154            
 nInu  3588A   0.106166861.94      Ca A  8665A  -7.618   0.0032      CO   77.04m  -7.535   0.0038      O  1 969.0A  -7.183   0.0086            
 nFnu  2430A  -6.438   0.0476      Ca A  8598A  -7.669   0.0028      CO   74.87m  -7.504   0.0041      O  1 946.4A  -7.587   0.0034            
 nInu  2430A   0.386317441.59      Ca A  8545A  -7.713   0.0025      CO   72.82m  -7.475   0.0044      O  1 934.5A  -7.847   0.0019            
 nFnu  2392A  -6.535   0.0381      Ca A  8502A  -7.751   0.0023      CO   70.89m  -7.449   0.0046      O  1 973.6A  -8.056   0.0011            
 nInu  2392A   0.393322657.59      Ca A  8467A  -7.785   0.0021      CO   69.06m  -7.425   0.0049      O  1 927.5A  -8.093   0.0011            
 nFnu  2071A  -6.031   0.1216      Ca A  8438A  -7.815   0.0020      CO   67.32m  -7.404   0.0052      Al 2  1671A  -7.139   0.0095            
 nInu  2071A   0.493405965.59      Ca A  8413A  -7.844   0.0019      CO   65.67m  -7.385   0.0054      Si 1  1261A  -7.439   0.0047            
 nFnu  2053A  -6.108   0.1019      Ca A  8392A  -7.875   0.0017      CO   64.10m  -7.369   0.0056      Si 1  1853A  -7.512   0.0040            
 nInu  2053A   0.489402966.50      Ca A  8374A  -7.909   0.0016      CO   62.61m  -7.355   0.0058      Si 1  1694A  -7.708   0.0026            
 nFnu  1793A  -7.087   0.0107      Ca A  8359A  -7.945   0.0015      CO   61.18m  -7.343   0.0059      Si 1  1626A  -7.989   0.0013            
 nInu  1793A   0.581497411.84      Ca A  8346A  -7.983   0.0014      CO   59.83m  -7.334   0.0061      Si 1  1091A  -8.012   0.0013            
 nFnu  1585A  -6.641   0.0298      Ca A  8334A  -8.023   0.0012      CO   58.53m  -7.326   0.0062      Si 2  1180A  -6.590   0.0336            
 nInu  1585A   0.548461113.84      Ca A 4.051m  -6.830   0.0193      CO   57.29m  -7.321   0.0062      Si 2 993.4A  -7.436   0.0048            
 nFnu  1458A  -5.527   0.3881      Ca A 2.625m  -7.076   0.0110      CO   56.11m  -7.318   0.0063      S  1  1356A  -7.753   0.0023            
 nInu  1458A   0.678621632.06      Ca A 2.166m  -7.290   0.0067      CO   54.97m  -7.316   0.0063      S  1  1227A  -7.917   0.0016            
 nFnu  1357A  -6.325   0.0618      Ca A 1.945m  -7.468   0.0044      CO   53.88m  -7.317   0.0063      S  1  1662A  -8.011   0.0013            
 nInu  1357A   0.743722614.81      Ca A 1.817m  -7.614   0.0032      CO   52.84m  -7.320   0.0063      S  2 750.3A  -7.990   0.0013            
 nFnu  1297A  -6.762   0.0226      Ca A 1.736m  -7.735   0.0024      CO   51.84m  -7.325   0.0062      Ar 1  1096A  -7.894   0.0017            
 nInu  1297A   0.719683956.62      Ca A 1.681m  -7.832   0.0019      CO   50.87m  -7.331   0.0061      Ti 2  3366A  -7.638   0.0030            
 nFnu  1263A  -6.892   0.0167      Ca A 1.641m  -7.912   0.0016      CO   49.95m  -7.340   0.0060      Ti 2  3238A  -8.007   0.0013            
 nInu  1263A   0.743722569.88      Ca A 1.611m  -7.977   0.0014      CO   49.06m  -7.350   0.0058      Cr 1  4271A  -7.728   0.0024            
 nFnu  1218A  -4.831   1.9277      Ca A 1.588m  -8.031   0.0012      CO   48.20m  -7.363   0.0057      Cr 1  3591A  -7.935   0.0015            
 nInu  1218A   0.633561402.81      Ca A 1.570m  -8.077   0.0011      CO   47.37m  -7.377   0.0055      hyperfine structure.........            
 nFnu  1196A  -5.156   0.9109      Ca A 7.458m  -7.334   0.0060      CO   46.57m  -7.393   0.0053      inner shell.................            
 nInu  1196A   0.694645303.62      Ca A 4.653m  -7.532   0.0038      CO   45.80m  -7.412   0.0051      molecules...................            
 nFnu  1175A  -5.294   0.6634      Ca A 3.740m  -7.714   0.0025      CO   45.06m  -7.432   0.0048      H2vH     0   -5.482   0.4309            
 nInu  1175A   0.586503524.31      Ca A 3.296m  -7.869   0.0018      CO   44.35m  -7.454   0.0046      H-FB     0   -5.148   0.9277            
 nFnu  1144A  -5.696   0.2630      Ca A 3.038m  -7.998   0.0013      CO   43.65m  -7.477   0.0043      H-FF     0   -5.225   0.7785            
 nInu  1144A   0.792809630.19      Ca A 2.872m  -8.103   0.0010      CO   42.98m  -7.503   0.0041      H-CT  6563A  -5.775   0.2192            
 nFnu  1113A  -6.030   0.1220      Ca A 12.37m  -7.765   0.0022      CO   42.33m  -7.531   0.0038      H2+      0   -5.403   0.5167            
 nInu  1113A   0.739715820.19      Ca A 7.500m  -7.928   0.0015      CO   41.71m  -7.561   0.0036            
 nFnu  1103A  -5.491   0.4214      Ca A 5.907m  -8.084   0.0011      CO   41.10m  -7.593   0.0033            

                                                    Emergent line intensities
 general properties..........      nInu  1113A   0.739715820.19      Ca B  8467A  -7.695   0.0026      O  1  6300A  -5.841   0.1883            
 TOTL  4861A  -5.116   1.0000      nFnu  1103A  -5.491   0.4214      Ca B  8438A  -7.737   0.0024      O  1  6363A  -6.337   0.0601            
 TOTL  1216A  -3.076 109.6723      nInu  1103A   0.804832216.31      Ca B  8413A  -7.779   0.0022      O  1 63.17m  -7.045   0.0118            
 continua....................      nFnu  1074A  -5.846   0.1861      Ca B  8392A  -7.822   0.0020      Na 1  5892A  -6.077   0.1093            
 Bac   3646A  -4.246   7.4061      nInu  1074A   0.777781134.50      Ca B  8374A  -7.865   0.0018      Mg 1  2853A  -7.439   0.0048            
 nFnu  3645A  -4.242   7.4886      nFnu  1064A  -5.987   0.1346      Ca B  8359A  -7.909   0.0016      TOTL  2798A  -5.982   0.1362            
 nFnu  3647A  -6.199   0.0826      nInu  1064A   0.787798805.69      Ca B  8346A  -7.954   0.0015      Mg 2  2796A  -6.162   0.0900            
 cout  3646A  -4.547   3.7030      nFnu  1036A  -6.326   0.0616      Ca B  8334A  -8.000   0.0013      Mg 2  2803A  -6.451   0.0462            
 cref  3646A  -4.547   3.7030      nInu  1036A   0.749733325.38      Ca B 4.051m  -6.761   0.0226      totl  2665A  -8.022   0.0012            
 thin  3646A  -4.246   7.4061      nFnu  1000A  -6.722   0.0248      Ca B 2.625m  -6.997   0.0132      Al 2  2670A  -8.022   0.0012            
 Inci  4860A  -0.091105967.18      nInu  1000A   0.747729289.00      Ca B 2.166m  -7.196   0.0083      Si 1  2518A  -7.606   0.0032            
 Inci  1215A   0.635563621.25      nFnu 925.1A  -6.199   0.0825      Ca B 1.945m  -7.358   0.0057      Si 2 34.81m  -7.348   0.0059            
 FIR  83.00m  -1.4364787.9985      nInu 925.1A   0.582498915.31      Ca B 1.817m  -7.490   0.0042      Si 2  1531A  -7.430   0.0049            
 TIR   1800m  -3.738  23.8522      nFnu 897.8A  -3.085 107.4888      Ca B 1.736m  -7.600   0.0033      Si 2  1308A  -7.511   0.0040            
 NIRa 2.850m  -0.63730129.096      nInu 897.8A  -0.16888795.734      Ca B 1.681m  -7.694   0.0026      Si 2  1263A  -6.390   0.0532            
 NIRb 3.000m  -0.98813418.122      nFnu 760.0A  -6.399   0.0521      Ca B 1.641m  -7.776   0.0022      P  2 1.640m  -7.517   0.0040            
 MIRa 15.00m  -1.9121599.0988      nInu 760.0A  -0.25173292.859      Ca B 1.611m  -7.847   0.0019      P  2  4669A  -8.007   0.0013            
 MIRb 22.50m  -1.7252457.9150      nFnu 701.5A  -7.017   0.0126      Ca B 1.588m  -7.909   0.0016      P  2 1.189m  -7.623   0.0031            
 NMIR 21.75m  -0.63730129.096      nInu 701.5A  -0.41050832.285      Ca B 1.570m  -7.965   0.0014      P  2 1.147m  -8.100   0.0010            
 TFIR 611.2m  -1.9481472.5743      nInu 608.2A  -0.60532464.887      Ca B 1.556m  -8.016   0.0013      S  1 25.19m  -7.233   0.0076            
 TALL 10000A   0.777781706.88      nFnu 575.1A  -7.102   0.0103      Ca B 1.544m  -8.061   0.0011      S 1R  1807A  -7.621   0.0031            
 F12  12.00m  -2.414 503.4767      nInu 575.1A  -0.57035138.039      Ca B 1.534m  -8.104   0.0010      S  2  6720A  -8.023   0.0012            
 F25  25.00m  -2.293 665.2983      nInu 511.9A  -0.74523466.525      Ca B 7.458m  -7.265   0.0071      S  2  4074A  -7.174   0.0087            
 F60  60.00m  -1.8351908.5829      nFnu 496.9A  -6.666   0.0282      Ca B 4.653m  -7.452   0.0046      S  2 1.033m  -7.368   0.0056            
 F100 100.0m  -2.0231239.8184      nInu 496.9A  -1.2587204.0894      Ca B 3.740m  -7.619   0.0031      S II  4070A  -7.256   0.0072            
 MIPS 24.00m  -2.607 322.6916      nInu 399.2A  -1.1708834.3428      Ca B 3.296m  -7.759   0.0023      S II  4078A  -7.940   0.0015            
 MIPS 70.00m  -2.193 838.2316      RRC.........................      Ca B 3.038m  -7.876   0.0017      S II 1.032m  -7.747   0.0023            
 MIPS 160.0m  -2.418 499.1070      grains......................      Ca B 2.872m  -7.974   0.0014      S II 1.029m  -7.882   0.0017            
 IRAC 3.600m  -2.478 434.6945      H-like iso-sequence.........      Ca B 2.758m  -8.058   0.0011      S II 1.034m  -8.102   0.0010            
 IRAC 4.500m  -2.681 272.3785      Ca B  1216A  -4.210   8.0516      Ca B 12.37m  -7.691   0.0027      Cl 2 14.40m  -7.711   0.0025            
 IRAC 5.800m  -2.761 226.5134      Q(H)  4861A  -2.254 727.8251      Ca B 7.500m  -7.842   0.0019      Cl 2  8579A  -7.005   0.0129            
 IRAC 8.000m  -2.653 290.5664      Q(H)  1216A  -0.78721339.152      Ca B 5.907m  -7.983   0.0014      Cl 2  9124A  -7.583   0.0034            
 SPR1 250.0m  -2.840 188.8821      CaBo  4861A  -5.715   0.2516      Ca B 5.127m  -8.103   0.0010      K  1  7676A  -6.286   0.0676            
 SPR2 350.0m  -3.276  69.2110      Ca A  1216A  -4.305   6.4732      Ca B 19.06m  -8.058   0.0011      Ca 1  4228A  -5.887   0.1694            
 SPR3 500.0m  -3.664  28.3318      Ca A  1026A  -5.031   1.2164      H  1  1216A  -3.076 109.6723      Ca 2  3933A  -6.358   0.0572            
 PAC1 70.00m  -2.130 967.3974      Ca A 972.5A  -5.431   0.4840      H  1  1026A  -3.528  38.7457      Ca 2  8579A  -7.930   0.0015            
 PAC2 100.0m  -2.0181254.1034      Ca A 949.7A  -5.693   0.2648      H  1 972.5A  -4.025  12.3263      Ca 2  7306A  -5.953   0.1455            
 PAC3 160.0m  -2.161 901.9962      Ca A 937.8A  -5.864   0.1786      H  1 949.7A  -4.140   9.4580      Ca2K  3934A  -6.543   0.0374            
 PAH  3.300m  -3.278  68.9272      Ca A 930.8A  -5.975   0.1384      H  1 937.8A  -4.470   4.4214      Ca2H  3969A  -6.818   0.0198            
 PAHC 3.230m  -3.535  38.0783      Ca A 926.2A  -6.044   0.1180      H  1 930.8A  -4.815   1.9981      CaF1  7291A  -6.174   0.0875            
 PAHC 3.370m  -3.613  31.8509      Ca A 923.2A  -6.091   0.1059      H  1 926.2A  -5.084   1.0760      CaF2  7324A  -6.353   0.0580            
 PAH  6.200m  -3.263  71.3229      Ca A 921.0A  -6.133   0.0961      H  1 923.2A  -5.264   0.7106      Fe 2  4300A  -5.676   0.2755            
 PAHC 5.650m  -3.207  81.1446      Ca A 919.4A  -6.177   0.0869      H  1 921.0A  -5.442   0.4721      Fe 2  2400A  -6.315   0.0633            
 PAH  7.900m  -3.109 101.7148      Ca A 918.1A  -6.223   0.0782      H  1  6563A  -4.642   2.9761      Fe 2 25.98m  -6.662   0.0284            
 PAHC 6.900m  -3.033 121.1676      Ca A 917.2A  -6.267   0.0706      H  1  4861A  -5.116   1.0000      Fe 2 5.339m  -7.724   0.0025            
 PAH  11.30m  -3.626  30.9124      Ca A 916.4A  -6.309   0.0641      H  1  4340A  -5.273   0.6972      Fe 2 1.257m  -6.283   0.0680            
 PAHC 10.90m  -3.620  31.3180      Ca A 915.8A  -6.347   0.0587      H  1  4102A  -5.481   0.4312      Fe 2 35.34m  -7.089   0.0106            
 PAH  11.80m  -3.392  53.0032      Ca A 915.3A  -6.382   0.0542      H  1  3970A  -5.708   0.2557      Fe 2 1.321m  -6.861   0.0180            
 PAHC 12.65m  -3.401  51.9195      Ca A 914.9A  -6.413   0.0504      H  1  3889A  -5.928   0.1540      Fe 2 1.249m  -7.532   0.0038            
 PAH  13.30m  -3.351  58.2519      Ca A 914.6A  -6.442   0.0472      H  1  3835A  -6.098   0.1041      Fe 2  7638A  -7.027   0.0123            
 PAHC 14.10m  -3.360  57.0267      Ca A 914.3A  -6.471   0.0442      H  1  3798A  -6.275   0.0693      Fe 2 51.29m  -7.793   0.0021            
 Bcon  3640A   0.688636128.88      Ca A 914.0A  -6.501   0.0412      H  1 1.875m  -5.659   0.2862      Fe 2 1.372m  -7.085   0.0107            
 Pcon  5000A  -0.21978834.422      Ca A 913.8A  -6.534   0.0382      H  1 1.282m  -5.864   0.1787      Fe 2 1.294m  -6.864   0.0178            
 nInu 2.003c  -8.071   0.0011      Ca A 913.6A  -6.570   0.0351      H  1 1.094m  -6.034   0.1208      Fe 2  7687A  -7.227   0.0077            
 nInu 1.335c  -7.537   0.0038      Ca A 913.5A  -6.608   0.0322      H  1 1.005m  -6.238   0.0755      Fe 2 1.328m  -7.110   0.0101            
 nInu  9993m  -7.159   0.0091      Ca A 913.3A  -6.648   0.0294      H  1  9546A  -6.449   0.0464      Fe 2 1.279m  -6.987   0.0134            
 nInu  6917m  -6.684   0.0271      Ca A  6563A  -5.430   0.4855      H  1  9229A  -6.616   0.0316      Fe 2 1.252m  -7.893   0.0017            
 nFnu 122.4m  -7.072   0.0111      Ca A  4861A  -5.880   0.1721      H  1  9015A  -6.792   0.0211      Fe 2  7665A  -7.603   0.0033            
 nInu 122.4m  -1.6073230.6443      Ca A  4340A  -6.202   0.0820      H  1 4.051m  -6.233   0.0763      Fe 2 1.298m  -7.351   0.0058            
 nFnu 60.83m  -6.727   0.0245      Ca A  4102A  -6.439   0.0475      H  1 2.625m  -6.409   0.0509      Fe 2 1.270m  -7.180   0.0086            
 nInu 60.83m  -1.6542897.4343      Ca A  3970A  -6.614   0.0318      H  1 2.166m  -6.612   0.0319      Fe 2  7874A  -8.085   0.0011            
 nFnu 41.22m  -6.523   0.0392      Ca A  3889A  -6.745   0.0235      H  1 1.945m  -6.822   0.0197      Fe 2 17.93m  -6.396   0.0525            
 nInu 41.22m  -1.7662239.1284      Ca A  3835A  -6.847   0.0186      H  1 1.817m  -6.988   0.0134      Fe 2 1.644m  -6.356   0.0575            
 nFnu 30.87m  -6.376   0.0549      Ca A  3798A  -6.929   0.0154      H  1 1.736m  -7.162   0.0090      Fe 2 1.533m  -6.809   0.0203            
 nInu 30.87m  -1.8661779.1769      Ca A  3771A  -7.000   0.0131      H  1 7.458m  -6.720   0.0249      Fe 2  8617A  -6.448   0.0465            
 nFnu 24.78m  -6.266   0.0708      Ca A  3750A  -7.061   0.0113      H  1 4.653m  -6.911   0.0160      Fe 2 24.51m  -6.887   0.0169            
 nInu 24.78m  -1.9431489.7615      Ca A  3734A  -7.115   0.0100      H  1 3.740m  -7.116   0.0100      Fe 2 1.809m  -7.059   0.0114            
 nFnu 24.30m  -6.256   0.0725      Ca A  3722A  -7.162   0.0090      H  1 3.296m  -7.279   0.0069      Fe 2 1.677m  -6.949   0.0147            
 nInu 24.30m  -1.9501465.9050      Ca A  3712A  -7.204   0.0082      H  1 3.038m  -7.452   0.0046      Fe 2 1.599m  -6.926   0.0155            
 nFnu 22.83m  -6.225   0.0777      Ca A  3704A  -7.241   0.0075      H  1 12.37m  -7.183   0.0086      Fe 2  9052A  -7.106   0.0102            
 nInu 22.83m  -1.9711396.6222      Ca A  3697A  -7.273   0.0070      H  1 7.500m  -7.366   0.0056      Fe 2  8892A  -6.870   0.0176            
 nFnu 21.42m  -6.194   0.0836      Ca A  3692A  -7.303   0.0065      H  1 5.907m  -7.522   0.0039      Fe 2 35.77m  -7.712   0.0025            
 nInu 21.42m  -1.9941325.2504      Ca A  3687A  -7.332   0.0061      H  1 5.127m  -7.692   0.0027      Fe 2 1.800m  -7.120   0.0099            
 nFnu 21.12m  -6.187   0.0850      Ca A  3683A  -7.363   0.0057      H  1 19.06m  -7.606   0.0032      Fe 2 1.711m  -7.508   0.0041            
 nInu 21.12m  -1.9991309.3062      Ca A  3679A  -7.396   0.0052      H  1 11.31m  -7.737   0.0024      Fe 2 1.664m  -7.220   0.0079            
 nFnu 19.62m  -6.151   0.0922      Ca A  3676A  -7.432   0.0048      H  1 8.758m  -7.899   0.0016      Fe 2  9399A  -7.883   0.0017            
 nInu 19.62m  -2.0221241.0674      Ca A  3674A  -7.470   0.0044      H  1 27.80m  -7.952   0.0015      Fe 2  9227A  -7.126   0.0098            
 nFnu 17.65m  -6.097   0.1044      Ca A  3671A  -7.510   0.0040      H  1 16.20m  -8.088   0.0011      Fe 2  9033A  -7.352   0.0058            
 nInu 17.65m  -2.0521157.2894      Ca A 1.875m  -6.221   0.0786      He-like iso-sequence........      Fe 2 1.797m  -7.281   0.0068            
 nFnu 17.37m  -6.090   0.1061      Ca A 1.282m  -6.541   0.0376      He 1 584.3A  -5.320   0.6246      Fe 2 1.745m  -7.529   0.0039            
 nInu 17.37m  -2.0571146.3123      Ca A 1.094m  -6.797   0.0208      He 1 537.0A  -5.996   0.1319      Fe 2  9471A  -7.692   0.0027            
 nFnu 15.69m  -6.044   0.1181      Ca A 1.005m  -7.001   0.0130      He 1 522.2A  -6.357   0.0575      Fe 2  9268A  -7.246   0.0074            
 nInu 15.69m  -2.0841075.7471      Ca A  9546A  -7.162   0.0090      He 1 515.6A  -6.644   0.0297      Fe 2 22.90m  -8.034   0.0012            
 nFnu 14.60m  -6.009   0.1279      Ca A  9229A  -7.293   0.0067      He 1 512.1A  -6.874   0.0174      Fe 2 1.811m  -7.903   0.0016            
 nInu 14.60m  -2.1041028.9482      Ca A  9015A  -7.399   0.0052      Pho+  3889A  -6.024   0.1237      Fe 2 1.748m  -8.112   0.0010            
 nFnu 12.43m  -5.932   0.1528      Ca A  8863A  -7.485   0.0043      database lines..............      Fe2b  7000A  -6.731   0.0243            
 nInu 12.43m  -2.149 926.5404      Ca A  8750A  -7.557   0.0036      OH   119.4m  -8.097   0.0010      Fe2b 10000A  -5.496   0.4168            
 nFnu 11.40m  -5.895   0.1663      Ca A  8665A  -7.618   0.0032      OH   119.2m  -8.098   0.0010      Fe2b  7445A  -6.731   0.0243            
 nInu 11.40m  -2.173 877.8265      Ca A  8598A  -7.669   0.0028      OH   84.57m  -7.357   0.0057      Fe2b  8625A  -6.115   0.1001            
 nFnu 10.46m  -5.855   0.1823      Ca A  8545A  -7.713   0.0025      OH   84.57m  -7.487   0.0043      Fe2b 1.033m  -7.692   0.0027            
 nInu 10.46m  -2.196 831.6773      Ca A  8502A  -7.751   0.0023      OH   84.40m  -7.361   0.0057      Fe2b 1.889m  -6.514   0.0400            
 nFnu 9.480m  -5.814   0.2003      Ca A  8467A  -7.785   0.0021      OH   84.40m  -7.491   0.0042      Fe 2  1786A  -6.158   0.0907            
 nInu 9.480m  -2.213 799.8752      Ca A  8438A  -7.815   0.0020      OH   98.71m  -7.912   0.0016      recombination...............            
 nFnu 9.325m  -5.808   0.2031      Ca A  8413A  -7.844   0.0019      OH   98.71m  -7.720   0.0025      O  1  1357A  -8.070   0.0011            
 nInu 9.325m  -2.214 798.2398      Ca A  8392A  -7.875   0.0017      OH   98.70m  -7.913   0.0016      C  1  1140A  -7.218   0.0079            
 nFnu 8.210m  -5.752   0.2309      Ca A  8374A  -7.909   0.0016      OH   98.70m  -7.721   0.0025      level2 lines................            
 nInu 8.210m  -2.215 796.7770      Ca A  8359A  -7.945   0.0015      CO   113.4m  -8.099   0.0010      C  1 943.9A  -6.570   0.0352            
 nFnu 7.580m  -5.723   0.2471      Ca A  8346A  -7.983   0.0014      CO   108.7m  -8.028   0.0012      C  1  1248A  -6.538   0.0378            
 nInu 7.580m  -2.208 808.0649      Ca A  8334A  -8.023   0.0012      CO   104.4m  -7.962   0.0014      C  1 841.0A  -7.702   0.0026            
 nFnu 7.050m  -5.691   0.2662      Ca A 4.051m  -6.830   0.0193      CO   100.4m  -7.900   0.0016      C  1  1561A  -6.835   0.0191            
 nInu 7.050m  -2.199 825.6484      Ca A 2.625m  -7.076   0.0110      CO   96.75m  -7.842   0.0019      C  1  1315A  -6.750   0.0232            
 nFnu 4.114m  -5.518   0.3959      Ca A 2.166m  -7.290   0.0067      CO   93.32m  -7.788   0.0021      C  1  1166A  -6.975   0.0138            
 nInu 4.114m  -1.9491469.5154      Ca A 1.945m  -7.468   0.0044      CO   90.14m  -7.737   0.0024      C  1  1233A  -6.943   0.0149            
 nFnu 2.324m  -5.475   0.4377      Ca A 1.817m  -7.614   0.0032      CO   87.17m  -7.690   0.0027      C  1  1132A  -7.247   0.0074            
 nInu 2.324m  -1.4564572.8887      Ca A 1.736m  -7.735   0.0024      CO   84.39m  -7.647   0.0029      C  1  1251A  -7.245   0.0074            
 nFnu 1.643m  -5.509   0.4043      Ca A 1.681m  -7.832   0.0019      CO   81.78m  -7.606   0.0032      C  1  1112A  -7.399   0.0052            
 nInu 1.643m  -1.09210573.854      Ca A 1.641m  -7.912   0.0016      CO   79.34m  -7.569   0.0035      C  1  1115A  -7.449   0.0046            
 nFnu 1.480m  -5.185   0.8532      Ca A 1.611m  -7.977   0.0014      CO   77.04m  -7.535   0.0038      C  1  1162A  -7.536   0.0038            
 nInu 1.480m  -1.01212706.857      Ca A 1.588m  -8.031   0.0012      CO   74.87m  -7.504   0.0041      C  1  1167A  -7.671   0.0028            
 nFnu 1.436m  -5.001   1.3036      Ca A 1.570m  -8.077   0.0011      CO   72.82m  -7.475   0.0044      C  1  1104A  -7.593   0.0033            
 nInu 1.436m  -0.96314205.735      Ca A 7.458m  -7.334   0.0060      CO   70.89m  -7.449   0.0046      C  1  1109A  -7.618   0.0031            
 nFnu 1.119m  -4.657   2.8792      Ca A 4.653m  -7.532   0.0038      CO   69.06m  -7.425   0.0049      C  1  1130A  -7.851   0.0018            
 nInu 1.119m  -0.76022697.395      Ca A 3.740m  -7.714   0.0025      CO   67.32m  -7.404   0.0052      C  1  1098A  -7.762   0.0023            
 nFnu  8330A  -4.643   2.9693      Ca A 3.296m  -7.869   0.0018      CO   65.67m  -7.385   0.0054      C  1  1132A  -7.791   0.0021            
 nInu  8330A  -0.54337427.641      Ca A 3.038m  -7.998   0.0013      CO   64.10m  -7.369   0.0056      C  1  1106A  -7.856   0.0018            
 nFnu  8079A  -4.530   3.8532      Ca A 2.872m  -8.103   0.0010      CO   62.61m  -7.355   0.0058      C  1  1093A  -7.947   0.0015            
 nInu  8079A  -0.49341956.812      Ca A 12.37m  -7.765   0.0022      CO   61.18m  -7.343   0.0059      C  1  1110A  -8.054   0.0012            
 nFnu  6210A  -4.855   1.8242      Ca A 7.500m  -7.928   0.0015      CO   59.83m  -7.334   0.0061      C  1  1114A  -8.073   0.0011            
 nInu  6210A  -0.27070135.133      Ca A 5.907m  -8.084   0.0011      CO   58.53m  -7.326   0.0062      C  1  1115A  -8.083   0.0011            
 nFnu  4885A  -5.333   0.6067      Ca B  6563A  -5.222   0.7827      CO   57.29m  -7.321   0.0062      C  1  1090A  -8.082   0.0011            
 nInu  4885A  -0.076109612.57      Ca B  4861A  -5.679   0.2736      CO   56.11m  -7.318   0.0063      C  2  1020A  -8.021   0.0012            
 nFnu  3704A  -6.149   0.0928      Ca B  4340A  -5.998   0.1311      CO   54.97m  -7.316   0.0063      N  1 942.3A  -7.725   0.0025            
 nInu  3704A   0.078156192.00      Ca B  4102A  -6.232   0.0766      CO   53.88m  -7.317   0.0063      N  1 952.1A  -7.696   0.0026            
 nFnu  3588A  -4.305   6.4679      Ca B  3970A  -6.407   0.0512      CO   52.84m  -7.320   0.0063      N  1  1131A  -7.800   0.0021            
 nInu  3588A   0.106166861.94      Ca B  3889A  -6.543   0.0374      CO   51.84m  -7.325   0.0062      O  1 867.3A  -7.412   0.0051            
 nFnu  2430A  -6.438   0.0476      Ca B  3835A  -6.653   0.0291      CO   50.87m  -7.331   0.0061      O  1 787.5A  -7.722   0.0025            
 nInu  2430A   0.386317441.59      Ca B  3798A  -6.747   0.0234      CO   49.95m  -7.340   0.0060      O  1 976.8A  -6.928   0.0154            
 nFnu  2392A  -6.535   0.0381      Ca B  3771A  -6.830   0.0193      CO   49.06m  -7.350   0.0058      O  1 969.0A  -7.183   0.0086            
 nInu  2392A   0.393322657.59      Ca B  3750A  -6.905   0.0163      CO   48.20m  -7.363   0.0057      O  1 946.4A  -7.587   0.0034            
 nFnu  2071A  -6.031   0.1216      Ca B  3734A  -6.972   0.0139      CO   47.37m  -7.377   0.0055      O  1 934.5A  -7.847   0.0019            
 nInu  2071A   0.493405965.59      Ca B  3722A  -7.032   0.0121      CO   46.57m  -7.393   0.0053      O  1 973.6A  -8.056   0.0011            
 nFnu  2053A  -6.108   0.1019      Ca B  3712A  -7.087   0.0107      CO   45.80m  -7.412   0.0051      O  1 927.5A  -8.093   0.0011            
 nInu  2053A   0.489402966.50      Ca B  3704A  -7.136   0.0095      CO   45.06m  -7.432   0.0048      Al 2  1671A  -7.139   0.0095            
 nFnu  1793A  -7.087   0.0107      Ca B  3697A  -7.182   0.0086      CO   44.35m  -7.454   0.0046      Si 1  1261A  -7.439   0.0047            
 nInu  1793A   0.581497411.84      Ca B  3692A  -7.224   0.0078      CO   43.65m  -7.477   0.0043      Si 1  1853A  -7.512   0.0040            
 nFnu  1585A  -6.641   0.0298      Ca B  3687A  -7.266   0.0071      CO   42.98m  -7.503   0.0041      Si 1  1694A  -7.708   0.0026            
 nInu  1585A   0.548461113.84      Ca B  3683A  -7.308   0.0064      CO   42.33m  -7.531   0.0038      Si 1  1626A  -7.989   0.0013            
 nFnu  1458A  -5.527   0.3881      Ca B  3679A  -7.352   0.0058      CO   41.71m  -7.561   0.0036      Si 1  1091A  -8.012   0.0013            
 nInu  1458A   0.678621632.06      Ca B  3676A  -7.396   0.0052      CO   41.10m  -7.593   0.0033      Si 2  1180A  -6.590   0.0336            
 nFnu  1357A  -6.325   0.0618      Ca B  3674A  -7.441   0.0047      CO   40.51m  -7.626   0.0031      Si 2 993.4A  -7.436   0.0048            
 nInu  1357A   0.743722614.81      Ca B  3671A  -7.487   0.0043      CO   39.94m  -7.662   0.0028      S  1  1356A  -7.753   0.0023            
 nFnu  1297A  -6.762   0.0226      Ca B 1.875m  -6.135   0.0958      CO   39.39m  -7.700   0.0026      S  1  1227A  -7.917   0.0016            
 nInu  1297A   0.719683956.62      Ca B 1.282m  -6.444   0.0470      CO   38.85m  -7.741   0.0024      S  1  1662A  -8.011   0.0013            
 nFnu  1263A  -6.892   0.0167      Ca B 1.094m  -6.688   0.0268      level 1 lines...............      S  2 750.3A  -7.991   0.0013            
 nInu  1263A   0.743722569.88      Ca B 1.005m  -6.876   0.0174      C  1  1656A  -6.327   0.0615      Ar 1  1096A  -7.894   0.0017            
 nFnu  1218A  -4.831   1.9277      Ca B  9546A  -7.024   0.0124      REC   1656A  -7.245   0.0074      Ti 2  3366A  -7.638   0.0030            
 nInu  1218A   0.633561402.81      Ca B  9229A  -7.145   0.0094      C Ic  9850A  -6.520   0.0394      Ti 2  3238A  -8.007   0.0013            
 nFnu  1196A  -5.156   0.9109      Ca B  9015A  -7.247   0.0074      TOTL  9850A  -6.520   0.0394      Cr 1  4271A  -7.728   0.0024            
 nInu  1196A   0.694645303.62      Ca B  8863A  -7.335   0.0060      C  1  8727A  -5.702   0.2594      Cr 1  3591A  -7.935   0.0015            
 nFnu  1175A  -5.294   0.6634      Ca B  8750A  -7.413   0.0050      C  2  1335A  -7.889   0.0017      hyperfine structure.........            
 nInu  1175A   0.586503524.31      Ca B  8665A  -7.482   0.0043      N  1 953.9A  -7.681   0.0027      inner shell.................            
 nFnu  1144A  -5.696   0.2630      Ca B  8598A  -7.544   0.0037      N  1  1200A  -6.629   0.0307      molecules...................            
 nInu  1144A   0.792809630.19      Ca B  8545A  -7.599   0.0033      N  1 1.040m  -8.026   0.0012      H-CT  6563A  -5.775   0.2192            
 nFnu  1113A  -6.030   0.1220      Ca B  8502A  -7.649   0.0029      TOTL 1.040m  -7.690   0.0027            



                                                                           
 Cooling:  HFBc     0 :0.056 HFFc     0 :0.172 C  1  8727A:0.051 Fe2c     0 :0.182 H-FB     0 :0.184 H2+      0 :0.102  
 Heating:  BFH1     0 :0.870 H2vH     0 :0.085  

 These are some of the most important databases used by Cloudy:
 Many recombination coefficients were taken from http://amdpp.phys.strath.ac.uk/tamoc/RR/ and http://amdpp.phys.strath.ac.uk/tamoc/DR/
      and are based on the following papers:
        Badnell N. R., et al., A&A 406, 1151 (2003) [http://adsabs.harvard.edu/abs/2003A%26A...406.1151B]
        Badnell N. R., ApJS 167, 334 (2006) [http://adsabs.harvard.edu/abs/2006ApJS..167..334B]
 Much of the molecular emission data is from LAMDA as accessed on Dec. 18, 2010. This database is described in:
        Schoeier F.L., et al., A&A 432, 369 (2005) [http://adsabs.harvard.edu/abs/2005A%26A...432..369S]
      This database is in part based on the work of the following groups:
        JPL: Pickett H. M. et al., JQSRT, 60, 883 (1998). [http://adsabs.harvard.edu/abs/1998JQSRT..60..883P]
        CDMS: Mueller H. S. et al., A&A 370, L49 (2001). [http://adsabs.harvard.edu/abs/2001A%26A...370L..49M]
              Mueller H. S. et al., J. Mol. Struct. 742, 215 (2005). [http://adsabs.harvard.edu/abs/2005JMoSt.742..215M]
 Much of the ionic emission data is from version 7.0 of CHIANTI. CHIANTI is a collaborative project involving the NRL (USA), the
      Universities of Florence (Italy) and Cambridge (UK), and George Mason University (USA). These papers describe Chianti:
        Dere K. P., et al., A&AS, 125, 149 (1997) [http://adsabs.harvard.edu/abs/1997A%26AS..125..149D]
        Landi E., et al., ApJ, 744, 99 (2012) [http://adsabs.harvard.edu/abs/2012ApJ...744...99L]
 Much of the H_2 data is from this web site: http://molat.obspm.fr/index.php?page=pages/Molecules/H2/H2can94.php. These data are
      described in:
        Abgrall H. et al., Can. J. Phys., 72, 856 (1994) [http://adsabs.harvard.edu/abs/1994CaJPh..72..856A]
        Wrathmall S. A. & Flower D. R., J. Phys. B, 40, 3221 (2007) [http://adsabs.harvard.edu/abs/2007JPhB...40.3221W]
 Please cite those papers that played a significant role in this calculation.

 IONIZE PARMET:  U(1-)-10.4768  U(4-):-12.5368  U(sp):-10.48  Q(ion):   10.000  L(ion) -0.518    Q(low): 12.466    L(low)  0.754
 ENERGY BUDGET:  Heat:  -4.411  Coolg:  -4.413  Error:  0.4%  Rec Lin:  -4.935  F-F  H  0.000    P(rad/tot)max     0.00E+00

     Col(Heff):      0.000E+00  snd travl time  4.91E-02 sec  Te-low: 3.53E+03  Te-hi: 3.53E+03  G0TH85: 2.32E+03  G0DB96:2.54E+03
  Emiss Measure    n(e)n(p) dl       6.383E+18  n(e)n(He+)dl         8.035E+14  En(e)n(He++) dl         3.739E+08  ne nC+:2.78E+16
 He/Ha:1.94E-04  =   0.00*true  Lthin:8.08E+02  itr/zn:136.00  H2 itr/zn:  0.00  File Opacity: F  MassTot 5.39e-10  (gm/cm^2)
   Temps(21 cm)   T(21cm/Ly a)  3.35E+03        T(<nH/Tkin>)  3.53E+03          T(<nH/Tspin>)    3.54E+03          TB21cm:0.00E+00
                   N(H0/Tspin)  6.69E+10        N(OH/Tkin)    1.53E+04          B(21cm)          0.00E+00
   <a>:9.92E-05  erdeFe0.0E+00  Tcompt3.01E+04  Tthr4.89E+06  <Tden>: 3.53E+03  <dens>:2.27E-14  <MolWgt>1.26E+00
     Mean Jeans  l(cm)2.20E+16  M(sun)6.38E+01  smallest:     len(cm):2.20E+16  M(sun):6.38E+01  a_ox tran:  0.00
 Rion:1.000E+30  Dist:0.00E+00  Diam:0.000E+00
 Hatom level 70  HatomType: add  HInducImp  F  He tot level: 63  He2 level:   70  ExecTime    70.9
 ConvrgError(%)  <eden>  0.267  MaxEden  0.267  <H-C>   0.41  Max(H-C)    0.41  <Press>   0.000  MaxPrs er  0.000
  Continuity(%)  chng Te   0.0  elec den   0.0  n(H2)    0.0  n(CO)        0.0

                                                        Averaged Quantities
             Te      Te(Ne)   Te(NeNp)  Te(NeHe+)Te(NeHe2+) Te(NeO+)  Te(NeO2+)  Te(H2)     N(H)     Ne(O2+)   Ne(Np)
 Radius:  3.53e+03  3.53e+03  3.53e+03  3.53e+03  3.53e+03  3.53e+03  3.53e+03  3.53e+03  1.00e+10  1.69e+07  1.69e+07

 Contin Optical Depths: COMP: 2.68e-13    H-: 2.87e-11 R(1300): 1.59e-09  H2+: 8.28e-13  Pfa:2.69E-13
                          Pa: 2.69e-13    Ba: 2.63e-11      Hb: 2.06e-11   La: 3.49e-06     1r:1.500E-03  1.8:4.47E-04 4.:6.508E-05

 Old, new H  1 continuum optical depths:
     1 1.50e-03     2 1.47e-11     3 2.89e-11     4 2.89e-11     5 2.89e-11     6 7.18e-12     7 7.18e-12     8 7.18e-12
     9 7.18e-12    10 3.07e-16    11 3.07e-16    12 3.07e-16    13 3.07e-16    14 3.07e-16    15 6.57e-16    16 6.57e-16
    17 6.57e-16    18 6.57e-16    19 6.57e-16    20 6.57e-16    21 1.22e-15    22 1.22e-15    23 1.22e-15    24 1.22e-15
    25 1.22e-15    26 1.22e-15    27 1.22e-15    28 2.04e-15    29 2.04e-15    30 2.04e-15    31 2.04e-15    32 2.04e-15
    33 2.04e-15    34 2.04e-15    35 2.04e-15    36 3.20e-15    37 3.20e-15    38 3.20e-15    39 3.20e-15    40 3.20e-15
    41 3.20e-15    42 3.20e-15    43 3.20e-15    44 3.20e-15    45 4.76e-15    46 4.76e-15    47 4.76e-15    48 4.76e-15
    49 4.76e-15    50 4.76e-15    51 4.76e-15    52 4.76e-15    53 4.76e-15    54 4.76e-15
     1 1.50e-03     2 1.46e-11     3 2.87e-11     4 2.87e-11     5 2.87e-11     6 7.15e-12     7 7.15e-12     8 7.15e-12
     9 7.15e-12    10 3.07e-16    11 3.07e-16    12 3.07e-16    13 3.07e-16    14 3.07e-16    15 6.56e-16    16 6.56e-16
    17 6.56e-16    18 6.56e-16    19 6.56e-16    20 6.56e-16    21 1.22e-15    22 1.22e-15    23 1.22e-15    24 1.22e-15
    25 1.22e-15    26 1.22e-15    27 1.22e-15    28 2.04e-15    29 2.04e-15    30 2.04e-15    31 2.04e-15    32 2.04e-15
    33 2.04e-15    34 2.04e-15    35 2.04e-15    36 3.19e-15    37 3.19e-15    38 3.19e-15    39 3.19e-15    40 3.19e-15
    41 3.19e-15    42 3.19e-15    43 3.19e-15    44 3.19e-15    45 4.76e-15    46 4.76e-15    47 4.76e-15    48 4.76e-15
    49 4.76e-15    50 4.76e-15    51 4.76e-15    52 4.76e-15    53 4.76e-15    54 4.76e-15

 Old, new H  1 mean line optical depths:
  2- 1 4.17e+01  3- 2 4.55e-11  4- 3 8.65e-13  5- 4 7.76e-13  6- 5 1.82e-12  7- 6 3.69e-12  8- 7 1.02e-11
  9- 8 7.82e-12 10- 9 3.06e-11
  2- 1 4.17e+01  3- 2 4.60e-11  4- 3 8.64e-13  5- 4 7.72e-13  6- 5 1.81e-12  7- 6 3.67e-12  8- 7 1.02e-11
  9- 8 7.80e-12 10- 9 3.05e-11

 Old, new He 2 continuum optical depths:
     1 6.51e-05     2 1.48e-03     3 2.56e-11     4 2.56e-11     5 2.56e-11     6 1.47e-11     7 1.47e-11     8 1.47e-11
     9 1.47e-11    10 2.34e-11    11 2.34e-11    12 2.34e-11    13 2.34e-11    14 2.34e-11    15 2.89e-11    16 2.89e-11
    17 2.89e-11    18 2.89e-11    19 2.89e-11    20 2.89e-11    21 2.44e-11    22 2.44e-11    23 2.44e-11    24 2.44e-11
    25 2.44e-11    26 2.44e-11    27 2.44e-11    28 7.18e-12    29 7.18e-12    30 7.18e-12    31 7.18e-12    32 7.18e-12
    33 7.18e-12    34 7.18e-12    35 7.18e-12    36 1.88e-16    37 1.88e-16    38 1.88e-16    39 1.88e-16    40 1.88e-16
    41 1.88e-16    42 1.88e-16    43 1.88e-16    44 1.88e-16    45 3.07e-16    46 3.07e-16    47 3.07e-16    48 3.07e-16
    49 3.07e-16    50 3.07e-16    51 3.07e-16    52 3.07e-16    53 3.07e-16    54 3.07e-16
     1 6.51e-05     2 1.48e-03     3 2.55e-11     4 2.55e-11     5 2.55e-11     6 1.46e-11     7 1.46e-11     8 1.46e-11
     9 1.46e-11    10 2.33e-11    11 2.33e-11    12 2.33e-11    13 2.33e-11    14 2.33e-11    15 2.87e-11    16 2.87e-11
    17 2.87e-11    18 2.87e-11    19 2.87e-11    20 2.87e-11    21 2.43e-11    22 2.43e-11    23 2.43e-11    24 2.43e-11
    25 2.43e-11    26 2.43e-11    27 2.43e-11    28 7.15e-12    29 7.15e-12    30 7.15e-12    31 7.15e-12    32 7.15e-12
    33 7.15e-12    34 7.15e-12    35 7.15e-12    36 1.88e-16    37 1.88e-16    38 1.88e-16    39 1.88e-16    40 1.88e-16
    41 1.88e-16    42 1.88e-16    43 1.88e-16    44 1.88e-16    45 3.07e-16    46 3.07e-16    47 3.07e-16    48 3.07e-16
    49 3.07e-16    50 3.07e-16    51 3.07e-16    52 3.07e-16    53 3.07e-16    54 3.07e-16

 Old, new He 2 mean line optical depths:
  2- 1 4.12e-06  3- 2 3.20e-19  4- 3 4.45e-21  5- 4 4.44e-21  6- 5 4.44e-21  7- 6 4.47e-21  8- 7 4.48e-21
  9- 8 4.47e-21 10- 9 4.43e-21
  2- 1 4.12e-06  3- 2 2.86e-19  4- 3 2.24e-21  5- 4 2.22e-21  6- 5 2.23e-21  7- 6 2.26e-21  8- 7 2.28e-21
  9- 8 2.26e-21 10- 9 2.22e-21

 Old He Is optical depths:    1 4.47e-04    2 1.05e-11    3 1.21e-11    4 1.37e-11    5 1.37e-11
 New He Is optical depths:    1 4.47e-04    2 1.04e-11    3 1.21e-11    4 1.36e-11    5 1.36e-11
          Old He Is Lines:  584 2.25e+00 3889 1.23e-09 5016 2.40e-11 5876 6.53e-16
          New He Is Lines:  584 2.26e+00 3889 1.23e-09 5016 2.40e-11 5876 6.52e-16

==== H      compounds ====           Log10 column densities [cm^-2}
   H2        : 10.744   H2*       :  8.068   H2+       :  5.073   H3+       :  3.346
==== He     compounds ====
   HeH+      :  3.690
==== Li     compounds ====
   LiH       : -3.179   LiH+      : -4.956
==== C      compounds ====
   CH        :  6.460   CH+       :  4.426   CH2       :  3.520   CH2+      :  1.728   CH3       : -0.226   CH3+      : -1.111   CH4       : -3.451   CH4+      : -5.338
   CH5+      :-10.190   C2        :  3.908   C2+       :  2.583   C2H       :  1.392   C2H+      : -0.020   C2H2      : -4.720   C2H2+     : -3.007   C2H3+     : -7.918
   C3        : -4.011   C3+       : -2.597   C3H       : -6.810   C3H+      : -4.991
==== N      compounds ====
   NH        :  6.972   NH+       :  6.155   NH2       :  3.498   NH2+      :  3.474   NH3       :  0.928   NH3+      :  0.122   NH4+      : -5.874   CN        :  7.018
   CN+       :  2.071   HCN       :  5.021   HCN+      :  3.969   HNC       : -1.208   HCNH+     :  1.043   HC3N      :-35.930   N2        :  9.042   N2+       :  3.246
   N2H+      : -0.415
==== O      compounds ====
   OH        :  7.732   OH+       :  7.072   H2O       :  4.336   H2O+      :  4.229   H3O+      :  1.071   CO        : 10.216   CO+       :  2.940   HCO+      :  4.125
   H2CO      :-35.930   CH3OH     :-35.930   ^13CO     :  8.739   NO        :  5.083   NO+       :  3.619   HNO       :  1.046   HNO+      :  0.279   OCN       :  3.966
   OCN+      :  2.556   N2O       :  1.111   O2        :  3.994   O2+       :  4.782   NO2       :  1.624   NO2+      : -2.287
==== Ne     compounds ====
   NeH+      :  1.769
==== Si     compounds ====
   SiH       : -0.368   SiH2+     : -1.796   SiC2      :-35.930   SiN       : -3.052   SiN+      :  3.352   SiO       :  4.786   SiO+      :  4.057   SiOH+     :  0.817
==== S      compounds ====
   HS        :  6.471   HS+       :  4.668   CS        :  3.319   CS+       :  2.769   HCS+      :  0.670   NS        :  3.279   NS+       :  2.767   SO        :  4.790
   SO+       :  3.745   OCS       :  0.438   OCS+      : -1.209   SO2       :-35.930   S2        : -0.663   S2+       : -1.981
==== Cl     compounds ====
   HCl       :  1.704   HCl+      :  5.011   H2Cl+     :  2.322   CCl       : -9.368   CCl+      : -2.587   H2CCl+    :-12.840   ClO       :-10.940   ClO+      :-15.097
==== Ar     compounds ====
   ArH+      :  5.351
==== Ti     compounds ====
   TiH       :-35.930   TiH+      :-35.930   TiH2      :-35.930   TiH2+     :-35.930   TiC       :-35.930   TiC+      :-35.930   HCTi      :-35.930   HCTi+     :-35.930
   TiC2      :-35.930   TiC2+     :-35.930   TiN       :-35.930   TiN+      :-35.930   HNTi      :-35.930   HNTi+     :-35.930   TiNC      :-35.930   TiNC+     :-35.930
   TiO       :-35.930   TiO+      :-35.930   TiOH+     :-35.930   TiO2      :-35.930   TiF+      :-35.930   TiS       :-35.930   TiS+      :-35.930   HTiS      :-35.930


               1      2      3      4      5      6      7      8      9     10     11     12     13     14     15     16     17

 Hydrogen   14.375 11.576 10.745 (H2)                Log10 Column density (cm^-2)
 Helium     13.306  7.676  1.344
 Lithium     3.196  3.038 -8.430-30.000
 Beryllium   3.753  1.659 -2.971-30.000-30.000
 Boron       5.043  3.930 -4.198-30.000-30.000-30.000
 Carbon     10.661  9.214  2.735-30.000-30.000-30.000-30.000
 Nitrogen   10.141  6.598 -2.755-30.000-30.000-30.000-30.000-30.000
 Oxygen     10.999  8.088 -1.028-30.000-30.000-30.000-30.000-30.000-30.000
 Fluorine    6.935  4.271 -0.497-30.000-30.000-30.000-30.000-30.000-30.000-30.000
 Neon       10.305  7.324  2.421-30.000-30.000-30.000-30.000-30.000-30.000-30.000-30.000
 Sodium      7.524  8.580  3.482-30.000-30.000-30.000-30.000-30.000-30.000-30.000-30.000-30.000
 Magnesium   8.603  9.957  5.097-30.000-30.000-30.000-30.000-30.000-30.000-30.000-30.000-30.000-30.000
 Aluminium   5.534  8.826  3.297-30.000-30.000-30.000-30.000-30.000-30.000-30.000-30.000-30.000-30.000-30.000
 Silicon     9.312  9.752  2.752-30.000-30.000-30.000-30.000-30.000-30.000-30.000-30.000-30.000-30.000-30.000-30.000
 Phosphorus  5.164  7.785  2.121-30.000-30.000-30.000-30.000-30.000-30.000-30.000-30.000-30.000-30.000-30.000-30.000-30.000
 Sulphur     9.242  9.142  2.961-30.000-30.000-30.000-30.000-30.000-30.000-30.000-30.000-30.000-30.000-30.000-30.000-30.000-30.000
 Chlorine    6.991  7.814  2.868-30.000-30.000-30.000-30.000-30.000-30.000-30.000-30.000-30.000-30.000-30.000-30.000-30.000-30.000
-30.000
 Argon       8.775  4.708 -0.971-30.000-30.000-30.000-30.000-30.000-30.000-30.000-30.000-30.000-30.000-30.000-30.000-30.000-30.000
-30.000-30.000
 Potassium   6.887  7.248  2.068-30.000-30.000-30.000-30.000-30.000-30.000-30.000-30.000-30.000-30.000-30.000-30.000-30.000-30.000
-30.000-30.000-30.000
 Calcium     8.693  7.440  4.187-30.000-30.000-30.000-30.000-30.000-30.000-30.000-30.000-30.000-30.000-30.000-30.000-30.000-30.000
-30.000-30.000-30.000-30.000
 Scandium    5.500  4.279  1.400-30.000-30.000-30.000-30.000-30.000-30.000-30.000-30.000-30.000-30.000-30.000-30.000-30.000-30.000
-30.000-30.000-30.000-30.000-30.000
 Titanium    3.666  7.326  3.497 -3.405-30.000-30.000-30.000-30.000-30.000-30.000-30.000-30.000-30.000-30.000-30.000-30.000-30.000
-30.000-30.000-30.000-30.000-30.000-30.000
 Vanadium    6.298  4.538  1.105-30.000-30.000-30.000-30.000-30.000-30.000-30.000-30.000-30.000-30.000-30.000-30.000-30.000-30.000
-30.000-30.000-30.000-30.000-30.000-30.000-30.000
 Chromium    7.972  7.008  1.025-30.000-30.000-30.000-30.000-30.000-30.000-30.000-30.000-30.000-30.000-30.000-30.000-30.000-30.000
-30.000-30.000-30.000-30.000-30.000-30.000-30.000-30.000
 Manganese   4.177  7.806  2.332-30.000-30.000-30.000-30.000-30.000-30.000-30.000-30.000-30.000-30.000-30.000-30.000-30.000-30.000
-30.000-30.000-30.000-30.000-30.000-30.000-30.000-30.000-30.000
 Iron        6.000  9.875  3.655-30.000-30.000-30.000-30.000-30.000-30.000-30.000-30.000-30.000-30.000-30.000-30.000-30.000-30.000
-30.000-30.000-30.000-30.000-30.000-30.000-30.000-30.000-30.000-30.000
 Cobalt      7.363  5.182 -3.155-30.000-30.000-30.000-30.000-30.000-30.000-30.000-30.000-30.000-30.000-30.000-30.000-30.000-30.000
-30.000-30.000-30.000-30.000-30.000-30.000-30.000-30.000-30.000-30.000-30.000
 Nickel      5.177  8.596 -0.023-30.000-30.000-30.000-30.000-30.000-30.000-30.000-30.000-30.000-30.000-30.000-30.000-30.000-30.000
-30.000-30.000-30.000-30.000-30.000-30.000-30.000-30.000-30.000-30.000-30.000-30.000
 Copper      6.555  4.976 -0.541-30.000-30.000-30.000-30.000-30.000-30.000-30.000-30.000-30.000-30.000-30.000-30.000-30.000-30.000
-30.000-30.000-30.000-30.000-30.000-30.000-30.000-30.000-30.000-30.000-30.000-30.000-30.000
 Zinc        6.934  4.606  0.300-30.000-30.000-30.000-30.000-30.000-30.000-30.000-30.000-30.000-30.000-30.000-30.000-30.000-30.000
-30.000-30.000-30.000-30.000-30.000-30.000-30.000-30.000-30.000-30.000-30.000-30.000-30.000-30.000
 Exc state    He1*  3.852   CII*  9.034   C11*  9.712   C12* 10.186   C13* 10.403   O11* 10.757   O12* 10.508   O13* 10.018
              Si2*  9.558   C30* -7.361   C31* -8.116   C32* -6.568


 Hydrogen   -0.001 -2.800 -3.330 (H2)                 Log10 Mean Ionisation (over radius)
 Helium     -0.000 -5.630-11.962
 Lithium    -0.229 -0.387-11.855
 Beryllium  -0.003 -2.098 -6.727
 Boron      -0.032 -1.146 -9.274
 Carbon     -0.144 -1.591 -8.070
 Nitrogen   -0.065 -3.608-12.961
 Oxygen     -0.067 -2.978-12.094
 Fluorine   -0.001 -2.665 -7.433
 Neon       -0.000 -2.982 -7.885
 Sodium     -1.092 -0.037 -5.134
 Magnesium  -1.372 -0.019 -4.878
 Aluminium  -3.292 -0.000 -5.529
 Silicon    -0.575 -0.134 -7.134
 Phosphorus -2.622 -0.001 -5.665
 Sulphur    -0.254 -0.354 -6.536
 Chlorine   -0.885 -0.061 -5.007
 Argon      -0.000 -4.067 -9.746
 Potassium  -0.518 -0.157 -5.337
 Calcium    -0.024 -1.276 -4.529
 Scandium   -0.025 -1.246 -4.125
 Titanium   -3.660 -0.000 -3.828-10.731
 Vanadium   -0.007 -1.768 -5.201
 Chromium   -0.045 -1.009 -6.991
 Manganese  -3.629 -0.000 -5.474
 Iron       -3.875 -0.000 -6.221
 Cobalt     -0.003 -2.184-10.521
 Nickel     -3.419 -0.000 -8.619
 Copper     -0.011 -1.591 -7.108
 Zinc       -0.002 -2.330 -6.635

               1      2      3      4      5      6      7      8      9     10     11     12     13     14     15     16     17

 Hydrogen   -0.001 -2.800 -3.330 (H2)         Log10 Mean Ionisation (over radius*electron density)
 Helium     -0.000 -5.630-11.962
 Lithium    -0.229 -0.387-11.855
 Beryllium  -0.003 -2.098 -6.727
 Boron      -0.032 -1.146 -9.274
 Carbon     -0.144 -1.591 -8.070
 Nitrogen   -0.065 -3.608-12.961
 Oxygen     -0.067 -2.978-12.094
 Fluorine   -0.001 -2.665 -7.433
 Neon       -0.000 -2.982 -7.885
 Sodium     -1.092 -0.037 -5.134
 Magnesium  -1.372 -0.019 -4.878
 Aluminium  -3.292 -0.000 -5.529
 Silicon    -0.575 -0.134 -7.134
 Phosphorus -2.622 -0.001 -5.665
 Sulphur    -0.254 -0.354 -6.536
 Chlorine   -0.885 -0.061 -5.007
 Argon      -0.000 -4.067 -9.746
 Potassium  -0.518 -0.157 -5.337
 Calcium    -0.024 -1.276 -4.529
 Scandium   -0.025 -1.246 -4.125
 Titanium   -3.660 -0.000 -3.828-10.731
 Vanadium   -0.007 -1.768 -5.201
 Chromium   -0.045 -1.009 -6.991
 Manganese  -3.629 -0.000 -5.474
 Iron       -3.875 -0.000 -6.221
 Cobalt     -0.003 -2.184-10.521
 Nickel     -3.419 -0.000 -8.619
 Copper     -0.011 -1.591 -7.108
 Zinc       -0.002 -2.330 -6.635

               1      2      3      4      5      6      7      8      9     10     11     12     13     14     15     16     17

 Hydrogen    3.548  3.548  3.548 (H2)                  Log10 Mean Temperature (over radius)
 Helium      3.548  3.548  3.548
 Lithium     3.548  3.548  3.548
 Beryllium   3.548  3.548  3.548
 Boron       3.548  3.548  3.548
 Carbon      3.548  3.548  3.548
 Nitrogen    3.548  3.548  3.548
 Oxygen      3.548  3.548  3.548
 Fluorine    3.548  3.548  3.548
 Neon        3.548  3.548  3.548
 Sodium      3.548  3.548  3.548
 Magnesium   3.548  3.548  3.548
 Aluminium   3.548  3.548  3.548
 Silicon     3.548  3.548  3.548
 Phosphorus  3.548  3.548  3.548
 Sulphur     3.548  3.548  3.548
 Chlorine    3.548  3.548  3.548
 Argon       3.548  3.548  3.548
 Potassium   3.548  3.548  3.548
 Calcium     3.548  3.548  3.548
 Scandium    3.548  3.548  3.548
 Titanium    3.548  3.548  3.548  3.548
 Vanadium    3.548  3.548  3.548
 Chromium    3.548  3.548  3.548
 Manganese   3.548  3.548  3.548
 Iron        3.548  3.548  3.548
 Cobalt      3.548  3.548  3.548
 Nickel      3.548  3.548  3.548
 Copper      3.548  3.548  3.548
 Zinc        3.548  3.548  3.548

               1      2      3      4      5      6      7      8      9     10     11     12     13     14     15     16     17

 Hydrogen    3.548  3.548  3.548 (H2)          Log10 Mean Temperature (over radius*electron density)
 Helium      3.548  3.548  3.548
 Lithium     3.548  3.548  3.548
 Beryllium   3.548  3.548  3.548
 Boron       3.548  3.548  3.548
 Carbon      3.548  3.548  3.548
 Nitrogen    3.548  3.548  3.548
 Oxygen      3.548  3.548  3.548
 Fluorine    3.548  3.548  3.548
 Neon        3.548  3.548  3.548
 Sodium      3.548  3.548  3.548
 Magnesium   3.548  3.548  3.548
 Aluminium   3.548  3.548  3.548
 Silicon     3.548  3.548  3.548
 Phosphorus  3.548  3.548  3.548
 Sulphur     3.548  3.548  3.548
 Chlorine    3.548  3.548  3.548
 Argon       3.548  3.548  3.548
 Potassium   3.548  3.548  3.548
 Calcium     3.548  3.548  3.548
 Scandium    3.548  3.548  3.548
 Titanium    3.548  3.548  3.548  3.548
 Vanadium    3.548  3.548  3.548
 Chromium    3.548  3.548  3.548
 Manganese   3.548  3.548  3.548
 Iron        3.548  3.548  3.548
 Cobalt      3.548  3.548  3.548
 Nickel      3.548  3.548  3.548
 Copper      3.548  3.548  3.548
 Zinc        3.548  3.548  3.548

               1      2      3      4      5      6      7      8      9     10     11     12     13     14     15     16     17
                                                                          

---------------Convergence statistics---------------
      2.23 mean iterations/state convergence
      2.98 mean cx acceleration loops/iteration
      1.03 mean iso convergence loops/ion solve
      1.08 mean steps/chemistry solve
      1.07 mean step length searches/chemistry step
----------------------------------------------------

 Cloudy ends: 1 zone, 3 iterations, 1 caution.  ExecTime(s) 70.90
 [Stop in cdMain at ../maincl.cpp:483, Cloudy exited OK]
 ************************************************** GRID_DELIMIT -- grid000000036
