                                                          Cloudy 13.03
                                                         www.nublado.org

                       **************************************13Feb20**************************************
                       *                                                                                 *
                       * c                                                                               *
                       * phi(h) 11.000000 LOG range -0.000232 6.866524                                   *
                       * grid from 8 to 23 in 1 dex steps                                                *
                       * HDEN=10.000000 LOG                                                              *
                       * grid from 0 to 12 in 1 dex steps                                                *
                       * set pres ionize 1e5                                                             *
                       * c                                                                               *
                       * c                                                                               *
                       * table star "inst_padova_agbtrack_z.mod" age 6.7                                 *
                       * c<< inst_padova_ model    3 read.       Age =    4010000.00                 >>> *
                       * c<< inst_padova_ model    4 read.       Age =    6010000.00                 >>> *
                       * c<< FINAL:     Age =    5011872.34                                          >>> *
                       * c                                                                               *
                       * c                                                                               *
                       * abundances GASS10                                                               *
                       * c                                                                               *
                       * c                                                                               *
                       * iterate to convergence max = 7                                                  *
                       * stop column density = 23                                                        *
                       * c                                                                               *
                       * c                                                                               *
                       * print last                                                                      *
                       * set save prefix "padova_inst_5"                                                 *
                       * save grid ".grd" last no hash                                                   *
                       * save linelist "emissionlines_abs.txt" "LineList_HII.dat" absolute last no hash    *
                       *                                                                                 *
                       ***********************************************************************************



 NOTE Setcon: continuum has zero intensity starting at  1.0074e+01 Ryd.
     1 cells in the incident continuum have zero intensity.  Problems???

           !The plasma frequency is 2.99e-07 Ryd.  The incident continuum is set to 0 below this.
           4147CellPeak1.00E+00   Lo 1.00e-08=910.79cm   Hi-Con:1.01E+01 Ryd   E(hi):7.35E+06Ryd     E(hi):     100.01 MeV
           I(nu>1ryd):   0.4823   Average nu:1.393E+00   I( X-ray):   0.0000   I(BalC):   1.6874     Phi(BalmrC):  12.6137
           phi(1.0-1.8):10.9530   phi(1.8-4.0):  9.973   phi(4.0-20):  8.940   phi(20--):  0.000     Ion pht flx:1.000E+11
           I(gam ray):   0.0000   phi(gam r):   0.0000   I(Infred):   0.9097   Alf(ox):   0.0000     Total inten:   1.7770
           U(1.0----):3.336E-10   U(4.0----):2.905E-12   T(En-Den):2.266E+01   T(Comp):2.398E+04     nuJnu(912A):1.635E+01
           Occ(FarIR):0.000E+00   Occ(H n=6):1.363E-11   Occ(1Ryd):7.517E-16   Occ(4R):3.003E-20     Occ (Nu-hi):0.000E+00
           Tbr(FarIR):0.000E+00   Tbr(H n=6):5.975E-08   Tbr(1Ryd):1.188E-10   Tbr(4R):1.898E-14     Tbr (Nu-hi):0.000E+00
  
                                                  Gas Phase Chemical Composition
        H :  0.0000  He: -1.0701  Li:-10.9508  Be:-10.6198  B : -9.3002  C : -3.5702  N : -4.1701  O : -3.3098  F : -7.4401
        Ne: -4.0701  Na: -5.7595  Mg: -4.4001  Al: -5.5498  Si: -4.4895  P : -6.5901  S : -4.8794  Cl: -6.5003  Ar: -5.6003
        K : -6.9706  Ca: -5.6596  Sc: -8.8508  Ti: -7.0501  V : -8.0701  Cr: -6.3595  Mn: -6.5702  Fe: -4.5003  Co: -7.0101
                                               Ni: -5.7799  Cu: -7.8097  Zn: -7.4401
 
 ####  1  Te:4.422E+03 Hden:1.000E+10 Ne:7.036E+07 R:1.000E+30 R-R0:1.008E+01 dR:2.017E+01 NTR: 42 Htot:1.514E-08 T912: 1.27e-06###
 Hydrogen      9.93e-01 6.90e-03 H+o/Hden 1.00e+00 3.28e-08 H-    H2 3.11e-05 1.49e-09 H2+ HeH+ 1.47e-10 Ho+ ColD 2.00e+11 1.39e+09
 Helium        1.00e+00 8.65e-05 1.92e-10 HeI 2s3S 3.49e-09 Comp H,C 4.53e-20 8.35e-21 Fill Fac 1.00e+00 Gam1/tot 1.00e+00
 He singlet n  1.00e+00 4.84e-11 1.22e-16 9.55e-18 5.43e-17 5.13e-18 He tripl 3.49e-09 1.03e-15 4.19e-18 3.35e-17 1.32e-17
 Pressure      NgasTgas 4.83e+13 P(total) 6.67e-03 P( gas ) 6.67e-03 P(Radtn) 0.00e+00 Rad accl 3.78e-03 ForceMul 9.18e+08
 Texc(La)      3.71e+03 T(I con) 2.27e+01 T(D con) 2.45e-01 T(U tot) 2.27e+01 nT (c+d) 5.54e+06 Prad/Gas 0.00e+00 Pmag/Gas 0.00e+00
 Molecules     CH/Ctot: 1.38e-05 CH+/Ctot 2.49e-07 CO/Ctot: 1.81e-03 CO+/Ctot 2.87e-09 H2O/Otot 1.99e-09 OH/Ototl 7.11e-05
 Lithium       4.62e-01 5.38e-01 1.54e-11 0.00e+00 Berylliu 9.81e-01 1.91e-02 1.99e-06 0.00e+00 0.00e+00 sec ion: 3.36e-12
 Boron         8.44e-01 1.56e-01 1.16e-08 0.00e+00 0.00e+00 0.00e+00
 Carbon        9.33e-01 6.49e-02 2.14e-07 0.00e+00 0.00e+00 0.00e+00 0.00e+00 H2O+/O   1.03e-09 OH+/Otot 1.90e-05 Hex(tot) 0.00e+00
 Nitrogen      9.97e-01 2.57e-03 1.16e-11 0.00e+00 0.00e+00 0.00e+00 0.00e+00 0.00e+00 O2/Ototl 7.14e-09 O2+/Otot 3.22e-08
 Oxygen        9.94e-01 5.40e-03 3.78e-11 0.00e+00 0.00e+00 0.00e+00 0.00e+00 0.00e+00 0.00e+00
 Fluorine      9.95e-01 4.90e-03 3.17e-07 0.00e+00 0.00e+00 0.00e+00 0.00e+00 0.00e+00 0.00e+00 0.00e+00
 Neon          9.98e-01 2.32e-03 1.35e-07 0.00e+00 0.00e+00 0.00e+00 0.00e+00 0.00e+00 0.00e+00 0.00e+00 0.00e+00
 Sodium        8.63e-02 9.14e-01 3.46e-05 0.00e+00 0.00e+00 0.00e+00 0.00e+00 0.00e+00 0.00e+00 0.00e+00 0.00e+00 0.00e+00
 Magnesium     3.63e-02 9.64e-01 1.25e-04 0.00e+00 0.00e+00 0.00e+00 0.00e+00 0.00e+00 0.00e+00 0.00e+00 0.00e+00 0.00e+00 0.00e+00
 Aluminium  0  5.25e-04 9.99e-01 1.09e-05 0.00e+00 0.00e+00 0.00e+00 0.00e+00 0.00e+00 0.00e+00 0.00e+00 0.00e+00 0.00e+00 0.00e+00
 Silicon    0  1.65e-01 8.35e-01 2.04e-06 0.00e+00 0.00e+00 0.00e+00 0.00e+00 0.00e+00 0.00e+00 0.00e+00 0.00e+00 0.00e+00 0.00e+00
 Phosphorus 0  2.17e-03 9.98e-01 9.30e-06 0.00e+00 0.00e+00 0.00e+00 0.00e+00 0.00e+00 0.00e+00 0.00e+00 0.00e+00 0.00e+00 0.00e+00
 Sulphur    0  4.53e-01 5.47e-01 2.00e-05 0.00e+00 0.00e+00 0.00e+00 0.00e+00 0.00e+00 0.00e+00 0.00e+00 0.00e+00 0.00e+00 0.00e+00
 Chlorine   0  6.81e-03 9.93e-01 4.98e-05 0.00e+00 0.00e+00 0.00e+00 0.00e+00 0.00e+00 0.00e+00 0.00e+00 0.00e+00 0.00e+00 0.00e+00
 Argon      0  9.94e-01 5.04e-03 3.73e-07 0.00e+00 0.00e+00 0.00e+00 0.00e+00 0.00e+00 0.00e+00 0.00e+00 0.00e+00 0.00e+00 0.00e+00
 Potassium  0  2.04e-01 7.96e-01 2.33e-05 0.00e+00 0.00e+00 0.00e+00 0.00e+00 0.00e+00 0.00e+00 0.00e+00 0.00e+00 0.00e+00 0.00e+00
 Calcium    0  8.90e-01 1.10e-01 1.23e-04 0.00e+00 0.00e+00 0.00e+00 0.00e+00 0.00e+00 0.00e+00 0.00e+00 0.00e+00 0.00e+00 0.00e+00
 Scandium   0  8.81e-01 1.19e-01 3.23e-04 0.00e+00 0.00e+00 0.00e+00 0.00e+00 0.00e+00 0.00e+00 0.00e+00 0.00e+00 0.00e+00 0.00e+00
 Titanium   0  2.40e-04 9.99e-01 4.29e-04 1.89e-10 0.00e+00 0.00e+00 0.00e+00 0.00e+00 0.00e+00 0.00e+00 0.00e+00 0.00e+00 0.00e+00
 Vanadium   0  9.62e-01 3.78e-02 4.71e-05 0.00e+00 0.00e+00 0.00e+00 0.00e+00 0.00e+00 0.00e+00 0.00e+00 0.00e+00 0.00e+00 0.00e+00
 Chromium   0  8.11e-01 1.89e-01 5.67e-06 0.00e+00 0.00e+00 0.00e+00 0.00e+00 0.00e+00 0.00e+00 0.00e+00 0.00e+00 0.00e+00 0.00e+00
 Manganese  0  2.52e-04 1.00e+00 5.64e-05 0.00e+00 0.00e+00 0.00e+00 0.00e+00 0.00e+00 0.00e+00 0.00e+00 0.00e+00 0.00e+00 0.00e+00
 Iron       0  1.42e-04 1.00e+00 1.40e-05 0.00e+00 0.00e+00 0.00e+00 0.00e+00 0.00e+00 0.00e+00 0.00e+00 0.00e+00 0.00e+00 0.00e+00
 Cobalt     0  9.85e-01 1.49e-02 6.36e-10 0.00e+00 0.00e+00 0.00e+00 0.00e+00 0.00e+00 0.00e+00 0.00e+00 0.00e+00 0.00e+00 0.00e+00
 Nickel     0  3.76e-04 1.00e+00 2.05e-08 0.00e+00 0.00e+00 0.00e+00 0.00e+00 0.00e+00 0.00e+00 0.00e+00 0.00e+00 0.00e+00 0.00e+00
 Copper     0  9.42e-01 5.81e-02 8.58e-07 0.00e+00 0.00e+00 0.00e+00 0.00e+00 0.00e+00 0.00e+00 0.00e+00 0.00e+00 0.00e+00 0.00e+00
 Zinc       0  9.89e-01 1.09e-02 2.81e-06 0.00e+00 0.00e+00 0.00e+00 0.00e+00 0.00e+00 0.00e+00 0.00e+00 0.00e+00 0.00e+00 0.00e+00
 #### 80  Te:3.994E+03 Hden:1.000E+10 Ne:2.739E+07 R:1.000E+30 R-R0:5.246E+07 dR:1.754E+06 NTR:  9 Htot:4.355E-09 T912: 3.36e+00###
 Hydrogen      9.97e-01 2.59e-03 H+o/Hden 1.00e+00 8.35e-09 H-    H2 8.85e-05 7.20e-10 H2+ HeH+ 1.12e-10 Ho+ ColD 5.31e+17 2.48e+15
 Helium        1.00e+00 9.52e-05 3.31e-10 HeI 2s3S 3.12e-09 Comp H,C 1.64e-20 2.87e-21 Fill Fac 1.00e+00 Gam1/tot 1.00e+00
 He singlet n  1.00e+00 1.72e-11 7.02e-17 7.93e-19 3.19e-18 1.70e-18 He tripl 3.12e-09 3.02e-16 1.61e-18 1.38e-17 4.70e-18
 Pressure      NgasTgas 4.35e+13 P(total) 6.00e-03 P( gas ) 6.00e-03 P(Radtn) 8.43e-12 Rad accl 2.47e-05 ForceMul 1.59e+07
 Texc(La)      4.05e+03 T(I con) 2.25e+01 T(D con) 7.70e+00 T(U tot) 2.25e+01 nT (c+d) 7.28e+06 Prad/Gas 1.40e-09 Pmag/Gas 0.00e+00
 Molecules     CH/Ctot: 2.78e-05 CH+/Ctot 6.24e-07 CO/Ctot: 5.60e-03 CO+/Ctot 1.86e-08 H2O/Otot 2.53e-08 OH/Ototl 2.09e-04
 Lithium       4.85e-01 5.15e-01 1.53e-11 0.00e+00 Berylliu 9.53e-01 4.71e-02 3.30e-06 0.00e+00 0.00e+00 sec ion: 3.55e-12
 Boron         6.75e-01 3.25e-01 1.47e-08 0.00e+00 0.00e+00 0.00e+00
 Carbon        8.59e-01 1.35e-01 2.75e-07 0.00e+00 0.00e+00 0.00e+00 0.00e+00 H2O+/O   1.80e-08 OH+/Otot 4.99e-05 Hex(tot) 0.00e+00
 Nitrogen      9.96e-01 7.28e-04 2.28e-12 0.00e+00 0.00e+00 0.00e+00 0.00e+00 0.00e+00 O2/Ototl 3.10e-08 O2+/Otot 2.00e-07
 Oxygen        9.95e-01 2.01e-03 1.12e-11 0.00e+00 0.00e+00 0.00e+00 0.00e+00 0.00e+00 0.00e+00
 Fluorine      9.94e-01 5.57e-03 5.66e-07 0.00e+00 0.00e+00 0.00e+00 0.00e+00 0.00e+00 0.00e+00 0.00e+00
 Neon          9.96e-01 3.68e-03 3.17e-07 0.00e+00 0.00e+00 0.00e+00 0.00e+00 0.00e+00 0.00e+00 0.00e+00 0.00e+00
 Sodium        8.22e-02 9.18e-01 5.32e-05 0.00e+00 0.00e+00 0.00e+00 0.00e+00 0.00e+00 0.00e+00 0.00e+00 0.00e+00 0.00e+00
 Magnesium     2.67e-02 9.73e-01 4.04e-05 0.00e+00 0.00e+00 0.00e+00 0.00e+00 0.00e+00 0.00e+00 0.00e+00 0.00e+00 0.00e+00 0.00e+00
 Aluminium  0  5.20e-04 9.99e-01 1.32e-05 0.00e+00 0.00e+00 0.00e+00 0.00e+00 0.00e+00 0.00e+00 0.00e+00 0.00e+00 0.00e+00 0.00e+00
 Silicon    0  6.99e-02 9.30e-01 4.08e-07 0.00e+00 0.00e+00 0.00e+00 0.00e+00 0.00e+00 0.00e+00 0.00e+00 0.00e+00 0.00e+00 0.00e+00
 Phosphorus 0  2.27e-03 9.98e-01 6.83e-06 0.00e+00 0.00e+00 0.00e+00 0.00e+00 0.00e+00 0.00e+00 0.00e+00 0.00e+00 0.00e+00 0.00e+00
 Sulphur    0  1.56e-01 8.43e-01 8.89e-06 0.00e+00 0.00e+00 0.00e+00 0.00e+00 0.00e+00 0.00e+00 0.00e+00 0.00e+00 0.00e+00 0.00e+00
 Chlorine   0  3.52e-02 9.64e-01 5.04e-05 0.00e+00 0.00e+00 0.00e+00 0.00e+00 0.00e+00 0.00e+00 0.00e+00 0.00e+00 0.00e+00 0.00e+00
 Argon      0  9.99e-01 6.01e-04 4.87e-08 0.00e+00 0.00e+00 0.00e+00 0.00e+00 0.00e+00 0.00e+00 0.00e+00 0.00e+00 0.00e+00 0.00e+00
 Potassium  0  2.64e-01 7.36e-01 2.84e-05 0.00e+00 0.00e+00 0.00e+00 0.00e+00 0.00e+00 0.00e+00 0.00e+00 0.00e+00 0.00e+00 0.00e+00
 Calcium    0  7.50e-01 2.49e-01 4.57e-04 0.00e+00 0.00e+00 0.00e+00 0.00e+00 0.00e+00 0.00e+00 0.00e+00 0.00e+00 0.00e+00 0.00e+00
 Scandium   0  7.42e-01 2.58e-01 4.50e-04 0.00e+00 0.00e+00 0.00e+00 0.00e+00 0.00e+00 0.00e+00 0.00e+00 0.00e+00 0.00e+00 0.00e+00
 Titanium   0  2.25e-04 9.99e-01 2.87e-04 0.00e+00 0.00e+00 0.00e+00 0.00e+00 0.00e+00 0.00e+00 0.00e+00 0.00e+00 0.00e+00 0.00e+00
 Vanadium   0  9.23e-01 7.72e-02 4.70e-05 0.00e+00 0.00e+00 0.00e+00 0.00e+00 0.00e+00 0.00e+00 0.00e+00 0.00e+00 0.00e+00 0.00e+00
 Chromium   0  6.16e-01 3.84e-01 1.92e-06 0.00e+00 0.00e+00 0.00e+00 0.00e+00 0.00e+00 0.00e+00 0.00e+00 0.00e+00 0.00e+00 0.00e+00
 Manganese  0  2.40e-04 1.00e+00 1.19e-05 0.00e+00 0.00e+00 0.00e+00 0.00e+00 0.00e+00 0.00e+00 0.00e+00 0.00e+00 0.00e+00 0.00e+00
 Iron       0  1.35e-04 1.00e+00 2.57e-06 0.00e+00 0.00e+00 0.00e+00 0.00e+00 0.00e+00 0.00e+00 0.00e+00 0.00e+00 0.00e+00 0.00e+00
 Cobalt     0  9.67e-01 3.26e-02 5.28e-10 0.00e+00 0.00e+00 0.00e+00 0.00e+00 0.00e+00 0.00e+00 0.00e+00 0.00e+00 0.00e+00 0.00e+00
 Nickel     0  3.75e-04 1.00e+00 9.93e-09 0.00e+00 0.00e+00 0.00e+00 0.00e+00 0.00e+00 0.00e+00 0.00e+00 0.00e+00 0.00e+00 0.00e+00
 Copper     0  8.72e-01 1.28e-01 1.37e-06 0.00e+00 0.00e+00 0.00e+00 0.00e+00 0.00e+00 0.00e+00 0.00e+00 0.00e+00 0.00e+00 0.00e+00
 Zinc       0  9.74e-01 2.56e-02 7.25e-06 0.00e+00 0.00e+00 0.00e+00 0.00e+00 0.00e+00 0.00e+00 0.00e+00 0.00e+00 0.00e+00 0.00e+00
                                                                             
   Calculation stopped because lowest Te reached. Iteration 3 of 3
   The geometry is plane-parallel.
 C-Continuum zero at some energies.
  !Charge transfer ionization of H reached 29433.2% of the local H ionization rate.
  !The largest plasma frequency was 2.99e-07 Ryd = 3.05e+05 micron  The continuum is set to 0 below this.
  !AGE: Cloud age was not set.  Longest timescale was 2.01e+06 s = 2.32e+01 days.
  !The excitation temp of Lya exceeded the electron temp, largest value was 4.52e+03K (gas temp there was 4.24e+03K, zone  60)
  !Mutual neutralization production of H-alpha was significant.
  !The CMB was not included.  This is added with the CMB command.
   Continuum fluorescent production of H-beta was significant.
   H2 vib deexec heating reached 4.79% of the local heating.
   Charge transfer heating reached 1.87% of the local heating.
   The density is too low to l-mix the lowest He I collapsed level.  More resolved levels are needed for accurate line ratios.
   The largest continuum occupation number was 1.400e-01 at 2.991e-07 Ryd.
   Grains were not present but might survive in this environment (energy density temperature was 2.27e+01K)
   The continuum optical depth at the lowest energy considered (1.004e-08 Ryd) was 5.634e+01.
   The fraction of N  in N2 reached 0.216% at some point in the cloud.
   The fraction of C  in CO reached 0.561% at some point in the cloud.

                       *********************************> Cloudy 13.03 <**********************************
                       * c                                                                               *
                       * phi(h) 11.000000 LOG range -0.000232 6.866524                                   *
                       * grid from 8 to 23 in 1 dex steps                                                *
                       * HDEN=10.000000 LOG                                                              *
                       * grid from 0 to 12 in 1 dex steps                                                *
                       * set pres ionize 1e5                                                             *
                       * c                                                                               *
                       * c                                                                               *
                       * table star "inst_padova_agbtrack_z.mod" age 6.7                                 *
                       * c                                                                               *
                       * c                                                                               *
                       * abundances GASS10                                                               *
                       * c                                                                               *
                       * c                                                                               *
                       * iterate to convergence max = 7                                                  *
                       * stop column density = 23                                                        *
                       * c                                                                               *
                       * c                                                                               *
                       * print last                                                                      *
                       * set save prefix "padova_inst_5"                                                 *
                       * save grid ".grd" last no hash                                                   *
                       * save linelist "emissionlines_abs.txt" "LineList_HII.dat" absolute last no hash    *
                       *********************************> Log(U): -9.48 <*********************************
                       >>>>>>>>>> Cautions are present.

                     Emission Line Spectrum.   Constant  Density Model.    Open geometry.  Iteration 3 of 3.
                                                     Intensity (erg/s/cm^2).


                                                   Intrinsic line intensities
 general properties..........      H  1 2.279m  -3.234   0.0177      Ca B  4861A  -1.424   1.1419      TOTL  2798A  -1.412   1.1723            
 TOTL  4861A  -1.482   1.0000      H  1 2.279m  -2.775   0.0508      Ca B  4340A  -1.732   0.5618      Mg 2  2796A  -1.595   0.7707            
 TOTL  1216A   0.053  34.2127      H  1 2.279m  -2.649   0.0679      Ca B  4102A  -1.956   0.3357      Mg 2  2803A  -1.878   0.4016            
 Inci     0    1.7771813.5975      H  1 2.279m  -2.749   0.0540      Ca B  3970A  -2.125   0.2273      totl  2665A  -3.209   0.0187            
 TotH     0   -0.355  13.3930      H  1 2.279m  -3.161   0.0209      Ca B  3889A  -2.261   0.1663      Al 2  2670A  -3.209   0.0187            
 TotC     0   -0.355  13.3781      H  1 3.281m  -3.538   0.0088      Ca B  3835A  -2.375   0.1278      Si 1  2518A  -3.696   0.0061            
 BFH1     0   -0.403  11.9925      H  1 3.281m  -3.081   0.0251      Ca B  3798A  -2.473   0.1020      Si 1  2215A  -4.236   0.0018            
 BFHe     0   -1.651   0.6762      H  1 3.281m  -2.941   0.0347      Ca B  3771A  -2.557   0.0840      Si 2 34.81m  -3.916   0.0037            
 TotM     0   -2.328   0.1425      H  1 3.281m  -2.983   0.0315      Ca B  3750A  -2.628   0.0713      TOTL  2335A  -3.461   0.0105            
 CT H     0   -2.280   0.1589      H  1 3.281m  -3.219   0.0183      Ca B  3734A  -2.688   0.0621      Si 2  2334A  -4.454   0.0011            
 H FB     0   -1.482   0.9999      H  1 3.281m  -3.749   0.0054      Ca B  3722A  -2.743   0.0548      Si 2  2344A  -3.936   0.0035            
 HFBc     0   -1.482   0.9999      H  1 4.466m  -3.787   0.0049      Ca B  3712A  -2.795   0.0486      Si 2  2336A  -3.778   0.0051            
 OH       0   -3.653   0.0067      H  1 4.466m  -3.331   0.0141      Ca B  3704A  -2.848   0.0431      Si 2  1814A  -4.414   0.0012            
 CO       0   -4.188   0.0020      H  1 4.466m  -3.185   0.0198      Ca B  3697A  -2.901   0.0381      Si 2  1531A  -3.341   0.0138            
 continua....................      H  1 4.466m  -3.200   0.0191      Ca B  3692A  -2.955   0.0336      Si 2  1308A  -3.294   0.0154            
 Bac   3646A  -0.053  26.8200      H  1 4.466m  -3.361   0.0132      Ca B  3687A  -3.009   0.0297      Si 2  1263A  -2.924   0.0361            
 nFnu  3645A  -0.046  27.2369      H  1 4.466m  -3.696   0.0061      Ca B  3683A  -3.063   0.0262      P  2 1.640m  -3.714   0.0059            
 nFnu  3647A  -1.861   0.4169      H  1 4.466m  -4.314   0.0015      Ca B  3679A  -3.117   0.0232      P  2  4669A  -4.204   0.0019            
 cout  3646A  -0.354  13.4100      H  1 5.834m  -3.996   0.0031      Ca B  3676A  -3.170   0.0205      P  2 1.189m  -4.035   0.0028            
 cref  3646A  -0.354  13.4100      H  1 5.834m  -3.542   0.0087      Ca B  3674A  -3.222   0.0182      S  1 25.19m  -4.132   0.0022            
 thin  3646A  -0.053  26.8200      H  1 5.834m  -3.394   0.0122      Ca B  3671A  -3.274   0.0161      S 1R  1807A  -3.688   0.0062            
 Inci  4860A   0.909 245.9019      H  1 5.834m  -3.394   0.0122      Ca B 1.875m  -1.913   0.3704      S  2  6720A  -4.086   0.0025            
 Inci  1215A   1.6351307.9099      H  1 5.834m  -3.518   0.0092      Ca B 1.282m  -2.208   0.1876      S  2  4074A  -2.963   0.0330            
 Ba C     0   -1.041   2.7551      H  1 5.834m  -3.767   0.0052      Ca B 1.094m  -2.438   0.1105      S  2 1.033m  -3.156   0.0211            
 PA C     0   -1.428   1.1304      H  1 5.834m  -4.177   0.0020      Ca B 1.005m  -2.617   0.0733      S II  6731A  -4.244   0.0017            
 FIR  83.00m  -0.432  11.2108      H  1 7.383m  -4.176   0.0020      Ca B  9546A  -2.760   0.0527      S II  4070A  -3.044   0.0274            
 TIR   1800m  -2.691   0.0617      H  1 7.383m  -3.723   0.0057      Ca B  9229A  -2.880   0.0400      S II  4078A  -3.732   0.0056            
 NIRa 2.850m   0.417  79.1142      H  1 7.383m  -3.574   0.0081      Ca B  9015A  -2.981   0.0316      S II 1.032m  -3.535   0.0088            
 NIRb 3.000m   0.066  35.3045      H  1 7.383m  -3.566   0.0082      Ca B  8863A  -3.068   0.0259      S II 1.029m  -3.670   0.0065            
 MIRa 15.00m  -0.835   4.4303      H  1 7.383m  -3.668   0.0065      Ca B  8750A  -3.140   0.0219      S II 1.037m  -4.191   0.0020            
 MIRb 22.50m  -0.668   6.5111      H  1 7.383m  -3.871   0.0041      Ca B  8665A  -3.201   0.0191      S II 1.034m  -3.894   0.0039            
 NMIR 21.75m   0.417  79.1142      H  1 7.383m  -4.185   0.0020      Ca B  8598A  -3.256   0.0168      S  2  1256A  -4.019   0.0029            
 TFIR 611.2m  -0.945   3.4434      H  1 9.115m  -4.334   0.0014      Ca B  8545A  -3.308   0.0149      Cl 2 14.40m  -4.295   0.0015            
 TALL 10000A   1.7761811.1157      H  1 9.115m  -3.882   0.0040      Ca B  8502A  -3.361   0.0132      Cl 2  8579A  -3.300   0.0152            
 F12  12.00m  -1.340   1.3848      H  1 9.115m  -3.732   0.0056      Ca B  8467A  -3.414   0.0117      Cl 2  9124A  -3.878   0.0040            
 F25  25.00m  -1.264   1.6512      H  1 9.115m  -3.720   0.0058      Ca B  8438A  -3.468   0.0103      K  1  7676A  -2.200   0.1910            
 F60  60.00m  -0.830   4.4855      H  1 9.115m  -3.808   0.0047      Ca B  8413A  -3.522   0.0091      Ca 1  4228A  -1.498   0.9625            
 F100 100.0m  -1.020   2.8962      H  1 9.115m  -3.982   0.0032      Ca B  8392A  -3.576   0.0080      Ca 2  3933A  -1.452   1.0692            
 MIPS 24.00m  -1.571   0.8141      H  1 9.115m  -4.242   0.0017      Ca B  8374A  -3.630   0.0071      Ca 2  8579A  -2.894   0.0387            
 MIPS 70.00m  -1.188   1.9673      H  1 11.03m  -3.166   0.0207      Ca B  8359A  -3.683   0.0063      Ca 2  7306A  -1.731   0.5630            
 MIPS 160.0m  -1.416   1.1634      H  1 13.13m  -3.278   0.0160      Ca B  8346A  -3.736   0.0056      Ca2K  3934A  -1.637   0.6993            
 IRAC 3.600m  -1.391   1.2329      H  1 15.40m  -3.381   0.0126      Ca B  8334A  -3.787   0.0049      Ca2H  3969A  -1.913   0.3699            
 IRAC 4.500m  -1.526   0.9036      H  1 17.87m  -3.477   0.0101      Ca B 4.051m  -2.551   0.0852      Ca2X  8498A  -4.052   0.0027            
 IRAC 5.800m  -1.635   0.7021      H  1 20.51m  -3.566   0.0082      Ca B 2.625m  -2.774   0.0510      Ca2Y  8542A  -3.095   0.0244            
 IRAC 8.000m  -1.535   0.8851      H  1 23.33m  -3.650   0.0068      Ca B 2.166m  -2.961   0.0332      Ca2Z  8662A  -3.416   0.0116            
 SPR1 250.0m  -1.835   0.4426      H  1 26.34m  -3.728   0.0057      Ca B 1.945m  -3.113   0.0234      CaF1  7291A  -1.951   0.3394            
 SPR2 350.0m  -2.267   0.1638      H  1 29.53m  -3.802   0.0048      Ca B 1.817m  -3.238   0.0175      CaF2  7324A  -2.132   0.2236            
 SPR3 500.0m  -2.646   0.0684      H  1 32.91m  -3.872   0.0041      Ca B 1.736m  -3.344   0.0137      Fe2c     0   -1.213   1.8572            
 PAC1 70.00m  -1.126   2.2690      H  1 36.46m  -3.938   0.0035      Ca B 1.681m  -3.432   0.0112      Fe 2  4300A  -1.625   0.7187            
 PAC2 100.0m  -1.015   2.9293      H  1 40.20m  -4.001   0.0030      Ca B 1.641m  -3.506   0.0095      Fe 2  2400A  -1.641   0.6922            
 PAC3 160.0m  -1.159   2.1029      H  1 44.12m  -4.062   0.0026      Ca B 1.611m  -3.568   0.0082      Fe 2  6200A  -4.303   0.0015            
 PAH  3.300m  -2.184   0.1985      H  1 48.22m  -4.119   0.0023      Ca B 1.588m  -3.623   0.0072      Fe 2 25.98m  -3.332   0.0141            
 PAHC 3.230m  -2.462   0.1045      H  1 52.50m  -4.175   0.0020      Ca B 1.570m  -3.675   0.0064      Fe 2 5.339m  -4.354   0.0013            
 PAHC 3.370m  -2.540   0.0873      H  1 56.97m  -2.982   0.0316      Ca B 1.556m  -3.728   0.0057      Fe 2 1.257m  -2.748   0.0541            
 PAH  6.200m  -2.137   0.2208      He 1 504.3A  -3.069   0.0258      Ca B 1.544m  -3.782   0.0050      Fe 2 35.34m  -3.752   0.0054            
 PAHC 5.650m  -2.087   0.2479      He 1  2600A  -4.469   0.0010      Ca B 1.534m  -3.835   0.0044      Fe 2 1.321m  -3.326   0.0143            
 PAH  7.900m  -1.968   0.3259      He 1  3421A  -4.420   0.0012      Ca B 1.526m  -3.890   0.0039      Fe 2 1.249m  -3.986   0.0031            
 PAHC 6.900m  -1.921   0.3631      He 1  3421A  -4.198   0.0019      Ca B 1.519m  -3.944   0.0035      Fe 2  7638A  -3.337   0.0140            
 PAH  11.30m  -2.542   0.0869      C  1  1101A  -2.808   0.0472      Ca B 1.513m  -3.997   0.0030      Fe 2 51.29m  -4.450   0.0011            
 PAHC 10.90m  -2.548   0.0858      Mg 1  1622A  -4.217   0.0018      Ca B 1.508m  -4.051   0.0027      Fe 2 1.372m  -3.550   0.0085            
 PAH  11.80m  -2.331   0.1415      Al 1  2071A  -3.553   0.0085      Ca B 1.504m  -4.103   0.0024      Fe 2 1.294m  -3.318   0.0146            
 PAHC 12.65m  -2.311   0.1480      Si 1  1521A  -2.607   0.0749      Ca B 1.500m  -4.154   0.0021      Fe 2  7687A  -3.532   0.0089            
 PAH  13.30m  -2.299   0.1523      P  1  1182A  -3.582   0.0079      Ca B 7.458m  -3.061   0.0263      Fe 2 1.328m  -3.563   0.0083            
 PAHC 14.10m  -2.306   0.1498      S  1  1197A  -2.674   0.0641      Ca B 4.653m  -3.235   0.0176      Fe 2 1.279m  -3.433   0.0112            
 Bcon  3640A   1.6991515.0074      Cl 1 956.0A  -3.450   0.0108      Ca B 3.740m  -3.390   0.0124      Fe 2 1.252m  -4.333   0.0014            
 Pcon  5000A   0.809 195.3580      Fe 1  1569A  -3.521   0.0091      Ca B 3.296m  -3.519   0.0092      Fe 2  7665A  -3.901   0.0038            
 HFFc     0   -1.222   1.8179      grains......................      Ca B 3.038m  -3.627   0.0072      Fe 2 1.298m  -3.796   0.0048            
 H FF     0   -1.844   0.4342      H-like iso-sequence.........      Ca B 2.872m  -3.717   0.0058      Fe 2 1.270m  -3.621   0.0073            
 MeFB     0   -2.860   0.0418      Hlin 912.0A  -3.526   0.0090      Ca B 2.758m  -3.791   0.0049      Fe 2  7874A  -4.390   0.0012            
 MeFF     0   -3.404   0.0119      Hrst     0   -3.583   0.0079      Ca B 2.674m  -3.854   0.0042      Fe 2  7733A  -4.416   0.0012            
 ToFF     0   -1.831   0.4468      CION     0   -4.375   0.0013      Ca B 2.612m  -3.909   0.0037      Fe 2 17.93m  -3.011   0.0296            
 nFnu 122.4m  -3.050   0.0270      Ca B  1216A   0.038  33.0557      Ca B 2.564m  -3.962   0.0033      Fe 2 1.644m  -2.821   0.0457            
 nInu 122.4m  -0.607   7.4969      Q(H)  4861A  -1.246   1.7198      Ca B 2.525m  -4.014   0.0029      Fe 2 1.533m  -3.262   0.0166            
 nFnu 60.83m  -2.745   0.0545      Q(H)  1216A   0.213  49.5185      Ca B 2.495m  -4.068   0.0026      Fe 2  8617A  -2.758   0.0529            
 nInu 60.83m  -0.654   6.7236      CaBo  4861A  -1.467   1.0335      Ca B 2.469m  -4.122   0.0023      Fe 2 24.51m  -3.491   0.0098            
 nFnu 41.22m  -2.556   0.0843      Ca A  1216A  -0.061  26.3412      Ca B 2.448m  -4.176   0.0020      Fe 2 1.809m  -3.524   0.0091            
 nInu 41.22m  -0.766   5.1960      Ca A  1026A  -0.771   5.1348      Ca B 2.431m  -4.230   0.0018      Fe 2 1.677m  -3.402   0.0120            
 nFnu 30.87m  -2.422   0.1147      Ca A 972.5A  -1.147   2.1620      Ca B 2.416m  -4.284   0.0016      Fe 2 1.599m  -3.372   0.0129            
 nInu 30.87m  -0.866   4.1287      Ca A 949.7A  -1.382   1.2583      Ca B 2.403m  -4.337   0.0014      Fe 2  9052A  -3.416   0.0116            
 nFnu 24.78m  -2.320   0.1451      Ca A 937.8A  -1.524   0.9066      Ca B 2.392m  -4.389   0.0012      Fe 2  8892A  -3.175   0.0203            
 nInu 24.78m  -0.943   3.4571      Ca A 930.8A  -1.614   0.7367      Ca B 2.382m  -4.440   0.0011      Fe 2 35.77m  -4.309   0.0015            
 nFnu 24.30m  -2.311   0.1481      Ca A 926.2A  -1.686   0.6247      Ca B 12.37m  -3.488   0.0098      Fe 2 1.800m  -3.574   0.0081            
 nInu 24.30m  -0.950   3.4017      Ca A 923.2A  -1.751   0.5371      Ca B 7.500m  -3.625   0.0072      Fe 2 1.711m  -3.953   0.0034            
 nFnu 22.83m  -2.282   0.1584      Ca A 921.0A  -1.813   0.4658      Ca B 5.907m  -3.752   0.0054      Fe 2 1.664m  -3.661   0.0066            
 nInu 22.83m  -0.971   3.2409      Ca A 919.4A  -1.869   0.4094      Ca B 5.127m  -3.861   0.0042      Fe 2  9399A  -4.193   0.0019            
 nFnu 21.42m  -2.253   0.1692      Ca A 918.1A  -1.917   0.3670      Ca B 4.671m  -3.951   0.0034      Fe 2  9227A  -3.431   0.0112            
 nInu 21.42m  -0.994   3.0753      Ca A 917.2A  -1.955   0.3361      Ca B 4.375m  -4.026   0.0029      Fe 2  9033A  -3.650   0.0068            
 nFnu 21.12m  -2.246   0.1718      Ca A 916.4A  -1.988   0.3115      Ca B 4.170m  -4.089   0.0025      Fe 2 1.797m  -3.727   0.0057            
 nInu 21.12m  -0.999   3.0383      Ca A 915.8A  -2.021   0.2886      Ca B 4.020m  -4.144   0.0022      Fe 2 1.745m  -3.970   0.0032            
 nFnu 19.62m  -2.212   0.1858      Ca A 915.3A  -2.057   0.2656      Ca B 3.906m  -4.197   0.0019      Fe 2  9471A  -3.997   0.0031            
 nInu 19.62m  -1.022   2.8800      Ca A 914.9A  -2.097   0.2424      Ca B 3.818m  -4.249   0.0017      Fe 2  9268A  -3.544   0.0087            
 nFnu 17.65m  -2.161   0.2094      Ca A 914.6A  -2.140   0.2198      Ca B 3.748m  -4.303   0.0015      Fe 2 1.811m  -4.213   0.0019            
 nInu 17.65m  -1.052   2.6855      Ca A 914.3A  -2.184   0.1982      Ca B 3.692m  -4.357   0.0013      Fe 2 1.748m  -4.417   0.0012            
 nFnu 17.37m  -2.154   0.2125      Ca A 914.0A  -2.231   0.1781      Ca B 3.645m  -4.410   0.0012      Fe2b  7000A  -3.037   0.0278            
 nInu 17.37m  -1.057   2.6601      Ca A 913.8A  -2.278   0.1596      Ca B 3.606m  -4.464   0.0010      Fe2b 10000A  -1.910   0.3732            
 nFnu 15.69m  -2.111   0.2347      Ca A 913.6A  -2.327   0.1427      Ca B 19.06m  -3.852   0.0043      Fe2b  7445A  -3.037   0.0278            
 nInu 15.69m  -1.084   2.4963      Ca A 913.5A  -2.376   0.1276      Ca B 11.31m  -3.958   0.0033      Fe2b  8625A  -2.422   0.1146            
 nFnu 14.60m  -2.076   0.2541      Ca A 913.3A  -2.424   0.1142      Ca B 8.758m  -4.062   0.0026      Fe2b 1.033m  -3.996   0.0031            
 nInu 14.60m  -1.104   2.3877      Ca A  6563A  -1.207   1.8805      Ca B 7.506m  -4.152   0.0021      Fe2b 1.889m  -2.950   0.0340            
 nFnu 12.43m  -2.002   0.3020      Ca A  4861A  -1.647   0.6829      Ca B 6.770m  -4.226   0.0018      Fe 2  1786A  -3.148   0.0215            
 nInu 12.43m  -1.149   2.1501      Ca A  4340A  -1.958   0.3340      Ca B 6.290m  -4.288   0.0016      recombination...............            
 nFnu 11.40m  -1.967   0.3271      Ca A  4102A  -2.179   0.2006      Ca B 5.955m  -4.344   0.0014      C  1 1.069m  -4.007   0.0030            
 nInu 11.40m  -1.173   2.0370      Ca A  3970A  -2.340   0.1386      Ca B 5.710m  -4.396   0.0012      O  1  1357A  -3.757   0.0053            
 nFnu 10.46m  -1.925   0.3600      Ca A  3889A  -2.462   0.1046      Ca B 5.524m  -4.449   0.0011      C  1  1140A  -2.804   0.0476            
 nInu 10.46m  -1.196   1.9299      Ca A  3835A  -2.562   0.0832      Ca B 27.80m  -4.164   0.0021      O  1  7950A  -4.318   0.0015            
 nFnu 9.480m  -1.886   0.3938      Ca A  3798A  -2.645   0.0687      Ca B 16.20m  -4.246   0.0017      level2 lines................            
 nInu 9.480m  -1.213   1.8561      Ca A  3771A  -2.714   0.0586      Ca B 12.38m  -4.330   0.0014      C  1 943.9A  -2.888   0.0392            
 nFnu 9.325m  -1.880   0.3991      Ca A  3750A  -2.769   0.0516      Ca B 10.50m  -4.402   0.0012      C  1  1248A  -2.850   0.0428            
 nInu 9.325m  -1.214   1.8524      Ca A  3734A  -2.811   0.0468      Ca B 9.389m  -4.463   0.0010      C  1 841.0A  -4.052   0.0027            
 nFnu 8.210m  -1.822   0.4567      Ca A  3722A  -2.847   0.0431      Ca B 38.86m  -4.435   0.0011      C  1  1561A  -3.077   0.0254            
 nInu 8.210m  -1.215   1.8490      Ca A  3712A  -2.881   0.0398      H  1     0   -3.738   0.0055      C  1  1315A  -2.885   0.0395            
 nFnu 7.580m  -1.793   0.4878      Ca A  3704A  -2.918   0.0366      H  1  1216A   0.053  34.2127      C  1  1166A  -2.998   0.0304            
 nInu 7.580m  -1.208   1.8752      Ca A  3697A  -2.959   0.0333      H  1  1026A  -2.592   0.0776      C  1  1233A  -2.921   0.0363            
 nFnu 7.050m  -1.755   0.5326      Ca A  3692A  -3.001   0.0302      H  1 972.5A  -2.910   0.0372      C  1  1132A  -3.080   0.0252            
 nInu 7.050m  -1.199   1.9160      Ca A  3687A  -3.046   0.0272      H  1 949.7A  -2.992   0.0309      C  1  1251A  -3.068   0.0259            
 nFnu 4.114m  -1.555   0.8443      Ca A  3683A  -3.093   0.0245      H  1 937.8A  -3.180   0.0200      C  1  1112A  -3.138   0.0221            
 nInu 4.114m  -0.949   3.4101      Ca A  3679A  -3.141   0.0219      H  1 930.8A  -3.294   0.0154      C  1  1115A  -3.171   0.0205            
 nFnu 2.324m  -1.460   1.0496      Ca A  3676A  -3.189   0.0196      H  1 926.2A  -3.352   0.0135      C  1  1162A  -3.251   0.0170            
 nInu 2.324m  -0.456  10.6116      Ca A  3674A  -3.238   0.0175      H  1 923.2A  -3.357   0.0133      C  1  1167A  -3.357   0.0133            
 nFnu 1.643m  -1.424   1.1412      Ca A  3671A  -3.286   0.0157      H  1 921.0A  -3.328   0.0142      C  1  1104A  -3.253   0.0169            
 nInu 1.643m  -0.092  24.5371      Ca A 1.875m  -2.016   0.2922      H  1  6563A  -1.031   2.8241      C  1  1109A  -3.277   0.0160            
 nFnu 1.480m  -1.270   1.6271      Ca A 1.282m  -2.328   0.1425      H  1  4861A  -1.482   1.0000      C  1  1130A  -3.479   0.0101            
 nInu 1.480m  -0.012  29.4869      Ca A 1.094m  -2.578   0.0801      H  1  4340A  -1.758   0.5287      C  1  1098A  -3.386   0.0125            
 nFnu 1.436m  -1.040   2.7615      Ca A 1.005m  -2.772   0.0513      H  1  4102A  -1.951   0.3394      C  1  1132A  -3.413   0.0117            
 nInu 1.436m   0.037  32.9651      Ca A  9546A  -2.922   0.0363      H  1  3970A  -2.111   0.2345      C  1  1106A  -3.469   0.0103            
 nFnu 1.119m  -0.805   4.7434      Ca A  9229A  -3.041   0.0276      H  1  3889A  -2.242   0.1736      C  1  1093A  -3.556   0.0084            
 nInu 1.119m   0.240  52.6704      Ca A  9015A  -3.137   0.0221      H  1  3835A  -2.328   0.1424      C  1  1110A  -3.648   0.0068            
 nFnu  8330A  -0.754   5.3409      Ca A  8863A  -3.214   0.0185      H  1  3798A  -2.351   0.1349      C  1  1114A  -3.666   0.0065            
 nInu  8330A   0.457  86.8526      Ca A  8750A  -3.274   0.0161      H  1 1.875m  -1.980   0.3173      C  1  1115A  -3.675   0.0064            
 nFnu  8079A  -0.534   8.8579      Ca A  8665A  -3.320   0.0145      H  1 1.282m  -2.256   0.1682      C  1  1090A  -3.679   0.0063            
 nInu  8079A   0.507  97.3628      Ca A  8598A  -3.357   0.0133      H  1 1.094m  -2.463   0.1043      C  1  1104A  -3.796   0.0048            
 nFnu  6210A  -0.797   4.8342      Ca A  8545A  -3.393   0.0123      H  1 1.005m  -2.628   0.0714      C  1  1104A  -3.804   0.0048            
 nInu  6210A   0.730 162.7519      Ca A  8502A  -3.431   0.0112      H  1  9546A  -2.759   0.0528      C  1  1098A  -3.953   0.0034            
 nFnu  4885A  -1.178   2.0125      Ca A  8467A  -3.471   0.0102      H  1  9229A  -2.844   0.0434      C  1  1097A  -3.969   0.0033            
 nInu  4885A   0.924 254.3612      Ca A  8438A  -3.514   0.0093      H  1  9015A  -2.867   0.0412      C  1  1093A  -4.160   0.0021            
 nFnu  3704A  -1.828   0.4504      Ca A  8413A  -3.559   0.0084      H  1 4.051m  -2.644   0.0688      C  1  1093A  -4.155   0.0021            
 nInu  3704A   1.078 362.4510      Ca A  8392A  -3.606   0.0075      H  1 2.625m  -2.839   0.0439      C  1  1090A  -4.294   0.0015            
 nFnu  3588A  -0.098  24.1846      Ca A  8374A  -3.654   0.0067      H  1 2.166m  -3.002   0.0302      C  1  1090A  -4.290   0.0016            
 nInu  3588A   1.106 387.2110      Ca A  8359A  -3.703   0.0060      H  1 1.945m  -3.131   0.0224      C  2 892.8A  -4.069   0.0026            
 nFnu  2430A  -1.841   0.4365      Ca A  8346A  -3.751   0.0054      H  1 1.817m  -3.215   0.0185      C  2  1020A  -3.253   0.0169            
 nInu  2430A   1.386 736.6382      Ca A  8334A  -3.800   0.0048      H  1 1.736m  -3.237   0.0176      N  1 942.3A  -3.421   0.0115            
 nFnu  2392A  -1.922   0.3625      Ca A 4.051m  -2.638   0.0697      H  1 7.458m  -3.165   0.0207      N  1 952.1A  -3.383   0.0125            
 nInu  2392A   1.393 748.7422      Ca A 2.625m  -2.880   0.0400      H  1 4.653m  -3.303   0.0151      N  1  1131A  -3.473   0.0102            
 nFnu  2071A  -2.190   0.1957      Ca A 2.166m  -3.088   0.0248      H  1 3.740m  -3.425   0.0114      O  1 867.3A  -3.976   0.0032            
 nInu  2071A   1.493 942.0624      Ca A 1.945m  -3.254   0.0169      H  1 3.296m  -3.507   0.0094      O  1 787.5A  -4.193   0.0019            
 nFnu  2053A  -2.248   0.1713      Ca A 1.817m  -3.385   0.0125      H  1 3.038m  -3.527   0.0090      O  1 976.8A  -3.240   0.0174            
 nInu  2053A   1.489 935.1029      Ca A 1.736m  -3.490   0.0098      H  1 12.37m  -3.581   0.0080      O  1 767.7A  -4.318   0.0015            
 nFnu  1793A  -2.858   0.0421      Ca A 1.681m  -3.573   0.0081      H  1 7.500m  -3.676   0.0064      O  1 969.0A  -3.104   0.0239            
 nInu  1793A   1.5811154.2631      Ca A 1.641m  -3.636   0.0070      H  1 5.907m  -3.750   0.0054      O  1 946.4A  -3.322   0.0144            
 nFnu  1585A  -2.670   0.0648      Ca A 1.611m  -3.684   0.0063      H  1 5.127m  -3.767   0.0052      O  1 934.5A  -3.519   0.0092            
 nInu  1585A   1.5481070.0322      Ca A 1.588m  -3.723   0.0057      H  1 19.06m  -3.918   0.0037      O  1 973.6A  -3.724   0.0057            
 nFnu  1458A  -1.660   0.6630      Ca A 1.570m  -3.759   0.0053      H  1 11.31m  -3.965   0.0033      O  1 927.5A  -3.734   0.0056            
 nInu  1458A   1.6781442.3348      Ca A 1.556m  -3.797   0.0048      H  1 8.758m  -3.975   0.0032      O  1 948.5A  -3.817   0.0046            
 nFnu  1357A  -2.256   0.1679      Ca A 1.544m  -3.838   0.0044      H  1 27.80m  -4.181   0.0020      O  1 923.0A  -3.940   0.0035            
 nInu  1357A   1.7431676.6750      Ca A 1.534m  -3.881   0.0040      H  1 16.20m  -4.164   0.0021      O  1 919.9A  -4.144   0.0022            
 nFnu  1297A  -2.522   0.0911      Ca A 1.526m  -3.926   0.0036      H  1 38.86m  -4.359   0.0013      O  1 935.7A  -4.074   0.0026            
 nInu  1297A   1.7191587.0013      Ca A 1.519m  -3.973   0.0032      He-like iso-sequence........      O  1 917.7A  -4.271   0.0016            
 nFnu  1263A  -2.555   0.0844      Ca A 1.513m  -4.021   0.0029      Hlin 506.0A  -3.856   0.0042      O  1 918.7A  -4.376   0.0013            
 nInu  1263A   1.7431676.6083      Ca A 1.508m  -4.069   0.0026      Ca B  3889A  -4.206   0.0019      O  1 928.2A  -4.323   0.0014            
 nFnu  1218A  -0.483   9.9745      Ca A 1.504m  -4.118   0.0023      Ca B  5876A  -4.035   0.0028      Ne 1 688.6A  -4.450   0.0011            
 nInu  1218A   1.6331302.6556      Ca A 1.500m  -4.167   0.0021      Ca B 1.083m  -3.118   0.0231      Al 2  1671A  -3.231   0.0178            
 nFnu  1196A  -1.255   1.6828      Ca A 7.458m  -3.152   0.0213      Ca B 2.058m  -4.163   0.0021      Si 1  1261A  -3.525   0.0091            
 nInu  1196A   1.6941497.2424      Ca A 4.653m  -3.347   0.0136      He 1     0   -2.671   0.0646      Si 1  1853A  -3.634   0.0070            
 nFnu  1175A  -1.406   1.1892      Ca A 3.740m  -3.518   0.0092      He 1 584.3A  -3.340   0.0138      Si 1  1694A  -3.769   0.0052            
 nInu  1175A   1.5861168.2882      Ca A 3.296m  -3.656   0.0067      He 1 537.0A  -4.164   0.0021      Si 1  1626A  -4.015   0.0029            
 nFnu  1144A  -1.719   0.5793      Ca A 3.038m  -3.766   0.0052      He 1 522.2A  -4.219   0.0018      Si 1  1091A  -4.024   0.0029            
 nInu  1144A   1.7921878.5300      Ca A 2.872m  -3.853   0.0043      He 1 515.6A  -4.248   0.0017      Si 1  2000A  -4.230   0.0018            
 nFnu  1113A  -1.968   0.3264      Ca A 2.758m  -3.919   0.0037      He 1 512.1A  -4.267   0.0016      Si 1  1591A  -4.243   0.0017            
 nInu  1113A   1.7391660.8767      Ca A 2.674m  -3.968   0.0033      TOTL 1.083m  -3.328   0.0142      Si 1  1668A  -4.373   0.0013            
 nFnu  1103A  -1.294   1.5414      Ca A 2.612m  -4.007   0.0030      He 1 1.083m  -3.328   0.0142      Si 1  1616A  -4.455   0.0011            
 nInu  1103A   1.8031926.2559      Ca A 2.564m  -4.044   0.0027      He 1 1.083m  -4.282   0.0016      Si 1  1834A  -4.457   0.0011            
 nFnu  1074A  -1.582   0.7938      Ca A 2.525m  -4.083   0.0025      He 1 1.083m  -3.805   0.0047      Si 2  1180A  -2.994   0.0307            
 nInu  1074A   1.7761808.0869      Ca A 2.495m  -4.124   0.0023      He 1 1.083m  -3.583   0.0079      Si 2 993.4A  -3.308   0.0149            
 nFnu  1064A  -1.695   0.6113      Ca A 2.469m  -4.167   0.0021      He 1  3889A  -4.329   0.0014      Si 2  1024A  -4.009   0.0030            
 nInu  1064A   1.7851849.0142      Ca A 2.448m  -4.212   0.0019      He 1  5876A  -4.085   0.0025      S  1  1356A  -3.721   0.0058            
 nFnu  1036A  -1.967   0.3271      Ca A 2.431m  -4.259   0.0017      Pho+  3889A  -2.323   0.1439      S  1  1227A  -3.868   0.0041            
 nInu  1036A   1.7481697.5117      Ca A 2.416m  -4.307   0.0015      database lines..............      S  1  1662A  -3.964   0.0033            
 nFnu  1000A  -2.285   0.1573      Ca A 2.403m  -4.356   0.0013      level 1 lines...............      S  1  1392A  -4.349   0.0014            
 nInu  1000A   1.7461688.3488      Ca A 2.392m  -4.404   0.0012      C  1  1656A  -2.629   0.0712      S  1  1265A  -4.413   0.0012            
 nFnu 925.1A  -2.191   0.1952      Ca A 2.382m  -4.453   0.0011      REC   1656A  -2.967   0.0327      S  2 750.3A  -4.309   0.0015            
 nInu 925.1A   1.5811155.1869      Ca A 12.37m  -3.591   0.0078      C Ic  9850A  -2.805   0.0475      Ar 1  1096A  -3.623   0.0072            
 nFnu 897.8A   0.480  91.4815      Ca A 7.500m  -3.745   0.0055      TOTL  9850A  -2.805   0.0475      Ar 1 922.5A  -4.311   0.0015            
 nInu 897.8A  -0.601   7.5959      Ca A 5.907m  -3.883   0.0040      C  1  8727A  -1.633   0.7059      Ar 1 918.5A  -4.418   0.0012            
 nFnu 760.0A  -2.133   0.2231      Ca A 5.127m  -3.995   0.0031      TOTL  2326A  -3.950   0.0034      P  2 963.8A  -4.083   0.0025            
 nInu 760.0A  -0.168  20.5773      Ca A 4.671m  -4.084   0.0025      C  2  2327A  -4.219   0.0018      Ti 2  3366A  -3.052   0.0269            
 nFnu 701.5A  -2.933   0.0354      Ca A 4.375m  -4.151   0.0021      C  2  1335A  -3.162   0.0209      Ti 2  3238A  -3.390   0.0124            
 nInu 701.5A  -0.147  21.5809      Ca A 4.170m  -4.201   0.0019      N  1 953.9A  -3.372   0.0129      Cr 1  4271A  -3.322   0.0145            
 nInu 608.2A  -0.099  24.1067      Ca A 4.020m  -4.241   0.0017      N  1 954.1A  -4.198   0.0019      Cr 1  3591A  -3.469   0.0103            
 nFnu 575.1A  -3.290   0.0155      Ca A 3.906m  -4.279   0.0016      N  1  1200A  -2.922   0.0363      Mn 2  2590A  -3.469   0.0103            
 nInu 575.1A   0.005  30.6527      Ca A 3.818m  -4.317   0.0015      N  1  3466A  -4.238   0.0018      Ni 2  1752A  -4.339   0.0014            
 nInu 511.9A  -0.054  26.7828      Ca A 3.748m  -4.358   0.0013      TOTL  3467A  -4.158   0.0021      Ni 2  1744A  -4.151   0.0021            
 nFnu 496.9A  -1.625   0.7182      Ca A 3.692m  -4.402   0.0012      N  1 1.040m  -3.740   0.0055      Ni 2  1376A  -4.169   0.0021            
 nInu 496.9A  -0.688   6.2221      Ca A 3.645m  -4.447   0.0011      N  1 1.040m  -4.289   0.0016      Ni 2  1324A  -4.107   0.0024            
 nInu 399.2A  -0.424  11.4188      Ca A 19.06m  -3.966   0.0033      N  1 1.041m  -4.089   0.0025      hyperfine structure.........            
 RRC.........................      Ca A 11.31m  -4.083   0.0025      N  1 1.041m  -4.105   0.0024      inner shell.................            
 H  1 911.8A  -0.923   3.6160      Ca A 8.758m  -4.193   0.0019      TOTL 1.040m  -3.405   0.0119      molecules...................            
 H  1  3646A  -1.548   0.8588      Ca A 7.506m  -4.282   0.0016      O  1  6300A  -1.965   0.3286      H2dH     0   -4.340   0.0014            
 H  1  3646A  -1.151   2.1407      Ca A 6.770m  -4.349   0.0014      O  1  6363A  -2.461   0.1048      H2vH     0   -1.872   0.4067            
 H  1  8204A  -2.317   0.1460      Ca A 6.290m  -4.400   0.0012      O  1  5577A  -3.472   0.0102      H-FB     0   -1.233   1.7712            
 H  1  8204A  -1.868   0.4105      Ca A 5.955m  -4.440   0.0011      O  1 63.17m  -3.627   0.0071      H-FF     0   -1.344   1.3712            
 H  1  8204A  -1.889   0.3914      Ca A 5.710m  -4.478   0.0010      Ne 2 12.81m  -4.338   0.0014      H-CT  6563A  -1.139   2.2017            
 H  1 1.458m  -2.844   0.0434      Ca A 27.80m  -4.286   0.0016      Na 1  5892A  -1.781   0.5021      H2+      0   -1.489   0.9819            
 H  1 1.458m  -2.386   0.1245      Ca A 16.20m  -4.373   0.0013      Mg 1  4561A  -3.812   0.0047      HEH+     0   -4.153   0.0021            
 H  1 1.458m  -2.295   0.1535      Ca A 12.38m  -4.457   0.0011      Mg 1  2853A  -3.330   0.0142            
 H  1 1.458m  -2.546   0.0863      Ca B  6563A  -0.980   3.1742      Mg 1  2026A  -4.311   0.0015            

                                                    Emergent line intensities
 general properties..........      grains......................      Ca B  8346A  -3.736   0.0056      Si 2  1308A  -3.294   0.0154            
 TOTL  4861A  -1.482   1.0000      H-like iso-sequence.........      Ca B  8334A  -3.787   0.0049      Si 2  1263A  -2.925   0.0361            
 TOTL  1216A   0.053  34.2031      Hlin 912.0A  -3.526   0.0090      Ca B 4.051m  -2.551   0.0852      P  2 1.640m  -3.714   0.0059            
 continua....................      Ca B  1216A   0.038  33.0558      Ca B 2.625m  -2.774   0.0510      P  2  4669A  -4.204   0.0019            
 Bac   3646A  -0.053  26.8200      Q(H)  4861A  -1.246   1.7198      Ca B 2.166m  -2.961   0.0332      P  2 1.189m  -4.035   0.0028            
 nFnu  3645A  -0.046  27.2369      Q(H)  1216A   0.213  49.5186      Ca B 1.945m  -3.113   0.0234      S  1 25.19m  -4.132   0.0022            
 nFnu  3647A  -1.861   0.4169      CaBo  4861A  -3.459   0.0105      Ca B 1.817m  -3.238   0.0175      S 1R  1807A  -3.688   0.0062            
 cout  3646A  -0.354  13.4100      Ca A  1216A  -0.061  26.3305      Ca B 1.736m  -3.344   0.0137      S  2  6720A  -4.086   0.0025            
 cref  3646A  -0.354  13.4100      Ca A  1026A  -0.775   5.0917      Ca B 1.681m  -3.432   0.0112      S  2  4074A  -2.963   0.0330            
 thin  3646A  -0.053  26.8201      Ca A 972.5A  -1.150   2.1444      Ca B 1.641m  -3.506   0.0095      S  2 1.033m  -3.156   0.0211            
 Inci  4860A   0.909 245.9024      Ca A 949.7A  -1.385   1.2483      Ca B 1.611m  -3.568   0.0082      S II  6731A  -4.244   0.0017            
 Inci  1215A   1.6351307.9128      Ca A 937.8A  -1.528   0.8994      Ca B 1.588m  -3.623   0.0072      S II  4070A  -3.044   0.0274            
 FIR  83.00m  -0.432  11.2108      Ca A 930.8A  -1.618   0.7309      Ca B 1.570m  -3.675   0.0064      S II  4078A  -3.732   0.0056            
 TIR   1800m  -2.691   0.0617      Ca A 926.2A  -1.689   0.6198      Ca B 1.556m  -3.728   0.0057      S II 1.032m  -3.535   0.0088            
 NIRa 2.850m   0.417  79.1144      Ca A 923.2A  -1.755   0.5329      Ca B 1.544m  -3.782   0.0050      S II 1.029m  -3.670   0.0065            
 NIRb 3.000m   0.066  35.3046      Ca A 921.0A  -1.817   0.4621      Ca B 1.534m  -3.835   0.0044      S II 1.037m  -4.191   0.0020            
 MIRa 15.00m  -0.835   4.4303      Ca A 919.4A  -1.873   0.4062      Ca B 1.526m  -3.890   0.0039      S II 1.034m  -3.894   0.0039            
 MIRb 22.50m  -0.668   6.5111      Ca A 918.1A  -1.920   0.3641      Ca B 1.519m  -3.944   0.0035      S  2  1256A  -4.020   0.0029            
 NMIR 21.75m   0.417  79.1144      Ca A 917.2A  -1.958   0.3335      Ca B 1.513m  -3.997   0.0030      Cl 2 14.40m  -4.295   0.0015            
 TFIR 611.2m  -0.945   3.4434      Ca A 916.4A  -1.991   0.3091      Ca B 1.508m  -4.051   0.0027      Cl 2  8579A  -3.300   0.0152            
 TALL 10000A   1.7761811.1143      Ca A 915.8A  -2.025   0.2864      Ca B 1.504m  -4.103   0.0024      Cl 2  9124A  -3.878   0.0040            
 F12  12.00m  -1.340   1.3848      Ca A 915.3A  -2.061   0.2635      Ca B 1.500m  -4.154   0.0021      K  1  7676A  -2.200   0.1910            
 F25  25.00m  -1.264   1.6512      Ca A 914.9A  -2.100   0.2405      Ca B 7.458m  -3.061   0.0263      Ca 1  4228A  -1.498   0.9625            
 F60  60.00m  -0.830   4.4855      Ca A 914.6A  -2.143   0.2181      Ca B 4.653m  -3.235   0.0176      Ca 2  3933A  -1.452   1.0692            
 F100 100.0m  -1.020   2.8962      Ca A 914.3A  -2.188   0.1967      Ca B 3.740m  -3.390   0.0124      Ca 2  8579A  -2.894   0.0387            
 MIPS 24.00m  -1.571   0.8141      Ca A 914.0A  -2.234   0.1767      Ca B 3.296m  -3.519   0.0092      Ca 2  7306A  -1.731   0.5630            
 MIPS 70.00m  -1.188   1.9673      Ca A 913.8A  -2.282   0.1584      Ca B 3.038m  -3.627   0.0072      Ca2K  3934A  -1.637   0.6993            
 MIPS 160.0m  -1.416   1.1634      Ca A 913.6A  -2.330   0.1416      Ca B 2.872m  -3.717   0.0058      Ca2H  3969A  -1.913   0.3699            
 IRAC 3.600m  -1.391   1.2329      Ca A 913.5A  -2.379   0.1267      Ca B 2.758m  -3.791   0.0049      Ca2X  8498A  -4.052   0.0027            
 IRAC 4.500m  -1.526   0.9036      Ca A 913.3A  -2.427   0.1133      Ca B 2.674m  -3.854   0.0042      Ca2Y  8542A  -3.095   0.0244            
 IRAC 5.800m  -1.635   0.7021      Ca A  6563A  -1.207   1.8805      Ca B 2.612m  -3.909   0.0037      Ca2Z  8662A  -3.416   0.0116            
 IRAC 8.000m  -1.535   0.8851      Ca A  4861A  -1.647   0.6829      Ca B 2.564m  -3.962   0.0033      CaF1  7291A  -1.951   0.3394            
 SPR1 250.0m  -1.835   0.4427      Ca A  4340A  -1.958   0.3340      Ca B 2.525m  -4.014   0.0029      CaF2  7324A  -2.132   0.2236            
 SPR2 350.0m  -2.267   0.1638      Ca A  4102A  -2.179   0.2006      Ca B 2.495m  -4.068   0.0026      Fe 2  4300A  -1.625   0.7187            
 SPR3 500.0m  -2.646   0.0684      Ca A  3970A  -2.340   0.1386      Ca B 2.469m  -4.122   0.0023      Fe 2  2400A  -1.641   0.6922            
 PAC1 70.00m  -1.126   2.2690      Ca A  3889A  -2.462   0.1046      Ca B 2.448m  -4.176   0.0020      Fe 2  6200A  -4.303   0.0015            
 PAC2 100.0m  -1.015   2.9293      Ca A  3835A  -2.562   0.0832      Ca B 2.431m  -4.230   0.0018      Fe 2 25.98m  -3.332   0.0141            
 PAC3 160.0m  -1.159   2.1029      Ca A  3798A  -2.645   0.0687      Ca B 2.416m  -4.284   0.0016      Fe 2 5.339m  -4.354   0.0013            
 PAH  3.300m  -2.184   0.1985      Ca A  3771A  -2.714   0.0586      Ca B 2.403m  -4.337   0.0014      Fe 2 1.257m  -2.748   0.0541            
 PAHC 3.230m  -2.462   0.1045      Ca A  3750A  -2.769   0.0516      Ca B 2.392m  -4.389   0.0012      Fe 2 35.34m  -3.752   0.0054            
 PAHC 3.370m  -2.540   0.0873      Ca A  3734A  -2.811   0.0468      Ca B 2.382m  -4.440   0.0011      Fe 2 1.321m  -3.326   0.0143            
 PAH  6.200m  -2.137   0.2208      Ca A  3722A  -2.847   0.0431      Ca B 12.37m  -3.488   0.0098      Fe 2 1.249m  -3.986   0.0031            
 PAHC 5.650m  -2.087   0.2479      Ca A  3712A  -2.881   0.0398      Ca B 7.500m  -3.625   0.0072      Fe 2  7638A  -3.337   0.0140            
 PAH  7.900m  -1.968   0.3259      Ca A  3704A  -2.918   0.0366      Ca B 5.907m  -3.752   0.0054      Fe 2 51.29m  -4.450   0.0011            
 PAHC 6.900m  -1.921   0.3631      Ca A  3697A  -2.959   0.0333      Ca B 5.127m  -3.861   0.0042      Fe 2 1.372m  -3.550   0.0085            
 PAH  11.30m  -2.542   0.0869      Ca A  3692A  -3.001   0.0302      Ca B 4.671m  -3.951   0.0034      Fe 2 1.294m  -3.318   0.0146            
 PAHC 10.90m  -2.548   0.0858      Ca A  3687A  -3.046   0.0272      Ca B 4.375m  -4.026   0.0029      Fe 2  7687A  -3.532   0.0089            
 PAH  11.80m  -2.331   0.1415      Ca A  3683A  -3.093   0.0245      Ca B 4.170m  -4.089   0.0025      Fe 2 1.328m  -3.563   0.0083            
 PAHC 12.65m  -2.311   0.1480      Ca A  3679A  -3.141   0.0219      Ca B 4.020m  -4.144   0.0022      Fe 2 1.279m  -3.433   0.0112            
 PAH  13.30m  -2.299   0.1523      Ca A  3676A  -3.189   0.0196      Ca B 3.906m  -4.197   0.0019      Fe 2 1.252m  -4.333   0.0014            
 PAHC 14.10m  -2.306   0.1498      Ca A  3674A  -3.238   0.0175      Ca B 3.818m  -4.249   0.0017      Fe 2  7665A  -3.901   0.0038            
 Bcon  3640A   1.6991514.9646      Ca A  3671A  -3.286   0.0157      Ca B 3.748m  -4.303   0.0015      Fe 2 1.298m  -3.796   0.0048            
 Pcon  5000A   0.809 195.3580      Ca A 1.875m  -2.016   0.2922      Ca B 3.692m  -4.357   0.0013      Fe 2 1.270m  -3.621   0.0073            
 nFnu 122.4m  -3.050   0.0270      Ca A 1.282m  -2.328   0.1425      Ca B 3.645m  -4.410   0.0012      Fe 2  7874A  -4.390   0.0012            
 nInu 122.4m  -0.607   7.4969      Ca A 1.094m  -2.578   0.0801      Ca B 3.606m  -4.464   0.0010      Fe 2  7733A  -4.416   0.0012            
 nFnu 60.83m  -2.745   0.0545      Ca A 1.005m  -2.772   0.0513      Ca B 19.06m  -3.852   0.0043      Fe 2 17.93m  -3.011   0.0296            
 nInu 60.83m  -0.654   6.7236      Ca A  9546A  -2.922   0.0363      Ca B 11.31m  -3.958   0.0033      Fe 2 1.644m  -2.821   0.0457            
 nFnu 41.22m  -2.556   0.0843      Ca A  9229A  -3.041   0.0276      Ca B 8.758m  -4.062   0.0026      Fe 2 1.533m  -3.262   0.0166            
 nInu 41.22m  -0.766   5.1960      Ca A  9015A  -3.137   0.0221      Ca B 7.506m  -4.152   0.0021      Fe 2  8617A  -2.758   0.0529            
 nFnu 30.87m  -2.422   0.1147      Ca A  8863A  -3.214   0.0185      Ca B 6.770m  -4.226   0.0018      Fe 2 24.51m  -3.491   0.0098            
 nInu 30.87m  -0.866   4.1287      Ca A  8750A  -3.274   0.0161      Ca B 6.290m  -4.288   0.0016      Fe 2 1.809m  -3.524   0.0091            
 nFnu 24.78m  -2.320   0.1451      Ca A  8665A  -3.320   0.0145      Ca B 5.955m  -4.344   0.0014      Fe 2 1.677m  -3.402   0.0120            
 nInu 24.78m  -0.943   3.4571      Ca A  8598A  -3.357   0.0133      Ca B 5.710m  -4.396   0.0012      Fe 2 1.599m  -3.372   0.0129            
 nFnu 24.30m  -2.311   0.1481      Ca A  8545A  -3.393   0.0123      Ca B 5.524m  -4.449   0.0011      Fe 2  9052A  -3.416   0.0116            
 nInu 24.30m  -0.950   3.4017      Ca A  8502A  -3.431   0.0112      Ca B 27.80m  -4.164   0.0021      Fe 2  8892A  -3.175   0.0203            
 nFnu 22.83m  -2.282   0.1584      Ca A  8467A  -3.471   0.0102      Ca B 16.20m  -4.246   0.0017      Fe 2 35.77m  -4.309   0.0015            
 nInu 22.83m  -0.971   3.2409      Ca A  8438A  -3.514   0.0093      Ca B 12.38m  -4.330   0.0014      Fe 2 1.800m  -3.574   0.0081            
 nFnu 21.42m  -2.253   0.1692      Ca A  8413A  -3.559   0.0084      Ca B 10.50m  -4.402   0.0012      Fe 2 1.711m  -3.953   0.0034            
 nInu 21.42m  -0.994   3.0753      Ca A  8392A  -3.606   0.0075      Ca B 9.389m  -4.463   0.0010      Fe 2 1.664m  -3.661   0.0066            
 nFnu 21.12m  -2.246   0.1718      Ca A  8374A  -3.654   0.0067      Ca B 38.86m  -4.435   0.0011      Fe 2  9399A  -4.193   0.0019            
 nInu 21.12m  -0.999   3.0383      Ca A  8359A  -3.703   0.0060      H  1  1216A   0.053  34.2031      Fe 2  9227A  -3.431   0.0112            
 nFnu 19.62m  -2.212   0.1858      Ca A  8346A  -3.751   0.0054      H  1  1026A  -2.592   0.0776      Fe 2  9033A  -3.650   0.0068            
 nInu 19.62m  -1.022   2.8800      Ca A  8334A  -3.800   0.0048      H  1 972.5A  -2.911   0.0372      Fe 2 1.797m  -3.727   0.0057            
 nFnu 17.65m  -2.161   0.2094      Ca A 4.051m  -2.638   0.0697      H  1 949.7A  -2.992   0.0309      Fe 2 1.745m  -3.970   0.0032            
 nInu 17.65m  -1.052   2.6856      Ca A 2.625m  -2.880   0.0400      H  1 937.8A  -3.181   0.0200      Fe 2  9471A  -3.997   0.0031            
 nFnu 17.37m  -2.154   0.2125      Ca A 2.166m  -3.088   0.0248      H  1 930.8A  -3.294   0.0154      Fe 2  9268A  -3.544   0.0087            
 nInu 17.37m  -1.057   2.6601      Ca A 1.945m  -3.254   0.0169      H  1 926.2A  -3.352   0.0135      Fe 2 1.811m  -4.213   0.0019            
 nFnu 15.69m  -2.111   0.2347      Ca A 1.817m  -3.385   0.0125      H  1 923.2A  -3.357   0.0133      Fe 2 1.748m  -4.417   0.0012            
 nInu 15.69m  -1.084   2.4963      Ca A 1.736m  -3.490   0.0098      H  1 921.0A  -3.329   0.0142      Fe2b  7000A  -3.037   0.0278            
 nFnu 14.60m  -2.076   0.2541      Ca A 1.681m  -3.573   0.0081      H  1  6563A  -1.031   2.8241      Fe2b 10000A  -1.910   0.3732            
 nInu 14.60m  -1.104   2.3877      Ca A 1.641m  -3.636   0.0070      H  1  4861A  -1.482   1.0000      Fe2b  7445A  -3.037   0.0278            
 nFnu 12.43m  -2.002   0.3020      Ca A 1.611m  -3.684   0.0063      H  1  4340A  -1.758   0.5287      Fe2b  8625A  -2.422   0.1146            
 nInu 12.43m  -1.149   2.1501      Ca A 1.588m  -3.723   0.0057      H  1  4102A  -1.951   0.3394      Fe2b 1.033m  -3.996   0.0031            
 nFnu 11.40m  -1.967   0.3271      Ca A 1.570m  -3.759   0.0053      H  1  3970A  -2.111   0.2345      Fe2b 1.889m  -2.950   0.0340            
 nInu 11.40m  -1.173   2.0370      Ca A 1.556m  -3.797   0.0048      H  1  3889A  -2.242   0.1736      Fe 2  1786A  -3.148   0.0215            
 nFnu 10.46m  -1.925   0.3601      Ca A 1.544m  -3.838   0.0044      H  1  3835A  -2.328   0.1424      recombination...............            
 nInu 10.46m  -1.196   1.9300      Ca A 1.534m  -3.881   0.0040      H  1  3798A  -2.351   0.1349      C  1 1.069m  -4.007   0.0030            
 nFnu 9.480m  -1.886   0.3938      Ca A 1.526m  -3.926   0.0036      H  1 1.875m  -1.980   0.3173      O  1  1357A  -3.758   0.0053            
 nInu 9.480m  -1.213   1.8562      Ca A 1.519m  -3.973   0.0032      H  1 1.282m  -2.256   0.1682      C  1  1140A  -2.804   0.0476            
 nFnu 9.325m  -1.880   0.3991      Ca A 1.513m  -4.021   0.0029      H  1 1.094m  -2.463   0.1043      O  1  7950A  -4.318   0.0015            
 nInu 9.325m  -1.214   1.8524      Ca A 1.508m  -4.069   0.0026      H  1 1.005m  -2.628   0.0714      level2 lines................            
 nFnu 8.210m  -1.822   0.4567      Ca A 1.504m  -4.118   0.0023      H  1  9546A  -2.759   0.0528      C  1 943.9A  -2.890   0.0390            
 nInu 8.210m  -1.215   1.8490      Ca A 1.500m  -4.167   0.0021      H  1  9229A  -2.844   0.0434      C  1  1248A  -2.850   0.0428            
 nFnu 7.580m  -1.793   0.4878      Ca A 7.458m  -3.152   0.0213      H  1  9015A  -2.867   0.0412      C  1 841.0A  -4.416   0.0012            
 nInu 7.580m  -1.208   1.8752      Ca A 4.653m  -3.347   0.0136      H  1 4.051m  -2.644   0.0688      C  1  1561A  -3.077   0.0254            
 nFnu 7.050m  -1.755   0.5326      Ca A 3.740m  -3.518   0.0092      H  1 2.625m  -2.839   0.0439      C  1  1315A  -2.885   0.0395            
 nInu 7.050m  -1.199   1.9160      Ca A 3.296m  -3.656   0.0067      H  1 2.166m  -3.002   0.0302      C  1  1166A  -2.999   0.0304            
 nFnu 4.114m  -1.555   0.8444      Ca A 3.038m  -3.766   0.0052      H  1 1.945m  -3.131   0.0224      C  1  1233A  -2.921   0.0363            
 nInu 4.114m  -0.949   3.4101      Ca A 2.872m  -3.853   0.0043      H  1 1.817m  -3.215   0.0185      C  1  1132A  -3.081   0.0252            
 nFnu 2.324m  -1.460   1.0496      Ca A 2.758m  -3.919   0.0037      H  1 1.736m  -3.237   0.0176      C  1  1251A  -3.069   0.0259            
 nInu 2.324m  -0.456  10.6116      Ca A 2.674m  -3.968   0.0033      H  1 7.458m  -3.165   0.0207      C  1  1112A  -3.138   0.0220            
 nFnu 1.643m  -1.424   1.1412      Ca A 2.612m  -4.007   0.0030      H  1 4.653m  -3.303   0.0151      C  1  1115A  -3.171   0.0204            
 nInu 1.643m  -0.092  24.5372      Ca A 2.564m  -4.044   0.0027      H  1 3.740m  -3.425   0.0114      C  1  1162A  -3.251   0.0170            
 nFnu 1.480m  -1.270   1.6271      Ca A 2.525m  -4.083   0.0025      H  1 3.296m  -3.507   0.0094      C  1  1167A  -3.357   0.0133            
 nInu 1.480m  -0.012  29.4869      Ca A 2.495m  -4.124   0.0023      H  1 3.038m  -3.527   0.0090      C  1  1104A  -3.257   0.0168            
 nFnu 1.436m  -1.040   2.7615      Ca A 2.469m  -4.167   0.0021      H  1 12.37m  -3.581   0.0080      C  1  1109A  -3.277   0.0160            
 nInu 1.436m   0.037  32.9652      Ca A 2.448m  -4.212   0.0019      H  1 7.500m  -3.676   0.0064      C  1  1130A  -3.479   0.0100            
 nFnu 1.119m  -0.805   4.7434      Ca A 2.431m  -4.259   0.0017      H  1 5.907m  -3.750   0.0054      C  1  1098A  -3.389   0.0124            
 nInu 1.119m   0.240  52.6705      Ca A 2.416m  -4.307   0.0015      H  1 5.127m  -3.767   0.0052      C  1  1132A  -3.413   0.0117            
 nFnu  8330A  -0.754   5.3409      Ca A 2.403m  -4.356   0.0013      H  1 19.06m  -3.918   0.0037      C  1  1106A  -3.469   0.0103            
 nInu  8330A   0.457  86.8528      Ca A 2.392m  -4.404   0.0012      H  1 11.31m  -3.965   0.0033      C  1  1093A  -3.560   0.0084            
 nFnu  8079A  -0.534   8.8580      Ca A 2.382m  -4.453   0.0011      H  1 8.758m  -3.975   0.0032      C  1  1110A  -3.649   0.0068            
 nInu  8079A   0.507  97.3630      Ca A 12.37m  -3.591   0.0078      H  1 27.80m  -4.181   0.0020      C  1  1114A  -3.666   0.0065            
 nFnu  6210A  -0.797   4.8343      Ca A 7.500m  -3.745   0.0055      H  1 16.20m  -4.164   0.0021      C  1  1115A  -3.675   0.0064            
 nInu  6210A   0.730 162.7523      Ca A 5.907m  -3.883   0.0040      H  1 38.86m  -4.359   0.0013      C  1  1090A  -3.682   0.0063            
 nFnu  4885A  -1.178   2.0125      Ca A 5.127m  -3.995   0.0031      He-like iso-sequence........      C  1  1104A  -3.800   0.0048            
 nInu  4885A   0.924 254.3617      Ca A 4.671m  -4.084   0.0025      Hlin 506.0A  -3.856   0.0042      C  1  1104A  -3.808   0.0047            
 nFnu  3704A  -1.828   0.4504      Ca A 4.375m  -4.151   0.0021      Ca B  3889A  -4.206   0.0019      C  1  1098A  -3.956   0.0034            
 nInu  3704A   1.078 362.4518      Ca A 4.170m  -4.201   0.0019      Ca B  5876A  -4.035   0.0028      C  1  1097A  -3.972   0.0032            
 nFnu  3588A  -0.098  24.1847      Ca A 4.020m  -4.241   0.0017      Ca B 1.083m  -3.118   0.0231      C  1  1093A  -4.163   0.0021            
 nInu  3588A   1.106 387.2119      Ca A 3.906m  -4.279   0.0016      Ca B 2.058m  -4.163   0.0021      C  1  1093A  -4.159   0.0021            
 nFnu  2430A  -1.841   0.4365      Ca A 3.818m  -4.317   0.0015      He 1 584.3A  -3.457   0.0106      C  1  1090A  -4.298   0.0015            
 nInu  2430A   1.386 736.6399      Ca A 3.748m  -4.358   0.0013      He 1 537.0A  -4.181   0.0020      C  1  1090A  -4.294   0.0015            
 nFnu  2392A  -1.922   0.3625      Ca A 3.692m  -4.402   0.0012      He 1 522.2A  -4.242   0.0017      C  2  1020A  -3.256   0.0168            
 nInu  2392A   1.393 748.7439      Ca A 3.645m  -4.447   0.0011      He 1 515.6A  -4.279   0.0016      N  1 942.3A  -3.424   0.0114            
 nFnu  2071A  -2.190   0.1957      Ca A 19.06m  -3.966   0.0033      He 1 512.1A  -4.308   0.0015      N  1 952.1A  -3.386   0.0125            
 nInu  2071A   1.493 942.0645      Ca A 11.31m  -4.083   0.0025      TOTL 1.083m  -3.328   0.0142      N  1  1131A  -3.473   0.0102            
 nFnu  2053A  -2.248   0.1713      Ca A 8.758m  -4.193   0.0019      He 1 1.083m  -3.328   0.0142      O  1 867.3A  -4.285   0.0016            
 nInu  2053A   1.489 935.1050      Ca A 7.506m  -4.282   0.0016      He 1 1.083m  -4.282   0.0016      O  1 976.8A  -3.242   0.0174            
 nFnu  1793A  -2.858   0.0421      Ca A 6.770m  -4.349   0.0014      He 1 1.083m  -3.805   0.0047      O  1 969.0A  -3.106   0.0237            
 nInu  1793A   1.5811154.2656      Ca A 6.290m  -4.400   0.0012      He 1 1.083m  -3.583   0.0079      O  1 946.4A  -3.325   0.0143            
 nFnu  1585A  -2.670   0.0648      Ca A 5.955m  -4.440   0.0011      He 1  3889A  -4.329   0.0014      O  1 934.5A  -3.523   0.0091            
 nInu  1585A   1.5481070.0347      Ca A 5.710m  -4.478   0.0010      He 1  5876A  -4.085   0.0025      O  1 973.6A  -3.728   0.0057            
 nFnu  1458A  -1.660   0.6630      Ca A 27.80m  -4.286   0.0016      Pho+  3889A  -2.323   0.1439      O  1 927.5A  -3.737   0.0056            
 nInu  1458A   1.6781442.3381      Ca A 16.20m  -4.373   0.0013      database lines..............      O  1 948.5A  -3.820   0.0046            
 nFnu  1357A  -2.256   0.1679      Ca A 12.38m  -4.457   0.0011      level 1 lines...............      O  1 923.0A  -3.944   0.0035            
 nInu  1357A   1.7431676.6788      Ca B  6563A  -0.980   3.1742      C  1  1656A  -2.629   0.0712      O  1 919.9A  -4.148   0.0022            
 nFnu  1297A  -2.522   0.0911      Ca B  4861A  -1.424   1.1419      REC   1656A  -2.967   0.0327      O  1 935.7A  -4.077   0.0025            
 nInu  1297A   1.7191587.0049      Ca B  4340A  -1.732   0.5618      C Ic  9850A  -2.805   0.0475      O  1 917.7A  -4.274   0.0016            
 nFnu  1263A  -2.555   0.0844      Ca B  4102A  -1.956   0.3357      TOTL  9850A  -2.805   0.0475      O  1 918.7A  -4.379   0.0013            
 nInu  1263A   1.7431676.6121      Ca B  3970A  -2.125   0.2273      C  1  8727A  -1.633   0.7059      O  1 928.2A  -4.326   0.0014            
 nFnu  1218A  -0.483   9.9745      Ca B  3889A  -2.261   0.1663      TOTL  2326A  -3.950   0.0034      Al 2  1671A  -3.231   0.0178            
 nInu  1218A   1.6331302.6586      Ca B  3835A  -2.375   0.1278      C  2  2327A  -4.219   0.0018      Si 1  1261A  -3.525   0.0090            
 nFnu  1196A  -1.255   1.6828      Ca B  3798A  -2.473   0.1020      C  2  1335A  -3.162   0.0208      Si 1  1853A  -3.634   0.0070            
 nInu  1196A   1.6941497.2458      Ca B  3771A  -2.557   0.0840      N  1 953.9A  -3.375   0.0128      Si 1  1694A  -3.769   0.0052            
 nFnu  1175A  -1.406   1.1892      Ca B  3750A  -2.628   0.0713      N  1 954.1A  -4.201   0.0019      Si 1  1626A  -4.015   0.0029            
 nInu  1175A   1.5861168.2908      Ca B  3734A  -2.688   0.0621      N  1  1200A  -2.922   0.0363      Si 1  1091A  -4.028   0.0028            
 nFnu  1144A  -1.719   0.5793      Ca B  3722A  -2.743   0.0548      N  1  3466A  -4.238   0.0018      Si 1  2000A  -4.230   0.0018            
 nInu  1144A   1.7921878.5343      Ca B  3712A  -2.795   0.0486      TOTL  3467A  -4.158   0.0021      Si 1  1591A  -4.243   0.0017            
 nFnu  1113A  -1.968   0.3264      Ca B  3704A  -2.848   0.0431      N  1 1.040m  -3.740   0.0055      Si 1  1668A  -4.373   0.0013            
 nInu  1113A   1.7391660.8805      Ca B  3697A  -2.901   0.0381      N  1 1.040m  -4.289   0.0016      Si 1  1616A  -4.455   0.0011            
 nFnu  1103A  -1.294   1.5414      Ca B  3692A  -2.955   0.0336      N  1 1.041m  -4.089   0.0025      Si 1  1834A  -4.457   0.0011            
 nInu  1103A   1.8031926.2603      Ca B  3687A  -3.009   0.0297      N  1 1.041m  -4.105   0.0024      Si 2  1180A  -2.995   0.0307            
 nFnu  1074A  -1.582   0.7938      Ca B  3683A  -3.063   0.0262      TOTL 1.040m  -3.405   0.0119      Si 2 993.4A  -3.310   0.0148            
 nInu  1074A   1.7761808.0909      Ca B  3679A  -3.117   0.0232      O  1  6300A  -1.965   0.3286      Si 2  1024A  -4.012   0.0029            
 nFnu  1064A  -1.695   0.6113      Ca B  3676A  -3.170   0.0205      O  1  6363A  -2.461   0.1048      S  1  1356A  -3.722   0.0058            
 nInu  1064A   1.7851849.0183      Ca B  3674A  -3.222   0.0182      O  1  5577A  -3.472   0.0102      S  1  1227A  -3.868   0.0041            
 nFnu  1036A  -1.967   0.3271      Ca B  3671A  -3.274   0.0161      O  1 63.17m  -3.627   0.0071      S  1  1662A  -3.964   0.0033            
 nInu  1036A   1.7481697.5156      Ca B 1.875m  -1.913   0.3704      Ne 2 12.81m  -4.338   0.0014      S  1  1392A  -4.350   0.0014            
 nFnu  1000A  -2.285   0.1573      Ca B 1.282m  -2.208   0.1876      Na 1  5892A  -1.781   0.5021      S  1  1265A  -4.413   0.0012            
 nInu  1000A   1.7461688.3525      Ca B 1.094m  -2.438   0.1105      Mg 1  4561A  -3.812   0.0047      Ar 1  1096A  -3.627   0.0072            
 nFnu 925.1A  -2.191   0.1952      Ca B 1.005m  -2.617   0.0733      Mg 1  2853A  -3.330   0.0142      Ar 1 922.5A  -4.315   0.0015            
 nInu 925.1A   1.5811155.1895      Ca B  9546A  -2.760   0.0527      Mg 1  2026A  -4.311   0.0015      Ar 1 918.5A  -4.421   0.0011            
 nFnu 897.8A   0.480  91.4818      Ca B  9229A  -2.880   0.0400      TOTL  2798A  -1.412   1.1724      P  2 963.8A  -4.086   0.0025            
 nInu 897.8A  -0.601   7.5959      Ca B  9015A  -2.981   0.0316      Mg 2  2796A  -1.595   0.7707      Ti 2  3366A  -3.052   0.0269            
 nFnu 760.0A  -2.133   0.2231      Ca B  8863A  -3.068   0.0259      Mg 2  2803A  -1.878   0.4016      Ti 2  3238A  -3.390   0.0124            
 nInu 760.0A  -0.168  20.5774      Ca B  8750A  -3.140   0.0219      totl  2665A  -3.209   0.0187      Cr 1  4271A  -3.322   0.0145            
 nFnu 701.5A  -2.933   0.0354      Ca B  8665A  -3.201   0.0191      Al 2  2670A  -3.209   0.0187      Cr 1  3591A  -3.469   0.0103            
 nInu 701.5A  -0.147  21.5810      Ca B  8598A  -3.256   0.0168      Si 1  2518A  -3.696   0.0061      Mn 2  2590A  -3.469   0.0103            
 nInu 608.2A  -0.099  24.1068      Ca B  8545A  -3.308   0.0149      Si 1  2215A  -4.236   0.0018      Ni 2  1752A  -4.339   0.0014            
 nFnu 575.1A  -3.290   0.0155      Ca B  8502A  -3.361   0.0132      Si 2 34.81m  -3.916   0.0037      Ni 2  1744A  -4.151   0.0021            
 nInu 575.1A   0.005  30.6528      Ca B  8467A  -3.414   0.0117      TOTL  2335A  -3.461   0.0105      Ni 2  1376A  -4.170   0.0021            
 nInu 511.9A  -0.054  26.7829      Ca B  8438A  -3.468   0.0103      Si 2  2334A  -4.454   0.0011      Ni 2  1324A  -4.108   0.0024            
 nFnu 496.9A  -1.625   0.7182      Ca B  8413A  -3.522   0.0091      Si 2  2344A  -3.936   0.0035      hyperfine structure.........            
 nInu 496.9A  -0.688   6.2221      Ca B  8392A  -3.576   0.0080      Si 2  2336A  -3.778   0.0051      inner shell.................            
 nInu 399.2A  -0.424  11.4188      Ca B  8374A  -3.630   0.0071      Si 2  1814A  -4.414   0.0012      molecules...................            
 RRC.........................      Ca B  8359A  -3.683   0.0063      Si 2  1531A  -3.341   0.0138      H-CT  6563A  -1.139   2.2017            



                                                                           
 Cooling:  HFBc     0 :0.075 HFFc     0 :0.136 C  1  8727A:0.053 Ca2K  3934A:0.052 Fe2c     0 :0.139 H-FB     0 :0.132 H2+      0 :0.073  
 Heating:  BFH1     0 :0.895 BFHe     0 :0.050  

 These are some of the most important databases used by Cloudy:
 Many recombination coefficients were taken from http://amdpp.phys.strath.ac.uk/tamoc/RR/ and http://amdpp.phys.strath.ac.uk/tamoc/DR/
      and are based on the following papers:
        Badnell N. R., et al., A&A 406, 1151 (2003) [http://adsabs.harvard.edu/abs/2003A%26A...406.1151B]
        Badnell N. R., ApJS 167, 334 (2006) [http://adsabs.harvard.edu/abs/2006ApJS..167..334B]
 Much of the molecular emission data is from LAMDA as accessed on Dec. 18, 2010. This database is described in:
        Schoeier F.L., et al., A&A 432, 369 (2005) [http://adsabs.harvard.edu/abs/2005A%26A...432..369S]
      This database is in part based on the work of the following groups:
        JPL: Pickett H. M. et al., JQSRT, 60, 883 (1998). [http://adsabs.harvard.edu/abs/1998JQSRT..60..883P]
        CDMS: Mueller H. S. et al., A&A 370, L49 (2001). [http://adsabs.harvard.edu/abs/2001A%26A...370L..49M]
              Mueller H. S. et al., J. Mol. Struct. 742, 215 (2005). [http://adsabs.harvard.edu/abs/2005JMoSt.742..215M]
 Much of the ionic emission data is from version 7.0 of CHIANTI. CHIANTI is a collaborative project involving the NRL (USA), the
      Universities of Florence (Italy) and Cambridge (UK), and George Mason University (USA). These papers describe Chianti:
        Dere K. P., et al., A&AS, 125, 149 (1997) [http://adsabs.harvard.edu/abs/1997A%26AS..125..149D]
        Landi E., et al., ApJ, 744, 99 (2012) [http://adsabs.harvard.edu/abs/2012ApJ...744...99L]
 Much of the H_2 data is from this web site: http://molat.obspm.fr/index.php?page=pages/Molecules/H2/H2can94.php. These data are
      described in:
        Abgrall H. et al., Can. J. Phys., 72, 856 (1994) [http://adsabs.harvard.edu/abs/1994CaJPh..72..856A]
        Wrathmall S. A. & Flower D. R., J. Phys. B, 40, 3221 (2007) [http://adsabs.harvard.edu/abs/2007JPhB...40.3221W]
 Please cite those papers that played a significant role in this calculation.

 IONIZE PARMET:  U(1-) -9.4768  U(4-):-11.5368  U(sp): -9.48  Q(ion):   10.324  L(ion) -0.060    Q(low): 13.476    L(low)  1.760
 ENERGY BUDGET:  Heat:  -0.355  Coolg:  -0.355  Error:  0.1%  Rec Lin:  -2.316  F-F  H  0.000    P(rad/tot)max     1.55E-08

     Col(Heff):      0.000E+00  snd travl time  1.01E+02 sec  Te-low: 3.99E+03  Te-hi: 4.42E+03  G0TH85: 2.32E+04  G0DB96:2.54E+04
  Emiss Measure    n(e)n(p) dl       1.297E+23  n(e)n(He+)dl         1.830E+20  En(e)n(He++) dl         4.871E+14  ne nC+:5.96E+20
 He/Ha:1.84E-03  =   0.02*true  Lthin:1.31E+02  itr/zn: 9.62  H2 itr/zn:  0.00  File Opacity: F  MassTot 1.21e-06  (gm/cm^2)
   Temps(21 cm)   T(21cm/Ly a)  3.95E+03        T(<nH/Tkin>)  4.17E+03          T(<nH/Tspin>)    4.18E+03          TB21cm:1.97E-02
                   N(H0/Tspin)  1.27E+14        N(OH/Tkin)    9.58E+06          B(21cm)          0.00E+00
   <a>:6.79E-05  erdeFe0.0E+00  Tcompt7.28E+02  Tthr2.01E+06  <Tden>: 4.17E+03  <dens>:2.27E-14  <MolWgt>1.25E+00
     Mean Jeans  l(cm)2.39E+16  M(sun)8.20E+01  smallest:     len(cm):2.34E+16  M(sun):7.68E+01  a_ox tran:  0.00
 Rion:1.000E+30  Dist:0.00E+00  Diam:0.000E+00
 Hatom level 70  HatomType: add  HInducImp  F  He tot level: 63  He2 level:   70  ExecTime   223.9
 ConvrgError(%)  <eden>  0.104  MaxEden  0.795  <H-C>   0.09  Max(H-C)    0.46  <Press>   0.000  MaxPrs er  0.000
  Continuity(%)  chng Te   0.4  elec den   5.1  n(H2)    0.0  n(CO)        4.2

                                                        Averaged Quantities
             Te      Te(Ne)   Te(NeNp)  Te(NeHe+)Te(NeHe2+) Te(NeO+)  Te(NeO2+)  Te(H2)     N(H)     Ne(O2+)   Ne(Np)
 Radius:  4.17e+03  4.20e+03  4.23e+03  4.20e+03  4.18e+03  4.23e+03  4.24e+03  4.14e+03  1.00e+10  5.31e+07  5.22e+07

 Contin Optical Depths: COMP: 1.70e-09    H-: 4.03e-07 R(1300): 3.56e-06  H2+: 4.44e-09  Pfa:1.71E-09
                          Pa: 1.71e-09    Ba: 3.67e-07      Hb: 2.85e-07   La: 7.73e-03     1r:3.357E+00  1.8:1.00E+00 4.:1.459E-01

 Old, new H  1 continuum optical depths:
     1 3.38e+00     2 2.06e-07     3 4.05e-07     4 4.05e-07     5 4.05e-07     6 1.01e-07     7 1.01e-07     8 1.01e-07
     9 1.01e-07    10 1.89e-12    11 1.89e-12    12 1.89e-12    13 1.89e-12    14 1.89e-12    15 4.19e-12    16 4.19e-12
    17 4.19e-12    18 4.19e-12    19 4.19e-12    20 4.19e-12    21 8.08e-12    22 8.08e-12    23 8.08e-12    24 8.08e-12
    25 8.08e-12    26 8.08e-12    27 8.08e-12    28 1.40e-11    29 1.40e-11    30 1.40e-11    31 1.40e-11    32 1.40e-11
    33 1.40e-11    34 1.40e-11    35 1.40e-11    36 2.29e-11    37 2.29e-11    38 2.29e-11    39 2.29e-11    40 2.29e-11
    41 2.29e-11    42 2.29e-11    43 2.29e-11    44 2.29e-11    45 3.54e-11    46 3.54e-11    47 3.54e-11    48 3.54e-11
    49 3.54e-11    50 3.54e-11    51 3.54e-11    52 3.54e-11    53 3.54e-11    54 3.54e-11
     1 3.36e+00     2 2.06e-07     3 4.04e-07     4 4.04e-07     5 4.04e-07     6 1.01e-07     7 1.01e-07     8 1.01e-07
     9 1.01e-07    10 1.89e-12    11 1.89e-12    12 1.89e-12    13 1.89e-12    14 1.89e-12    15 4.18e-12    16 4.18e-12
    17 4.18e-12    18 4.18e-12    19 4.18e-12    20 4.18e-12    21 8.05e-12    22 8.05e-12    23 8.05e-12    24 8.05e-12
    25 8.05e-12    26 8.05e-12    27 8.05e-12    28 1.40e-11    29 1.40e-11    30 1.40e-11    31 1.40e-11    32 1.40e-11
    33 1.40e-11    34 1.40e-11    35 1.40e-11    36 2.28e-11    37 2.28e-11    38 2.28e-11    39 2.28e-11    40 2.28e-11
    41 2.28e-11    42 2.28e-11    43 2.28e-11    44 2.28e-11    45 3.53e-11    46 3.53e-11    47 3.53e-11    48 3.53e-11
    49 3.53e-11    50 3.53e-11    51 3.53e-11    52 3.53e-11    53 3.53e-11    54 3.53e-11

 Old, new H  1 mean line optical depths:
  2- 1 8.64e+04  3- 2 7.03e-06  4- 3 1.90e-09  5- 4 1.34e-09  6- 5 9.51e-10  7- 6 2.59e-10  8- 7 5.49e-10
  9- 8 2.39e-10 10- 9 1.96e-10
  2- 1 8.59e+04  3- 2 7.05e-06  4- 3 1.90e-09  5- 4 1.34e-09  6- 5 9.48e-10  7- 6 2.59e-10  8- 7 5.49e-10
  9- 8 2.39e-10 10- 9 1.96e-10

 Old, new He 2 continuum optical depths:
     1 1.47e-01     2 3.34e+00     3 1.40e-07     4 1.40e-07     5 1.40e-07     6 2.06e-07     7 2.06e-07     8 2.06e-07
     9 2.06e-07    10 3.29e-07    11 3.29e-07    12 3.29e-07    13 3.29e-07    14 3.29e-07    15 4.05e-07    16 4.05e-07
    17 4.05e-07    18 4.05e-07    19 4.05e-07    20 4.05e-07    21 3.42e-07    22 3.42e-07    23 3.42e-07    24 3.42e-07
    25 3.42e-07    26 3.42e-07    27 3.42e-07    28 1.01e-07    29 1.01e-07    30 1.01e-07    31 1.01e-07    32 1.01e-07
    33 1.01e-07    34 1.01e-07    35 1.01e-07    36 1.16e-12    37 1.16e-12    38 1.16e-12    39 1.16e-12    40 1.16e-12
    41 1.16e-12    42 1.16e-12    43 1.16e-12    44 1.16e-12    45 1.89e-12    46 1.89e-12    47 1.89e-12    48 1.89e-12
    49 1.89e-12    50 1.89e-12    51 1.89e-12    52 1.89e-12    53 1.89e-12    54 1.89e-12
     1 1.46e-01     2 3.32e+00     3 1.39e-07     4 1.39e-07     5 1.39e-07     6 2.06e-07     7 2.06e-07     8 2.06e-07
     9 2.06e-07    10 3.28e-07    11 3.28e-07    12 3.28e-07    13 3.28e-07    14 3.28e-07    15 4.04e-07    16 4.04e-07
    17 4.04e-07    18 4.04e-07    19 4.04e-07    20 4.04e-07    21 3.41e-07    22 3.41e-07    23 3.41e-07    24 3.41e-07
    25 3.41e-07    26 3.41e-07    27 3.41e-07    28 1.01e-07    29 1.01e-07    30 1.01e-07    31 1.01e-07    32 1.01e-07
    33 1.01e-07    34 1.01e-07    35 1.01e-07    36 1.16e-12    37 1.16e-12    38 1.16e-12    39 1.16e-12    40 1.16e-12
    41 1.16e-12    42 1.16e-12    43 1.16e-12    44 1.16e-12    45 1.89e-12    46 1.89e-12    47 1.89e-12    48 1.89e-12
    49 1.89e-12    50 1.89e-12    51 1.89e-12    52 1.89e-12    53 1.89e-12    54 1.89e-12

 Old, new He 2 mean line optical depths:
  2- 1 3.13e-01  3- 2 9.34e-14  4- 3 9.58e-18  5- 4 3.32e-18  6- 5 4.63e-18  7- 6 1.99e-17  8- 7 3.15e-17
  9- 8 1.04e-17 10- 9 4.71e-20
  2- 1 3.11e-01  3- 2 8.29e-14  4- 3 8.46e-18  5- 4 3.11e-18  6- 5 4.41e-18  7- 6 1.94e-17  8- 7 3.10e-17
  9- 8 1.00e-17 10- 9 4.72e-20

 Old He Is optical depths:    1 1.01e+00    2 1.37e-07    3 1.70e-07    4 1.92e-07    5 1.92e-07
 New He Is optical depths:    1 1.00e+00    2 1.37e-07    3 1.70e-07    4 1.91e-07    5 1.91e-07
          Old He Is Lines:  584 4.69e+03 3889 2.21e-05 5016 6.09e-07 5876 4.75e-11
          New He Is Lines:  584 4.66e+03 3889 2.20e-05 5016 6.07e-07 5876 4.74e-11

==== H      compounds ====           Log10 column densities [cm^-2}
   H2        : 13.539   H2*       : 11.608   H2+       :  8.802   H3+       :  5.844
==== He     compounds ====
   HeH+      :  7.833
==== Li     compounds ====
   LiH       :  0.351   LiH+      : -1.172
==== C      compounds ====
   CH        :  9.530   CH+       :  7.813   CH2       :  6.043   CH2+      :  4.282   CH3       :  1.702   CH3+      :  0.703   CH4       : -2.090   CH4+      : -3.924
   CH5+      : -9.385   C2        :  6.662   C2+       :  5.572   C2H       :  3.664   C2H+      :  2.300   C2H2      : -2.490   C2H2+     : -1.421   C2H3+     : -6.180
   C3        : -2.409   C3+       : -0.195   C3H       : -4.845   C3H+      : -3.351
==== N      compounds ====
   NH        :  9.762   NH+       :  9.019   NH2       :  5.549   NH2+      :  5.509   NH3       :  2.437   NH3+      :  1.423   NH4+      : -5.048   CN        :  9.775
   CN+       :  5.332   HCN       :  7.052   HCN+      :  6.097   HNC       :  0.302   HCNH+     :  2.406   HC3N      :-35.930   N2        : 10.359   N2+       :  6.075
   N2H+      : -0.196
==== O      compounds ====
   OH        : 10.598   OH+       :  9.999   H2O       :  6.511   H2O+      :  6.311   H3O+      :  2.370   CO        : 11.768   CO+       :  6.136   HCO+      :  5.860
   H2CO      :-35.930   CH3OH     :-35.930   ^13CO     : 10.291   NO        :  7.574   NO+       :  6.193   HNO       :  3.045   HNO+      :  2.111   OCN       :  5.807
   OCN+      :  3.345   N2O       :  2.232   O2        :  6.705   O2+       :  7.437   NO2       :  3.072   NO2+      : -0.403
==== Ne     compounds ====
   NeH+      :  5.198
==== Si     compounds ====
   SiH       :  2.123   SiH2+     :  0.736   SiC2      :-35.930   SiN       : -0.821   SiN+      :  5.901   SiO       :  6.885   SiO+      :  6.573   SiOH+     :  2.564
==== S      compounds ====
   HS        :  8.855   HS+       :  7.382   CS        :  5.388   CS+       :  5.362   HCS+      :  2.480   NS        :  5.356   NS+       :  5.316   SO        :  6.835
   SO+       :  6.189   OCS       :  0.867   OCS+      : -0.729   SO2       :-35.930   S2        :  0.891   S2+       : -0.379
==== Cl     compounds ====
   HCl       :  3.289   HCl+      :  7.508   H2Cl+     :  4.011   CCl       : -9.414   CCl+      : -0.625   H2CCl+    :-12.795   ClO       :-11.072   ClO+      :-14.812
==== Ar     compounds ====
   ArH+      :  8.954
==== Ti     compounds ====
   TiH       :-35.930   TiH+      :-35.930   TiH2      :-35.930   TiH2+     :-35.930   TiC       :-35.930   TiC+      :-35.930   HCTi      :-35.930   HCTi+     :-35.930
   TiC2      :-35.930   TiC2+     :-35.930   TiN       :-35.930   TiN+      :-35.930   HNTi      :-35.930   HNTi+     :-35.930   TiNC      :-35.930   TiNC+     :-35.930
   TiO       :-35.930   TiO+      :-35.930   TiOH+     :-35.930   TiO2      :-35.930   TiF+      :-35.930   TiS       :-35.930   TiS+      :-35.930   HTiS      :-35.930


               1      2      3      4      5      6      7      8      9     10     11     12     13     14     15     16     17

 Hydrogen   17.725 15.395 13.544 (H2)                Log10 Column density (cm^-2)
 Helium     16.657 12.589  7.034
 Lithium     6.461  6.489 -4.044-30.000
 Beryllium   7.094  5.582  1.487-30.000-30.000
 Boron       8.316  7.779  0.529-30.000-30.000-30.000
 Carbon     14.113 13.124  7.524-30.000-30.000-30.000-30.000
 Nitrogen   13.556 10.735  2.327-30.000-30.000-30.000-30.000-30.000
 Oxygen     14.415 11.977  3.783-30.000-30.000-30.000-30.000-30.000-30.000
 Fluorine   10.285  7.972  3.876-30.000-30.000-30.000-30.000-30.000-30.000-30.000
 Neon       13.656 11.099  6.952-30.000-30.000-30.000-30.000-30.000-30.000-30.000-30.000
 Sodium     10.898 11.929  7.594-30.000-30.000-30.000-30.000-30.000-30.000-30.000-30.000-30.000
 Magnesium  11.861 13.312  9.202-30.000-30.000-30.000-30.000-30.000-30.000-30.000-30.000-30.000-30.000
 Aluminium   8.896 12.177  7.235-30.000-30.000-30.000-30.000-30.000-30.000-30.000-30.000-30.000-30.000-30.000
 Silicon    12.325 13.181  7.242-30.000-30.000-30.000-30.000-30.000-30.000-30.000-30.000-30.000-30.000-30.000-30.000
 Phosphorus  8.484 11.136  6.039-30.000-30.000-30.000-30.000-30.000-30.000-30.000-30.000-30.000-30.000-30.000-30.000-30.000
 Sulphur    12.337 12.687  7.939-30.000-30.000-30.000-30.000-30.000-30.000-30.000-30.000-30.000-30.000-30.000-30.000-30.000-30.000
 Chlorine    9.496 11.218  6.913-30.000-30.000-30.000-30.000-30.000-30.000-30.000-30.000-30.000-30.000-30.000-30.000-30.000-30.000
-30.000
 Argon      12.126  9.371  5.222-30.000-30.000-30.000-30.000-30.000-30.000-30.000-30.000-30.000-30.000-30.000-30.000-30.000-30.000
-30.000-30.000
 Potassium  10.148 10.633  6.150-30.000-30.000-30.000-30.000-30.000-30.000-30.000-30.000-30.000-30.000-30.000-30.000-30.000-30.000
-30.000-30.000-30.000
 Calcium    11.990 11.280  8.433-30.000-30.000-30.000-30.000-30.000-30.000-30.000-30.000-30.000-30.000-30.000-30.000-30.000-30.000
-30.000-30.000-30.000-30.000
 Scandium    8.794  8.110  5.401-30.000-30.000-30.000-30.000-30.000-30.000-30.000-30.000-30.000-30.000-30.000-30.000-30.000-30.000
-30.000-30.000-30.000-30.000-30.000
 Titanium    7.047 10.677  7.185 -5.469-30.000-30.000-30.000-30.000-30.000-30.000-30.000-30.000-30.000-30.000-30.000-30.000-30.000
-30.000-30.000-30.000-30.000-30.000-30.000
 Vanadium    9.634  8.366  5.264-30.000-30.000-30.000-30.000-30.000-30.000-30.000-30.000-30.000-30.000-30.000-30.000-30.000-30.000
-30.000-30.000-30.000-30.000-30.000-30.000-30.000
 Chromium   11.232 10.796  5.890-30.000-30.000-30.000-30.000-30.000-30.000-30.000-30.000-30.000-30.000-30.000-30.000-30.000-30.000
-30.000-30.000-30.000-30.000-30.000-30.000-30.000-30.000
 Manganese   7.551 11.157  6.620-30.000-30.000-30.000-30.000-30.000-30.000-30.000-30.000-30.000-30.000-30.000-30.000-30.000-30.000
-30.000-30.000-30.000-30.000-30.000-30.000-30.000-30.000-30.000
 Iron        9.373 13.227  8.058-30.000-30.000-30.000-30.000-30.000-30.000-30.000-30.000-30.000-30.000-30.000-30.000-30.000-30.000
-30.000-30.000-30.000-30.000-30.000-30.000-30.000-30.000-30.000-30.000
 Cobalt     10.708  9.043  1.436-30.000-30.000-30.000-30.000-30.000-30.000-30.000-30.000-30.000-30.000-30.000-30.000-30.000-30.000
-30.000-30.000-30.000-30.000-30.000-30.000-30.000-30.000-30.000-30.000-30.000
 Nickel      8.524 11.947  4.105-30.000-30.000-30.000-30.000-30.000-30.000-30.000-30.000-30.000-30.000-30.000-30.000-30.000-30.000
-30.000-30.000-30.000-30.000-30.000-30.000-30.000-30.000-30.000-30.000-30.000-30.000
 Copper      9.879  8.845  3.940-30.000-30.000-30.000-30.000-30.000-30.000-30.000-30.000-30.000-30.000-30.000-30.000-30.000-30.000
-30.000-30.000-30.000-30.000-30.000-30.000-30.000-30.000-30.000-30.000-30.000-30.000-30.000
 Zinc       10.280  8.501  4.930-30.000-30.000-30.000-30.000-30.000-30.000-30.000-30.000-30.000-30.000-30.000-30.000-30.000-30.000
-30.000-30.000-30.000-30.000-30.000-30.000-30.000-30.000-30.000-30.000-30.000-30.000-30.000-30.000
 Exc state    He1*  8.138   CII* 12.945   C11* 13.163   C12* 13.637   C13* 13.855   O11* 14.171   O12* 13.925   O13* 13.438
              Si2* 12.990   C30* -1.095   C31* -1.460   C32* -0.310


 Hydrogen   -0.002 -2.332 -3.882 (H2)                 Log10 Mean Ionisation (over radius)
 Helium     -0.000 -4.068 -9.623
 Lithium    -0.315 -0.288-10.820
 Beryllium  -0.013 -1.525 -5.620
 Boron      -0.111 -0.648 -7.898
 Carbon     -0.044 -1.033 -6.633
 Nitrogen   -0.001 -2.822-11.230
 Oxygen     -0.003 -2.440-10.634
 Fluorine   -0.002 -2.315 -6.411
 Neon       -0.001 -2.558 -6.705
 Sodium     -1.070 -0.039 -4.374
 Magnesium  -1.466 -0.015 -4.125
 Aluminium  -3.281 -0.000 -4.942
 Silicon    -0.913 -0.057 -5.995
 Phosphorus -2.653 -0.001 -5.098
 Sulphur    -0.511 -0.160 -4.908
 Chlorine   -1.731 -0.008 -4.313
 Argon      -0.001 -2.755 -6.904
 Potassium  -0.608 -0.123 -4.606
 Calcium    -0.077 -0.787 -3.634
 Scandium   -0.082 -0.766 -3.475
 Titanium   -3.630 -0.000 -3.492-16.146
 Vanadium   -0.023 -1.291 -4.393
 Chromium   -0.136 -0.571 -5.478
 Manganese  -3.605 -0.000 -4.537
 Iron       -3.854 -0.000 -5.168
 Cobalt     -0.009 -1.674 -9.281
 Nickel     -3.423 -0.000 -7.842
 Copper     -0.038 -1.073 -5.978
 Zinc       -0.007 -1.786 -5.357

               1      2      3      4      5      6      7      8      9     10     11     12     13     14     15     16     17

 Hydrogen   -0.002 -2.295 -3.914 (H2)         Log10 Mean Ionisation (over radius*electron density)
 Helium     -0.000 -4.076 -9.650
 Lithium    -0.316 -0.286-10.820
 Beryllium  -0.012 -1.562 -5.645
 Boron      -0.102 -0.678 -7.909
 Carbon     -0.041 -1.062 -6.644
 Nitrogen   -0.001 -2.777-11.174
 Oxygen     -0.003 -2.403-10.590
 Fluorine   -0.002 -2.323 -6.439
 Neon       -0.001 -2.579 -6.744
 Sodium     -1.068 -0.039 -4.393
 Magnesium  -1.455 -0.016 -4.085
 Aluminium  -3.281 -0.000 -4.952
 Silicon    -0.879 -0.062 -5.942
 Phosphorus -2.654 -0.001 -5.086
 Sulphur    -0.473 -0.178 -4.883
 Chlorine   -1.791 -0.007 -4.316
 Argon      -0.001 -2.686 -6.839
 Potassium  -0.616 -0.121 -4.617
 Calcium    -0.071 -0.822 -3.690
 Scandium   -0.075 -0.798 -3.494
 Titanium   -3.627 -0.000 -3.480-15.980
 Vanadium   -0.021 -1.322 -4.399
 Chromium   -0.126 -0.600 -5.441
 Manganese  -3.604 -0.000 -4.484
 Iron       -3.852 -0.000 -5.111
 Cobalt     -0.009 -1.708 -9.277
 Nickel     -3.423 -0.000 -7.815
 Copper     -0.035 -1.106 -5.997
 Zinc       -0.007 -1.821 -5.398

               1      2      3      4      5      6      7      8      9     10     11     12     13     14     15     16     17

 Hydrogen    3.620  3.624  3.617 (H2)                  Log10 Mean Temperature (over radius)
 Helium      3.620  3.620  3.618
 Lithium     3.620  3.620  3.620
 Beryllium   3.620  3.617  3.618
 Boron       3.621  3.618  3.619
 Carbon      3.621  3.618  3.619
 Nitrogen    3.620  3.625  3.626
 Oxygen      3.620  3.624  3.625
 Fluorine    3.620  3.620  3.618
 Neon        3.620  3.618  3.617
 Sodium      3.620  3.620  3.619
 Magnesium   3.621  3.620  3.624
 Aluminium   3.620  3.620  3.619
 Silicon     3.623  3.620  3.626
 Phosphorus  3.620  3.620  3.621
 Sulphur     3.624  3.619  3.623
 Chlorine    3.615  3.620  3.620
 Argon       3.620  3.627  3.627
 Potassium   3.620  3.620  3.619
 Calcium     3.621  3.617  3.615
 Scandium    3.621  3.617  3.619
 Titanium    3.620  3.620  3.621  3.646
 Vanadium    3.620  3.618  3.620
 Chromium    3.621  3.618  3.624
 Manganese   3.620  3.620  3.625
 Iron        3.620  3.620  3.626
 Cobalt      3.620  3.617  3.621
 Nickel      3.620  3.620  3.623
 Copper      3.621  3.617  3.619
 Zinc        3.620  3.617  3.617

               1      2      3      4      5      6      7      8      9     10     11     12     13     14     15     16     17

 Hydrogen    3.624  3.627  3.621 (H2)          Log10 Mean Temperature (over radius*electron density)
 Helium      3.624  3.623  3.621
 Lithium     3.623  3.624  3.624
 Beryllium   3.624  3.620  3.622
 Boron       3.624  3.621  3.623
 Carbon      3.624  3.621  3.623
 Nitrogen    3.624  3.627  3.628
 Oxygen      3.624  3.627  3.627
 Fluorine    3.624  3.623  3.621
 Neon        3.624  3.622  3.620
 Sodium      3.624  3.624  3.622
 Magnesium   3.625  3.624  3.627
 Aluminium   3.624  3.624  3.623
 Silicon     3.626  3.623  3.628
 Phosphorus  3.623  3.624  3.625
 Sulphur     3.627  3.622  3.626
 Chlorine    3.618  3.624  3.623
 Argon       3.624  3.630  3.630
 Potassium   3.623  3.624  3.623
 Calcium     3.624  3.621  3.619
 Scandium    3.624  3.621  3.622
 Titanium    3.624  3.624  3.625  3.646
 Vanadium    3.624  3.621  3.623
 Chromium    3.624  3.621  3.627
 Manganese   3.624  3.624  3.628
 Iron        3.624  3.624  3.629
 Cobalt      3.624  3.621  3.624
 Nickel      3.624  3.624  3.626
 Copper      3.624  3.621  3.622
 Zinc        3.624  3.621  3.620

               1      2      3      4      5      6      7      8      9     10     11     12     13     14     15     16     17
                                                                          

---------------Convergence statistics---------------
      1.24 mean iterations/state convergence
      2.96 mean cx acceleration loops/iteration
      1.03 mean iso convergence loops/ion solve
      1.04 mean steps/chemistry solve
      1.09 mean step length searches/chemistry step
----------------------------------------------------

 Cloudy ends: 80 zones, 3 iterations, 1 caution.  ExecTime(s) 223.96
 [Stop in cdMain at ../maincl.cpp:483, Cloudy exited OK]
 ************************************************** GRID_DELIMIT -- grid000000049
