                                                          Cloudy 13.03
                                                         www.nublado.org

                       **************************************13Feb20**************************************
                       *                                                                                 *
                       * c                                                                               *
                       * phi(h) 13.000000 LOG range -0.000232 6.866524                                   *
                       * grid from 8 to 23 in 1 dex steps                                                *
                       * HDEN=9.000000 LOG                                                               *
                       * grid from 0 to 12 in 1 dex steps                                                *
                       * set pres ionize 1e5                                                             *
                       * c                                                                               *
                       * c                                                                               *
                       * table star "inst_padova_agbtrack_z.mod" age 6.7                                 *
                       * c<< inst_padova_ model    3 read.       Age =    4010000.00                 >>> *
                       * c<< inst_padova_ model    4 read.       Age =    6010000.00                 >>> *
                       * c<< FINAL:     Age =    5011872.34                                          >>> *
                       * c                                                                               *
                       * c                                                                               *
                       * abundances GASS10                                                               *
                       * c                                                                               *
                       * c                                                                               *
                       * iterate to convergence max = 7                                                  *
                       * stop column density = 23                                                        *
                       * c                                                                               *
                       * c                                                                               *
                       * print last                                                                      *
                       * set save prefix "padova_inst_5"                                                 *
                       * save grid ".grd" last no hash                                                   *
                       * save linelist "emissionlines_abs.txt" "LineList_HII.dat" absolute last no hash    *
                       *                                                                                 *
                       ***********************************************************************************



 NOTE Setcon: continuum has zero intensity starting at  1.0074e+01 Ryd.
     1 cells in the incident continuum have zero intensity.  Problems???

           !The plasma frequency is 9.45e-08 Ryd.  The incident continuum is set to 0 below this.
           4147CellPeak1.00E+00   Lo 1.00e-08=910.79cm   Hi-Con:1.01E+01 Ryd   E(hi):7.35E+06Ryd     E(hi):     100.01 MeV
           I(nu>1ryd):   2.4823   Average nu:1.393E+00   I( X-ray):   0.0000   I(BalC):   3.6874     Phi(BalmrC):  14.6137
           phi(1.0-1.8):12.9530   phi(1.8-4.0): 11.973   phi(4.0-20): 10.940   phi(20--):  0.000     Ion pht flx:1.000E+13
           I(gam ray):   0.0000   phi(gam r):   0.0000   I(Infred):   2.9097   Alf(ox):   0.0000     Total inten:   3.7770
           U(1.0----):3.336E-07   U(4.0----):2.905E-09   T(En-Den):7.167E+01   T(Comp):2.398E+04     nuJnu(912A):1.635E+03
           Occ(FarIR):0.000E+00   Occ(H n=6):1.363E-09   Occ(1Ryd):7.517E-14   Occ(4R):3.003E-18     Occ (Nu-hi):0.000E+00
           Tbr(FarIR):0.000E+00   Tbr(H n=6):5.975E-06   Tbr(1Ryd):1.188E-08   Tbr(4R):1.898E-12     Tbr (Nu-hi):0.000E+00
  
                                                  Gas Phase Chemical Composition
        H :  0.0000  He: -1.0701  Li:-10.9508  Be:-10.6198  B : -9.3002  C : -3.5702  N : -4.1701  O : -3.3098  F : -7.4401
        Ne: -4.0701  Na: -5.7595  Mg: -4.4001  Al: -5.5498  Si: -4.4895  P : -6.5901  S : -4.8794  Cl: -6.5003  Ar: -5.6003
        K : -6.9706  Ca: -5.6596  Sc: -8.8508  Ti: -7.0501  V : -8.0701  Cr: -6.3595  Mn: -6.5702  Fe: -4.5003  Co: -7.0101
                                               Ni: -5.7799  Cu: -7.8097  Zn: -7.4401
 
 ####  1  Te:6.660E+03 Hden:1.000E+09 Ne:2.323E+08 R:1.000E+30 R-R0:1.393E+05 dR:2.786E+05 NTR: 37 Htot:1.155E-07 T912: 1.36e-03###
 Hydrogen      7.71e-01 2.29e-01 H+o/Hden 1.00e+00 4.76e-08 H-    H2 4.78e-09 5.25e-09 H2+ HeH+ 6.28e-09 Ho+ ColD 2.15e+14 6.37e+13
 Helium        9.71e-01 2.89e-02 3.49e-06 HeI 2s3S 4.35e-07 Comp H,C 1.50e-17 4.15e-18 Fill Fac 1.00e+00 Gam1/tot 1.00e+00
 He singlet n  9.71e-01 9.39e-09 9.87e-15 2.14e-15 4.94e-15 2.65e-15 He tripl 4.35e-07 1.28e-12 5.13e-15 2.82e-14 7.33e-15
 Pressure      NgasTgas 8.78e+12 P(total) 1.21e-03 P( gas ) 1.21e-03 P(Radtn) 0.00e+00 Rad accl 9.16e-02 ForceMul 6.76e+06
 Texc(La)      4.11e+03 T(I con) 7.17e+01 T(D con) 4.32e+00 T(U tot) 7.17e+01 nT (c+d) 1.84e+07 Prad/Gas 0.00e+00 Pmag/Gas 0.00e+00
 Molecules     CH/Ctot: 1.50e-08 CH+/Ctot 1.97e-09 CO/Ctot: 7.08e-09 CO+/Ctot 3.89e-12 H2O/Otot 1.97e-16 OH/Ototl 5.90e-08
 Lithium       6.39e-02 9.36e-01 2.57e-08 0.00e+00 Berylliu 6.55e-01 3.43e-01 1.98e-03 0.00e+00 0.00e+00 sec ion: 1.32e-10
 Boron         1.02e-01 8.98e-01 8.11e-05 0.00e+00 0.00e+00 0.00e+00
 Carbon        1.54e-01 8.45e-01 1.01e-03 0.00e+00 0.00e+00 0.00e+00 0.00e+00 H2O+/O   3.43e-17 OH+/Otot 1.96e-08 Hex(tot) 0.00e+00
 Nitrogen      7.83e-01 2.17e-01 1.29e-06 0.00e+00 0.00e+00 0.00e+00 0.00e+00 0.00e+00 O2/Ototl 4.45e-12 O2+/Otot 1.85e-12
 Oxygen        8.09e-01 1.91e-01 1.40e-06 0.00e+00 0.00e+00 0.00e+00 0.00e+00 0.00e+00 0.00e+00
 Fluorine      7.72e-01 2.27e-01 6.77e-04 0.00e+00 0.00e+00 0.00e+00 0.00e+00 0.00e+00 0.00e+00 0.00e+00
 Neon          8.69e-01 1.30e-01 4.25e-04 0.00e+00 0.00e+00 0.00e+00 0.00e+00 0.00e+00 0.00e+00 0.00e+00 0.00e+00
 Sodium        1.77e-02 9.80e-01 2.22e-03 0.00e+00 0.00e+00 0.00e+00 0.00e+00 0.00e+00 0.00e+00 0.00e+00 0.00e+00 0.00e+00
 Magnesium     2.08e-02 9.73e-01 6.26e-03 0.00e+00 0.00e+00 0.00e+00 0.00e+00 0.00e+00 0.00e+00 0.00e+00 0.00e+00 0.00e+00 0.00e+00
 Aluminium  0  3.65e-04 9.99e-01 5.12e-04 3.81e-05 0.00e+00 0.00e+00 0.00e+00 0.00e+00 0.00e+00 0.00e+00 0.00e+00 0.00e+00 0.00e+00
 Silicon    0  1.17e-02 9.87e-01 1.03e-03 0.00e+00 0.00e+00 0.00e+00 0.00e+00 0.00e+00 0.00e+00 0.00e+00 0.00e+00 0.00e+00 0.00e+00
 Phosphorus 0  1.45e-03 9.97e-01 1.31e-03 0.00e+00 0.00e+00 0.00e+00 0.00e+00 0.00e+00 0.00e+00 0.00e+00 0.00e+00 0.00e+00 0.00e+00
 Sulphur    0  5.36e-02 9.43e-01 3.82e-03 0.00e+00 0.00e+00 0.00e+00 0.00e+00 0.00e+00 0.00e+00 0.00e+00 0.00e+00 0.00e+00 0.00e+00
 Chlorine   0  1.58e-03 9.96e-01 2.68e-03 0.00e+00 0.00e+00 0.00e+00 0.00e+00 0.00e+00 0.00e+00 0.00e+00 0.00e+00 0.00e+00 0.00e+00
 Argon      0  4.81e-01 5.07e-01 1.23e-02 0.00e+00 0.00e+00 0.00e+00 0.00e+00 0.00e+00 0.00e+00 0.00e+00 0.00e+00 0.00e+00 0.00e+00
 Potassium  0  4.16e-03 9.94e-01 1.52e-03 0.00e+00 0.00e+00 0.00e+00 0.00e+00 0.00e+00 0.00e+00 0.00e+00 0.00e+00 0.00e+00 0.00e+00
 Calcium    0  6.63e-02 9.04e-01 2.98e-02 0.00e+00 0.00e+00 0.00e+00 0.00e+00 0.00e+00 0.00e+00 0.00e+00 0.00e+00 0.00e+00 0.00e+00
 Scandium   0  4.97e-02 8.74e-01 7.65e-02 1.11e-04 0.00e+00 0.00e+00 0.00e+00 0.00e+00 0.00e+00 0.00e+00 0.00e+00 0.00e+00 0.00e+00
 Titanium   0  1.02e-04 9.82e-01 1.83e-02 3.69e-07 0.00e+00 0.00e+00 0.00e+00 0.00e+00 0.00e+00 0.00e+00 0.00e+00 0.00e+00 0.00e+00
 Vanadium   0  1.54e-01 8.02e-01 4.46e-02 8.05e-08 0.00e+00 0.00e+00 0.00e+00 0.00e+00 0.00e+00 0.00e+00 0.00e+00 0.00e+00 0.00e+00
 Chromium   0  5.32e-02 9.32e-01 1.52e-02 1.71e-08 0.00e+00 0.00e+00 0.00e+00 0.00e+00 0.00e+00 0.00e+00 0.00e+00 0.00e+00 0.00e+00
 Manganese  0  1.11e-04 9.86e-01 1.43e-02 1.22e-08 0.00e+00 0.00e+00 0.00e+00 0.00e+00 0.00e+00 0.00e+00 0.00e+00 0.00e+00 0.00e+00
 Iron       0  6.52e-05 9.94e-01 5.59e-03 2.66e-08 0.00e+00 0.00e+00 0.00e+00 0.00e+00 0.00e+00 0.00e+00 0.00e+00 0.00e+00 0.00e+00
 Cobalt     0  5.00e-01 5.00e-01 2.29e-05 5.97e-09 0.00e+00 0.00e+00 0.00e+00 0.00e+00 0.00e+00 0.00e+00 0.00e+00 0.00e+00 0.00e+00
 Nickel     0  2.11e-04 1.00e+00 2.08e-05 0.00e+00 0.00e+00 0.00e+00 0.00e+00 0.00e+00 0.00e+00 0.00e+00 0.00e+00 0.00e+00 0.00e+00
 Copper     0  2.29e-01 7.67e-01 3.85e-03 0.00e+00 0.00e+00 0.00e+00 0.00e+00 0.00e+00 0.00e+00 0.00e+00 0.00e+00 0.00e+00 0.00e+00
 Zinc       0  6.24e-01 3.70e-01 6.33e-03 9.06e-06 0.00e+00 0.00e+00 0.00e+00 0.00e+00 0.00e+00 0.00e+00 0.00e+00 0.00e+00 0.00e+00
 ####136  Te:3.995E+03 Hden:1.000E+09 Ne:1.558E+06 R:1.000E+30 R-R0:2.033E+10 dR:7.374E+08 NTR: 20 Htot:7.209E-11 T912: 1.29e+02###
 Hydrogen      9.99e-01 1.10e-03 H+o/Hden 1.00e+00 4.62e-09 H-    H2 1.24e-05 2.42e-10 H2+ HeH+ 5.81e-10 Ho+ ColD 2.04e+19 2.58e+17
 Helium        9.99e-01 6.81e-04 1.80e-07 HeI 2s3S 1.78e-08 Comp H,C 8.70e-20 1.60e-20 Fill Fac 1.00e+00 Gam1/tot 6.65e-01
 He singlet n  9.99e-01 8.79e-12 3.95e-17 3.84e-19 1.86e-18 7.22e-19 He tripl 1.78e-08 1.43e-16 7.23e-19 6.76e-18 2.00e-18
 Pressure      NgasTgas 4.35e+12 P(total) 6.00e-04 P( gas ) 6.00e-04 P(Radtn) 1.73e-11 Rad accl 1.74e-05 ForceMul 2.00e+05
 Texc(La)      4.48e+03 T(I con) 7.07e+01 T(D con) 2.28e+01 T(U tot) 7.09e+01 nT (c+d) 2.26e+07 Prad/Gas 2.88e-08 Pmag/Gas 0.00e+00
 Molecules     CH/Ctot: 1.77e-08 CH+/Ctot 5.38e-07 CO/Ctot: 8.88e-05 CO+/Ctot 2.14e-08 H2O/Otot 6.74e-10 OH/Ototl 3.18e-05
 Lithium       2.80e-03 9.97e-01 6.98e-09 0.00e+00 Berylliu 1.13e-02 9.88e-01 2.87e-04 0.00e+00 0.00e+00 sec ion: 1.77e-10
 Boron         1.15e-03 9.99e-01 1.80e-07 0.00e+00 0.00e+00 0.00e+00
 Carbon        2.38e-03 9.98e-01 6.71e-06 0.00e+00 0.00e+00 0.00e+00 0.00e+00 H2O+/O   4.70e-10 OH+/Otot 5.63e-06 Hex(tot) 0.00e+00
 Nitrogen      9.99e-01 7.39e-04 1.03e-11 0.00e+00 0.00e+00 0.00e+00 0.00e+00 0.00e+00 O2/Ototl 4.97e-09 O2+/Otot 3.98e-08
 Oxygen        9.99e-01 8.56e-04 3.44e-11 0.00e+00 0.00e+00 0.00e+00 0.00e+00 0.00e+00 0.00e+00
 Fluorine      9.76e-01 2.37e-02 3.57e-05 0.00e+00 0.00e+00 0.00e+00 0.00e+00 0.00e+00 0.00e+00 0.00e+00
 Neon          9.64e-01 3.60e-02 9.10e-05 0.00e+00 0.00e+00 0.00e+00 0.00e+00 0.00e+00 0.00e+00 0.00e+00 0.00e+00
 Sodium        3.14e-02 9.65e-01 3.27e-03 0.00e+00 0.00e+00 0.00e+00 0.00e+00 0.00e+00 0.00e+00 0.00e+00 0.00e+00 0.00e+00
 Magnesium     3.49e-03 9.96e-01 6.19e-04 0.00e+00 0.00e+00 0.00e+00 0.00e+00 0.00e+00 0.00e+00 0.00e+00 0.00e+00 0.00e+00 0.00e+00
 Aluminium  0  2.80e-04 9.97e-01 1.66e-03 1.33e-03 0.00e+00 0.00e+00 0.00e+00 0.00e+00 0.00e+00 0.00e+00 0.00e+00 0.00e+00 0.00e+00
 Silicon    0  5.76e-04 9.99e-01 1.88e-07 0.00e+00 0.00e+00 0.00e+00 0.00e+00 0.00e+00 0.00e+00 0.00e+00 0.00e+00 0.00e+00 0.00e+00
 Phosphorus 0  1.01e-03 9.99e-01 3.69e-05 0.00e+00 0.00e+00 0.00e+00 0.00e+00 0.00e+00 0.00e+00 0.00e+00 0.00e+00 0.00e+00 0.00e+00
 Sulphur    0  6.99e-04 9.99e-01 1.93e-04 0.00e+00 0.00e+00 0.00e+00 0.00e+00 0.00e+00 0.00e+00 0.00e+00 0.00e+00 0.00e+00 0.00e+00
 Chlorine   0  5.73e-03 9.94e-01 6.06e-04 0.00e+00 0.00e+00 0.00e+00 0.00e+00 0.00e+00 0.00e+00 0.00e+00 0.00e+00 0.00e+00 0.00e+00
 Argon      0  9.99e-01 1.12e-03 6.48e-07 0.00e+00 0.00e+00 0.00e+00 0.00e+00 0.00e+00 0.00e+00 0.00e+00 0.00e+00 0.00e+00 0.00e+00
 Potassium  0  6.95e-03 9.92e-01 8.61e-04 0.00e+00 0.00e+00 0.00e+00 0.00e+00 0.00e+00 0.00e+00 0.00e+00 0.00e+00 0.00e+00 0.00e+00
 Calcium    0  3.95e-04 2.46e-01 7.53e-01 0.00e+00 0.00e+00 0.00e+00 0.00e+00 0.00e+00 0.00e+00 0.00e+00 0.00e+00 0.00e+00 0.00e+00
 Scandium   0  9.16e-04 5.85e-01 4.14e-01 6.32e-06 0.00e+00 0.00e+00 0.00e+00 0.00e+00 0.00e+00 0.00e+00 0.00e+00 0.00e+00 0.00e+00
 Titanium   0  2.50e-04 9.93e-01 7.15e-03 0.00e+00 0.00e+00 0.00e+00 0.00e+00 0.00e+00 0.00e+00 0.00e+00 0.00e+00 0.00e+00 0.00e+00
 Vanadium   0  6.96e-03 9.92e-01 1.35e-03 0.00e+00 0.00e+00 0.00e+00 0.00e+00 0.00e+00 0.00e+00 0.00e+00 0.00e+00 0.00e+00 0.00e+00
 Chromium   0  8.83e-04 9.99e-01 2.27e-06 0.00e+00 0.00e+00 0.00e+00 0.00e+00 0.00e+00 0.00e+00 0.00e+00 0.00e+00 0.00e+00 0.00e+00
 Manganese  0  2.98e-04 1.00e+00 5.33e-06 0.00e+00 0.00e+00 0.00e+00 0.00e+00 0.00e+00 0.00e+00 0.00e+00 0.00e+00 0.00e+00 0.00e+00
 Iron       0  1.45e-04 1.00e+00 1.14e-06 0.00e+00 0.00e+00 0.00e+00 0.00e+00 0.00e+00 0.00e+00 0.00e+00 0.00e+00 0.00e+00 0.00e+00
 Cobalt     0  1.83e-02 9.82e-01 6.01e-08 0.00e+00 0.00e+00 0.00e+00 0.00e+00 0.00e+00 0.00e+00 0.00e+00 0.00e+00 0.00e+00 0.00e+00
 Nickel     0  4.67e-04 1.00e+00 5.18e-08 0.00e+00 0.00e+00 0.00e+00 0.00e+00 0.00e+00 0.00e+00 0.00e+00 0.00e+00 0.00e+00 0.00e+00
 Copper     0  3.89e-03 9.96e-01 7.40e-05 0.00e+00 0.00e+00 0.00e+00 0.00e+00 0.00e+00 0.00e+00 0.00e+00 0.00e+00 0.00e+00 0.00e+00
 Zinc       0  2.35e-02 9.71e-01 5.98e-03 6.48e-06 0.00e+00 0.00e+00 0.00e+00 0.00e+00 0.00e+00 0.00e+00 0.00e+00 0.00e+00 0.00e+00
                                                                             
   Calculation stopped because lowest Te reached. Iteration 3 of 3
   The geometry is plane-parallel.
 C-Continuum zero at some energies.
  !The high electron density makes the Nussbaumer/Storey CNO recombination predictions unreliable.
  !Suprathermal collisional ionization of H reached 33.45% of the local H ionization rate.
  !Charge transfer ionization of H reached 112982.7% of the local H ionization rate.
  !Charge transfer heating reached 7.20% of the local heating.
  !The largest plasma frequency was 9.45e-08 Ryd = 9.64e+05 micron  The continuum is set to 0 below this.
  !AGE: Cloud age was not set.  Longest timescale was 1.17e+07 s = 4.46e+00 months.
  !Mutual neutralization production of H-alpha was significant.
  !The CMB was not included.  This is added with the CMB command.
   Continuum fluorescent production of H-beta was significant.
   H2 vib deexec heating reached 2.71% of the local heating.
   The density is too low to l-mix the lowest He I collapsed level.  More resolved levels are needed for accurate line ratios.
   The largest continuum occupation number was 4.421e+01 at 9.471e-08 Ryd.
   Grains were not present but might survive in this environment (energy density temperature was 7.17e+01K)
   Stimulated emission was   3.2% of the total for H transition 69 - 68
   The local H2 photodissociation heating rate reached 2.4% of the total heating.
   The continuum optical depth at the lowest energy considered (1.004e-08 Ryd) was 6.117e+03.

                       *********************************> Cloudy 13.03 <**********************************
                       * c                                                                               *
                       * phi(h) 13.000000 LOG range -0.000232 6.866524                                   *
                       * grid from 8 to 23 in 1 dex steps                                                *
                       * HDEN=9.000000 LOG                                                               *
                       * grid from 0 to 12 in 1 dex steps                                                *
                       * set pres ionize 1e5                                                             *
                       * c                                                                               *
                       * c                                                                               *
                       * table star "inst_padova_agbtrack_z.mod" age 6.7                                 *
                       * c                                                                               *
                       * c                                                                               *
                       * abundances GASS10                                                               *
                       * c                                                                               *
                       * c                                                                               *
                       * iterate to convergence max = 7                                                  *
                       * stop column density = 23                                                        *
                       * c                                                                               *
                       * c                                                                               *
                       * print last                                                                      *
                       * set save prefix "padova_inst_5"                                                 *
                       * save grid ".grd" last no hash                                                   *
                       * save linelist "emissionlines_abs.txt" "LineList_HII.dat" absolute last no hash    *
                       *********************************> Log(U): -6.48 <*********************************
                       >>>>>>>>>> Cautions are present.

                     Emission Line Spectrum.   Constant  Density Model.    Open geometry.  Iteration 3 of 3.
                                                     Intensity (erg/s/cm^2).


                                                   Intrinsic line intensities
 general properties..........      H  1 5.834m  -2.098   0.0017      Ca B  8863A  -0.954   0.0240      Mg 2  2796A   1.069   2.5263            
 TOTL  4861A   0.666   1.0000      H  1 7.383m  -1.872   0.0029      Ca B  8750A  -1.031   0.0201      Mg 2  2803A   0.778   1.2936            
 TOTL  1216A   2.239  37.4174      H  1 7.383m  -1.442   0.0078      Ca B  8665A  -1.101   0.0171      totl  2665A  -0.480   0.0714            
 Inci     0    3.7771290.6569      H  1 7.383m  -1.333   0.0100      Ca B  8598A  -1.166   0.0147      Al 2  2670A  -0.480   0.0714            
 TotH     0    1.903  17.2491      H  1 7.383m  -1.372   0.0091      Ca B  8545A  -1.229   0.0127      TOTL  1860A  -2.318   0.0010            
 TotC     0    1.903  17.2479      H  1 7.383m  -1.519   0.0065      Ca B  8502A  -1.292   0.0110      Si 1  2518A  -1.987   0.0022            
 BFH1     0    1.826  14.4626      H  1 7.383m  -1.760   0.0038      Ca B  8467A  -1.355   0.0095      Si 2 34.81m  -2.269   0.0012            
 BFHe     0    1.026   2.2879      H  1 7.383m  -2.102   0.0017      Ca B  8438A  -1.418   0.0082      TOTL  2335A  -0.407   0.0845            
 TotM     0   -0.154   0.1514      H  1 9.115m  -2.024   0.0020      Ca B  8413A  -1.480   0.0071      Si 2  2334A  -1.405   0.0085            
 CT H     0    0.184   0.3295      H  1 9.115m  -1.596   0.0055      Ca B  8392A  -1.541   0.0062      Si 2  2350A  -1.517   0.0066            
 H FB     0    0.828   1.4507      H  1 9.115m  -1.486   0.0070      Ca B  8374A  -1.600   0.0054      Si 2  2344A  -0.888   0.0279            
 HFBc     0    0.828   1.4507      H  1 9.115m  -1.521   0.0065      Ca B  8359A  -1.658   0.0047      Si 2  2336A  -0.719   0.0412            
 continua....................      H  1 9.115m  -1.655   0.0048      Ca B  8346A  -1.714   0.0042      Si 2  1814A  -0.911   0.0265            
 Bac   3646A   1.967  20.0102      H  1 9.115m  -1.868   0.0029      Ca B  8334A  -1.768   0.0037      Si 2  1531A  -0.906   0.0268            
 nFnu  3645A   1.980  20.5846      H  1 9.115m  -2.157   0.0015      Ca B 4.051m  -0.466   0.0737      Si 2  1308A  -0.805   0.0338            
 nFnu  3647A   0.425   0.5744      H  1 11.03m  -0.964   0.0234      Ca B 2.625m  -0.678   0.0453      Si 2  1263A  -0.351   0.0960            
 cout  3646A   1.666  10.0051      H  1 13.13m  -1.076   0.0181      Ca B 2.166m  -0.857   0.0299      P  2 1.640m  -1.977   0.0023            
 cref  3646A   1.666  10.0051      H  1 15.40m  -1.179   0.0143      Ca B 1.945m  -1.005   0.0213      P  2 1.189m  -2.262   0.0012            
 thin  3646A   1.967  20.0104      H  1 17.87m  -1.275   0.0115      Ca B 1.817m  -1.128   0.0160      S  2  6720A  -1.939   0.0025            
 Inci  4860A   2.909 174.9974      H  1 20.51m  -1.364   0.0093      Ca B 1.736m  -1.232   0.0126      S  2  4074A  -0.522   0.0649            
 Inci  1215A   3.635 930.7814      H  1 23.33m  -1.448   0.0077      Ca B 1.681m  -1.321   0.0103      S  2 1.033m  -0.714   0.0416            
 Ba C     0    1.142   2.9910      H  1 26.34m  -1.526   0.0064      Ca B 1.641m  -1.399   0.0086      S II  6731A  -2.097   0.0017            
 PA C     0    0.742   1.1906      H  1 29.53m  -1.600   0.0054      Ca B 1.611m  -1.468   0.0073      S II  4070A  -0.604   0.0536            
 FIR  83.00m   1.568   7.9726      H  1 32.91m  -1.670   0.0046      Ca B 1.588m  -1.533   0.0063      S II  4078A  -1.283   0.0112            
 TIR   1800m  -0.671   0.0460      H  1 36.46m  -1.737   0.0040      Ca B 1.570m  -1.597   0.0055      S II 1.032m  -1.095   0.0173            
 NIRa 2.850m   2.413  55.8622      H  1 40.20m  -1.800   0.0034      Ca B 1.556m  -1.660   0.0047      S II 1.029m  -1.231   0.0127            
 NIRb 3.000m   2.064  24.9988      H  1 44.12m  -1.860   0.0030      Ca B 1.544m  -1.723   0.0041      S II 1.037m  -1.742   0.0039            
 MIRa 15.00m   1.150   3.0458      H  1 48.22m  -1.918   0.0026      Ca B 1.534m  -1.786   0.0035      S II 1.034m  -1.445   0.0077            
 MIRb 22.50m   1.320   4.5101      H  1 52.50m  -1.973   0.0023      Ca B 1.526m  -1.848   0.0031      S  2  1256A  -0.997   0.0217            
 NMIR 21.75m   2.413  55.8622      H  1 56.97m  -0.793   0.0347      Ca B 1.519m  -1.908   0.0027      Cl 2  8579A  -1.467   0.0074            
 TFIR 611.2m   1.056   2.4552      He 1 504.3A  -0.193   0.1382      Ca B 1.513m  -1.968   0.0023      Cl 2  9124A  -2.045   0.0019            
 TALL 10000A   3.7771291.8265      He 1  2600A  -1.017   0.0207      Ca B 1.508m  -2.025   0.0020      Ar 2 6.980m  -2.053   0.0019            
 F12  12.00m   0.649   0.9614      He 1  3121A  -1.529   0.0064      Ca B 1.504m  -2.081   0.0018      K  1  7676A  -1.946   0.0024            
 F25  25.00m   0.729   1.1559      He 1  3421A  -1.473   0.0073      Ca B 1.500m  -2.135   0.0016      Ca 1  4228A  -0.632   0.0503            
 F60  60.00m   1.169   3.1861      He 1  3421A  -0.995   0.0218      Ca B 7.458m  -0.981   0.0225      Ca 2  3933A   1.234   3.6931            
 F100 100.0m   0.980   2.0580      He 1  3421A  -0.774   0.0363      Ca B 4.653m  -1.144   0.0155      Ca 2  8579A   0.564   0.7898            
 MIPS 24.00m   0.416   0.5627      He 1  3679A  -1.190   0.0139      Ca B 3.740m  -1.291   0.0110      Ca 2  7306A   0.606   0.8698            
 MIPS 70.00m   0.811   1.3968      He 1  6632A  -1.973   0.0023      Ca B 3.296m  -1.415   0.0083      Ca2K  3934A   1.033   2.3292            
 MIPS 160.0m   0.584   0.8284      He 1  7843A  -1.282   0.0113      Ca B 3.038m  -1.519   0.0065      Ca2H  3969A   0.801   1.3639            
 IRAC 3.600m   0.594   0.8468      He 1  8188A  -1.447   0.0077      Ca B 2.872m  -1.608   0.0053      Ca2X  8498A  -0.489   0.0700            
 IRAC 4.500m   0.465   0.6289      He 1  8191A  -1.935   0.0025      Ca B 2.758m  -1.686   0.0044      Ca2Y  8542A   0.374   0.5105            
 IRAC 5.800m   0.336   0.4676      He 1  8261A  -1.881   0.0028      Ca B 2.674m  -1.755   0.0038      Ca2Z  8662A  -0.013   0.2094            
 IRAC 8.000m   0.447   0.6034      He 1 1.409m  -1.806   0.0034      Ca B 2.612m  -1.820   0.0033      CaF1  7291A   0.387   0.5263            
 SPR1 250.0m   0.166   0.3158      He 1 1.456m  -1.834   0.0032      Ca B 2.564m  -1.883   0.0028      CaF2  7324A   0.202   0.3435            
 SPR2 350.0m  -0.265   0.1173      He 1 1.456m  -2.326   0.0010      Ca B 2.525m  -1.946   0.0024      Fe2c     0    1.244   3.7785            
 SPR3 500.0m  -0.640   0.0494      He 1 1.458m  -2.135   0.0016      Ca B 2.495m  -2.009   0.0021      Fe 2  4300A   0.476   0.6453            
 PAC1 70.00m   0.873   1.6115      He 1 2.217m  -2.191   0.0014      Ca B 2.469m  -2.072   0.0018      Fe 2  2400A   1.148   3.0335            
 PAC2 100.0m   0.985   2.0816      He 1 2.275m  -2.172   0.0015      Ca B 2.448m  -2.134   0.0016      Fe 2  6200A  -0.492   0.0695            
 PAC3 160.0m   0.842   1.4975      He 1 2.278m  -2.328   0.0010      Ca B 2.431m  -2.195   0.0014      Fe 2  1080A  -2.148   0.0015            
 PAH  3.300m  -0.192   0.1386      He 1 4.465m  -2.003   0.0021      Ca B 2.416m  -2.254   0.0012      Fe 2  1500A  -2.173   0.0014            
 PAHC 3.230m  -0.478   0.0717      He 1 5.831m  -2.175   0.0014      Ca B 2.403m  -2.311   0.0011      Fe 2 1.150m  -1.340   0.0099            
 PAHC 3.370m  -0.559   0.0596      He 1 7.380m  -2.326   0.0010      Ca B 12.37m  -1.408   0.0084      Fe 2  2500A  -1.789   0.0035            
 PAH  6.200m  -0.163   0.1481      C  1  1101A  -0.817   0.0329      Ca B 7.500m  -1.534   0.0063      Fe 2  2300A  -2.056   0.0019            
 PAHC 5.650m  -0.119   0.1641      N  1 853.4A  -2.282   0.0011      Ca B 5.907m  -1.653   0.0048      Fe 2 25.98m  -1.766   0.0037            
 PAH  7.900m   0.021   0.2266      Si 1  1521A  -1.593   0.0055      Ca B 5.127m  -1.756   0.0038      Fe 2 1.257m  -1.000   0.0216            
 PAHC 6.900m   0.053   0.2436      S  1  1197A  -1.530   0.0064      Ca B 4.671m  -1.844   0.0031      Fe 2 35.34m  -2.180   0.0014            
 PAH  11.30m  -0.552   0.0605      grains......................      Ca B 4.375m  -1.922   0.0026      Fe 2 1.321m  -1.578   0.0057            
 PAHC 10.90m  -0.566   0.0586      H-like iso-sequence.........      Ca B 4.170m  -1.991   0.0022      Fe 2 1.249m  -2.226   0.0013            
 PAH  11.80m  -0.346   0.0972      Clin 912.0A   0.011   0.2213      Ca B 4.020m  -2.056   0.0019      Fe 2  7638A  -1.454   0.0076            
 PAHC 12.65m  -0.276   0.1142      Cool  1216A  -0.185   0.1408      Ca B 3.906m  -2.119   0.0016      Fe 2 1.372m  -1.802   0.0034            
 PAH  13.30m  -0.311   0.1053      Crst 960.0A  -0.386   0.0887      Ca B 3.818m  -2.182   0.0014      Fe 2 1.294m  -1.558   0.0060            
 PAHC 14.10m  -0.319   0.1034      Crst  4861A  -1.926   0.0026      Ca B 3.748m  -2.245   0.0012      Fe 2  7687A  -1.642   0.0049            
 Bcon  3640A   3.7071098.5406      Hrst     0   -1.301   0.0108      Ca B 3.692m  -2.307   0.0011      Fe 2 1.328m  -1.804   0.0034            
 Pcon  5000A   2.820 142.6414      LA X  1216A  -1.107   0.0169      Ca B 19.06m  -1.768   0.0037      Fe 2 1.279m  -1.666   0.0047            
 HFFc     0    0.631   0.9215      CION     0   -2.187   0.0014      Ca B 11.31m  -1.864   0.0030      Fe 2  7665A  -2.004   0.0021            
 H FF     0    0.546   0.7580      Ca B  1216A   2.184  32.9598      Ca B 8.758m  -1.961   0.0024      Fe 2 1.298m  -2.029   0.0020            
 HeFF     0   -1.083   0.0178      Q(H)  4861A   0.746   1.2022      Ca B 7.506m  -2.047   0.0019      Fe 2 1.270m  -1.849   0.0031            
 MeFB     0   -1.235   0.0125      Q(H)  1216A   2.213  35.2401      Ca B 6.770m  -2.124   0.0016      Fe 2 17.93m  -1.398   0.0086            
 MeFF     0   -1.788   0.0035      CaBo  4861A   0.666   1.0004      Ca B 6.290m  -2.192   0.0014      Fe 2 1.644m  -1.073   0.0182            
 ToFF     0    0.558   0.7793      Ca A  1216A   2.070  25.3102      Ca B 5.955m  -2.256   0.0012      Fe 2 1.533m  -1.503   0.0068            
 nFnu 122.4m  -0.991   0.0220      Ca A  1026A   1.385   5.2292      Ca B 5.710m  -2.319   0.0010      Fe 2  8617A  -0.875   0.0287            
 nInu 122.4m   1.393   5.3352      Ca A 972.5A   1.031   2.3136      Ca B 27.80m  -2.075   0.0018      Fe 2 24.51m  -1.870   0.0029            
 nFnu 60.83m  -0.745   0.0388      Ca A 949.7A   0.813   1.4005      Ca B 16.20m  -2.147   0.0015      Fe 2 1.809m  -1.776   0.0036            
 nInu 60.83m   1.346   4.7849      Ca A 937.8A   0.672   1.0136      Ca B 12.38m  -2.227   0.0013      Fe 2 1.677m  -1.642   0.0049            
 nFnu 41.22m  -0.591   0.0553      Ca A 930.8A   0.573   0.8076      Ca B 10.50m  -2.300   0.0011      Fe 2 1.599m  -1.605   0.0054            
 nInu 41.22m   1.234   3.6978      Ca A 926.2A   0.489   0.6655      H  1     0   -0.952   0.0241      Fe 2  9052A  -1.534   0.0063            
 nFnu 30.87m  -0.483   0.0709      Ca A 923.2A   0.412   0.5568      H  1  1216A   2.239  37.4174      Fe 2  8892A  -1.285   0.0112            
 nInu 30.87m   1.134   2.9382      Ca A 921.0A   0.342   0.4741      H  1  1026A  -0.315   0.1043      Fe 2 1.800m  -1.814   0.0033            
 nFnu 24.78m  -0.401   0.0857      Ca A 919.4A   0.280   0.4110      H  1 972.5A  -0.692   0.0438      Fe 2 1.711m  -2.186   0.0014            
 nInu 24.78m   1.057   2.4602      Ca A 918.1A   0.225   0.3621      H  1 949.7A  -0.817   0.0329      Fe 2 1.664m  -1.889   0.0028            
 nFnu 24.30m  -0.394   0.0871      Ca A 917.2A   0.177   0.3239      H  1 937.8A  -0.960   0.0236      Fe 2  9399A  -2.310   0.0011            
 nInu 24.30m   1.050   2.4208      Ca A 916.4A   0.131   0.2919      H  1 930.8A  -1.057   0.0189      Fe 2  9227A  -1.541   0.0062            
 nFnu 22.83m  -0.370   0.0921      Ca A 915.8A   0.085   0.2625      H  1 926.2A  -1.114   0.0166      Fe 2  9033A  -1.753   0.0038            
 nInu 22.83m   1.029   2.3064      Ca A 915.3A   0.036   0.2344      H  1 923.2A  -1.130   0.0160      Fe 2 1.797m  -1.960   0.0024            
 nFnu 21.42m  -0.347   0.0970      Ca A 914.9A  -0.016   0.2078      H  1 921.0A  -1.143   0.0155      Fe 2 1.745m  -2.198   0.0014            
 nInu 21.42m   1.006   2.1886      Ca A 914.6A  -0.071   0.1832      H  1  6563A   1.122   2.8582      Fe 2  9471A  -2.107   0.0017            
 nFnu 21.12m  -0.342   0.0982      Ca A 914.3A  -0.126   0.1612      H  1  4861A   0.666   1.0000      Fe 2  9268A  -1.647   0.0049            
 nInu 21.12m   1.001   2.1622      Ca A 914.0A  -0.182   0.1417      H  1  4340A   0.390   0.5298      Fe 2 1.811m  -2.331   0.0010            
 nFnu 19.62m  -0.313   0.1048      Ca A 913.8A  -0.238   0.1247      H  1  4102A   0.184   0.3298      Fe2b  7000A  -1.149   0.0153            
 nInu 19.62m   0.978   2.0495      Ca A 913.6A  -0.293   0.1099      H  1  3970A   0.016   0.2240      Fe2b 10000A  -0.106   0.1688            
 nFnu 17.65m  -0.270   0.1158      Ca A 913.5A  -0.346   0.0971      H  1  3889A  -0.112   0.1665      Fe2b  7445A  -1.149   0.0153            
 nInu 17.65m   0.948   1.9112      Ca A 913.3A  -0.399   0.0861      H  1  3835A  -0.198   0.1366      Fe2b  8625A  -0.535   0.0628            
 nFnu 17.37m  -0.265   0.1172      Ca A  6563A   0.892   1.6803      H  1  3798A  -0.257   0.1194      Fe2b 1.033m  -2.106   0.0017            
 nInu 17.37m   0.943   1.8931      Ca A  4861A   0.466   0.6308      H  1 1.875m   0.149   0.3039      Fe2b 1.889m  -1.171   0.0145            
 nFnu 15.69m  -0.231   0.1268      Ca A  4340A   0.166   0.3161      H  1 1.282m  -0.124   0.1621      Fe 2  1786A  -0.498   0.0684            
 nInu 15.69m   0.916   1.7765      Ca A  4102A  -0.048   0.1933      H  1 1.094m  -0.334   0.0999      recombination...............            
 nFnu 14.60m  -0.200   0.1360      Ca A  3970A  -0.205   0.1344      H  1 1.005m  -0.502   0.0679      C  1 1.069m  -2.277   0.0011            
 nInu 14.60m   0.896   1.6992      Ca A  3889A  -0.327   0.1015      H  1  9546A  -0.630   0.0506      C  1  1140A  -0.884   0.0282            
 nFnu 12.43m  -0.136   0.1575      Ca A  3835A  -0.426   0.0809      H  1  9229A  -0.715   0.0416      level2 lines................            
 nInu 12.43m   0.851   1.5301      Ca A  3798A  -0.507   0.0672      H  1  9015A  -0.773   0.0364      C  1 943.9A  -0.884   0.0281            
 nFnu 11.40m  -0.109   0.1680      Ca A  3771A  -0.575   0.0574      H  1 4.051m  -0.522   0.0648      C  1  1248A  -0.843   0.0310            
 nInu 11.40m   0.827   1.4497      Ca A  3750A  -0.633   0.0502      H  1 2.625m  -0.714   0.0417      C  1  1561A  -1.077   0.0181            
 nFnu 10.46m  -0.070   0.1838      Ca A  3734A  -0.683   0.0447      H  1 2.166m  -0.877   0.0286      C  1  1315A  -0.901   0.0271            
 nInu 10.46m   0.804   1.3735      Ca A  3722A  -0.730   0.0402      H  1 1.945m  -1.002   0.0214      C  1  1166A  -1.035   0.0199            
 nFnu 9.480m  -0.038   0.1978      Ca A  3712A  -0.776   0.0361      H  1 1.817m  -1.086   0.0177      C  1  1233A  -0.970   0.0231            
 nInu 9.480m   0.787   1.3209      Ca A  3704A  -0.826   0.0322      H  1 1.736m  -1.143   0.0155      C  1  1132A  -1.180   0.0142            
 nFnu 9.325m  -0.033   0.1999      Ca A  3697A  -0.878   0.0285      H  1 7.458m  -1.041   0.0196      C  1  1251A  -1.173   0.0145            
 nInu 9.325m   0.786   1.3182      Ca A  3692A  -0.933   0.0252      H  1 4.653m  -1.179   0.0143      C  1  1112A  -1.280   0.0113            
 nFnu 8.210m   0.023   0.2272      Ca A  3687A  -0.989   0.0221      H  1 3.740m  -1.297   0.0109      C  1  1115A  -1.321   0.0103            
 nInu 8.210m   0.785   1.3158      Ca A  3683A  -1.045   0.0195      H  1 3.296m  -1.378   0.0090      C  1  1162A  -1.405   0.0085            
 nFnu 7.580m   0.047   0.2401      Ca A  3679A  -1.100   0.0171      H  1 3.038m  -1.433   0.0080      C  1  1167A  -1.524   0.0064            
 nInu 7.580m   0.792   1.3345      Ca A  3676A  -1.155   0.0151      H  1 12.37m  -1.456   0.0075      C  1  1104A  -1.434   0.0079            
 nFnu 7.050m   0.089   0.2645      Ca A  3674A  -1.209   0.0133      H  1 7.500m  -1.548   0.0061      C  1  1109A  -1.458   0.0075            
 nInu 7.050m   0.801   1.3635      Ca A  3671A  -1.261   0.0118      H  1 5.907m  -1.621   0.0052      C  1  1130A  -1.676   0.0046            
 nFnu 4.114m   0.304   0.4340      Ca A 1.875m   0.061   0.2482      H  1 5.127m  -1.673   0.0046      C  1  1098A  -1.584   0.0056            
 nInu 4.114m   1.051   2.4268      Ca A 1.282m  -0.241   0.1239      H  1 19.06m  -1.790   0.0035      C  1  1132A  -1.612   0.0053            
 nFnu 2.324m   0.455   0.6153      Ca A 1.094m  -0.481   0.0712      H  1 11.31m  -1.836   0.0031      C  1  1106A  -1.673   0.0046            
 nInu 2.324m   1.544   7.5518      Ca A 1.005m  -0.667   0.0464      H  1 8.758m  -1.881   0.0028      C  1  1093A  -1.763   0.0037            
 nFnu 1.643m   0.579   0.8185      Ca A  9546A  -0.811   0.0333      H  1 27.80m  -2.052   0.0019      C  1  1110A  -1.862   0.0030            
 nInu 1.643m   1.908  17.4620      Ca A  9229A  -0.922   0.0258      H  1 16.20m  -2.069   0.0018      C  1  1114A  -1.880   0.0028            
 nFnu 1.480m   0.577   0.8140      Ca A  9015A  -1.011   0.0210      H  1 38.86m  -2.265   0.0012      C  1  1115A  -1.890   0.0028            
 nInu 1.480m   1.988  20.9844      Ca A  8863A  -1.083   0.0178      Ca A 303.8A  -1.634   0.0050      C  1  1090A  -1.891   0.0028            
 nFnu 1.436m   0.842   1.4982      Ca A  8750A  -1.144   0.0155      He 2 303.8A  -1.568   0.0058      C  1  1104A  -2.019   0.0021            
 nInu 1.436m   2.037  23.4596      Ca A  8665A  -1.195   0.0138      He-like iso-sequence........      C  1  1104A  -2.027   0.0020            
 nFnu 1.119m   0.821   1.4266      Ca A  8598A  -1.242   0.0123      Clin 506.0A   0.042   0.2377      C  1  1098A  -2.180   0.0014            
 nInu 1.119m   2.240  37.4824      Ca A  8545A  -1.289   0.0111      Ca B  2945A  -1.574   0.0058      C  1  1097A  -2.196   0.0014            
 nFnu  8330A   0.751   1.2142      Ca A  8502A  -1.339   0.0099      Ca B  3188A  -1.241   0.0124      C  2 892.8A  -1.618   0.0052            
 nInu  8330A   2.457  61.8076      Ca A  8467A  -1.392   0.0088      Ca B  3614A  -2.155   0.0015      C  2 688.8A  -2.015   0.0021            
 nFnu  8079A   1.262   3.9469      Ca A  8438A  -1.446   0.0077      Ca B  3889A  -0.804   0.0339      C  2  1020A  -0.458   0.0752            
 nInu  8079A   2.507  69.2870      Ca A  8413A  -1.502   0.0068      Ca B  3965A  -1.831   0.0032      C  2 596.6A  -2.210   0.0013            
 nFnu  6210A   1.062   2.4900      Ca A  8392A  -1.558   0.0060      Ca B  4026A  -1.492   0.0070      N  1 942.3A  -0.802   0.0340            
 nInu  6210A   2.730 115.8208      Ca A  8374A  -1.614   0.0052      Ca B  4388A  -2.053   0.0019      N  1 952.1A  -0.741   0.0391            
 nFnu  4885A   0.793   1.3388      Ca A  8359A  -1.669   0.0046      Ca B  4471A  -1.166   0.0147      N  1  1131A  -0.791   0.0349            
 nInu  4885A   2.924 181.0143      Ca A  8346A  -1.722   0.0041      Ca B  4713A  -2.207   0.0013      O  1 867.3A  -1.892   0.0028            
 nFnu  3704A   0.378   0.5150      Ca A  8334A  -1.775   0.0036      Ca B  4922A  -1.724   0.0041      O  1 787.5A  -2.122   0.0016            
 nInu  3704A   3.078 257.9359      Ca A 4.051m  -0.575   0.0574      Ca B  5016A  -1.408   0.0084      O  1 976.8A  -0.952   0.0241            
 nFnu  3588A   1.949  19.1835      Ca A 2.625m  -0.806   0.0337      Ca B  5876A  -0.689   0.0442      O  1 767.7A  -2.263   0.0012            
 nInu  3588A   3.106 275.5566      Ca A 2.166m  -1.003   0.0214      Ca B  6678A  -1.226   0.0128      O  1 969.0A  -0.731   0.0401            
 nFnu  2430A   0.930   1.8336      Ca A 1.945m  -1.159   0.0150      Ca B  7065A  -1.298   0.0109      O  1 946.4A  -0.785   0.0353            
 nInu  2430A   3.386 524.2283      Ca A 1.817m  -1.279   0.0114      Ca B  7281A  -1.937   0.0025      O  1 934.5A  -0.837   0.0314            
 nFnu  2392A   0.883   1.6472      Ca A 1.736m  -1.372   0.0092      Ca B 1.083m   0.441   0.5960      O  1 973.6A  -1.026   0.0203            
 nInu  2392A   3.393 532.8422      Ca A 1.681m  -1.447   0.0077      Ca B 1.278m  -1.947   0.0024      O  1 927.5A  -0.917   0.0261            
 nFnu  2071A   0.468   0.6337      Ca A 1.641m  -1.509   0.0067      Ca B 1.700m  -2.317   0.0010      O  1 948.5A  -0.896   0.0274            
 nInu  2071A   3.493 670.4193      Ca A 1.611m  -1.562   0.0059      Ca B 1.869m  -1.564   0.0059      O  1 923.0A  -1.004   0.0214            
 nFnu  2053A   0.445   0.6012      Ca A 1.588m  -1.609   0.0053      Ca B 1.870m  -2.044   0.0019      O  1 919.9A  -1.103   0.0170            
 nInu  2053A   3.489 665.4664      Ca A 1.570m  -1.656   0.0048      Ca B 2.058m  -0.506   0.0673      O  1 935.7A  -0.975   0.0228            
 nFnu  1793A   0.255   0.3878      Ca A 1.556m  -1.706   0.0042      He 1     0    0.610   0.8791      O  1 917.7A  -1.138   0.0157            
 nInu  1793A   3.581 821.4325      Ca A 1.544m  -1.759   0.0038      He 1 584.3A  -0.290   0.1106      O  1 918.7A  -1.176   0.0144            
 nFnu  1585A   0.277   0.4083      Ca A 1.534m  -1.814   0.0033      He 1 537.0A  -1.790   0.0035      O  1 928.2A  -1.089   0.0176            
 nInu  1585A   3.548 761.4817      Ca A 1.526m  -1.869   0.0029      He 1 522.2A  -1.896   0.0027      O  1 917.5A  -1.217   0.0131            
 nFnu  1458A   0.385   0.5230      Ca A 1.519m  -1.925   0.0026      He 1 515.6A  -1.959   0.0024      O  1 923.4A  -1.218   0.0131            
 nInu  1458A   3.6781026.5122      Ca A 1.513m  -1.981   0.0023      He 1 512.1A  -2.028   0.0020      O  1 920.2A  -1.366   0.0093            
 nFnu  1357A   0.443   0.5977      Ca A 1.508m  -2.036   0.0020      TOTL 1.083m   0.242   0.3765      O  1 918.0A  -1.456   0.0076            
 nInu  1357A   3.7431193.2825      Ca A 1.504m  -2.089   0.0018      He 1 1.083m   0.242   0.3765      Mg 1  1817A  -1.917   0.0026            
 nFnu  1297A   0.530   0.7305      Ca A 1.500m  -2.142   0.0016      He 1 1.083m  -0.712   0.0418      Mg 1  1739A  -2.320   0.0010            
 nInu  1297A   3.7191129.4539      Ca A 7.458m  -1.094   0.0174      He 1 1.083m  -0.235   0.1255      Mg 2 959.3A  -1.491   0.0070            
 nFnu  1263A   0.726   1.1487      Ca A 4.653m  -1.276   0.0114      He 1 1.083m  -0.013   0.2092      Mg 2 919.2A  -1.891   0.0028            
 nInu  1263A   3.7431193.2152      Ca A 3.740m  -1.434   0.0079      He 1  3889A  -0.910   0.0265      Mg 2  1258A  -1.646   0.0049            
 nFnu  1218A   3.040 236.4988      Ca A 3.296m  -1.559   0.0060      He 1  3188A  -1.337   0.0099      Al 2  1671A  -0.812   0.0333            
 nInu  1218A   3.633 927.0009      Ca A 3.038m  -1.655   0.0048      He 1  2945A  -1.667   0.0046      Al 2 929.0A  -2.226   0.0013            
 nFnu  1196A   1.285   4.1549      Ca A 2.872m  -1.732   0.0040      He 1  2829A  -1.934   0.0025      Si 1  1261A  -1.841   0.0031            
 nInu  1196A   3.6941065.5891      Ca A 2.758m  -1.795   0.0035      He 1 2.058m  -1.120   0.0163      Si 1  1853A  -1.926   0.0026            
 nFnu  1175A   0.734   1.1677      Ca A 2.674m  -1.848   0.0031      He 1  5016A  -1.522   0.0065      Si 1  1694A  -2.100   0.0017            
 nInu  1175A   3.586 831.4684      Ca A 2.612m  -1.895   0.0027      He 1  3965A  -1.922   0.0026      Si 2  1180A  -0.412   0.0834            
 nFnu  1144A   0.636   0.9321      Ca A 2.564m  -1.943   0.0025      He 1  3614A  -2.228   0.0013      Si 2 993.4A  -0.894   0.0276            
 nInu  1144A   3.7921336.9479      Ca A 2.525m  -1.993   0.0022      He 1  7065A  -1.448   0.0077      Si 2  1024A  -1.007   0.0212            
 nFnu  1113A   0.593   0.8448      Ca A 2.495m  -2.045   0.0019      He 1  5876A  -0.760   0.0375      S  1  1356A  -1.961   0.0024            
 nInu  1113A   3.7391182.0398      Ca A 2.469m  -2.100   0.0017      He 1  4713A  -2.310   0.0011      S  1  1227A  -2.117   0.0016            
 nFnu  1103A   0.835   1.4747      Ca A 2.448m  -2.156   0.0015      He 1  4471A  -1.245   0.0123      S  1  1662A  -2.212   0.0013            
 nInu  1103A   3.8041372.3586      Ca A 2.431m  -2.212   0.0013      He 1  4026A  -1.575   0.0057      S  2 750.3A  -2.137   0.0016            
 nFnu  1074A   0.756   1.2285      Ca A 2.416m  -2.267   0.0012      He 1  3820A  -1.817   0.0033      S  2 888.4A  -2.271   0.0012            
 nInu  1074A   3.7761288.1467      Ca A 2.403m  -2.322   0.0010      He 1  7281A  -2.052   0.0019      Ar 1  1096A  -0.908   0.0266            
 nFnu  1064A   0.732   1.1648      Ca A 12.37m  -1.530   0.0064      He 1  6678A  -1.303   0.0107      Ar 1 922.5A  -1.254   0.0120            
 nInu  1064A   3.7861316.9893      Ca A 7.500m  -1.669   0.0046      He 1  4922A  -1.805   0.0034      Ar 1 918.5A  -1.328   0.0101            
 nFnu  1036A   0.690   1.0567      Ca A 5.907m  -1.792   0.0035      He 1  4388A  -2.136   0.0016      P  2  1308A  -2.263   0.0012            
 nInu  1036A   3.7491209.0450      Ca A 5.127m  -1.889   0.0028      He 1 1.869m  -1.612   0.0053      P  2  1154A  -1.354   0.0095            
 nFnu  1000A   0.668   1.0036      Ca A 4.671m  -1.966   0.0023      He 1 1.278m  -2.016   0.0021      P  2 967.2A  -1.196   0.0137            
 nInu  1000A   3.7461202.2595      Ca A 4.375m  -2.030   0.0020      He 1 1.091m  -2.319   0.0010      P  2 963.8A  -0.985   0.0223            
 nFnu 925.1A   0.682   1.0375      Ca A 4.170m  -2.083   0.0018      He 1 1.870m  -2.091   0.0017      Cl 2  1071A  -2.153   0.0015            
 nInu 925.1A   3.581 822.5622      Ca A 4.020m  -2.130   0.0016      He 1 4.048m  -2.249   0.0012      Sc 2  3628A  -2.162   0.0015            
 nFnu 897.8A   2.169  31.7925      Ca A 3.906m  -2.178   0.0014      Pho+  3889A   0.006   0.2185      Sc 2  3576A  -2.296   0.0011            
 nFnu 760.0A   0.539   0.7456      Ca A 3.818m  -2.228   0.0013      database lines..............      Ti 2  3366A  -0.673   0.0458            
 nFnu 701.5A  -0.218   0.1306      Ca A 3.748m  -2.280   0.0011      level 1 lines...............      Ti 2  3238A  -0.937   0.0250            
 nFnu 608.2A  -1.989   0.0022      Ca A 19.06m  -1.897   0.0027      C  1  1656A  -0.625   0.0512      Ti 2  1904A  -2.159   0.0015            
 nFnu 575.1A  -1.567   0.0059      Ca A 11.31m  -1.999   0.0022      REC   1656A  -1.015   0.0208      Ti 2  1907A  -1.916   0.0026            
 nFnu 496.9A   1.070   2.5320      Ca A 8.758m  -2.091   0.0017      C  1  8727A  -1.069   0.0184      Cr 1  3591A  -2.298   0.0011            
 RRC.........................      Ca A 7.506m  -2.167   0.0015      TOTL  2326A   0.089   0.2645      Cr 2  2060A  -1.292   0.0110            
 H  1 911.8A   1.096   2.6921      Ca A 6.770m  -2.230   0.0013      C  2  2325A  -0.883   0.0282      Mn 2  2590A  -0.676   0.0455            
 H  1  3646A   0.670   1.0084      Ca A 6.290m  -2.283   0.0011      C  2  2324A  -1.458   0.0075      Mn 2  1199A  -1.318   0.0104            
 H  1  3646A   1.046   2.3991      Ca A 5.955m  -2.330   0.0010      C  2  2329A  -0.864   0.0295      Mn 2  1163A  -2.248   0.0012            
 H  1  8204A  -0.084   0.1777      Ca A 27.80m  -2.206   0.0013      C  2  2328A  -0.595   0.0547      Co 2  2062A  -2.237   0.0012            
 H  1  8204A   0.343   0.4751      Ca A 16.20m  -2.275   0.0011      C  2  2327A  -0.174   0.1445      Co 2  2019A  -2.193   0.0014            
 H  1  8204A   0.288   0.4184      Ca B  6563A   1.142   2.9912      C  2  1335A  -0.518   0.0654      Co 2  1950A  -2.184   0.0014            
 H  1 1.458m  -0.593   0.0551      Ca B  4861A   0.710   1.1053      REC   1335A  -2.292   0.0011      Co 2  1576A  -2.085   0.0018            
 H  1 1.458m  -0.158   0.1500      Ca B  4340A   0.407   0.5499      C  3 977.0A  -1.915   0.0026      Co 2  1470A  -1.844   0.0031            
 H  1 1.458m  -0.104   0.1699      Ca B  4102A   0.182   0.3282      N  1 953.9A  -0.741   0.0391      Ni 2  1752A  -1.304   0.0107            
 H  1 1.458m  -0.394   0.0870      Ca B  3970A   0.008   0.2199      N  1 954.1A  -0.964   0.0234      Ni 2  1744A  -1.254   0.0120            
 H  1 2.279m  -0.966   0.0233      Ca B  3889A  -0.133   0.1588      N  1 951.0A  -1.989   0.0022      Ni 2  1485A  -1.496   0.0069            
 H  1 2.279m  -0.531   0.0634      Ca B  3835A  -0.251   0.1209      N  1  1200A  -0.614   0.0524      Ni 2  1473A  -1.306   0.0107            
 H  1 2.279m  -0.444   0.0776      Ca B  3798A  -0.353   0.0958      N  1  3466A  -1.875   0.0029      Ni 2  1400A  -1.403   0.0085            
 H  1 2.279m  -0.586   0.0559      Ca B  3771A  -0.440   0.0782      TOTL  3467A  -1.794   0.0035      Ni 2  1376A  -1.167   0.0147            
 H  1 2.279m  -1.038   0.0198      Ca B  3750A  -0.518   0.0655      N  1 1.040m  -1.377   0.0091      Ni 2  1324A  -1.151   0.0152            
 H  1 3.281m  -1.259   0.0119      Ca B  3734A  -0.587   0.0558      N  1 1.040m  -1.923   0.0026      Cu 2  1359A  -2.130   0.0016            
 H  1 3.281m  -0.825   0.0323      Ca B  3722A  -0.652   0.0481      N  1 1.041m  -1.726   0.0041      Zn 1  2139A  -2.258   0.0012            
 H  1 3.281m  -0.724   0.0407      Ca B  3712A  -0.715   0.0415      N  1 1.041m  -1.739   0.0039      Zn 2  2038A  -1.695   0.0044            
 H  1 3.281m  -0.811   0.0333      Ca B  3704A  -0.779   0.0359      TOTL 1.040m  -1.041   0.0196      hyperfine structure.........            
 H  1 3.281m  -1.088   0.0176      Ca B  3697A  -0.842   0.0310      N  2  2141A  -2.247   0.0012      inner shell.................            
 H  1 3.281m  -1.652   0.0048      Ca B  3692A  -0.905   0.0269      N  2  1085A  -0.913   0.0264      Mg 3 246.5A  -2.083   0.0018            
 H  1 4.466m  -1.497   0.0069      Ca B  3687A  -0.967   0.0233      O  1  6300A  -0.044   0.1948      Mg 3 248.0A  -2.085   0.0018            
 H  1 4.466m  -1.065   0.0186      Ca B  3683A  -1.028   0.0202      O  1  6363A  -0.540   0.0621      molecules...................            
 H  1 4.466m  -0.959   0.0237      Ca B  3679A  -1.087   0.0177      O  1  5577A  -0.922   0.0258      H2dH     0   -1.731   0.0040            
 H  1 4.466m  -1.020   0.0206      Ca B  3676A  -1.144   0.0155      O  1 63.17m  -2.039   0.0020      H2vH     0   -1.527   0.0064            
 H  1 4.466m  -1.224   0.0129      Ca B  3674A  -1.200   0.0136      TOTL  7325A  -2.232   0.0013      H-FB     0   -0.013   0.2095            
 H  1 4.466m  -1.594   0.0055      Ca B  3671A  -1.254   0.0120      O II  2471A  -2.323   0.0010      H-FF     0   -0.181   0.1422            
 H  1 4.466m  -2.239   0.0012      Ca B 1.875m   0.184   0.3294      O  2 833.8A  -2.071   0.0018      H-CT  6563A   0.181   0.3275            
 H  1 5.834m  -1.698   0.0043      Ca B 1.282m  -0.098   0.1723      Ne 2 12.81m  -1.314   0.0105      H- H     0   -1.549   0.0061            
 H  1 5.834m  -1.268   0.0116      Ca B 1.094m  -0.321   0.1030      Na 1  5892A  -0.422   0.0817      H2+      0   -0.323   0.1025            
 H  1 5.834m  -1.159   0.0149      Ca B 1.005m  -0.498   0.0685      Mg 1  4561A  -1.935   0.0025      HEH+     0   -1.611   0.0053            
 H  1 5.834m  -1.206   0.0134      Ca B  9546A  -0.642   0.0492      Mg 1  2853A  -0.920   0.0259            
 H  1 5.834m  -1.374   0.0091      Ca B  9229A  -0.763   0.0372      Mg 1  2026A  -1.439   0.0079            
 H  1 5.834m  -1.661   0.0047      Ca B  9015A  -0.865   0.0294      TOTL  2798A   1.248   3.8199            

                                                    Emergent line intensities
 general properties..........      Ca A 921.0A   0.340   0.4713      Ca B 2.525m  -1.946   0.0024      Si 2  1263A  -0.351   0.0960            
 TOTL  4861A   0.666   1.0000      Ca A 919.4A   0.277   0.4086      Ca B 2.495m  -2.009   0.0021      P  2 1.640m  -1.977   0.0023            
 TOTL  1216A   2.239  37.4178      Ca A 918.1A   0.222   0.3600      Ca B 2.469m  -2.072   0.0018      P  2 1.189m  -2.262   0.0012            
 continua....................      Ca A 917.2A   0.174   0.3221      Ca B 2.448m  -2.134   0.0016      S  2  6720A  -1.939   0.0025            
 Bac   3646A   1.967  20.0120      Ca A 916.4A   0.129   0.2902      Ca B 2.431m  -2.195   0.0014      S  2  4074A  -0.522   0.0649            
 nFnu  3645A   1.980  20.5865      Ca A 915.8A   0.083   0.2610      Ca B 2.416m  -2.254   0.0012      S  2 1.033m  -0.714   0.0416            
 nFnu  3647A   0.425   0.5745      Ca A 915.3A   0.034   0.2330      Ca B 2.403m  -2.311   0.0011      S II  6731A  -2.097   0.0017            
 cout  3646A   1.666  10.0060      Ca A 914.9A  -0.019   0.2066      Ca B 12.37m  -1.408   0.0084      S II  4070A  -0.604   0.0536            
 cref  3646A   1.666  10.0060      Ca A 914.6A  -0.073   0.1822      Ca B 7.500m  -1.534   0.0063      S II  4078A  -1.283   0.0113            
 thin  3646A   1.967  20.0123      Ca A 914.3A  -0.129   0.1602      Ca B 5.907m  -1.653   0.0048      S II 1.032m  -1.096   0.0173            
 Inci  4860A   2.909 175.0139      Ca A 914.0A  -0.185   0.1409      Ca B 5.127m  -1.756   0.0038      S II 1.029m  -1.231   0.0127            
 Inci  1215A   3.635 930.8690      Ca A 913.8A  -0.241   0.1239      Ca B 4.671m  -1.844   0.0031      S II 1.037m  -1.742   0.0039            
 FIR  83.00m   1.568   7.9734      Ca A 913.6A  -0.295   0.1092      Ca B 4.375m  -1.922   0.0026      S II 1.034m  -1.445   0.0077            
 TIR   1800m  -0.671   0.0460      Ca A 913.5A  -0.349   0.0966      Ca B 4.170m  -1.991   0.0022      S  2  1256A  -0.998   0.0217            
 NIRa 2.850m   2.413  55.8675      Ca A 913.3A  -0.401   0.0856      Ca B 4.020m  -2.056   0.0019      Cl 2  8579A  -1.467   0.0074            
 NIRb 3.000m   2.064  25.0012      Ca A  6563A   0.892   1.6802      Ca B 3.906m  -2.119   0.0016      Cl 2  9124A  -2.045   0.0019            
 MIRa 15.00m   1.150   3.0461      Ca A  4861A   0.466   0.6308      Ca B 3.818m  -2.182   0.0014      Ar 2 6.980m  -2.053   0.0019            
 MIRb 22.50m   1.320   4.5105      Ca A  4340A   0.166   0.3161      Ca B 3.748m  -2.245   0.0012      K  1  7676A  -1.946   0.0024            
 NMIR 21.75m   2.413  55.8675      Ca A  4102A  -0.048   0.1933      Ca B 3.692m  -2.307   0.0011      Ca 1  4228A  -0.632   0.0503            
 TFIR 611.2m   1.056   2.4554      Ca A  3970A  -0.205   0.1344      Ca B 19.06m  -1.768   0.0037      Ca 2  3933A   1.234   3.6935            
 TALL 10000A   3.7771291.7821      Ca A  3889A  -0.327   0.1015      Ca B 11.31m  -1.864   0.0030      Ca 2  8579A   0.564   0.7899            
 F12  12.00m   0.649   0.9615      Ca A  3835A  -0.426   0.0809      Ca B 8.758m  -1.961   0.0024      Ca 2  7306A   0.606   0.8698            
 F25  25.00m   0.729   1.1560      Ca A  3798A  -0.507   0.0672      Ca B 7.506m  -2.047   0.0019      Ca2K  3934A   1.033   2.3292            
 F60  60.00m   1.169   3.1864      Ca A  3771A  -0.575   0.0574      Ca B 6.770m  -2.124   0.0016      Ca2H  3969A   0.801   1.3640            
 F100 100.0m   0.980   2.0582      Ca A  3750A  -0.633   0.0502      Ca B 6.290m  -2.192   0.0014      Ca2X  8498A  -0.489   0.0700            
 MIPS 24.00m   0.416   0.5627      Ca A  3734A  -0.683   0.0447      Ca B 5.955m  -2.256   0.0012      Ca2Y  8542A   0.374   0.5105            
 MIPS 70.00m   0.811   1.3969      Ca A  3722A  -0.730   0.0402      Ca B 5.710m  -2.319   0.0010      Ca2Z  8662A  -0.013   0.2094            
 MIPS 160.0m   0.584   0.8285      Ca A  3712A  -0.776   0.0361      Ca B 27.80m  -2.075   0.0018      CaF1  7291A   0.387   0.5262            
 IRAC 3.600m   0.594   0.8469      Ca A  3704A  -0.826   0.0322      Ca B 16.20m  -2.147   0.0015      CaF2  7324A   0.202   0.3435            
 IRAC 4.500m   0.465   0.6290      Ca A  3697A  -0.878   0.0285      Ca B 12.38m  -2.227   0.0013      Fe 2  4300A   0.476   0.6453            
 IRAC 5.800m   0.336   0.4676      Ca A  3692A  -0.933   0.0252      Ca B 10.50m  -2.300   0.0011      Fe 2  2400A   1.148   3.0338            
 IRAC 8.000m   0.447   0.6035      Ca A  3687A  -0.989   0.0221      H  1  1216A   2.239  37.4178      Fe 2  6200A  -0.492   0.0695            
 SPR1 250.0m   0.166   0.3159      Ca A  3683A  -1.045   0.0195      H  1  1026A  -0.315   0.1043      Fe 2  1080A  -2.150   0.0015            
 SPR2 350.0m  -0.265   0.1173      Ca A  3679A  -1.100   0.0171      H  1 972.5A  -0.692   0.0438      Fe 2  1500A  -2.173   0.0014            
 SPR3 500.0m  -0.640   0.0494      Ca A  3676A  -1.155   0.0151      H  1 949.7A  -0.817   0.0329      Fe 2 1.150m  -1.340   0.0099            
 PAC1 70.00m   0.873   1.6117      Ca A  3674A  -1.209   0.0133      H  1 937.8A  -0.960   0.0236      Fe 2  2500A  -1.789   0.0035            
 PAC2 100.0m   0.985   2.0818      Ca A  3671A  -1.261   0.0118      H  1 930.8A  -1.057   0.0189      Fe 2  2300A  -2.056   0.0019            
 PAC3 160.0m   0.842   1.4977      Ca A 1.875m   0.061   0.2482      H  1 926.2A  -1.114   0.0166      Fe 2 25.98m  -1.766   0.0037            
 PAH  3.300m  -0.192   0.1386      Ca A 1.282m  -0.241   0.1239      H  1 923.2A  -1.130   0.0160      Fe 2 1.257m  -1.000   0.0216            
 PAHC 3.230m  -0.478   0.0718      Ca A 1.094m  -0.481   0.0712      H  1 921.0A  -1.143   0.0155      Fe 2 35.34m  -2.180   0.0014            
 PAHC 3.370m  -0.559   0.0596      Ca A 1.005m  -0.667   0.0464      H  1  6563A   1.122   2.8582      Fe 2 1.321m  -1.578   0.0057            
 PAH  6.200m  -0.163   0.1481      Ca A  9546A  -0.811   0.0333      H  1  4861A   0.666   1.0000      Fe 2 1.249m  -2.226   0.0013            
 PAHC 5.650m  -0.119   0.1641      Ca A  9229A  -0.922   0.0258      H  1  4340A   0.390   0.5299      Fe 2  7638A  -1.454   0.0076            
 PAH  7.900m   0.021   0.2266      Ca A  9015A  -1.011   0.0210      H  1  4102A   0.184   0.3298      Fe 2 1.372m  -1.802   0.0034            
 PAHC 6.900m   0.053   0.2436      Ca A  8863A  -1.083   0.0178      H  1  3970A   0.016   0.2240      Fe 2 1.294m  -1.558   0.0060            
 PAH  11.30m  -0.552   0.0605      Ca A  8750A  -1.144   0.0155      H  1  3889A  -0.113   0.1665      Fe 2  7687A  -1.642   0.0049            
 PAHC 10.90m  -0.566   0.0586      Ca A  8665A  -1.195   0.0138      H  1  3835A  -0.199   0.1366      Fe 2 1.328m  -1.804   0.0034            
 PAH  11.80m  -0.346   0.0972      Ca A  8598A  -1.242   0.0123      H  1  3798A  -0.257   0.1194      Fe 2 1.279m  -1.666   0.0047            
 PAHC 12.65m  -0.276   0.1142      Ca A  8545A  -1.289   0.0111      H  1 1.875m   0.149   0.3039      Fe 2  7665A  -2.004   0.0021            
 PAH  13.30m  -0.311   0.1053      Ca A  8502A  -1.339   0.0099      H  1 1.282m  -0.124   0.1621      Fe 2 1.298m  -2.029   0.0020            
 PAHC 14.10m  -0.319   0.1034      Ca A  8467A  -1.392   0.0088      H  1 1.094m  -0.334   0.0999      Fe 2 1.270m  -1.849   0.0031            
 Bcon  3640A   3.7071098.5920      Ca A  8438A  -1.446   0.0077      H  1 1.005m  -0.502   0.0679      Fe 2 17.93m  -1.398   0.0086            
 Pcon  5000A   2.820 142.6402      Ca A  8413A  -1.502   0.0068      H  1  9546A  -0.630   0.0506      Fe 2 1.644m  -1.073   0.0182            
 nFnu 122.4m  -0.991   0.0220      Ca A  8392A  -1.558   0.0060      H  1  9229A  -0.715   0.0416      Fe 2 1.533m  -1.503   0.0068            
 nInu 122.4m   1.393   5.3357      Ca A  8374A  -1.614   0.0052      H  1  9015A  -0.773   0.0364      Fe 2  8617A  -0.876   0.0287            
 nFnu 60.83m  -0.745   0.0388      Ca A  8359A  -1.669   0.0046      H  1 4.051m  -0.522   0.0648      Fe 2 24.51m  -1.870   0.0029            
 nInu 60.83m   1.346   4.7854      Ca A  8346A  -1.722   0.0041      H  1 2.625m  -0.714   0.0417      Fe 2 1.809m  -1.776   0.0036            
 nFnu 41.22m  -0.591   0.0554      Ca A  8334A  -1.775   0.0036      H  1 2.166m  -0.877   0.0286      Fe 2 1.677m  -1.642   0.0049            
 nInu 41.22m   1.234   3.6981      Ca A 4.051m  -0.575   0.0574      H  1 1.945m  -1.002   0.0215      Fe 2 1.599m  -1.605   0.0054            
 nFnu 30.87m  -0.483   0.0709      Ca A 2.625m  -0.806   0.0337      H  1 1.817m  -1.086   0.0177      Fe 2  9052A  -1.534   0.0063            
 nInu 30.87m   1.134   2.9385      Ca A 2.166m  -1.003   0.0214      H  1 1.736m  -1.143   0.0155      Fe 2  8892A  -1.285   0.0112            
 nFnu 24.78m  -0.401   0.0857      Ca A 1.945m  -1.159   0.0150      H  1 7.458m  -1.041   0.0196      Fe 2 1.800m  -1.814   0.0033            
 nInu 24.78m   1.057   2.4605      Ca A 1.817m  -1.279   0.0114      H  1 4.653m  -1.179   0.0143      Fe 2 1.711m  -2.186   0.0014            
 nFnu 24.30m  -0.394   0.0871      Ca A 1.736m  -1.372   0.0092      H  1 3.740m  -1.297   0.0109      Fe 2 1.664m  -1.889   0.0028            
 nInu 24.30m   1.050   2.4211      Ca A 1.681m  -1.447   0.0077      H  1 3.296m  -1.378   0.0090      Fe 2  9399A  -2.311   0.0011            
 nFnu 22.83m  -0.370   0.0921      Ca A 1.641m  -1.509   0.0067      H  1 3.038m  -1.433   0.0080      Fe 2  9227A  -1.541   0.0062            
 nInu 22.83m   1.029   2.3066      Ca A 1.611m  -1.562   0.0059      H  1 12.37m  -1.456   0.0075      Fe 2  9033A  -1.753   0.0038            
 nFnu 21.42m  -0.347   0.0970      Ca A 1.588m  -1.609   0.0053      H  1 7.500m  -1.548   0.0061      Fe 2 1.797m  -1.960   0.0024            
 nInu 21.42m   1.006   2.1888      Ca A 1.570m  -1.656   0.0048      H  1 5.907m  -1.621   0.0052      Fe 2 1.745m  -2.198   0.0014            
 nFnu 21.12m  -0.342   0.0982      Ca A 1.556m  -1.706   0.0042      H  1 5.127m  -1.673   0.0046      Fe 2  9471A  -2.107   0.0017            
 nInu 21.12m   1.001   2.1624      Ca A 1.544m  -1.759   0.0038      H  1 19.06m  -1.790   0.0035      Fe 2  9268A  -1.647   0.0049            
 nFnu 19.62m  -0.313   0.1049      Ca A 1.534m  -1.814   0.0033      H  1 11.31m  -1.836   0.0031      Fe 2 1.811m  -2.331   0.0010            
 nInu 19.62m   0.978   2.0497      Ca A 1.526m  -1.869   0.0029      H  1 8.758m  -1.881   0.0028      Fe2b  7000A  -1.149   0.0153            
 nFnu 17.65m  -0.270   0.1158      Ca A 1.519m  -1.925   0.0026      H  1 27.80m  -2.052   0.0019      Fe2b 10000A  -0.106   0.1688            
 nInu 17.65m   0.948   1.9114      Ca A 1.513m  -1.981   0.0023      H  1 16.20m  -2.069   0.0018      Fe2b  7445A  -1.149   0.0153            
 nFnu 17.37m  -0.265   0.1172      Ca A 1.508m  -2.036   0.0020      H  1 38.86m  -2.265   0.0012      Fe2b  8625A  -0.535   0.0629            
 nInu 17.37m   0.943   1.8932      Ca A 1.504m  -2.089   0.0018      He 2 303.8A  -1.933   0.0025      Fe2b 1.033m  -2.106   0.0017            
 nFnu 15.69m  -0.231   0.1268      Ca A 1.500m  -2.142   0.0016      He-like iso-sequence........      Fe2b 1.889m  -1.171   0.0146            
 nInu 15.69m   0.916   1.7767      Ca A 7.458m  -1.094   0.0174      Clin 506.0A   0.042   0.2377      Fe 2  1786A  -0.498   0.0684            
 nFnu 14.60m  -0.200   0.1360      Ca A 4.653m  -1.276   0.0114      Ca B  2945A  -1.574   0.0058      recombination...............            
 nInu 14.60m   0.896   1.6994      Ca A 3.740m  -1.434   0.0079      Ca B  3188A  -1.241   0.0124      C  1 1.069m  -2.277   0.0011            
 nFnu 12.43m  -0.136   0.1575      Ca A 3.296m  -1.559   0.0060      Ca B  3614A  -2.155   0.0015      C  1  1140A  -0.884   0.0282            
 nInu 12.43m   0.851   1.5303      Ca A 3.038m  -1.655   0.0048      Ca B  3889A  -0.804   0.0339      level2 lines................            
 nFnu 11.40m  -0.109   0.1680      Ca A 2.872m  -1.732   0.0040      Ca B  3965A  -1.831   0.0032      C  1 943.9A  -0.886   0.0280            
 nInu 11.40m   0.827   1.4498      Ca A 2.758m  -1.795   0.0035      Ca B  4026A  -1.492   0.0070      C  1  1248A  -0.843   0.0310            
 nFnu 10.46m  -0.070   0.1838      Ca A 2.674m  -1.848   0.0031      Ca B  4388A  -2.053   0.0019      C  1  1561A  -1.077   0.0181            
 nInu 10.46m   0.804   1.3736      Ca A 2.612m  -1.895   0.0027      Ca B  4471A  -1.166   0.0147      C  1  1315A  -0.901   0.0271            
 nFnu 9.480m  -0.038   0.1978      Ca A 2.564m  -1.943   0.0025      Ca B  4713A  -2.207   0.0013      C  1  1166A  -1.035   0.0199            
 nInu 9.480m   0.787   1.3211      Ca A 2.525m  -1.993   0.0022      Ca B  4922A  -1.724   0.0041      C  1  1233A  -0.970   0.0231            
 nFnu 9.325m  -0.033   0.1999      Ca A 2.495m  -2.045   0.0019      Ca B  5016A  -1.408   0.0084      C  1  1132A  -1.180   0.0142            
 nInu 9.325m   0.786   1.3184      Ca A 2.469m  -2.100   0.0017      Ca B  5876A  -0.689   0.0442      C  1  1251A  -1.173   0.0145            
 nFnu 8.210m   0.023   0.2272      Ca A 2.448m  -2.156   0.0015      Ca B  6678A  -1.226   0.0128      C  1  1112A  -1.280   0.0113            
 nInu 8.210m   0.785   1.3159      Ca A 2.431m  -2.212   0.0013      Ca B  7065A  -1.298   0.0109      C  1  1115A  -1.321   0.0103            
 nFnu 7.580m   0.047   0.2401      Ca A 2.416m  -2.267   0.0012      Ca B  7281A  -1.937   0.0025      C  1  1162A  -1.405   0.0085            
 nInu 7.580m   0.792   1.3346      Ca A 2.403m  -2.322   0.0010      Ca B 1.083m   0.441   0.5960      C  1  1167A  -1.525   0.0064            
 nFnu 7.050m   0.089   0.2646      Ca A 12.37m  -1.530   0.0064      Ca B 1.278m  -1.947   0.0024      C  1  1104A  -1.436   0.0079            
 nInu 7.050m   0.801   1.3636      Ca A 7.500m  -1.669   0.0046      Ca B 1.700m  -2.317   0.0010      C  1  1109A  -1.458   0.0075            
 nFnu 4.114m   0.304   0.4340      Ca A 5.907m  -1.792   0.0035      Ca B 1.869m  -1.564   0.0059      C  1  1130A  -1.676   0.0045            
 nInu 4.114m   1.051   2.4270      Ca A 5.127m  -1.889   0.0028      Ca B 1.870m  -2.044   0.0019      C  1  1098A  -1.586   0.0056            
 nFnu 2.324m   0.455   0.6154      Ca A 4.671m  -1.966   0.0023      Ca B 2.058m  -0.506   0.0673      C  1  1132A  -1.612   0.0053            
 nInu 2.324m   1.544   7.5525      Ca A 4.375m  -2.030   0.0020      He 1 584.3A  -0.524   0.0645      C  1  1106A  -1.673   0.0046            
 nFnu 1.643m   0.579   0.8186      Ca A 4.170m  -2.083   0.0018      He 1 537.0A  -1.842   0.0031      C  1  1093A  -1.765   0.0037            
 nInu 1.643m   1.908  17.4636      Ca A 4.020m  -2.130   0.0016      He 1 522.2A  -1.950   0.0024      C  1  1110A  -1.862   0.0030            
 nFnu 1.480m   0.577   0.8141      Ca A 3.906m  -2.178   0.0014      He 1 515.6A  -2.020   0.0021      C  1  1114A  -1.880   0.0028            
 nInu 1.480m   1.988  20.9863      Ca A 3.818m  -2.228   0.0013      He 1 512.1A  -2.097   0.0017      C  1  1115A  -1.890   0.0028            
 nFnu 1.436m   0.842   1.4983      Ca A 3.748m  -2.280   0.0011      TOTL 1.083m   0.242   0.3765      C  1  1090A  -1.893   0.0028            
 nInu 1.436m   2.037  23.4618      Ca A 19.06m  -1.897   0.0027      He 1 1.083m   0.242   0.3765      C  1  1104A  -2.021   0.0021            
 nFnu 1.119m   0.821   1.4267      Ca A 11.31m  -1.999   0.0022      He 1 1.083m  -0.712   0.0418      C  1  1104A  -2.029   0.0020            
 nInu 1.119m   2.240  37.4859      Ca A 8.758m  -2.091   0.0017      He 1 1.083m  -0.235   0.1255      C  1  1098A  -2.182   0.0014            
 nFnu  8330A   0.751   1.2143      Ca A 7.506m  -2.167   0.0015      He 1 1.083m  -0.013   0.2092      C  1  1097A  -2.198   0.0014            
 nInu  8330A   2.457  61.8134      Ca A 6.770m  -2.230   0.0013      He 1  3889A  -0.910   0.0265      C  2 892.8A  -1.904   0.0027            
 nFnu  8079A   1.262   3.9472      Ca A 6.290m  -2.283   0.0011      He 1  3188A  -1.337   0.0099      C  2 688.8A  -2.234   0.0013            
 nInu  8079A   2.507  69.2936      Ca A 5.955m  -2.330   0.0010      He 1  2945A  -1.667   0.0046      C  2  1020A  -0.459   0.0749            
 nFnu  6210A   1.062   2.4902      Ca A 27.80m  -2.206   0.0013      He 1  2829A  -1.934   0.0025      N  1 942.3A  -0.804   0.0339            
 nInu  6210A   2.730 115.8317      Ca A 16.20m  -2.275   0.0011      He 1 2.058m  -1.120   0.0163      N  1 952.1A  -0.744   0.0389            
 nFnu  4885A   0.793   1.3389      Ca B  6563A   1.142   2.9911      He 1  5016A  -1.522   0.0065      N  1  1131A  -0.791   0.0349            
 nInu  4885A   2.924 181.0314      Ca B  4861A   0.710   1.1053      He 1  3965A  -1.922   0.0026      O  1 867.3A  -2.252   0.0012            
 nFnu  3704A   0.378   0.5150      Ca B  4340A   0.406   0.5499      He 1  3614A  -2.228   0.0013      O  1 976.8A  -0.953   0.0240            
 nInu  3704A   3.078 257.9602      Ca B  4102A   0.182   0.3282      He 1  7065A  -1.448   0.0077      O  1 969.0A  -0.733   0.0399            
 nFnu  3588A   1.949  19.1853      Ca B  3970A   0.008   0.2199      He 1  5876A  -0.760   0.0375      O  1 946.4A  -0.787   0.0352            
 nInu  3588A   3.106 275.5825      Ca B  3889A  -0.133   0.1588      He 1  4713A  -2.310   0.0011      O  1 934.5A  -0.840   0.0312            
 nFnu  2430A   0.930   1.8337      Ca B  3835A  -0.252   0.1209      He 1  4471A  -1.245   0.0123      O  1 973.6A  -1.029   0.0202            
 nInu  2430A   3.386 524.2776      Ca B  3798A  -0.353   0.0958      He 1  4026A  -1.575   0.0057      O  1 927.5A  -0.919   0.0260            
 nFnu  2392A   0.883   1.6473      Ca B  3771A  -0.440   0.0782      He 1  3820A  -1.817   0.0033      O  1 948.5A  -0.898   0.0273            
 nInu  2392A   3.393 532.8923      Ca B  3750A  -0.518   0.0655      He 1  7281A  -2.052   0.0019      O  1 923.0A  -1.007   0.0212            
 nFnu  2071A   0.468   0.6338      Ca B  3734A  -0.587   0.0558      He 1  6678A  -1.303   0.0107      O  1 919.9A  -1.105   0.0169            
 nInu  2071A   3.493 670.4824      Ca B  3722A  -0.652   0.0481      He 1  4922A  -1.805   0.0034      O  1 935.7A  -0.978   0.0227            
 nFnu  2053A   0.445   0.6013      Ca B  3712A  -0.715   0.0415      He 1  4388A  -2.136   0.0016      O  1 917.7A  -1.141   0.0156            
 nInu  2053A   3.489 665.5291      Ca B  3704A  -0.779   0.0359      He 1 1.869m  -1.612   0.0053      O  1 918.7A  -1.178   0.0143            
 nFnu  1793A   0.255   0.3878      Ca B  3697A  -0.842   0.0310      He 1 1.278m  -2.016   0.0021      O  1 928.2A  -1.091   0.0175            
 nInu  1793A   3.581 821.5098      Ca B  3692A  -0.905   0.0269      He 1 1.091m  -2.319   0.0010      O  1 917.5A  -1.219   0.0130            
 nFnu  1585A   0.277   0.4084      Ca B  3687A  -0.967   0.0233      He 1 1.870m  -2.091   0.0017      O  1 923.4A  -1.221   0.0130            
 nInu  1585A   3.548 761.5533      Ca B  3683A  -1.028   0.0202      He 1 4.048m  -2.249   0.0012      O  1 920.2A  -1.369   0.0092            
 nFnu  1458A   0.385   0.5230      Ca B  3679A  -1.087   0.0177      Pho+  3889A   0.006   0.2185      O  1 918.0A  -1.458   0.0075            
 nInu  1458A   3.6781026.6089      Ca B  3676A  -1.145   0.0155      database lines..............      Mg 1  1817A  -1.917   0.0026            
 nFnu  1357A   0.443   0.5977      Ca B  3674A  -1.200   0.0136      level 1 lines...............      Mg 1  1739A  -2.320   0.0010            
 nInu  1357A   3.7431193.3948      Ca B  3671A  -1.254   0.0120      C  1  1656A  -0.625   0.0512      Mg 2 959.3A  -1.494   0.0069            
 nFnu  1297A   0.530   0.7306      Ca B 1.875m   0.184   0.3294      REC   1656A  -1.015   0.0208      Mg 2 919.2A  -1.894   0.0028            
 nInu  1297A   3.7191129.5602      Ca B 1.282m  -0.098   0.1723      C  1  8727A  -1.069   0.0184      Mg 2  1258A  -1.646   0.0049            
 nFnu  1263A   0.726   1.1488      Ca B 1.094m  -0.321   0.1030      TOTL  2326A   0.089   0.2645      Al 2  1671A  -0.812   0.0333            
 nInu  1263A   3.7431193.3275      Ca B 1.005m  -0.498   0.0685      C  2  2325A  -0.883   0.0282      Al 2 929.0A  -2.229   0.0013            
 nFnu  1218A   3.040 236.5211      Ca B  9546A  -0.642   0.0492      C  2  2324A  -1.458   0.0075      Si 1  1261A  -1.841   0.0031            
 nInu  1218A   3.633 927.0881      Ca B  9229A  -0.763   0.0372      C  2  2329A  -0.864   0.0295      Si 1  1853A  -1.926   0.0026            
 nFnu  1196A   1.285   4.1553      Ca B  9015A  -0.865   0.0294      C  2  2328A  -0.595   0.0547      Si 1  1694A  -2.100   0.0017            
 nInu  1196A   3.6941065.6893      Ca B  8863A  -0.954   0.0240      C  2  2327A  -0.174   0.1445      Si 2  1180A  -0.413   0.0834            
 nFnu  1175A   0.734   1.1678      Ca B  8750A  -1.031   0.0201      C  2  1335A  -0.518   0.0654      Si 2 993.4A  -0.895   0.0275            
 nInu  1175A   3.586 831.5466      Ca B  8665A  -1.101   0.0171      REC   1335A  -2.292   0.0011      Si 2  1024A  -1.009   0.0211            
 nFnu  1144A   0.636   0.9322      Ca B  8598A  -1.166   0.0147      C  3 977.0A  -1.918   0.0026      S  1  1356A  -1.961   0.0024            
 nInu  1144A   3.7921337.0737      Ca B  8545A  -1.229   0.0127      N  1 953.9A  -0.744   0.0389      S  1  1227A  -2.117   0.0016            
 nFnu  1113A   0.593   0.8448      Ca B  8502A  -1.292   0.0110      N  1 954.1A  -0.966   0.0233      S  1  1662A  -2.212   0.0013            
 nInu  1113A   3.7391182.1510      Ca B  8467A  -1.356   0.0095      N  1 951.0A  -1.992   0.0022      Ar 1  1096A  -0.910   0.0265            
 nFnu  1103A   0.835   1.4749      Ca B  8438A  -1.418   0.0082      N  1  1200A  -0.614   0.0524      Ar 1 922.5A  -1.257   0.0119            
 nInu  1103A   3.8041372.4878      Ca B  8413A  -1.480   0.0071      N  1  3466A  -1.875   0.0029      Ar 1 918.5A  -1.330   0.0101            
 nFnu  1074A   0.756   1.2287      Ca B  8392A  -1.541   0.0062      TOTL  3467A  -1.795   0.0035      P  2  1308A  -2.263   0.0012            
 nInu  1074A   3.7761288.2681      Ca B  8374A  -1.600   0.0054      N  1 1.040m  -1.377   0.0091      P  2  1154A  -1.354   0.0095            
 nFnu  1064A   0.732   1.1649      Ca B  8359A  -1.658   0.0047      N  1 1.040m  -1.923   0.0026      P  2 967.2A  -1.199   0.0137            
 nInu  1064A   3.7861317.1132      Ca B  8346A  -1.714   0.0042      N  1 1.041m  -1.726   0.0041      P  2 963.8A  -0.988   0.0222            
 nFnu  1036A   0.690   1.0568      Ca B  8334A  -1.768   0.0037      N  1 1.041m  -1.739   0.0039      Cl 2  1071A  -2.155   0.0015            
 nInu  1036A   3.7491209.1588      Ca B 4.051m  -0.466   0.0737      TOTL 1.040m  -1.041   0.0196      Sc 2  3628A  -2.162   0.0015            
 nFnu  1000A   0.668   1.0037      Ca B 2.625m  -0.678   0.0453      N  2  2141A  -2.247   0.0012      Sc 2  3576A  -2.296   0.0011            
 nInu  1000A   3.7461202.3727      Ca B 2.166m  -0.857   0.0299      N  2  1085A  -0.915   0.0263      Ti 2  3366A  -0.673   0.0458            
 nFnu 925.1A   0.682   1.0376      Ca B 1.945m  -1.005   0.0213      O  1  6300A  -0.044   0.1948      Ti 2  3238A  -0.937   0.0250            
 nInu 925.1A   3.581 822.6396      Ca B 1.817m  -1.128   0.0161      O  1  6363A  -0.541   0.0621      Ti 2  1904A  -2.159   0.0015            
 nFnu 897.8A   2.169  31.7955      Ca B 1.736m  -1.232   0.0126      O  1  5577A  -0.922   0.0258      Ti 2  1907A  -1.916   0.0026            
 nFnu 760.0A   0.539   0.7457      Ca B 1.681m  -1.321   0.0103      O  1 63.17m  -2.039   0.0020      Cr 1  3591A  -2.298   0.0011            
 nFnu 701.5A  -0.218   0.1306      Ca B 1.641m  -1.399   0.0086      TOTL  7325A  -2.233   0.0013      Cr 2  2060A  -1.292   0.0110            
 nFnu 608.2A  -1.989   0.0022      Ca B 1.611m  -1.468   0.0073      O II  2471A  -2.323   0.0010      Mn 2  2590A  -0.676   0.0455            
 nFnu 575.1A  -1.567   0.0059      Ca B 1.588m  -1.533   0.0063      Ne 2 12.81m  -1.314   0.0105      Mn 2  1199A  -1.318   0.0104            
 nFnu 496.9A   1.070   2.5323      Ca B 1.570m  -1.597   0.0055      Na 1  5892A  -0.422   0.0817      Mn 2  1163A  -2.248   0.0012            
 RRC.........................      Ca B 1.556m  -1.660   0.0047      Mg 1  4561A  -1.935   0.0025      Co 2  2062A  -2.237   0.0012            
 grains......................      Ca B 1.544m  -1.723   0.0041      Mg 1  2853A  -0.920   0.0259      Co 2  2019A  -2.193   0.0014            
 H-like iso-sequence.........      Ca B 1.534m  -1.786   0.0035      Mg 1  2026A  -1.439   0.0079      Co 2  1950A  -2.184   0.0014            
 Clin 912.0A   0.011   0.2214      Ca B 1.526m  -1.848   0.0031      TOTL  2798A   1.248   3.8203      Co 2  1576A  -2.085   0.0018            
 Cool  1216A  -0.185   0.1408      Ca B 1.519m  -1.908   0.0027      Mg 2  2796A   1.069   2.5265      Co 2  1470A  -1.844   0.0031            
 Crst 960.0A  -0.386   0.0887      Ca B 1.513m  -1.968   0.0023      Mg 2  2803A   0.778   1.2937      Ni 2  1752A  -1.304   0.0107            
 Crst  4861A  -1.926   0.0026      Ca B 1.508m  -2.025   0.0020      totl  2665A  -0.480   0.0714      Ni 2  1744A  -1.254   0.0120            
 LA X  1216A  -1.107   0.0169      Ca B 1.504m  -2.081   0.0018      Al 2  2670A  -0.480   0.0714      Ni 2  1485A  -1.496   0.0069            
 Ca B  1216A   2.184  32.9629      Ca B 1.500m  -2.135   0.0016      TOTL  1860A  -2.318   0.0010      Ni 2  1473A  -1.306   0.0107            
 Q(H)  4861A   0.746   1.2024      Ca B 7.458m  -0.981   0.0225      Si 1  2518A  -1.987   0.0022      Ni 2  1400A  -1.403   0.0085            
 Q(H)  1216A   2.213  35.2434      Ca B 4.653m  -1.144   0.0155      Si 2 34.81m  -2.269   0.0012      Ni 2  1376A  -1.167   0.0147            
 Ca A  1216A   2.069  25.3064      Ca B 3.740m  -1.291   0.0110      TOTL  2335A  -0.407   0.0845      Ni 2  1324A  -1.151   0.0152            
 Ca A  1026A   1.382   5.1988      Ca B 3.296m  -1.415   0.0083      Si 2  2334A  -1.405   0.0085      Cu 2  1359A  -2.130   0.0016            
 Ca A 972.5A   1.028   2.2996      Ca B 3.038m  -1.519   0.0065      Si 2  2350A  -1.517   0.0066      Zn 1  2139A  -2.258   0.0012            
 Ca A 949.7A   0.810   1.3921      Ca B 2.872m  -1.608   0.0053      Si 2  2344A  -0.888   0.0279      Zn 2  2038A  -1.695   0.0044            
 Ca A 937.8A   0.669   1.0076      Ca B 2.758m  -1.686   0.0044      Si 2  2336A  -0.719   0.0412      hyperfine structure.........            
 Ca A 930.8A   0.571   0.8028      Ca B 2.674m  -1.755   0.0038      Si 2  1814A  -0.911   0.0265      inner shell.................            
 Ca A 926.2A   0.487   0.6616      Ca B 2.612m  -1.820   0.0033      Si 2  1531A  -0.906   0.0268      molecules...................            
 Ca A 923.2A   0.409   0.5536      Ca B 2.564m  -1.883   0.0028      Si 2  1308A  -0.805   0.0338      H-CT  6563A   0.181   0.3276            



                                                                           
 Cooling:  HFBc     0 :0.084 HFFc     0 :0.053 Ca2K  3934A:0.135 Ca2H  3969A:0.079 Fe2c     0 :0.219  
 Heating:  BFH1     0 :0.838 BFHe     0 :0.133  

 These are some of the most important databases used by Cloudy:
 Many recombination coefficients were taken from http://amdpp.phys.strath.ac.uk/tamoc/RR/ and http://amdpp.phys.strath.ac.uk/tamoc/DR/
      and are based on the following papers:
        Badnell N. R., et al., A&A 406, 1151 (2003) [http://adsabs.harvard.edu/abs/2003A%26A...406.1151B]
        Badnell N. R., ApJS 167, 334 (2006) [http://adsabs.harvard.edu/abs/2006ApJS..167..334B]
 Much of the molecular emission data is from LAMDA as accessed on Dec. 18, 2010. This database is described in:
        Schoeier F.L., et al., A&A 432, 369 (2005) [http://adsabs.harvard.edu/abs/2005A%26A...432..369S]
      This database is in part based on the work of the following groups:
        JPL: Pickett H. M. et al., JQSRT, 60, 883 (1998). [http://adsabs.harvard.edu/abs/1998JQSRT..60..883P]
        CDMS: Mueller H. S. et al., A&A 370, L49 (2001). [http://adsabs.harvard.edu/abs/2001A%26A...370L..49M]
              Mueller H. S. et al., J. Mol. Struct. 742, 215 (2005). [http://adsabs.harvard.edu/abs/2005JMoSt.742..215M]
 Much of the ionic emission data is from version 7.0 of CHIANTI. CHIANTI is a collaborative project involving the NRL (USA), the
      Universities of Florence (Italy) and Cambridge (UK), and George Mason University (USA). These papers describe Chianti:
        Dere K. P., et al., A&AS, 125, 149 (1997) [http://adsabs.harvard.edu/abs/1997A%26AS..125..149D]
        Landi E., et al., ApJ, 744, 99 (2012) [http://adsabs.harvard.edu/abs/2012ApJ...744...99L]
 Much of the H_2 data is from this web site: http://molat.obspm.fr/index.php?page=pages/Molecules/H2/H2can94.php. These data are
      described in:
        Abgrall H. et al., Can. J. Phys., 72, 856 (1994) [http://adsabs.harvard.edu/abs/1994CaJPh..72..856A]
        Wrathmall S. A. & Flower D. R., J. Phys. B, 40, 3221 (2007) [http://adsabs.harvard.edu/abs/2007JPhB...40.3221W]
 Please cite those papers that played a significant role in this calculation.

 IONIZE PARMET:  U(1-) -6.4768  U(4-): -8.5368  U(sp): -6.48  Q(ion):    9.951  L(ion)  0.113    Q(low): 15.476    L(low)  3.758
 ENERGY BUDGET:  Heat:   1.903  Coolg:   1.903  Error:  0.0%  Rec Lin:   0.650  F-F  H  0.000    P(rad/tot)max     1.68E-05

     Col(Heff):      0.000E+00  snd travl time  3.61E+04 sec  Te-low: 4.00E+03  Te-hi: 6.66E+03  G0TH85: 2.32E+06  G0DB96:2.54E+06
  Emiss Measure    n(e)n(p) dl       2.527E+25  n(e)n(He+)dl         5.994E+23  En(e)n(He++) dl         1.937E+20  ne nC+:6.99E+22
 He/Ha:2.77E-02  =   0.33*true  Lthin:1.38E+01  itr/zn:13.27  H2 itr/zn:  0.00  File Opacity: F  MassTot 4.70e-05  (gm/cm^2)
   Temps(21 cm)   T(21cm/Ly a)  4.59E+03        T(<nH/Tkin>)  4.89E+03          T(<nH/Tspin>)    4.90E+03          TB21cm:7.04E-01
                   N(H0/Tspin)  4.17E+15        N(OH/Tkin)    3.67E+07          B(21cm)          0.00E+00
   <a>:2.74E-04  erdeFe0.0E+00  Tcompt2.21E+00  Tthr1.17E+07  <Tden>: 5.01E+03  <dens>:2.27E-15  <MolWgt>1.24E+00
     Mean Jeans  l(cm)8.29E+16  M(sun)3.41E+02  smallest:     len(cm):7.41E+16  M(sun):2.43E+02  a_ox tran:  0.00
 Rion:1.000E+30  Dist:0.00E+00  Diam:0.000E+00
 Hatom level 70  HatomType: add  HInducImp  F  He tot level: 63  He2 level:   70  ExecTime   483.9
 ConvrgError(%)  <eden>  0.252  MaxEden  0.925  <H-C>   0.17  Max(H-C)    0.50  <Press>   0.000  MaxPrs er  0.000
  Continuity(%)  chng Te   1.3  elec den   5.0  n(H2)    0.0  n(CO)        0.0

                                                        Averaged Quantities
             Te      Te(Ne)   Te(NeNp)  Te(NeHe+)Te(NeHe2+) Te(NeO+)  Te(NeO2+)  Te(H2)     N(H)     Ne(O2+)   Ne(Np)
 Radius:  5.01e+03  6.07e+03  6.45e+03  6.33e+03  6.18e+03  6.45e+03  6.48e+03  4.47e+03  1.00e+09  1.45e+08  9.80e+07

 Contin Optical Depths: COMP: 1.86e-07    H-: 2.31e-05 R(1300): 1.37e-04  H2+: 2.23e-07  Pfa:1.87E-07
                          Pa: 1.86e-07    Ba: 2.12e-05      Hb: 1.64e-05   La: 2.95e-01     1r:1.292E+02  1.8:3.85E+01 4.:5.638E+00

 Old, new H  1 continuum optical depths:
     1 1.29e+02     2 1.18e-05     3 2.32e-05     4 2.32e-05     5 2.32e-05     6 5.77e-06     7 5.77e-06     8 5.77e-06
     9 5.77e-06    10 8.75e-11    11 8.75e-11    12 8.75e-11    13 8.75e-11    14 8.75e-11    15 2.02e-10    16 2.02e-10
    17 2.02e-10    18 2.02e-10    19 2.02e-10    20 2.02e-10    21 4.10e-10    22 4.10e-10    23 4.10e-10    24 4.10e-10
    25 4.10e-10    26 4.10e-10    27 4.10e-10    28 7.48e-10    29 7.48e-10    30 7.48e-10    31 7.48e-10    32 7.48e-10
    33 7.48e-10    34 7.48e-10    35 7.48e-10    36 1.28e-09    37 1.28e-09    38 1.28e-09    39 1.28e-09    40 1.28e-09
    41 1.28e-09    42 1.28e-09    43 1.28e-09    44 1.28e-09    45 2.05e-09    46 2.05e-09    47 2.05e-09    48 2.05e-09
    49 2.05e-09    50 2.05e-09    51 2.05e-09    52 2.05e-09    53 2.05e-09    54 2.05e-09
     1 1.29e+02     2 1.18e-05     3 2.32e-05     4 2.32e-05     5 2.32e-05     6 5.77e-06     7 5.77e-06     8 5.77e-06
     9 5.77e-06    10 8.75e-11    11 8.75e-11    12 8.75e-11    13 8.75e-11    14 8.75e-11    15 2.02e-10    16 2.02e-10
    17 2.02e-10    18 2.02e-10    19 2.02e-10    20 2.02e-10    21 4.10e-10    22 4.10e-10    23 4.10e-10    24 4.10e-10
    25 4.10e-10    26 4.10e-10    27 4.10e-10    28 7.48e-10    29 7.48e-10    30 7.48e-10    31 7.48e-10    32 7.48e-10
    33 7.48e-10    34 7.48e-10    35 7.48e-10    36 1.28e-09    37 1.28e-09    38 1.28e-09    39 1.28e-09    40 1.28e-09
    41 1.28e-09    42 1.28e-09    43 1.28e-09    44 1.28e-09    45 2.05e-09    46 2.05e-09    47 2.05e-09    48 2.05e-09
    49 2.05e-09    50 2.05e-09    51 2.05e-09    52 2.05e-09    53 2.05e-09    54 2.05e-09

 Old, new H  1 mean line optical depths:
  2- 1 3.05e+06  3- 2 3.83e-03  4- 3 2.14e-07  5- 4 1.45e-07  6- 5 6.57e-08  7- 6 4.68e-08  8- 7 6.25e-08
  9- 8 3.35e-08 10- 9 4.39e-08
  2- 1 3.05e+06  3- 2 3.76e-03  4- 3 2.13e-07  5- 4 1.45e-07  6- 5 6.57e-08  7- 6 4.68e-08  8- 7 6.24e-08
  9- 8 3.35e-08 10- 9 4.39e-08

 Old, new He 2 continuum optical depths:
     1 5.64e+00     2 1.28e+02     3 7.67e-06     4 7.67e-06     5 7.67e-06     6 1.18e-05     7 1.18e-05     8 1.18e-05
     9 1.18e-05    10 1.88e-05    11 1.88e-05    12 1.88e-05    13 1.88e-05    14 1.88e-05    15 2.32e-05    16 2.32e-05
    17 2.32e-05    18 2.32e-05    19 2.32e-05    20 2.32e-05    21 1.96e-05    22 1.96e-05    23 1.96e-05    24 1.96e-05
    25 1.96e-05    26 1.96e-05    27 1.96e-05    28 5.77e-06    29 5.77e-06    30 5.77e-06    31 5.77e-06    32 5.77e-06
    33 5.77e-06    34 5.77e-06    35 5.77e-06    36 5.02e-11    37 5.02e-11    38 5.02e-11    39 5.02e-11    40 5.02e-11
    41 5.02e-11    42 5.02e-11    43 5.02e-11    44 5.02e-11    45 8.75e-11    46 8.75e-11    47 8.75e-11    48 8.75e-11
    49 8.75e-11    50 8.75e-11    51 8.75e-11    52 8.75e-11    53 8.75e-11    54 8.75e-11
     1 5.64e+00     2 1.28e+02     3 7.67e-06     4 7.67e-06     5 7.67e-06     6 1.18e-05     7 1.18e-05     8 1.18e-05
     9 1.18e-05    10 1.88e-05    11 1.88e-05    12 1.88e-05    13 1.88e-05    14 1.88e-05    15 2.32e-05    16 2.32e-05
    17 2.32e-05    18 2.32e-05    19 2.32e-05    20 2.32e-05    21 1.96e-05    22 1.96e-05    23 1.96e-05    24 1.96e-05
    25 1.96e-05    26 1.96e-05    27 1.96e-05    28 5.77e-06    29 5.77e-06    30 5.77e-06    31 5.77e-06    32 5.77e-06
    33 5.77e-06    34 5.77e-06    35 5.77e-06    36 5.02e-11    37 5.02e-11    38 5.02e-11    39 5.02e-11    40 5.02e-11
    41 5.02e-11    42 5.02e-11    43 5.02e-11    44 5.02e-11    45 8.75e-11    46 8.75e-11    47 8.75e-11    48 8.75e-11
    49 8.75e-11    50 8.75e-11    51 8.75e-11    52 8.75e-11    53 8.75e-11    54 8.75e-11

 Old, new He 2 mean line optical depths:
  2- 1 9.41e+02  3- 2 5.02e-09  4- 3 6.94e-13  5- 4 5.15e-13  6- 5 7.49e-13  7- 6 3.48e-12  8- 7 5.97e-12
  9- 8 1.78e-12 10- 9 1.89e-13
  2- 1 9.41e+02  3- 2 5.01e-09  4- 3 6.94e-13  5- 4 5.15e-13  6- 5 7.49e-13  7- 6 3.48e-12  8- 7 5.97e-12
  9- 8 1.78e-12 10- 9 1.89e-13

 Old He Is optical depths:    1 3.86e+01    2 9.01e-06    3 9.81e-06    4 1.10e-05    5 1.10e-05
 New He Is optical depths:    1 3.85e+01    2 9.01e-06    3 9.81e-06    4 1.10e-05    5 1.10e-05
          Old He Is Lines:  584 1.65e+05 3889 3.09e-02 5016 9.52e-04 5876 1.95e-07
          New He Is Lines:  584 1.65e+05 3889 3.09e-02 5016 9.52e-04 5876 1.94e-07

==== H      compounds ====           Log10 column densities [cm^-2}
   H2        : 14.070   H2*       : 12.904   H2+       : 10.504   H3+       :  6.577
==== He     compounds ====
   HeH+      : 11.030
==== Li     compounds ====
   LiH       :  0.284   LiH+      : -0.793
==== C      compounds ====
   CH        :  8.072   CH+       :  9.208   CH2       :  3.612   CH2+      :  4.818   CH3       : -1.356   CH3+      :  0.483   CH4       : -5.686   CH4+      : -7.623
   CH5+      :-10.478   C2        :  3.508   C2+       :  4.918   C2H       : -0.858   C2H+      :  0.529   C2H2      : -7.135   C2H2+     : -3.698   C2H3+     : -8.586
   C3        : -6.709   C3+       : -3.639   C3H       :-11.689   C3H+      : -7.498
==== N      compounds ====
   NH        : 10.685   NH+       :  9.868   NH2       :  5.872   NH2+      :  5.713   NH3       :  1.914   NH3+      :  1.003   NH4+      : -6.164   CN        :  9.345
   CN+       :  7.334   HCN       :  6.150   HCN+      :  5.052   HNC       : -1.808   HCNH+     :  0.752   HC3N      :-35.930   N2        :  9.198   N2+       :  6.714
   N2H+      : -1.844
==== O      compounds ====
   OH        : 11.213   OH+       : 10.525   H2O       :  6.367   H2O+      :  6.208   H3O+      :  1.681   CO        : 11.274   CO+       :  7.750   HCO+      :  4.780
   H2CO      :-35.930   CH3OH     :-35.930   ^13CO     :  9.797   NO        :  8.688   NO+       :  7.113   HNO       :  3.473   HNO+      :  2.408   OCN       :  4.031
   OCN+      :  2.558   N2O       :  1.842   O2        :  7.298   O2+       :  8.233   NO2       :  0.726   NO2+      :  0.121
==== Ne     compounds ====
   NeH+      :  7.741
==== Si     compounds ====
   SiH       :  2.676   SiH2+     :  1.599   SiC2      :-35.930   SiN       :  0.066   SiN+      :  7.125   SiO       :  5.693   SiO+      :  7.457   SiOH+     :  2.839
==== S      compounds ====
   HS        :  7.378   HS+       :  7.908   CS        :  2.432   CS+       :  4.786   HCS+      :  1.247   NS        :  4.200   NS+       :  6.540   SO        :  5.337
   SO+       :  7.056   OCS       : -2.398   OCS+      : -3.427   SO2       :-35.930   S2        : -2.543   S2+       : -3.882
==== Cl     compounds ====
   HCl       :  3.615   HCl+      :  8.331   H2Cl+     :  4.252   CCl       :-11.487   CCl+      :  0.918   H2CCl+    :-13.791   ClO       :-14.044   ClO+      :-16.585
==== Ar     compounds ====
   ArH+      : 10.066
==== Ti     compounds ====
   TiH       :-35.930   TiH+      :-35.930   TiH2      :-35.930   TiH2+     :-35.930   TiC       :-35.930   TiC+      :-35.930   HCTi      :-35.930   HCTi+     :-35.930
   TiC2      :-35.930   TiC2+     :-35.930   TiN       :-35.930   TiN+      :-35.930   HNTi      :-35.930   HNTi+     :-35.930   TiNC      :-35.930   TiNC+     :-35.930
   TiO       :-35.930   TiO+      :-35.930   TiOH+     :-35.930   TiO2      :-35.930   TiF+      :-35.930   TiS       :-35.930   TiS+      :-35.930   HTiS      :-35.930


               1      2      3      4      5      6      7      8      9     10     11     12     13     14     15     16     17

 Hydrogen   19.310 17.411 14.099 (H2)                Log10 Column density (cm^-2)
 Helium     18.242 16.142 12.908
 Lithium     6.454  8.360  0.475-30.000
 Beryllium   7.550  8.664  5.582-30.000-30.000
 Boron       7.884 10.012  4.751-30.000-30.000-30.000
 Carbon     13.875 15.740 11.903-30.000-30.000-30.000-30.000
 Nitrogen   15.141 13.201  7.655-30.000-30.000-30.000-30.000-30.000
 Oxygen     16.002 14.009  8.607-30.000-30.000-30.000-30.000-30.000-30.000
 Fluorine   11.847 10.680  8.500-30.000-30.000-30.000-30.000-30.000-30.000-30.000
 Neon       15.213 14.108 12.083-30.000-30.000-30.000-30.000-30.000-30.000-30.000-30.000
 Sodium     12.206 13.533 11.431-30.000-30.000-30.000-30.000-30.000-30.000-30.000-30.000-30.000
 Magnesium  12.906 14.911 12.205-30.000-30.000-30.000-30.000-30.000-30.000-30.000-30.000-30.000-30.000
 Aluminium  10.358 13.765 11.010 10.806-30.000-30.000-30.000-30.000-30.000-30.000-30.000-30.000-30.000-30.000
 Silicon    11.946 14.826 10.375-30.000-30.000-30.000-30.000-30.000-30.000-30.000-30.000-30.000-30.000-30.000-30.000
 Phosphorus  9.875 12.725  8.928-30.000-30.000-30.000-30.000-30.000-30.000-30.000-30.000-30.000-30.000-30.000-30.000-30.000
 Sulphur    12.062 14.434 11.543-30.000-30.000-30.000-30.000-30.000-30.000-30.000-30.000-30.000-30.000-30.000-30.000-30.000-30.000
 Chlorine   10.348 12.813 10.074-30.000-30.000-30.000-30.000-30.000-30.000-30.000-30.000-30.000-30.000-30.000-30.000-30.000-30.000
-30.000
 Argon      13.696 12.356 10.735-30.000-30.000-30.000-30.000-30.000-30.000-30.000-30.000-30.000-30.000-30.000-30.000-30.000-30.000
-30.000-30.000
 Potassium  10.471 12.339  9.647-30.000-30.000-30.000-30.000-30.000-30.000-30.000-30.000-30.000-30.000-30.000-30.000-30.000-30.000
-30.000-30.000-30.000
 Calcium    11.434 13.307 13.394-30.000-30.000-30.000-30.000-30.000-30.000-30.000-30.000-30.000-30.000-30.000-30.000-30.000-30.000
-30.000-30.000-30.000-30.000
 Scandium    8.300 10.330  9.880  5.919-30.000-30.000-30.000-30.000-30.000-30.000-30.000-30.000-30.000-30.000-30.000-30.000-30.000
-30.000-30.000-30.000-30.000-30.000
 Titanium    8.662 12.263 10.073  0.962-30.000-30.000-30.000-30.000-30.000-30.000-30.000-30.000-30.000-30.000-30.000-30.000-30.000
-30.000-30.000-30.000-30.000-30.000-30.000
 Vanadium    9.741 11.230  8.985 -0.719-30.000-30.000-30.000-30.000-30.000-30.000-30.000-30.000-30.000-30.000-30.000-30.000-30.000
-30.000-30.000-30.000-30.000-30.000-30.000-30.000
 Chromium   10.662 12.954  9.672  0.318-30.000-30.000-30.000-30.000-30.000-30.000-30.000-30.000-30.000-30.000-30.000-30.000-30.000
-30.000-30.000-30.000-30.000-30.000-30.000-30.000-30.000
 Manganese   9.190 12.745  9.466 -0.038-30.000-30.000-30.000-30.000-30.000-30.000-30.000-30.000-30.000-30.000-30.000-30.000-30.000
-30.000-30.000-30.000-30.000-30.000-30.000-30.000-30.000-30.000
 Iron       10.981 14.815 11.101  2.370-30.000-30.000-30.000-30.000-30.000-30.000-30.000-30.000-30.000-30.000-30.000-30.000-30.000
-30.000-30.000-30.000-30.000-30.000-30.000-30.000-30.000-30.000-30.000
 Cobalt     11.205 12.270  6.342 -0.789-30.000-30.000-30.000-30.000-30.000-30.000-30.000-30.000-30.000-30.000-30.000-30.000-30.000
-30.000-30.000-30.000-30.000-30.000-30.000-30.000-30.000-30.000-30.000-30.000
 Nickel     10.155 13.536  7.519-30.000-30.000-30.000-30.000-30.000-30.000-30.000-30.000-30.000-30.000-30.000-30.000-30.000-30.000
-30.000-30.000-30.000-30.000-30.000-30.000-30.000-30.000-30.000-30.000-30.000-30.000
 Copper      9.843 11.496  8.055-30.000-30.000-30.000-30.000-30.000-30.000-30.000-30.000-30.000-30.000-30.000-30.000-30.000-30.000
-30.000-30.000-30.000-30.000-30.000-30.000-30.000-30.000-30.000-30.000-30.000-30.000-30.000
 Zinc       10.860 11.824 10.101  7.068-30.000-30.000-30.000-30.000-30.000-30.000-30.000-30.000-30.000-30.000-30.000-30.000-30.000
-30.000-30.000-30.000-30.000-30.000-30.000-30.000-30.000-30.000-30.000-30.000-30.000-30.000-30.000
 Exc state    He1* 11.357   CII* 15.561   C11* 12.924   C12* 13.400   C13* 13.618   O11* 15.756   O12* 15.514   O13* 15.028
              Si2* 14.637   C30*  5.835   C31*  5.587   C32*  6.616


 Hydrogen   -0.005 -1.904 -4.916 (H2)                 Log10 Mean Ionisation (over radius)
 Helium     -0.003 -2.103 -5.338
 Lithium    -1.911 -0.005 -7.890
 Beryllium  -1.147 -0.033 -3.114
 Boron      -2.131 -0.003 -5.265
 Carbon     -1.870 -0.006 -3.842
 Nitrogen   -0.005 -1.945 -7.490
 Oxygen     -0.004 -1.997 -7.399
 Fluorine   -0.029 -1.196 -3.376
 Neon       -0.033 -1.138 -3.163
 Sodium     -1.350 -0.023 -2.125
 Magnesium  -2.009 -0.005 -2.711
 Aluminium  -3.408 -0.001 -2.756 -2.960
 Silicon    -2.880 -0.001 -4.452
 Phosphorus -2.851 -0.001 -3.798
 Sulphur    -2.374 -0.002 -2.894
 Chlorine   -2.467 -0.002 -2.742
 Argon      -0.020 -1.360 -2.980
 Potassium  -1.875 -0.007 -2.699
 Calcium    -2.222 -0.349 -0.262
 Scandium   -2.165 -0.135 -0.585 -4.546
 Titanium   -3.603 -0.003 -2.193-11.304
 Vanadium   -1.505 -0.016 -2.261-11.965
 Chromium   -2.294 -0.002 -3.284-12.638
 Manganese  -3.555 -0.000 -3.280-12.784
 Iron       -3.835 -0.000 -3.715-12.446
 Cobalt     -1.100 -0.036 -5.963-13.095
 Nickel     -3.381 -0.000 -6.017
 Copper     -1.663 -0.010 -3.451
 Zinc       -1.015 -0.052 -1.775 -4.808

               1      2      3      4      5      6      7      8      9     10     11     12     13     14     15     16     17

 Hydrogen   -0.041 -1.045 -5.632 (H2)         Log10 Mean Ionisation (over radius*electron density)
 Helium     -0.011 -1.600 -5.090
 Lithium    -1.374 -0.019 -7.698
 Beryllium  -0.462 -0.185 -2.738
 Boron      -1.361 -0.019 -4.456
 Carbon     -1.147 -0.032 -3.174
 Nitrogen   -0.037 -1.094 -6.449
 Oxygen     -0.033 -1.130 -6.368
 Fluorine   -0.076 -0.795 -3.052
 Neon       -0.060 -0.892 -2.994
 Sodium     -1.517 -0.016 -2.209
 Magnesium  -1.752 -0.010 -2.375
 Aluminium  -3.403 -0.001 -3.000 -3.438
 Silicon    -2.307 -0.002 -3.484
 Phosphorus -2.817 -0.001 -3.161
 Sulphur    -1.623 -0.012 -2.462
 Chlorine   -2.698 -0.002 -2.519
 Argon      -0.135 -0.584 -2.162
 Potassium  -2.057 -0.005 -2.625
 Calcium    -1.462 -0.113 -0.709
 Scandium   -1.517 -0.061 -0.996 -4.148
 Titanium   -3.814 -0.004 -2.010-10.069
 Vanadium   -0.969 -0.058 -1.731-10.731
 Chromium   -1.601 -0.013 -2.317-11.404
 Manganese  -3.774 -0.002 -2.326-11.549
 Iron       -4.027 -0.001 -2.749-11.212
 Cobalt     -0.529 -0.152 -5.102-11.861
 Nickel     -3.552 -0.000 -5.133
 Copper     -0.959 -0.052 -2.738
 Zinc       -0.444 -0.206 -1.763 -4.669

               1      2      3      4      5      6      7      8      9     10     11     12     13     14     15     16     17

 Hydrogen    3.699  3.787  3.650 (H2)                  Log10 Mean Temperature (over radius)
 Helium      3.699  3.769  3.761
 Lithium     3.756  3.699  3.721
 Beryllium   3.771  3.694  3.746
 Boron       3.775  3.699  3.790
 Carbon      3.770  3.699  3.782
 Nitrogen    3.699  3.786  3.808
 Oxygen      3.699  3.787  3.807
 Fluorine    3.696  3.745  3.761
 Neon        3.697  3.733  3.750
 Sodium      3.699  3.700  3.717
 Magnesium   3.734  3.699  3.740
 Aluminium   3.707  3.700  3.690  3.675
 Silicon     3.742  3.700  3.801
 Phosphorus  3.709  3.700  3.765
 Sulphur     3.773  3.699  3.758
 Chlorine    3.675  3.700  3.736
 Argon       3.695  3.791  3.799
 Potassium   3.704  3.700  3.725
 Calcium     3.781  3.726  3.676
 Scandium    3.767  3.709  3.670  3.748
 Titanium    3.690  3.700  3.704  3.823
 Vanadium    3.755  3.697  3.753  3.823
 Chromium    3.767  3.699  3.802  3.823
 Manganese   3.688  3.700  3.800  3.823
 Iron        3.691  3.700  3.801  3.823
 Cobalt      3.757  3.694  3.790  3.823
 Nickel      3.689  3.700  3.791
 Copper      3.769  3.698  3.771
 Zinc        3.757  3.692  3.727  3.738

               1      2      3      4      5      6      7      8      9     10     11     12     13     14     15     16     17

 Hydrogen    3.781  3.809  3.672 (H2)          Log10 Mean Temperature (over radius*electron density)
 Helium      3.783  3.801  3.791
 Lithium     3.803  3.783  3.793
 Beryllium   3.806  3.771  3.798
 Boron       3.808  3.782  3.808
 Carbon      3.807  3.782  3.805
 Nitrogen    3.781  3.809  3.812
 Oxygen      3.781  3.810  3.812
 Fluorine    3.780  3.800  3.795
 Neon        3.782  3.794  3.787
 Sodium      3.769  3.784  3.773
 Magnesium   3.795  3.783  3.798
 Aluminium   3.783  3.783  3.761  3.727
 Silicon     3.806  3.783  3.811
 Phosphorus  3.785  3.783  3.806
 Sulphur     3.808  3.783  3.800
 Chlorine    3.767  3.783  3.793
 Argon       3.774  3.807  3.808
 Potassium   3.766  3.784  3.785
 Calcium     3.808  3.794  3.733
 Scandium    3.806  3.787  3.742  3.800
 Titanium    3.766  3.783  3.794  3.823
 Vanadium    3.803  3.780  3.804  3.823
 Chromium    3.807  3.783  3.811  3.823
 Manganese   3.765  3.783  3.811  3.823
 Iron        3.767  3.783  3.811  3.823
 Cobalt      3.804  3.774  3.809  3.823
 Nickel      3.770  3.783  3.810
 Copper      3.807  3.780  3.807
 Zinc        3.804  3.771  3.779  3.787

               1      2      3      4      5      6      7      8      9     10     11     12     13     14     15     16     17
                                                                          

---------------Convergence statistics---------------
      1.42 mean iterations/state convergence
      2.93 mean cx acceleration loops/iteration
      1.15 mean iso convergence loops/ion solve
      1.01 mean steps/chemistry solve
         1 mean step length searches/chemistry step
----------------------------------------------------

 Cloudy ends: 136 zones, 3 iterations, 1 caution.  ExecTime(s) 483.91
 [Stop in cdMain at ../maincl.cpp:483, Cloudy exited OK]
 ************************************************** GRID_DELIMIT -- grid000000074
