                                                          Cloudy 13.03
                                                         www.nublado.org

                       **************************************13Feb20**************************************
                       *                                                                                 *
                       * c                                                                               *
                       * phi(h) 11.000000 LOG range -0.000232 6.866524                                   *
                       * grid from 8 to 23 in 1 dex steps                                                *
                       * HDEN=9.000000 LOG                                                               *
                       * grid from 0 to 12 in 1 dex steps                                                *
                       * set pres ionize 1e5                                                             *
                       * c                                                                               *
                       * c                                                                               *
                       * table star "Rotation_inst.mod" age 6.78                                         *
                       * c<< Rotation_ins model    4 read.       Age =    6010000.00                 >>> *
                       * c<< Rotation_ins model    5 read.       Age =    8010000.00                 >>> *
                       * c<< FINAL:     Age =    6025595.86                                          >>> *
                       * c                                                                               *
                       * c                                                                               *
                       * abundances GASS10                                                               *
                       * c                                                                               *
                       * c                                                                               *
                       * iterate to convergence max = 7                                                  *
                       * stop column density = 23                                                        *
                       * c                                                                               *
                       * c                                                                               *
                       * print last                                                                      *
                       * set save prefix "geneva_inst_rot_6"                                             *
                       * save grid ".grd" last no hash                                                   *
                       * save linelist "emissionlines_abs.txt" "LineList_HII.dat" absolute last no hash    *
                       *                                                                                 *
                       ***********************************************************************************



           !The plasma frequency is 9.45e-08 Ryd.  The incident continuum is set to 0 below this.
           3972CellPeak1.00E+00   Lo 1.00e-08=910.79cm   Hi-Con:4.21E+00 Ryd   E(hi):7.35E+06Ryd     E(hi):     100.01 MeV
           I(nu>1ryd):   0.4624   Average nu:1.330E+00   I( X-ray):   0.0000   I(BalC):   1.1389     Phi(BalmrC):  12.0435
           phi(1.0-1.8):10.9574   phi(1.8-4.0):  9.970   phi(4.0-20):  0.363   phi(20--):  0.000     Ion pht flx:1.000E+11
           I(gam ray):   0.0000   phi(gam r):   0.0000   I(Infred):   0.2347   Alf(ox):   0.0000     Total inten:   1.2645
           U(1.0----):3.336E-09   U(4.0----):7.703E-20   T(En-Den):1.687E+01   T(Comp):2.841E+04     nuJnu(912A):1.206E+01
           Occ(FarIR):0.000E+00   Occ(H n=6):2.886E-12   Occ(1Ryd):5.543E-16   Occ(4R):1.859E-27     Occ (Nu-hi):1.724E-28
           Tbr(FarIR):0.000E+00   Tbr(H n=6):1.265E-08   Tbr(1Ryd):8.762E-11   Tbr(4R):1.175E-21     Tbr (Nu-hi):1.143E-22
  
                                                  Gas Phase Chemical Composition
        H :  0.0000  He: -1.0701  Li:-10.9508  Be:-10.6198  B : -9.3002  C : -3.5702  N : -4.1701  O : -3.3098  F : -7.4401
        Ne: -4.0701  Na: -5.7595  Mg: -4.4001  Al: -5.5498  Si: -4.4895  P : -6.5901  S : -4.8794  Cl: -6.5003  Ar: -5.6003
        K : -6.9706  Ca: -5.6596  Sc: -8.8508  Ti: -7.0501  V : -8.0701  Cr: -6.3595  Mn: -6.5702  Fe: -4.5003  Co: -7.0101
                                               Ni: -5.7799  Cu: -7.8097  Zn: -7.4401
 
 ####  1  Te:5.027E+03 Hden:1.000E+09 Ne:2.318E+07 R:1.000E+30 R-R0:1.114E+03 dR:2.229E+03 NTR: 41 Htot:1.528E-09 T912: 1.38e-05###
 Hydrogen      9.77e-01 2.29e-02 H+o/Hden 1.00e+00 5.20e-08 H-    H2 1.95e-06 2.98e-09 H2+ HeH+ 1.27e-09 Ho+ ColD 2.18e+12 5.10e+10
 Helium        9.98e-01 1.61e-03 6.29e-17 HeI 2s3S 3.30e-08 Comp H,C 5.43e-21 9.61e-22 Fill Fac 1.00e+00 Gam1/tot 1.00e+00
 He singlet n  9.98e-01 2.11e-10 1.49e-16 1.52e-17 8.02e-17 1.95e-17 He tripl 3.30e-08 4.30e-15 2.26e-17 1.71e-16 5.36e-17
 Pressure      NgasTgas 5.58e+12 P(total) 7.70e-04 P( gas ) 7.70e-04 P(Radtn) 0.00e+00 Rad accl 1.34e-03 ForceMul 3.22e+08
 Texc(La)      3.58e+03 T(I con) 1.69e+01 T(D con) 4.08e-01 T(U tot) 1.69e+01 nT (c+d) 4.18e+06 Prad/Gas 0.00e+00 Pmag/Gas 0.00e+00
 Molecules     CH/Ctot: 1.33e-06 CH+/Ctot 4.35e-08 CO/Ctot: 7.06e-06 CO+/Ctot 2.15e-10 H2O/Otot 4.10e-12 OH/Ototl 4.28e-06
 Lithium       3.02e-01 6.98e-01 0.00e+00 0.00e+00 Berylliu 9.76e-01 2.41e-02 1.25e-05 0.00e+00 0.00e+00 sec ion: 0.00e+00
 Boron         8.19e-01 1.81e-01 1.54e-07 0.00e+00 0.00e+00 0.00e+00
 Carbon        8.68e-01 1.32e-01 4.53e-06 0.00e+00 0.00e+00 0.00e+00 0.00e+00 H2O+/O   1.46e-12 OH+/Otot 1.27e-06 Hex(tot) 0.00e+00
 Nitrogen      9.88e-01 1.18e-02 3.46e-10 0.00e+00 0.00e+00 0.00e+00 0.00e+00 0.00e+00 O2/Ototl 2.46e-10 O2+/Otot 7.28e-10
 Oxygen        9.82e-01 1.81e-02 3.67e-10 0.00e+00 0.00e+00 0.00e+00 0.00e+00 0.00e+00 0.00e+00
 Fluorine      9.78e-01 2.20e-02 1.26e-06 0.00e+00 0.00e+00 0.00e+00 0.00e+00 0.00e+00 0.00e+00 0.00e+00
 Neon          9.90e-01 9.77e-03 6.13e-08 0.00e+00 0.00e+00 0.00e+00 0.00e+00 0.00e+00 0.00e+00 0.00e+00 0.00e+00
 Sodium        5.61e-02 9.44e-01 8.21e-07 0.00e+00 0.00e+00 0.00e+00 0.00e+00 0.00e+00 0.00e+00 0.00e+00 0.00e+00 0.00e+00
 Magnesium     2.47e-02 9.75e-01 5.39e-04 0.00e+00 0.00e+00 0.00e+00 0.00e+00 0.00e+00 0.00e+00 0.00e+00 0.00e+00 0.00e+00 0.00e+00
 Aluminium  0  4.44e-04 1.00e+00 3.68e-05 0.00e+00 0.00e+00 0.00e+00 0.00e+00 0.00e+00 0.00e+00 0.00e+00 0.00e+00 0.00e+00 0.00e+00
 Silicon    0  3.88e-02 9.61e-01 1.81e-05 0.00e+00 0.00e+00 0.00e+00 0.00e+00 0.00e+00 0.00e+00 0.00e+00 0.00e+00 0.00e+00 0.00e+00
 Phosphorus 0  1.84e-03 9.98e-01 5.29e-05 0.00e+00 0.00e+00 0.00e+00 0.00e+00 0.00e+00 0.00e+00 0.00e+00 0.00e+00 0.00e+00 0.00e+00
 Sulphur    0  3.55e-01 6.44e-01 2.80e-04 0.00e+00 0.00e+00 0.00e+00 0.00e+00 0.00e+00 0.00e+00 0.00e+00 0.00e+00 0.00e+00 0.00e+00
 Chlorine   0  2.14e-03 9.98e-01 2.52e-04 0.00e+00 0.00e+00 0.00e+00 0.00e+00 0.00e+00 0.00e+00 0.00e+00 0.00e+00 0.00e+00 0.00e+00
 Argon      0  9.23e-01 7.63e-02 1.04e-04 0.00e+00 0.00e+00 0.00e+00 0.00e+00 0.00e+00 0.00e+00 0.00e+00 0.00e+00 0.00e+00 0.00e+00
 Potassium  0  6.16e-02 9.38e-01 5.68e-05 0.00e+00 0.00e+00 0.00e+00 0.00e+00 0.00e+00 0.00e+00 0.00e+00 0.00e+00 0.00e+00 0.00e+00
 Calcium    0  8.10e-01 1.90e-01 3.38e-04 0.00e+00 0.00e+00 0.00e+00 0.00e+00 0.00e+00 0.00e+00 0.00e+00 0.00e+00 0.00e+00 0.00e+00
 Scandium   0  7.61e-01 2.37e-01 1.90e-03 0.00e+00 0.00e+00 0.00e+00 0.00e+00 0.00e+00 0.00e+00 0.00e+00 0.00e+00 0.00e+00 0.00e+00
 Titanium   0  1.62e-04 9.98e-01 1.60e-03 0.00e+00 0.00e+00 0.00e+00 0.00e+00 0.00e+00 0.00e+00 0.00e+00 0.00e+00 0.00e+00 0.00e+00
 Vanadium   0  8.92e-01 1.08e-01 4.69e-04 0.00e+00 0.00e+00 0.00e+00 0.00e+00 0.00e+00 0.00e+00 0.00e+00 0.00e+00 0.00e+00 0.00e+00
 Chromium   0  7.18e-01 2.82e-01 7.09e-05 0.00e+00 0.00e+00 0.00e+00 0.00e+00 0.00e+00 0.00e+00 0.00e+00 0.00e+00 0.00e+00 0.00e+00
 Manganese  0  1.74e-04 9.99e-01 3.62e-04 0.00e+00 0.00e+00 0.00e+00 0.00e+00 0.00e+00 0.00e+00 0.00e+00 0.00e+00 0.00e+00 0.00e+00
 Iron       0  9.88e-05 1.00e+00 1.05e-04 0.00e+00 0.00e+00 0.00e+00 0.00e+00 0.00e+00 0.00e+00 0.00e+00 0.00e+00 0.00e+00 0.00e+00
 Cobalt     0  9.71e-01 2.94e-02 1.25e-08 0.00e+00 0.00e+00 0.00e+00 0.00e+00 0.00e+00 0.00e+00 0.00e+00 0.00e+00 0.00e+00 0.00e+00
 Nickel     0  2.89e-04 1.00e+00 2.02e-07 0.00e+00 0.00e+00 0.00e+00 0.00e+00 0.00e+00 0.00e+00 0.00e+00 0.00e+00 0.00e+00 0.00e+00
 Copper     0  9.06e-01 9.38e-02 9.85e-06 0.00e+00 0.00e+00 0.00e+00 0.00e+00 0.00e+00 0.00e+00 0.00e+00 0.00e+00 0.00e+00 0.00e+00
 Zinc       0  9.81e-01 1.90e-02 1.38e-05 0.00e+00 0.00e+00 0.00e+00 0.00e+00 0.00e+00 0.00e+00 0.00e+00 0.00e+00 0.00e+00 0.00e+00
 #### 75  Te:3.980E+03 Hden:1.000E+09 Ne:4.282E+06 R:1.000E+30 R-R0:1.085E+09 dR:3.019E+07 NTR: 10 Htot:1.480E-10 T912: 6.88e+00###
 Hydrogen      9.96e-01 4.02e-03 H+o/Hden 1.00e+00 1.43e-08 H-    H2 1.10e-04 1.31e-09 H2+ HeH+ 7.99e-10 Ho+ ColD 1.09e+18 1.24e+16
 Helium        9.99e-01 9.08e-04 8.78e-17 HeI 2s3S 2.65e-08 Comp H,C 7.54e-22 1.27e-22 Fill Fac 1.00e+00 Gam1/tot 1.00e+00
 He singlet n  9.99e-01 2.91e-11 8.73e-17 1.14e-18 4.64e-18 2.53e-18 He tripl 2.65e-08 4.03e-16 2.38e-18 2.05e-17 7.00e-18
 Pressure      NgasTgas 4.34e+12 P(total) 5.99e-04 P( gas ) 5.99e-04 P(Radtn) 3.05e-12 Rad accl 6.57e-06 ForceMul 9.43e+06
 Texc(La)      3.92e+03 T(I con) 1.62e+01 T(D con) 7.83e+00 T(U tot) 1.64e+01 nT (c+d) 5.81e+06 Prad/Gas 5.08e-09 Pmag/Gas 0.00e+00
 Molecules     CH/Ctot: 2.74e-05 CH+/Ctot 1.36e-06 CO/Ctot: 9.30e-04 CO+/Ctot 4.64e-08 H2O/Otot 3.11e-08 OH/Ototl 2.48e-04
 Lithium       4.46e-01 5.54e-01 0.00e+00 0.00e+00 Berylliu 9.05e-01 9.54e-02 2.23e-05 0.00e+00 0.00e+00 sec ion: 0.00e+00
 Boron         5.09e-01 4.91e-01 1.03e-07 0.00e+00 0.00e+00 0.00e+00
 Carbon        6.95e-01 3.04e-01 3.01e-06 0.00e+00 0.00e+00 0.00e+00 0.00e+00 H2O+/O   1.76e-08 OH+/Otot 5.99e-05 Hex(tot) 0.00e+00
 Nitrogen      9.98e-01 1.14e-03 1.15e-11 0.00e+00 0.00e+00 0.00e+00 0.00e+00 0.00e+00 O2/Ototl 3.45e-08 O2+/Otot 1.55e-07
 Oxygen        9.96e-01 3.13e-03 3.23e-11 0.00e+00 0.00e+00 0.00e+00 0.00e+00 0.00e+00 0.00e+00
 Fluorine      9.85e-01 1.46e-02 1.56e-06 0.00e+00 0.00e+00 0.00e+00 0.00e+00 0.00e+00 0.00e+00 0.00e+00
 Neon          9.90e-01 9.60e-03 1.25e-07 0.00e+00 0.00e+00 0.00e+00 0.00e+00 0.00e+00 0.00e+00 0.00e+00 0.00e+00
 Sodium        7.95e-02 9.21e-01 1.70e-06 0.00e+00 0.00e+00 0.00e+00 0.00e+00 0.00e+00 0.00e+00 0.00e+00 0.00e+00 0.00e+00
 Magnesium     2.32e-02 9.77e-01 5.92e-05 0.00e+00 0.00e+00 0.00e+00 0.00e+00 0.00e+00 0.00e+00 0.00e+00 0.00e+00 0.00e+00 0.00e+00
 Aluminium  0  5.18e-04 9.99e-01 2.91e-05 0.00e+00 0.00e+00 0.00e+00 0.00e+00 0.00e+00 0.00e+00 0.00e+00 0.00e+00 0.00e+00 0.00e+00
 Silicon    0  1.74e-02 9.83e-01 6.53e-07 0.00e+00 0.00e+00 0.00e+00 0.00e+00 0.00e+00 0.00e+00 0.00e+00 0.00e+00 0.00e+00 0.00e+00
 Phosphorus 0  2.29e-03 9.98e-01 2.33e-05 0.00e+00 0.00e+00 0.00e+00 0.00e+00 0.00e+00 0.00e+00 0.00e+00 0.00e+00 0.00e+00 0.00e+00
 Sulphur    0  7.18e-02 9.28e-01 4.69e-05 0.00e+00 0.00e+00 0.00e+00 0.00e+00 0.00e+00 0.00e+00 0.00e+00 0.00e+00 0.00e+00 0.00e+00
 Chlorine   0  2.88e-02 9.71e-01 1.91e-04 0.00e+00 0.00e+00 0.00e+00 0.00e+00 0.00e+00 0.00e+00 0.00e+00 0.00e+00 0.00e+00 0.00e+00
 Argon      0  9.97e-01 1.83e-03 1.41e-06 0.00e+00 0.00e+00 0.00e+00 0.00e+00 0.00e+00 0.00e+00 0.00e+00 0.00e+00 0.00e+00 0.00e+00
 Potassium  0  2.54e-01 7.46e-01 6.33e-05 0.00e+00 0.00e+00 0.00e+00 0.00e+00 0.00e+00 0.00e+00 0.00e+00 0.00e+00 0.00e+00 0.00e+00
 Calcium    0  6.29e-01 3.70e-01 1.67e-03 0.00e+00 0.00e+00 0.00e+00 0.00e+00 0.00e+00 0.00e+00 0.00e+00 0.00e+00 0.00e+00 0.00e+00
 Scandium   0  5.93e-01 4.06e-01 1.43e-03 0.00e+00 0.00e+00 0.00e+00 0.00e+00 0.00e+00 0.00e+00 0.00e+00 0.00e+00 0.00e+00 0.00e+00
 Titanium   0  2.23e-04 9.99e-01 6.21e-04 0.00e+00 0.00e+00 0.00e+00 0.00e+00 0.00e+00 0.00e+00 0.00e+00 0.00e+00 0.00e+00 0.00e+00
 Vanadium   0  8.37e-01 1.63e-01 1.84e-04 0.00e+00 0.00e+00 0.00e+00 0.00e+00 0.00e+00 0.00e+00 0.00e+00 0.00e+00 0.00e+00 0.00e+00
 Chromium   0  4.36e-01 5.64e-01 4.35e-06 0.00e+00 0.00e+00 0.00e+00 0.00e+00 0.00e+00 0.00e+00 0.00e+00 0.00e+00 0.00e+00 0.00e+00
 Manganese  0  2.38e-04 1.00e+00 1.82e-05 0.00e+00 0.00e+00 0.00e+00 0.00e+00 0.00e+00 0.00e+00 0.00e+00 0.00e+00 0.00e+00 0.00e+00
 Iron       0  1.34e-04 1.00e+00 3.91e-06 0.00e+00 0.00e+00 0.00e+00 0.00e+00 0.00e+00 0.00e+00 0.00e+00 0.00e+00 0.00e+00 0.00e+00
 Cobalt     0  9.41e-01 5.85e-02 3.27e-09 0.00e+00 0.00e+00 0.00e+00 0.00e+00 0.00e+00 0.00e+00 0.00e+00 0.00e+00 0.00e+00 0.00e+00
 Nickel     0  3.76e-04 1.00e+00 3.80e-08 0.00e+00 0.00e+00 0.00e+00 0.00e+00 0.00e+00 0.00e+00 0.00e+00 0.00e+00 0.00e+00 0.00e+00
 Copper     0  7.61e-01 2.39e-01 1.03e-05 0.00e+00 0.00e+00 0.00e+00 0.00e+00 0.00e+00 0.00e+00 0.00e+00 0.00e+00 0.00e+00 0.00e+00
 Zinc       0  9.49e-01 5.11e-02 3.13e-05 0.00e+00 0.00e+00 0.00e+00 0.00e+00 0.00e+00 0.00e+00 0.00e+00 0.00e+00 0.00e+00 0.00e+00
                                                                             
   Calculation stopped because lowest Te reached. Iteration 3 of 3
   The geometry is plane-parallel.
  !Charge transfer ionization of H reached 20683.0% of the local H ionization rate.
  !The largest plasma frequency was 9.45e-08 Ryd = 9.64e+05 micron  The continuum is set to 0 below this.
  !AGE: Cloud age was not set.  Longest timescale was 5.81e+06 s = 2.21e+00 months.
  !Mutual neutralization production of H-alpha was significant.
  !The CMB was not included.  This is added with the CMB command.
   H2 vib deexec heating reached 1.95% of the local heating.
   Charge transfer heating reached 4.48% of the local heating.
   The density is too low to l-mix the lowest He I collapsed level.  More resolved levels are needed for accurate line ratios.
   The largest continuum occupation number was 4.339e-01 at 9.471e-08 Ryd.
   Grains were not present but might survive in this environment (energy density temperature was 1.69e+01K)
   The continuum optical depth at the lowest energy considered (1.004e-08 Ryd) was 6.773e+01.
   The fraction of Ar in ArH+ reached 0.150% at some point in the cloud.

                       *********************************> Cloudy 13.03 <**********************************
                       * c                                                                               *
                       * phi(h) 11.000000 LOG range -0.000232 6.866524                                   *
                       * grid from 8 to 23 in 1 dex steps                                                *
                       * HDEN=9.000000 LOG                                                               *
                       * grid from 0 to 12 in 1 dex steps                                                *
                       * set pres ionize 1e5                                                             *
                       * c                                                                               *
                       * c                                                                               *
                       * table star "Rotation_inst.mod" age 6.78                                         *
                       * c                                                                               *
                       * c                                                                               *
                       * abundances GASS10                                                               *
                       * c                                                                               *
                       * c                                                                               *
                       * iterate to convergence max = 7                                                  *
                       * stop column density = 23                                                        *
                       * c                                                                               *
                       * c                                                                               *
                       * print last                                                                      *
                       * set save prefix "geneva_inst_rot_6"                                             *
                       * save grid ".grd" last no hash                                                   *
                       * save linelist "emissionlines_abs.txt" "LineList_HII.dat" absolute last no hash    *
                       *********************************> Log(U): -8.48 <*********************************

                     Emission Line Spectrum.   Constant  Density Model.    Open geometry.  Iteration 3 of 3.
                                                     Intensity (erg/s/cm^2).


                                                   Intrinsic line intensities
 general properties..........      H  1 1.458m  -2.171   0.1616      Ca B  6563A  -0.883   3.1346      N  1 953.9A  -3.619   0.0058            
 TOTL  4861A  -1.379   1.0000      H  1 1.458m  -2.431   0.0888      Ca B  4861A  -1.335   1.1058      N  1 954.1A  -4.366   0.0010            
 TOTL  1216A   0.151  33.9163      H  1 2.279m  -3.091   0.0194      Ca B  4340A  -1.655   0.5299      N  1  1200A  -3.323   0.0114            
 Inci     0    1.265 440.0669      H  1 2.279m  -2.638   0.0551      Ca B  4102A  -1.892   0.3071      N  1  3466A  -3.714   0.0046            
 TotH     0   -0.232  14.0438      H  1 2.279m  -2.521   0.0721      Ca B  3970A  -2.073   0.2025      TOTL  3467A  -3.634   0.0056            
 TotC     0   -0.232  14.0328      H  1 2.279m  -2.631   0.0560      Ca B  3889A  -2.216   0.1457      N  1 1.040m  -3.216   0.0146            
 BFH1     0   -0.259  13.1787      H  1 2.279m  -3.053   0.0212      Ca B  3835A  -2.333   0.1113      N  1 1.040m  -3.761   0.0042            
 BFHe     0   -1.745   0.4304      H  1 3.281m  -3.392   0.0097      Ca B  3798A  -2.433   0.0883      N  1 1.041m  -3.565   0.0065            
 TotM     0   -2.348   0.1074      H  1 3.281m  -2.941   0.0274      Ca B  3771A  -2.522   0.0720      N  1 1.041m  -3.577   0.0063            
 CT H     0   -1.945   0.2720      H  1 3.281m  -2.810   0.0371      Ca B  3750A  -2.602   0.0599      TOTL 1.040m  -2.880   0.0316            
 H FB     0   -1.333   1.1117      H  1 3.281m  -2.863   0.0328      Ca B  3734A  -2.674   0.0507      O  1  6300A  -1.554   0.6677            
 HFBc     0   -1.333   1.1117      H  1 3.281m  -3.109   0.0186      Ca B  3722A  -2.739   0.0437      O  1  6363A  -2.051   0.2129            
 OH       0   -3.822   0.0036      H  1 3.281m  -3.648   0.0054      Ca B  3712A  -2.798   0.0381      O  1  5577A  -3.192   0.0154            
 continua....................      H  1 4.466m  -3.638   0.0055      Ca B  3704A  -2.853   0.0336      O  1 63.17m  -3.314   0.0116            
 Bac   3646A   0.027  25.4981      H  1 4.466m  -3.188   0.0155      Ca B  3697A  -2.903   0.0299      Ne 2 12.81m  -3.515   0.0073            
 nFnu  3645A   0.034  25.8848      H  1 4.466m  -3.051   0.0213      Ca B  3692A  -2.950   0.0269      Na 1  5892A  -1.963   0.2605            
 nFnu  3647A  -1.792   0.3867      H  1 4.466m  -3.077   0.0200      Ca B  3687A  -2.995   0.0242      Mg 1  4561A  -3.906   0.0030            
 cout  3646A  -0.274  12.7491      H  1 4.466m  -3.250   0.0135      Ca B  3683A  -3.041   0.0218      Mg 1  2853A  -3.467   0.0082            
 cref  3646A  -0.274  12.7490      H  1 4.466m  -3.594   0.0061      Ca B  3679A  -3.086   0.0196      TOTL  2798A  -1.226   1.4216            
 thin  3646A   0.027  25.4982      H  1 4.466m  -4.219   0.0014      Ca B  3676A  -3.132   0.0177      Mg 2  2796A  -1.406   0.9390            
 Inci  4860A   0.126  31.9768      H  1 5.834m  -3.845   0.0034      Ca B  3674A  -3.178   0.0159      Mg 2  2803A  -1.695   0.4826            
 Inci  1215A   1.169 353.4079      H  1 5.834m  -3.397   0.0096      Ca B  3671A  -3.224   0.0143      totl  2665A  -2.995   0.0242            
 Ba C     0   -0.919   2.8861      H  1 5.834m  -3.258   0.0132      Ca B 1.875m  -1.806   0.3737      Al 2  2670A  -2.995   0.0242            
 PA C     0   -1.309   1.1756      H  1 5.834m  -3.270   0.0129      Ca B 1.282m  -2.112   0.1849      Si 2 34.81m  -3.557   0.0066            
 FIR  83.00m  -0.440   8.6953      H  1 5.834m  -3.404   0.0094      Ca B 1.094m  -2.356   0.1055      TOTL  2335A  -3.111   0.0185            
 TIR   1800m  -2.689   0.0490      H  1 5.834m  -3.663   0.0052      Ca B 1.005m  -2.547   0.0679      Si 2  2334A  -4.111   0.0019            
 NIRa 2.850m  -0.086  19.6156      H  1 5.834m  -4.080   0.0020      Ca B  9546A  -2.700   0.0477      Si 2  2350A  -4.223   0.0014            
 NIRb 3.000m  -0.533   7.0087      H  1 7.383m  -4.024   0.0023      Ca B  9229A  -2.826   0.0357      Si 2  2344A  -3.585   0.0062            
 MIRa 15.00m  -0.922   2.8650      H  1 7.383m  -3.576   0.0064      Ca B  9015A  -2.933   0.0279      Si 2  2336A  -3.427   0.0090            
 MIRb 22.50m  -0.727   4.4890      H  1 7.383m  -3.436   0.0088      Ca B  8863A  -3.027   0.0225      Si 2  1814A  -4.148   0.0017            
 NMIR 21.75m  -0.086  19.6156      H  1 7.383m  -3.440   0.0087      Ca B  8750A  -3.110   0.0186      Si 2  1531A  -3.742   0.0043            
 TFIR 611.2m  -0.952   2.6718      H  1 7.383m  -3.553   0.0067      Ca B  8665A  -3.184   0.0157      Si 2  1308A  -3.658   0.0053            
 TALL 10000A   1.262 437.8136      H  1 7.383m  -3.765   0.0041      Ca B  8598A  -3.250   0.0134      Si 2  1263A  -3.377   0.0100            
 F12  12.00m  -1.415   0.9200      H  1 7.383m  -4.087   0.0020      Ca B  8545A  -3.311   0.0117      P  2 1.640m  -3.405   0.0094            
 F25  25.00m  -1.270   1.2840      H  1 9.115m  -4.180   0.0016      Ca B  8502A  -3.366   0.0103      P  2  4669A  -3.895   0.0030            
 F60  60.00m  -0.837   3.4813      H  1 9.115m  -3.733   0.0044      Ca B  8467A  -3.416   0.0092      P  2  4737A  -4.372   0.0010            
 F100 100.0m  -1.028   2.2439      H  1 9.115m  -3.593   0.0061      Ca B  8438A  -3.463   0.0082      P  2 1.189m  -3.643   0.0054            
 MIPS 24.00m  -1.570   0.6440      H  1 9.115m  -3.592   0.0061      Ca B  8413A  -3.509   0.0074      P  2 1.147m  -4.120   0.0018            
 MIPS 70.00m  -1.194   1.5308      H  1 9.115m  -3.692   0.0049      Ca B  8392A  -3.554   0.0067      S  1 25.19m  -3.993   0.0024            
 MIPS 160.0m  -1.424   0.9023      H  1 9.115m  -3.876   0.0032      Ca B  8374A  -3.599   0.0060      S 1R  1807A  -3.965   0.0026            
 IRAC 3.600m  -1.850   0.3382      H  1 9.115m  -4.144   0.0017      Ca B  8359A  -3.645   0.0054      S  2  6720A  -3.563   0.0065            
 IRAC 4.500m  -1.814   0.3674      H  1 11.03m  -3.039   0.0219      Ca B  8346A  -3.691   0.0049      S  2  4074A  -2.356   0.1055            
 IRAC 5.800m  -1.902   0.3000      H  1 13.13m  -3.151   0.0169      Ca B  8334A  -3.737   0.0044      S  2 1.033m  -2.549   0.0676            
 IRAC 8.000m  -1.681   0.4991      H  1 15.40m  -3.254   0.0133      Ca B 4.051m  -2.439   0.0872      S II  6731A  -3.721   0.0046            
 SPR1 250.0m  -1.843   0.3435      H  1 17.87m  -3.350   0.0107      Ca B 2.625m  -2.672   0.0510      S II  6716A  -4.079   0.0020            
 SPR2 350.0m  -2.274   0.1273      H  1 20.51m  -3.439   0.0087      Ca B 2.166m  -2.872   0.0322      S II  4070A  -2.438   0.0873            
 SPR3 500.0m  -2.651   0.0534      H  1 23.33m  -3.523   0.0072      Ca B 1.945m  -3.036   0.0220      S II  4078A  -3.119   0.0182            
 PAC1 70.00m  -1.132   1.7647      H  1 26.34m  -3.601   0.0060      Ca B 1.817m  -3.172   0.0161      S II 1.032m  -2.929   0.0282            
 PAC2 100.0m  -1.023   2.2696      H  1 29.53m  -3.675   0.0051      Ca B 1.736m  -3.287   0.0124      S II 1.029m  -3.065   0.0206            
 PAC3 160.0m  -1.167   1.6308      H  1 32.91m  -3.745   0.0043      Ca B 1.681m  -3.386   0.0098      S II 1.037m  -3.579   0.0063            
 PAH  3.300m  -2.638   0.0551      H  1 36.46m  -3.811   0.0037      Ca B 1.641m  -3.472   0.0081      S II 1.034m  -3.281   0.0125            
 PAHC 3.230m  -2.961   0.0262      H  1 40.20m  -3.875   0.0032      Ca B 1.611m  -3.548   0.0068      S  2  1256A  -4.252   0.0013            
 PAHC 3.370m  -3.050   0.0213      H  1 44.12m  -3.935   0.0028      Ca B 1.588m  -3.615   0.0058      Cl 2 14.40m  -3.973   0.0025            
 PAH  6.200m  -2.375   0.1009      H  1 48.22m  -3.992   0.0024      Ca B 1.570m  -3.677   0.0050      Cl 2  8579A  -2.887   0.0310            
 PAHC 5.650m  -2.363   0.1038      H  1 52.50m  -4.048   0.0021      Ca B 1.556m  -3.732   0.0044      Cl 2  9124A  -3.465   0.0082            
 PAH  7.900m  -2.096   0.1917      H  1 56.97m  -2.858   0.0332      Ca B 1.544m  -3.782   0.0039      Ar 2 6.980m  -3.603   0.0060            
 PAHC 6.900m  -2.113   0.1846      He 1 504.3A  -2.407   0.0937      Ca B 1.534m  -3.830   0.0035      K  1  7676A  -2.607   0.0592            
 PAH  11.30m  -2.616   0.0579      He 1  2600A  -3.599   0.0060      Ca B 1.526m  -3.876   0.0032      Ca 1  4228A  -1.503   0.7524            
 PAHC 10.90m  -2.631   0.0559      He 1  3121A  -4.110   0.0019      Ca B 1.519m  -3.921   0.0029      Ca 2  3933A  -1.407   0.9367            
 PAH  11.80m  -2.406   0.0941      He 1  3421A  -4.033   0.0022      Ca B 1.513m  -3.967   0.0026      Ca 2  8579A  -2.717   0.0459            
 PAHC 12.65m  -2.339   0.1096      He 1  3421A  -3.555   0.0067      Ca B 1.508m  -4.012   0.0023      Ca 2  7306A  -1.279   1.2589            
 PAH  13.30m  -2.362   0.1039      He 1  3421A  -3.334   0.0111      Ca B 1.504m  -4.058   0.0021      Ca2K  3934A  -1.593   0.6111            
 PAHC 14.10m  -2.356   0.1055      He 1  3679A  -3.748   0.0043      Ca B 1.500m  -4.104   0.0019      Ca2H  3969A  -1.866   0.3255            
 Bcon  3640A   1.189 369.5513      He 1  7843A  -3.858   0.0033      Ca B 7.458m  -2.946   0.0271      Ca2X  8498A  -3.863   0.0033            
 Pcon  5000A   0.172  35.5259      He 1  8188A  -3.993   0.0024      Ca B 4.653m  -3.131   0.0177      Ca2Y  8542A  -2.906   0.0297            
 HFFc     0   -1.333   1.1115      C  1  1101A  -2.843   0.0344      Ca B 3.740m  -3.299   0.0120      Ca2Z  8662A  -3.266   0.0130            
 H FF     0   -1.668   0.5141      Al 1  2071A  -3.878   0.0032      Ca B 3.296m  -3.442   0.0087      CaF1  7291A  -1.499   0.7588            
 HeFF     0   -3.785   0.0039      Si 1  1521A  -2.886   0.0312      Ca B 3.038m  -3.563   0.0066      CaF2  7324A  -1.680   0.5001            
 MeFB     0   -3.048   0.0214      P  1  1182A  -3.910   0.0029      Ca B 2.872m  -3.665   0.0052      Fe2c     0   -0.861   3.2970            
 MeFF     0   -3.599   0.0060      S  1  1197A  -2.943   0.0273      Ca B 2.758m  -3.754   0.0042      Fe 2  4300A  -1.199   1.5120            
 ToFF     0   -1.660   0.5241      Cl 1 956.0A  -3.792   0.0039      Ca B 2.674m  -3.832   0.0035      Fe 2  2400A  -1.436   0.8777            
 nFnu 122.4m  -3.036   0.0220      Fe 1  1569A  -3.855   0.0033      Ca B 2.612m  -3.900   0.0030      Fe 2  6200A  -3.847   0.0034            
 nInu 122.4m  -0.615   5.8110      grains......................      Ca B 2.564m  -3.962   0.0026      Fe 2 1.150m  -4.250   0.0013            
 nFnu 60.83m  -2.765   0.0411      H-like iso-sequence.........      Ca B 2.525m  -4.017   0.0023      Fe 2 25.98m  -3.027   0.0225            
 nInu 60.83m  -0.662   5.2105      Hlin 912.0A  -4.261   0.0013      Ca B 2.495m  -4.068   0.0020      Fe 2 5.339m  -4.034   0.0022            
 nFnu 41.22m  -2.590   0.0615      Cool  1216A  -4.191   0.0015      Ca B 2.469m  -4.116   0.0018      Fe 2 1.257m  -2.368   0.1026            
 nInu 41.22m  -0.774   4.0234      Hrst     0   -3.830   0.0035      Ca B 2.448m  -4.162   0.0017      Fe 2 35.34m  -3.444   0.0086            
 nFnu 30.87m  -2.470   0.0812      CION     0   -4.224   0.0014      Ca B 2.431m  -4.207   0.0015      Fe 2 1.321m  -2.945   0.0271            
 nInu 30.87m  -0.877   3.1787      Ca B  1216A   0.151  33.8725      Ca B 2.416m  -4.253   0.0013      Fe 2 1.249m  -3.601   0.0060            
 nFnu 24.78m  -2.377   0.1005      Q(H)  4861A  -1.270   1.2854      Ca B 2.403m  -4.298   0.0012      Fe 2  7638A  -2.906   0.0297            
 nInu 24.78m  -0.956   2.6490      Q(H)  1216A   0.213  39.1089      Ca B 2.392m  -4.344   0.0011      Fe 2 51.29m  -4.140   0.0017            
 nFnu 24.30m  -2.369   0.1024      CaBo  4861A  -1.357   1.0515      Ca B 12.37m  -3.373   0.0101      Fe 2 1.372m  -3.170   0.0162            
 nInu 24.30m  -0.963   2.6054      Ca A  1216A   0.045  26.5173      Ca B 7.500m  -3.523   0.0072      Fe 2 1.294m  -2.933   0.0279            
 nFnu 22.83m  -2.341   0.1090      Ca A  1026A  -0.676   5.0411      Ca B 5.907m  -3.666   0.0052      Fe 2  7687A  -3.099   0.0191            
 nInu 22.83m  -0.985   2.4790      Ca A 972.5A  -1.076   2.0095      Ca B 5.127m  -3.790   0.0039      Fe 2 1.328m  -3.178   0.0159            
 nFnu 21.42m  -2.316   0.1157      Ca A 949.7A  -1.341   1.0913      Ca B 4.671m  -3.895   0.0030      Fe 2 1.279m  -3.045   0.0216            
 nInu 21.42m  -1.008   2.3490      Ca A 937.8A  -1.518   0.7262      Ca B 4.375m  -3.986   0.0025      Fe 2 1.252m  -3.944   0.0027            
 nFnu 21.12m  -2.310   0.1172      Ca A 930.8A  -1.637   0.5518      Ca B 4.170m  -4.064   0.0021      Fe 2  7665A  -3.465   0.0082            
 nInu 21.12m  -1.014   2.3200      Ca A 926.2A  -1.717   0.4590      Ca B 4.020m  -4.134   0.0018      Fe 2 1.298m  -3.409   0.0093            
 nFnu 19.62m  -2.278   0.1262      Ca A 923.2A  -1.774   0.4027      Ca B 3.906m  -4.196   0.0015      Fe 2 1.270m  -3.231   0.0141            
 nInu 19.62m  -1.039   2.1866      Ca A 921.0A  -1.823   0.3595      Ca B 3.818m  -4.252   0.0013      Fe 2  7874A  -3.957   0.0026            
 nFnu 17.65m  -2.230   0.1410      Ca A 919.4A  -1.873   0.3210      Ca B 3.748m  -4.303   0.0012      Fe 2  7733A  -3.981   0.0025            
 nInu 17.65m  -1.082   1.9804      Ca A 918.1A  -1.922   0.2862      Ca B 3.692m  -4.350   0.0011      Fe 2 17.93m  -2.685   0.0494            
 nFnu 17.37m  -2.224   0.1429      Ca A 917.2A  -1.971   0.2560      Ca B 19.06m  -3.742   0.0043      Fe 2 1.644m  -2.441   0.0868            
 nInu 17.37m  -1.088   1.9539      Ca A 916.4A  -2.017   0.2303      Ca B 11.31m  -3.865   0.0033      Fe 2 1.533m  -2.878   0.0317            
 nFnu 15.69m  -2.186   0.1561      Ca A 915.8A  -2.060   0.2086      Ca B 8.758m  -3.986   0.0025      Fe 2  8617A  -2.328   0.1125            
 nInu 15.69m  -1.127   1.7856      Ca A 915.3A  -2.099   0.1905      Ca B 7.506m  -4.092   0.0019      Fe 2 24.51m  -3.162   0.0165            
 nFnu 14.60m  -2.152   0.1686      Ca A 914.9A  -2.135   0.1754      Ca B 6.770m  -4.183   0.0016      Fe 2 1.809m  -3.144   0.0172            
 nInu 14.60m  -1.155   1.6766      Ca A 914.6A  -2.168   0.1624      Ca B 6.290m  -4.263   0.0013      Fe 2 1.677m  -3.017   0.0230            
 nFnu 12.43m  -2.082   0.1984      Ca A 914.3A  -2.201   0.1506      Ca B 5.955m  -4.332   0.0011      Fe 2 1.599m  -2.984   0.0248            
 nInu 12.43m  -1.219   1.4451      Ca A 914.0A  -2.235   0.1393      Ca B 27.80m  -4.065   0.0021      Fe 2  9052A  -2.986   0.0247            
 nFnu 11.40m  -2.050   0.2131      Ca A 913.8A  -2.270   0.1284      Ca B 16.20m  -4.165   0.0016      Fe 2  8892A  -2.742   0.0433            
 nInu 11.40m  -1.252   1.3387      Ca A 913.6A  -2.308   0.1178      Ca B 12.38m  -4.266   0.0013      Fe 2 35.77m  -3.977   0.0025            
 nFnu 10.46m  -2.009   0.2346      Ca A 913.5A  -2.347   0.1077      Ca B 10.50m  -4.357   0.0011      Fe 2 1.800m  -3.189   0.0155            
 nInu 10.46m  -1.286   1.2401      Ca A 913.3A  -2.387   0.0981      Ca B 38.86m  -4.350   0.0011      Fe 2 1.711m  -3.566   0.0065            
 nFnu 9.480m  -1.974   0.2543      Ca A  6563A  -1.092   1.9382      H  1     0   -3.421   0.0091      Fe 2 1.664m  -3.272   0.0128            
 nInu 9.480m  -1.324   1.1344      Ca A  4861A  -1.536   0.6964      H  1  1216A   0.151  33.9163      Fe 2  9399A  -3.763   0.0041            
 nFnu 9.325m  -1.968   0.2574      Ca A  4340A  -1.857   0.3323      H  1  1026A  -2.875   0.0319      Fe 2  9227A  -2.998   0.0240            
 nInu 9.325m  -1.330   1.1195      Ca A  4102A  -2.098   0.1911      H  1 972.5A  -3.031   0.0223      Fe 2  9033A  -3.214   0.0146            
 nFnu 8.210m  -1.910   0.2947      Ca A  3970A  -2.279   0.1260      H  1 949.7A  -3.174   0.0160      Fe 2 1.797m  -3.339   0.0110            
 nInu 8.210m  -1.380   0.9978      Ca A  3889A  -2.417   0.0916      H  1 937.8A  -3.302   0.0119      Fe 2 1.745m  -3.580   0.0063            
 nFnu 7.580m  -1.884   0.3128      Ca A  3835A  -2.526   0.0713      H  1 930.8A  -3.412   0.0093      Fe 2  9471A  -3.564   0.0065            
 nInu 7.580m  -1.411   0.9300      Ca A  3798A  -2.615   0.0581      H  1 926.2A  -3.463   0.0082      Fe 2  9268A  -3.109   0.0186            
 nFnu 7.050m  -1.841   0.3451      Ca A  3771A  -2.691   0.0487      H  1 923.2A  -3.464   0.0082      Fe 2 22.90m  -4.102   0.0019            
 nInu 7.050m  -1.437   0.8745      Ca A  3750A  -2.758   0.0418      H  1 921.0A  -3.413   0.0092      Fe 2 1.811m  -3.783   0.0039            
 nFnu 4.114m  -1.629   0.5617      Ca A  3734A  -2.816   0.0365      H  1  6563A  -0.926   2.8351      Fe 2 1.748m  -3.984   0.0025            
 nInu 4.114m  -1.520   0.7226      Ca A  3722A  -2.868   0.0324      H  1  4861A  -1.379   1.0000      Fe 2 1.813m  -4.236   0.0014            
 nFnu 2.324m  -1.512   0.7360      Ca A  3712A  -2.915   0.0291      H  1  4340A  -1.684   0.4950      Fe2b  7000A  -2.605   0.0595            
 nInu 2.324m  -1.255   1.3308      Ca A  3704A  -2.957   0.0264      H  1  4102A  -1.880   0.3156      Fe2b 10000A  -1.510   0.7400            
 nFnu 1.643m  -1.429   0.8904      Ca A  3697A  -2.994   0.0242      H  1  3970A  -2.034   0.2215      Fe2b  7445A  -2.605   0.0595            
 nInu 1.643m  -0.996   2.4175      Ca A  3692A  -3.029   0.0224      H  1  3889A  -2.167   0.1630      Fe2b  8625A  -1.991   0.2446            
 nFnu 1.480m  -1.369   1.0237      Ca A  3687A  -3.062   0.0207      H  1  3835A  -2.271   0.1284      Fe2b 1.033m  -3.564   0.0065            
 nInu 1.480m  -0.933   2.7952      Ca A  3683A  -3.096   0.0192      H  1  3798A  -2.310   0.1173      Fe2b 1.889m  -2.559   0.0661            
 nFnu 1.436m  -1.088   1.9541      Ca A  3679A  -3.132   0.0177      H  1 1.875m  -1.870   0.3232      Fe 2  1786A  -3.584   0.0062            
 nInu 1.436m  -0.826   3.5698      Ca A  3676A  -3.170   0.0162      H  1 1.282m  -2.159   0.1661      recombination...............            
 nFnu 1.119m  -0.986   2.4706      Ca A  3674A  -3.209   0.0148      H  1 1.094m  -2.376   0.1008      C  1 1.069m  -4.052   0.0021            
 nInu 1.119m  -0.649   5.3732      Ca A  3671A  -3.249   0.0135      H  1 1.005m  -2.544   0.0685      O  1  1357A  -3.644   0.0054            
 nFnu  8330A  -0.972   2.5532      Ca A 1.875m  -1.891   0.3076      H  1  9546A  -2.681   0.0499      C  1  1140A  -2.790   0.0388            
 nInu  8330A  -0.426   8.9802      Ca A 1.282m  -2.207   0.1487      H  1  9229A  -2.786   0.0392      N  1 980.7A  -4.302   0.0012            
 nFnu  8079A  -0.603   5.9697      Ca A 1.094m  -2.463   0.0824      H  1  9015A  -2.825   0.0358      O  1  7950A  -4.176   0.0016            
 nInu  8079A  -0.305  11.8574      Ca A 1.005m  -2.669   0.0513      H  1 4.051m  -2.528   0.0709      level2 lines................            
 nFnu  6210A  -0.868   3.2452      Ca A  9546A  -2.835   0.0350      H  1 2.625m  -2.738   0.0437      C  1 943.9A  -3.235   0.0139            
 nInu  6210A  -0.095  19.2399      Ca A  9229A  -2.971   0.0256      H  1 2.166m  -2.912   0.0293      C  1  1248A  -3.339   0.0110            
 nFnu  4885A  -1.225   1.4256      Ca A  9015A  -3.082   0.0198      H  1 1.945m  -3.051   0.0213      C  1 841.0A  -4.091   0.0019            
 nInu  4885A   0.130  32.2876      Ca A  8863A  -3.174   0.0160      H  1 1.817m  -3.156   0.0167      C  1  1561A  -3.615   0.0058            
 nFnu  3704A  -1.799   0.3800      Ca A  8750A  -3.252   0.0134      H  1 1.736m  -3.195   0.0153      C  1  1315A  -3.392   0.0097            
 nInu  3704A   0.359  54.6921      Ca A  8665A  -3.317   0.0115      H  1 7.458m  -3.060   0.0209      C  1  1166A  -3.527   0.0071            
 nFnu  3588A  -0.011  23.3140      Ca A  8598A  -3.374   0.0101      H  1 4.653m  -3.211   0.0147      C  1  1233A  -3.402   0.0095            
 nInu  3588A   0.482  72.6308      Ca A  8545A  -3.423   0.0090      H  1 3.740m  -3.345   0.0108      C  1  1132A  -3.547   0.0068            
 nFnu  2430A  -1.507   0.7441      Ca A  8502A  -3.467   0.0082      H  1 3.296m  -3.447   0.0085      C  1  1251A  -3.509   0.0074            
 nInu  2430A   0.763 138.6119      Ca A  8467A  -3.505   0.0075      H  1 3.038m  -3.484   0.0078      C  1  1112A  -3.582   0.0063            
 nFnu  2392A  -1.573   0.6398      Ca A  8438A  -3.541   0.0069      H  1 12.37m  -3.487   0.0078      C  1  1115A  -3.607   0.0059            
 nInu  2392A   0.776 142.7656      Ca A  8413A  -3.574   0.0064      H  1 7.500m  -3.595   0.0061      C  1  1162A  -3.708   0.0047            
 nFnu  2071A  -2.012   0.2330      Ca A  8392A  -3.609   0.0059      H  1 5.907m  -3.690   0.0049      C  1  1167A  -3.705   0.0047            
 nInu  2071A   0.888 185.1355      Ca A  8374A  -3.645   0.0054      H  1 5.127m  -3.724   0.0045      C  1  1104A  -3.562   0.0066            
 nFnu  2053A  -2.042   0.2175      Ca A  8359A  -3.683   0.0050      H  1 19.06m  -3.837   0.0035      C  1  1109A  -3.604   0.0060            
 nInu  2053A   0.888 185.0133      Ca A  8346A  -3.722   0.0045      H  1 11.31m  -3.905   0.0030      C  1  1130A  -3.850   0.0034            
 nFnu  1793A  -2.213   0.1465      Ca A  8334A  -3.763   0.0041      H  1 8.758m  -3.932   0.0028      C  1  1098A  -3.683   0.0050            
 nInu  1793A   0.997 237.5068      Ca A 4.051m  -2.506   0.0747      H  1 27.80m  -4.121   0.0018      C  1  1132A  -3.725   0.0045            
 nFnu  1585A  -2.119   0.1820      Ca A 2.625m  -2.748   0.0428      H  1 16.20m  -4.121   0.0018      C  1  1106A  -3.767   0.0041            
 nInu  1585A   0.927 202.3605      Ca A 2.166m  -2.962   0.0261      H  1 38.86m  -4.316   0.0012      C  1  1093A  -3.825   0.0036            
 nFnu  1458A  -1.714   0.4621      Ca A 1.945m  -3.142   0.0173      He-like iso-sequence........      C  1  1110A  -4.005   0.0024            
 nInu  1458A   1.101 301.8636      Ca A 1.817m  -3.292   0.0122      Clin 506.0A  -3.607   0.0059      C  1  1114A  -4.022   0.0023            
 nFnu  1357A  -1.913   0.2923      Ca A 1.736m  -3.417   0.0092      Hlin 506.0A  -3.828   0.0036      C  1  1115A  -4.030   0.0022            
 nInu  1357A   1.181 363.4771      Ca A 1.681m  -3.520   0.0072      Ca B  2945A  -4.122   0.0018      C  1  1090A  -3.939   0.0028            
 nFnu  1297A  -1.938   0.2759      Ca A 1.641m  -3.605   0.0059      Ca B  3188A  -3.802   0.0038      C  1  1104A  -4.049   0.0021            
 nInu  1297A   1.197 376.7631      Ca A 1.611m  -3.675   0.0051      Ca B  3889A  -3.390   0.0097      C  1  1104A  -4.057   0.0021            
 nFnu  1263A  -1.926   0.2837      Ca A 1.588m  -3.735   0.0044      Ca B  3965A  -4.377   0.0010      C  1  1098A  -4.211   0.0015            
 nInu  1263A   1.190 371.1093      Ca A 1.570m  -3.787   0.0039      Ca B  4026A  -4.024   0.0023      C  1  1097A  -4.226   0.0014            
 nFnu  1218A  -0.619   5.7512      Ca A 1.556m  -3.831   0.0035      Ca B  4471A  -3.689   0.0049      C  2 892.8A  -3.916   0.0029            
 nInu  1218A   1.168 352.0012      Ca A 1.544m  -3.871   0.0032      Ca B  4922A  -4.251   0.0013      C  2  1020A  -3.393   0.0097            
 nFnu  1196A  -1.406   0.9398      Ca A 1.534m  -3.906   0.0030      Ca B  5016A  -3.969   0.0026      N  1 942.3A  -3.621   0.0057            
 nInu  1196A   1.214 391.8370      Ca A 1.526m  -3.941   0.0027      Ca B  5876A  -3.214   0.0146      N  1 952.1A  -3.627   0.0056            
 nFnu  1175A  -1.502   0.7531      Ca A 1.519m  -3.975   0.0025      Ca B  6678A  -3.759   0.0042      N  1  1131A  -3.818   0.0036            
 nInu  1175A   1.168 352.5981      Ca A 1.513m  -4.011   0.0023      Ca B  7065A  -4.059   0.0021      O  1 867.3A  -3.939   0.0028            
 nFnu  1144A  -1.645   0.5416      Ca A 1.508m  -4.049   0.0021      Ca B 1.083m  -2.394   0.0966      O  1 976.8A  -3.443   0.0086            
 nInu  1144A   1.282 458.4346      Ca A 1.504m  -4.089   0.0020      Ca B 1.869m  -4.059   0.0021      O  1 767.7A  -4.230   0.0014            
 nFnu  1113A  -1.721   0.4550      Ca A 1.500m  -4.129   0.0018      Ca B 2.058m  -3.574   0.0064      O  1 969.0A  -3.373   0.0101            
 nInu  1113A   1.150 337.6897      Ca A 7.458m  -3.012   0.0233      He 1     0   -1.778   0.3986      O  1 946.4A  -3.580   0.0063            
 nFnu  1103A  -1.267   1.2953      Ca A 4.653m  -3.207   0.0149      He 1 584.3A  -2.926   0.0284      O  1 934.5A  -3.631   0.0056            
 nInu  1103A   1.305 482.7859      Ca A 3.740m  -3.390   0.0098      He 1 537.0A  -3.898   0.0030      O  1 973.6A  -3.748   0.0043            
 nFnu  1074A  -1.447   0.8554      Ca A 3.296m  -3.548   0.0068      He 1 522.2A  -4.123   0.0018      O  1 927.5A  -3.816   0.0037            
 nInu  1074A   1.237 412.8319      Ca A 3.038m  -3.680   0.0050      He 1 515.6A  -4.142   0.0017      O  1 948.5A  -3.988   0.0025            
 nFnu  1064A  -1.507   0.7456      Ca A 2.872m  -3.790   0.0039      He 1 512.1A  -4.104   0.0019      O  1 923.0A  -3.998   0.0024            
 nInu  1064A   1.315 494.7809      Ca A 2.758m  -3.881   0.0032      TOTL 1.083m  -2.521   0.0720      O  1 919.9A  -4.141   0.0017            
 nFnu  1036A  -1.621   0.5726      Ca A 2.674m  -3.955   0.0027      He 1 1.083m  -2.521   0.0720      O  1 935.7A  -4.129   0.0018            
 nInu  1036A   1.299 476.5068      Ca A 2.612m  -4.017   0.0023      He 1 1.083m  -3.476   0.0080      O  1 917.7A  -4.261   0.0013            
 nFnu  1000A  -1.704   0.4727      Ca A 2.564m  -4.070   0.0020      He 1 1.083m  -2.999   0.0240      O  1 918.7A  -4.362   0.0010            
 nInu  1000A   1.296 473.6057      Ca A 2.525m  -4.116   0.0018      He 1 1.083m  -2.777   0.0400      O  1 928.2A  -4.367   0.0010            
 nFnu 925.1A  -1.679   0.5012      Ca A 2.495m  -4.156   0.0017      He 1  3889A  -3.480   0.0079      Al 2  1671A  -3.694   0.0048            
 nInu 925.1A   1.245 420.7480      Ca A 2.469m  -4.192   0.0015      He 1  3188A  -3.892   0.0031      Si 1  1261A  -4.347   0.0011            
 nFnu 897.8A   0.317  49.6231      Ca A 2.448m  -4.226   0.0014      He 1  2945A  -4.215   0.0015      Si 2  1180A  -3.353   0.0106            
 nInu 897.8A  -2.103   0.1886      Ca A 2.431m  -4.261   0.0013      He 1 2.058m  -4.055   0.0021      Si 2 993.4A  -3.607   0.0059            
 nFnu 760.0A  -1.871   0.3220      Ca A 2.416m  -4.297   0.0012      He 1  5016A  -4.034   0.0022      Si 2  1024A  -4.146   0.0017            
 nInu 760.0A  -1.067   2.0527      Ca A 2.403m  -4.335   0.0011      He 1  7065A  -4.172   0.0016      S  1  1356A  -4.165   0.0016            
 nFnu 701.5A  -2.347   0.1076      Ca A 2.392m  -4.375   0.0010      He 1  5876A  -3.263   0.0130      S  1  1227A  -4.288   0.0012            
 nInu 701.5A  -0.892   3.0708      Ca A 12.37m  -3.444   0.0086      He 1  4471A  -3.756   0.0042      S  2 750.3A  -4.267   0.0013            
 nFnu 608.2A  -3.984   0.0025      Ca A 7.500m  -3.606   0.0059      He 1  4026A  -4.097   0.0019      Ar 1  1096A  -3.896   0.0030            
 nInu 608.2A  -0.539   6.9182      Ca A 5.907m  -3.763   0.0041      He 1  3820A  -4.357   0.0011      Ar 1 922.5A  -4.365   0.0010            
 nFnu 575.1A  -3.322   0.0114      Ca A 5.127m  -3.900   0.0030      He 1  6678A  -3.805   0.0037      P  2 963.8A  -4.240   0.0014            
 nInu 575.1A  -0.347  10.7700      Ca A 4.671m  -4.014   0.0023      He 1  4922A  -4.316   0.0012      Ti 2  3366A  -2.962   0.0261            
 nInu 511.9A  -0.308  11.7661      Ca A 4.375m  -4.108   0.0019      He 1 1.869m  -4.086   0.0020      Ti 2  3238A  -3.282   0.0125            
 nFnu 496.9A  -0.959   2.6331      Ca A 4.170m  -4.184   0.0016      Pho+  3889A  -2.183   0.1572      Cr 1  4271A  -3.332   0.0111            
 nInu 496.9A  -0.751   4.2431      Ca A 4.020m  -4.248   0.0014      database lines..............      Cr 1  3591A  -3.443   0.0086            
 nInu 399.2A  -0.574   6.3779      Ca A 3.906m  -4.302   0.0012      level 1 lines...............      Mn 2  2590A  -3.289   0.0123            
 RRC.........................      Ca A 3.818m  -4.349   0.0011      C  1  1656A  -2.850   0.0338      hyperfine structure.........            
 H  1 911.8A  -0.957   2.6399      Ca A 19.06m  -3.821   0.0036      REC   1656A  -3.008   0.0235      inner shell.................            
 H  1  3646A  -1.417   0.9162      Ca A 11.31m  -3.956   0.0027      C Ic  9850A  -2.434   0.0882      molecules...................            
 H  1  3646A  -1.025   2.2596      Ca A 8.758m  -4.090   0.0019      TOTL  9850A  -2.434   0.0882      H2vH     0   -2.686   0.0493            
 H  1  8204A  -2.183   0.1570      Ca A 7.506m  -4.206   0.0015      C  1  8727A  -1.340   1.0931      H-FB     0   -1.484   0.7853            
 H  1  8204A  -1.739   0.4365      Ca A 6.770m  -4.301   0.0012      TOTL  2326A  -3.376   0.0101      H-FF     0   -1.610   0.5874            
 H  1  8204A  -1.768   0.4085      Ca A 27.80m  -4.152   0.0017      C  2  2328A  -3.948   0.0027      H-CT  6563A  -1.158   1.6631            
 H  1 1.458m  -2.705   0.0472      Ca A 16.20m  -4.264   0.0013      C  2  2327A  -3.665   0.0052      H2+      0   -1.744   0.4314            
 H  1 1.458m  -2.253   0.1337      Ca A 12.38m  -4.376   0.0010      C  2  1335A  -3.449   0.0085      HEH+     0   -3.688   0.0049            

                                                    Emergent line intensities
 general properties..........      nInu 399.2A  -0.574   6.3779      Ca B 2.625m  -2.672   0.0510      TOTL  2798A  -1.226   1.4216            
 TOTL  4861A  -1.379   1.0000      RRC.........................      Ca B 2.166m  -2.872   0.0322      Mg 2  2796A  -1.406   0.9390            
 TOTL  1216A   0.151  33.9116      grains......................      Ca B 1.945m  -3.036   0.0220      Mg 2  2803A  -1.695   0.4826            
 continua....................      H-like iso-sequence.........      Ca B 1.817m  -3.172   0.0161      totl  2665A  -2.995   0.0242            
 Bac   3646A   0.027  25.4983      Hlin 912.0A  -4.261   0.0013      Ca B 1.736m  -3.287   0.0124      Al 2  2670A  -2.995   0.0242            
 nFnu  3645A   0.034  25.8851      Cool  1216A  -4.191   0.0015      Ca B 1.681m  -3.386   0.0098      Si 2 34.81m  -3.557   0.0066            
 nFnu  3647A  -1.792   0.3867      Ca B  1216A   0.151  33.8727      Ca B 1.641m  -3.472   0.0081      TOTL  2335A  -3.111   0.0185            
 cout  3646A  -0.274  12.7492      Q(H)  4861A  -1.270   1.2854      Ca B 1.611m  -3.548   0.0068      Si 2  2334A  -4.111   0.0019            
 cref  3646A  -0.274  12.7491      Q(H)  1216A   0.213  39.1092      Ca B 1.588m  -3.615   0.0058      Si 2  2350A  -4.223   0.0014            
 thin  3646A   0.027  25.4984      CaBo  4861A  -3.493   0.0077      Ca B 1.570m  -3.677   0.0050      Si 2  2344A  -3.585   0.0062            
 Inci  4860A   0.126  31.9771      Ca A  1216A   0.044  26.5115      Ca B 1.556m  -3.732   0.0044      Si 2  2336A  -3.427   0.0090            
 Inci  1215A   1.169 353.4108      Ca A  1026A  -0.682   4.9722      Ca B 1.544m  -3.782   0.0040      Si 2  1814A  -4.148   0.0017            
 FIR  83.00m  -0.440   8.6954      Ca A 972.5A  -1.082   1.9829      Ca B 1.534m  -3.830   0.0035      Si 2  1531A  -3.742   0.0043            
 TIR   1800m  -2.689   0.0490      Ca A 949.7A  -1.347   1.0771      Ca B 1.526m  -3.876   0.0032      Si 2  1308A  -3.659   0.0053            
 NIRa 2.850m  -0.086  19.6157      Ca A 937.8A  -1.524   0.7168      Ca B 1.519m  -3.921   0.0029      Si 2  1263A  -3.377   0.0100            
 NIRb 3.000m  -0.533   7.0088      Ca A 930.8A  -1.643   0.5447      Ca B 1.513m  -3.967   0.0026      P  2 1.640m  -3.405   0.0094            
 MIRa 15.00m  -0.922   2.8651      Ca A 926.2A  -1.723   0.4531      Ca B 1.508m  -4.012   0.0023      P  2  4669A  -3.895   0.0030            
 MIRb 22.50m  -0.727   4.4890      Ca A 923.2A  -1.780   0.3975      Ca B 1.504m  -4.058   0.0021      P  2  4737A  -4.372   0.0010            
 NMIR 21.75m  -0.086  19.6157      Ca A 921.0A  -1.829   0.3549      Ca B 1.500m  -4.104   0.0019      P  2 1.189m  -3.643   0.0054            
 TFIR 611.2m  -0.952   2.6719      Ca A 919.4A  -1.878   0.3169      Ca B 7.458m  -2.946   0.0271      P  2 1.147m  -4.120   0.0018            
 TALL 10000A   1.262 437.8124      Ca A 918.1A  -1.928   0.2825      Ca B 4.653m  -3.131   0.0177      S  1 25.19m  -3.993   0.0024            
 F12  12.00m  -1.415   0.9200      Ca A 917.2A  -1.976   0.2527      Ca B 3.740m  -3.299   0.0120      S 1R  1807A  -3.965   0.0026            
 F25  25.00m  -1.270   1.2840      Ca A 916.4A  -2.022   0.2273      Ca B 3.296m  -3.442   0.0087      S  2  6720A  -3.563   0.0065            
 F60  60.00m  -0.837   3.4813      Ca A 915.8A  -2.065   0.2059      Ca B 3.038m  -3.563   0.0066      S  2  4074A  -2.356   0.1055            
 F100 100.0m  -1.028   2.2439      Ca A 915.3A  -2.105   0.1881      Ca B 2.872m  -3.665   0.0052      S  2 1.033m  -2.549   0.0676            
 MIPS 24.00m  -1.570   0.6440      Ca A 914.9A  -2.141   0.1732      Ca B 2.758m  -3.754   0.0042      S II  6731A  -3.721   0.0046            
 MIPS 70.00m  -1.194   1.5308      Ca A 914.6A  -2.174   0.1603      Ca B 2.674m  -3.832   0.0035      S II  6716A  -4.079   0.0020            
 MIPS 160.0m  -1.424   0.9023      Ca A 914.3A  -2.207   0.1487      Ca B 2.612m  -3.900   0.0030      S II  4070A  -2.438   0.0873            
 IRAC 3.600m  -1.850   0.3382      Ca A 914.0A  -2.241   0.1376      Ca B 2.564m  -3.962   0.0026      S II  4078A  -3.119   0.0182            
 IRAC 4.500m  -1.814   0.3674      Ca A 913.8A  -2.276   0.1268      Ca B 2.525m  -4.017   0.0023      S II 1.032m  -2.929   0.0282            
 IRAC 5.800m  -1.902   0.3000      Ca A 913.6A  -2.314   0.1163      Ca B 2.495m  -4.068   0.0020      S II 1.029m  -3.065   0.0206            
 IRAC 8.000m  -1.681   0.4991      Ca A 913.5A  -2.353   0.1063      Ca B 2.469m  -4.116   0.0018      S II 1.037m  -3.579   0.0063            
 SPR1 250.0m  -1.843   0.3435      Ca A 913.3A  -2.393   0.0968      Ca B 2.448m  -4.162   0.0017      S II 1.034m  -3.281   0.0125            
 SPR2 350.0m  -2.274   0.1273      Ca A  6563A  -1.092   1.9382      Ca B 2.431m  -4.207   0.0015      S  2  1256A  -4.252   0.0013            
 SPR3 500.0m  -2.651   0.0534      Ca A  4861A  -1.536   0.6964      Ca B 2.416m  -4.253   0.0013      Cl 2 14.40m  -3.973   0.0025            
 PAC1 70.00m  -1.132   1.7647      Ca A  4340A  -1.857   0.3323      Ca B 2.403m  -4.298   0.0012      Cl 2  8579A  -2.887   0.0310            
 PAC2 100.0m  -1.023   2.2696      Ca A  4102A  -2.098   0.1911      Ca B 2.392m  -4.344   0.0011      Cl 2  9124A  -3.465   0.0082            
 PAC3 160.0m  -1.167   1.6309      Ca A  3970A  -2.279   0.1260      Ca B 12.37m  -3.373   0.0101      Ar 2 6.980m  -3.603   0.0060            
 PAH  3.300m  -2.638   0.0551      Ca A  3889A  -2.417   0.0916      Ca B 7.500m  -3.523   0.0072      K  1  7676A  -2.607   0.0592            
 PAHC 3.230m  -2.961   0.0262      Ca A  3835A  -2.526   0.0713      Ca B 5.907m  -3.666   0.0052      Ca 1  4228A  -1.503   0.7524            
 PAHC 3.370m  -3.050   0.0213      Ca A  3798A  -2.615   0.0581      Ca B 5.127m  -3.790   0.0039      Ca 2  3933A  -1.407   0.9367            
 PAH  6.200m  -2.375   0.1009      Ca A  3771A  -2.691   0.0487      Ca B 4.671m  -3.895   0.0030      Ca 2  8579A  -2.717   0.0459            
 PAHC 5.650m  -2.363   0.1038      Ca A  3750A  -2.758   0.0418      Ca B 4.375m  -3.986   0.0025      Ca 2  7306A  -1.279   1.2589            
 PAH  7.900m  -2.096   0.1917      Ca A  3734A  -2.816   0.0365      Ca B 4.170m  -4.064   0.0021      Ca2K  3934A  -1.593   0.6111            
 PAHC 6.900m  -2.113   0.1846      Ca A  3722A  -2.868   0.0324      Ca B 4.020m  -4.134   0.0018      Ca2H  3969A  -1.866   0.3255            
 PAH  11.30m  -2.616   0.0579      Ca A  3712A  -2.915   0.0291      Ca B 3.906m  -4.196   0.0015      Ca2X  8498A  -3.863   0.0033            
 PAHC 10.90m  -2.631   0.0559      Ca A  3704A  -2.957   0.0264      Ca B 3.818m  -4.252   0.0013      Ca2Y  8542A  -2.906   0.0297            
 PAH  11.80m  -2.406   0.0941      Ca A  3697A  -2.994   0.0242      Ca B 3.748m  -4.303   0.0012      Ca2Z  8662A  -3.266   0.0130            
 PAHC 12.65m  -2.339   0.1096      Ca A  3692A  -3.029   0.0224      Ca B 3.692m  -4.350   0.0011      CaF1  7291A  -1.499   0.7588            
 PAH  13.30m  -2.362   0.1039      Ca A  3687A  -3.062   0.0207      Ca B 19.06m  -3.742   0.0043      CaF2  7324A  -1.680   0.5000            
 PAHC 14.10m  -2.356   0.1055      Ca A  3683A  -3.096   0.0192      Ca B 11.31m  -3.865   0.0033      Fe 2  4300A  -1.199   1.5120            
 Bcon  3640A   1.189 369.5338      Ca A  3679A  -3.132   0.0177      Ca B 8.758m  -3.986   0.0025      Fe 2  2400A  -1.436   0.8777            
 Pcon  5000A   0.172  35.5259      Ca A  3676A  -3.170   0.0162      Ca B 7.506m  -4.092   0.0019      Fe 2  6200A  -3.847   0.0034            
 nFnu 122.4m  -3.036   0.0220      Ca A  3674A  -3.209   0.0148      Ca B 6.770m  -4.183   0.0016      Fe 2 1.150m  -4.250   0.0013            
 nInu 122.4m  -0.615   5.8110      Ca A  3671A  -3.249   0.0135      Ca B 6.290m  -4.263   0.0013      Fe 2 25.98m  -3.027   0.0225            
 nFnu 60.83m  -2.765   0.0411      Ca A 1.875m  -1.891   0.3076      Ca B 5.955m  -4.332   0.0011      Fe 2 5.339m  -4.034   0.0022            
 nInu 60.83m  -0.662   5.2105      Ca A 1.282m  -2.207   0.1487      Ca B 27.80m  -4.065   0.0021      Fe 2 1.257m  -2.368   0.1026            
 nFnu 41.22m  -2.590   0.0615      Ca A 1.094m  -2.463   0.0824      Ca B 16.20m  -4.165   0.0016      Fe 2 35.34m  -3.444   0.0086            
 nInu 41.22m  -0.774   4.0234      Ca A 1.005m  -2.669   0.0513      Ca B 12.38m  -4.266   0.0013      Fe 2 1.321m  -2.945   0.0271            
 nFnu 30.87m  -2.470   0.0812      Ca A  9546A  -2.835   0.0350      Ca B 10.50m  -4.357   0.0011      Fe 2 1.249m  -3.601   0.0060            
 nInu 30.87m  -0.877   3.1787      Ca A  9229A  -2.971   0.0256      Ca B 38.86m  -4.350   0.0011      Fe 2  7638A  -2.906   0.0297            
 nFnu 24.78m  -2.377   0.1005      Ca A  9015A  -3.082   0.0198      H  1  1216A   0.151  33.9116      Fe 2 51.29m  -4.140   0.0017            
 nInu 24.78m  -0.956   2.6490      Ca A  8863A  -3.174   0.0160      H  1  1026A  -2.875   0.0319      Fe 2 1.372m  -3.170   0.0162            
 nFnu 24.30m  -2.369   0.1024      Ca A  8750A  -3.252   0.0134      H  1 972.5A  -3.031   0.0223      Fe 2 1.294m  -2.933   0.0279            
 nInu 24.30m  -0.963   2.6054      Ca A  8665A  -3.317   0.0115      H  1 949.7A  -3.174   0.0160      Fe 2  7687A  -3.099   0.0191            
 nFnu 22.83m  -2.341   0.1090      Ca A  8598A  -3.374   0.0101      H  1 937.8A  -3.303   0.0119      Fe 2 1.328m  -3.178   0.0159            
 nInu 22.83m  -0.985   2.4791      Ca A  8545A  -3.423   0.0090      H  1 930.8A  -3.413   0.0093      Fe 2 1.279m  -3.045   0.0216            
 nFnu 21.42m  -2.316   0.1157      Ca A  8502A  -3.467   0.0082      H  1 926.2A  -3.463   0.0082      Fe 2 1.252m  -3.944   0.0027            
 nInu 21.42m  -1.008   2.3491      Ca A  8467A  -3.505   0.0075      H  1 923.2A  -3.464   0.0082      Fe 2  7665A  -3.465   0.0082            
 nFnu 21.12m  -2.310   0.1172      Ca A  8438A  -3.541   0.0069      H  1 921.0A  -3.414   0.0092      Fe 2 1.298m  -3.409   0.0093            
 nInu 21.12m  -1.014   2.3200      Ca A  8413A  -3.574   0.0064      H  1  6563A  -0.926   2.8351      Fe 2 1.270m  -3.231   0.0141            
 nFnu 19.62m  -2.278   0.1262      Ca A  8392A  -3.609   0.0059      H  1  4861A  -1.379   1.0000      Fe 2  7874A  -3.957   0.0026            
 nInu 19.62m  -1.039   2.1866      Ca A  8374A  -3.645   0.0054      H  1  4340A  -1.684   0.4950      Fe 2  7733A  -3.981   0.0025            
 nFnu 17.65m  -2.230   0.1410      Ca A  8359A  -3.683   0.0050      H  1  4102A  -1.880   0.3156      Fe 2 17.93m  -2.685   0.0494            
 nInu 17.65m  -1.082   1.9804      Ca A  8346A  -3.722   0.0045      H  1  3970A  -2.034   0.2215      Fe 2 1.644m  -2.441   0.0868            
 nFnu 17.37m  -2.224   0.1429      Ca A  8334A  -3.763   0.0041      H  1  3889A  -2.167   0.1630      Fe 2 1.533m  -2.878   0.0317            
 nInu 17.37m  -1.088   1.9539      Ca A 4.051m  -2.506   0.0747      H  1  3835A  -2.271   0.1284      Fe 2  8617A  -2.328   0.1125            
 nFnu 15.69m  -2.186   0.1561      Ca A 2.625m  -2.748   0.0428      H  1  3798A  -2.310   0.1173      Fe 2 24.51m  -3.162   0.0165            
 nInu 15.69m  -1.127   1.7856      Ca A 2.166m  -2.962   0.0261      H  1 1.875m  -1.870   0.3232      Fe 2 1.809m  -3.144   0.0172            
 nFnu 14.60m  -2.152   0.1686      Ca A 1.945m  -3.142   0.0173      H  1 1.282m  -2.159   0.1661      Fe 2 1.677m  -3.017   0.0230            
 nInu 14.60m  -1.155   1.6766      Ca A 1.817m  -3.292   0.0122      H  1 1.094m  -2.376   0.1008      Fe 2 1.599m  -2.984   0.0248            
 nFnu 12.43m  -2.082   0.1984      Ca A 1.736m  -3.417   0.0092      H  1 1.005m  -2.544   0.0685      Fe 2  9052A  -2.986   0.0247            
 nInu 12.43m  -1.219   1.4452      Ca A 1.681m  -3.520   0.0072      H  1  9546A  -2.681   0.0499      Fe 2  8892A  -2.742   0.0433            
 nFnu 11.40m  -2.050   0.2131      Ca A 1.641m  -3.605   0.0059      H  1  9229A  -2.786   0.0392      Fe 2 35.77m  -3.977   0.0025            
 nInu 11.40m  -1.252   1.3387      Ca A 1.611m  -3.675   0.0051      H  1  9015A  -2.825   0.0358      Fe 2 1.800m  -3.189   0.0155            
 nFnu 10.46m  -2.009   0.2346      Ca A 1.588m  -3.735   0.0044      H  1 4.051m  -2.528   0.0709      Fe 2 1.711m  -3.566   0.0065            
 nInu 10.46m  -1.286   1.2401      Ca A 1.570m  -3.787   0.0039      H  1 2.625m  -2.738   0.0437      Fe 2 1.664m  -3.272   0.0128            
 nFnu 9.480m  -1.974   0.2543      Ca A 1.556m  -3.831   0.0035      H  1 2.166m  -2.912   0.0293      Fe 2  9399A  -3.763   0.0041            
 nInu 9.480m  -1.324   1.1344      Ca A 1.544m  -3.871   0.0032      H  1 1.945m  -3.051   0.0213      Fe 2  9227A  -2.998   0.0240            
 nFnu 9.325m  -1.968   0.2574      Ca A 1.534m  -3.906   0.0030      H  1 1.817m  -3.156   0.0167      Fe 2  9033A  -3.214   0.0146            
 nInu 9.325m  -1.330   1.1195      Ca A 1.526m  -3.941   0.0027      H  1 1.736m  -3.195   0.0153      Fe 2 1.797m  -3.339   0.0110            
 nFnu 8.210m  -1.910   0.2947      Ca A 1.519m  -3.975   0.0025      H  1 7.458m  -3.060   0.0209      Fe 2 1.745m  -3.580   0.0063            
 nInu 8.210m  -1.380   0.9979      Ca A 1.513m  -4.011   0.0023      H  1 4.653m  -3.211   0.0147      Fe 2  9471A  -3.564   0.0065            
 nFnu 7.580m  -1.884   0.3128      Ca A 1.508m  -4.049   0.0021      H  1 3.740m  -3.345   0.0108      Fe 2  9268A  -3.109   0.0186            
 nInu 7.580m  -1.411   0.9300      Ca A 1.504m  -4.089   0.0020      H  1 3.296m  -3.447   0.0085      Fe 2 22.90m  -4.102   0.0019            
 nFnu 7.050m  -1.841   0.3451      Ca A 1.500m  -4.129   0.0018      H  1 3.038m  -3.484   0.0078      Fe 2 1.811m  -3.783   0.0039            
 nInu 7.050m  -1.437   0.8745      Ca A 7.458m  -3.012   0.0233      H  1 12.37m  -3.487   0.0078      Fe 2 1.748m  -3.984   0.0025            
 nFnu 4.114m  -1.629   0.5617      Ca A 4.653m  -3.207   0.0149      H  1 7.500m  -3.595   0.0061      Fe 2 1.813m  -4.236   0.0014            
 nInu 4.114m  -1.520   0.7226      Ca A 3.740m  -3.390   0.0098      H  1 5.907m  -3.690   0.0049      Fe2b  7000A  -2.605   0.0595            
 nFnu 2.324m  -1.512   0.7361      Ca A 3.296m  -3.548   0.0068      H  1 5.127m  -3.724   0.0045      Fe2b 10000A  -1.510   0.7400            
 nInu 2.324m  -1.255   1.3308      Ca A 3.038m  -3.680   0.0050      H  1 19.06m  -3.837   0.0035      Fe2b  7445A  -2.605   0.0595            
 nFnu 1.643m  -1.429   0.8904      Ca A 2.872m  -3.790   0.0039      H  1 11.31m  -3.905   0.0030      Fe2b  8625A  -1.991   0.2446            
 nInu 1.643m  -0.996   2.4175      Ca A 2.758m  -3.881   0.0032      H  1 8.758m  -3.932   0.0028      Fe2b 1.033m  -3.564   0.0065            
 nFnu 1.480m  -1.369   1.0237      Ca A 2.674m  -3.955   0.0027      H  1 27.80m  -4.121   0.0018      Fe2b 1.889m  -2.559   0.0661            
 nInu 1.480m  -0.933   2.7952      Ca A 2.612m  -4.017   0.0023      H  1 16.20m  -4.121   0.0018      Fe 2  1786A  -3.584   0.0062            
 nFnu 1.436m  -1.088   1.9541      Ca A 2.564m  -4.070   0.0020      H  1 38.86m  -4.316   0.0012      recombination...............            
 nInu 1.436m  -0.826   3.5698      Ca A 2.525m  -4.116   0.0018      He-like iso-sequence........      C  1 1.069m  -4.052   0.0021            
 nFnu 1.119m  -0.986   2.4706      Ca A 2.495m  -4.156   0.0017      Clin 506.0A  -3.607   0.0059      O  1  1357A  -3.644   0.0054            
 nInu 1.119m  -0.649   5.3732      Ca A 2.469m  -4.192   0.0015      Hlin 506.0A  -3.828   0.0036      C  1  1140A  -2.790   0.0388            
 nFnu  8330A  -0.972   2.5533      Ca A 2.448m  -4.226   0.0014      Ca B  2945A  -4.122   0.0018      N  1 980.7A  -4.308   0.0012            
 nInu  8330A  -0.426   8.9803      Ca A 2.431m  -4.261   0.0013      Ca B  3188A  -3.802   0.0038      O  1  7950A  -4.176   0.0016            
 nFnu  8079A  -0.603   5.9698      Ca A 2.416m  -4.297   0.0012      Ca B  3889A  -3.390   0.0097      level2 lines................            
 nInu  8079A  -0.305  11.8575      Ca A 2.403m  -4.335   0.0011      Ca B  3965A  -4.377   0.0010      C  1 943.9A  -3.237   0.0139            
 nFnu  6210A  -0.868   3.2452      Ca A 2.392m  -4.375   0.0010      Ca B  4026A  -4.024   0.0023      C  1  1248A  -3.340   0.0110            
 nInu  6210A  -0.095  19.2401      Ca A 12.37m  -3.444   0.0086      Ca B  4471A  -3.689   0.0049      C  1  1561A  -3.615   0.0058            
 nFnu  4885A  -1.225   1.4256      Ca A 7.500m  -3.606   0.0059      Ca B  4922A  -4.251   0.0013      C  1  1315A  -3.392   0.0097            
 nInu  4885A   0.130  32.2879      Ca A 5.907m  -3.763   0.0041      Ca B  5016A  -3.969   0.0026      C  1  1166A  -3.528   0.0071            
 nFnu  3704A  -1.799   0.3800      Ca A 5.127m  -3.900   0.0030      Ca B  5876A  -3.214   0.0146      C  1  1233A  -3.402   0.0095            
 nInu  3704A   0.359  54.6925      Ca A 4.671m  -4.014   0.0023      Ca B  6678A  -3.759   0.0042      C  1  1132A  -3.547   0.0068            
 nFnu  3588A  -0.011  23.3141      Ca A 4.375m  -4.108   0.0019      Ca B  7065A  -4.059   0.0021      C  1  1251A  -3.509   0.0074            
 nInu  3588A   0.482  72.6314      Ca A 4.170m  -4.184   0.0016      Ca B 1.083m  -2.394   0.0966      C  1  1112A  -3.583   0.0063            
 nFnu  2430A  -1.507   0.7441      Ca A 4.020m  -4.248   0.0014      Ca B 1.869m  -4.059   0.0021      C  1  1115A  -3.607   0.0059            
 nInu  2430A   0.763 138.6130      Ca A 3.906m  -4.302   0.0012      Ca B 2.058m  -3.574   0.0064      C  1  1162A  -3.709   0.0047            
 nFnu  2392A  -1.573   0.6398      Ca A 3.818m  -4.349   0.0011      He 1 584.3A  -3.120   0.0182      C  1  1167A  -3.705   0.0047            
 nInu  2392A   0.776 142.7668      Ca A 19.06m  -3.821   0.0036      He 1 537.0A  -3.930   0.0028      C  1  1104A  -3.567   0.0065            
 nFnu  2071A  -2.012   0.2330      Ca A 11.31m  -3.956   0.0027      He 1 522.2A  -4.165   0.0016      C  1  1109A  -3.605   0.0059            
 nInu  2071A   0.888 185.1370      Ca A 8.758m  -4.090   0.0019      He 1 515.6A  -4.190   0.0015      C  1  1130A  -3.850   0.0034            
 nFnu  2053A  -2.042   0.2175      Ca A 7.506m  -4.206   0.0015      He 1 512.1A  -4.159   0.0017      C  1  1098A  -3.689   0.0049            
 nInu  2053A   0.888 185.0148      Ca A 6.770m  -4.301   0.0012      TOTL 1.083m  -2.521   0.0720      C  1  1132A  -3.725   0.0045            
 nFnu  1793A  -2.213   0.1465      Ca A 27.80m  -4.152   0.0017      He 1 1.083m  -2.521   0.0720      C  1  1106A  -3.767   0.0041            
 nInu  1793A   0.997 237.5087      Ca A 16.20m  -4.264   0.0013      He 1 1.083m  -3.476   0.0080      C  1  1093A  -3.831   0.0035            
 nFnu  1585A  -2.119   0.1820      Ca A 12.38m  -4.376   0.0010      He 1 1.083m  -2.999   0.0240      C  1  1110A  -4.006   0.0024            
 nInu  1585A   0.927 202.3621      Ca B  6563A  -0.883   3.1346      He 1 1.083m  -2.777   0.0400      C  1  1114A  -4.022   0.0023            
 nFnu  1458A  -1.714   0.4621      Ca B  4861A  -1.335   1.1058      He 1  3889A  -3.480   0.0079      C  1  1115A  -4.031   0.0022            
 nInu  1458A   1.101 301.8661      Ca B  4340A  -1.655   0.5299      He 1  3188A  -3.892   0.0031      C  1  1090A  -3.944   0.0027            
 nFnu  1357A  -1.913   0.2923      Ca B  4102A  -1.892   0.3071      He 1  2945A  -4.215   0.0015      C  1  1104A  -4.055   0.0021            
 nInu  1357A   1.181 363.4800      Ca B  3970A  -2.073   0.2025      He 1 2.058m  -4.055   0.0021      C  1  1104A  -4.063   0.0021            
 nFnu  1297A  -1.938   0.2759      Ca B  3889A  -2.216   0.1457      He 1  5016A  -4.034   0.0022      C  1  1098A  -4.217   0.0015            
 nInu  1297A   1.197 376.7662      Ca B  3835A  -2.333   0.1113      He 1  7065A  -4.172   0.0016      C  1  1097A  -4.232   0.0014            
 nFnu  1263A  -1.926   0.2837      Ca B  3798A  -2.433   0.0883      He 1  5876A  -3.263   0.0130      C  2  1020A  -3.397   0.0096            
 nInu  1263A   1.190 371.1123      Ca B  3771A  -2.522   0.0720      He 1  4471A  -3.756   0.0042      N  1 942.3A  -3.625   0.0057            
 nFnu  1218A  -0.619   5.7513      Ca B  3750A  -2.602   0.0599      He 1  4026A  -4.097   0.0019      N  1 952.1A  -3.632   0.0056            
 nInu  1218A   1.168 352.0040      Ca B  3734A  -2.674   0.0507      He 1  3820A  -4.357   0.0011      N  1  1131A  -3.818   0.0036            
 nFnu  1196A  -1.406   0.9398      Ca B  3722A  -2.739   0.0437      He 1  6678A  -3.805   0.0037      O  1 867.3A  -4.256   0.0013            
 nInu  1196A   1.214 391.8402      Ca B  3712A  -2.798   0.0381      He 1  4922A  -4.316   0.0012      O  1 976.8A  -3.446   0.0086            
 nFnu  1175A  -1.502   0.7531      Ca B  3704A  -2.853   0.0336      He 1 1.869m  -4.086   0.0020      O  1 969.0A  -3.376   0.0101            
 nInu  1175A   1.168 352.6009      Ca B  3697A  -2.903   0.0299      Pho+  3889A  -2.183   0.1572      O  1 946.4A  -3.585   0.0062            
 nFnu  1144A  -1.645   0.5416      Ca B  3692A  -2.950   0.0269      database lines..............      O  1 934.5A  -3.636   0.0055            
 nInu  1144A   1.282 458.4383      Ca B  3687A  -2.995   0.0242      level 1 lines...............      O  1 973.6A  -3.753   0.0042            
 nFnu  1113A  -1.721   0.4550      Ca B  3683A  -3.041   0.0218      C  1  1656A  -2.850   0.0338      O  1 927.5A  -3.821   0.0036            
 nInu  1113A   1.150 337.6925      Ca B  3679A  -3.086   0.0196      REC   1656A  -3.008   0.0235      O  1 948.5A  -3.993   0.0024            
 nFnu  1103A  -1.267   1.2953      Ca B  3676A  -3.132   0.0177      C Ic  9850A  -2.434   0.0882      O  1 923.0A  -4.003   0.0024            
 nInu  1103A   1.305 482.7899      Ca B  3674A  -3.178   0.0159      TOTL  9850A  -2.434   0.0882      O  1 919.9A  -4.146   0.0017            
 nFnu  1074A  -1.447   0.8554      Ca B  3671A  -3.224   0.0143      C  1  8727A  -1.340   1.0931      O  1 935.7A  -4.134   0.0018            
 nInu  1074A   1.237 412.8353      Ca B 1.875m  -1.806   0.3737      TOTL  2326A  -3.376   0.0101      O  1 917.7A  -4.266   0.0013            
 nFnu  1064A  -1.507   0.7456      Ca B 1.282m  -2.112   0.1849      C  2  2328A  -3.948   0.0027      O  1 918.7A  -4.367   0.0010            
 nInu  1064A   1.315 494.7850      Ca B 1.094m  -2.356   0.1055      C  2  2327A  -3.665   0.0052      O  1 928.2A  -4.372   0.0010            
 nFnu  1036A  -1.621   0.5726      Ca B 1.005m  -2.547   0.0679      C  2  1335A  -3.449   0.0085      Al 2  1671A  -3.694   0.0048            
 nInu  1036A   1.299 476.5107      Ca B  9546A  -2.700   0.0477      N  1 953.9A  -3.624   0.0057      Si 1  1261A  -4.347   0.0011            
 nFnu  1000A  -1.704   0.4727      Ca B  9229A  -2.826   0.0357      N  1 954.1A  -4.371   0.0010      Si 2  1180A  -3.353   0.0106            
 nInu  1000A   1.296 473.6095      Ca B  9015A  -2.933   0.0279      N  1  1200A  -3.323   0.0114      Si 2 993.4A  -3.611   0.0059            
 nFnu 925.1A  -1.679   0.5012      Ca B  8863A  -3.027   0.0225      N  1  3466A  -3.714   0.0046      Si 2  1024A  -4.151   0.0017            
 nInu 925.1A   1.245 420.7514      Ca B  8750A  -3.110   0.0186      TOTL  3467A  -3.634   0.0056      S  1  1356A  -4.165   0.0016            
 nFnu 897.8A   0.317  49.6235      Ca B  8665A  -3.184   0.0157      N  1 1.040m  -3.216   0.0146      S  1  1227A  -4.288   0.0012            
 nInu 897.8A  -2.103   0.1886      Ca B  8598A  -3.250   0.0134      N  1 1.040m  -3.761   0.0042      Ar 1  1096A  -3.902   0.0030            
 nFnu 760.0A  -1.871   0.3220      Ca B  8545A  -3.311   0.0117      N  1 1.041m  -3.565   0.0065      Ar 1 922.5A  -4.371   0.0010            
 nInu 760.0A  -1.067   2.0527      Ca B  8502A  -3.366   0.0103      N  1 1.041m  -3.577   0.0063      P  2 963.8A  -4.245   0.0014            
 nFnu 701.5A  -2.347   0.1076      Ca B  8467A  -3.416   0.0092      TOTL 1.040m  -2.880   0.0316      Ti 2  3366A  -2.962   0.0261            
 nInu 701.5A  -0.892   3.0708      Ca B  8438A  -3.463   0.0082      O  1  6300A  -1.554   0.6677      Ti 2  3238A  -3.282   0.0125            
 nFnu 608.2A  -3.984   0.0025      Ca B  8413A  -3.509   0.0074      O  1  6363A  -2.051   0.2129      Cr 1  4271A  -3.332   0.0111            
 nInu 608.2A  -0.539   6.9183      Ca B  8392A  -3.554   0.0067      O  1  5577A  -3.192   0.0154      Cr 1  3591A  -3.443   0.0086            
 nFnu 575.1A  -3.322   0.0114      Ca B  8374A  -3.599   0.0060      O  1 63.17m  -3.314   0.0116      Mn 2  2590A  -3.289   0.0123            
 nInu 575.1A  -0.347  10.7701      Ca B  8359A  -3.645   0.0054      Ne 2 12.81m  -3.515   0.0073      hyperfine structure.........            
 nInu 511.9A  -0.308  11.7662      Ca B  8346A  -3.691   0.0049      Na 1  5892A  -1.963   0.2605      inner shell.................            
 nFnu 496.9A  -0.959   2.6332      Ca B  8334A  -3.737   0.0044      Mg 1  4561A  -3.906   0.0030      molecules...................            
 nInu 496.9A  -0.751   4.2432      Ca B 4.051m  -2.439   0.0872      Mg 1  2853A  -3.467   0.0082      H-CT  6563A  -1.158   1.6631            



                                                                           
 Cooling:  HFBc     0 :0.079 HFFc     0 :0.079 C  1  8727A:0.078 CaF1  7291A:0.054 Fe2c     0 :0.235 H-FB     0 :0.056  
 Heating:  BFH1     0 :0.938  

 These are some of the most important databases used by Cloudy:
 Many recombination coefficients were taken from http://amdpp.phys.strath.ac.uk/tamoc/RR/ and http://amdpp.phys.strath.ac.uk/tamoc/DR/
      and are based on the following papers:
        Badnell N. R., et al., A&A 406, 1151 (2003) [http://adsabs.harvard.edu/abs/2003A%26A...406.1151B]
        Badnell N. R., ApJS 167, 334 (2006) [http://adsabs.harvard.edu/abs/2006ApJS..167..334B]
 Much of the molecular emission data is from LAMDA as accessed on Dec. 18, 2010. This database is described in:
        Schoeier F.L., et al., A&A 432, 369 (2005) [http://adsabs.harvard.edu/abs/2005A%26A...432..369S]
      This database is in part based on the work of the following groups:
        JPL: Pickett H. M. et al., JQSRT, 60, 883 (1998). [http://adsabs.harvard.edu/abs/1998JQSRT..60..883P]
        CDMS: Mueller H. S. et al., A&A 370, L49 (2001). [http://adsabs.harvard.edu/abs/2001A%26A...370L..49M]
              Mueller H. S. et al., J. Mol. Struct. 742, 215 (2005). [http://adsabs.harvard.edu/abs/2005JMoSt.742..215M]
 Much of the ionic emission data is from version 7.0 of CHIANTI. CHIANTI is a collaborative project involving the NRL (USA), the
      Universities of Florence (Italy) and Cambridge (UK), and George Mason University (USA). These papers describe Chianti:
        Dere K. P., et al., A&AS, 125, 149 (1997) [http://adsabs.harvard.edu/abs/1997A%26AS..125..149D]
        Landi E., et al., ApJ, 744, 99 (2012) [http://adsabs.harvard.edu/abs/2012ApJ...744...99L]
 Much of the H_2 data is from this web site: http://molat.obspm.fr/index.php?page=pages/Molecules/H2/H2can94.php. These data are
      described in:
        Abgrall H. et al., Can. J. Phys., 72, 856 (1994) [http://adsabs.harvard.edu/abs/1994CaJPh..72..856A]
        Wrathmall S. A. & Flower D. R., J. Phys. B, 40, 3221 (2007) [http://adsabs.harvard.edu/abs/2007JPhB...40.3221W]
 Please cite those papers that played a significant role in this calculation.

 IONIZE PARMET:  U(1-) -8.4768  U(4-):-19.1133  U(sp): -8.48  Q(ion):    9.789  L(ion) -0.617    Q(low): 13.386    L(low)  1.213
 ENERGY BUDGET:  Heat:  -0.232  Coolg:  -0.232  Error:  0.1%  Rec Lin:  -1.710  F-F  H  0.000    P(rad/tot)max     1.80E-07

     Col(Heff):      0.000E+00  snd travl time  2.02E+03 sec  Te-low: 3.98E+03  Te-hi: 5.03E+03  G0TH85: 6.89E+03  G0DB96:8.98E+03
  Emiss Measure    n(e)n(p) dl       1.831E+23  n(e)n(He+)dl         1.411E+21  En(e)n(He++) dl         7.602E+07  ne nC+:5.77E+20
 He/Ha:9.64E-03  =   0.11*true  Lthin:1.20E+02  itr/zn:10.15  H2 itr/zn:  0.00  File Opacity: F  MassTot 2.50e-06  (gm/cm^2)
   Temps(21 cm)   T(21cm/Ly a)  4.21E+03        T(<nH/Tkin>)  4.45E+03          T(<nH/Tspin>)    4.46E+03          TB21cm:3.91E-02
                   N(H0/Tspin)  2.44E+14        N(OH/Tkin)    9.85E+06          B(21cm)          0.00E+00
   <a>:3.84E-05  erdeFe0.0E+00  Tcompt2.75E+03  Tthr5.81E+06  <Tden>: 4.47E+03  <dens>:2.27E-15  <MolWgt>1.25E+00
     Mean Jeans  l(cm)7.85E+16  M(sun)2.89E+02  smallest:     len(cm):7.40E+16  M(sun):2.42E+02  a_ox tran:  0.00
 Rion:1.000E+30  Dist:0.00E+00  Diam:0.000E+00
 Hatom level 70  HatomType: add  HInducImp  F  He tot level: 63  He2 level:   70  ExecTime   235.4
 ConvrgError(%)  <eden>  0.282  MaxEden  0.932  <H-C>   0.14  Max(H-C)    0.48  <Press>   0.000  MaxPrs er  0.000
  Continuity(%)  chng Te   0.7  elec den   4.7  n(H2)    0.0  n(CO)        0.0

                                                        Averaged Quantities
             Te      Te(Ne)   Te(NeNp)  Te(NeHe+)Te(NeHe2+) Te(NeO+)  Te(NeO2+)  Te(H2)     N(H)     Ne(O2+)   Ne(Np)
 Radius:  4.47e+03  4.62e+03  4.73e+03  4.65e+03  4.58e+03  4.73e+03  4.76e+03  4.22e+03  1.00e+09  1.58e+07  1.47e+07

 Contin Optical Depths: COMP: 8.46e-09    H-: 1.59e-06 R(1300): 7.30e-06  H2+: 1.56e-08  Pfa:8.46E-09
                          Pa: 8.46e-09    Ba: 1.45e-06      Hb: 1.12e-06   La: 1.57e-02     1r:6.877E+00  1.8:2.06E+00 4.:2.999E-01

 Old, new H  1 continuum optical depths:
     1 6.89e+00     2 8.10e-07     3 1.59e-06     4 1.59e-06     5 1.59e-06     6 3.96e-07     7 3.96e-07     8 3.96e-07
     9 3.96e-07    10 1.37e-12    11 1.37e-12    12 1.37e-12    13 1.37e-12    14 1.37e-12    15 3.15e-12    16 3.15e-12
    17 3.15e-12    18 3.15e-12    19 3.15e-12    20 3.15e-12    21 6.33e-12    22 6.33e-12    23 6.33e-12    24 6.33e-12
    25 6.33e-12    26 6.33e-12    27 6.33e-12    28 1.15e-11    29 1.15e-11    30 1.15e-11    31 1.15e-11    32 1.15e-11
    33 1.15e-11    34 1.15e-11    35 1.15e-11    36 1.95e-11    37 1.95e-11    38 1.95e-11    39 1.95e-11    40 1.95e-11
    41 1.95e-11    42 1.95e-11    43 1.95e-11    44 1.95e-11    45 3.14e-11    46 3.14e-11    47 3.14e-11    48 3.14e-11
    49 3.14e-11    50 3.14e-11    51 3.14e-11    52 3.14e-11    53 3.14e-11    54 3.14e-11
     1 6.88e+00     2 8.10e-07     3 1.59e-06     4 1.59e-06     5 1.59e-06     6 3.96e-07     7 3.96e-07     8 3.96e-07
     9 3.96e-07    10 1.37e-12    11 1.37e-12    12 1.37e-12    13 1.37e-12    14 1.37e-12    15 3.15e-12    16 3.15e-12
    17 3.15e-12    18 3.15e-12    19 3.15e-12    20 3.15e-12    21 6.32e-12    22 6.32e-12    23 6.32e-12    24 6.32e-12
    25 6.32e-12    26 6.32e-12    27 6.32e-12    28 1.15e-11    29 1.15e-11    30 1.15e-11    31 1.15e-11    32 1.15e-11
    33 1.15e-11    34 1.15e-11    35 1.15e-11    36 1.95e-11    37 1.95e-11    38 1.95e-11    39 1.95e-11    40 1.95e-11
    41 1.95e-11    42 1.95e-11    43 1.95e-11    44 1.95e-11    45 3.14e-11    46 3.14e-11    47 3.14e-11    48 3.14e-11
    49 3.14e-11    50 3.14e-11    51 3.14e-11    52 3.14e-11    53 3.14e-11    54 3.14e-11

 Old, new H  1 mean line optical depths:
  2- 1 1.71e+05  3- 2 1.34e-05  4- 3 2.65e-09  5- 4 1.91e-09  6- 5 3.08e-09  7- 6 9.17e-10  8- 7 1.79e-10
  9- 8 1.43e-11 10- 9 4.43e-21
  2- 1 1.70e+05  3- 2 1.34e-05  4- 3 2.65e-09  5- 4 1.91e-09  6- 5 3.08e-09  7- 6 9.16e-10  8- 7 1.78e-10
  9- 8 1.43e-11 10- 9 2.22e-21

 Old, new He 2 continuum optical depths:
     1 3.00e-01     2 6.80e+00     3 4.74e-07     4 4.74e-07     5 4.74e-07     6 8.10e-07     7 8.10e-07     8 8.10e-07
     9 8.10e-07    10 1.29e-06    11 1.29e-06    12 1.29e-06    13 1.29e-06    14 1.29e-06    15 1.59e-06    16 1.59e-06
    17 1.59e-06    18 1.59e-06    19 1.59e-06    20 1.59e-06    21 1.35e-06    22 1.35e-06    23 1.35e-06    24 1.35e-06
    25 1.35e-06    26 1.35e-06    27 1.35e-06    28 3.96e-07    29 3.96e-07    30 3.96e-07    31 3.96e-07    32 3.96e-07
    33 3.96e-07    34 3.96e-07    35 3.96e-07    36 8.15e-13    37 8.15e-13    38 8.15e-13    39 8.15e-13    40 8.15e-13
    41 8.15e-13    42 8.15e-13    43 8.15e-13    44 8.15e-13    45 1.37e-12    46 1.37e-12    47 1.37e-12    48 1.37e-12
    49 1.37e-12    50 1.37e-12    51 1.37e-12    52 1.37e-12    53 1.37e-12    54 1.37e-12
     1 3.00e-01     2 6.79e+00     3 4.74e-07     4 4.74e-07     5 4.74e-07     6 8.10e-07     7 8.10e-07     8 8.10e-07
     9 8.10e-07    10 1.29e-06    11 1.29e-06    12 1.29e-06    13 1.29e-06    14 1.29e-06    15 1.59e-06    16 1.59e-06
    17 1.59e-06    18 1.59e-06    19 1.59e-06    20 1.59e-06    21 1.35e-06    22 1.35e-06    23 1.35e-06    24 1.35e-06
    25 1.35e-06    26 1.35e-06    27 1.35e-06    28 3.96e-07    29 3.96e-07    30 3.96e-07    31 3.96e-07    32 3.96e-07
    33 3.96e-07    34 3.96e-07    35 3.96e-07    36 8.15e-13    37 8.15e-13    38 8.15e-13    39 8.15e-13    40 8.15e-13
    41 8.15e-13    42 8.15e-13    43 8.15e-13    44 8.15e-13    45 1.37e-12    46 1.37e-12    47 1.37e-12    48 1.37e-12
    49 1.37e-12    50 1.37e-12    51 1.37e-12    52 1.37e-12    53 1.37e-12    54 1.37e-12

 Old, new He 2 mean line optical depths:
  2- 1 8.81e+00  3- 2 1.07e-14  4- 3 4.10e-19  5- 4 8.22e-20  6- 5 7.34e-21  7- 6 4.94e-21  8- 7 4.97e-21
  9- 8 5.05e-21 10- 9 4.89e-21
  2- 1 8.79e+00  3- 2 9.89e-15  4- 3 3.83e-19  5- 4 7.98e-20  6- 5 5.57e-21  7- 6 2.80e-21  8- 7 2.85e-21
  9- 8 2.93e-21 10- 9 2.75e-21

 Old He Is optical depths:    1 2.06e+00    2 5.48e-07    3 6.70e-07    4 7.54e-07    5 7.54e-07
 New He Is optical depths:    1 2.06e+00    2 5.48e-07    3 6.70e-07    4 7.53e-07    5 7.53e-07
          Old He Is Lines:  584 9.30e+03 3889 4.36e-04 5016 4.52e-06 5876 2.92e-10
          New He Is Lines:  584 9.28e+03 3889 4.35e-04 5016 4.52e-06 5876 2.92e-10

==== H      compounds ====           Log10 column densities [cm^-2}
   H2        : 13.571   H2*       : 11.780   H2+       :  9.348   H3+       :  5.967
==== He     compounds ====
   HeH+      :  9.053
==== Li     compounds ====
   LiH       :  0.606   LiH+      : -0.656
==== C      compounds ====
   CH        :  9.513   CH+       :  8.092   CH2       :  5.938   CH2+      :  4.297   CH3       :  1.574   CH3+      :  0.630   CH4       : -2.292   CH4+      : -4.130
   CH5+      : -9.587   C2        :  6.354   C2+       :  5.574   C2H       :  3.335   C2H+      :  2.092   C2H2      : -2.820   C2H2+     : -1.651   C2H3+     : -6.132
   C3        : -2.687   C3+       : -0.352   C3H       : -5.399   C3H+      : -3.635
==== N      compounds ====
   NH        :  9.661   NH+       :  8.933   NH2       :  5.284   NH2+      :  5.249   NH3       :  2.053   NH3+      :  1.055   NH4+      : -5.546   CN        :  9.261
   CN+       :  5.528   HCN       :  6.366   HCN+      :  5.427   HNC       : -0.094   HCNH+     :  1.632   HC3N      :-35.930   N2        :  8.971   N2+       :  5.821
   N2H+      : -1.593
==== O      compounds ====
   OH        : 10.617   OH+       : 10.023   H2O       :  6.446   H2O+      :  6.175   H3O+      :  2.141   CO        : 10.828   CO+       :  6.505   HCO+      :  5.620
   H2CO      :-35.930   CH3OH     :-35.930   ^13CO     :  9.351   NO        :  7.321   NO+       :  6.003   HNO       :  2.766   HNO+      :  1.794   OCN       :  4.588
   OCN+      :  2.164   N2O       :  0.922   O2        :  6.677   O2+       :  7.299   NO2       :  2.417   NO2+      : -0.835
==== Ne     compounds ====
   NeH+      :  5.814
==== Si     compounds ====
   SiH       :  2.030   SiH2+     :  0.644   SiC2      :-35.930   SiN       : -1.077   SiN+      :  5.669   SiO       :  6.030   SiO+      :  6.422   SiOH+     :  2.298
==== S      compounds ====
   HS        :  8.380   HS+       :  7.195   CS        :  4.600   CS+       :  5.125   HCS+      :  2.082   NS        :  4.709   NS+       :  5.075   SO        :  6.197
   SO+       :  6.018   OCS       : -0.743   OCS+      : -2.287   SO2       :-35.930   S2        : -0.268   S2+       : -1.538
==== Cl     compounds ====
   HCl       :  3.023   HCl+      :  7.379   H2Cl+     :  3.740   CCl       :-10.186   CCl+      : -0.659   H2CCl+    :-13.167   ClO       :-12.339   ClO+      :-15.842
==== Ar     compounds ====
   ArH+      :  9.480
==== Ti     compounds ====
   TiH       :-35.930   TiH+      :-35.930   TiH2      :-35.930   TiH2+     :-35.930   TiC       :-35.930   TiC+      :-35.930   HCTi      :-35.930   HCTi+     :-35.930
   TiC2      :-35.930   TiC2+     :-35.930   TiN       :-35.930   TiN+      :-35.930   HNTi      :-35.930   HNTi+     :-35.930   TiNC      :-35.930   TiNC+     :-35.930
   TiO       :-35.930   TiO+      :-35.930   TiOH+     :-35.930   TiO2      :-35.930   TiF+      :-35.930   TiS       :-35.930   TiS+      :-35.930   HTiS      :-35.930


               1      2      3      4      5      6      7      8      9     10     11     12     13     14     15     16     17

 Hydrogen   18.036 16.094 13.578 (H2)                Log10 Column density (cm^-2)
 Helium     16.971 14.057  0.853
 Lithium     6.693  6.868-30.000-30.000
 Beryllium   7.399  6.122  2.631-30.000-30.000
 Boron       8.578  8.236  1.834-30.000-30.000-30.000
 Carbon     14.377 13.759  9.015-30.000-30.000-30.000-30.000
 Nitrogen   13.869 11.551  3.879-30.000-30.000-30.000-30.000-30.000
 Oxygen     14.728 12.680  4.890-30.000-30.000-30.000-30.000-30.000-30.000
 Fluorine   10.594  8.811  4.706-30.000-30.000-30.000-30.000-30.000-30.000-30.000
 Neon       13.967 11.919  6.898-30.000-30.000-30.000-30.000-30.000-30.000-30.000-30.000
 Sodium     11.144 12.249  6.372-30.000-30.000-30.000-30.000-30.000-30.000-30.000-30.000-30.000
 Magnesium  12.088 13.629  9.991-30.000-30.000-30.000-30.000-30.000-30.000-30.000-30.000-30.000-30.000
 Aluminium   9.185 12.491  7.999-30.000-30.000-30.000-30.000-30.000-30.000-30.000-30.000-30.000-30.000-30.000
 Silicon    12.002 13.539  8.293-30.000-30.000-30.000-30.000-30.000-30.000-30.000-30.000-30.000-30.000-30.000-30.000
 Phosphorus  8.772 11.450  6.998-30.000-30.000-30.000-30.000-30.000-30.000-30.000-30.000-30.000-30.000-30.000-30.000-30.000
 Sulphur    12.473 13.062  9.419-30.000-30.000-30.000-30.000-30.000-30.000-30.000-30.000-30.000-30.000-30.000-30.000-30.000-30.000
 Chlorine    9.454 11.537  7.895-30.000-30.000-30.000-30.000-30.000-30.000-30.000-30.000-30.000-30.000-30.000-30.000-30.000-30.000
-30.000
 Argon      12.429 10.841  7.902-30.000-30.000-30.000-30.000-30.000-30.000-30.000-30.000-30.000-30.000-30.000-30.000-30.000-30.000
-30.000-30.000
 Potassium  10.291 10.992  6.851-30.000-30.000-30.000-30.000-30.000-30.000-30.000-30.000-30.000-30.000-30.000-30.000-30.000-30.000
-30.000-30.000-30.000
 Calcium    12.267 11.746  9.223-30.000-30.000-30.000-30.000-30.000-30.000-30.000-30.000-30.000-30.000-30.000-30.000-30.000-30.000
-30.000-30.000-30.000-30.000
 Scandium    9.056  8.615  6.269-30.000-30.000-30.000-30.000-30.000-30.000-30.000-30.000-30.000-30.000-30.000-30.000-30.000-30.000
-30.000-30.000-30.000-30.000-30.000
 Titanium    7.303 10.991  7.957-30.000-30.000-30.000-30.000-30.000-30.000-30.000-30.000-30.000-30.000-30.000-30.000-30.000-30.000
-30.000-30.000-30.000-30.000-30.000-30.000
 Vanadium    9.922  8.998  6.294-30.000-30.000-30.000-30.000-30.000-30.000-30.000-30.000-30.000-30.000-30.000-30.000-30.000-30.000
-30.000-30.000-30.000-30.000-30.000-30.000-30.000
 Chromium   11.469 11.270  7.049-30.000-30.000-30.000-30.000-30.000-30.000-30.000-30.000-30.000-30.000-30.000-30.000-30.000-30.000
-30.000-30.000-30.000-30.000-30.000-30.000-30.000-30.000
 Manganese   7.811 11.471  7.553-30.000-30.000-30.000-30.000-30.000-30.000-30.000-30.000-30.000-30.000-30.000-30.000-30.000-30.000
-30.000-30.000-30.000-30.000-30.000-30.000-30.000-30.000-30.000
 Iron        9.633 13.541  9.051-30.000-30.000-30.000-30.000-30.000-30.000-30.000-30.000-30.000-30.000-30.000-30.000-30.000-30.000
-30.000-30.000-30.000-30.000-30.000-30.000-30.000-30.000-30.000-30.000
 Cobalt     11.015  9.588  2.758-30.000-30.000-30.000-30.000-30.000-30.000-30.000-30.000-30.000-30.000-30.000-30.000-30.000-30.000
-30.000-30.000-30.000-30.000-30.000-30.000-30.000-30.000-30.000-30.000-30.000
 Nickel      8.798 12.261  5.240-30.000-30.000-30.000-30.000-30.000-30.000-30.000-30.000-30.000-30.000-30.000-30.000-30.000-30.000
-30.000-30.000-30.000-30.000-30.000-30.000-30.000-30.000-30.000-30.000-30.000-30.000
 Copper     10.165  9.387  5.188-30.000-30.000-30.000-30.000-30.000-30.000-30.000-30.000-30.000-30.000-30.000-30.000-30.000-30.000
-30.000-30.000-30.000-30.000-30.000-30.000-30.000-30.000-30.000-30.000-30.000-30.000-30.000
 Zinc       10.588  9.068  5.896-30.000-30.000-30.000-30.000-30.000-30.000-30.000-30.000-30.000-30.000-30.000-30.000-30.000-30.000
-30.000-30.000-30.000-30.000-30.000-30.000-30.000-30.000-30.000-30.000-30.000-30.000-30.000-30.000
 Exc state    He1*  9.450   CII* 13.580   C11* 13.427   C12* 13.902   C13* 14.120   O11* 14.483   O12* 14.239   O13* 13.752
              Si2* 13.349   C30*  1.091   C31*  0.253   C32*  1.885


 Hydrogen   -0.005 -1.947 -4.162 (H2)                 Log10 Mean Ionisation (over radius)
 Helium     -0.001 -2.914-16.118
 Lithium    -0.398 -0.222
 Beryllium  -0.022 -1.299 -4.791
 Boron      -0.163 -0.505 -6.907
 Carbon     -0.094 -0.712 -5.456
 Nitrogen   -0.002 -2.320 -9.992
 Oxygen     -0.004 -2.052 -9.841
 Fluorine   -0.007 -1.790 -5.895
 Neon       -0.004 -2.052 -7.074
 Sodium     -1.138 -0.033 -5.910
 Magnesium  -1.553 -0.012 -3.650
 Aluminium  -3.306 -0.000 -4.492
 Silicon    -1.550 -0.012 -5.259
 Phosphorus -2.679 -0.001 -4.453
 Sulphur    -0.689 -0.100 -3.743
 Chlorine   -2.087 -0.004 -3.646
 Argon      -0.012 -1.600 -4.539
 Potassium  -0.779 -0.079 -4.219
 Calcium    -0.115 -0.636 -3.158
 Scandium   -0.135 -0.576 -2.921
 Titanium   -3.688 -0.000 -3.034
 Vanadium   -0.049 -0.974 -3.678
 Chromium   -0.213 -0.412 -4.633
 Manganese  -3.660 -0.000 -3.918
 Iron       -3.908 -0.000 -4.490
 Cobalt     -0.016 -1.443 -8.273
 Nickel     -3.464 -0.000 -7.021
 Copper     -0.067 -0.844 -5.043
 Zinc       -0.013 -1.533 -4.706

               1      2      3      4      5      6      7      8      9     10     11     12     13     14     15     16     17

 Hydrogen   -0.006 -1.842 -4.390 (H2)         Log10 Mean Ionisation (over radius*electron density)
 Helium     -0.001 -2.885-16.153
 Lithium    -0.424 -0.205
 Beryllium  -0.018 -1.396 -4.841
 Boron      -0.134 -0.576 -6.887
 Carbon     -0.080 -0.773 -5.434
 Nitrogen   -0.003 -2.191 -9.825
 Oxygen     -0.005 -1.946 -9.705
 Fluorine   -0.007 -1.767 -5.921
 Neon       -0.004 -2.054 -7.133
 Sodium     -1.164 -0.031 -5.965
 Magnesium  -1.556 -0.012 -3.531
 Aluminium  -3.319 -0.000 -4.485
 Silicon    -1.491 -0.014 -5.097
 Phosphorus -2.695 -0.001 -4.402
 Sulphur    -0.596 -0.127 -3.665
 Chlorine   -2.277 -0.002 -3.636
 Argon      -0.016 -1.440 -4.367
 Potassium  -0.869 -0.063 -4.233
 Calcium    -0.100 -0.689 -3.282
 Scandium   -0.120 -0.621 -2.916
 Titanium   -3.714 -0.001 -2.982
 Vanadium   -0.045 -1.007 -3.624
 Chromium   -0.184 -0.462 -4.490
 Manganese  -3.686 -0.000 -3.766
 Iron       -3.932 -0.000 -4.328
 Cobalt     -0.014 -1.495 -8.190
 Nickel     -3.484 -0.000 -6.923
 Copper     -0.057 -0.912 -5.047
 Zinc       -0.011 -1.605 -4.773

               1      2      3      4      5      6      7      8      9     10     11     12     13     14     15     16     17

 Hydrogen    3.650  3.665  3.625 (H2)                  Log10 Mean Temperature (over radius)
 Helium      3.651  3.655  3.647
 Lithium     3.648  3.653
 Beryllium   3.651  3.639  3.644
 Boron       3.654  3.642  3.653
 Carbon      3.652  3.643  3.653
 Nitrogen    3.651  3.668  3.674
 Oxygen      3.650  3.665  3.669
 Fluorine    3.651  3.653  3.647
 Neon        3.651  3.650  3.643
 Sodium      3.648  3.651  3.644
 Magnesium   3.651  3.651  3.667
 Aluminium   3.649  3.651  3.652
 Silicon     3.658  3.650  3.673
 Phosphorus  3.649  3.651  3.657
 Sulphur     3.663  3.647  3.662
 Chlorine    3.627  3.651  3.652
 Argon       3.650  3.673  3.675
 Potassium   3.640  3.653  3.649
 Calcium     3.653  3.643  3.635
 Scandium    3.653  3.645  3.651
 Titanium    3.648  3.651  3.657
 Vanadium    3.651  3.646  3.657
 Chromium    3.655  3.644  3.670
 Manganese   3.648  3.651  3.672
 Iron        3.648  3.651  3.673
 Cobalt      3.651  3.644  3.661
 Nickel      3.648  3.651  3.664
 Copper      3.652  3.642  3.650
 Zinc        3.651  3.641  3.642

               1      2      3      4      5      6      7      8      9     10     11     12     13     14     15     16     17

 Hydrogen    3.664  3.675  3.634 (H2)          Log10 Mean Temperature (over radius*electron density)
 Helium      3.664  3.668  3.661
 Lithium     3.661  3.666
 Beryllium   3.665  3.653  3.659
 Boron       3.667  3.656  3.667
 Carbon      3.666  3.658  3.667
 Nitrogen    3.664  3.677  3.680
 Oxygen      3.664  3.675  3.678
 Fluorine    3.664  3.667  3.662
 Neon        3.664  3.664  3.658
 Sodium      3.661  3.665  3.658
 Magnesium   3.664  3.665  3.676
 Aluminium   3.663  3.664  3.665
 Silicon     3.670  3.664  3.680
 Phosphorus  3.663  3.665  3.670
 Sulphur     3.673  3.661  3.671
 Chlorine    3.641  3.665  3.665
 Argon       3.664  3.679  3.681
 Potassium   3.654  3.666  3.663
 Calcium     3.666  3.659  3.650
 Scandium    3.666  3.660  3.666
 Titanium    3.661  3.664  3.670
 Vanadium    3.665  3.662  3.671
 Chromium    3.667  3.659  3.678
 Manganese   3.662  3.664  3.679
 Iron        3.662  3.664  3.680
 Cobalt      3.665  3.659  3.673
 Nickel      3.662  3.664  3.674
 Copper      3.666  3.657  3.664
 Zinc        3.665  3.657  3.657

               1      2      3      4      5      6      7      8      9     10     11     12     13     14     15     16     17
                                                                          

---------------Convergence statistics---------------
      1.38 mean iterations/state convergence
      2.99 mean cx acceleration loops/iteration
      1.06 mean iso convergence loops/ion solve
      1.04 mean steps/chemistry solve
      1.07 mean step length searches/chemistry step
----------------------------------------------------

 Cloudy ends: 75 zones, 3 iterations.  ExecTime(s) 235.46
 [Stop in cdMain at ../maincl.cpp:483, Cloudy exited OK]
 ************************************************** GRID_DELIMIT -- grid000000048
