                                                          Cloudy 13.03
                                                         www.nublado.org

                       **************************************13Feb20**************************************
                       *                                                                                 *
                       * c                                                                               *
                       * phi(h) 8.000000 LOG range -0.000232 6.866524                                    *
                       * grid from 8 to 23 in 1 dex steps                                                *
                       * HDEN=11.000000 LOG                                                              *
                       * grid from 0 to 12 in 1 dex steps                                                *
                       * set pres ionize 1e5                                                             *
                       * c                                                                               *
                       * c                                                                               *
                       * table star "Rotation_inst.mod" age 6.78                                         *
                       * c<< Rotation_ins model    4 read.       Age =    6010000.00                 >>> *
                       * c<< Rotation_ins model    5 read.       Age =    8010000.00                 >>> *
                       * c<< FINAL:     Age =    6025595.86                                          >>> *
                       * c                                                                               *
                       * c                                                                               *
                       * abundances GASS10                                                               *
                       * c                                                                               *
                       * c                                                                               *
                       * iterate to convergence max = 7                                                  *
                       * stop column density = 23                                                        *
                       * c                                                                               *
                       * c                                                                               *
                       * print last                                                                      *
                       * set save prefix "geneva_inst_rot_6"                                             *
                       * save grid ".grd" last no hash                                                   *
                       * save linelist "emissionlines_abs.txt" "LineList_HII.dat" absolute last no hash    *
                       *                                                                                 *
                       ***********************************************************************************



           !The plasma frequency is 9.45e-07 Ryd.  The incident continuum is set to 0 below this.
           3972CellPeak1.00E+00   Lo 1.00e-08=910.79cm   Hi-Con:4.21E+00 Ryd   E(hi):7.35E+06Ryd     E(hi):     100.01 MeV
           I(nu>1ryd):  -2.5376   Average nu:1.330E+00   I( X-ray):   0.0000   I(BalC):  -1.8611     Phi(BalmrC):   9.0435
           phi(1.0-1.8): 7.9574   phi(1.8-4.0):  6.970   phi(4.0-20): -2.637   phi(20--):  0.000     Ion pht flx:1.000E+08
           I(gam ray):   0.0000   phi(gam r):   0.0000   I(Infred):  -2.7653   Alf(ox):   0.0000     Total inten:  -1.7355
           U(1.0----):3.336E-14   U(4.0----):7.703E-25   T(En-Den):3.001E+00   T(Comp):2.841E+04     nuJnu(912A):1.206E-02
           Occ(FarIR):0.000E+00   Occ(H n=6):2.886E-15   Occ(1Ryd):5.543E-19   Occ(4R):1.859E-30     Occ (Nu-hi):1.724E-31
           Tbr(FarIR):0.000E+00   Tbr(H n=6):1.265E-11   Tbr(1Ryd):8.762E-14   Tbr(4R):1.175E-24     Tbr (Nu-hi):1.143E-25
  
                                                  Gas Phase Chemical Composition
        H :  0.0000  He: -1.0701  Li:-10.9508  Be:-10.6198  B : -9.3002  C : -3.5702  N : -4.1701  O : -3.3098  F : -7.4401
        Ne: -4.0701  Na: -5.7595  Mg: -4.4001  Al: -5.5498  Si: -4.4895  P : -6.5901  S : -4.8794  Cl: -6.5003  Ar: -5.6003
        K : -6.9706  Ca: -5.6596  Sc: -8.8508  Ti: -7.0501  V : -8.0701  Cr: -6.3595  Mn: -6.5702  Fe: -4.5003  Co: -7.0101
                                               Ni: -5.7799  Cu: -7.8097  Zn: -7.4401
 
 ####  1  Te:2.323E+02 Hden:1.000E+11 Ne:1.838E+06 R:1.000E+30 R-R0:4.436E+01 dR:8.872E+01 NTR: 34 Htot:1.592E-10 T912: 5.47e-05###
 Hydrogen      9.74e-01 3.56e-08 H+o/Hden 9.74e-01 2.41e-12 H-    H2 1.30e-02 7.56e-14 H2+ HeH+ 5.69e-16 Ho+ ColD 8.64e+12 3.16e+05
 Helium        1.00e+00 7.85e-10 0.00e+00 HeI 2s3S 3.81e-12 Comp H,C 4.31e-25 3.52e-27 Fill Fac 1.00e+00 Gam1/tot 1.00e+00
 He singlet n  1.00e+00 1.37e-14 7.55e-20 4.69e-21 4.18e-20 1.60e-21 He tripl 3.81e-12 3.91e-20 3.83e-22 3.76e-21 3.86e-21
 Pressure      NgasTgas 2.49e+13 P(total) 3.44e-03 P( gas ) 3.44e-03 P(Radtn) 0.00e+00 Rad accl 8.41e-07 ForceMul 2.55e+11
 Texc(La)      2.90e+03 T(I con) 3.00e+00 T(D con) 1.43e-01 T(U tot) 3.00e+00 nT (c+d) 7.59e+05 Prad/Gas 0.00e+00 Pmag/Gas 0.00e+00
 Molecules     CH/Ctot: 1.79e-06 CH+/Ctot 2.22e-13 CO/Ctot: 9.98e-01 CO+/Ctot 8.33e-13 H2O/Otot 5.27e-05 OH/Ototl 3.82e-05
 Lithium       1.00e+00 1.28e-04 0.00e+00 0.00e+00 Berylliu 1.00e+00 3.70e-05 1.16e-12 0.00e+00 0.00e+00 sec ion: 0.00e+00
 Boron         1.00e+00 2.77e-04 2.39e-15 0.00e+00 0.00e+00 0.00e+00
 Carbon        1.58e-03 1.09e-06 2.05e-16 0.00e+00 0.00e+00 0.00e+00 0.00e+00 H2O+/O   9.73e-09 OH+/Otot 1.09e-08 Hex(tot) 0.00e+00
 Nitrogen      4.99e-02 3.11e-09 0.00e+00 0.00e+00 0.00e+00 0.00e+00 0.00e+00 0.00e+00 O2/Ototl 1.23e-03 O2+/Otot 2.06e-08
 Oxygen        4.46e-01 6.97e-09 0.00e+00 0.00e+00 0.00e+00 0.00e+00 0.00e+00 0.00e+00 0.00e+00
 Fluorine      1.00e+00 1.66e-05 1.10e-13 0.00e+00 0.00e+00 0.00e+00 0.00e+00 0.00e+00 0.00e+00 0.00e+00
 Neon          1.00e+00 5.24e-06 2.02e-15 0.00e+00 0.00e+00 0.00e+00 0.00e+00 0.00e+00 0.00e+00 0.00e+00 0.00e+00
 Sodium        9.98e-01 1.63e-03 7.91e-14 0.00e+00 0.00e+00 0.00e+00 0.00e+00 0.00e+00 0.00e+00 0.00e+00 0.00e+00 0.00e+00
 Magnesium     9.95e-01 4.55e-03 8.81e-12 0.00e+00 0.00e+00 0.00e+00 0.00e+00 0.00e+00 0.00e+00 0.00e+00 0.00e+00 0.00e+00 0.00e+00
 Aluminium  0  6.10e-01 3.90e-01 1.97e-09 0.00e+00 0.00e+00 0.00e+00 0.00e+00 0.00e+00 0.00e+00 0.00e+00 0.00e+00 0.00e+00 0.00e+00
 Silicon    0  9.64e-01 5.36e-05 8.52e-18 0.00e+00 0.00e+00 0.00e+00 0.00e+00 0.00e+00 0.00e+00 0.00e+00 0.00e+00 0.00e+00 0.00e+00
 Phosphorus 0  8.92e-01 1.08e-01 4.26e-09 0.00e+00 0.00e+00 0.00e+00 0.00e+00 0.00e+00 0.00e+00 0.00e+00 0.00e+00 0.00e+00 0.00e+00
 Sulphur    0  9.75e-01 6.81e-06 1.55e-16 0.00e+00 0.00e+00 0.00e+00 0.00e+00 0.00e+00 0.00e+00 0.00e+00 0.00e+00 0.00e+00 0.00e+00
 Chlorine   0  9.61e-01 2.64e-06 4.64e-14 0.00e+00 0.00e+00 0.00e+00 0.00e+00 0.00e+00 0.00e+00 0.00e+00 0.00e+00 0.00e+00 0.00e+00
 Argon      0  1.00e+00 1.76e-09 1.36e-18 0.00e+00 0.00e+00 0.00e+00 0.00e+00 0.00e+00 0.00e+00 0.00e+00 0.00e+00 0.00e+00 0.00e+00
 Potassium  0  1.00e+00 3.32e-04 1.92e-11 0.00e+00 0.00e+00 0.00e+00 0.00e+00 0.00e+00 0.00e+00 0.00e+00 0.00e+00 0.00e+00 0.00e+00
 Calcium    0  1.00e+00 9.00e-05 1.03e-08 0.00e+00 0.00e+00 0.00e+00 0.00e+00 0.00e+00 0.00e+00 0.00e+00 0.00e+00 0.00e+00 0.00e+00
 Scandium   0  1.00e+00 1.20e-04 2.43e-08 0.00e+00 0.00e+00 0.00e+00 0.00e+00 0.00e+00 0.00e+00 0.00e+00 0.00e+00 0.00e+00 0.00e+00
 Titanium   0  6.18e-01 3.82e-01 2.17e-07 0.00e+00 0.00e+00 0.00e+00 0.00e+00 0.00e+00 0.00e+00 0.00e+00 0.00e+00 0.00e+00 0.00e+00
 Vanadium   0  1.00e+00 5.70e-05 5.21e-11 0.00e+00 0.00e+00 0.00e+00 0.00e+00 0.00e+00 0.00e+00 0.00e+00 0.00e+00 0.00e+00 0.00e+00
 Chromium   0  1.00e+00 2.43e-04 2.95e-14 0.00e+00 0.00e+00 0.00e+00 0.00e+00 0.00e+00 0.00e+00 0.00e+00 0.00e+00 0.00e+00 0.00e+00
 Manganese  0  6.27e-01 3.73e-01 3.58e-12 0.00e+00 0.00e+00 0.00e+00 0.00e+00 0.00e+00 0.00e+00 0.00e+00 0.00e+00 0.00e+00 0.00e+00
 Iron       0  4.84e-01 5.16e-01 8.67e-13 0.00e+00 0.00e+00 0.00e+00 0.00e+00 0.00e+00 0.00e+00 0.00e+00 0.00e+00 0.00e+00 0.00e+00
 Cobalt     0  1.00e+00 2.40e-05 2.53e-16 0.00e+00 0.00e+00 0.00e+00 0.00e+00 0.00e+00 0.00e+00 0.00e+00 0.00e+00 0.00e+00 0.00e+00
 Nickel     0  6.51e-01 3.49e-01 3.14e-12 0.00e+00 0.00e+00 0.00e+00 0.00e+00 0.00e+00 0.00e+00 0.00e+00 0.00e+00 0.00e+00 0.00e+00
 Copper     0  1.00e+00 1.02e-04 1.53e-11 0.00e+00 0.00e+00 0.00e+00 0.00e+00 0.00e+00 0.00e+00 0.00e+00 0.00e+00 0.00e+00 0.00e+00
 Zinc       0  1.00e+00 1.94e-05 4.88e-13 0.00e+00 0.00e+00 0.00e+00 0.00e+00 0.00e+00 0.00e+00 0.00e+00 0.00e+00 0.00e+00 0.00e+00
                                                                             
   Calculation stopped because lowest Te reached. Iteration 3 of 3
   The geometry is plane-parallel.
  !Continuum fluorescent production of H-beta was very important.
  !Charge transfer ionization of H reached 49.3% of the local H ionization rate.
  !The largest plasma frequency was 9.45e-07 Ryd = 9.64e+04 micron  The continuum is set to 0 below this.
  !AGE: Cloud age was not set.  Longest timescale was 3.23e+08 s = 1.02e+01 years.
  !The excitation temp of Lya exceeded the electron temp, largest value was 2.90e+03K (gas temp there was 2.32e+02K, zone   1)
  !The CMB was not included.  This is added with the CMB command.
  !The intensity of the incident radiation field is less than 10 times the Habing diffuse ISM field.  Is this OK?
  !   Consider adding diffuse ISM emission with TABLE ISM command.
  !The fraction of N  in N2 reached 95.0% at some point in the cloud.
  !The fraction of C  in CO reached 99.8% at some point in the cloud.
   Te-ne bounds of Case B lookup table exceeded, H I Case B line intensities set to zero.
   Te-ne bounds of Case B lookup table exceeded, He II Case B line intensities set to zero.
   H2 vib deexec heating reached 2.57% of the local heating.
   The density is too low to l-mix the lowest He I collapsed level.  More resolved levels are needed for accurate line ratios.
   Grains were not present but might survive in this environment (energy density temperature was 3.00e+00K)
   The fraction of H  in H2 reached 2.60% at some point in the cloud.
   The fraction of O  in O2 reached 0.246% at some point in the cloud.
   The fraction of Si in SiO reached 3.58% at some point in the cloud.
   The fraction of S  in SO reached 2.44% at some point in the cloud.
   The fraction of Cl in HCl reached 3.90% at some point in the cloud.

                       *********************************> Cloudy 13.03 <**********************************
                       * c                                                                               *
                       * phi(h) 8.000000 LOG range -0.000232 6.866524                                    *
                       * grid from 8 to 23 in 1 dex steps                                                *
                       * HDEN=11.000000 LOG                                                              *
                       * grid from 0 to 12 in 1 dex steps                                                *
                       * set pres ionize 1e5                                                             *
                       * c                                                                               *
                       * c                                                                               *
                       * table star "Rotation_inst.mod" age 6.78                                         *
                       * c                                                                               *
                       * c                                                                               *
                       * abundances GASS10                                                               *
                       * c                                                                               *
                       * c                                                                               *
                       * iterate to convergence max = 7                                                  *
                       * stop column density = 23                                                        *
                       * c                                                                               *
                       * c                                                                               *
                       * print last                                                                      *
                       * set save prefix "geneva_inst_rot_6"                                             *
                       * save grid ".grd" last no hash                                                   *
                       * save linelist "emissionlines_abs.txt" "LineList_HII.dat" absolute last no hash    *
                       *********************************> Log(U):-13.48 <*********************************

                     Emission Line Spectrum.   Constant  Density Model.    Open geometry.  Iteration 3 of 3.
                                                     Intensity (erg/s/cm^2).


                                                   Intrinsic line intensities
 general properties..........      nInu  3588A  -2.5182524912.5      H2O  98.47m -11.387   0.0034      SO   316.9m -11.793   0.0013            
 TOTL  4861A  -8.920   1.0000      nFnu  2430A -11.174   0.0056      H2O  75.89m -11.683   0.0017      SO   303.3m -11.828   0.0012            
 TOTL  1216A  -6.554 232.5684      nInu  2430A  -2.2374818659.0      H2O  82.01m -10.097   0.0665      SO   303.2m -11.822   0.0013            
 Inci     0   -1.735*********      nFnu  2392A -11.159   0.0058      H2O  65.15m -10.225   0.0496      SO   303.2m -11.787   0.0014            
 TotH     0   -7.850  11.7521      nInu  2392A  -2.2244963056.5      H2O  30.89m -10.661   0.0182      SiO  986.1m -11.799   0.0013            
 TotC     0   -7.850  11.7523      nFnu  2071A -11.026   0.0078      H2O  49.38m -10.180   0.0550      SiO  862.9m -11.540   0.0024            
 BFH1     0   -7.884  10.8559      nInu  2071A  -2.1126435988.5      H2O  27.98m -11.142   0.0060      SiO  767.1m -11.319   0.0040            
 Line     0  -10.943   0.0095      nFnu  2053A -11.017   0.0080      H2O  40.33m -10.129   0.0619      SiO  690.4m -11.130   0.0062            
 BFHe     0   -9.608   0.2052      nInu  2053A  -2.1126431740.0      H2O  35.93m -10.325   0.0394      SiO  627.7m -10.966   0.0090            
 TotM     0  -10.016   0.0802      nFnu  1793A -10.902   0.0104      H2O  33.00m -10.696   0.0167      SiO  575.4m -10.824   0.0125            
 CT C     0  -11.783   0.0014      nInu  1793A  -2.0038256698.5      H2O  94.62m -11.119   0.0063      SiO  531.2m -10.701   0.0166            
 H2O      0   -8.612   2.0346      nFnu  1585A -10.814   0.0128      H2O  104.1m -11.392   0.0034      SiO  493.3m -10.594   0.0212            
 H2O      0   -9.092   0.6728      nInu  1585A  -2.0737034842.5      H2O  92.79m -11.615   0.0020      SiO  460.4m -10.503   0.0261            
 NH3      0  -11.798   0.0013      nFnu  1458A -10.767   0.0142      H2O  71.93m -10.198   0.0528      SiO  431.7m -10.425   0.0312            
 OH       0   -9.198   0.5272      nInu  1458A  -1.899*********      H2O  66.07m -10.614   0.0202      SiO  406.3m -10.360   0.0363            
 HCl      0  -10.422   0.0315      nFnu  1357A -10.747   0.0149      H2O  29.83m -10.820   0.0126      SiO  383.8m -10.306   0.0411            
 SO       0  -10.407   0.0326      nInu  1357A  -1.819*********      H2O  74.92m -11.494   0.0027      SiO  363.6m -10.263   0.0454            
 SiO      0   -8.930   0.9778      nFnu  1297A -10.749   0.0148      H2O  34.54m -10.560   0.0229      SiO  345.5m -10.230   0.0490            
 CO       0   -8.660   1.8191      nInu  1297A  -1.803*********      H2O  35.42m -10.524   0.0249      SiO  329.1m -10.206   0.0518            
 13CO     0  -10.175   0.0556      nFnu  1263A -10.737   0.0152      H2O  32.98m -10.799   0.0132      SiO  314.1m -10.190   0.0537            
 continua....................      nInu  1263A  -1.809*********      H2O  30.52m -11.244   0.0047      SiO  300.5m -10.184   0.0545            
 Bac   3646A  -9.749   0.1483      nFnu  1218A  -8.734   1.5343      H2O  84.74m -11.366   0.0036      SiO  288.0m -10.185   0.0544            
 nFnu  3645A  -9.742   0.1505      nInu  1218A  -1.832*********      H2O  63.31m -10.385   0.0343      SiO  276.6m -10.194   0.0532            
 nFnu  3647A -11.575   0.0022      nFnu  1196A -10.459   0.0289      H2O  55.12m -10.750   0.0148      SiO  266.0m -10.210   0.0513            
 cout  3646A -10.050   0.0742      nInu  1196A  -1.786*********      H2O  23.81m -11.329   0.0039      SiO  256.1m -10.233   0.0486            
 cref  3646A -10.050   0.0742      nFnu  1175A -10.791   0.0135      H2O  44.69m -11.008   0.0082      SiO  247.0m -10.264   0.0453            
 thin  3646A  -9.749   0.1483      nInu  1175A  -1.832*********      H2O  23.89m -11.568   0.0023      SiO  238.6m -10.301   0.0416            
 Inci  4860A  -2.8741111631.5      nFnu  1144A -10.828   0.0124      H2O  35.66m -11.138   0.0061      SiO  230.6m -10.344   0.0377            
 Inci  1215A  -1.831*********      nInu  1144A  -1.718*********      H2O  30.86m -11.349   0.0037      SiO  223.2m -10.394   0.0336            
 Ba C     0  -11.729   0.0016      nFnu  1113A -10.829   0.0123      H2O  70.68m -11.621   0.0020      SiO  216.3m -10.450   0.0295            
 FIR  83.00m  -3.444299330.59      nInu  1113A  -1.850*********      H2O  56.80m -10.687   0.0171      SiO  209.8m -10.512   0.0256            
 TIR   1800m  -5.7471491.4800      nFnu  1103A -10.819   0.0126      H2O  51.67m -11.175   0.0056      SiO  203.6m -10.579   0.0219            
 NIRa 2.850m  -3.336383834.16      nInu  1103A  -1.693*********      H2O  21.84m -11.809   0.0013      SiO  197.9m -10.653   0.0185            
 NIRb 3.000m  -3.831122737.59      nFnu  1074A -10.806   0.0130      H2O  51.06m -11.816   0.0013      SiO  192.4m -10.732   0.0154            
 MIRa 15.00m  -4.01680217.602      nInu  1074A  -1.761*********      H2O  51.43m -11.084   0.0069      SiO  187.2m -10.817   0.0127            
 MIRb 22.50m  -3.794133601.73      nFnu  1064A -10.798   0.0133      H2O  47.03m -11.604   0.0021      SiO  182.4m -10.907   0.0103            
 NMIR 21.75m  -3.336383834.16      nInu  1064A  -1.683*********      H2O  28.58m -11.792   0.0013      SiO  177.7m -11.003   0.0083            
 TFIR 611.2m  -3.95692083.602      nFnu  1036A -10.781   0.0138      H2O  25.16m -11.749   0.0015      SiO  173.3m -11.106   0.0065            
 TALL 10000A  -1.735*********      nInu  1036A  -1.699*********      H2O  28.23m -11.694   0.0017      CO   650.1m -11.426   0.0031            
 F12  12.00m  -4.49726503.902      nFnu  1000A -10.755   0.0146      H2O  46.60m -11.633   0.0019      CO   520.1m -10.994   0.0084            
 F25  25.00m  -4.30741078.824      nInu  1000A  -1.702*********      H2O  101.0m -10.659   0.0183      CO   433.4m -10.661   0.0181            
 F60  60.00m  -3.844119283.17      nFnu 925.1A -10.702   0.0165      H2O  138.5m -10.987   0.0086      CO   371.5m -10.400   0.0331            
 F100 100.0m  -4.03177520.672      nInu 925.1A  -1.753*********      H2O  89.96m -10.529   0.0246      CO   325.1m -10.195   0.0532            
 MIPS 24.00m  -4.62119921.193      nFnu 897.8A -10.685   0.0172      H2O  46.47m -11.711   0.0016      CO   289.0m -10.033   0.0770            
 MIPS 70.00m  -4.20152403.867      nInu 897.8A  -2.1765547200.0      H2O  67.07m -10.093   0.0672      CO   260.2m  -9.910   0.1023            
 MIPS 160.0m  -4.42631210.082      nFnu 760.0A -10.637   0.0192      H2O  156.2m -11.596   0.0021      CO   236.5m  -9.819   0.1263            
 IRAC 3.600m  -5.1246256.3076      nInu 760.0A  -2.1935329963.0      H2O  126.7m -11.562   0.0023      CO   216.9m  -9.756   0.1458            
 IRAC 4.500m  -5.2005253.9360      nFnu 701.5A -10.682   0.0173      H2O  125.3m -10.914   0.0101      CO   200.2m  -9.720   0.1587            
 IRAC 5.800m  -5.1266223.7822      nInu 701.5A  -2.3853426101.2      H2O  144.5m -11.844   0.0012      CO   185.9m  -9.706   0.1638            
 IRAC 8.000m  -4.84411916.395      nInu 608.2A  -2.5282464272.5      H2O  57.62m -10.508   0.0258      CO   173.6m  -9.714   0.1608            
 SPR1 250.0m  -4.84811811.660      nInu 575.1A  -2.4792760757.8      H2O  187.1m -11.905   0.0010      CO   162.8m  -9.742   0.1506            
 SPR2 350.0m  -5.2844328.1895      nInu 511.9A  -2.6791742211.1      H2O  56.31m -10.130   0.0617      CO   153.2m  -9.789   0.1351            
 SPR3 500.0m  -5.6721771.7229      nInu 496.9A  -2.8731114571.8      H2O  49.27m -10.042   0.0756      CO   144.7m  -9.855   0.1162            
 PAC1 70.00m  -4.13960479.195      nInu 399.2A  -3.054734560.38      H2O  146.9m -11.795   0.0013      CO   137.2m  -9.937   0.0961            
 PAC2 100.0m  -4.02678414.062      RRC.........................      H2O  95.86m -11.691   0.0017      CO   130.3m -10.036   0.0765            
 PAC3 160.0m  -4.16956403.465      H  1 911.8A -11.107   0.0065      H2O  95.60m -10.593   0.0213      CO   124.2m -10.151   0.0587            
 PAH  3.300m  -5.952 928.4733      grains......................      H2O  71.05m -10.556   0.0231      CO   118.5m -10.282   0.0435            
 PAHC 3.230m  -6.205 519.4827      H-like iso-sequence.........      H2O  35.46m -11.042   0.0076      CO   113.4m -10.427   0.0311            
 PAHC 3.370m  -6.284 432.4420      Hlin 912.0A -11.598   0.0021      H2O  53.12m -10.363   0.0361      CO   108.7m -10.587   0.0215            
 PAH  6.200m  -5.5792194.3689      Hrst     0  -11.838   0.0012      H2O  29.88m -11.741   0.0015      CO   104.4m -10.761   0.0144            
 PAHC 5.650m  -5.5732224.7351      Q(H)  4861A  -4.32339521.781      H2O  44.18m -10.270   0.0447      CO   100.4m -10.949   0.0094            
 PAH  7.900m  -5.2914252.8506      Q(H)  1216A  -2.7871359567.5      H2O  39.37m -10.414   0.0320      CO   96.75m -11.151   0.0059            
 PAHC 6.900m  -5.2844323.3223      H  1     0  -11.188   0.0054      H2O  111.6m -11.496   0.0027      CO   93.32m -11.366   0.0036            
 PAH  11.30m  -5.7071634.5159      H  1  1216A  -6.554 232.5684      H2O  113.9m -11.657   0.0018      CO   90.14m -11.595   0.0021            
 PAHC 10.90m  -5.7051640.3464      H  1  1026A  -7.130  61.7033      H2O  94.18m -11.793   0.0013      CO   87.17m -11.836   0.0012            
 PAH  11.80m  -5.4662844.6580      H  1 972.5A  -7.556  23.1261      H2O  83.26m -10.600   0.0209      13CO 340.1m -11.753   0.0015            
 PAHC 12.65m  -5.4692828.3125      H  1 949.7A  -7.875  11.0941      H2O  78.91m -11.065   0.0072      13CO 302.3m -11.588   0.0022            
 PAH  13.30m  -5.4133216.3323      H  1 937.8A  -8.106   6.5173      H2O  36.20m -10.942   0.0095      13CO 272.1m -11.460   0.0029            
 PAHC 14.10m  -5.4153197.7041      H  1 930.8A  -8.427   3.1123      H2O  40.75m -10.603   0.0208      13CO 247.4m -11.364   0.0036            
 Bcon  3640A  -1.861*********      H  1 926.2A  -8.763   1.4356      H2O  39.39m -10.574   0.0222      13CO 226.8m -11.295   0.0042            
 Pcon  5000A  -3.007818331.69      H  1 923.2A  -9.015   0.8044      H2O  35.89m -10.795   0.0133      13CO 209.4m -11.252   0.0047            
 HFFc     0   -8.839   1.2042      H  1 921.0A  -9.245   0.4731      H2O  103.9m -11.707   0.0016      13CO 194.5m -11.232   0.0049            
 MeFB     0  -10.412   0.0322      H  1  6563A  -8.482   2.7449      H2O  71.52m -10.664   0.0180      13CO 181.6m -11.234   0.0049            
 MeFF     0  -11.156   0.0058      H  1  4861A  -8.920   1.0000      H2O  59.97m -10.920   0.0100      13CO 170.2m -11.255   0.0046            
 ToFF     0  -11.155   0.0058      H  1  4340A  -9.236   0.4828      H2O  27.02m -11.355   0.0037      13CO 160.3m -11.294   0.0042            
 nInu 6.611c -11.629   0.0020      H  1  4102A  -9.423   0.3145      H2O  81.19m -11.792   0.0013      13CO 151.4m -11.351   0.0037            
 nInu 6.137c -11.532   0.0024      H  1  3970A  -9.616   0.2013      H2O  57.69m -11.295   0.0042      13CO 143.5m -11.425   0.0031            
 nInu 3.554c -10.822   0.0125      H  1  3889A  -9.807   0.1298      H2O  37.56m -11.034   0.0077      13CO 136.3m -11.515   0.0025            
 nInu 3.432c -10.776   0.0139      H  1  3835A  -9.966   0.0900      H2O  33.12m -11.266   0.0045      13CO 129.9m -11.620   0.0020            
 nInu 3.400c -10.763   0.0144      H  1  3798A -10.150   0.0589      H2O  33.00m -11.157   0.0058      13CO 124.0m -11.741   0.0015            
 nInu 2.003c -10.079   0.0694      H  1 1.875m  -9.605   0.2066      H2O  25.98m -11.706   0.0016      13CO 118.6m -11.875   0.0011            
 nInu 1.335c  -9.545   0.2373      H  1 1.282m  -9.913   0.1018      H2O  25.22m -11.732   0.0015      level 1 lines...............            
 nFnu  9993m -11.877   0.0011      H  1 1.094m -10.069   0.0710      H2O  51.45m -11.559   0.0023      N  1  1200A -11.773   0.0014            
 nInu  9993m  -9.167   0.5662      H  1 1.005m -10.200   0.0525      H2O  56.76m -11.160   0.0058      O  1 63.17m  -9.018   0.7988            
 nFnu  6917m -11.673   0.0018      H  1  9546A -10.352   0.0370      H2O  30.52m -11.707   0.0016      O  1 145.5m -10.749   0.0148            
 nInu  6917m  -8.692   1.6923      H  1  9229A -10.495   0.0266      H2O  29.36m -11.572   0.0022      Mg 1  2853A -10.186   0.0542            
 nFnu 122.4m  -9.448   0.2969      H  1  9015A -10.672   0.0177      H2O  31.73m -11.528   0.0025      Mg 1  2026A -11.210   0.0051            
 nInu 122.4m  -3.615202011.36      H  1 4.051m -10.259   0.0459      H2O  30.46m -11.799   0.0013      Si 1 129.6m -10.792   0.0134            
 nFnu 60.83m  -9.222   0.4994      H  1 2.625m -10.447   0.0297      H2O  50.62m -11.616   0.0020      Si 1 68.40m  -9.987   0.0857            
 nInu 60.83m  -3.662181135.25      H  1 2.166m -10.577   0.0220      H2O  63.44m -10.863   0.0114      Si 1  2518A -11.106   0.0065            
 nFnu 41.22m  -9.181   0.5481      H  1 1.945m -10.726   0.0156      OH   119.4m -11.666   0.0018      Si 1  2215A -11.710   0.0016            
 nInu 41.22m  -3.774139867.09      H  1 1.817m -10.868   0.0113      OH   119.4m -10.711   0.0162      S  1 25.19m  -9.216   0.5061            
 nFnu 30.87m  -9.213   0.5096      H  1 1.736m -11.043   0.0075      OH   119.4m -10.519   0.0252      S  1 56.29m -11.183   0.0055            
 nInu 30.87m  -3.877110503.02      H  1 7.458m -10.713   0.0161      OH   119.2m -11.663   0.0018      Cl 1 11.33m -10.908   0.0103            
 nFnu 24.78m  -9.285   0.4318      H  1 4.653m -10.861   0.0115      OH   119.2m -10.709   0.0163      Ca 1  4228A -11.573   0.0022            
 nInu 24.78m  -3.95692087.445      H  1 3.740m -11.016   0.0080      OH   119.2m -10.517   0.0253      Fe 1 24.04m  -8.808   1.2939            
 nFnu 24.30m  -9.294   0.4229      H  1 3.296m -11.158   0.0058      OH   79.16m -11.888   0.0011      Fe 1 34.70m -10.083   0.0688            
 nInu 24.30m  -3.96390573.805      H  1 3.038m -11.333   0.0039      OH   79.16m -11.490   0.0027      Fe 1  3021A -11.704   0.0016            
 nFnu 22.83m  -9.324   0.3950      H  1 12.37m -11.110   0.0065      OH   79.10m -11.892   0.0011      Fe2c     0   -8.780   1.3798            
 nInu 22.83m  -3.98586180.547      H  1 7.500m -11.259   0.0046      OH   79.10m -11.494   0.0027      Fe 2  2400A -11.036   0.0077            
 nFnu 21.42m  -9.360   0.3628      H  1 5.907m -11.399   0.0033      OH   163.4m -11.810   0.0013      Fe 2 25.98m  -8.813   1.2789            
 nInu 21.42m  -4.00881661.250      H  1 5.127m -11.573   0.0022      OH   53.34m -11.379   0.0035      Fe 2 35.34m  -9.952   0.0930            
 nFnu 21.12m  -9.370   0.3551      H  1 19.06m -11.490   0.0027      OH   163.4m -11.412   0.0032      Fe 2 51.29m -11.145   0.0060            
 nInu 21.12m  -4.01480652.547      H  1 11.31m -11.612   0.0020      OH   53.34m -11.123   0.0063      Fe 2  1786A -10.452   0.0294            
 nFnu 19.62m  -9.417   0.3186      H  1 8.758m -11.779   0.0014      OH   163.1m -11.809   0.0013      Ni 1 7.505m -11.496   0.0027            
 nInu 19.62m  -4.03976013.508      H  1 27.80m -11.824   0.0012      OH   53.25m -11.387   0.0034      recombination...............            
 nFnu 17.65m  -9.505   0.2603      He-like iso-sequence........      OH   163.1m -11.411   0.0032      level2 lines................            
 nInu 17.65m  -4.08268846.242      Hlin 506.0A -10.697   0.0167      OH   53.25m -11.132   0.0061      O  1 867.3A -11.111   0.0064            
 nFnu 17.37m  -9.518   0.2524      He 1     0  -10.760   0.0145      OH   84.57m -10.010   0.0813      O  1 787.5A -11.736   0.0015            
 nInu 17.37m  -4.08867923.023      He 1 584.3A  -8.515   2.5433      OH   84.57m -11.442   0.0030      O  1 976.8A -10.917   0.0101            
 nFnu 15.69m  -9.616   0.2015      He 1 537.0A  -9.207   0.5171      OH   84.57m -10.141   0.0602      O  1 767.7A -11.774   0.0014            
 nInu 15.69m  -4.12762075.062      He 1 522.2A  -9.791   0.1347      OH   84.40m -10.009   0.0815      O  1 969.0A -11.280   0.0044            
 nFnu 14.60m  -9.695   0.1681      He 1 515.6A -10.065   0.0717      OH   84.40m -11.440   0.0030      O  1 946.4A -11.745   0.0015            
 nInu 14.60m  -4.15558283.773      He 1 512.1A -10.228   0.0492      OH   84.40m -10.139   0.0604      O  1 934.5A -11.905   0.0010            
 nFnu 12.43m  -9.917   0.1008      He 1  5016A -11.777   0.0014      OH   98.71m -11.735   0.0015      Ne 1 688.6A -11.630   0.0020            
 nInu 12.43m  -4.21950238.488      Pho+  3889A  -9.900   0.1047      OH   98.71m -10.781   0.0138      Mg 1  1817A -11.810   0.0013            
 nFnu 11.40m -10.053   0.0736      database lines..............      OH   48.80m -11.251   0.0047      Al 1  1776A -11.726   0.0016            
 nInu 11.40m  -4.25246537.379      H2O  179.5m -10.945   0.0094      OH   34.62m -11.627   0.0020      Al 2  1671A -11.543   0.0024            
 nFnu 10.46m -10.207   0.0517      H2O  108.0m -10.214   0.0508      OH   98.71m -10.589   0.0214      Si 1  1261A -10.861   0.0115            
 nInu 10.46m  -4.28643109.113      H2O  180.4m -11.361   0.0036      OH   48.80m -11.097   0.0067      Si 1  1853A -10.950   0.0093            
 nFnu 9.480m -10.412   0.0322      H2O  174.6m -10.989   0.0085      OH   34.62m -11.435   0.0031      Si 1  1694A -11.154   0.0058            
 nInu 9.480m  -4.32439435.816      H2O  273.1m -11.770   0.0014      OH   98.70m -11.736   0.0015      Si 1  1626A -11.418   0.0032            
 nFnu 9.325m -10.445   0.0299      H2O  75.36m -10.017   0.0799      OH   98.70m -10.781   0.0138      Si 1  1091A -11.370   0.0035            
 nInu 9.325m  -4.33038917.242      H2O  257.7m -11.713   0.0016      OH   48.69m -11.261   0.0046      Si 1  2000A -11.674   0.0018            
 nFnu 8.210m -10.759   0.0145      H2O  113.5m -10.248   0.0470      OH   34.59m -11.639   0.0019      Si 1  1591A -11.674   0.0018            
 nInu 8.210m  -4.38034688.648      H2O  66.42m  -9.605   0.2066      OH   98.70m -10.590   0.0214      Si 1  1668A -11.807   0.0013            
 nFnu 7.580m -10.980   0.0087      H2O  67.25m -11.775   0.0014      OH   48.69m -11.107   0.0065      Si 1  1616A -11.880   0.0011            
 nInu 7.580m  -4.41132329.254      H2O  136.5m -11.191   0.0054      OH   34.59m -11.447   0.0030      Si 1  1834A -11.905   0.0010            
 nFnu 7.050m -11.183   0.0055      H2O  78.72m -10.015   0.0804      HCl  239.5m -11.919   0.0010      S  1  1356A -11.498   0.0026            
 nInu 7.050m  -4.43730399.141      H2O  132.4m -11.018   0.0080      HCl  159.7m -11.421   0.0032      S  1  1227A -11.645   0.0019            
 nInu 4.114m  -4.52025119.625      H2O  40.68m -10.711   0.0162      HCl  159.7m -11.606   0.0021      S  1  1662A -11.765   0.0014            
 nInu 2.324m  -4.25546264.344      H2O  58.68m  -9.691   0.1693      HCl  159.7m -11.258   0.0046      Ar 1  1096A -11.831   0.0012            
 nInu 1.643m  -3.99684041.836      H2O  31.76m -11.683   0.0017      HCl  159.7m -11.811   0.0013      Fe 1  2485A -10.935   0.0097            
 nFnu 1.480m  -7.737  15.2364      H2O  49.32m  -9.566   0.2259      HCl  119.9m -11.008   0.0082      Fe 1  2527A -11.276   0.0044            
 nInu 1.480m  -3.93397170.156      H2O  121.7m -11.057   0.0073      HCl  119.9m -11.132   0.0061      Fe 1  2181A -11.560   0.0023            
 nFnu 1.436m  -8.096   6.6725      H2O  94.68m -11.195   0.0053      SO   387.0m -11.907   0.0010      Fe 1  2731A -11.733   0.0015            
 nInu 1.436m  -3.826124099.55      H2O  99.47m -10.186   0.0542      SO   367.1m -11.915   0.0010      hyperfine structure.........            
 nInu 1.119m  -3.649186792.62      H2O  100.9m -10.804   0.0131      SO   366.9m -11.904   0.0010      inner shell.................            
 nInu  8330A  -3.426312186.81      H2O  45.10m -10.188   0.0540      SO   366.7m -11.865   0.0011      molecules...................            
 nFnu  8079A -10.819   0.0126      H2O  47.96m  -9.823   0.1252      SO   348.7m -11.880   0.0011      H2dH     0  -10.328   0.0391            
 nInu  8079A  -3.305412208.72      H2O  25.93m -11.707   0.0016      SO   348.6m -11.870   0.0011      H2vH     0   -9.441   0.3017            
 nInu  6210A  -3.095668851.81      H2O  43.88m  -9.786   0.1361      SO   348.4m -11.832   0.0012      H-FB     0   -9.666   0.1797            
 nFnu  4885A -11.890   0.0011      H2O  39.36m  -9.942   0.0951      SO   332.1m -11.854   0.0012      H-FF     0   -8.842   1.1984            
 nInu  4885A  -2.8701122435.5      H2O  134.9m -11.246   0.0047      SO   332.0m -11.845   0.0012      COdh     0  -11.704   0.0016            
 nFnu  3704A -11.598   0.0021      H2O  212.5m -11.835   0.0012      SO   331.9m -11.808   0.0013            
 nInu  3704A  -2.6411901298.1      H2O  54.49m -11.509   0.0026      SO   317.1m -11.836   0.0012            
 nFnu  3588A -10.775   0.0140      H2O  160.5m -11.648   0.0019      SO   317.0m -11.829   0.0012            

                                                    Emergent line intensities
 general properties..........      nInu  1458A  -1.899*********      H2O  94.62m -11.119   0.0063      SO   303.2m -11.822   0.0013            
 TOTL  4861A  -8.920   1.0000      nFnu  1357A -10.747   0.0149      H2O  104.1m -11.392   0.0034      SO   303.2m -11.787   0.0014            
 TOTL  1216A  -6.554 232.5684      nInu  1357A  -1.819*********      H2O  92.79m -11.615   0.0020      SiO  986.1m -11.799   0.0013            
 continua....................      nFnu  1297A -10.749   0.0148      H2O  71.93m -10.198   0.0528      SiO  862.9m -11.540   0.0024            
 Bac   3646A  -9.749   0.1483      nInu  1297A  -1.803*********      H2O  66.07m -10.614   0.0202      SiO  767.1m -11.319   0.0040            
 nFnu  3645A  -9.742   0.1505      nFnu  1263A -10.737   0.0152      H2O  29.83m -10.820   0.0126      SiO  690.4m -11.130   0.0062            
 nFnu  3647A -11.575   0.0022      nInu  1263A  -1.809*********      H2O  74.92m -11.494   0.0027      SiO  627.7m -10.966   0.0090            
 cout  3646A -10.050   0.0742      nFnu  1218A  -8.734   1.5343      H2O  34.54m -10.560   0.0229      SiO  575.4m -10.824   0.0125            
 cref  3646A -10.050   0.0742      nInu  1218A  -1.832*********      H2O  35.42m -10.524   0.0249      SiO  531.2m -10.701   0.0166            
 thin  3646A  -9.749   0.1483      nFnu  1196A -10.459   0.0289      H2O  32.98m -10.799   0.0132      SiO  493.3m -10.594   0.0212            
 Inci  4860A  -2.8741111631.5      nInu  1196A  -1.786*********      H2O  30.52m -11.244   0.0047      SiO  460.4m -10.503   0.0261            
 Inci  1215A  -1.831*********      nFnu  1175A -10.791   0.0135      H2O  84.74m -11.366   0.0036      SiO  431.7m -10.425   0.0312            
 FIR  83.00m  -3.444299330.59      nInu  1175A  -1.832*********      H2O  63.31m -10.385   0.0343      SiO  406.3m -10.360   0.0363            
 TIR   1800m  -5.7471491.4800      nFnu  1144A -10.828   0.0124      H2O  55.12m -10.750   0.0148      SiO  383.8m -10.306   0.0411            
 NIRa 2.850m  -3.336383834.16      nInu  1144A  -1.718*********      H2O  23.81m -11.329   0.0039      SiO  363.6m -10.263   0.0454            
 NIRb 3.000m  -3.831122737.59      nFnu  1113A -10.829   0.0123      H2O  44.69m -11.008   0.0082      SiO  345.5m -10.230   0.0490            
 MIRa 15.00m  -4.01680217.602      nInu  1113A  -1.850*********      H2O  23.89m -11.568   0.0023      SiO  329.1m -10.206   0.0518            
 MIRb 22.50m  -3.794133601.73      nFnu  1103A -10.819   0.0126      H2O  35.66m -11.138   0.0061      SiO  314.1m -10.190   0.0537            
 NMIR 21.75m  -3.336383834.16      nInu  1103A  -1.693*********      H2O  30.86m -11.349   0.0037      SiO  300.5m -10.184   0.0545            
 TFIR 611.2m  -3.95692083.602      nFnu  1074A -10.806   0.0130      H2O  70.68m -11.621   0.0020      SiO  288.0m -10.185   0.0544            
 TALL 10000A  -1.735*********      nInu  1074A  -1.761*********      H2O  56.80m -10.687   0.0171      SiO  276.6m -10.194   0.0532            
 F12  12.00m  -4.49726503.902      nFnu  1064A -10.798   0.0133      H2O  51.67m -11.175   0.0056      SiO  266.0m -10.210   0.0513            
 F25  25.00m  -4.30741078.824      nInu  1064A  -1.683*********      H2O  21.84m -11.809   0.0013      SiO  256.1m -10.233   0.0486            
 F60  60.00m  -3.844119283.17      nFnu  1036A -10.781   0.0138      H2O  51.06m -11.816   0.0013      SiO  247.0m -10.264   0.0453            
 F100 100.0m  -4.03177520.672      nInu  1036A  -1.699*********      H2O  51.43m -11.084   0.0069      SiO  238.6m -10.301   0.0416            
 MIPS 24.00m  -4.62119921.193      nFnu  1000A -10.755   0.0146      H2O  47.03m -11.604   0.0021      SiO  230.6m -10.344   0.0377            
 MIPS 70.00m  -4.20152403.867      nInu  1000A  -1.702*********      H2O  28.58m -11.792   0.0013      SiO  223.2m -10.394   0.0336            
 MIPS 160.0m  -4.42631210.082      nFnu 925.1A -10.702   0.0165      H2O  25.16m -11.749   0.0015      SiO  216.3m -10.450   0.0295            
 IRAC 3.600m  -5.1246256.3076      nInu 925.1A  -1.753*********      H2O  28.23m -11.694   0.0017      SiO  209.8m -10.512   0.0256            
 IRAC 4.500m  -5.2005253.9360      nFnu 897.8A -10.685   0.0172      H2O  46.60m -11.633   0.0019      SiO  203.6m -10.579   0.0219            
 IRAC 5.800m  -5.1266223.7822      nInu 897.8A  -2.1765547200.0      H2O  101.0m -10.659   0.0183      SiO  197.9m -10.653   0.0185            
 IRAC 8.000m  -4.84411916.395      nFnu 760.0A -10.637   0.0192      H2O  138.5m -10.987   0.0086      SiO  192.4m -10.732   0.0154            
 SPR1 250.0m  -4.84811811.660      nInu 760.0A  -2.1935329963.0      H2O  89.96m -10.529   0.0246      SiO  187.2m -10.817   0.0127            
 SPR2 350.0m  -5.2844328.1895      nFnu 701.5A -10.682   0.0173      H2O  46.47m -11.711   0.0016      SiO  182.4m -10.907   0.0103            
 SPR3 500.0m  -5.6721771.7229      nInu 701.5A  -2.3853426101.2      H2O  67.07m -10.093   0.0672      SiO  177.7m -11.003   0.0083            
 PAC1 70.00m  -4.13960479.195      nInu 608.2A  -2.5282464272.5      H2O  156.2m -11.596   0.0021      SiO  173.3m -11.106   0.0065            
 PAC2 100.0m  -4.02678414.062      nInu 575.1A  -2.4792760757.8      H2O  126.7m -11.562   0.0023      CO   650.1m -11.426   0.0031            
 PAC3 160.0m  -4.16956403.465      nInu 511.9A  -2.6791742211.1      H2O  125.3m -10.914   0.0101      CO   520.1m -10.994   0.0084            
 PAH  3.300m  -5.952 928.4733      nInu 496.9A  -2.8731114571.8      H2O  144.5m -11.844   0.0012      CO   433.4m -10.661   0.0181            
 PAHC 3.230m  -6.205 519.4827      nInu 399.2A  -3.054734560.38      H2O  57.62m -10.508   0.0258      CO   371.5m -10.400   0.0331            
 PAHC 3.370m  -6.284 432.4420      RRC.........................      H2O  187.1m -11.905   0.0010      CO   325.1m -10.195   0.0532            
 PAH  6.200m  -5.5792194.3689      grains......................      H2O  56.31m -10.130   0.0617      CO   289.0m -10.033   0.0770            
 PAHC 5.650m  -5.5732224.7351      H-like iso-sequence.........      H2O  49.27m -10.042   0.0756      CO   260.2m  -9.910   0.1023            
 PAH  7.900m  -5.2914252.8506      Hlin 912.0A -11.598   0.0021      H2O  146.9m -11.795   0.0013      CO   236.5m  -9.819   0.1263            
 PAHC 6.900m  -5.2844323.3223      Q(H)  4861A  -4.32339521.781      H2O  95.86m -11.691   0.0017      CO   216.9m  -9.756   0.1458            
 PAH  11.30m  -5.7071634.5159      Q(H)  1216A  -2.7871359567.5      H2O  95.60m -10.593   0.0213      CO   200.2m  -9.720   0.1587            
 PAHC 10.90m  -5.7051640.3464      H  1  1216A  -6.554 232.5684      H2O  71.05m -10.556   0.0231      CO   185.9m  -9.706   0.1638            
 PAH  11.80m  -5.4662844.6580      H  1  1026A  -7.130  61.7032      H2O  35.46m -11.042   0.0076      CO   173.6m  -9.714   0.1608            
 PAHC 12.65m  -5.4692828.3125      H  1 972.5A  -7.556  23.1260      H2O  53.12m -10.363   0.0361      CO   162.8m  -9.742   0.1506            
 PAH  13.30m  -5.4133216.3323      H  1 949.7A  -7.875  11.0941      H2O  29.88m -11.741   0.0015      CO   153.2m  -9.789   0.1351            
 PAHC 14.10m  -5.4153197.7041      H  1 937.8A  -8.106   6.5173      H2O  44.18m -10.270   0.0447      CO   144.7m  -9.855   0.1162            
 Bcon  3640A  -1.861*********      H  1 930.8A  -8.427   3.1123      H2O  39.37m -10.414   0.0320      CO   137.2m  -9.937   0.0961            
 Pcon  5000A  -3.007818331.69      H  1 926.2A  -8.763   1.4356      H2O  111.6m -11.496   0.0027      CO   130.3m -10.036   0.0765            
 nInu 6.611c -11.629   0.0020      H  1 923.2A  -9.015   0.8044      H2O  113.9m -11.657   0.0018      CO   124.2m -10.151   0.0587            
 nInu 6.137c -11.532   0.0024      H  1 921.0A  -9.245   0.4731      H2O  94.18m -11.793   0.0013      CO   118.5m -10.282   0.0435            
 nInu 3.554c -10.822   0.0125      H  1  6563A  -8.482   2.7449      H2O  83.26m -10.600   0.0209      CO   113.4m -10.427   0.0311            
 nInu 3.432c -10.776   0.0139      H  1  4861A  -8.920   1.0000      H2O  78.91m -11.065   0.0072      CO   108.7m -10.587   0.0215            
 nInu 3.400c -10.763   0.0144      H  1  4340A  -9.236   0.4828      H2O  36.20m -10.942   0.0095      CO   104.4m -10.761   0.0144            
 nInu 2.003c -10.079   0.0694      H  1  4102A  -9.423   0.3145      H2O  40.75m -10.603   0.0208      CO   100.4m -10.949   0.0094            
 nInu 1.335c  -9.545   0.2373      H  1  3970A  -9.616   0.2013      H2O  39.39m -10.574   0.0222      CO   96.75m -11.151   0.0059            
 nFnu  9993m -11.877   0.0011      H  1  3889A  -9.807   0.1298      H2O  35.89m -10.795   0.0133      CO   93.32m -11.366   0.0036            
 nInu  9993m  -9.167   0.5662      H  1  3835A  -9.966   0.0900      H2O  103.9m -11.707   0.0016      CO   90.14m -11.595   0.0021            
 nFnu  6917m -11.673   0.0018      H  1  3798A -10.150   0.0589      H2O  71.52m -10.664   0.0180      CO   87.17m -11.836   0.0012            
 nInu  6917m  -8.692   1.6923      H  1 1.875m  -9.605   0.2066      H2O  59.97m -10.920   0.0100      13CO 340.1m -11.753   0.0015            
 nFnu 122.4m  -9.448   0.2969      H  1 1.282m  -9.913   0.1018      H2O  27.02m -11.355   0.0037      13CO 302.3m -11.588   0.0022            
 nInu 122.4m  -3.615202011.36      H  1 1.094m -10.069   0.0710      H2O  81.19m -11.792   0.0013      13CO 272.1m -11.460   0.0029            
 nFnu 60.83m  -9.222   0.4994      H  1 1.005m -10.200   0.0525      H2O  57.69m -11.295   0.0042      13CO 247.4m -11.364   0.0036            
 nInu 60.83m  -3.662181135.25      H  1  9546A -10.352   0.0370      H2O  37.56m -11.034   0.0077      13CO 226.8m -11.295   0.0042            
 nFnu 41.22m  -9.181   0.5481      H  1  9229A -10.495   0.0266      H2O  33.12m -11.266   0.0045      13CO 209.4m -11.252   0.0047            
 nInu 41.22m  -3.774139867.09      H  1  9015A -10.672   0.0177      H2O  33.00m -11.157   0.0058      13CO 194.5m -11.232   0.0049            
 nFnu 30.87m  -9.213   0.5096      H  1 4.051m -10.259   0.0459      H2O  25.98m -11.706   0.0016      13CO 181.6m -11.234   0.0049            
 nInu 30.87m  -3.877110503.02      H  1 2.625m -10.447   0.0297      H2O  25.22m -11.732   0.0015      13CO 170.2m -11.255   0.0046            
 nFnu 24.78m  -9.285   0.4318      H  1 2.166m -10.577   0.0220      H2O  51.45m -11.559   0.0023      13CO 160.3m -11.294   0.0042            
 nInu 24.78m  -3.95692087.445      H  1 1.945m -10.726   0.0156      H2O  56.76m -11.160   0.0058      13CO 151.4m -11.351   0.0037            
 nFnu 24.30m  -9.294   0.4229      H  1 1.817m -10.868   0.0113      H2O  30.52m -11.707   0.0016      13CO 143.5m -11.425   0.0031            
 nInu 24.30m  -3.96390573.805      H  1 1.736m -11.043   0.0075      H2O  29.36m -11.572   0.0022      13CO 136.3m -11.515   0.0025            
 nFnu 22.83m  -9.324   0.3950      H  1 7.458m -10.713   0.0161      H2O  31.73m -11.528   0.0025      13CO 129.9m -11.620   0.0020            
 nInu 22.83m  -3.98586180.547      H  1 4.653m -10.861   0.0115      H2O  30.46m -11.799   0.0013      13CO 124.0m -11.741   0.0015            
 nFnu 21.42m  -9.360   0.3628      H  1 3.740m -11.016   0.0080      H2O  50.62m -11.616   0.0020      13CO 118.6m -11.875   0.0011            
 nInu 21.42m  -4.00881661.250      H  1 3.296m -11.158   0.0058      H2O  63.44m -10.863   0.0114      level 1 lines...............            
 nFnu 21.12m  -9.370   0.3551      H  1 3.038m -11.333   0.0039      OH   119.4m -11.666   0.0018      N  1  1200A -11.773   0.0014            
 nInu 21.12m  -4.01480652.547      H  1 12.37m -11.110   0.0065      OH   119.4m -10.711   0.0162      O  1 63.17m  -9.018   0.7988            
 nFnu 19.62m  -9.417   0.3186      H  1 7.500m -11.259   0.0046      OH   119.4m -10.519   0.0252      O  1 145.5m -10.749   0.0148            
 nInu 19.62m  -4.03976013.508      H  1 5.907m -11.399   0.0033      OH   119.2m -11.663   0.0018      Mg 1  2853A -10.186   0.0542            
 nFnu 17.65m  -9.505   0.2603      H  1 5.127m -11.573   0.0022      OH   119.2m -10.709   0.0163      Mg 1  2026A -11.210   0.0051            
 nInu 17.65m  -4.08268846.242      H  1 19.06m -11.490   0.0027      OH   119.2m -10.517   0.0253      Si 1 129.6m -10.792   0.0134            
 nFnu 17.37m  -9.518   0.2524      H  1 11.31m -11.612   0.0020      OH   79.16m -11.888   0.0011      Si 1 68.40m  -9.987   0.0857            
 nInu 17.37m  -4.08867923.023      H  1 8.758m -11.779   0.0014      OH   79.16m -11.490   0.0027      Si 1  2518A -11.106   0.0065            
 nFnu 15.69m  -9.616   0.2015      H  1 27.80m -11.824   0.0012      OH   79.10m -11.892   0.0011      Si 1  2215A -11.710   0.0016            
 nInu 15.69m  -4.12762075.062      He-like iso-sequence........      OH   79.10m -11.494   0.0027      S  1 25.19m  -9.216   0.5061            
 nFnu 14.60m  -9.695   0.1681      Hlin 506.0A -10.697   0.0167      OH   163.4m -11.810   0.0013      S  1 56.29m -11.183   0.0055            
 nInu 14.60m  -4.15558283.773      He 1 584.3A  -8.515   2.5431      OH   53.34m -11.379   0.0035      Cl 1 11.33m -10.908   0.0103            
 nFnu 12.43m  -9.917   0.1008      He 1 537.0A  -9.207   0.5170      OH   163.4m -11.412   0.0032      Ca 1  4228A -11.573   0.0022            
 nInu 12.43m  -4.21950238.488      He 1 522.2A  -9.791   0.1347      OH   53.34m -11.123   0.0063      Fe 1 24.04m  -8.808   1.2939            
 nFnu 11.40m -10.053   0.0736      He 1 515.6A -10.065   0.0717      OH   163.1m -11.809   0.0013      Fe 1 34.70m -10.083   0.0688            
 nInu 11.40m  -4.25246537.379      He 1 512.1A -10.228   0.0492      OH   53.25m -11.387   0.0034      Fe 1  3021A -11.704   0.0016            
 nFnu 10.46m -10.207   0.0517      He 1  5016A -11.777   0.0014      OH   163.1m -11.411   0.0032      Fe 2  2400A -11.036   0.0077            
 nInu 10.46m  -4.28643109.113      Pho+  3889A  -9.900   0.1047      OH   53.25m -11.132   0.0061      Fe 2 25.98m  -8.813   1.2789            
 nFnu 9.480m -10.412   0.0322      database lines..............      OH   84.57m -10.010   0.0813      Fe 2 35.34m  -9.952   0.0930            
 nInu 9.480m  -4.32439435.816      H2O  179.5m -10.945   0.0094      OH   84.57m -11.442   0.0030      Fe 2 51.29m -11.145   0.0060            
 nFnu 9.325m -10.445   0.0299      H2O  108.0m -10.214   0.0508      OH   84.57m -10.141   0.0602      Fe 2  1786A -10.452   0.0294            
 nInu 9.325m  -4.33038917.242      H2O  180.4m -11.361   0.0036      OH   84.40m -10.009   0.0815      Ni 1 7.505m -11.496   0.0027            
 nFnu 8.210m -10.759   0.0145      H2O  174.6m -10.989   0.0085      OH   84.40m -11.440   0.0030      recombination...............            
 nInu 8.210m  -4.38034688.648      H2O  273.1m -11.770   0.0014      OH   84.40m -10.139   0.0604      level2 lines................            
 nFnu 7.580m -10.980   0.0087      H2O  75.36m -10.017   0.0799      OH   98.71m -11.735   0.0015      O  1 867.3A -11.111   0.0064            
 nInu 7.580m  -4.41132329.254      H2O  257.7m -11.713   0.0016      OH   98.71m -10.781   0.0138      O  1 787.5A -11.736   0.0015            
 nFnu 7.050m -11.183   0.0055      H2O  113.5m -10.248   0.0470      OH   48.80m -11.251   0.0047      O  1 976.8A -10.917   0.0101            
 nInu 7.050m  -4.43730399.141      H2O  66.42m  -9.605   0.2066      OH   34.62m -11.627   0.0020      O  1 767.7A -11.774   0.0014            
 nInu 4.114m  -4.52025119.625      H2O  67.25m -11.775   0.0014      OH   98.71m -10.589   0.0214      O  1 969.0A -11.280   0.0044            
 nInu 2.324m  -4.25546264.344      H2O  136.5m -11.191   0.0054      OH   48.80m -11.097   0.0067      O  1 946.4A -11.745   0.0015            
 nInu 1.643m  -3.99684041.836      H2O  78.72m -10.015   0.0804      OH   34.62m -11.435   0.0031      O  1 934.5A -11.905   0.0010            
 nFnu 1.480m  -7.737  15.2364      H2O  132.4m -11.018   0.0080      OH   98.70m -11.736   0.0015      Ne 1 688.6A -11.630   0.0020            
 nInu 1.480m  -3.93397170.156      H2O  40.68m -10.711   0.0162      OH   98.70m -10.781   0.0138      Mg 1  1817A -11.810   0.0013            
 nFnu 1.436m  -8.096   6.6725      H2O  58.68m  -9.691   0.1693      OH   48.69m -11.261   0.0046      Al 1  1776A -11.726   0.0016            
 nInu 1.436m  -3.826124099.55      H2O  31.76m -11.683   0.0017      OH   34.59m -11.639   0.0019      Al 2  1671A -11.543   0.0024            
 nInu 1.119m  -3.649186792.62      H2O  49.32m  -9.566   0.2259      OH   98.70m -10.590   0.0214      Si 1  1261A -10.861   0.0115            
 nInu  8330A  -3.426312186.81      H2O  121.7m -11.057   0.0073      OH   48.69m -11.107   0.0065      Si 1  1853A -10.950   0.0093            
 nFnu  8079A -10.819   0.0126      H2O  94.68m -11.195   0.0053      OH   34.59m -11.447   0.0030      Si 1  1694A -11.154   0.0058            
 nInu  8079A  -3.305412208.72      H2O  99.47m -10.186   0.0542      HCl  239.5m -11.919   0.0010      Si 1  1626A -11.418   0.0032            
 nInu  6210A  -3.095668851.81      H2O  100.9m -10.804   0.0131      HCl  159.7m -11.421   0.0032      Si 1  1091A -11.370   0.0035            
 nFnu  4885A -11.890   0.0011      H2O  45.10m -10.188   0.0540      HCl  159.7m -11.606   0.0021      Si 1  2000A -11.674   0.0018            
 nInu  4885A  -2.8701122435.5      H2O  47.96m  -9.823   0.1252      HCl  159.7m -11.258   0.0046      Si 1  1591A -11.674   0.0018            
 nFnu  3704A -11.598   0.0021      H2O  25.93m -11.707   0.0016      HCl  159.7m -11.811   0.0013      Si 1  1668A -11.807   0.0013            
 nInu  3704A  -2.6411901298.1      H2O  43.88m  -9.786   0.1361      HCl  119.9m -11.008   0.0082      Si 1  1616A -11.880   0.0011            
 nFnu  3588A -10.775   0.0140      H2O  39.36m  -9.942   0.0951      HCl  119.9m -11.132   0.0061      Si 1  1834A -11.905   0.0010            
 nInu  3588A  -2.5182524912.5      H2O  134.9m -11.246   0.0047      SO   387.0m -11.907   0.0010      S  1  1356A -11.498   0.0026            
 nFnu  2430A -11.174   0.0056      H2O  212.5m -11.835   0.0012      SO   367.1m -11.915   0.0010      S  1  1227A -11.645   0.0019            
 nInu  2430A  -2.2374818659.0      H2O  54.49m -11.509   0.0026      SO   366.9m -11.904   0.0010      S  1  1662A -11.765   0.0014            
 nFnu  2392A -11.159   0.0058      H2O  160.5m -11.648   0.0019      SO   366.7m -11.865   0.0011      Ar 1  1096A -11.831   0.0012            
 nInu  2392A  -2.2244963056.5      H2O  98.47m -11.387   0.0034      SO   348.7m -11.880   0.0011      Fe 1  2485A -10.935   0.0097            
 nFnu  2071A -11.026   0.0078      H2O  75.89m -11.683   0.0017      SO   348.6m -11.870   0.0011      Fe 1  2527A -11.276   0.0044            
 nInu  2071A  -2.1126435988.5      H2O  82.01m -10.097   0.0665      SO   348.4m -11.832   0.0012      Fe 1  2181A -11.560   0.0023            
 nFnu  2053A -11.017   0.0080      H2O  65.15m -10.225   0.0496      SO   332.1m -11.854   0.0012      Fe 1  2731A -11.733   0.0015            
 nInu  2053A  -2.1126431740.0      H2O  30.89m -10.661   0.0182      SO   332.0m -11.845   0.0012      hyperfine structure.........            
 nFnu  1793A -10.902   0.0104      H2O  49.38m -10.180   0.0550      SO   331.9m -11.808   0.0013      inner shell.................            
 nInu  1793A  -2.0038256698.5      H2O  27.98m -11.142   0.0060      SO   317.1m -11.836   0.0012      molecules...................            
 nFnu  1585A -10.814   0.0128      H2O  40.33m -10.129   0.0619      SO   317.0m -11.829   0.0012            
 nInu  1585A  -2.0737034842.5      H2O  35.93m -10.325   0.0394      SO   316.9m -11.793   0.0013            
 nFnu  1458A -10.767   0.0142      H2O  33.00m -10.696   0.0167      SO   303.3m -11.828   0.0012            



                                                                           
 Cooling:  HFFc     0 :0.102 Fe2c     0 :0.117  
 Heating:  BFH1     0 :0.924  

 These are some of the most important databases used by Cloudy:
 Many recombination coefficients were taken from http://amdpp.phys.strath.ac.uk/tamoc/RR/ and http://amdpp.phys.strath.ac.uk/tamoc/DR/
      and are based on the following papers:
        Badnell N. R., et al., A&A 406, 1151 (2003) [http://adsabs.harvard.edu/abs/2003A%26A...406.1151B]
        Badnell N. R., ApJS 167, 334 (2006) [http://adsabs.harvard.edu/abs/2006ApJS..167..334B]
 Much of the molecular emission data is from LAMDA as accessed on Dec. 18, 2010. This database is described in:
        Schoeier F.L., et al., A&A 432, 369 (2005) [http://adsabs.harvard.edu/abs/2005A%26A...432..369S]
      This database is in part based on the work of the following groups:
        JPL: Pickett H. M. et al., JQSRT, 60, 883 (1998). [http://adsabs.harvard.edu/abs/1998JQSRT..60..883P]
        CDMS: Mueller H. S. et al., A&A 370, L49 (2001). [http://adsabs.harvard.edu/abs/2001A%26A...370L..49M]
              Mueller H. S. et al., J. Mol. Struct. 742, 215 (2005). [http://adsabs.harvard.edu/abs/2005JMoSt.742..215M]
 Much of the ionic emission data is from version 7.0 of CHIANTI. CHIANTI is a collaborative project involving the NRL (USA), the
      Universities of Florence (Italy) and Cambridge (UK), and George Mason University (USA). These papers describe Chianti:
        Dere K. P., et al., A&AS, 125, 149 (1997) [http://adsabs.harvard.edu/abs/1997A%26AS..125..149D]
        Landi E., et al., ApJ, 744, 99 (2012) [http://adsabs.harvard.edu/abs/2012ApJ...744...99L]
 Much of the H_2 data is from this web site: http://molat.obspm.fr/index.php?page=pages/Molecules/H2/H2can94.php. These data are
      described in:
        Abgrall H. et al., Can. J. Phys., 72, 856 (1994) [http://adsabs.harvard.edu/abs/1994CaJPh..72..856A]
        Wrathmall S. A. & Flower D. R., J. Phys. B, 40, 3221 (2007) [http://adsabs.harvard.edu/abs/2007JPhB...40.3221W]
 Please cite those papers that played a significant role in this calculation.

 IONIZE PARMET:  U(1-)-13.4768  U(4-):-24.1133  U(sp):-13.48  Q(ion):    8.000  L(ion) -2.538    Q(low): 10.371    L(low) -1.810
 ENERGY BUDGET:  Heat:  -7.850  Coolg:  -7.850  Error:  0.0%  Rec Lin:  -8.482  F-F  H  0.000    P(rad/tot)max     0.00E+00

     Col(Heff):      0.000E+00  snd travl time  7.21E-04 sec  Te-low: 2.32E+02  Te-hi: 2.32E+02  G0TH85: 6.89E+00  G0DB96:8.98E+00
  Emiss Measure    n(e)n(p) dl       5.802E+11  n(e)n(He+)dl         1.090E+09  En(e)n(He++) dl         0.000E+00  ne nC+:4.78E+09
 He/Ha:4.28E-04  =   0.01*true  Lthin:2.46E+03  itr/zn:34.00  H2 itr/zn:  0.00  File Opacity: F  MassTot 2.01e-11  (gm/cm^2)
   Temps(21 cm)   T(21cm/Ly a)  2.20E+02        T(<nH/Tkin>)  2.32E+02          T(<nH/Tspin>)    2.33E+02          TB21cm:0.00E+00
                   N(H0/Tspin)  3.71E+10        N(OH/Tkin)    7.16E+02          B(21cm)          0.00E+00
   <a>:8.41E-07  erdeFe0.0E+00  Tcompt3.47E+07  Tthr3.24E+07  <Tden>: 2.32E+02  <dens>:2.27E-13  <MolWgt>1.27E+00
     Mean Jeans  l(cm)1.77E+15  M(sun)3.33E-01  smallest:     len(cm):1.77E+15  M(sun):3.33E-01  a_ox tran:  0.00
 Rion:1.000E+30  Dist:0.00E+00  Diam:0.000E+00
 Hatom level 70  HatomType: add  HInducImp  F  He tot level: 63  He2 level:   70  ExecTime    65.3
 ConvrgError(%)  <eden>  0.058  MaxEden  0.058  <H-C>   0.00  Max(H-C)    0.00  <Press>   0.000  MaxPrs er  0.000
  Continuity(%)  chng Te   0.0  elec den   0.0  n(H2)    0.0  n(CO)        0.0

                                                        Averaged Quantities
             Te      Te(Ne)   Te(NeNp)  Te(NeHe+)Te(NeHe2+) Te(NeO+)  Te(NeO2+)  Te(H2)     N(H)     Ne(O2+)   Ne(Np)
 Radius:  2.32e+02  2.32e+02  2.32e+02  2.32e+02  0.00e+00  2.32e+02  0.00e+00  2.32e+02  1.00e+11  0.00e+00  1.84e+06

 Contin Optical Depths: COMP: 1.08e-16    H-: 8.14e-16 R(1300): 5.80e-11  H2+: 4.69e-18  Pfa:1.28E-16
                          Pa: 1.52e-16    Ba: 3.77e-15      Hb: 1.09e-14   La: 1.35e-07     1r:5.467E-05  1.8:1.69E-05 4.:2.443E-06

 Old, new H  1 continuum optical depths:
     1 5.47e-05     2 4.26e-16     3 8.36e-16     4 8.36e-16     5 8.36e-16     6 2.09e-16     7 2.09e-16     8 2.09e-16
     9 2.09e-16    10 4.14e-18    11 4.14e-18    12 4.14e-18    13 4.14e-18    14 4.14e-18    15 1.03e-17    16 1.03e-17
    17 1.03e-17    18 1.03e-17    19 1.03e-17    20 1.03e-17    21 2.22e-17    22 2.22e-17    23 2.22e-17    24 2.22e-17
    25 2.22e-17    26 2.22e-17    27 2.22e-17    28 4.29e-17    29 4.29e-17    30 4.29e-17    31 4.29e-17    32 4.29e-17
    33 4.29e-17    34 4.29e-17    35 4.29e-17    36 7.71e-17    37 7.71e-17    38 7.71e-17    39 7.71e-17    40 7.71e-17
    41 7.71e-17    42 7.71e-17    43 7.71e-17    44 7.71e-17    45 1.30e-16    46 1.30e-16    47 1.30e-16    48 1.30e-16
    49 1.30e-16    50 1.30e-16    51 1.30e-16    52 1.30e-16    53 1.30e-16    54 1.30e-16
     1 5.47e-05     2 4.26e-16     3 8.36e-16     4 8.36e-16     5 8.36e-16     6 2.09e-16     7 2.09e-16     8 2.09e-16
     9 2.09e-16    10 4.14e-18    11 4.14e-18    12 4.14e-18    13 4.14e-18    14 4.14e-18    15 1.03e-17    16 1.03e-17
    17 1.03e-17    18 1.03e-17    19 1.03e-17    20 1.03e-17    21 2.22e-17    22 2.22e-17    23 2.22e-17    24 2.22e-17
    25 2.22e-17    26 2.22e-17    27 2.22e-17    28 4.29e-17    29 4.29e-17    30 4.29e-17    31 4.29e-17    32 4.29e-17
    33 4.29e-17    34 4.29e-17    35 4.29e-17    36 7.71e-17    37 7.71e-17    38 7.71e-17    39 7.71e-17    40 7.71e-17
    41 7.71e-17    42 7.71e-17    43 7.71e-17    44 7.71e-17    45 1.30e-16    46 1.30e-16    47 1.30e-16    48 1.30e-16
    49 1.30e-16    50 1.30e-16    51 1.30e-16    52 1.30e-16    53 1.30e-16    54 1.30e-16

 Old, new H  1 mean line optical depths:
  2- 1 5.91e+00  3- 2 1.92e-13  4- 3 6.84e-16  5- 4 8.21e-16  6- 5 1.29e-15  7- 6 2.00e-15  8- 7 2.98e-15
  9- 8 2.82e-15 10- 9 1.87e-14
  2- 1 5.91e+00  3- 2 1.86e-13  4- 3 6.60e-16  5- 4 7.98e-16  6- 5 1.27e-15  7- 6 1.97e-15  8- 7 2.91e-15
  9- 8 2.75e-15 10- 9 1.86e-14

 Old, new He 2 continuum optical depths:
     1 2.44e-06     2 5.40e-05     3 7.30e-10     4 7.30e-10     5 7.30e-10     6 4.26e-16     7 4.26e-16     8 4.26e-16
     9 4.26e-16    10 6.78e-16    11 6.78e-16    12 6.78e-16    13 6.78e-16    14 6.78e-16    15 8.36e-16    16 8.36e-16
    17 8.36e-16    18 8.36e-16    19 8.36e-16    20 8.36e-16    21 7.07e-16    22 7.07e-16    23 7.07e-16    24 7.07e-16
    25 7.07e-16    26 7.07e-16    27 7.07e-16    28 2.09e-16    29 2.09e-16    30 2.09e-16    31 2.09e-16    32 2.09e-16
    33 2.09e-16    34 2.09e-16    35 2.09e-16    36 2.46e-18    37 2.46e-18    38 2.46e-18    39 2.46e-18    40 2.46e-18
    41 2.46e-18    42 2.46e-18    43 2.46e-18    44 2.46e-18    45 4.14e-18    46 4.14e-18    47 4.14e-18    48 4.14e-18
    49 4.14e-18    50 4.14e-18    51 4.14e-18    52 4.14e-18    53 4.14e-18    54 4.14e-18
     1 2.44e-06     2 5.40e-05     3 7.30e-10     4 7.30e-10     5 7.30e-10     6 4.26e-16     7 4.26e-16     8 4.26e-16
     9 4.26e-16    10 6.78e-16    11 6.78e-16    12 6.78e-16    13 6.78e-16    14 6.78e-16    15 8.36e-16    16 8.36e-16
    17 8.36e-16    18 8.36e-16    19 8.36e-16    20 8.36e-16    21 7.07e-16    22 7.07e-16    23 7.07e-16    24 7.07e-16
    25 7.07e-16    26 7.07e-16    27 7.07e-16    28 2.09e-16    29 2.09e-16    30 2.09e-16    31 2.09e-16    32 2.09e-16
    33 2.09e-16    34 2.09e-16    35 2.09e-16    36 2.46e-18    37 2.46e-18    38 2.46e-18    39 2.46e-18    40 2.46e-18
    41 2.46e-18    42 2.46e-18    43 2.46e-18    44 2.46e-18    45 4.14e-18    46 4.14e-18    47 4.14e-18    48 4.14e-18
    49 4.14e-18    50 4.14e-18    51 4.14e-18    52 4.14e-18    53 4.14e-18    54 4.14e-18

 Old, new He 2 mean line optical depths:
  2- 1 1.77e-20  3- 2 8.86e-21  4- 3 4.43e-21  5- 4 4.43e-21  6- 5 4.43e-21  7- 6 4.43e-21  8- 7 4.43e-21
  9- 8 4.43e-21 10- 9 4.43e-21
  2- 1 8.86e-21  3- 2 4.43e-21  4- 3 2.22e-21  5- 4 2.22e-21  6- 5 2.22e-21  7- 6 2.22e-21  8- 7 2.22e-21
  9- 8 2.22e-21 10- 9 2.22e-21

 Old He Is optical depths:    1 1.69e-05    2 1.03e-13    3 3.52e-16    4 3.96e-16    5 3.96e-16
 New He Is optical depths:    1 1.69e-05    2 1.03e-13    3 3.52e-16    4 3.96e-16    5 3.96e-16
          Old He Is Lines:  584 3.26e-01 3889 1.95e-12 5016 2.06e-14 5876 1.71e-19
          New He Is Lines:  584 3.26e-01 3889 1.95e-12 5016 2.06e-14 5876 1.71e-19

==== H      compounds ====           Log10 column densities [cm^-2}
   H2        : 11.062   H2*       :  5.415   H2+       : -0.174   H3+       :  0.761
==== He     compounds ====
   HeH+      : -2.297
==== Li     compounds ====
   LiH       : -6.521   LiH+      :-10.351
==== C      compounds ====
   CH        :  3.631   CH+       : -3.277   CH2       : -0.238   CH2+      : -3.404   CH3       :  0.304   CH3+      : -3.128   CH4       : -3.423   CH4+      : -8.256
   CH5+      : -8.402   C2        :  1.079   C2+       : -3.683   C2H       : -1.089   C2H+      : -4.427   C2H2      : -5.690   C2H2+     : -4.305   C2H3+     :-10.888
   C3        : -5.532   C3+       : -8.920   C3H       : -7.640   C3H+      : -8.037
==== N      compounds ====
   NH        :  2.391   NH+       : -0.096   NH2       :  2.729   NH2+      :  0.136   NH3       :  3.057   NH3+      : -0.130   NH4+      : -4.158   CN        :  3.113
   CN+       : -6.069   HCN       :  3.142   HCN+      : -1.987   HNC       : -0.042   HCNH+     : -1.794   HC3N      :-35.930   N2        :  8.455   N2+       : -0.984
   N2H+      : -0.798
==== O      compounds ====
   OH        :  5.221   OH+       :  1.677   H2O       :  5.360   H2O+      :  1.626   H3O+      :  1.587   CO        :  9.377   CO+       : -2.702   HCO+      :  0.896
   H2CO      :-35.930   CH3OH     :-35.930   ^13CO     :  7.900   NO        :  5.246   NO+       :  0.327   HNO       : -1.946   HNO+      : -2.092   OCN       : -0.907
   OCN+      : -1.732   N2O       :  2.891   O2        :  6.729   O2+       :  1.951   NO2       :  1.720   NO2+      : -6.451
==== Ne     compounds ====
   NeH+      : -1.087
==== Si     compounds ====
   SiH       : -1.647   SiH2+     : -4.245   SiC2      :-35.930   SiN       : -3.480   SiN+      : -4.012   SiO       :  7.013   SiO+      :  2.159   SiOH+     :  1.982
==== S      compounds ====
   HS        :  3.443   HS+       : -1.949   CS        :  2.456   CS+       : -1.568   HCS+      : -0.848   NS        :  1.287   NS+       : -2.261   SO        :  6.457
   SO+       :  1.894   OCS       :  3.679   OCS+      : -1.243   SO2       :-35.930   S2        :-16.289   S2+       :-20.881
==== Cl     compounds ====
   HCl       :  5.040   HCl+      :  0.662   H2Cl+     :  1.079   CCl       : -6.260   CCl+      : -2.249   H2CCl+    : -8.719   ClO       :-35.709   ClO+      :-35.930
==== Ar     compounds ====
   ArH+      :  2.337
==== Ti     compounds ====
   TiH       :-35.930   TiH+      :-35.930   TiH2      :-35.930   TiH2+     :-35.930   TiC       :-35.930   TiC+      :-35.930   HCTi      :-35.930   HCTi+     :-35.930
   TiC2      :-35.930   TiC2+     :-35.930   TiN       :-35.930   TiN+      :-35.930   HNTi      :-35.930   HNTi+     :-35.930   TiNC      :-35.930   TiNC+     :-35.930
   TiO       :-35.930   TiO+      :-35.930   TiOH+     :-35.930   TiO2      :-35.930   TiF+      :-35.930   TiS       :-35.930   TiS+      :-35.930   HTiS      :-35.930


               1      2      3      4      5      6      7      8      9     10     11     12     13     14     15     16     17

 Hydrogen   12.937  5.499 11.062 (H2)                Log10 Column density (cm^-2)
 Helium     11.878  2.773-30.000
 Lithium     1.997 -1.895-30.000-30.000
 Beryllium   2.328 -2.103 -9.608-30.000-30.000
 Boron       3.648  0.091-10.975-30.000-30.000-30.000
 Carbon      6.576  3.415 -6.311-30.000-30.000-30.000-30.000
 Nitrogen    7.476  0.270-30.000-30.000-30.000-30.000-30.000-30.000
 Oxygen      9.288  1.481-30.000-30.000-30.000-30.000-30.000-30.000-30.000
 Fluorine    5.508  0.728 -7.451-30.000-30.000-30.000-30.000-30.000-30.000-30.000
 Neon        8.878  3.597 -5.818-30.000-30.000-30.000-30.000-30.000-30.000-30.000-30.000
 Sodium      7.188  4.400 -5.913-30.000-30.000-30.000-30.000-30.000-30.000-30.000-30.000-30.000
 Magnesium   8.546  6.206 -2.507-30.000-30.000-30.000-30.000-30.000-30.000-30.000-30.000-30.000-30.000
 Aluminium   7.183  6.990 -1.308-30.000-30.000-30.000-30.000-30.000-30.000-30.000-30.000-30.000-30.000-30.000
 Silicon     8.443  4.188 -8.611-30.000-30.000-30.000-30.000-30.000-30.000-30.000-30.000-30.000-30.000-30.000-30.000
 Phosphorus  6.308  5.392 -2.012-30.000-30.000-30.000-30.000-30.000-30.000-30.000-30.000-30.000-30.000-30.000-30.000-30.000
 Sulphur     8.058  2.902 -7.742-30.000-30.000-30.000-30.000-30.000-30.000-30.000-30.000-30.000-30.000-30.000-30.000-30.000-30.000
 Chlorine    6.430  0.870 -6.886-30.000-30.000-30.000-30.000-30.000-30.000-30.000-30.000-30.000-30.000-30.000-30.000-30.000-30.000
-30.000
 Argon       7.348 -1.407-10.519-30.000-30.000-30.000-30.000-30.000-30.000-30.000-30.000-30.000-30.000-30.000-30.000-30.000-30.000
-30.000-30.000
 Potassium   5.977  2.498 -4.740-30.000-30.000-30.000-30.000-30.000-30.000-30.000-30.000-30.000-30.000-30.000-30.000-30.000-30.000
-30.000-30.000-30.000
 Calcium     7.288  3.243 -0.697-30.000-30.000-30.000-30.000-30.000-30.000-30.000-30.000-30.000-30.000-30.000-30.000-30.000-30.000
-30.000-30.000-30.000-30.000
 Scandium    4.097  0.175 -3.517-30.000-30.000-30.000-30.000-30.000-30.000-30.000-30.000-30.000-30.000-30.000-30.000-30.000-30.000
-30.000-30.000-30.000-30.000-30.000
 Titanium    5.689  5.480 -0.766-30.000-30.000-30.000-30.000-30.000-30.000-30.000-30.000-30.000-30.000-30.000-30.000-30.000-30.000
-30.000-30.000-30.000-30.000-30.000-30.000
 Vanadium    4.878  0.634 -5.405-30.000-30.000-30.000-30.000-30.000-30.000-30.000-30.000-30.000-30.000-30.000-30.000-30.000-30.000
-30.000-30.000-30.000-30.000-30.000-30.000-30.000
 Chromium    6.588  2.974 -6.942-30.000-30.000-30.000-30.000-30.000-30.000-30.000-30.000-30.000-30.000-30.000-30.000-30.000-30.000
-30.000-30.000-30.000-30.000-30.000-30.000-30.000-30.000
 Manganese   6.175  5.950 -5.068-30.000-30.000-30.000-30.000-30.000-30.000-30.000-30.000-30.000-30.000-30.000-30.000-30.000-30.000
-30.000-30.000-30.000-30.000-30.000-30.000-30.000-30.000-30.000
 Iron        8.133  8.160 -3.614-30.000-30.000-30.000-30.000-30.000-30.000-30.000-30.000-30.000-30.000-30.000-30.000-30.000-30.000
-30.000-30.000-30.000-30.000-30.000-30.000-30.000-30.000-30.000-30.000
 Cobalt      5.938  1.319 -9.658-30.000-30.000-30.000-30.000-30.000-30.000-30.000-30.000-30.000-30.000-30.000-30.000-30.000-30.000
-30.000-30.000-30.000-30.000-30.000-30.000-30.000-30.000-30.000-30.000-30.000
 Nickel      6.982  6.711 -4.335-30.000-30.000-30.000-30.000-30.000-30.000-30.000-30.000-30.000-30.000-30.000-30.000-30.000-30.000
-30.000-30.000-30.000-30.000-30.000-30.000-30.000-30.000-30.000-30.000-30.000-30.000
 Copper      5.138  1.148 -5.676-30.000-30.000-30.000-30.000-30.000-30.000-30.000-30.000-30.000-30.000-30.000-30.000-30.000-30.000
-30.000-30.000-30.000-30.000-30.000-30.000-30.000-30.000-30.000-30.000-30.000-30.000-30.000
 Zinc        5.508  0.795 -6.804-30.000-30.000-30.000-30.000-30.000-30.000-30.000-30.000-30.000-30.000-30.000-30.000-30.000-30.000
-30.000-30.000-30.000-30.000-30.000-30.000-30.000-30.000-30.000-30.000-30.000-30.000-30.000-30.000
 Exc state    He1*  0.459   CII*  3.174   C11*  5.699   C12*  6.132   C13*  6.281   O11*  9.183   O12*  8.535   O13*  7.873
              Si2*  3.590   C30*-35.930   C31*-35.930   C32*-35.930


 Hydrogen   -0.011 -7.449 -1.585 (H2)                 Log10 Mean Ionisation (over radius)
 Helium      0.000 -9.105
 Lithium    -0.000 -3.892
 Beryllium  -0.000 -4.432-11.936
 Boron      -0.000 -3.557-14.622
 Carbon     -2.802 -5.963-15.689
 Nitrogen   -1.302 -8.508
 Oxygen     -0.350 -8.157
 Fluorine   -0.000 -4.780-12.959
 Neon       -0.000 -5.281-14.695
 Sodium     -0.001 -2.789-13.102
 Magnesium  -0.002 -2.342-11.055
 Aluminium  -0.215 -0.409 -8.706
 Silicon    -0.016 -4.271-17.069
 Phosphorus -0.050 -0.966 -8.370
 Sulphur    -0.011 -5.167-15.811
 Chlorine   -0.017 -5.578-13.333
 Argon      -0.000 -8.755-17.867
 Potassium  -0.000 -3.479-10.718
 Calcium    -0.000 -4.046 -7.986
 Scandium   -0.000 -3.922 -7.614
 Titanium   -0.209 -0.417 -6.663
 Vanadium   -0.000 -4.244-10.283
 Chromium   -0.000 -3.614-13.531
 Manganese  -0.203 -0.428-11.446
 Iron       -0.315 -0.287-12.062
 Cobalt     -0.000 -4.619-15.596
 Nickel     -0.186 -0.458-11.503
 Copper     -0.000 -3.990-10.814
 Zinc       -0.000 -4.713-12.312

               1      2      3      4      5      6      7      8      9     10     11     12     13     14     15     16     17

 Hydrogen   -0.011 -7.449 -1.585 (H2)         Log10 Mean Ionisation (over radius*electron density)
 Helium      0.000 -9.105
 Lithium    -0.000 -3.892
 Beryllium  -0.000 -4.432-11.936
 Boron      -0.000 -3.557-14.622
 Carbon     -2.802 -5.963-15.689
 Nitrogen   -1.302 -8.508
 Oxygen     -0.350 -8.157
 Fluorine   -0.000 -4.780-12.959
 Neon       -0.000 -5.281-14.695
 Sodium     -0.001 -2.789-13.102
 Magnesium  -0.002 -2.342-11.055
 Aluminium  -0.215 -0.409 -8.706
 Silicon    -0.016 -4.271-17.069
 Phosphorus -0.050 -0.966 -8.370
 Sulphur    -0.011 -5.167-15.811
 Chlorine   -0.017 -5.578-13.333
 Argon      -0.000 -8.755-17.867
 Potassium  -0.000 -3.479-10.718
 Calcium    -0.000 -4.046 -7.986
 Scandium   -0.000 -3.922 -7.614
 Titanium   -0.209 -0.417 -6.663
 Vanadium   -0.000 -4.244-10.283
 Chromium   -0.000 -3.614-13.531
 Manganese  -0.203 -0.428-11.446
 Iron       -0.315 -0.287-12.062
 Cobalt     -0.000 -4.619-15.596
 Nickel     -0.186 -0.458-11.503
 Copper     -0.000 -3.990-10.814
 Zinc       -0.000 -4.713-12.312

               1      2      3      4      5      6      7      8      9     10     11     12     13     14     15     16     17

 Hydrogen    2.366  2.366  2.366 (H2)                  Log10 Mean Temperature (over radius)
 Helium      2.366  2.366
 Lithium     2.366  2.366
 Beryllium   2.366  2.366  2.366
 Boron       2.366  2.366  2.366
 Carbon      2.366  2.366  2.366
 Nitrogen    2.366  2.366
 Oxygen      2.366  2.366
 Fluorine    2.366  2.366  2.366
 Neon        2.366  2.366  2.366
 Sodium      2.366  2.366  2.366
 Magnesium   2.366  2.366  2.366
 Aluminium   2.366  2.366  2.366
 Silicon     2.366  2.366  2.366
 Phosphorus  2.366  2.366  2.366
 Sulphur     2.366  2.366  2.366
 Chlorine    2.366  2.366  2.366
 Argon       2.366  2.366  2.366
 Potassium   2.366  2.366  2.366
 Calcium     2.366  2.366  2.366
 Scandium    2.366  2.366  2.366
 Titanium    2.366  2.366  2.366
 Vanadium    2.366  2.366  2.366
 Chromium    2.366  2.366  2.366
 Manganese   2.366  2.366  2.366
 Iron        2.366  2.366  2.366
 Cobalt      2.366  2.366  2.366
 Nickel      2.366  2.366  2.366
 Copper      2.366  2.366  2.366
 Zinc        2.366  2.366  2.366

               1      2      3      4      5      6      7      8      9     10     11     12     13     14     15     16     17

 Hydrogen    2.366  2.366  2.366 (H2)          Log10 Mean Temperature (over radius*electron density)
 Helium      2.366  2.366
 Lithium     2.366  2.366
 Beryllium   2.366  2.366  2.366
 Boron       2.366  2.366  2.366
 Carbon      2.366  2.366  2.366
 Nitrogen    2.366  2.366
 Oxygen      2.366  2.366
 Fluorine    2.366  2.366  2.366
 Neon        2.366  2.366  2.366
 Sodium      2.366  2.366  2.366
 Magnesium   2.366  2.366  2.366
 Aluminium   2.366  2.366  2.366
 Silicon     2.366  2.366  2.366
 Phosphorus  2.366  2.366  2.366
 Sulphur     2.366  2.366  2.366
 Chlorine    2.366  2.366  2.366
 Argon       2.366  2.366  2.366
 Potassium   2.366  2.366  2.366
 Calcium     2.366  2.366  2.366
 Scandium    2.366  2.366  2.366
 Titanium    2.366  2.366  2.366
 Vanadium    2.366  2.366  2.366
 Chromium    2.366  2.366  2.366
 Manganese   2.366  2.366  2.366
 Iron        2.366  2.366  2.366
 Cobalt      2.366  2.366  2.366
 Nickel      2.366  2.366  2.366
 Copper      2.366  2.366  2.366
 Zinc        2.366  2.366  2.366

               1      2      3      4      5      6      7      8      9     10     11     12     13     14     15     16     17
                                                                          

---------------Convergence statistics---------------
      1.75 mean iterations/state convergence
      2.93 mean cx acceleration loops/iteration
         1 mean iso convergence loops/ion solve
      1.06 mean steps/chemistry solve
      1.12 mean step length searches/chemistry step
----------------------------------------------------

 Cloudy ends: 1 zone, 3 iterations.  ExecTime(s) 65.28
 [Stop in cdMain at ../maincl.cpp:483, Cloudy exited OK]
 ************************************************** GRID_DELIMIT -- grid000000011
