                                                          Cloudy 13.03
                                                         www.nublado.org

                       **************************************13Feb20**************************************
                       *                                                                                 *
                       * c                                                                               *
                       * phi(h) 14.000000 LOG range -0.000232 6.866524                                   *
                       * grid from 8 to 23 in 1 dex steps                                                *
                       * HDEN=8.000000 LOG                                                               *
                       * grid from 0 to 12 in 1 dex steps                                                *
                       * set pres ionize 1e5                                                             *
                       * c                                                                               *
                       * c                                                                               *
                       * table star "Rotation_inst.mod" age 6.78                                         *
                       * c<< Rotation_ins model    4 read.       Age =    6010000.00                 >>> *
                       * c<< Rotation_ins model    5 read.       Age =    8010000.00                 >>> *
                       * c<< FINAL:     Age =    6025595.86                                          >>> *
                       * c                                                                               *
                       * c                                                                               *
                       * abundances GASS10                                                               *
                       * c                                                                               *
                       * c                                                                               *
                       * iterate to convergence max = 7                                                  *
                       * stop column density = 23                                                        *
                       * c                                                                               *
                       * c                                                                               *
                       * print last                                                                      *
                       * set save prefix "geneva_inst_rot_6"                                             *
                       * save grid ".grd" last no hash                                                   *
                       * save linelist "emissionlines_abs.txt" "LineList_HII.dat" absolute last no hash    *
                       *                                                                                 *
                       ***********************************************************************************



           !The plasma frequency is 2.99e-08 Ryd.  The incident continuum is set to 0 below this.
           3972CellPeak1.00E+00   Lo 1.00e-08=910.79cm   Hi-Con:4.21E+00 Ryd   E(hi):7.35E+06Ryd     E(hi):     100.01 MeV
           I(nu>1ryd):   3.4624   Average nu:1.330E+00   I( X-ray):   0.0000   I(BalC):   4.1389     Phi(BalmrC):  15.0435
           phi(1.0-1.8):13.9574   phi(1.8-4.0): 12.970   phi(4.0-20):  3.363   phi(20--):  0.000     Ion pht flx:1.000E+14
           I(gam ray):   0.0000   phi(gam r):   0.0000   I(Infred):   3.2347   Alf(ox):   0.0000     Total inten:   4.2645
           U(1.0----):3.336E-05   U(4.0----):7.703E-16   T(En-Den):9.489E+01   T(Comp):2.841E+04     nuJnu(912A):1.206E+04
           Occ(FarIR):0.000E+00   Occ(H n=6):2.886E-09   Occ(1Ryd):5.543E-13   Occ(4R):1.859E-24     Occ (Nu-hi):1.724E-25
           Tbr(FarIR):0.000E+00   Tbr(H n=6):1.265E-05   Tbr(1Ryd):8.762E-08   Tbr(4R):1.175E-18     Tbr (Nu-hi):1.143E-19
  
                                                  Gas Phase Chemical Composition
        H :  0.0000  He: -1.0701  Li:-10.9508  Be:-10.6198  B : -9.3002  C : -3.5702  N : -4.1701  O : -3.3098  F : -7.4401
        Ne: -4.0701  Na: -5.7595  Mg: -4.4001  Al: -5.5498  Si: -4.4895  P : -6.5901  S : -4.8794  Cl: -6.5003  Ar: -5.6003
        K : -6.9706  Ca: -5.6596  Sc: -8.8508  Ti: -7.0501  V : -8.0701  Cr: -6.3595  Mn: -6.5702  Fe: -4.5003  Co: -7.0101
                                               Ni: -5.7799  Cu: -7.8097  Zn: -7.4401
 
 ####  1  Te:8.473E+03 Hden:1.000E+08 Ne:9.401E+07 R:1.000E+30 R-R0:1.115E+07 dR:2.230E+07 NTR: 23 Htot:1.737E-08 T912: 1.50e-03###
 Hydrogen      1.06e-01 8.94e-01 H+o/Hden 1.00e+00 6.86e-09 H-    H2 3.02e-12 6.74e-10 H2+ HeH+ 5.11e-09 Ho+ ColD 2.36e+14 1.99e+15
 Helium        4.56e-01 5.44e-01 8.35e-12 HeI 2s3S 4.75e-06 Comp H,C 2.20e-17 6.57e-18 Fill Fac 1.00e+00 Gam1/tot 1.00e+00
 He singlet n  4.56e-01 8.42e-08 3.91e-14 1.44e-14 2.77e-14 1.62e-14 He tripl 4.75e-06 1.32e-11 4.49e-14 2.19e-13 4.60e-14
 Pressure      NgasTgas 1.72e+12 P(total) 2.37e-04 P( gas ) 2.37e-04 P(Radtn) 0.00e+00 Rad accl 6.04e-02 ForceMul 3.57e+05
 Texc(La)      4.32e+03 T(I con) 9.49e+01 T(D con) 7.55e+00 T(U tot) 9.49e+01 nT (c+d) 2.47e+07 Prad/Gas 0.00e+00 Pmag/Gas 0.00e+00
 Molecules     CH/Ctot: 5.56e-11 CH+/Ctot 5.17e-11 CO/Ctot: 2.10e-12 CO+/Ctot 1.59e-14 H2O/Otot 4.83e-20 OH/Ototl 4.40e-10
 Lithium       9.64e-03 9.90e-01 0.00e+00 0.00e+00 Berylliu 2.28e-01 6.32e-01 1.41e-01 0.00e+00 0.00e+00 sec ion: 0.00e+00
 Boron         1.16e-02 9.63e-01 2.51e-02 8.89e-06 0.00e+00 0.00e+00
 Carbon        1.31e-02 9.30e-01 5.66e-02 0.00e+00 0.00e+00 0.00e+00 0.00e+00 H2O+/O   8.22e-21 OH+/Otot 1.45e-10 Hex(tot) 0.00e+00
 Nitrogen      6.85e-02 9.29e-01 2.08e-03 0.00e+00 0.00e+00 0.00e+00 0.00e+00 0.00e+00 O2/Ototl 4.14e-14 O2+/Otot 8.38e-15
 Oxygen        1.28e-01 8.70e-01 1.13e-03 0.00e+00 0.00e+00 0.00e+00 0.00e+00 0.00e+00 0.00e+00
 Fluorine      8.53e-02 8.96e-01 1.87e-02 0.00e+00 0.00e+00 0.00e+00 0.00e+00 0.00e+00 0.00e+00 0.00e+00
 Neon          1.67e-01 8.31e-01 2.17e-03 0.00e+00 0.00e+00 0.00e+00 0.00e+00 0.00e+00 0.00e+00 0.00e+00 0.00e+00
 Sodium        2.72e-03 9.97e-01 3.92e-04 0.00e+00 0.00e+00 0.00e+00 0.00e+00 0.00e+00 0.00e+00 0.00e+00 0.00e+00 0.00e+00
 Magnesium     2.41e-02 8.67e-01 1.09e-01 0.00e+00 0.00e+00 0.00e+00 0.00e+00 0.00e+00 0.00e+00 0.00e+00 0.00e+00 0.00e+00 0.00e+00
 Aluminium  0  3.48e-04 9.86e-01 1.33e-02 3.13e-05 0.00e+00 0.00e+00 0.00e+00 0.00e+00 0.00e+00 0.00e+00 0.00e+00 0.00e+00 0.00e+00
 Silicon    0  1.78e-03 9.26e-01 7.27e-02 5.74e-06 0.00e+00 0.00e+00 0.00e+00 0.00e+00 0.00e+00 0.00e+00 0.00e+00 0.00e+00 0.00e+00
 Phosphorus 0  1.12e-03 9.45e-01 5.42e-02 1.10e-05 0.00e+00 0.00e+00 0.00e+00 0.00e+00 0.00e+00 0.00e+00 0.00e+00 0.00e+00 0.00e+00
 Sulphur    0  4.16e-03 8.48e-01 1.48e-01 2.92e-06 0.00e+00 0.00e+00 0.00e+00 0.00e+00 0.00e+00 0.00e+00 0.00e+00 0.00e+00 0.00e+00
 Chlorine   0  1.11e-03 9.07e-01 9.16e-02 0.00e+00 0.00e+00 0.00e+00 0.00e+00 0.00e+00 0.00e+00 0.00e+00 0.00e+00 0.00e+00 0.00e+00
 Argon      0  1.63e-02 5.55e-01 4.29e-01 0.00e+00 0.00e+00 0.00e+00 0.00e+00 0.00e+00 0.00e+00 0.00e+00 0.00e+00 0.00e+00 0.00e+00
 Potassium  0  5.42e-04 9.77e-01 2.28e-02 0.00e+00 0.00e+00 0.00e+00 0.00e+00 0.00e+00 0.00e+00 0.00e+00 0.00e+00 0.00e+00 0.00e+00
 Calcium    0  4.01e-03 6.39e-01 3.57e-01 0.00e+00 0.00e+00 0.00e+00 0.00e+00 0.00e+00 0.00e+00 0.00e+00 0.00e+00 0.00e+00 0.00e+00
 Scandium   0  9.77e-04 2.45e-01 7.09e-01 4.45e-02 0.00e+00 0.00e+00 0.00e+00 0.00e+00 0.00e+00 0.00e+00 0.00e+00 0.00e+00 0.00e+00
 Titanium   0  4.82e-05 6.15e-01 3.84e-01 1.27e-03 0.00e+00 0.00e+00 0.00e+00 0.00e+00 0.00e+00 0.00e+00 0.00e+00 0.00e+00 0.00e+00
 Vanadium   0  3.70e-03 3.59e-01 6.37e-01 2.84e-04 0.00e+00 0.00e+00 0.00e+00 0.00e+00 0.00e+00 0.00e+00 0.00e+00 0.00e+00 0.00e+00
 Chromium   0  1.90e-03 4.21e-01 5.77e-01 1.05e-04 0.00e+00 0.00e+00 0.00e+00 0.00e+00 0.00e+00 0.00e+00 0.00e+00 0.00e+00 0.00e+00
 Manganese  0  4.72e-05 5.40e-01 4.60e-01 5.42e-05 0.00e+00 0.00e+00 0.00e+00 0.00e+00 0.00e+00 0.00e+00 0.00e+00 0.00e+00 0.00e+00
 Iron       0  3.95e-05 7.06e-01 2.93e-01 1.90e-04 0.00e+00 0.00e+00 0.00e+00 0.00e+00 0.00e+00 0.00e+00 0.00e+00 0.00e+00 0.00e+00
 Cobalt     0  5.63e-02 9.24e-01 2.02e-02 8.67e-06 0.00e+00 0.00e+00 0.00e+00 0.00e+00 0.00e+00 0.00e+00 0.00e+00 0.00e+00 0.00e+00
 Nickel     0  1.74e-04 9.86e-01 1.41e-02 1.69e-06 0.00e+00 0.00e+00 0.00e+00 0.00e+00 0.00e+00 0.00e+00 0.00e+00 0.00e+00 0.00e+00
 Copper     0  1.09e-02 4.80e-01 5.09e-01 3.15e-05 0.00e+00 0.00e+00 0.00e+00 0.00e+00 0.00e+00 0.00e+00 0.00e+00 0.00e+00 0.00e+00
 Zinc       0  8.35e-02 6.83e-01 2.34e-01 3.98e-04 0.00e+00 0.00e+00 0.00e+00 0.00e+00 0.00e+00 0.00e+00 0.00e+00 0.00e+00 0.00e+00
 ####146  Te:3.961E+03 Hden:1.000E+08 Ne:5.204E+05 R:1.000E+30 R-R0:1.413E+11 dR:1.347E+09 NTR: 17 Htot:3.669E-12 T912: 6.32e+01###
 Hydrogen      9.96e-01 4.42e-03 H+o/Hden 1.00e+00 9.12e-09 H-    H2 4.83e-07 9.58e-10 H2+ HeH+ 3.66e-09 Ho+ ColD 9.99e+18 4.21e+18
 Helium        9.96e-01 4.48e-03 2.10e-13 HeI 2s3S 9.53e-08 Comp H,C 8.56e-20 1.48e-20 Fill Fac 1.00e+00 Gam1/tot 1.00e+00
 He singlet n  9.96e-01 1.45e-11 6.46e-17 7.24e-19 2.97e-18 1.60e-18 He tripl 9.53e-08 3.82e-16 2.16e-18 2.33e-17 4.49e-18
 Pressure      NgasTgas 4.32e+11 P(total) 5.97e-05 P( gas ) 5.97e-05 P(Radtn) 1.13e-11 Rad accl 9.43e-05 ForceMul 1.16e+05
 Texc(La)      4.57e+03 T(I con) 9.09e+01 T(D con) 3.96e+01 T(U tot) 9.17e+01 nT (c+d) 3.15e+07 Prad/Gas 1.89e-07 Pmag/Gas 0.00e+00
 Molecules     CH/Ctot: 2.33e-10 CH+/Ctot 5.17e-08 CO/Ctot: 1.79e-07 CO+/Ctot 9.81e-10 H2O/Otot 8.27e-13 OH/Ototl 1.64e-06
 Lithium       2.96e-04 1.00e+00 0.00e+00 0.00e+00 Berylliu 1.12e-03 9.99e-01 2.57e-04 0.00e+00 0.00e+00 sec ion: 0.00e+00
 Boron         1.19e-04 1.00e+00 8.85e-07 0.00e+00 0.00e+00 0.00e+00
 Carbon        1.87e-04 1.00e+00 3.74e-05 0.00e+00 0.00e+00 0.00e+00 0.00e+00 H2O+/O   1.81e-13 OH+/Otot 3.62e-07 Hex(tot) 0.00e+00
 Nitrogen      9.58e-01 4.25e-02 3.69e-09 0.00e+00 0.00e+00 0.00e+00 0.00e+00 0.00e+00 O2/Ototl 1.48e-10 O2+/Otot 7.69e-10
 Oxygen        9.97e-01 3.44e-03 7.13e-10 0.00e+00 0.00e+00 0.00e+00 0.00e+00 0.00e+00 0.00e+00
 Fluorine      9.66e-01 3.36e-02 7.89e-05 0.00e+00 0.00e+00 0.00e+00 0.00e+00 0.00e+00 0.00e+00 0.00e+00
 Neon          9.62e-01 3.80e-02 7.49e-05 0.00e+00 0.00e+00 0.00e+00 0.00e+00 0.00e+00 0.00e+00 0.00e+00 0.00e+00
 Sodium        4.07e-03 9.96e-01 4.21e-04 0.00e+00 0.00e+00 0.00e+00 0.00e+00 0.00e+00 0.00e+00 0.00e+00 0.00e+00 0.00e+00
 Magnesium     1.42e-03 9.98e-01 1.38e-04 0.00e+00 0.00e+00 0.00e+00 0.00e+00 0.00e+00 0.00e+00 0.00e+00 0.00e+00 0.00e+00 0.00e+00
 Aluminium  0  5.10e-05 1.00e+00 7.74e-05 0.00e+00 0.00e+00 0.00e+00 0.00e+00 0.00e+00 0.00e+00 0.00e+00 0.00e+00 0.00e+00 0.00e+00
 Silicon    0  7.03e-05 1.00e+00 7.05e-07 0.00e+00 0.00e+00 0.00e+00 0.00e+00 0.00e+00 0.00e+00 0.00e+00 0.00e+00 0.00e+00 0.00e+00
 Phosphorus 0  1.43e-04 1.00e+00 7.41e-05 0.00e+00 0.00e+00 0.00e+00 0.00e+00 0.00e+00 0.00e+00 0.00e+00 0.00e+00 0.00e+00 0.00e+00
 Sulphur    0  6.61e-05 1.00e+00 3.25e-04 0.00e+00 0.00e+00 0.00e+00 0.00e+00 0.00e+00 0.00e+00 0.00e+00 0.00e+00 0.00e+00 0.00e+00
 Chlorine   0  1.77e-04 9.99e-01 4.87e-04 0.00e+00 0.00e+00 0.00e+00 0.00e+00 0.00e+00 0.00e+00 0.00e+00 0.00e+00 0.00e+00 0.00e+00
 Argon      0  9.88e-01 1.22e-02 4.65e-05 0.00e+00 0.00e+00 0.00e+00 0.00e+00 0.00e+00 0.00e+00 0.00e+00 0.00e+00 0.00e+00 0.00e+00
 Potassium  0  6.84e-04 9.99e-01 6.30e-04 0.00e+00 0.00e+00 0.00e+00 0.00e+00 0.00e+00 0.00e+00 0.00e+00 0.00e+00 0.00e+00 0.00e+00
 Calcium    0  4.59e-06 2.68e-02 9.73e-01 0.00e+00 0.00e+00 0.00e+00 0.00e+00 0.00e+00 0.00e+00 0.00e+00 0.00e+00 0.00e+00 0.00e+00
 Scandium   0  1.54e-05 1.01e-01 8.99e-01 9.25e-06 0.00e+00 0.00e+00 0.00e+00 0.00e+00 0.00e+00 0.00e+00 0.00e+00 0.00e+00 0.00e+00
 Titanium   0  9.36e-05 9.04e-01 9.62e-02 0.00e+00 0.00e+00 0.00e+00 0.00e+00 0.00e+00 0.00e+00 0.00e+00 0.00e+00 0.00e+00 0.00e+00
 Vanadium   0  5.61e-04 9.98e-01 1.70e-03 0.00e+00 0.00e+00 0.00e+00 0.00e+00 0.00e+00 0.00e+00 0.00e+00 0.00e+00 0.00e+00 0.00e+00
 Chromium   0  8.27e-05 1.00e+00 8.38e-06 0.00e+00 0.00e+00 0.00e+00 0.00e+00 0.00e+00 0.00e+00 0.00e+00 0.00e+00 0.00e+00 0.00e+00
 Manganese  0  2.05e-04 1.00e+00 2.00e-05 0.00e+00 0.00e+00 0.00e+00 0.00e+00 0.00e+00 0.00e+00 0.00e+00 0.00e+00 0.00e+00 0.00e+00
 Iron       0  8.15e-05 1.00e+00 4.26e-06 0.00e+00 0.00e+00 0.00e+00 0.00e+00 0.00e+00 0.00e+00 0.00e+00 0.00e+00 0.00e+00 0.00e+00
 Cobalt     0  2.07e-03 9.98e-01 1.48e-07 0.00e+00 0.00e+00 0.00e+00 0.00e+00 0.00e+00 0.00e+00 0.00e+00 0.00e+00 0.00e+00 0.00e+00
 Nickel     0  2.95e-04 1.00e+00 1.15e-07 0.00e+00 0.00e+00 0.00e+00 0.00e+00 0.00e+00 0.00e+00 0.00e+00 0.00e+00 0.00e+00 0.00e+00
 Copper     0  3.64e-04 9.99e-01 1.47e-04 0.00e+00 0.00e+00 0.00e+00 0.00e+00 0.00e+00 0.00e+00 0.00e+00 0.00e+00 0.00e+00 0.00e+00
 Zinc       0  2.44e-03 9.92e-01 5.50e-03 1.36e-06 0.00e+00 0.00e+00 0.00e+00 0.00e+00 0.00e+00 0.00e+00 0.00e+00 0.00e+00 0.00e+00
                                                                             
   Calculation stopped because lowest Te reached. Iteration 3 of 3
   The geometry is plane-parallel.
  !Charge transfer ionization of H reached 48126.1% of the local H ionization rate.
  !Charge transfer heating reached 10.32% of the local heating.
  !The largest plasma frequency was 2.99e-08 Ryd = 3.05e+06 micron  The continuum is set to 0 below this.
  !AGE: Cloud age was not set.  Longest timescale was 2.32e+07 s = 8.80e+00 months.
  !Mutual neutralization production of H-alpha was significant.
  !The CMB was not included.  This is added with the CMB command.
   Continuum fluorescent production of H-beta was significant.
   Negative cooling reached    6.0% of the local heating, due to N  1 5199.00
   Destruction of He 2TriS reached 5.6% of the total He0 dest rate at zone 146, 5.6% of that was photoionization.
   The density is too low to l-mix the lowest He I collapsed level.  More resolved levels are needed for accurate line ratios.
   The largest continuum occupation number was 1.377e+03 at 2.984e-08 Ryd.
   Grains were not present but might survive in this environment (energy density temperature was 9.49e+01K)
   Stimulated emission was  24.7% of the total for H transition 69 - 68
   The local H2 photodissociation heating rate reached 1.4% of the total heating.
   The continuum optical depth at the lowest energy considered (1.004e-08 Ryd) was 5.309e+04.

                       *********************************> Cloudy 13.03 <**********************************
                       * c                                                                               *
                       * phi(h) 14.000000 LOG range -0.000232 6.866524                                   *
                       * grid from 8 to 23 in 1 dex steps                                                *
                       * HDEN=8.000000 LOG                                                               *
                       * grid from 0 to 12 in 1 dex steps                                                *
                       * set pres ionize 1e5                                                             *
                       * c                                                                               *
                       * c                                                                               *
                       * table star "Rotation_inst.mod" age 6.78                                         *
                       * c                                                                               *
                       * c                                                                               *
                       * abundances GASS10                                                               *
                       * c                                                                               *
                       * c                                                                               *
                       * iterate to convergence max = 7                                                  *
                       * stop column density = 23                                                        *
                       * c                                                                               *
                       * c                                                                               *
                       * print last                                                                      *
                       * set save prefix "geneva_inst_rot_6"                                             *
                       * save grid ".grd" last no hash                                                   *
                       * save linelist "emissionlines_abs.txt" "LineList_HII.dat" absolute last no hash    *
                       *********************************> Log(U): -4.48 <*********************************

                     Emission Line Spectrum.   Constant  Density Model.    Open geometry.  Iteration 3 of 3.
                                                     Intensity (erg/s/cm^2).


                                                   Intrinsic line intensities
 general properties..........      H  1 3.281m  -0.692   0.0047      Ca B  6563A   2.114   2.9838      He 1 1.091m  -1.065   0.0020            
 TOTL  4861A   1.639   1.0000      H  1 4.466m  -0.410   0.0089      Ca B  4861A   1.680   1.0969      He 1 1.870m  -0.852   0.0032            
 TOTL  1216A   3.199  36.3015      H  1 4.466m   0.004   0.0232      Ca B  4340A   1.372   0.5397      He 1 1.279m  -1.245   0.0013            
 Inci     0    4.265 421.7140      H  1 4.466m   0.082   0.0277      Ca B  4102A   1.140   0.3162      He 1 4.048m  -1.031   0.0021            
 TotH     0    2.816  15.0090      H  1 4.466m  -0.010   0.0224      Ca B  3970A   0.957   0.2077      Pho+  3889A   1.135   0.3133            
 TotC     0    2.816  15.0009      H  1 4.466m  -0.241   0.0132      Ca B  3889A   0.807   0.1470      database lines..............            
 BFH1     0    2.783  13.9251      H  1 4.466m  -0.632   0.0054      Ca B  3835A   0.678   0.1094      level 1 lines...............            
 BFHe     0    1.629   0.9759      H  1 4.466m  -1.290   0.0012      Ca B  3798A   0.567   0.0846      C  1  1656A  -0.370   0.0098            
 TotM     0    0.500   0.0725      H  1 5.834m  -0.606   0.0057      Ca B  3771A   0.470   0.0676      REC   1656A  -0.905   0.0029            
 CT H     0    0.164   0.0335      H  1 5.834m  -0.194   0.0147      Ca B  3750A   0.386   0.0558      C  1  8727A  -1.098   0.0018            
 H FB     0    1.927   1.9366      H  1 5.834m  -0.115   0.0176      Ca B  3734A   0.314   0.0472      TOTL  2326A   1.294   0.4512            
 HFBc     0    1.927   1.9366      H  1 5.834m  -0.192   0.0147      Ca B  3722A   0.248   0.0406      C  2  2325A   0.289   0.0446            
 continua....................      H  1 5.834m  -0.388   0.0094      Ca B  3712A   0.185   0.0351      C  2  2324A  -0.212   0.0141            
 Bac   3646A   2.889  17.7435      H  1 5.834m  -0.695   0.0046      Ca B  3704A   0.123   0.0304      C  2  2329A   0.308   0.0466            
 nFnu  3645A   2.910  18.6415      H  1 5.834m  -1.148   0.0016      Ca B  3697A   0.061   0.0264      C  2  2328A   0.650   0.1025            
 nFnu  3647A   1.593   0.8980      H  1 7.383m  -0.777   0.0038      Ca B  3692A   0.000   0.0230      C  2  2327A   1.026   0.2434            
 cout  3646A   2.587   8.8717      H  1 7.383m  -0.366   0.0099      Ca B  3687A  -0.060   0.0200      C  2  1335A   0.188   0.0353            
 cref  3646A   2.587   8.8717      H  1 7.383m  -0.285   0.0119      Ca B  3683A  -0.119   0.0174      REC   1335A  -0.509   0.0071            
 thin  3646A   2.889  17.7436      H  1 7.383m  -0.355   0.0101      Ca B  3679A  -0.177   0.0153      C  3 977.0A  -0.249   0.0129            
 Inci  4860A   3.126  30.6432      H  1 7.383m  -0.530   0.0068      Ca B  3676A  -0.234   0.0134      TOTL  1909A  -0.413   0.0089            
 Inci  1215A   4.169 338.6692      H  1 7.383m  -0.792   0.0037      Ca B  3674A  -0.288   0.0118      C  3  1910A  -0.413   0.0089            
 Ba C     0    2.158   3.3016      H  1 7.383m  -1.151   0.0016      Ca B  3671A  -0.342   0.0104      N  1 953.9A  -0.238   0.0133            
 PA C     0    1.749   1.2871      H  1 9.115m  -0.926   0.0027      Ca B 1.875m   1.150   0.3237      N  1 954.1A  -0.608   0.0057            
 FIR  83.00m   2.560   8.3264      H  1 9.115m  -0.516   0.0070      Ca B 1.282m   0.864   0.1677      N  1  1200A  -0.100   0.0182            
 TIR   1800m   0.332   0.0493      H  1 9.115m  -0.435   0.0084      Ca B 1.094m   0.635   0.0989      N  1 1.040m  -1.080   0.0019            
 NIRa 2.850m   2.842  15.9586      H  1 9.115m  -0.501   0.0072      Ca B 1.005m   0.451   0.0647      TOTL 1.040m  -0.744   0.0041            
 NIRb 3.000m   2.474   6.8288      H  1 9.115m  -0.663   0.0050      Ca B  9546A   0.298   0.0456      N  2  6584A  -0.941   0.0026            
 MIRa 15.00m   2.060   2.6305      H  1 9.115m  -0.898   0.0029      Ca B  9229A   0.168   0.0337      N  2  5755A  -0.408   0.0090            
 MIRb 22.50m   2.257   4.1465      H  1 9.115m  -1.204   0.0014      Ca B  9015A   0.055   0.0260      N  2  2141A  -0.130   0.0170            
 NMIR 21.75m   2.842  15.9586      H  1 11.03m   0.066   0.0267      Ca B  8863A  -0.043   0.0208      N  2  1085A  -0.021   0.0219            
 TFIR 611.2m   2.049   2.5667      H  1 13.13m  -0.046   0.0206      Ca B  8750A  -0.127   0.0171      O  1  6300A   0.076   0.0273            
 TALL 10000A   4.266 423.1663      H  1 15.40m  -0.149   0.0163      Ca B  8665A  -0.200   0.0145      O  1  6363A  -0.420   0.0087            
 F12  12.00m   1.577   0.8655      H  1 17.87m  -0.245   0.0130      Ca B  8598A  -0.266   0.0124      O  1  5577A  -0.281   0.0120            
 F25  25.00m   1.715   1.1889      H  1 20.51m  -0.334   0.0106      Ca B  8545A  -0.329   0.0108      TOTL  7325A  -0.012   0.0223            
 F60  60.00m   2.161   3.3258      H  1 23.33m  -0.418   0.0088      Ca B  8502A  -0.391   0.0093      O II  2471A  -0.103   0.0181            
 F100 100.0m   1.972   2.1493      H  1 26.34m  -0.496   0.0073      Ca B  8467A  -0.452   0.0081      O II  7323A  -0.259   0.0126            
 MIPS 24.00m   1.400   0.5755      H  1 29.53m  -0.571   0.0062      Ca B  8438A  -0.513   0.0070      O II  7332A  -0.376   0.0097            
 MIPS 70.00m   1.803   1.4570      H  1 32.91m  -0.641   0.0052      Ca B  8413A  -0.574   0.0061      O  2 833.8A  -0.696   0.0046            
 MIPS 160.0m   1.577   0.8653      H  1 36.46m  -0.707   0.0045      Ca B  8392A  -0.633   0.0053      Ne 2 12.81m  -0.717   0.0044            
 IRAC 3.600m   1.130   0.3095      H  1 40.20m  -0.770   0.0039      Ca B  8374A  -0.691   0.0047      Na 1  5892A  -0.666   0.0049            
 IRAC 4.500m   1.162   0.3334      H  1 44.12m  -0.831   0.0034      Ca B  8359A  -0.747   0.0041      Mg 1  4561A  -1.038   0.0021            
 IRAC 5.800m   1.073   0.2712      H  1 48.22m  -0.889   0.0030      Ca B  8346A  -0.802   0.0036      Mg 1  2853A   0.077   0.0274            
 IRAC 8.000m   1.302   0.4602      H  1 52.50m  -0.944   0.0026      Ca B  8334A  -0.855   0.0032      Mg 1  2026A  -0.974   0.0024            
 SPR1 250.0m   1.158   0.3303      H  1 56.97m   0.230   0.0390      Ca B 4.051m   0.496   0.0718      TOTL  2798A   2.234   3.9340            
 SPR2 350.0m   0.729   0.1229      He 1 504.3A   1.235   0.3937      Ca B 2.625m   0.280   0.0437      Mg 2  2796A   2.056   2.6096            
 SPR3 500.0m   0.356   0.0521      He 1  2600A   0.319   0.0478      Ca B 2.166m   0.093   0.0284      Mg 2  2803A   1.762   1.3245            
 PAC1 70.00m   1.865   1.6814      He 1  3121A  -0.194   0.0147      Ca B 1.945m  -0.064   0.0198      totl  2665A   0.562   0.0837            
 PAC2 100.0m   1.977   2.1740      He 1  3421A  -0.160   0.0159      Ca B 1.817m  -0.197   0.0146      Al 2  2670A   0.562   0.0837            
 PAC3 160.0m   1.834   1.5642      He 1  3421A   0.317   0.0476      Ca B 1.736m  -0.311   0.0112      TOTL  2335A   0.745   0.1274            
 PAH  3.300m   0.345   0.0508      He 1  3421A   0.539   0.0794      Ca B 1.681m  -0.410   0.0089      Si 2  2334A  -0.262   0.0126            
 PAHC 3.230m   0.016   0.0238      He 1  3679A   0.119   0.0302      Ca B 1.641m  -0.494   0.0073      Si 2  2350A  -0.374   0.0097            
 PAHC 3.370m  -0.068   0.0196      He 1  6632A  -0.611   0.0056      Ca B 1.611m  -0.567   0.0062      Si 2  2344A   0.265   0.0422            
 PAH  6.200m   0.607   0.0927      He 1  7435A  -1.025   0.0022      Ca B 1.588m  -0.633   0.0053      Si 2  2336A   0.435   0.0624            
 PAHC 5.650m   0.613   0.0940      He 1  7843A   0.047   0.0255      Ca B 1.570m  -0.696   0.0046      Si 2  1814A   0.323   0.0483            
 PAH  7.900m   0.892   0.1789      He 1  8188A  -0.150   0.0162      Ca B 1.556m  -0.758   0.0040      Si 2  1531A  -0.312   0.0112            
 PAHC 6.900m   0.859   0.1659      He 1  8191A  -0.639   0.0053      Ca B 1.544m  -0.820   0.0035      Si 2  1308A  -0.298   0.0115            
 PAH  11.30m   0.380   0.0550      He 1  8261A  -0.560   0.0063      Ca B 1.534m  -0.881   0.0030      Si 2  1263A   0.063   0.0265            
 PAHC 10.90m   0.363   0.0529      He 1 1.248m  -1.176   0.0015      Ca B 1.526m  -0.941   0.0026      Si 3  1207A  -0.453   0.0081            
 PAH  11.80m   0.590   0.0893      He 1 1.409m  -0.464   0.0079      Ca B 1.519m  -1.000   0.0023      TOTL  1888A  -0.597   0.0058            
 PAHC 12.65m   0.645   0.1014      He 1 1.456m  -0.528   0.0068      Ca B 1.513m  -1.058   0.0020      Si 3  1892A  -0.597   0.0058            
 PAH  13.30m   0.635   0.0989      He 1 1.456m  -1.020   0.0022      Ca B 1.508m  -1.114   0.0018      S  2  4074A   0.054   0.0260            
 PAHC 14.10m   0.631   0.0980      He 1 1.458m  -0.859   0.0032      Ca B 1.504m  -1.169   0.0016      S  2 1.033m  -0.139   0.0167            
 Bcon  3640A   4.203 365.6837      He 1 1.458m  -1.336   0.0011      Ca B 1.500m  -1.222   0.0014      S II  4070A  -0.027   0.0216            
 Pcon  5000A   3.141  31.7326      He 1 1.466m  -1.040   0.0021      Ca B 7.458m  -0.023   0.0218      S II  4078A  -0.712   0.0044            
 HFFc     0    1.712   1.1805      He 1 2.217m  -0.838   0.0033      Ca B 4.653m  -0.193   0.0147      S II 1.032m  -0.518   0.0070            
 H FF     0    1.687   1.1169      He 1 2.275m  -0.857   0.0032      Ca B 3.740m  -0.348   0.0103      S II 1.029m  -0.653   0.0051            
 HeFF     0    0.351   0.0514      He 1 2.276m  -1.349   0.0010      Ca B 3.296m  -0.482   0.0076      S II 1.037m  -1.172   0.0015            
 MeFB     0   -0.738   0.0042      He 1 2.278m  -1.044   0.0021      Ca B 3.038m  -0.597   0.0058      S II 1.034m  -0.875   0.0031            
 MeFF     0   -1.207   0.0014      He 1 3.206m  -1.131   0.0017      Ca B 2.872m  -0.696   0.0046      S  2  1256A  -0.538   0.0067            
 ToFF     0    1.708   1.1698      He 1 3.277m  -1.130   0.0017      Ca B 2.758m  -0.781   0.0038      S  3  9532A  -1.230   0.0014            
 nFnu 122.4m   0.064   0.0266      He 1 3.280m  -1.264   0.0012      Ca B 2.674m  -0.854   0.0032      Cl 2  8579A  -1.296   0.0012            
 nInu 122.4m   2.385   5.5686      He 1 4.465m  -0.688   0.0047      Ca B 2.612m  -0.920   0.0028      Ar 2 6.980m  -1.260   0.0013            
 nFnu 60.83m   0.306   0.0464      He 1 5.831m  -0.860   0.0032      Ca B 2.564m  -0.983   0.0024      Ar 3  7135A  -0.780   0.0038            
 nInu 60.83m   2.338   4.9932      He 1 7.380m  -1.011   0.0022      Ca B 2.525m  -1.045   0.0021      Ca 1  4228A  -0.917   0.0028            
 nFnu 41.22m   0.452   0.0649      He 1 9.111m  -1.147   0.0016      Ca B 2.495m  -1.106   0.0018      Ca 2  3933A   1.749   1.2871            
 nInu 41.22m   2.226   3.8556      He 1 11.02m  -1.270   0.0012      Ca B 2.469m  -1.167   0.0016      Ca 2  8579A   1.076   0.2734            
 nFnu 30.87m   0.555   0.0823      He 1 61.59m  -1.146   0.0016      Ca B 2.448m  -1.227   0.0014      Ca 2  7306A   0.722   0.1210            
 nInu 30.87m   2.123   3.0461      C  1  1101A  -0.674   0.0049      Ca B 2.431m  -1.286   0.0012      Ca2K  3934A   1.547   0.8082            
 nFnu 24.78m   0.634   0.0987      N  1 853.4A  -1.162   0.0016      Ca B 2.416m  -1.344   0.0010      Ca2H  3969A   1.320   0.4788            
 nInu 24.78m   2.044   2.5385      grains......................      Ca B 12.37m  -0.455   0.0081      Ca2X  8498A   0.045   0.0254            
 nFnu 24.30m   0.641   0.1003      H-like iso-sequence.........      Ca B 7.500m  -0.590   0.0059      Ca2Y  8542A   0.895   0.1799            
 nInu 24.30m   2.037   2.4968      Clin 912.0A   1.573   0.8583      Ca B 5.907m  -0.720   0.0044      Ca2Z  8662A   0.472   0.0680            
 nFnu 22.83m   0.664   0.1057      Cool  1216A   1.357   0.5216      Ca B 5.127m  -0.834   0.0034      CaF1  7291A   0.506   0.0736            
 nInu 22.83m   2.015   2.3757      Crst 960.0A   1.170   0.3395      Ca B 4.671m  -0.933   0.0027      CaF2  7324A   0.315   0.0474            
 nFnu 21.42m   0.686   0.1112      Crst  4861A  -0.886   0.0030      Ca B 4.375m  -1.017   0.0022      Fe2c     0    2.165   3.3536            
 nInu 21.42m   1.992   2.2511      Hrst     0   -0.601   0.0058      Ca B 4.170m  -1.090   0.0019      Fe 2  4300A   1.061   0.2640            
 nFnu 21.12m   0.691   0.1125      CION     0   -0.860   0.0032      Ca B 4.020m  -1.155   0.0016      Fe 2  2400A   2.129   3.0887            
 nInu 21.12m   1.986   2.2233      Ca B  1216A   3.179  34.6117      Ca B 3.906m  -1.218   0.0014      Fe 2  6200A   0.743   0.1269            
 nFnu 19.62m   0.718   0.1197      Q(H)  4861A   1.716   1.1925      Ca B 3.818m  -1.280   0.0012      Fe 2 1.150m  -0.162   0.0158            
 nInu 19.62m   1.961   2.0954      Q(H)  1216A   3.213  37.4778      Ca B 3.748m  -1.341   0.0010      Fe 2  2500A  -1.144   0.0016            
 nFnu 17.65m   0.759   0.1316      CaBo  4861A   1.652   1.0298      Ca B 19.06m  -0.822   0.0035      Fe 2 1.257m  -0.997   0.0023            
 nInu 17.65m   1.918   1.8978      Ca A  1216A   3.056  26.1225      Ca B 11.31m  -0.930   0.0027      Fe 2  7638A  -1.268   0.0012            
 nFnu 17.37m   0.764   0.1331      Ca A  1026A   2.358   5.2272      Ca B 8.758m  -1.038   0.0021      Fe 2 1.644m  -1.070   0.0020            
 nInu 17.37m   1.912   1.8724      Ca A 972.5A   1.990   2.2416      Ca B 7.506m  -1.135   0.0017      Fe 2  8617A  -0.690   0.0047            
 nFnu 15.69m   0.797   0.1437      Ca A 949.7A   1.754   1.3030      Ca B 6.770m  -1.218   0.0014      Fe 2  9052A  -1.348   0.0010            
 nInu 15.69m   1.873   1.7112      Ca A 937.8A   1.600   0.9127      Ca B 6.290m  -1.290   0.0012      Fe 2  8892A  -1.093   0.0019            
 nFnu 14.60m   0.825   0.1534      Ca A 930.8A   1.495   0.7165      Ca B 5.955m  -1.356   0.0010      Fe 2  9227A  -1.349   0.0010            
 nInu 14.60m   1.845   1.6067      Ca A 926.2A   1.407   0.5854      Ca B 27.80m  -1.140   0.0017      Fe2b  7000A  -0.959   0.0025            
 nFnu 12.43m   0.886   0.1765      Ca A 923.2A   1.323   0.4828      Ca B 16.20m  -1.224   0.0014      Fe2b 10000A  -0.015   0.0222            
 nInu 12.43m   1.781   1.3849      Ca A 921.0A   1.243   0.4017      Ca B 12.38m  -1.314   0.0011      Fe2b  7445A  -0.959   0.0025            
 nFnu 11.40m   0.914   0.1880      Ca A 919.4A   1.171   0.3401      H  1     0   -0.215   0.0140      Fe2b  8625A  -0.346   0.0103            
 nInu 11.40m   1.748   1.2829      Ca A 918.1A   1.110   0.2952      H  1  1216A   3.199  36.3015      Fe2b 1.889m  -1.119   0.0017            
 nFnu 10.46m   0.950   0.2044      Ca A 917.2A   1.059   0.2626      H  1  1026A   0.373   0.0541      Fe 2  1786A   0.240   0.0398            
 nInu 10.46m   1.714   1.1883      Ca A 916.4A   1.014   0.2371      H  1 972.5A   0.190   0.0356      Fe3c     0    0.082   0.0277            
 nFnu 9.480m   0.982   0.2198      Ca A 915.8A   0.971   0.2144      H  1 949.7A  -0.008   0.0225      Fe 3  5271A  -0.636   0.0053            
 nInu 9.480m   1.676   1.0871      Ca A 915.3A   0.925   0.1930      H  1 937.8A  -0.120   0.0174      Fe 3  5012A  -0.832   0.0034            
 nFnu 9.325m   0.986   0.2222      Ca A 914.9A   0.876   0.1725      H  1 930.8A  -0.197   0.0146      Fe 3  4931A  -1.230   0.0014            
 nInu 9.325m   1.670   1.0728      Ca A 914.6A   0.825   0.1534      H  1 926.2A  -0.242   0.0132      Fe 3  4659A  -0.451   0.0081            
 nFnu 8.210m   1.039   0.2509      Ca A 914.3A   0.773   0.1360      H  1 923.2A  -0.248   0.0130      Fe 3  4755A  -1.189   0.0015            
 nInu 8.210m   1.620   0.9562      Ca A 914.0A   0.720   0.1204      H  1 921.0A  -0.232   0.0134      Fe 3  4702A  -0.828   0.0034            
 nFnu 7.580m   1.063   0.2652      Ca A 913.8A   0.667   0.1065      H  1  6563A   2.092   2.8348      Fe 3  4770A  -1.303   0.0011            
 nInu 7.580m   1.589   0.8912      Ca A 913.6A   0.614   0.0944      H  1  4861A   1.639   1.0000      Fe 3  1126A  -0.963   0.0025            
 nFnu 7.050m   1.102   0.2898      Ca A 913.5A   0.562   0.0837      H  1  4340A   1.346   0.5084      recombination...............            
 nInu 7.050m   1.563   0.8380      Ca A 913.3A   0.512   0.0745      H  1  4102A   1.138   0.3150      O  1  1357A  -0.553   0.0064            
 nFnu 4.114m   1.311   0.4695      Ca A  6563A   1.878   1.7300      H  1  3970A   0.964   0.2113      C  1  1140A  -0.445   0.0082            
 nInu 4.114m   1.480   0.6924      Ca A  4861A   1.449   0.6450      H  1  3889A   0.822   0.1522      C  2  1037A  -1.245   0.0013            
 nFnu 2.324m   1.477   0.6878      Ca A  4340A   1.138   0.3152      H  1  3835A   0.719   0.1201      C  2 946.1A  -1.249   0.0013            
 nInu 2.324m   1.745   1.2753      Ca A  4102A   0.910   0.1866      H  1  3798A   0.661   0.1052      C  2 799.8A  -0.327   0.0108            
 nFnu 1.643m   1.609   0.9326      Ca A  3970A   0.740   0.1261      H  1 1.875m   1.123   0.3047      N  1 980.7A  -0.821   0.0035            
 nInu 1.643m   2.004   2.3167      Ca A  3889A   0.607   0.0929      H  1 1.282m   0.839   0.1585      O  1  7950A  -1.017   0.0022            
 nFnu 1.480m   1.605   0.9246      Ca A  3835A   0.496   0.0719      H  1 1.094m   0.622   0.0962      level2 lines................            
 nInu 1.480m   2.067   2.6786      Ca A  3798A   0.401   0.0578      H  1 1.005m   0.447   0.0642      C  1 943.9A  -0.502   0.0072            
 nFnu 1.436m   1.826   1.5356      Ca A  3771A   0.320   0.0480      H  1  9546A   0.305   0.0463      C  1  1248A  -0.603   0.0057            
 nInu 1.436m   2.174   3.4209      Ca A  3750A   0.254   0.0412      H  1  9229A   0.203   0.0366      C  1  1561A  -0.920   0.0028            
 nFnu 1.119m   1.796   1.4341      Ca A  3734A   0.200   0.0364      H  1  9015A   0.146   0.0321      C  1  1315A  -0.775   0.0038            
 nInu 1.119m   2.351   5.1490      Ca A  3722A   0.154   0.0327      H  1 4.051m   0.446   0.0641      C  1  1166A  -1.000   0.0023            
 nFnu  8330A   1.706   1.1657      Ca A  3712A   0.110   0.0295      H  1 2.625m   0.244   0.0403      C  1  1233A  -0.915   0.0028            
 nInu  8330A   2.574   8.6056      Ca A  3704A   0.063   0.0265      H  1 2.166m   0.073   0.0271      C  1  1132A  -1.201   0.0014            
 nFnu  8079A   2.199   3.6238      Ca A  3697A   0.014   0.0237      H  1 1.945m  -0.067   0.0196      C  1  1251A  -1.175   0.0015            
 nInu  8079A   2.695  11.3627      Ca A  3692A  -0.037   0.0211      H  1 1.817m  -0.168   0.0156      C  1  1112A  -1.348   0.0010            
 nFnu  6210A   2.054   2.5996      Ca A  3687A  -0.089   0.0187      H  1 1.736m  -0.224   0.0137      C  2 892.8A  -0.407   0.0090            
 nInu  6210A   2.905  18.4373      Ca A  3683A  -0.142   0.0165      H  1 7.458m  -0.082   0.0190      C  2 688.8A  -0.817   0.0035            
 nFnu  4885A   1.849   1.6197      Ca A  3679A  -0.195   0.0146      H  1 4.653m  -0.229   0.0135      C  2  1020A   0.093   0.0284            
 nInu  4885A   3.130  30.9406      Ca A  3676A  -0.248   0.0130      H  1 3.740m  -0.362   0.0100      C  2 596.6A  -0.728   0.0043            
 nFnu  3704A   1.533   0.7827      Ca A  3674A  -0.300   0.0115      H  1 3.296m  -0.460   0.0080      C  2 562.0A  -1.035   0.0021            
 nInu  3704A   3.359  52.4107      Ca A  3671A  -0.351   0.0102      H  1 3.038m  -0.514   0.0070      C  2 530.7A  -1.025   0.0022            
 nFnu  3588A   2.888  17.7327      Ca A 1.875m   1.042   0.2526      H  1 12.37m  -0.507   0.0071      C  2 544.9A  -1.351   0.0010            
 nInu  3588A   3.482  69.6009      Ca A 1.282m   0.739   0.1258      H  1 7.500m  -0.613   0.0056      C  2 535.3A  -1.135   0.0017            
 nFnu  2430A   2.162   3.3332      Ca A 1.094m   0.489   0.0707      H  1 5.907m  -0.703   0.0045      C  2 858.2A  -0.943   0.0026            
 nInu  2430A   3.763 132.8289      Ca A 1.005m   0.290   0.0447      H  1 5.127m  -0.754   0.0040      C  2 638.0A  -1.180   0.0015            
 nFnu  2392A   2.128   3.0799      Ca A  9546A   0.133   0.0312      H  1 19.06m  -0.855   0.0032      N  1 942.3A  -0.246   0.0130            
 nInu  2392A   3.776 136.8093      Ca A  9229A   0.006   0.0233      H  1 11.31m  -0.918   0.0028      N  1 952.1A  -0.238   0.0132            
 nFnu  2071A   1.806   1.4685      Ca A  9015A  -0.099   0.0183      H  1 8.758m  -0.962   0.0025      N  1  1131A  -0.405   0.0090            
 nInu  2071A   3.888 177.4119      Ca A  8863A  -0.185   0.0150      H  1 27.80m  -1.134   0.0017      N  2 532.2A  -0.974   0.0024            
 nFnu  2053A   1.786   1.4026      Ca A  8750A  -0.255   0.0128      H  1 16.20m  -1.151   0.0016      N  2 634.4A  -0.845   0.0033            
 nInu  2053A   3.888 177.2948      Ca A  8665A  -0.310   0.0112      H  1 38.86m  -1.346   0.0010      N  2 907.1A  -0.613   0.0056            
 nFnu  1793A   1.590   0.8913      Ca A  8598A  -0.358   0.0101      He-like iso-sequence........      N  2 528.1A  -1.155   0.0016            
 nInu  1793A   3.997 227.5999      Ca A  8545A  -0.403   0.0091      Clin 506.0A   1.580   0.8716      O  1 867.3A  -0.818   0.0035            
 nFnu  1585A   1.558   0.8280      Ca A  8502A  -0.449   0.0081      Ca B  2945A  -0.285   0.0119      O  1 787.5A  -1.336   0.0011            
 nInu  1585A   3.927 193.9172      Ca A  8467A  -0.499   0.0073      Ca B  3188A   0.057   0.0261      O  1 976.8A  -0.210   0.0142            
 nFnu  1458A   1.599   0.9112      Ca A  8438A  -0.550   0.0065      Ca B  3614A  -0.864   0.0031      O  1 767.7A  -1.133   0.0017            
 nInu  1458A   4.101 289.2795      Ca A  8413A  -0.602   0.0057      Ca B  3889A   0.513   0.0747      O  1 969.0A  -0.099   0.0183            
 nFnu  1357A   1.649   1.0220      Ca A  8392A  -0.656   0.0051      Ca B  3965A  -0.544   0.0065      O  1 946.4A  -0.229   0.0135            
 nInu  1357A   4.181 348.3263      Ca A  8374A  -0.709   0.0045      Ca B  4026A  -0.241   0.0132      O  1 934.5A  -0.193   0.0147            
 nFnu  1297A   1.689   1.1208      Ca A  8359A  -0.761   0.0040      Ca B  4121A  -1.297   0.0012      O  1 973.6A  -0.299   0.0115            
 nInu  1297A   4.197 361.0569      Ca A  8346A  -0.813   0.0035      Ca B  4388A  -0.799   0.0036      O  1 927.5A  -0.284   0.0119            
 nFnu  1263A   1.731   1.2354      Ca A  8334A  -0.864   0.0031      Ca B  4471A   0.090   0.0282      O  1 948.5A  -0.379   0.0096            
 nInu  1263A   4.190 355.6353      Ca A 4.051m   0.406   0.0584      Ca B  4713A  -0.831   0.0034      O  1 923.0A  -0.379   0.0096            
 nFnu  1218A   3.306  46.3540      Ca A 2.625m   0.170   0.0339      Ca B  4922A  -0.464   0.0079      O  1 919.9A  -0.446   0.0082            
 nInu  1218A   4.168 337.3118      Ca A 2.166m  -0.039   0.0210      Ca B  5016A  -0.115   0.0176      O  1 935.7A  -0.395   0.0092            
 nFnu  1196A   1.909   1.8607      Ca A 1.945m  -0.209   0.0142      Ca B  5048A  -1.286   0.0012      O  1 917.7A  -0.505   0.0072            
 nInu  1196A   4.214 375.5291      Ca A 1.817m  -0.346   0.0103      Ca B  5876A   0.581   0.0875      O  1 918.7A  -0.564   0.0063            
 nFnu  1175A   1.787   1.4048      Ca A 1.736m  -0.457   0.0080      Ca B  6678A   0.048   0.0256      O  1 928.2A  -0.549   0.0065            
 nInu  1175A   4.168 337.9241      Ca A 1.681m  -0.547   0.0065      Ca B  7065A   0.123   0.0304      O  1 917.5A  -0.631   0.0054            
 nFnu  1144A   1.793   1.4247      Ca A 1.641m  -0.619   0.0055      Ca B  7281A  -0.556   0.0064      O  1 923.4A  -0.715   0.0044            
 nInu  1144A   4.282 439.3555      Ca A 1.611m  -0.676   0.0048      Ca B 1.083m   1.781   1.3848      O  1 920.2A  -0.848   0.0033            
 nFnu  1113A   1.807   1.4708      Ca A 1.588m  -0.724   0.0043      Ca B 1.197m  -1.237   0.0013      O  1 918.0A  -0.963   0.0025            
 nInu  1113A   4.150 323.6364      Ca A 1.570m  -0.769   0.0039      Ca B 1.278m  -0.714   0.0044      O  2 530.8A  -0.901   0.0029            
 nFnu  1103A   1.835   1.5673      Ca A 1.556m  -0.816   0.0035      Ca B 1.279m  -1.183   0.0015      Ne 1 688.6A  -1.316   0.0011            
 nInu  1103A   4.307 464.5704      Ca A 1.544m  -0.866   0.0031      Ca B 1.700m  -1.061   0.0020      Mg 2 959.3A  -1.097   0.0018            
 nFnu  1074A   1.846   1.6105      Ca A 1.534m  -0.917   0.0028      Ca B 1.869m  -0.334   0.0106      Mg 2 919.2A  -1.326   0.0011            
 nInu  1074A   4.239 397.2351      Ca A 1.526m  -0.970   0.0025      Ca B 1.870m  -0.800   0.0036      Al 2  1671A  -0.271   0.0123            
 nFnu  1064A   1.852   1.6321      Ca A 1.519m  -1.023   0.0022      Ca B 2.058m   0.815   0.1500      Si 2  1180A   0.074   0.0272            
 nInu  1064A   4.317 475.9341      Ca A 1.513m  -1.076   0.0019      He 1     0    1.883   1.7524      Si 2 993.4A  -0.290   0.0118            
 nFnu  1036A   1.867   1.6883      Ca A 1.508m  -1.128   0.0017      He 1 584.3A   1.056   0.2612      Si 2 893.6A  -1.129   0.0017            
 nInu  1036A   4.301 458.3250      Ca A 1.504m  -1.180   0.0015      He 1 537.0A  -0.538   0.0067      Si 2  1024A  -0.459   0.0080            
 nFnu  1000A   1.889   1.7774      Ca A 1.500m  -1.231   0.0013      He 1 522.2A  -0.766   0.0039      S  2 750.3A  -0.867   0.0031            
 nInu  1000A   4.298 455.4206      Ca A 7.458m  -0.116   0.0176      He 1 515.6A  -0.813   0.0035      S  2 632.7A  -1.160   0.0016            
 nFnu 925.1A   1.940   1.9973      Ca A 4.653m  -0.308   0.0113      He 1 512.1A  -0.799   0.0036      S  2 888.4A  -0.904   0.0029            
 nInu 925.1A   4.246 404.5068      Ca A 3.740m  -0.481   0.0076      TOTL 1.083m   1.637   0.9943      S  2 587.6A  -1.359   0.0010            
 nFnu 897.8A   3.119  30.1827      Ca A 3.296m  -0.623   0.0055      He 1 1.083m   1.637   0.9943      S  3  1007A  -1.287   0.0012            
 nFnu 760.0A   1.932   1.9596      Ca A 3.038m  -0.738   0.0042      He 1 1.083m   0.683   0.1105      Ar 1  1096A  -0.484   0.0075            
 nFnu 701.5A   1.419   0.6023      Ca A 2.872m  -0.830   0.0034      He 1 1.083m   1.160   0.3314      Ar 1 922.5A  -0.735   0.0042            
 nFnu 608.2A  -0.121   0.0174      Ca A 2.758m  -0.904   0.0029      He 1 1.083m   1.382   0.5524      Ar 1 918.5A  -0.770   0.0039            
 nFnu 575.1A  -0.402   0.0091      Ca A 2.674m  -0.961   0.0025      He 1  3889A   0.420   0.0603      Fe 3 911.1A  -1.061   0.0020            
 nFnu 511.9A  -1.021   0.0022      Ca A 2.612m  -1.009   0.0022      He 1  3188A  -0.026   0.0216      P  2  1154A  -1.002   0.0023            
 nFnu 496.9A   2.401   5.7780      Ca A 2.564m  -1.055   0.0020      He 1  2945A  -0.364   0.0099      P  2 967.2A  -0.637   0.0053            
 nFnu 399.2A  -0.948   0.0026      Ca A 2.525m  -1.102   0.0018      He 1  2829A  -0.632   0.0053      P  2 963.8A  -0.449   0.0082            
 RRC.........................      Ca A 2.495m  -1.152   0.0016      He 1 2.058m   0.280   0.0437      Ti 2  3366A   0.074   0.0272            
 H  1 911.8A   2.146   3.2096      Ca A 2.469m  -1.203   0.0014      He 1  5016A  -0.216   0.0140      Ti 2  3238A  -0.178   0.0152            
 H  1  3646A   1.712   1.1807      Ca A 2.448m  -1.256   0.0013      He 1  3965A  -0.633   0.0053      Cr 2  2060A  -0.613   0.0056            
 H  1  3646A   2.072   2.7089      Ca A 2.431m  -1.309   0.0011      He 1  3614A  -0.943   0.0026      Mn 2  2590A   0.205   0.0368            
 H  1  8204A   0.969   0.2138      Ca A 12.37m  -0.560   0.0063      He 1  3448A  -1.163   0.0016      Mn 2  1199A  -0.868   0.0031            
 H  1  8204A   1.380   0.5496      Ca A 7.500m  -0.714   0.0044      He 1  7065A   0.017   0.0239      Ni 2  1752A  -0.834   0.0034            
 H  1  8204A   1.299   0.4569      Ca A 5.907m  -0.854   0.0032      He 1  5876A   0.519   0.0758      Ni 2  1744A  -0.762   0.0040            
 H  1 1.458m   0.473   0.0681      Ca A 5.127m  -0.970   0.0025      He 1  4713A  -0.914   0.0028      Ni 2  1485A  -1.124   0.0017            
 H  1 1.458m   0.890   0.1780      Ca A 4.671m  -1.064   0.0020      He 1  4471A   0.028   0.0245      Ni 2  1473A  -0.878   0.0030            
 H  1 1.458m   0.917   0.1896      Ca A 4.375m  -1.138   0.0017      He 1  4026A  -0.303   0.0114      Ni 2  1400A  -0.988   0.0024            
 H  1 1.458m   0.599   0.0912      Ca A 4.170m  -1.196   0.0015      He 1  3820A  -0.546   0.0065      Ni 2  1376A  -0.724   0.0043            
 H  1 2.279m   0.108   0.0294      Ca A 4.020m  -1.244   0.0013      He 1  7281A  -0.661   0.0050      Ni 2  1324A  -0.729   0.0043            
 H  1 2.279m   0.525   0.0769      Ca A 3.906m  -1.290   0.0012      He 1  6678A  -0.029   0.0215      Zn 2  2038A  -1.145   0.0016            
 H  1 2.279m   0.585   0.0882      Ca A 3.818m  -1.337   0.0011      He 1  5048A  -1.339   0.0011      hyperfine structure.........            
 H  1 2.279m   0.414   0.0595      Ca A 19.06m  -0.940   0.0026      He 1  4922A  -0.533   0.0067      inner shell.................            
 H  1 2.279m  -0.062   0.0199      Ca A 11.31m  -1.059   0.0020      He 1  4388A  -0.866   0.0031      molecules...................            
 H  1 3.281m  -0.177   0.0153      Ca A 8.758m  -1.171   0.0015      He 1  4144A  -1.078   0.0019      H-FB     0   -0.120   0.0174            
 H  1 3.281m   0.239   0.0397      Ca A 7.506m  -1.264   0.0012      He 1 1.700m  -1.122   0.0017      H-FF     0   -0.328   0.0108            
 H  1 3.281m   0.311   0.0469      Ca A 6.770m  -1.337   0.0011      He 1 1.197m  -1.299   0.0012      H-CT  6563A  -0.042   0.0208            
 H  1 3.281m   0.194   0.0359      Ca A 27.80m  -1.265   0.0012      He 1 1.869m  -0.377   0.0096      H- H     0   -1.203   0.0014            
 H  1 3.281m  -0.108   0.0179      Ca A 16.20m  -1.354   0.0010      He 1 1.278m  -0.770   0.0039      H2+      0   -0.451   0.0081            

                                                    Emergent line intensities
 general properties..........      Cool  1216A   1.357   0.5216      Ca B 1.611m  -0.567   0.0062      TOTL  1909A  -0.413   0.0089            
 TOTL  4861A   1.639   1.0000      Crst 960.0A   1.170   0.3395      Ca B 1.588m  -0.633   0.0053      C  3  1910A  -0.413   0.0089            
 TOTL  1216A   3.199  36.2998      Crst  4861A  -0.886   0.0030      Ca B 1.570m  -0.696   0.0046      N  1 953.9A  -0.239   0.0132            
 continua....................      Ca B  1216A   3.179  34.6143      Ca B 1.556m  -0.758   0.0040      N  1 954.1A  -0.609   0.0056            
 Bac   3646A   2.889  17.7448      Q(H)  4861A   1.716   1.1925      Ca B 1.544m  -0.820   0.0035      N  1  1200A  -0.100   0.0182            
 nFnu  3645A   2.910  18.6429      Q(H)  1216A   3.213  37.4806      Ca B 1.534m  -0.881   0.0030      N  1 1.040m  -1.080   0.0019            
 nFnu  3647A   1.593   0.8981      Ca A  1216A   3.056  26.1197      Ca B 1.526m  -0.941   0.0026      TOTL 1.040m  -0.744   0.0041            
 cout  3646A   2.587   8.8724      Ca A  1026A   2.356   5.2123      Ca B 1.519m  -1.000   0.0023      N  2  6584A  -0.941   0.0026            
 cref  3646A   2.587   8.8724      Ca A 972.5A   1.989   2.2342      Ca B 1.513m  -1.058   0.0020      N  2  5755A  -0.408   0.0090            
 thin  3646A   2.889  17.7450      Ca A 949.7A   1.753   1.2988      Ca B 1.508m  -1.114   0.0018      N  2  2141A  -0.130   0.0170            
 Inci  4860A   3.126  30.6455      Ca A 937.8A   1.598   0.9098      Ca B 1.504m  -1.169   0.0016      N  2  1085A  -0.021   0.0218            
 Inci  1215A   4.169 338.6943      Ca A 930.8A   1.493   0.7142      Ca B 1.500m  -1.222   0.0014      O  1  6300A   0.076   0.0273            
 FIR  83.00m   2.560   8.3269      Ca A 926.2A   1.406   0.5836      Ca B 7.458m  -0.023   0.0218      O  1  6363A  -0.420   0.0087            
 TIR   1800m   0.331   0.0492      Ca A 923.2A   1.322   0.4812      Ca B 4.653m  -0.193   0.0147      O  1  5577A  -0.281   0.0120            
 NIRa 2.850m   2.842  15.9598      Ca A 921.0A   1.242   0.4004      Ca B 3.740m  -0.348   0.0103      TOTL  7325A  -0.012   0.0223            
 NIRb 3.000m   2.474   6.8293      Ca A 919.4A   1.170   0.3390      Ca B 3.296m  -0.482   0.0076      O II  2471A  -0.103   0.0181            
 MIRa 15.00m   2.060   2.6306      Ca A 918.1A   1.108   0.2942      Ca B 3.038m  -0.597   0.0058      O II  7323A  -0.259   0.0126            
 MIRb 22.50m   2.257   4.1468      Ca A 917.2A   1.057   0.2618      Ca B 2.872m  -0.696   0.0046      O II  7332A  -0.376   0.0097            
 NMIR 21.75m   2.842  15.9598      Ca A 916.4A   1.013   0.2363      Ca B 2.758m  -0.781   0.0038      O  2 833.8A  -0.828   0.0034            
 TFIR 611.2m   2.049   2.5665      Ca A 915.8A   0.969   0.2138      Ca B 2.674m  -0.854   0.0032      Ne 2 12.81m  -0.717   0.0044            
 TALL 10000A   4.266 423.1549      Ca A 915.3A   0.924   0.1924      Ca B 2.612m  -0.920   0.0028      Na 1  5892A  -0.666   0.0049            
 F12  12.00m   1.577   0.8656      Ca A 914.9A   0.875   0.1719      Ca B 2.564m  -0.983   0.0024      Mg 1  4561A  -1.038   0.0021            
 F25  25.00m   1.715   1.1890      Ca A 914.6A   0.824   0.1529      Ca B 2.525m  -1.045   0.0021      Mg 1  2853A   0.077   0.0274            
 F60  60.00m   2.161   3.3261      Ca A 914.3A   0.772   0.1356      Ca B 2.495m  -1.106   0.0018      Mg 1  2026A  -0.974   0.0024            
 F100 100.0m   1.972   2.1495      Ca A 914.0A   0.719   0.1200      Ca B 2.469m  -1.167   0.0016      TOTL  2798A   2.234   3.9343            
 MIPS 24.00m   1.400   0.5756      Ca A 913.8A   0.666   0.1062      Ca B 2.448m  -1.227   0.0014      Mg 2  2796A   2.056   2.6097            
 MIPS 70.00m   1.803   1.4571      Ca A 913.6A   0.613   0.0941      Ca B 2.431m  -1.286   0.0012      Mg 2  2803A   1.762   1.3246            
 MIPS 160.0m   1.577   0.8653      Ca A 913.5A   0.561   0.0835      Ca B 2.416m  -1.344   0.0010      totl  2665A   0.562   0.0837            
 IRAC 3.600m   1.130   0.3095      Ca A 913.3A   0.510   0.0742      Ca B 12.37m  -0.455   0.0081      Al 2  2670A   0.562   0.0837            
 IRAC 4.500m   1.162   0.3334      Ca A  6563A   1.877   1.7299      Ca B 7.500m  -0.590   0.0059      TOTL  2335A   0.745   0.1274            
 IRAC 5.800m   1.073   0.2712      Ca A  4861A   1.449   0.6450      Ca B 5.907m  -0.720   0.0044      Si 2  2334A  -0.262   0.0126            
 IRAC 8.000m   1.302   0.4603      Ca A  4340A   1.138   0.3152      Ca B 5.127m  -0.834   0.0034      Si 2  2350A  -0.374   0.0097            
 SPR1 250.0m   1.158   0.3303      Ca A  4102A   0.910   0.1866      Ca B 4.671m  -0.933   0.0027      Si 2  2344A   0.265   0.0422            
 SPR2 350.0m   0.729   0.1229      Ca A  3970A   0.740   0.1261      Ca B 4.375m  -1.017   0.0022      Si 2  2336A   0.435   0.0624            
 SPR3 500.0m   0.356   0.0521      Ca A  3889A   0.607   0.0929      Ca B 4.170m  -1.090   0.0019      Si 2  1814A   0.323   0.0483            
 PAC1 70.00m   1.865   1.6815      Ca A  3835A   0.496   0.0719      Ca B 4.020m  -1.155   0.0016      Si 2  1531A  -0.312   0.0112            
 PAC2 100.0m   1.977   2.1741      Ca A  3798A   0.401   0.0578      Ca B 3.906m  -1.218   0.0014      Si 2  1308A  -0.298   0.0115            
 PAC3 160.0m   1.834   1.5643      Ca A  3771A   0.320   0.0480      Ca B 3.818m  -1.280   0.0012      Si 2  1263A   0.063   0.0265            
 PAH  3.300m   0.345   0.0508      Ca A  3750A   0.254   0.0412      Ca B 3.748m  -1.341   0.0010      Si 3  1207A  -0.453   0.0081            
 PAHC 3.230m   0.016   0.0238      Ca A  3734A   0.200   0.0364      Ca B 19.06m  -0.822   0.0035      TOTL  1888A  -0.597   0.0058            
 PAHC 3.370m  -0.068   0.0196      Ca A  3722A   0.154   0.0327      Ca B 11.31m  -0.930   0.0027      Si 3  1892A  -0.597   0.0058            
 PAH  6.200m   0.607   0.0927      Ca A  3712A   0.110   0.0295      Ca B 8.758m  -1.038   0.0021      S  2  4074A   0.054   0.0260            
 PAHC 5.650m   0.613   0.0940      Ca A  3704A   0.063   0.0265      Ca B 7.506m  -1.135   0.0017      S  2 1.033m  -0.139   0.0167            
 PAH  7.900m   0.892   0.1789      Ca A  3697A   0.014   0.0237      Ca B 6.770m  -1.218   0.0014      S II  4070A  -0.027   0.0216            
 PAHC 6.900m   0.859   0.1659      Ca A  3692A  -0.037   0.0211      Ca B 6.290m  -1.290   0.0012      S II  4078A  -0.713   0.0044            
 PAH  11.30m   0.380   0.0550      Ca A  3687A  -0.089   0.0187      Ca B 5.955m  -1.356   0.0010      S II 1.032m  -0.518   0.0070            
 PAHC 10.90m   0.363   0.0529      Ca A  3683A  -0.142   0.0165      Ca B 27.80m  -1.140   0.0017      S II 1.029m  -0.653   0.0051            
 PAH  11.80m   0.590   0.0893      Ca A  3679A  -0.195   0.0146      Ca B 16.20m  -1.224   0.0014      S II 1.037m  -1.172   0.0015            
 PAHC 12.65m   0.645   0.1014      Ca A  3676A  -0.248   0.0130      Ca B 12.38m  -1.314   0.0011      S II 1.034m  -0.875   0.0031            
 PAH  13.30m   0.635   0.0989      Ca A  3674A  -0.300   0.0115      H  1  1216A   3.199  36.2998      S  2  1256A  -0.538   0.0067            
 PAHC 14.10m   0.631   0.0980      Ca A  3671A  -0.351   0.0102      H  1  1026A   0.373   0.0541      S  3  9532A  -1.230   0.0014            
 Bcon  3640A   4.203 365.6839      Ca A 1.875m   1.042   0.2526      H  1 972.5A   0.190   0.0356      Cl 2  8579A  -1.296   0.0012            
 Pcon  5000A   3.141  31.7323      Ca A 1.282m   0.739   0.1258      H  1 949.7A  -0.008   0.0225      Ar 2 6.980m  -1.260   0.0013            
 nFnu 122.4m   0.064   0.0266      Ca A 1.094m   0.489   0.0707      H  1 937.8A  -0.120   0.0174      Ar 3  7135A  -0.780   0.0038            
 nInu 122.4m   2.385   5.5690      Ca A 1.005m   0.290   0.0447      H  1 930.8A  -0.197   0.0146      Ca 1  4228A  -0.917   0.0028            
 nFnu 60.83m   0.306   0.0464      Ca A  9546A   0.133   0.0312      H  1 926.2A  -0.242   0.0131      Ca 2  3933A   1.749   1.2872            
 nInu 60.83m   2.338   4.9935      Ca A  9229A   0.006   0.0233      H  1 923.2A  -0.248   0.0130      Ca 2  8579A   1.076   0.2734            
 nFnu 41.22m   0.452   0.0649      Ca A  9015A  -0.099   0.0183      H  1 921.0A  -0.232   0.0134      Ca 2  7306A   0.722   0.1210            
 nInu 41.22m   2.226   3.8559      Ca A  8863A  -0.185   0.0150      H  1  6563A   2.092   2.8347      Ca2K  3934A   1.547   0.8082            
 nFnu 30.87m   0.555   0.0823      Ca A  8750A  -0.255   0.0128      H  1  4861A   1.639   1.0000      Ca2H  3969A   1.320   0.4788            
 nInu 30.87m   2.123   3.0464      Ca A  8665A  -0.310   0.0112      H  1  4340A   1.346   0.5084      Ca2X  8498A   0.045   0.0254            
 nFnu 24.78m   0.634   0.0987      Ca A  8598A  -0.358   0.0101      H  1  4102A   1.138   0.3150      Ca2Y  8542A   0.895   0.1799            
 nInu 24.78m   2.044   2.5387      Ca A  8545A  -0.403   0.0091      H  1  3970A   0.964   0.2113      Ca2Z  8662A   0.472   0.0680            
 nFnu 24.30m   0.641   0.1003      Ca A  8502A  -0.450   0.0081      H  1  3889A   0.822   0.1522      CaF1  7291A   0.506   0.0736            
 nInu 24.30m   2.037   2.4969      Ca A  8467A  -0.499   0.0073      H  1  3835A   0.719   0.1201      CaF2  7324A   0.315   0.0474            
 nFnu 22.83m   0.664   0.1057      Ca A  8438A  -0.550   0.0065      H  1  3798A   0.661   0.1052      Fe 2  4300A   1.061   0.2640            
 nInu 22.83m   2.015   2.3758      Ca A  8413A  -0.603   0.0057      H  1 1.875m   1.123   0.3047      Fe 2  2400A   2.129   3.0887            
 nFnu 21.42m   0.686   0.1112      Ca A  8392A  -0.656   0.0051      H  1 1.282m   0.839   0.1585      Fe 2  6200A   0.743   0.1269            
 nInu 21.42m   1.992   2.2512      Ca A  8374A  -0.709   0.0045      H  1 1.094m   0.622   0.0962      Fe 2 1.150m  -0.162   0.0158            
 nFnu 21.12m   0.691   0.1125      Ca A  8359A  -0.761   0.0040      H  1 1.005m   0.447   0.0642      Fe 2  2500A  -1.144   0.0016            
 nInu 21.12m   1.986   2.2234      Ca A  8346A  -0.813   0.0035      H  1  9546A   0.305   0.0463      Fe 2 1.257m  -0.997   0.0023            
 nFnu 19.62m   0.718   0.1197      Ca A  8334A  -0.864   0.0031      H  1  9229A   0.203   0.0366      Fe 2  7638A  -1.268   0.0012            
 nInu 19.62m   1.961   2.0955      Ca A 4.051m   0.406   0.0584      H  1  9015A   0.146   0.0321      Fe 2 1.644m  -1.070   0.0020            
 nFnu 17.65m   0.759   0.1316      Ca A 2.625m   0.170   0.0339      H  1 4.051m   0.446   0.0641      Fe 2  8617A  -0.690   0.0047            
 nInu 17.65m   1.918   1.8980      Ca A 2.166m  -0.039   0.0210      H  1 2.625m   0.244   0.0403      Fe 2  9052A  -1.348   0.0010            
 nFnu 17.37m   0.764   0.1331      Ca A 1.945m  -0.209   0.0142      H  1 2.166m   0.073   0.0271      Fe 2  8892A  -1.093   0.0019            
 nInu 17.37m   1.912   1.8725      Ca A 1.817m  -0.346   0.0103      H  1 1.945m  -0.067   0.0196      Fe 2  9227A  -1.349   0.0010            
 nFnu 15.69m   0.797   0.1437      Ca A 1.736m  -0.457   0.0080      H  1 1.817m  -0.168   0.0156      Fe2b  7000A  -0.959   0.0025            
 nInu 15.69m   1.873   1.7113      Ca A 1.681m  -0.547   0.0065      H  1 1.736m  -0.224   0.0137      Fe2b 10000A  -0.015   0.0222            
 nFnu 14.60m   0.825   0.1534      Ca A 1.641m  -0.619   0.0055      H  1 7.458m  -0.082   0.0190      Fe2b  7445A  -0.959   0.0025            
 nInu 14.60m   1.845   1.6068      Ca A 1.611m  -0.676   0.0048      H  1 4.653m  -0.229   0.0135      Fe2b  8625A  -0.346   0.0103            
 nFnu 12.43m   0.886   0.1765      Ca A 1.588m  -0.724   0.0043      H  1 3.740m  -0.362   0.0100      Fe2b 1.889m  -1.119   0.0017            
 nInu 12.43m   1.781   1.3850      Ca A 1.570m  -0.769   0.0039      H  1 3.296m  -0.460   0.0080      Fe 2  1786A   0.240   0.0398            
 nFnu 11.40m   0.914   0.1880      Ca A 1.556m  -0.816   0.0035      H  1 3.038m  -0.514   0.0070      Fe 3  5271A  -0.636   0.0053            
 nInu 11.40m   1.748   1.2829      Ca A 1.544m  -0.866   0.0031      H  1 12.37m  -0.507   0.0071      Fe 3  5012A  -0.832   0.0034            
 nFnu 10.46m   0.950   0.2045      Ca A 1.534m  -0.917   0.0028      H  1 7.500m  -0.613   0.0056      Fe 3  4931A  -1.230   0.0014            
 nInu 10.46m   1.714   1.1884      Ca A 1.526m  -0.970   0.0025      H  1 5.907m  -0.703   0.0045      Fe 3  4659A  -0.451   0.0081            
 nFnu 9.480m   0.982   0.2199      Ca A 1.519m  -1.023   0.0022      H  1 5.127m  -0.754   0.0040      Fe 3  4755A  -1.189   0.0015            
 nInu 9.480m   1.676   1.0872      Ca A 1.513m  -1.076   0.0019      H  1 19.06m  -0.855   0.0032      Fe 3  4702A  -0.828   0.0034            
 nFnu 9.325m   0.986   0.2222      Ca A 1.508m  -1.129   0.0017      H  1 11.31m  -0.918   0.0028      Fe 3  4770A  -1.303   0.0011            
 nInu 9.325m   1.670   1.0729      Ca A 1.504m  -1.180   0.0015      H  1 8.758m  -0.962   0.0025      Fe 3  1126A  -0.963   0.0025            
 nFnu 8.210m   1.039   0.2509      Ca A 1.500m  -1.231   0.0013      H  1 27.80m  -1.134   0.0017      recombination...............            
 nInu 8.210m   1.620   0.9563      Ca A 7.458m  -0.116   0.0176      H  1 16.20m  -1.151   0.0016      O  1  1357A  -0.553   0.0064            
 nFnu 7.580m   1.063   0.2652      Ca A 4.653m  -0.308   0.0113      H  1 38.86m  -1.346   0.0010      C  1  1140A  -0.445   0.0082            
 nInu 7.580m   1.589   0.8913      Ca A 3.740m  -0.481   0.0076      He-like iso-sequence........      C  2  1037A  -1.246   0.0013            
 nFnu 7.050m   1.102   0.2898      Ca A 3.296m  -0.623   0.0055      Clin 506.0A   1.580   0.8717      C  2 946.1A  -1.251   0.0013            
 nInu 7.050m   1.563   0.8380      Ca A 3.038m  -0.738   0.0042      Ca B  2945A  -0.285   0.0119      C  2 799.8A  -1.237   0.0013            
 nFnu 4.114m   1.311   0.4695      Ca A 2.872m  -0.830   0.0034      Ca B  3188A   0.057   0.0262      N  1 980.7A  -0.822   0.0035            
 nInu 4.114m   1.480   0.6925      Ca A 2.758m  -0.904   0.0029      Ca B  3614A  -0.864   0.0031      O  1  7950A  -1.017   0.0022            
 nFnu 2.324m   1.477   0.6878      Ca A 2.674m  -0.961   0.0025      Ca B  3889A   0.513   0.0747      level2 lines................            
 nInu 2.324m   1.745   1.2754      Ca A 2.612m  -1.009   0.0022      Ca B  3965A  -0.544   0.0065      C  1 943.9A  -0.503   0.0072            
 nFnu 1.643m   1.609   0.9326      Ca A 2.564m  -1.055   0.0020      Ca B  4026A  -0.241   0.0132      C  1  1248A  -0.603   0.0057            
 nInu 1.643m   2.004   2.3169      Ca A 2.525m  -1.102   0.0018      Ca B  4121A  -1.297   0.0012      C  1  1561A  -0.920   0.0028            
 nFnu 1.480m   1.605   0.9247      Ca A 2.495m  -1.152   0.0016      Ca B  4388A  -0.799   0.0036      C  1  1315A  -0.775   0.0038            
 nInu 1.480m   2.067   2.6788      Ca A 2.469m  -1.203   0.0014      Ca B  4471A   0.090   0.0282      C  1  1166A  -1.000   0.0023            
 nFnu 1.436m   1.826   1.5357      Ca A 2.448m  -1.256   0.0013      Ca B  4713A  -0.831   0.0034      C  1  1233A  -0.915   0.0028            
 nInu 1.436m   2.174   3.4212      Ca A 2.431m  -1.309   0.0011      Ca B  4922A  -0.464   0.0079      C  1  1132A  -1.201   0.0014            
 nFnu 1.119m   1.796   1.4342      Ca A 12.37m  -0.560   0.0063      Ca B  5016A  -0.115   0.0176      C  1  1251A  -1.175   0.0015            
 nInu 1.119m   2.351   5.1494      Ca A 7.500m  -0.714   0.0044      Ca B  5048A  -1.286   0.0012      C  1  1112A  -1.348   0.0010            
 nFnu  8330A   1.706   1.1657      Ca A 5.907m  -0.854   0.0032      Ca B  5876A   0.581   0.0875      C  2 892.8A  -0.574   0.0061            
 nInu  8330A   2.574   8.6063      Ca A 5.127m  -0.970   0.0025      Ca B  6678A   0.048   0.0256      C  2 688.8A  -0.937   0.0027            
 nFnu  8079A   2.199   3.6241      Ca A 4.671m  -1.064   0.0020      Ca B  7065A   0.123   0.0304      C  2  1020A   0.093   0.0284            
 nInu  8079A   2.695  11.3636      Ca A 4.375m  -1.138   0.0017      Ca B  7281A  -0.556   0.0064      C  2 596.6A  -0.869   0.0031            
 nFnu  6210A   2.054   2.5998      Ca A 4.170m  -1.196   0.0015      Ca B 1.083m   1.781   1.3849      C  2 562.0A  -1.204   0.0014            
 nInu  6210A   2.905  18.4386      Ca A 4.020m  -1.244   0.0013      Ca B 1.197m  -1.237   0.0013      C  2 530.7A  -1.214   0.0014            
 nFnu  4885A   1.849   1.6198      Ca A 3.906m  -1.290   0.0012      Ca B 1.278m  -0.714   0.0044      C  2 535.3A  -1.339   0.0011            
 nInu  4885A   3.130  30.9428      Ca A 3.818m  -1.337   0.0011      Ca B 1.279m  -1.183   0.0015      N  1 942.3A  -0.247   0.0130            
 nFnu  3704A   1.533   0.7827      Ca A 19.06m  -0.940   0.0026      Ca B 1.700m  -1.061   0.0020      N  1 952.1A  -0.240   0.0132            
 nInu  3704A   3.359  52.4146      Ca A 11.31m  -1.059   0.0020      Ca B 1.869m  -0.334   0.0106      N  1  1131A  -0.405   0.0090            
 nFnu  3588A   2.888  17.7340      Ca A 8.758m  -1.171   0.0015      Ca B 1.870m  -0.800   0.0036      N  2 532.2A  -1.130   0.0017            
 nInu  3588A   3.482  69.6060      Ca A 7.506m  -1.264   0.0012      Ca B 2.058m   0.815   0.1500      N  2 634.4A  -1.047   0.0021            
 nFnu  2430A   2.162   3.3334      Ca A 6.770m  -1.337   0.0011      He 1 584.3A   0.874   0.1715      N  2 907.1A  -0.942   0.0026            
 nInu  2430A   3.763 132.8387      Ca A 27.80m  -1.265   0.0012      He 1 537.0A  -0.573   0.0061      O  1 867.3A  -1.187   0.0015            
 nFnu  2392A   2.128   3.0802      Ca A 16.20m  -1.354   0.0010      He 1 522.2A  -0.807   0.0036      O  1 976.8A  -0.210   0.0141            
 nInu  2392A   3.776 136.8194      Ca B  6563A   2.114   2.9838      He 1 515.6A  -0.857   0.0032      O  1 969.0A  -0.100   0.0182            
 nFnu  2071A   1.806   1.4686      Ca B  4861A   1.680   1.0969      He 1 512.1A  -0.847   0.0033      O  1 946.4A  -0.230   0.0135            
 nInu  2071A   3.888 177.4250      Ca B  4340A   1.372   0.5397      TOTL 1.083m   1.637   0.9944      O  1 934.5A  -0.194   0.0147            
 nFnu  2053A   1.786   1.4027      Ca B  4102A   1.139   0.3163      He 1 1.083m   1.637   0.9944      O  1 973.6A  -0.301   0.0115            
 nInu  2053A   3.888 177.3079      Ca B  3970A   0.957   0.2077      He 1 1.083m   0.683   0.1105      O  1 927.5A  -0.285   0.0119            
 nFnu  1793A   1.590   0.8914      Ca B  3889A   0.807   0.1470      He 1 1.083m   1.160   0.3314      O  1 948.5A  -0.381   0.0095            
 nInu  1793A   3.997 227.6167      Ca B  3835A   0.678   0.1094      He 1 1.083m   1.382   0.5524      O  1 923.0A  -0.381   0.0095            
 nFnu  1585A   1.558   0.8281      Ca B  3798A   0.567   0.0846      He 1  3889A   0.420   0.0603      O  1 919.9A  -0.448   0.0082            
 nInu  1585A   3.927 193.9315      Ca B  3771A   0.470   0.0676      He 1  3188A  -0.026   0.0216      O  1 935.7A  -0.396   0.0092            
 nFnu  1458A   1.599   0.9113      Ca B  3750A   0.386   0.0558      He 1  2945A  -0.364   0.0099      O  1 917.7A  -0.506   0.0072            
 nInu  1458A   4.101 289.3009      Ca B  3734A   0.314   0.0472      He 1  2829A  -0.632   0.0053      O  1 918.7A  -0.565   0.0062            
 nFnu  1357A   1.649   1.0221      Ca B  3722A   0.248   0.0406      He 1 2.058m   0.280   0.0437      O  1 928.2A  -0.551   0.0065            
 nInu  1357A   4.181 348.3521      Ca B  3712A   0.185   0.0351      He 1  5016A  -0.216   0.0140      O  1 917.5A  -0.632   0.0053            
 nFnu  1297A   1.689   1.1209      Ca B  3704A   0.123   0.0304      He 1  3965A  -0.633   0.0053      O  1 923.4A  -0.716   0.0044            
 nInu  1297A   4.197 361.0836      Ca B  3697A   0.061   0.0264      He 1  3614A  -0.943   0.0026      O  1 920.2A  -0.849   0.0032            
 nFnu  1263A   1.731   1.2354      Ca B  3692A   0.000   0.0230      He 1  3448A  -1.163   0.0016      O  1 918.0A  -0.964   0.0025            
 nInu  1263A   4.190 355.6616      Ca B  3687A  -0.060   0.0200      He 1  7065A   0.017   0.0239      O  2 530.8A  -1.009   0.0022            
 nFnu  1218A   3.306  46.3574      Ca B  3683A  -0.119   0.0174      He 1  5876A   0.519   0.0758      Mg 2 959.3A  -1.099   0.0018            
 nInu  1218A   4.168 337.3367      Ca B  3679A  -0.177   0.0153      He 1  4713A  -0.914   0.0028      Mg 2 919.2A  -1.328   0.0011            
 nFnu  1196A   1.909   1.8608      Ca B  3676A  -0.234   0.0134      He 1  4471A   0.028   0.0245      Al 2  1671A  -0.271   0.0123            
 nInu  1196A   4.214 375.5569      Ca B  3674A  -0.288   0.0118      He 1  4026A  -0.303   0.0114      Si 2  1180A   0.074   0.0272            
 nFnu  1175A   1.787   1.4049      Ca B  3671A  -0.342   0.0104      He 1  3820A  -0.546   0.0065      Si 2 993.4A  -0.291   0.0117            
 nInu  1175A   4.168 337.9491      Ca B 1.875m   1.150   0.3237      He 1  7281A  -0.661   0.0050      Si 2  1024A  -0.460   0.0080            
 nFnu  1144A   1.793   1.4248      Ca B 1.282m   0.864   0.1677      He 1  6678A  -0.029   0.0215      S  2 750.3A  -1.050   0.0020            
 nInu  1144A   4.282 439.3880      Ca B 1.094m   0.635   0.0989      He 1  5048A  -1.339   0.0011      S  2 888.4A  -1.260   0.0013            
 nFnu  1113A   1.807   1.4709      Ca B 1.005m   0.451   0.0647      He 1  4922A  -0.533   0.0067      S  3  1007A  -1.289   0.0012            
 nInu  1113A   4.150 323.6604      Ca B  9546A   0.298   0.0456      He 1  4388A  -0.866   0.0031      Ar 1  1096A  -0.485   0.0075            
 nFnu  1103A   1.835   1.5674      Ca B  9229A   0.168   0.0337      He 1  4144A  -1.078   0.0019      Ar 1 922.5A  -0.736   0.0042            
 nInu  1103A   4.307 464.6048      Ca B  9015A   0.055   0.0260      He 1 1.700m  -1.122   0.0017      Ar 1 918.5A  -0.771   0.0039            
 nFnu  1074A   1.846   1.6106      Ca B  8863A  -0.043   0.0208      He 1 1.197m  -1.299   0.0012      P  2  1154A  -1.002   0.0023            
 nInu  1074A   4.239 397.2645      Ca B  8750A  -0.127   0.0171      He 1 1.869m  -0.377   0.0096      P  2 967.2A  -0.638   0.0053            
 nFnu  1064A   1.852   1.6322      Ca B  8665A  -0.200   0.0145      He 1 1.278m  -0.770   0.0039      P  2 963.8A  -0.450   0.0081            
 nInu  1064A   4.317 475.9692      Ca B  8598A  -0.266   0.0124      He 1 1.091m  -1.065   0.0020      Ti 2  3366A   0.074   0.0272            
 nFnu  1036A   1.867   1.6885      Ca B  8545A  -0.329   0.0108      He 1 1.870m  -0.852   0.0032      Ti 2  3238A  -0.178   0.0152            
 nInu  1036A   4.301 458.3589      Ca B  8502A  -0.391   0.0093      He 1 1.279m  -1.245   0.0013      Cr 2  2060A  -0.613   0.0056            
 nFnu  1000A   1.889   1.7776      Ca B  8467A  -0.452   0.0081      He 1 4.048m  -1.031   0.0021      Mn 2  2590A   0.205   0.0368            
 nInu  1000A   4.298 455.4543      Ca B  8438A  -0.513   0.0070      Pho+  3889A   1.135   0.3133      Mn 2  1199A  -0.868   0.0031            
 nFnu 925.1A   1.940   1.9974      Ca B  8413A  -0.574   0.0061      database lines..............      Ni 2  1752A  -0.834   0.0034            
 nInu 925.1A   4.246 404.5367      Ca B  8392A  -0.633   0.0053      level 1 lines...............      Ni 2  1744A  -0.762   0.0040            
 nFnu 897.8A   3.119  30.1849      Ca B  8374A  -0.691   0.0047      C  1  1656A  -0.370   0.0098      Ni 2  1485A  -1.124   0.0017            
 nFnu 760.0A   1.932   1.9598      Ca B  8359A  -0.747   0.0041      REC   1656A  -0.905   0.0029      Ni 2  1473A  -0.878   0.0030            
 nFnu 701.5A   1.419   0.6024      Ca B  8346A  -0.802   0.0036      C  1  8727A  -1.098   0.0018      Ni 2  1400A  -0.988   0.0024            
 nFnu 608.2A  -0.121   0.0174      Ca B  8334A  -0.855   0.0032      TOTL  2326A   1.294   0.4512      Ni 2  1376A  -0.724   0.0043            
 nFnu 575.1A  -0.402   0.0091      Ca B 4.051m   0.496   0.0718      C  2  2325A   0.289   0.0446      Ni 2  1324A  -0.729   0.0043            
 nFnu 511.9A  -1.021   0.0022      Ca B 2.625m   0.280   0.0437      C  2  2324A  -0.212   0.0141      Zn 2  2038A  -1.146   0.0016            
 nFnu 496.9A   2.401   5.7784      Ca B 2.166m   0.093   0.0284      C  2  2329A   0.308   0.0466      hyperfine structure.........            
 nFnu 399.2A  -0.948   0.0026      Ca B 1.945m  -0.064   0.0198      C  2  2328A   0.650   0.1025      inner shell.................            
 RRC.........................      Ca B 1.817m  -0.197   0.0146      C  2  2327A   1.026   0.2434      molecules...................            
 grains......................      Ca B 1.736m  -0.311   0.0112      C  2  1335A   0.187   0.0353      H-CT  6563A  -0.042   0.0208            
 H-like iso-sequence.........      Ca B 1.681m  -0.410   0.0089      REC   1335A  -0.509   0.0071            
 Clin 912.0A   1.573   0.8584      Ca B 1.641m  -0.494   0.0073      C  3 977.0A  -0.249   0.0129            



                                                                           
 Cooling:  HFBc     0 :0.129 HFFc     0 :0.079 Clin 912.0A:0.057 Clin 506.0A:0.058 Ca2K  3934A:0.054 Fe2c     0 :0.224  
 Heating:  BFH1     0 :0.928 BFHe     0 :0.065  

 These are some of the most important databases used by Cloudy:
 Many recombination coefficients were taken from http://amdpp.phys.strath.ac.uk/tamoc/RR/ and http://amdpp.phys.strath.ac.uk/tamoc/DR/
      and are based on the following papers:
        Badnell N. R., et al., A&A 406, 1151 (2003) [http://adsabs.harvard.edu/abs/2003A%26A...406.1151B]
        Badnell N. R., ApJS 167, 334 (2006) [http://adsabs.harvard.edu/abs/2006ApJS..167..334B]
 Much of the molecular emission data is from LAMDA as accessed on Dec. 18, 2010. This database is described in:
        Schoeier F.L., et al., A&A 432, 369 (2005) [http://adsabs.harvard.edu/abs/2005A%26A...432..369S]
      This database is in part based on the work of the following groups:
        JPL: Pickett H. M. et al., JQSRT, 60, 883 (1998). [http://adsabs.harvard.edu/abs/1998JQSRT..60..883P]
        CDMS: Mueller H. S. et al., A&A 370, L49 (2001). [http://adsabs.harvard.edu/abs/2001A%26A...370L..49M]
              Mueller H. S. et al., J. Mol. Struct. 742, 215 (2005). [http://adsabs.harvard.edu/abs/2005JMoSt.742..215M]
 Much of the ionic emission data is from version 7.0 of CHIANTI. CHIANTI is a collaborative project involving the NRL (USA), the
      Universities of Florence (Italy) and Cambridge (UK), and George Mason University (USA). These papers describe Chianti:
        Dere K. P., et al., A&AS, 125, 149 (1997) [http://adsabs.harvard.edu/abs/1997A%26AS..125..149D]
        Landi E., et al., ApJ, 744, 99 (2012) [http://adsabs.harvard.edu/abs/2012ApJ...744...99L]
 Much of the H_2 data is from this web site: http://molat.obspm.fr/index.php?page=pages/Molecules/H2/H2can94.php. These data are
      described in:
        Abgrall H. et al., Can. J. Phys., 72, 856 (1994) [http://adsabs.harvard.edu/abs/1994CaJPh..72..856A]
        Wrathmall S. A. & Flower D. R., J. Phys. B, 40, 3221 (2007) [http://adsabs.harvard.edu/abs/2007JPhB...40.3221W]
 Please cite those papers that played a significant role in this calculation.

 IONIZE PARMET:  U(1-) -4.4768  U(4-):-15.1133  U(sp): -4.48  Q(ion):    9.140  L(ion) -1.035    Q(low): 16.382    L(low)  4.205
 ENERGY BUDGET:  Heat:   2.816  Coolg:   2.816  Error:  0.1%  Rec Lin:   1.899  F-F  H  0.000    P(rad/tot)max     9.54E-04

     Col(Heff):      0.000E+00  snd travl time  1.97E+05 sec  Te-low: 3.96E+03  Te-hi: 8.47E+03  G0TH85: 6.89E+06  G0DB96:8.98E+06
  Emiss Measure    n(e)n(p) dl       3.051E+26  n(e)n(He+)dl         1.407E+25  En(e)n(He++) dl         1.957E+14  ne nC+:1.14E+23
 He/Ha:5.60E-02  =   0.66*true  Lthin:4.90E+00  itr/zn:12.08  H2 itr/zn:  0.00  File Opacity: F  MassTot 3.22e-05  (gm/cm^2)
   Temps(21 cm)   T(21cm/Ly a)  5.27E+03        T(<nH/Tkin>)  5.92E+03          T(<nH/Tspin>)    5.68E+03          TB21cm:3.15E-01
                   N(H0/Tspin)  1.76E+15        N(OH/Tkin)    5.74E+05          B(21cm)          0.00E+00
   <a>:3.22E-03  erdeFe0.0E+00  Tcompt6.78E-01  Tthr2.32E+07  <Tden>: 6.79E+03  <dens>:2.27E-16  <MolWgt>1.04E+00
     Mean Jeans  l(cm)3.06E+17  M(sun)1.71E+03  smallest:     len(cm):2.34E+17  M(sun):7.61E+02  a_ox tran:  0.00
 Rion:1.000E+30  Dist:0.00E+00  Diam:0.000E+00
 Hatom level 70  HatomType: add  HInducImp  F  He tot level: 63  He2 level:   70  ExecTime   464.9
 ConvrgError(%)  <eden>  0.248  MaxEden  0.861  <H-C>   0.16  Max(H-C)    0.49  <Press>   0.000  MaxPrs er  0.000
  Continuity(%)  chng Te   1.7  elec den   4.9  n(H2)    0.0  n(CO)        0.0

                                                        Averaged Quantities
             Te      Te(Ne)   Te(NeNp)  Te(NeHe+)Te(NeHe2+) Te(NeO+)  Te(NeO2+)  Te(H2)     N(H)     Ne(O2+)   Ne(Np)
 Radius:  6.79e+03  8.15e+03  8.27e+03  8.26e+03  8.22e+03  8.27e+03  8.30e+03  4.75e+03  1.00e+08  8.90e+07  7.25e+07

 Contin Optical Depths: COMP: 2.94e-06    H-: 1.77e-05 R(1300): 6.70e-05  H2+: 3.24e-07  Pfa:2.95E-06
                          Pa: 2.94e-06    Ba: 1.90e-05      Hb: 1.54e-05   La: 1.44e-01     1r:6.316E+01  1.8:1.99E+01 4.:3.346E+00

 Old, new H  1 continuum optical depths:
     1 6.34e+01     2 9.30e-06     3 1.78e-05     4 1.78e-05     5 1.78e-05     6 4.43e-06     7 4.43e-06     8 4.43e-06
     9 4.43e-06    10 7.22e-10    11 7.22e-10    12 7.22e-10    13 7.22e-10    14 7.22e-10    15 1.67e-09    16 1.67e-09
    17 1.67e-09    18 1.67e-09    19 1.67e-09    20 1.67e-09    21 3.41e-09    22 3.41e-09    23 3.41e-09    24 3.41e-09
    25 3.41e-09    26 3.41e-09    27 3.41e-09    28 6.23e-09    29 6.23e-09    30 6.23e-09    31 6.23e-09    32 6.23e-09
    33 6.23e-09    34 6.23e-09    35 6.23e-09    36 1.07e-08    37 1.07e-08    38 1.07e-08    39 1.07e-08    40 1.07e-08
    41 1.07e-08    42 1.07e-08    43 1.07e-08    44 1.07e-08    45 1.73e-08    46 1.73e-08    47 1.73e-08    48 1.73e-08
    49 1.73e-08    50 1.73e-08    51 1.73e-08    52 1.73e-08    53 1.73e-08    54 1.73e-08
     1 6.32e+01     2 9.29e-06     3 1.78e-05     4 1.78e-05     5 1.78e-05     6 4.42e-06     7 4.42e-06     8 4.42e-06
     9 4.42e-06    10 7.22e-10    11 7.22e-10    12 7.22e-10    13 7.22e-10    14 7.22e-10    15 1.67e-09    16 1.67e-09
    17 1.67e-09    18 1.67e-09    19 1.67e-09    20 1.67e-09    21 3.41e-09    22 3.41e-09    23 3.41e-09    24 3.41e-09
    25 3.41e-09    26 3.41e-09    27 3.41e-09    28 6.23e-09    29 6.23e-09    30 6.23e-09    31 6.23e-09    32 6.23e-09
    33 6.23e-09    34 6.23e-09    35 6.23e-09    36 1.07e-08    37 1.07e-08    38 1.07e-08    39 1.07e-08    40 1.07e-08
    41 1.07e-08    42 1.07e-08    43 1.07e-08    44 1.07e-08    45 1.73e-08    46 1.73e-08    47 1.73e-08    48 1.73e-08
    49 1.73e-08    50 1.73e-08    51 1.73e-08    52 1.73e-08    53 1.73e-08    54 1.73e-08

 Old, new H  1 mean line optical depths:
  2- 1 1.35e+06  3- 2 1.73e-02  4- 3 1.96e-06  5- 4 1.49e-06  6- 5 1.14e-06  7- 6 1.50e-07  8- 7 2.03e-07
  9- 8 5.55e-08 10- 9 3.00e-08
  2- 1 1.35e+06  3- 2 1.74e-02  4- 3 1.95e-06  5- 4 1.48e-06  6- 5 1.14e-06  7- 6 1.50e-07  8- 7 2.03e-07
  9- 8 5.52e-08 10- 9 2.97e-08

 Old, new He 2 continuum optical depths:
     1 3.35e+00     2 6.26e+01     3 1.44e-05     4 1.44e-05     5 1.44e-05     6 9.30e-06     7 9.30e-06     8 9.30e-06
     9 9.30e-06    10 1.44e-05    11 1.44e-05    12 1.44e-05    13 1.44e-05    14 1.44e-05    15 1.78e-05    16 1.78e-05
    17 1.78e-05    18 1.78e-05    19 1.78e-05    20 1.78e-05    21 1.50e-05    22 1.50e-05    23 1.50e-05    24 1.50e-05
    25 1.50e-05    26 1.50e-05    27 1.50e-05    28 4.43e-06    29 4.43e-06    30 4.43e-06    31 4.43e-06    32 4.43e-06
    33 4.43e-06    34 4.43e-06    35 4.43e-06    36 4.12e-10    37 4.12e-10    38 4.12e-10    39 4.12e-10    40 4.12e-10
    41 4.12e-10    42 4.12e-10    43 4.12e-10    44 4.12e-10    45 7.22e-10    46 7.22e-10    47 7.22e-10    48 7.22e-10
    49 7.22e-10    50 7.22e-10    51 7.22e-10    52 7.22e-10    53 7.22e-10    54 7.22e-10
     1 3.35e+00     2 6.24e+01     3 1.44e-05     4 1.44e-05     5 1.44e-05     6 9.29e-06     7 9.29e-06     8 9.29e-06
     9 9.29e-06    10 1.44e-05    11 1.44e-05    12 1.44e-05    13 1.44e-05    14 1.44e-05    15 1.78e-05    16 1.78e-05
    17 1.78e-05    18 1.78e-05    19 1.78e-05    20 1.78e-05    21 1.50e-05    22 1.50e-05    23 1.50e-05    24 1.50e-05
    25 1.50e-05    26 1.50e-05    27 1.50e-05    28 4.42e-06    29 4.42e-06    30 4.42e-06    31 4.42e-06    32 4.42e-06
    33 4.42e-06    34 4.42e-06    35 4.42e-06    36 4.12e-10    37 4.12e-10    38 4.12e-10    39 4.12e-10    40 4.12e-10
    41 4.12e-10    42 4.12e-10    43 4.12e-10    44 4.12e-10    45 7.22e-10    46 7.22e-10    47 7.22e-10    48 7.22e-10
    49 7.22e-10    50 7.22e-10    51 7.22e-10    52 7.22e-10    53 7.22e-10    54 7.22e-10

 Old, new He 2 mean line optical depths:
  2- 1 1.23e+04  3- 2 3.32e-11  4- 3 8.67e-15  5- 4 3.06e-15  6- 5 1.69e-16  7- 6 3.98e-17  8- 7 5.51e-17
  9- 8 8.12e-17 10- 9 4.06e-17
  2- 1 1.23e+04  3- 2 3.32e-11  4- 3 8.67e-15  5- 4 3.06e-15  6- 5 1.69e-16  7- 6 3.98e-17  8- 7 5.51e-17
  9- 8 8.12e-17 10- 9 4.06e-17

 Old He Is optical depths:    1 2.00e+01    2 1.85e-05    3 8.06e-06    4 8.63e-06    5 8.63e-06
 New He Is optical depths:    1 1.99e+01    2 1.85e-05    3 8.06e-06    4 8.62e-06    5 8.62e-06
          Old He Is Lines:  584 8.37e+04 3889 2.57e-01 5016 1.56e-02 5876 1.19e-05
          New He Is Lines:  584 8.34e+04 3889 2.57e-01 5016 1.56e-02 5876 1.20e-05

==== H      compounds ====           Log10 column densities [cm^-2}
   H2        : 11.743   H2*       : 11.928   H2+       : 10.665   H3+       :  5.274
==== He     compounds ====
   HeH+      : 11.442
==== Li     compounds ====
   LiH       : -1.253   LiH+      : -1.118
==== C      compounds ====
   CH        :  5.978   CH+       :  7.661   CH2       : -0.519   CH2+      :  1.240   CH3       : -6.711   CH3+      : -5.429   CH4       :-12.930   CH4+      :-14.777
   CH5+      :-18.738   C2        : -0.240   C2+       :  1.925   C2H       : -6.611   C2H+      : -4.483   C2H2      :-14.232   C2H2+     :-10.103   C2H3+     :-16.410
   C3        :-16.035   C3+       :-10.099   C3H       :-20.742   C3H+      :-16.218
==== N      compounds ====
   NH        :  8.458   NH+       :  7.959   NH2       :  1.278   NH2+      :  1.271   NH3       : -5.057   NH3+      : -5.816   NH4+      :-14.978   CN        :  5.268
   CN+       :  4.681   HCN       : -0.736   HCN+      : -1.361   HNC       : -7.041   HCNH+     : -8.105   HC3N      :-35.930   N2        :  5.573   N2+       :  4.481
   N2H+      : -7.165
==== O      compounds ====
   OH        :  9.443   OH+       :  8.866   H2O       :  2.926   H2O+      :  2.253   H3O+      : -4.537   CO        :  8.108   CO+       :  5.862   HCO+      :  1.597
   H2CO      :-35.930   CH3OH     :-35.930   ^13CO     :  6.631   NO        :  5.491   NO+       :  4.539   HNO       : -1.043   HNO+      : -2.224   OCN       : -2.810
   OCN+      : -2.761   N2O       : -4.255   O2        :  5.340   O2+       :  5.968   NO2       : -5.245   NO2+      : -4.721
==== Ne     compounds ====
   NeH+      :  7.411
==== Si     compounds ====
   SiH       : -0.921   SiH2+     : -1.303   SiC2      :-35.930   SiN       : -4.187   SiN+      :  4.158   SiO       :  2.357   SiO+      :  5.090   SiOH+     : -1.661
==== S      compounds ====
   HS        :  3.311   HS+       :  5.240   CS        : -3.217   CS+       :  0.865   HCS+      : -5.044   NS        : -0.066   NS+       :  3.569   SO        :  0.404
   SO+       :  4.680   OCS       : -9.570   OCS+      :-10.272   SO2       :-35.930   S2        : -8.970   S2+       :-10.222
==== Cl     compounds ====
   HCl       : -1.728   HCl+      :  5.431   H2Cl+     : -1.004   CCl       :-23.113   CCl+      : -4.967   H2CCl+    :-25.013   ClO       :-26.638   ClO+      :-29.722
==== Ar     compounds ====
   ArH+      :  8.645
==== Ti     compounds ====
   TiH       :-35.930   TiH+      :-35.930   TiH2      :-35.930   TiH2+     :-35.930   TiC       :-35.930   TiC+      :-35.930   HCTi      :-35.930   HCTi+     :-35.930
   TiC2      :-35.930   TiC2+     :-35.930   TiN       :-35.930   TiN+      :-35.930   HNTi      :-35.930   HNTi+     :-35.930   TiNC      :-35.930   TiNC+     :-35.930
   TiO       :-35.930   TiO+      :-35.930   TiOH+     :-35.930   TiO2      :-35.930   TiF+      :-35.930   TiS       :-35.930   TiS+      :-35.930   HTiS      :-35.930


               1      2      3      4      5      6      7      8      9     10     11     12     13     14     15     16     17

 Hydrogen   19.000 18.624 12.146 (H2)                Log10 Column density (cm^-2)
 Helium     17.998 17.327  6.581
 Lithium     5.863  8.200-30.000-30.000
 Beryllium   7.462  8.477  7.084-30.000-30.000
 Boron       7.460  9.849  7.411  3.838-30.000-30.000
 Carbon     13.325 15.574 13.683-30.000-30.000-30.000-30.000
 Nitrogen   14.755 14.592 11.403-30.000-30.000-30.000-30.000-30.000
 Oxygen     15.702 15.283 12.018-30.000-30.000-30.000-30.000-30.000-30.000
 Fluorine   11.454 11.358  9.486-30.000-30.000-30.000-30.000-30.000-30.000-30.000
 Neon       14.857 14.688 12.134-30.000-30.000-30.000-30.000-30.000-30.000-30.000-30.000
 Sodium     11.185 13.390 10.155-30.000-30.000-30.000-30.000-30.000-30.000-30.000-30.000-30.000
 Magnesium  12.932 14.736 13.098-30.000-30.000-30.000-30.000-30.000-30.000-30.000-30.000-30.000-30.000
 Aluminium   9.971 13.601 11.143  8.282-30.000-30.000-30.000-30.000-30.000-30.000-30.000-30.000-30.000-30.000
 Silicon    11.599 14.657 12.765  8.406-30.000-30.000-30.000-30.000-30.000-30.000-30.000-30.000-30.000-30.000-30.000
 Phosphorus  9.432 12.557 10.644  6.693-30.000-30.000-30.000-30.000-30.000-30.000-30.000-30.000-30.000-30.000-30.000-30.000
 Sulphur    11.535 14.254 12.891  7.747-30.000-30.000-30.000-30.000-30.000-30.000-30.000-30.000-30.000-30.000-30.000-30.000-30.000
 Chlorine    9.552 12.641 11.052-30.000-30.000-30.000-30.000-30.000-30.000-30.000-30.000-30.000-30.000-30.000-30.000-30.000-30.000
-30.000
 Argon      13.253 13.130 12.630-30.000-30.000-30.000-30.000-30.000-30.000-30.000-30.000-30.000-30.000-30.000-30.000-30.000-30.000
-30.000-30.000
 Potassium   9.256 12.177 10.107-30.000-30.000-30.000-30.000-30.000-30.000-30.000-30.000-30.000-30.000-30.000-30.000-30.000-30.000
-30.000-30.000-30.000
 Calcium    10.658 12.967 13.338-30.000-30.000-30.000-30.000-30.000-30.000-30.000-30.000-30.000-30.000-30.000-30.000-30.000-30.000
-30.000-30.000-30.000-30.000
 Scandium    7.293  9.885 10.087  8.074-30.000-30.000-30.000-30.000-30.000-30.000-30.000-30.000-30.000-30.000-30.000-30.000-30.000
-30.000-30.000-30.000-30.000-30.000
 Titanium    8.066 12.052 11.142  8.193-30.000-30.000-30.000-30.000-30.000-30.000-30.000-30.000-30.000-30.000-30.000-30.000-30.000
-30.000-30.000-30.000-30.000-30.000-30.000
 Vanadium    8.745 11.005 10.281  6.560-30.000-30.000-30.000-30.000-30.000-30.000-30.000-30.000-30.000-30.000-30.000-30.000-30.000
-30.000-30.000-30.000-30.000-30.000-30.000-30.000
 Chromium    9.893 12.733 11.896  7.852-30.000-30.000-30.000-30.000-30.000-30.000-30.000-30.000-30.000-30.000-30.000-30.000-30.000
-30.000-30.000-30.000-30.000-30.000-30.000-30.000-30.000
 Manganese   8.679 12.537 11.574  7.361-30.000-30.000-30.000-30.000-30.000-30.000-30.000-30.000-30.000-30.000-30.000-30.000-30.000
-30.000-30.000-30.000-30.000-30.000-30.000-30.000-30.000-30.000
 Iron       10.487 14.627 13.399  9.945-30.000-30.000-30.000-30.000-30.000-30.000-30.000-30.000-30.000-30.000-30.000-30.000-30.000
-30.000-30.000-30.000-30.000-30.000-30.000-30.000-30.000-30.000-30.000
 Cobalt     10.659 12.126  9.578  6.018-30.000-30.000-30.000-30.000-30.000-30.000-30.000-30.000-30.000-30.000-30.000-30.000-30.000
-30.000-30.000-30.000-30.000-30.000-30.000-30.000-30.000-30.000-30.000-30.000
 Nickel      9.736 13.371 10.660  6.440-30.000-30.000-30.000-30.000-30.000-30.000-30.000-30.000-30.000-30.000-30.000-30.000-30.000
-30.000-30.000-30.000-30.000-30.000-30.000-30.000-30.000-30.000-30.000-30.000-30.000
 Copper      9.194 11.291 10.367  5.901-30.000-30.000-30.000-30.000-30.000-30.000-30.000-30.000-30.000-30.000-30.000-30.000-30.000
-30.000-30.000-30.000-30.000-30.000-30.000-30.000-30.000-30.000-30.000-30.000-30.000-30.000
 Zinc       10.352 11.657 10.594  7.600-30.000-30.000-30.000-30.000-30.000-30.000-30.000-30.000-30.000-30.000-30.000-30.000-30.000
-30.000-30.000-30.000-30.000-30.000-30.000-30.000-30.000-30.000-30.000-30.000-30.000-30.000-30.000
 Exc state    He1* 12.345   CII* 15.396   C11* 12.373   C12* 12.849   C13* 13.068   O11* 15.455   O12* 15.216   O13* 14.732
              Si2* 14.471   C30*  8.901   C31*  8.554   C32*  9.685


 Hydrogen   -0.153 -0.528 -6.705 (H2)                 Log10 Mean Ionisation (over radius)
 Helium     -0.084 -0.755-11.501
 Lithium    -2.338 -0.002
 Beryllium  -1.071 -0.056 -1.449
 Boron      -2.392 -0.003 -2.441 -6.014
 Carbon     -2.257 -0.008 -1.899
 Nitrogen   -0.227 -0.390 -3.579
 Oxygen     -0.140 -0.559 -3.825
 Fluorine   -0.258 -0.354 -2.226
 Neon       -0.225 -0.394 -2.948
 Sodium     -2.208 -0.003 -3.237
 Magnesium  -1.820 -0.017 -1.654
 Aluminium  -3.631 -0.002 -2.460 -5.321
 Silicon    -3.064 -0.006 -1.898 -6.257
 Phosphorus -3.130 -0.006 -1.918 -5.870
 Sulphur    -2.738 -0.019 -1.382 -6.526
 Chlorine   -3.100 -0.011 -1.600
 Argon      -0.299 -0.422 -0.922
 Potassium  -2.926 -0.004 -2.075
 Calcium    -2.835 -0.526 -0.154
 Scandium   -3.009 -0.417 -0.215 -2.228
 Titanium   -4.037 -0.051 -0.960 -3.910
 Vanadium   -2.337 -0.077 -0.802 -4.523
 Chromium   -2.899 -0.060 -0.896 -4.941
 Manganese  -3.903 -0.045 -1.008 -5.221
 Iron       -4.165 -0.025 -1.253 -4.707
 Cobalt     -1.483 -0.016 -2.564 -6.125
 Nickel     -3.637 -0.001 -2.713 -6.933
 Copper     -2.149 -0.052 -0.975 -5.441
 Zinc       -1.360 -0.055 -1.119 -4.113

               1      2      3      4      5      6      7      8      9     10     11     12     13     14     15     16     17

 Hydrogen   -0.508 -0.162 -8.146 (H2)         Log10 Mean Ionisation (over radius*electron density)
 Helium     -0.203 -0.428-11.284
 Lithium    -2.041 -0.004
 Beryllium  -0.722 -0.140 -1.069
 Boron      -2.039 -0.008 -1.998 -5.553
 Carbon     -1.922 -0.019 -1.509
 Nitrogen   -0.651 -0.110 -3.126
 Oxygen     -0.462 -0.184 -3.369
 Fluorine   -0.703 -0.102 -1.935
 Neon       -0.530 -0.153 -2.793
 Sodium     -2.437 -0.002 -3.422
 Magnesium  -1.623 -0.036 -1.258
 Aluminium  -3.478 -0.004 -2.095 -4.901
 Silicon    -2.766 -0.016 -1.461 -5.787
 Phosphorus -2.957 -0.014 -1.509 -5.409
 Sulphur    -2.406 -0.046 -1.018 -6.055
 Chlorine   -2.945 -0.026 -1.241
 Argon      -1.011 -0.205 -0.554
 Potassium  -3.143 -0.007 -1.846
 Calcium    -2.466 -0.257 -0.353
 Scandium   -2.754 -0.344 -0.277 -1.789
 Titanium   -4.190 -0.105 -0.667 -3.446
 Vanadium   -2.165 -0.216 -0.415 -4.060
 Chromium   -2.622 -0.180 -0.473 -4.477
 Manganese  -4.161 -0.132 -0.582 -4.757
 Iron       -4.310 -0.071 -0.820 -4.242
 Cobalt     -1.199 -0.032 -2.109 -5.653
 Nickel     -3.740 -0.002 -2.257 -6.456
 Copper     -1.861 -0.155 -0.542 -4.976
 Zinc       -1.057 -0.112 -0.858 -3.751

               1      2      3      4      5      6      7      8      9     10     11     12     13     14     15     16     17

 Hydrogen    3.794  3.912  3.677 (H2)                  Log10 Mean Temperature (over radius)
 Helium      3.815  3.904  3.883
 Lithium     3.900  3.832
 Beryllium   3.911  3.820  3.912
 Boron       3.909  3.831  3.918  3.919
 Carbon      3.907  3.831  3.913
 Nitrogen    3.783  3.895  3.919
 Oxygen      3.797  3.912  3.919
 Fluorine    3.775  3.893  3.900
 Neon        3.788  3.890  3.877
 Sodium      3.809  3.832  3.812
 Magnesium   3.886  3.829  3.913
 Aluminium   3.872  3.832  3.909  3.917
 Silicon     3.900  3.831  3.918  3.919
 Phosphorus  3.877  3.831  3.916  3.919
 Sulphur     3.907  3.828  3.911  3.919
 Chlorine    3.874  3.830  3.908
 Argon       3.756  3.893  3.912
 Potassium   3.811  3.832  3.886
 Calcium     3.913  3.896  3.802
 Scandium    3.902  3.867  3.808  3.917
 Titanium    3.810  3.826  3.876  3.919
 Vanadium    3.885  3.815  3.913  3.919
 Chromium    3.900  3.818  3.917  3.919
 Manganese   3.789  3.822  3.917  3.919
 Iron        3.808  3.826  3.918  3.919
 Cobalt      3.900  3.829  3.919  3.920
 Nickel      3.811  3.832  3.919  3.920
 Copper      3.903  3.820  3.918  3.919
 Zinc        3.902  3.823  3.890  3.907

               1      2      3      4      5      6      7      8      9     10     11     12     13     14     15     16     17

 Hydrogen    3.896  3.918  3.725 (H2)          Log10 Mean Temperature (over radius*electron density)
 Helium      3.908  3.917  3.915
 Lithium     3.916  3.911
 Beryllium   3.917  3.909  3.918
 Boron       3.917  3.911  3.919  3.919
 Carbon      3.917  3.911  3.918
 Nitrogen    3.893  3.916  3.919
 Oxygen      3.898  3.918  3.919
 Fluorine    3.893  3.915  3.916
 Neon        3.901  3.915  3.913
 Sodium      3.902  3.911  3.904
 Magnesium   3.914  3.911  3.918
 Aluminium   3.914  3.911  3.918  3.919
 Silicon     3.917  3.911  3.919  3.919
 Phosphorus  3.914  3.911  3.918  3.919
 Sulphur     3.917  3.910  3.917  3.919
 Chlorine    3.914  3.911  3.917
 Argon       3.869  3.914  3.918
 Potassium   3.903  3.911  3.915
 Calcium     3.918  3.916  3.905
 Scandium    3.915  3.911  3.911  3.919
 Titanium    3.907  3.909  3.917  3.919
 Vanadium    3.914  3.907  3.918  3.919
 Chromium    3.916  3.907  3.918  3.919
 Manganese   3.904  3.908  3.918  3.919
 Iron        3.907  3.910  3.919  3.919
 Cobalt      3.916  3.911  3.919  3.920
 Nickel      3.909  3.911  3.919  3.921
 Copper      3.916  3.908  3.918  3.919
 Zinc        3.917  3.910  3.916  3.918

               1      2      3      4      5      6      7      8      9     10     11     12     13     14     15     16     17
                                                                          

---------------Convergence statistics---------------
      1.56 mean iterations/state convergence
      2.94 mean cx acceleration loops/iteration
      1.05 mean iso convergence loops/ion solve
         1 mean steps/chemistry solve
         1 mean step length searches/chemistry step
----------------------------------------------------

 Cloudy ends: 146 zones, 3 iterations.  ExecTime(s) 464.88
 [Stop in cdMain at ../maincl.cpp:483, Cloudy exited OK]
 ************************************************** GRID_DELIMIT -- grid000000086
