                                                          Cloudy 13.03
                                                         www.nublado.org

                       **************************************13Feb20**************************************
                       *                                                                                 *
                       * c                                                                               *
                       * phi(h) 17.000000 LOG range -0.000232 6.866524                                   *
                       * grid from 8 to 23 in 1 dex steps                                                *
                       * HDEN=12.000000 LOG                                                              *
                       * grid from 0 to 12 in 1 dex steps                                                *
                       * set pres ionize 1e5                                                             *
                       * c                                                                               *
                       * c                                                                               *
                       * table star "Rotation_inst.mod" age 6.78                                         *
                       * c<< Rotation_ins model    4 read.       Age =    6010000.00                 >>> *
                       * c<< Rotation_ins model    5 read.       Age =    8010000.00                 >>> *
                       * c<< FINAL:     Age =    6025595.86                                          >>> *
                       * c                                                                               *
                       * c                                                                               *
                       * abundances GASS10                                                               *
                       * c                                                                               *
                       * c                                                                               *
                       * iterate to convergence max = 7                                                  *
                       * stop column density = 23                                                        *
                       * c                                                                               *
                       * c                                                                               *
                       * print last                                                                      *
                       * set save prefix "geneva_inst_rot_6"                                             *
                       * save grid ".grd" last no hash                                                   *
                       * save linelist "emissionlines_abs.txt" "LineList_HII.dat" absolute last no hash    *
                       *                                                                                 *
                       ***********************************************************************************



           !The plasma frequency is 2.99e-06 Ryd.  The incident continuum is set to 0 below this.
           3972CellPeak1.00E+00   Lo 1.00e-08=910.79cm   Hi-Con:4.21E+00 Ryd   E(hi):7.35E+06Ryd     E(hi):     100.01 MeV
           I(nu>1ryd):   6.4624   Average nu:1.330E+00   I( X-ray):   0.0000   I(BalC):   7.1389     Phi(BalmrC):  18.0435
           phi(1.0-1.8):16.9574   phi(1.8-4.0): 15.970   phi(4.0-20):  6.363   phi(20--):  0.000     Ion pht flx:1.000E+17
           I(gam ray):   0.0000   phi(gam r):   0.0000   I(Infred):   6.2347   Alf(ox):   0.0000     Total inten:   7.2645
           U(1.0----):3.336E-06   U(4.0----):7.703E-17   T(En-Den):5.336E+02   T(Comp):2.842E+04     nuJnu(912A):1.206E+07
           Occ(FarIR):0.000E+00   Occ(H n=6):2.886E-06   Occ(1Ryd):5.543E-10   Occ(4R):1.859E-21     Occ (Nu-hi):1.724E-22
           Tbr(FarIR):0.000E+00   Tbr(H n=6):1.265E-02   Tbr(1Ryd):8.762E-05   Tbr(4R):1.175E-15     Tbr (Nu-hi):1.143E-16
  
                                                  Gas Phase Chemical Composition
        H :  0.0000  He: -1.0701  Li:-10.9508  Be:-10.6198  B : -9.3002  C : -3.5702  N : -4.1701  O : -3.3098  F : -7.4401
        Ne: -4.0701  Na: -5.7595  Mg: -4.4001  Al: -5.5498  Si: -4.4895  P : -6.5901  S : -4.8794  Cl: -6.5003  Ar: -5.6003
        K : -6.9706  Ca: -5.6596  Sc: -8.8508  Ti: -7.0501  V : -8.0701  Cr: -6.3595  Mn: -6.5702  Fe: -4.5003  Co: -7.0101
                                               Ni: -5.7799  Cu: -7.8097  Zn: -7.4401
 
 ####  1  Te:7.810E+03 Hden:1.000E+12 Ne:5.671E+11 R:1.000E+30 R-R0:2.951E+01 dR:5.903E+01 NTR: 38 Htot:7.010E-01 T912: 1.65e-04###
 Hydrogen      4.43e-01 5.57e-01 H+o/Hden 1.00e+00 2.09e-08 H-    H2 1.63e-10 2.93e-09 H2+ HeH+ 6.81e-09 Ho+ ColD 2.62e+13 3.29e+13
 Helium        8.90e-01 1.10e-01 7.86e-13 HeI 2s3S 2.33e-06 Comp H,C 1.33e-10 3.65e-11 Fill Fac 1.00e+00 Gam1/tot 1.00e+00
 He singlet n  8.90e-01 6.22e-08 1.57e-10 2.77e-11 6.61e-11 7.70e-11 He tripl 2.33e-06 2.83e-08 8.53e-11 2.70e-10 1.59e-10
 Pressure      NgasTgas 1.29e+16 P(total) 1.78e+00 P( gas ) 1.78e+00 P(Radtn) 0.00e+00 Rad accl 4.55e+02 ForceMul 4.47e+06
 Texc(La)      6.04e+03 T(I con) 5.34e+02 T(D con) 2.21e+01 T(U tot) 5.34e+02 nT (c+d) 1.34e+08 Prad/Gas 0.00e+00 Pmag/Gas 0.00e+00
 Molecules     CH/Ctot: 2.61e-09 CH+/Ctot 4.66e-10 CO/Ctot: 2.21e-10 CO+/Ctot 2.76e-13 H2O/Otot 4.07e-18 OH/Ototl 7.55e-09
 Lithium       5.27e-02 9.47e-01 0.00e+00 0.00e+00 Berylliu 6.55e-01 3.40e-01 4.40e-03 0.00e+00 0.00e+00 sec ion: 0.00e+00
 Boron         1.04e-01 8.95e-01 1.11e-03 0.00e+00 0.00e+00 0.00e+00
 Carbon        1.21e-01 8.73e-01 5.24e-03 0.00e+00 0.00e+00 0.00e+00 0.00e+00 H2O+/O   8.16e-19 OH+/Otot 2.68e-09 Hex(tot) 0.00e+00
 Nitrogen      4.00e-01 6.00e-01 3.45e-05 0.00e+00 0.00e+00 0.00e+00 0.00e+00 0.00e+00 O2/Ototl 8.94e-13 O2+/Otot 1.88e-13
 Oxygen        4.99e-01 5.01e-01 1.74e-05 0.00e+00 0.00e+00 0.00e+00 0.00e+00 0.00e+00 0.00e+00
 Fluorine      5.67e-01 4.32e-01 8.16e-04 0.00e+00 0.00e+00 0.00e+00 0.00e+00 0.00e+00 0.00e+00 0.00e+00
 Neon          7.59e-01 2.41e-01 4.05e-05 0.00e+00 0.00e+00 0.00e+00 0.00e+00 0.00e+00 0.00e+00 0.00e+00 0.00e+00
 Sodium        1.48e-02 9.85e-01 2.12e-05 0.00e+00 0.00e+00 0.00e+00 0.00e+00 0.00e+00 0.00e+00 0.00e+00 0.00e+00 0.00e+00
 Magnesium     2.58e-02 9.67e-01 6.75e-03 0.00e+00 0.00e+00 0.00e+00 0.00e+00 0.00e+00 0.00e+00 0.00e+00 0.00e+00 0.00e+00 0.00e+00
 Aluminium  0  4.65e-04 9.98e-01 1.36e-03 0.00e+00 0.00e+00 0.00e+00 0.00e+00 0.00e+00 0.00e+00 0.00e+00 0.00e+00 0.00e+00 0.00e+00
 Silicon    0  8.64e-03 9.83e-01 8.50e-03 0.00e+00 0.00e+00 0.00e+00 0.00e+00 0.00e+00 0.00e+00 0.00e+00 0.00e+00 0.00e+00 0.00e+00
 Phosphorus 0  1.65e-03 9.93e-01 5.48e-03 0.00e+00 0.00e+00 0.00e+00 0.00e+00 0.00e+00 0.00e+00 0.00e+00 0.00e+00 0.00e+00 0.00e+00
 Sulphur    0  4.43e-02 9.44e-01 1.22e-02 0.00e+00 0.00e+00 0.00e+00 0.00e+00 0.00e+00 0.00e+00 0.00e+00 0.00e+00 0.00e+00 0.00e+00
 Chlorine   0  1.72e-03 9.91e-01 6.98e-03 0.00e+00 0.00e+00 0.00e+00 0.00e+00 0.00e+00 0.00e+00 0.00e+00 0.00e+00 0.00e+00 0.00e+00
 Argon      0  2.05e-01 7.34e-01 6.14e-02 0.00e+00 0.00e+00 0.00e+00 0.00e+00 0.00e+00 0.00e+00 0.00e+00 0.00e+00 0.00e+00 0.00e+00
 Potassium  0  3.17e-03 9.95e-01 1.67e-03 0.00e+00 0.00e+00 0.00e+00 0.00e+00 0.00e+00 0.00e+00 0.00e+00 0.00e+00 0.00e+00 0.00e+00
 Calcium    0  5.43e-02 9.17e-01 2.91e-02 0.00e+00 0.00e+00 0.00e+00 0.00e+00 0.00e+00 0.00e+00 0.00e+00 0.00e+00 0.00e+00 0.00e+00
 Scandium   0  3.03e-02 8.62e-01 1.08e-01 2.45e-04 0.00e+00 0.00e+00 0.00e+00 0.00e+00 0.00e+00 0.00e+00 0.00e+00 0.00e+00 0.00e+00
 Titanium   0  2.09e-04 9.40e-01 5.99e-02 4.87e-06 0.00e+00 0.00e+00 0.00e+00 0.00e+00 0.00e+00 0.00e+00 0.00e+00 0.00e+00 0.00e+00
 Vanadium   0  7.54e-02 7.95e-01 1.29e-01 1.42e-06 0.00e+00 0.00e+00 0.00e+00 0.00e+00 0.00e+00 0.00e+00 0.00e+00 0.00e+00 0.00e+00
 Chromium   0  5.05e-02 8.30e-01 1.19e-01 0.00e+00 0.00e+00 0.00e+00 0.00e+00 0.00e+00 0.00e+00 0.00e+00 0.00e+00 0.00e+00 0.00e+00
 Manganese  0  2.09e-04 9.08e-01 9.17e-02 0.00e+00 0.00e+00 0.00e+00 0.00e+00 0.00e+00 0.00e+00 0.00e+00 0.00e+00 0.00e+00 0.00e+00
 Iron       0  1.24e-04 9.56e-01 4.36e-02 0.00e+00 0.00e+00 0.00e+00 0.00e+00 0.00e+00 0.00e+00 0.00e+00 0.00e+00 0.00e+00 0.00e+00
 Cobalt     0  3.83e-01 6.16e-01 4.31e-04 0.00e+00 0.00e+00 0.00e+00 0.00e+00 0.00e+00 0.00e+00 0.00e+00 0.00e+00 0.00e+00 0.00e+00
 Nickel     0  3.18e-04 9.99e-01 3.54e-04 0.00e+00 0.00e+00 0.00e+00 0.00e+00 0.00e+00 0.00e+00 0.00e+00 0.00e+00 0.00e+00 0.00e+00
 Copper     0  1.91e-01 7.82e-01 2.78e-02 0.00e+00 0.00e+00 0.00e+00 0.00e+00 0.00e+00 0.00e+00 0.00e+00 0.00e+00 0.00e+00 0.00e+00
 Zinc       0  5.67e-01 4.27e-01 5.61e-03 0.00e+00 0.00e+00 0.00e+00 0.00e+00 0.00e+00 0.00e+00 0.00e+00 0.00e+00 0.00e+00 0.00e+00
 ####332  Te:3.883E+03 Hden:1.000E+12 Ne:8.479E+08 R:1.000E+30 R-R0:3.378E+10 dR:2.031E+08 NTR: 97 Htot:4.526E-06 T912: 2.14e+05###
 Hydrogen      9.99e-01 4.46e-04 H+o/Hden 1.00e+00 1.64e-09 H-    H2 4.08e-05 8.35e-11 H2+ HeH+ 3.75e-12 Ho+ ColD 3.38e+22 6.55e+19
 Helium        1.00e+00 3.71e-21 0.00e+00 HeI 2s3S 1.48e-24 Comp H,C 9.91e-14 2.00e-14 Fill Fac 1.00e+00 Gam1/tot 1.00e+00
 He singlet n  1.00e+00 9.61e-26 2.84e-29 4.69e-33 6.21e-32 3.15e-33 He tripl 1.48e-24 5.44e-30 1.31e-32 1.55e-31 8.58e-33
 Pressure      NgasTgas 4.22e+15 P(total) 5.83e-01 P( gas ) 5.83e-01 P(Radtn) 2.44e-05 Rad accl 6.03e-04 ForceMul 4.95e+03
 Texc(La)      5.67e+03 T(I con) 4.79e+02 T(D con) 2.88e+02 T(U tot) 4.94e+02 nT (c+d) 1.85e+08 Prad/Gas 4.19e-05 Pmag/Gas 0.00e+00
 Molecules     CH/Ctot: 1.23e-08 CH+/Ctot 1.60e-06 CO/Ctot: 1.92e-04 CO+/Ctot 6.99e-08 H2O/Otot 7.74e-09 OH/Ototl 1.00e-04
 Lithium       9.25e-05 1.00e+00 0.00e+00 0.00e+00 Berylliu 1.22e-04 1.00e+00 0.00e+00 0.00e+00 0.00e+00 sec ion: 0.00e+00
 Boron         1.71e-05 1.00e+00 0.00e+00 0.00e+00 0.00e+00 0.00e+00
 Carbon        8.99e-04 9.99e-01 0.00e+00 0.00e+00 0.00e+00 0.00e+00 0.00e+00 H2O+/O   6.54e-09 OH+/Otot 1.29e-05 Hex(tot) 0.00e+00
 Nitrogen      9.99e-01 5.28e-04 0.00e+00 0.00e+00 0.00e+00 0.00e+00 0.00e+00 0.00e+00 O2/Ototl 1.68e-08 O2+/Otot 1.64e-07
 Oxygen        9.99e-01 3.47e-04 0.00e+00 0.00e+00 0.00e+00 0.00e+00 0.00e+00 0.00e+00 0.00e+00
 Fluorine      1.00e+00 2.33e-16 0.00e+00 0.00e+00 0.00e+00 0.00e+00 0.00e+00 0.00e+00 0.00e+00 0.00e+00
 Neon          1.00e+00 3.89e-22 0.00e+00 0.00e+00 0.00e+00 0.00e+00 0.00e+00 0.00e+00 0.00e+00 0.00e+00 0.00e+00
 Sodium        9.93e-04 9.99e-01 0.00e+00 0.00e+00 0.00e+00 0.00e+00 0.00e+00 0.00e+00 0.00e+00 0.00e+00 0.00e+00 0.00e+00
 Magnesium     3.57e-04 1.00e+00 6.12e-06 0.00e+00 0.00e+00 0.00e+00 0.00e+00 0.00e+00 0.00e+00 0.00e+00 0.00e+00 0.00e+00 0.00e+00
 Aluminium  0  2.36e-05 1.00e+00 7.87e-14 0.00e+00 0.00e+00 0.00e+00 0.00e+00 0.00e+00 0.00e+00 0.00e+00 0.00e+00 0.00e+00 0.00e+00
 Silicon    0  7.33e-06 1.00e+00 6.08e-08 0.00e+00 0.00e+00 0.00e+00 0.00e+00 0.00e+00 0.00e+00 0.00e+00 0.00e+00 0.00e+00 0.00e+00
 Phosphorus 0  4.23e-04 1.00e+00 0.00e+00 0.00e+00 0.00e+00 0.00e+00 0.00e+00 0.00e+00 0.00e+00 0.00e+00 0.00e+00 0.00e+00 0.00e+00
 Sulphur    0  2.73e-04 1.00e+00 0.00e+00 0.00e+00 0.00e+00 0.00e+00 0.00e+00 0.00e+00 0.00e+00 0.00e+00 0.00e+00 0.00e+00 0.00e+00
 Chlorine   0  1.40e-02 9.85e-01 0.00e+00 0.00e+00 0.00e+00 0.00e+00 0.00e+00 0.00e+00 0.00e+00 0.00e+00 0.00e+00 0.00e+00 0.00e+00
 Argon      0  1.00e+00 1.04e-08 0.00e+00 0.00e+00 0.00e+00 0.00e+00 0.00e+00 0.00e+00 0.00e+00 0.00e+00 0.00e+00 0.00e+00 0.00e+00
 Potassium  0  2.26e-04 1.00e+00 0.00e+00 0.00e+00 0.00e+00 0.00e+00 0.00e+00 0.00e+00 0.00e+00 0.00e+00 0.00e+00 0.00e+00 0.00e+00
 Calcium    0  5.12e-07 5.33e-03 9.95e-01 0.00e+00 0.00e+00 0.00e+00 0.00e+00 0.00e+00 0.00e+00 0.00e+00 0.00e+00 0.00e+00 0.00e+00
 Scandium   0  1.38e-05 4.89e-01 5.11e-01 0.00e+00 0.00e+00 0.00e+00 0.00e+00 0.00e+00 0.00e+00 0.00e+00 0.00e+00 0.00e+00 0.00e+00
 Titanium   0  1.40e-05 9.80e-01 2.05e-02 0.00e+00 0.00e+00 0.00e+00 0.00e+00 0.00e+00 0.00e+00 0.00e+00 0.00e+00 0.00e+00 0.00e+00
 Vanadium   0  2.68e-03 9.97e-01 3.99e-15 0.00e+00 0.00e+00 0.00e+00 0.00e+00 0.00e+00 0.00e+00 0.00e+00 0.00e+00 0.00e+00 0.00e+00
 Chromium   0  1.07e-05 1.00e+00 6.69e-07 0.00e+00 0.00e+00 0.00e+00 0.00e+00 0.00e+00 0.00e+00 0.00e+00 0.00e+00 0.00e+00 0.00e+00
 Manganese  0  3.74e-04 1.00e+00 1.72e-06 0.00e+00 0.00e+00 0.00e+00 0.00e+00 0.00e+00 0.00e+00 0.00e+00 0.00e+00 0.00e+00 0.00e+00
 Iron       0  4.18e-05 1.00e+00 3.58e-07 0.00e+00 0.00e+00 0.00e+00 0.00e+00 0.00e+00 0.00e+00 0.00e+00 0.00e+00 0.00e+00 0.00e+00
 Cobalt     0  5.20e-04 9.99e-01 9.26e-11 0.00e+00 0.00e+00 0.00e+00 0.00e+00 0.00e+00 0.00e+00 0.00e+00 0.00e+00 0.00e+00 0.00e+00
 Nickel     0  2.43e-04 1.00e+00 0.00e+00 0.00e+00 0.00e+00 0.00e+00 0.00e+00 0.00e+00 0.00e+00 0.00e+00 0.00e+00 0.00e+00 0.00e+00
 Copper     0  6.67e-04 9.99e-01 0.00e+00 0.00e+00 0.00e+00 0.00e+00 0.00e+00 0.00e+00 0.00e+00 0.00e+00 0.00e+00 0.00e+00 0.00e+00
 Zinc       0  1.82e-04 1.00e+00 6.11e-20 0.00e+00 0.00e+00 0.00e+00 0.00e+00 0.00e+00 0.00e+00 0.00e+00 0.00e+00 0.00e+00 0.00e+00
                                                                             
   Calculation stopped because lowest Te reached. Iteration 4 of 4
   The geometry is plane-parallel.
  !Thermal collisional ionization of H reached 84.80% of the local ionization rate.
  !The high electron density makes the Nussbaumer/Storey CNO recombination predictions unreliable.
  !H2 vib deexec heating reached 13.74% of the local heating.
  !Charge transfer ionization of H reached 2089138887287.2% of the local H ionization rate.
  !Charge transfer heating reached 6.01% of the local heating.
  !Photoionization of upper level of Mg II 2798 reached 100.0% of the total Mg+ photo rate.
  !Destruction of He 2TriS reached 41.7% of the total He0 dest rate at zone 327, 41.7% of that was photoionization.
  !The largest plasma frequency was 2.99e-06 Ryd = 3.05e+04 micron  The continuum is set to 0 below this.
  !The largest continuum brightness temperature was 6.489e+03K at 4.458e-05 Ryd.
  !AGE: Cloud age was not set.  Longest timescale was 1.64e+05 s = 1.90e+00 days.
  !The excitation temp of Lya exceeded the electron temp, largest value was 9.42e+03K (gas temp there was 8.06e+03K, zone  19)
  !Fe II destruction of Ly-a removed 37.7% of the line.
  !Mutual neutralization production of H-alpha was significant.
  !The CMB was not included.  This is added with the CMB command.
  !The electron density varied by 11.1% between two zones
   Continuum fluorescent production of H-beta was significant.
   The density is too low to l-mix the lowest He I collapsed level.  More resolved levels are needed for accurate line ratios.
   The largest continuum occupation number was 1.371e+04 at 2.997e-06 Ryd.
   The continuum occupation number fell below 1 at 5.241e+01 microns.
   Grains were not present but might survive in this environment (energy density temperature was 5.34e+02K)
   Photoionization of Ca+ 2D level by Ly-alpha reached   20.3% of the total rate out.
   G-bar cooling lines reached 3.98% of the local cooling.  Line=Ti 2 3365A
   Line absorption heating reached 2.54% of the local heating.
   Induced recombination was   6.7% of the total for H level 68
   Stimulated emission was  99.7% of the total for H transition 69 - 68
   The local H2 photodissociation heating rate reached 2.0% of the total heating.
   H- absorption heating was 25.6% of the total.
   The continuum optical depth at the lowest energy considered (1.004e-08 Ryd) was 1.068e+08.
   The optical depth to Rayleigh scattering at 1300A is 2.27e-01
   Optical depth to negative hydrogen ion is 1.63e-02
   Line radiation pressure capped by thermalization length.
   The local error in the electron density reached 1.0% at zone 140

                       *********************************> Cloudy 13.03 <**********************************
                       * c                                                                               *
                       * phi(h) 17.000000 LOG range -0.000232 6.866524                                   *
                       * grid from 8 to 23 in 1 dex steps                                                *
                       * HDEN=12.000000 LOG                                                              *
                       * grid from 0 to 12 in 1 dex steps                                                *
                       * set pres ionize 1e5                                                             *
                       * c                                                                               *
                       * c                                                                               *
                       * table star "Rotation_inst.mod" age 6.78                                         *
                       * c                                                                               *
                       * c                                                                               *
                       * abundances GASS10                                                               *
                       * c                                                                               *
                       * c                                                                               *
                       * iterate to convergence max = 7                                                  *
                       * stop column density = 23                                                        *
                       * c                                                                               *
                       * c                                                                               *
                       * print last                                                                      *
                       * set save prefix "geneva_inst_rot_6"                                             *
                       * save grid ".grd" last no hash                                                   *
                       * save linelist "emissionlines_abs.txt" "LineList_HII.dat" absolute last no hash    *
                       *********************************> Log(U): -5.48 <*********************************

                     Emission Line Spectrum.   Constant  Density Model.    Open geometry.  Iteration 4 of 4.
                                                     Intensity (erg/s/cm^2).


                                                   Intrinsic line intensities
 general properties..........      H  1 4.466m   3.244   0.0178      Ca B 1.094m   4.167   0.1491      O  2 833.8A   2.093   0.0013            
 TOTL  4861A   4.994   1.0000      H  1 4.466m   3.182   0.0154      Ca B 1.005m   3.994   0.1001      Na 1  5892A   3.663   0.0467            
 TOTL  1216A   6.089  12.4566      H  1 4.466m   2.977   0.0096      Ca B  9546A   3.840   0.0701      Mg 1  4561A   2.045   0.0011            
 Inci     0    7.265 186.5357      H  1 4.466m   2.607   0.0041      Ca B  9229A   3.704   0.0513      Mg 1  2853A   3.301   0.0203            
 TotH     0    6.292  19.8824      H  1 5.834m   2.514   0.0033      Ca B  9015A   3.582   0.0388      Mg 1  2026A   2.416   0.0026            
 TotC     0    6.292  19.8803      H  1 5.834m   2.941   0.0088      Ca B  8863A   3.471   0.0300      TOTL  2798A   5.820   6.7087            
 BFH1     0    5.813   6.5905      H  1 5.834m   3.045   0.0113      Ca B  8750A   3.366   0.0235      Mg 2  2796A   5.595   3.9909            
 BFHx     0    4.783   0.6160      H  1 5.834m   2.995   0.0100      Ca B  8665A   3.265   0.0187      Mg 2  2803A   5.428   2.7178            
 Line     0    4.290   0.1979      H  1 5.834m   2.827   0.0068      Ca B  8598A   3.170   0.0150      totl  2665A   4.270   0.1889            
 BFHe     0    4.512   0.3295      H  1 5.834m   2.541   0.0035      Ca B  8545A   3.079   0.0122      Al 2  2670A   4.270   0.1889            
 TotM     0    5.009   1.0347      H  1 5.834m   2.105   0.0013      Ca B  8502A   2.993   0.0100      Si 1  2518A   2.052   0.0011            
 CT H     0    4.416   0.2642      H  1 7.383m   2.341   0.0022      Ca B  8467A   2.912   0.0083      TOTL  2335A   4.300   0.2026            
 H FB     0    5.019   1.0604      H  1 7.383m   2.767   0.0059      Ca B  8438A   2.836   0.0069      Si 2  2334A   3.518   0.0334            
 HFBc     0    4.827   0.6814      H  1 7.383m   2.872   0.0076      Ca B  8413A   2.763   0.0059      Si 2  2329A   2.152   0.0014            
 HFBh     0    4.783   0.6160      H  1 7.383m   2.830   0.0069      Ca B  8392A   2.694   0.0050      Si 2  2350A   3.479   0.0306            
 continua....................      H  1 7.383m   2.682   0.0049      Ca B  8374A   2.629   0.0043      Si 2  2344A   3.723   0.0536            
 Bac   3646A   6.161  14.6945      H  1 7.383m   2.442   0.0028      Ca B  8359A   2.566   0.0037      Si 2  2336A   3.916   0.0836            
 nFnu  3645A   6.203  16.1857      H  1 7.383m   2.101   0.0013      Ca B  8346A   2.507   0.0033      Si 2  1814A   3.616   0.0419            
 nFnu  3647A   5.167   1.4912      H  1 9.115m   2.189   0.0016      Ca B  8334A   2.450   0.0029      Si 2  1531A   3.913   0.0830            
 cout  3646A   5.864   7.4135      H  1 9.115m   2.614   0.0042      Ca B 4.051m   3.950   0.0904      Si 2  1308A   3.873   0.0757            
 cref  3646A   5.856   7.2810      H  1 9.115m   2.719   0.0053      Ca B 2.625m   3.785   0.0618      Si 2  1263A   4.563   0.3710            
 thin  3646A   6.172  15.0804      H  1 9.115m   2.682   0.0049      Ca B 2.166m   3.619   0.0422      S 1R  1807A   2.919   0.0084            
 Inci  4860A   6.126  13.5544      H  1 9.115m   2.547   0.0036      Ca B 1.945m   3.467   0.0297      S  2  4074A   2.720   0.0053            
 Inci  1215A   7.169 149.8027      H  1 9.115m   2.334   0.0022      Ca B 1.817m   3.333   0.0218      S  2 1.033m   2.526   0.0034            
 Ba C     0    5.339   2.2121      H  1 9.115m   2.046   0.0011      Ca B 1.736m   3.212   0.0165      S II  4070A   2.640   0.0044            
 PA C     0    4.941   0.8851      H  1 11.03m   3.241   0.0177      Ca B 1.681m   3.101   0.0128      S II 1.032m   2.148   0.0014            
 FIR  83.00m   5.573   3.7988      H  1 13.13m   3.129   0.0137      Ca B 1.641m   2.997   0.0101      S II 1.029m   2.013   0.0010            
 TIR   1800m   3.494   0.0317      H  1 15.40m   3.026   0.0108      Ca B 1.611m   2.897   0.0080      S  2  1256A   2.824   0.0068            
 NIRa 2.850m   6.155  14.4910      H  1 17.87m   2.931   0.0086      Ca B 1.588m   2.801   0.0064      K  1  7676A   2.126   0.0014            
 NIRb 3.000m   5.840   7.0218      H  1 20.51m   2.841   0.0070      Ca B 1.570m   2.711   0.0052      Ca 1  4228A   3.227   0.0171            
 MIRa 15.00m   5.220   1.6825      H  1 23.33m   2.758   0.0058      Ca B 1.556m   2.625   0.0043      Ca 2  3933A   5.182   1.5438            
 MIRb 22.50m   5.373   2.3927      H  1 26.34m   2.680   0.0049      Ca B 1.544m   2.545   0.0036      Ca 2  8579A   4.450   0.2860            
 NMIR 21.75m   6.155  14.4910      H  1 29.53m   2.605   0.0041      Ca B 1.534m   2.468   0.0030      Phot  7306A   3.261   0.0185            
 TFIR 611.2m   5.098   1.2719      H  1 32.91m   2.535   0.0035      Ca B 1.526m   2.396   0.0025      Ca2K  3934A   4.985   0.9799            
 TALL 10000A   7.251 180.9920      H  1 36.46m   2.469   0.0030      Ca B 1.519m   2.327   0.0022      Ca2H  3969A   4.745   0.5639            
 F12  12.00m   4.726   0.5404      H  1 40.20m   2.406   0.0026      Ca B 1.513m   2.261   0.0019      Ca2X  8498A   3.555   0.0364            
 F25  25.00m   4.759   0.5820      H  1 44.12m   2.345   0.0022      Ca B 1.508m   2.199   0.0016      Ca2Y  8542A   4.233   0.1737            
 F60  60.00m   5.171   1.5045      H  1 48.22m   2.288   0.0020      Ca B 1.504m   2.140   0.0014      Ca2Z  8662A   3.874   0.0759            
 F100 100.0m   4.979   0.9667      H  1 52.50m   2.232   0.0017      Ca B 1.500m   2.083   0.0012      Rec   3933A   2.992   0.0100            
 MIPS 24.00m   4.441   0.2802      H  1 56.97m   3.412   0.0262      Ca B 7.458m   3.457   0.0291      Fe2c     0    5.276   1.9163            
 MIPS 70.00m   4.811   0.6564      He 1 504.3A   3.855   0.0726      Ca B 4.653m   3.317   0.0210      Fe2h     0    4.506   0.3255            
 MIPS 160.0m   4.587   0.3919      He 1  2600A   2.975   0.0096      Ca B 3.740m   3.172   0.0151      Fe 2  4300A   3.964   0.0933            
 IRAC 3.600m   4.500   0.3207      He 1  3121A   2.459   0.0029      Ca B 3.296m   3.041   0.0112      Fe 2  2400A   5.286   1.9600            
 IRAC 4.500m   4.633   0.4354      He 1  3421A   2.496   0.0032      Ca B 3.038m   2.922   0.0085      Fe 2  6200A   5.496   3.1791            
 IRAC 5.800m   4.398   0.2539      He 1  3421A   2.973   0.0095      Ca B 2.872m   2.813   0.0066      Fe 2  1500A   3.888   0.0784            
 IRAC 8.000m   4.572   0.3787      He 1  3421A   3.195   0.0159      Ca B 2.758m   2.709   0.0052      Fe 2 1.150m   4.457   0.2909            
 SPR1 250.0m   4.178   0.1528      He 1  3679A   2.774   0.0060      Ca B 2.674m   2.609   0.0041      Fe 2  2500A   5.374   2.4022            
 SPR2 350.0m   3.759   0.0582      He 1  6632A   2.036   0.0011      Ca B 2.612m   2.514   0.0033      Fe 2  2300A   5.102   1.2833            
 SPR3 500.0m   3.400   0.0255      He 1  7843A   2.700   0.0051      Ca B 2.564m   2.424   0.0027      Fe 2  8900A   4.828   0.6823            
 PAC1 70.00m   4.873   0.7573      He 1  8188A   2.509   0.0033      Ca B 2.525m   2.339   0.0022      Fe 2 1.257m   2.237   0.0018            
 PAC2 100.0m   4.984   0.9779      He 1  8191A   2.020   0.0011      Ca B 2.495m   2.258   0.0018      Fe 2 1.644m   2.164   0.0015            
 PAC3 160.0m   4.845   0.7095      He 1  8261A   2.094   0.0013      Ca B 2.469m   2.181   0.0015      Fe 2  8617A   2.388   0.0025            
 PAH  3.300m   3.735   0.0551      He 1 1.409m   2.187   0.0016      Ca B 2.448m   2.109   0.0013      Fe2b  7000A   2.114   0.0013            
 PAHC 3.230m   3.355   0.0230      He 1 1.456m   2.131   0.0014      Ca B 2.431m   2.040   0.0011      Fe2b 10000A   3.142   0.0141            
 PAHC 3.370m   3.291   0.0198      C  1  1101A   4.452   0.2872      Ca B 12.37m   3.040   0.0111      Fe2b  7445A   2.114   0.0013            
 PAH  6.200m   3.920   0.0843      Mg 1  1622A   2.219   0.0017      Ca B 7.500m   2.922   0.0085      Fe2b  8625A   2.728   0.0054            
 PAHC 5.650m   3.931   0.0866      Al 1  2071A   2.879   0.0077      Ca B 5.907m   2.798   0.0064      Fe2b 1.889m   2.072   0.0012            
 PAH  7.900m   4.213   0.1656      Si 1  1521A   3.885   0.0778      Ca B 5.127m   2.682   0.0049      Fe 2  1786A   4.394   0.2513            
 PAHC 6.900m   4.121   0.1339      P  1  1182A   2.808   0.0065      Ca B 4.671m   2.574   0.0038      recombination...............            
 PAH  11.30m   3.553   0.0362      S  1  1197A   3.908   0.0820      Ca B 4.375m   2.471   0.0030      level2 lines................            
 PAHC 10.90m   3.511   0.0329      Cl 1 956.0A   2.529   0.0034      Ca B 4.170m   2.372   0.0024      B  2  1340A   2.646   0.0045            
 PAH  11.80m   3.719   0.0531      Fe 1  1569A   2.891   0.0079      Ca B 4.020m   2.278   0.0019      C  1 943.9A   3.049   0.0114            
 PAHC 12.65m   3.813   0.0659      grains......................      Ca B 3.906m   2.188   0.0016      C  1  1248A   2.892   0.0079            
 PAH  13.30m   3.743   0.0561      H-like iso-sequence.........      Ca B 3.818m   2.103   0.0013      C  1  1561A   2.645   0.0045            
 PAHC 14.10m   3.730   0.0545      Clin 912.0A   2.831   0.0069      Ca B 3.748m   2.023   0.0011      C  1  1315A   2.877   0.0076            
 Bcon  3640A   7.117 132.8943      Hlin 912.0A   5.693   5.0049      Ca B 19.06m   2.681   0.0049      C  1  1166A   2.732   0.0055            
 Pcon  5000A   6.437  27.7683      Cool  1216A   2.560   0.0037      Ca B 11.31m   2.583   0.0039      C  1  1233A   2.811   0.0066            
 HFFc     0    5.374   2.4000      Crst 960.0A   2.422   0.0027      Ca B 8.758m   2.475   0.0030      C  1  1132A   2.764   0.0059            
 H FF     0    4.776   0.6061      Hrst 960.0A   5.554   3.6292      Ca B 7.506m   2.370   0.0024      C  1  1251A   2.774   0.0060            
 FF H     0    3.548   0.0358      Crst  4861A   5.662   4.6559      Ca B 6.770m   2.269   0.0019      C  1  1112A   2.778   0.0061            
 HeFF     0    2.997   0.0101      Crst     0    4.246   0.1787      Ca B 6.290m   2.171   0.0015      C  1  1115A   2.769   0.0060            
 MeFB     0    4.187   0.1559      Hrst     0    3.939   0.0882      Ca B 5.955m   2.077   0.0012      C  1  1162A   2.660   0.0046            
 MeFF     0    3.596   0.0401      CION     0    4.311   0.2074      Ca B 27.80m   2.368   0.0024      C  1  1167A   2.689   0.0050            
 ToFF     0    4.811   0.6563      3bHt     0    2.369   0.0024      Ca B 16.20m   2.286   0.0020      C  1  1104A   2.886   0.0078            
 nFnu 122.4m   3.431   0.0274      Strk  6563A   2.941   0.0089      Ca B 12.38m   2.189   0.0016      C  1  1109A   2.857   0.0073            
 nInu 122.4m   5.382   2.4431      Strk 1.875m   2.067   0.0012      Ca B 10.50m   2.091   0.0013      C  1  1130A   2.687   0.0049            
 nFnu 60.83m   3.736   0.0553      Dest  1216A   5.871   7.5328      Ca B 9.389m   1.995   0.0010      C  1  1098A   2.861   0.0074            
 nInu 60.83m   5.337   2.2041      Dest  6563A   4.553   0.3624      Ca B 38.86m   2.091   0.0013      C  1  1132A   2.832   0.0069            
 nFnu 41.22m   3.918   0.0840      Dest  4861A   2.514   0.0033      Ca B 22.33m   2.020   0.0011      C  1  1106A   2.829   0.0068            
 nInu 41.22m   5.225   1.7037      Fe 2  1216A   5.871   7.5328      H  1     0    4.541   0.3529      C  1  1093A   2.775   0.0060            
 nFnu 30.87m   4.051   0.1140      Ca B  1216A   6.390  24.8984      H  1  1216A   6.089  12.4566      C  1  1110A   2.693   0.0050            
 nInu 30.87m   5.123   1.3466      Q(H)  4861A   5.071   1.1951      H  1  1026A   3.436   0.0277      C  1  1114A   2.686   0.0049            
 nFnu 24.78m   4.152   0.1440      Q(H)  1216A   6.213  16.5775      H  1 972.5A   3.213   0.0166      C  1  1115A   2.683   0.0049            
 nInu 24.78m   5.044   1.1224      CaBo  4861A   4.871   0.7545      H  1 949.7A   3.072   0.0120      C  1  1090A   2.735   0.0055            
 nFnu 24.30m   4.161   0.1470      Ca A  1216A   5.984   9.7878      H  1 937.8A   2.945   0.0089      C  1  1104A   2.791   0.0063            
 nInu 24.30m   5.037   1.1040      Ca A  1026A   5.400   2.5460      H  1 930.8A   2.858   0.0073      C  1  1104A   2.790   0.0063            
 nFnu 22.83m   4.190   0.1570      Ca A 972.5A   5.116   1.3258      H  1 926.2A   2.793   0.0063      C  1  1098A   2.751   0.0057            
 nInu 22.83m   5.015   1.0505      Ca A 949.7A   4.948   0.9005      H  1 923.2A   2.744   0.0056      C  1  1097A   2.751   0.0057            
 nFnu 21.42m   4.219   0.1679      Ca A 937.8A   4.826   0.6802      H  1 921.0A   2.705   0.0051      C  1  1093A   2.248   0.0018            
 nInu 21.42m   4.992   0.9954      Ca A 930.8A   4.734   0.5504      H  1  6563A   5.819   6.6806      C  1  1093A   2.702   0.0051            
 nFnu 21.12m   4.226   0.1706      Ca A 926.2A   4.668   0.4722      H  1  4861A   4.994   1.0000      C  1  1090A   2.124   0.0014            
 nInu 21.12m   4.986   0.9831      Ca A 923.2A   4.610   0.4136      H  1  4340A   4.605   0.4084      C  1  1090A   2.666   0.0047            
 nFnu 19.62m   4.259   0.1841      Ca A 921.0A   4.553   0.3628      H  1  4102A   4.327   0.2153      C  2 892.8A   2.433   0.0027            
 nInu 19.62m   4.961   0.9266      Ca A 919.4A   4.492   0.3152      H  1  3970A   4.120   0.1336      C  2 688.8A   2.022   0.0011            
 nFnu 17.65m   4.310   0.2073      Ca A 918.1A   4.422   0.2683      H  1  3889A   3.965   0.0936      C  2  1020A   4.095   0.1262            
 nInu 17.65m   4.918   0.8393      Ca A 917.2A   4.345   0.2246      H  1  3835A   3.845   0.0710      C  2 596.6A   2.108   0.0013            
 nFnu 17.37m   4.317   0.2105      Ca A 916.4A   4.264   0.1863      H  1  3798A   3.745   0.0564      N  1 942.3A   3.048   0.0113            
 nInu 17.37m   4.912   0.8280      Ca A 915.8A   4.182   0.1544      H  1 1.875m   4.908   0.8208      N  1 952.1A   3.003   0.0102            
 nFnu 15.69m   4.361   0.2332      Ca A 915.3A   4.102   0.1283      H  1 1.282m   4.493   0.3160      N  1  1131A   3.007   0.0103            
 nInu 15.69m   4.873   0.7568      Ca A 914.9A   4.025   0.1073      H  1 1.094m   4.254   0.1819      N  2 907.1A   2.031   0.0011            
 nFnu 14.60m   4.395   0.2520      Ca A 914.6A   3.950   0.0904      H  1 1.005m   4.059   0.1161      O  1 867.3A   2.151   0.0014            
 nInu 14.60m   4.845   0.7106      Ca A 914.3A   3.879   0.0767      H  1  9546A   3.892   0.0791      O  1 976.8A   3.386   0.0246            
 nFnu 12.43m   4.471   0.3000      Ca A 914.0A   3.811   0.0656      H  1  9229A   3.740   0.0557      O  1 969.0A   3.141   0.0140            
 nInu 12.43m   4.781   0.6125      Ca A 913.8A   3.746   0.0565      H  1  9015A   3.599   0.0403      O  1 946.4A   2.952   0.0091            
 nFnu 11.40m   4.507   0.3264      Ca A 913.6A   3.684   0.0490      H  1 4.051m   4.179   0.1534      O  1 934.5A   3.005   0.0103            
 nInu 11.40m   4.748   0.5674      Ca A 913.5A   3.624   0.0427      H  1 2.625m   3.951   0.0907      O  1 973.6A   2.923   0.0085            
 nFnu 10.46m   4.548   0.3584      Ca A 913.3A   3.568   0.0375      H  1 2.166m   3.734   0.0550      O  1 927.5A   2.944   0.0089            
 nInu 10.46m   4.714   0.5256      Ca A  6563A   4.752   0.5730      H  1 1.945m   3.554   0.0363      O  1 948.5A   2.882   0.0077            
 nFnu 9.480m   4.590   0.3948      Ca A  4861A   4.379   0.2430      H  1 1.817m   3.391   0.0250      O  1 923.0A   2.886   0.0078            
 nInu 9.480m   4.676   0.4808      Ca A  4340A   4.142   0.1407      H  1 1.736m   3.244   0.0178      O  1 919.9A   2.862   0.0074            
 nFnu 9.325m   4.596   0.4005      Ca A  4102A   3.985   0.0980      H  1 7.458m   3.604   0.0408      O  1 935.7A   2.940   0.0088            
 nInu 9.325m   4.670   0.4745      Ca A  3970A   3.879   0.0768      H  1 4.653m   3.434   0.0275      O  1 917.7A   2.853   0.0072            
 nFnu 8.210m   4.655   0.4587      Ca A  3889A   3.807   0.0651      H  1 3.740m   3.259   0.0184      O  1 918.7A   2.841   0.0070            
 nInu 8.210m   4.620   0.4229      Ca A  3835A   3.748   0.0568      H  1 3.296m   3.099   0.0128      O  1 928.2A   2.881   0.0077            
 nFnu 7.580m   4.687   0.4937      Ca A  3798A   3.691   0.0497      H  1 3.038m   2.954   0.0091      O  1 917.5A   2.838   0.0070            
 nInu 7.580m   4.589   0.3942      Ca A  3771A   3.629   0.0432      H  1 12.37m   3.136   0.0139      O  1 923.4A   2.835   0.0069            
 nFnu 7.050m   4.722   0.5353      Ca A  3750A   3.559   0.0368      H  1 7.500m   3.008   0.0103      O  1 920.2A   2.822   0.0067            
 nInu 7.050m   4.563   0.3706      Ca A  3734A   3.482   0.0308      H  1 5.907m   2.856   0.0073      O  1 918.0A   2.823   0.0068            
 nFnu 4.114m   4.935   0.8733      Ca A  3722A   3.401   0.0255      H  1 5.127m   2.713   0.0052      F  1 946.5A   2.696   0.0050            
 nInu 4.114m   4.480   0.3063      Ca A  3712A   3.319   0.0212      H  1 19.06m   2.747   0.0057      Mg 1  1817A   2.390   0.0025            
 nFnu 2.324m   5.075   1.2068      Ca A  3704A   3.239   0.0176      H  1 11.31m   2.641   0.0044      Mg 1  1739A   2.346   0.0022            
 nInu 2.324m   4.745   0.5641      Ca A  3697A   3.162   0.0147      H  1 8.758m   2.506   0.0033      Mg 1  1699A   2.282   0.0019            
 nFnu 1.643m   5.131   1.3725      Ca A  3692A   3.087   0.0124      H  1 27.80m   2.399   0.0025      Mg 1  1676A   2.218   0.0017            
 nInu 1.643m   5.004   1.0247      Ca A  3687A   3.016   0.0105      H  1 16.20m   2.314   0.0021      Mg 1  1661A   2.120   0.0013            
 nFnu 1.480m   5.244   1.7796      Ca A  3683A   2.948   0.0090      H  1 38.86m   2.074   0.0012      Mg 1  1651A   2.020   0.0011            
 nInu 1.480m   5.066   1.1808      Ca A  3679A   2.883   0.0078      He-like iso-sequence........      Mg 2 959.3A   2.774   0.0060            
 nFnu 1.436m   5.389   2.4848      Ca A  3676A   2.821   0.0067      Clin 506.0A   4.550   0.3596      Mg 2 919.2A   2.716   0.0053            
 nInu 1.436m   5.172   1.5060      Ca A  3674A   2.762   0.0059      Ca B  2945A   2.553   0.0036      Mg 2  1258A   2.662   0.0047            
 nFnu 1.119m   5.651   4.5417      Ca A  3671A   2.705   0.0051      Ca B  3188A   2.935   0.0087      Al 1  1776A   2.190   0.0016            
 nInu 1.119m   5.345   2.2466      Ca A 1.875m   3.909   0.0823      Ca B  3614A   2.033   0.0011      Al 2  1671A   4.063   0.1172            
 nFnu  8330A   5.779   6.0931      Ca A 1.282m   3.657   0.0460      Ca B  3889A   3.636   0.0438      Al 2 929.0A   2.707   0.0052            
 nInu  8330A   5.567   3.7448      Ca A 1.094m   3.482   0.0308      Ca B  3965A   2.372   0.0024      Si 1  1261A   2.284   0.0020            
 nFnu  8079A   5.905   8.1531      Ca A 1.005m   3.368   0.0237      Ca B  4026A   3.173   0.0151      Si 1  1853A   2.179   0.0015            
 nInu  8079A   5.688   4.9447      Ca A  9546A   3.294   0.0200      Ca B  4121A   2.038   0.0011      Si 1  1694A   2.148   0.0014            
 nFnu  6210A   5.800   6.3969      Ca A  9229A   3.234   0.0174      Ca B  4388A   2.543   0.0035      Si 1  1626A   2.012   0.0010            
 nInu  6210A   5.899   8.0403      Ca A  9015A   3.176   0.0152      Ca B  4471A   3.501   0.0322      Si 1  1091A   2.074   0.0012            
 nFnu  4885A   5.585   3.8992      Ca A  8863A   3.115   0.0132      Ca B  4713A   2.560   0.0037      Si 2  1180A   4.576   0.3825            
 nInu  4885A   6.125  13.5297      Ca A  8750A   3.045   0.0112      Ca B  4922A   2.929   0.0086      Si 2 993.4A   3.364   0.0234            
 nFnu  3704A   5.183   1.5466      Ca A  8665A   2.968   0.0094      Ca B  5016A   2.929   0.0086      Si 2  1024A   2.841   0.0070            
 nInu  3704A   6.355  22.9865      Ca A  8598A   2.887   0.0078      Ca B  5876A   3.950   0.0904      S  1  1356A   2.541   0.0035            
 nFnu  3588A   6.172  15.0741      Ca A  8545A   2.805   0.0065      Ca B  6678A   3.534   0.0347      S  1  1227A   2.224   0.0017            
 nInu  3588A   6.473  30.1217      Ca A  8502A   2.725   0.0054      Ca B  7065A   3.744   0.0563      S  1  1662A   2.394   0.0025            
 nFnu  2430A   5.222   1.6929      Ca A  8467A   2.648   0.0045      Ca B  7281A   2.977   0.0096      S  1  1392A   2.247   0.0018            
 nInu  2430A   6.759  58.1986      Ca A  8438A   2.574   0.0038      Ca B 1.083m   5.561   3.6962      S  1  1015A   2.366   0.0024            
 nFnu  2392A   5.187   1.5601      Ca A  8413A   2.502   0.0032      Ca B 1.197m   2.177   0.0015      S  1  1265A   2.357   0.0023            
 nInu  2392A   6.772  59.9595      Ca A  8392A   2.435   0.0028      Ca B 1.278m   2.423   0.0027      S  1  1113A   2.294   0.0020            
 nFnu  2071A   4.984   0.9787      Ca A  8374A   2.370   0.0024      Ca B 1.700m   2.351   0.0023      S  1  1013A   2.266   0.0019            
 nInu  2071A   6.885  77.9225      Ca A  8359A   2.308   0.0021      Ca B 1.869m   2.805   0.0065      S  1  1055A   2.321   0.0021            
 nFnu  2053A   4.971   0.9500      Ca A  8346A   2.248   0.0018      Ca B 1.870m   2.352   0.0023      S  1  1336A   2.265   0.0019            
 nInu  2053A   6.885  77.8815      Ca A  8334A   2.192   0.0016      Ca B 2.058m   4.802   0.6431      Ar 1  1096A   3.357   0.0231            
 nFnu  1793A   5.009   1.0350      Ca A 4.051m   3.280   0.0193      He 1 584.3A   4.128   0.1362      Ar 1 922.5A   2.738   0.0056            
 nInu  1793A   6.994 100.1339      Ca A 2.625m   3.114   0.0132      He 1 537.0A   2.195   0.0016      Ar 1 918.5A   2.710   0.0052            
 nFnu  1585A   5.219   1.6795      Ca A 2.166m   2.999   0.0101      He 1 522.2A   2.024   0.0011      Fe 1  2485A   2.081   0.0012            
 nInu  1585A   6.925  85.2823      Ca A 1.945m   2.924   0.0085      TOTL 1.083m   4.624   0.4264      Fe 1  2527A   2.006   0.0010            
 nFnu  1458A   5.712   5.2253      Ca A 1.817m   2.864   0.0074      He 1 1.083m   4.624   0.4264      Fe 1  2181A   2.051   0.0011            
 nInu  1458A   7.098 127.2042      Ca A 1.736m   2.807   0.0065      He 1 1.083m   3.675   0.0480      Fe 1  1851A   2.024   0.0011            
 nFnu  1357A   6.124  13.4998      Ca A 1.681m   2.746   0.0056      He 1 1.083m   4.146   0.1420      P  1  1780A   2.096   0.0013            
 nInu  1357A   7.179 153.1709      Ca A 1.641m   2.676   0.0048      He 1 1.083m   4.367   0.2363      P  2  1539A   2.299   0.0020            
 nFnu  1297A   6.523  33.8338      Ca A 1.611m   2.599   0.0040      He 1  3889A   3.128   0.0136      P  2  1308A   2.472   0.0030            
 nInu  1297A   7.194 158.5573      Ca A 1.588m   2.519   0.0033      He 1  3188A   2.619   0.0042      P  2  1154A   2.973   0.0095            
 nFnu  1263A   6.914  83.2160      Ca A 1.570m   2.437   0.0028      He 1  2945A   2.308   0.0021      P  2 967.2A   3.095   0.0126            
 nInu  1263A   7.186 155.5911      Ca A 1.556m   2.358   0.0023      He 1  2829A   2.070   0.0012      P  2 963.8A   3.309   0.0207            
 nFnu  1218A   7.167 149.0422      Ca A 1.544m   2.280   0.0019      He 1 2.058m   3.379   0.0243      Cl 1  1349A   2.183   0.0015            
 nInu  1218A   7.167 149.0316      Ca A 1.534m   2.206   0.0016      He 1  5016A   2.382   0.0024      Cl 1  1101A   2.066   0.0012            
 nFnu  1196A   7.206 162.9115      Ca A 1.526m   2.135   0.0014      He 1  3965A   2.091   0.0013      Cl 1  1008A   2.134   0.0014            
 nInu  1196A   7.206 163.0696      Ca A 1.519m   2.067   0.0012      He 1  7065A   2.888   0.0078      Cl 2  1071A   2.662   0.0047            
 nFnu  1175A   6.915  83.3489      Ca A 1.513m   2.002   0.0010      He 1  5876A   3.502   0.0323      Sc 2  3628A   2.723   0.0054            
 nInu  1175A   7.158 145.8843      Ca A 7.458m   2.798   0.0064      He 1  4713A   2.151   0.0014      Sc 2  3576A   2.605   0.0041            
 nFnu  1144A   6.587  39.1540      Ca A 4.653m   2.702   0.0051      He 1  4471A   3.246   0.0179      Sc 2  3369A   2.136   0.0014            
 nInu  1144A   7.275 191.2460      Ca A 3.740m   2.632   0.0043      He 1  4026A   2.944   0.0089      Sc 3  1605A   2.121   0.0013            
 nFnu  1113A   6.184  15.4911      Ca A 3.296m   2.574   0.0038      He 1  3820A   2.682   0.0049      Ti 2  3366A   4.266   0.1871            
 nInu  1113A   7.144 141.2410      Ca A 3.038m   2.517   0.0033      He 1  7281A   2.159   0.0015      Ti 2  3238A   3.975   0.0959            
 nFnu  1103A   6.292  19.8701      Ca A 2.872m   2.457   0.0029      He 1  6678A   2.994   0.0100      Ti 2  1904A   2.373   0.0024            
 nInu  1103A   7.189 156.7593      Ca A 2.758m   2.388   0.0025      He 1  4922A   2.660   0.0046      Ti 2  1907A   2.509   0.0033            
 nFnu  1074A   6.041  11.1391      Ca A 2.674m   2.312   0.0021      He 1  4388A   2.301   0.0020      Ti 3  1298A   2.258   0.0018            
 nInu  1074A   7.125 135.4019      Ca A 2.612m   2.232   0.0017      He 1  4144A   2.015   0.0011      Ti 3  1289A   2.257   0.0018            
 nFnu  1064A   5.778   6.0842      Ca A 2.564m   2.150   0.0014      He 1 1.700m   2.096   0.0013      V  2  2712A   2.106   0.0013            
 nInu  1064A   6.983  97.5045      Ca A 2.525m   2.071   0.0012      He 1 1.869m   2.543   0.0035      V  2  2685A   2.209   0.0016            
 nFnu  1036A   5.573   3.7947      Ca A 12.37m   2.431   0.0027      He 1 1.278m   2.191   0.0016      V  2  2140A   2.157   0.0015            
 nInu  1036A   6.970  94.6889      Ca A 7.500m   2.384   0.0025      He 1 1.870m   2.081   0.0012      Cr 2  2060A   3.095   0.0126            
 nFnu  1000A   5.360   2.3231      Ca A 5.907m   2.332   0.0022      Pho+  3889A   4.141   0.1404      Cr 2  1829A   2.100   0.0013            
 nInu  1000A   6.874  75.9775      Ca A 5.127m   2.278   0.0019      database lines..............      Cr 2  1081A   2.540   0.0035            
 nFnu 925.1A   5.219   1.6799      Ca A 4.671m   2.219   0.0017      level 1 lines...............      Cr 2  1063A   2.587   0.0039            
 nInu 925.1A   6.840  70.2112      Ca A 4.375m   2.151   0.0014      C  1  1656A   4.507   0.3261      Mn 2  2590A   4.126   0.1355            
 nFnu 897.8A   6.036  11.0273      Ca A 4.170m   2.075   0.0012      REC   1656A   4.492   0.3148      Mn 2  1199A   2.721   0.0053            
 nFnu 760.0A   4.743   0.5617      Ca A 4.020m   1.995   0.0010      TOTL  2326A   4.471   0.2998      Mn 2  1163A   2.362   0.0023            
 nFnu 701.5A   4.010   0.1038      Ca A 19.06m   2.145   0.0014      C  2  2325A   3.792   0.0628      Co 2  2062A   2.298   0.0020            
 nFnu 608.2A   2.480   0.0031      Ca A 11.31m   2.118   0.0013      C  2  2324A   2.623   0.0043      Co 2  2019A   2.323   0.0021            
 nFnu 575.1A   2.302   0.0020      Ca A 8.758m   2.071   0.0012      C  2  2329A   3.808   0.0653      Co 2  1950A   2.344   0.0022            
 nFnu 496.9A   5.094   1.2583      Ca A 7.506m   2.015   0.0011      C  2  2328A   3.461   0.0293      Co 2  1576A   2.391   0.0025            
 RRC.........................      Ca B  6563A   5.502   3.2233      C  2  2327A   4.134   0.1381      Co 2  1470A   2.591   0.0040            
 H  1 911.8A   4.987   0.9841      Ca B  4861A   5.121   1.3392      C  2  1335A   4.055   0.1153      Ni 2  1752A   2.811   0.0066            
 H  1  3646A   4.863   0.7404      Ca B  4340A   4.885   0.7785      C  3 977.0A   2.295   0.0020      Ni 2  1744A   3.070   0.0119            
 H  1  3646A   5.236   1.7484      Ca B  4102A   4.689   0.4955      N  1 953.9A   3.049   0.0113      Ni 2  1485A   2.551   0.0036            
 H  1  8204A   4.114   0.1318      Ca B  3970A   4.513   0.3304      N  1 954.1A   2.881   0.0077      Ni 2  1473A   2.805   0.0065            
 H  1  8204A   4.537   0.3497      Ca B  3889A   4.357   0.2308      N  1 951.0A   2.829   0.0068      Ni 2  1400A   2.675   0.0048            
 H  1  8204A   4.478   0.3051      Ca B  3835A   4.220   0.1683      N  1 955.8A   2.808   0.0065      Ni 2  1376A   3.248   0.0180            
 H  1 1.458m   3.608   0.0411      Ca B  3798A   4.098   0.1270      N  1 959.4A   2.794   0.0063      Ni 2  1324A   3.113   0.0132            
 H  1 1.458m   4.039   0.1111      Ca B  3771A   3.986   0.0982      N  1 955.5A   2.722   0.0054      Cu 2  1472A   2.202   0.0016            
 H  1 1.458m   4.090   0.1247      Ca B  3750A   3.880   0.0770      N  1 951.2A   2.708   0.0052      Cu 2  1368A   2.350   0.0023            
 H  1 1.458m   3.796   0.0635      Ca B  3734A   3.780   0.0611      N  1 960.2A   2.717   0.0053      Cu 2  1359A   2.553   0.0036            
 H  1 2.279m   3.240   0.0176      Ca B  3722A   3.684   0.0490      N  1  1160A   2.524   0.0034      Zn 2  2038A   2.701   0.0051            
 H  1 2.279m   3.672   0.0476      Ca B  3712A   3.593   0.0398      N  1  1161A   2.361   0.0023      hyperfine structure.........            
 H  1 2.279m   3.756   0.0578      Ca B  3704A   3.507   0.0326      N  1  1200A   3.778   0.0608      inner shell.................            
 H  1 2.279m   3.612   0.0415      Ca B  3697A   3.426   0.0271      TOTL 1.040m   2.264   0.0019      molecules...................            
 H  1 2.279m   3.161   0.0147      Ca B  3692A   3.349   0.0227      N  2  1085A   3.137   0.0139      H2dH     0    3.818   0.0667            
 H  1 3.281m   2.951   0.0091      Ca B  3687A   3.277   0.0192      O  1  6300A   3.287   0.0197      H2vH     0    4.438   0.2784            
 H  1 3.281m   3.381   0.0244      Ca B  3683A   3.208   0.0164      O  1  6363A   2.791   0.0063      H-FB     0    5.390   2.4927            
 H  1 3.281m   3.478   0.0305      Ca B  3679A   3.142   0.0141      O  1  5577A   2.845   0.0071      H-FF     0    5.244   1.7796            
 H  1 3.281m   3.389   0.0248      Ca B  3676A   3.080   0.0122      TOIc     0    3.132   0.0138      H-CT  6563A   5.079   1.2177            
 H  1 3.281m   3.112   0.0131      Ca B  3674A   3.020   0.0106      6lev  8446A   3.930   0.0863      H- H     0    5.700   5.0845            
 H  1 3.281m   2.550   0.0036      Ca B  3671A   2.964   0.0093      6lev  1304A   4.633   0.4358      H2+      0    5.049   1.1361            
 H  1 4.466m   2.714   0.0052      Ca B 1.875m   4.565   0.3722      6lev 1.310m   2.193   0.0016      H2+p     0    3.834   0.0693            
 H  1 4.466m   3.142   0.0141      Ca B 1.282m   4.357   0.2306      6lev 1.130m   3.710   0.0520      COdh     0    2.042   0.0011            

                                                    Emergent line intensities
 general properties..........      Dest  6563A   4.553   0.3630      Ca B 2.872m   2.813   0.0066      Si 2  2344A   3.712   0.0524            
 TOTL  4861A   4.993   1.0000      Dest  4861A   2.514   0.0033      Ca B 2.758m   2.709   0.0052      Si 2  2336A   3.907   0.0819            
 TOTL  1216A   6.089  12.4730      Fe 2  1216A   5.871   7.5445      Ca B 2.674m   2.609   0.0041      Si 2  1814A   3.614   0.0418            
 continua....................      Ca B  1216A   6.390  24.9373      Ca B 2.612m   2.514   0.0033      Si 2  1531A   3.908   0.0822            
 Bac   3646A   6.161  14.7174      Q(H)  4861A   5.071   1.1970      Ca B 2.564m   2.424   0.0027      Si 2  1308A   3.869   0.0751            
 nFnu  3645A   6.203  16.2110      Q(H)  1216A   6.213  16.6034      Ca B 2.525m   2.339   0.0022      Si 2  1263A   4.560   0.3685            
 nFnu  3647A   5.167   1.4936      Ca A  1216A   5.979   9.6790      Ca B 2.495m   2.258   0.0018      S 1R  1807A   2.919   0.0084            
 cout  3646A   5.864   7.4251      Ca A  1026A   5.046   1.1288      Ca B 2.469m   2.181   0.0015      S  2  4074A   2.708   0.0052            
 cref  3646A   5.856   7.2923      Ca A 972.5A   4.702   0.5112      Ca B 2.448m   2.109   0.0013      S  2 1.033m   2.508   0.0033            
 thin  3646A   6.172  15.1040      Ca A 949.7A   4.537   0.3495      Ca B 2.431m   2.040   0.0011      S II  4070A   2.627   0.0043            
 Inci  4860A   6.126  13.5755      Ca A 937.8A   4.416   0.2649      Ca B 12.37m   3.040   0.0111      S II 1.032m   2.130   0.0014            
 Inci  1215A   7.169 150.0368      Ca A 930.8A   4.326   0.2154      Ca B 7.500m   2.922   0.0085      S II 1.029m   1.995   0.0010            
 FIR  83.00m   5.561   3.6947      Ca A 926.2A   4.261   0.1853      Ca B 5.907m   2.798   0.0064      S  2  1256A   2.822   0.0067            
 TIR   1800m   3.206   0.0163      Ca A 923.2A   4.204   0.1624      Ca B 5.127m   2.682   0.0049      K  1  7676A   2.116   0.0013            
 NIRa 2.850m   6.155  14.5118      Ca A 921.0A   4.147   0.1425      Ca B 4.671m   2.574   0.0038      Ca 1  4228A   3.222   0.0169            
 NIRb 3.000m   5.840   7.0326      Ca A 919.4A   4.085   0.1236      Ca B 4.375m   2.471   0.0030      Ca 2  3933A   5.182   1.5462            
 MIRa 15.00m   5.219   1.6843      Ca A 918.1A   4.015   0.1051      Ca B 4.170m   2.372   0.0024      Ca 2  8579A   4.450   0.2865            
 MIRb 22.50m   5.372   2.3948      Ca A 917.2A   3.938   0.0881      Ca B 4.020m   2.278   0.0019      Phot  7306A   3.261   0.0185            
 NMIR 21.75m   6.155  14.5118      Ca A 916.4A   3.856   0.0730      Ca B 3.906m   2.188   0.0016      Ca2K  3934A   4.974   0.9575            
 TFIR 611.2m   5.041   1.1156      Ca A 915.8A   3.775   0.0605      Ca B 3.818m   2.103   0.0013      Ca2H  3969A   4.734   0.5509            
 TALL 10000A   7.233 173.8162      Ca A 915.3A   3.694   0.0503      Ca B 3.748m   2.023   0.0011      Ca2X  8498A   3.537   0.0350            
 F12  12.00m   4.726   0.5409      Ca A 914.9A   3.617   0.0420      Ca B 19.06m   2.680   0.0049      Ca2Y  8542A   4.216   0.1671            
 F25  25.00m   4.758   0.5820      Ca A 914.6A   3.542   0.0354      Ca B 11.31m   2.583   0.0039      Ca2Z  8662A   3.857   0.0731            
 F60  60.00m   5.168   1.4969      Ca A 914.3A   3.471   0.0300      Ca B 8.758m   2.475   0.0030      Rec   3933A   2.992   0.0100            
 F100 100.0m   4.972   0.9523      Ca A 914.0A   3.403   0.0257      Ca B 7.506m   2.370   0.0024      Fe 2  4300A   3.964   0.0935            
 MIPS 24.00m   4.441   0.2802      Ca A 913.8A   3.338   0.0221      Ca B 6.770m   2.269   0.0019      Fe 2  2400A   5.285   1.9605            
 MIPS 70.00m   4.807   0.6513      Ca A 913.6A   3.276   0.0192      Ca B 6.290m   2.171   0.0015      Fe 2  6200A   5.484   3.0993            
 MIPS 160.0m   4.572   0.3792      Ca A 913.5A   3.216   0.0167      Ca B 5.955m   2.077   0.0012      Fe 2  1500A   3.884   0.0778            
 IRAC 3.600m   4.500   0.3212      Ca A 913.3A   3.159   0.0147      Ca B 27.80m   2.367   0.0024      Fe 2 1.150m   4.442   0.2811            
 IRAC 4.500m   4.633   0.4360      Ca A  6563A   4.734   0.5508      Ca B 16.20m   2.286   0.0020      Fe 2  2500A   5.365   2.3542            
 IRAC 5.800m   4.398   0.2543      Ca A  4861A   4.365   0.2354      Ca B 12.38m   2.189   0.0016      Fe 2  2300A   5.091   1.2530            
 IRAC 8.000m   4.572   0.3792      Ca A  4340A   4.129   0.1368      Ca B 10.50m   2.091   0.0013      Fe 2  8900A   4.808   0.6537            
 SPR1 250.0m   4.147   0.1425      Ca A  4102A   3.972   0.0953      Ca B 9.389m   1.995   0.0010      Fe 2 1.257m   2.224   0.0017            
 SPR2 350.0m   3.706   0.0517      Ca A  3970A   3.867   0.0748      Ca B 38.86m   2.089   0.0012      Fe 2 1.644m   2.164   0.0015            
 SPR3 500.0m   3.309   0.0207      Ca A  3889A   3.796   0.0635      Ca B 22.33m   2.020   0.0011      Fe 2  8617A   2.369   0.0024            
 PAC1 70.00m   4.869   0.7515      Ca A  3835A   3.736   0.0554      H  1  1216A   6.089  12.4730      Fe2b  7000A   2.114   0.0013            
 PAC2 100.0m   4.977   0.9629      Ca A  3798A   3.679   0.0485      H  1  1026A   3.435   0.0277      Fe2b 10000A   3.142   0.0141            
 PAC3 160.0m   4.829   0.6855      Ca A  3771A   3.618   0.0421      H  1 972.5A   3.213   0.0166      Fe2b  7445A   2.114   0.0013            
 PAH  3.300m   3.735   0.0552      Ca A  3750A   3.548   0.0359      H  1 949.7A   3.072   0.0120      Fe2b  8625A   2.728   0.0054            
 PAHC 3.230m   3.355   0.0230      Ca A  3734A   3.471   0.0300      H  1 937.8A   2.945   0.0089      Fe2b 1.889m   2.072   0.0012            
 PAHC 3.370m   3.291   0.0199      Ca A  3722A   3.390   0.0249      H  1 930.8A   2.858   0.0073      Fe 2  1786A   4.390   0.2492            
 PAH  6.200m   3.920   0.0844      Ca A  3712A   3.308   0.0207      H  1 926.2A   2.793   0.0063      recombination...............            
 PAHC 5.650m   3.931   0.0868      Ca A  3704A   3.228   0.0172      H  1 923.2A   2.744   0.0056      level2 lines................            
 PAH  7.900m   4.213   0.1658      Ca A  3697A   3.151   0.0144      H  1 921.0A   2.705   0.0052      B  2  1340A   2.642   0.0045            
 PAHC 6.900m   4.120   0.1341      Ca A  3692A   3.076   0.0121      H  1  6563A   5.814   6.6264      C  1 943.9A   2.964   0.0094            
 PAH  11.30m   3.552   0.0363      Ca A  3687A   3.005   0.0103      H  1  4861A   4.993   1.0000      C  1  1248A   2.891   0.0079            
 PAHC 10.90m   3.511   0.0329      Ca A  3683A   2.937   0.0088      H  1  4340A   4.604   0.4087      C  1  1561A   2.644   0.0045            
 PAH  11.80m   3.719   0.0531      Ca A  3679A   2.872   0.0076      H  1  4102A   4.326   0.2153      C  1  1315A   2.876   0.0076            
 PAHC 12.65m   3.812   0.0660      Ca A  3676A   2.810   0.0066      H  1  3970A   4.118   0.1334      C  1  1166A   2.729   0.0054            
 PAH  13.30m   3.743   0.0562      Ca A  3674A   2.751   0.0057      H  1  3889A   3.963   0.0933      C  1  1233A   2.810   0.0066            
 PAHC 14.10m   3.730   0.0545      Ca A  3671A   2.694   0.0050      H  1  3835A   3.842   0.0706      C  1  1132A   2.761   0.0059            
 Bcon  3640A   7.110 130.8625      Ca A 1.875m   3.909   0.0825      H  1  3798A   3.741   0.0559      C  1  1251A   2.772   0.0060            
 Pcon  5000A   6.422  26.8692      Ca A 1.282m   3.644   0.0448      H  1 1.875m   4.908   0.8220      C  1  1112A   2.775   0.0060            
 nFnu 122.4m   3.431   0.0274      Ca A 1.094m   3.465   0.0296      H  1 1.282m   4.486   0.3110      C  1  1115A   2.765   0.0059            
 nInu 122.4m   5.382   2.4469      Ca A 1.005m   3.350   0.0227      H  1 1.094m   4.240   0.1766      C  1  1162A   2.656   0.0046            
 nFnu 60.83m   3.736   0.0554      Ca A  9546A   3.275   0.0191      H  1 1.005m   4.043   0.1122      C  1  1167A   2.686   0.0049            
 nInu 60.83m   5.337   2.2075      Ca A  9229A   3.214   0.0166      H  1  9546A   3.875   0.0762      C  1  1104A   2.842   0.0071            
 nFnu 41.22m   3.918   0.0842      Ca A  9015A   3.157   0.0146      H  1  9229A   3.722   0.0536      C  1  1109A   2.853   0.0072            
 nInu 41.22m   5.225   1.7064      Ca A  8863A   3.095   0.0127      H  1  9015A   3.581   0.0387      C  1  1130A   2.682   0.0049            
 nFnu 30.87m   4.051   0.1142      Ca A  8750A   3.025   0.0108      H  1 4.051m   4.179   0.1536      C  1  1098A   2.810   0.0066            
 nInu 30.87m   5.123   1.3487      Ca A  8665A   2.948   0.0090      H  1 2.625m   3.951   0.0908      C  1  1132A   2.827   0.0068            
 nFnu 24.78m   4.152   0.1442      Ca A  8598A   2.867   0.0075      H  1 2.166m   3.734   0.0551      C  1  1106A   2.824   0.0068            
 nInu 24.78m   5.044   1.1242      Ca A  8545A   2.786   0.0062      H  1 1.945m   3.554   0.0364      C  1  1093A   2.720   0.0053            
 nFnu 24.30m   4.161   0.1473      Ca A  8502A   2.706   0.0052      H  1 1.817m   3.391   0.0250      C  1  1110A   2.687   0.0049            
 nInu 24.30m   5.037   1.1057      Ca A  8467A   2.629   0.0043      H  1 1.736m   3.244   0.0178      C  1  1114A   2.680   0.0049            
 nFnu 22.83m   4.190   0.1572      Ca A  8438A   2.554   0.0036      H  1 7.458m   3.604   0.0408      C  1  1115A   2.677   0.0048            
 nInu 22.83m   5.015   1.0521      Ca A  8413A   2.483   0.0031      H  1 4.653m   3.434   0.0276      C  1  1090A   2.675   0.0048            
 nFnu 21.42m   4.219   0.1682      Ca A  8392A   2.415   0.0026      H  1 3.740m   3.259   0.0184      C  1  1104A   2.718   0.0053            
 nInu 21.42m   4.992   0.9970      Ca A  8374A   2.350   0.0023      H  1 3.296m   3.099   0.0128      C  1  1104A   2.717   0.0053            
 nFnu 21.12m   4.226   0.1708      Ca A  8359A   2.288   0.0020      H  1 3.038m   2.954   0.0091      C  1  1098A   2.668   0.0047            
 nInu 21.12m   4.986   0.9847      Ca A  8346A   2.229   0.0017      H  1 12.37m   3.136   0.0139      C  1  1097A   2.666   0.0047            
 nFnu 19.62m   4.259   0.1844      Ca A  8334A   2.172   0.0015      H  1 7.500m   3.008   0.0103      C  1  1093A   2.188   0.0016            
 nInu 19.62m   4.961   0.9281      Ca A 4.051m   3.280   0.0194      H  1 5.907m   2.856   0.0073      C  1  1093A   2.607   0.0041            
 nFnu 17.65m   4.310   0.2076      Ca A 2.625m   3.114   0.0132      H  1 5.127m   2.713   0.0053      C  1  1090A   2.064   0.0012            
 nInu 17.65m   4.918   0.8406      Ca A 2.166m   2.999   0.0101      H  1 19.06m   2.747   0.0057      C  1  1090A   2.561   0.0037            
 nFnu 17.37m   4.317   0.2108      Ca A 1.945m   2.924   0.0085      H  1 11.31m   2.640   0.0044      C  2 892.8A   2.222   0.0017            
 nInu 17.37m   4.912   0.8293      Ca A 1.817m   2.864   0.0074      H  1 8.758m   2.506   0.0033      C  2  1020A   3.962   0.0931            
 nFnu 15.69m   4.361   0.2336      Ca A 1.736m   2.807   0.0065      H  1 27.80m   2.398   0.0025      N  1 942.3A   2.997   0.0101            
 nInu 15.69m   4.873   0.7580      Ca A 1.681m   2.746   0.0057      H  1 16.20m   2.313   0.0021      N  1 952.1A   2.974   0.0096            
 nFnu 14.60m   4.395   0.2524      Ca A 1.641m   2.676   0.0048      H  1 38.86m   2.073   0.0012      N  1  1131A   3.003   0.0102            
 nInu 14.60m   4.845   0.7117      Ca A 1.611m   2.599   0.0040      He-like iso-sequence........      O  1 976.8A   3.265   0.0187            
 nFnu 12.43m   4.471   0.3004      Ca A 1.588m   2.517   0.0033      Clin 506.0A   4.550   0.3601      O  1 969.0A   3.086   0.0124            
 nInu 12.43m   4.781   0.6135      Ca A 1.570m   2.436   0.0028      Ca B  2945A   2.553   0.0036      O  1 946.4A   2.933   0.0087            
 nFnu 11.40m   4.507   0.3269      Ca A 1.556m   2.355   0.0023      Ca B  3188A   2.935   0.0087      O  1 934.5A   2.991   0.0099            
 nInu 11.40m   4.748   0.5683      Ca A 1.544m   2.277   0.0019      Ca B  3614A   2.033   0.0011      O  1 973.6A   2.898   0.0080            
 nFnu 10.46m   4.548   0.3590      Ca A 1.534m   2.203   0.0016      Ca B  3889A   3.636   0.0439      O  1 927.5A   2.930   0.0087            
 nInu 10.46m   4.714   0.5264      Ca A 1.526m   2.131   0.0014      Ca B  3965A   2.372   0.0024      O  1 948.5A   2.865   0.0074            
 nFnu 9.480m   4.590   0.3954      Ca A 1.519m   2.063   0.0012      Ca B  4026A   3.173   0.0151      O  1 923.0A   2.871   0.0075            
 nInu 9.480m   4.676   0.4816      Ca A 1.513m   1.998   0.0010      Ca B  4121A   2.038   0.0011      O  1 919.9A   2.845   0.0071            
 nFnu 9.325m   4.596   0.4012      Ca A 7.458m   2.798   0.0064      Ca B  4388A   2.543   0.0036      O  1 935.7A   2.923   0.0085            
 nInu 9.325m   4.670   0.4752      Ca A 4.653m   2.702   0.0051      Ca B  4471A   3.501   0.0322      O  1 917.7A   2.835   0.0069            
 nFnu 8.210m   4.655   0.4594      Ca A 3.740m   2.632   0.0044      Ca B  4713A   2.560   0.0037      O  1 918.7A   2.822   0.0067            
 nInu 8.210m   4.620   0.4236      Ca A 3.296m   2.574   0.0038      Ca B  4922A   2.929   0.0086      O  1 928.2A   2.862   0.0074            
 nFnu 7.580m   4.687   0.4945      Ca A 3.038m   2.517   0.0033      Ca B  5016A   2.929   0.0086      O  1 917.5A   2.817   0.0067            
 nInu 7.580m   4.589   0.3948      Ca A 2.872m   2.457   0.0029      Ca B  5876A   3.950   0.0906      O  1 923.4A   2.811   0.0066            
 nFnu 7.050m   4.722   0.5361      Ca A 2.758m   2.388   0.0025      Ca B  6678A   3.534   0.0348      O  1 920.2A   2.793   0.0063            
 nInu 7.050m   4.563   0.3712      Ca A 2.674m   2.312   0.0021      Ca B  7065A   3.744   0.0564      O  1 918.0A   2.789   0.0063            
 nFnu 4.114m   4.935   0.8746      Ca A 2.612m   2.232   0.0017      Ca B  7281A   2.977   0.0096      F  1 946.5A   2.590   0.0040            
 nInu 4.114m   4.480   0.3068      Ca A 2.564m   2.150   0.0014      Ca B 1.083m   5.561   3.7020      Mg 1  1817A   2.387   0.0025            
 nFnu 2.324m   5.075   1.2087      Ca A 2.525m   2.071   0.0012      Ca B 1.197m   2.177   0.0015      Mg 1  1739A   2.342   0.0022            
 nInu 2.324m   4.745   0.5650      Ca A 2.495m   1.994   0.0010      Ca B 1.278m   2.423   0.0027      Mg 1  1699A   2.278   0.0019            
 nFnu 1.643m   5.131   1.3747      Ca A 12.37m   2.431   0.0027      Ca B 1.700m   2.351   0.0023      Mg 1  1676A   2.213   0.0017            
 nInu 1.643m   5.004   1.0263      Ca A 7.500m   2.384   0.0025      Ca B 1.869m   2.805   0.0065      Mg 1  1661A   2.114   0.0013            
 nFnu 1.480m   5.244   1.7824      Ca A 5.907m   2.332   0.0022      Ca B 1.870m   2.352   0.0023      Mg 1  1651A   2.014   0.0010            
 nInu 1.480m   5.066   1.1826      Ca A 5.127m   2.278   0.0019      Ca B 2.058m   4.802   0.6441      Mg 2 959.3A   2.730   0.0055            
 nFnu 1.436m   5.389   2.4887      Ca A 4.671m   2.219   0.0017      He 1 584.3A   3.898   0.0804      Mg 2 919.2A   2.663   0.0047            
 nInu 1.436m   5.172   1.5084      Ca A 4.375m   2.151   0.0014      He 1 537.0A   2.162   0.0015      Mg 2  1258A   2.660   0.0046            
 nFnu 1.119m   5.651   4.5488      Ca A 4.170m   2.075   0.0012      TOTL 1.083m   4.624   0.4271      Al 1  1776A   2.184   0.0016            
 nInu 1.119m   5.345   2.2501      Ca A 4.020m   1.995   0.0010      He 1 1.083m   4.624   0.4271      Al 2  1671A   4.058   0.1162            
 nFnu  8330A   5.779   6.1026      Ca A 19.06m   2.144   0.0014      He 1 1.083m   3.661   0.0466      Al 2 929.0A   2.633   0.0044            
 nInu  8330A   5.567   3.7506      Ca A 11.31m   2.118   0.0013      He 1 1.083m   4.135   0.1387      Si 1  1261A   2.281   0.0019            
 nFnu  8079A   5.905   8.1658      Ca A 8.758m   2.071   0.0012      He 1 1.083m   4.357   0.2310      Si 1  1853A   2.174   0.0015            
 nInu  8079A   5.688   4.9524      Ca A 7.506m   2.015   0.0011      He 1  3889A   3.118   0.0133      Si 1  1694A   2.143   0.0014            
 nFnu  6210A   5.800   6.4069      Ca B  6563A   5.485   3.1073      He 1  3188A   2.601   0.0041      Si 1  1626A   2.007   0.0010            
 nInu  6210A   5.899   8.0528      Ca B  4861A   5.107   1.3005      He 1  2945A   2.292   0.0020      Si 2  1180A   4.569   0.3766            
 nFnu  4885A   5.585   3.9053      Ca B  4340A   4.873   0.7583      He 1  2829A   2.056   0.0012      Si 2 993.4A   3.238   0.0176            
 nInu  4885A   6.125  13.5508      Ca B  4102A   4.677   0.4833      He 1 2.058m   3.379   0.0243      Si 2  1024A   2.790   0.0063            
 nFnu  3704A   5.183   1.5490      Ca B  3970A   4.502   0.3225      He 1  5016A   2.369   0.0024      S  1  1356A   2.538   0.0035            
 nInu  3704A   6.355  23.0224      Ca B  3889A   4.346   0.2253      He 1  3965A   2.081   0.0012      S  1  1227A   2.222   0.0017            
 nFnu  3588A   6.172  15.0977      Ca B  3835A   4.209   0.1643      He 1  7065A   2.872   0.0076      S  1  1662A   2.391   0.0025            
 nInu  3588A   6.473  30.1688      Ca B  3798A   4.087   0.1241      He 1  5876A   3.488   0.0312      S  1  1392A   2.243   0.0018            
 nFnu  2430A   5.222   1.6956      Ca B  3771A   3.975   0.0959      He 1  4713A   2.139   0.0014      S  1  1015A   2.126   0.0014            
 nInu  2430A   6.759  58.2895      Ca B  3750A   3.869   0.0752      He 1  4471A   3.234   0.0174      S  1  1265A   2.353   0.0023            
 nFnu  2392A   5.187   1.5625      Ca B  3734A   3.769   0.0597      He 1  4026A   2.933   0.0087      S  1  1113A   2.285   0.0020            
 nInu  2392A   6.772  60.0532      Ca B  3722A   3.673   0.0479      He 1  3820A   2.672   0.0048      S  1  1055A   2.069   0.0012            
 nFnu  2071A   4.984   0.9803      Ca B  3712A   3.582   0.0388      He 1  7281A   2.143   0.0014      S  1  1336A   2.260   0.0018            
 nInu  2071A   6.885  78.0442      Ca B  3704A   3.496   0.0319      He 1  6678A   2.978   0.0097      Ar 1  1096A   3.281   0.0194            
 nFnu  2053A   4.971   0.9515      Ca B  3697A   3.415   0.0264      He 1  4922A   2.647   0.0045      Ar 1 922.5A   2.688   0.0050            
 nInu  2053A   6.885  78.0032      Ca B  3692A   3.339   0.0222      He 1  4388A   2.289   0.0020      Ar 1 918.5A   2.666   0.0047            
 nFnu  1793A   5.009   1.0366      Ca B  3687A   3.266   0.0187      He 1  4144A   2.004   0.0010      Fe 1  2485A   2.077   0.0012            
 nInu  1793A   6.994 100.2903      Ca B  3683A   3.197   0.0160      He 1 1.700m   2.096   0.0013      Fe 1  2527A   2.000   0.0010            
 nFnu  1585A   5.219   1.6821      Ca B  3679A   3.132   0.0138      He 1 1.869m   2.543   0.0035      Fe 1  2181A   2.045   0.0011            
 nInu  1585A   6.925  85.4156      Ca B  3676A   3.069   0.0119      He 1 1.278m   2.180   0.0015      Fe 1  1851A   2.018   0.0011            
 nFnu  1458A   5.712   5.2335      Ca B  3674A   3.010   0.0104      He 1 1.870m   2.081   0.0012      P  1  1780A   2.090   0.0012            
 nInu  1458A   7.098 127.4030      Ca B  3671A   2.953   0.0091      Pho+  3889A   4.141   0.1406      P  2  1539A   2.296   0.0020            
 nFnu  1357A   6.124  13.5209      Ca B 1.875m   4.565   0.3728      database lines..............      P  2  1308A   2.470   0.0030            
 nInu  1357A   7.179 153.4102      Ca B 1.282m   4.345   0.2249      level 1 lines...............      P  2  1154A   2.966   0.0094            
 nFnu  1297A   6.523  33.8867      Ca B 1.094m   4.151   0.1439      C  1  1656A   4.502   0.3228      P  2 967.2A   2.978   0.0097            
 nInu  1297A   7.194 158.8050      Ca B 1.005m   3.977   0.0963      REC   1656A   4.492   0.3153      P  2 963.8A   3.182   0.0154            
 nFnu  1263A   6.914  83.3461      Ca B  9546A   3.822   0.0674      TOTL  2326A   4.471   0.3002      Cl 1  1349A   2.177   0.0015            
 nInu  1263A   7.186 155.8342      Ca B  9229A   3.686   0.0493      C  2  2325A   3.781   0.0613      Cl 2  1071A   2.628   0.0043            
 nFnu  1218A   7.167 149.2751      Ca B  9015A   3.564   0.0372      C  2  2324A   2.612   0.0042      Sc 2  3628A   2.706   0.0052            
 nInu  1218A   7.167 149.2645      Ca B  8863A   3.452   0.0288      C  2  2329A   3.797   0.0637      Sc 2  3576A   2.588   0.0039            
 nFnu  1196A   7.206 163.1661      Ca B  8750A   3.347   0.0226      C  2  2328A   3.450   0.0286      Sc 2  3369A   2.121   0.0013            
 nInu  1196A   7.206 163.3244      Ca B  8665A   3.247   0.0179      C  2  2327A   4.123   0.1349      Sc 3  1605A   2.114   0.0013            
 nFnu  1175A   6.915  83.4791      Ca B  8598A   3.151   0.0144      C  2  1335A   4.052   0.1145      Ti 2  3366A   4.249   0.1805            
 nInu  1175A   7.158 146.1122      Ca B  8545A   3.061   0.0117      C  3 977.0A   2.131   0.0014      Ti 2  3238A   3.960   0.0928            
 nFnu  1144A   6.587  39.2152      Ca B  8502A   2.975   0.0096      N  1 953.9A   3.001   0.0102      Ti 2  1904A   2.370   0.0024            
 nInu  1144A   7.275 191.5448      Ca B  8467A   2.894   0.0080      N  1 954.1A   2.862   0.0074      Ti 2  1907A   2.505   0.0033            
 nFnu  1113A   6.184  15.5154      Ca B  8438A   2.817   0.0067      N  1 951.0A   2.752   0.0057      Ti 3  1298A   2.254   0.0018            
 nInu  1113A   7.144 141.4617      Ca B  8413A   2.745   0.0056      N  1 955.8A   2.699   0.0051      Ti 3  1289A   2.253   0.0018            
 nFnu  1103A   6.292  19.9012      Ca B  8392A   2.676   0.0048      N  1 959.4A   2.681   0.0049      V  2  2712A   2.098   0.0013            
 nInu  1103A   7.189 157.0043      Ca B  8374A   2.610   0.0041      N  1 955.5A   2.560   0.0037      V  2  2685A   2.202   0.0016            
 nFnu  1074A   6.041  11.1565      Ca B  8359A   2.548   0.0036      N  1 951.2A   2.561   0.0037      V  2  2140A   2.152   0.0014            
 nInu  1074A   7.125 135.6134      Ca B  8346A   2.489   0.0031      N  1 960.2A   2.528   0.0034      Cr 2  2060A   3.090   0.0125            
 nFnu  1064A   5.778   6.0937      Ca B  8334A   2.432   0.0027      N  1  1160A   2.517   0.0033      Cr 2  1829A   2.094   0.0013            
 nInu  1064A   6.983  97.6568      Ca B 4.051m   3.950   0.0905      N  1  1161A   2.351   0.0023      Cr 2  1081A   2.501   0.0032            
 nFnu  1036A   5.573   3.8007      Ca B 2.625m   3.785   0.0619      N  1  1200A   3.773   0.0603      Cr 2  1063A   2.514   0.0033            
 nInu  1036A   6.970  94.8369      Ca B 2.166m   3.619   0.0422      TOTL 1.040m   2.246   0.0018      Mn 2  2590A   4.117   0.1330            
 nFnu  1000A   5.360   2.3267      Ca B 1.945m   3.467   0.0298      N  2  1085A   3.097   0.0127      Mn 2  1199A   2.718   0.0053            
 nInu  1000A   6.874  76.0962      Ca B 1.817m   3.333   0.0219      O  1  6300A   3.270   0.0189      Mn 2  1163A   2.359   0.0023            
 nFnu 925.1A   5.219   1.6825      Ca B 1.736m   3.212   0.0166      O  1  6363A   2.773   0.0060      Co 2  2062A   2.295   0.0020            
 nInu 925.1A   6.840  70.3209      Ca B 1.681m   3.101   0.0128      O  1  5577A   2.829   0.0068      Co 2  2019A   2.320   0.0021            
 nFnu 897.8A   6.036  11.0445      Ca B 1.641m   2.997   0.0101      6lev  8446A   3.911   0.0827      Co 2  1950A   2.341   0.0022            
 nFnu 760.0A   4.743   0.5626      Ca B 1.611m   2.896   0.0080      6lev  1304A   4.627   0.4304      Co 2  1576A   2.388   0.0025            
 nFnu 701.5A   4.010   0.1040      Ca B 1.588m   2.800   0.0064      6lev 1.310m   2.182   0.0015      Co 2  1470A   2.588   0.0039            
 nFnu 608.2A   2.480   0.0031      Ca B 1.570m   2.709   0.0052      6lev 1.130m   3.694   0.0502      Ni 2  1752A   2.807   0.0065            
 nFnu 575.1A   2.302   0.0020      Ca B 1.556m   2.623   0.0043      Na 1  5892A   3.655   0.0460      Ni 2  1744A   3.065   0.0118            
 nFnu 496.9A   5.094   1.2603      Ca B 1.544m   2.542   0.0035      Mg 1  4561A   2.032   0.0011      Ni 2  1485A   2.549   0.0036            
 RRC.........................      Ca B 1.534m   2.465   0.0030      Mg 1  2853A   3.299   0.0202      Ni 2  1473A   2.801   0.0064            
 grains......................      Ca B 1.526m   2.392   0.0025      Mg 1  2026A   2.414   0.0026      Ni 2  1400A   2.672   0.0048            
 H-like iso-sequence.........      Ca B 1.519m   2.323   0.0021      TOTL  2798A   5.820   6.7192      Ni 2  1376A   3.244   0.0178            
 Clin 912.0A   2.831   0.0069      Ca B 1.513m   2.257   0.0018      Mg 2  2796A   5.588   3.9375      Ni 2  1324A   3.109   0.0131            
 Hlin 912.0A   5.693   5.0127      Ca B 1.508m   2.195   0.0016      Mg 2  2803A   5.420   2.6722      Cu 2  1472A   2.196   0.0016            
 Cool  1216A   2.560   0.0037      Ca B 1.504m   2.136   0.0014      totl  2665A   4.270   0.1892      Cu 2  1368A   2.347   0.0023            
 Crst 960.0A   2.422   0.0027      Ca B 1.500m   2.078   0.0012      Al 2  2670A   4.257   0.1838      Cu 2  1359A   2.550   0.0036            
 Hrst 960.0A   5.554   3.6348      Ca B 7.458m   3.457   0.0291      Si 1  2518A   2.046   0.0011      Zn 2  2038A   2.696   0.0050            
 Crst  4861A   5.662   4.6632      Ca B 4.653m   3.316   0.0211      TOTL  2335A   4.300   0.2029      hyperfine structure.........            
 Strk  6563A   2.941   0.0089      Ca B 3.740m   3.172   0.0151      Si 2  2334A   3.509   0.0328      inner shell.................            
 Strk 1.875m   2.067   0.0012      Ca B 3.296m   3.041   0.0112      Si 2  2329A   2.141   0.0014      molecules...................            
 Dest  1216A   5.871   7.5445      Ca B 3.038m   2.922   0.0085      Si 2  2350A   3.470   0.0300      H-CT  6563A   5.079   1.2196            



                                                                           
 Cooling:  HFFc     0 :0.121 Fe2c     0 :0.096 H-FB     0 :0.125 H2+      0 :0.057  
 Heating:  BFH1     0 :0.331 TotM     0 :0.052 Hlin 912.0A:0.252 H- H     0 :0.256  

 These are some of the most important databases used by Cloudy:
 Many recombination coefficients were taken from http://amdpp.phys.strath.ac.uk/tamoc/RR/ and http://amdpp.phys.strath.ac.uk/tamoc/DR/
      and are based on the following papers:
        Badnell N. R., et al., A&A 406, 1151 (2003) [http://adsabs.harvard.edu/abs/2003A%26A...406.1151B]
        Badnell N. R., ApJS 167, 334 (2006) [http://adsabs.harvard.edu/abs/2006ApJS..167..334B]
 Much of the molecular emission data is from LAMDA as accessed on Dec. 18, 2010. This database is described in:
        Schoeier F.L., et al., A&A 432, 369 (2005) [http://adsabs.harvard.edu/abs/2005A%26A...432..369S]
      This database is in part based on the work of the following groups:
        JPL: Pickett H. M. et al., JQSRT, 60, 883 (1998). [http://adsabs.harvard.edu/abs/1998JQSRT..60..883P]
        CDMS: Mueller H. S. et al., A&A 370, L49 (2001). [http://adsabs.harvard.edu/abs/2001A%26A...370L..49M]
              Mueller H. S. et al., J. Mol. Struct. 742, 215 (2005). [http://adsabs.harvard.edu/abs/2005JMoSt.742..215M]
 Much of the ionic emission data is from version 7.0 of CHIANTI. CHIANTI is a collaborative project involving the NRL (USA), the
      Universities of Florence (Italy) and Cambridge (UK), and George Mason University (USA). These papers describe Chianti:
        Dere K. P., et al., A&AS, 125, 149 (1997) [http://adsabs.harvard.edu/abs/1997A%26AS..125..149D]
        Landi E., et al., ApJ, 744, 99 (2012) [http://adsabs.harvard.edu/abs/2012ApJ...744...99L]
 Much of the H_2 data is from this web site: http://molat.obspm.fr/index.php?page=pages/Molecules/H2/H2can94.php. These data are
      described in:
        Abgrall H. et al., Can. J. Phys., 72, 856 (1994) [http://adsabs.harvard.edu/abs/1994CaJPh..72..856A]
        Wrathmall S. A. & Flower D. R., J. Phys. B, 40, 3221 (2007) [http://adsabs.harvard.edu/abs/2007JPhB...40.3221W]
 Please cite those papers that played a significant role in this calculation.

 IONIZE PARMET:  U(1-) -5.4768  U(4-):-16.1133  U(sp): -5.48  Q(ion):    0.000  L(ion)  0.000    Q(low): 19.376    L(low)  7.131
 ENERGY BUDGET:  Heat:   6.292  Coolg:   6.292  Error:  0.0%  Rec Lin:   4.622  F-F  H  0.000    P(rad/tot)max     1.82E-04

     Col(Heff):      0.000E+00  snd travl time  5.83E+04 sec  Te-low: 3.88E+03  Te-hi: 8.14E+03  G0TH85: 6.89E+09  G0DB96:8.98E+09
  Emiss Measure    n(e)n(p) dl       4.170E+29  n(e)n(He+)dl         6.426E+27  En(e)n(He++) dl         4.218E+16  ne nC+:2.12E+28
 He/Ha:2.38E-02  =   0.28*true  Lthin:1.29E-01  itr/zn:15.15  H2 itr/zn:  0.00  File Opacity: F  MassTot 7.69e-02  (gm/cm^2)
   Temps(21 cm)   T(21cm/Ly a)  4.81E+03        T(<nH/Tkin>)  5.09E+03          T(<nH/Tspin>)    5.10E+03          TB21cm:1.02E+03
                   N(H0/Tspin)  6.62E+18        N(OH/Tkin)    4.35E+10          B(21cm)          0.00E+00
   <a>:3.27E-03  erdeFe0.0E+00  Tcompt1.12E-07  Tthr1.64E+05  <Tden>: 5.12E+03  <dens>:2.27E-12  <MolWgt>1.26E+00
     Mean Jeans  l(cm)2.65E+15  M(sun)1.11E+01  smallest:     len(cm):2.31E+15  M(sun):7.35E+00  a_ox tran:  0.00
 Rion:1.000E+30  Dist:0.00E+00  Diam:0.000E+00
 Hatom level 70  HatomType: add  HInducImp  T  He tot level: 63  He2 level:   70  ExecTime  1330.3
 ConvrgError(%)  <eden>  0.115  MaxEden  1.002  <H-C>   0.11  Max(H-C)    0.48  <Press>   0.000  MaxPrs er  0.000
  Continuity(%)  chng Te   3.6  elec den  11.1  n(H2)    0.0  n(CO)        0.0

                                                        Averaged Quantities
             Te      Te(Ne)   Te(NeNp)  Te(NeHe+)Te(NeHe2+) Te(NeO+)  Te(NeO2+)  Te(H2)     N(H)     Ne(O2+)   Ne(Np)
 Radius:  5.12e+03  5.25e+03  6.90e+03  7.84e+03  7.76e+03  6.96e+03  8.02e+03  4.72e+03  1.00e+12  4.21e+11  6.37e+09

 Contin Optical Depths: COMP: 5.26e-05    H-: 1.63e-02 R(1300): 2.27e-01  H2+: 1.09e-04  Pfa:6.59E-05
                          Pa: 5.57e-05    Ba: 1.49e-02      Hb: 1.15e-02   La: 4.87e+02     1r:2.138E+05  1.8:6.37E+04 4.:9.278E+03

 Old, new H  1 continuum optical depths:
     1 2.29e+05     2 2.37e-02     3 1.75e-02     4 1.75e-02     5 1.75e-02     6 4.34e-03     7 4.34e-03     8 4.34e-03
     9 4.34e-03    10 4.82e-06    11 4.82e-06    12 4.82e-06    13 4.82e-06    14 4.82e-06    15 9.53e-06    16 9.53e-06
    17 9.53e-06    18 9.53e-06    19 9.53e-06    20 9.53e-06    21 1.71e-05    22 1.71e-05    23 1.71e-05    24 1.71e-05
    25 1.71e-05    26 1.71e-05    27 1.71e-05    28 2.80e-05    29 2.80e-05    30 2.80e-05    31 2.80e-05    32 2.80e-05
    33 2.80e-05    34 2.80e-05    35 2.80e-05    36 4.31e-05    37 4.31e-05    38 4.31e-05    39 4.31e-05    40 4.31e-05
    41 4.31e-05    42 4.31e-05    43 4.31e-05    44 4.31e-05    45 6.34e-05    46 6.34e-05    47 6.34e-05    48 6.34e-05
    49 6.34e-05    50 6.34e-05    51 6.34e-05    52 6.34e-05    53 6.34e-05    54 6.34e-05
     1 2.14e+05     2 2.26e-02     3 1.64e-02     4 1.64e-02     5 1.64e-02     6 4.06e-03     7 4.06e-03     8 4.06e-03
     9 4.06e-03    10 4.57e-06    11 4.57e-06    12 4.57e-06    13 4.57e-06    14 4.57e-06    15 9.06e-06    16 9.06e-06
    17 9.06e-06    18 9.06e-06    19 9.06e-06    20 9.06e-06    21 1.62e-05    22 1.62e-05    23 1.62e-05    24 1.62e-05
    25 1.62e-05    26 1.62e-05    27 1.62e-05    28 2.66e-05    29 2.66e-05    30 2.66e-05    31 2.66e-05    32 2.66e-05
    33 2.66e-05    34 2.66e-05    35 2.66e-05    36 4.10e-05    37 4.10e-05    38 4.10e-05    39 4.10e-05    40 4.10e-05
    41 4.10e-05    42 4.10e-05    43 4.10e-05    44 4.10e-05    45 6.03e-05    46 6.03e-05    47 6.03e-05    48 6.03e-05
    49 6.03e-05    50 6.03e-05    51 6.03e-05    52 6.03e-05    53 6.03e-05    54 6.03e-05

 Old, new H  1 mean line optical depths:
  2- 1 5.30e+09  3- 2 1.27e+03  4- 3 1.24e+01  5- 4 6.14e-01  6- 5 1.28e-01  7- 6 7.14e-02  8- 7 6.05e-02
  9- 8 8.74e-02 10- 9 1.65e-01
  2- 1 4.95e+09  3- 2 1.23e+03  4- 3 1.16e+01  5- 4 4.93e-01  6- 5 9.88e-02  7- 6 7.21e-02  8- 7 7.19e-02
  9- 8 1.03e-01 10- 9 1.75e-01

 Old, new He 2 continuum optical depths:
     1 9.96e+03     2 2.27e+05     3 7.26e-03     4 7.26e-03     5 7.26e-03     6 2.37e-02     7 2.37e-02     8 2.37e-02
     9 2.37e-02    10 1.42e-02    11 1.42e-02    12 1.42e-02    13 1.42e-02    14 1.42e-02    15 1.75e-02    16 1.75e-02
    17 1.75e-02    18 1.75e-02    19 1.75e-02    20 1.75e-02    21 1.47e-02    22 1.47e-02    23 1.47e-02    24 1.47e-02
    25 1.47e-02    26 1.47e-02    27 1.47e-02    28 4.34e-03    29 4.34e-03    30 4.34e-03    31 4.34e-03    32 4.34e-03
    33 4.34e-03    34 4.34e-03    35 4.34e-03    36 3.09e-06    37 3.09e-06    38 3.09e-06    39 3.09e-06    40 3.09e-06
    41 3.09e-06    42 3.09e-06    43 3.09e-06    44 3.09e-06    45 4.82e-06    46 4.82e-06    47 4.82e-06    48 4.82e-06
    49 4.82e-06    50 4.82e-06    51 4.82e-06    52 4.82e-06    53 4.82e-06    54 4.82e-06
     1 9.28e+03     2 2.11e+05     3 6.88e-03     4 6.88e-03     5 6.88e-03     6 2.26e-02     7 2.26e-02     8 2.26e-02
     9 2.26e-02    10 1.33e-02    11 1.33e-02    12 1.33e-02    13 1.33e-02    14 1.33e-02    15 1.64e-02    16 1.64e-02
    17 1.64e-02    18 1.64e-02    19 1.64e-02    20 1.64e-02    21 1.38e-02    22 1.38e-02    23 1.38e-02    24 1.38e-02
    25 1.38e-02    26 1.38e-02    27 1.38e-02    28 4.06e-03    29 4.06e-03    30 4.06e-03    31 4.06e-03    32 4.06e-03
    33 4.06e-03    34 4.06e-03    35 4.06e-03    36 2.93e-06    37 2.93e-06    38 2.93e-06    39 2.93e-06    40 2.93e-06
    41 2.93e-06    42 2.93e-06    43 2.93e-06    44 2.93e-06    45 4.57e-06    46 4.57e-06    47 4.57e-06    48 4.57e-06
    49 4.57e-06    50 4.57e-06    51 4.57e-06    52 4.57e-06    53 4.57e-06    54 4.57e-06

 Old, new He 2 mean line optical depths:
  2- 1 1.97e+03  3- 2 1.80e-10  4- 3 4.97e-12  5- 4 3.25e-12  6- 5 2.45e-13  7- 6 3.31e-14  8- 7 6.07e-14
  9- 8 8.55e-14 10- 9 1.04e-13
  2- 1 1.91e+03  3- 2 1.90e-10  4- 3 4.98e-12  5- 4 3.25e-12  6- 5 2.45e-13  7- 6 3.51e-14  8- 7 6.07e-14
  9- 8 8.82e-14 10- 9 1.06e-13

 Old He Is optical depths:    1 6.84e+04    2 1.16e-02    3 1.69e-02    4 2.08e-02    5 2.08e-02
 New He Is optical depths:    1 6.37e+04    2 1.10e-02    3 1.61e-02    4 1.98e-02    5 1.98e-02
          Old He Is Lines:  584 2.87e+08 3889 9.62e-02 5016 1.22e-02 5876 5.39e-03
          New He Is Lines:  584 2.68e+08 3889 9.58e-02 5016 1.22e-02 5876 6.12e-03

==== H      compounds ====           Log10 column densities [cm^-2}
   H2        : 17.177   H2*       : 15.848   H2+       : 13.191   H3+       :  9.221
==== He     compounds ====
   HeH+      : 12.084
==== Li     compounds ====
   LiH       :  1.506   LiH+      : -0.151
==== C      compounds ====
   CH        : 10.548   CH+       : 12.347   CH2       :  6.119   CH2+      :  8.216   CH3       :  1.746   CH3+      :  4.402   CH4       : -2.210   CH4+      : -4.300
   CH5+      : -5.811   C2        :  6.113   C2+       :  7.664   C2H       :  1.579   C2H+      :  3.538   C2H2      : -4.118   C2H2+     : -0.127   C2H3+     : -4.801
   C3        : -3.594   C3+       : -0.895   C3H       : -9.073   C3H+      : -4.039
==== N      compounds ====
   NH        : 13.927   NH+       : 13.128   NH2       :  9.287   NH2+      :  9.183   NH3       :  5.442   NH3+      :  5.006   NH4+      : -1.772   CN        : 12.370
   CN+       : 10.633   HCN       :  9.393   HCN+      :  8.184   HNC       :  1.566   HCNH+     :  4.389   HC3N      :-35.930   N2        : 12.272   N2+       :  9.925
   N2H+      :  1.040
==== O      compounds ====
   OH        : 14.310   OH+       : 13.616   H2O       :  9.561   H2O+      :  9.542   H3O+      :  5.608   CO        : 14.260   CO+       : 10.854   HCO+      :  7.905
   H2CO      :-35.930   CH3OH     :-35.930   ^13CO     : 12.783   NO        : 11.967   NO+       : 10.419   HNO       :  7.005   HNO+      :  6.049   OCN       :  7.445
   OCN+      :  5.886   N2O       :  6.876   O2        : 10.355   O2+       : 11.499   NO2       :  3.916   NO2+      :  3.788
==== Ne     compounds ====
   NeH+      :  9.845
==== Si     compounds ====
   SiH       :  5.613   SiH2+     :  4.893   SiC2      :-35.930   SiN       :  3.223   SiN+      : 10.543   SiO       :  7.781   SiO+      : 10.738   SiOH+     :  6.491
==== S      compounds ====
   HS        : 10.166   HS+       : 11.137   CS        :  5.150   CS+       :  7.750   HCS+      :  4.541   NS        :  7.208   NS+       :  9.958   SO        :  7.985
   SO+       : 10.337   OCS       :  0.225   OCS+      :  0.012   SO2       :-35.930   S2        : -0.064   S2+       : -1.416
==== Cl     compounds ====
   HCl       :  7.431   HCl+      : 11.625   H2Cl+     :  7.966   CCl       : -5.850   CCl+      :  4.997   H2CCl+    : -7.925   ClO       : -8.557   ClO+      :-10.814
==== Ar     compounds ====
   ArH+      : 12.176
==== Ti     compounds ====
   TiH       :-35.930   TiH+      :-35.930   TiH2      :-35.930   TiH2+     :-35.930   TiC       :-35.930   TiC+      :-35.930   HCTi      :-35.930   HCTi+     :-35.930
   TiC2      :-35.930   TiC2+     :-35.930   TiN       :-35.930   TiN+      :-35.930   HNTi      :-35.930   HNTi+     :-35.930   TiNC      :-35.930   TiNC+     :-35.930
   TiO       :-35.930   TiO+      :-35.930   TiOH+     :-35.930   TiO2      :-35.930   TiF+      :-35.930   TiS       :-35.930   TiS+      :-35.930   HTiS      :-35.930


               1      2      3      4      5      6      7      8      9     10     11     12     13     14     15     16     17

 Hydrogen   22.529 19.816 17.197 (H2)                Log10 Column density (cm^-2)
 Helium     21.460 16.498  5.461
 Lithium     7.729 11.579-30.000-30.000
 Beryllium   8.299 11.910  5.606-30.000-30.000
 Boron       8.700 13.230  5.729-30.000-30.000-30.000
 Carbon     16.114 18.959 12.494-30.000-30.000-30.000-30.000
 Nitrogen   18.358 16.089  9.186-30.000-30.000-30.000-30.000-30.000
 Oxygen     19.219 16.404  9.721-30.000-30.000-30.000-30.000-30.000-30.000
 Fluorine   15.090 10.687  8.135-30.000-30.000-30.000-30.000-30.000-30.000-30.000
 Neon       18.460 13.917 10.637-30.000-30.000-30.000-30.000-30.000-30.000-30.000-30.000
 Sodium     13.931 16.770  9.274-30.000-30.000-30.000-30.000-30.000-30.000-30.000-30.000-30.000
 Magnesium  14.912 18.130 14.247-30.000-30.000-30.000-30.000-30.000-30.000-30.000-30.000-30.000-30.000
 Aluminium  12.512 16.980 10.077-30.000-30.000-30.000-30.000-30.000-30.000-30.000-30.000-30.000-30.000-30.000
 Silicon    13.044 18.041 12.399-30.000-30.000-30.000-30.000-30.000-30.000-30.000-30.000-30.000-30.000-30.000-30.000
 Phosphorus 12.739 15.940  9.363-30.000-30.000-30.000-30.000-30.000-30.000-30.000-30.000-30.000-30.000-30.000-30.000-30.000
 Sulphur    14.317 17.650 11.713-30.000-30.000-30.000-30.000-30.000-30.000-30.000-30.000-30.000-30.000-30.000-30.000-30.000-30.000
 Chlorine   13.323 16.029  9.886-30.000-30.000-30.000-30.000-30.000-30.000-30.000-30.000-30.000-30.000-30.000-30.000-30.000-30.000
-30.000
 Argon      16.930 12.730 11.552-30.000-30.000-30.000-30.000-30.000-30.000-30.000-30.000-30.000-30.000-30.000-30.000-30.000-30.000
-30.000-30.000
 Potassium  12.106 15.559  9.201-30.000-30.000-30.000-30.000-30.000-30.000-30.000-30.000-30.000-30.000-30.000-30.000-30.000-30.000
-30.000-30.000-30.000
 Calcium    11.594 14.259 16.869-30.000-30.000-30.000-30.000-30.000-30.000-30.000-30.000-30.000-30.000-30.000-30.000-30.000-30.000
-30.000-30.000-30.000-30.000
 Scandium    9.210 13.426 13.324  5.595-30.000-30.000-30.000-30.000-30.000-30.000-30.000-30.000-30.000-30.000-30.000-30.000-30.000
-30.000-30.000-30.000-30.000-30.000
 Titanium   10.843 15.473 13.665  5.285-30.000-30.000-30.000-30.000-30.000-30.000-30.000-30.000-30.000-30.000-30.000-30.000-30.000
-30.000-30.000-30.000-30.000-30.000-30.000
 Vanadium   12.177 14.458  9.203  3.451-30.000-30.000-30.000-30.000-30.000-30.000-30.000-30.000-30.000-30.000-30.000-30.000-30.000
-30.000-30.000-30.000-30.000-30.000-30.000-30.000
 Chromium   11.560 16.170 11.671-30.000-30.000-30.000-30.000-30.000-30.000-30.000-30.000-30.000-30.000-30.000-30.000-30.000-30.000
-30.000-30.000-30.000-30.000-30.000-30.000-30.000-30.000
 Manganese  12.422 15.960 11.554-30.000-30.000-30.000-30.000-30.000-30.000-30.000-30.000-30.000-30.000-30.000-30.000-30.000-30.000
-30.000-30.000-30.000-30.000-30.000-30.000-30.000-30.000-30.000
 Iron       13.723 18.030 13.130-30.000-30.000-30.000-30.000-30.000-30.000-30.000-30.000-30.000-30.000-30.000-30.000-30.000-30.000
-30.000-30.000-30.000-30.000-30.000-30.000-30.000-30.000-30.000-30.000
 Cobalt     12.425 15.520  7.879-30.000-30.000-30.000-30.000-30.000-30.000-30.000-30.000-30.000-30.000-30.000-30.000-30.000-30.000
-30.000-30.000-30.000-30.000-30.000-30.000-30.000-30.000-30.000-30.000-30.000
 Nickel     13.117 16.750  8.626-30.000-30.000-30.000-30.000-30.000-30.000-30.000-30.000-30.000-30.000-30.000-30.000-30.000-30.000
-30.000-30.000-30.000-30.000-30.000-30.000-30.000-30.000-30.000-30.000-30.000-30.000
 Copper     11.739 14.720  8.689-30.000-30.000-30.000-30.000-30.000-30.000-30.000-30.000-30.000-30.000-30.000-30.000-30.000-30.000
-30.000-30.000-30.000-30.000-30.000-30.000-30.000-30.000-30.000-30.000-30.000-30.000-30.000
 Zinc       11.630 15.090  9.370-30.000-30.000-30.000-30.000-30.000-30.000-30.000-30.000-30.000-30.000-30.000-30.000-30.000-30.000
-30.000-30.000-30.000-30.000-30.000-30.000-30.000-30.000-30.000-30.000-30.000-30.000-30.000-30.000
 Exc state    He1* 11.899   CII* 18.780   C11* 15.163   C12* 15.638   C13* 15.857   O11* 18.974   O12* 18.732   O13* 18.247
              Si2* 17.852   C30*  8.250   C31*  8.726   C32*  8.949


 Hydrogen   -0.001 -2.714 -5.032 (H2)                 Log10 Mean Ionisation (over radius)
 Helium     -0.000 -4.961-15.998
 Lithium    -3.850 -0.000
 Beryllium  -3.611 -0.000 -6.304
 Boron      -4.529 -0.000 -7.501
 Carbon     -2.846 -0.001 -6.466
 Nitrogen   -0.002 -2.271 -9.174
 Oxygen     -0.001 -2.816 -9.499
 Fluorine   -0.000 -4.403 -6.955
 Neon       -0.000 -4.543 -7.823
 Sodium     -2.839 -0.001 -7.497
 Magnesium  -3.217 -0.000 -3.883
 Aluminium  -4.468 -0.000 -6.903
 Silicon    -4.996 -0.000 -5.641
 Phosphorus -3.201 -0.000 -6.577
 Sulphur    -3.334 -0.000 -5.937
 Chlorine   -2.706 -0.001 -6.144
 Argon      -0.000 -4.200 -5.377
 Potassium  -3.454 -0.000 -6.358
 Calcium    -5.277 -2.611 -0.001
 Scandium   -4.470 -0.253 -0.355 -8.085
 Titanium   -4.637 -0.007 -1.815-10.194
 Vanadium   -2.283 -0.002 -5.257-11.009
 Chromium   -4.611 -0.000 -4.500
 Manganese  -3.538 -0.000 -4.405
 Iron       -4.307 -0.000 -4.900
 Cobalt     -3.095 -0.000 -7.641
 Nickel     -3.633 -0.000 -8.124
 Copper     -2.982 -0.000 -6.031
 Zinc       -3.460 -0.000 -5.719

               1      2      3      4      5      6      7      8      9     10     11     12     13     14     15     16     17

 Hydrogen   -0.002 -2.278 -5.172 (H2)         Log10 Mean Ionisation (over radius*electron density)
 Helium     -0.000 -3.020-14.203
 Lithium    -3.265 -0.000
 Beryllium  -2.279 -0.002 -4.387
 Boron      -3.198 -0.000 -5.308
 Carbon     -2.651 -0.001 -4.411
 Nitrogen   -0.004 -2.011 -6.918
 Oxygen     -0.002 -2.354 -7.243
 Fluorine   -0.002 -2.455 -5.088
 Neon       -0.001 -2.666 -6.194
 Sodium     -2.747 -0.001 -6.287
 Magnesium  -3.035 -0.000 -3.714
 Aluminium  -4.387 -0.000 -4.952
 Silicon    -4.208 -0.000 -4.367
 Phosphorus -3.185 -0.000 -4.453
 Sulphur    -3.122 -0.000 -3.972
 Chlorine   -2.801 -0.001 -4.210
 Argon      -0.003 -2.225 -3.317
 Potassium  -3.363 -0.000 -4.687
 Calcium    -3.463 -1.925 -0.005
 Scandium   -3.593 -0.251 -0.358 -5.977
 Titanium   -4.567 -0.007 -1.809 -7.877
 Vanadium   -2.226 -0.003 -3.162 -8.661
 Chromium   -3.464 -0.000 -3.198
 Manganese  -3.542 -0.000 -3.310
 Iron       -4.280 -0.000 -3.652
 Cobalt     -2.403 -0.002 -5.739
 Nickel     -3.621 -0.000 -5.886
 Copper     -2.624 -0.001 -3.852
 Zinc       -2.315 -0.002 -4.115

               1      2      3      4      5      6      7      8      9     10     11     12     13     14     15     16     17

 Hydrogen    3.709  3.722  3.674 (H2)                  Log10 Mean Temperature (over radius)
 Helium      3.709  3.868  3.852
 Lithium     3.724  3.709
 Beryllium   3.755  3.709  3.866
 Boron       3.751  3.709  3.895
 Carbon      3.713  3.709  3.881
 Nitrogen    3.709  3.725  3.901
 Oxygen      3.709  3.723  3.901
 Fluorine    3.709  3.867  3.863
 Neon        3.709  3.859  3.841
 Sodium      3.719  3.709  3.796
 Magnesium   3.719  3.709  3.725
 Aluminium   3.716  3.709  3.867
 Silicon     3.727  3.709  3.748
 Phosphorus  3.712  3.709  3.887
 Sulphur     3.714  3.709  3.872
 Chlorine    3.683  3.709  3.866
 Argon       3.709  3.872  3.884
 Potassium   3.719  3.709  3.839
 Calcium     3.832  3.723  3.709
 Scandium    3.734  3.709  3.709  3.879
 Titanium    3.717  3.709  3.709  3.906
 Vanadium    3.714  3.709  3.881  3.909
 Chromium    3.743  3.709  3.750
 Manganese   3.708  3.709  3.739
 Iron        3.714  3.709  3.747
 Cobalt      3.726  3.709  3.815
 Nickel      3.711  3.709  3.899
 Copper      3.717  3.709  3.893
 Zinc        3.746  3.709  3.833

               1      2      3      4      5      6      7      8      9     10     11     12     13     14     15     16     17

 Hydrogen    3.719  3.839  3.690 (H2)          Log10 Mean Temperature (over radius*electron density)
 Helium      3.720  3.894  3.890
 Lithium     3.852  3.720
 Beryllium   3.891  3.719  3.893
 Boron       3.893  3.720  3.902
 Carbon      3.792  3.720  3.898
 Nitrogen    3.719  3.800  3.904
 Oxygen      3.720  3.843  3.904
 Fluorine    3.719  3.895  3.891
 Neon        3.720  3.893  3.881
 Sodium      3.741  3.720  3.861
 Magnesium   3.778  3.720  3.774
 Aluminium   3.745  3.720  3.895
 Silicon     3.872  3.720  3.895
 Phosphorus  3.725  3.720  3.900
 Sulphur     3.796  3.720  3.895
 Chlorine    3.702  3.720  3.894
 Argon       3.719  3.895  3.897
 Potassium   3.740  3.720  3.885
 Calcium     3.894  3.857  3.718
 Scandium    3.873  3.721  3.718  3.901
 Titanium    3.739  3.720  3.723  3.907
 Vanadium    3.742  3.720  3.900  3.909
 Chromium    3.887  3.720  3.895
 Manganese   3.719  3.720  3.890
 Iron        3.726  3.720  3.894
 Cobalt      3.862  3.719  3.903
 Nickel      3.722  3.720  3.904
 Copper      3.827  3.720  3.902
 Zinc        3.885  3.719  3.882

               1      2      3      4      5      6      7      8      9     10     11     12     13     14     15     16     17
                                                                          

---------------Convergence statistics---------------
      1.56 mean iterations/state convergence
      2.99 mean cx acceleration loops/iteration
      1.03 mean iso convergence loops/ion solve
      1.01 mean steps/chemistry solve
         1 mean step length searches/chemistry step
----------------------------------------------------

 Cloudy ends: 332 zones, 4 iterations.  ExecTime(s) 1330.36
 [Stop in cdMain at ../maincl.cpp:483, Cloudy exited OK]
 ************************************************** GRID_DELIMIT -- grid000000129
