                                                          Cloudy 13.03
                                                         www.nublado.org

                       **************************************13Feb20**************************************
                       *                                                                                 *
                       * c                                                                               *
                       * phi(h) 13.000000 LOG range -0.000232 6.866524                                   *
                       * grid from 8 to 23 in 1 dex steps                                                *
                       * HDEN=9.000000 LOG                                                               *
                       * grid from 0 to 12 in 1 dex steps                                                *
                       * set pres ionize 1e5                                                             *
                       * c                                                                               *
                       * c                                                                               *
                       * table star "Rotation_inst.mod" age 6.78                                         *
                       * c<< Rotation_ins model    4 read.       Age =    6010000.00                 >>> *
                       * c<< Rotation_ins model    5 read.       Age =    8010000.00                 >>> *
                       * c<< FINAL:     Age =    6025595.86                                          >>> *
                       * c                                                                               *
                       * c                                                                               *
                       * abundances GASS10                                                               *
                       * c                                                                               *
                       * c                                                                               *
                       * iterate to convergence max = 7                                                  *
                       * stop column density = 23                                                        *
                       * c                                                                               *
                       * c                                                                               *
                       * print last                                                                      *
                       * set save prefix "geneva_inst_rot_6"                                             *
                       * save grid ".grd" last no hash                                                   *
                       * save linelist "emissionlines_abs.txt" "LineList_HII.dat" absolute last no hash    *
                       *                                                                                 *
                       ***********************************************************************************



           !The plasma frequency is 9.45e-08 Ryd.  The incident continuum is set to 0 below this.
           3972CellPeak1.00E+00   Lo 1.00e-08=910.79cm   Hi-Con:4.21E+00 Ryd   E(hi):7.35E+06Ryd     E(hi):     100.01 MeV
           I(nu>1ryd):   2.4624   Average nu:1.330E+00   I( X-ray):   0.0000   I(BalC):   3.1389     Phi(BalmrC):  14.0435
           phi(1.0-1.8):12.9574   phi(1.8-4.0): 11.970   phi(4.0-20):  2.363   phi(20--):  0.000     Ion pht flx:1.000E+13
           I(gam ray):   0.0000   phi(gam r):   0.0000   I(Infred):   2.2347   Alf(ox):   0.0000     Total inten:   3.2645
           U(1.0----):3.336E-07   U(4.0----):7.703E-18   T(En-Den):5.336E+01   T(Comp):2.841E+04     nuJnu(912A):1.206E+03
           Occ(FarIR):0.000E+00   Occ(H n=6):2.886E-10   Occ(1Ryd):5.543E-14   Occ(4R):1.859E-25     Occ (Nu-hi):1.724E-26
           Tbr(FarIR):0.000E+00   Tbr(H n=6):1.265E-06   Tbr(1Ryd):8.762E-09   Tbr(4R):1.175E-19     Tbr (Nu-hi):1.143E-20
  
                                                  Gas Phase Chemical Composition
        H :  0.0000  He: -1.0701  Li:-10.9508  Be:-10.6198  B : -9.3002  C : -3.5702  N : -4.1701  O : -3.3098  F : -7.4401
        Ne: -4.0701  Na: -5.7595  Mg: -4.4001  Al: -5.5498  Si: -4.4895  P : -6.5901  S : -4.8794  Cl: -6.5003  Ar: -5.6003
        K : -6.9706  Ca: -5.6596  Sc: -8.8508  Ti: -7.0501  V : -8.0701  Cr: -6.3595  Mn: -6.5702  Fe: -4.5003  Co: -7.0101
                                               Ni: -5.7799  Cu: -7.8097  Zn: -7.4401
 
 ####  1  Te:6.734E+03 Hden:1.000E+09 Ne:2.306E+08 R:1.000E+30 R-R0:1.405E+05 dR:2.809E+05 NTR: 36 Htot:1.203E-07 T912: 1.37e-03###
 Hydrogen      7.74e-01 2.26e-01 H+o/Hden 1.00e+00 4.80e-08 H-    H2 4.72e-09 5.27e-09 H2+ HeH+ 8.03e-09 Ho+ ColD 2.17e+14 6.36e+13
 Helium        9.63e-01 3.68e-02 1.97e-14 HeI 2s3S 5.39e-07 Comp H,C 5.40e-18 1.28e-18 Fill Fac 1.00e+00 Gam1/tot 1.00e+00
 He singlet n  9.63e-01 1.16e-08 1.19e-14 2.53e-15 7.09e-15 3.29e-15 He tripl 5.39e-07 1.51e-12 6.51e-15 3.51e-14 9.11e-15
 Pressure      NgasTgas 8.87e+12 P(total) 1.22e-03 P( gas ) 1.22e-03 P(Radtn) 0.00e+00 Rad accl 4.15e-02 ForceMul 1.00e+07
 Texc(La)      3.98e+03 T(I con) 5.34e+01 T(D con) 4.06e+00 T(U tot) 5.34e+01 nT (c+d) 1.39e+07 Prad/Gas 0.00e+00 Pmag/Gas 0.00e+00
 Molecules     CH/Ctot: 2.87e-08 CH+/Ctot 2.58e-09 CO/Ctot: 6.08e-09 CO+/Ctot 3.40e-12 H2O/Otot 2.01e-16 OH/Ototl 5.93e-08
 Lithium       7.42e-02 9.26e-01 0.00e+00 0.00e+00 Berylliu 8.40e-01 1.59e-01 1.07e-03 0.00e+00 0.00e+00 sec ion: 0.00e+00
 Boron         2.60e-01 7.40e-01 7.52e-05 0.00e+00 0.00e+00 0.00e+00
 Carbon        2.92e-01 7.07e-01 1.02e-03 0.00e+00 0.00e+00 0.00e+00 0.00e+00 H2O+/O   3.51e-17 OH+/Otot 1.98e-08 Hex(tot) 0.00e+00
 Nitrogen      7.83e-01 2.17e-01 7.83e-07 0.00e+00 0.00e+00 0.00e+00 0.00e+00 0.00e+00 O2/Ototl 4.57e-12 O2+/Otot 1.89e-12
 Oxygen        8.11e-01 1.89e-01 4.16e-07 0.00e+00 0.00e+00 0.00e+00 0.00e+00 0.00e+00 0.00e+00
 Fluorine      7.53e-01 2.47e-01 1.73e-04 0.00e+00 0.00e+00 0.00e+00 0.00e+00 0.00e+00 0.00e+00 0.00e+00
 Neon          8.70e-01 1.30e-01 1.07e-05 0.00e+00 0.00e+00 0.00e+00 0.00e+00 0.00e+00 0.00e+00 0.00e+00 0.00e+00
 Sodium        1.66e-02 9.83e-01 1.15e-05 0.00e+00 0.00e+00 0.00e+00 0.00e+00 0.00e+00 0.00e+00 0.00e+00 0.00e+00 0.00e+00
 Magnesium     2.12e-02 9.73e-01 5.41e-03 0.00e+00 0.00e+00 0.00e+00 0.00e+00 0.00e+00 0.00e+00 0.00e+00 0.00e+00 0.00e+00 0.00e+00
 Aluminium  0  3.66e-04 9.99e-01 4.68e-04 0.00e+00 0.00e+00 0.00e+00 0.00e+00 0.00e+00 0.00e+00 0.00e+00 0.00e+00 0.00e+00 0.00e+00
 Silicon    0  1.14e-02 9.88e-01 1.07e-03 0.00e+00 0.00e+00 0.00e+00 0.00e+00 0.00e+00 0.00e+00 0.00e+00 0.00e+00 0.00e+00 0.00e+00
 Phosphorus 0  1.45e-03 9.97e-01 1.37e-03 0.00e+00 0.00e+00 0.00e+00 0.00e+00 0.00e+00 0.00e+00 0.00e+00 0.00e+00 0.00e+00 0.00e+00
 Sulphur    0  1.11e-01 8.84e-01 5.10e-03 0.00e+00 0.00e+00 0.00e+00 0.00e+00 0.00e+00 0.00e+00 0.00e+00 0.00e+00 0.00e+00 0.00e+00
 Chlorine   0  1.58e-03 9.95e-01 3.25e-03 0.00e+00 0.00e+00 0.00e+00 0.00e+00 0.00e+00 0.00e+00 0.00e+00 0.00e+00 0.00e+00 0.00e+00
 Argon      0  4.48e-01 5.36e-01 1.65e-02 0.00e+00 0.00e+00 0.00e+00 0.00e+00 0.00e+00 0.00e+00 0.00e+00 0.00e+00 0.00e+00 0.00e+00
 Potassium  0  3.81e-03 9.95e-01 7.78e-04 0.00e+00 0.00e+00 0.00e+00 0.00e+00 0.00e+00 0.00e+00 0.00e+00 0.00e+00 0.00e+00 0.00e+00
 Calcium    0  1.04e-01 8.80e-01 1.52e-02 0.00e+00 0.00e+00 0.00e+00 0.00e+00 0.00e+00 0.00e+00 0.00e+00 0.00e+00 0.00e+00 0.00e+00
 Scandium   0  6.58e-02 8.61e-01 7.34e-02 5.34e-05 0.00e+00 0.00e+00 0.00e+00 0.00e+00 0.00e+00 0.00e+00 0.00e+00 0.00e+00 0.00e+00
 Titanium   0  1.01e-04 9.80e-01 1.99e-02 0.00e+00 0.00e+00 0.00e+00 0.00e+00 0.00e+00 0.00e+00 0.00e+00 0.00e+00 0.00e+00 0.00e+00
 Vanadium   0  1.74e-01 7.81e-01 4.47e-02 0.00e+00 0.00e+00 0.00e+00 0.00e+00 0.00e+00 0.00e+00 0.00e+00 0.00e+00 0.00e+00 0.00e+00
 Chromium   0  1.12e-01 8.74e-01 1.48e-02 0.00e+00 0.00e+00 0.00e+00 0.00e+00 0.00e+00 0.00e+00 0.00e+00 0.00e+00 0.00e+00 0.00e+00
 Manganese  0  1.11e-04 9.85e-01 1.47e-02 0.00e+00 0.00e+00 0.00e+00 0.00e+00 0.00e+00 0.00e+00 0.00e+00 0.00e+00 0.00e+00 0.00e+00
 Iron       0  6.48e-05 9.94e-01 5.79e-03 0.00e+00 0.00e+00 0.00e+00 0.00e+00 0.00e+00 0.00e+00 0.00e+00 0.00e+00 0.00e+00 0.00e+00
 Cobalt     0  6.38e-01 3.62e-01 1.75e-05 0.00e+00 0.00e+00 0.00e+00 0.00e+00 0.00e+00 0.00e+00 0.00e+00 0.00e+00 0.00e+00 0.00e+00
 Nickel     0  2.10e-04 1.00e+00 2.17e-05 0.00e+00 0.00e+00 0.00e+00 0.00e+00 0.00e+00 0.00e+00 0.00e+00 0.00e+00 0.00e+00 0.00e+00
 Copper     0  4.02e-01 5.95e-01 3.07e-03 0.00e+00 0.00e+00 0.00e+00 0.00e+00 0.00e+00 0.00e+00 0.00e+00 0.00e+00 0.00e+00 0.00e+00
 Zinc       0  7.84e-01 2.14e-01 2.14e-03 0.00e+00 0.00e+00 0.00e+00 0.00e+00 0.00e+00 0.00e+00 0.00e+00 0.00e+00 0.00e+00 0.00e+00
 ####121  Te:3.989E+03 Hden:1.000E+09 Ne:2.764E+06 R:1.000E+30 R-R0:5.474E+09 dR:8.676E+07 NTR: 42 Htot:1.259E-10 T912: 3.35e+01###
 Hydrogen      9.98e-01 2.20e-03 H+o/Hden 1.00e+00 9.66e-09 H-    H2 3.93e-05 6.45e-10 H2+ HeH+ 1.63e-09 Ho+ ColD 5.31e+18 2.10e+17
 Helium        9.98e-01 1.94e-03 7.76e-15 HeI 2s3S 5.45e-08 Comp H,C 4.57e-20 7.97e-21 Fill Fac 1.00e+00 Gam1/tot 1.00e+00
 He singlet n  9.98e-01 4.13e-11 1.41e-16 1.61e-18 6.51e-18 3.53e-18 He tripl 5.45e-08 6.44e-16 3.35e-18 2.94e-17 9.77e-18
 Pressure      NgasTgas 4.34e+12 P(total) 6.00e-04 P( gas ) 6.00e-04 P(Radtn) 1.76e-11 Rad accl 1.74e-05 ForceMul 4.01e+05
 Texc(La)      4.15e+03 T(I con) 5.11e+01 T(D con) 2.30e+01 T(U tot) 5.16e+01 nT (c+d) 1.79e+07 Prad/Gas 2.93e-08 Pmag/Gas 0.00e+00
 Molecules     CH/Ctot: 2.24e-07 CH+/Ctot 1.46e-06 CO/Ctot: 2.75e-04 CO+/Ctot 6.05e-08 H2O/Otot 5.38e-09 OH/Ototl 9.50e-05
 Lithium       1.82e-02 9.82e-01 0.00e+00 0.00e+00 Berylliu 6.06e-02 9.39e-01 1.48e-04 0.00e+00 0.00e+00 sec ion: 0.00e+00
 Boron         6.87e-03 9.93e-01 3.34e-07 0.00e+00 0.00e+00 0.00e+00
 Carbon        1.26e-02 9.87e-01 1.47e-05 0.00e+00 0.00e+00 0.00e+00 0.00e+00 H2O+/O   3.04e-09 OH+/Otot 1.93e-05 Hex(tot) 0.00e+00
 Nitrogen      9.99e-01 8.14e-04 2.61e-11 0.00e+00 0.00e+00 0.00e+00 0.00e+00 0.00e+00 O2/Ototl 1.42e-08 O2+/Otot 7.70e-08
 Oxygen        9.98e-01 1.71e-03 9.63e-11 0.00e+00 0.00e+00 0.00e+00 0.00e+00 0.00e+00 0.00e+00
 Fluorine      9.80e-01 2.04e-02 1.77e-05 0.00e+00 0.00e+00 0.00e+00 0.00e+00 0.00e+00 0.00e+00 0.00e+00
 Neon          9.79e-01 2.08e-02 5.81e-06 0.00e+00 0.00e+00 0.00e+00 0.00e+00 0.00e+00 0.00e+00 0.00e+00 0.00e+00
 Sodium        7.01e-02 9.30e-01 4.42e-05 0.00e+00 0.00e+00 0.00e+00 0.00e+00 0.00e+00 0.00e+00 0.00e+00 0.00e+00 0.00e+00
 Magnesium     7.35e-03 9.93e-01 4.12e-05 0.00e+00 0.00e+00 0.00e+00 0.00e+00 0.00e+00 0.00e+00 0.00e+00 0.00e+00 0.00e+00 0.00e+00
 Aluminium  0  5.16e-04 9.99e-01 4.54e-05 0.00e+00 0.00e+00 0.00e+00 0.00e+00 0.00e+00 0.00e+00 0.00e+00 0.00e+00 0.00e+00 0.00e+00
 Silicon    0  2.23e-03 9.98e-01 3.69e-07 0.00e+00 0.00e+00 0.00e+00 0.00e+00 0.00e+00 0.00e+00 0.00e+00 0.00e+00 0.00e+00 0.00e+00
 Phosphorus 0  2.05e-03 9.98e-01 2.75e-05 0.00e+00 0.00e+00 0.00e+00 0.00e+00 0.00e+00 0.00e+00 0.00e+00 0.00e+00 0.00e+00 0.00e+00
 Sulphur    0  3.35e-03 9.97e-01 6.24e-05 0.00e+00 0.00e+00 0.00e+00 0.00e+00 0.00e+00 0.00e+00 0.00e+00 0.00e+00 0.00e+00 0.00e+00
 Chlorine   0  1.55e-02 9.84e-01 2.28e-04 0.00e+00 0.00e+00 0.00e+00 0.00e+00 0.00e+00 0.00e+00 0.00e+00 0.00e+00 0.00e+00 0.00e+00
 Argon      0  9.98e-01 1.51e-03 2.48e-06 0.00e+00 0.00e+00 0.00e+00 0.00e+00 0.00e+00 0.00e+00 0.00e+00 0.00e+00 0.00e+00 0.00e+00
 Potassium  0  4.09e-02 9.59e-01 3.73e-04 0.00e+00 0.00e+00 0.00e+00 0.00e+00 0.00e+00 0.00e+00 0.00e+00 0.00e+00 0.00e+00 0.00e+00
 Calcium    0  6.79e-03 6.06e-01 3.87e-01 0.00e+00 0.00e+00 0.00e+00 0.00e+00 0.00e+00 0.00e+00 0.00e+00 0.00e+00 0.00e+00 0.00e+00
 Scandium   0  8.44e-03 8.55e-01 1.37e-01 0.00e+00 0.00e+00 0.00e+00 0.00e+00 0.00e+00 0.00e+00 0.00e+00 0.00e+00 0.00e+00 0.00e+00
 Titanium   0  2.59e-04 9.97e-01 2.63e-03 0.00e+00 0.00e+00 0.00e+00 0.00e+00 0.00e+00 0.00e+00 0.00e+00 0.00e+00 0.00e+00 0.00e+00
 Vanadium   0  3.49e-02 9.64e-01 1.02e-03 0.00e+00 0.00e+00 0.00e+00 0.00e+00 0.00e+00 0.00e+00 0.00e+00 0.00e+00 0.00e+00 0.00e+00
 Chromium   0  5.23e-03 9.95e-01 4.32e-06 0.00e+00 0.00e+00 0.00e+00 0.00e+00 0.00e+00 0.00e+00 0.00e+00 0.00e+00 0.00e+00 0.00e+00
 Manganese  0  2.82e-04 1.00e+00 1.02e-05 0.00e+00 0.00e+00 0.00e+00 0.00e+00 0.00e+00 0.00e+00 0.00e+00 0.00e+00 0.00e+00 0.00e+00
 Iron       0  1.50e-04 1.00e+00 2.21e-06 0.00e+00 0.00e+00 0.00e+00 0.00e+00 0.00e+00 0.00e+00 0.00e+00 0.00e+00 0.00e+00 0.00e+00
 Cobalt     0  1.11e-01 8.89e-01 4.57e-08 0.00e+00 0.00e+00 0.00e+00 0.00e+00 0.00e+00 0.00e+00 0.00e+00 0.00e+00 0.00e+00 0.00e+00
 Nickel     0  4.42e-04 1.00e+00 3.88e-08 0.00e+00 0.00e+00 0.00e+00 0.00e+00 0.00e+00 0.00e+00 0.00e+00 0.00e+00 0.00e+00 0.00e+00
 Copper     0  2.11e-02 9.79e-01 4.71e-05 0.00e+00 0.00e+00 0.00e+00 0.00e+00 0.00e+00 0.00e+00 0.00e+00 0.00e+00 0.00e+00 0.00e+00
 Zinc       0  1.25e-01 8.73e-01 1.75e-03 0.00e+00 0.00e+00 0.00e+00 0.00e+00 0.00e+00 0.00e+00 0.00e+00 0.00e+00 0.00e+00 0.00e+00
                                                                             
   Calculation stopped because lowest Te reached. Iteration 3 of 3
   The geometry is plane-parallel.
  !The high electron density makes the Nussbaumer/Storey CNO recombination predictions unreliable.
  !Charge transfer ionization of H reached 46477.3% of the local H ionization rate.
  !Charge transfer heating reached 11.06% of the local heating.
  !The largest plasma frequency was 9.45e-08 Ryd = 9.64e+05 micron  The continuum is set to 0 below this.
  !AGE: Cloud age was not set.  Longest timescale was 6.79e+06 s = 2.58e+00 months.
  !Mutual neutralization production of H-alpha was significant.
  !The CMB was not included.  This is added with the CMB command.
   Continuum fluorescent production of H-beta was significant.
   H2 vib deexec heating reached 2.33% of the local heating.
   The density is too low to l-mix the lowest He I collapsed level.  More resolved levels are needed for accurate line ratios.
   The largest continuum occupation number was 4.339e+01 at 9.471e-08 Ryd.
   Grains were not present but might survive in this environment (energy density temperature was 5.34e+01K)
   Stimulated emission was   3.2% of the total for H transition 69 - 68
   The local H2 photodissociation heating rate reached 1.5% of the total heating.
   The continuum optical depth at the lowest energy considered (1.004e-08 Ryd) was 6.086e+03.

                       *********************************> Cloudy 13.03 <**********************************
                       * c                                                                               *
                       * phi(h) 13.000000 LOG range -0.000232 6.866524                                   *
                       * grid from 8 to 23 in 1 dex steps                                                *
                       * HDEN=9.000000 LOG                                                               *
                       * grid from 0 to 12 in 1 dex steps                                                *
                       * set pres ionize 1e5                                                             *
                       * c                                                                               *
                       * c                                                                               *
                       * table star "Rotation_inst.mod" age 6.78                                         *
                       * c                                                                               *
                       * c                                                                               *
                       * abundances GASS10                                                               *
                       * c                                                                               *
                       * c                                                                               *
                       * iterate to convergence max = 7                                                  *
                       * stop column density = 23                                                        *
                       * c                                                                               *
                       * c                                                                               *
                       * print last                                                                      *
                       * set save prefix "geneva_inst_rot_6"                                             *
                       * save grid ".grd" last no hash                                                   *
                       * save linelist "emissionlines_abs.txt" "LineList_HII.dat" absolute last no hash    *
                       *********************************> Log(U): -6.48 <*********************************

                     Emission Line Spectrum.   Constant  Density Model.    Open geometry.  Iteration 3 of 3.
                                                     Intensity (erg/s/cm^2).


                                                   Intrinsic line intensities
 general properties..........      H  1 2.279m  -1.038   0.0206      Ca A 6.290m  -2.282   0.0012      He 1  6678A  -1.334   0.0104            
 TOTL  4861A   0.649   1.0000      H  1 3.281m  -1.259   0.0124      Ca A 5.955m  -2.329   0.0011      He 1  4922A  -1.837   0.0033            
 TOTL  1216A   2.192  34.9269      H  1 3.281m  -0.825   0.0336      Ca A 27.80m  -2.208   0.0014      He 1  4388A  -2.166   0.0015            
 Inci     0    3.265 412.8451      H  1 3.281m  -0.725   0.0423      Ca A 16.20m  -2.277   0.0012      He 1 1.869m  -1.645   0.0051            
 TotH     0    1.833  15.2928      H  1 3.281m  -0.812   0.0346      Ca A 12.38m  -2.346   0.0010      He 1 1.278m  -2.050   0.0020            
 TotC     0    1.833  15.2866      H  1 3.281m  -1.089   0.0183      Ca B  6563A   1.142   3.1107      He 1 1.870m  -2.124   0.0017            
 BFH1     0    1.806  14.3772      H  1 3.281m  -1.652   0.0050      Ca B  4861A   0.709   1.1501      He 1 4.048m  -2.283   0.0012            
 BFHe     0    0.459   0.6464      H  1 4.466m  -1.497   0.0072      Ca B  4340A   0.407   0.5725      Pho+  3889A  -0.020   0.2146            
 TotM     0   -0.406   0.0881      H  1 4.466m  -1.065   0.0193      Ca B  4102A   0.183   0.3418      database lines..............            
 CT H     0   -0.101   0.1780      H  1 4.466m  -0.959   0.0247      Ca B  3970A   0.009   0.2291      level 1 lines...............            
 H FB     0    0.828   1.5114      H  1 4.466m  -1.020   0.0214      Ca B  3889A  -0.132   0.1655      C  1  1656A  -0.913   0.0274            
 HFBc     0    0.828   1.5114      H  1 4.466m  -1.225   0.0134      Ca B  3835A  -0.251   0.1260      REC   1656A  -1.187   0.0146            
 continua....................      H  1 4.466m  -1.595   0.0057      Ca B  3798A  -0.352   0.0998      C  1  8727A  -0.782   0.0371            
 Bac   3646A   1.967  20.7916      H  1 4.466m  -2.239   0.0013      Ca B  3771A  -0.440   0.0816      TOTL  2326A  -0.046   0.2018            
 nFnu  3645A   1.978  21.3467      H  1 5.834m  -1.698   0.0045      Ca B  3750A  -0.517   0.0683      C  2  2325A  -1.002   0.0223            
 nFnu  3647A   0.393   0.5551      H  1 5.834m  -1.268   0.0121      Ca B  3734A  -0.586   0.0582      C  2  2324A  -1.620   0.0054            
 cout  3646A   1.666  10.3958      H  1 5.834m  -1.160   0.0155      Ca B  3722A  -0.651   0.0501      C  2  2329A  -0.983   0.0233            
 cref  3646A   1.666  10.3958      H  1 5.834m  -1.207   0.0139      Ca B  3712A  -0.714   0.0433      C  2  2328A  -0.758   0.0392            
 thin  3646A   1.967  20.7917      H  1 5.834m  -1.375   0.0095      Ca B  3704A  -0.778   0.0375      C  2  2327A  -0.304   0.1116            
 Inci  4860A   2.126  29.9988      H  1 5.834m  -1.661   0.0049      Ca B  3697A  -0.841   0.0324      C  2  1335A  -1.122   0.0170            
 Inci  1215A   3.169 331.5469      H  1 5.834m  -2.099   0.0018      Ca B  3692A  -0.904   0.0280      N  1 953.9A  -1.320   0.0108            
 Ba C     0    1.142   3.1111      H  1 7.383m  -1.871   0.0030      Ca B  3687A  -0.966   0.0243      N  1 954.1A  -1.760   0.0039            
 PA C     0    0.742   1.2382      H  1 7.383m  -1.442   0.0081      Ca B  3683A  -1.027   0.0211      N  1  1200A  -1.168   0.0153            
 FIR  83.00m   1.560   8.1436      H  1 7.383m  -1.333   0.0104      Ca B  3679A  -1.087   0.0184      N  1  3466A  -2.186   0.0015            
 TIR   1800m  -0.678   0.0471      H  1 7.383m  -1.373   0.0095      Ca B  3676A  -1.144   0.0161      TOTL  3467A  -2.106   0.0018            
 NIRa 2.850m   1.847  15.7919      H  1 7.383m  -1.520   0.0068      Ca B  3674A  -1.200   0.0142      N  1 1.040m  -1.688   0.0046            
 NIRb 3.000m   1.431   6.0617      H  1 7.383m  -1.760   0.0039      Ca B  3671A  -1.254   0.0125      N  1 1.040m  -2.236   0.0013            
 MIRa 15.00m   1.057   2.5580      H  1 7.383m  -2.103   0.0018      Ca B 1.875m   0.183   0.3422      N  1 1.041m  -2.037   0.0021            
 MIRb 22.50m   1.255   4.0405      H  1 9.115m  -2.024   0.0021      Ca B 1.282m  -0.098   0.1791      N  1 1.041m  -2.053   0.0020            
 NMIR 21.75m   1.847  15.7919      H  1 9.115m  -1.596   0.0057      Ca B 1.094m  -0.321   0.1072      TOTL 1.040m  -1.353   0.0100            
 TFIR 611.2m   1.048   2.5090      H  1 9.115m  -1.486   0.0073      Ca B 1.005m  -0.498   0.0714      N  2  2141A  -2.236   0.0013            
 TALL 10000A   3.265 413.0735      H  1 9.115m  -1.521   0.0068      Ca B  9546A  -0.642   0.0512      N  2  1085A  -1.434   0.0083            
 F12  12.00m   0.572   0.8389      H  1 9.115m  -1.655   0.0050      Ca B  9229A  -0.763   0.0388      O  1  6300A  -0.455   0.0788            
 F25  25.00m   0.714   1.1617      H  1 9.115m  -1.868   0.0030      Ca B  9015A  -0.865   0.0307      O  1  6363A  -0.951   0.0251            
 F60  60.00m   1.161   3.2526      H  1 9.115m  -2.158   0.0016      Ca B  8863A  -0.953   0.0250      O  1  5577A  -1.046   0.0202            
 F100 100.0m   0.972   2.1028      H  1 11.03m  -0.964   0.0244      Ca B  8750A  -1.031   0.0209      TOTL  7325A  -2.269   0.0012            
 MIPS 24.00m   0.399   0.5628      H  1 13.13m  -1.076   0.0188      Ca B  8665A  -1.100   0.0178      O  2 833.8A  -2.136   0.0016            
 MIPS 70.00m   0.803   1.4256      H  1 15.40m  -1.180   0.0149      Ca B  8598A  -1.165   0.0154      Ne 2 12.81m  -1.919   0.0027            
 MIPS 160.0m   0.576   0.8465      H  1 17.87m  -1.275   0.0119      Ca B  8545A  -1.228   0.0133      Na 1  5892A  -0.543   0.0644            
 IRAC 3.600m   0.125   0.2995      H  1 20.51m  -1.364   0.0097      Ca B  8502A  -1.291   0.0115      Mg 1  4561A  -1.986   0.0023            
 IRAC 4.500m   0.156   0.3213      H  1 23.33m  -1.448   0.0080      Ca B  8467A  -1.355   0.0099      Mg 1  2853A  -1.140   0.0163            
 IRAC 5.800m   0.068   0.2624      H  1 26.34m  -1.526   0.0067      Ca B  8438A  -1.418   0.0086      Mg 1  2026A  -2.277   0.0012            
 IRAC 8.000m   0.298   0.4462      H  1 29.53m  -1.600   0.0056      Ca B  8413A  -1.480   0.0074      TOTL  2798A   1.181   3.4074            
 SPR1 250.0m   0.158   0.3228      H  1 32.91m  -1.670   0.0048      Ca B  8392A  -1.541   0.0065      Mg 2  2796A   1.002   2.2569            
 SPR2 350.0m  -0.273   0.1199      H  1 36.46m  -1.737   0.0041      Ca B  8374A  -1.600   0.0056      Mg 2  2803A   0.710   1.1505            
 SPR3 500.0m  -0.648   0.0506      H  1 40.20m  -1.800   0.0036      Ca B  8359A  -1.658   0.0049      totl  2665A  -0.543   0.0643            
 PAC1 70.00m   0.865   1.6450      H  1 44.12m  -1.861   0.0031      Ca B  8346A  -1.714   0.0043      Al 2  2670A  -0.543   0.0643            
 PAC2 100.0m   0.976   2.1269      H  1 48.22m  -1.918   0.0027      Ca B  8334A  -1.768   0.0038      TOTL  2335A  -0.467   0.0767            
 PAC3 160.0m   0.833   1.5302      H  1 52.50m  -1.974   0.0024      Ca B 4.051m  -0.467   0.0766      Si 2  2334A  -1.464   0.0077            
 PAH  3.300m  -0.652   0.0500      H  1 56.97m  -0.793   0.0361      Ca B 2.625m  -0.678   0.0471      Si 2  2350A  -1.576   0.0060            
 PAHC 3.230m  -0.989   0.0231      He 1 504.3A  -0.123   0.1691      Ca B 2.166m  -0.858   0.0311      Si 2  2344A  -0.948   0.0253            
 PAHC 3.370m  -1.078   0.0188      He 1  2600A  -1.049   0.0200      Ca B 1.945m  -1.006   0.0222      Si 2  2336A  -0.778   0.0374            
 PAH  6.200m  -0.397   0.0899      He 1  3121A  -1.561   0.0062      Ca B 1.817m  -1.128   0.0167      Si 2  1814A  -1.142   0.0162            
 PAHC 5.650m  -0.394   0.0905      He 1  3421A  -1.505   0.0070      Ca B 1.736m  -1.232   0.0132      Si 2  1531A  -1.517   0.0068            
 PAH  7.900m  -0.112   0.1736      He 1  3421A  -1.028   0.0211      Ca B 1.681m  -1.321   0.0107      Si 2  1308A  -1.436   0.0082            
 PAHC 6.900m  -0.145   0.1607      He 1  3421A  -0.806   0.0351      Ca B 1.641m  -1.398   0.0090      Si 2  1263A  -1.132   0.0166            
 PAH  11.30m  -0.622   0.0536      He 1  3679A  -1.222   0.0135      Ca B 1.611m  -1.468   0.0076      P  2 1.640m  -2.293   0.0011            
 PAHC 10.90m  -0.641   0.0513      He 1  6632A  -2.005   0.0022      Ca B 1.588m  -1.533   0.0066      S  2  4074A  -0.924   0.0267            
 PAH  11.80m  -0.414   0.0866      He 1  7843A  -1.314   0.0109      Ca B 1.570m  -1.596   0.0057      S  2 1.033m  -1.118   0.0171            
 PAHC 12.65m  -0.364   0.0970      He 1  8188A  -1.479   0.0074      Ca B 1.556m  -1.659   0.0049      S II  4070A  -1.005   0.0222            
 PAH  13.30m  -0.369   0.0961      He 1  8191A  -1.968   0.0024      Ca B 1.544m  -1.722   0.0043      S II  4078A  -1.693   0.0046            
 PAHC 14.10m  -0.372   0.0953      He 1  8261A  -1.913   0.0027      Ca B 1.534m  -1.785   0.0037      S II 1.032m  -1.496   0.0072            
 Bcon  3640A   3.199 355.2447      He 1 1.409m  -1.838   0.0033      Ca B 1.526m  -1.847   0.0032      S II 1.029m  -1.632   0.0052            
 Pcon  5000A   2.178  33.7937      He 1 1.456m  -1.867   0.0031      Ca B 1.519m  -1.908   0.0028      S II 1.037m  -2.153   0.0016            
 HFFc     0    0.615   0.9254      He 1 1.458m  -2.168   0.0015      Ca B 1.513m  -1.967   0.0024      S II 1.034m  -1.855   0.0031            
 H FF     0    0.546   0.7901      He 1 2.217m  -2.223   0.0013      Ca B 1.508m  -2.025   0.0021      S  2  1256A  -1.726   0.0042            
 HeFF     0   -1.115   0.0172      He 1 2.275m  -2.204   0.0014      Ca B 1.504m  -2.081   0.0019      Cl 2  8579A  -1.939   0.0026            
 MeFB     0   -1.371   0.0096      He 1 4.465m  -2.036   0.0021      Ca B 1.500m  -2.135   0.0016      Ar 2 6.980m  -2.083   0.0019            
 MeFF     0   -1.915   0.0027      He 1 5.831m  -2.207   0.0014      Ca B 7.458m  -0.982   0.0234      K  1  7676A  -2.004   0.0022            
 ToFF     0    0.557   0.8101      C  1  1101A  -0.988   0.0231      Ca B 4.653m  -1.145   0.0161      Ca 1  4228A  -0.322   0.1069            
 nFnu 122.4m  -0.996   0.0227      N  1 853.4A  -2.281   0.0012      Ca B 3.740m  -1.292   0.0115      Ca 2  3933A   1.202   3.5763            
 nInu 122.4m   1.385   5.4515      Si 1  1521A  -1.704   0.0044      Ca B 3.296m  -1.415   0.0086      Ca 2  8579A   0.438   0.6159            
 nFnu 60.83m  -0.751   0.0398      S  1  1197A  -1.660   0.0049      Ca B 3.038m  -1.519   0.0068      Ca 2  7306A   0.360   0.5143            
 nInu 60.83m   1.338   4.8882      grains......................      Ca B 2.872m  -1.608   0.0055      Ca2K  3934A   1.005   2.2689            
 nFnu 41.22m  -0.597   0.0568      H-like iso-sequence.........      Ca B 2.758m  -1.685   0.0046      Ca2H  3969A   0.765   1.3074            
 nInu 41.22m   1.226   3.7745      Clin 912.0A  -0.027   0.2108      Ca B 2.674m  -1.755   0.0039      Ca2X  8498A  -0.641   0.0513            
 nFnu 30.87m  -0.491   0.0726      Cool  1216A  -0.222   0.1348      Ca B 2.612m  -1.820   0.0034      Ca2Y  8542A   0.257   0.4058            
 nInu 30.87m   1.123   2.9821      Crst 960.0A  -0.422   0.0850      Ca B 2.564m  -1.883   0.0029      Ca2Z  8662A  -0.151   0.1588            
 nFnu 24.78m  -0.409   0.0876      Crst  4861A  -1.972   0.0024      Ca B 2.525m  -1.946   0.0025      CaF1  7291A   0.142   0.3114            
 nInu 24.78m   1.044   2.4851      Hrst     0   -1.297   0.0113      Ca B 2.495m  -2.009   0.0022      CaF2  7324A  -0.044   0.2029            
 nFnu 24.30m  -0.402   0.0890      CION     0   -2.326   0.0011      Ca B 2.469m  -2.072   0.0019      Fe2c     0    1.142   3.1123            
 nInu 24.30m   1.037   2.4443      Ca B  1216A   2.184  34.2731      Ca B 2.448m  -2.134   0.0017      Fe 2  4300A   0.167   0.3302            
 nFnu 22.83m  -0.378   0.0941      Q(H)  4861A   0.745   1.2489      Ca B 2.431m  -2.194   0.0014      Fe 2  2400A   1.100   2.8274            
 nInu 22.83m   1.015   2.3257      Q(H)  1216A   2.213  36.6897      Ca B 2.416m  -2.254   0.0013      Fe 2  6200A  -0.831   0.0331            
 nFnu 21.42m  -0.355   0.0991      CaBo  4861A   0.666   1.0402      Ca B 2.403m  -2.311   0.0011      Fe 2 1.150m  -1.402   0.0089            
 nInu 21.42m   0.992   2.2037      Ca A  1216A   2.069  26.3140      Ca B 12.37m  -1.409   0.0088      Fe 2 25.98m  -2.347   0.0010            
 nFnu 21.12m  -0.350   0.1003      Ca A  1026A   1.385   5.4425      Ca B 7.500m  -1.535   0.0066      Fe 2 1.257m  -1.530   0.0066            
 nInu 21.12m   0.986   2.1765      Ca A 972.5A   1.031   2.4115      Ca B 5.907m  -1.654   0.0050      Fe 2 1.321m  -2.107   0.0018            
 nFnu 19.62m  -0.322   0.1071      Ca A 949.7A   0.814   1.4619      Ca B 5.127m  -1.756   0.0039      Fe 2  7638A  -1.928   0.0027            
 nInu 19.62m   0.961   2.0513      Ca A 937.8A   0.674   1.0591      Ca B 4.671m  -1.844   0.0032      Fe 2 1.372m  -2.331   0.0010            
 nFnu 17.65m  -0.279   0.1182      Ca A 930.8A   0.575   0.8445      Ca B 4.375m  -1.922   0.0027      Fe 2 1.294m  -2.084   0.0018            
 nInu 17.65m   0.918   1.8579      Ca A 926.2A   0.491   0.6960      Ca B 4.170m  -1.991   0.0023      Fe 2  7687A  -2.115   0.0017            
 nFnu 17.37m  -0.274   0.1196      Ca A 923.2A   0.414   0.5823      Ca B 4.020m  -2.055   0.0020      Fe 2 1.328m  -2.330   0.0011            
 nInu 17.37m   0.912   1.8330      Ca A 921.0A   0.344   0.4955      Ca B 3.906m  -2.118   0.0017      Fe 2 1.279m  -2.190   0.0015            
 nFnu 15.69m  -0.240   0.1293      Ca A 919.4A   0.282   0.4294      Ca B 3.818m  -2.181   0.0015      Fe 2 17.93m  -1.966   0.0024            
 nInu 15.69m   0.873   1.6752      Ca A 918.1A   0.227   0.3783      Ca B 3.748m  -2.244   0.0013      Fe 2 1.644m  -1.602   0.0056            
 nFnu 14.60m  -0.209   0.1386      Ca A 917.2A   0.178   0.3384      Ca B 3.692m  -2.307   0.0011      Fe 2 1.533m  -2.029   0.0021            
 nInu 14.60m   0.845   1.5729      Ca A 916.4A   0.133   0.3050      Ca B 19.06m  -1.769   0.0038      Fe 2  8617A  -1.349   0.0101            
 nFnu 12.43m  -0.146   0.1605      Ca A 915.8A   0.087   0.2743      Ca B 11.31m  -1.865   0.0031      Fe 2 1.809m  -2.305   0.0011            
 nInu 12.43m   0.781   1.3558      Ca A 915.3A   0.038   0.2449      Ca B 8.758m  -1.961   0.0025      Fe 2 1.677m  -2.168   0.0015            
 nFnu 11.40m  -0.118   0.1710      Ca A 914.9A  -0.015   0.2170      Ca B 7.506m  -2.047   0.0020      Fe 2 1.599m  -2.129   0.0017            
 nInu 11.40m   0.748   1.2559      Ca A 914.6A  -0.069   0.1914      Ca B 6.770m  -2.123   0.0017      Fe 2  9052A  -2.007   0.0022            
 nFnu 10.46m  -0.079   0.1870      Ca A 914.3A  -0.125   0.1683      Ca B 6.290m  -2.192   0.0014      Fe 2  8892A  -1.758   0.0039            
 nInu 10.46m   0.714   1.1634      Ca A 914.0A  -0.181   0.1479      Ca B 5.955m  -2.256   0.0012      Fe 2 1.800m  -2.340   0.0010            
 nFnu 9.480m  -0.048   0.2011      Ca A 913.8A  -0.237   0.1300      Ca B 5.710m  -2.318   0.0011      Fe 2  9227A  -2.014   0.0022            
 nInu 9.480m   0.676   1.0642      Ca A 913.6A  -0.292   0.1146      Ca B 27.80m  -2.075   0.0019      Fe 2  9033A  -2.224   0.0013            
 nFnu 9.325m  -0.043   0.2033      Ca A 913.5A  -0.346   0.1012      Ca B 16.20m  -2.147   0.0016      Fe 2  9268A  -2.119   0.0017            
 nInu 9.325m   0.670   1.0502      Ca A 913.3A  -0.399   0.0897      Ca B 12.38m  -2.227   0.0013      Fe2b  7000A  -1.622   0.0054            
 nFnu 8.210m   0.012   0.2309      Ca A  6563A   0.890   1.7448      Ca B 10.50m  -2.300   0.0011      Fe2b 10000A  -0.611   0.0549            
 nInu 8.210m   0.620   0.9361      Ca A  4861A   0.465   0.6553      Ca B 38.86m  -2.340   0.0010      Fe2b  7445A  -1.622   0.0054            
 nFnu 7.580m   0.036   0.2439      Ca A  4340A   0.165   0.3286      H  1     0   -1.227   0.0133      Fe2b  8625A  -1.009   0.0220            
 nInu 7.580m   0.589   0.8724      Ca A  4102A  -0.048   0.2011      H  1  1216A   2.192  34.9269      Fe2b 1.889m  -1.687   0.0046            
 nFnu 7.050m   0.078   0.2688      Ca A  3970A  -0.205   0.1400      H  1  1026A  -0.677   0.0473      Fe 2  1786A  -1.083   0.0185            
 nInu 7.050m   0.563   0.8204      Ca A  3889A  -0.327   0.1058      H  1 972.5A  -0.909   0.0277      recombination...............            
 nFnu 4.114m   0.293   0.4409      Ca A  3835A  -0.425   0.0844      H  1 949.7A  -1.110   0.0174      C  1  1140A  -1.132   0.0166            
 nInu 4.114m   0.480   0.6779      Ca A  3798A  -0.506   0.0701      H  1 937.8A  -1.184   0.0147      level2 lines................            
 nFnu 2.324m   0.445   0.6254      Ca A  3771A  -0.574   0.0599      H  1 930.8A  -1.236   0.0130      C  1 943.9A  -1.244   0.0128            
 nInu 2.324m   0.745   1.2485      Ca A  3750A  -0.632   0.0524      H  1 926.2A  -1.260   0.0123      C  1  1248A  -1.342   0.0102            
 nFnu 1.643m   0.571   0.8356      Ca A  3734A  -0.682   0.0467      H  1 923.2A  -1.250   0.0126      C  1 841.0A  -2.277   0.0012            
 nInu 1.643m   1.004   2.2680      Ca A  3722A  -0.728   0.0420      H  1 921.0A  -1.233   0.0131      C  1  1561A  -1.621   0.0054            
 nFnu 1.480m   0.565   0.8241      Ca A  3712A  -0.775   0.0377      H  1  6563A   1.097   2.8056      C  1  1315A  -1.411   0.0087            
 nInu 1.480m   1.067   2.6223      Ca A  3704A  -0.824   0.0336      H  1  4861A   0.649   1.0000      C  1  1166A  -1.561   0.0062            
 nFnu 1.436m   0.834   1.5308      Ca A  3697A  -0.877   0.0298      H  1  4340A   0.367   0.5232      C  1  1233A  -1.444   0.0081            
 nInu 1.436m   1.174   3.3490      Ca A  3692A  -0.932   0.0263      H  1  4102A   0.162   0.3257      C  1  1132A  -1.626   0.0053            
 nFnu 1.119m   0.801   1.4197      Ca A  3687A  -0.988   0.0231      H  1  3970A  -0.006   0.2215      C  1  1251A  -1.593   0.0057            
 nInu 1.119m   1.351   5.0408      Ca A  3683A  -1.044   0.0203      H  1  3889A  -0.134   0.1649      C  1  1112A  -1.708   0.0044            
 nFnu  8330A   0.715   1.1658      Ca A  3679A  -1.100   0.0179      H  1  3835A  -0.219   0.1357      C  1  1115A  -1.744   0.0040            
 nInu  8330A   1.574   8.4247      Ca A  3676A  -1.155   0.0157      H  1  3798A  -0.273   0.1196      C  1  1162A  -1.851   0.0032            
 nFnu  8079A   1.251   4.0008      Ca A  3674A  -1.208   0.0139      H  1 1.875m   0.132   0.3046      C  1  1167A  -1.868   0.0030            
 nInu  8079A   1.695  11.1239      Ca A  3671A  -1.261   0.0123      H  1 1.282m  -0.145   0.1607      C  1  1104A  -1.747   0.0040            
 nFnu  6210A   1.046   2.4937      Ca A 1.875m   0.059   0.2575      H  1 1.094m  -0.356   0.0989      C  1  1109A  -1.790   0.0036            
 nInu  6210A   1.905  18.0497      Ca A 1.282m  -0.242   0.1286      H  1 1.005m  -0.524   0.0672      C  1  1130A  -2.061   0.0019            
 nFnu  4885A   0.771   1.3248      Ca A 1.094m  -0.483   0.0739      H  1  9546A  -0.651   0.0501      C  1  1098A  -1.898   0.0028            
 nInu  4885A   2.130  30.2900      Ca A 1.005m  -0.668   0.0482      H  1  9229A  -0.735   0.0413      C  1  1132A  -1.941   0.0026            
 nFnu  3704A   0.347   0.4987      Ca A  9546A  -0.811   0.0347      H  1  9015A  -0.789   0.0365      C  1  1106A  -1.991   0.0023            
 nInu  3704A   2.359  51.3086      Ca A  9229A  -0.923   0.0268      H  1 4.051m  -0.544   0.0641      C  1  1093A  -2.053   0.0020            
 nFnu  3588A   1.947  19.8935      Ca A  9015A  -1.011   0.0219      H  1 2.625m  -0.737   0.0412      C  1  1110A  -2.247   0.0013            
 nInu  3588A   2.482  68.1376      Ca A  8863A  -1.083   0.0186      H  1 2.166m  -0.899   0.0283      C  1  1114A  -2.264   0.0012            
 nFnu  2430A   0.921   1.8713      Ca A  8750A  -1.143   0.0162      H  1 1.945m  -1.024   0.0212      C  1  1115A  -2.273   0.0012            
 nInu  2430A   2.763 130.0370      Ca A  8665A  -1.194   0.0144      H  1 1.817m  -1.106   0.0176      C  1  1090A  -2.177   0.0015            
 nFnu  2392A   0.873   1.6775      Ca A  8598A  -1.241   0.0129      H  1 1.736m  -1.159   0.0156      C  1  1104A  -2.306   0.0011            
 nInu  2392A   2.776 133.9337      Ca A  8545A  -1.288   0.0116      H  1 7.458m  -1.064   0.0194      C  1  1104A  -2.314   0.0011            
 nFnu  2071A   0.438   0.6155      Ca A  8502A  -1.338   0.0103      H  1 4.653m  -1.201   0.0141      C  2 892.8A  -1.639   0.0052            
 nInu  2071A   2.888 173.6828      Ca A  8467A  -1.390   0.0091      H  1 3.740m  -1.319   0.0108      C  2 688.8A  -2.077   0.0019            
 nFnu  2053A   0.412   0.5795      Ca A  8438A  -1.445   0.0081      H  1 3.296m  -1.398   0.0090      C  2  1020A  -1.057   0.0197            
 nInu  2053A   2.888 173.5683      Ca A  8413A  -1.501   0.0071      H  1 3.038m  -1.449   0.0080      C  2 596.6A  -2.014   0.0022            
 nFnu  1793A   0.186   0.3444      Ca A  8392A  -1.557   0.0062      H  1 12.37m  -1.479   0.0075      N  1 942.3A  -1.328   0.0106            
 nInu  1793A   2.997 222.8161      Ca A  8374A  -1.613   0.0055      H  1 7.500m  -1.570   0.0060      N  1 952.1A  -1.321   0.0107            
 nFnu  1585A   0.188   0.3463      Ca A  8359A  -1.668   0.0048      H  1 5.907m  -1.641   0.0051      N  1  1131A  -1.490   0.0073            
 nInu  1585A   2.927 189.8423      Ca A  8346A  -1.722   0.0043      H  1 5.127m  -1.689   0.0046      O  1 867.3A  -1.883   0.0029            
 nFnu  1458A   0.282   0.4294      Ca A  8334A  -1.774   0.0038      H  1 19.06m  -1.812   0.0035      O  1 976.8A  -1.292   0.0115            
 nInu  1458A   3.101 283.1955      Ca A 4.051m  -0.576   0.0595      H  1 11.31m  -1.857   0.0031      O  1 767.7A  -2.200   0.0014            
 nFnu  1357A   0.314   0.4625      Ca A 2.625m  -0.808   0.0349      H  1 8.758m  -1.897   0.0028      O  1 969.0A  -1.189   0.0145            
 nInu  1357A   3.181 340.9982      Ca A 2.166m  -1.005   0.0222      H  1 27.80m  -2.072   0.0019      O  1 946.4A  -1.327   0.0106            
 nFnu  1297A   0.350   0.5023      Ca A 1.945m  -1.160   0.0155      H  1 16.20m  -2.086   0.0018      O  1 934.5A  -1.302   0.0112            
 nInu  1297A   3.197 353.4620      Ca A 1.817m  -1.279   0.0118      H  1 38.86m  -2.281   0.0012      O  1 973.6A  -1.410   0.0087            
 nFnu  1263A   0.392   0.5540      Ca A 1.736m  -1.372   0.0095      He-like iso-sequence........      O  1 927.5A  -1.407   0.0088            
 nInu  1263A   3.190 348.1570      Ca A 1.681m  -1.447   0.0080      Clin 506.0A   0.033   0.2420      O  1 948.5A  -1.518   0.0068            
 nFnu  1218A   2.044  24.8245      Ca A 1.641m  -1.509   0.0070      Ca B  2945A  -1.601   0.0056      O  1 923.0A  -1.520   0.0068            
 nInu  1218A   3.168 330.2265      Ca A 1.611m  -1.561   0.0062      Ca B  3188A  -1.266   0.0122      O  1 919.9A  -1.608   0.0055            
 nFnu  1196A   0.620   0.9371      Ca A 1.588m  -1.608   0.0055      Ca B  3614A  -2.184   0.0015      O  1 935.7A  -1.570   0.0060            
 nInu  1196A   3.214 367.6140      Ca A 1.570m  -1.655   0.0050      Ca B  3889A  -0.825   0.0336      O  1 917.7A  -1.689   0.0046            
 nFnu  1175A   0.483   0.6835      Ca A 1.556m  -1.705   0.0044      Ca B  3965A  -1.857   0.0031      O  1 918.7A  -1.766   0.0038            
 nInu  1175A   3.168 330.8009      Ca A 1.544m  -1.758   0.0039      Ca B  4026A  -1.517   0.0068      O  1 928.2A  -1.760   0.0039            
 nFnu  1144A   0.471   0.6645      Ca A 1.534m  -1.812   0.0035      Ca B  4388A  -2.076   0.0019      O  1 917.5A  -1.850   0.0032            
 nInu  1144A   3.282 430.0909      Ca A 1.526m  -1.868   0.0030      Ca B  4471A  -1.193   0.0144      O  1 923.4A  -1.949   0.0025            
 nFnu  1113A   0.475   0.6710      Ca A 1.519m  -1.925   0.0027      Ca B  4713A  -2.228   0.0013      O  1 920.2A  -2.096   0.0018            
 nInu  1113A   3.150 316.8140      Ca A 1.513m  -1.980   0.0023      Ca B  4922A  -1.750   0.0040      O  1 918.0A  -2.221   0.0014            
 nFnu  1103A   0.695   1.1112      Ca A 1.508m  -2.035   0.0021      Ca B  5016A  -1.431   0.0083      Al 2  1671A  -1.473   0.0076            
 nInu  1103A   3.306 453.9193      Ca A 1.504m  -2.089   0.0018      Ca B  5876A  -0.713   0.0435      Si 2  1180A  -1.107   0.0176            
 nFnu  1074A   0.635   0.9695      Ca A 1.500m  -2.141   0.0016      Ca B  6678A  -1.249   0.0127      Si 2 993.4A  -1.414   0.0087            
 nInu  1074A   3.238 388.1382      Ca A 7.458m  -1.096   0.0180      Ca B  7065A  -1.303   0.0112      Si 2  1024A  -1.646   0.0051            
 nFnu  1064A   0.618   0.9327      Ca A 4.653m  -1.278   0.0118      Ca B  7281A  -1.947   0.0025      S  1  1356A  -2.312   0.0011            
 nInu  1064A   3.316 465.1384      Ca A 3.740m  -1.436   0.0082      Ca B 1.083m   0.448   0.6299      S  2 750.3A  -2.148   0.0016            
 nFnu  1036A   0.590   0.8728      Ca A 3.296m  -1.560   0.0062      Ca B 1.278m  -1.975   0.0024      S  2 888.4A  -2.274   0.0012            
 nInu  1036A   3.300 447.9439      Ca A 3.038m  -1.656   0.0050      Ca B 1.700m  -2.343   0.0010      Ar 1  1096A  -1.563   0.0061            
 nFnu  1000A   0.575   0.8444      Ca A 2.872m  -1.732   0.0042      Ca B 1.869m  -1.591   0.0058      Ar 1 922.5A  -1.854   0.0031            
 nInu  1000A   3.297 445.1749      Ca A 2.758m  -1.794   0.0036      Ca B 1.870m  -2.071   0.0019      Ar 1 918.5A  -1.895   0.0029            
 nFnu 925.1A   0.600   0.8933      Ca A 2.674m  -1.847   0.0032      Ca B 2.058m  -0.476   0.0751      P  2 967.2A  -1.944   0.0026            
 nInu 925.1A   3.246 395.4418      Ca A 2.612m  -1.894   0.0029      He 1     0    0.536   0.7712      P  2 963.8A  -1.680   0.0047            
 nFnu 897.8A   2.164  32.7488      Ca A 2.564m  -1.941   0.0026      He 1 584.3A  -0.200   0.1418      Sc 2  3628A  -2.267   0.0012            
 nFnu 760.0A   0.555   0.8061      Ca A 2.525m  -1.991   0.0023      He 1 537.0A  -1.650   0.0050      Ti 2  3366A  -0.769   0.0382            
 nFnu 701.5A  -0.178   0.1490      Ca A 2.495m  -2.044   0.0020      He 1 522.2A  -1.886   0.0029      Ti 2  3238A  -1.049   0.0201            
 nFnu 608.2A  -1.938   0.0026      Ca A 2.469m  -2.099   0.0018      He 1 515.6A  -1.938   0.0026      Cr 1  4271A  -2.092   0.0018            
 nFnu 575.1A  -1.596   0.0057      Ca A 2.448m  -2.155   0.0016      He 1 512.1A  -1.955   0.0025      Cr 1  3591A  -2.038   0.0021            
 nInu 575.1A  -1.677   0.0047      Ca A 2.431m  -2.211   0.0014      TOTL 1.083m   0.228   0.3794      Cr 2  2060A  -1.812   0.0035            
 nInu 511.9A  -0.724   0.0424      Ca A 2.416m  -2.267   0.0012      He 1 1.083m   0.228   0.3794      Mn 2  2590A  -0.799   0.0357            
 nFnu 496.9A   1.141   3.1036      Ca A 2.403m  -2.321   0.0011      He 1 1.083m  -0.726   0.0421      Mn 2  1199A  -2.142   0.0016            
 nInu 496.9A  -2.145   0.0016      Ca A 12.37m  -1.532   0.0066      He 1 1.083m  -0.249   0.1265      Ni 2  1752A  -2.071   0.0019            
 nInu 399.2A  -0.587   0.0581      Ca A 7.500m  -1.671   0.0048      He 1 1.083m  -0.027   0.2108      Ni 2  1744A  -1.975   0.0024            
 RRC.........................      Ca A 5.907m  -1.794   0.0036      He 1  3889A  -0.941   0.0257      Ni 2  1473A  -2.149   0.0016            
 H  1 911.8A   1.094   2.7911      Ca A 5.127m  -1.890   0.0029      He 1  3188A  -1.370   0.0096      Ni 2  1400A  -2.294   0.0011            
 H  1  3646A   0.670   1.0493      Ca A 4.671m  -1.967   0.0024      He 1  2945A  -1.702   0.0045      Ni 2  1376A  -1.929   0.0026            
 H  1  3646A   1.046   2.4959      Ca A 4.375m  -2.029   0.0021      He 1  2829A  -1.970   0.0024      Ni 2  1324A  -1.921   0.0027            
 H  1  8204A  -0.084   0.1849      Ca A 4.170m  -2.082   0.0019      He 1 2.058m  -1.120   0.0170      hyperfine structure.........            
 H  1  8204A   0.343   0.4944      Ca A 4.020m  -2.129   0.0017      He 1  5016A  -1.551   0.0063      inner shell.................            
 H  1  8204A   0.287   0.4352      Ca A 3.906m  -2.177   0.0015      He 1  3965A  -1.960   0.0025      molecules...................            
 H  1 1.458m  -0.593   0.0574      Ca A 3.818m  -2.226   0.0013      He 1  3614A  -2.266   0.0012      H2vH     0   -2.199   0.0014            
 H  1 1.458m  -0.158   0.1561      Ca A 3.748m  -2.279   0.0012      He 1  7065A  -1.472   0.0076      H-FB     0   -0.118   0.1710            
 H  1 1.458m  -0.104   0.1768      Ca A 3.692m  -2.334   0.0010      He 1  5876A  -0.792   0.0362      H-FF     0   -0.289   0.1154            
 H  1 1.458m  -0.395   0.0904      Ca A 19.06m  -1.899   0.0028      He 1  4713A  -2.340   0.0010      H-CT  6563A   0.113   0.2911            
 H  1 2.279m  -0.966   0.0243      Ca A 11.31m  -2.000   0.0022      He 1  4471A  -1.278   0.0118      H2+      0   -0.415   0.0864            
 H  1 2.279m  -0.531   0.0660      Ca A 8.758m  -2.092   0.0018      He 1  4026A  -1.607   0.0056      HEH+     0   -1.903   0.0028            
 H  1 2.279m  -0.444   0.0807      Ca A 7.506m  -2.168   0.0015      He 1  3820A  -1.845   0.0032            
 H  1 2.279m  -0.587   0.0581      Ca A 6.770m  -2.230   0.0013      He 1  7281A  -2.078   0.0019            

                                                    Emergent line intensities
 general properties..........      H-like iso-sequence.........      Ca B  8334A  -1.768   0.0038      C  2  1335A  -1.122   0.0170            
 TOTL  4861A   0.649   1.0000      Clin 912.0A  -0.027   0.2108      Ca B 4.051m  -0.467   0.0766      N  1 953.9A  -1.323   0.0107            
 TOTL  1216A   2.192  34.9254      Cool  1216A  -0.222   0.1348      Ca B 2.625m  -0.678   0.0471      N  1 954.1A  -1.764   0.0039            
 continua....................      Crst 960.0A  -0.422   0.0850      Ca B 2.166m  -0.858   0.0311      N  1  1200A  -1.168   0.0153            
 Bac   3646A   1.967  20.7924      Crst  4861A  -1.972   0.0024      Ca B 1.945m  -1.006   0.0222      N  1  3466A  -2.186   0.0015            
 nFnu  3645A   1.978  21.3476      Ca B  1216A   2.184  34.2745      Ca B 1.817m  -1.128   0.0167      TOTL  3467A  -2.106   0.0018            
 nFnu  3647A   0.393   0.5551      Q(H)  4861A   0.745   1.2489      Ca B 1.736m  -1.232   0.0132      N  1 1.040m  -1.688   0.0046            
 cout  3646A   1.666  10.3962      Q(H)  1216A   2.213  36.6912      Ca B 1.681m  -1.321   0.0107      N  1 1.040m  -2.236   0.0013            
 cref  3646A   1.666  10.3962      Ca A  1216A   2.069  26.3104      Ca B 1.641m  -1.398   0.0090      N  1 1.041m  -2.037   0.0021            
 thin  3646A   1.967  20.7926      Ca A  1026A   1.381   5.3982      Ca B 1.611m  -1.468   0.0076      N  1 1.041m  -2.053   0.0020            
 Inci  4860A   2.126  30.0000      Ca A 972.5A   1.027   2.3922      Ca B 1.588m  -1.533   0.0066      TOTL 1.040m  -1.353   0.0100            
 Inci  1215A   3.169 331.5603      Ca A 949.7A   0.810   1.4503      Ca B 1.570m  -1.596   0.0057      N  2  2141A  -2.236   0.0013            
 FIR  83.00m   1.560   8.1440      Ca A 937.8A   0.670   1.0508      Ca B 1.556m  -1.659   0.0049      N  2  1085A  -1.437   0.0082            
 TIR   1800m  -0.678   0.0471      Ca A 930.8A   0.572   0.8380      Ca B 1.544m  -1.722   0.0043      O  1  6300A  -0.455   0.0788            
 NIRa 2.850m   1.847  15.7926      Ca A 926.2A   0.488   0.6907      Ca B 1.534m  -1.785   0.0037      O  1  6363A  -0.951   0.0251            
 NIRb 3.000m   1.431   6.0620      Ca A 923.2A   0.410   0.5778      Ca B 1.526m  -1.847   0.0032      O  1  5577A  -1.046   0.0202            
 MIRa 15.00m   1.057   2.5581      Ca A 921.0A   0.340   0.4917      Ca B 1.519m  -1.908   0.0028      TOTL  7325A  -2.269   0.0012            
 MIRb 22.50m   1.255   4.0407      Ca A 919.4A   0.278   0.4260      Ca B 1.513m  -1.967   0.0024      Ne 2 12.81m  -1.919   0.0027            
 NMIR 21.75m   1.847  15.7926      Ca A 918.1A   0.223   0.3754      Ca B 1.508m  -2.025   0.0021      Na 1  5892A  -0.543   0.0644            
 TFIR 611.2m   1.048   2.5090      Ca A 917.2A   0.175   0.3358      Ca B 1.504m  -2.081   0.0019      Mg 1  4561A  -1.986   0.0023            
 TALL 10000A   3.265 413.0675      Ca A 916.4A   0.130   0.3026      Ca B 1.500m  -2.135   0.0016      Mg 1  2853A  -1.140   0.0163            
 F12  12.00m   0.572   0.8389      Ca A 915.8A   0.084   0.2722      Ca B 7.458m  -0.982   0.0234      Mg 1  2026A  -2.277   0.0012            
 F25  25.00m   0.714   1.1617      Ca A 915.3A   0.034   0.2430      Ca B 4.653m  -1.145   0.0161      TOTL  2798A   1.181   3.4075            
 F60  60.00m   1.161   3.2528      Ca A 914.9A  -0.018   0.2154      Ca B 3.740m  -1.292   0.0115      Mg 2  2796A   1.002   2.2569            
 F100 100.0m   0.972   2.1029      Ca A 914.6A  -0.073   0.1899      Ca B 3.296m  -1.415   0.0086      Mg 2  2803A   0.710   1.1506            
 MIPS 24.00m   0.399   0.5629      Ca A 914.3A  -0.129   0.1670      Ca B 3.038m  -1.519   0.0068      totl  2665A  -0.543   0.0643            
 MIPS 70.00m   0.803   1.4256      Ca A 914.0A  -0.185   0.1467      Ca B 2.872m  -1.608   0.0055      Al 2  2670A  -0.543   0.0643            
 MIPS 160.0m   0.576   0.8465      Ca A 913.8A  -0.241   0.1290      Ca B 2.758m  -1.685   0.0046      TOTL  2335A  -0.467   0.0767            
 IRAC 3.600m   0.125   0.2995      Ca A 913.6A  -0.296   0.1137      Ca B 2.674m  -1.755   0.0039      Si 2  2334A  -1.464   0.0077            
 IRAC 4.500m   0.156   0.3213      Ca A 913.5A  -0.349   0.1004      Ca B 2.612m  -1.820   0.0034      Si 2  2350A  -1.576   0.0060            
 IRAC 5.800m   0.068   0.2624      Ca A 913.3A  -0.402   0.0890      Ca B 2.564m  -1.883   0.0029      Si 2  2344A  -0.948   0.0253            
 IRAC 8.000m   0.298   0.4462      Ca A  6563A   0.890   1.7447      Ca B 2.525m  -1.946   0.0025      Si 2  2336A  -0.778   0.0374            
 SPR1 250.0m   0.158   0.3228      Ca A  4861A   0.465   0.6553      Ca B 2.495m  -2.009   0.0022      Si 2  1814A  -1.142   0.0162            
 SPR2 350.0m  -0.273   0.1199      Ca A  4340A   0.165   0.3287      Ca B 2.469m  -2.072   0.0019      Si 2  1531A  -1.517   0.0068            
 SPR3 500.0m  -0.648   0.0506      Ca A  4102A  -0.048   0.2011      Ca B 2.448m  -2.134   0.0017      Si 2  1308A  -1.436   0.0082            
 PAC1 70.00m   0.865   1.6451      Ca A  3970A  -0.205   0.1400      Ca B 2.431m  -2.194   0.0014      Si 2  1263A  -1.132   0.0166            
 PAC2 100.0m   0.976   2.1270      Ca A  3889A  -0.327   0.1058      Ca B 2.416m  -2.254   0.0013      P  2 1.640m  -2.293   0.0011            
 PAC3 160.0m   0.833   1.5303      Ca A  3835A  -0.425   0.0844      Ca B 2.403m  -2.311   0.0011      S  2  4074A  -0.924   0.0267            
 PAH  3.300m  -0.652   0.0500      Ca A  3798A  -0.506   0.0701      Ca B 12.37m  -1.409   0.0088      S  2 1.033m  -1.118   0.0171            
 PAHC 3.230m  -0.989   0.0231      Ca A  3771A  -0.574   0.0599      Ca B 7.500m  -1.535   0.0066      S II  4070A  -1.005   0.0222            
 PAHC 3.370m  -1.078   0.0188      Ca A  3750A  -0.632   0.0524      Ca B 5.907m  -1.654   0.0050      S II  4078A  -1.693   0.0046            
 PAH  6.200m  -0.397   0.0899      Ca A  3734A  -0.682   0.0467      Ca B 5.127m  -1.756   0.0039      S II 1.032m  -1.496   0.0072            
 PAHC 5.650m  -0.394   0.0906      Ca A  3722A  -0.728   0.0420      Ca B 4.671m  -1.844   0.0032      S II 1.029m  -1.632   0.0052            
 PAH  7.900m  -0.112   0.1736      Ca A  3712A  -0.775   0.0377      Ca B 4.375m  -1.922   0.0027      S II 1.037m  -2.153   0.0016            
 PAHC 6.900m  -0.145   0.1607      Ca A  3704A  -0.824   0.0336      Ca B 4.170m  -1.991   0.0023      S II 1.034m  -1.855   0.0031            
 PAH  11.30m  -0.622   0.0536      Ca A  3697A  -0.877   0.0298      Ca B 4.020m  -2.055   0.0020      S  2  1256A  -1.726   0.0042            
 PAHC 10.90m  -0.641   0.0513      Ca A  3692A  -0.932   0.0263      Ca B 3.906m  -2.118   0.0017      Cl 2  8579A  -1.939   0.0026            
 PAH  11.80m  -0.414   0.0866      Ca A  3687A  -0.988   0.0231      Ca B 3.818m  -2.181   0.0015      Ar 2 6.980m  -2.083   0.0019            
 PAHC 12.65m  -0.364   0.0970      Ca A  3683A  -1.044   0.0203      Ca B 3.748m  -2.244   0.0013      K  1  7676A  -2.004   0.0022            
 PAH  13.30m  -0.369   0.0961      Ca A  3679A  -1.100   0.0179      Ca B 3.692m  -2.307   0.0011      Ca 1  4228A  -0.322   0.1069            
 PAHC 14.10m  -0.372   0.0953      Ca A  3676A  -1.155   0.0157      Ca B 19.06m  -1.769   0.0038      Ca 2  3933A   1.202   3.5765            
 Bcon  3640A   3.199 355.2466      Ca A  3674A  -1.208   0.0139      Ca B 11.31m  -1.865   0.0031      Ca 2  8579A   0.438   0.6159            
 Pcon  5000A   2.178  33.7936      Ca A  3671A  -1.261   0.0123      Ca B 8.758m  -1.961   0.0025      Ca 2  7306A   0.360   0.5143            
 nFnu 122.4m  -0.996   0.0227      Ca A 1.875m   0.059   0.2575      Ca B 7.506m  -2.047   0.0020      Ca2K  3934A   1.005   2.2690            
 nInu 122.4m   1.385   5.4518      Ca A 1.282m  -0.242   0.1286      Ca B 6.770m  -2.123   0.0017      Ca2H  3969A   0.765   1.3074            
 nFnu 60.83m  -0.751   0.0398      Ca A 1.094m  -0.483   0.0739      Ca B 6.290m  -2.192   0.0014      Ca2X  8498A  -0.641   0.0513            
 nInu 60.83m   1.338   4.8884      Ca A 1.005m  -0.668   0.0482      Ca B 5.955m  -2.256   0.0012      Ca2Y  8542A   0.257   0.4058            
 nFnu 41.22m  -0.597   0.0568      Ca A  9546A  -0.811   0.0347      Ca B 5.710m  -2.318   0.0011      Ca2Z  8662A  -0.151   0.1588            
 nInu 41.22m   1.226   3.7746      Ca A  9229A  -0.923   0.0268      Ca B 27.80m  -2.075   0.0019      CaF1  7291A   0.142   0.3114            
 nFnu 30.87m  -0.491   0.0726      Ca A  9015A  -1.011   0.0219      Ca B 16.20m  -2.147   0.0016      CaF2  7324A  -0.044   0.2029            
 nInu 30.87m   1.123   2.9822      Ca A  8863A  -1.083   0.0186      Ca B 12.38m  -2.227   0.0013      Fe 2  4300A   0.167   0.3302            
 nFnu 24.78m  -0.409   0.0876      Ca A  8750A  -1.143   0.0162      Ca B 10.50m  -2.300   0.0011      Fe 2  2400A   1.100   2.8275            
 nInu 24.78m   1.044   2.4852      Ca A  8665A  -1.194   0.0144      Ca B 38.86m  -2.340   0.0010      Fe 2  6200A  -0.831   0.0331            
 nFnu 24.30m  -0.402   0.0890      Ca A  8598A  -1.241   0.0129      H  1  1216A   2.192  34.9254      Fe 2 1.150m  -1.402   0.0089            
 nInu 24.30m   1.037   2.4443      Ca A  8545A  -1.288   0.0116      H  1  1026A  -0.677   0.0473      Fe 2 25.98m  -2.347   0.0010            
 nFnu 22.83m  -0.378   0.0941      Ca A  8502A  -1.338   0.0103      H  1 972.5A  -0.909   0.0277      Fe 2 1.257m  -1.530   0.0066            
 nInu 22.83m   1.015   2.3258      Ca A  8467A  -1.390   0.0091      H  1 949.7A  -1.111   0.0174      Fe 2 1.321m  -2.107   0.0018            
 nFnu 21.42m  -0.355   0.0991      Ca A  8438A  -1.445   0.0081      H  1 937.8A  -1.184   0.0147      Fe 2  7638A  -1.928   0.0027            
 nInu 21.42m   0.992   2.2038      Ca A  8413A  -1.501   0.0071      H  1 930.8A  -1.236   0.0130      Fe 2 1.372m  -2.331   0.0010            
 nFnu 21.12m  -0.350   0.1003      Ca A  8392A  -1.557   0.0062      H  1 926.2A  -1.260   0.0123      Fe 2 1.294m  -2.084   0.0018            
 nInu 21.12m   0.986   2.1766      Ca A  8374A  -1.613   0.0055      H  1 923.2A  -1.250   0.0126      Fe 2  7687A  -2.115   0.0017            
 nFnu 19.62m  -0.322   0.1071      Ca A  8359A  -1.668   0.0048      H  1 921.0A  -1.233   0.0131      Fe 2 1.328m  -2.330   0.0011            
 nInu 19.62m   0.961   2.0514      Ca A  8346A  -1.722   0.0043      H  1  6563A   1.097   2.8056      Fe 2 1.279m  -2.190   0.0015            
 nFnu 17.65m  -0.279   0.1182      Ca A  8334A  -1.774   0.0038      H  1  4861A   0.649   1.0000      Fe 2 17.93m  -1.966   0.0024            
 nInu 17.65m   0.918   1.8580      Ca A 4.051m  -0.576   0.0595      H  1  4340A   0.367   0.5232      Fe 2 1.644m  -1.602   0.0056            
 nFnu 17.37m  -0.274   0.1196      Ca A 2.625m  -0.808   0.0349      H  1  4102A   0.161   0.3257      Fe 2 1.533m  -2.029   0.0021            
 nInu 17.37m   0.912   1.8331      Ca A 2.166m  -1.005   0.0222      H  1  3970A  -0.006   0.2215      Fe 2  8617A  -1.349   0.0101            
 nFnu 15.69m  -0.240   0.1293      Ca A 1.945m  -1.160   0.0155      H  1  3889A  -0.134   0.1649      Fe 2 1.809m  -2.305   0.0011            
 nInu 15.69m   0.873   1.6752      Ca A 1.817m  -1.279   0.0118      H  1  3835A  -0.219   0.1357      Fe 2 1.677m  -2.168   0.0015            
 nFnu 14.60m  -0.209   0.1386      Ca A 1.736m  -1.372   0.0095      H  1  3798A  -0.273   0.1196      Fe 2 1.599m  -2.129   0.0017            
 nInu 14.60m   0.845   1.5729      Ca A 1.681m  -1.447   0.0080      H  1 1.875m   0.132   0.3046      Fe 2  9052A  -2.007   0.0022            
 nFnu 12.43m  -0.146   0.1605      Ca A 1.641m  -1.509   0.0070      H  1 1.282m  -0.145   0.1607      Fe 2  8892A  -1.758   0.0039            
 nInu 12.43m   0.781   1.3558      Ca A 1.611m  -1.561   0.0062      H  1 1.094m  -0.356   0.0989      Fe 2 1.800m  -2.340   0.0010            
 nFnu 11.40m  -0.118   0.1710      Ca A 1.588m  -1.608   0.0055      H  1 1.005m  -0.524   0.0672      Fe 2  9227A  -2.014   0.0022            
 nInu 11.40m   0.748   1.2559      Ca A 1.570m  -1.655   0.0050      H  1  9546A  -0.651   0.0501      Fe 2  9033A  -2.224   0.0013            
 nFnu 10.46m  -0.079   0.1870      Ca A 1.556m  -1.705   0.0044      H  1  9229A  -0.735   0.0413      Fe 2  9268A  -2.119   0.0017            
 nInu 10.46m   0.714   1.1634      Ca A 1.544m  -1.758   0.0039      H  1  9015A  -0.789   0.0365      Fe2b  7000A  -1.622   0.0054            
 nFnu 9.480m  -0.048   0.2011      Ca A 1.534m  -1.812   0.0035      H  1 4.051m  -0.544   0.0641      Fe2b 10000A  -0.611   0.0549            
 nInu 9.480m   0.676   1.0643      Ca A 1.526m  -1.868   0.0030      H  1 2.625m  -0.737   0.0412      Fe2b  7445A  -1.622   0.0054            
 nFnu 9.325m  -0.043   0.2033      Ca A 1.519m  -1.925   0.0027      H  1 2.166m  -0.899   0.0283      Fe2b  8625A  -1.009   0.0220            
 nInu 9.325m   0.670   1.0503      Ca A 1.513m  -1.980   0.0023      H  1 1.945m  -1.024   0.0212      Fe2b 1.889m  -1.687   0.0046            
 nFnu 8.210m   0.012   0.2310      Ca A 1.508m  -2.035   0.0021      H  1 1.817m  -1.106   0.0176      Fe 2  1786A  -1.083   0.0185            
 nInu 8.210m   0.620   0.9362      Ca A 1.504m  -2.089   0.0018      H  1 1.736m  -1.159   0.0156      recombination...............            
 nFnu 7.580m   0.036   0.2439      Ca A 1.500m  -2.141   0.0016      H  1 7.458m  -1.064   0.0194      C  1  1140A  -1.132   0.0166            
 nInu 7.580m   0.589   0.8725      Ca A 7.458m  -1.096   0.0180      H  1 4.653m  -1.201   0.0141      level2 lines................            
 nFnu 7.050m   0.078   0.2688      Ca A 4.653m  -1.278   0.0118      H  1 3.740m  -1.319   0.0108      C  1 943.9A  -1.246   0.0128            
 nInu 7.050m   0.563   0.8204      Ca A 3.740m  -1.436   0.0082      H  1 3.296m  -1.398   0.0090      C  1  1248A  -1.342   0.0102            
 nFnu 4.114m   0.293   0.4410      Ca A 3.296m  -1.560   0.0062      H  1 3.038m  -1.449   0.0080      C  1  1561A  -1.621   0.0054            
 nInu 4.114m   0.480   0.6779      Ca A 3.038m  -1.656   0.0050      H  1 12.37m  -1.479   0.0075      C  1  1315A  -1.411   0.0087            
 nFnu 2.324m   0.445   0.6254      Ca A 2.872m  -1.732   0.0042      H  1 7.500m  -1.570   0.0060      C  1  1166A  -1.562   0.0062            
 nInu 2.324m   0.745   1.2486      Ca A 2.758m  -1.794   0.0036      H  1 5.907m  -1.641   0.0051      C  1  1233A  -1.444   0.0081            
 nFnu 1.643m   0.571   0.8357      Ca A 2.674m  -1.847   0.0032      H  1 5.127m  -1.689   0.0046      C  1  1132A  -1.627   0.0053            
 nInu 1.643m   1.004   2.2681      Ca A 2.612m  -1.894   0.0029      H  1 19.06m  -1.812   0.0035      C  1  1251A  -1.593   0.0057            
 nFnu 1.480m   0.565   0.8242      Ca A 2.564m  -1.941   0.0026      H  1 11.31m  -1.857   0.0031      C  1  1112A  -1.708   0.0044            
 nInu 1.480m   1.067   2.6224      Ca A 2.525m  -1.991   0.0023      H  1 8.758m  -1.897   0.0028      C  1  1115A  -1.744   0.0040            
 nFnu 1.436m   0.834   1.5309      Ca A 2.495m  -2.044   0.0020      H  1 27.80m  -2.072   0.0019      C  1  1162A  -1.851   0.0032            
 nInu 1.436m   1.174   3.3491      Ca A 2.469m  -2.099   0.0018      H  1 16.20m  -2.086   0.0018      C  1  1167A  -1.868   0.0030            
 nFnu 1.119m   0.801   1.4197      Ca A 2.448m  -2.155   0.0016      H  1 38.86m  -2.281   0.0012      C  1  1104A  -1.750   0.0040            
 nInu 1.119m   1.351   5.0410      Ca A 2.431m  -2.211   0.0014      He-like iso-sequence........      C  1  1109A  -1.790   0.0036            
 nFnu  8330A   0.715   1.1658      Ca A 2.416m  -2.267   0.0012      Clin 506.0A   0.033   0.2420      C  1  1130A  -2.062   0.0019            
 nInu  8330A   1.574   8.4250      Ca A 2.403m  -2.321   0.0011      Ca B  2945A  -1.601   0.0056      C  1  1098A  -1.901   0.0028            
 nFnu  8079A   1.251   4.0010      Ca A 12.37m  -1.532   0.0066      Ca B  3188A  -1.266   0.0122      C  1  1132A  -1.941   0.0026            
 nInu  8079A   1.695  11.1243      Ca A 7.500m  -1.671   0.0048      Ca B  3614A  -2.184   0.0015      C  1  1106A  -1.991   0.0023            
 nFnu  6210A   1.046   2.4938      Ca A 5.907m  -1.794   0.0036      Ca B  3889A  -0.825   0.0336      C  1  1093A  -2.057   0.0020            
 nInu  6210A   1.905  18.0504      Ca A 5.127m  -1.890   0.0029      Ca B  3965A  -1.857   0.0031      C  1  1110A  -2.247   0.0013            
 nFnu  4885A   0.771   1.3249      Ca A 4.671m  -1.967   0.0024      Ca B  4026A  -1.517   0.0068      C  1  1114A  -2.265   0.0012            
 nInu  4885A   2.130  30.2913      Ca A 4.375m  -2.029   0.0021      Ca B  4388A  -2.076   0.0019      C  1  1115A  -2.274   0.0012            
 nFnu  3704A   0.347   0.4987      Ca A 4.170m  -2.082   0.0019      Ca B  4471A  -1.193   0.0144      C  1  1090A  -2.181   0.0015            
 nInu  3704A   2.359  51.3107      Ca A 4.020m  -2.129   0.0017      Ca B  4713A  -2.228   0.0013      C  1  1104A  -2.310   0.0011            
 nFnu  3588A   1.947  19.8943      Ca A 3.906m  -2.177   0.0015      Ca B  4922A  -1.750   0.0040      C  1  1104A  -2.318   0.0011            
 nInu  3588A   2.482  68.1404      Ca A 3.818m  -2.226   0.0013      Ca B  5016A  -1.431   0.0083      C  2 892.8A  -1.943   0.0026            
 nFnu  2430A   0.921   1.8713      Ca A 3.748m  -2.279   0.0012      Ca B  5876A  -0.713   0.0435      C  2 688.8A  -2.311   0.0011            
 nInu  2430A   2.763 130.0422      Ca A 3.692m  -2.334   0.0010      Ca B  6678A  -1.249   0.0127      C  2  1020A  -1.059   0.0196            
 nFnu  2392A   0.873   1.6776      Ca A 19.06m  -1.899   0.0028      Ca B  7065A  -1.303   0.0112      C  2 596.6A  -2.303   0.0011            
 nInu  2392A   2.776 133.9391      Ca A 11.31m  -2.000   0.0022      Ca B  7281A  -1.947   0.0025      N  1 942.3A  -1.330   0.0105            
 nFnu  2071A   0.438   0.6155      Ca A 8.758m  -2.092   0.0018      Ca B 1.083m   0.448   0.6299      N  1 952.1A  -1.324   0.0106            
 nInu  2071A   2.888 173.6899      Ca A 7.506m  -2.168   0.0015      Ca B 1.278m  -1.975   0.0024      N  1  1131A  -1.490   0.0073            
 nFnu  2053A   0.412   0.5796      Ca A 6.770m  -2.230   0.0013      Ca B 1.700m  -2.343   0.0010      O  1 867.3A  -2.245   0.0013            
 nInu  2053A   2.888 173.5753      Ca A 6.290m  -2.282   0.0012      Ca B 1.869m  -1.591   0.0058      O  1 976.8A  -1.294   0.0114            
 nFnu  1793A   0.186   0.3444      Ca A 5.955m  -2.329   0.0011      Ca B 1.870m  -2.071   0.0019      O  1 969.0A  -1.191   0.0145            
 nInu  1793A   2.997 222.8251      Ca A 27.80m  -2.208   0.0014      Ca B 2.058m  -0.476   0.0751      O  1 946.4A  -1.330   0.0105            
 nFnu  1585A   0.188   0.3463      Ca A 16.20m  -2.277   0.0012      He 1 584.3A  -0.434   0.0827      O  1 934.5A  -1.305   0.0111            
 nInu  1585A   2.927 189.8500      Ca A 12.38m  -2.346   0.0010      He 1 537.0A  -1.698   0.0045      O  1 973.6A  -1.413   0.0087            
 nFnu  1458A   0.282   0.4294      Ca B  6563A   1.142   3.1107      He 1 522.2A  -1.945   0.0026      O  1 927.5A  -1.410   0.0087            
 nInu  1458A   3.101 283.2070      Ca B  4861A   0.709   1.1501      He 1 515.6A  -2.002   0.0022      O  1 948.5A  -1.521   0.0068            
 nFnu  1357A   0.314   0.4625      Ca B  4340A   0.406   0.5725      He 1 512.1A  -2.025   0.0021      O  1 923.0A  -1.523   0.0067            
 nInu  1357A   3.181 341.0120      Ca B  4102A   0.183   0.3418      TOTL 1.083m   0.228   0.3794      O  1 919.9A  -1.611   0.0055            
 nFnu  1297A   0.350   0.5024      Ca B  3970A   0.009   0.2291      He 1 1.083m   0.228   0.3794      O  1 935.7A  -1.574   0.0060            
 nInu  1297A   3.197 353.4763      Ca B  3889A  -0.132   0.1655      He 1 1.083m  -0.727   0.0421      O  1 917.7A  -1.692   0.0046            
 nFnu  1263A   0.392   0.5540      Ca B  3835A  -0.251   0.1260      He 1 1.083m  -0.249   0.1265      O  1 918.7A  -1.769   0.0038            
 nInu  1263A   3.190 348.1711      Ca B  3798A  -0.352   0.0998      He 1 1.083m  -0.028   0.2108      O  1 928.2A  -1.763   0.0039            
 nFnu  1218A   2.044  24.8255      Ca B  3771A  -0.440   0.0816      He 1  3889A  -0.941   0.0257      O  1 917.5A  -1.853   0.0032            
 nInu  1218A   3.168 330.2399      Ca B  3750A  -0.517   0.0683      He 1  3188A  -1.370   0.0096      O  1 923.4A  -1.952   0.0025            
 nFnu  1196A   0.620   0.9371      Ca B  3734A  -0.586   0.0582      He 1  2945A  -1.702   0.0045      O  1 920.2A  -2.100   0.0018            
 nInu  1196A   3.214 367.6289      Ca B  3722A  -0.651   0.0501      He 1  2829A  -1.970   0.0024      O  1 918.0A  -2.224   0.0013            
 nFnu  1175A   0.483   0.6835      Ca B  3712A  -0.714   0.0433      He 1 2.058m  -1.120   0.0170      Al 2  1671A  -1.473   0.0076            
 nInu  1175A   3.168 330.8143      Ca B  3704A  -0.778   0.0375      He 1  5016A  -1.551   0.0063      Si 2  1180A  -1.107   0.0176            
 nFnu  1144A   0.471   0.6645      Ca B  3697A  -0.841   0.0324      He 1  3965A  -1.960   0.0025      Si 2 993.4A  -1.416   0.0086            
 nInu  1144A   3.282 430.1083      Ca B  3692A  -0.904   0.0280      He 1  3614A  -2.266   0.0012      Si 2  1024A  -1.650   0.0050            
 nFnu  1113A   0.475   0.6710      Ca B  3687A  -0.966   0.0243      He 1  7065A  -1.472   0.0076      S  1  1356A  -2.313   0.0011            
 nInu  1113A   3.150 316.8269      Ca B  3683A  -1.027   0.0211      He 1  5876A  -0.792   0.0362      Ar 1  1096A  -1.567   0.0061            
 nFnu  1103A   0.695   1.1113      Ca B  3679A  -1.087   0.0184      He 1  4713A  -2.340   0.0010      Ar 1 922.5A  -1.858   0.0031            
 nInu  1103A   3.306 453.9377      Ca B  3676A  -1.144   0.0161      He 1  4471A  -1.278   0.0118      Ar 1 918.5A  -1.898   0.0028            
 nFnu  1074A   0.635   0.9696      Ca B  3674A  -1.200   0.0142      He 1  4026A  -1.607   0.0056      P  2 967.2A  -1.948   0.0025            
 nInu  1074A   3.238 388.1539      Ca B  3671A  -1.254   0.0125      He 1  3820A  -1.845   0.0032      P  2 963.8A  -1.683   0.0047            
 nFnu  1064A   0.618   0.9327      Ca B 1.875m   0.183   0.3423      He 1  7281A  -2.078   0.0019      Sc 2  3628A  -2.267   0.0012            
 nInu  1064A   3.316 465.1573      Ca B 1.282m  -0.098   0.1791      He 1  6678A  -1.334   0.0104      Ti 2  3366A  -0.769   0.0382            
 nFnu  1036A   0.590   0.8728      Ca B 1.094m  -0.321   0.1072      He 1  4922A  -1.837   0.0033      Ti 2  3238A  -1.049   0.0201            
 nInu  1036A   3.300 447.9621      Ca B 1.005m  -0.498   0.0714      He 1  4388A  -2.166   0.0015      Cr 1  4271A  -2.092   0.0018            
 nFnu  1000A   0.575   0.8444      Ca B  9546A  -0.642   0.0512      He 1 1.869m  -1.645   0.0051      Cr 1  3591A  -2.038   0.0021            
 nInu  1000A   3.297 445.1930      Ca B  9229A  -0.763   0.0388      He 1 1.278m  -2.050   0.0020      Cr 2  2060A  -1.812   0.0035            
 nFnu 925.1A   0.600   0.8933      Ca B  9015A  -0.865   0.0307      He 1 1.870m  -2.124   0.0017      Mn 2  2590A  -0.799   0.0357            
 nInu 925.1A   3.246 395.4579      Ca B  8863A  -0.953   0.0250      He 1 4.048m  -2.283   0.0012      Mn 2  1199A  -2.143   0.0016            
 nFnu 897.8A   2.164  32.7502      Ca B  8750A  -1.031   0.0209      Pho+  3889A  -0.020   0.2146      Ni 2  1752A  -2.071   0.0019            
 nFnu 760.0A   0.555   0.8061      Ca B  8665A  -1.100   0.0178      database lines..............      Ni 2  1744A  -1.975   0.0024            
 nFnu 701.5A  -0.178   0.1490      Ca B  8598A  -1.165   0.0154      level 1 lines...............      Ni 2  1473A  -2.149   0.0016            
 nFnu 608.2A  -1.938   0.0026      Ca B  8545A  -1.228   0.0133      C  1  1656A  -0.913   0.0274      Ni 2  1400A  -2.294   0.0011            
 nFnu 575.1A  -1.596   0.0057      Ca B  8502A  -1.291   0.0115      REC   1656A  -1.187   0.0146      Ni 2  1376A  -1.929   0.0026            
 nInu 575.1A  -1.677   0.0047      Ca B  8467A  -1.355   0.0099      C  1  8727A  -0.782   0.0371      Ni 2  1324A  -1.921   0.0027            
 nInu 511.9A  -0.724   0.0424      Ca B  8438A  -1.418   0.0086      TOTL  2326A  -0.046   0.2019      hyperfine structure.........            
 nFnu 496.9A   1.141   3.1037      Ca B  8413A  -1.480   0.0074      C  2  2325A  -1.002   0.0223      inner shell.................            
 nInu 496.9A  -2.145   0.0016      Ca B  8392A  -1.541   0.0065      C  2  2324A  -1.620   0.0054      molecules...................            
 nInu 399.2A  -0.587   0.0581      Ca B  8374A  -1.600   0.0056      C  2  2329A  -0.983   0.0233      H-CT  6563A   0.113   0.2911            
 RRC.........................      Ca B  8359A  -1.658   0.0049      C  2  2328A  -0.758   0.0392            
 grains......................      Ca B  8346A  -1.714   0.0043      C  2  2327A  -0.304   0.1116            



                                                                           
 Cooling:  HFBc     0 :0.099 HFFc     0 :0.061 Ca2K  3934A:0.148 Ca2H  3969A:0.086 Fe2c     0 :0.204  
 Heating:  BFH1     0 :0.940  

 These are some of the most important databases used by Cloudy:
 Many recombination coefficients were taken from http://amdpp.phys.strath.ac.uk/tamoc/RR/ and http://amdpp.phys.strath.ac.uk/tamoc/DR/
      and are based on the following papers:
        Badnell N. R., et al., A&A 406, 1151 (2003) [http://adsabs.harvard.edu/abs/2003A%26A...406.1151B]
        Badnell N. R., ApJS 167, 334 (2006) [http://adsabs.harvard.edu/abs/2006ApJS..167..334B]
 Much of the molecular emission data is from LAMDA as accessed on Dec. 18, 2010. This database is described in:
        Schoeier F.L., et al., A&A 432, 369 (2005) [http://adsabs.harvard.edu/abs/2005A%26A...432..369S]
      This database is in part based on the work of the following groups:
        JPL: Pickett H. M. et al., JQSRT, 60, 883 (1998). [http://adsabs.harvard.edu/abs/1998JQSRT..60..883P]
        CDMS: Mueller H. S. et al., A&A 370, L49 (2001). [http://adsabs.harvard.edu/abs/2001A%26A...370L..49M]
              Mueller H. S. et al., J. Mol. Struct. 742, 215 (2005). [http://adsabs.harvard.edu/abs/2005JMoSt.742..215M]
 Much of the ionic emission data is from version 7.0 of CHIANTI. CHIANTI is a collaborative project involving the NRL (USA), the
      Universities of Florence (Italy) and Cambridge (UK), and George Mason University (USA). These papers describe Chianti:
        Dere K. P., et al., A&AS, 125, 149 (1997) [http://adsabs.harvard.edu/abs/1997A%26AS..125..149D]
        Landi E., et al., ApJ, 744, 99 (2012) [http://adsabs.harvard.edu/abs/2012ApJ...744...99L]
 Much of the H_2 data is from this web site: http://molat.obspm.fr/index.php?page=pages/Molecules/H2/H2can94.php. These data are
      described in:
        Abgrall H. et al., Can. J. Phys., 72, 856 (1994) [http://adsabs.harvard.edu/abs/1994CaJPh..72..856A]
        Wrathmall S. A. & Flower D. R., J. Phys. B, 40, 3221 (2007) [http://adsabs.harvard.edu/abs/2007JPhB...40.3221W]
 Please cite those papers that played a significant role in this calculation.

 IONIZE PARMET:  U(1-) -6.4768  U(4-):-17.1133  U(sp): -6.48  Q(ion):    9.681  L(ion) -0.555    Q(low): 15.383    L(low)  3.207
 ENERGY BUDGET:  Heat:   1.833  Coolg:   1.833  Error:  0.0%  Rec Lin:   0.560  F-F  H  0.000    P(rad/tot)max     1.60E-05

     Col(Heff):      0.000E+00  snd travl time  9.27E+03 sec  Te-low: 3.99E+03  Te-hi: 6.73E+03  G0TH85: 6.89E+05  G0DB96:8.98E+05
  Emiss Measure    n(e)n(p) dl       2.527E+25  n(e)n(He+)dl         5.567E+23  En(e)n(He++) dl         5.577E+11  ne nC+:4.77E+22
 He/Ha:2.68E-02  =   0.31*true  Lthin:1.38E+01  itr/zn:13.18  H2 itr/zn:  0.00  File Opacity: F  MassTot 1.25e-05  (gm/cm^2)
   Temps(21 cm)   T(21cm/Ly a)  4.80E+03        T(<nH/Tkin>)  5.13E+03          T(<nH/Tspin>)    5.13E+03          TB21cm:1.79E-01
                   N(H0/Tspin)  1.03E+15        N(OH/Tkin)    1.42E+07          B(21cm)          0.00E+00
   <a>:8.56E-04  erdeFe0.0E+00  Tcompt2.77E+00  Tthr6.79E+06  <Tden>: 5.29E+03  <dens>:2.27E-15  <MolWgt>1.22E+00
     Mean Jeans  l(cm)8.53E+16  M(sun)3.71E+02  smallest:     len(cm):7.40E+16  M(sun):2.43E+02  a_ox tran:  0.00
 Rion:1.000E+30  Dist:0.00E+00  Diam:0.000E+00
 Hatom level 70  HatomType: add  HInducImp  F  He tot level: 63  He2 level:   70  ExecTime   422.2
 ConvrgError(%)  <eden>  0.292  MaxEden  0.949  <H-C>   0.18  Max(H-C)    0.50  <Press>   0.000  MaxPrs er  0.000
  Continuity(%)  chng Te   0.8  elec den   5.1  n(H2)    0.0  n(CO)        0.0

                                                        Averaged Quantities
             Te      Te(Ne)   Te(NeNp)  Te(NeHe+)Te(NeHe2+) Te(NeO+)  Te(NeO2+)  Te(H2)     N(H)     Ne(O2+)   Ne(Np)
 Radius:  5.29e+03  6.19e+03  6.46e+03  6.35e+03  6.15e+03  6.46e+03  6.51e+03  4.33e+03  1.00e+09  1.55e+08  1.20e+08

 Contin Optical Depths: COMP: 1.46e-07    H-: 9.17e-06 R(1300): 3.56e-05  H2+: 1.19e-07  Pfa:1.47E-07
                          Pa: 1.46e-07    Ba: 8.46e-06      Hb: 6.58e-06   La: 7.65e-02     1r:3.355E+01  1.8:1.01E+01 4.:1.485E+00

 Old, new H  1 continuum optical depths:
     1 3.34e+01     2 4.70e-06     3 9.19e-06     4 9.19e-06     5 9.19e-06     6 2.29e-06     7 2.29e-06     8 2.29e-06
     9 2.29e-06    10 8.21e-11    11 8.21e-11    12 8.21e-11    13 8.21e-11    14 8.21e-11    15 1.91e-10    16 1.91e-10
    17 1.91e-10    18 1.91e-10    19 1.91e-10    20 1.91e-10    21 3.90e-10    22 3.90e-10    23 3.90e-10    24 3.90e-10
    25 3.90e-10    26 3.90e-10    27 3.90e-10    28 7.15e-10    29 7.15e-10    30 7.15e-10    31 7.15e-10    32 7.15e-10
    33 7.15e-10    34 7.15e-10    35 7.15e-10    36 1.22e-09    37 1.22e-09    38 1.22e-09    39 1.22e-09    40 1.22e-09
    41 1.22e-09    42 1.22e-09    43 1.22e-09    44 1.22e-09    45 1.97e-09    46 1.97e-09    47 1.97e-09    48 1.97e-09
    49 1.97e-09    50 1.97e-09    51 1.97e-09    52 1.97e-09    53 1.97e-09    54 1.97e-09
     1 3.35e+01     2 4.70e-06     3 9.19e-06     4 9.19e-06     5 9.19e-06     6 2.29e-06     7 2.29e-06     8 2.29e-06
     9 2.29e-06    10 8.21e-11    11 8.21e-11    12 8.21e-11    13 8.21e-11    14 8.21e-11    15 1.91e-10    16 1.91e-10
    17 1.91e-10    18 1.91e-10    19 1.91e-10    20 1.91e-10    21 3.90e-10    22 3.90e-10    23 3.90e-10    24 3.90e-10
    25 3.90e-10    26 3.90e-10    27 3.90e-10    28 7.15e-10    29 7.15e-10    30 7.15e-10    31 7.15e-10    32 7.15e-10
    33 7.15e-10    34 7.15e-10    35 7.15e-10    36 1.22e-09    37 1.22e-09    38 1.22e-09    39 1.22e-09    40 1.22e-09
    41 1.22e-09    42 1.22e-09    43 1.22e-09    44 1.22e-09    45 1.97e-09    46 1.97e-09    47 1.97e-09    48 1.97e-09
    49 1.97e-09    50 1.97e-09    51 1.97e-09    52 1.97e-09    53 1.97e-09    54 1.97e-09

 Old, new H  1 mean line optical depths:
  2- 1 7.69e+05  3- 2 1.93e-03  4- 3 1.86e-07  5- 4 1.39e-07  6- 5 4.19e-08  7- 6 8.39e-09  8- 7 1.14e-08
  9- 8 3.03e-10 10- 9 1.35e-13
  2- 1 7.72e+05  3- 2 1.93e-03  4- 3 1.86e-07  5- 4 1.39e-07  6- 5 4.19e-08  7- 6 8.40e-09  8- 7 1.14e-08
  9- 8 3.11e-10 10- 9 8.90e-13

 Old, new He 2 continuum optical depths:
     1 1.48e+00     2 3.30e+01     3 3.15e-06     4 3.15e-06     5 3.15e-06     6 4.70e-06     7 4.70e-06     8 4.70e-06
     9 4.70e-06    10 7.45e-06    11 7.45e-06    12 7.45e-06    13 7.45e-06    14 7.45e-06    15 9.19e-06    16 9.19e-06
    17 9.19e-06    18 9.19e-06    19 9.19e-06    20 9.19e-06    21 7.76e-06    22 7.76e-06    23 7.76e-06    24 7.76e-06
    25 7.76e-06    26 7.76e-06    27 7.76e-06    28 2.29e-06    29 2.29e-06    30 2.29e-06    31 2.29e-06    32 2.29e-06
    33 2.29e-06    34 2.29e-06    35 2.29e-06    36 4.70e-11    37 4.70e-11    38 4.70e-11    39 4.70e-11    40 4.70e-11
    41 4.70e-11    42 4.70e-11    43 4.70e-11    44 4.70e-11    45 8.21e-11    46 8.21e-11    47 8.21e-11    48 8.21e-11
    49 8.21e-11    50 8.21e-11    51 8.21e-11    52 8.21e-11    53 8.21e-11    54 8.21e-11
     1 1.49e+00     2 3.31e+01     3 3.15e-06     4 3.15e-06     5 3.15e-06     6 4.70e-06     7 4.70e-06     8 4.70e-06
     9 4.70e-06    10 7.46e-06    11 7.46e-06    12 7.46e-06    13 7.46e-06    14 7.46e-06    15 9.19e-06    16 9.19e-06
    17 9.19e-06    18 9.19e-06    19 9.19e-06    20 9.19e-06    21 7.77e-06    22 7.77e-06    23 7.77e-06    24 7.77e-06
    25 7.77e-06    26 7.77e-06    27 7.77e-06    28 2.29e-06    29 2.29e-06    30 2.29e-06    31 2.29e-06    32 2.29e-06
    33 2.29e-06    34 2.29e-06    35 2.29e-06    36 4.70e-11    37 4.70e-11    38 4.70e-11    39 4.70e-11    40 4.70e-11
    41 4.70e-11    42 4.70e-11    43 4.70e-11    44 4.70e-11    45 8.21e-11    46 8.21e-11    47 8.21e-11    48 8.21e-11
    49 8.21e-11    50 8.21e-11    51 8.21e-11    52 8.21e-11    53 8.21e-11    54 8.21e-11

 Old, new He 2 mean line optical depths:
  2- 1 4.95e+02  3- 2 1.34e-12  4- 3 4.50e-16  5- 4 1.49e-16  6- 5 7.31e-18  7- 6 1.48e-18  8- 7 2.35e-18
  9- 8 3.89e-18 10- 9 2.40e-18
  2- 1 4.96e+02  3- 2 1.34e-12  4- 3 4.49e-16  5- 4 1.49e-16  6- 5 7.31e-18  7- 6 1.48e-18  8- 7 2.34e-18
  9- 8 3.89e-18 10- 9 2.40e-18

 Old He Is optical depths:    1 1.00e+01    2 3.81e-06    3 3.90e-06    4 4.37e-06    5 4.37e-06
 New He Is optical depths:    1 1.01e+01    2 3.81e-06    3 3.90e-06    4 4.37e-06    5 4.37e-06
          Old He Is Lines:  584 4.24e+04 3889 1.80e-02 5016 8.03e-04 5876 1.72e-07
          New He Is Lines:  584 4.26e+04 3889 1.80e-02 5016 8.04e-04 5876 1.72e-07

==== H      compounds ====           Log10 column densities [cm^-2}
   H2        : 13.692   H2*       : 12.246   H2+       : 10.229   H3+       :  6.338
==== He     compounds ====
   HeH+      : 10.669
==== Li     compounds ====
   LiH       :  0.349   LiH+      : -0.584
==== C      compounds ====
   CH        :  8.264   CH+       :  8.719   CH2       :  4.199   CH2+      :  4.508   CH3       : -0.480   CH3+      :  0.468   CH4       : -4.567   CH4+      : -6.464
   CH5+      :-10.226   C2        :  3.806   C2+       :  4.844   C2H       :  0.138   C2H+      :  0.752   C2H2      : -5.883   C2H2+     : -3.178   C2H3+     : -7.710
   C3        : -5.545   C3+       : -2.892   C3H       : -9.930   C3H+      : -6.495
==== N      compounds ====
   NH        : 10.029   NH+       :  9.244   NH2       :  5.447   NH2+      :  5.316   NH3       :  1.915   NH3+      :  0.871   NH4+      : -5.965   CN        :  8.856
   CN+       :  6.562   HCN       :  5.856   HCN+      :  4.836   HNC       : -1.416   HCNH+     :  0.806   HC3N      :-35.930   N2        :  8.613   N2+       :  6.108
   N2H+      : -1.982
==== O      compounds ====
   OH        : 10.787   OH+       : 10.137   H2O       :  6.315   H2O+      :  6.046   H3O+      :  1.760   CO        : 10.810   CO+       :  7.291   HCO+      :  4.623
   H2CO      :-35.930   CH3OH     :-35.930   ^13CO     :  9.333   NO        :  7.841   NO+       :  6.363   HNO       :  2.975   HNO+      :  1.899   OCN       :  3.595
   OCN+      :  2.110   N2O       :  0.855   O2        :  6.865   O2+       :  7.584   NO2       :  0.747   NO2+      : -0.558
==== Ne     compounds ====
   NeH+      :  7.065
==== Si     compounds ====
   SiH       :  2.283   SiH2+     :  0.953   SiC2      :-35.930   SiN       : -0.611   SiN+      :  6.214   SiO       :  5.507   SiO+      :  6.765   SiOH+     :  2.397
==== S      compounds ====
   HS        :  7.384   HS+       :  7.347   CS        :  2.538   CS+       :  4.563   HCS+      :  1.256   NS        :  3.929   NS+       :  5.629   SO        :  5.323
   SO+       :  6.364   OCS       : -2.085   OCS+      : -3.461   SO2       :-35.930   S2        : -2.250   S2+       : -3.571
==== Cl     compounds ====
   HCl       :  3.153   HCl+      :  7.684   H2Cl+     :  3.820   CCl       :-11.179   CCl+      :  0.196   H2CCl+    :-13.585   ClO       :-13.776   ClO+      :-16.567
==== Ar     compounds ====
   ArH+      :  9.832
==== Ti     compounds ====
   TiH       :-35.930   TiH+      :-35.930   TiH2      :-35.930   TiH2+     :-35.930   TiC       :-35.930   TiC+      :-35.930   HCTi      :-35.930   HCTi+     :-35.930
   TiC2      :-35.930   TiC2+     :-35.930   TiN       :-35.930   TiN+      :-35.930   HNTi      :-35.930   HNTi+     :-35.930   TiNC      :-35.930   TiNC+     :-35.930
   TiO       :-35.930   TiO+      :-35.930   TiOH+     :-35.930   TiO2      :-35.930   TiF+      :-35.930   TiS       :-35.930   TiS+      :-35.930   HTiS      :-35.930


               1      2      3      4      5      6      7      8      9     10     11     12     13     14     15     16     17

 Hydrogen   18.725 17.323 13.708 (H2)                Log10 Column density (cm^-2)
 Helium     17.665 15.865  4.118
 Lithium     6.569  7.764-30.000-30.000
 Beryllium   7.642  7.947  5.058-30.000-30.000
 Boron       8.215  9.415  4.531-30.000-30.000-30.000
 Carbon     14.094 15.133 11.647-30.000-30.000-30.000-30.000
 Nitrogen   14.558 13.068  7.381-30.000-30.000-30.000-30.000-30.000
 Oxygen     15.418 13.923  8.039-30.000-30.000-30.000-30.000-30.000-30.000
 Fluorine   11.260 10.263  7.333-30.000-30.000-30.000-30.000-30.000-30.000-30.000
 Neon       14.642 13.497  9.855-30.000-30.000-30.000-30.000-30.000-30.000-30.000-30.000
 Sodium     11.721 12.958  8.588-30.000-30.000-30.000-30.000-30.000-30.000-30.000-30.000-30.000
 Magnesium  12.554 14.334 11.391-30.000-30.000-30.000-30.000-30.000-30.000-30.000-30.000-30.000-30.000
 Aluminium   9.868 13.192  9.524-30.000-30.000-30.000-30.000-30.000-30.000-30.000-30.000-30.000-30.000-30.000
 Silicon    11.837 14.251 10.319-30.000-30.000-30.000-30.000-30.000-30.000-30.000-30.000-30.000-30.000-30.000-30.000
 Phosphorus  9.424 12.151  8.620-30.000-30.000-30.000-30.000-30.000-30.000-30.000-30.000-30.000-30.000-30.000-30.000-30.000
 Sulphur    12.291 13.849 11.241-30.000-30.000-30.000-30.000-30.000-30.000-30.000-30.000-30.000-30.000-30.000-30.000-30.000-30.000
 Chlorine    9.873 12.239  9.455-30.000-30.000-30.000-30.000-30.000-30.000-30.000-30.000-30.000-30.000-30.000-30.000-30.000-30.000
-30.000
 Argon      13.067 12.326 10.702-30.000-30.000-30.000-30.000-30.000-30.000-30.000-30.000-30.000-30.000-30.000-30.000-30.000-30.000
-30.000-30.000
 Potassium  10.323 11.755  8.724-30.000-30.000-30.000-30.000-30.000-30.000-30.000-30.000-30.000-30.000-30.000-30.000-30.000-30.000
-30.000-30.000-30.000
 Calcium    11.793 12.982 12.271-30.000-30.000-30.000-30.000-30.000-30.000-30.000-30.000-30.000-30.000-30.000-30.000-30.000-30.000
-30.000-30.000-30.000-30.000
 Scandium    8.534  9.843  8.668  4.652-30.000-30.000-30.000-30.000-30.000-30.000-30.000-30.000-30.000-30.000-30.000-30.000-30.000
-30.000-30.000-30.000-30.000-30.000
 Titanium    7.980 11.689  9.394-30.000-30.000-30.000-30.000-30.000-30.000-30.000-30.000-30.000-30.000-30.000-30.000-30.000-30.000
-30.000-30.000-30.000-30.000-30.000-30.000
 Vanadium    9.806 10.604  8.574-30.000-30.000-30.000-30.000-30.000-30.000-30.000-30.000-30.000-30.000-30.000-30.000-30.000-30.000
-30.000-30.000-30.000-30.000-30.000-30.000-30.000
 Chromium   10.925 12.366  9.591-30.000-30.000-30.000-30.000-30.000-30.000-30.000-30.000-30.000-30.000-30.000-30.000-30.000-30.000
-30.000-30.000-30.000-30.000-30.000-30.000-30.000-30.000
 Manganese   8.492 12.171  9.405-30.000-30.000-30.000-30.000-30.000-30.000-30.000-30.000-30.000-30.000-30.000-30.000-30.000-30.000
-30.000-30.000-30.000-30.000-30.000-30.000-30.000-30.000-30.000
 Iron       10.307 14.241 11.045-30.000-30.000-30.000-30.000-30.000-30.000-30.000-30.000-30.000-30.000-30.000-30.000-30.000-30.000
-30.000-30.000-30.000-30.000-30.000-30.000-30.000-30.000-30.000-30.000
 Cobalt     11.298 11.532  6.011-30.000-30.000-30.000-30.000-30.000-30.000-30.000-30.000-30.000-30.000-30.000-30.000-30.000-30.000
-30.000-30.000-30.000-30.000-30.000-30.000-30.000-30.000-30.000-30.000-30.000
 Nickel      9.485 12.962  7.374-30.000-30.000-30.000-30.000-30.000-30.000-30.000-30.000-30.000-30.000-30.000-30.000-30.000-30.000
-30.000-30.000-30.000-30.000-30.000-30.000-30.000-30.000-30.000-30.000-30.000-30.000
 Copper     10.049 10.871  7.715-30.000-30.000-30.000-30.000-30.000-30.000-30.000-30.000-30.000-30.000-30.000-30.000-30.000-30.000
-30.000-30.000-30.000-30.000-30.000-30.000-30.000-30.000-30.000-30.000-30.000-30.000-30.000
 Zinc       10.916 11.068  8.874-30.000-30.000-30.000-30.000-30.000-30.000-30.000-30.000-30.000-30.000-30.000-30.000-30.000-30.000
-30.000-30.000-30.000-30.000-30.000-30.000-30.000-30.000-30.000-30.000-30.000-30.000-30.000-30.000
 Exc state    He1* 11.122   CII* 14.955   C11* 13.143   C12* 13.618   C13* 13.837   O11* 15.172   O12* 14.931   O13* 14.446
              Si2* 14.063   C30*  5.648   C31*  5.518   C32*  6.424


 Hydrogen   -0.017 -1.418 -4.733 (H2)                 Log10 Mean Ionisation (over radius)
 Helium     -0.007 -1.807-13.554
 Lithium    -1.222 -0.027
 Beryllium  -0.480 -0.175 -3.064
 Boron      -1.227 -0.027 -4.910
 Carbon     -1.078 -0.038 -3.525
 Nitrogen   -0.014 -1.504 -7.191
 Oxygen     -0.014 -1.509 -7.393
 Fluorine   -0.042 -1.039 -3.969
 Neon       -0.030 -1.174 -4.817
 Sodium     -1.261 -0.025 -4.394
 Magnesium  -1.788 -0.008 -2.951
 Aluminium  -3.324 -0.000 -3.668
 Silicon    -2.415 -0.002 -3.933
 Phosphorus -2.727 -0.001 -3.532
 Sulphur    -1.572 -0.013 -2.621
 Chlorine   -2.369 -0.003 -2.786
 Argon      -0.074 -0.816 -2.439
 Potassium  -1.448 -0.016 -3.047
 Calcium    -1.289 -0.100 -0.811
 Scandium   -1.357 -0.048 -1.223 -5.239
 Titanium   -3.712 -0.002 -2.297
 Vanadium   -0.866 -0.068 -2.098
 Chromium   -1.457 -0.016 -2.791
 Manganese  -3.680 -0.001 -2.766
 Iron       -3.934 -0.000 -3.197
 Cobalt     -0.434 -0.200 -5.721
 Nickel     -3.477 -0.000 -5.588
 Copper     -0.883 -0.061 -3.217
 Zinc       -0.385 -0.233 -2.427

               1      2      3      4      5      6      7      8      9     10     11     12     13     14     15     16     17

 Hydrogen   -0.053 -0.940 -5.656 (H2)         Log10 Mean Ionisation (over radius*electron density)
 Helium     -0.013 -1.527-13.526
 Lithium    -1.090 -0.037
 Beryllium  -0.192 -0.449 -2.921
 Boron      -0.818 -0.072 -4.436
 Carbon     -0.714 -0.094 -3.155
 Nitrogen   -0.046 -0.998 -6.581
 Oxygen     -0.043 -1.025 -6.802
 Fluorine   -0.084 -0.755 -3.788
 Neon       -0.050 -0.962 -4.806
 Sodium     -1.531 -0.013 -4.631
 Magnesium  -1.703 -0.010 -2.532
 Aluminium  -3.397 -0.000 -3.432
 Silicon    -2.160 -0.003 -3.372
 Phosphorus -2.797 -0.001 -3.111
 Sulphur    -1.168 -0.033 -2.350
 Chlorine   -2.704 -0.002 -2.546
 Argon      -0.196 -0.452 -2.004
 Potassium  -1.921 -0.006 -3.026
 Calcium    -1.007 -0.068 -1.338
 Scandium   -1.134 -0.054 -1.364 -4.746
 Titanium   -3.897 -0.005 -1.983
 Vanadium   -0.693 -0.109 -1.705
 Chromium   -1.105 -0.038 -2.232
 Manganese  -3.861 -0.003 -2.216
 Iron       -4.102 -0.001 -2.637
 Cobalt     -0.239 -0.373 -5.195
 Nickel     -3.612 -0.000 -5.046
 Copper     -0.547 -0.146 -2.779
 Zinc       -0.181 -0.472 -2.496

               1      2      3      4      5      6      7      8      9     10     11     12     13     14     15     16     17

 Hydrogen    3.721  3.793  3.637 (H2)                  Log10 Mean Temperature (over radius)
 Helium      3.723  3.772  3.744
 Lithium     3.749  3.722
 Beryllium   3.769  3.699  3.758
 Boron       3.783  3.720  3.795
 Carbon      3.777  3.718  3.784
 Nitrogen    3.721  3.798  3.810
 Oxygen      3.721  3.793  3.808
 Fluorine    3.719  3.769  3.762
 Neon        3.721  3.760  3.741
 Sodium      3.696  3.725  3.705
 Magnesium   3.740  3.723  3.789
 Aluminium   3.715  3.724  3.764
 Silicon     3.750  3.724  3.805
 Phosphorus  3.715  3.724  3.786
 Sulphur     3.782  3.722  3.775
 Chlorine    3.672  3.724  3.767
 Argon       3.711  3.785  3.795
 Potassium   3.682  3.725  3.738
 Calcium     3.769  3.730  3.671
 Scandium    3.762  3.724  3.692  3.792
 Titanium    3.702  3.723  3.765
 Vanadium    3.755  3.718  3.780
 Chromium    3.775  3.722  3.805
 Manganese   3.702  3.724  3.803
 Iron        3.703  3.724  3.805
 Cobalt      3.755  3.704  3.799
 Nickel      3.706  3.724  3.802
 Copper      3.774  3.715  3.788
 Zinc        3.756  3.699  3.730

               1      2      3      4      5      6      7      8      9     10     11     12     13     14     15     16     17

 Hydrogen    3.789  3.810  3.656 (H2)          Log10 Mean Temperature (over radius*electron density)
 Helium      3.791  3.802  3.789
 Lithium     3.796  3.791
 Beryllium   3.803  3.769  3.795
 Boron       3.808  3.789  3.810
 Carbon      3.807  3.788  3.806
 Nitrogen    3.789  3.811  3.814
 Oxygen      3.790  3.811  3.814
 Fluorine    3.789  3.803  3.798
 Neon        3.791  3.800  3.788
 Sodium      3.771  3.792  3.772
 Magnesium   3.795  3.791  3.808
 Aluminium   3.787  3.792  3.801
 Silicon     3.805  3.791  3.813
 Phosphorus  3.787  3.792  3.808
 Sulphur     3.808  3.790  3.801
 Chlorine    3.773  3.792  3.801
 Argon       3.783  3.806  3.808
 Potassium   3.746  3.792  3.790
 Calcium     3.803  3.793  3.742
 Scandium    3.800  3.791  3.788  3.812
 Titanium    3.780  3.791  3.806
 Vanadium    3.798  3.789  3.808
 Chromium    3.806  3.790  3.813
 Manganese   3.780  3.791  3.813
 Iron        3.781  3.792  3.813
 Cobalt      3.800  3.780  3.812
 Nickel      3.784  3.792  3.812
 Copper      3.805  3.786  3.809
 Zinc        3.800  3.774  3.783

               1      2      3      4      5      6      7      8      9     10     11     12     13     14     15     16     17
                                                                          

---------------Convergence statistics---------------
      1.43 mean iterations/state convergence
      2.96 mean cx acceleration loops/iteration
      1.05 mean iso convergence loops/ion solve
      1.02 mean steps/chemistry solve
         1 mean step length searches/chemistry step
----------------------------------------------------

 Cloudy ends: 121 zones, 3 iterations.  ExecTime(s) 422.23
 [Stop in cdMain at ../maincl.cpp:483, Cloudy exited OK]
 ************************************************** GRID_DELIMIT -- grid000000074
