                                                          Cloudy 13.03
                                                         www.nublado.org

                       **************************************13Feb20**************************************
                       *                                                                                 *
                       * c                                                                               *
                       * phi(h) 8.000000 LOG range -0.000232 6.866524                                    *
                       * grid from 8 to 23 in 1 dex steps                                                *
                       * HDEN=6.000000 LOG                                                               *
                       * grid from 0 to 12 in 1 dex steps                                                *
                       * set pres ionize 1e5                                                             *
                       * c                                                                               *
                       * c                                                                               *
                       * table star "Rotation_inst.mod" age 6.78                                         *
                       * c<< Rotation_ins model    4 read.       Age =    6010000.00                 >>> *
                       * c<< Rotation_ins model    5 read.       Age =    8010000.00                 >>> *
                       * c<< FINAL:     Age =    6025595.86                                          >>> *
                       * c                                                                               *
                       * c                                                                               *
                       * abundances GASS10                                                               *
                       * c                                                                               *
                       * c                                                                               *
                       * iterate to convergence max = 7                                                  *
                       * stop column density = 23                                                        *
                       * c                                                                               *
                       * c                                                                               *
                       * print last                                                                      *
                       * set save prefix "geneva_inst_rot_6"                                             *
                       * save grid ".grd" last no hash                                                   *
                       * save linelist "emissionlines_abs.txt" "LineList_HII.dat" absolute last no hash    *
                       *                                                                                 *
                       ***********************************************************************************



           3972CellPeak1.00E+00   Lo 1.00e-08=910.79cm   Hi-Con:4.21E+00 Ryd   E(hi):7.35E+06Ryd     E(hi):     100.01 MeV
           I(nu>1ryd):  -2.5376   Average nu:1.330E+00   I( X-ray):   0.0000   I(BalC):  -1.8611     Phi(BalmrC):   9.0435
           phi(1.0-1.8): 7.9574   phi(1.8-4.0):  6.970   phi(4.0-20): -2.637   phi(20--):  0.000     Ion pht flx:1.000E+08
           I(gam ray):   0.0000   phi(gam r):   0.0000   I(Infred):  -2.7653   Alf(ox):   0.0000     Total inten:  -1.7355
           U(1.0----):3.336E-09   U(4.0----):7.703E-20   T(En-Den):3.001E+00   T(Comp):2.841E+04     nuJnu(912A):1.206E-02
           Occ(FarIR):4.095E-03   Occ(H n=6):2.886E-15   Occ(1Ryd):5.543E-19   Occ(4R):1.859E-30     Occ (Nu-hi):1.724E-31
           Tbr(FarIR):6.489E-06   Tbr(H n=6):1.265E-11   Tbr(1Ryd):8.762E-14   Tbr(4R):1.175E-24     Tbr (Nu-hi):1.143E-25
  
                                                  Gas Phase Chemical Composition
        H :  0.0000  He: -1.0701  Li:-10.9508  Be:-10.6198  B : -9.3002  C : -3.5702  N : -4.1701  O : -3.3098  F : -7.4401
        Ne: -4.0701  Na: -5.7595  Mg: -4.4001  Al: -5.5498  Si: -4.4895  P : -6.5901  S : -4.8794  Cl: -6.5003  Ar: -5.6003
        K : -6.9706  Ca: -5.6596  Sc: -8.8508  Ti: -7.0501  V : -8.0701  Cr: -6.3595  Mn: -6.5702  Fe: -4.5003  Co: -7.0101
                                               Ni: -5.7799  Cu: -7.8097  Zn: -7.4401
 
 ####  1  Te:5.685E+02 Hden:1.000E+06 Ne:1.117E+04 R:1.000E+30 R-R0:2.275E+05 dR:4.549E+05 NTR: 24 Htot:1.572E-15 T912: 2.84e-06###
 Hydrogen      9.88e-01 1.10e-02 H+o/Hden 9.99e-01 1.96e-09 H-    H2 4.15e-04 2.02e-10 H2+ HeH+ 3.55e-10 Ho+ ColD 4.50e+11 5.00e+09
 Helium        1.00e+00 4.67e-04 9.92e-18 HeI 2s3S 3.63e-08 Comp H,C 2.62e-27 5.24e-29 Fill Fac 1.00e+00 Gam1/tot 1.00e+00
 He singlet n  1.00e+00 2.39e-14 7.32e-20 7.54e-21 4.08e-20 1.45e-20 He tripl 3.63e-08 5.77e-19 9.43e-21 8.91e-20 3.96e-20
 Pressure      NgasTgas 6.24e+08 P(total) 8.61e-08 P( gas ) 8.61e-08 P(Radtn) 0.00e+00 Rad accl 1.38e-06 ForceMul 6.90e+08
 Texc(La)      2.92e+03 T(I con) 3.00e+00 T(D con) 9.58e-02 T(U tot) 3.00e+00 nT (c+d) 7.48e+05 Prad/Gas 0.00e+00 Pmag/Gas 0.00e+00
 Molecules     CH/Ctot: 1.47e-04 CH+/Ctot 1.55e-06 CO/Ctot: 1.80e-04 CO+/Ctot 3.12e-10 H2O/Otot 4.29e-12 OH/Ototl 7.01e-07
 Lithium       8.66e-01 1.34e-01 0.00e+00 0.00e+00 Berylliu 9.84e-01 1.63e-02 3.44e-06 0.00e+00 0.00e+00 sec ion: 0.00e+00
 Boron         8.81e-01 1.19e-01 9.95e-08 0.00e+00 0.00e+00 0.00e+00
 Carbon        9.33e-01 6.70e-02 2.19e-06 0.00e+00 0.00e+00 0.00e+00 0.00e+00 H2O+/O   2.20e-09 OH+/Otot 1.56e-05 Hex(tot) 0.00e+00
 Nitrogen      9.99e-01 7.88e-04 2.42e-11 0.00e+00 0.00e+00 0.00e+00 0.00e+00 0.00e+00 O2/Ototl 4.71e-10 O2+/Otot 3.87e-09
 Oxygen        9.93e-01 6.72e-03 1.76e-10 0.00e+00 0.00e+00 0.00e+00 0.00e+00 0.00e+00 0.00e+00
 Fluorine      9.91e-01 8.98e-03 3.86e-07 0.00e+00 0.00e+00 0.00e+00 0.00e+00 0.00e+00 0.00e+00 0.00e+00
 Neon          9.96e-01 3.91e-03 8.59e-09 0.00e+00 0.00e+00 0.00e+00 0.00e+00 0.00e+00 0.00e+00 0.00e+00 0.00e+00
 Sodium        2.24e-01 7.76e-01 2.24e-07 0.00e+00 0.00e+00 0.00e+00 0.00e+00 0.00e+00 0.00e+00 0.00e+00 0.00e+00 0.00e+00
 Magnesium     5.38e-01 4.62e-01 3.04e-05 0.00e+00 0.00e+00 0.00e+00 0.00e+00 0.00e+00 0.00e+00 0.00e+00 0.00e+00 0.00e+00 0.00e+00
 Aluminium  0  7.65e-04 9.99e-01 3.64e-05 0.00e+00 0.00e+00 0.00e+00 0.00e+00 0.00e+00 0.00e+00 0.00e+00 0.00e+00 0.00e+00 0.00e+00
 Silicon    0  3.79e-01 6.21e-01 9.62e-09 0.00e+00 0.00e+00 0.00e+00 0.00e+00 0.00e+00 0.00e+00 0.00e+00 0.00e+00 0.00e+00 0.00e+00
 Phosphorus 0  6.52e-03 9.93e-01 6.51e-05 0.00e+00 0.00e+00 0.00e+00 0.00e+00 0.00e+00 0.00e+00 0.00e+00 0.00e+00 0.00e+00 0.00e+00
 Sulphur    0  6.69e-01 3.31e-01 1.78e-05 0.00e+00 0.00e+00 0.00e+00 0.00e+00 0.00e+00 0.00e+00 0.00e+00 0.00e+00 0.00e+00 0.00e+00
 Chlorine   0  4.43e-02 9.55e-01 1.07e-04 0.00e+00 0.00e+00 0.00e+00 0.00e+00 0.00e+00 0.00e+00 0.00e+00 0.00e+00 0.00e+00 0.00e+00
 Argon      0  9.93e-01 5.04e-03 2.00e-06 0.00e+00 0.00e+00 0.00e+00 0.00e+00 0.00e+00 0.00e+00 0.00e+00 0.00e+00 0.00e+00 0.00e+00
 Potassium  0  5.59e-01 4.41e-01 1.28e-05 0.00e+00 0.00e+00 0.00e+00 0.00e+00 0.00e+00 0.00e+00 0.00e+00 0.00e+00 0.00e+00 0.00e+00
 Calcium    0  9.38e-01 6.23e-02 5.97e-05 0.00e+00 0.00e+00 0.00e+00 0.00e+00 0.00e+00 0.00e+00 0.00e+00 0.00e+00 0.00e+00 0.00e+00
 Scandium   0  9.20e-01 7.99e-02 2.35e-04 0.00e+00 0.00e+00 0.00e+00 0.00e+00 0.00e+00 0.00e+00 0.00e+00 0.00e+00 0.00e+00 0.00e+00
 Titanium   0  7.31e-04 9.99e-01 5.00e-04 0.00e+00 0.00e+00 0.00e+00 0.00e+00 0.00e+00 0.00e+00 0.00e+00 0.00e+00 0.00e+00 0.00e+00
 Vanadium   0  9.61e-01 3.85e-02 5.58e-05 0.00e+00 0.00e+00 0.00e+00 0.00e+00 0.00e+00 0.00e+00 0.00e+00 0.00e+00 0.00e+00 0.00e+00
 Chromium   0  8.56e-01 1.44e-01 1.70e-06 0.00e+00 0.00e+00 0.00e+00 0.00e+00 0.00e+00 0.00e+00 0.00e+00 0.00e+00 0.00e+00 0.00e+00
 Manganese  0  7.94e-04 9.99e-01 9.44e-07 0.00e+00 0.00e+00 0.00e+00 0.00e+00 0.00e+00 0.00e+00 0.00e+00 0.00e+00 0.00e+00 0.00e+00
 Iron       0  4.53e-04 1.00e+00 1.66e-07 0.00e+00 0.00e+00 0.00e+00 0.00e+00 0.00e+00 0.00e+00 0.00e+00 0.00e+00 0.00e+00 0.00e+00
 Cobalt     0  9.86e-01 1.39e-02 1.44e-08 0.00e+00 0.00e+00 0.00e+00 0.00e+00 0.00e+00 0.00e+00 0.00e+00 0.00e+00 0.00e+00 0.00e+00
 Nickel     0  1.11e-03 9.99e-01 8.86e-07 0.00e+00 0.00e+00 0.00e+00 0.00e+00 0.00e+00 0.00e+00 0.00e+00 0.00e+00 0.00e+00 0.00e+00
 Copper     0  9.47e-01 5.27e-02 9.27e-05 0.00e+00 0.00e+00 0.00e+00 0.00e+00 0.00e+00 0.00e+00 0.00e+00 0.00e+00 0.00e+00 0.00e+00
 Zinc       0  9.90e-01 1.04e-02 3.00e-06 0.00e+00 0.00e+00 0.00e+00 0.00e+00 0.00e+00 0.00e+00 0.00e+00 0.00e+00 0.00e+00 0.00e+00
                                                                             
   Calculation stopped because lowest Te reached. Iteration 3 of 3
   The geometry is plane-parallel.
  !Continuum fluorescent production of H-beta was very important.
  !Charge transfer ionization of H reached 633.1% of the local H ionization rate.
  !AGE: Cloud age was not set.  Longest timescale was 8.22e+07 s = 2.60e+00 years.
  !The excitation temp of Lya exceeded the electron temp, largest value was 2.92e+03K (gas temp there was 5.68e+02K, zone   1)
  !Mutual neutralization production of H-alpha was significant.
  !The CMB was not included.  This is added with the CMB command.
  !The intensity of the incident radiation field is less than 10 times the Habing diffuse ISM field.  Is this OK?
  !   Consider adding diffuse ISM emission with TABLE ISM command.
   H2 vib deexec heating reached 2.02% of the local heating.
   The density is too low to l-mix the lowest H  I collapsed level.  More resolved levels are needed for accurate line ratios.
   The density is too low to l-mix the lowest He I collapsed level.  More resolved levels are needed for accurate line ratios.
   Grains were not present but might survive in this environment (energy density temperature was 3.00e+00K)
   The fraction of Ar in ArH+ reached 0.223% at some point in the cloud.

                       *********************************> Cloudy 13.03 <**********************************
                       * c                                                                               *
                       * phi(h) 8.000000 LOG range -0.000232 6.866524                                    *
                       * grid from 8 to 23 in 1 dex steps                                                *
                       * HDEN=6.000000 LOG                                                               *
                       * grid from 0 to 12 in 1 dex steps                                                *
                       * set pres ionize 1e5                                                             *
                       * c                                                                               *
                       * c                                                                               *
                       * table star "Rotation_inst.mod" age 6.78                                         *
                       * c                                                                               *
                       * c                                                                               *
                       * abundances GASS10                                                               *
                       * c                                                                               *
                       * c                                                                               *
                       * iterate to convergence max = 7                                                  *
                       * stop column density = 23                                                        *
                       * c                                                                               *
                       * c                                                                               *
                       * print last                                                                      *
                       * set save prefix "geneva_inst_rot_6"                                             *
                       * save grid ".grd" last no hash                                                   *
                       * save linelist "emissionlines_abs.txt" "LineList_HII.dat" absolute last no hash    *
                       *********************************> Log(U): -8.48 <*********************************

                     Emission Line Spectrum.   Constant  Density Model.    Open geometry.  Iteration 3 of 3.
                                                     Intensity (erg/s/cm^2).


                                                   Intrinsic line intensities
 general properties..........      nFnu  1218A -10.016   1.0095      Ca A  8374A -12.616   0.0025      Ca B 16.88m -12.902   0.0013            
 TOTL  4861A -10.020   1.0000      nInu  1218A  -1.832*********      Ca A  8359A -12.639   0.0024      H  1     0  -10.510   0.3234            
 TOTL  1216A  -7.510 323.8645      nFnu  1196A -11.643   0.0238      Ca A  8346A -12.661   0.0023      H  1  1216A  -7.510 323.8645            
 Inci     0   -1.735*********      nInu  1196A  -1.786*********      Ca A  8334A -12.681   0.0022      H  1  1026A  -8.287  54.0916            
 TotH     0   -9.146   7.4882      nFnu  1175A -11.877   0.0139      Ca A 4.051m -10.940   0.1203      H  1 972.5A  -8.772  17.7245            
 TotC     0   -9.146   7.4895      nInu  1175A  -1.832*********      Ca A 2.625m -11.282   0.0548      H  1 949.7A  -9.102   8.2850            
 BFH1     0   -9.168   7.1088      nFnu  1144A -11.890   0.0135      Ca A 2.166m -11.547   0.0297      H  1 937.8A  -9.304   5.2002            
 BFHe     0  -10.898   0.1324      nInu  1144A  -1.718*********      Ca A 1.945m -11.759   0.0182      H  1 930.8A  -9.538   3.0335            
 TotM     0  -11.361   0.0456      nFnu  1113A -11.882   0.0137      Ca A 1.817m -11.935   0.0122      H  1 926.2A  -9.762   1.8129            
 CT H     0  -12.346   0.0047      nInu  1113A  -1.850*********      Ca A 1.736m -12.086   0.0086      H  1 923.2A  -9.917   1.2688            
 H FB     0  -10.983   0.1090      nFnu  1103A -11.873   0.0140      Ca A 1.681m -12.216   0.0064      H  1 921.0A -10.067   0.8975            
 HFBc     0  -10.983   0.1090      nInu  1103A  -1.693*********      Ca A 1.641m -12.330   0.0049      H  1  6563A  -9.550   2.9518            
 continua....................      nFnu  1074A -11.857   0.0146      Ca A 1.611m -12.430   0.0039      H  1  4861A -10.020   1.0000            
 Bac   3646A  -8.199  66.1684      nInu  1074A  -1.761*********      Ca A 1.588m -12.518   0.0032      H  1  4340A -10.351   0.4666            
 nFnu  3645A  -8.199  66.2905      nFnu  1064A -11.849   0.0148      Ca A 1.570m -12.595   0.0027      H  1  4102A -10.575   0.2786            
 nFnu  3647A -10.934   0.1220      nInu  1064A  -1.683*********      Ca A 1.556m -12.662   0.0023      H  1  3970A -10.796   0.1676            
 cout  3646A  -8.500  33.0842      nFnu  1036A -11.831   0.0155      Ca A 1.544m -12.720   0.0020      H  1  3889A -10.988   0.1076            
 cref  3646A  -8.500  33.0842      nInu  1036A  -1.699*********      Ca A 1.534m -12.772   0.0018      H  1  3835A -11.112   0.0810            
 thin  3646A  -8.199  66.1684      nFnu  1000A -11.805   0.0164      Ca A 1.526m -12.818   0.0016      H  1  3798A -11.198   0.0665            
 Inci  4860A  -2.874*********      nInu  1000A  -1.702*********      Ca A 1.519m -12.860   0.0014      H  1 1.875m -10.457   0.3656            
 Inci  1215A  -1.831*********      nFnu 925.1A -11.751   0.0186      Ca A 1.513m -12.898   0.0013      H  1 1.282m -10.813   0.1611            
 Ba C     0   -9.942   1.1961      nInu 925.1A  -1.753*********      Ca A 1.508m -12.933   0.0012      H  1 1.094m -11.076   0.0879            
 PA C     0  -10.298   0.5269      nFnu 897.8A  -8.667  22.5324      Ca A 1.504m -12.966   0.0011      H  1 1.005m -11.300   0.0525            
 FIR  83.00m  -3.4443767789.0      nInu 897.8A  -2.176*********      Ca A 1.500m -12.996   0.0011      H  1  9546A -11.483   0.0344            
 TIR   1800m  -5.74718772.910      nFnu 760.0A -11.685   0.0217      Ca A 7.458m -11.380   0.0437      H  1  9229A -11.608   0.0258            
 NIRa 2.850m  -3.3364831484.0      nInu 760.0A  -2.193*********      Ca A 4.653m -11.651   0.0234      H  1  9015A -11.687   0.0215            
 NIRb 3.000m  -3.8311544931.9      nFnu 701.5A -11.730   0.0195      Ca A 3.740m -11.876   0.0139      H  1 4.051m -11.051   0.0930            
 MIRa 15.00m  -4.0161009734.6      nInu 701.5A  -2.385*********      Ca A 3.296m -12.063   0.0091      H  1 2.625m -11.323   0.0498            
 MIRb 22.50m  -3.7941681687.6      nInu 608.2A  -2.528*********      Ca A 3.038m -12.222   0.0063      H  1 2.166m -11.556   0.0291            
 NMIR 21.75m  -3.3364831484.0      nInu 575.1A  -2.479*********      Ca A 2.872m -12.359   0.0046      H  1 1.945m -11.748   0.0187            
 TFIR 611.2m  -3.9561159080.2      nInu 511.9A  -2.679*********      Ca A 2.758m -12.480   0.0035      H  1 1.817m -11.890   0.0135            
 TALL 10000A  -1.735*********      nFnu 496.9A -11.741   0.0190      Ca A 2.674m -12.586   0.0027      H  1 1.736m -11.988   0.0108            
 F12  12.00m  -4.497333622.09      nInu 496.9A  -2.873*********      Ca A 2.612m -12.681   0.0022      H  1 7.458m -11.528   0.0310            
 F25  25.00m  -4.307517047.44      nInu 399.2A  -3.0549246501.0      Ca A 2.564m -12.764   0.0018      H  1 4.653m -11.742   0.0190            
 F60  60.00m  -3.8441501460.9      RRC.........................      Ca A 2.525m -12.839   0.0015      H  1 3.740m -11.937   0.0121            
 F100 100.0m  -4.031975793.06      H  1 911.8A  -9.127   7.8183      Ca A 2.495m -12.906   0.0013      H  1 3.296m -12.093   0.0084            
 MIPS 24.00m  -4.621250723.52      H  1  3646A -10.536   0.3050      Ca A 2.469m -12.967   0.0011      H  1 3.038m -12.212   0.0064            
 MIPS 70.00m  -4.201659623.75      H  1  3646A -10.103   0.8270      Ca A 12.37m -11.761   0.0182      H  1 12.37m -11.939   0.0121            
 MIPS 160.0m  -4.426392854.81      H  1  8204A -11.286   0.0543      Ca A 7.500m -11.979   0.0110      H  1 7.500m -12.106   0.0082            
 IRAC 3.600m  -5.12478752.305      H  1  8204A -10.799   0.1664      Ca A 5.907m -12.172   0.0071      H  1 5.907m -12.266   0.0057            
 IRAC 4.500m  -5.20066134.305      H  1  8204A -10.747   0.1874      Ca A 5.127m -12.337   0.0048      H  1 5.127m -12.398   0.0042            
 IRAC 5.800m  -5.12678342.984      H  1 1.458m -11.875   0.0140      Ca A 4.671m -12.481   0.0035      H  1 19.06m -12.299   0.0053            
 IRAC 8.000m  -4.844149999.53      H  1 1.458m -11.379   0.0438      Ca A 4.375m -12.607   0.0026      H  1 11.31m -12.430   0.0039            
 SPR1 250.0m  -4.848148671.36      H  1 1.458m -11.212   0.0643      Ca A 4.170m -12.718   0.0020      H  1 8.758m -12.565   0.0029            
 SPR2 350.0m  -5.28454476.402      H  1 1.458m -11.360   0.0457      Ca A 4.020m -12.818   0.0016      H  1 27.80m -12.618   0.0025            
 SPR3 500.0m  -5.67222299.826      H  1 2.279m -12.321   0.0050      Ca A 3.906m -12.908   0.0013      H  1 16.20m -12.724   0.0020            
 PAC1 70.00m  -4.139761272.94      H  1 2.279m -11.824   0.0157      Ca A 3.818m -12.989   0.0011      H  1 38.86m -12.900   0.0013            
 PAC2 100.0m  -4.026987038.88      H  1 2.279m -11.620   0.0251      Ca A 19.06m -12.097   0.0084      He-like iso-sequence........            
 PAC3 160.0m  -4.169709974.56      H  1 2.279m -11.612   0.0256      Ca A 11.31m -12.275   0.0056      Hlin 506.0A -11.423   0.0396            
 PAH  3.300m  -5.95211687.271      H  1 2.279m -11.905   0.0130      Ca A 8.758m -12.442   0.0038      Ca B  3188A -12.799   0.0017            
 PAHC 3.230m  -6.2056539.0898      H  1 3.281m -12.671   0.0022      Ca A 7.506m -12.589   0.0027      Ca B  3889A -12.390   0.0043            
 PAHC 3.370m  -6.2845443.4443      H  1 3.281m -12.175   0.0070      Ca A 6.770m -12.719   0.0020      Ca B  4026A -13.015   0.0010            
 PAH  6.200m  -5.57927621.992      H  1 3.281m -11.955   0.0116      Ca A 6.290m -12.835   0.0015      Ca B  4471A -12.679   0.0022            
 PAHC 5.650m  -5.57328004.273      H  1 3.281m -11.885   0.0137      Ca A 5.955m -12.940   0.0012      Ca B  5016A -12.969   0.0011            
 PAH  7.900m  -5.29153533.273      H  1 3.281m -11.995   0.0106      Ca A 27.80m -12.399   0.0042      Ca B  5876A -12.207   0.0065            
 PAHC 6.900m  -5.28454420.625      H  1 3.281m -12.402   0.0041      Ca A 16.20m -12.546   0.0030      Ca B  6678A -12.750   0.0019            
 PAH  11.30m  -5.70720574.592      H  1 4.466m -12.959   0.0012      Ca A 12.38m -12.691   0.0021      Ca B 1.083m -11.598   0.0264            
 PAHC 10.90m  -5.70520648.139      H  1 4.466m -12.464   0.0036      Ca A 10.50m -12.823   0.0016      Ca B 2.058m -12.801   0.0017            
 PAH  11.80m  -5.46635807.602      H  1 4.466m -12.237   0.0061      Ca A 9.389m -12.942   0.0012      He 1     0  -11.808   0.0163            
 PAHC 12.65m  -5.46935601.781      H  1 4.466m -12.136   0.0077      Ca A 38.86m -12.672   0.0022      He 1 584.3A  -9.763   1.8058            
 PAH  13.30m  -5.41340486.086      H  1 4.466m -12.167   0.0071      Ca A 22.33m -12.795   0.0017      He 1 537.0A -10.481   0.3457            
 PAHC 14.10m  -5.41540251.672      H  1 4.466m -12.373   0.0044      Ca A 16.88m -12.923   0.0013      He 1 522.2A -11.069   0.0894            
 Bcon  3640A  -1.861*********      H  1 4.466m -12.874   0.0014      Ca B  6563A  -9.621   2.5076      He 1 515.6A -11.345   0.0473            
 Pcon  5000A  -3.007*********      H  1 5.834m -12.718   0.0020      Ca B  4861A -10.181   0.6902      He 1 512.1A -11.510   0.0324            
 HFFc     0  -11.488   0.0341      H  1 5.834m -12.487   0.0034      Ca B  4340A -10.548   0.2965      He 1 625.6A -11.247   0.0594            
 H FF     0  -11.680   0.0219      H  1 5.834m -12.370   0.0045      Ca B  4102A -10.820   0.1587      TOTL 1.083m -12.378   0.0044            
 MeFB     0  -12.988   0.0011      H  1 5.834m -12.359   0.0046      Ca B  3970A -11.035   0.0966      He 1 1.083m -12.378   0.0044            
 ToFF     0  -11.674   0.0222      H  1 5.834m -12.474   0.0035      Ca B  3889A -11.214   0.0639      He 1 1.083m -12.856   0.0015            
 nInu 6.611c -11.629   0.0246      H  1 5.834m -12.761   0.0018      Ca B  3835A -11.367   0.0450      He 1 1.083m -12.634   0.0024            
 nInu 6.137c -11.532   0.0308      H  1 7.383m -12.935   0.0012      Ca B  3798A -11.499   0.0332      He 1  3889A -12.777   0.0017            
 nInu 3.554c -10.822   0.1579      H  1 7.383m -12.702   0.0021      Ca B  3771A -11.613   0.0255      He 1  5876A -12.436   0.0038            
 nInu 3.432c -10.776   0.1754      H  1 7.383m -12.575   0.0028      Ca B  3750A -11.713   0.0203      He 1  4471A -12.956   0.0012            
 nInu 3.400c -10.763   0.1808      H  1 7.383m -12.539   0.0030      Ca B  3734A -11.798   0.0167      He 1  6678A -12.972   0.0011            
 nInu 2.003c -10.079   0.8731      H  1 7.383m -12.603   0.0026      Ca B  3722A -11.870   0.0141      Pho+  3889A -11.051   0.0931            
 nInu 1.335c  -9.545   2.9865      H  1 7.383m -12.790   0.0017      Ca B  3712A -11.929   0.0123      database lines..............            
 nInu  9993m  -9.167   7.1276      H  1 9.115m -12.893   0.0013      Ca B  3704A -11.975   0.0111      level 1 lines...............            
 nInu  6917m  -8.692  21.3026      H  1 9.115m -12.759   0.0018      Ca B  3697A -12.008   0.0103      C  1  1656A -11.459   0.0364            
 nFnu 122.4m -12.332   0.0049      H  1 9.115m -12.707   0.0021      Ca B  3692A -12.031   0.0098      REC   1656A -12.165   0.0072            
 nInu 122.4m  -3.6152542855.5      H  1 9.115m -12.739   0.0019      Ca B  3687A -12.045   0.0094      C  2 157.6m -12.838   0.0015            
 nFnu 60.83m -12.095   0.0084      H  1 9.115m -12.867   0.0014      Ca B  3683A -12.055   0.0092      C  2  1335A -12.751   0.0019            
 nInu 60.83m  -3.6622280073.5      H  1 11.03m -12.111   0.0081      Ca B  3679A -12.061   0.0091      N  1 953.9A -12.803   0.0016            
 nFnu 41.22m -11.716   0.0201      H  1 13.13m -12.222   0.0063      Ca B  3676A -12.068   0.0090      N  1  1200A -11.761   0.0182            
 nInu 41.22m  -3.7741760603.0      H  1 15.40m -12.326   0.0049      Ca B  3674A -12.075   0.0088      O  1 63.17m  -9.851   1.4760            
 nFnu 30.87m -11.614   0.0255      H  1 17.87m -12.420   0.0040      Ca B  3671A -12.084   0.0086      O  1 145.5m -11.443   0.0378            
 nInu 30.87m  -3.8771390977.4      H  1 20.51m -12.508   0.0033      Ca B 1.875m -10.381   0.4357      Ne 2 12.81m -11.791   0.0169            
 nFnu 24.78m -11.540   0.0302      H  1 23.33m -12.593   0.0027      Ca B 1.282m -10.812   0.1615      Mg 1  2853A -11.742   0.0190            
 nInu 24.78m  -3.9561159167.8      H  1 26.34m -12.670   0.0022      Ca B 1.094m -11.120   0.0795      Mg 1  2026A -12.767   0.0018            
 nFnu 24.30m -11.540   0.0302      H  1 29.53m -12.745   0.0019      Ca B 1.005m -11.357   0.0460      Si 1 129.6m -12.543   0.0030            
 nInu 24.30m  -3.9631140114.5      H  1 32.91m -12.815   0.0016      Ca B  9546A -11.551   0.0295      Si 1 68.40m -11.521   0.0316            
 nFnu 22.83m -11.500   0.0331      H  1 36.46m -12.880   0.0014      Ca B  9229A -11.713   0.0203      Si 1  2518A -12.801   0.0017            
 nInu 22.83m  -3.9851084813.6      H  1 40.20m -12.944   0.0012      Ca B  9015A -11.853   0.0147      Si 2 34.81m -10.261   0.5747            
 nFnu 21.42m -11.502   0.0330      H  1 44.12m -13.004   0.0010      Ca B  8863A -11.974   0.0111      Si 2  1531A -12.754   0.0018            
 nInu 21.42m  -4.0081027926.1      H  1 56.97m -11.827   0.0156      Ca B  8750A -12.079   0.0087      Si 2  1308A -12.838   0.0015            
 nFnu 21.12m -11.502   0.0329      He 1 504.3A -10.834   0.1535      Ca B  8665A -12.171   0.0071      Si 2  1263A -11.731   0.0195            
 nInu 21.12m  -4.0141015228.9      He 1  2600A -12.964   0.0011      Ca B  8598A -12.248   0.0059      P  2 60.64m -12.845   0.0015            
 nFnu 19.62m -11.458   0.0365      He 1  3421A -12.875   0.0014      Ca B  8545A -12.313   0.0051      P  2 32.87m -12.075   0.0088            
 nInu 19.62m  -4.039956834.12      He 1  3421A -12.653   0.0023      Ca B  8502A -12.367   0.0045      S  1 25.19m -10.356   0.4616            
 nFnu 17.65m -11.408   0.0409      grains......................      Ca B  8467A -12.410   0.0041      S  1 56.29m -11.898   0.0132            
 nInu 17.65m  -4.082866614.88      H-like iso-sequence.........      Ca B  8438A -12.444   0.0038      Cl 2 33.30m -12.896   0.0013            
 nFnu 17.37m -11.411   0.0407      Ca B  1216A  -8.696  21.1101      Ca B  8413A -12.471   0.0035      Cl 2 14.40m -11.092   0.0847            
 nInu 17.37m  -4.088854993.62      Q(H)  4861A  -4.271561592.56      Ca B  8392A -12.494   0.0034      Ar 2 6.980m -12.906   0.0013            
 nFnu 15.69m -11.430   0.0389      Q(H)  1216A  -2.787*********      Ca B  8374A -12.513   0.0032      Ca 1  4228A -12.891   0.0013            
 nInu 15.69m  -4.127781381.38      CaBo  4861A -10.184   0.6849      Ca B  8359A -12.531   0.0031      Fe 1 24.04m -12.773   0.0018            
 nFnu 14.60m -11.366   0.0451      Ca A  1216A  -8.753  18.5091      Ca B  8346A -12.547   0.0030      Fe2c     0   -9.355   4.6220            
 nInu 14.60m  -4.155733657.81      Ca A  1026A  -9.582   2.7429      Ca B  8334A -12.565   0.0029      Fe 2  2400A -12.039   0.0096            
 nFnu 12.43m -11.314   0.0508      Ca A 972.5A -10.031   0.9746      Ca B 4.051m -10.916   0.1271      Fe 2 25.98m  -9.457   3.6544            
 nInu 12.43m  -4.219632386.31      Ca A 949.7A -10.346   0.4726      Ca B 2.625m -11.257   0.0580      Fe 2 14.97m -13.004   0.0010            
 nFnu 11.40m -11.353   0.0465      Ca A 937.8A -10.588   0.2702      Ca B 2.166m -11.520   0.0317      Fe 2 5.339m -11.764   0.0180            
 nInu 11.40m  -4.252585797.88      Ca A 930.8A -10.786   0.1714      Ca B 1.945m -11.730   0.0195      Fe 2 35.34m -10.183   0.6866            
 nFnu 10.46m -11.249   0.0590      Ca A 926.2A -10.952   0.1170      Ca B 1.817m -11.905   0.0130      Fe 2 51.29m -11.062   0.0909            
 nInu 10.46m  -4.286542643.94      Ca A 923.2A -11.093   0.0846      Ca B 1.736m -12.054   0.0092      Fe 2 5.672m -13.006   0.0010            
 nFnu 9.480m -11.313   0.0509      Ca A 921.0A -11.213   0.0641      Ca B 1.681m -12.183   0.0069      Fe 2 87.36m -12.282   0.0055            
 nInu 9.480m  -4.324496405.66      Ca A 919.4A -11.316   0.0506      Ca B 1.641m -12.296   0.0053      Fe 2 17.93m -11.258   0.0578            
 nFnu 9.325m -11.324   0.0497      Ca A 918.1A -11.401   0.0416      Ca B 1.611m -12.394   0.0042      Fe 2 24.51m -12.160   0.0072            
 nInu 9.325m  -4.330489878.00      Ca A 917.2A -11.472   0.0353      Ca B 1.588m -12.480   0.0035      Fe 2  1786A -11.454   0.0368            
 nFnu 8.210m -11.218   0.0633      Ca A 916.4A -11.529   0.0310      Ca B 1.570m -12.554   0.0029      recombination...............            
 nInu 8.210m  -4.380436649.78      Ca A 915.8A -11.573   0.0280      Ca B 1.556m -12.617   0.0025      O  1  1357A -12.552   0.0029            
 nFnu 7.580m -11.293   0.0533      Ca A 915.3A -11.602   0.0262      Ca B 1.544m -12.671   0.0022      level2 lines................            
 nInu 7.580m  -4.411406950.47      Ca A 914.9A -11.616   0.0254      Ca B 1.534m -12.717   0.0020      C  1 943.9A -11.590   0.0269            
 nFnu 7.050m -11.068   0.0895      Ca A 914.6A -11.613   0.0255      Ca B 1.526m -12.757   0.0018      C  1  1248A -11.698   0.0210            
 nInu 7.050m  -4.437382654.81      Ca A 914.3A -11.597   0.0265      Ca B 1.519m -12.792   0.0017      C  1 841.0A -12.362   0.0046            
 nFnu 4.114m -10.847   0.1488      Ca A 914.0A -11.571   0.0281      Ca B 1.513m -12.822   0.0016      C  1  1561A -12.047   0.0094            
 nInu 4.114m  -4.520316197.94      Ca A 913.8A -11.543   0.0300      Ca B 1.508m -12.850   0.0015      C  1  1315A -11.937   0.0121            
 nFnu 2.324m -11.611   0.0256      Ca A 913.6A -11.515   0.0320      Ca B 1.504m -12.875   0.0014      C  1  1166A -12.193   0.0067            
 nInu 2.324m  -4.255582361.00      Ca A 913.5A -11.491   0.0338      Ca B 1.500m -12.900   0.0013      C  1  1233A -12.118   0.0080            
 nFnu 1.643m -11.703   0.0207      Ca A 913.3A -11.473   0.0352      Ca B 7.458m -11.358   0.0460      C  1  1132A -12.431   0.0039            
 nInu 1.643m  -3.9961057892.1      Ca A  6563A  -9.742   1.8965      Ca B 4.653m -11.630   0.0246      C  1  1251A -12.406   0.0041            
 nFnu 1.480m -10.736   0.1925      Ca A  4861A -10.319   0.5024      Ca B 3.740m -11.854   0.0146      C  1  1112A -12.592   0.0027            
 nInu 1.480m  -3.9331223147.4      Ca A  4340A -10.692   0.2128      Ca B 3.296m -12.041   0.0095      C  1  1115A -12.642   0.0024            
 nFnu 1.436m  -9.648   2.3534      Ca A  4102A -10.966   0.1132      Ca B 3.038m -12.199   0.0066      C  1  1162A -12.755   0.0018            
 nInu 1.436m  -3.8261562126.1      Ca A  3970A -11.183   0.0687      Ca B 2.872m -12.335   0.0048      C  1  1167A -12.794   0.0017            
 nFnu 1.119m -11.481   0.0346      Ca A  3889A -11.363   0.0454      Ca B 2.758m -12.455   0.0037      C  1  1104A -12.695   0.0021            
 nInu 1.119m  -3.6492351286.8      Ca A  3835A -11.516   0.0319      Ca B 2.674m -12.560   0.0029      C  1  1109A -12.739   0.0019            
 nFnu  8330A -11.921   0.0126      Ca A  3798A -11.649   0.0235      Ca B 2.612m -12.652   0.0023      C  1  1098A -12.875   0.0014            
 nInu  8330A  -3.4263929709.2      Ca A  3771A -11.765   0.0180      Ca B 2.564m -12.734   0.0019      C  1  1132A -12.920   0.0013            
 nFnu  8079A  -9.147   7.4663      Ca A  3750A -11.867   0.0142      Ca B 2.525m -12.806   0.0016      C  1  1106A -12.976   0.0011            
 nInu  8079A  -3.3055188754.0      Ca A  3734A -11.954   0.0116      Ca B 2.495m -12.869   0.0014      C  2 892.8A -12.650   0.0023            
 nFnu  6210A -11.589   0.0270      Ca A  3722A -12.028   0.0098      Ca B 2.469m -12.925   0.0012      C  2  1020A -12.781   0.0017            
 nInu  6210A  -3.0958419296.0      Ca A  3712A -12.087   0.0086      Ca B 2.448m -12.975   0.0011      N  1 942.3A -12.796   0.0017            
 nFnu  4885A -11.359   0.0458      Ca A  3704A -12.132   0.0077      Ca B 2.431m -13.019   0.0010      N  1 952.1A -12.818   0.0016            
 nInu  4885A  -2.870*********      Ca A  3697A -12.165   0.0072      Ca B 12.37m -11.739   0.0191      O  1 867.3A -12.053   0.0093            
 nFnu  3704A -11.086   0.0859      Ca A  3692A -12.188   0.0068      Ca B 7.500m -11.958   0.0115      O  1 787.5A -12.678   0.0022            
 nInu  3704A  -2.641*********      Ca A  3687A -12.203   0.0066      Ca B 5.907m -12.152   0.0074      O  1 976.8A -11.860   0.0145            
 nFnu  3588A  -8.643  23.8363      Ca A  3683A -12.213   0.0064      Ca B 5.127m -12.317   0.0050      O  1 767.7A -12.716   0.0020            
 nInu  3588A  -2.518*********      Ca A  3679A -12.220   0.0063      Ca B 4.671m -12.460   0.0036      O  1 969.0A -12.222   0.0063            
 nFnu  2430A -10.692   0.2128      Ca A  3676A -12.225   0.0062      Ca B 4.375m -12.585   0.0027      O  1 946.4A -12.688   0.0021            
 nInu  2430A  -2.237*********      Ca A  3674A -12.231   0.0062      Ca B 4.170m -12.696   0.0021      O  1 934.5A -12.847   0.0015            
 nFnu  2392A -10.679   0.2191      Ca A  3671A -12.237   0.0061      Ca B 4.020m -12.795   0.0017      O  1 973.6A -12.973   0.0011            
 nInu  2392A  -2.224*********      Ca A 1.875m -10.415   0.4029      Ca B 3.906m -12.882   0.0014      Ne 1 688.6A -12.922   0.0013            
 nFnu  2071A -10.558   0.2895      Ca A 1.282m -10.854   0.1467      Ca B 3.818m -12.961   0.0011      Al 2  1671A -12.425   0.0039            
 nInu  2071A  -2.112*********      Ca A 1.094m -11.167   0.0713      Ca B 19.06m -12.075   0.0088      Si 1  1261A -12.556   0.0029            
 nFnu  2053A -10.551   0.2948      Ca A 1.005m -11.408   0.0409      Ca B 11.31m -12.255   0.0058      Si 1  1853A -12.645   0.0024            
 nInu  2053A  -2.112*********      Ca A  9546A -11.603   0.0261      Ca B 8.758m -12.422   0.0040      Si 1  1694A -12.850   0.0015            
 nFnu  1793A -10.452   0.3698      Ca A  9229A -11.768   0.0179      Ca B 7.506m -12.569   0.0028      Si 2  1180A -11.841   0.0151            
 nInu  1793A  -2.003*********      Ca A  9015A -11.909   0.0129      Ca B 6.770m -12.699   0.0021      Si 2 993.4A -12.665   0.0023            
 nFnu  1585A -10.388   0.4291      Ca A  8863A -12.033   0.0097      Ca B 6.290m -12.814   0.0016      S  1  1356A -12.952   0.0012            
 nInu  1585A  -2.073*********      Ca A  8750A -12.140   0.0076      Ca B 5.955m -12.918   0.0013      S  2 750.3A -12.835   0.0015            
 nFnu  1458A -10.374   0.4428      Ca A  8665A -12.234   0.0061      Ca B 5.710m -13.011   0.0010      hyperfine structure.........            
 nInu  1458A  -1.899*********      Ca A  8598A -12.314   0.0051      Ca B 27.80m -12.376   0.0044      inner shell.................            
 nFnu  1357A -10.412   0.4057      Ca A  8545A -12.382   0.0043      Ca B 16.20m -12.525   0.0031      molecules...................            
 nInu  1357A  -1.819*********      Ca A  8502A -12.440   0.0038      Ca B 12.38m -12.671   0.0022      H2vH     0  -10.840   0.1514            
 nFnu  1297A -10.511   0.3231      Ca A  8467A -12.487   0.0034      Ca B 10.50m -12.803   0.0016      H2 v     0  -11.693   0.0212            
 nInu  1297A  -1.803*********      Ca A  8438A -12.527   0.0031      Ca B 9.389m -12.921   0.0013      H-FB     0  -12.439   0.0038            
 nFnu  1263A -10.695   0.2114      Ca A  8413A -12.560   0.0029      Ca B 38.86m -12.648   0.0024      H-FF     0  -11.945   0.0119            
 nInu  1263A  -1.809*********      Ca A  8392A -12.590   0.0027      Ca B 22.33m -12.773   0.0018      H-CT  6563A -11.508   0.0325            

                                                    Emergent line intensities
 general properties..........      nFnu  1357A -10.412   0.4057      Ca A 2.495m -12.906   0.0013      H  1  3970A -10.796   0.1676            
 TOTL  4861A -10.020   1.0000      nInu  1357A  -1.819*********      Ca A 2.469m -12.967   0.0011      H  1  3889A -10.988   0.1076            
 TOTL  1216A  -7.510 323.8645      nFnu  1297A -10.511   0.3231      Ca A 12.37m -11.761   0.0182      H  1  3835A -11.112   0.0810            
 continua....................      nInu  1297A  -1.803*********      Ca A 7.500m -11.979   0.0110      H  1  3798A -11.198   0.0665            
 Bac   3646A  -8.199  66.1684      nFnu  1263A -10.695   0.2114      Ca A 5.907m -12.172   0.0071      H  1 1.875m -10.457   0.3656            
 nFnu  3645A  -8.199  66.2905      nInu  1263A  -1.809*********      Ca A 5.127m -12.337   0.0048      H  1 1.282m -10.813   0.1611            
 nFnu  3647A -10.934   0.1220      nFnu  1218A -10.016   1.0095      Ca A 4.671m -12.481   0.0035      H  1 1.094m -11.076   0.0879            
 cout  3646A  -8.500  33.0842      nInu  1218A  -1.832*********      Ca A 4.375m -12.607   0.0026      H  1 1.005m -11.300   0.0525            
 cref  3646A  -8.500  33.0842      nFnu  1196A -11.643   0.0238      Ca A 4.170m -12.718   0.0020      H  1  9546A -11.483   0.0344            
 thin  3646A  -8.199  66.1684      nInu  1196A  -1.786*********      Ca A 4.020m -12.818   0.0016      H  1  9229A -11.608   0.0258            
 Inci  4860A  -2.874*********      nFnu  1175A -11.877   0.0139      Ca A 3.906m -12.908   0.0013      H  1  9015A -11.687   0.0215            
 Inci  1215A  -1.831*********      nInu  1175A  -1.832*********      Ca A 3.818m -12.989   0.0011      H  1 4.051m -11.051   0.0930            
 FIR  83.00m  -3.4443767789.0      nFnu  1144A -11.890   0.0135      Ca A 19.06m -12.097   0.0084      H  1 2.625m -11.323   0.0498            
 TIR   1800m  -5.74718772.910      nInu  1144A  -1.718*********      Ca A 11.31m -12.275   0.0056      H  1 2.166m -11.556   0.0291            
 NIRa 2.850m  -3.3364831484.0      nFnu  1113A -11.882   0.0137      Ca A 8.758m -12.442   0.0038      H  1 1.945m -11.748   0.0187            
 NIRb 3.000m  -3.8311544931.9      nInu  1113A  -1.850*********      Ca A 7.506m -12.589   0.0027      H  1 1.817m -11.890   0.0135            
 MIRa 15.00m  -4.0161009734.6      nFnu  1103A -11.873   0.0140      Ca A 6.770m -12.719   0.0020      H  1 1.736m -11.988   0.0108            
 MIRb 22.50m  -3.7941681687.6      nInu  1103A  -1.693*********      Ca A 6.290m -12.835   0.0015      H  1 7.458m -11.528   0.0310            
 NMIR 21.75m  -3.3364831484.0      nFnu  1074A -11.857   0.0146      Ca A 5.955m -12.940   0.0012      H  1 4.653m -11.742   0.0190            
 TFIR 611.2m  -3.9561159080.2      nInu  1074A  -1.761*********      Ca A 27.80m -12.399   0.0042      H  1 3.740m -11.937   0.0121            
 TALL 10000A  -1.735*********      nFnu  1064A -11.849   0.0148      Ca A 16.20m -12.546   0.0030      H  1 3.296m -12.093   0.0084            
 F12  12.00m  -4.497333622.09      nInu  1064A  -1.683*********      Ca A 12.38m -12.691   0.0021      H  1 3.038m -12.212   0.0064            
 F25  25.00m  -4.307517047.44      nFnu  1036A -11.831   0.0155      Ca A 10.50m -12.823   0.0016      H  1 12.37m -11.939   0.0121            
 F60  60.00m  -3.8441501460.9      nInu  1036A  -1.699*********      Ca A 9.389m -12.942   0.0012      H  1 7.500m -12.106   0.0082            
 F100 100.0m  -4.031975793.06      nFnu  1000A -11.805   0.0164      Ca A 38.86m -12.672   0.0022      H  1 5.907m -12.266   0.0057            
 MIPS 24.00m  -4.621250723.52      nInu  1000A  -1.702*********      Ca A 22.33m -12.795   0.0017      H  1 5.127m -12.398   0.0042            
 MIPS 70.00m  -4.201659623.75      nFnu 925.1A -11.751   0.0186      Ca A 16.88m -12.923   0.0013      H  1 19.06m -12.299   0.0053            
 MIPS 160.0m  -4.426392854.81      nInu 925.1A  -1.753*********      Ca B  6563A  -9.621   2.5076      H  1 11.31m -12.430   0.0039            
 IRAC 3.600m  -5.12478752.305      nFnu 897.8A  -8.667  22.5324      Ca B  4861A -10.181   0.6902      H  1 8.758m -12.565   0.0029            
 IRAC 4.500m  -5.20066134.305      nInu 897.8A  -2.176*********      Ca B  4340A -10.548   0.2965      H  1 27.80m -12.618   0.0025            
 IRAC 5.800m  -5.12678342.984      nFnu 760.0A -11.685   0.0217      Ca B  4102A -10.820   0.1587      H  1 16.20m -12.724   0.0020            
 IRAC 8.000m  -4.844149999.53      nInu 760.0A  -2.193*********      Ca B  3970A -11.035   0.0966      H  1 38.86m -12.900   0.0013            
 SPR1 250.0m  -4.848148671.36      nFnu 701.5A -11.730   0.0195      Ca B  3889A -11.214   0.0639      He-like iso-sequence........            
 SPR2 350.0m  -5.28454476.402      nInu 701.5A  -2.385*********      Ca B  3835A -11.367   0.0450      Hlin 506.0A -11.423   0.0396            
 SPR3 500.0m  -5.67222299.826      nInu 608.2A  -2.528*********      Ca B  3798A -11.499   0.0332      Ca B  3188A -12.799   0.0017            
 PAC1 70.00m  -4.139761272.94      nInu 575.1A  -2.479*********      Ca B  3771A -11.613   0.0255      Ca B  3889A -12.390   0.0043            
 PAC2 100.0m  -4.026987038.88      nInu 511.9A  -2.679*********      Ca B  3750A -11.713   0.0203      Ca B  4026A -13.015   0.0010            
 PAC3 160.0m  -4.169709974.56      nFnu 496.9A -11.741   0.0190      Ca B  3734A -11.798   0.0167      Ca B  4471A -12.679   0.0022            
 PAH  3.300m  -5.95211687.271      nInu 496.9A  -2.873*********      Ca B  3722A -11.870   0.0141      Ca B  5016A -12.969   0.0011            
 PAHC 3.230m  -6.2056539.0898      nInu 399.2A  -3.0549246501.0      Ca B  3712A -11.929   0.0123      Ca B  5876A -12.207   0.0065            
 PAHC 3.370m  -6.2845443.4443      RRC.........................      Ca B  3704A -11.975   0.0111      Ca B  6678A -12.750   0.0019            
 PAH  6.200m  -5.57927621.992      grains......................      Ca B  3697A -12.008   0.0103      Ca B 1.083m -11.598   0.0264            
 PAHC 5.650m  -5.57328004.273      H-like iso-sequence.........      Ca B  3692A -12.031   0.0098      Ca B 2.058m -12.801   0.0017            
 PAH  7.900m  -5.29153533.273      Ca B  1216A  -8.696  21.1101      Ca B  3687A -12.045   0.0094      He 1 584.3A  -9.763   1.8058            
 PAHC 6.900m  -5.28454420.625      Q(H)  4861A  -4.271561592.56      Ca B  3683A -12.055   0.0092      He 1 537.0A -10.481   0.3457            
 PAH  11.30m  -5.70720574.592      Q(H)  1216A  -2.787*********      Ca B  3679A -12.061   0.0091      He 1 522.2A -11.069   0.0894            
 PAHC 10.90m  -5.70520648.139      CaBo  4861A -10.184   0.6849      Ca B  3676A -12.068   0.0090      He 1 515.6A -11.345   0.0473            
 PAH  11.80m  -5.46635807.602      Ca A  1216A  -8.753  18.5091      Ca B  3674A -12.075   0.0088      He 1 512.1A -11.510   0.0324            
 PAHC 12.65m  -5.46935601.781      Ca A  1026A  -9.582   2.7429      Ca B  3671A -12.084   0.0086      He 1 625.6A -11.247   0.0594            
 PAH  13.30m  -5.41340486.086      Ca A 972.5A -10.031   0.9746      Ca B 1.875m -10.381   0.4357      TOTL 1.083m -12.378   0.0044            
 PAHC 14.10m  -5.41540251.672      Ca A 949.7A -10.346   0.4726      Ca B 1.282m -10.812   0.1615      He 1 1.083m -12.378   0.0044            
 Bcon  3640A  -1.861*********      Ca A 937.8A -10.588   0.2702      Ca B 1.094m -11.120   0.0795      He 1 1.083m -12.856   0.0015            
 Pcon  5000A  -3.007*********      Ca A 930.8A -10.786   0.1714      Ca B 1.005m -11.357   0.0460      He 1 1.083m -12.634   0.0024            
 nInu 6.611c -11.629   0.0246      Ca A 926.2A -10.952   0.1170      Ca B  9546A -11.551   0.0295      He 1  3889A -12.777   0.0017            
 nInu 6.137c -11.532   0.0308      Ca A 923.2A -11.093   0.0846      Ca B  9229A -11.713   0.0203      He 1  5876A -12.436   0.0038            
 nInu 3.554c -10.822   0.1579      Ca A 921.0A -11.213   0.0641      Ca B  9015A -11.853   0.0147      He 1  4471A -12.956   0.0012            
 nInu 3.432c -10.776   0.1754      Ca A 919.4A -11.316   0.0506      Ca B  8863A -11.974   0.0111      He 1  6678A -12.972   0.0011            
 nInu 3.400c -10.763   0.1808      Ca A 918.1A -11.401   0.0416      Ca B  8750A -12.079   0.0087      Pho+  3889A -11.051   0.0931            
 nInu 2.003c -10.079   0.8731      Ca A 917.2A -11.472   0.0353      Ca B  8665A -12.171   0.0071      database lines..............            
 nInu 1.335c  -9.545   2.9865      Ca A 916.4A -11.529   0.0310      Ca B  8598A -12.248   0.0059      level 1 lines...............            
 nInu  9993m  -9.167   7.1276      Ca A 915.8A -11.573   0.0280      Ca B  8545A -12.313   0.0051      C  1  1656A -11.459   0.0364            
 nInu  6917m  -8.692  21.3026      Ca A 915.3A -11.602   0.0262      Ca B  8502A -12.367   0.0045      REC   1656A -12.165   0.0072            
 nFnu 122.4m -12.332   0.0049      Ca A 914.9A -11.616   0.0254      Ca B  8467A -12.410   0.0041      C  2 157.6m -12.838   0.0015            
 nInu 122.4m  -3.6152542855.5      Ca A 914.6A -11.613   0.0255      Ca B  8438A -12.444   0.0038      C  2  1335A -12.751   0.0019            
 nFnu 60.83m -12.095   0.0084      Ca A 914.3A -11.597   0.0265      Ca B  8413A -12.471   0.0035      N  1 953.9A -12.803   0.0016            
 nInu 60.83m  -3.6622280073.5      Ca A 914.0A -11.571   0.0281      Ca B  8392A -12.494   0.0034      N  1  1200A -11.761   0.0182            
 nFnu 41.22m -11.716   0.0201      Ca A 913.8A -11.543   0.0300      Ca B  8374A -12.513   0.0032      O  1 63.17m  -9.851   1.4760            
 nInu 41.22m  -3.7741760603.0      Ca A 913.6A -11.515   0.0320      Ca B  8359A -12.531   0.0031      O  1 145.5m -11.443   0.0378            
 nFnu 30.87m -11.614   0.0255      Ca A 913.5A -11.491   0.0338      Ca B  8346A -12.547   0.0030      Ne 2 12.81m -11.791   0.0169            
 nInu 30.87m  -3.8771390977.4      Ca A 913.3A -11.473   0.0352      Ca B  8334A -12.565   0.0029      Mg 1  2853A -11.742   0.0190            
 nFnu 24.78m -11.540   0.0302      Ca A  6563A  -9.742   1.8965      Ca B 4.051m -10.916   0.1271      Mg 1  2026A -12.767   0.0018            
 nInu 24.78m  -3.9561159167.8      Ca A  4861A -10.319   0.5024      Ca B 2.625m -11.257   0.0580      Si 1 129.6m -12.543   0.0030            
 nFnu 24.30m -11.540   0.0302      Ca A  4340A -10.692   0.2128      Ca B 2.166m -11.520   0.0317      Si 1 68.40m -11.521   0.0316            
 nInu 24.30m  -3.9631140114.5      Ca A  4102A -10.966   0.1132      Ca B 1.945m -11.730   0.0195      Si 1  2518A -12.801   0.0017            
 nFnu 22.83m -11.500   0.0331      Ca A  3970A -11.183   0.0687      Ca B 1.817m -11.905   0.0130      Si 2 34.81m -10.261   0.5747            
 nInu 22.83m  -3.9851084813.6      Ca A  3889A -11.363   0.0454      Ca B 1.736m -12.054   0.0092      Si 2  1531A -12.754   0.0018            
 nFnu 21.42m -11.502   0.0330      Ca A  3835A -11.516   0.0319      Ca B 1.681m -12.183   0.0069      Si 2  1308A -12.838   0.0015            
 nInu 21.42m  -4.0081027926.1      Ca A  3798A -11.649   0.0235      Ca B 1.641m -12.296   0.0053      Si 2  1263A -11.731   0.0195            
 nFnu 21.12m -11.502   0.0329      Ca A  3771A -11.765   0.0180      Ca B 1.611m -12.394   0.0042      P  2 60.64m -12.845   0.0015            
 nInu 21.12m  -4.0141015228.9      Ca A  3750A -11.867   0.0142      Ca B 1.588m -12.480   0.0035      P  2 32.87m -12.075   0.0088            
 nFnu 19.62m -11.458   0.0365      Ca A  3734A -11.954   0.0116      Ca B 1.570m -12.554   0.0029      S  1 25.19m -10.356   0.4616            
 nInu 19.62m  -4.039956834.12      Ca A  3722A -12.028   0.0098      Ca B 1.556m -12.617   0.0025      S  1 56.29m -11.898   0.0132            
 nFnu 17.65m -11.408   0.0409      Ca A  3712A -12.087   0.0086      Ca B 1.544m -12.671   0.0022      Cl 2 33.30m -12.896   0.0013            
 nInu 17.65m  -4.082866614.88      Ca A  3704A -12.132   0.0077      Ca B 1.534m -12.717   0.0020      Cl 2 14.40m -11.092   0.0847            
 nFnu 17.37m -11.411   0.0407      Ca A  3697A -12.165   0.0072      Ca B 1.526m -12.757   0.0018      Ar 2 6.980m -12.906   0.0013            
 nInu 17.37m  -4.088854993.62      Ca A  3692A -12.188   0.0068      Ca B 1.519m -12.792   0.0017      Ca 1  4228A -12.891   0.0013            
 nFnu 15.69m -11.430   0.0389      Ca A  3687A -12.203   0.0066      Ca B 1.513m -12.822   0.0016      Fe 1 24.04m -12.773   0.0018            
 nInu 15.69m  -4.127781381.38      Ca A  3683A -12.213   0.0064      Ca B 1.508m -12.850   0.0015      Fe 2  2400A -12.039   0.0096            
 nFnu 14.60m -11.366   0.0451      Ca A  3679A -12.220   0.0063      Ca B 1.504m -12.875   0.0014      Fe 2 25.98m  -9.457   3.6544            
 nInu 14.60m  -4.155733657.81      Ca A  3676A -12.225   0.0062      Ca B 1.500m -12.900   0.0013      Fe 2 14.97m -13.004   0.0010            
 nFnu 12.43m -11.314   0.0508      Ca A  3674A -12.231   0.0062      Ca B 7.458m -11.358   0.0460      Fe 2 5.339m -11.764   0.0180            
 nInu 12.43m  -4.219632386.31      Ca A  3671A -12.237   0.0061      Ca B 4.653m -11.630   0.0246      Fe 2 35.34m -10.183   0.6866            
 nFnu 11.40m -11.353   0.0465      Ca A 1.875m -10.415   0.4029      Ca B 3.740m -11.854   0.0146      Fe 2 51.29m -11.062   0.0909            
 nInu 11.40m  -4.252585797.88      Ca A 1.282m -10.854   0.1467      Ca B 3.296m -12.041   0.0095      Fe 2 5.672m -13.006   0.0010            
 nFnu 10.46m -11.249   0.0590      Ca A 1.094m -11.167   0.0713      Ca B 3.038m -12.199   0.0066      Fe 2 87.36m -12.282   0.0055            
 nInu 10.46m  -4.286542643.94      Ca A 1.005m -11.408   0.0409      Ca B 2.872m -12.335   0.0048      Fe 2 17.93m -11.258   0.0578            
 nFnu 9.480m -11.313   0.0509      Ca A  9546A -11.603   0.0261      Ca B 2.758m -12.455   0.0037      Fe 2 24.51m -12.160   0.0072            
 nInu 9.480m  -4.324496405.66      Ca A  9229A -11.768   0.0179      Ca B 2.674m -12.560   0.0029      Fe 2  1786A -11.454   0.0368            
 nFnu 9.325m -11.324   0.0497      Ca A  9015A -11.909   0.0129      Ca B 2.612m -12.652   0.0023      recombination...............            
 nInu 9.325m  -4.330489878.00      Ca A  8863A -12.033   0.0097      Ca B 2.564m -12.734   0.0019      O  1  1357A -12.552   0.0029            
 nFnu 8.210m -11.218   0.0633      Ca A  8750A -12.140   0.0076      Ca B 2.525m -12.806   0.0016      level2 lines................            
 nInu 8.210m  -4.380436649.78      Ca A  8665A -12.234   0.0061      Ca B 2.495m -12.869   0.0014      C  1 943.9A -11.590   0.0269            
 nFnu 7.580m -11.293   0.0533      Ca A  8598A -12.314   0.0051      Ca B 2.469m -12.925   0.0012      C  1  1248A -11.698   0.0210            
 nInu 7.580m  -4.411406950.47      Ca A  8545A -12.382   0.0043      Ca B 2.448m -12.975   0.0011      C  1 841.0A -12.362   0.0046            
 nFnu 7.050m -11.068   0.0895      Ca A  8502A -12.440   0.0038      Ca B 2.431m -13.019   0.0010      C  1  1561A -12.047   0.0094            
 nInu 7.050m  -4.437382654.81      Ca A  8467A -12.487   0.0034      Ca B 12.37m -11.739   0.0191      C  1  1315A -11.937   0.0121            
 nFnu 4.114m -10.847   0.1488      Ca A  8438A -12.527   0.0031      Ca B 7.500m -11.958   0.0115      C  1  1166A -12.193   0.0067            
 nInu 4.114m  -4.520316197.94      Ca A  8413A -12.560   0.0029      Ca B 5.907m -12.152   0.0074      C  1  1233A -12.118   0.0080            
 nFnu 2.324m -11.611   0.0256      Ca A  8392A -12.590   0.0027      Ca B 5.127m -12.317   0.0050      C  1  1132A -12.431   0.0039            
 nInu 2.324m  -4.255582361.00      Ca A  8374A -12.616   0.0025      Ca B 4.671m -12.460   0.0036      C  1  1251A -12.406   0.0041            
 nFnu 1.643m -11.703   0.0207      Ca A  8359A -12.639   0.0024      Ca B 4.375m -12.585   0.0027      C  1  1112A -12.592   0.0027            
 nInu 1.643m  -3.9961057892.1      Ca A  8346A -12.661   0.0023      Ca B 4.170m -12.696   0.0021      C  1  1115A -12.642   0.0024            
 nFnu 1.480m -10.736   0.1925      Ca A  8334A -12.681   0.0022      Ca B 4.020m -12.795   0.0017      C  1  1162A -12.755   0.0018            
 nInu 1.480m  -3.9331223147.4      Ca A 4.051m -10.940   0.1203      Ca B 3.906m -12.882   0.0014      C  1  1167A -12.794   0.0017            
 nFnu 1.436m  -9.648   2.3534      Ca A 2.625m -11.282   0.0548      Ca B 3.818m -12.961   0.0011      C  1  1104A -12.695   0.0021            
 nInu 1.436m  -3.8261562126.1      Ca A 2.166m -11.547   0.0297      Ca B 19.06m -12.075   0.0088      C  1  1109A -12.739   0.0019            
 nFnu 1.119m -11.481   0.0346      Ca A 1.945m -11.759   0.0182      Ca B 11.31m -12.255   0.0058      C  1  1098A -12.875   0.0014            
 nInu 1.119m  -3.6492351286.8      Ca A 1.817m -11.935   0.0122      Ca B 8.758m -12.422   0.0040      C  1  1132A -12.920   0.0013            
 nFnu  8330A -11.921   0.0126      Ca A 1.736m -12.086   0.0086      Ca B 7.506m -12.569   0.0028      C  1  1106A -12.976   0.0011            
 nInu  8330A  -3.4263929709.2      Ca A 1.681m -12.216   0.0064      Ca B 6.770m -12.699   0.0021      C  2 892.8A -12.650   0.0023            
 nFnu  8079A  -9.147   7.4663      Ca A 1.641m -12.330   0.0049      Ca B 6.290m -12.814   0.0016      C  2  1020A -12.781   0.0017            
 nInu  8079A  -3.3055188754.0      Ca A 1.611m -12.430   0.0039      Ca B 5.955m -12.918   0.0013      N  1 942.3A -12.796   0.0017            
 nFnu  6210A -11.589   0.0270      Ca A 1.588m -12.518   0.0032      Ca B 5.710m -13.011   0.0010      N  1 952.1A -12.818   0.0016            
 nInu  6210A  -3.0958419296.0      Ca A 1.570m -12.595   0.0027      Ca B 27.80m -12.376   0.0044      O  1 867.3A -12.053   0.0093            
 nFnu  4885A -11.359   0.0458      Ca A 1.556m -12.662   0.0023      Ca B 16.20m -12.525   0.0031      O  1 787.5A -12.678   0.0022            
 nInu  4885A  -2.870*********      Ca A 1.544m -12.720   0.0020      Ca B 12.38m -12.671   0.0022      O  1 976.8A -11.860   0.0145            
 nFnu  3704A -11.086   0.0859      Ca A 1.534m -12.772   0.0018      Ca B 10.50m -12.803   0.0016      O  1 767.7A -12.716   0.0020            
 nInu  3704A  -2.641*********      Ca A 1.526m -12.818   0.0016      Ca B 9.389m -12.921   0.0013      O  1 969.0A -12.222   0.0063            
 nFnu  3588A  -8.643  23.8363      Ca A 1.519m -12.860   0.0014      Ca B 38.86m -12.648   0.0024      O  1 946.4A -12.688   0.0021            
 nInu  3588A  -2.518*********      Ca A 1.513m -12.898   0.0013      Ca B 22.33m -12.773   0.0018      O  1 934.5A -12.847   0.0015            
 nFnu  2430A -10.692   0.2128      Ca A 1.508m -12.933   0.0012      Ca B 16.88m -12.902   0.0013      O  1 973.6A -12.973   0.0011            
 nInu  2430A  -2.237*********      Ca A 1.504m -12.966   0.0011      H  1  1216A  -7.510 323.8645      Ne 1 688.6A -12.922   0.0013            
 nFnu  2392A -10.679   0.2191      Ca A 1.500m -12.996   0.0011      H  1  1026A  -8.287  54.0916      Al 2  1671A -12.425   0.0039            
 nInu  2392A  -2.224*********      Ca A 7.458m -11.380   0.0437      H  1 972.5A  -8.772  17.7245      Si 1  1261A -12.556   0.0029            
 nFnu  2071A -10.558   0.2895      Ca A 4.653m -11.651   0.0234      H  1 949.7A  -9.102   8.2850      Si 1  1853A -12.645   0.0024            
 nInu  2071A  -2.112*********      Ca A 3.740m -11.876   0.0139      H  1 937.8A  -9.304   5.2002      Si 1  1694A -12.850   0.0015            
 nFnu  2053A -10.551   0.2948      Ca A 3.296m -12.063   0.0091      H  1 930.8A  -9.538   3.0335      Si 2  1180A -11.841   0.0151            
 nInu  2053A  -2.112*********      Ca A 3.038m -12.222   0.0063      H  1 926.2A  -9.762   1.8129      Si 2 993.4A -12.665   0.0023            
 nFnu  1793A -10.452   0.3698      Ca A 2.872m -12.359   0.0046      H  1 923.2A  -9.917   1.2688      S  1  1356A -12.952   0.0012            
 nInu  1793A  -2.003*********      Ca A 2.758m -12.480   0.0035      H  1 921.0A -10.067   0.8975      S  2 750.3A -12.835   0.0015            
 nFnu  1585A -10.388   0.4291      Ca A 2.674m -12.586   0.0027      H  1  6563A  -9.550   2.9518      hyperfine structure.........            
 nInu  1585A  -2.073*********      Ca A 2.612m -12.681   0.0022      H  1  4861A -10.020   1.0000      inner shell.................            
 nFnu  1458A -10.374   0.4428      Ca A 2.564m -12.764   0.0018      H  1  4340A -10.351   0.4666      molecules...................            
 nInu  1458A  -1.899*********      Ca A 2.525m -12.839   0.0015      H  1  4102A -10.575   0.2786      H-CT  6563A -11.508   0.0325            



                                                                           
 Cooling:  Fe2c     0 :0.617  
 Heating:  BFH1     0 :0.949  

 These are some of the most important databases used by Cloudy:
 Many recombination coefficients were taken from http://amdpp.phys.strath.ac.uk/tamoc/RR/ and http://amdpp.phys.strath.ac.uk/tamoc/DR/
      and are based on the following papers:
        Badnell N. R., et al., A&A 406, 1151 (2003) [http://adsabs.harvard.edu/abs/2003A%26A...406.1151B]
        Badnell N. R., ApJS 167, 334 (2006) [http://adsabs.harvard.edu/abs/2006ApJS..167..334B]
 Much of the molecular emission data is from LAMDA as accessed on Dec. 18, 2010. This database is described in:
        Schoeier F.L., et al., A&A 432, 369 (2005) [http://adsabs.harvard.edu/abs/2005A%26A...432..369S]
      This database is in part based on the work of the following groups:
        JPL: Pickett H. M. et al., JQSRT, 60, 883 (1998). [http://adsabs.harvard.edu/abs/1998JQSRT..60..883P]
        CDMS: Mueller H. S. et al., A&A 370, L49 (2001). [http://adsabs.harvard.edu/abs/2001A%26A...370L..49M]
              Mueller H. S. et al., J. Mol. Struct. 742, 215 (2005). [http://adsabs.harvard.edu/abs/2005JMoSt.742..215M]
 Much of the ionic emission data is from version 7.0 of CHIANTI. CHIANTI is a collaborative project involving the NRL (USA), the
      Universities of Florence (Italy) and Cambridge (UK), and George Mason University (USA). These papers describe Chianti:
        Dere K. P., et al., A&AS, 125, 149 (1997) [http://adsabs.harvard.edu/abs/1997A%26AS..125..149D]
        Landi E., et al., ApJ, 744, 99 (2012) [http://adsabs.harvard.edu/abs/2012ApJ...744...99L]
 Much of the H_2 data is from this web site: http://molat.obspm.fr/index.php?page=pages/Molecules/H2/H2can94.php. These data are
      described in:
        Abgrall H. et al., Can. J. Phys., 72, 856 (1994) [http://adsabs.harvard.edu/abs/1994CaJPh..72..856A]
        Wrathmall S. A. & Flower D. R., J. Phys. B, 40, 3221 (2007) [http://adsabs.harvard.edu/abs/2007JPhB...40.3221W]
 Please cite those papers that played a significant role in this calculation.

 IONIZE PARMET:  U(1-) -8.4768  U(4-):-19.1133  U(sp): -8.48  Q(ion):    8.000  L(ion) -2.538    Q(low): 10.371    L(low) -1.810
 ENERGY BUDGET:  Heat:  -9.146  Coolg:  -9.146  Error:  0.0%  Rec Lin:  -9.661  F-F  H  0.000    P(rad/tot)max     0.00E+00

     Col(Heff):      0.000E+00  snd travl time  2.34E+00 sec  Te-low: 5.68E+02  Te-hi: 5.68E+02  G0TH85: 6.89E+00  G0DB96:8.98E+00
  Emiss Measure    n(e)n(p) dl       5.591E+13  n(e)n(He+)dl         2.022E+11  En(e)n(He++) dl         4.289E-03  ne nC+:9.16E+10
 He/Ha:2.83E-03  =   0.03*true  Lthin:3.16E+04  itr/zn:24.00  H2 itr/zn:  0.00  File Opacity: F  MassTot 1.03e-12  (gm/cm^2)
   Temps(21 cm)   T(21cm/Ly a)  5.38E+02        T(<nH/Tkin>)  5.68E+02          T(<nH/Tspin>)    5.70E+02          TB21cm:0.00E+00
                   N(H0/Tspin)  7.89E+08        N(OH/Tkin)    2.75E-01          B(21cm)          0.00E+00
   <a>:1.38E-06  erdeFe0.0E+00  Tcompt5.71E+09  Tthr8.22E+07  <Tden>: 5.68E+02  <dens>:2.27E-18  <MolWgt>1.25E+00
     Mean Jeans  l(cm)8.87E+17  M(sun)4.17E+02  smallest:     len(cm):8.87E+17  M(sun):4.17E+02  a_ox tran:  0.00
 Rion:1.000E+30  Dist:0.00E+00  Diam:0.000E+00
 Hatom level 70  HatomType: add  HInducImp  F  He tot level: 63  He2 level:   70  ExecTime    24.1
 ConvrgError(%)  <eden>  0.240  MaxEden  0.240  <H-C>   0.02  Max(H-C)    0.02  <Press>   0.000  MaxPrs er  0.000
  Continuity(%)  chng Te   0.0  elec den   0.0  n(H2)    0.0  n(CO)        0.0

                                                        Averaged Quantities
             Te      Te(Ne)   Te(NeNp)  Te(NeHe+)Te(NeHe2+) Te(NeO+)  Te(NeO2+)  Te(H2)     N(H)     Ne(O2+)   Ne(Np)
 Radius:  5.68e+02  5.68e+02  5.68e+02  5.68e+02  5.68e+02  5.68e+02  5.68e+02  5.68e+02  1.00e+06  1.12e+04  1.12e+04
 
 Peimbert T(OIIIr)0.00E+00 T(Bac)1.18E+03 T(Hth)7.17E+02 t2(Hstrc) 0.00e+00 T(O3-BAC)6.98E+02 t2(O3-BC)-1.57e-02 t2(O3str) 0.00e+00

 Contin Optical Depths: COMP: 3.38e-15    H-: 3.48e-14 R(1300): 3.02e-12  H2+: 6.44e-16  Pfa:3.38E-15
                          Pa: 3.38e-15    Ba: 3.50e-14      Hb: 2.83e-14   La: 6.69e-09     1r:2.844E-06  1.8:8.51E-07 4.:1.241E-07

 Old, new H  1 continuum optical depths:
     1 2.84e-06     2 1.76e-14     3 3.47e-14     4 3.47e-14     5 3.47e-14     6 8.63e-15     7 8.63e-15     8 8.63e-15
     9 8.63e-15    10 1.33e-20    11 1.33e-20    12 1.33e-20    13 1.33e-20    14 1.33e-20    15 1.89e-20    16 1.89e-20
    17 1.89e-20    18 1.89e-20    19 1.89e-20    20 1.89e-20    21 3.07e-20    22 3.07e-20    23 3.07e-20    24 3.07e-20
    25 3.07e-20    26 3.07e-20    27 3.07e-20    28 5.31e-20    29 5.31e-20    30 5.31e-20    31 5.31e-20    32 5.31e-20
    33 5.31e-20    34 5.31e-20    35 5.31e-20    36 9.25e-20    37 9.25e-20    38 9.25e-20    39 9.25e-20    40 9.25e-20
    41 9.25e-20    42 9.25e-20    43 9.25e-20    44 9.25e-20    45 1.57e-19    46 1.57e-19    47 1.57e-19    48 1.57e-19
    49 1.57e-19    50 1.57e-19    51 1.57e-19    52 1.57e-19    53 1.57e-19    54 1.57e-19
     1 2.84e-06     2 1.77e-14     3 3.48e-14     4 3.48e-14     5 3.48e-14     6 8.67e-15     7 8.67e-15     8 8.67e-15
     9 8.67e-15    10 1.33e-20    11 1.33e-20    12 1.33e-20    13 1.33e-20    14 1.33e-20    15 1.89e-20    16 1.89e-20
    17 1.89e-20    18 1.89e-20    19 1.89e-20    20 1.89e-20    21 3.07e-20    22 3.07e-20    23 3.07e-20    24 3.07e-20
    25 3.07e-20    26 3.07e-20    27 3.07e-20    28 5.31e-20    29 5.31e-20    30 5.31e-20    31 5.31e-20    32 5.31e-20
    33 5.31e-20    34 5.31e-20    35 5.31e-20    36 9.26e-20    37 9.26e-20    38 9.26e-20    39 9.26e-20    40 9.26e-20
    41 9.26e-20    42 9.26e-20    43 9.26e-20    44 9.26e-20    45 1.57e-19    46 1.57e-19    47 1.57e-19    48 1.57e-19
    49 1.57e-19    50 1.57e-19    51 1.57e-19    52 1.57e-19    53 1.57e-19    54 1.57e-19

 Old, new H  1 mean line optical depths:
  2- 1 1.97e-01  3- 2 6.11e-13  4- 3 2.61e-17  5- 4 2.99e-17  6- 5 4.24e-17  7- 6 8.03e-17  8- 7 1.76e-16
  9- 8 2.90e-16 10- 9 3.80e-16
  2- 1 1.97e-01  3- 2 5.66e-13  4- 3 2.38e-17  5- 4 2.85e-17  6- 5 4.10e-17  7- 6 7.84e-17  8- 7 1.74e-16
  9- 8 2.88e-16 10- 9 3.78e-16

 Old, new He 2 continuum optical depths:
     1 1.24e-07     2 2.81e-06     3 6.85e-14     4 6.85e-14     5 6.85e-14     6 1.76e-14     7 1.76e-14     8 1.76e-14
     9 1.76e-14    10 2.81e-14    11 2.81e-14    12 2.81e-14    13 2.81e-14    14 2.81e-14    15 3.47e-14    16 3.47e-14
    17 3.47e-14    18 3.47e-14    19 3.47e-14    20 3.47e-14    21 2.93e-14    22 2.93e-14    23 2.93e-14    24 2.93e-14
    25 2.93e-14    26 2.93e-14    27 2.93e-14    28 8.63e-15    29 8.63e-15    30 8.63e-15    31 8.63e-15    32 8.63e-15
    33 8.63e-15    34 8.63e-15    35 8.63e-15    36 1.18e-20    37 1.18e-20    38 1.18e-20    39 1.18e-20    40 1.18e-20
    41 1.18e-20    42 1.18e-20    43 1.18e-20    44 1.18e-20    45 1.33e-20    46 1.33e-20    47 1.33e-20    48 1.33e-20
    49 1.33e-20    50 1.33e-20    51 1.33e-20    52 1.33e-20    53 1.33e-20    54 1.33e-20
     1 1.24e-07     2 2.81e-06     3 6.89e-14     4 6.89e-14     5 6.89e-14     6 1.77e-14     7 1.77e-14     8 1.77e-14
     9 1.77e-14    10 2.83e-14    11 2.83e-14    12 2.83e-14    13 2.83e-14    14 2.83e-14    15 3.48e-14    16 3.48e-14
    17 3.48e-14    18 3.48e-14    19 3.48e-14    20 3.48e-14    21 2.94e-14    22 2.94e-14    23 2.94e-14    24 2.94e-14
    25 2.94e-14    26 2.94e-14    27 2.94e-14    28 8.67e-15    29 8.67e-15    30 8.67e-15    31 8.67e-15    32 8.67e-15
    33 8.67e-15    34 8.67e-15    35 8.67e-15    36 1.18e-20    37 1.18e-20    38 1.18e-20    39 1.18e-20    40 1.18e-20
    41 1.18e-20    42 1.18e-20    43 1.18e-20    44 1.18e-20    45 1.33e-20    46 1.33e-20    47 1.33e-20    48 1.33e-20
    49 1.33e-20    50 1.33e-20    51 1.33e-20    52 1.33e-20    53 1.33e-20    54 1.33e-20

 Old, new He 2 mean line optical depths:
  2- 1 3.89e-06  3- 2 8.90e-21  4- 3 4.43e-21  5- 4 4.43e-21  6- 5 4.43e-21  7- 6 4.43e-21  8- 7 4.43e-21
  9- 8 4.43e-21 10- 9 4.43e-21
  2- 1 3.88e-06  3- 2 4.48e-21  4- 3 2.22e-21  5- 4 2.22e-21  6- 5 2.22e-21  7- 6 2.22e-21  8- 7 2.22e-21
  9- 8 2.22e-21 10- 9 2.22e-21

 Old He Is optical depths:    1 8.51e-07    2 2.22e-14    3 1.46e-14    4 1.64e-14    5 1.64e-14
 New He Is optical depths:    1 8.51e-07    2 2.22e-14    3 1.47e-14    4 1.65e-14    5 1.65e-14
          Old He Is Lines:  584 1.07e-02 3889 6.08e-10 5016 1.19e-15 5876 1.04e-19
          New He Is Lines:  584 1.07e-02 3889 6.08e-10 5016 1.19e-15 5876 1.04e-19

==== H      compounds ====           Log10 column densities [cm^-2}
   H2        :  8.270   H2*       :  6.385   H2+       :  1.964   H3+       : -0.320
==== He     compounds ====
   HeH+      :  2.209
==== Li     compounds ====
   LiH       : -6.265   LiH+      : -6.625
==== C      compounds ====
   CH        :  4.255   CH+       :  2.277   CH2       :  0.452   CH2+      : -1.571   CH3       : -4.617   CH3+      : -5.369   CH4       :-11.600   CH4+      :-13.836
   CH5+      :-14.927   C2        :  0.939   C2+       : -0.663   C2H       : -2.802   C2H+      : -4.425   C2H2      : -9.873   C2H2+     : -8.379   C2H3+     :-16.681
   C3        : -9.751   C3+       : -7.732   C3H       :-12.688   C3H+      :-11.109
==== N      compounds ====
   NH        :  0.486   NH+       :  1.391   NH2       : -5.009   NH2+      : -2.277   NH3       : -9.349   NH3+      : -6.634   NH4+      :-14.638   CN        :  2.477
   CN+       : -2.767   HCN       : -3.062   HCN+      : -4.240   HNC       : -2.902   HCNH+     : -8.138   HC3N      :-35.930   N2        :  2.065   N2+       : -1.920
   N2H+      : -9.564
==== O      compounds ====
   OH        :  2.194   OH+       :  3.540   H2O       : -3.019   H2O+      : -0.309   H3O+      : -4.440   CO        :  4.343   CO+       : -1.418   HCO+      : -0.871
   H2CO      :-35.930   CH3OH     :-35.930   ^13CO     :  2.866   NO        : -1.686   NO+       : -1.256   HNO       : -9.101   HNO+      : -5.575   OCN       : -4.695
   OCN+      : -6.579   N2O       :-10.370   O2        : -0.979   O2+       : -0.064   NO2       :-10.004   NO2+      :-11.888
==== Ne     compounds ====
   NeH+      : -1.632
==== Si     compounds ====
   SiH       : -3.747   SiH2+     : -5.558   SiC2      :-35.930   SiN       : -7.600   SiN+      : -4.421   SiO       : -1.823   SiO+      : -2.801   SiOH+     : -7.059
==== S      compounds ====
   HS        : -2.425   HS+       : -1.546   CS        : -2.320   CS+       : -1.514   HCS+      : -4.754   NS        : -4.901   NS+       : -4.005   SO        : -2.587
   SO+       : -2.074   OCS       : -7.589   OCS+      : -9.581   SO2       :-35.930   S2        :-16.569   S2+       :-18.261
==== Cl     compounds ====
   HCl       : -1.749   HCl+      :  1.363   H2Cl+     : -2.297   CCl       :-14.959   CCl+      : -6.839   H2CCl+    :-19.048   ClO       :-27.278   ClO+      :-32.233
==== Ar     compounds ====
   ArH+      :  3.404
==== Ti     compounds ====
   TiH       :-35.930   TiH+      :-35.930   TiH2      :-35.930   TiH2+     :-35.930   TiC       :-35.930   TiC+      :-35.930   HCTi      :-35.930   HCTi+     :-35.930
   TiC2      :-35.930   TiC2+     :-35.930   TiN       :-35.930   TiN+      :-35.930   HNTi      :-35.930   HNTi+     :-35.930   TiNC      :-35.930   TiNC+     :-35.930
   TiO       :-35.930   TiO+      :-35.930   TiOH+     :-35.930   TiO2      :-35.930   TiF+      :-35.930   TiS       :-35.930   TiS+      :-35.930   HTiS      :-35.930


               1      2      3      4      5      6      7      8      9     10     11     12     13     14     15     16     17

 Hydrogen   11.653  9.699  8.276 (H2)                Log10 Column density (cm^-2)
 Helium     10.588  7.258 -6.416
 Lithium     0.645 -0.167-30.000-30.000
 Beryllium   1.031 -0.748 -4.426-30.000-30.000
 Boron       2.303  1.433 -4.644-30.000-30.000-30.000
 Carbon      8.057  6.914  2.428-30.000-30.000-30.000-30.000
 Nitrogen    7.488  4.384 -3.129-30.000-30.000-30.000-30.000-30.000
 Oxygen      8.345  6.176 -1.407-30.000-30.000-30.000-30.000-30.000-30.000
 Fluorine    4.214  2.171 -2.195-30.000-30.000-30.000-30.000-30.000-30.000-30.000
 Neon        7.586  5.180 -0.478-30.000-30.000-30.000-30.000-30.000-30.000-30.000-30.000
 Sodium      5.248  5.789 -0.752-30.000-30.000-30.000-30.000-30.000-30.000-30.000-30.000-30.000
 Magnesium   6.989  6.923  2.741-30.000-30.000-30.000-30.000-30.000-30.000-30.000-30.000-30.000-30.000
 Aluminium   2.992  6.108  1.669-30.000-30.000-30.000-30.000-30.000-30.000-30.000-30.000-30.000-30.000-30.000
 Silicon     6.747  6.961 -0.848-30.000-30.000-30.000-30.000-30.000-30.000-30.000-30.000-30.000-30.000-30.000-30.000
 Phosphorus  2.882  5.065  0.882-30.000-30.000-30.000-30.000-30.000-30.000-30.000-30.000-30.000-30.000-30.000-30.000-30.000
 Sulphur     6.604  6.298  2.030-30.000-30.000-30.000-30.000-30.000-30.000-30.000-30.000-30.000-30.000-30.000-30.000-30.000-30.000
 Chlorine    3.804  5.138  1.186-30.000-30.000-30.000-30.000-30.000-30.000-30.000-30.000-30.000-30.000-30.000-30.000-30.000-30.000
-30.000
 Argon       6.054  3.760  0.358-30.000-30.000-30.000-30.000-30.000-30.000-30.000-30.000-30.000-30.000-30.000-30.000-30.000-30.000
-30.000-30.000
 Potassium   4.435  4.332 -0.207-30.000-30.000-30.000-30.000-30.000-30.000-30.000-30.000-30.000-30.000-30.000-30.000-30.000-30.000
-30.000-30.000-30.000
 Calcium     5.970  4.793  1.774-30.000-30.000-30.000-30.000-30.000-30.000-30.000-30.000-30.000-30.000-30.000-30.000-30.000-30.000
-30.000-30.000-30.000-30.000
 Scandium    2.771  1.710 -0.822-30.000-30.000-30.000-30.000-30.000-30.000-30.000-30.000-30.000-30.000-30.000-30.000-30.000-30.000
-30.000-30.000-30.000-30.000-30.000
 Titanium    1.472  4.607  1.307-30.000-30.000-30.000-30.000-30.000-30.000-30.000-30.000-30.000-30.000-30.000-30.000-30.000-30.000
-30.000-30.000-30.000-30.000-30.000-30.000
 Vanadium    3.571  2.174 -0.665-30.000-30.000-30.000-30.000-30.000-30.000-30.000-30.000-30.000-30.000-30.000-30.000-30.000-30.000
-30.000-30.000-30.000-30.000-30.000-30.000-30.000
 Chromium    5.231  4.457 -0.472-30.000-30.000-30.000-30.000-30.000-30.000-30.000-30.000-30.000-30.000-30.000-30.000-30.000-30.000
-30.000-30.000-30.000-30.000-30.000-30.000-30.000-30.000
 Manganese   1.988  5.087 -0.937-30.000-30.000-30.000-30.000-30.000-30.000-30.000-30.000-30.000-30.000-30.000-30.000-30.000-30.000
-30.000-30.000-30.000-30.000-30.000-30.000-30.000-30.000-30.000
 Iron        3.814  7.157  0.377-30.000-30.000-30.000-30.000-30.000-30.000-30.000-30.000-30.000-30.000-30.000-30.000-30.000-30.000
-30.000-30.000-30.000-30.000-30.000-30.000-30.000-30.000-30.000-30.000
 Cobalt      4.642  2.790 -3.194-30.000-30.000-30.000-30.000-30.000-30.000-30.000-30.000-30.000-30.000-30.000-30.000-30.000-30.000
-30.000-30.000-30.000-30.000-30.000-30.000-30.000-30.000-30.000-30.000-30.000
 Nickel      2.923  5.878 -0.174-30.000-30.000-30.000-30.000-30.000-30.000-30.000-30.000-30.000-30.000-30.000-30.000-30.000-30.000
-30.000-30.000-30.000-30.000-30.000-30.000-30.000-30.000-30.000-30.000-30.000-30.000
 Copper      3.825  2.570 -0.185-30.000-30.000-30.000-30.000-30.000-30.000-30.000-30.000-30.000-30.000-30.000-30.000-30.000-30.000
-30.000-30.000-30.000-30.000-30.000-30.000-30.000-30.000-30.000-30.000-30.000-30.000-30.000
 Zinc        4.213  2.234 -1.305-30.000-30.000-30.000-30.000-30.000-30.000-30.000-30.000-30.000-30.000-30.000-30.000-30.000-30.000
-30.000-30.000-30.000-30.000-30.000-30.000-30.000-30.000-30.000-30.000-30.000-30.000-30.000-30.000
 Exc state    He1*  3.147   CII*  6.713   C11*  7.135   C12*  7.595   C13*  7.786   O11*  8.193   O12*  7.702   O13*  7.179
              Si2*  6.646   C30*-35.930   C31*-35.930   C32*-35.930


 Hydrogen   -0.005 -1.959 -3.081 (H2)                 Log10 Mean Ionisation (over radius)
 Helium     -0.000 -3.330-17.004
 Lithium    -0.062 -0.874
 Beryllium  -0.007 -1.787 -5.464
 Boron      -0.055 -0.925 -7.002
 Carbon     -0.030 -1.174 -5.660
 Nitrogen   -0.000 -3.104-10.617
 Oxygen     -0.003 -2.173 -9.755
 Fluorine   -0.004 -2.047 -6.413
 Neon       -0.002 -2.408 -8.066
 Sodium     -0.651 -0.110 -6.651
 Magnesium  -0.269 -0.335 -4.517
 Aluminium  -3.116 -0.000 -4.439
 Silicon    -0.421 -0.207 -8.017
 Phosphorus -2.186 -0.003 -4.186
 Sulphur    -0.174 -0.481 -4.749
 Chlorine   -1.353 -0.020 -3.971
 Argon      -0.003 -2.297 -5.699
 Potassium  -0.253 -0.355 -4.894
 Calcium    -0.028 -1.206 -4.224
 Scandium   -0.036 -1.098 -3.629
 Titanium   -3.136 -0.001 -3.301
 Vanadium   -0.017 -1.414 -4.253
 Chromium   -0.068 -0.841 -5.771
 Manganese  -3.100 -0.000 -6.025
 Iron       -3.344 -0.000 -6.781
 Cobalt     -0.006 -1.858 -7.841
 Nickel     -2.955 -0.000 -6.053
 Copper     -0.024 -1.278 -4.033
 Zinc       -0.005 -1.984 -5.523

               1      2      3      4      5      6      7      8      9     10     11     12     13     14     15     16     17

 Hydrogen   -0.005 -1.959 -3.081 (H2)         Log10 Mean Ionisation (over radius*electron density)
 Helium     -0.000 -3.330-17.004
 Lithium    -0.062 -0.874
 Beryllium  -0.007 -1.787 -5.464
 Boron      -0.055 -0.925 -7.002
 Carbon     -0.030 -1.174 -5.660
 Nitrogen   -0.000 -3.104-10.617
 Oxygen     -0.003 -2.173 -9.755
 Fluorine   -0.004 -2.047 -6.413
 Neon       -0.002 -2.408 -8.066
 Sodium     -0.651 -0.110 -6.651
 Magnesium  -0.269 -0.335 -4.517
 Aluminium  -3.116 -0.000 -4.439
 Silicon    -0.421 -0.207 -8.017
 Phosphorus -2.186 -0.003 -4.186
 Sulphur    -0.174 -0.481 -4.749
 Chlorine   -1.353 -0.020 -3.971
 Argon      -0.003 -2.297 -5.699
 Potassium  -0.253 -0.355 -4.894
 Calcium    -0.028 -1.206 -4.224
 Scandium   -0.036 -1.098 -3.629
 Titanium   -3.136 -0.001 -3.301
 Vanadium   -0.017 -1.414 -4.253
 Chromium   -0.068 -0.841 -5.771
 Manganese  -3.100 -0.000 -6.025
 Iron       -3.344 -0.000 -6.781
 Cobalt     -0.006 -1.858 -7.841
 Nickel     -2.955 -0.000 -6.053
 Copper     -0.024 -1.278 -4.033
 Zinc       -0.005 -1.984 -5.523

               1      2      3      4      5      6      7      8      9     10     11     12     13     14     15     16     17

 Hydrogen    2.755  2.755  2.755 (H2)                  Log10 Mean Temperature (over radius)
 Helium      2.755  2.755  2.755
 Lithium     2.755  2.755
 Beryllium   2.755  2.755  2.755
 Boron       2.755  2.755  2.755
 Carbon      2.755  2.755  2.755
 Nitrogen    2.755  2.755  2.755
 Oxygen      2.755  2.755  2.755
 Fluorine    2.755  2.755  2.755
 Neon        2.755  2.755  2.755
 Sodium      2.755  2.755  2.755
 Magnesium   2.755  2.755  2.755
 Aluminium   2.755  2.755  2.755
 Silicon     2.755  2.755  2.755
 Phosphorus  2.755  2.755  2.755
 Sulphur     2.755  2.755  2.755
 Chlorine    2.755  2.755  2.755
 Argon       2.755  2.755  2.755
 Potassium   2.755  2.755  2.755
 Calcium     2.755  2.755  2.755
 Scandium    2.755  2.755  2.755
 Titanium    2.755  2.755  2.755
 Vanadium    2.755  2.755  2.755
 Chromium    2.755  2.755  2.755
 Manganese   2.755  2.755  2.755
 Iron        2.755  2.755  2.755
 Cobalt      2.755  2.755  2.755
 Nickel      2.755  2.755  2.755
 Copper      2.755  2.755  2.755
 Zinc        2.755  2.755  2.755

               1      2      3      4      5      6      7      8      9     10     11     12     13     14     15     16     17

 Hydrogen    2.755  2.755  2.755 (H2)          Log10 Mean Temperature (over radius*electron density)
 Helium      2.755  2.755  2.755
 Lithium     2.755  2.755
 Beryllium   2.755  2.755  2.755
 Boron       2.755  2.755  2.755
 Carbon      2.755  2.755  2.755
 Nitrogen    2.755  2.755  2.755
 Oxygen      2.755  2.755  2.755
 Fluorine    2.755  2.755  2.755
 Neon        2.755  2.755  2.755
 Sodium      2.755  2.755  2.755
 Magnesium   2.755  2.755  2.755
 Aluminium   2.755  2.755  2.755
 Silicon     2.755  2.755  2.755
 Phosphorus  2.755  2.755  2.755
 Sulphur     2.755  2.755  2.755
 Chlorine    2.755  2.755  2.755
 Argon       2.755  2.755  2.755
 Potassium   2.755  2.755  2.755
 Calcium     2.755  2.755  2.755
 Scandium    2.755  2.755  2.755
 Titanium    2.755  2.755  2.755
 Vanadium    2.755  2.755  2.755
 Chromium    2.755  2.755  2.755
 Manganese   2.755  2.755  2.755
 Iron        2.755  2.755  2.755
 Cobalt      2.755  2.755  2.755
 Nickel      2.755  2.755  2.755
 Copper      2.755  2.755  2.755
 Zinc        2.755  2.755  2.755

               1      2      3      4      5      6      7      8      9     10     11     12     13     14     15     16     17
                                                                          

---------------Convergence statistics---------------
      1.63 mean iterations/state convergence
      2.84 mean cx acceleration loops/iteration
      1.05 mean iso convergence loops/ion solve
      1.12 mean steps/chemistry solve
      1.04 mean step length searches/chemistry step
----------------------------------------------------

 Cloudy ends: 1 zone, 3 iterations.  ExecTime(s) 24.11
 [Stop in cdMain at ../maincl.cpp:483, Cloudy exited OK]
 ************************************************** GRID_DELIMIT -- grid000000006
