                                                          Cloudy 13.03
                                                         www.nublado.org

                       **************************************13Feb20**************************************
                       *                                                                                 *
                       * c                                                                               *
                       * phi(h) 12.000000 LOG range -0.000232 6.866524                                   *
                       * grid from 8 to 23 in 1 dex steps                                                *
                       * HDEN=12.000000 LOG                                                              *
                       * grid from 0 to 12 in 1 dex steps                                                *
                       * set pres ionize 1e5                                                             *
                       * c                                                                               *
                       * c                                                                               *
                       * table star "Rotation_inst.mod" age 6.78                                         *
                       * c<< Rotation_ins model    4 read.       Age =    6010000.00                 >>> *
                       * c<< Rotation_ins model    5 read.       Age =    8010000.00                 >>> *
                       * c<< FINAL:     Age =    6025595.86                                          >>> *
                       * c                                                                               *
                       * c                                                                               *
                       * abundances GASS10                                                               *
                       * c                                                                               *
                       * c                                                                               *
                       * iterate to convergence max = 7                                                  *
                       * stop column density = 23                                                        *
                       * c                                                                               *
                       * c                                                                               *
                       * print last                                                                      *
                       * set save prefix "geneva_inst_rot_6"                                             *
                       * save grid ".grd" last no hash                                                   *
                       * save linelist "emissionlines_abs.txt" "LineList_HII.dat" absolute last no hash    *
                       *                                                                                 *
                       ***********************************************************************************



           !The plasma frequency is 2.99e-06 Ryd.  The incident continuum is set to 0 below this.
           3972CellPeak1.00E+00   Lo 1.00e-08=910.79cm   Hi-Con:4.21E+00 Ryd   E(hi):7.35E+06Ryd     E(hi):     100.01 MeV
           I(nu>1ryd):   1.4624   Average nu:1.330E+00   I( X-ray):   0.0000   I(BalC):   2.1389     Phi(BalmrC):  13.0435
           phi(1.0-1.8):11.9574   phi(1.8-4.0): 10.970   phi(4.0-20):  1.363   phi(20--):  0.000     Ion pht flx:1.000E+12
           I(gam ray):   0.0000   phi(gam r):   0.0000   I(Infred):   1.2347   Alf(ox):   0.0000     Total inten:   2.2645
           U(1.0----):3.336E-11   U(4.0----):7.703E-22   T(En-Den):3.001E+01   T(Comp):2.841E+04     nuJnu(912A):1.206E+02
           Occ(FarIR):0.000E+00   Occ(H n=6):2.886E-11   Occ(1Ryd):5.543E-15   Occ(4R):1.859E-26     Occ (Nu-hi):1.724E-27
           Tbr(FarIR):0.000E+00   Tbr(H n=6):1.265E-07   Tbr(1Ryd):8.762E-10   Tbr(4R):1.175E-20     Tbr (Nu-hi):1.143E-21
  
                                                  Gas Phase Chemical Composition
        H :  0.0000  He: -1.0701  Li:-10.9508  Be:-10.6198  B : -9.3002  C : -3.5702  N : -4.1701  O : -3.3098  F : -7.4401
        Ne: -4.0701  Na: -5.7595  Mg: -4.4001  Al: -5.5498  Si: -4.4895  P : -6.5901  S : -4.8794  Cl: -6.5003  Ar: -5.6003
        K : -6.9706  Ca: -5.6596  Sc: -8.8508  Ti: -7.0501  V : -8.0701  Cr: -6.3595  Mn: -6.5702  Fe: -4.5003  Co: -7.0101
                                               Ni: -5.7799  Cu: -7.8097  Zn: -7.4401
 
 ####  1  Te:3.991E+03 Hden:1.000E+12 Ne:1.885E+09 R:1.000E+30 R-R0:1.188E+02 dR:2.376E+02 NTR:143 Htot:1.730E-05 T912: 1.50e-03###
 Hydrogen      9.98e-01 1.77e-03 H+o/Hden 1.00e+00 5.16e-09 H-    H2 7.05e-05 4.36e-10 H2+ HeH+ 2.49e-11 Ho+ ColD 2.37e+14 4.22e+11
 Helium        1.00e+00 5.57e-06 0.00e+00 HeI 2s3S 9.10e-10 Comp H,C 4.42e-18 6.21e-19 Fill Fac 1.00e+00 Gam1/tot 1.00e+00
 He singlet n  1.00e+00 2.16e-11 7.38e-16 4.92e-17 4.44e-16 2.79e-17 He tripl 9.10e-10 5.50e-15 1.17e-17 9.61e-17 4.74e-17
 Pressure      NgasTgas 4.34e+15 P(total) 5.99e-01 P( gas ) 5.99e-01 P(Radtn) 0.00e+00 Rad accl 4.75e-03 ForceMul 1.40e+09
 Texc(La)      3.67e+03 T(I con) 3.00e+01 T(D con) 2.67e+00 T(U tot) 3.00e+01 nT (c+d) 7.89e+06 Prad/Gas 0.00e+00 Pmag/Gas 0.00e+00
 Molecules     CH/Ctot: 2.41e-05 CH+/Ctot 1.62e-07 CO/Ctot: 5.61e-02 CO+/Ctot 3.52e-09 H2O/Otot 1.81e-08 OH/Ototl 1.66e-04
 Lithium       5.90e-01 4.10e-01 0.00e+00 0.00e+00 Berylliu 9.98e-01 2.39e-03 4.84e-08 0.00e+00 0.00e+00 sec ion: 0.00e+00
 Boron         9.81e-01 1.90e-02 1.59e-10 0.00e+00 0.00e+00 0.00e+00
 Carbon        9.32e-01 1.22e-02 4.97e-09 0.00e+00 0.00e+00 0.00e+00 0.00e+00 H2O+/O   1.59e-08 OH+/Otot 3.89e-05 Hex(tot) 0.00e+00
 Nitrogen      9.58e-01 4.77e-04 1.18e-13 0.00e+00 0.00e+00 0.00e+00 0.00e+00 0.00e+00 O2/Ototl 2.53e-08 O2+/Otot 2.20e-07
 Oxygen        9.68e-01 1.34e-03 2.96e-13 0.00e+00 0.00e+00 0.00e+00 0.00e+00 0.00e+00 0.00e+00
 Fluorine      9.98e-01 1.73e-03 5.65e-09 0.00e+00 0.00e+00 0.00e+00 0.00e+00 0.00e+00 0.00e+00 0.00e+00
 Neon          9.99e-01 7.24e-04 1.84e-10 0.00e+00 0.00e+00 0.00e+00 0.00e+00 0.00e+00 0.00e+00 0.00e+00 0.00e+00
 Sodium        1.07e-01 8.93e-01 2.93e-08 0.00e+00 0.00e+00 0.00e+00 0.00e+00 0.00e+00 0.00e+00 0.00e+00 0.00e+00 0.00e+00
 Magnesium     4.83e-02 9.52e-01 2.14e-05 0.00e+00 0.00e+00 0.00e+00 0.00e+00 0.00e+00 0.00e+00 0.00e+00 0.00e+00 0.00e+00 0.00e+00
 Aluminium  0  5.91e-04 9.99e-01 2.25e-06 0.00e+00 0.00e+00 0.00e+00 0.00e+00 0.00e+00 0.00e+00 0.00e+00 0.00e+00 0.00e+00 0.00e+00
 Silicon    0  3.00e-01 7.00e-01 2.09e-07 0.00e+00 0.00e+00 0.00e+00 0.00e+00 0.00e+00 0.00e+00 0.00e+00 0.00e+00 0.00e+00 0.00e+00
 Phosphorus 0  2.46e-03 9.98e-01 1.56e-06 0.00e+00 0.00e+00 0.00e+00 0.00e+00 0.00e+00 0.00e+00 0.00e+00 0.00e+00 0.00e+00 0.00e+00
 Sulphur    0  7.38e-01 2.62e-01 7.68e-07 0.00e+00 0.00e+00 0.00e+00 0.00e+00 0.00e+00 0.00e+00 0.00e+00 0.00e+00 0.00e+00 0.00e+00
 Chlorine   0  4.05e-02 9.59e-01 1.06e-05 0.00e+00 0.00e+00 0.00e+00 0.00e+00 0.00e+00 0.00e+00 0.00e+00 0.00e+00 0.00e+00 0.00e+00
 Argon      0  9.99e-01 3.11e-04 1.50e-09 0.00e+00 0.00e+00 0.00e+00 0.00e+00 0.00e+00 0.00e+00 0.00e+00 0.00e+00 0.00e+00 0.00e+00
 Potassium  0  3.36e-01 6.64e-01 1.75e-06 0.00e+00 0.00e+00 0.00e+00 0.00e+00 0.00e+00 0.00e+00 0.00e+00 0.00e+00 0.00e+00 0.00e+00
 Calcium    0  9.89e-01 1.10e-02 5.08e-06 0.00e+00 0.00e+00 0.00e+00 0.00e+00 0.00e+00 0.00e+00 0.00e+00 0.00e+00 0.00e+00 0.00e+00
 Scandium   0  9.86e-01 1.43e-02 1.73e-05 0.00e+00 0.00e+00 0.00e+00 0.00e+00 0.00e+00 0.00e+00 0.00e+00 0.00e+00 0.00e+00 0.00e+00
 Titanium   0  2.95e-04 1.00e+00 1.36e-04 0.00e+00 0.00e+00 0.00e+00 0.00e+00 0.00e+00 0.00e+00 0.00e+00 0.00e+00 0.00e+00 0.00e+00
 Vanadium   0  9.93e-01 6.52e-03 1.69e-06 0.00e+00 0.00e+00 0.00e+00 0.00e+00 0.00e+00 0.00e+00 0.00e+00 0.00e+00 0.00e+00 0.00e+00
 Chromium   0  9.74e-01 2.61e-02 8.83e-08 0.00e+00 0.00e+00 0.00e+00 0.00e+00 0.00e+00 0.00e+00 0.00e+00 0.00e+00 0.00e+00 0.00e+00
 Manganese  0  3.08e-04 1.00e+00 8.09e-06 0.00e+00 0.00e+00 0.00e+00 0.00e+00 0.00e+00 0.00e+00 0.00e+00 0.00e+00 0.00e+00 0.00e+00
 Iron       0  1.74e-04 1.00e+00 1.75e-06 0.00e+00 0.00e+00 0.00e+00 0.00e+00 0.00e+00 0.00e+00 0.00e+00 0.00e+00 0.00e+00 0.00e+00
 Cobalt     0  9.98e-01 2.34e-03 1.05e-11 0.00e+00 0.00e+00 0.00e+00 0.00e+00 0.00e+00 0.00e+00 0.00e+00 0.00e+00 0.00e+00 0.00e+00
 Nickel     0  4.43e-04 1.00e+00 2.31e-09 0.00e+00 0.00e+00 0.00e+00 0.00e+00 0.00e+00 0.00e+00 0.00e+00 0.00e+00 0.00e+00 0.00e+00
 Copper     0  9.91e-01 8.58e-03 1.83e-08 0.00e+00 0.00e+00 0.00e+00 0.00e+00 0.00e+00 0.00e+00 0.00e+00 0.00e+00 0.00e+00 0.00e+00
 Zinc       0  9.98e-01 1.63e-03 3.21e-08 0.00e+00 0.00e+00 0.00e+00 0.00e+00 0.00e+00 0.00e+00 0.00e+00 0.00e+00 0.00e+00 0.00e+00
                                                                             
   Calculation stopped because lowest Te reached. Iteration 3 of 3
   The geometry is plane-parallel.
  !Continuum fluorescent production of H-beta was very important.
  !The high electron density makes the Nussbaumer/Storey CNO recombination predictions unreliable.
  !H2 vib deexec heating reached 8.80% of the local heating.
  !Charge transfer ionization of H reached 25820.6% of the local H ionization rate.
  !The largest plasma frequency was 2.99e-06 Ryd = 3.05e+04 micron  The continuum is set to 0 below this.
  !AGE: Cloud age was not set.  Longest timescale was 5.21e+04 s = 1.45e+01 hours.
  !Mutual neutralization production of H-alpha was significant.
  !The CMB was not included.  This is added with the CMB command.
   Charge transfer heating reached 1.34% of the local heating.
   The density is too low to l-mix the lowest He I collapsed level.  More resolved levels are needed for accurate line ratios.
   The largest continuum occupation number was 1.371e-01 at 2.997e-06 Ryd.
   Grains were not present but might survive in this environment (energy density temperature was 3.00e+01K)
   The fraction of N  in N2 reached 4.08% at some point in the cloud.
   The fraction of C  in CO reached 5.59% at some point in the cloud.

                       *********************************> Cloudy 13.03 <**********************************
                       * c                                                                               *
                       * phi(h) 12.000000 LOG range -0.000232 6.866524                                   *
                       * grid from 8 to 23 in 1 dex steps                                                *
                       * HDEN=12.000000 LOG                                                              *
                       * grid from 0 to 12 in 1 dex steps                                                *
                       * set pres ionize 1e5                                                             *
                       * c                                                                               *
                       * c                                                                               *
                       * table star "Rotation_inst.mod" age 6.78                                         *
                       * c                                                                               *
                       * c                                                                               *
                       * abundances GASS10                                                               *
                       * c                                                                               *
                       * c                                                                               *
                       * iterate to convergence max = 7                                                  *
                       * stop column density = 23                                                        *
                       * c                                                                               *
                       * c                                                                               *
                       * print last                                                                      *
                       * set save prefix "geneva_inst_rot_6"                                             *
                       * save grid ".grd" last no hash                                                   *
                       * save linelist "emissionlines_abs.txt" "LineList_HII.dat" absolute last no hash    *
                       *********************************> Log(U):-10.48 <*********************************

                     Emission Line Spectrum.   Constant  Density Model.    Open geometry.  Iteration 3 of 3.
                                                     Intensity (erg/s/cm^2).


                                                   Intrinsic line intensities
 general properties..........      nFnu  1585A  -4.718   0.0281      Ca A  3712A  -4.806   0.0229      Ca B 4.020m  -6.111   0.0011            
 TOTL  4861A  -3.166   1.0000      nInu  1585A   1.927123938.47      Ca A  3704A  -4.885   0.0191      Ca B 19.06m  -5.891   0.0019            
 TOTL  1216A  -1.421  55.6500      nFnu  1458A  -3.522   0.4406      Ca A  3697A  -4.963   0.0160      Ca B 11.31m  -5.940   0.0017            
 Inci     0    2.265269523.09      nInu  1458A   2.101184891.45      Ca A  3692A  -5.037   0.0135      Ca B 8.758m  -6.002   0.0015            
 TotH     0   -2.386   6.0238      nFnu  1357A  -4.262   0.0802      Ca A  3687A  -5.109   0.0114      Ca B 7.506m  -6.069   0.0012            
 TotC     0   -2.387   6.0076      nInu  1357A   2.181222627.88      Ca A  3683A  -5.178   0.0097      Ca B 6.770m  -6.145   0.0011            
 BFH1     0   -2.446   5.2454      nFnu  1297A  -4.757   0.0257      Ca A  3679A  -5.243   0.0084      Ca B 27.80m  -6.154   0.0010            
 BFHe     0   -4.180   0.0968      nInu  1297A   2.197230764.05      Ca A  3676A  -5.306   0.0072      H  1  1216A  -1.421  55.6500            
 TotM     0   -4.637   0.0338      nFnu  1263A  -5.057   0.0128      Ca A  3674A  -5.366   0.0063      H  1  1026A  -1.957  16.1940            
 CT H     0   -4.326   0.0693      nInu  1263A   2.191227299.83      Ca A  3671A  -5.423   0.0055      H  1 972.5A  -2.418   5.5955            
 H FB     0   -3.555   0.4085      nFnu  1218A  -3.296   0.7416      Ca A 1.875m  -4.267   0.0793      H  1 949.7A  -2.719   2.7977            
 HFBc     0   -3.555   0.4085      nInu  1218A   2.168215596.08      Ca A 1.282m  -4.527   0.0435      H  1 937.8A  -2.909   1.8070            
 continua....................      nFnu  1196A  -3.423   0.5530      Ca A 1.094m  -4.705   0.0289      H  1 930.8A  -3.087   1.2002            
 Bac   3646A  -2.229   8.6583      nInu  1196A   2.214240016.45      Ca A 1.005m  -4.821   0.0221      H  1 926.2A  -3.229   0.8647            
 nFnu  3645A  -2.217   8.8862      nFnu  1175A  -3.465   0.5029      Ca A  9546A  -4.896   0.0186      H  1 923.2A  -3.359   0.6414            
 nFnu  3647A  -3.808   0.2278      nInu  1175A   2.168215981.05      Ca A  9229A  -4.950   0.0164      H  1 921.0A  -3.491   0.4734            
 cout  3646A  -2.530   4.3292      nFnu  1144A  -3.828   0.2177      Ca A  9015A  -4.994   0.0149      H  1  6563A  -2.828   2.1779            
 cref  3646A  -2.530   4.3292      nInu  1144A   2.282280809.66      Ca A  8863A  -5.039   0.0134      H  1  4861A  -3.166   1.0000            
 thin  3646A  -2.229   8.6583      nFnu  1113A  -4.138   0.1067      Ca A  8750A  -5.095   0.0118      H  1  4340A  -3.458   0.5101            
 Inci  4860A   1.12619584.504      nInu  1113A   2.150206848.41      Ca A  8665A  -5.164   0.0100      H  1  4102A  -3.676   0.3094            
 Inci  1215A   2.169216448.02      nFnu  1103A  -3.779   0.2437      Ca A  8598A  -5.241   0.0084      H  1  3970A  -3.877   0.1945            
 Ba C     0   -3.239   0.8445      nInu  1103A   2.307297038.47      Ca A  8545A  -5.320   0.0070      H  1  3889A  -4.037   0.1346            
 PA C     0   -3.625   0.3478      nFnu  1074A  -4.099   0.1166      Ca A  8502A  -5.399   0.0058      H  1  3835A  -4.180   0.0970            
 FIR  83.00m   0.5565273.4629      nInu  1074A   2.239253984.62      Ca A  8467A  -5.476   0.0049      H  1  3798A  -4.321   0.0701            
 TIR   1800m  -1.747  26.2773      nFnu  1064A  -4.229   0.0865      Ca A  8438A  -5.551   0.0041      H  1 1.875m  -3.716   0.2821            
 NIRa 2.850m   0.6646767.1968      nInu  1064A   2.317304396.09      Ca A  8413A  -5.623   0.0035      H  1 1.282m  -3.989   0.1504            
 NIRb 3.000m   0.1692164.9839      nFnu  1036A  -4.558   0.0406      Ca A  8392A  -5.691   0.0030      H  1 1.094m  -4.199   0.0928            
 MIRa 15.00m  -0.0161413.6588      nInu  1036A   2.301293133.62      Ca A  8374A  -5.757   0.0026      H  1 1.005m  -4.397   0.0588            
 MIRb 22.50m   0.2062354.1565      nFnu  1000A  -5.017   0.0141      Ca A  8359A  -5.819   0.0022      H  1  9546A  -4.555   0.0409            
 NMIR 21.75m   0.6646767.1968      nInu  1000A   2.298291320.47      Ca A  8346A  -5.879   0.0019      H  1  9229A  -4.696   0.0295            
 TFIR 611.2m   0.0441622.2678      nFnu 925.1A  -4.174   0.0982      Ca A  8334A  -5.937   0.0017      H  1  9015A  -4.836   0.0214            
 TALL 10000A   2.265269596.81      nInu 925.1A   2.247258739.91      Ca A 4.051m  -4.897   0.0186      H  1 4.051m  -4.398   0.0587            
 F12  12.00m  -0.497 467.0741      nFnu 897.8A  -1.031 136.5390      Ca A 2.625m  -5.070   0.0125      H  1 2.625m  -4.583   0.0383            
 F25  25.00m  -0.307 723.7059      nInu 897.8A   1.82397498.539      Ca A 2.166m  -5.189   0.0095      H  1 2.166m  -4.773   0.0247            
 F60  60.00m   0.1562101.4773      nFnu 760.0A  -4.064   0.1264      Ca A 1.945m  -5.266   0.0080      H  1 1.945m  -4.928   0.0173            
 F100 100.0m  -0.0311365.7330      nInu 760.0A   1.80693760.242      Ca A 1.817m  -5.319   0.0070      H  1 1.817m  -5.067   0.0126            
 MIPS 24.00m  -0.621 350.9315      nFnu 701.5A  -5.568   0.0040      Ca A 1.736m  -5.363   0.0064      H  1 1.736m  -5.206   0.0091            
 MIPS 70.00m  -0.201 923.2192      nInu 701.5A   1.61460286.988      Ca A 1.681m  -5.408   0.0057      H  1 7.458m  -4.912   0.0180            
 MIPS 160.0m  -0.426 549.8444      nInu 608.2A   1.47143379.656      Ca A 1.641m  -5.464   0.0050      H  1 4.653m  -5.076   0.0123            
 IRAC 3.600m  -1.123 110.3614      nFnu 575.1A  -5.293   0.0075      Ca A 1.611m  -5.532   0.0043      H  1 3.740m  -5.223   0.0088            
 IRAC 4.500m  -1.199  92.7471      nInu 575.1A   1.52148604.434      Ca A 1.588m  -5.609   0.0036      H  1 3.296m  -5.359   0.0064            
 IRAC 5.800m  -1.126 109.7588      nInu 511.9A   1.32130678.342      Ca A 1.570m  -5.688   0.0030      H  1 3.038m  -5.496   0.0047            
 IRAC 8.000m  -0.844 210.0780      nFnu 496.9A  -4.265   0.0796      Ca A 1.556m  -5.767   0.0025      H  1 12.37m  -5.354   0.0065            
 SPR1 250.0m  -0.848 208.0834      nInu 496.9A   1.12719622.426      Ca A 1.544m  -5.844   0.0021      H  1 7.500m  -5.474   0.0049            
 SPR2 350.0m  -1.284  76.2469      nInu 399.2A   0.94612935.925      Ca A 1.534m  -5.918   0.0018      H  1 5.907m  -5.603   0.0037            
 SPR3 500.0m  -1.672  31.2121      RRC.........................      Ca A 1.526m  -5.990   0.0015      H  1 5.127m  -5.737   0.0027            
 PAC1 70.00m  -0.1391065.4893      H  1 911.8A  -2.346   6.6128      Ca A 1.519m  -6.059   0.0013      H  1 19.06m  -5.716   0.0028            
 PAC2 100.0m  -0.0261381.4728      H  1  3646A  -3.750   0.2608      Ca A 1.513m  -6.124   0.0011      H  1 11.31m  -5.818   0.0022            
 PAC3 160.0m  -0.169 993.6893      H  1  3646A  -3.351   0.6536      Ca A 7.458m  -5.383   0.0061      H  1 8.758m  -5.944   0.0017            
 PAH  3.300m  -1.952  16.3818      H  1  8204A  -4.521   0.0442      Ca A 4.653m  -5.484   0.0048      H  1 27.80m  -6.033   0.0014            
 PAHC 3.230m  -2.204   9.1617      H  1  8204A  -4.070   0.1249      Ca A 3.740m  -5.557   0.0041      H  1 16.20m  -6.133   0.0011            
 PAHC 3.370m  -2.284   7.6271      H  1  8204A  -4.086   0.1202      Ca A 3.296m  -5.609   0.0036      He-like iso-sequence........            
 PAH  6.200m  -1.578  38.6951      H  1 1.458m  -5.050   0.0131      Ca A 3.038m  -5.652   0.0033      Hlin 506.0A  -5.874   0.0020            
 PAHC 5.650m  -1.572  39.2321      H  1 1.458m  -4.590   0.0377      Ca A 2.872m  -5.696   0.0030      Ca B 1.083m  -5.369   0.0063            
 PAH  7.900m  -1.291  74.9878      H  1 1.458m  -4.495   0.0469      Ca A 2.758m  -5.752   0.0026      Ca B 2.058m  -6.144   0.0011            
 PAHC 6.900m  -1.284  76.2188      H  1 1.458m  -4.740   0.0267      Ca A 2.674m  -5.820   0.0022      He 1     0   -6.132   0.0011            
 PAH  11.30m  -1.707  28.8061      H  1 2.279m  -5.442   0.0053      Ca A 2.612m  -5.896   0.0019      He 1 584.3A  -3.224   0.8752            
 PAHC 10.90m  -1.705  28.9075      H  1 2.279m  -4.981   0.0153      Ca A 2.564m  -5.975   0.0016      He 1 537.0A  -3.827   0.2184            
 PAH  11.80m  -1.466  50.1283      H  1 2.279m  -4.850   0.0207      Ca A 2.525m  -6.054   0.0013      He 1 522.2A  -4.386   0.0603            
 PAHC 12.65m  -1.468  49.8459      H  1 2.279m  -4.944   0.0167      Ca A 2.495m  -6.131   0.0011      He 1 515.6A  -4.663   0.0318            
 PAH  13.30m  -1.413  56.6754      H  1 2.279m  -5.352   0.0065      Ca A 12.37m  -5.755   0.0026      He 1 512.1A  -4.855   0.0205            
 PAHC 14.10m  -1.415  56.3462      H  1 3.281m  -5.749   0.0026      Ca A 7.500m  -5.805   0.0023      TOTL 1.083m  -5.681   0.0031            
 Bcon  3640A   2.139202086.64      H  1 3.281m  -5.289   0.0075      Ca A 5.907m  -5.851   0.0021      He 1 1.083m  -5.681   0.0031            
 Pcon  5000A   0.99314424.752      H  1 3.281m  -5.144   0.0105      Ca A 5.127m  -5.891   0.0019      He 1 1.083m  -6.158   0.0010            
 HFFc     0   -3.074   1.2356      H  1 3.281m  -5.180   0.0097      Ca A 4.671m  -5.934   0.0017      He 1 1.083m  -5.937   0.0017            
 H FF     0   -4.070   0.1247      H  1 3.281m  -5.410   0.0057      Ca A 4.375m  -5.989   0.0015      Pho+  3889A  -4.132   0.1083            
 MeFB     0   -4.772   0.0248      H  1 3.281m  -5.936   0.0017      Ca A 4.170m  -6.056   0.0013      database lines..............            
 MeFF     0   -5.291   0.0075      H  1 4.466m  -5.998   0.0015      Ca A 4.020m  -6.132   0.0011      level 1 lines...............            
 ToFF     0   -4.045   0.1322      H  1 4.466m  -5.540   0.0042      Ca A 19.06m  -6.043   0.0013      C  1  1656A  -4.762   0.0253            
 nInu 2.003c  -6.079   0.0012      H  1 4.466m  -5.389   0.0060      Ca A 11.31m  -6.065   0.0013      REC   1656A  -5.561   0.0040            
 nInu 1.335c  -5.545   0.0042      H  1 4.466m  -5.398   0.0059      Ca A 8.758m  -6.098   0.0012      C  1  8727A  -5.016   0.0141            
 nInu  9993m  -5.167   0.0100      H  1 4.466m  -5.554   0.0041      Ca A 7.506m  -6.138   0.0011      N  1 953.9A  -6.103   0.0012            
 nInu  6917m  -4.692   0.0298      H  1 4.466m  -5.884   0.0019      Ca B  6563A  -3.093   1.1833      N  1  1200A  -5.063   0.0127            
 nFnu 122.4m  -5.020   0.0140      H  1 5.834m  -5.752   0.0026      Ca B  4861A  -3.505   0.4585      O  1  6300A  -5.413   0.0057            
 nInu 122.4m   0.3853558.9961      H  1 5.834m  -5.599   0.0037      Ca B  4340A  -3.780   0.2432      O  1  6363A  -5.909   0.0018            
 nFnu 60.83m  -4.678   0.0307      H  1 5.834m  -5.593   0.0037      Ca B  4102A  -3.973   0.1560      Na 1  5892A  -3.560   0.4040            
 nInu 60.83m   0.3383191.2048      H  1 5.834m  -5.711   0.0028      Ca B  3970A  -4.114   0.1127      Mg 1  4561A  -5.607   0.0036            
 nFnu 41.22m  -4.476   0.0490      H  1 5.834m  -5.956   0.0016      Ca B  3889A  -4.220   0.0883      Mg 1  2853A  -5.458   0.0051            
 nInu 41.22m   0.2262464.1506      H  1 7.383m  -5.935   0.0017      Ca B  3835A  -4.306   0.0725      TOTL  2798A  -3.441   0.5308            
 nFnu 30.87m  -4.330   0.0686      H  1 7.383m  -5.780   0.0024      Ca B  3798A  -4.380   0.0610      Mg 2  2796A  -3.622   0.3503            
 nInu 30.87m   0.1231946.8204      H  1 7.383m  -5.766   0.0025      Ca B  3771A  -4.454   0.0515      Mg 2  2803A  -3.910   0.1805            
 nFnu 24.78m  -4.220   0.0884      H  1 7.383m  -5.862   0.0020      Ca B  3750A  -4.534   0.0429      totl  2665A  -5.282   0.0077            
 nInu 24.78m   0.0441622.3783      H  1 7.383m  -6.060   0.0013      Ca B  3734A  -4.619   0.0353      Al 2  2670A  -5.282   0.0077            
 nFnu 24.30m  -4.210   0.0904      H  1 9.115m  -6.094   0.0012      Ca B  3722A  -4.706   0.0289      Si 1  2518A  -5.935   0.0017            
 nInu 24.30m   0.0371595.7113      H  1 9.115m  -5.939   0.0017      Ca B  3712A  -4.792   0.0237      TOTL  2335A  -5.654   0.0033            
 nFnu 22.83m  -4.179   0.0970      H  1 9.115m  -5.921   0.0018      Ca B  3704A  -4.875   0.0195      Si 2  2336A  -5.967   0.0016            
 nInu 22.83m   0.0151518.3119      H  1 9.115m  -6.003   0.0015      Ca B  3697A  -4.956   0.0162      Si 2  1531A  -5.984   0.0015            
 nFnu 21.42m  -4.148   0.1044      H  1 11.03m  -5.367   0.0063      Ca B  3692A  -5.032   0.0136      Si 2  1308A  -6.068   0.0013            
 nInu 21.42m  -0.0081438.6917      H  1 13.13m  -5.479   0.0049      Ca B  3687A  -5.106   0.0115      Si 2  1263A  -4.962   0.0160            
 nFnu 21.12m  -4.140   0.1061      H  1 15.40m  -5.582   0.0038      Ca B  3683A  -5.175   0.0098      S 1R  1807A  -5.836   0.0021            
 nInu 21.12m  -0.0141420.9207      H  1 17.87m  -5.677   0.0031      Ca B  3679A  -5.241   0.0084      K  1  7676A  -3.908   0.1812            
 nFnu 19.62m  -4.105   0.1151      H  1 20.51m  -5.766   0.0025      Ca B  3676A  -5.304   0.0073      Ca 1  4228A  -3.365   0.6331            
 nInu 19.62m  -0.0391339.1909      H  1 23.33m  -5.850   0.0021      Ca B  3674A  -5.365   0.0063      Ca 2  3933A  -4.449   0.0521            
 nFnu 17.65m  -4.050   0.1305      H  1 26.34m  -5.928   0.0017      Ca B  3671A  -5.422   0.0055      Ca 2  8579A  -6.021   0.0014            
 nInu 17.65m  -0.0821212.9196      H  1 29.53m  -6.002   0.0015      Ca B 1.875m  -4.052   0.1299      Ca2K  3934A  -4.632   0.0342            
 nFnu 17.37m  -4.043   0.1327      H  1 32.91m  -6.072   0.0012      Ca B 1.282m  -4.301   0.0733      Ca2H  3969A  -4.913   0.0179            
 nInu 17.37m  -0.0881196.6543      H  1 36.46m  -6.138   0.0011      Ca B 1.094m  -4.491   0.0474      Fe2c     0   -3.677   0.3086            
 nFnu 15.69m  -3.996   0.1479      H  1 56.97m  -5.180   0.0097      Ca B 1.005m  -4.631   0.0343      Fe 2  4300A  -5.079   0.0122            
 nInu 15.69m  -0.1271093.6261      He 1 504.3A  -5.589   0.0038      Ca B  9546A  -4.736   0.0269      Fe 2  2400A  -3.675   0.3095            
 nFnu 14.60m  -3.961   0.1603      C  1  1101A  -5.402   0.0058      Ca B  9229A  -4.821   0.0221      Fe 2 1.257m  -6.145   0.0010            
 nInu 14.60m  -0.1551026.8320      Mg 1  1622A  -5.966   0.0016      Ca B  9015A  -4.896   0.0186      Fe2b 10000A  -5.319   0.0070            
 nFnu 12.43m  -3.883   0.1920      Al 1  2071A  -5.298   0.0074      Ca B  8863A  -4.969   0.0157      Fe2b  8625A  -5.855   0.0020            
 nInu 12.43m  -0.219 885.0917      Si 1  1521A  -4.445   0.0526      Ca B  8750A  -5.048   0.0131      Fe 2  1786A  -4.740   0.0266            
 nFnu 11.40m  -3.845   0.2094      P  1  1182A  -5.324   0.0069      Ca B  8665A  -5.133   0.0108      recombination...............            
 nInu 11.40m  -0.252 819.8864      S  1  1197A  -4.825   0.0219      Ca B  8598A  -5.220   0.0088      level2 lines................            
 nFnu 10.46m  -3.804   0.2301      Cl 1 956.0A  -5.145   0.0105      Ca B  8545A  -5.306   0.0073      C  1 943.9A  -4.874   0.0196            
 nInu 10.46m  -0.286 759.4879      Fe 1  1569A  -5.261   0.0080      Ca B  8502A  -5.389   0.0060      C  1  1248A  -4.982   0.0153            
 nFnu 9.480m  -3.762   0.2536      grains......................      Ca B  8467A  -5.470   0.0050      C  1 841.0A  -5.645   0.0033            
 nInu 9.480m  -0.324 694.7723      H-like iso-sequence.........      Ca B  8438A  -5.546   0.0042      C  1  1561A  -5.330   0.0069            
 nFnu 9.325m  -3.756   0.2573      Hlin 912.0A  -4.618   0.0353      Ca B  8413A  -5.619   0.0035      C  1  1315A  -5.221   0.0088            
 nInu 9.325m  -0.330 685.6362      Hrst     0   -4.618   0.0353      Ca B  8392A  -5.689   0.0030      C  1  1166A  -5.476   0.0049            
 nFnu 8.210m  -3.698   0.2939      3bHt     0   -5.135   0.0107      Ca B  8374A  -5.755   0.0026      C  1  1233A  -5.401   0.0058            
 nInu 8.210m  -0.380 611.1378      Ca B  1216A  -2.155  10.2535      Ca B  8359A  -5.818   0.0022      C  1  1132A  -5.714   0.0028            
 nFnu 7.580m  -3.667   0.3157      Q(H)  4861A  -0.1351074.8922      Ca B  8346A  -5.878   0.0019      C  1  1251A  -5.689   0.0030            
 nInu 7.580m  -0.411 569.5704      Q(H)  1216A   1.21323952.596      Ca B  8334A  -5.936   0.0017      C  1  1112A  -5.874   0.0020            
 nFnu 7.050m  -3.634   0.3408      CaBo  4861A  -3.659   0.3218      Ca B 4.051m  -4.697   0.0294      C  1  1115A  -5.925   0.0017            
 nInu 7.050m  -0.437 535.5660      Ca A  1216A  -2.214   8.9581      Ca B 2.625m  -4.868   0.0199      C  1  1162A  -6.037   0.0013            
 nFnu 4.114m  -3.446   0.5251      Ca A  1026A  -2.811   2.2650      Ca B 2.166m  -5.004   0.0145      C  1  1167A  -6.077   0.0012            
 nInu 4.114m  -0.520 442.5526      Ca A 972.5A  -3.096   1.1740      Ca B 1.945m  -5.108   0.0114      C  1  1104A  -5.977   0.0015            
 nFnu 2.324m  -3.370   0.6258      Ca A 949.7A  -3.255   0.8151      Ca B 1.817m  -5.192   0.0094      C  1  1109A  -6.022   0.0014            
 nInu 2.324m  -0.255 815.0761      Ca A 937.8A  -3.369   0.6273      Ca B 1.736m  -5.265   0.0080      C  1  1098A  -6.157   0.0010            
 nFnu 1.643m  -3.381   0.6099      Ca A 930.8A  -3.458   0.5103      Ca B 1.681m  -5.338   0.0067      N  1 942.3A  -6.097   0.0012            
 nInu 1.643m   0.0041480.6323      Ca A 926.2A  -3.524   0.4387      Ca B 1.641m  -5.417   0.0056      N  1 952.1A  -6.118   0.0011            
 nFnu 1.480m  -3.130   1.0876      Ca A 923.2A  -3.574   0.3907      Ca B 1.611m  -5.501   0.0046      O  1 867.3A  -5.348   0.0066            
 nInu 1.480m   0.0671711.9244      Ca A 921.0A  -3.617   0.3543      Ca B 1.588m  -5.588   0.0038      O  1 787.5A  -5.973   0.0016            
 nFnu 1.436m  -2.962   1.6005      Ca A 919.4A  -3.661   0.3197      Ca B 1.570m  -5.674   0.0031      O  1 976.8A  -5.154   0.0103            
 nInu 1.436m   0.1742186.3613      Ca A 918.1A  -3.718   0.2806      Ca B 1.556m  -5.757   0.0026      O  1 767.7A  -6.010   0.0014            
 nFnu 1.119m  -2.616   3.5503      Ca A 917.2A  -3.787   0.2394      Ca B 1.544m  -5.837   0.0021      O  1 969.0A  -5.516   0.0045            
 nInu 1.119m   0.3513290.8752      Ca A 916.4A  -3.863   0.2008      Ca B 1.534m  -5.914   0.0018      O  1 946.4A  -5.981   0.0015            
 nFnu  8330A  -2.550   4.1332      Ca A 915.8A  -3.943   0.1672      Ca B 1.526m  -5.987   0.0015      O  1 934.5A  -6.141   0.0011            
 nInu  8330A   0.5745500.0454      Ca A 915.3A  -4.022   0.1393      Ca B 1.519m  -6.056   0.0013      Al 2  1671A  -5.707   0.0029            
 nFnu  8079A  -2.449   5.2115      Ca A 914.9A  -4.100   0.1165      Ca B 1.513m  -6.122   0.0011      Si 1  1261A  -5.940   0.0017            
 nInu  8079A   0.6957262.2114      Ca A 914.6A  -4.175   0.0981      Ca B 7.458m  -5.190   0.0095      Si 1  1853A  -6.029   0.0014            
 nFnu  6210A  -2.693   2.9732      Ca A 914.3A  -4.246   0.0831      Ca B 4.653m  -5.304   0.0073      Si 2  1180A  -5.072   0.0124            
 nInu  6210A   0.90511783.698      Ca A 914.0A  -4.315   0.0710      Ca B 3.740m  -5.401   0.0058      Si 2 993.4A  -5.894   0.0019            
 nFnu  4885A  -3.080   1.2192      Ca A 913.8A  -4.381   0.0610      Ca B 3.296m  -5.483   0.0048      Ti 2  3366A  -5.025   0.0138            
 nInu  4885A   1.13019774.844      Ca A 913.6A  -4.443   0.0528      Ca B 3.038m  -5.555   0.0041      Ti 2  3238A  -5.375   0.0062            
 nFnu  3704A  -3.766   0.2515      Ca A 913.5A  -4.503   0.0460      Ca B 2.872m  -5.627   0.0035      Cr 1  4271A  -5.170   0.0099            
 nInu  3704A   1.35933496.695      Ca A 913.3A  -4.561   0.0403      Ca B 2.758m  -5.705   0.0029      Cr 1  3591A  -5.402   0.0058            
 nFnu  3588A  -2.273   7.8266      Ca A  6563A  -3.431   0.5430      Ca B 2.674m  -5.789   0.0024      Mn 2  2590A  -5.579   0.0039            
 nInu  3588A   1.48244483.406      Ca A  4861A  -3.811   0.2266      Ca B 2.612m  -5.875   0.0020      hyperfine structure.........            
 nFnu  2430A  -4.149   0.1040      Ca A  4340A  -4.050   0.1307      Ca B 2.564m  -5.961   0.0016      inner shell.................            
 nInu  2430A   1.76384894.180      Ca A  4102A  -4.206   0.0913      Ca B 2.525m  -6.044   0.0013      molecules...................            
 nFnu  2392A  -4.238   0.0847      Ca A  3970A  -4.312   0.0715      Ca B 2.495m  -6.124   0.0011      H2vH     0   -3.442   0.5298            
 nInu  2392A   1.77687438.148      Ca A  3889A  -4.384   0.0606      Ca B 12.37m  -5.578   0.0039      H-FB     0   -3.020   1.3990            
 nFnu  2071A  -4.052   0.1301      Ca A  3835A  -4.436   0.0537      Ca B 7.500m  -5.651   0.0033      H-FF     0   -3.123   1.1034            
 nInu  2071A   1.888113387.98      Ca A  3798A  -4.479   0.0486      Ca B 5.907m  -5.725   0.0028      H-CT  6563A  -3.523   0.4401            
 nFnu  2053A  -4.121   0.1111      Ca A  3771A  -4.524   0.0438      Ca B 5.127m  -5.795   0.0024      H2+      0   -3.286   0.7581            
 nInu  2053A   1.888113313.12      Ca A  3750A  -4.581   0.0385      Ca B 4.671m  -5.865   0.0020            
 nFnu  1793A  -5.134   0.0108      Ca A  3734A  -4.650   0.0328      Ca B 4.375m  -5.942   0.0017            
 nInu  1793A   1.997145464.86      Ca A  3722A  -4.726   0.0275      Ca B 4.170m  -6.026   0.0014            

                                                    Emergent line intensities
 general properties..........      nFnu  2071A  -4.052   0.1301      Ca A 1.817m  -5.319   0.0070      H  1 926.2A  -3.229   0.8647            
 TOTL  4861A  -3.166   1.0000      nInu  2071A   1.888113387.98      Ca A 1.736m  -5.363   0.0064      H  1 923.2A  -3.359   0.6414            
 TOTL  1216A  -1.421  55.6499      nFnu  2053A  -4.121   0.1111      Ca A 1.681m  -5.408   0.0057      H  1 921.0A  -3.491   0.4734            
 continua....................      nInu  2053A   1.888113313.12      Ca A 1.641m  -5.464   0.0050      H  1  6563A  -2.828   2.1779            
 Bac   3646A  -2.229   8.6583      nFnu  1793A  -5.134   0.0108      Ca A 1.611m  -5.532   0.0043      H  1  4861A  -3.166   1.0000            
 nFnu  3645A  -2.217   8.8862      nInu  1793A   1.997145464.86      Ca A 1.588m  -5.609   0.0036      H  1  4340A  -3.458   0.5101            
 nFnu  3647A  -3.808   0.2278      nFnu  1585A  -4.718   0.0281      Ca A 1.570m  -5.688   0.0030      H  1  4102A  -3.676   0.3094            
 cout  3646A  -2.530   4.3292      nInu  1585A   1.927123938.47      Ca A 1.556m  -5.767   0.0025      H  1  3970A  -3.877   0.1945            
 cref  3646A  -2.530   4.3292      nFnu  1458A  -3.522   0.4406      Ca A 1.544m  -5.844   0.0021      H  1  3889A  -4.037   0.1346            
 thin  3646A  -2.229   8.6583      nInu  1458A   2.101184891.45      Ca A 1.534m  -5.918   0.0018      H  1  3835A  -4.180   0.0970            
 Inci  4860A   1.12619584.504      nFnu  1357A  -4.262   0.0802      Ca A 1.526m  -5.990   0.0015      H  1  3798A  -4.321   0.0701            
 Inci  1215A   2.169216448.02      nInu  1357A   2.181222627.88      Ca A 1.519m  -6.059   0.0013      H  1 1.875m  -3.716   0.2821            
 FIR  83.00m   0.5565273.4629      nFnu  1297A  -4.757   0.0257      Ca A 1.513m  -6.124   0.0011      H  1 1.282m  -3.989   0.1504            
 TIR   1800m  -1.747  26.2773      nInu  1297A   2.197230764.05      Ca A 7.458m  -5.383   0.0061      H  1 1.094m  -4.199   0.0928            
 NIRa 2.850m   0.6646767.1968      nFnu  1263A  -5.057   0.0128      Ca A 4.653m  -5.484   0.0048      H  1 1.005m  -4.397   0.0588            
 NIRb 3.000m   0.1692164.9839      nInu  1263A   2.191227299.83      Ca A 3.740m  -5.557   0.0041      H  1  9546A  -4.555   0.0409            
 MIRa 15.00m  -0.0161413.6588      nFnu  1218A  -3.296   0.7416      Ca A 3.296m  -5.609   0.0036      H  1  9229A  -4.696   0.0295            
 MIRb 22.50m   0.2062354.1565      nInu  1218A   2.168215596.08      Ca A 3.038m  -5.652   0.0033      H  1  9015A  -4.836   0.0214            
 NMIR 21.75m   0.6646767.1968      nFnu  1196A  -3.423   0.5530      Ca A 2.872m  -5.696   0.0030      H  1 4.051m  -4.398   0.0587            
 TFIR 611.2m   0.0441622.2678      nInu  1196A   2.214240016.45      Ca A 2.758m  -5.752   0.0026      H  1 2.625m  -4.583   0.0383            
 TALL 10000A   2.265269596.81      nFnu  1175A  -3.465   0.5029      Ca A 2.674m  -5.820   0.0022      H  1 2.166m  -4.773   0.0247            
 F12  12.00m  -0.497 467.0741      nInu  1175A   2.168215981.05      Ca A 2.612m  -5.896   0.0019      H  1 1.945m  -4.928   0.0173            
 F25  25.00m  -0.307 723.7059      nFnu  1144A  -3.828   0.2177      Ca A 2.564m  -5.975   0.0016      H  1 1.817m  -5.067   0.0126            
 F60  60.00m   0.1562101.4773      nInu  1144A   2.282280809.66      Ca A 2.525m  -6.054   0.0013      H  1 1.736m  -5.206   0.0091            
 F100 100.0m  -0.0311365.7330      nFnu  1113A  -4.138   0.1067      Ca A 2.495m  -6.131   0.0011      H  1 7.458m  -4.912   0.0180            
 MIPS 24.00m  -0.621 350.9315      nInu  1113A   2.150206848.41      Ca A 12.37m  -5.755   0.0026      H  1 4.653m  -5.076   0.0123            
 MIPS 70.00m  -0.201 923.2192      nFnu  1103A  -3.779   0.2437      Ca A 7.500m  -5.805   0.0023      H  1 3.740m  -5.223   0.0088            
 MIPS 160.0m  -0.426 549.8444      nInu  1103A   2.307297038.47      Ca A 5.907m  -5.851   0.0021      H  1 3.296m  -5.359   0.0064            
 IRAC 3.600m  -1.123 110.3614      nFnu  1074A  -4.099   0.1166      Ca A 5.127m  -5.891   0.0019      H  1 3.038m  -5.496   0.0047            
 IRAC 4.500m  -1.199  92.7471      nInu  1074A   2.239253984.62      Ca A 4.671m  -5.934   0.0017      H  1 12.37m  -5.354   0.0065            
 IRAC 5.800m  -1.126 109.7588      nFnu  1064A  -4.229   0.0865      Ca A 4.375m  -5.989   0.0015      H  1 7.500m  -5.474   0.0049            
 IRAC 8.000m  -0.844 210.0780      nInu  1064A   2.317304396.09      Ca A 4.170m  -6.056   0.0013      H  1 5.907m  -5.603   0.0037            
 SPR1 250.0m  -0.848 208.0834      nFnu  1036A  -4.558   0.0406      Ca A 4.020m  -6.132   0.0011      H  1 5.127m  -5.737   0.0027            
 SPR2 350.0m  -1.284  76.2469      nInu  1036A   2.301293133.62      Ca A 19.06m  -6.043   0.0013      H  1 19.06m  -5.716   0.0028            
 SPR3 500.0m  -1.672  31.2121      nFnu  1000A  -5.017   0.0141      Ca A 11.31m  -6.065   0.0013      H  1 11.31m  -5.818   0.0022            
 PAC1 70.00m  -0.1391065.4893      nInu  1000A   2.298291320.47      Ca A 8.758m  -6.098   0.0012      H  1 8.758m  -5.944   0.0017            
 PAC2 100.0m  -0.0261381.4728      nFnu 925.1A  -4.174   0.0982      Ca A 7.506m  -6.138   0.0011      H  1 27.80m  -6.033   0.0014            
 PAC3 160.0m  -0.169 993.6893      nInu 925.1A   2.247258739.91      Ca B  6563A  -3.093   1.1833      H  1 16.20m  -6.133   0.0011            
 PAH  3.300m  -1.952  16.3818      nFnu 897.8A  -1.031 136.5390      Ca B  4861A  -3.505   0.4585      He-like iso-sequence........            
 PAHC 3.230m  -2.204   9.1617      nInu 897.8A   1.82397498.539      Ca B  4340A  -3.780   0.2432      Hlin 506.0A  -5.874   0.0020            
 PAHC 3.370m  -2.284   7.6271      nFnu 760.0A  -4.064   0.1264      Ca B  4102A  -3.973   0.1560      Ca B 1.083m  -5.369   0.0063            
 PAH  6.200m  -1.578  38.6951      nInu 760.0A   1.80693760.242      Ca B  3970A  -4.114   0.1127      Ca B 2.058m  -6.144   0.0011            
 PAHC 5.650m  -1.572  39.2321      nFnu 701.5A  -5.568   0.0040      Ca B  3889A  -4.220   0.0883      He 1 584.3A  -3.225   0.8727            
 PAH  7.900m  -1.291  74.9878      nInu 701.5A   1.61460286.988      Ca B  3835A  -4.306   0.0725      He 1 537.0A  -3.828   0.2180            
 PAHC 6.900m  -1.284  76.2188      nInu 608.2A   1.47143379.656      Ca B  3798A  -4.380   0.0610      He 1 522.2A  -4.386   0.0602            
 PAH  11.30m  -1.707  28.8061      nFnu 575.1A  -5.293   0.0075      Ca B  3771A  -4.454   0.0515      He 1 515.6A  -4.664   0.0318            
 PAHC 10.90m  -1.705  28.9075      nInu 575.1A   1.52148604.434      Ca B  3750A  -4.534   0.0429      He 1 512.1A  -4.855   0.0204            
 PAH  11.80m  -1.466  50.1283      nInu 511.9A   1.32130678.342      Ca B  3734A  -4.619   0.0353      TOTL 1.083m  -5.681   0.0031            
 PAHC 12.65m  -1.468  49.8459      nFnu 496.9A  -4.265   0.0796      Ca B  3722A  -4.706   0.0289      He 1 1.083m  -5.681   0.0031            
 PAH  13.30m  -1.413  56.6754      nInu 496.9A   1.12719622.426      Ca B  3712A  -4.792   0.0237      He 1 1.083m  -6.158   0.0010            
 PAHC 14.10m  -1.415  56.3462      nInu 399.2A   0.94612935.925      Ca B  3704A  -4.875   0.0195      He 1 1.083m  -5.937   0.0017            
 Bcon  3640A   2.139202086.62      RRC.........................      Ca B  3697A  -4.956   0.0162      Pho+  3889A  -4.132   0.1083            
 Pcon  5000A   0.99314424.752      grains......................      Ca B  3692A  -5.032   0.0136      database lines..............            
 nInu 2.003c  -6.079   0.0012      H-like iso-sequence.........      Ca B  3687A  -5.106   0.0115      level 1 lines...............            
 nInu 1.335c  -5.545   0.0042      Hlin 912.0A  -4.618   0.0353      Ca B  3683A  -5.175   0.0098      C  1  1656A  -4.762   0.0253            
 nInu  9993m  -5.167   0.0100      Ca B  1216A  -2.155  10.2535      Ca B  3679A  -5.241   0.0084      REC   1656A  -5.561   0.0040            
 nInu  6917m  -4.692   0.0298      Q(H)  4861A  -0.1351074.8922      Ca B  3676A  -5.304   0.0073      C  1  8727A  -5.016   0.0141            
 nFnu 122.4m  -5.020   0.0140      Q(H)  1216A   1.21323952.596      Ca B  3674A  -5.365   0.0063      N  1 953.9A  -6.103   0.0012            
 nInu 122.4m   0.3853558.9961      CaBo  4861A  -3.814   0.2249      Ca B  3671A  -5.422   0.0055      N  1  1200A  -5.063   0.0127            
 nFnu 60.83m  -4.678   0.0307      Ca A  1216A  -2.214   8.9581      Ca B 1.875m  -4.052   0.1299      O  1  6300A  -5.413   0.0057            
 nInu 60.83m   0.3383191.2048      Ca A  1026A  -2.811   2.2650      Ca B 1.282m  -4.301   0.0733      O  1  6363A  -5.909   0.0018            
 nFnu 41.22m  -4.476   0.0490      Ca A 972.5A  -3.096   1.1740      Ca B 1.094m  -4.491   0.0474      Na 1  5892A  -3.560   0.4040            
 nInu 41.22m   0.2262464.1506      Ca A 949.7A  -3.255   0.8151      Ca B 1.005m  -4.631   0.0343      Mg 1  4561A  -5.607   0.0036            
 nFnu 30.87m  -4.330   0.0686      Ca A 937.8A  -3.369   0.6273      Ca B  9546A  -4.736   0.0269      Mg 1  2853A  -5.458   0.0051            
 nInu 30.87m   0.1231946.8204      Ca A 930.8A  -3.458   0.5103      Ca B  9229A  -4.821   0.0221      TOTL  2798A  -3.441   0.5308            
 nFnu 24.78m  -4.220   0.0884      Ca A 926.2A  -3.524   0.4387      Ca B  9015A  -4.896   0.0186      Mg 2  2796A  -3.622   0.3503            
 nInu 24.78m   0.0441622.3783      Ca A 923.2A  -3.574   0.3907      Ca B  8863A  -4.969   0.0157      Mg 2  2803A  -3.910   0.1805            
 nFnu 24.30m  -4.210   0.0904      Ca A 921.0A  -3.617   0.3543      Ca B  8750A  -5.048   0.0131      totl  2665A  -5.282   0.0077            
 nInu 24.30m   0.0371595.7113      Ca A 919.4A  -3.661   0.3197      Ca B  8665A  -5.133   0.0108      Al 2  2670A  -5.282   0.0077            
 nFnu 22.83m  -4.179   0.0970      Ca A 918.1A  -3.718   0.2806      Ca B  8598A  -5.220   0.0088      Si 1  2518A  -5.935   0.0017            
 nInu 22.83m   0.0151518.3119      Ca A 917.2A  -3.787   0.2394      Ca B  8545A  -5.306   0.0073      TOTL  2335A  -5.654   0.0033            
 nFnu 21.42m  -4.148   0.1044      Ca A 916.4A  -3.863   0.2007      Ca B  8502A  -5.389   0.0060      Si 2  2336A  -5.967   0.0016            
 nInu 21.42m  -0.0081438.6917      Ca A 915.8A  -3.943   0.1672      Ca B  8467A  -5.470   0.0050      Si 2  1531A  -5.984   0.0015            
 nFnu 21.12m  -4.140   0.1061      Ca A 915.3A  -4.022   0.1393      Ca B  8438A  -5.546   0.0042      Si 2  1308A  -6.068   0.0013            
 nInu 21.12m  -0.0141420.9207      Ca A 914.9A  -4.100   0.1165      Ca B  8413A  -5.619   0.0035      Si 2  1263A  -4.962   0.0160            
 nFnu 19.62m  -4.105   0.1151      Ca A 914.6A  -4.175   0.0980      Ca B  8392A  -5.689   0.0030      S 1R  1807A  -5.836   0.0021            
 nInu 19.62m  -0.0391339.1909      Ca A 914.3A  -4.246   0.0831      Ca B  8374A  -5.755   0.0026      K  1  7676A  -3.908   0.1812            
 nFnu 17.65m  -4.050   0.1305      Ca A 914.0A  -4.315   0.0710      Ca B  8359A  -5.818   0.0022      Ca 1  4228A  -3.365   0.6331            
 nInu 17.65m  -0.0821212.9196      Ca A 913.8A  -4.381   0.0610      Ca B  8346A  -5.878   0.0019      Ca 2  3933A  -4.449   0.0521            
 nFnu 17.37m  -4.043   0.1327      Ca A 913.6A  -4.443   0.0528      Ca B  8334A  -5.936   0.0017      Ca 2  8579A  -6.021   0.0014            
 nInu 17.37m  -0.0881196.6543      Ca A 913.5A  -4.503   0.0460      Ca B 4.051m  -4.697   0.0294      Ca2K  3934A  -4.632   0.0342            
 nFnu 15.69m  -3.996   0.1479      Ca A 913.3A  -4.561   0.0403      Ca B 2.625m  -4.868   0.0199      Ca2H  3969A  -4.913   0.0179            
 nInu 15.69m  -0.1271093.6261      Ca A  6563A  -3.431   0.5430      Ca B 2.166m  -5.004   0.0145      Fe 2  4300A  -5.079   0.0122            
 nFnu 14.60m  -3.961   0.1603      Ca A  4861A  -3.811   0.2266      Ca B 1.945m  -5.108   0.0114      Fe 2  2400A  -3.675   0.3095            
 nInu 14.60m  -0.1551026.8320      Ca A  4340A  -4.050   0.1307      Ca B 1.817m  -5.192   0.0094      Fe 2 1.257m  -6.145   0.0010            
 nFnu 12.43m  -3.883   0.1920      Ca A  4102A  -4.206   0.0913      Ca B 1.736m  -5.265   0.0080      Fe2b 10000A  -5.319   0.0070            
 nInu 12.43m  -0.219 885.0917      Ca A  3970A  -4.312   0.0715      Ca B 1.681m  -5.338   0.0067      Fe2b  8625A  -5.855   0.0020            
 nFnu 11.40m  -3.845   0.2094      Ca A  3889A  -4.384   0.0606      Ca B 1.641m  -5.417   0.0056      Fe 2  1786A  -4.740   0.0266            
 nInu 11.40m  -0.252 819.8864      Ca A  3835A  -4.436   0.0537      Ca B 1.611m  -5.501   0.0046      recombination...............            
 nFnu 10.46m  -3.804   0.2301      Ca A  3798A  -4.479   0.0486      Ca B 1.588m  -5.588   0.0038      level2 lines................            
 nInu 10.46m  -0.286 759.4879      Ca A  3771A  -4.524   0.0438      Ca B 1.570m  -5.674   0.0031      C  1 943.9A  -4.874   0.0196            
 nFnu 9.480m  -3.762   0.2536      Ca A  3750A  -4.581   0.0385      Ca B 1.556m  -5.757   0.0026      C  1  1248A  -4.982   0.0153            
 nInu 9.480m  -0.324 694.7723      Ca A  3734A  -4.650   0.0328      Ca B 1.544m  -5.837   0.0021      C  1 841.0A  -5.647   0.0033            
 nFnu 9.325m  -3.756   0.2573      Ca A  3722A  -4.726   0.0275      Ca B 1.534m  -5.914   0.0018      C  1  1561A  -5.330   0.0069            
 nInu 9.325m  -0.330 685.6362      Ca A  3712A  -4.806   0.0229      Ca B 1.526m  -5.987   0.0015      C  1  1315A  -5.221   0.0088            
 nFnu 8.210m  -3.698   0.2939      Ca A  3704A  -4.885   0.0191      Ca B 1.519m  -6.056   0.0013      C  1  1166A  -5.476   0.0049            
 nInu 8.210m  -0.380 611.1378      Ca A  3697A  -4.963   0.0160      Ca B 1.513m  -6.122   0.0011      C  1  1233A  -5.401   0.0058            
 nFnu 7.580m  -3.667   0.3157      Ca A  3692A  -5.037   0.0135      Ca B 7.458m  -5.190   0.0095      C  1  1132A  -5.714   0.0028            
 nInu 7.580m  -0.411 569.5704      Ca A  3687A  -5.109   0.0114      Ca B 4.653m  -5.304   0.0073      C  1  1251A  -5.689   0.0030            
 nFnu 7.050m  -3.634   0.3408      Ca A  3683A  -5.178   0.0097      Ca B 3.740m  -5.401   0.0058      C  1  1112A  -5.874   0.0020            
 nInu 7.050m  -0.437 535.5660      Ca A  3679A  -5.243   0.0084      Ca B 3.296m  -5.483   0.0048      C  1  1115A  -5.925   0.0017            
 nFnu 4.114m  -3.446   0.5251      Ca A  3676A  -5.306   0.0072      Ca B 3.038m  -5.555   0.0041      C  1  1162A  -6.037   0.0013            
 nInu 4.114m  -0.520 442.5526      Ca A  3674A  -5.366   0.0063      Ca B 2.872m  -5.627   0.0035      C  1  1167A  -6.077   0.0012            
 nFnu 2.324m  -3.370   0.6258      Ca A  3671A  -5.423   0.0055      Ca B 2.758m  -5.705   0.0029      C  1  1104A  -5.977   0.0015            
 nInu 2.324m  -0.255 815.0761      Ca A 1.875m  -4.267   0.0793      Ca B 2.674m  -5.789   0.0024      C  1  1109A  -6.022   0.0014            
 nFnu 1.643m  -3.381   0.6099      Ca A 1.282m  -4.527   0.0435      Ca B 2.612m  -5.875   0.0020      C  1  1098A  -6.157   0.0010            
 nInu 1.643m   0.0041480.6323      Ca A 1.094m  -4.705   0.0289      Ca B 2.564m  -5.961   0.0016      N  1 942.3A  -6.097   0.0012            
 nFnu 1.480m  -3.130   1.0876      Ca A 1.005m  -4.821   0.0221      Ca B 2.525m  -6.044   0.0013      N  1 952.1A  -6.118   0.0011            
 nInu 1.480m   0.0671711.9244      Ca A  9546A  -4.896   0.0186      Ca B 2.495m  -6.124   0.0011      O  1 867.3A  -5.350   0.0065            
 nFnu 1.436m  -2.962   1.6005      Ca A  9229A  -4.950   0.0164      Ca B 12.37m  -5.578   0.0039      O  1 787.5A  -5.974   0.0016            
 nInu 1.436m   0.1742186.3613      Ca A  9015A  -4.994   0.0149      Ca B 7.500m  -5.651   0.0033      O  1 976.8A  -5.154   0.0103            
 nFnu 1.119m  -2.616   3.5503      Ca A  8863A  -5.039   0.0134      Ca B 5.907m  -5.725   0.0028      O  1 767.7A  -6.012   0.0014            
 nInu 1.119m   0.3513290.8752      Ca A  8750A  -5.095   0.0118      Ca B 5.127m  -5.795   0.0024      O  1 969.0A  -5.516   0.0045            
 nFnu  8330A  -2.550   4.1332      Ca A  8665A  -5.164   0.0100      Ca B 4.671m  -5.865   0.0020      O  1 946.4A  -5.981   0.0015            
 nInu  8330A   0.5745500.0454      Ca A  8598A  -5.241   0.0084      Ca B 4.375m  -5.942   0.0017      O  1 934.5A  -6.141   0.0011            
 nFnu  8079A  -2.449   5.2115      Ca A  8545A  -5.320   0.0070      Ca B 4.170m  -6.026   0.0014      Al 2  1671A  -5.707   0.0029            
 nInu  8079A   0.6957262.2114      Ca A  8502A  -5.399   0.0058      Ca B 4.020m  -6.111   0.0011      Si 1  1261A  -5.940   0.0017            
 nFnu  6210A  -2.693   2.9732      Ca A  8467A  -5.476   0.0049      Ca B 19.06m  -5.891   0.0019      Si 1  1853A  -6.029   0.0014            
 nInu  6210A   0.90511783.698      Ca A  8438A  -5.551   0.0041      Ca B 11.31m  -5.940   0.0017      Si 2  1180A  -5.072   0.0124            
 nFnu  4885A  -3.080   1.2192      Ca A  8413A  -5.623   0.0035      Ca B 8.758m  -6.002   0.0015      Si 2 993.4A  -5.894   0.0019            
 nInu  4885A   1.13019774.844      Ca A  8392A  -5.691   0.0030      Ca B 7.506m  -6.069   0.0012      Ti 2  3366A  -5.025   0.0138            
 nFnu  3704A  -3.766   0.2515      Ca A  8374A  -5.757   0.0026      Ca B 6.770m  -6.145   0.0011      Ti 2  3238A  -5.375   0.0062            
 nInu  3704A   1.35933496.695      Ca A  8359A  -5.819   0.0022      Ca B 27.80m  -6.154   0.0010      Cr 1  4271A  -5.170   0.0099            
 nFnu  3588A  -2.273   7.8266      Ca A  8346A  -5.879   0.0019      H  1  1216A  -1.421  55.6499      Cr 1  3591A  -5.402   0.0058            
 nInu  3588A   1.48244483.406      Ca A  8334A  -5.937   0.0017      H  1  1026A  -1.957  16.1938      Mn 2  2590A  -5.579   0.0039            
 nFnu  2430A  -4.149   0.1040      Ca A 4.051m  -4.897   0.0186      H  1 972.5A  -2.418   5.5955      hyperfine structure.........            
 nInu  2430A   1.76384894.180      Ca A 2.625m  -5.070   0.0125      H  1 949.7A  -2.719   2.7977      inner shell.................            
 nFnu  2392A  -4.238   0.0847      Ca A 2.166m  -5.189   0.0095      H  1 937.8A  -2.909   1.8070      molecules...................            
 nInu  2392A   1.77687438.148      Ca A 1.945m  -5.266   0.0080      H  1 930.8A  -3.087   1.2002      H-CT  6563A  -3.523   0.4401            



                                                                           
 Cooling:  HFBc     0 :0.068 HFFc     0 :0.206 Fe2c     0 :0.051 H-FB     0 :0.233 H2+      0 :0.126  
 Heating:  BFH1     0 :0.871 H2vH     0 :0.088  

 These are some of the most important databases used by Cloudy:
 Many recombination coefficients were taken from http://amdpp.phys.strath.ac.uk/tamoc/RR/ and http://amdpp.phys.strath.ac.uk/tamoc/DR/
      and are based on the following papers:
        Badnell N. R., et al., A&A 406, 1151 (2003) [http://adsabs.harvard.edu/abs/2003A%26A...406.1151B]
        Badnell N. R., ApJS 167, 334 (2006) [http://adsabs.harvard.edu/abs/2006ApJS..167..334B]
 Much of the molecular emission data is from LAMDA as accessed on Dec. 18, 2010. This database is described in:
        Schoeier F.L., et al., A&A 432, 369 (2005) [http://adsabs.harvard.edu/abs/2005A%26A...432..369S]
      This database is in part based on the work of the following groups:
        JPL: Pickett H. M. et al., JQSRT, 60, 883 (1998). [http://adsabs.harvard.edu/abs/1998JQSRT..60..883P]
        CDMS: Mueller H. S. et al., A&A 370, L49 (2001). [http://adsabs.harvard.edu/abs/2001A%26A...370L..49M]
              Mueller H. S. et al., J. Mol. Struct. 742, 215 (2005). [http://adsabs.harvard.edu/abs/2005JMoSt.742..215M]
 Much of the ionic emission data is from version 7.0 of CHIANTI. CHIANTI is a collaborative project involving the NRL (USA), the
      Universities of Florence (Italy) and Cambridge (UK), and George Mason University (USA). These papers describe Chianti:
        Dere K. P., et al., A&AS, 125, 149 (1997) [http://adsabs.harvard.edu/abs/1997A%26AS..125..149D]
        Landi E., et al., ApJ, 744, 99 (2012) [http://adsabs.harvard.edu/abs/2012ApJ...744...99L]
 Much of the H_2 data is from this web site: http://molat.obspm.fr/index.php?page=pages/Molecules/H2/H2can94.php. These data are
      described in:
        Abgrall H. et al., Can. J. Phys., 72, 856 (1994) [http://adsabs.harvard.edu/abs/1994CaJPh..72..856A]
        Wrathmall S. A. & Flower D. R., J. Phys. B, 40, 3221 (2007) [http://adsabs.harvard.edu/abs/2007JPhB...40.3221W]
 Please cite those papers that played a significant role in this calculation.

 IONIZE PARMET:  U(1-)-10.4768  U(4-):-21.1133  U(sp):-10.48  Q(ion):   12.000  L(ion)  1.462    Q(low): 14.371    L(low)  2.190
 ENERGY BUDGET:  Heat:  -2.386  Coolg:  -2.387  Error:  0.3%  Rec Lin:  -3.194  F-F  H  0.000    P(rad/tot)max     0.00E+00

     Col(Heff):      0.000E+00  snd travl time  4.62E-04 sec  Te-low: 3.99E+03  Te-hi: 3.99E+03  G0TH85: 6.89E+04  G0DB96:8.98E+04
  Emiss Measure    n(e)n(p) dl       7.948E+20  n(e)n(He+)dl         2.122E+17  En(e)n(He++) dl         0.000E+00  ne nC+:1.47E+18
 He/Ha:2.48E-04  =   0.00*true  Lthin:7.69E+01  itr/zn:143.00  H2 itr/zn:  0.00  File Opacity: F  MassTot 5.39e-10  (gm/cm^2)
   Temps(21 cm)   T(21cm/Ly a)  3.78E+03        T(<nH/Tkin>)  3.99E+03          T(<nH/Tspin>)    4.00E+03          TB21cm:0.00E+00
                   N(H0/Tspin)  5.93E+10        N(OH/Tkin)    4.85E+03          B(21cm)          0.00E+00
   <a>:4.75E-03  erdeFe0.0E+00  Tcompt3.39E+00  Tthr5.21E+04  <Tden>: 3.99E+03  <dens>:2.27E-12  <MolWgt>1.26E+00
     Mean Jeans  l(cm)2.34E+15  M(sun)7.67E+00  smallest:     len(cm):2.34E+15  M(sun):7.67E+00  a_ox tran:  0.00
 Rion:1.000E+30  Dist:0.00E+00  Diam:0.000E+00
 Hatom level 70  HatomType: add  HInducImp  F  He tot level: 63  He2 level:   70  ExecTime    73.7
 ConvrgError(%)  <eden>  0.166  MaxEden  0.166  <H-C>   0.27  Max(H-C)    0.27  <Press>   0.000  MaxPrs er  0.000
  Continuity(%)  chng Te   0.0  elec den   0.0  n(H2)    0.0  n(CO)        0.0

                                                        Averaged Quantities
             Te      Te(Ne)   Te(NeNp)  Te(NeHe+)Te(NeHe2+) Te(NeO+)  Te(NeO2+)  Te(H2)     N(H)     Ne(O2+)   Ne(Np)
 Radius:  3.99e+03  3.99e+03  3.99e+03  3.99e+03  0.00e+00  3.99e+03  3.99e+03  3.99e+03  1.00e+12  1.89e+09  1.89e+09

 Contin Optical Depths: COMP: 2.98e-13    H-: 4.78e-11 R(1300): 1.59e-09  H2+: 7.25e-13  Pfa:3.92E-13
                          Pa: 3.18e-13    Ba: 4.37e-11      Hb: 3.41e-11   La: 3.50e-06     1r:1.500E-03  1.8:4.47E-04 4.:6.507E-05

 Old, new H  1 continuum optical depths:
     1 1.50e-03     2 2.44e-11     3 4.80e-11     4 4.80e-11     5 4.80e-11     6 1.19e-11     7 1.19e-11     8 1.19e-11
     9 1.19e-11    10 2.92e-14    11 2.92e-14    12 2.92e-14    13 2.92e-14    14 2.92e-14    15 6.22e-14    16 6.22e-14
    17 6.22e-14    18 6.22e-14    19 6.22e-14    20 6.22e-14    21 1.15e-13    22 1.15e-13    23 1.15e-13    24 1.15e-13
    25 1.15e-13    26 1.15e-13    27 1.15e-13    28 1.92e-13    29 1.92e-13    30 1.92e-13    31 1.92e-13    32 1.92e-13
    33 1.92e-13    34 1.92e-13    35 1.92e-13    36 3.00e-13    37 3.00e-13    38 3.00e-13    39 3.00e-13    40 3.00e-13
    41 3.00e-13    42 3.00e-13    43 3.00e-13    44 3.00e-13    45 4.43e-13    46 4.43e-13    47 4.43e-13    48 4.43e-13
    49 4.43e-13    50 4.43e-13    51 4.43e-13    52 4.43e-13    53 4.43e-13    54 4.43e-13
     1 1.50e-03     2 2.44e-11     3 4.80e-11     4 4.80e-11     5 4.80e-11     6 1.19e-11     7 1.19e-11     8 1.19e-11
     9 1.19e-11    10 2.92e-14    11 2.92e-14    12 2.92e-14    13 2.92e-14    14 2.92e-14    15 6.22e-14    16 6.22e-14
    17 6.22e-14    18 6.22e-14    19 6.22e-14    20 6.22e-14    21 1.15e-13    22 1.15e-13    23 1.15e-13    24 1.15e-13
    25 1.15e-13    26 1.15e-13    27 1.15e-13    28 1.92e-13    29 1.92e-13    30 1.92e-13    31 1.92e-13    32 1.92e-13
    33 1.92e-13    34 1.92e-13    35 1.92e-13    36 3.00e-13    37 3.00e-13    38 3.00e-13    39 3.00e-13    40 3.00e-13
    41 3.00e-13    42 3.00e-13    43 3.00e-13    44 3.00e-13    45 4.43e-13    46 4.43e-13    47 4.43e-13    48 4.43e-13
    49 4.43e-13    50 4.43e-13    51 4.43e-13    52 4.43e-13    53 4.43e-13    54 4.43e-13

 Old, new H  1 mean line optical depths:
  2- 1 3.92e+01  3- 2 2.87e-11  4- 3 1.20e-11  5- 4 1.62e-11  6- 5 6.64e-13  7- 6 2.61e-11  8- 7 4.43e-21
  9- 8 4.43e-21 10- 9 2.88e-10
  2- 1 3.92e+01  3- 2 2.87e-11  4- 3 1.20e-11  5- 4 1.60e-11  6- 5 6.10e-13  7- 6 2.45e-11  8- 7 2.22e-21
  9- 8 2.22e-21 10- 9 2.85e-10

 Old, new He 2 continuum optical depths:
     1 6.51e-05     2 1.48e-03     3 3.29e-11     4 3.29e-11     5 3.29e-11     6 2.44e-11     7 2.44e-11     8 2.44e-11
     9 2.44e-11    10 3.89e-11    11 3.89e-11    12 3.89e-11    13 3.89e-11    14 3.89e-11    15 4.80e-11    16 4.80e-11
    17 4.80e-11    18 4.80e-11    19 4.80e-11    20 4.80e-11    21 4.05e-11    22 4.05e-11    23 4.05e-11    24 4.05e-11
    25 4.05e-11    26 4.05e-11    27 4.05e-11    28 1.19e-11    29 1.19e-11    30 1.19e-11    31 1.19e-11    32 1.19e-11
    33 1.19e-11    34 1.19e-11    35 1.19e-11    36 1.81e-14    37 1.81e-14    38 1.81e-14    39 1.81e-14    40 1.81e-14
    41 1.81e-14    42 1.81e-14    43 1.81e-14    44 1.81e-14    45 2.92e-14    46 2.92e-14    47 2.92e-14    48 2.92e-14
    49 2.92e-14    50 2.92e-14    51 2.92e-14    52 2.92e-14    53 2.92e-14    54 2.92e-14
     1 6.51e-05     2 1.48e-03     3 3.29e-11     4 3.29e-11     5 3.29e-11     6 2.44e-11     7 2.44e-11     8 2.44e-11
     9 2.44e-11    10 3.89e-11    11 3.89e-11    12 3.89e-11    13 3.89e-11    14 3.89e-11    15 4.80e-11    16 4.80e-11
    17 4.80e-11    18 4.80e-11    19 4.80e-11    20 4.80e-11    21 4.05e-11    22 4.05e-11    23 4.05e-11    24 4.05e-11
    25 4.05e-11    26 4.05e-11    27 4.05e-11    28 1.19e-11    29 1.19e-11    30 1.19e-11    31 1.19e-11    32 1.19e-11
    33 1.19e-11    34 1.19e-11    35 1.19e-11    36 1.81e-14    37 1.81e-14    38 1.81e-14    39 1.81e-14    40 1.81e-14
    41 1.81e-14    42 1.81e-14    43 1.81e-14    44 1.81e-14    45 2.92e-14    46 2.92e-14    47 2.92e-14    48 2.92e-14
    49 2.92e-14    50 2.92e-14    51 2.92e-14    52 2.92e-14    53 2.92e-14    54 2.92e-14

 Old, new He 2 mean line optical depths:
  2- 1 1.77e-20  3- 2 8.86e-21  4- 3 4.43e-21  5- 4 4.43e-21  6- 5 4.43e-21  7- 6 4.43e-21  8- 7 4.43e-21
  9- 8 4.43e-21 10- 9 4.43e-21
  2- 1 8.86e-21  3- 2 4.43e-21  4- 3 2.22e-21  5- 4 2.22e-21  6- 5 2.22e-21  7- 6 2.22e-21  8- 7 2.22e-21
  9- 8 2.22e-21 10- 9 2.22e-21

 Old He Is optical depths:    1 4.47e-04    2 1.70e-11    3 2.02e-11    4 2.27e-11    5 2.27e-11
 New He Is optical depths:    1 4.47e-04    2 1.70e-11    3 2.02e-11    4 2.27e-11    5 2.27e-11
          Old He Is Lines:  584 2.12e+00 3889 3.01e-09 5016 2.15e-10 5876 2.16e-13
          New He Is Lines:  584 2.12e+00 3889 3.01e-09 5016 2.15e-10 5876 2.16e-13

==== H      compounds ====           Log10 column densities [cm^-2}
   H2        : 10.221   H2*       :  8.059   H2+       :  5.015   H3+       :  2.597
==== He     compounds ====
   HeH+      :  3.773
==== Li     compounds ====
   LiH       : -3.119   LiH+      : -4.906
==== C      compounds ====
   CH        :  6.188   CH+       :  4.014   CH2       :  2.747   CH2+      :  0.894   CH3       : -1.502   CH3+      : -2.482   CH4       : -5.082   CH4+      : -6.939
   CH5+      :-12.271   C2        :  3.724   C2+       :  2.353   C2H       :  0.711   C2H+      : -0.716   C2H2      : -5.573   C2H2+     : -4.250   C2H3+     : -9.893
   C3        : -5.304   C3+       : -3.342   C3H       : -7.598   C3H+      : -6.254
==== N      compounds ====
   NH        :  6.700   NH+       :  5.916   NH2       :  2.761   NH2+      :  2.694   NH3       : -0.154   NH3+      : -1.174   NH4+      : -7.462   CN        :  6.796
   CN+       :  1.483   HCN       :  4.391   HCN+      :  3.367   HNC       : -2.515   HCNH+     : -0.101   HC3N      :-35.930   N2        :  8.516   N2+       :  3.073
   N2H+      : -1.709
==== O      compounds ====
   OH        :  7.287   OH+       :  6.656   H2O       :  3.324   H2O+      :  3.268   H3O+      : -0.432   CO        :  9.554   CO+       :  2.352   HCO+      :  3.219
   H2CO      :-35.930   CH3OH     :-35.930   ^13CO     :  8.077   NO        :  4.797   NO+       :  3.289   HNO       :  0.279   HNO+      : -0.582   OCN       :  3.468
   OCN+      :  1.635   N2O       :  0.245   O2        :  3.469   O2+       :  4.408   NO2       :  0.953   NO2+      : -2.953
==== Ne     compounds ====
   NeH+      :  1.713
==== Si     compounds ====
   SiH       : -0.961   SiH2+     : -2.359   SiC2      :-35.930   SiN       : -3.621   SiN+      :  3.039   SiO       :  4.369   SiO+      :  3.601   SiOH+     : -0.187
==== S      compounds ====
   HS        :  6.259   HS+       :  4.427   CS        :  3.177   CS+       :  2.456   HCS+      : -0.171   NS        :  3.095   NS+       :  2.433   SO        :  4.571
   SO+       :  3.425   OCS       : -0.307   OCS+      : -1.926   SO2       :-35.930   S2        : -0.623   S2+       : -1.911
==== Cl     compounds ====
   HCl       :  0.580   HCl+      :  4.512   H2Cl+     :  1.280   CCl       :-11.891   CCl+      : -4.054   H2CCl+    :-15.355   ClO       :-13.159   ClO+      :-17.658
==== Ar     compounds ====
   ArH+      :  5.363
==== Ti     compounds ====
   TiH       :-35.930   TiH+      :-35.930   TiH2      :-35.930   TiH2+     :-35.930   TiC       :-35.930   TiC+      :-35.930   HCTi      :-35.930   HCTi+     :-35.930
   TiC2      :-35.930   TiC2+     :-35.930   TiN       :-35.930   TiN+      :-35.930   HNTi      :-35.930   HNTi+     :-35.930   TiNC      :-35.930   TiNC+     :-35.930
   TiO       :-35.930   TiO+      :-35.930   TiOH+     :-35.930   TiO2      :-35.930   TiF+      :-35.930   TiS       :-35.930   TiS+      :-35.930   HTiS      :-35.930


               1      2      3      4      5      6      7      8      9     10     11     12     13     14     15     16     17

 Hydrogen   14.375 11.625 10.224 (H2)                Log10 Column density (cm^-2)
 Helium     13.306  8.052-30.000
 Lithium     3.196  3.038-30.000-30.000
 Beryllium   3.755  1.134 -3.559-30.000-30.000
 Boron       5.067  3.355 -4.722-30.000-30.000-30.000
 Carbon     10.775  8.891  2.502-30.000-30.000-30.000-30.000
 Nitrogen   10.187  6.885 -2.721-30.000-30.000-30.000-30.000-30.000
 Oxygen     11.052  8.193 -1.463-30.000-30.000-30.000-30.000-30.000-30.000
 Fluorine    6.935  4.173 -1.312-30.000-30.000-30.000-30.000-30.000-30.000-30.000
 Neon       10.305  7.166  0.570-30.000-30.000-30.000-30.000-30.000-30.000-30.000-30.000
 Sodium      7.647  8.567  1.083-30.000-30.000-30.000-30.000-30.000-30.000-30.000-30.000-30.000
 Magnesium   8.660  9.954  5.307-30.000-30.000-30.000-30.000-30.000-30.000-30.000-30.000-30.000-30.000
 Aluminium   5.597  8.826  3.179-30.000-30.000-30.000-30.000-30.000-30.000-30.000-30.000-30.000-30.000-30.000
 Silicon     9.363  9.732  3.207-30.000-30.000-30.000-30.000-30.000-30.000-30.000-30.000-30.000-30.000-30.000-30.000
 Phosphorus  5.177  7.785  1.980-30.000-30.000-30.000-30.000-30.000-30.000-30.000-30.000-30.000-30.000-30.000-30.000-30.000
 Sulphur     9.364  8.914  3.382-30.000-30.000-30.000-30.000-30.000-30.000-30.000-30.000-30.000-30.000-30.000-30.000-30.000-30.000
 Chlorine    6.483  7.857  2.899-30.000-30.000-30.000-30.000-30.000-30.000-30.000-30.000-30.000-30.000-30.000-30.000-30.000-30.000
-30.000
 Argon       8.775  5.269 -0.049-30.000-30.000-30.000-30.000-30.000-30.000-30.000-30.000-30.000-30.000-30.000-30.000-30.000-30.000
-30.000-30.000
 Potassium   6.931  7.228  1.647-30.000-30.000-30.000-30.000-30.000-30.000-30.000-30.000-30.000-30.000-30.000-30.000-30.000-30.000
-30.000-30.000-30.000
 Calcium     8.711  6.758  3.422-30.000-30.000-30.000-30.000-30.000-30.000-30.000-30.000-30.000-30.000-30.000-30.000-30.000-30.000
-30.000-30.000-30.000-30.000
 Scandium    5.519  3.679  0.763-30.000-30.000-30.000-30.000-30.000-30.000-30.000-30.000-30.000-30.000-30.000-30.000-30.000-30.000
-30.000-30.000-30.000-30.000-30.000
 Titanium    3.796  7.325  3.459-30.000-30.000-30.000-30.000-30.000-30.000-30.000-30.000-30.000-30.000-30.000-30.000-30.000-30.000
-30.000-30.000-30.000-30.000-30.000-30.000
 Vanadium    6.303  4.120  0.534-30.000-30.000-30.000-30.000-30.000-30.000-30.000-30.000-30.000-30.000-30.000-30.000-30.000-30.000
-30.000-30.000-30.000-30.000-30.000-30.000-30.000
 Chromium    8.005  6.433  0.962-30.000-30.000-30.000-30.000-30.000-30.000-30.000-30.000-30.000-30.000-30.000-30.000-30.000-30.000
-30.000-30.000-30.000-30.000-30.000-30.000-30.000-30.000
 Manganese   4.295  7.805  2.713-30.000-30.000-30.000-30.000-30.000-30.000-30.000-30.000-30.000-30.000-30.000-30.000-30.000-30.000
-30.000-30.000-30.000-30.000-30.000-30.000-30.000-30.000-30.000
 Iron        6.115  9.875  4.118-30.000-30.000-30.000-30.000-30.000-30.000-30.000-30.000-30.000-30.000-30.000-30.000-30.000-30.000
-30.000-30.000-30.000-30.000-30.000-30.000-30.000-30.000-30.000-30.000
 Cobalt      7.365  4.735 -3.614-30.000-30.000-30.000-30.000-30.000-30.000-30.000-30.000-30.000-30.000-30.000-30.000-30.000-30.000
-30.000-30.000-30.000-30.000-30.000-30.000-30.000-30.000-30.000-30.000-30.000
 Nickel      5.242  8.596 -0.041-30.000-30.000-30.000-30.000-30.000-30.000-30.000-30.000-30.000-30.000-30.000-30.000-30.000-30.000
-30.000-30.000-30.000-30.000-30.000-30.000-30.000-30.000-30.000-30.000-30.000-30.000
 Copper      6.562  4.500 -1.172-30.000-30.000-30.000-30.000-30.000-30.000-30.000-30.000-30.000-30.000-30.000-30.000-30.000-30.000
-30.000-30.000-30.000-30.000-30.000-30.000-30.000-30.000-30.000-30.000-30.000-30.000-30.000
 Zinc        6.935  4.148 -0.558-30.000-30.000-30.000-30.000-30.000-30.000-30.000-30.000-30.000-30.000-30.000-30.000-30.000-30.000
-30.000-30.000-30.000-30.000-30.000-30.000-30.000-30.000-30.000-30.000-30.000-30.000-30.000-30.000
 Exc state    He1*  4.265   CII*  8.712   C11*  9.825   C12* 10.300   C13* 10.517   O11* 10.808   O12* 10.562   O13* 10.074
              Si2*  9.540   C30* -5.959   C31* -5.545   C32* -5.245


 Hydrogen   -0.001 -2.751 -3.851 (H2)                 Log10 Mean Ionisation (over radius)
 Helium     -0.000 -5.254
 Lithium    -0.229 -0.387
 Beryllium  -0.001 -2.622 -7.315
 Boron      -0.008 -1.721 -9.797
 Carbon     -0.031 -1.914 -8.304
 Nitrogen   -0.019 -3.321-12.926
 Oxygen     -0.014 -2.873-12.529
 Fluorine   -0.001 -2.762 -8.248
 Neon       -0.000 -3.140 -9.736
 Sodium     -0.969 -0.049 -7.534
 Magnesium  -1.316 -0.022 -4.669
 Aluminium  -3.229 -0.000 -5.647
 Silicon    -0.523 -0.155 -6.679
 Phosphorus -2.609 -0.001 -5.806
 Sulphur    -0.132 -0.582 -6.114
 Chlorine   -1.393 -0.018 -4.976
 Argon      -0.000 -3.507 -8.825
 Potassium  -0.474 -0.178 -5.758
 Calcium    -0.005 -1.959 -5.294
 Scandium   -0.006 -1.846 -4.762
 Titanium   -3.530 -0.000 -3.866
 Vanadium   -0.003 -2.186 -5.772
 Chromium   -0.011 -1.583 -7.054
 Manganese  -3.511 -0.000 -5.092
 Iron       -3.761 -0.000 -5.758
 Cobalt     -0.001 -2.631-10.980
 Nickel     -3.354 -0.000 -8.637
 Copper     -0.004 -2.066 -7.738
 Zinc       -0.001 -2.788 -7.494

               1      2      3      4      5      6      7      8      9     10     11     12     13     14     15     16     17

 Hydrogen   -0.001 -2.751 -3.851 (H2)         Log10 Mean Ionisation (over radius*electron density)
 Helium     -0.000 -5.254
 Lithium    -0.229 -0.387
 Beryllium  -0.001 -2.622 -7.315
 Boron      -0.008 -1.721 -9.797
 Carbon     -0.031 -1.914 -8.304
 Nitrogen   -0.019 -3.321-12.926
 Oxygen     -0.014 -2.873-12.529
 Fluorine   -0.001 -2.762 -8.248
 Neon       -0.000 -3.140 -9.736
 Sodium     -0.969 -0.049 -7.534
 Magnesium  -1.316 -0.022 -4.669
 Aluminium  -3.229 -0.000 -5.647
 Silicon    -0.523 -0.155 -6.679
 Phosphorus -2.609 -0.001 -5.806
 Sulphur    -0.132 -0.582 -6.114
 Chlorine   -1.393 -0.018 -4.976
 Argon      -0.000 -3.507 -8.825
 Potassium  -0.474 -0.178 -5.758
 Calcium    -0.005 -1.959 -5.294
 Scandium   -0.006 -1.846 -4.762
 Titanium   -3.530 -0.000 -3.866
 Vanadium   -0.003 -2.186 -5.772
 Chromium   -0.011 -1.583 -7.054
 Manganese  -3.511 -0.000 -5.092
 Iron       -3.761 -0.000 -5.758
 Cobalt     -0.001 -2.631-10.980
 Nickel     -3.354 -0.000 -8.637
 Copper     -0.004 -2.066 -7.738
 Zinc       -0.001 -2.788 -7.494

               1      2      3      4      5      6      7      8      9     10     11     12     13     14     15     16     17

 Hydrogen    3.601  3.601  3.601 (H2)                  Log10 Mean Temperature (over radius)
 Helium      3.601  3.601
 Lithium     3.601  3.601
 Beryllium   3.601  3.601  3.601
 Boron       3.601  3.601  3.601
 Carbon      3.601  3.601  3.601
 Nitrogen    3.601  3.601  3.601
 Oxygen      3.601  3.601  3.601
 Fluorine    3.601  3.601  3.601
 Neon        3.601  3.601  3.601
 Sodium      3.601  3.601  3.601
 Magnesium   3.601  3.601  3.601
 Aluminium   3.601  3.601  3.601
 Silicon     3.601  3.601  3.601
 Phosphorus  3.601  3.601  3.601
 Sulphur     3.601  3.601  3.601
 Chlorine    3.601  3.601  3.601
 Argon       3.601  3.601  3.601
 Potassium   3.601  3.601  3.601
 Calcium     3.601  3.601  3.601
 Scandium    3.601  3.601  3.601
 Titanium    3.601  3.601  3.601
 Vanadium    3.601  3.601  3.601
 Chromium    3.601  3.601  3.601
 Manganese   3.601  3.601  3.601
 Iron        3.601  3.601  3.601
 Cobalt      3.601  3.601  3.601
 Nickel      3.601  3.601  3.601
 Copper      3.601  3.601  3.601
 Zinc        3.601  3.601  3.601

               1      2      3      4      5      6      7      8      9     10     11     12     13     14     15     16     17

 Hydrogen    3.601  3.601  3.601 (H2)          Log10 Mean Temperature (over radius*electron density)
 Helium      3.601  3.601
 Lithium     3.601  3.601
 Beryllium   3.601  3.601  3.601
 Boron       3.601  3.601  3.601
 Carbon      3.601  3.601  3.601
 Nitrogen    3.601  3.601  3.601
 Oxygen      3.601  3.601  3.601
 Fluorine    3.601  3.601  3.601
 Neon        3.601  3.601  3.601
 Sodium      3.601  3.601  3.601
 Magnesium   3.601  3.601  3.601
 Aluminium   3.601  3.601  3.601
 Silicon     3.601  3.601  3.601
 Phosphorus  3.601  3.601  3.601
 Sulphur     3.601  3.601  3.601
 Chlorine    3.601  3.601  3.601
 Argon       3.601  3.601  3.601
 Potassium   3.601  3.601  3.601
 Calcium     3.601  3.601  3.601
 Scandium    3.601  3.601  3.601
 Titanium    3.601  3.601  3.601
 Vanadium    3.601  3.601  3.601
 Chromium    3.601  3.601  3.601
 Manganese   3.601  3.601  3.601
 Iron        3.601  3.601  3.601
 Cobalt      3.601  3.601  3.601
 Nickel      3.601  3.601  3.601
 Copper      3.601  3.601  3.601
 Zinc        3.601  3.601  3.601

               1      2      3      4      5      6      7      8      9     10     11     12     13     14     15     16     17
                                                                          

---------------Convergence statistics---------------
      2.16 mean iterations/state convergence
         3 mean cx acceleration loops/iteration
      1.09 mean iso convergence loops/ion solve
       1.1 mean steps/chemistry solve
      1.15 mean step length searches/chemistry step
----------------------------------------------------

 Cloudy ends: 1 zone, 3 iterations.  ExecTime(s) 73.67
 [Stop in cdMain at ../maincl.cpp:483, Cloudy exited OK]
 ************************************************** GRID_DELIMIT -- grid000000064
