                                                          Cloudy 13.03
                                                         www.nublado.org

                       **************************************13Feb20**************************************
                       *                                                                                 *
                       * c                                                                               *
                       * phi(h) 10.000000 LOG range -0.000232 6.866524                                   *
                       * grid from 8 to 23 in 1 dex steps                                                *
                       * HDEN=9.000000 LOG                                                               *
                       * grid from 0 to 12 in 1 dex steps                                                *
                       * set pres ionize 1e5                                                             *
                       * c                                                                               *
                       * c                                                                               *
                       * table star "Rotation_inst.mod" age 6.78                                         *
                       * c<< Rotation_ins model    4 read.       Age =    6010000.00                 >>> *
                       * c<< Rotation_ins model    5 read.       Age =    8010000.00                 >>> *
                       * c<< FINAL:     Age =    6025595.86                                          >>> *
                       * c                                                                               *
                       * c                                                                               *
                       * abundances GASS10                                                               *
                       * c                                                                               *
                       * c                                                                               *
                       * iterate to convergence max = 7                                                  *
                       * stop column density = 23                                                        *
                       * c                                                                               *
                       * c                                                                               *
                       * print last                                                                      *
                       * set save prefix "geneva_inst_rot_6"                                             *
                       * save grid ".grd" last no hash                                                   *
                       * save linelist "emissionlines_abs.txt" "LineList_HII.dat" absolute last no hash    *
                       *                                                                                 *
                       ***********************************************************************************



           !The plasma frequency is 9.45e-08 Ryd.  The incident continuum is set to 0 below this.
           3972CellPeak1.00E+00   Lo 1.00e-08=910.79cm   Hi-Con:4.21E+00 Ryd   E(hi):7.35E+06Ryd     E(hi):     100.01 MeV
           I(nu>1ryd):  -0.5376   Average nu:1.330E+00   I( X-ray):   0.0000   I(BalC):   0.1389     Phi(BalmrC):  11.0435
           phi(1.0-1.8): 9.9574   phi(1.8-4.0):  8.970   phi(4.0-20): -0.637   phi(20--):  0.000     Ion pht flx:1.000E+10
           I(gam ray):   0.0000   phi(gam r):   0.0000   I(Infred):  -0.7653   Alf(ox):   0.0000     Total inten:   0.2645
           U(1.0----):3.336E-10   U(4.0----):7.703E-21   T(En-Den):9.489E+00   T(Comp):2.841E+04     nuJnu(912A):1.206E+00
           Occ(FarIR):0.000E+00   Occ(H n=6):2.886E-13   Occ(1Ryd):5.543E-17   Occ(4R):1.859E-28     Occ (Nu-hi):1.724E-29
           Tbr(FarIR):0.000E+00   Tbr(H n=6):1.265E-09   Tbr(1Ryd):8.762E-12   Tbr(4R):1.175E-22     Tbr (Nu-hi):1.143E-23
  
                                                  Gas Phase Chemical Composition
        H :  0.0000  He: -1.0701  Li:-10.9508  Be:-10.6198  B : -9.3002  C : -3.5702  N : -4.1701  O : -3.3098  F : -7.4401
        Ne: -4.0701  Na: -5.7595  Mg: -4.4001  Al: -5.5498  Si: -4.4895  P : -6.5901  S : -4.8794  Cl: -6.5003  Ar: -5.6003
        K : -6.9706  Ca: -5.6596  Sc: -8.8508  Ti: -7.0501  V : -8.0701  Cr: -6.3595  Mn: -6.5702  Fe: -4.5003  Co: -7.0101
                                               Ni: -5.7799  Cu: -7.8097  Zn: -7.4401
 
 ####  1  Te:3.993E+03 Hden:1.000E+09 Ne:6.562E+06 R:1.000E+30 R-R0:9.319E+01 dR:1.864E+02 NTR: 42 Htot:1.584E-10 T912: 1.17e-06###
 Hydrogen      9.93e-01 6.42e-03 H+o/Hden 1.00e+00 2.23e-08 H-    H2 1.12e-04 1.91e-09 H2+ HeH+ 1.77e-10 Ho+ ColD 1.85e+11 1.20e+09
 Helium        1.00e+00 1.15e-04 1.11e-18 HeI 2s3S 3.64e-09 Comp H,C 1.54e-22 2.16e-23 Fill Fac 1.00e+00 Gam1/tot 1.00e+00
 He singlet n  1.00e+00 6.72e-12 7.27e-18 5.93e-19 4.05e-18 5.52e-19 He tripl 3.64e-09 8.37e-17 4.79e-19 4.12e-18 1.48e-18
 Pressure      NgasTgas 4.36e+12 P(total) 6.02e-04 P( gas ) 6.02e-04 P(Radtn) 0.00e+00 Rad accl 1.43e-04 ForceMul 1.22e+09
 Texc(La)      3.29e+03 T(I con) 9.49e+00 T(D con) 2.50e-01 T(U tot) 9.49e+00 nT (c+d) 2.35e+06 Prad/Gas 0.00e+00 Pmag/Gas 0.00e+00
 Molecules     CH/Ctot: 3.76e-05 CH+/Ctot 6.23e-07 CO/Ctot: 4.10e-03 CO+/Ctot 6.96e-09 H2O/Otot 2.38e-08 OH/Ototl 2.37e-04
 Lithium       5.13e-01 4.87e-01 0.00e+00 0.00e+00 Berylliu 9.92e-01 7.81e-03 9.98e-07 0.00e+00 0.00e+00 sec ion: 0.00e+00
 Boron         9.39e-01 6.09e-02 5.12e-09 0.00e+00 0.00e+00 0.00e+00
 Carbon        9.49e-01 4.72e-02 1.84e-07 0.00e+00 0.00e+00 0.00e+00 0.00e+00 H2O+/O   1.21e-08 OH+/Otot 6.08e-05 Hex(tot) 0.00e+00
 Nitrogen      9.97e-01 1.79e-03 4.56e-12 0.00e+00 0.00e+00 0.00e+00 0.00e+00 0.00e+00 O2/Ototl 2.93e-08 O2+/Otot 1.03e-07
 Oxygen        9.92e-01 4.99e-03 1.11e-11 0.00e+00 0.00e+00 0.00e+00 0.00e+00 0.00e+00 0.00e+00
 Fluorine      9.94e-01 6.15e-03 9.87e-08 0.00e+00 0.00e+00 0.00e+00 0.00e+00 0.00e+00 0.00e+00 0.00e+00
 Neon          9.97e-01 2.65e-03 4.09e-09 0.00e+00 0.00e+00 0.00e+00 0.00e+00 0.00e+00 0.00e+00 0.00e+00 0.00e+00
 Sodium        7.79e-02 9.22e-01 1.91e-07 0.00e+00 0.00e+00 0.00e+00 0.00e+00 0.00e+00 0.00e+00 0.00e+00 0.00e+00 0.00e+00
 Magnesium     4.22e-02 9.58e-01 8.22e-05 0.00e+00 0.00e+00 0.00e+00 0.00e+00 0.00e+00 0.00e+00 0.00e+00 0.00e+00 0.00e+00 0.00e+00
 Aluminium  0  5.01e-04 9.99e-01 1.02e-05 0.00e+00 0.00e+00 0.00e+00 0.00e+00 0.00e+00 0.00e+00 0.00e+00 0.00e+00 0.00e+00 0.00e+00
 Silicon    0  1.53e-01 8.47e-01 9.24e-07 0.00e+00 0.00e+00 0.00e+00 0.00e+00 0.00e+00 0.00e+00 0.00e+00 0.00e+00 0.00e+00 0.00e+00
 Phosphorus 0  2.21e-03 9.98e-01 1.23e-05 0.00e+00 0.00e+00 0.00e+00 0.00e+00 0.00e+00 0.00e+00 0.00e+00 0.00e+00 0.00e+00 0.00e+00
 Sulphur    0  4.88e-01 5.12e-01 1.12e-05 0.00e+00 0.00e+00 0.00e+00 0.00e+00 0.00e+00 0.00e+00 0.00e+00 0.00e+00 0.00e+00 0.00e+00
 Chlorine   0  1.94e-02 9.80e-01 6.29e-05 0.00e+00 0.00e+00 0.00e+00 0.00e+00 0.00e+00 0.00e+00 0.00e+00 0.00e+00 0.00e+00 0.00e+00
 Argon      0  9.97e-01 1.90e-03 1.87e-07 0.00e+00 0.00e+00 0.00e+00 0.00e+00 0.00e+00 0.00e+00 0.00e+00 0.00e+00 0.00e+00 0.00e+00
 Potassium  0  2.59e-01 7.41e-01 1.14e-05 0.00e+00 0.00e+00 0.00e+00 0.00e+00 0.00e+00 0.00e+00 0.00e+00 0.00e+00 0.00e+00 0.00e+00
 Calcium    0  9.62e-01 3.79e-02 3.70e-05 0.00e+00 0.00e+00 0.00e+00 0.00e+00 0.00e+00 0.00e+00 0.00e+00 0.00e+00 0.00e+00 0.00e+00
 Scandium   0  9.51e-01 4.90e-02 1.72e-04 0.00e+00 0.00e+00 0.00e+00 0.00e+00 0.00e+00 0.00e+00 0.00e+00 0.00e+00 0.00e+00 0.00e+00
 Titanium   0  2.16e-04 9.99e-01 4.68e-04 0.00e+00 0.00e+00 0.00e+00 0.00e+00 0.00e+00 0.00e+00 0.00e+00 0.00e+00 0.00e+00 0.00e+00
 Vanadium   0  9.77e-01 2.32e-02 2.70e-05 0.00e+00 0.00e+00 0.00e+00 0.00e+00 0.00e+00 0.00e+00 0.00e+00 0.00e+00 0.00e+00 0.00e+00
 Chromium   0  9.10e-01 9.02e-02 1.13e-06 0.00e+00 0.00e+00 0.00e+00 0.00e+00 0.00e+00 0.00e+00 0.00e+00 0.00e+00 0.00e+00 0.00e+00
 Manganese  0  2.31e-04 1.00e+00 2.95e-05 0.00e+00 0.00e+00 0.00e+00 0.00e+00 0.00e+00 0.00e+00 0.00e+00 0.00e+00 0.00e+00 0.00e+00
 Iron       0  1.31e-04 1.00e+00 6.38e-06 0.00e+00 0.00e+00 0.00e+00 0.00e+00 0.00e+00 0.00e+00 0.00e+00 0.00e+00 0.00e+00 0.00e+00
 Cobalt     0  9.92e-01 8.08e-03 3.37e-10 0.00e+00 0.00e+00 0.00e+00 0.00e+00 0.00e+00 0.00e+00 0.00e+00 0.00e+00 0.00e+00 0.00e+00
 Nickel     0  3.62e-04 1.00e+00 2.32e-08 0.00e+00 0.00e+00 0.00e+00 0.00e+00 0.00e+00 0.00e+00 0.00e+00 0.00e+00 0.00e+00 0.00e+00
 Copper     0  9.72e-01 2.83e-02 6.03e-07 0.00e+00 0.00e+00 0.00e+00 0.00e+00 0.00e+00 0.00e+00 0.00e+00 0.00e+00 0.00e+00 0.00e+00
 Zinc       0  9.95e-01 5.45e-03 8.60e-07 0.00e+00 0.00e+00 0.00e+00 0.00e+00 0.00e+00 0.00e+00 0.00e+00 0.00e+00 0.00e+00 0.00e+00
                                                                             
   Calculation stopped because lowest Te reached. Iteration 3 of 3
   The geometry is plane-parallel.
  !Continuum fluorescent production of H-beta was very important.
  !Charge transfer ionization of H reached 9620.5% of the local H ionization rate.
  !The largest plasma frequency was 9.45e-08 Ryd = 9.64e+05 micron  The continuum is set to 0 below this.
  !AGE: Cloud age was not set.  Longest timescale was 5.70e+06 s = 2.17e+00 months.
  !Mutual neutralization production of H-alpha was significant.
  !The CMB was not included.  This is added with the CMB command.
   H2 vib deexec heating reached 2.07% of the local heating.
   Charge transfer heating reached 0.95% of the local heating.
   The density is too low to l-mix the lowest He I collapsed level.  More resolved levels are needed for accurate line ratios.
   Grains were not present but might survive in this environment (energy density temperature was 9.49e+00K)
   The fraction of C  in CO reached 0.408% at some point in the cloud.
   The fraction of Ar in ArH+ reached 0.105% at some point in the cloud.

                       *********************************> Cloudy 13.03 <**********************************
                       * c                                                                               *
                       * phi(h) 10.000000 LOG range -0.000232 6.866524                                   *
                       * grid from 8 to 23 in 1 dex steps                                                *
                       * HDEN=9.000000 LOG                                                               *
                       * grid from 0 to 12 in 1 dex steps                                                *
                       * set pres ionize 1e5                                                             *
                       * c                                                                               *
                       * c                                                                               *
                       * table star "Rotation_inst.mod" age 6.78                                         *
                       * c                                                                               *
                       * c                                                                               *
                       * abundances GASS10                                                               *
                       * c                                                                               *
                       * c                                                                               *
                       * iterate to convergence max = 7                                                  *
                       * stop column density = 23                                                        *
                       * c                                                                               *
                       * c                                                                               *
                       * print last                                                                      *
                       * set save prefix "geneva_inst_rot_6"                                             *
                       * save grid ".grd" last no hash                                                   *
                       * save linelist "emissionlines_abs.txt" "LineList_HII.dat" absolute last no hash    *
                       *********************************> Log(U): -9.48 <*********************************

                     Emission Line Spectrum.   Constant  Density Model.    Open geometry.  Iteration 3 of 3.
                                                     Intensity (erg/s/cm^2).


                                                   Intrinsic line intensities
 general properties..........      nFnu  1074A  -9.074   0.2237      Ca A 1.556m -11.172   0.0018      OH   84.40m -11.053   0.0023            
 TOTL  4861A  -8.424   1.0000      nInu  1074A   0.239*********      Ca A 1.544m -11.211   0.0016      OH   84.40m -11.185   0.0017            
 TOTL  1216A  -5.878 351.6074      nFnu  1064A  -9.176   0.1773      Ca A 1.534m -11.243   0.0015      OH   98.71m -11.386   0.0011            
 Inci     0    0.265*********      nInu  1064A   0.317*********      Ca A 1.526m -11.273   0.0014      OH   98.70m -11.386   0.0011            
 TotH     0   -7.530   7.8399      nFnu  1036A  -9.394   0.1072      Ca A 1.519m -11.303   0.0013      level 1 lines...............            
 TotC     0   -7.530   7.8434      nInu  1036A   0.301*********      Ca A 1.513m -11.333   0.0012      C  1  1656A  -9.837   0.0386            
 BFH1     0   -7.554   7.4235      nFnu  1000A  -9.590   0.0682      Ca A 1.508m -11.365   0.0011      REC   1656A -10.537   0.0077            
 BFHe     0   -9.286   0.1376      nInu  1000A   0.298*********      Ca A 1.504m -11.398   0.0011      C Ic  9850A  -9.305   0.1316            
 TotM     0   -9.770   0.0451      nFnu 925.1A  -9.407   0.1041      Ca A 7.458m -10.273   0.0142      TOTL  9850A  -9.305   0.1316            
 CT H     0   -9.607   0.0657      nInu 925.1A   0.247*********      Ca A 4.653m -10.471   0.0090      C  1  8727A  -8.530   0.7833            
 H FB     0   -8.560   0.7313      nFnu 897.8A  -6.034 245.6641      Ca A 3.740m -10.658   0.0058      C  2  1335A -11.290   0.0014            
 HFBc     0   -8.560   0.7313      nInu 897.8A  -0.176*********      Ca A 3.296m -10.823   0.0040      N  1 953.9A -11.191   0.0017            
 OH       0  -10.104   0.0209      nFnu 760.0A  -8.964   0.2887      Ca A 3.038m -10.964   0.0029      N  1  1200A -10.150   0.0188            
 CO       0  -10.657   0.0058      nInu 760.0A  -0.193*********      Ca A 2.872m -11.084   0.0022      N  1  3466A -11.149   0.0019            
 continua....................      nFnu 701.5A  -9.633   0.0618      Ca A 2.758m -11.185   0.0017      TOTL  3467A -11.068   0.0023            
 Bac   3646A  -7.234  15.4983      nInu 701.5A  -0.385*********      Ca A 2.674m -11.270   0.0014      N  1 1.040m -10.651   0.0059            
 nFnu  3645A  -7.230  15.6357      nFnu 608.2A -11.419   0.0010      Ca A 2.612m -11.343   0.0012      N  1 1.040m -11.191   0.0017            
 nFnu  3647A  -9.286   0.1374      nInu 608.2A  -0.528*********      Ca A 2.564m -11.403   0.0010      N  1 1.041m -11.000   0.0027            
 cout  3646A  -7.535   7.7492      nFnu 575.1A -10.293   0.0135      Ca A 12.37m -10.700   0.0053      N  1 1.041m -11.008   0.0026            
 cref  3646A  -7.535   7.7492      nInu 575.1A  -0.479*********      Ca A 7.500m -10.865   0.0036      TOTL 1.040m -10.313   0.0129            
 thin  3646A  -7.234  15.4983      nInu 511.9A  -0.679*********      Ca A 5.907m -11.029   0.0025      O  1  6300A  -8.668   0.5698            
 Inci  4860A  -0.874*********      nFnu 496.9A  -8.511   0.8179      Ca A 5.127m -11.175   0.0018      O  1  6363A  -9.165   0.1817            
 Inci  1215A   0.169*********      nInu 496.9A  -0.873*********      Ca A 4.671m -11.300   0.0013      O  1  5577A -11.045   0.0024            
 Ba C     0   -8.245   1.5112      nInu 399.2A  -1.054*********      Ca A 4.375m -11.406   0.0010      O  1 63.17m -10.085   0.0218            
 PA C     0   -8.630   0.6223      RRC.........................      Ca A 19.06m -11.074   0.0022      Ne 2 12.81m -10.820   0.0040            
 FIR  83.00m  -1.4449553994.0      H  1 911.8A  -7.349  11.8923      Ca A 11.31m -11.216   0.0016      Na 1  5892A  -9.287   0.1371            
 TIR   1800m  -3.74747602.543      H  1  3646A  -8.755   0.4668      Ca A 8.758m -11.359   0.0012      Mg 1  4561A -11.252   0.0015            
 NIRa 2.850m  -1.336*********      H  1  3646A  -8.356   1.1697      Ca A 27.80m -11.408   0.0010      Mg 1  2853A -10.929   0.0031            
 NIRb 3.000m  -1.8313917489.2      H  1  8204A  -9.526   0.0791      Ca B  6563A  -8.187   1.7255      TOTL  2798A  -9.004   0.2634            
 MIRa 15.00m  -2.0162560387.5      H  1  8204A  -9.075   0.2235      Ca B  4861A  -8.649   0.5964      Mg 2  2796A  -9.184   0.1740            
 MIRb 22.50m  -1.7944264248.0      H  1  8204A  -9.091   0.2151      Ca B  4340A  -8.975   0.2812      Mg 2  2803A  -9.472   0.0895            
 NMIR 21.75m  -1.336*********      H  1 1.458m -10.056   0.0234      Ca B  4102A  -9.218   0.1607      totl  2665A -10.834   0.0039            
 TFIR 611.2m  -1.9562939084.2      H  1 1.458m  -9.595   0.0674      Ca B  3970A  -9.404   0.1047      Al 2  2670A -10.834   0.0039            
 TALL 10000A   0.265*********      H  1 1.458m  -9.500   0.0840      Ca B  3889A  -9.549   0.0750      Si 2 34.81m -10.389   0.0108            
 F12  12.00m  -2.497845966.62      H  1 1.458m  -9.745   0.0477      Ca B  3835A  -9.666   0.0574      TOTL  2335A -11.139   0.0019            
 F25  25.00m  -2.3071311068.9      H  1 2.279m -10.447   0.0095      Ca B  3798A  -9.764   0.0457      Si 2  1531A -11.007   0.0026            
 F60  60.00m  -1.8443807256.2      H  1 2.279m  -9.986   0.0274      Ca B  3771A  -9.851   0.0374      Si 2  1308A -11.091   0.0022            
 F100 100.0m  -2.0312474322.2      H  1 2.279m  -9.856   0.0370      Ca B  3750A  -9.931   0.0312      Si 2  1263A  -9.984   0.0276            
 MIPS 24.00m  -2.621635750.25      H  1 2.279m  -9.950   0.0298      Ca B  3734A -10.003   0.0264      P  2 1.640m -10.519   0.0080            
 MIPS 70.00m  -2.2011672606.8      H  1 2.279m -10.357   0.0117      Ca B  3722A -10.069   0.0227      P  2  4669A -11.009   0.0026            
 MIPS 160.0m  -2.426996163.44      H  1 3.281m -10.754   0.0047      Ca B  3712A -10.128   0.0198      P  2 1.189m -10.568   0.0072            
 IRAC 3.600m  -3.124199692.52      H  1 3.281m -10.294   0.0135      Ca B  3704A -10.181   0.0175      P  2 1.147m -11.045   0.0024            
 IRAC 4.500m  -3.200167696.81      H  1 3.281m -10.149   0.0188      Ca B  3697A -10.227   0.0157      S  1 25.19m -10.391   0.0108            
 IRAC 5.800m  -3.126198654.56      H  1 3.281m -10.186   0.0173      Ca B  3692A -10.270   0.0143      S 1R  1807A -11.109   0.0021            
 IRAC 8.000m  -2.844380354.31      H  1 3.281m -10.416   0.0102      Ca B  3687A -10.310   0.0130      S  2  6720A -10.766   0.0046            
 SPR1 250.0m  -2.848376986.56      H  1 3.281m -10.941   0.0030      Ca B  3683A -10.350   0.0118      S  2  4074A  -9.762   0.0459            
 SPR2 350.0m  -3.284138136.03      H  1 4.466m -11.004   0.0026      Ca B  3679A -10.391   0.0108      S  2 1.033m  -9.954   0.0295            
 SPR3 500.0m  -3.67256545.758      H  1 4.466m -10.545   0.0076      Ca B  3676A -10.431   0.0098      S II  6731A -10.924   0.0032            
 PAC1 70.00m  -2.1391930359.1      H  1 4.466m -10.395   0.0107      Ca B  3674A -10.473   0.0089      S II  6716A -11.282   0.0014            
 PAC2 100.0m  -2.0262502838.5      H  1 4.466m -10.404   0.0105      Ca B  3671A -10.514   0.0081      S II  4070A  -9.845   0.0379            
 PAC3 160.0m  -2.1691800285.4      H  1 4.466m -10.559   0.0073      Ca B 1.875m  -9.095   0.2136      S II  4078A -10.520   0.0080            
 PAH  3.300m  -3.95229635.443      H  1 4.466m -10.890   0.0034      Ca B 1.282m  -9.410   0.1033      S II 1.032m -10.337   0.0122            
 PAHC 3.230m  -4.20516581.189      H  1 5.834m -11.214   0.0016      Ca B 1.094m  -9.662   0.0578      S II 1.029m -10.472   0.0090            
 PAHC 3.370m  -4.28413802.967      H  1 5.834m -10.758   0.0046      Ca B 1.005m  -9.860   0.0366      S II 1.037m -10.979   0.0028            
 PAH  6.200m  -3.57970041.195      H  1 5.834m -10.604   0.0066      Ca B  9546A -10.017   0.0255      S II 1.034m -10.682   0.0055            
 PAHC 5.650m  -3.57371010.547      H  1 5.834m -10.599   0.0067      Ca B  9229A -10.146   0.0190      Cl 2 14.40m -10.756   0.0047            
 PAH  7.900m  -3.291135744.47      H  1 5.834m -10.717   0.0051      Ca B  9015A -10.254   0.0148      Cl 2  8579A  -9.861   0.0366            
 PAHC 6.900m  -3.284137994.59      H  1 5.834m -10.961   0.0029      Ca B  8863A -10.348   0.0119      Cl 2  9124A -10.439   0.0097            
 PAH  11.30m  -3.70752171.070      H  1 5.834m -11.367   0.0011      Ca B  8750A -10.433   0.0098      K  1  7676A  -9.609   0.0654            
 PAHC 10.90m  -3.70552357.570      H  1 7.383m -11.395   0.0011      Ca B  8665A -10.509   0.0082      Ca 1  4228A  -8.963   0.2890            
 PAH  11.80m  -3.46690797.477      H  1 7.383m -10.940   0.0031      Ca B  8598A -10.577   0.0070      Ca 2  3933A  -9.682   0.0552            
 PAHC 12.65m  -3.46990275.516      H  1 7.383m -10.785   0.0044      Ca B  8545A -10.638   0.0061      Ca 2  8579A -11.253   0.0015            
 PAH  13.30m  -3.413102660.73      H  1 7.383m -10.772   0.0045      Ca B  8502A -10.692   0.0054      Ca 2  7306A  -9.080   0.2209            
 PAHC 14.10m  -3.415102066.12      H  1 7.383m -10.868   0.0036      Ca B  8467A -10.739   0.0048      Ca2K  3934A  -9.866   0.0362            
 Bcon  3640A   0.139*********      H  1 7.383m -11.065   0.0023      Ca B  8438A -10.782   0.0044      Ca2H  3969A -10.144   0.0191            
 Pcon  5000A  -1.007*********      H  1 7.383m -11.375   0.0011      Ca B  8413A -10.823   0.0040      CaF1  7291A  -9.301   0.1329            
 HFFc     0   -8.537   0.7716      H  1 9.115m -11.099   0.0021      Ca B  8392A -10.863   0.0036      CaF2  7324A  -9.480   0.0880            
 H FF     0   -9.075   0.2232      H  1 9.115m -10.945   0.0030      Ca B  8374A -10.904   0.0033      Fe2c     0   -8.064   2.2932            
 MeFB     0  -10.242   0.0152      H  1 9.115m -10.926   0.0031      Ca B  8359A -10.945   0.0030      Fe 2  4300A  -8.497   0.8463            
 MeFF     0  -10.780   0.0044      H  1 9.115m -11.008   0.0026      Ca B  8346A -10.986   0.0027      Fe 2  2400A  -9.318   0.1277            
 ToFF     0   -9.066   0.2279      H  1 9.115m -11.177   0.0018      Ca B  8334A -11.027   0.0025      Fe 2 25.98m  -9.783   0.0437            
 nInu 23.51c -11.284   0.0014      H  1 11.03m -10.372   0.0113      Ca B 4.051m  -9.718   0.0509      Fe 2 5.339m -10.814   0.0041            
 nInu 20.46c -11.101   0.0021      H  1 13.13m -10.484   0.0087      Ca B 2.625m  -9.959   0.0292      Fe 2 4.114m -11.395   0.0011            
 nInu 6.611c  -9.629   0.0624      H  1 15.40m -10.587   0.0069      Ca B 2.166m -10.167   0.0181      Fe 2 1.257m  -9.252   0.1488            
 nInu 6.137c  -9.532   0.0781      H  1 17.87m -10.683   0.0055      Ca B 1.945m -10.337   0.0122      Fe 2 35.34m -10.205   0.0166            
 nInu 3.554c  -8.822   0.4005      H  1 20.51m -10.772   0.0045      Ca B 1.817m -10.478   0.0088      Fe 2 1.321m  -9.829   0.0394            
 nInu 3.432c  -8.776   0.4448      H  1 23.33m -10.855   0.0037      Ca B 1.736m -10.596   0.0067      Fe 2 1.249m -10.492   0.0085            
 nInu 3.400c  -8.763   0.4584      H  1 26.34m -10.933   0.0031      Ca B 1.681m -10.699   0.0053      Fe 2  7638A  -9.896   0.0337            
 nInu 2.003c  -8.079   2.2139      H  1 29.53m -11.008   0.0026      Ca B 1.641m -10.788   0.0043      Fe 2 51.29m -10.904   0.0033            
 nInu 1.335c  -7.545   7.5728      H  1 32.91m -11.077   0.0022      Ca B 1.611m -10.868   0.0036      Fe 2 5.672m -11.223   0.0016            
 nInu  9993m  -7.167  18.0735      H  1 36.46m -11.144   0.0019      Ca B 1.588m -10.939   0.0031      Fe 2 1.372m -10.053   0.0235            
 nInu  6917m  -6.692  54.0170      H  1 40.20m -11.207   0.0016      Ca B 1.570m -11.002   0.0026      Fe 2 1.294m  -9.824   0.0398            
 nFnu 122.4m -10.302   0.0133      H  1 44.12m -11.267   0.0014      Ca B 1.556m -11.056   0.0023      Fe 2  7687A -10.092   0.0215            
 nInu 122.4m  -1.6156447928.5      H  1 48.22m -11.325   0.0013      Ca B 1.544m -11.105   0.0021      Fe 2 1.328m -10.070   0.0226            
 nFnu 60.83m -10.005   0.0262      H  1 52.50m -11.380   0.0011      Ca B 1.534m -11.148   0.0019      Fe 2 1.279m  -9.942   0.0304            
 nInu 60.83m  -1.6625781591.5      H  1 56.97m -10.185   0.0173      Ca B 1.526m -11.189   0.0017      Fe 2 1.252m -10.843   0.0038            
 nFnu 41.22m  -9.818   0.0404      He 1 504.3A  -9.835   0.0388      Ca B 1.519m -11.230   0.0016      Fe 2  7665A -10.463   0.0091            
 nInu 41.22m  -1.7744464368.0      He 1  3421A -11.370   0.0011      Ca B 1.513m -11.270   0.0014      Fe 2 1.298m -10.305   0.0131            
 nFnu 30.87m  -9.687   0.0547      C  1  1101A -10.378   0.0111      Ca B 1.508m -11.311   0.0013      Fe 2 1.270m -10.131   0.0196            
 nInu 30.87m  -1.8773527107.0      N  1 853.4A -11.297   0.0013      Ca B 1.504m -11.353   0.0012      Fe 2  7874A -10.950   0.0030            
 nFnu 24.78m  -9.587   0.0688      O  1 910.4A -11.231   0.0016      Ca B 1.500m -11.394   0.0011      Fe 2  7733A -10.979   0.0028            
 nInu 24.78m  -1.9562939306.2      Al 1  2071A -10.862   0.0037      Ca B 7.458m -10.219   0.0160      Fe 2 17.93m  -9.475   0.0889            
 nFnu 24.30m  -9.578   0.0702      Si 1  1521A  -9.927   0.0315      Ca B 4.653m -10.412   0.0103      Fe 2 1.644m  -9.324   0.1258            
 nInu 24.30m  -1.9632890993.0      P  1  1182A -10.888   0.0034      Ca B 3.740m -10.588   0.0069      Fe 2 1.533m  -9.769   0.0452            
 nFnu 22.83m  -9.549   0.0750      S  1  1197A -10.098   0.0212      Ca B 3.296m -10.737   0.0049      Fe 2  8617A  -9.318   0.1278            
 nInu 22.83m  -1.9852750766.2      Cl 1 956.0A -10.699   0.0053      Ca B 3.038m -10.863   0.0036      Fe 2 24.51m  -9.959   0.0292            
 nFnu 21.42m  -9.521   0.0800      Fe 1  1569A -10.825   0.0040      Ca B 2.872m -10.971   0.0028      Fe 2 1.809m -10.027   0.0249            
 nInu 21.42m  -2.0082606516.2      grains......................      Ca B 2.758m -11.065   0.0023      Fe 2 1.677m  -9.909   0.0328            
 nFnu 21.12m  -9.515   0.0812      H-like iso-sequence.........      Ca B 2.674m -11.148   0.0019      Fe 2 1.599m  -9.881   0.0350            
 nInu 21.12m  -2.0142574320.2      Hlin 912.0A -11.418   0.0010      Ca B 2.612m -11.221   0.0016      Fe 2  9052A  -9.976   0.0281            
 nFnu 19.62m  -9.481   0.0877      Hrst     0  -11.414   0.0010      Ca B 2.564m -11.285   0.0014      Fe 2  8892A  -9.735   0.0488            
 nInu 19.62m  -2.0392426248.2      Ca B  1216A  -7.161  18.3460      Ca B 2.525m -11.340   0.0012      Fe 2 35.77m -10.778   0.0044            
 nFnu 17.65m  -9.430   0.0986      Q(H)  4861A  -2.2731415924.5      Ca B 2.495m -11.389   0.0011      Fe 2 1.800m -10.080   0.0221            
 nInu 17.65m  -2.0822197478.8      Q(H)  1216A  -0.787*********      Ca B 12.37m -10.644   0.0060      Fe 2 1.711m -10.462   0.0092            
 nFnu 17.37m  -9.424   0.1001      CaBo  4861A  -8.664   0.5757      Ca B 7.500m -10.802   0.0042      Fe 2 1.664m -10.171   0.0179            
 nInu 17.37m  -2.0882168010.8      Ca A  1216A  -7.263  14.4906      Ca B 5.907m -10.952   0.0030      Fe 2  9399A -10.753   0.0047            
 nFnu 15.69m  -9.382   0.1101      Ca A  1026A  -7.995   2.6894      Ca B 5.127m -11.083   0.0022      Fe 2  9227A  -9.991   0.0271            
 nInu 15.69m  -2.1271981351.8      Ca A 972.5A  -8.407   1.0399      Ca B 4.671m -11.195   0.0017      Fe 2  9033A -10.212   0.0163            
 nFnu 14.60m  -9.348   0.1192      Ca A 949.7A  -8.688   0.5443      Ca B 4.375m -11.292   0.0014      Fe 2 1.797m -10.236   0.0154            
 nInu 14.60m  -2.1551860339.1      Ca A 937.8A  -8.884   0.3470      Ca B 4.170m -11.377   0.0011      Fe 2 1.745m -10.480   0.0088            
 nFnu 12.43m  -9.274   0.1412      Ca A 930.8A  -9.019   0.2544      Ca B 19.06m -11.014   0.0026      Fe 2  9471A -10.557   0.0074            
 nInu 12.43m  -2.2191603544.6      Ca A 926.2A  -9.104   0.2090      Ca B 11.31m -11.144   0.0019      Fe 2  9268A -10.107   0.0208            
 nFnu 11.40m  -9.241   0.1524      Ca A 923.2A  -9.159   0.1843      Ca B 8.758m -11.273   0.0014      Fe 2 22.90m -10.994   0.0027            
 nInu 11.40m  -2.2521485410.1      Ca A 921.0A  -9.202   0.1669      Ca B 7.506m -11.387   0.0011      Fe 2 1.811m -10.773   0.0045            
 nFnu 10.46m  -9.199   0.1679      Ca A 919.4A  -9.244   0.1515      Ca B 27.80m -11.339   0.0012      Fe 2 1.748m -10.977   0.0028            
 nInu 10.46m  -2.2861375984.5      Ca A 918.1A  -9.288   0.1369      H  1     0  -11.186   0.0017      Fe 2 1.813m -11.234   0.0016            
 nFnu 9.480m  -9.162   0.1828      Ca A 917.2A  -9.333   0.1234      H  1  1216A  -5.878 351.6074      Fe2b  7000A  -9.597   0.0672            
 nInu 9.480m  -2.3241258737.8      Ca A 916.4A  -9.377   0.1115      H  1  1026A  -6.665  57.4407      Fe2b 10000A  -8.432   0.9816            
 nFnu 9.325m  -9.157   0.1851      Ca A 915.8A  -9.418   0.1015      H  1 972.5A  -7.152  18.7259      Fe2b  7445A  -9.597   0.0672            
 nInu 9.325m  -2.3301242185.6      Ca A 915.3A  -9.454   0.0933      H  1 949.7A  -7.495   8.4897      Fe2b  8625A  -8.982   0.2765            
 nFnu 8.210m  -9.098   0.2118      Ca A 914.9A  -9.485   0.0868      H  1 937.8A  -7.747   4.7566      Fe2b 1.033m -10.557   0.0074            
 nInu 8.210m  -2.3801107214.6      Ca A 914.6A  -9.513   0.0815      H  1 930.8A  -8.056   2.3341      Fe2b 1.889m  -9.464   0.0913            
 nFnu 7.580m  -9.071   0.2254      Ca A 914.3A  -9.539   0.0767      H  1 926.2A  -8.325   1.2560      Fe 2  1786A  -9.841   0.0383            
 nInu 7.580m  -2.4111031905.9      Ca A 914.0A  -9.566   0.0721      H  1 923.2A  -8.506   0.8284      recombination...............            
 nFnu 7.050m  -9.031   0.2472      Ca A 913.8A  -9.595   0.0675      H  1 921.0A  -8.645   0.6021      O  1  1357A -10.955   0.0029            
 nInu 7.050m  -2.437970299.31      Ca A 913.6A  -9.626   0.0629      H  1  6563A  -7.988   2.7272      C  1  1140A -10.407   0.0104            
 nFnu 4.114m  -8.832   0.3907      Ca A 913.5A  -9.658   0.0584      H  1  4861A  -8.424   1.0000      level2 lines................            
 nInu 4.114m  -2.520801784.38      Ca A 913.3A  -9.692   0.0540      H  1  4340A  -8.728   0.4974      C  1 943.9A  -9.970   0.0284            
 nFnu 2.324m  -8.747   0.4759      Ca A  6563A  -8.383   1.0994      H  1  4102A  -8.901   0.3332      C  1  1248A -10.078   0.0222            
 nInu 2.324m  -2.2551476695.2      Ca A  4861A  -8.836   0.3870      H  1  3970A  -9.073   0.2244      C  1 841.0A -10.742   0.0048            
 nFnu 1.643m  -8.703   0.5257      Ca A  4340A  -9.164   0.1820      H  1  3889A  -9.250   0.1492      C  1  1561A -10.427   0.0099            
 nInu 1.643m  -1.9962682501.5      Ca A  4102A  -9.412   0.1028      H  1  3835A  -9.394   0.1071      C  1  1315A -10.317   0.0128            
 nFnu 1.480m  -8.559   0.7330      Ca A  3970A  -9.602   0.0665      H  1  3798A  -9.518   0.0806      C  1  1166A -10.573   0.0071            
 nInu 1.480m  -1.9333101539.8      Ca A  3889A  -9.747   0.0476      H  1 1.875m  -8.975   0.2813      C  1  1233A -10.498   0.0084            
 nFnu 1.436m  -8.293   1.3533      Ca A  3835A  -9.860   0.0367      H  1 1.282m  -9.266   0.1439      C  1  1132A -10.811   0.0041            
 nInu 1.436m  -1.8263961089.5      Ca A  3798A  -9.951   0.0297      H  1 1.094m  -9.443   0.0959      C  1  1251A -10.786   0.0043            
 nFnu 1.119m  -8.099   2.1126      Ca A  3771A -10.028   0.0249      H  1 1.005m  -9.601   0.0666      C  1  1112A -10.972   0.0028            
 nInu 1.119m  -1.6495962167.5      Ca A  3750A -10.097   0.0212      H  1  9546A  -9.770   0.0451      C  1  1115A -11.022   0.0025            
 nFnu  8330A  -8.081   2.2024      Ca A  3734A -10.159   0.0184      H  1  9229A  -9.912   0.0325      C  1  1162A -11.135   0.0019            
 nInu  8330A  -1.4269964580.0      Ca A  3722A -10.215   0.0162      H  1  9015A -10.034   0.0246      C  1  1167A -11.174   0.0018            
 nFnu  8079A  -7.798   4.2313      Ca A  3712A -10.264   0.0145      H  1 4.051m  -9.619   0.0639      C  1  1104A -11.075   0.0022            
 nInu  8079A  -1.305*********      Ca A  3704A -10.306   0.0131      H  1 2.625m  -9.805   0.0416      C  1  1109A -11.119   0.0020            
 nFnu  6210A  -8.113   2.0479      Ca A  3697A -10.340   0.0121      H  1 2.166m  -9.970   0.0285      C  1  1130A -11.416   0.0010            
 nInu  6210A  -1.095*********      Ca A  3692A -10.370   0.0113      H  1 1.945m -10.141   0.0192      C  1  1098A -11.255   0.0015            
 nFnu  4885A  -8.543   0.7599      Ca A  3687A -10.398   0.0106      H  1 1.817m -10.282   0.0139      C  1  1132A -11.300   0.0013            
 nInu  4885A  -0.870*********      Ca A  3683A -10.426   0.0100      H  1 1.736m -10.403   0.0105      C  1  1106A -11.356   0.0012            
 nFnu  3704A  -9.256   0.1474      Ca A  3679A -10.455   0.0093      H  1 7.458m -10.109   0.0207      C  1  1093A -11.421   0.0010            
 nInu  3704A  -0.641*********      Ca A  3676A -10.486   0.0087      H  1 4.653m -10.264   0.0145      C  2 892.8A -11.189   0.0017            
 nFnu  3588A  -7.285  13.7673      Ca A  3674A -10.519   0.0080      H  1 3.740m -10.433   0.0098      C  2  1020A -11.320   0.0013            
 nInu  3588A  -0.518*********      Ca A  3671A -10.554   0.0074      H  1 3.296m -10.573   0.0071      N  1 942.3A -11.185   0.0017            
 nFnu  2430A  -9.142   0.1916      Ca A 1.875m  -9.169   0.1801      H  1 3.038m -10.693   0.0054      N  1 952.1A -11.206   0.0017            
 nInu  2430A  -0.237*********      Ca A 1.282m  -9.492   0.0856      H  1 12.37m -10.535   0.0078      N  1  1131A -11.422   0.0010            
 nFnu  2392A  -9.226   0.1577      Ca A 1.094m  -9.753   0.0470      H  1 7.500m -10.682   0.0055      O  1 867.3A -10.441   0.0096            
 nInu  2392A  -0.224*********      Ca A 1.005m  -9.963   0.0289      H  1 5.907m -10.815   0.0041      O  1 787.5A -11.066   0.0023            
 nFnu  2071A  -9.480   0.0880      Ca A  9546A -10.135   0.0195      H  1 5.127m -10.933   0.0031      O  1 976.8A -10.248   0.0150            
 nInu  2071A  -0.112*********      Ca A  9229A -10.277   0.0140      H  1 19.06m -10.922   0.0032      O  1 767.7A -11.104   0.0021            
 nFnu  2053A  -9.537   0.0771      Ca A  9015A -10.393   0.0107      H  1 11.31m -11.030   0.0025      O  1 969.0A -10.610   0.0065            
 nInu  2053A  -0.112*********      Ca A  8863A -10.491   0.0086      H  1 8.758m -11.140   0.0019      O  1 946.4A -11.076   0.0022            
 nFnu  1793A -10.075   0.0224      Ca A  8750A -10.575   0.0071      H  1 27.80m -11.245   0.0015      O  1 934.5A -11.235   0.0015            
 nInu  1793A  -0.003*********      Ca A  8665A -10.648   0.0060      H  1 16.20m -11.329   0.0012      O  1 973.6A -11.360   0.0012            
 nFnu  1585A  -9.881   0.0349      Ca A  8598A -10.711   0.0052      He-like iso-sequence........      Ne 1 688.6A -11.309   0.0013            
 nInu  1585A  -0.073*********      Ca A  8545A -10.766   0.0046      Hlin 506.0A -10.940   0.0030      Al 2  1671A -10.812   0.0041            
 nFnu  1458A  -8.968   0.2857      Ca A  8502A -10.811   0.0041      Ca B  3889A -11.408   0.0010      Si 1  1261A -11.337   0.0012            
 nInu  1458A   0.101*********      Ca A  8467A -10.848   0.0038      Ca B  5876A -11.230   0.0016      Si 2  1180A -10.094   0.0214            
 nFnu  1357A  -9.544   0.0758      Ca A  8438A -10.880   0.0035      Ca B 1.083m -10.449   0.0094      Si 2 993.4A -10.917   0.0032            
 nInu  1357A   0.181*********      Ca A  8413A -10.908   0.0033      He 1     0   -9.745   0.0477      S  2 750.3A -11.032   0.0025            
 nFnu  1297A  -9.763   0.0458      Ca A  8392A -10.937   0.0031      He 1 584.3A  -8.152   1.8716      Ti 2  3366A -10.612   0.0065            
 nInu  1297A   0.197*********      Ca A  8374A -10.967   0.0029      He 1 537.0A  -8.872   0.3569      Ti 2  3238A -10.961   0.0029            
 nFnu  1263A  -9.820   0.0402      Ca A  8359A -10.999   0.0027      He 1 522.2A  -9.461   0.0920      Cr 1  4271A -10.785   0.0044            
 nInu  1263A   0.191*********      Ca A  8346A -11.032   0.0025      He 1 515.6A  -9.737   0.0487      Cr 1  3591A -11.000   0.0027            
 nFnu  1218A  -8.392   1.0779      Ca A  8334A -11.066   0.0023      He 1 512.1A  -9.901   0.0333      Mn 2  2590A -11.146   0.0019            
 nInu  1218A   0.168*********      Ca A 4.051m  -9.774   0.0447      TOTL 1.083m -10.605   0.0066      hyperfine structure.........            
 nFnu  1196A  -8.667   0.5712      Ca A 2.625m -10.020   0.0253      He 1 1.083m -10.605   0.0066      inner shell.................            
 nInu  1196A   0.214*********      Ca A 2.166m -10.237   0.0154      He 1 1.083m -11.082   0.0022      molecules...................            
 nFnu  1175A  -8.782   0.4387      Ca A 1.945m -10.423   0.0100      He 1 1.083m -10.860   0.0037      H2vH     0   -9.214   0.1622            
 nInu  1175A   0.168*********      Ca A 1.817m -10.580   0.0070      He 1  5876A -11.250   0.0015      H-FB     0   -8.586   0.6894            
 nFnu  1144A  -9.091   0.2153      Ca A 1.736m -10.712   0.0052      Pho+  3889A  -9.337   0.1224      H-FF     0   -8.689   0.5436            
 nInu  1144A   0.282*********      Ca A 1.681m -10.823   0.0040      database lines..............      H-CT  6563A  -8.434   0.9787            
 nFnu  1113A  -9.318   0.1276      Ca A 1.641m -10.917   0.0032      OH   119.4m -11.387   0.0011      H2+      0   -8.835   0.3882            
 nInu  1113A   0.150*********      Ca A 1.611m -10.997   0.0027      OH   119.2m -11.410   0.0010            
 nFnu  1103A  -8.801   0.4202      Ca A 1.588m -11.066   0.0023      OH   84.57m -11.003   0.0026            
 nInu  1103A   0.307*********      Ca A 1.570m -11.124   0.0020      OH   84.57m -11.134   0.0019            

                                                    Emergent line intensities
 general properties..........      nInu  1175A   0.168*********      Ca B  3704A -10.181   0.0175      N  1 1.041m -11.008   0.0026            
 TOTL  4861A  -8.424   1.0000      nFnu  1144A  -9.091   0.2153      Ca B  3697A -10.227   0.0157      TOTL 1.040m -10.313   0.0129            
 TOTL  1216A  -5.878 351.6074      nInu  1144A   0.282*********      Ca B  3692A -10.270   0.0143      O  1  6300A  -8.668   0.5698            
 continua....................      nFnu  1113A  -9.318   0.1276      Ca B  3687A -10.310   0.0130      O  1  6363A  -9.165   0.1817            
 Bac   3646A  -7.234  15.4983      nInu  1113A   0.150*********      Ca B  3683A -10.350   0.0118      O  1  5577A -11.045   0.0024            
 nFnu  3645A  -7.230  15.6357      nFnu  1103A  -8.801   0.4202      Ca B  3679A -10.391   0.0108      O  1 63.17m -10.085   0.0218            
 nFnu  3647A  -9.286   0.1374      nInu  1103A   0.307*********      Ca B  3676A -10.431   0.0098      Ne 2 12.81m -10.820   0.0040            
 cout  3646A  -7.535   7.7492      nFnu  1074A  -9.074   0.2237      Ca B  3674A -10.473   0.0089      Na 1  5892A  -9.287   0.1371            
 cref  3646A  -7.535   7.7492      nInu  1074A   0.239*********      Ca B  3671A -10.514   0.0081      Mg 1  4561A -11.252   0.0015            
 thin  3646A  -7.234  15.4983      nFnu  1064A  -9.176   0.1773      Ca B 1.875m  -9.095   0.2136      Mg 1  2853A -10.929   0.0031            
 Inci  4860A  -0.874*********      nInu  1064A   0.317*********      Ca B 1.282m  -9.410   0.1033      TOTL  2798A  -9.004   0.2634            
 Inci  1215A   0.169*********      nFnu  1036A  -9.394   0.1072      Ca B 1.094m  -9.662   0.0578      Mg 2  2796A  -9.184   0.1740            
 FIR  83.00m  -1.4449553994.0      nInu  1036A   0.301*********      Ca B 1.005m  -9.860   0.0366      Mg 2  2803A  -9.472   0.0895            
 TIR   1800m  -3.74747602.543      nFnu  1000A  -9.590   0.0682      Ca B  9546A -10.017   0.0255      totl  2665A -10.834   0.0039            
 NIRa 2.850m  -1.336*********      nInu  1000A   0.298*********      Ca B  9229A -10.146   0.0190      Al 2  2670A -10.834   0.0039            
 NIRb 3.000m  -1.8313917489.2      nFnu 925.1A  -9.407   0.1041      Ca B  9015A -10.254   0.0148      Si 2 34.81m -10.389   0.0108            
 MIRa 15.00m  -2.0162560387.5      nInu 925.1A   0.247*********      Ca B  8863A -10.348   0.0119      TOTL  2335A -11.139   0.0019            
 MIRb 22.50m  -1.7944264248.0      nFnu 897.8A  -6.034 245.6641      Ca B  8750A -10.433   0.0098      Si 2  1531A -11.007   0.0026            
 NMIR 21.75m  -1.336*********      nInu 897.8A  -0.176*********      Ca B  8665A -10.509   0.0082      Si 2  1308A -11.091   0.0022            
 TFIR 611.2m  -1.9562939084.2      nFnu 760.0A  -8.964   0.2887      Ca B  8598A -10.577   0.0070      Si 2  1263A  -9.984   0.0276            
 TALL 10000A   0.265*********      nInu 760.0A  -0.193*********      Ca B  8545A -10.638   0.0061      P  2 1.640m -10.519   0.0080            
 F12  12.00m  -2.497845966.62      nFnu 701.5A  -9.633   0.0618      Ca B  8502A -10.692   0.0054      P  2  4669A -11.009   0.0026            
 F25  25.00m  -2.3071311068.9      nInu 701.5A  -0.385*********      Ca B  8467A -10.739   0.0048      P  2 1.189m -10.568   0.0072            
 F60  60.00m  -1.8443807256.2      nFnu 608.2A -11.419   0.0010      Ca B  8438A -10.782   0.0044      P  2 1.147m -11.045   0.0024            
 F100 100.0m  -2.0312474322.2      nInu 608.2A  -0.528*********      Ca B  8413A -10.823   0.0040      S  1 25.19m -10.391   0.0108            
 MIPS 24.00m  -2.621635750.25      nFnu 575.1A -10.293   0.0135      Ca B  8392A -10.863   0.0036      S 1R  1807A -11.109   0.0021            
 MIPS 70.00m  -2.2011672606.8      nInu 575.1A  -0.479*********      Ca B  8374A -10.904   0.0033      S  2  6720A -10.766   0.0046            
 MIPS 160.0m  -2.426996163.44      nInu 511.9A  -0.679*********      Ca B  8359A -10.945   0.0030      S  2  4074A  -9.762   0.0459            
 IRAC 3.600m  -3.124199692.52      nFnu 496.9A  -8.511   0.8179      Ca B  8346A -10.986   0.0027      S  2 1.033m  -9.954   0.0295            
 IRAC 4.500m  -3.200167696.81      nInu 496.9A  -0.873*********      Ca B  8334A -11.027   0.0025      S II  6731A -10.924   0.0032            
 IRAC 5.800m  -3.126198654.56      nInu 399.2A  -1.054*********      Ca B 4.051m  -9.718   0.0509      S II  6716A -11.282   0.0014            
 IRAC 8.000m  -2.844380354.31      RRC.........................      Ca B 2.625m  -9.959   0.0292      S II  4070A  -9.845   0.0379            
 SPR1 250.0m  -2.848376986.56      grains......................      Ca B 2.166m -10.167   0.0181      S II  4078A -10.520   0.0080            
 SPR2 350.0m  -3.284138136.03      H-like iso-sequence.........      Ca B 1.945m -10.337   0.0122      S II 1.032m -10.337   0.0122            
 SPR3 500.0m  -3.67256545.758      Hlin 912.0A -11.418   0.0010      Ca B 1.817m -10.478   0.0088      S II 1.029m -10.472   0.0090            
 PAC1 70.00m  -2.1391930359.1      Ca B  1216A  -7.161  18.3460      Ca B 1.736m -10.596   0.0067      S II 1.037m -10.979   0.0028            
 PAC2 100.0m  -2.0262502838.5      Q(H)  4861A  -2.2731415924.5      Ca B 1.681m -10.699   0.0053      S II 1.034m -10.682   0.0055            
 PAC3 160.0m  -2.1691800285.4      Q(H)  1216A  -0.787*********      Ca B 1.641m -10.788   0.0043      Cl 2 14.40m -10.756   0.0047            
 PAH  3.300m  -3.95229635.443      CaBo  4861A  -8.664   0.5757      Ca B 1.611m -10.868   0.0036      Cl 2  8579A  -9.861   0.0366            
 PAHC 3.230m  -4.20516581.189      Ca A  1216A  -7.263  14.4906      Ca B 1.588m -10.939   0.0031      Cl 2  9124A -10.439   0.0097            
 PAHC 3.370m  -4.28413802.967      Ca A  1026A  -7.995   2.6894      Ca B 1.570m -11.002   0.0026      K  1  7676A  -9.609   0.0654            
 PAH  6.200m  -3.57970041.195      Ca A 972.5A  -8.407   1.0399      Ca B 1.556m -11.056   0.0023      Ca 1  4228A  -8.963   0.2890            
 PAHC 5.650m  -3.57371010.547      Ca A 949.7A  -8.688   0.5443      Ca B 1.544m -11.105   0.0021      Ca 2  3933A  -9.682   0.0552            
 PAH  7.900m  -3.291135744.47      Ca A 937.8A  -8.884   0.3470      Ca B 1.534m -11.148   0.0019      Ca 2  8579A -11.253   0.0015            
 PAHC 6.900m  -3.284137994.59      Ca A 930.8A  -9.019   0.2544      Ca B 1.526m -11.189   0.0017      Ca 2  7306A  -9.080   0.2209            
 PAH  11.30m  -3.70752171.070      Ca A 926.2A  -9.104   0.2090      Ca B 1.519m -11.230   0.0016      Ca2K  3934A  -9.866   0.0362            
 PAHC 10.90m  -3.70552357.570      Ca A 923.2A  -9.159   0.1843      Ca B 1.513m -11.270   0.0014      Ca2H  3969A -10.144   0.0191            
 PAH  11.80m  -3.46690797.477      Ca A 921.0A  -9.202   0.1669      Ca B 1.508m -11.311   0.0013      CaF1  7291A  -9.301   0.1329            
 PAHC 12.65m  -3.46990275.516      Ca A 919.4A  -9.244   0.1515      Ca B 1.504m -11.353   0.0012      CaF2  7324A  -9.480   0.0880            
 PAH  13.30m  -3.413102660.73      Ca A 918.1A  -9.288   0.1369      Ca B 1.500m -11.394   0.0011      Fe 2  4300A  -8.497   0.8463            
 PAHC 14.10m  -3.415102066.12      Ca A 917.2A  -9.333   0.1234      Ca B 7.458m -10.219   0.0160      Fe 2  2400A  -9.318   0.1277            
 Bcon  3640A   0.139*********      Ca A 916.4A  -9.377   0.1115      Ca B 4.653m -10.412   0.0103      Fe 2 25.98m  -9.783   0.0437            
 Pcon  5000A  -1.007*********      Ca A 915.8A  -9.418   0.1015      Ca B 3.740m -10.588   0.0069      Fe 2 5.339m -10.814   0.0041            
 nInu 23.51c -11.284   0.0014      Ca A 915.3A  -9.454   0.0933      Ca B 3.296m -10.737   0.0049      Fe 2 4.114m -11.395   0.0011            
 nInu 20.46c -11.101   0.0021      Ca A 914.9A  -9.485   0.0868      Ca B 3.038m -10.863   0.0036      Fe 2 1.257m  -9.252   0.1488            
 nInu 6.611c  -9.629   0.0624      Ca A 914.6A  -9.513   0.0815      Ca B 2.872m -10.971   0.0028      Fe 2 35.34m -10.205   0.0166            
 nInu 6.137c  -9.532   0.0781      Ca A 914.3A  -9.539   0.0767      Ca B 2.758m -11.065   0.0023      Fe 2 1.321m  -9.829   0.0394            
 nInu 3.554c  -8.822   0.4005      Ca A 914.0A  -9.566   0.0721      Ca B 2.674m -11.148   0.0019      Fe 2 1.249m -10.492   0.0085            
 nInu 3.432c  -8.776   0.4448      Ca A 913.8A  -9.595   0.0675      Ca B 2.612m -11.221   0.0016      Fe 2  7638A  -9.896   0.0337            
 nInu 3.400c  -8.763   0.4584      Ca A 913.6A  -9.626   0.0629      Ca B 2.564m -11.285   0.0014      Fe 2 51.29m -10.904   0.0033            
 nInu 2.003c  -8.079   2.2139      Ca A 913.5A  -9.658   0.0584      Ca B 2.525m -11.340   0.0012      Fe 2 5.672m -11.223   0.0016            
 nInu 1.335c  -7.545   7.5728      Ca A 913.3A  -9.692   0.0540      Ca B 2.495m -11.389   0.0011      Fe 2 1.372m -10.053   0.0235            
 nInu  9993m  -7.167  18.0735      Ca A  6563A  -8.383   1.0994      Ca B 12.37m -10.644   0.0060      Fe 2 1.294m  -9.824   0.0398            
 nInu  6917m  -6.692  54.0170      Ca A  4861A  -8.836   0.3870      Ca B 7.500m -10.802   0.0042      Fe 2  7687A -10.092   0.0215            
 nFnu 122.4m -10.302   0.0133      Ca A  4340A  -9.164   0.1820      Ca B 5.907m -10.952   0.0030      Fe 2 1.328m -10.070   0.0226            
 nInu 122.4m  -1.6156447928.5      Ca A  4102A  -9.412   0.1028      Ca B 5.127m -11.083   0.0022      Fe 2 1.279m  -9.942   0.0304            
 nFnu 60.83m -10.005   0.0262      Ca A  3970A  -9.602   0.0665      Ca B 4.671m -11.195   0.0017      Fe 2 1.252m -10.843   0.0038            
 nInu 60.83m  -1.6625781591.5      Ca A  3889A  -9.747   0.0476      Ca B 4.375m -11.292   0.0014      Fe 2  7665A -10.463   0.0091            
 nFnu 41.22m  -9.818   0.0404      Ca A  3835A  -9.860   0.0367      Ca B 4.170m -11.377   0.0011      Fe 2 1.298m -10.305   0.0131            
 nInu 41.22m  -1.7744464368.0      Ca A  3798A  -9.951   0.0297      Ca B 19.06m -11.014   0.0026      Fe 2 1.270m -10.131   0.0196            
 nFnu 30.87m  -9.687   0.0547      Ca A  3771A -10.028   0.0249      Ca B 11.31m -11.144   0.0019      Fe 2  7874A -10.950   0.0030            
 nInu 30.87m  -1.8773527107.0      Ca A  3750A -10.097   0.0212      Ca B 8.758m -11.273   0.0014      Fe 2  7733A -10.979   0.0028            
 nFnu 24.78m  -9.587   0.0688      Ca A  3734A -10.159   0.0184      Ca B 7.506m -11.387   0.0011      Fe 2 17.93m  -9.475   0.0889            
 nInu 24.78m  -1.9562939306.2      Ca A  3722A -10.215   0.0162      Ca B 27.80m -11.339   0.0012      Fe 2 1.644m  -9.324   0.1258            
 nFnu 24.30m  -9.578   0.0702      Ca A  3712A -10.264   0.0145      H  1  1216A  -5.878 351.6074      Fe 2 1.533m  -9.769   0.0452            
 nInu 24.30m  -1.9632890993.0      Ca A  3704A -10.306   0.0131      H  1  1026A  -6.665  57.4407      Fe 2  8617A  -9.318   0.1278            
 nFnu 22.83m  -9.549   0.0750      Ca A  3697A -10.340   0.0121      H  1 972.5A  -7.152  18.7259      Fe 2 24.51m  -9.959   0.0292            
 nInu 22.83m  -1.9852750766.2      Ca A  3692A -10.370   0.0113      H  1 949.7A  -7.495   8.4897      Fe 2 1.809m -10.027   0.0249            
 nFnu 21.42m  -9.521   0.0800      Ca A  3687A -10.398   0.0106      H  1 937.8A  -7.747   4.7566      Fe 2 1.677m  -9.909   0.0328            
 nInu 21.42m  -2.0082606516.2      Ca A  3683A -10.426   0.0100      H  1 930.8A  -8.056   2.3341      Fe 2 1.599m  -9.881   0.0350            
 nFnu 21.12m  -9.515   0.0812      Ca A  3679A -10.455   0.0093      H  1 926.2A  -8.325   1.2560      Fe 2  9052A  -9.976   0.0281            
 nInu 21.12m  -2.0142574320.2      Ca A  3676A -10.486   0.0087      H  1 923.2A  -8.506   0.8284      Fe 2  8892A  -9.735   0.0488            
 nFnu 19.62m  -9.481   0.0877      Ca A  3674A -10.519   0.0080      H  1 921.0A  -8.645   0.6021      Fe 2 35.77m -10.778   0.0044            
 nInu 19.62m  -2.0392426248.2      Ca A  3671A -10.554   0.0074      H  1  6563A  -7.988   2.7272      Fe 2 1.800m -10.080   0.0221            
 nFnu 17.65m  -9.430   0.0986      Ca A 1.875m  -9.169   0.1801      H  1  4861A  -8.424   1.0000      Fe 2 1.711m -10.462   0.0092            
 nInu 17.65m  -2.0822197478.8      Ca A 1.282m  -9.492   0.0856      H  1  4340A  -8.728   0.4974      Fe 2 1.664m -10.171   0.0179            
 nFnu 17.37m  -9.424   0.1001      Ca A 1.094m  -9.753   0.0470      H  1  4102A  -8.901   0.3332      Fe 2  9399A -10.753   0.0047            
 nInu 17.37m  -2.0882168010.8      Ca A 1.005m  -9.963   0.0289      H  1  3970A  -9.073   0.2244      Fe 2  9227A  -9.991   0.0271            
 nFnu 15.69m  -9.382   0.1101      Ca A  9546A -10.135   0.0195      H  1  3889A  -9.250   0.1492      Fe 2  9033A -10.212   0.0163            
 nInu 15.69m  -2.1271981351.8      Ca A  9229A -10.277   0.0140      H  1  3835A  -9.394   0.1071      Fe 2 1.797m -10.236   0.0154            
 nFnu 14.60m  -9.348   0.1192      Ca A  9015A -10.393   0.0107      H  1  3798A  -9.518   0.0806      Fe 2 1.745m -10.480   0.0088            
 nInu 14.60m  -2.1551860339.1      Ca A  8863A -10.491   0.0086      H  1 1.875m  -8.975   0.2813      Fe 2  9471A -10.557   0.0074            
 nFnu 12.43m  -9.274   0.1412      Ca A  8750A -10.575   0.0071      H  1 1.282m  -9.266   0.1439      Fe 2  9268A -10.107   0.0208            
 nInu 12.43m  -2.2191603544.6      Ca A  8665A -10.648   0.0060      H  1 1.094m  -9.443   0.0959      Fe 2 22.90m -10.994   0.0027            
 nFnu 11.40m  -9.241   0.1524      Ca A  8598A -10.711   0.0052      H  1 1.005m  -9.601   0.0666      Fe 2 1.811m -10.773   0.0045            
 nInu 11.40m  -2.2521485410.1      Ca A  8545A -10.766   0.0046      H  1  9546A  -9.770   0.0451      Fe 2 1.748m -10.977   0.0028            
 nFnu 10.46m  -9.199   0.1679      Ca A  8502A -10.811   0.0041      H  1  9229A  -9.912   0.0325      Fe 2 1.813m -11.234   0.0016            
 nInu 10.46m  -2.2861375984.5      Ca A  8467A -10.848   0.0038      H  1  9015A -10.034   0.0246      Fe2b  7000A  -9.597   0.0672            
 nFnu 9.480m  -9.162   0.1828      Ca A  8438A -10.880   0.0035      H  1 4.051m  -9.619   0.0639      Fe2b 10000A  -8.432   0.9816            
 nInu 9.480m  -2.3241258737.8      Ca A  8413A -10.908   0.0033      H  1 2.625m  -9.805   0.0416      Fe2b  7445A  -9.597   0.0672            
 nFnu 9.325m  -9.157   0.1851      Ca A  8392A -10.937   0.0031      H  1 2.166m  -9.970   0.0285      Fe2b  8625A  -8.982   0.2765            
 nInu 9.325m  -2.3301242185.6      Ca A  8374A -10.967   0.0029      H  1 1.945m -10.141   0.0192      Fe2b 1.033m -10.557   0.0074            
 nFnu 8.210m  -9.098   0.2118      Ca A  8359A -10.999   0.0027      H  1 1.817m -10.282   0.0139      Fe2b 1.889m  -9.464   0.0913            
 nInu 8.210m  -2.3801107214.6      Ca A  8346A -11.032   0.0025      H  1 1.736m -10.403   0.0105      Fe 2  1786A  -9.841   0.0383            
 nFnu 7.580m  -9.071   0.2254      Ca A  8334A -11.066   0.0023      H  1 7.458m -10.109   0.0207      recombination...............            
 nInu 7.580m  -2.4111031905.9      Ca A 4.051m  -9.774   0.0447      H  1 4.653m -10.264   0.0145      O  1  1357A -10.955   0.0029            
 nFnu 7.050m  -9.031   0.2472      Ca A 2.625m -10.020   0.0253      H  1 3.740m -10.433   0.0098      C  1  1140A -10.407   0.0104            
 nInu 7.050m  -2.437970299.31      Ca A 2.166m -10.237   0.0154      H  1 3.296m -10.573   0.0071      level2 lines................            
 nFnu 4.114m  -8.832   0.3907      Ca A 1.945m -10.423   0.0100      H  1 3.038m -10.693   0.0054      C  1 943.9A  -9.970   0.0284            
 nInu 4.114m  -2.520801784.38      Ca A 1.817m -10.580   0.0070      H  1 12.37m -10.535   0.0078      C  1  1248A -10.078   0.0222            
 nFnu 2.324m  -8.747   0.4759      Ca A 1.736m -10.712   0.0052      H  1 7.500m -10.682   0.0055      C  1 841.0A -10.742   0.0048            
 nInu 2.324m  -2.2551476695.2      Ca A 1.681m -10.823   0.0040      H  1 5.907m -10.815   0.0041      C  1  1561A -10.427   0.0099            
 nFnu 1.643m  -8.703   0.5257      Ca A 1.641m -10.917   0.0032      H  1 5.127m -10.933   0.0031      C  1  1315A -10.317   0.0128            
 nInu 1.643m  -1.9962682501.5      Ca A 1.611m -10.997   0.0027      H  1 19.06m -10.922   0.0032      C  1  1166A -10.573   0.0071            
 nFnu 1.480m  -8.559   0.7330      Ca A 1.588m -11.066   0.0023      H  1 11.31m -11.030   0.0025      C  1  1233A -10.498   0.0084            
 nInu 1.480m  -1.9333101539.8      Ca A 1.570m -11.124   0.0020      H  1 8.758m -11.140   0.0019      C  1  1132A -10.811   0.0041            
 nFnu 1.436m  -8.293   1.3533      Ca A 1.556m -11.172   0.0018      H  1 27.80m -11.245   0.0015      C  1  1251A -10.786   0.0043            
 nInu 1.436m  -1.8263961089.5      Ca A 1.544m -11.211   0.0016      H  1 16.20m -11.329   0.0012      C  1  1112A -10.972   0.0028            
 nFnu 1.119m  -8.099   2.1126      Ca A 1.534m -11.243   0.0015      He-like iso-sequence........      C  1  1115A -11.022   0.0025            
 nInu 1.119m  -1.6495962167.5      Ca A 1.526m -11.273   0.0014      Hlin 506.0A -10.940   0.0030      C  1  1162A -11.135   0.0019            
 nFnu  8330A  -8.081   2.2024      Ca A 1.519m -11.303   0.0013      Ca B  3889A -11.408   0.0010      C  1  1167A -11.174   0.0018            
 nInu  8330A  -1.4269964580.0      Ca A 1.513m -11.333   0.0012      Ca B  5876A -11.230   0.0016      C  1  1104A -11.075   0.0022            
 nFnu  8079A  -7.798   4.2313      Ca A 1.508m -11.365   0.0011      Ca B 1.083m -10.449   0.0094      C  1  1109A -11.119   0.0020            
 nInu  8079A  -1.305*********      Ca A 1.504m -11.398   0.0011      He 1 584.3A  -8.152   1.8716      C  1  1130A -11.416   0.0010            
 nFnu  6210A  -8.113   2.0479      Ca A 7.458m -10.273   0.0142      He 1 537.0A  -8.872   0.3569      C  1  1098A -11.255   0.0015            
 nInu  6210A  -1.095*********      Ca A 4.653m -10.471   0.0090      He 1 522.2A  -9.461   0.0920      C  1  1132A -11.300   0.0013            
 nFnu  4885A  -8.543   0.7599      Ca A 3.740m -10.658   0.0058      He 1 515.6A  -9.737   0.0487      C  1  1106A -11.356   0.0012            
 nInu  4885A  -0.870*********      Ca A 3.296m -10.823   0.0040      He 1 512.1A  -9.901   0.0333      C  1  1093A -11.421   0.0010            
 nFnu  3704A  -9.256   0.1474      Ca A 3.038m -10.964   0.0029      TOTL 1.083m -10.605   0.0066      C  2 892.8A -11.189   0.0017            
 nInu  3704A  -0.641*********      Ca A 2.872m -11.084   0.0022      He 1 1.083m -10.605   0.0066      C  2  1020A -11.320   0.0013            
 nFnu  3588A  -7.285  13.7673      Ca A 2.758m -11.185   0.0017      He 1 1.083m -11.082   0.0022      N  1 942.3A -11.185   0.0017            
 nInu  3588A  -0.518*********      Ca A 2.674m -11.270   0.0014      He 1 1.083m -10.860   0.0037      N  1 952.1A -11.206   0.0017            
 nFnu  2430A  -9.142   0.1916      Ca A 2.612m -11.343   0.0012      He 1  5876A -11.250   0.0015      N  1  1131A -11.422   0.0010            
 nInu  2430A  -0.237*********      Ca A 2.564m -11.403   0.0010      Pho+  3889A  -9.337   0.1224      O  1 867.3A -10.441   0.0096            
 nFnu  2392A  -9.226   0.1577      Ca A 12.37m -10.700   0.0053      database lines..............      O  1 787.5A -11.066   0.0023            
 nInu  2392A  -0.224*********      Ca A 7.500m -10.865   0.0036      OH   119.4m -11.387   0.0011      O  1 976.8A -10.248   0.0150            
 nFnu  2071A  -9.480   0.0880      Ca A 5.907m -11.029   0.0025      OH   119.2m -11.410   0.0010      O  1 767.7A -11.104   0.0021            
 nInu  2071A  -0.112*********      Ca A 5.127m -11.175   0.0018      OH   84.57m -11.003   0.0026      O  1 969.0A -10.610   0.0065            
 nFnu  2053A  -9.537   0.0771      Ca A 4.671m -11.300   0.0013      OH   84.57m -11.134   0.0019      O  1 946.4A -11.076   0.0022            
 nInu  2053A  -0.112*********      Ca A 4.375m -11.406   0.0010      OH   84.40m -11.053   0.0023      O  1 934.5A -11.235   0.0015            
 nFnu  1793A -10.075   0.0224      Ca A 19.06m -11.074   0.0022      OH   84.40m -11.185   0.0017      O  1 973.6A -11.360   0.0012            
 nInu  1793A  -0.003*********      Ca A 11.31m -11.216   0.0016      OH   98.71m -11.386   0.0011      Ne 1 688.6A -11.309   0.0013            
 nFnu  1585A  -9.881   0.0349      Ca A 8.758m -11.359   0.0012      OH   98.70m -11.386   0.0011      Al 2  1671A -10.812   0.0041            
 nInu  1585A  -0.073*********      Ca A 27.80m -11.408   0.0010      level 1 lines...............      Si 1  1261A -11.337   0.0012            
 nFnu  1458A  -8.968   0.2857      Ca B  6563A  -8.187   1.7255      C  1  1656A  -9.837   0.0386      Si 2  1180A -10.094   0.0214            
 nInu  1458A   0.101*********      Ca B  4861A  -8.649   0.5964      REC   1656A -10.537   0.0077      Si 2 993.4A -10.917   0.0032            
 nFnu  1357A  -9.544   0.0758      Ca B  4340A  -8.975   0.2812      C Ic  9850A  -9.305   0.1316      S  2 750.3A -11.032   0.0025            
 nInu  1357A   0.181*********      Ca B  4102A  -9.218   0.1607      TOTL  9850A  -9.305   0.1316      Ti 2  3366A -10.612   0.0065            
 nFnu  1297A  -9.763   0.0458      Ca B  3970A  -9.404   0.1047      C  1  8727A  -8.530   0.7833      Ti 2  3238A -10.961   0.0029            
 nInu  1297A   0.197*********      Ca B  3889A  -9.549   0.0750      C  2  1335A -11.290   0.0014      Cr 1  4271A -10.785   0.0044            
 nFnu  1263A  -9.820   0.0402      Ca B  3835A  -9.666   0.0574      N  1 953.9A -11.191   0.0017      Cr 1  3591A -11.000   0.0027            
 nInu  1263A   0.191*********      Ca B  3798A  -9.764   0.0457      N  1  1200A -10.150   0.0188      Mn 2  2590A -11.146   0.0019            
 nFnu  1218A  -8.392   1.0779      Ca B  3771A  -9.851   0.0374      N  1  3466A -11.149   0.0019      hyperfine structure.........            
 nInu  1218A   0.168*********      Ca B  3750A  -9.931   0.0312      TOTL  3467A -11.068   0.0023      inner shell.................            
 nFnu  1196A  -8.667   0.5712      Ca B  3734A -10.003   0.0264      N  1 1.040m -10.651   0.0059      molecules...................            
 nInu  1196A   0.214*********      Ca B  3722A -10.069   0.0227      N  1 1.040m -11.191   0.0017      H-CT  6563A  -8.434   0.9787            
 nFnu  1175A  -8.782   0.4387      Ca B  3712A -10.128   0.0198      N  1 1.041m -11.000   0.0027            



                                                                           
 Cooling:  HFBc     0 :0.093 HFFc     0 :0.098 C  1  8727A:0.100 O  1  6300A:0.073 Fe2c     0 :0.292 H-FB     0 :0.088  
 Heating:  BFH1     0 :0.947  

 These are some of the most important databases used by Cloudy:
 Many recombination coefficients were taken from http://amdpp.phys.strath.ac.uk/tamoc/RR/ and http://amdpp.phys.strath.ac.uk/tamoc/DR/
      and are based on the following papers:
        Badnell N. R., et al., A&A 406, 1151 (2003) [http://adsabs.harvard.edu/abs/2003A%26A...406.1151B]
        Badnell N. R., ApJS 167, 334 (2006) [http://adsabs.harvard.edu/abs/2006ApJS..167..334B]
 Much of the molecular emission data is from LAMDA as accessed on Dec. 18, 2010. This database is described in:
        Schoeier F.L., et al., A&A 432, 369 (2005) [http://adsabs.harvard.edu/abs/2005A%26A...432..369S]
      This database is in part based on the work of the following groups:
        JPL: Pickett H. M. et al., JQSRT, 60, 883 (1998). [http://adsabs.harvard.edu/abs/1998JQSRT..60..883P]
        CDMS: Mueller H. S. et al., A&A 370, L49 (2001). [http://adsabs.harvard.edu/abs/2001A%26A...370L..49M]
              Mueller H. S. et al., J. Mol. Struct. 742, 215 (2005). [http://adsabs.harvard.edu/abs/2005JMoSt.742..215M]
 Much of the ionic emission data is from version 7.0 of CHIANTI. CHIANTI is a collaborative project involving the NRL (USA), the
      Universities of Florence (Italy) and Cambridge (UK), and George Mason University (USA). These papers describe Chianti:
        Dere K. P., et al., A&AS, 125, 149 (1997) [http://adsabs.harvard.edu/abs/1997A%26AS..125..149D]
        Landi E., et al., ApJ, 744, 99 (2012) [http://adsabs.harvard.edu/abs/2012ApJ...744...99L]
 Much of the H_2 data is from this web site: http://molat.obspm.fr/index.php?page=pages/Molecules/H2/H2can94.php. These data are
      described in:
        Abgrall H. et al., Can. J. Phys., 72, 856 (1994) [http://adsabs.harvard.edu/abs/1994CaJPh..72..856A]
        Wrathmall S. A. & Flower D. R., J. Phys. B, 40, 3221 (2007) [http://adsabs.harvard.edu/abs/2007JPhB...40.3221W]
 Please cite those papers that played a significant role in this calculation.

 IONIZE PARMET:  U(1-) -9.4768  U(4-):-20.1133  U(sp): -9.48  Q(ion):   10.000  L(ion) -0.538    Q(low): 12.371    L(low)  0.190
 ENERGY BUDGET:  Heat:  -7.530  Coolg:  -7.530  Error:  0.0%  Rec Lin:  -8.103  F-F  H  0.000    P(rad/tot)max     0.00E+00

     Col(Heff):      0.000E+00  snd travl time  3.62E-04 sec  Te-low: 3.99E+03  Te-hi: 3.99E+03  G0TH85: 6.89E+02  G0DB96:8.98E+02
  Emiss Measure    n(e)n(p) dl       7.852E+15  n(e)n(He+)dl         1.201E+13  En(e)n(He++) dl         1.158E-01  ne nC+:1.55E+13
 He/Ha:1.10E-03  =   0.01*true  Lthin:1.30E+03  itr/zn:42.00  H2 itr/zn:  0.00  File Opacity: F  MassTot 4.23e-13  (gm/cm^2)
   Temps(21 cm)   T(21cm/Ly a)  3.79E+03        T(<nH/Tkin>)  3.99E+03          T(<nH/Tspin>)    4.00E+03          TB21cm:0.00E+00
                   N(H0/Tspin)  4.63E+07        N(OH/Tkin)    5.42E+00          B(21cm)          0.00E+00
   <a>:1.43E-04  erdeFe0.0E+00  Tcompt9.73E+04  Tthr5.70E+06  <Tden>: 3.99E+03  <dens>:2.27E-15  <MolWgt>1.25E+00
     Mean Jeans  l(cm)7.42E+16  M(sun)2.44E+02  smallest:     len(cm):7.42E+16  M(sun):2.44E+02  a_ox tran:  0.00
 Rion:1.000E+30  Dist:0.00E+00  Diam:0.000E+00
 Hatom level 70  HatomType: add  HInducImp  F  He tot level: 63  He2 level:   70  ExecTime    27.8
 ConvrgError(%)  <eden>  0.080  MaxEden  0.080  <H-C>   0.01  Max(H-C)    0.01  <Press>   0.000  MaxPrs er  0.000
  Continuity(%)  chng Te   0.0  elec den   0.0  n(H2)    0.0  n(CO)        0.0

                                                        Averaged Quantities
             Te      Te(Ne)   Te(NeNp)  Te(NeHe+)Te(NeHe2+) Te(NeO+)  Te(NeO2+)  Te(H2)     N(H)     Ne(O2+)   Ne(Np)
 Radius:  3.99e+03  3.99e+03  3.99e+03  3.99e+03  3.99e+03  3.99e+03  3.99e+03  3.99e+03  1.00e+09  6.56e+06  6.56e+06

 Contin Optical Depths: COMP: 8.13e-16    H-: 1.62e-13 R(1300): 1.24e-12  H2+: 2.49e-15  Pfa:8.14E-16
                          Pa: 8.14e-16    Ba: 1.48e-13      Hb: 1.15e-13   La: 2.70e-09     1r:1.171E-06  1.8:3.50E-07 4.:5.095E-08

 Old, new H  1 continuum optical depths:
     1 1.17e-06     2 8.28e-14     3 1.63e-13     4 1.63e-13     5 1.63e-13     6 4.05e-14     7 4.05e-14     8 4.05e-14
     9 4.05e-14    10 1.23e-19    11 1.23e-19    12 1.23e-19    13 1.23e-19    14 1.23e-19    15 2.61e-19    16 2.61e-19
    17 2.61e-19    18 2.61e-19    19 2.61e-19    20 2.61e-19    21 4.97e-19    22 4.97e-19    23 4.97e-19    24 4.97e-19
    25 4.97e-19    26 4.97e-19    27 4.97e-19    28 8.64e-19    29 8.64e-19    30 8.64e-19    31 8.64e-19    32 8.64e-19
    33 8.64e-19    34 8.64e-19    35 8.64e-19    36 1.42e-18    37 1.42e-18    38 1.42e-18    39 1.42e-18    40 1.42e-18
    41 1.42e-18    42 1.42e-18    43 1.42e-18    44 1.42e-18    45 2.22e-18    46 2.22e-18    47 2.22e-18    48 2.22e-18
    49 2.22e-18    50 2.22e-18    51 2.22e-18    52 2.22e-18    53 2.22e-18    54 2.22e-18
     1 1.17e-06     2 8.28e-14     3 1.63e-13     4 1.63e-13     5 1.63e-13     6 4.05e-14     7 4.05e-14     8 4.05e-14
     9 4.05e-14    10 1.23e-19    11 1.23e-19    12 1.23e-19    13 1.23e-19    14 1.23e-19    15 2.60e-19    16 2.60e-19
    17 2.60e-19    18 2.60e-19    19 2.60e-19    20 2.60e-19    21 4.97e-19    22 4.97e-19    23 4.97e-19    24 4.97e-19
    25 4.97e-19    26 4.97e-19    27 4.97e-19    28 8.64e-19    29 8.64e-19    30 8.64e-19    31 8.64e-19    32 8.64e-19
    33 8.64e-19    34 8.64e-19    35 8.64e-19    36 1.42e-18    37 1.42e-18    38 1.42e-18    39 1.42e-18    40 1.42e-18
    41 1.42e-18    42 1.42e-18    43 1.42e-18    44 1.42e-18    45 2.22e-18    46 2.22e-18    47 2.22e-18    48 2.22e-18
    49 2.22e-18    50 2.22e-18    51 2.22e-18    52 2.22e-18    53 2.22e-18    54 2.22e-18

 Old, new H  1 mean line optical depths:
  2- 1 3.06e-02  3- 2 4.96e-14  4- 3 3.85e-16  5- 4 3.82e-16  6- 5 5.11e-16  7- 6 7.24e-16  8- 7 1.67e-15
  9- 8 2.69e-16 10- 9 8.95e-17
  2- 1 3.06e-02  3- 2 4.53e-14  4- 3 3.44e-16  5- 4 3.56e-16  6- 5 4.89e-16  7- 6 6.85e-16  8- 7 1.59e-15
  9- 8 2.63e-16 10- 9 8.69e-17

 Old, new He 2 continuum optical depths:
     1 5.09e-08     2 1.16e-06     3 5.35e-14     4 5.35e-14     5 5.35e-14     6 8.28e-14     7 8.28e-14     8 8.28e-14
     9 8.28e-14    10 1.32e-13    11 1.32e-13    12 1.32e-13    13 1.32e-13    14 1.32e-13    15 1.63e-13    16 1.63e-13
    17 1.63e-13    18 1.63e-13    19 1.63e-13    20 1.63e-13    21 1.38e-13    22 1.38e-13    23 1.38e-13    24 1.38e-13
    25 1.38e-13    26 1.38e-13    27 1.38e-13    28 4.05e-14    29 4.05e-14    30 4.05e-14    31 4.05e-14    32 4.05e-14
    33 4.05e-14    34 4.05e-14    35 4.05e-14    36 7.77e-20    37 7.77e-20    38 7.77e-20    39 7.77e-20    40 7.77e-20
    41 7.77e-20    42 7.77e-20    43 7.77e-20    44 7.77e-20    45 1.23e-19    46 1.23e-19    47 1.23e-19    48 1.23e-19
    49 1.23e-19    50 1.23e-19    51 1.23e-19    52 1.23e-19    53 1.23e-19    54 1.23e-19
     1 5.09e-08     2 1.16e-06     3 5.35e-14     4 5.35e-14     5 5.35e-14     6 8.28e-14     7 8.28e-14     8 8.28e-14
     9 8.28e-14    10 1.32e-13    11 1.32e-13    12 1.32e-13    13 1.32e-13    14 1.32e-13    15 1.63e-13    16 1.63e-13
    17 1.63e-13    18 1.63e-13    19 1.63e-13    20 1.63e-13    21 1.38e-13    22 1.38e-13    23 1.38e-13    24 1.38e-13
    25 1.38e-13    26 1.38e-13    27 1.38e-13    28 4.05e-14    29 4.05e-14    30 4.05e-14    31 4.05e-14    32 4.05e-14
    33 4.05e-14    34 4.05e-14    35 4.05e-14    36 7.76e-20    37 7.76e-20    38 7.76e-20    39 7.76e-20    40 7.76e-20
    41 7.76e-20    42 7.76e-20    43 7.76e-20    44 7.76e-20    45 1.23e-19    46 1.23e-19    47 1.23e-19    48 1.23e-19
    49 1.23e-19    50 1.23e-19    51 1.23e-19    52 1.23e-19    53 1.23e-19    54 1.23e-19

 Old, new He 2 mean line optical depths:
  2- 1 1.50e-07  3- 2 8.91e-21  4- 3 4.43e-21  5- 4 4.43e-21  6- 5 4.43e-21  7- 6 4.43e-21  8- 7 4.43e-21
  9- 8 4.43e-21 10- 9 4.43e-21
  2- 1 1.50e-07  3- 2 4.48e-21  4- 3 2.22e-21  5- 4 2.22e-21  6- 5 2.22e-21  7- 6 2.22e-21  8- 7 2.22e-21
  9- 8 2.22e-21 10- 9 2.22e-21

 Old He Is optical depths:    1 3.50e-07    2 5.50e-14    3 6.85e-14    4 7.70e-14    5 7.70e-14
 New He Is optical depths:    1 3.50e-07    2 5.50e-14    3 6.85e-14    4 7.70e-14    5 7.70e-14
          Old He Is Lines:  584 1.66e-03 3889 9.44e-12 5016 5.24e-14 5876 2.57e-18
          New He Is Lines:  584 1.66e-03 3889 9.44e-12 5016 5.24e-14 5876 2.58e-18

==== H      compounds ====           Log10 column densities [cm^-2}
   H2        :  7.316   H2*       :  5.280   H2+       :  2.551   H3+       : -0.361
==== He     compounds ====
   HeH+      :  1.519
==== Li     compounds ====
   LiH       : -6.064   LiH+      : -7.469
==== C      compounds ====
   CH        :  3.276   CH+       :  1.494   CH2       : -0.040   CH2+      : -1.911   CH3       : -4.325   CH3+      : -5.463   CH4       : -8.252   CH4+      :-10.075
   CH5+      :-15.669   C2        :  0.218   C2+       : -0.989   C2H       : -2.628   C2H+      : -4.078   C2H2      : -8.766   C2H2+     : -7.922   C2H3+     :-13.015
   C3        : -9.343   C3+       : -7.000   C3H       :-11.340   C3H+      :-10.279
==== N      compounds ====
   NH        :  3.272   NH+       :  2.548   NH2       : -1.023   NH2+      : -1.016   NH3       : -4.294   NH3+      : -5.234   NH4+      :-11.953   CN        :  3.282
   CN+       : -1.607   HCN       :  0.430   HCN+      : -0.486   HNC       : -5.955   HCNH+     : -4.296   HC3N      :-35.930   N2        :  3.720   N2+       : -0.492
   N2H+      : -6.900
==== O      compounds ====
   OH        :  4.335   OH+       :  3.744   H2O       :  0.337   H2O+      :  0.045   H3O+      : -3.997   CO        :  5.313   CO+       : -0.457   HCO+      : -0.610
   H2CO      :-35.930   CH3OH     :-35.930   ^13CO     :  3.835   NO        :  0.904   NO+       : -0.342   HNO       : -3.552   HNO+      : -4.483   OCN       : -0.651
   OCN+      : -3.410   N2O       : -4.639   O2        :  0.428   O2+       :  0.974   NO2       : -3.485   NO2+      : -7.251
==== Ne     compounds ====
   NeH+      : -1.235
==== Si     compounds ====
   SiH       : -4.334   SiH2+     : -5.723   SiC2      :-35.930   SiN       : -7.531   SiN+      : -0.846   SiO       :  0.568   SiO+      :  0.099   SiOH+     : -3.966
==== S      compounds ====
   HS        :  2.625   HS+       :  1.081   CS        : -1.025   CS+       : -1.257   HCS+      : -4.205   NS        : -1.074   NS+       : -1.453   SO        :  0.441
   SO+       : -0.344   OCS       : -5.634   OCS+      : -7.234   SO2       :-35.930   S2        : -5.487   S2+       : -6.759
==== Cl     compounds ====
   HCl       : -3.216   HCl+      :  1.075   H2Cl+     : -2.498   CCl       :-15.813   CCl+      : -7.803   H2CCl+    :-19.568   ClO       :-17.345   ClO+      :-21.797
==== Ar     compounds ====
   ArH+      :  2.690
==== Ti     compounds ====
   TiH       :-35.930   TiH+      :-35.930   TiH2      :-35.930   TiH2+     :-35.930   TiC       :-35.930   TiC+      :-35.930   HCTi      :-35.930   HCTi+     :-35.930
   TiC2      :-35.930   TiC2+     :-35.930   TiN       :-35.930   TiN+      :-35.930   HNTi      :-35.930   HNTi+     :-35.930   TiNC      :-35.930   TiNC+     :-35.930
   TiO       :-35.930   TiO+      :-35.930   TiOH+     :-35.930   TiO2      :-35.930   TiF+      :-35.930   TiS       :-35.930   TiS+      :-35.930   HTiS      :-35.930


               1      2      3      4      5      6      7      8      9     10     11     12     13     14     15     16     17

 Hydrogen   11.268  9.078  7.320 (H2)                Log10 Column density (cm^-2)
 Helium     10.200  6.263 -7.753
 Lithium     0.030  0.007-30.000-30.000
 Beryllium   0.647 -1.457 -5.350-30.000-30.000
 Boron       1.943  0.755 -6.320-30.000-30.000-30.000
 Carbon      7.677  6.374  0.965-30.000-30.000-30.000-30.000
 Nitrogen    7.099  4.354 -4.241-30.000-30.000-30.000-30.000-30.000
 Oxygen      7.957  5.659 -2.995-30.000-30.000-30.000-30.000-30.000-30.000
 Fluorine    3.828  1.619 -3.175-30.000-30.000-30.000-30.000-30.000-30.000-30.000
 Neon        7.199  4.624 -1.188-30.000-30.000-30.000-30.000-30.000-30.000-30.000-30.000
 Sodium      4.403  5.476 -1.208-30.000-30.000-30.000-30.000-30.000-30.000-30.000-30.000-30.000
 Magnesium   5.496  6.852  2.785-30.000-30.000-30.000-30.000-30.000-30.000-30.000-30.000-30.000-30.000
 Aluminium   2.420  5.720  0.731-30.000-30.000-30.000-30.000-30.000-30.000-30.000-30.000-30.000-30.000-30.000
 Silicon     5.967  6.709  0.747-30.000-30.000-30.000-30.000-30.000-30.000-30.000-30.000-30.000-30.000-30.000-30.000
 Phosphorus  2.024  4.679 -0.228-30.000-30.000-30.000-30.000-30.000-30.000-30.000-30.000-30.000-30.000-30.000-30.000-30.000
 Sulphur     6.079  6.100  1.439-30.000-30.000-30.000-30.000-30.000-30.000-30.000-30.000-30.000-30.000-30.000-30.000-30.000-30.000
 Chlorine    3.058  4.761  0.569-30.000-30.000-30.000-30.000-30.000-30.000-30.000-30.000-30.000-30.000-30.000-30.000-30.000-30.000
-30.000
 Argon       5.669  2.949 -1.058-30.000-30.000-30.000-30.000-30.000-30.000-30.000-30.000-30.000-30.000-30.000-30.000-30.000-30.000
-30.000-30.000
 Potassium   3.713  4.169 -0.644-30.000-30.000-30.000-30.000-30.000-30.000-30.000-30.000-30.000-30.000-30.000-30.000-30.000-30.000
-30.000-30.000-30.000
 Calcium     5.594  4.189  1.179-30.000-30.000-30.000-30.000-30.000-30.000-30.000-30.000-30.000-30.000-30.000-30.000-30.000-30.000
-30.000-30.000-30.000-30.000
 Scandium    2.398  1.110 -1.346-30.000-30.000-30.000-30.000-30.000-30.000-30.000-30.000-30.000-30.000-30.000-30.000-30.000-30.000
-30.000-30.000-30.000-30.000-30.000
 Titanium    0.555  4.220  0.890-30.000-30.000-30.000-30.000-30.000-30.000-30.000-30.000-30.000-30.000-30.000-30.000-30.000-30.000
-30.000-30.000-30.000-30.000-30.000-30.000
 Vanadium    3.190  1.566 -1.368-30.000-30.000-30.000-30.000-30.000-30.000-30.000-30.000-30.000-30.000-30.000-30.000-30.000-30.000
-30.000-30.000-30.000-30.000-30.000-30.000-30.000
 Chromium    4.870  3.866 -1.037-30.000-30.000-30.000-30.000-30.000-30.000-30.000-30.000-30.000-30.000-30.000-30.000-30.000-30.000
-30.000-30.000-30.000-30.000-30.000-30.000-30.000-30.000
 Manganese   1.063  4.700  0.171-30.000-30.000-30.000-30.000-30.000-30.000-30.000-30.000-30.000-30.000-30.000-30.000-30.000-30.000
-30.000-30.000-30.000-30.000-30.000-30.000-30.000-30.000-30.000
 Iron        2.887  6.770  1.575-30.000-30.000-30.000-30.000-30.000-30.000-30.000-30.000-30.000-30.000-30.000-30.000-30.000-30.000
-30.000-30.000-30.000-30.000-30.000-30.000-30.000-30.000-30.000-30.000
 Cobalt      4.257  2.168 -5.212-30.000-30.000-30.000-30.000-30.000-30.000-30.000-30.000-30.000-30.000-30.000-30.000-30.000-30.000
-30.000-30.000-30.000-30.000-30.000-30.000-30.000-30.000-30.000-30.000-30.000
 Nickel      2.050  5.490 -2.144-30.000-30.000-30.000-30.000-30.000-30.000-30.000-30.000-30.000-30.000-30.000-30.000-30.000-30.000
-30.000-30.000-30.000-30.000-30.000-30.000-30.000-30.000-30.000-30.000-30.000-30.000
 Copper      3.448  1.913 -2.759-30.000-30.000-30.000-30.000-30.000-30.000-30.000-30.000-30.000-30.000-30.000-30.000-30.000-30.000
-30.000-30.000-30.000-30.000-30.000-30.000-30.000-30.000-30.000-30.000-30.000-30.000-30.000
 Zinc        3.828  1.567 -2.235-30.000-30.000-30.000-30.000-30.000-30.000-30.000-30.000-30.000-30.000-30.000-30.000-30.000-30.000
-30.000-30.000-30.000-30.000-30.000-30.000-30.000-30.000-30.000-30.000-30.000-30.000-30.000-30.000
 Exc state    He1*  1.762   CII*  6.195   C11*  6.728   C12*  7.202   C13*  7.420   O11*  7.714   O12*  7.467   O13*  6.980
              Si2*  6.517   C30* -8.083   C31* -9.290   C32* -7.288


 Hydrogen   -0.003 -2.192 -3.650 (H2)                 Log10 Mean Ionisation (over radius)
 Helium     -0.000 -3.938-17.954
 Lithium    -0.290 -0.313
 Beryllium  -0.003 -2.107 -6.001
 Boron      -0.027 -1.216 -8.290
 Carbon     -0.023 -1.326 -6.735
 Nitrogen   -0.001 -2.747-11.341
 Oxygen     -0.003 -2.302-10.955
 Fluorine   -0.003 -2.211 -7.006
 Neon       -0.001 -2.577 -8.389
 Sodium     -1.108 -0.035 -6.719
 Magnesium  -1.375 -0.019 -4.085
 Aluminium  -3.300 -0.000 -4.990
 Silicon    -0.814 -0.072 -6.034
 Phosphorus -2.657 -0.001 -4.908
 Sulphur    -0.312 -0.291 -4.952
 Chlorine   -1.712 -0.009 -4.201
 Argon      -0.001 -2.721 -6.728
 Potassium  -0.586 -0.130 -4.943
 Calcium    -0.017 -1.421 -4.431
 Scandium   -0.022 -1.310 -3.765
 Titanium   -3.665 -0.000 -3.330
 Vanadium   -0.010 -1.634 -4.569
 Chromium   -0.041 -1.045 -5.948
 Manganese  -3.637 -0.000 -4.530
 Iron       -3.883 -0.000 -5.195
 Cobalt     -0.004 -2.093 -9.473
 Nickel     -3.441 -0.000 -7.634
 Copper     -0.012 -1.548 -6.220
 Zinc       -0.002 -2.263 -6.066

               1      2      3      4      5      6      7      8      9     10     11     12     13     14     15     16     17

 Hydrogen   -0.003 -2.192 -3.650 (H2)         Log10 Mean Ionisation (over radius*electron density)
 Helium     -0.000 -3.938-17.954
 Lithium    -0.290 -0.313
 Beryllium  -0.003 -2.107 -6.001
 Boron      -0.027 -1.216 -8.290
 Carbon     -0.023 -1.326 -6.735
 Nitrogen   -0.001 -2.747-11.341
 Oxygen     -0.003 -2.302-10.955
 Fluorine   -0.003 -2.211 -7.006
 Neon       -0.001 -2.577 -8.389
 Sodium     -1.108 -0.035 -6.719
 Magnesium  -1.375 -0.019 -4.085
 Aluminium  -3.300 -0.000 -4.990
 Silicon    -0.814 -0.072 -6.034
 Phosphorus -2.657 -0.001 -4.908
 Sulphur    -0.312 -0.291 -4.952
 Chlorine   -1.712 -0.009 -4.201
 Argon      -0.001 -2.721 -6.728
 Potassium  -0.586 -0.130 -4.943
 Calcium    -0.017 -1.421 -4.431
 Scandium   -0.022 -1.310 -3.765
 Titanium   -3.665 -0.000 -3.330
 Vanadium   -0.010 -1.634 -4.569
 Chromium   -0.041 -1.045 -5.948
 Manganese  -3.637 -0.000 -4.530
 Iron       -3.883 -0.000 -5.195
 Cobalt     -0.004 -2.093 -9.473
 Nickel     -3.441 -0.000 -7.634
 Copper     -0.012 -1.548 -6.220
 Zinc       -0.002 -2.263 -6.066

               1      2      3      4      5      6      7      8      9     10     11     12     13     14     15     16     17

 Hydrogen    3.601  3.601  3.601 (H2)                  Log10 Mean Temperature (over radius)
 Helium      3.601  3.601  3.601
 Lithium     3.601  3.601
 Beryllium   3.601  3.601  3.601
 Boron       3.601  3.601  3.601
 Carbon      3.601  3.601  3.601
 Nitrogen    3.601  3.601  3.601
 Oxygen      3.601  3.601  3.601
 Fluorine    3.601  3.601  3.601
 Neon        3.601  3.601  3.601
 Sodium      3.601  3.601  3.601
 Magnesium   3.601  3.601  3.601
 Aluminium   3.601  3.601  3.601
 Silicon     3.601  3.601  3.601
 Phosphorus  3.601  3.601  3.601
 Sulphur     3.601  3.601  3.601
 Chlorine    3.601  3.601  3.601
 Argon       3.601  3.601  3.601
 Potassium   3.601  3.601  3.601
 Calcium     3.601  3.601  3.601
 Scandium    3.601  3.601  3.601
 Titanium    3.601  3.601  3.601
 Vanadium    3.601  3.601  3.601
 Chromium    3.601  3.601  3.601
 Manganese   3.601  3.601  3.601
 Iron        3.601  3.601  3.601
 Cobalt      3.601  3.601  3.601
 Nickel      3.601  3.601  3.601
 Copper      3.601  3.601  3.601
 Zinc        3.601  3.601  3.601

               1      2      3      4      5      6      7      8      9     10     11     12     13     14     15     16     17

 Hydrogen    3.601  3.601  3.601 (H2)          Log10 Mean Temperature (over radius*electron density)
 Helium      3.601  3.601  3.601
 Lithium     3.601  3.601
 Beryllium   3.601  3.601  3.601
 Boron       3.601  3.601  3.601
 Carbon      3.601  3.601  3.601
 Nitrogen    3.601  3.601  3.601
 Oxygen      3.601  3.601  3.601
 Fluorine    3.601  3.601  3.601
 Neon        3.601  3.601  3.601
 Sodium      3.601  3.601  3.601
 Magnesium   3.601  3.601  3.601
 Aluminium   3.601  3.601  3.601
 Silicon     3.601  3.601  3.601
 Phosphorus  3.601  3.601  3.601
 Sulphur     3.601  3.601  3.601
 Chlorine    3.601  3.601  3.601
 Argon       3.601  3.601  3.601
 Potassium   3.601  3.601  3.601
 Calcium     3.601  3.601  3.601
 Scandium    3.601  3.601  3.601
 Titanium    3.601  3.601  3.601
 Vanadium    3.601  3.601  3.601
 Chromium    3.601  3.601  3.601
 Manganese   3.601  3.601  3.601
 Iron        3.601  3.601  3.601
 Cobalt      3.601  3.601  3.601
 Nickel      3.601  3.601  3.601
 Copper      3.601  3.601  3.601
 Zinc        3.601  3.601  3.601

               1      2      3      4      5      6      7      8      9     10     11     12     13     14     15     16     17
                                                                          

---------------Convergence statistics---------------
         2 mean iterations/state convergence
      2.95 mean cx acceleration loops/iteration
       1.1 mean iso convergence loops/ion solve
      1.13 mean steps/chemistry solve
      1.18 mean step length searches/chemistry step
----------------------------------------------------

 Cloudy ends: 1 zone, 3 iterations.  ExecTime(s) 27.77
 [Stop in cdMain at ../maincl.cpp:483, Cloudy exited OK]
 ************************************************** GRID_DELIMIT -- grid000000035
