                                                          Cloudy 13.03
                                                         www.nublado.org

                       **************************************13Feb20**************************************
                       *                                                                                 *
                       * c                                                                               *
                       * phi(h) 10.000000 LOG range -0.000232 6.866524                                   *
                       * grid from 8 to 23 in 1 dex steps                                                *
                       * HDEN=12.000000 LOG                                                              *
                       * grid from 0 to 12 in 1 dex steps                                                *
                       * set pres ionize 1e5                                                             *
                       * c                                                                               *
                       * c                                                                               *
                       * table star "inst_padova_agbtrack_z.mod" age 6.78                                *
                       * c<< inst_padova_ model    4 read.       Age =    6010000.00                 >>> *
                       * c<< inst_padova_ model    5 read.       Age =    8010000.00                 >>> *
                       * c<< FINAL:     Age =    6025595.86                                          >>> *
                       * c                                                                               *
                       * c                                                                               *
                       * abundances GASS10                                                               *
                       * c                                                                               *
                       * c                                                                               *
                       * iterate to convergence max = 7                                                  *
                       * stop column density = 23                                                        *
                       * c                                                                               *
                       * c                                                                               *
                       * print last                                                                      *
                       * set save prefix "padova_inst_6"                                                 *
                       * save grid ".grd" last no hash                                                   *
                       * save linelist "emissionlines_abs.txt" "LineList_HII.dat" absolute last no hash    *
                       *                                                                                 *
                       ***********************************************************************************



 NOTE Setcon: continuum has zero intensity starting at  1.0074e+01 Ryd.
     1 cells in the incident continuum have zero intensity.  Problems???

           !The plasma frequency is 2.99e-06 Ryd.  The incident continuum is set to 0 below this.
           4147CellPeak1.00E+00   Lo 1.00e-08=910.79cm   Hi-Con:1.01E+01 Ryd   E(hi):7.35E+06Ryd     E(hi):     100.01 MeV
           I(nu>1ryd):  -0.5539   Average nu:1.281E+00   I( X-ray):   0.0000   I(BalC):   0.9565     Phi(BalmrC):  11.8871
           phi(1.0-1.8): 9.9816   phi(1.8-4.0):  8.585   phi(4.0-20):  7.470   phi(20--):  0.000     Ion pht flx:1.000E+10
           I(gam ray):   0.0000   phi(gam r):   0.0000   I(Infred):   0.3045   Alf(ox):   0.0000     Total inten:   1.0547
           U(1.0----):3.336E-13   U(4.0----):9.850E-16   T(En-Den):1.495E+01   T(Comp):2.168E+04     nuJnu(912A):1.914E+00
           Occ(FarIR):0.000E+00   Occ(H n=6):4.632E-12   Occ(1Ryd):8.799E-17   Occ(4R):1.016E-21     Occ (Nu-hi):0.000E+00
           Tbr(FarIR):0.000E+00   Tbr(H n=6):2.030E-08   Tbr(1Ryd):1.391E-11   Tbr(4R):6.421E-16     Tbr (Nu-hi):0.000E+00
  
 PROBLEM  ConvFail 1, eden not converged itr 1 zone 0 fnzone 423.62 correct=5.405e+07 assumed=4.875e+07.  Temperature failure also. 
                                                  Gas Phase Chemical Composition
        H :  0.0000  He: -1.0701  Li:-10.9508  Be:-10.6198  B : -9.3002  C : -3.5702  N : -4.1701  O : -3.3098  F : -7.4401
        Ne: -4.0701  Na: -5.7595  Mg: -4.4001  Al: -5.5498  Si: -4.4895  P : -6.5901  S : -4.8794  Cl: -6.5003  Ar: -5.6003
        K : -6.9706  Ca: -5.6596  Sc: -8.8508  Ti: -7.0501  V : -8.0701  Cr: -6.3595  Mn: -6.5702  Fe: -4.5003  Co: -7.0101
                                               Ni: -5.7799  Cu: -7.8097  Zn: -7.4401
 
 
 
 
 
 
 PROBLEM  ConvFail 1, eden not converged itr 3 zone 1 fnzone 434.39 correct=5.635e+07 assumed=4.776e+07.  Temperature failure also. 
 ####  1  Te:1.200E+03 Hden:1.000E+12 Ne:4.776E+07 R:1.000E+30 R-R0:4.763E+01 dR:9.525E+01 NTR:43340 Htot:1.642E-07 T912: 6.00e-04###
 Hydrogen      9.95e-01 6.37e-06 H+o/Hden 9.95e-01 2.93e-11 H-    H2 2.50e-03 2.70e-13 H2+ HeH+ 2.42e-15 Ho+ ColD 9.48e+13 6.06e+08
 Helium        1.00e+00 2.58e-09 6.79e-18 HeI 2s3S 6.72e-11 Comp H,C 5.27e-21 2.92e-22 Fill Fac 1.00e+00 Gam1/tot 1.00e+00
 He singlet n  1.00e+00 3.67e-13 4.77e-18 3.88e-19 2.13e-18 1.02e-19 He tripl 6.72e-11 2.40e-18 2.19e-20 2.20e-19 2.23e-19
 Pressure      NgasTgas 1.30e+15 P(total) 1.80e-01 P( gas ) 1.80e-01 P(Radtn) 0.00e+00 Rad accl 1.90e-04 ForceMul 3.73e+10
 Texc(La)      3.34e+03 T(I con) 1.50e+01 T(D con) 9.97e-01 T(U tot) 1.50e+01 nT (c+d) 3.85e+06 Prad/Gas 0.00e+00 Pmag/Gas 0.00e+00
 Molecules     CH/Ctot: 3.45e-08 CH+/Ctot 9.69e-11 CO/Ctot: 9.95e-01 CO+/Ctot 1.72e-11 H2O/Otot 2.35e-04 OH/Ototl 1.56e-03
 Lithium       9.83e-01 1.74e-02 5.12e-16 0.00e+00 Berylliu 9.98e-01 2.05e-03 7.24e-10 0.00e+00 0.00e+00 sec ion: 1.40e-13
 Boron         9.79e-01 2.14e-02 6.36e-13 0.00e+00 0.00e+00 0.00e+00
 Carbon        4.59e-03 8.33e-06 9.08e-15 0.00e+00 0.00e+00 0.00e+00 0.00e+00 H2O+/O   2.81e-06 OH+/Otot 7.56e-06 Hex(tot) 0.00e+00
 Nitrogen      2.56e-01 2.85e-08 5.45e-20 0.00e+00 0.00e+00 0.00e+00 0.00e+00 0.00e+00 O2/Ototl 2.47e-05 O2+/Otot 4.24e-07
 Oxygen        4.50e-01 2.01e-06 7.32e-18 0.00e+00 0.00e+00 0.00e+00 0.00e+00 0.00e+00 0.00e+00
 Fluorine      1.00e+00 2.15e-04 3.31e-11 0.00e+00 0.00e+00 0.00e+00 0.00e+00 0.00e+00 0.00e+00 0.00e+00
 Neon          1.00e+00 3.76e-05 3.06e-12 0.00e+00 0.00e+00 0.00e+00 0.00e+00 0.00e+00 0.00e+00 0.00e+00 0.00e+00
 Sodium        6.62e-01 3.38e-01 1.68e-08 0.00e+00 0.00e+00 0.00e+00 0.00e+00 0.00e+00 0.00e+00 0.00e+00 0.00e+00 0.00e+00
 Magnesium     6.83e-01 3.17e-01 7.77e-09 0.00e+00 0.00e+00 0.00e+00 0.00e+00 0.00e+00 0.00e+00 0.00e+00 0.00e+00 0.00e+00 0.00e+00
 Aluminium  0  5.81e-03 9.94e-01 4.47e-08 0.00e+00 0.00e+00 0.00e+00 0.00e+00 0.00e+00 0.00e+00 0.00e+00 0.00e+00 0.00e+00 0.00e+00
 Silicon    0  9.80e-01 4.93e-03 8.23e-15 0.00e+00 0.00e+00 0.00e+00 0.00e+00 0.00e+00 0.00e+00 0.00e+00 0.00e+00 0.00e+00 0.00e+00
 Phosphorus 0  3.47e-02 9.65e-01 5.39e-07 0.00e+00 0.00e+00 0.00e+00 0.00e+00 0.00e+00 0.00e+00 0.00e+00 0.00e+00 0.00e+00 0.00e+00
 Sulphur    0  9.88e-01 1.05e-03 5.12e-13 0.00e+00 0.00e+00 0.00e+00 0.00e+00 0.00e+00 0.00e+00 0.00e+00 0.00e+00 0.00e+00 0.00e+00
 Chlorine   0  9.94e-01 2.53e-03 2.71e-10 0.00e+00 0.00e+00 0.00e+00 0.00e+00 0.00e+00 0.00e+00 0.00e+00 0.00e+00 0.00e+00 0.00e+00
 Argon      0  1.00e+00 7.87e-08 2.05e-16 0.00e+00 0.00e+00 0.00e+00 0.00e+00 0.00e+00 0.00e+00 0.00e+00 0.00e+00 0.00e+00 0.00e+00
 Potassium  0  9.10e-01 9.03e-02 7.59e-09 0.00e+00 0.00e+00 0.00e+00 0.00e+00 0.00e+00 0.00e+00 0.00e+00 0.00e+00 0.00e+00 0.00e+00
 Calcium    0  9.88e-01 1.16e-02 8.88e-07 0.00e+00 0.00e+00 0.00e+00 0.00e+00 0.00e+00 0.00e+00 0.00e+00 0.00e+00 0.00e+00 0.00e+00
 Scandium   0  9.88e-01 1.21e-02 1.56e-06 0.00e+00 0.00e+00 0.00e+00 0.00e+00 0.00e+00 0.00e+00 0.00e+00 0.00e+00 0.00e+00 0.00e+00
 Titanium   0  4.76e-03 9.95e-01 1.56e-05 0.00e+00 0.00e+00 0.00e+00 0.00e+00 0.00e+00 0.00e+00 0.00e+00 0.00e+00 0.00e+00 0.00e+00
 Vanadium   0  9.97e-01 3.03e-03 3.43e-08 0.00e+00 0.00e+00 0.00e+00 0.00e+00 0.00e+00 0.00e+00 0.00e+00 0.00e+00 0.00e+00 0.00e+00
 Chromium   0  9.78e-01 2.16e-02 1.93e-11 0.00e+00 0.00e+00 0.00e+00 0.00e+00 0.00e+00 0.00e+00 0.00e+00 0.00e+00 0.00e+00 0.00e+00
 Manganese  0  5.00e-03 9.95e-01 5.77e-11 0.00e+00 0.00e+00 0.00e+00 0.00e+00 0.00e+00 0.00e+00 0.00e+00 0.00e+00 0.00e+00 0.00e+00
 Iron       0  2.83e-03 9.97e-01 1.04e-11 0.00e+00 0.00e+00 0.00e+00 0.00e+00 0.00e+00 0.00e+00 0.00e+00 0.00e+00 0.00e+00 0.00e+00
 Cobalt     0  9.99e-01 1.34e-03 1.16e-13 0.00e+00 0.00e+00 0.00e+00 0.00e+00 0.00e+00 0.00e+00 0.00e+00 0.00e+00 0.00e+00 0.00e+00
 Nickel     0  6.70e-03 9.93e-01 5.22e-11 0.00e+00 0.00e+00 0.00e+00 0.00e+00 0.00e+00 0.00e+00 0.00e+00 0.00e+00 0.00e+00 0.00e+00
 Copper     0  9.94e-01 6.20e-03 4.50e-09 0.00e+00 0.00e+00 0.00e+00 0.00e+00 0.00e+00 0.00e+00 0.00e+00 0.00e+00 0.00e+00 0.00e+00
 Zinc       0  9.99e-01 1.07e-03 3.61e-10 0.00e+00 0.00e+00 0.00e+00 0.00e+00 0.00e+00 0.00e+00 0.00e+00 0.00e+00 0.00e+00 0.00e+00
                                                                             
   Calculation stopped because lowest Te reached. Iteration 3 of 3
   The geometry is plane-parallel.
 W-Heating - cooling mismatch =8.13e+01%. What's wrong????
 C-Continuum zero at some energies.
 C-The H column density changed by 3.47e+02% and this is the last iteration.  What happened?
 C-The H2 column density changed by 3.57e+02% and this is the last iteration.  What happened?
 C-The Lya optical depth scale was overrun and this is the last iteration - Tspin(21 cm) is not valid.
 C-Another iteration is needed for Tspin(21 cm) to be valid.
 C-The local error in the electron density reached 15.2% at zone 1
  !Continuum fluorescent production of H-beta was very important.
  !H2 vib deexec heating reached 12.55% of the local heating.
  !Charge transfer ionization of H reached 2250.6% of the local H ionization rate.
  !The largest plasma frequency was 2.99e-06 Ryd = 3.05e+04 micron  The continuum is set to 0 below this.
  !AGE: Cloud age was not set.  Longest timescale was 3.89e+06 s = 1.48e+00 months.
  !The excitation temp of Lya exceeded the electron temp, largest value was 3.34e+03K (gas temp there was 1.20e+03K, zone   1)
  !The CMB was not included.  This is added with the CMB command.
  !The fraction of N  in N2 reached 74.4% at some point in the cloud.
  !The fraction of C  in CO reached 99.5% at some point in the cloud.
   The density is too low to l-mix the lowest He I collapsed level.  More resolved levels are needed for accurate line ratios.
   Grains were not present but might survive in this environment (energy density temperature was 1.50e+01K)
   The fraction of H  in H2 reached 0.501% at some point in the cloud.
   The fraction of O  in OH reached 0.157% at some point in the cloud.
   The fraction of Si in SiO reached 1.55% at some point in the cloud.
   The fraction of S  in HS reached 0.253% at some point in the cloud.
   The fraction of S  in SO reached 0.877% at some point in the cloud.
   The fraction of Cl in HCl reached 0.307% at some point in the cloud.

                       *********************************> Cloudy 13.03 <**********************************
                       * c                                                                               *
                       * phi(h) 10.000000 LOG range -0.000232 6.866524                                   *
                       * grid from 8 to 23 in 1 dex steps                                                *
                       * HDEN=12.000000 LOG                                                              *
                       * grid from 0 to 12 in 1 dex steps                                                *
                       * set pres ionize 1e5                                                             *
                       * c                                                                               *
                       * c                                                                               *
                       * table star "inst_padova_agbtrack_z.mod" age 6.78                                *
                       * c                                                                               *
                       * c                                                                               *
                       * abundances GASS10                                                               *
                       * c                                                                               *
                       * c                                                                               *
                       * iterate to convergence max = 7                                                  *
                       * stop column density = 23                                                        *
                       * c                                                                               *
                       * c                                                                               *
                       * print last                                                                      *
                       * set save prefix "padova_inst_6"                                                 *
                       * save grid ".grd" last no hash                                                   *
                       * save linelist "emissionlines_abs.txt" "LineList_HII.dat" absolute last no hash    *
                       *********************************> Log(U):-12.48 <*********************************
  
                       >>>>>>>>>> Warning!
                       >>>>>>>>>> Warning!
                       >>>>>>>>>> Warning!  Warnings exist, this calculation has serious problems.
                       >>>>>>>>>> Warning!
                       >>>>>>>>>> Warning!
  

                     Emission Line Spectrum.   Constant  Density Model.    Open geometry.  Iteration 3 of 3.
                                                     Intensity (erg/s/cm^2).


                                                   Intrinsic line intensities
 general properties..........      nInu 2.324m  -0.88335896.336      Ca B  3970A  -8.171   0.0018      OH   119.2m  -8.167   0.0019            
 TOTL  4861A  -5.438   1.0000      nFnu 1.643m  -7.442   0.0099      Ca B  3889A  -8.283   0.0014      OH   119.2m  -7.975   0.0029            
 TOTL  1216A  -3.168 186.1765      nInu 1.643m  -0.48290336.367      Ca B  3835A  -8.373   0.0012      OH   53.34m  -8.356   0.0012            
 Inci     0    1.0553108404.8      nFnu 1.480m  -4.893   3.5043      Ca B 1.875m  -7.961   0.0030      OH   53.25m  -8.363   0.0012            
 TotH     0   -4.806   4.2855      nInu 1.480m  -0.418104766.34      Ca B 1.282m  -8.265   0.0015      OH   84.57m  -7.205   0.0171            
 TotC     0   -5.180   1.8093      nFnu 1.436m  -4.806   4.2874      H  1  1216A  -3.168 186.1765      OH   84.57m  -7.336   0.0127            
 BFH1     0   -4.882   3.5956      nInu 1.436m  -0.393110843.96      H  1  1026A  -3.594  69.8083      OH   84.40m  -7.202   0.0172            
 Line     0   -8.239   0.0016      nFnu 1.119m  -4.939   3.1516      H  1 972.5A  -4.203  17.1554      OH   84.40m  -7.332   0.0127            
 BFHe     0   -6.725   0.0516      nInu 1.119m  -0.226162885.94      H  1 949.7A  -4.246  15.5521      OH   98.71m  -7.787   0.0045            
 TotM     0   -6.663   0.0595      nFnu  8330A  -5.943   0.3125      H  1 937.8A  -4.648   6.1675      OH   48.80m  -8.258   0.0015            
 H FB     0   -8.156   0.0019      nInu  8330A  -0.069233609.34      H  1 930.8A  -5.054   2.4212      OH   98.71m  -7.595   0.0070            
 HFBc     0   -8.156   0.0019      nFnu  8079A  -6.010   0.2679      H  1 926.2A  -5.362   1.1901      OH   48.80m  -8.103   0.0022            
 H2O      0   -5.924   0.3263      nInu  8079A  -0.044247897.27      H  1 923.2A  -5.591   0.7034      OH   98.70m  -7.787   0.0045            
 H2O      0   -6.404   0.1081      nFnu  6210A  -7.588   0.0071      H  1 921.0A  -5.853   0.3844      OH   48.69m  -8.267   0.0015            
 OH       0   -6.381   0.1139      nInu  6210A   0.143380902.94      H  1  6563A  -4.890   3.5343      OH   98.70m  -7.595   0.0070            
 SiO      0   -7.447   0.0098      nInu  4885A   0.293538513.00      H  1  4861A  -5.438   1.0000      OH   48.69m  -8.112   0.0021            
 CO       0   -6.264   0.1491      nInu  3704A   0.394678832.25      H  1  4340A  -5.486   0.8941      CO   173.6m  -8.397   0.0011            
 13CO     0   -7.884   0.0036      nFnu  3588A  -6.123   0.2064      H  1  4102A  -5.715   0.5281      CO   162.8m  -8.292   0.0014            
 continua....................      nInu  3588A   0.393678135.69      H  1  3970A  -5.993   0.2785      CO   153.2m  -8.198   0.0017            
 Bac   3646A  -5.918   0.3311      nInu  2430A   0.6661269873.8      H  1  3889A  -6.249   0.1544      CO   144.7m  -8.113   0.0021            
 nFnu  3645A  -5.917   0.3314      nInu  2392A   0.6711283780.2      H  1  3835A  -6.461   0.0948      CO   137.2m  -8.038   0.0025            
 cout  3646A  -6.219   0.1656      nFnu  2071A  -5.298   1.3795      H  1  3798A  -6.716   0.0527      CO   130.3m  -7.970   0.0029            
 cref  3646A  -6.219   0.1656      nInu  2071A   0.7721622744.9      H  1 1.875m  -5.954   0.3046      CO   124.2m  -7.910   0.0034            
 thin  3646A  -5.918   0.3311      nFnu  2053A  -5.544   0.7839      H  1 1.282m  -6.085   0.2253      CO   118.5m  -7.858   0.0038            
 Inci  4860A   0.273513830.00      nInu  2053A   0.7681606270.9      H  1 1.094m  -6.266   0.1484      CO   113.4m  -7.812   0.0042            
 Inci  1215A   0.8812084736.9      nFnu  1793A  -8.256   0.0015      H  1 1.005m  -6.522   0.0823      CO   108.7m  -7.772   0.0046            
 Ba C     0   -7.396   0.0110      nInu  1793A   0.8561967768.0      H  1  9546A  -6.771   0.0464      CO   104.4m  -7.739   0.0050            
 PA C     0   -7.758   0.0048      nFnu  1585A  -6.788   0.0446      H  1  9229A  -6.980   0.0287      CO   100.4m  -7.711   0.0053            
 FIR  83.00m  -1.4609506.9580      nInu  1585A   0.8491935657.2      H  1  9015A  -7.233   0.0160      CO   96.75m  -7.689   0.0056            
 TIR   1800m  -3.763  47.3496      nFnu  1458A  -7.513   0.0084      H  1 4.051m  -6.457   0.0956      CO   93.32m  -7.671   0.0058            
 NIRa 2.850m  -0.147195292.50      nInu  1458A   0.9502442737.2      H  1 2.625m  -6.644   0.0622      CO   90.14m  -7.659   0.0060            
 NIRb 3.000m  -0.431101578.35      nFnu  1357A  -8.072   0.0023      H  1 2.166m  -6.898   0.0346      CO   87.17m  -7.652   0.0061            
 MIRa 15.00m  -1.8154196.1084      nInu  1357A   1.0132825981.0      H  1 1.945m  -7.144   0.0197      CO   84.39m  -7.649   0.0062            
 MIRb 22.50m  -1.6665911.7280      nFnu  1297A  -7.921   0.0033      H  1 1.817m  -7.351   0.0122      CO   81.78m  -7.650   0.0061            
 NMIR 21.75m  -0.147195292.50      nInu  1297A   0.9842642351.0      H  1 1.736m  -7.603   0.0068      CO   79.34m  -7.657   0.0060            
 TFIR 611.2m  -1.9722923.3782      nFnu  1263A  -7.566   0.0074      H  1 7.458m  -6.957   0.0302      CO   77.04m  -7.667   0.0059            
 TALL 10000A   1.0553108689.5      nInu  1263A   1.0112813916.2      H  1 4.653m  -7.198   0.0174      CO   74.87m  -7.681   0.0057            
 F12  12.00m  -2.3631187.5790      nFnu  1218A  -4.985   2.8377      H  1 3.740m  -7.439   0.0100      CO   72.82m  -7.700   0.0055            
 F25  25.00m  -2.3111338.0803      nInu  1218A   0.8792076531.4      H  1 3.296m  -7.643   0.0062      CO   70.89m  -7.722   0.0052            
 F60  60.00m  -1.8593790.5288      nFnu  1196A  -6.871   0.0369      H  1 3.038m  -7.893   0.0035      CO   69.06m  -7.748   0.0049            
 F100 100.0m  -2.0472461.4460      nInu  1196A   0.9432402220.0      H  1 12.37m  -7.470   0.0093      CO   67.32m  -7.778   0.0046            
 MIPS 24.00m  -2.626 649.0847      nFnu  1175A  -7.707   0.0054      H  1 7.500m  -7.689   0.0056      CO   65.67m  -7.812   0.0042            
 MIPS 70.00m  -2.2171664.3123      nInu  1175A   0.8231822717.2      H  1 5.907m  -7.886   0.0036      CO   64.10m  -7.849   0.0039            
 MIPS 160.0m  -2.442 990.8309      nFnu  1144A  -7.950   0.0031      H  1 5.127m  -8.133   0.0020      CO   62.61m  -7.890   0.0035            
 IRAC 3.600m  -1.9642977.3723      nInu  1144A   1.0503075899.0      H  1 19.06m  -7.929   0.0032      CO   61.18m  -7.934   0.0032            
 IRAC 4.500m  -2.2541528.0498      nFnu  1113A  -8.114   0.0021      H  1 11.31m  -8.101   0.0022      CO   59.83m  -7.982   0.0029            
 IRAC 5.800m  -2.453 965.4731      nInu  1113A   1.0362975156.5      H  1 8.758m  -8.341   0.0012      CO   58.53m  -8.034   0.0025            
 IRAC 8.000m  -2.496 874.1786      nFnu  1103A  -8.142   0.0020      H  1 27.80m  -8.316   0.0013      CO   57.29m  -8.088   0.0022            
 SPR1 250.0m  -2.864 374.9701      nInu  1103A   1.0603147950.5      He-like iso-sequence........      CO   56.11m  -8.146   0.0020            
 SPR2 350.0m  -3.300 137.3973      nFnu  1074A  -8.204   0.0017      Hlin 506.0A  -7.700   0.0055      CO   54.97m  -8.207   0.0017            
 SPR3 500.0m  -3.688  56.2438      nInu  1074A   1.0513084716.2      He 1     0   -8.300   0.0014      CO   53.88m  -8.272   0.0015            
 PAC1 70.00m  -2.1541920.7733      nFnu  1064A  -8.223   0.0016      He 1 584.3A  -5.685   0.5659      CO   52.84m  -8.340   0.0013            
 PAC2 100.0m  -2.0422489.7983      nInu  1064A   1.0322953503.2      He 1 537.0A  -6.470   0.0928      CO   51.84m  -8.411   0.0011            
 PAC3 160.0m  -2.1851790.6564      nFnu  1036A  -8.248   0.0015      He 1 522.2A  -6.790   0.0444      level 1 lines...............            
 PAH  3.300m  -2.747 490.5002      nInu  1036A   0.9892672970.5      He 1 515.6A  -7.076   0.0230      N  1 953.9A  -8.350   0.0012            
 PAHC 3.230m  -3.009 268.5267      nFnu  1000A  -8.227   0.0016      He 1 512.1A  -7.319   0.0131      N  1  1200A  -7.302   0.0137            
 PAHC 3.370m  -3.085 225.3612      nInu  1000A   0.9862653370.8      Pho+  3889A  -6.346   0.1237      O  1 63.17m  -7.751   0.0049            
 PAH  6.200m  -2.998 275.2370      nFnu 925.1A  -8.207   0.0017      database lines..............      Na 1  5892A  -8.081   0.0023            
 PAHC 5.650m  -2.900 344.9169      nInu 925.1A   0.7451523113.4      H2O  66.42m  -8.187   0.0018      Mg 1  2853A  -6.398   0.1097            
 PAH  7.900m  -2.964 297.8666      nFnu 897.8A  -5.363   1.1888      H2O  58.68m  -8.032   0.0025      Mg 1  2026A  -7.456   0.0096            
 PAHC 6.900m  -2.824 410.8521      nInu 897.8A  -0.108213676.61      H2O  49.32m  -7.619   0.0066      TOTL  2798A  -6.988   0.0282            
 PAH  11.30m  -3.578  72.3772      nFnu 760.0A  -8.177   0.0018      H2O  45.10m  -8.394   0.0011      Mg 2  2796A  -7.166   0.0187            
 PAHC 10.90m  -3.569  74.0189      nInu 760.0A  -0.251153705.83      H2O  47.96m  -7.848   0.0039      Mg 2  2803A  -7.461   0.0095            
 PAH  11.80m  -3.350 122.3198      nFnu 701.5A  -8.223   0.0016      H2O  43.88m  -7.500   0.0087      Si 1  2518A  -7.169   0.0186            
 PAHC 12.65m  -3.366 118.0470      nInu 701.5A  -0.409106757.77      H2O  39.36m  -7.249   0.0154      Si 1  2215A  -7.772   0.0046            
 PAH  13.30m  -3.321 130.7487      nInu 608.2A  -0.59170342.211      H2O  82.01m  -8.315   0.0013      S  1 25.19m  -7.463   0.0094            
 PAHC 14.10m  -3.337 126.0640      nInu 575.1A  -0.60967367.500      H2O  65.15m  -8.172   0.0018      Cl 1 11.33m  -8.017   0.0026            
 Bcon  3640A   0.9572479933.0      nInu 511.9A  -0.79244289.398      H2O  30.89m  -8.329   0.0013      Ca 1  4228A  -7.418   0.0105            
 Pcon  5000A   0.156392201.72      nInu 496.9A  -1.5018654.1934      H2O  49.38m  -7.848   0.0039      Fe2c     0   -6.611   0.0670            
 HFFc     0   -5.654   0.6084      nInu 399.2A  -1.6106725.4097      H2O  40.33m  -7.444   0.0099      Fe 2  2400A  -6.827   0.0408            
 MeFB     0   -7.372   0.0116      RRC.........................      H2O  35.93m  -7.183   0.0180      Fe 2 25.98m  -6.959   0.0301            
 MeFF     0   -7.896   0.0035      H  1 911.8A  -6.537   0.0797      H2O  33.00m  -7.016   0.0264      Fe 2 35.34m  -7.483   0.0090            
 ToFF     0   -7.844   0.0039      H  1  3646A  -7.962   0.0030      H2O  71.93m  -8.080   0.0023      Fe 2 51.29m  -8.253   0.0015            
 nInu 2.003c  -8.095   0.0022      H  1  3646A  -7.535   0.0080      H2O  66.07m  -8.190   0.0018      Fe 2 17.93m  -7.395   0.0110            
 nInu 1.335c  -7.561   0.0075      H  1  8204A  -8.260   0.0015      H2O  29.83m  -8.180   0.0018      Fe 2 24.51m  -8.027   0.0026            
 nInu  9993m  -7.183   0.0180      H  1  8204A  -8.223   0.0016      H2O  34.54m  -7.728   0.0051      Fe 2  1786A  -6.279   0.1442            
 nInu  6917m  -6.708   0.0537      Mg 1  1622A  -8.098   0.0022      H2O  35.42m  -7.368   0.0117      recombination...............            
 nFnu 122.4m  -7.094   0.0221      Al 1  2071A  -6.996   0.0276      H2O  32.98m  -7.145   0.0196      level2 lines................            
 nInu 122.4m  -1.6316413.5840      Si 1  1521A  -8.278   0.0014      H2O  30.52m  -6.992   0.0279      N  1 942.3A  -8.391   0.0011            
 nFnu 60.83m  -6.712   0.0532      Fe 1  1569A  -6.835   0.0401      H2O  63.31m  -7.873   0.0037      N  1 952.1A  -8.365   0.0012            
 nInu 60.83m  -1.6785753.4736      Ni 1  1624A  -8.313   0.0013      H2O  55.12m  -7.853   0.0038      N  1  1131A  -8.432   0.0010            
 nFnu 41.22m  -6.512   0.0843      grains......................      H2O  23.81m  -8.061   0.0024      O  1 867.3A  -8.037   0.0025            
 nInu 41.22m  -1.7894450.1748      H-like iso-sequence.........      H2O  44.69m  -7.740   0.0050      O  1 787.5A  -8.267   0.0015            
 nFnu 30.87m  -6.374   0.1159      Hlin 912.0A  -7.910   0.0034      H2O  23.89m  -7.878   0.0036      O  1 976.8A  -7.437   0.0100            
 nInu 30.87m  -1.8873556.9421      Hrst     0   -7.998   0.0028      H2O  35.66m  -7.448   0.0098      O  1 969.0A  -7.645   0.0062            
 nFnu 24.78m  -6.277   0.1448      CION     0   -8.331   0.0013      H2O  21.15m  -8.230   0.0016      O  1 946.4A  -8.001   0.0027            
 nInu 24.78m  -1.9622993.0400      Ca B  1216A  -6.208   0.1698      H2O  30.86m  -7.147   0.0195      O  1 934.5A  -8.326   0.0013            
 nFnu 24.30m  -6.269   0.1476      Q(H)  4861A  -2.0922216.2346      H2O  56.80m  -7.720   0.0052      Mg 1  1817A  -8.090   0.0022            
 nInu 24.30m  -1.9692946.4438      Q(H)  1216A  -0.78744783.020      H2O  51.67m  -7.765   0.0047      Al 2  1671A  -7.272   0.0147            
 nFnu 22.83m  -6.244   0.1562      CaBo  4861A  -7.692   0.0056      H2O  21.84m  -8.032   0.0025      Si 1  1261A  -7.002   0.0273            
 nInu 22.83m  -1.9892810.9487      Ca A  1216A  -6.184   0.1796      H2O  51.06m  -8.040   0.0025      Si 1  1853A  -7.071   0.0233            
 nFnu 21.42m  -6.219   0.1657      Ca A  1026A  -6.906   0.0341      H2O  51.43m  -7.598   0.0069      Si 1  1694A  -7.267   0.0148            
 nInu 21.42m  -2.0112671.1809      Ca A 972.5A  -7.282   0.0143      H2O  47.03m  -7.512   0.0084      Si 1  1626A  -7.557   0.0076            
 nFnu 21.12m  -6.213   0.1679      Ca A 949.7A  -7.502   0.0086      H2O  28.58m  -6.891   0.0352      Si 1  1091A  -7.588   0.0071            
 nInu 21.12m  -2.0162639.9363      Ca A 937.8A  -7.615   0.0067      H2O  25.16m  -7.723   0.0052      Si 1  2000A  -7.766   0.0047            
 nFnu 19.62m  -6.186   0.1784      Ca A 930.8A  -7.677   0.0058      H2O  28.23m  -7.397   0.0110      Si 1  1591A  -7.789   0.0045            
 nInu 19.62m  -2.0372516.5757      Ca A 926.2A  -7.722   0.0052      H2O  46.60m  -7.630   0.0064      Si 1  1668A  -7.934   0.0032            
 nFnu 17.65m  -6.148   0.1951      Ca A 923.2A  -7.761   0.0048      H2O  49.27m  -8.092   0.0022      Si 1  1570A  -8.038   0.0025            
 nInu 17.65m  -2.0552414.7361      Ca A 921.0A  -7.799   0.0044      H2O  53.12m  -8.396   0.0011      Si 1  1616A  -8.022   0.0026            
 nFnu 17.37m  -6.142   0.1974      Ca A 919.4A  -7.831   0.0040      H2O  44.18m  -7.983   0.0029      Si 1  1834A  -8.010   0.0027            
 nInu 17.37m  -2.0572401.1777      Ca A 918.1A  -7.854   0.0038      H2O  39.37m  -7.723   0.0052      Si 1  1557A  -8.243   0.0016            
 nFnu 15.69m  -6.111   0.2125      Ca A 917.2A  -7.867   0.0037      H2O  40.75m  -8.238   0.0016      Si 1  1586A  -8.259   0.0015            
 nInu 15.69m  -2.0742312.6794      Ca A 916.4A  -7.874   0.0037      H2O  39.39m  -7.890   0.0035      Si 1  1019A  -8.379   0.0011            
 nFnu 14.60m  -6.090   0.2227      Ca A 915.8A  -7.881   0.0036      H2O  35.89m  -7.655   0.0061      Si 1  1768A  -8.390   0.0011            
 nInu 14.60m  -2.0852252.6772      Ca A 915.3A  -7.894   0.0035      H2O  57.69m  -8.411   0.0011      Si 1  1682A  -8.386   0.0011            
 nFnu 12.43m  -6.049   0.2450      Ca A 914.9A  -7.914   0.0033      H2O  37.56m  -7.900   0.0034      S  1  1356A  -7.630   0.0064            
 nInu 12.43m  -2.1122117.3433      Ca A 914.6A  -7.942   0.0031      H2O  33.12m  -7.624   0.0065      S  1  1227A  -7.808   0.0043            
 nFnu 11.40m  -6.031   0.2549      Ca A 914.3A  -7.975   0.0029      H2O  33.00m  -7.489   0.0089      S  1  1662A  -7.892   0.0035            
 nInu 11.40m  -2.1262050.8206      Ca A 914.0A  -8.014   0.0027      H2O  28.58m  -7.365   0.0118      S  1  1392A  -8.301   0.0014            
 nFnu 10.46m  -6.017   0.2633      Ca A 913.8A  -8.056   0.0024      H2O  51.45m  -8.072   0.0023      S  1  1265A  -8.381   0.0011            
 nInu 10.46m  -2.1401986.3962      Ca A 913.6A  -8.102   0.0022      H2O  56.76m  -8.192   0.0018      Ar 1  1096A  -8.033   0.0025            
 nFnu 9.480m  -6.006   0.2705      Ca A 913.5A  -8.149   0.0019      H2O  21.83m  -8.228   0.0016      hyperfine structure.........            
 nInu 9.480m  -2.1362004.3296      Ca A 913.3A  -8.198   0.0017      H2O  47.02m  -8.120   0.0021      inner shell.................            
 nFnu 9.325m  -6.004   0.2713      Ca A  6563A  -7.298   0.0138      H2O  47.03m  -7.985   0.0028      molecules...................            
 nInu 9.325m  -2.1322021.6215      Ca A  4861A  -7.752   0.0049      H2O  30.52m  -7.465   0.0094      H2dH     0   -7.275   0.0145            
 nFnu 8.210m  -5.998   0.2753      Ca A  4340A  -8.057   0.0024      H2O  29.36m  -8.194   0.0018      H2vH     0   -5.707   0.5379            
 nInu 8.210m  -2.0872245.3809      Ca A  4102A  -8.261   0.0015      H2O  31.73m  -7.837   0.0040      H-FB     0   -5.877   0.3641            
 nFnu 7.580m  -5.999   0.2745      Ca A  3970A  -8.398   0.0011      H2O  30.46m  -7.604   0.0068      H-FF     0   -5.657   0.6044            
 nInu 7.580m  -2.0462464.0190      Ca A 1.875m  -8.079   0.0023      H2O  50.62m  -8.202   0.0017      H-CT  6563A  -8.398   0.0011            
 nFnu 7.050m  -6.004   0.2717      Ca A 1.282m  -8.401   0.0011      H2O  42.85m  -8.165   0.0019      H2+      0   -7.037   0.0251            
 nInu 7.050m  -2.0042716.4248      Ca B  6563A  -7.061   0.0238      H2O  34.39m  -7.958   0.0030      COdh     0   -7.883   0.0036            
 nFnu 4.114m  -6.181   0.1805      Ca B  4861A  -7.515   0.0084      H2O  63.44m  -8.350   0.0012            
 nInu 4.114m  -1.4829026.5840      Ca B  4340A  -7.818   0.0042      OH   119.4m  -8.170   0.0019            
 nFnu 2.324m  -6.780   0.0455      Ca B  4102A  -8.024   0.0026      OH   119.4m  -7.978   0.0029            

                                                    Emergent line intensities
 general properties..........      nInu  8330A  -0.069233609.34      H  1 926.2A  -5.362   1.1901      OH   119.2m  -7.975   0.0029            
 TOTL  4861A  -5.438   1.0000      nFnu  8079A  -6.010   0.2679      H  1 923.2A  -5.591   0.7034      OH   53.34m  -8.356   0.0012            
 TOTL  1216A  -3.168 186.1762      nInu  8079A  -0.044247897.27      H  1 921.0A  -5.853   0.3844      OH   53.25m  -8.363   0.0012            
 continua....................      nFnu  6210A  -7.588   0.0071      H  1  6563A  -4.890   3.5343      OH   84.57m  -7.205   0.0171            
 Bac   3646A  -5.918   0.3311      nInu  6210A   0.143380902.94      H  1  4861A  -5.438   1.0000      OH   84.57m  -7.336   0.0127            
 nFnu  3645A  -5.917   0.3314      nInu  4885A   0.293538513.00      H  1  4340A  -5.486   0.8941      OH   84.40m  -7.202   0.0172            
 cout  3646A  -6.219   0.1656      nInu  3704A   0.394678832.25      H  1  4102A  -5.715   0.5281      OH   84.40m  -7.332   0.0127            
 cref  3646A  -6.219   0.1656      nFnu  3588A  -6.123   0.2064      H  1  3970A  -5.993   0.2785      OH   98.71m  -7.787   0.0045            
 thin  3646A  -5.918   0.3311      nInu  3588A   0.393678135.69      H  1  3889A  -6.249   0.1544      OH   48.80m  -8.258   0.0015            
 Inci  4860A   0.273513830.00      nInu  2430A   0.6661269873.8      H  1  3835A  -6.461   0.0948      OH   98.71m  -7.595   0.0070            
 Inci  1215A   0.8812084736.9      nInu  2392A   0.6711283780.2      H  1  3798A  -6.716   0.0527      OH   48.80m  -8.103   0.0022            
 FIR  83.00m  -1.4609506.9580      nFnu  2071A  -5.298   1.3795      H  1 1.875m  -5.954   0.3046      OH   98.70m  -7.787   0.0045            
 TIR   1800m  -3.763  47.3496      nInu  2071A   0.7721622744.9      H  1 1.282m  -6.085   0.2253      OH   48.69m  -8.267   0.0015            
 NIRa 2.850m  -0.147195292.50      nFnu  2053A  -5.544   0.7839      H  1 1.094m  -6.266   0.1484      OH   98.70m  -7.595   0.0070            
 NIRb 3.000m  -0.431101578.35      nInu  2053A   0.7681606270.9      H  1 1.005m  -6.522   0.0823      OH   48.69m  -8.112   0.0021            
 MIRa 15.00m  -1.8154196.1084      nFnu  1793A  -8.256   0.0015      H  1  9546A  -6.771   0.0464      CO   173.6m  -8.397   0.0011            
 MIRb 22.50m  -1.6665911.7280      nInu  1793A   0.8561967768.0      H  1  9229A  -6.980   0.0287      CO   162.8m  -8.292   0.0014            
 NMIR 21.75m  -0.147195292.50      nFnu  1585A  -6.788   0.0446      H  1  9015A  -7.233   0.0160      CO   153.2m  -8.198   0.0017            
 TFIR 611.2m  -1.9722923.3782      nInu  1585A   0.8491935657.2      H  1 4.051m  -6.457   0.0956      CO   144.7m  -8.113   0.0021            
 TALL 10000A   1.0553108689.5      nFnu  1458A  -7.513   0.0084      H  1 2.625m  -6.644   0.0622      CO   137.2m  -8.038   0.0025            
 F12  12.00m  -2.3631187.5790      nInu  1458A   0.9502442737.2      H  1 2.166m  -6.898   0.0346      CO   130.3m  -7.970   0.0029            
 F25  25.00m  -2.3111338.0803      nFnu  1357A  -8.072   0.0023      H  1 1.945m  -7.144   0.0197      CO   124.2m  -7.910   0.0034            
 F60  60.00m  -1.8593790.5288      nInu  1357A   1.0132825981.0      H  1 1.817m  -7.351   0.0122      CO   118.5m  -7.858   0.0038            
 F100 100.0m  -2.0472461.4460      nFnu  1297A  -7.921   0.0033      H  1 1.736m  -7.603   0.0068      CO   113.4m  -7.812   0.0042            
 MIPS 24.00m  -2.626 649.0847      nInu  1297A   0.9842642351.0      H  1 7.458m  -6.957   0.0302      CO   108.7m  -7.772   0.0046            
 MIPS 70.00m  -2.2171664.3123      nFnu  1263A  -7.566   0.0074      H  1 4.653m  -7.198   0.0174      CO   104.4m  -7.739   0.0050            
 MIPS 160.0m  -2.442 990.8309      nInu  1263A   1.0112813916.2      H  1 3.740m  -7.439   0.0100      CO   100.4m  -7.711   0.0053            
 IRAC 3.600m  -1.9642977.3723      nFnu  1218A  -4.985   2.8377      H  1 3.296m  -7.643   0.0062      CO   96.75m  -7.689   0.0056            
 IRAC 4.500m  -2.2541528.0498      nInu  1218A   0.8792076531.4      H  1 3.038m  -7.893   0.0035      CO   93.32m  -7.671   0.0058            
 IRAC 5.800m  -2.453 965.4731      nFnu  1196A  -6.871   0.0369      H  1 12.37m  -7.470   0.0093      CO   90.14m  -7.659   0.0060            
 IRAC 8.000m  -2.496 874.1786      nInu  1196A   0.9432402220.0      H  1 7.500m  -7.689   0.0056      CO   87.17m  -7.652   0.0061            
 SPR1 250.0m  -2.864 374.9701      nFnu  1175A  -7.707   0.0054      H  1 5.907m  -7.886   0.0036      CO   84.39m  -7.649   0.0062            
 SPR2 350.0m  -3.300 137.3973      nInu  1175A   0.8231822717.2      H  1 5.127m  -8.133   0.0020      CO   81.78m  -7.650   0.0061            
 SPR3 500.0m  -3.688  56.2438      nFnu  1144A  -7.950   0.0031      H  1 19.06m  -7.929   0.0032      CO   79.34m  -7.657   0.0060            
 PAC1 70.00m  -2.1541920.7733      nInu  1144A   1.0503075899.0      H  1 11.31m  -8.101   0.0022      CO   77.04m  -7.667   0.0059            
 PAC2 100.0m  -2.0422489.7983      nFnu  1113A  -8.114   0.0021      H  1 8.758m  -8.341   0.0012      CO   74.87m  -7.681   0.0057            
 PAC3 160.0m  -2.1851790.6564      nInu  1113A   1.0362975156.5      H  1 27.80m  -8.316   0.0013      CO   72.82m  -7.700   0.0055            
 PAH  3.300m  -2.747 490.5002      nFnu  1103A  -8.142   0.0020      He-like iso-sequence........      CO   70.89m  -7.722   0.0052            
 PAHC 3.230m  -3.009 268.5267      nInu  1103A   1.0603147950.5      Hlin 506.0A  -7.700   0.0055      CO   69.06m  -7.748   0.0049            
 PAHC 3.370m  -3.085 225.3612      nFnu  1074A  -8.204   0.0017      He 1 584.3A  -5.686   0.5653      CO   67.32m  -7.778   0.0046            
 PAH  6.200m  -2.998 275.2370      nInu  1074A   1.0513084716.2      He 1 537.0A  -6.471   0.0927      CO   65.67m  -7.812   0.0042            
 PAHC 5.650m  -2.900 344.9169      nFnu  1064A  -8.223   0.0016      He 1 522.2A  -6.791   0.0444      CO   64.10m  -7.849   0.0039            
 PAH  7.900m  -2.964 297.8666      nInu  1064A   1.0322953503.2      He 1 515.6A  -7.076   0.0230      CO   62.61m  -7.890   0.0035            
 PAHC 6.900m  -2.824 410.8521      nFnu  1036A  -8.248   0.0015      He 1 512.1A  -7.320   0.0131      CO   61.18m  -7.934   0.0032            
 PAH  11.30m  -3.578  72.3772      nInu  1036A   0.9892672970.5      Pho+  3889A  -6.346   0.1237      CO   59.83m  -7.982   0.0029            
 PAHC 10.90m  -3.569  74.0189      nFnu  1000A  -8.227   0.0016      database lines..............      CO   58.53m  -8.034   0.0025            
 PAH  11.80m  -3.350 122.3198      nInu  1000A   0.9862653370.8      H2O  66.42m  -8.187   0.0018      CO   57.29m  -8.088   0.0022            
 PAHC 12.65m  -3.366 118.0470      nFnu 925.1A  -8.207   0.0017      H2O  58.68m  -8.032   0.0025      CO   56.11m  -8.146   0.0020            
 PAH  13.30m  -3.321 130.7487      nInu 925.1A   0.7451523113.4      H2O  49.32m  -7.619   0.0066      CO   54.97m  -8.207   0.0017            
 PAHC 14.10m  -3.337 126.0640      nFnu 897.8A  -5.363   1.1888      H2O  45.10m  -8.394   0.0011      CO   53.88m  -8.272   0.0015            
 Bcon  3640A   0.9572479933.0      nInu 897.8A  -0.108213676.61      H2O  47.96m  -7.848   0.0039      CO   52.84m  -8.340   0.0013            
 Pcon  5000A   0.156392201.72      nFnu 760.0A  -8.177   0.0018      H2O  43.88m  -7.500   0.0087      CO   51.84m  -8.411   0.0011            
 nInu 2.003c  -8.095   0.0022      nInu 760.0A  -0.251153705.83      H2O  39.36m  -7.249   0.0154      level 1 lines...............            
 nInu 1.335c  -7.561   0.0075      nFnu 701.5A  -8.223   0.0016      H2O  82.01m  -8.315   0.0013      N  1 953.9A  -8.350   0.0012            
 nInu  9993m  -7.183   0.0180      nInu 701.5A  -0.409106757.77      H2O  65.15m  -8.172   0.0018      N  1  1200A  -7.302   0.0137            
 nInu  6917m  -6.708   0.0537      nInu 608.2A  -0.59170342.211      H2O  30.89m  -8.329   0.0013      O  1 63.17m  -7.751   0.0049            
 nFnu 122.4m  -7.094   0.0221      nInu 575.1A  -0.60967367.500      H2O  49.38m  -7.848   0.0039      Na 1  5892A  -8.081   0.0023            
 nInu 122.4m  -1.6316413.5840      nInu 511.9A  -0.79244289.398      H2O  40.33m  -7.444   0.0099      Mg 1  2853A  -6.398   0.1097            
 nFnu 60.83m  -6.712   0.0532      nInu 496.9A  -1.5018654.1934      H2O  35.93m  -7.183   0.0180      Mg 1  2026A  -7.456   0.0096            
 nInu 60.83m  -1.6785753.4736      nInu 399.2A  -1.6106725.4097      H2O  33.00m  -7.016   0.0264      TOTL  2798A  -6.988   0.0282            
 nFnu 41.22m  -6.512   0.0843      RRC.........................      H2O  71.93m  -8.080   0.0023      Mg 2  2796A  -7.166   0.0187            
 nInu 41.22m  -1.7894450.1748      grains......................      H2O  66.07m  -8.190   0.0018      Mg 2  2803A  -7.461   0.0095            
 nFnu 30.87m  -6.374   0.1159      H-like iso-sequence.........      H2O  29.83m  -8.180   0.0018      Si 1  2518A  -7.169   0.0186            
 nInu 30.87m  -1.8873556.9421      Hlin 912.0A  -7.910   0.0034      H2O  34.54m  -7.728   0.0051      Si 1  2215A  -7.772   0.0046            
 nFnu 24.78m  -6.277   0.1448      Ca B  1216A  -6.208   0.1698      H2O  35.42m  -7.368   0.0117      S  1 25.19m  -7.463   0.0094            
 nInu 24.78m  -1.9622993.0400      Q(H)  4861A  -2.0922216.2346      H2O  32.98m  -7.145   0.0196      Cl 1 11.33m  -8.017   0.0026            
 nFnu 24.30m  -6.269   0.1476      Q(H)  1216A  -0.78744783.020      H2O  30.52m  -6.992   0.0279      Ca 1  4228A  -7.418   0.0105            
 nInu 24.30m  -1.9692946.4438      CaBo  4861A  -7.694   0.0055      H2O  63.31m  -7.873   0.0037      Fe 2  2400A  -6.827   0.0408            
 nFnu 22.83m  -6.244   0.1562      Ca A  1216A  -6.184   0.1796      H2O  55.12m  -7.853   0.0038      Fe 2 25.98m  -6.959   0.0301            
 nInu 22.83m  -1.9892810.9487      Ca A  1026A  -6.906   0.0341      H2O  23.81m  -8.061   0.0024      Fe 2 35.34m  -7.483   0.0090            
 nFnu 21.42m  -6.219   0.1657      Ca A 972.5A  -7.282   0.0143      H2O  44.69m  -7.740   0.0050      Fe 2 51.29m  -8.253   0.0015            
 nInu 21.42m  -2.0112671.1809      Ca A 949.7A  -7.502   0.0086      H2O  23.89m  -7.878   0.0036      Fe 2 17.93m  -7.395   0.0110            
 nFnu 21.12m  -6.213   0.1679      Ca A 937.8A  -7.615   0.0067      H2O  35.66m  -7.448   0.0098      Fe 2 24.51m  -8.027   0.0026            
 nInu 21.12m  -2.0162639.9363      Ca A 930.8A  -7.677   0.0058      H2O  21.15m  -8.230   0.0016      Fe 2  1786A  -6.279   0.1442            
 nFnu 19.62m  -6.186   0.1784      Ca A 926.2A  -7.722   0.0052      H2O  30.86m  -7.147   0.0195      recombination...............            
 nInu 19.62m  -2.0372516.5757      Ca A 923.2A  -7.761   0.0048      H2O  56.80m  -7.720   0.0052      level2 lines................            
 nFnu 17.65m  -6.148   0.1951      Ca A 921.0A  -7.799   0.0044      H2O  51.67m  -7.765   0.0047      N  1 942.3A  -8.391   0.0011            
 nInu 17.65m  -2.0552414.7361      Ca A 919.4A  -7.831   0.0040      H2O  21.84m  -8.032   0.0025      N  1 952.1A  -8.365   0.0012            
 nFnu 17.37m  -6.142   0.1974      Ca A 918.1A  -7.854   0.0038      H2O  51.06m  -8.040   0.0025      N  1  1131A  -8.432   0.0010            
 nInu 17.37m  -2.0572401.1777      Ca A 917.2A  -7.867   0.0037      H2O  51.43m  -7.598   0.0069      O  1 867.3A  -8.037   0.0025            
 nFnu 15.69m  -6.111   0.2125      Ca A 916.4A  -7.874   0.0037      H2O  47.03m  -7.512   0.0084      O  1 787.5A  -8.268   0.0015            
 nInu 15.69m  -2.0742312.6794      Ca A 915.8A  -7.881   0.0036      H2O  28.58m  -6.891   0.0352      O  1 976.8A  -7.437   0.0100            
 nFnu 14.60m  -6.090   0.2227      Ca A 915.3A  -7.894   0.0035      H2O  25.16m  -7.723   0.0052      O  1 969.0A  -7.645   0.0062            
 nInu 14.60m  -2.0852252.6772      Ca A 914.9A  -7.914   0.0033      H2O  28.23m  -7.397   0.0110      O  1 946.4A  -8.001   0.0027            
 nFnu 12.43m  -6.049   0.2450      Ca A 914.6A  -7.942   0.0031      H2O  46.60m  -7.630   0.0064      O  1 934.5A  -8.326   0.0013            
 nInu 12.43m  -2.1122117.3433      Ca A 914.3A  -7.975   0.0029      H2O  49.27m  -8.092   0.0022      Mg 1  1817A  -8.090   0.0022            
 nFnu 11.40m  -6.031   0.2549      Ca A 914.0A  -8.014   0.0027      H2O  53.12m  -8.396   0.0011      Al 2  1671A  -7.272   0.0147            
 nInu 11.40m  -2.1262050.8206      Ca A 913.8A  -8.056   0.0024      H2O  44.18m  -7.983   0.0029      Si 1  1261A  -7.002   0.0273            
 nFnu 10.46m  -6.017   0.2633      Ca A 913.6A  -8.102   0.0022      H2O  39.37m  -7.723   0.0052      Si 1  1853A  -7.071   0.0233            
 nInu 10.46m  -2.1401986.3962      Ca A 913.5A  -8.149   0.0019      H2O  40.75m  -8.238   0.0016      Si 1  1694A  -7.267   0.0148            
 nFnu 9.480m  -6.006   0.2705      Ca A 913.3A  -8.198   0.0017      H2O  39.39m  -7.890   0.0035      Si 1  1626A  -7.557   0.0076            
 nInu 9.480m  -2.1362004.3296      Ca A  6563A  -7.298   0.0138      H2O  35.89m  -7.655   0.0061      Si 1  1091A  -7.588   0.0071            
 nFnu 9.325m  -6.004   0.2713      Ca A  4861A  -7.752   0.0049      H2O  57.69m  -8.411   0.0011      Si 1  2000A  -7.766   0.0047            
 nInu 9.325m  -2.1322021.6215      Ca A  4340A  -8.057   0.0024      H2O  37.56m  -7.900   0.0034      Si 1  1591A  -7.789   0.0045            
 nFnu 8.210m  -5.998   0.2753      Ca A  4102A  -8.261   0.0015      H2O  33.12m  -7.624   0.0065      Si 1  1668A  -7.934   0.0032            
 nInu 8.210m  -2.0872245.3809      Ca A  3970A  -8.398   0.0011      H2O  33.00m  -7.489   0.0089      Si 1  1570A  -8.038   0.0025            
 nFnu 7.580m  -5.999   0.2745      Ca A 1.875m  -8.079   0.0023      H2O  28.58m  -7.365   0.0118      Si 1  1616A  -8.022   0.0026            
 nInu 7.580m  -2.0462464.0190      Ca A 1.282m  -8.401   0.0011      H2O  51.45m  -8.072   0.0023      Si 1  1834A  -8.010   0.0027            
 nFnu 7.050m  -6.004   0.2717      Ca B  6563A  -7.061   0.0238      H2O  56.76m  -8.192   0.0018      Si 1  1557A  -8.243   0.0016            
 nInu 7.050m  -2.0042716.4248      Ca B  4861A  -7.515   0.0084      H2O  21.83m  -8.228   0.0016      Si 1  1586A  -8.259   0.0015            
 nFnu 4.114m  -6.181   0.1805      Ca B  4340A  -7.818   0.0042      H2O  47.02m  -8.120   0.0021      Si 1  1019A  -8.379   0.0011            
 nInu 4.114m  -1.4829026.5840      Ca B  4102A  -8.024   0.0026      H2O  47.03m  -7.985   0.0028      Si 1  1768A  -8.390   0.0011            
 nFnu 2.324m  -6.780   0.0455      Ca B  3970A  -8.171   0.0018      H2O  30.52m  -7.465   0.0094      Si 1  1682A  -8.386   0.0011            
 nInu 2.324m  -0.88335896.336      Ca B  3889A  -8.283   0.0014      H2O  29.36m  -8.194   0.0018      S  1  1356A  -7.630   0.0064            
 nFnu 1.643m  -7.442   0.0099      Ca B  3835A  -8.373   0.0012      H2O  31.73m  -7.837   0.0040      S  1  1227A  -7.808   0.0043            
 nInu 1.643m  -0.48290336.367      Ca B 1.875m  -7.961   0.0030      H2O  30.46m  -7.604   0.0068      S  1  1662A  -7.892   0.0035            
 nFnu 1.480m  -4.893   3.5043      Ca B 1.282m  -8.265   0.0015      H2O  50.62m  -8.202   0.0017      S  1  1392A  -8.301   0.0014            
 nInu 1.480m  -0.418104766.34      H  1  1216A  -3.168 186.1762      H2O  42.85m  -8.165   0.0019      S  1  1265A  -8.381   0.0011            
 nFnu 1.436m  -4.806   4.2874      H  1  1026A  -3.594  69.8079      H2O  34.39m  -7.958   0.0030      Ar 1  1096A  -8.033   0.0025            
 nInu 1.436m  -0.393110843.96      H  1 972.5A  -4.203  17.1554      H2O  63.44m  -8.350   0.0012      hyperfine structure.........            
 nFnu 1.119m  -4.939   3.1516      H  1 949.7A  -4.246  15.5521      OH   119.4m  -8.170   0.0019      inner shell.................            
 nInu 1.119m  -0.226162885.94      H  1 937.8A  -4.648   6.1675      OH   119.4m  -7.978   0.0029      molecules...................            
 nFnu  8330A  -5.943   0.3125      H  1 930.8A  -5.054   2.4212      OH   119.2m  -8.167   0.0019      H-CT  6563A  -8.398   0.0011            



                                                                           
 Cooling:  HFFc     0 :0.336 H-FB     0 :0.201  
 Heating:  BFH1     0 :0.839 H2vH     0 :0.126  

 These are some of the most important databases used by Cloudy:
 Many recombination coefficients were taken from http://amdpp.phys.strath.ac.uk/tamoc/RR/ and http://amdpp.phys.strath.ac.uk/tamoc/DR/
      and are based on the following papers:
        Badnell N. R., et al., A&A 406, 1151 (2003) [http://adsabs.harvard.edu/abs/2003A%26A...406.1151B]
        Badnell N. R., ApJS 167, 334 (2006) [http://adsabs.harvard.edu/abs/2006ApJS..167..334B]
 Much of the molecular emission data is from LAMDA as accessed on Dec. 18, 2010. This database is described in:
        Schoeier F.L., et al., A&A 432, 369 (2005) [http://adsabs.harvard.edu/abs/2005A%26A...432..369S]
      This database is in part based on the work of the following groups:
        JPL: Pickett H. M. et al., JQSRT, 60, 883 (1998). [http://adsabs.harvard.edu/abs/1998JQSRT..60..883P]
        CDMS: Mueller H. S. et al., A&A 370, L49 (2001). [http://adsabs.harvard.edu/abs/2001A%26A...370L..49M]
              Mueller H. S. et al., J. Mol. Struct. 742, 215 (2005). [http://adsabs.harvard.edu/abs/2005JMoSt.742..215M]
 Much of the ionic emission data is from version 7.0 of CHIANTI. CHIANTI is a collaborative project involving the NRL (USA), the
      Universities of Florence (Italy) and Cambridge (UK), and George Mason University (USA). These papers describe Chianti:
        Dere K. P., et al., A&AS, 125, 149 (1997) [http://adsabs.harvard.edu/abs/1997A%26AS..125..149D]
        Landi E., et al., ApJ, 744, 99 (2012) [http://adsabs.harvard.edu/abs/2012ApJ...744...99L]
 Much of the H_2 data is from this web site: http://molat.obspm.fr/index.php?page=pages/Molecules/H2/H2can94.php. These data are
      described in:
        Abgrall H. et al., Can. J. Phys., 72, 856 (1994) [http://adsabs.harvard.edu/abs/1994CaJPh..72..856A]
        Wrathmall S. A. & Flower D. R., J. Phys. B, 40, 3221 (2007) [http://adsabs.harvard.edu/abs/2007JPhB...40.3221W]
 Please cite those papers that played a significant role in this calculation.

 IONIZE PARMET:  U(1-)-12.4768  U(4-):-15.0066  U(sp):-12.48  Q(ion):   10.000  L(ion) -0.554    Q(low): 12.564    L(low)  1.044
 ENERGY BUDGET:  Heat:  -4.806  Coolg:  -5.180  Error: 57.8%  Rec Lin:  -5.134  F-F  H  0.000    P(rad/tot)max     0.00E+00

     Col(Heff):      0.000E+00  snd travl time  3.39E-04 sec  Te-low: 1.20E+03  Te-hi: 1.20E+03  G0TH85: 4.26E+03  G0DB96:4.44E+03
  Emiss Measure    n(e)n(p) dl       2.897E+16  n(e)n(He+)dl         9.988E+11  En(e)n(He++) dl         2.627E+03  ne nC+:1.02E+13
 He/Ha:8.76E-05  =   0.00*true  Lthin:4.93E+02  itr/zn:43340.00  H2 itr/zn:  0.00  File Opacity: F  MassTot 2.16e-10  (gm/cm^2)
   Temps(21 cm)   T(21cm/Ly a)  1.14E+03        T(<nH/Tkin>)  1.20E+03          T(<nH/Tspin>)    1.20E+03          TB21cm:0.00E+00
                   N(H0/Tspin)  7.88E+10        N(OH/Tkin)    6.08E+04          B(21cm)          0.00E+00
   <a>:1.90E-04  erdeFe0.0E+00  Tcompt8.93E+03  Tthr3.89E+06  <Tden>: 1.20E+03  <dens>:2.27E-12  <MolWgt>1.26E+00
     Mean Jeans  l(cm)1.28E+15  M(sun)1.26E+00  smallest:     len(cm):1.28E+15  M(sun):1.26E+00  a_ox tran:  0.00
 Rion:1.000E+30  Dist:0.00E+00  Diam:0.000E+00
 Hatom level 70  HatomType: add  HInducImp  F  He tot level: 63  He2 level:   70  ExecTime 34826.0
 ConvrgError(%)  <eden> 15.245  MaxEden 15.245  <H-C> 136.85  Max(H-C)  136.85  <Press>   0.000  MaxPrs er  0.000
  Continuity(%)  chng Te   0.0  elec den   0.0  n(H2)    0.0  n(CO)        0.0

                                                        Averaged Quantities
             Te      Te(Ne)   Te(NeNp)  Te(NeHe+)Te(NeHe2+) Te(NeO+)  Te(NeO2+)  Te(H2)     N(H)     Ne(O2+)   Ne(Np)
 Radius:  1.20e+03  1.20e+03  1.20e+03  1.20e+03  1.20e+03  1.20e+03  1.20e+03  1.20e+03  1.00e+12  4.78e+07  4.78e+07

 Contin Optical Depths: COMP: 3.03e-15    H-: 1.08e-13 R(1300): 6.36e-10  H2+: 1.80e-16  Pfa:5.19E-15
                          Pa: 3.81e-15    Ba: 1.34e-13      Hb: 1.91e-13   La: 1.48e-06     1r:5.996E-04  1.8:1.81E-04 4.:2.620E-05

 Old, new H  1 continuum optical depths:
     1 1.34e-04     2 1.25e-14     3 2.44e-14     4 2.44e-14     5 2.44e-14     6 6.10e-15     7 6.10e-15     8 6.10e-15
     9 6.10e-15    10 1.23e-16    11 1.23e-16    12 1.23e-16    13 1.23e-16    14 1.23e-16    15 2.94e-16    16 2.94e-16
    17 2.94e-16    18 2.94e-16    19 2.94e-16    20 2.94e-16    21 6.06e-16    22 6.06e-16    23 6.06e-16    24 6.06e-16
    25 6.06e-16    26 6.06e-16    27 6.06e-16    28 1.10e-15    29 1.10e-15    30 1.10e-15    31 1.10e-15    32 1.10e-15
    33 1.10e-15    34 1.10e-15    35 1.10e-15    36 1.82e-15    37 1.82e-15    38 1.82e-15    39 1.82e-15    40 1.82e-15
    41 1.82e-15    42 1.82e-15    43 1.82e-15    44 1.82e-15    45 2.80e-15    46 2.80e-15    47 2.80e-15    48 2.80e-15
    49 2.80e-15    50 2.80e-15    51 2.80e-15    52 2.80e-15    53 2.80e-15    54 2.80e-15
     1 6.00e-04     2 5.58e-14     3 1.09e-13     4 1.09e-13     5 1.09e-13     6 2.73e-14     7 2.73e-14     8 2.73e-14
     9 2.73e-14    10 5.47e-16    11 5.47e-16    12 5.47e-16    13 5.47e-16    14 5.47e-16    15 1.32e-15    16 1.32e-15
    17 1.32e-15    18 1.32e-15    19 1.32e-15    20 1.32e-15    21 2.72e-15    22 2.72e-15    23 2.72e-15    24 2.72e-15
    25 2.72e-15    26 2.72e-15    27 2.72e-15    28 4.92e-15    29 4.92e-15    30 4.92e-15    31 4.92e-15    32 4.92e-15
    33 4.92e-15    34 4.92e-15    35 4.92e-15    36 8.15e-15    37 8.15e-15    38 8.15e-15    39 8.15e-15    40 8.15e-15
    41 8.15e-15    42 8.15e-15    43 8.15e-15    44 8.15e-15    45 1.26e-14    46 1.26e-14    47 1.26e-14    48 1.26e-14
    49 1.26e-14    50 1.26e-14    51 1.26e-14    52 1.26e-14    53 1.26e-14    54 1.26e-14

 Old, new H  1 mean line optical depths:
  2- 1 6.38e+00  3- 2 1.24e-11  4- 3 3.80e-13  5- 4 2.18e-13  6- 5 6.27e-13  7- 6 2.22e-12  8- 7 4.07e-12
  9- 8 5.01e-12 10- 9 1.44e-11
  2- 1 2.86e+01  3- 2 3.22e-11  4- 3 8.99e-13  5- 4 5.76e-13  6- 5 1.90e-12  7- 6 7.11e-12  8- 7 1.49e-11
  9- 8 1.92e-11 10- 9 6.06e-11

 Old, new He 2 continuum optical depths:
     1 5.87e-06     2 1.32e-04     3 1.65e-11     4 1.65e-11     5 1.65e-11     6 1.25e-14     7 1.25e-14     8 1.25e-14
     9 1.25e-14    10 1.98e-14    11 1.98e-14    12 1.98e-14    13 1.98e-14    14 1.98e-14    15 2.44e-14    16 2.44e-14
    17 2.44e-14    18 2.44e-14    19 2.44e-14    20 2.44e-14    21 2.06e-14    22 2.06e-14    23 2.06e-14    24 2.06e-14
    25 2.06e-14    26 2.06e-14    27 2.06e-14    28 6.10e-15    29 6.10e-15    30 6.10e-15    31 6.10e-15    32 6.10e-15
    33 6.10e-15    34 6.10e-15    35 6.10e-15    36 7.26e-17    37 7.26e-17    38 7.26e-17    39 7.26e-17    40 7.26e-17
    41 7.26e-17    42 7.26e-17    43 7.26e-17    44 7.26e-17    45 1.23e-16    46 1.23e-16    47 1.23e-16    48 1.23e-16
    49 1.23e-16    50 1.23e-16    51 1.23e-16    52 1.23e-16    53 1.23e-16    54 1.23e-16
     1 2.62e-05     2 5.92e-04     3 7.73e-11     4 7.73e-11     5 7.73e-11     6 5.58e-14     7 5.58e-14     8 5.58e-14
     9 5.58e-14    10 8.85e-14    11 8.85e-14    12 8.85e-14    13 8.85e-14    14 8.85e-14    15 1.09e-13    16 1.09e-13
    17 1.09e-13    18 1.09e-13    19 1.09e-13    20 1.09e-13    21 9.23e-14    22 9.23e-14    23 9.23e-14    24 9.23e-14
    25 9.23e-14    26 9.23e-14    27 9.23e-14    28 2.73e-14    29 2.73e-14    30 2.73e-14    31 2.73e-14    32 2.73e-14
    33 2.73e-14    34 2.73e-14    35 2.73e-14    36 3.25e-16    37 3.25e-16    38 3.25e-16    39 3.25e-16    40 3.25e-16
    41 3.25e-16    42 3.25e-16    43 3.25e-16    44 3.25e-16    45 5.47e-16    46 5.47e-16    47 5.47e-16    48 5.47e-16
    49 5.47e-16    50 5.47e-16    51 5.47e-16    52 5.47e-16    53 5.47e-16    54 5.47e-16

 Old, new He 2 mean line optical depths:
  2- 1 6.94e-10  3- 2 8.90e-21  4- 3 4.43e-21  5- 4 4.43e-21  6- 5 4.43e-21  7- 6 4.43e-21  8- 7 4.43e-21
  9- 8 4.43e-21 10- 9 4.43e-21
  2- 1 3.10e-09  3- 2 4.49e-21  4- 3 2.22e-21  5- 4 2.22e-21  6- 5 2.22e-21  7- 6 2.22e-21  8- 7 2.22e-21
  9- 8 2.22e-21 10- 9 2.22e-21

 Old He Is optical depths:    1 4.06e-05    2 2.32e-13    3 1.03e-14    4 1.16e-14    5 1.16e-14
 New He Is optical depths:    1 1.81e-04    2 1.04e-12    3 4.61e-14    4 5.19e-14    5 5.19e-14
          Old He Is Lines:  584 3.46e-01 3889 4.12e-11 5016 7.17e-13 5876 1.32e-17
          New He Is Lines:  584 1.55e+00 3889 1.62e-10 5016 2.66e-12 5876 5.79e-17

==== H      compounds ====           Log10 column densities [cm^-2}
   H2        : 11.377   H2*       :  6.275   H2+       :  1.410   H3+       :  2.101
==== He     compounds ====
   HeH+      : -0.636
==== Li     compounds ====
   LiH       : -4.916   LiH+      : -7.432
==== C      compounds ====
   CH        :  2.947   CH+       :  0.395   CH2       :  0.697   CH2+      : -0.366   CH3       : -1.665   CH3+      : -0.885   CH4       : -3.843   CH4+      : -7.034
   CH5+      : -7.712   C2        :  0.239   C2+       : -2.299   C2H       : -1.143   C2H+      : -3.220   C2H2      : -6.984   C2H2+     : -3.873   C2H3+     :-10.473
   C3        : -5.183   C3+       : -7.029   C3H       : -9.151   C3H+      : -7.013
==== N      compounds ====
   NH        :  4.722   NH+       :  2.328   NH2       :  3.264   NH2+      :  1.958   NH3       :  2.207   NH3+      :  0.922   NH4+      : -3.455   CN        :  3.978
   CN+       : -3.399   HCN       :  4.527   HCN+      :  1.631   HNC       : -0.446   HCNH+     :  1.050   HC3N      :-35.930   N2        :  9.379   N2+       :  0.453
   N2H+      :  0.384
==== O      compounds ====
   OH        :  7.863   OH+       :  5.548   H2O       :  7.040   H2O+      :  5.118   H3O+      :  4.305   CO        : 10.407   CO+       : -0.357   HCO+      :  4.430
   H2CO      :-35.930   CH3OH     :-35.930   ^13CO     :  8.930   NO        :  6.453   NO+       :  3.674   HNO       :  1.531   HNO+      :  1.786   OCN       :  2.317
   OCN+      :  0.632   N2O       :  4.246   O2        :  6.061   O2+       :  4.296   NO2       :  3.729   NO2+      : -2.629
==== Ne     compounds ====
   NeH+      :  0.260
==== Si     compounds ====
   SiH       :  0.049   SiH2+     : -2.025   SiC2      :-35.930   SiN       : -1.341   SiN+      :  0.227   SiO       :  7.676   SiO+      :  5.251   SiOH+     :  4.300
==== S      compounds ====
   HS        :  6.501   HS+       :  2.488   CS        :  3.361   CS+       :  1.163   HCS+      :  1.287   NS        :  4.565   NS+       :  2.368   SO        :  7.038
   SO+       :  4.674   OCS       :  1.516   OCS+      : -1.193   SO2       :-35.930   S2        :  1.104   S2+       : -1.294
==== Cl     compounds ====
   HCl       :  4.964   HCl+      :  4.279   H2Cl+     :  3.923   CCl       : -5.128   CCl+      : -1.499   H2CCl+    : -7.641   ClO       :-10.375   ClO+      :-16.704
==== Ar     compounds ====
   ArH+      :  4.238
==== Ti     compounds ====
   TiH       :-35.930   TiH+      :-35.930   TiH2      :-35.930   TiH2+     :-35.930   TiC       :-35.930   TiC+      :-35.930   HCTi      :-35.930   HCTi+     :-35.930
   TiC2      :-35.930   TiC2+     :-35.930   TiN       :-35.930   TiN+      :-35.930   HNTi      :-35.930   HNTi+     :-35.930   TiNC      :-35.930   TiNC+     :-35.930
   TiO       :-35.930   TiO+      :-35.930   TiOH+     :-35.930   TiO2      :-35.930   TiF+      :-35.930   TiS       :-35.930   TiS+      :-35.930   HTiS      :-35.930


               1      2      3      4      5      6      7      8      9     10     11     12     13     14     15     16     17

 Hydrogen   13.977  8.783 11.377 (H2)                Log10 Column density (cm^-2)
 Helium     12.909  4.320 -4.260
 Lithium     3.020  1.269-12.263-30.000
 Beryllium   3.358  0.671 -5.781-30.000-30.000
 Boron       4.669  3.009 -7.517-30.000-30.000-30.000
 Carbon      8.070  5.329 -3.633-30.000-30.000-30.000-30.000
 Nitrogen    9.218  2.263 -9.455-30.000-30.000-30.000-30.000-30.000
 Oxygen     10.323  4.972 -6.466-30.000-30.000-30.000-30.000-30.000-30.000
 Fluorine    6.539  2.871 -3.941-30.000-30.000-30.000-30.000-30.000-30.000-30.000
 Neon        9.909  5.484 -1.606-30.000-30.000-30.000-30.000-30.000-30.000-30.000-30.000
 Sodium      8.041  7.748  0.445-30.000-30.000-30.000-30.000-30.000-30.000-30.000-30.000-30.000
 Magnesium   9.413  9.079  1.469-30.000-30.000-30.000-30.000-30.000-30.000-30.000-30.000-30.000-30.000
 Aluminium   6.193  8.427  1.080-30.000-30.000-30.000-30.000-30.000-30.000-30.000-30.000-30.000-30.000-30.000
 Silicon     9.480  7.182 -4.595-30.000-30.000-30.000-30.000-30.000-30.000-30.000-30.000-30.000-30.000-30.000-30.000
 Phosphorus  5.929  7.373  1.120-30.000-30.000-30.000-30.000-30.000-30.000-30.000-30.000-30.000-30.000-30.000-30.000-30.000
 Sulphur     9.094  6.121 -3.191-30.000-30.000-30.000-30.000-30.000-30.000-30.000-30.000-30.000-30.000-30.000-30.000-30.000-30.000
 Chlorine    7.476  4.881 -2.088-30.000-30.000-30.000-30.000-30.000-30.000-30.000-30.000-30.000-30.000-30.000-30.000-30.000-30.000
-30.000
 Argon       8.379  1.275 -7.309-30.000-30.000-30.000-30.000-30.000-30.000-30.000-30.000-30.000-30.000-30.000-30.000-30.000-30.000
-30.000-30.000
 Potassium   6.967  5.964 -1.111-30.000-30.000-30.000-30.000-30.000-30.000-30.000-30.000-30.000-30.000-30.000-30.000-30.000-30.000
-30.000-30.000-30.000
 Calcium     8.314  6.383  2.267-30.000-30.000-30.000-30.000-30.000-30.000-30.000-30.000-30.000-30.000-30.000-30.000-30.000-30.000
-30.000-30.000-30.000-30.000
 Scandium    5.123  3.210 -0.678-30.000-30.000-30.000-30.000-30.000-30.000-30.000-30.000-30.000-30.000-30.000-30.000-30.000-30.000
-30.000-30.000-30.000-30.000-30.000
 Titanium    4.606  6.927  2.121-30.000-30.000-30.000-30.000-30.000-30.000-30.000-30.000-30.000-30.000-30.000-30.000-30.000-30.000
-30.000-30.000-30.000-30.000-30.000-30.000
 Vanadium    5.907  3.390 -1.556-30.000-30.000-30.000-30.000-30.000-30.000-30.000-30.000-30.000-30.000-30.000-30.000-30.000-30.000
-30.000-30.000-30.000-30.000-30.000-30.000-30.000
 Chromium    7.610  5.954 -3.094-30.000-30.000-30.000-30.000-30.000-30.000-30.000-30.000-30.000-30.000-30.000-30.000-30.000-30.000
-30.000-30.000-30.000-30.000-30.000-30.000-30.000-30.000
 Manganese   5.108  7.406 -2.830-30.000-30.000-30.000-30.000-30.000-30.000-30.000-30.000-30.000-30.000-30.000-30.000-30.000-30.000
-30.000-30.000-30.000-30.000-30.000-30.000-30.000-30.000-30.000
 Iron        6.930  9.477 -1.506-30.000-30.000-30.000-30.000-30.000-30.000-30.000-30.000-30.000-30.000-30.000-30.000-30.000-30.000
-30.000-30.000-30.000-30.000-30.000-30.000-30.000-30.000-30.000-30.000
 Cobalt      6.968  4.097 -5.966-30.000-30.000-30.000-30.000-30.000-30.000-30.000-30.000-30.000-30.000-30.000-30.000-30.000-30.000
-30.000-30.000-30.000-30.000-30.000-30.000-30.000-30.000-30.000-30.000-30.000
 Nickel      6.025  8.196 -2.084-30.000-30.000-30.000-30.000-30.000-30.000-30.000-30.000-30.000-30.000-30.000-30.000-30.000-30.000
-30.000-30.000-30.000-30.000-30.000-30.000-30.000-30.000-30.000-30.000-30.000-30.000
 Copper      6.167  3.961 -2.178-30.000-30.000-30.000-30.000-30.000-30.000-30.000-30.000-30.000-30.000-30.000-30.000-30.000-30.000
-30.000-30.000-30.000-30.000-30.000-30.000-30.000-30.000-30.000-30.000-30.000-30.000-30.000
 Zinc        6.538  3.566 -2.903-30.000-30.000-30.000-30.000-30.000-30.000-30.000-30.000-30.000-30.000-30.000-30.000-30.000-30.000
-30.000-30.000-30.000-30.000-30.000-30.000-30.000-30.000-30.000-30.000-30.000-30.000-30.000-30.000
 Exc state    He1*  2.736   CII*  5.142   C11*  7.132   C12*  7.600   C13*  7.808   O11* 10.106   O12*  9.801   O13*  9.288
              Si2*  6.950   C30*-35.930   C31*-35.930   C32*-35.930


 Hydrogen   -0.002 -5.196 -2.301 (H2)                 Log10 Mean Ionisation (over radius)
 Helium      0.000 -8.588-17.168
 Lithium    -0.008 -1.759-15.291
 Beryllium  -0.001 -2.688 -9.140
 Boron      -0.009 -1.670-12.196
 Carbon     -2.338 -5.080-14.042
 Nitrogen   -0.591 -7.545-19.264
 Oxygen     -0.346 -5.697-17.135
 Fluorine   -0.000 -3.668-10.480
 Neon       -0.000 -4.425-11.515
 Sodium     -0.179 -0.472 -7.774
 Magnesium  -0.165 -0.500 -8.110
 Aluminium  -2.236 -0.003 -7.349
 Silicon    -0.009 -2.307-14.085
 Phosphorus -1.460 -0.015 -6.269
 Sulphur    -0.005 -2.979-12.290
 Chlorine   -0.003 -2.598 -9.567
 Argon      -0.000 -7.104-15.687
 Potassium  -0.041 -1.044 -8.120
 Calcium    -0.005 -1.936 -6.052
 Scandium   -0.005 -1.918 -5.806
 Titanium   -2.322 -0.002 -4.808
 Vanadium   -0.001 -2.519 -7.465
 Chromium   -0.009 -1.665-10.714
 Manganese  -2.301 -0.002-10.239
 Iron       -2.549 -0.001-10.985
 Cobalt     -0.001 -2.872-12.935
 Nickel     -2.174 -0.003-10.283
 Copper     -0.003 -2.208 -8.347
 Zinc       -0.000 -2.973 -9.442

               1      2      3      4      5      6      7      8      9     10     11     12     13     14     15     16     17

 Hydrogen   -0.002 -5.196 -2.301 (H2)         Log10 Mean Ionisation (over radius*electron density)
 Helium      0.000 -8.588-17.168
 Lithium    -0.008 -1.759-15.291
 Beryllium  -0.001 -2.688 -9.140
 Boron      -0.009 -1.670-12.196
 Carbon     -2.338 -5.080-14.042
 Nitrogen   -0.591 -7.545-19.264
 Oxygen     -0.346 -5.697-17.135
 Fluorine   -0.000 -3.668-10.480
 Neon       -0.000 -4.425-11.515
 Sodium     -0.179 -0.472 -7.774
 Magnesium  -0.165 -0.500 -8.110
 Aluminium  -2.236 -0.003 -7.349
 Silicon    -0.009 -2.307-14.085
 Phosphorus -1.460 -0.015 -6.269
 Sulphur    -0.005 -2.979-12.290
 Chlorine   -0.003 -2.598 -9.567
 Argon      -0.000 -7.104-15.687
 Potassium  -0.041 -1.044 -8.120
 Calcium    -0.005 -1.936 -6.052
 Scandium   -0.005 -1.918 -5.806
 Titanium   -2.322 -0.002 -4.808
 Vanadium   -0.001 -2.519 -7.465
 Chromium   -0.009 -1.665-10.714
 Manganese  -2.301 -0.002-10.239
 Iron       -2.549 -0.001-10.985
 Cobalt     -0.001 -2.872-12.935
 Nickel     -2.174 -0.003-10.283
 Copper     -0.003 -2.208 -8.347
 Zinc       -0.000 -2.973 -9.442

               1      2      3      4      5      6      7      8      9     10     11     12     13     14     15     16     17

 Hydrogen    3.079  3.079  3.079 (H2)                  Log10 Mean Temperature (over radius)
 Helium      3.079  3.079  3.079
 Lithium     3.079  3.079  3.079
 Beryllium   3.079  3.079  3.079
 Boron       3.079  3.079  3.079
 Carbon      3.079  3.079  3.079
 Nitrogen    3.079  3.079  3.079
 Oxygen      3.079  3.079  3.079
 Fluorine    3.079  3.079  3.079
 Neon        3.079  3.079  3.079
 Sodium      3.079  3.079  3.079
 Magnesium   3.079  3.079  3.079
 Aluminium   3.079  3.079  3.079
 Silicon     3.079  3.079  3.079
 Phosphorus  3.079  3.079  3.079
 Sulphur     3.079  3.079  3.079
 Chlorine    3.079  3.079  3.079
 Argon       3.079  3.079  3.079
 Potassium   3.079  3.079  3.079
 Calcium     3.079  3.079  3.079
 Scandium    3.079  3.079  3.079
 Titanium    3.079  3.079  3.079
 Vanadium    3.079  3.079  3.079
 Chromium    3.079  3.079  3.079
 Manganese   3.079  3.079  3.079
 Iron        3.079  3.079  3.079
 Cobalt      3.079  3.079  3.079
 Nickel      3.079  3.079  3.079
 Copper      3.079  3.079  3.079
 Zinc        3.079  3.079  3.079

               1      2      3      4      5      6      7      8      9     10     11     12     13     14     15     16     17

 Hydrogen    3.079  3.079  3.079 (H2)          Log10 Mean Temperature (over radius*electron density)
 Helium      3.079  3.079  3.079
 Lithium     3.079  3.079  3.079
 Beryllium   3.079  3.079  3.079
 Boron       3.079  3.079  3.079
 Carbon      3.079  3.079  3.079
 Nitrogen    3.079  3.079  3.079
 Oxygen      3.079  3.079  3.079
 Fluorine    3.079  3.079  3.079
 Neon        3.079  3.079  3.079
 Sodium      3.079  3.079  3.079
 Magnesium   3.079  3.079  3.079
 Aluminium   3.079  3.079  3.079
 Silicon     3.079  3.079  3.079
 Phosphorus  3.079  3.079  3.079
 Sulphur     3.079  3.079  3.079
 Chlorine    3.079  3.079  3.079
 Argon       3.079  3.079  3.079
 Potassium   3.079  3.079  3.079
 Calcium     3.079  3.079  3.079
 Scandium    3.079  3.079  3.079
 Titanium    3.079  3.079  3.079
 Vanadium    3.079  3.079  3.079
 Chromium    3.079  3.079  3.079
 Manganese   3.079  3.079  3.079
 Iron        3.079  3.079  3.079
 Cobalt      3.079  3.079  3.079
 Nickel      3.079  3.079  3.079
 Copper      3.079  3.079  3.079
 Zinc        3.079  3.079  3.079

               1      2      3      4      5      6      7      8      9     10     11     12     13     14     15     16     17
                                                                          

---------------Convergence statistics---------------
      2.15 mean iterations/state convergence
         3 mean cx acceleration loops/iteration
         1 mean iso convergence loops/ion solve
         1 mean steps/chemistry solve
         1 mean step length searches/chemistry step
----------------------------------------------------

 Cloudy ends: 1 zone, 3 iterations, 1 warning, 6 cautions. Failures: 0 thermal, 0 pressure, 0 ionization, 1 electron density.  ExecTime(s) 34826.03
 [Stop in cdMain at ../maincl.cpp:483, something went wrong]
 ************************************************** GRID_DELIMIT -- grid000000038
