                                                          Cloudy 13.03
                                                         www.nublado.org

                       **************************************13Feb20**************************************
                       *                                                                                 *
                       * c                                                                               *
                       * phi(h) 13.000000 LOG range -0.000232 6.866524                                   *
                       * grid from 8 to 23 in 1 dex steps                                                *
                       * HDEN=8.000000 LOG                                                               *
                       * grid from 0 to 12 in 1 dex steps                                                *
                       * set pres ionize 1e5                                                             *
                       * c                                                                               *
                       * c                                                                               *
                       * table star "inst_padova_agbtrack_z.mod" age 6.78                                *
                       * c<< inst_padova_ model    4 read.       Age =    6010000.00                 >>> *
                       * c<< inst_padova_ model    5 read.       Age =    8010000.00                 >>> *
                       * c<< FINAL:     Age =    6025595.86                                          >>> *
                       * c                                                                               *
                       * c                                                                               *
                       * abundances GASS10                                                               *
                       * c                                                                               *
                       * c                                                                               *
                       * iterate to convergence max = 7                                                  *
                       * stop column density = 23                                                        *
                       * c                                                                               *
                       * c                                                                               *
                       * print last                                                                      *
                       * set save prefix "padova_inst_6"                                                 *
                       * save grid ".grd" last no hash                                                   *
                       * save linelist "emissionlines_abs.txt" "LineList_HII.dat" absolute last no hash    *
                       *                                                                                 *
                       ***********************************************************************************



 NOTE Setcon: continuum has zero intensity starting at  1.0074e+01 Ryd.
     1 cells in the incident continuum have zero intensity.  Problems???

           !The plasma frequency is 2.99e-08 Ryd.  The incident continuum is set to 0 below this.
           4147CellPeak1.00E+00   Lo 1.00e-08=910.79cm   Hi-Con:1.01E+01 Ryd   E(hi):7.35E+06Ryd     E(hi):     100.01 MeV
           I(nu>1ryd):   2.4461   Average nu:1.281E+00   I( X-ray):   0.0000   I(BalC):   3.9565     Phi(BalmrC):  14.8871
           phi(1.0-1.8):12.9816   phi(1.8-4.0): 11.585   phi(4.0-20): 10.470   phi(20--):  0.000     Ion pht flx:1.000E+13
           I(gam ray):   0.0000   phi(gam r):   0.0000   I(Infred):   3.3045   Alf(ox):   0.0000     Total inten:   4.0547
           U(1.0----):3.336E-06   U(4.0----):9.850E-09   T(En-Den):8.409E+01   T(Comp):2.168E+04     nuJnu(912A):1.914E+03
           Occ(FarIR):0.000E+00   Occ(H n=6):4.632E-09   Occ(1Ryd):8.799E-14   Occ(4R):1.016E-18     Occ (Nu-hi):0.000E+00
           Tbr(FarIR):0.000E+00   Tbr(H n=6):2.030E-05   Tbr(1Ryd):1.391E-08   Tbr(4R):6.421E-13     Tbr (Nu-hi):0.000E+00
  
                                                  Gas Phase Chemical Composition
        H :  0.0000  He: -1.0701  Li:-10.9508  Be:-10.6198  B : -9.3002  C : -3.5702  N : -4.1701  O : -3.3098  F : -7.4401
        Ne: -4.0701  Na: -5.7595  Mg: -4.4001  Al: -5.5498  Si: -4.4895  P : -6.5901  S : -4.8794  Cl: -6.5003  Ar: -5.6003
        K : -6.9706  Ca: -5.6596  Sc: -8.8508  Ti: -7.0501  V : -8.0701  Cr: -6.3595  Mn: -6.5702  Fe: -4.5003  Co: -7.0101
                                               Ni: -5.7799  Cu: -7.8097  Zn: -7.4401
 
 ####  1  Te:7.434E+03 Hden:1.000E+08 Ne:5.823E+07 R:1.000E+30 R-R0:2.803E+06 dR:5.605E+06 NTR: 26 Htot:6.062E-09 T912: 1.50e-03###
 Hydrogen      4.23e-01 5.77e-01 H+o/Hden 1.00e+00 2.68e-08 H-    H2 1.89e-10 3.01e-09 H2+ HeH+ 3.10e-09 Ho+ ColD 2.37e+14 3.24e+14
 Helium        9.47e-01 5.31e-02 9.31e-06 HeI 2s3S 5.82e-07 Comp H,C 6.42e-18 2.20e-18 Fill Fac 1.00e+00 Gam1/tot 1.00e+00
 He singlet n  9.47e-01 8.76e-09 6.68e-15 1.28e-15 3.44e-15 1.16e-15 He tripl 5.82e-07 6.03e-13 2.44e-15 1.27e-14 3.20e-15
 Pressure      NgasTgas 1.24e+12 P(total) 1.71e-04 P( gas ) 1.71e-04 P(Radtn) 0.00e+00 Rad accl 8.07e-02 ForceMul 1.25e+06
 Texc(La)      4.18e+03 T(I con) 8.41e+01 T(D con) 4.67e+00 T(U tot) 8.41e+01 nT (c+d) 2.14e+07 Prad/Gas 0.00e+00 Pmag/Gas 0.00e+00
 Molecules     CH/Ctot: 6.09e-10 CH+/Ctot 3.42e-10 CO/Ctot: 3.30e-10 CO+/Ctot 3.31e-13 H2O/Otot 6.13e-18 OH/Ototl 9.21e-09
 Lithium       1.61e-02 9.84e-01 1.56e-07 0.00e+00 Berylliu 2.52e-01 7.29e-01 1.82e-02 0.00e+00 0.00e+00 sec ion: 1.85e-11
 Boron         1.38e-02 9.86e-01 5.35e-04 0.00e+00 0.00e+00 0.00e+00
 Carbon        2.42e-02 9.73e-01 2.76e-03 0.00e+00 0.00e+00 0.00e+00 0.00e+00 H2O+/O   1.08e-18 OH+/Otot 3.07e-09 Hex(tot) 0.00e+00
 Nitrogen      3.64e-01 6.36e-01 2.63e-05 0.00e+00 0.00e+00 0.00e+00 0.00e+00 0.00e+00 O2/Ototl 7.34e-13 O2+/Otot 1.84e-13
 Oxygen        4.78e-01 5.22e-01 2.63e-05 0.00e+00 0.00e+00 0.00e+00 0.00e+00 0.00e+00 0.00e+00
 Fluorine      4.72e-01 5.26e-01 2.88e-03 0.00e+00 0.00e+00 0.00e+00 0.00e+00 0.00e+00 0.00e+00 0.00e+00
 Neon          7.05e-01 2.93e-01 1.79e-03 0.00e+00 0.00e+00 0.00e+00 0.00e+00 0.00e+00 0.00e+00 0.00e+00 0.00e+00
 Sodium        7.25e-03 9.89e-01 4.16e-03 0.00e+00 0.00e+00 0.00e+00 0.00e+00 0.00e+00 0.00e+00 0.00e+00 0.00e+00 0.00e+00
 Magnesium     2.22e-02 9.57e-01 2.13e-02 0.00e+00 0.00e+00 0.00e+00 0.00e+00 0.00e+00 0.00e+00 0.00e+00 0.00e+00 0.00e+00 0.00e+00
 Aluminium  0  3.32e-04 9.98e-01 1.38e-03 6.71e-05 0.00e+00 0.00e+00 0.00e+00 0.00e+00 0.00e+00 0.00e+00 0.00e+00 0.00e+00 0.00e+00
 Silicon    0  4.51e-03 9.88e-01 7.64e-03 0.00e+00 0.00e+00 0.00e+00 0.00e+00 0.00e+00 0.00e+00 0.00e+00 0.00e+00 0.00e+00 0.00e+00
 Phosphorus 0  1.25e-03 9.94e-01 5.16e-03 0.00e+00 0.00e+00 0.00e+00 0.00e+00 0.00e+00 0.00e+00 0.00e+00 0.00e+00 0.00e+00 0.00e+00
 Sulphur    0  7.97e-03 9.80e-01 1.16e-02 0.00e+00 0.00e+00 0.00e+00 0.00e+00 0.00e+00 0.00e+00 0.00e+00 0.00e+00 0.00e+00 0.00e+00
 Chlorine   0  1.37e-03 9.92e-01 6.73e-03 0.00e+00 0.00e+00 0.00e+00 0.00e+00 0.00e+00 0.00e+00 0.00e+00 0.00e+00 0.00e+00 0.00e+00
 Argon      0  1.79e-01 7.87e-01 3.40e-02 0.00e+00 0.00e+00 0.00e+00 0.00e+00 0.00e+00 0.00e+00 0.00e+00 0.00e+00 0.00e+00 0.00e+00
 Potassium  0  1.44e-03 9.96e-01 2.65e-03 0.00e+00 0.00e+00 0.00e+00 0.00e+00 0.00e+00 0.00e+00 0.00e+00 0.00e+00 0.00e+00 0.00e+00
 Calcium    0  8.27e-03 7.98e-01 1.94e-01 3.81e-06 0.00e+00 0.00e+00 0.00e+00 0.00e+00 0.00e+00 0.00e+00 0.00e+00 0.00e+00 0.00e+00
 Scandium   0  5.96e-03 6.77e-01 3.16e-01 8.93e-04 0.00e+00 0.00e+00 0.00e+00 0.00e+00 0.00e+00 0.00e+00 0.00e+00 0.00e+00 0.00e+00
 Titanium   0  7.86e-05 9.27e-01 7.34e-02 5.19e-06 0.00e+00 0.00e+00 0.00e+00 0.00e+00 0.00e+00 0.00e+00 0.00e+00 0.00e+00 0.00e+00
 Vanadium   0  2.57e-02 7.77e-01 1.97e-01 1.91e-06 0.00e+00 0.00e+00 0.00e+00 0.00e+00 0.00e+00 0.00e+00 0.00e+00 0.00e+00 0.00e+00
 Chromium   0  6.29e-03 8.82e-01 1.12e-01 5.38e-07 0.00e+00 0.00e+00 0.00e+00 0.00e+00 0.00e+00 0.00e+00 0.00e+00 0.00e+00 0.00e+00
 Manganese  0  8.59e-05 9.12e-01 8.75e-02 3.80e-07 0.00e+00 0.00e+00 0.00e+00 0.00e+00 0.00e+00 0.00e+00 0.00e+00 0.00e+00 0.00e+00
 Iron       0  5.44e-05 9.61e-01 3.94e-02 8.68e-07 0.00e+00 0.00e+00 0.00e+00 0.00e+00 0.00e+00 0.00e+00 0.00e+00 0.00e+00 0.00e+00
 Cobalt     0  1.25e-01 8.74e-01 5.11e-04 6.69e-08 0.00e+00 0.00e+00 0.00e+00 0.00e+00 0.00e+00 0.00e+00 0.00e+00 0.00e+00 0.00e+00
 Nickel     0  1.86e-04 1.00e+00 2.77e-04 1.29e-08 0.00e+00 0.00e+00 0.00e+00 0.00e+00 0.00e+00 0.00e+00 0.00e+00 0.00e+00 0.00e+00
 Copper     0  3.69e-02 9.27e-01 3.59e-02 0.00e+00 0.00e+00 0.00e+00 0.00e+00 0.00e+00 0.00e+00 0.00e+00 0.00e+00 0.00e+00 0.00e+00
 Zinc       0  1.86e-01 7.87e-01 2.75e-02 1.06e-04 0.00e+00 0.00e+00 0.00e+00 0.00e+00 0.00e+00 0.00e+00 0.00e+00 0.00e+00 0.00e+00
 ####142  Te:3.970E+03 Hden:1.000E+08 Ne:3.494E+05 R:1.000E+30 R-R0:1.801E+11 dR:5.130E+09 NTR: 15 Htot:3.365E-12 T912: 1.10e+02###
 Hydrogen      9.97e-01 2.84e-03 H+o/Hden 1.00e+00 6.74e-09 H-    H2 8.00e-07 6.55e-10 H2+ HeH+ 2.40e-09 Ho+ ColD 1.74e+19 8.71e+17
 Helium        9.97e-01 2.88e-03 2.30e-06 HeI 2s3S 5.98e-08 Comp H,C 3.62e-20 6.91e-21 Fill Fac 1.00e+00 Gam1/tot 7.48e-01
 He singlet n  9.97e-01 6.54e-12 3.06e-17 3.35e-19 1.46e-18 6.99e-19 He tripl 5.98e-08 2.18e-16 1.04e-18 1.24e-17 1.97e-18
 Pressure      NgasTgas 4.33e+11 P(total) 5.97e-05 P( gas ) 5.97e-05 P(Radtn) 1.98e-11 Rad accl 2.93e-05 ForceMul 7.73e+04
 Texc(La)      4.53e+03 T(I con) 8.35e+01 T(D con) 2.24e+01 T(U tot) 8.37e+01 nT (c+d) 2.56e+07 Prad/Gas 3.31e-07 Pmag/Gas 0.00e+00
 Molecules     CH/Ctot: 4.66e-10 CH+/Ctot 7.17e-08 CO/Ctot: 4.73e-07 CO+/Ctot 1.64e-09 H2O/Otot 2.61e-12 OH/Ototl 2.60e-06
 Lithium       3.02e-04 1.00e+00 2.87e-08 0.00e+00 Berylliu 1.33e-03 9.98e-01 8.07e-04 0.00e+00 0.00e+00 sec ion: 6.39e-11
 Boron         1.31e-04 1.00e+00 8.22e-07 0.00e+00 0.00e+00 0.00e+00
 Carbon        2.61e-04 1.00e+00 3.06e-05 0.00e+00 0.00e+00 0.00e+00 0.00e+00 H2O+/O   8.48e-13 OH+/Otot 5.38e-07 Hex(tot) 0.00e+00
 Nitrogen      9.88e-01 1.24e-02 8.05e-10 0.00e+00 0.00e+00 0.00e+00 0.00e+00 0.00e+00 O2/Ototl 2.81e-10 O2+/Otot 1.70e-09
 Oxygen        9.98e-01 2.21e-03 4.15e-10 0.00e+00 0.00e+00 0.00e+00 0.00e+00 0.00e+00 0.00e+00
 Fluorine      9.48e-01 5.20e-02 2.19e-04 0.00e+00 0.00e+00 0.00e+00 0.00e+00 0.00e+00 0.00e+00 0.00e+00
 Neon          9.22e-01 7.76e-02 6.15e-04 0.00e+00 0.00e+00 0.00e+00 0.00e+00 0.00e+00 0.00e+00 0.00e+00 0.00e+00
 Sodium        4.56e-03 9.85e-01 1.03e-02 0.00e+00 0.00e+00 0.00e+00 0.00e+00 0.00e+00 0.00e+00 0.00e+00 0.00e+00 0.00e+00
 Magnesium     1.39e-03 9.96e-01 2.44e-03 0.00e+00 0.00e+00 0.00e+00 0.00e+00 0.00e+00 0.00e+00 0.00e+00 0.00e+00 0.00e+00 0.00e+00
 Aluminium  0  4.96e-05 9.93e-01 3.85e-03 2.92e-03 0.00e+00 0.00e+00 0.00e+00 0.00e+00 0.00e+00 0.00e+00 0.00e+00 0.00e+00 0.00e+00
 Silicon    0  7.62e-05 1.00e+00 4.67e-07 0.00e+00 0.00e+00 0.00e+00 0.00e+00 0.00e+00 0.00e+00 0.00e+00 0.00e+00 0.00e+00 0.00e+00
 Phosphorus 0  1.72e-04 1.00e+00 1.46e-04 0.00e+00 0.00e+00 0.00e+00 0.00e+00 0.00e+00 0.00e+00 0.00e+00 0.00e+00 0.00e+00 0.00e+00
 Sulphur    0  8.56e-05 9.99e-01 1.13e-03 0.00e+00 0.00e+00 0.00e+00 0.00e+00 0.00e+00 0.00e+00 0.00e+00 0.00e+00 0.00e+00 0.00e+00
 Chlorine   0  3.00e-04 9.98e-01 1.80e-03 0.00e+00 0.00e+00 0.00e+00 0.00e+00 0.00e+00 0.00e+00 0.00e+00 0.00e+00 0.00e+00 0.00e+00
 Argon      0  9.86e-01 1.42e-02 3.47e-05 0.00e+00 0.00e+00 0.00e+00 0.00e+00 0.00e+00 0.00e+00 0.00e+00 0.00e+00 0.00e+00 0.00e+00
 Potassium  0  7.17e-04 9.97e-01 2.50e-03 0.00e+00 0.00e+00 0.00e+00 0.00e+00 0.00e+00 0.00e+00 0.00e+00 0.00e+00 0.00e+00 0.00e+00
 Calcium    0  6.65e-06 3.92e-02 9.61e-01 1.02e-06 0.00e+00 0.00e+00 0.00e+00 0.00e+00 0.00e+00 0.00e+00 0.00e+00 0.00e+00 0.00e+00
 Scandium   0  2.65e-05 1.57e-01 8.43e-01 2.95e-05 0.00e+00 0.00e+00 0.00e+00 0.00e+00 0.00e+00 0.00e+00 0.00e+00 0.00e+00 0.00e+00
 Titanium   0  1.15e-04 9.66e-01 3.39e-02 0.00e+00 0.00e+00 0.00e+00 0.00e+00 0.00e+00 0.00e+00 0.00e+00 0.00e+00 0.00e+00 0.00e+00
 Vanadium   0  8.12e-04 9.96e-01 3.49e-03 0.00e+00 0.00e+00 0.00e+00 0.00e+00 0.00e+00 0.00e+00 0.00e+00 0.00e+00 0.00e+00 0.00e+00
 Chromium   0  9.73e-05 1.00e+00 5.93e-06 0.00e+00 0.00e+00 0.00e+00 0.00e+00 0.00e+00 0.00e+00 0.00e+00 0.00e+00 0.00e+00 0.00e+00
 Manganese  0  2.17e-04 1.00e+00 1.39e-05 0.00e+00 0.00e+00 0.00e+00 0.00e+00 0.00e+00 0.00e+00 0.00e+00 0.00e+00 0.00e+00 0.00e+00
 Iron       0  8.77e-05 1.00e+00 2.92e-06 0.00e+00 0.00e+00 0.00e+00 0.00e+00 0.00e+00 0.00e+00 0.00e+00 0.00e+00 0.00e+00 0.00e+00
 Cobalt     0  2.07e-03 9.98e-01 2.71e-07 0.00e+00 0.00e+00 0.00e+00 0.00e+00 0.00e+00 0.00e+00 0.00e+00 0.00e+00 0.00e+00 0.00e+00
 Nickel     0  3.08e-04 1.00e+00 2.30e-07 0.00e+00 0.00e+00 0.00e+00 0.00e+00 0.00e+00 0.00e+00 0.00e+00 0.00e+00 0.00e+00 0.00e+00
 Copper     0  4.60e-04 9.99e-01 3.31e-04 0.00e+00 0.00e+00 0.00e+00 0.00e+00 0.00e+00 0.00e+00 0.00e+00 0.00e+00 0.00e+00 0.00e+00
 Zinc       0  2.70e-03 9.76e-01 2.08e-02 4.49e-05 0.00e+00 0.00e+00 0.00e+00 0.00e+00 0.00e+00 0.00e+00 0.00e+00 0.00e+00 0.00e+00
                                                                             
   Calculation stopped because lowest Te reached. Iteration 3 of 3
   The geometry is plane-parallel.
 C-Continuum zero at some energies.
  !Suprathermal collisional ionization of H reached 25.24% of the local H ionization rate.
  !Charge transfer ionization of H reached 61138.8% of the local H ionization rate.
  !Charge transfer heating reached 6.64% of the local heating.
  !The largest plasma frequency was 2.99e-08 Ryd = 3.05e+06 micron  The continuum is set to 0 below this.
  !AGE: Cloud age was not set.  Longest timescale was 2.54e+07 s = 9.65e+00 months.
  !Mutual neutralization production of H-alpha was significant.
  !The CMB was not included.  This is added with the CMB command.
   Continuum fluorescent production of H-beta was significant.
   Destruction of He 2TriS reached 4.4% of the total He0 dest rate at zone 142, 4.4% of that was photoionization.
   The density is too low to l-mix the lowest He I collapsed level.  More resolved levels are needed for accurate line ratios.
   The largest continuum occupation number was 1.327e+02 at 2.984e-08 Ryd.
   Grains were not present but might survive in this environment (energy density temperature was 8.41e+01K)
   Stimulated emission was   3.1% of the total for H transition 69 - 68
   The local H2 photodissociation heating rate reached 1.0% of the total heating.
   The continuum optical depth at the lowest energy considered (1.004e-08 Ryd) was 5.674e+03.

                       *********************************> Cloudy 13.03 <**********************************
                       * c                                                                               *
                       * phi(h) 13.000000 LOG range -0.000232 6.866524                                   *
                       * grid from 8 to 23 in 1 dex steps                                                *
                       * HDEN=8.000000 LOG                                                               *
                       * grid from 0 to 12 in 1 dex steps                                                *
                       * set pres ionize 1e5                                                             *
                       * c                                                                               *
                       * c                                                                               *
                       * table star "inst_padova_agbtrack_z.mod" age 6.78                                *
                       * c                                                                               *
                       * c                                                                               *
                       * abundances GASS10                                                               *
                       * c                                                                               *
                       * c                                                                               *
                       * iterate to convergence max = 7                                                  *
                       * stop column density = 23                                                        *
                       * c                                                                               *
                       * c                                                                               *
                       * print last                                                                      *
                       * set save prefix "padova_inst_6"                                                 *
                       * save grid ".grd" last no hash                                                   *
                       * save linelist "emissionlines_abs.txt" "LineList_HII.dat" absolute last no hash    *
                       *********************************> Log(U): -5.48 <*********************************
                       >>>>>>>>>> Cautions are present.

                     Emission Line Spectrum.   Constant  Density Model.    Open geometry.  Iteration 3 of 3.
                                                     Intensity (erg/s/cm^2).


                                                   Intrinsic line intensities
 general properties..........      H  1 4.466m  -2.257   0.0012      Ca B  8863A  -1.030   0.0195      TOTL  1860A  -1.832   0.0031            
 TOTL  4861A   0.679   1.0000      H  1 5.834m  -1.654   0.0046      Ca B  8750A  -1.115   0.0161      Al 3  1855A  -2.013   0.0020            
 TOTL  1216A   2.278  39.7424      H  1 5.834m  -1.232   0.0123      Ca B  8665A  -1.189   0.0136      Al 3  1863A  -2.298   0.0011            
 Inci     0    4.0552376.5068      H  1 5.834m  -1.135   0.0153      Ca B  8598A  -1.256   0.0116      Si 1  2518A  -2.188   0.0014            
 TotH     0    1.769  12.3001      H  1 5.834m  -1.196   0.0133      Ca B  8545A  -1.319   0.0100      TOTL  2335A  -0.444   0.0754            
 TotC     0    1.768  12.2906      H  1 5.834m  -1.376   0.0088      Ca B  8502A  -1.380   0.0087      Si 2  2334A  -1.449   0.0074            
 BFH1     0    1.728  11.2087      H  1 5.834m  -1.672   0.0045      Ca B  8467A  -1.439   0.0076      Si 2  2350A  -1.561   0.0058            
 BFHe     0    0.647   0.9298      H  1 5.834m  -2.116   0.0016      Ca B  8438A  -1.496   0.0067      Si 2  2344A  -0.921   0.0251            
 TotM     0   -0.474   0.0703      H  1 7.383m  -1.826   0.0031      Ca B  8413A  -1.552   0.0059      Si 2  2336A  -0.755   0.0368            
 CT H     0   -0.429   0.0780      H  1 7.383m  -1.405   0.0083      Ca B  8392A  -1.607   0.0052      Si 2  1814A  -0.743   0.0379            
 H FB     0    0.879   1.5866      H  1 7.383m  -1.308   0.0103      Ca B  8374A  -1.661   0.0046      Si 2  1531A  -0.633   0.0488            
 HFBc     0    0.879   1.5866      H  1 7.383m  -1.360   0.0091      Ca B  8359A  -1.714   0.0040      Si 2  1308A  -0.529   0.0620            
 continua....................      H  1 7.383m  -1.520   0.0063      Ca B  8346A  -1.766   0.0036      Si 2  1263A  -0.098   0.1672            
 Bac   3646A   1.936  18.0994      H  1 7.383m  -1.770   0.0036      Ca B  8334A  -1.817   0.0032      Si 3  1207A  -1.696   0.0042            
 nFnu  3645A   1.949  18.6299      H  1 7.383m  -2.119   0.0016      Ca B 4.051m  -0.472   0.0707      P  2 1.640m  -2.104   0.0016            
 nFnu  3647A   0.403   0.5305      H  1 9.115m  -1.977   0.0022      Ca B 2.625m  -0.693   0.0425      S  2  6720A  -1.857   0.0029            
 cout  3646A   1.635   9.0497      H  1 9.115m  -1.557   0.0058      Ca B 2.166m  -0.885   0.0273      S  2  4074A  -0.417   0.0802            
 cref  3646A   1.635   9.0497      H  1 9.115m  -1.460   0.0073      Ca B 1.945m  -1.045   0.0189      S  2 1.033m  -0.608   0.0517            
 thin  3646A   1.936  18.0996      H  1 9.115m  -1.508   0.0065      Ca B 1.817m  -1.179   0.0139      S II  6731A  -2.015   0.0020            
 Inci  4860A   3.273 392.8450      H  1 9.115m  -1.654   0.0046      Ca B 1.736m  -1.295   0.0106      S II  4070A  -0.502   0.0659            
 Inci  1215A   3.8811593.8704      H  1 9.115m  -1.877   0.0028      Ca B 1.681m  -1.394   0.0084      S II  4078A  -1.165   0.0143            
 Ba C     0    1.153   2.9808      H  1 9.115m  -2.173   0.0014      Ca B 1.641m  -1.480   0.0069      S II 1.032m  -0.993   0.0213            
 PA C     0    0.749   1.1760      H  1 11.03m  -0.947   0.0237      Ca B 1.611m  -1.555   0.0058      S II 1.029m  -1.129   0.0156            
 FIR  83.00m   1.544   7.3338      H  1 13.13m  -1.059   0.0183      Ca B 1.588m  -1.623   0.0050      S II 1.037m  -1.624   0.0050            
 TIR   1800m  -0.688   0.0429      H  1 15.40m  -1.162   0.0144      Ca B 1.570m  -1.686   0.0043      S II 1.034m  -1.327   0.0099            
 NIRa 2.850m   2.866 154.0035      H  1 17.87m  -1.258   0.0116      Ca B 1.556m  -1.747   0.0038      S  2  1256A  -0.713   0.0405            
 NIRb 3.000m   2.583  80.2224      H  1 20.51m  -1.347   0.0094      Ca B 1.544m  -1.806   0.0033      Cl 2  8579A  -1.512   0.0064            
 MIRa 15.00m   1.236   3.6077      H  1 23.33m  -1.431   0.0078      Ca B 1.534m  -1.863   0.0029      Cl 2  9124A  -2.090   0.0017            
 MIRb 22.50m   1.374   4.9631      H  1 26.34m  -1.509   0.0065      Ca B 1.526m  -1.919   0.0025      Ar 2 6.980m  -1.662   0.0046            
 NMIR 21.75m   2.866 154.0035      H  1 29.53m  -1.583   0.0055      Ca B 1.519m  -1.974   0.0022      Ar 3  7135A  -2.310   0.0010            
 TFIR 611.2m   1.033   2.2586      H  1 32.91m  -1.653   0.0047      Ca B 1.513m  -2.028   0.0020      Ca 1  4228A  -1.666   0.0045            
 TALL 10000A   4.0562382.1655      H  1 36.46m  -1.720   0.0040      Ca B 1.508m  -2.081   0.0017      Ca 2  3933A   0.881   1.5914            
 F12  12.00m   0.697   1.0420      H  1 40.20m  -1.783   0.0035      Ca B 1.504m  -2.133   0.0015      Ca 2  8579A   0.074   0.2486            
 F25  25.00m   0.711   1.0779      H  1 44.12m  -1.844   0.0030      Ca B 1.500m  -2.184   0.0014      Ca 2  7306A   0.288   0.4065            
 F60  60.00m   1.146   2.9319      H  1 48.22m  -1.901   0.0026      Ca B 7.458m  -0.987   0.0216      Ca2K  3934A   0.684   1.0132            
 F100 100.0m   0.956   1.8923      H  1 52.50m  -1.957   0.0023      Ca B 4.653m  -1.162   0.0144      Ca2H  3969A   0.441   0.5782            
 MIPS 24.00m   0.399   0.5247      H  1 56.97m  -0.779   0.0348      Ca B 3.740m  -1.322   0.0100      Ca2X  8498A  -1.012   0.0204            
 MIPS 70.00m   0.788   1.2847      He 1 504.3A  -0.405   0.0825      Ca B 3.296m  -1.459   0.0073      Ca2Y  8542A  -0.102   0.1657            
 MIPS 160.0m   0.561   0.7617      He 1  2600A  -1.240   0.0120      Ca B 3.038m  -1.577   0.0055      Ca2Z  8662A  -0.525   0.0625            
 IRAC 3.600m   1.059   2.3979      He 1  3121A  -1.753   0.0037      Ca B 2.872m  -1.679   0.0044      CaF1  7291A   0.071   0.2465            
 IRAC 4.500m   0.807   1.3444      He 1  3421A  -1.705   0.0041      Ca B 2.758m  -1.765   0.0036      CaF2  7324A  -0.117   0.1599            
 IRAC 5.800m   0.596   0.8261      He 1  3421A  -1.227   0.0124      Ca B 2.674m  -1.841   0.0030      Fe2c     0    1.168   3.0818            
 IRAC 8.000m   0.576   0.7902      He 1  3421A  -1.006   0.0207      Ca B 2.612m  -1.909   0.0026      Fe 2  4300A   0.481   0.6343            
 SPR1 250.0m   0.142   0.2906      He 1  3679A  -1.423   0.0079      Ca B 2.564m  -1.972   0.0022      Fe 2  2400A   1.053   2.3650            
 SPR2 350.0m  -0.288   0.1081      He 1  6632A  -2.186   0.0014      Ca B 2.525m  -2.033   0.0019      Fe 2  6200A  -0.613   0.0511            
 SPR3 500.0m  -0.661   0.0457      He 1  7843A  -1.508   0.0065      Ca B 2.495m  -2.092   0.0017      Fe 2  1080A  -1.849   0.0030            
 PAC1 70.00m   0.850   1.4822      He 1  8188A  -1.684   0.0043      Ca B 2.469m  -2.149   0.0015      Fe 2  1500A  -1.910   0.0026            
 PAC2 100.0m   0.961   1.9140      He 1  8191A  -2.173   0.0014      Ca B 2.448m  -2.205   0.0013      Fe 2 1.150m  -1.347   0.0094            
 PAC3 160.0m   0.818   1.3770      He 1  8261A  -2.110   0.0016      Ca B 2.431m  -2.260   0.0012      Fe 2  2500A  -1.527   0.0062            
 PAH  3.300m   0.279   0.3979      He 1 1.409m  -2.027   0.0020      Ca B 2.416m  -2.314   0.0010      Fe 2  2300A  -1.793   0.0034            
 PAHC 3.230m   0.008   0.2136      He 1 1.456m  -2.068   0.0018      Ca B 12.37m  -1.417   0.0080      Fe 2  8900A  -2.083   0.0017            
 PAHC 3.370m  -0.069   0.1789      He 1 4.465m  -2.234   0.0012      Ca B 7.500m  -1.558   0.0058      Fe 2 25.98m  -1.832   0.0031            
 PAH  6.200m   0.057   0.2391      C  1  1101A  -1.307   0.0103      Ca B 5.907m  -1.693   0.0043      Fe 2 1.257m  -1.007   0.0206            
 PAHC 5.650m   0.144   0.2920      N  1 853.4A  -2.153   0.0015      Ca B 5.127m  -1.811   0.0032      Fe 2 35.34m  -2.244   0.0012            
 PAH  7.900m   0.133   0.2849      Si 1  1521A  -2.110   0.0016      Ca B 4.671m  -1.912   0.0026      Fe 2 1.321m  -1.584   0.0055            
 PAHC 6.900m   0.233   0.3583      S  1  1197A  -2.031   0.0019      Ca B 4.375m  -2.000   0.0021      Fe 2 1.249m  -2.231   0.0012            
 PAH  11.30m  -0.514   0.0642      grains......................      Ca B 4.170m  -2.076   0.0018      Fe 2  7638A  -1.458   0.0073            
 PAHC 10.90m  -0.521   0.0632      H-like iso-sequence.........      Ca B 4.020m  -2.144   0.0015      Fe 2 1.372m  -1.808   0.0033            
 PAH  11.80m  -0.309   0.1028      Clin 912.0A   0.260   0.3817      Ca B 3.906m  -2.207   0.0013      Fe 2 1.294m  -1.563   0.0057            
 PAHC 12.65m  -0.216   0.1273      Cool  1216A   0.050   0.2352      Ca B 3.818m  -2.268   0.0011      Fe 2  7687A  -1.642   0.0048            
 PAH  13.30m  -0.285   0.1087      Crst 960.0A  -0.146   0.1497      Ca B 19.06m  -1.786   0.0034      Fe 2 1.328m  -1.809   0.0033            
 PAHC 14.10m  -0.299   0.1052      Hrst     0   -1.694   0.0042      Ca B 11.31m  -1.899   0.0026      Fe 2 1.279m  -1.668   0.0045            
 Bcon  3640A   3.9681944.8821      LA X  1216A  -1.688   0.0043      Ca B 8.758m  -2.012   0.0020      Fe 2  7665A  -2.002   0.0021            
 Pcon  5000A   3.169 309.4727      CION     0   -1.967   0.0023      Ca B 7.506m  -2.113   0.0016      Fe 2 1.298m  -2.032   0.0019            
 HFFc     0    0.638   0.9097      Ca B  1216A   2.186  32.1292      Ca B 6.770m  -2.200   0.0013      Fe 2 1.270m  -1.849   0.0030            
 H FF     0    0.612   0.8582      Q(H)  4861A   0.719   1.0970      Ca B 6.290m  -2.275   0.0011      Fe 2 17.93m  -1.446   0.0075            
 HeFF     0   -1.266   0.0113      Q(H)  1216A   2.213  34.2385      Ca B 27.80m  -2.105   0.0016      Fe 2 1.644m  -1.080   0.0174            
 MeFB     0   -1.604   0.0052      CaBo  4861A   0.664   0.9668      Ca B 16.20m  -2.196   0.0013      Fe 2 1.533m  -1.508   0.0065            
 MeFF     0   -2.117   0.0016      Ca A  1216A   2.067  24.4735      Ca B 12.38m  -2.290   0.0011      Fe 2  8617A  -0.880   0.0276            
 ToFF     0    0.619   0.8712      Ca A  1026A   1.362   4.8228      H  1     0   -0.916   0.0254      Fe 2 24.51m  -1.916   0.0025            
 nFnu 122.4m  -0.977   0.0221      Ca A 972.5A   0.982   2.0115      H  1  1216A   2.278  39.7424      Fe 2 1.809m  -1.782   0.0035            
 nInu 122.4m   1.369   4.9035      Ca A 949.7A   0.734   1.1369      H  1  1026A  -0.069   0.1787      Fe 2 1.677m  -1.647   0.0047            
 nFnu 60.83m  -0.735   0.0386      Ca A 937.8A   0.571   0.7797      H  1 972.5A  -0.457   0.0732      Fe 2 1.599m  -1.607   0.0052            
 nInu 60.83m   1.322   4.3988      Ca A 930.8A   0.459   0.6026      H  1 949.7A  -0.443   0.0756      Fe 2  9052A  -1.538   0.0061            
 nFnu 41.22m  -0.585   0.0545      Ca A 926.2A   0.371   0.4923      H  1 937.8A  -0.698   0.0420      Fe 2  8892A  -1.285   0.0109            
 nInu 41.22m   1.211   3.4023      Ca A 923.2A   0.295   0.4129      H  1 930.8A  -0.885   0.0273      Fe 2 1.800m  -1.819   0.0032            
 nFnu 30.87m  -0.480   0.0693      Ca A 921.0A   0.224   0.3512      H  1 926.2A  -0.987   0.0216      Fe 2 1.711m  -2.188   0.0014            
 nInu 30.87m   1.113   2.7194      Ca A 919.4A   0.160   0.3026      H  1 923.2A  -1.025   0.0198      Fe 2 1.664m  -1.890   0.0027            
 nFnu 24.78m  -0.400   0.0834      Ca A 918.1A   0.102   0.2648      H  1 921.0A  -1.061   0.0182      Fe 2  9399A  -2.315   0.0010            
 nInu 24.78m   1.038   2.2883      Ca A 917.2A   0.051   0.2357      H  1  6563A   1.145   2.9259      Fe 2  9227A  -1.541   0.0060            
 nFnu 24.30m  -0.394   0.0847      Ca A 916.4A   0.005   0.2120      H  1  4861A   0.679   1.0000      Fe 2  9033A  -1.751   0.0037            
 nInu 24.30m   1.031   2.2527      Ca A 915.8A  -0.039   0.1914      H  1  4340A   0.399   0.5252      Fe 2 1.797m  -1.962   0.0023            
 nFnu 22.83m  -0.370   0.0894      Ca A 915.3A  -0.084   0.1727      H  1  4102A   0.194   0.3276      Fe 2 1.745m  -2.198   0.0013            
 nInu 22.83m   1.011   2.1491      Ca A 914.9A  -0.129   0.1556      H  1  3970A   0.021   0.2201      Fe 2  9471A  -2.107   0.0016            
 nFnu 21.42m  -0.348   0.0941      Ca A 914.6A  -0.175   0.1401      H  1  3889A  -0.122   0.1583      Fe 2  9268A  -1.646   0.0047            
 nInu 21.42m   0.989   2.0422      Ca A 914.3A  -0.221   0.1259      H  1  3835A  -0.227   0.1243      Fe2b  7000A  -1.151   0.0148            
 nFnu 21.12m  -0.343   0.0952      Ca A 914.0A  -0.268   0.1131      H  1  3798A  -0.285   0.1087      Fe2b 10000A  -0.110   0.1625            
 nInu 21.12m   0.984   2.0183      Ca A 913.8A  -0.315   0.1014      H  1 1.875m   0.169   0.3092      Fe2b  7445A  -1.151   0.0148            
 nFnu 19.62m  -0.315   0.1014      Ca A 913.6A  -0.363   0.0909      H  1 1.282m  -0.106   0.1642      Fe2b  8625A  -0.538   0.0607            
 nInu 19.62m   0.963   1.9240      Ca A 913.5A  -0.410   0.0815      H  1 1.094m  -0.320   0.1002      Fe2b 1.033m  -2.107   0.0016            
 nFnu 17.65m  -0.273   0.1116      Ca A 913.3A  -0.457   0.0731      H  1 1.005m  -0.496   0.0669      Fe2b 1.889m  -1.175   0.0140            
 nInu 17.65m   0.945   1.8462      Ca A  6563A   0.902   1.6703      H  1  9546A  -0.639   0.0481      Fe 2  1786A  -0.259   0.1154            
 nFnu 17.37m  -0.268   0.1129      Ca A  4861A   0.469   0.6172      H  1  9229A  -0.743   0.0378      Fe3c     0   -1.593   0.0054            
 nInu 17.37m   0.943   1.8358      Ca A  4340A   0.155   0.2995      H  1  9015A  -0.801   0.0331      Fe 3  5271A  -2.296   0.0011            
 nFnu 15.69m  -0.235   0.1219      Ca A  4102A  -0.078   0.1752      H  1 4.051m  -0.490   0.0678      Fe 3  4659A  -2.133   0.0015            
 nInu 15.69m   0.926   1.7681      Ca A  3970A  -0.254   0.1169      H  1 2.625m  -0.694   0.0424      Fe 3  1126A  -2.150   0.0015            
 nFnu 14.60m  -0.206   0.1305      Ca A  3889A  -0.390   0.0853      H  1 2.166m  -0.869   0.0283      recombination...............            
 nInu 14.60m   0.915   1.7223      Ca A  3835A  -0.503   0.0658      H  1 1.945m  -1.011   0.0204      O  1  1357A  -1.576   0.0056            
 nFnu 12.43m  -0.144   0.1505      Ca A  3798A  -0.597   0.0529      H  1 1.817m  -1.114   0.0161      C  1  1140A  -1.112   0.0162            
 nInu 12.43m   0.888   1.6188      Ca A  3771A  -0.678   0.0440      H  1 1.736m  -1.171   0.0141      C  2 799.8A  -2.142   0.0015            
 nFnu 11.40m  -0.117   0.1602      Ca A  3750A  -0.745   0.0377      H  1 7.458m  -1.018   0.0201      N  1 980.7A  -1.795   0.0034            
 nInu 11.40m   0.874   1.5679      Ca A  3734A  -0.802   0.0331      H  1 4.653m  -1.169   0.0142      O  1  7950A  -2.047   0.0019            
 nFnu 10.46m  -0.079   0.1748      Ca A  3722A  -0.851   0.0295      H  1 3.740m  -1.305   0.0104      level2 lines................            
 nInu 10.46m   0.860   1.5187      Ca A  3712A  -0.898   0.0265      H  1 3.296m  -1.406   0.0082      C  1 943.9A  -1.008   0.0206            
 nFnu 9.480m  -0.048   0.1878      Ca A  3704A  -0.944   0.0238      H  1 3.038m  -1.461   0.0073      C  1  1248A  -0.953   0.0234            
 nInu 9.480m   0.864   1.5324      Ca A  3697A  -0.990   0.0214      H  1 12.37m  -1.446   0.0075      C  1  1561A  -1.211   0.0129            
 nFnu 9.325m  -0.043   0.1898      Ca A  3692A  -1.036   0.0193      H  1 7.500m  -1.556   0.0058      C  1  1315A  -1.118   0.0160            
 nInu 9.325m   0.868   1.5456      Ca A  3687A  -1.083   0.0173      H  1 5.907m  -1.649   0.0047      C  1  1166A  -1.296   0.0106            
 nFnu 8.210m   0.011   0.2149      Ca A  3683A  -1.130   0.0155      H  1 5.127m  -1.701   0.0042      C  1  1233A  -1.303   0.0104            
 nInu 8.210m   0.913   1.7167      Ca A  3679A  -1.177   0.0139      H  1 19.06m  -1.797   0.0033      C  1  1132A  -1.563   0.0057            
 nFnu 7.580m   0.035   0.2270      Ca A  3676A  -1.225   0.0125      H  1 11.31m  -1.864   0.0029      C  1  1251A  -1.574   0.0056            
 nInu 7.580m   0.954   1.8838      Ca A  3674A  -1.272   0.0112      H  1 8.758m  -1.908   0.0026      C  1  1112A  -1.699   0.0042            
 nFnu 7.050m   0.075   0.2493      Ca A  3671A  -1.319   0.0100      H  1 27.80m  -2.079   0.0017      C  1  1115A  -1.748   0.0037            
 nInu 7.050m   0.996   2.0768      Ca A 1.875m   0.077   0.2504      H  1 16.20m  -2.097   0.0017      C  1  1162A  -1.824   0.0031            
 nFnu 4.114m   0.288   0.4065      Ca A 1.282m  -0.229   0.1238      H  1 38.86m  -2.293   0.0011      C  1  1167A  -1.990   0.0021            
 nInu 4.114m   1.518   6.9012      Ca A 1.094m  -0.481   0.0693      Ca A 303.8A  -1.762   0.0036      C  1  1104A  -1.928   0.0025            
 nFnu 2.324m   0.446   0.5854      Ca A 1.005m  -0.682   0.0435      He 2 303.8A  -1.837   0.0030      C  1  1109A  -1.943   0.0024            
 nInu 2.324m   2.117  27.4443      Ca A  9546A  -0.844   0.0300      He-like iso-sequence........      C  1  1130A  -2.149   0.0015            
 nFnu 1.643m   0.577   0.7906      Ca A  9229A  -0.975   0.0222      Clin 506.0A  -0.157   0.1460      C  1  1098A  -2.092   0.0017            
 nInu 1.643m   2.518  69.0660      Ca A  9015A  -1.084   0.0173      Ca B  2945A  -1.835   0.0031      C  1  1132A  -2.115   0.0016            
 nFnu 1.480m   0.569   0.7759      Ca A  8863A  -1.174   0.0140      Ca B  3188A  -1.506   0.0065      C  1  1106A  -2.177   0.0014            
 nInu 1.480m   2.582  80.0979      Ca A  8750A  -1.248   0.0118      Ca B  3889A  -1.074   0.0177      C  1  1093A  -2.279   0.0011            
 nFnu 1.436m   0.820   1.3834      Ca A  8665A  -1.309   0.0103      Ca B  3965A  -2.097   0.0017      C  2 892.8A  -1.478   0.0070            
 nInu 1.436m   2.607  84.7444      Ca A  8598A  -1.361   0.0091      Ca B  4026A  -1.772   0.0035      C  2 688.8A  -1.867   0.0028            
 nFnu 1.119m   0.777   1.2546      Ca A  8545A  -1.409   0.0082      Ca B  4471A  -1.441   0.0076      C  2  1020A  -0.207   0.1302            
 nInu 1.119m   2.774 124.5309      Ca A  8502A  -1.456   0.0073      Ca B  4922A  -2.002   0.0021      C  2 596.6A  -2.163   0.0014            
 nFnu  8330A   0.672   0.9850      Ca A  8467A  -1.502   0.0066      Ca B  5016A  -1.682   0.0044      C  2 562.0A  -2.286   0.0011            
 nInu  8330A   2.931 178.6005      Ca A  8438A  -1.549   0.0059      Ca B  5876A  -0.967   0.0226      C  2 858.2A  -2.218   0.0013            
 nFnu  8079A   1.216   3.4416      Ca A  8413A  -1.596   0.0053      Ca B  6678A  -1.511   0.0065      N  1 942.3A  -0.541   0.0603            
 nInu  8079A   2.956 189.5239      Ca A  8392A  -1.643   0.0048      Ca B  7065A  -1.573   0.0056      N  1 952.1A  -0.484   0.0687            
 nFnu  6210A   1.030   2.2442      Ca A  8374A  -1.690   0.0043      Ca B  7281A  -2.218   0.0013      N  1  1131A  -0.499   0.0663            
 nInu  6210A   3.143 291.2112      Ca A  8359A  -1.738   0.0038      Ca B 1.083m   0.092   0.2592      N  2 634.4A  -2.250   0.0012            
 nFnu  4885A   0.779   1.2605      Ca A  8346A  -1.785   0.0034      Ca B 1.278m  -2.229   0.0012      N  2 907.1A  -1.855   0.0029            
 nInu  4885A   3.293 411.7084      Ca A  8334A  -1.833   0.0031      Ca B 1.869m  -1.850   0.0030      O  1 867.3A  -1.816   0.0032            
 nFnu  3704A   0.388   0.5115      Ca A 4.051m  -0.552   0.0588      Ca B 2.058m  -1.016   0.0202      O  1 787.5A  -1.963   0.0023            
 nInu  3704A   3.394 518.9881      Ca A 2.625m  -0.789   0.0341      He 1     0    0.471   0.6193      O  1 976.8A  -0.770   0.0356            
 nFnu  3588A   1.922  17.5280      Ca A 2.166m  -0.999   0.0210      He 1 584.3A  -0.689   0.0429      O  1 767.7A  -2.235   0.0012            
 nInu  3588A   3.393 518.4556      Ca A 1.945m  -1.173   0.0141      He 1 537.0A  -1.933   0.0024      O  1 969.0A  -0.502   0.0659            
 nFnu  2430A   1.004   2.1151      Ca A 1.817m  -1.316   0.0101      He 1 522.2A  -1.967   0.0023      O  1 946.4A  -0.513   0.0644            
 nInu  2430A   3.666 970.8630      Ca A 1.736m  -1.434   0.0077      He 1 515.6A  -2.007   0.0021      O  1 934.5A  -0.634   0.0487            
 nFnu  2392A   0.961   1.9157      Ca A 1.681m  -1.530   0.0062      He 1 512.1A  -2.040   0.0019      O  1 973.6A  -0.866   0.0285            
 nInu  2392A   3.671 981.4951      Ca A 1.641m  -1.608   0.0052      TOTL 1.083m  -0.017   0.2017      O  1 927.5A  -0.732   0.0388            
 nFnu  2071A   0.547   0.7389      Ca A 1.611m  -1.671   0.0045      He 1 1.083m  -0.017   0.2017      O  1 948.5A  -0.632   0.0489            
 nInu  2071A   3.7721240.6486      Ca A 1.588m  -1.725   0.0039      He 1 1.083m  -0.970   0.0224      O  1 923.0A  -0.841   0.0302            
 nFnu  2053A   0.521   0.6959      Ca A 1.570m  -1.774   0.0035      He 1 1.083m  -0.494   0.0672      O  1 919.9A  -0.981   0.0219            
 nInu  2053A   3.7681228.0531      Ca A 1.556m  -1.821   0.0032      He 1 1.083m  -0.272   0.1120      O  1 935.7A  -0.785   0.0344            
 nFnu  1793A   0.250   0.3722      Ca A 1.544m  -1.869   0.0028      He 1  3889A  -1.133   0.0154      O  1 917.7A  -1.021   0.0200            
 nInu  1793A   3.8561504.4318      Ca A 1.534m  -1.915   0.0025      He 1  3188A  -1.563   0.0057      O  1 918.7A  -1.063   0.0181            
 nFnu  1585A   0.199   0.3316      Ca A 1.526m  -1.962   0.0023      He 1  2945A  -1.893   0.0027      O  1 928.2A  -0.923   0.0250            
 nInu  1585A   3.8491479.8733      Ca A 1.519m  -2.010   0.0020      He 1  2829A  -2.155   0.0015      O  1 917.5A  -1.109   0.0163            
 nFnu  1458A   0.270   0.3900      Ca A 1.513m  -2.057   0.0018      He 1 2.058m  -1.520   0.0063      O  1 923.4A  -1.081   0.0174            
 nInu  1458A   3.9501867.5311      Ca A 1.508m  -2.105   0.0016      He 1  5016A  -1.757   0.0037      O  1 920.2A  -1.276   0.0111            
 nFnu  1357A   0.365   0.4854      Ca A 1.504m  -2.152   0.0015      He 1  3965A  -2.141   0.0015      O  1 918.0A  -1.373   0.0089            
 nInu  1357A   4.0132160.5291      Ca A 1.500m  -2.200   0.0013      He 1  7065A  -1.656   0.0046      Ne 1 688.6A  -2.243   0.0012            
 nFnu  1297A   0.497   0.6584      Ca A 7.458m  -1.069   0.0179      He 1  5876A  -1.010   0.0205      Mg 1  1817A  -1.836   0.0031            
 nInu  1297A   3.9842020.1566      Ca A 4.653m  -1.261   0.0115      He 1  4471A  -1.493   0.0067      Mg 1  1739A  -2.254   0.0012            
 nFnu  1263A   0.786   1.2812      Ca A 3.740m  -1.437   0.0077      He 1  4026A  -1.827   0.0031      Mg 2  1040A  -2.013   0.0020            
 nInu  1263A   4.0112151.3237      Ca A 3.296m  -1.585   0.0054      He 1  3820A  -2.080   0.0017      Mg 2 959.3A  -1.285   0.0109            
 nFnu  1218A   3.225 351.8920      Ca A 3.038m  -1.708   0.0041      He 1  7281A  -2.274   0.0011      Mg 2 919.2A  -1.811   0.0032            
 nInu  1218A   3.8791587.5045      Ca A 2.872m  -1.808   0.0033      He 1  6678A  -1.557   0.0058      Mg 2  1258A  -1.413   0.0081            
 nFnu  1196A   1.419   5.4986      Ca A 2.758m  -1.889   0.0027      He 1  4922A  -2.055   0.0018      Al 2  1671A  -0.541   0.0602            
 nInu  1196A   3.9431836.5571      Ca A 2.674m  -1.954   0.0023      He 1 1.869m  -1.873   0.0028      Al 2 929.0A  -2.097   0.0017            
 nFnu  1175A   0.719   1.0980      Ca A 2.612m  -2.009   0.0021      He 1 1.278m  -2.272   0.0011      Si 1  1261A  -2.051   0.0019            
 nInu  1175A   3.8231393.5092      Ca A 2.564m  -2.059   0.0018      Pho+  3889A  -0.079   0.1749      Si 1  1853A  -2.122   0.0016            
 nFnu  1144A   0.574   0.7857      Ca A 2.525m  -2.107   0.0016      database lines..............      Si 1  1694A  -2.312   0.0010            
 nInu  1144A   4.0502351.6130      Ca A 2.495m  -2.154   0.0015      level 1 lines...............      Si 2  1180A  -0.186   0.1365            
 nFnu  1113A   0.499   0.6612      Ca A 2.469m  -2.201   0.0013      C  1  1656A  -0.788   0.0341      Si 2 993.4A  -0.632   0.0489            
 nInu  1113A   4.0362274.5923      Ca A 2.448m  -2.248   0.0012      REC   1656A  -1.520   0.0063      Si 2  1024A  -0.756   0.0367            
 nFnu  1103A   0.594   0.8228      Ca A 2.431m  -2.296   0.0011      C  1  8727A  -1.695   0.0042      S  2 750.3A  -1.992   0.0021            
 nInu  1103A   4.0602406.1677      Ca A 12.37m  -1.508   0.0065      TOTL  2326A   0.108   0.2689      S  2 888.4A  -2.101   0.0017            
 nFnu  1074A   0.548   0.7407      Ca A 7.500m  -1.664   0.0045      C  2  2325A  -0.928   0.0247      Ar 1  1096A  -0.653   0.0466            
 nInu  1074A   4.0512357.8396      Ca A 5.907m  -1.811   0.0032      C  2  2324A  -1.351   0.0093      Ar 1 922.5A  -1.108   0.0163            
 nFnu  1064A   0.535   0.7186      Ca A 5.127m  -1.935   0.0024      C  2  2329A  -0.909   0.0258      Ar 1 918.5A  -1.220   0.0126            
 nInu  1064A   4.0322257.0945      Ca A 4.671m  -2.038   0.0019      C  2  2328A  -0.489   0.0679      P  2  1308A  -2.052   0.0019            
 nFnu  1036A   0.516   0.6875      Ca A 4.375m  -2.120   0.0016      C  2  2327A  -0.172   0.1411      P  2  1154A  -1.098   0.0167            
 nInu  1036A   3.9892042.7085      Ca A 4.170m  -2.187   0.0014      C  2  1335A  -0.228   0.1240      P  2 967.2A  -0.995   0.0212            
 nFnu  1000A   0.519   0.6924      Ca A 4.020m  -2.242   0.0012      C  3 977.0A  -1.316   0.0101      P  2 963.8A  -0.744   0.0377            
 nInu  1000A   3.9862027.3772      Ca A 3.906m  -2.293   0.0011      N  1 953.9A  -0.484   0.0688      Cl 2  1071A  -1.946   0.0024            
 nFnu 925.1A   0.544   0.7334      Ca A 19.06m  -1.887   0.0027      N  1 954.1A  -0.735   0.0386      Ti 2  3366A  -0.811   0.0324            
 nInu 925.1A   3.7451163.8186      Ca A 11.31m  -2.011   0.0020      N  1 951.0A  -1.819   0.0032      Ti 2  3238A  -1.040   0.0191            
 nFnu 897.8A   2.173  31.1975      Ca A 8.758m  -2.132   0.0015      N  1 955.8A  -2.242   0.0012      Ti 2  1904A  -1.946   0.0024            
 nFnu 760.0A   0.732   1.1314      Ca A 7.506m  -2.235   0.0012      N  1 959.4A  -2.301   0.0010      Ti 2  1907A  -1.696   0.0042            
 nFnu 701.5A   0.013   0.2159      Ca A 6.770m  -2.318   0.0010      N  1  1200A  -0.360   0.0915      Cr 2  2060A  -1.060   0.0182            
 nFnu 608.2A  -1.678   0.0044      Ca A 27.80m  -2.214   0.0013      N  1  3466A  -1.885   0.0027      Cr 2  1081A  -2.201   0.0013            
 nFnu 575.1A  -1.647   0.0047      Ca A 16.20m  -2.312   0.0010      TOTL  3467A  -1.804   0.0033      Cr 2  1063A  -2.152   0.0015            
 nFnu 496.9A   0.824   1.3980      Ca B  6563A   1.128   2.8153      N  1 1.040m  -1.386   0.0086      Mn 2  2590A  -0.682   0.0436            
 RRC.........................      Ca B  4861A   0.688   1.0222      N  1 1.040m  -1.929   0.0025      Mn 2  1199A  -1.082   0.0174            
 H  1 911.8A   1.147   2.9418      Ca B  4340A   0.376   0.4983      N  1 1.041m  -1.736   0.0039      Mn 2  1163A  -1.993   0.0021            
 H  1  3646A   0.692   1.0302      Ca B  4102A   0.142   0.2907      N  1 1.041m  -1.745   0.0038      Co 2  2062A  -1.986   0.0022            
 H  1  3646A   1.062   2.4141      Ca B  3970A  -0.041   0.1908      TOTL 1.040m  -1.049   0.0187      Co 2  2019A  -1.936   0.0024            
 H  1  8204A  -0.057   0.1836      Ca B  3889A  -0.190   0.1354      N  2  6584A  -1.749   0.0037      Co 2  1950A  -1.928   0.0025            
 H  1  8204A   0.363   0.4830      Ca B  3835A  -0.316   0.1013      N  2  6548A  -2.219   0.0013      Co 2  1576A  -1.816   0.0032            
 H  1  8204A   0.297   0.4151      Ca B  3798A  -0.425   0.0788      N  2  5755A  -1.550   0.0059      Co 2  1470A  -1.592   0.0054            
 H  1 1.458m  -0.561   0.0576      Ca B  3771A  -0.520   0.0632      N  2  2141A  -1.649   0.0047      Ni 2  1752A  -1.029   0.0196            
 H  1 1.458m  -0.133   0.1542      Ca B  3750A  -0.603   0.0522      N  2  1085A  -0.432   0.0775      Ni 2  1744A  -0.978   0.0221            
 H  1 1.458m  -0.090   0.1702      Ca B  3734A  -0.677   0.0441      O  1  6300A  -0.118   0.1598      Ni 2  1485A  -1.253   0.0117            
 H  1 1.458m  -0.393   0.0848      Ca B  3722A  -0.743   0.0378      O  1  6363A  -0.614   0.0510      Ni 2  1473A  -1.042   0.0190            
 H  1 2.279m  -0.930   0.0246      Ca B  3712A  -0.806   0.0327      O  1  5577A  -1.008   0.0205      Ni 2  1400A  -1.175   0.0140            
 H  1 2.279m  -0.503   0.0658      Ca B  3704A  -0.867   0.0285      O  1 63.17m  -2.106   0.0016      Ni 2  1376A  -0.893   0.0268            
 H  1 2.279m  -0.427   0.0784      Ca B  3697A  -0.925   0.0249      TOTL  7325A  -1.279   0.0110      Ni 2  1324A  -0.860   0.0289            
 H  1 2.279m  -0.582   0.0549      Ca B  3692A  -0.983   0.0218      O II  2471A  -1.370   0.0089      Cu 2  1359A  -1.902   0.0026            
 H  1 2.279m  -1.044   0.0189      Ca B  3687A  -1.039   0.0192      O II  7323A  -1.526   0.0062      Zn 2  2038A  -1.430   0.0078            
 H  1 3.281m  -1.219   0.0126      Ca B  3683A  -1.094   0.0169      O II  7332A  -1.642   0.0048      hyperfine structure.........            
 H  1 3.281m  -0.793   0.0337      Ca B  3679A  -1.148   0.0149      O  2 833.8A  -1.731   0.0039      inner shell.................            
 H  1 3.281m  -0.705   0.0414      Ca B  3676A  -1.201   0.0132      Ne 2 12.81m  -1.033   0.0194      molecules...................            
 H  1 3.281m  -0.805   0.0329      Ca B  3674A  -1.253   0.0117      Na 1  5892A  -1.086   0.0172      H-FB     0   -0.551   0.0589            
 H  1 3.281m  -1.093   0.0169      Ca B  3671A  -1.303   0.0104      Mg 1  4561A  -2.134   0.0015      H-FF     0   -0.736   0.0385            
 H  1 3.281m  -1.665   0.0045      Ca B 1.875m   0.176   0.3141      Mg 1  2853A  -0.808   0.0326      H-CT  6563A  -0.409   0.0816            
 H  1 4.466m  -1.455   0.0073      Ca B 1.282m  -0.116   0.1605      Mg 1  2026A  -1.290   0.0107      H- H     0   -1.292   0.0107            
 H  1 4.466m  -1.031   0.0195      Ca B 1.094m  -0.350   0.0935      TOTL  2798A   1.143   2.9097      H2+      0   -0.861   0.0289            
 H  1 4.466m  -0.937   0.0242      Ca B 1.005m  -0.538   0.0608      Mg 2  2796A   0.962   1.9201      HEH+     0   -2.272   0.0011            
 H  1 4.466m  -1.011   0.0204      Ca B  9546A  -0.691   0.0427      Mg 2  2803A   0.674   0.9896            
 H  1 4.466m  -1.227   0.0124      Ca B  9229A  -0.821   0.0316      totl  2665A  -0.573   0.0560            
 H  1 4.466m  -1.607   0.0052      Ca B  9015A  -0.933   0.0244      Al 2  2670A  -0.574   0.0559            

                                                    Emergent line intensities
 general properties..........      Ca A 937.8A   0.570   0.7779      Ca B 2.674m  -1.841   0.0030      Si 3  1207A  -1.697   0.0042            
 TOTL  4861A   0.679   1.0000      Ca A 930.8A   0.458   0.6012      Ca B 2.612m  -1.909   0.0026      P  2 1.640m  -2.104   0.0016            
 TOTL  1216A   2.278  39.7436      Ca A 926.2A   0.370   0.4912      Ca B 2.564m  -1.972   0.0022      S  2  6720A  -1.857   0.0029            
 continua....................      Ca A 923.2A   0.294   0.4119      Ca B 2.525m  -2.033   0.0019      S  2  4074A  -0.417   0.0803            
 Bac   3646A   1.936  18.1010      Ca A 921.0A   0.223   0.3504      Ca B 2.495m  -2.092   0.0017      S  2 1.033m  -0.608   0.0517            
 nFnu  3645A   1.949  18.6315      Ca A 919.4A   0.159   0.3019      Ca B 2.469m  -2.149   0.0015      S II  6731A  -2.015   0.0020            
 nFnu  3647A   0.403   0.5305      Ca A 918.1A   0.101   0.2642      Ca B 2.448m  -2.205   0.0013      S II  4070A  -0.502   0.0659            
 cout  3646A   1.635   9.0505      Ca A 917.2A   0.050   0.2351      Ca B 2.431m  -2.260   0.0012      S II  4078A  -1.165   0.0143            
 cref  3646A   1.635   9.0505      Ca A 916.4A   0.004   0.2115      Ca B 2.416m  -2.314   0.0010      S II 1.032m  -0.993   0.0213            
 thin  3646A   1.936  18.1012      Ca A 915.8A  -0.040   0.1910      Ca B 12.37m  -1.417   0.0080      S II 1.029m  -1.129   0.0156            
 Inci  4860A   3.273 392.8791      Ca A 915.3A  -0.085   0.1723      Ca B 7.500m  -1.558   0.0058      S II 1.037m  -1.624   0.0050            
 Inci  1215A   3.8811594.0087      Ca A 914.9A  -0.130   0.1553      Ca B 5.907m  -1.693   0.0043      S II 1.034m  -1.327   0.0099            
 FIR  83.00m   1.544   7.3344      Ca A 914.6A  -0.176   0.1398      Ca B 5.127m  -1.811   0.0032      S  2  1256A  -0.713   0.0405            
 TIR   1800m  -0.688   0.0429      Ca A 914.3A  -0.222   0.1257      Ca B 4.671m  -1.912   0.0026      Cl 2  8579A  -1.512   0.0064            
 NIRa 2.850m   2.866 154.0169      Ca A 914.0A  -0.269   0.1129      Ca B 4.375m  -2.000   0.0021      Cl 2  9124A  -2.090   0.0017            
 NIRb 3.000m   2.583  80.2294      Ca A 913.8A  -0.316   0.1012      Ca B 4.170m  -2.076   0.0018      Ar 2 6.980m  -1.662   0.0046            
 MIRa 15.00m   1.236   3.6080      Ca A 913.6A  -0.364   0.0907      Ca B 4.020m  -2.144   0.0015      Ar 3  7135A  -2.310   0.0010            
 MIRb 22.50m   1.374   4.9635      Ca A 913.5A  -0.411   0.0813      Ca B 3.906m  -2.207   0.0013      Ca 1  4228A  -1.666   0.0045            
 NMIR 21.75m   2.866 154.0169      Ca A 913.3A  -0.458   0.0730      Ca B 3.818m  -2.268   0.0011      Ca 2  3933A   0.881   1.5916            
 TFIR 611.2m   1.033   2.2587      Ca A  6563A   0.902   1.6703      Ca B 19.06m  -1.786   0.0034      Ca 2  8579A   0.074   0.2487            
 TALL 10000A   4.0562382.0898      Ca A  4861A   0.469   0.6172      Ca B 11.31m  -1.899   0.0026      Ca 2  7306A   0.288   0.4065            
 F12  12.00m   0.697   1.0420      Ca A  4340A   0.155   0.2995      Ca B 8.758m  -2.012   0.0020      Ca2K  3934A   0.684   1.0132            
 F25  25.00m   0.711   1.0780      Ca A  4102A  -0.078   0.1752      Ca B 7.506m  -2.113   0.0016      Ca2H  3969A   0.441   0.5782            
 F60  60.00m   1.146   2.9322      Ca A  3970A  -0.254   0.1169      Ca B 6.770m  -2.200   0.0013      Ca2X  8498A  -1.012   0.0204            
 F100 100.0m   0.956   1.8925      Ca A  3889A  -0.391   0.0853      Ca B 6.290m  -2.275   0.0011      Ca2Y  8542A  -0.102   0.1657            
 MIPS 24.00m   0.399   0.5247      Ca A  3835A  -0.503   0.0658      Ca B 27.80m  -2.105   0.0016      Ca2Z  8662A  -0.525   0.0625            
 MIPS 70.00m   0.788   1.2848      Ca A  3798A  -0.597   0.0529      Ca B 16.20m  -2.196   0.0013      CaF1  7291A   0.071   0.2465            
 MIPS 160.0m   0.561   0.7618      Ca A  3771A  -0.678   0.0440      Ca B 12.38m  -2.290   0.0011      CaF2  7324A  -0.117   0.1599            
 IRAC 3.600m   1.059   2.3981      Ca A  3750A  -0.745   0.0377      H  1  1216A   2.278  39.7436      Fe 2  4300A   0.481   0.6343            
 IRAC 4.500m   0.807   1.3445      Ca A  3734A  -0.802   0.0331      H  1  1026A  -0.069   0.1787      Fe 2  2400A   1.053   2.3652            
 IRAC 5.800m   0.596   0.8262      Ca A  3722A  -0.851   0.0295      H  1 972.5A  -0.457   0.0732      Fe 2  6200A  -0.613   0.0511            
 IRAC 8.000m   0.576   0.7902      Ca A  3712A  -0.898   0.0265      H  1 949.7A  -0.443   0.0756      Fe 2  1080A  -1.849   0.0030            
 SPR1 250.0m   0.142   0.2907      Ca A  3704A  -0.944   0.0238      H  1 937.8A  -0.698   0.0420      Fe 2  1500A  -1.910   0.0026            
 SPR2 350.0m  -0.288   0.1081      Ca A  3697A  -0.990   0.0214      H  1 930.8A  -0.885   0.0273      Fe 2 1.150m  -1.347   0.0094            
 SPR3 500.0m  -0.661   0.0457      Ca A  3692A  -1.036   0.0193      H  1 926.2A  -0.987   0.0216      Fe 2  2500A  -1.527   0.0062            
 PAC1 70.00m   0.850   1.4823      Ca A  3687A  -1.083   0.0173      H  1 923.2A  -1.026   0.0198      Fe 2  2300A  -1.793   0.0034            
 PAC2 100.0m   0.961   1.9142      Ca A  3683A  -1.130   0.0155      H  1 921.0A  -1.061   0.0182      Fe 2  8900A  -2.083   0.0017            
 PAC3 160.0m   0.818   1.3771      Ca A  3679A  -1.177   0.0139      H  1  6563A   1.145   2.9258      Fe 2 25.98m  -1.832   0.0031            
 PAH  3.300m   0.279   0.3980      Ca A  3676A  -1.225   0.0125      H  1  4861A   0.679   1.0000      Fe 2 1.257m  -1.007   0.0206            
 PAHC 3.230m   0.008   0.2136      Ca A  3674A  -1.272   0.0112      H  1  4340A   0.399   0.5252      Fe 2 35.34m  -2.244   0.0012            
 PAHC 3.370m  -0.069   0.1789      Ca A  3671A  -1.319   0.0100      H  1  4102A   0.194   0.3276      Fe 2 1.321m  -1.584   0.0055            
 PAH  6.200m   0.057   0.2391      Ca A 1.875m   0.077   0.2504      H  1  3970A   0.021   0.2201      Fe 2 1.249m  -2.231   0.0012            
 PAHC 5.650m   0.144   0.2921      Ca A 1.282m  -0.229   0.1238      H  1  3889A  -0.122   0.1583      Fe 2  7638A  -1.459   0.0073            
 PAH  7.900m   0.133   0.2849      Ca A 1.094m  -0.481   0.0693      H  1  3835A  -0.227   0.1244      Fe 2 1.372m  -1.808   0.0033            
 PAHC 6.900m   0.233   0.3583      Ca A 1.005m  -0.682   0.0435      H  1  3798A  -0.285   0.1087      Fe 2 1.294m  -1.563   0.0057            
 PAH  11.30m  -0.514   0.0642      Ca A  9546A  -0.844   0.0300      H  1 1.875m   0.169   0.3092      Fe 2  7687A  -1.642   0.0048            
 PAHC 10.90m  -0.521   0.0632      Ca A  9229A  -0.975   0.0222      H  1 1.282m  -0.106   0.1642      Fe 2 1.328m  -1.809   0.0033            
 PAH  11.80m  -0.309   0.1028      Ca A  9015A  -1.084   0.0173      H  1 1.094m  -0.320   0.1002      Fe 2 1.279m  -1.668   0.0045            
 PAHC 12.65m  -0.216   0.1273      Ca A  8863A  -1.174   0.0140      H  1 1.005m  -0.496   0.0669      Fe 2  7665A  -2.002   0.0021            
 PAH  13.30m  -0.285   0.1087      Ca A  8750A  -1.248   0.0118      H  1  9546A  -0.639   0.0481      Fe 2 1.298m  -2.032   0.0019            
 PAHC 14.10m  -0.299   0.1052      Ca A  8665A  -1.309   0.0103      H  1  9229A  -0.743   0.0378      Fe 2 1.270m  -1.849   0.0030            
 Bcon  3640A   3.9681944.9749      Ca A  8598A  -1.361   0.0091      H  1  9015A  -0.801   0.0331      Fe 2 17.93m  -1.446   0.0075            
 Pcon  5000A   3.169 309.4702      Ca A  8545A  -1.409   0.0082      H  1 4.051m  -0.490   0.0678      Fe 2 1.644m  -1.080   0.0174            
 nFnu 122.4m  -0.977   0.0221      Ca A  8502A  -1.456   0.0073      H  1 2.625m  -0.694   0.0424      Fe 2 1.533m  -1.508   0.0065            
 nInu 122.4m   1.369   4.9039      Ca A  8467A  -1.502   0.0066      H  1 2.166m  -0.869   0.0283      Fe 2  8617A  -0.880   0.0276            
 nFnu 60.83m  -0.735   0.0386      Ca A  8438A  -1.549   0.0059      H  1 1.945m  -1.011   0.0204      Fe 2 24.51m  -1.916   0.0025            
 nInu 60.83m   1.322   4.3992      Ca A  8413A  -1.596   0.0053      H  1 1.817m  -1.114   0.0161      Fe 2 1.809m  -1.782   0.0035            
 nFnu 41.22m  -0.585   0.0545      Ca A  8392A  -1.643   0.0048      H  1 1.736m  -1.171   0.0141      Fe 2 1.677m  -1.647   0.0047            
 nInu 41.22m   1.211   3.4026      Ca A  8374A  -1.690   0.0043      H  1 7.458m  -1.018   0.0201      Fe 2 1.599m  -1.607   0.0052            
 nFnu 30.87m  -0.480   0.0693      Ca A  8359A  -1.738   0.0038      H  1 4.653m  -1.169   0.0142      Fe 2  9052A  -1.538   0.0061            
 nInu 30.87m   1.113   2.7197      Ca A  8346A  -1.785   0.0034      H  1 3.740m  -1.305   0.0104      Fe 2  8892A  -1.285   0.0109            
 nFnu 24.78m  -0.400   0.0834      Ca A  8334A  -1.833   0.0031      H  1 3.296m  -1.406   0.0082      Fe 2 1.800m  -1.819   0.0032            
 nInu 24.78m   1.038   2.2885      Ca A 4.051m  -0.552   0.0588      H  1 3.038m  -1.461   0.0073      Fe 2 1.711m  -2.188   0.0014            
 nFnu 24.30m  -0.394   0.0847      Ca A 2.625m  -0.789   0.0341      H  1 12.37m  -1.446   0.0075      Fe 2 1.664m  -1.890   0.0027            
 nInu 24.30m   1.031   2.2529      Ca A 2.166m  -0.999   0.0210      H  1 7.500m  -1.556   0.0058      Fe 2  9399A  -2.315   0.0010            
 nFnu 22.83m  -0.370   0.0894      Ca A 1.945m  -1.173   0.0141      H  1 5.907m  -1.649   0.0047      Fe 2  9227A  -1.541   0.0060            
 nInu 22.83m   1.011   2.1493      Ca A 1.817m  -1.316   0.0101      H  1 5.127m  -1.701   0.0042      Fe 2  9033A  -1.751   0.0037            
 nFnu 21.42m  -0.348   0.0941      Ca A 1.736m  -1.434   0.0077      H  1 19.06m  -1.797   0.0033      Fe 2 1.797m  -1.962   0.0023            
 nInu 21.42m   0.989   2.0424      Ca A 1.681m  -1.530   0.0062      H  1 11.31m  -1.864   0.0029      Fe 2 1.745m  -2.198   0.0013            
 nFnu 21.12m  -0.343   0.0952      Ca A 1.641m  -1.608   0.0052      H  1 8.758m  -1.908   0.0026      Fe 2  9471A  -2.107   0.0016            
 nInu 21.12m   0.984   2.0185      Ca A 1.611m  -1.671   0.0045      H  1 27.80m  -2.079   0.0017      Fe 2  9268A  -1.646   0.0047            
 nFnu 19.62m  -0.315   0.1014      Ca A 1.588m  -1.725   0.0039      H  1 16.20m  -2.097   0.0017      Fe2b  7000A  -1.151   0.0148            
 nInu 19.62m   0.963   1.9242      Ca A 1.570m  -1.774   0.0035      H  1 38.86m  -2.293   0.0011      Fe2b 10000A  -0.110   0.1625            
 nFnu 17.65m  -0.273   0.1116      Ca A 1.556m  -1.822   0.0032      He 2 303.8A  -2.196   0.0013      Fe2b  7445A  -1.151   0.0148            
 nInu 17.65m   0.945   1.8463      Ca A 1.544m  -1.869   0.0028      He-like iso-sequence........      Fe2b  8625A  -0.538   0.0607            
 nFnu 17.37m  -0.268   0.1130      Ca A 1.534m  -1.915   0.0025      Clin 506.0A  -0.157   0.1460      Fe2b 1.033m  -2.107   0.0016            
 nInu 17.37m   0.943   1.8360      Ca A 1.526m  -1.962   0.0023      Ca B  2945A  -1.835   0.0031      Fe2b 1.889m  -1.175   0.0140            
 nFnu 15.69m  -0.235   0.1219      Ca A 1.519m  -2.010   0.0020      Ca B  3188A  -1.506   0.0065      Fe 2  1786A  -0.259   0.1154            
 nInu 15.69m   0.926   1.7683      Ca A 1.513m  -2.057   0.0018      Ca B  3889A  -1.074   0.0177      Fe 3  5271A  -2.296   0.0011            
 nFnu 14.60m  -0.206   0.1305      Ca A 1.508m  -2.105   0.0016      Ca B  3965A  -2.097   0.0017      Fe 3  4659A  -2.133   0.0015            
 nInu 14.60m   0.915   1.7224      Ca A 1.504m  -2.152   0.0015      Ca B  4026A  -1.772   0.0035      Fe 3  1126A  -2.150   0.0015            
 nFnu 12.43m  -0.144   0.1505      Ca A 1.500m  -2.200   0.0013      Ca B  4471A  -1.441   0.0076      recombination...............            
 nInu 12.43m   0.888   1.6189      Ca A 7.458m  -1.069   0.0179      Ca B  4922A  -2.002   0.0021      O  1  1357A  -1.576   0.0056            
 nFnu 11.40m  -0.117   0.1602      Ca A 4.653m  -1.261   0.0115      Ca B  5016A  -1.682   0.0044      C  1  1140A  -1.112   0.0162            
 nInu 11.40m   0.874   1.5681      Ca A 3.740m  -1.437   0.0077      Ca B  5876A  -0.967   0.0226      N  1 980.7A  -1.796   0.0034            
 nFnu 10.46m  -0.079   0.1748      Ca A 3.296m  -1.585   0.0054      Ca B  6678A  -1.511   0.0065      O  1  7950A  -2.047   0.0019            
 nInu 10.46m   0.860   1.5188      Ca A 3.038m  -1.708   0.0041      Ca B  7065A  -1.573   0.0056      level2 lines................            
 nFnu 9.480m  -0.048   0.1878      Ca A 2.872m  -1.808   0.0033      Ca B  7281A  -2.218   0.0013      C  1 943.9A  -1.009   0.0205            
 nInu 9.480m   0.864   1.5325      Ca A 2.758m  -1.889   0.0027      Ca B 1.083m   0.092   0.2592      C  1  1248A  -0.953   0.0234            
 nFnu 9.325m  -0.043   0.1898      Ca A 2.674m  -1.954   0.0023      Ca B 1.278m  -2.229   0.0012      C  1  1561A  -1.211   0.0129            
 nInu 9.325m   0.868   1.5458      Ca A 2.612m  -2.009   0.0021      Ca B 1.869m  -1.850   0.0030      C  1  1315A  -1.118   0.0160            
 nFnu 8.210m   0.011   0.2150      Ca A 2.564m  -2.059   0.0018      Ca B 2.058m  -1.016   0.0202      C  1  1166A  -1.296   0.0106            
 nInu 8.210m   0.913   1.7168      Ca A 2.525m  -2.107   0.0016      He 1 584.3A  -0.869   0.0284      C  1  1233A  -1.303   0.0104            
 nFnu 7.580m   0.035   0.2270      Ca A 2.495m  -2.154   0.0015      He 1 537.0A  -1.967   0.0023      C  1  1132A  -1.563   0.0057            
 nInu 7.580m   0.954   1.8840      Ca A 2.469m  -2.201   0.0013      He 1 522.2A  -2.001   0.0021      C  1  1251A  -1.574   0.0056            
 nFnu 7.050m   0.075   0.2493      Ca A 2.448m  -2.248   0.0012      He 1 515.6A  -2.048   0.0019      C  1  1112A  -1.699   0.0042            
 nInu 7.050m   0.996   2.0770      Ca A 2.431m  -2.296   0.0011      He 1 512.1A  -2.089   0.0017      C  1  1115A  -1.748   0.0037            
 nFnu 4.114m   0.288   0.4065      Ca A 12.37m  -1.508   0.0065      TOTL 1.083m  -0.017   0.2017      C  1  1162A  -1.824   0.0031            
 nInu 4.114m   1.518   6.9018      Ca A 7.500m  -1.664   0.0045      He 1 1.083m  -0.017   0.2017      C  1  1167A  -1.990   0.0021            
 nFnu 2.324m   0.446   0.5854      Ca A 5.907m  -1.811   0.0032      He 1 1.083m  -0.970   0.0224      C  1  1104A  -1.929   0.0025            
 nInu 2.324m   2.117  27.4467      Ca A 5.127m  -1.935   0.0024      He 1 1.083m  -0.494   0.0672      C  1  1109A  -1.943   0.0024            
 nFnu 1.643m   0.577   0.7907      Ca A 4.671m  -2.038   0.0019      He 1 1.083m  -0.272   0.1120      C  1  1130A  -2.149   0.0015            
 nInu 1.643m   2.518  69.0720      Ca A 4.375m  -2.120   0.0016      He 1  3889A  -1.133   0.0154      C  1  1098A  -2.092   0.0017            
 nFnu 1.480m   0.569   0.7760      Ca A 4.170m  -2.187   0.0014      He 1  3188A  -1.563   0.0057      C  1  1132A  -2.115   0.0016            
 nInu 1.480m   2.582  80.1049      Ca A 4.020m  -2.242   0.0012      He 1  2945A  -1.893   0.0027      C  1  1106A  -2.177   0.0014            
 nFnu 1.436m   0.820   1.3836      Ca A 3.906m  -2.293   0.0011      He 1  2829A  -2.155   0.0015      C  1  1093A  -2.280   0.0011            
 nInu 1.436m   2.607  84.7517      Ca A 19.06m  -1.887   0.0027      He 1 2.058m  -1.520   0.0063      C  2 892.8A  -1.708   0.0041            
 nFnu 1.119m   0.777   1.2547      Ca A 11.31m  -2.011   0.0020      He 1  5016A  -1.757   0.0037      C  2 688.8A  -2.043   0.0019            
 nInu 1.119m   2.774 124.5417      Ca A 8.758m  -2.132   0.0015      He 1  3965A  -2.141   0.0015      C  2  1020A  -0.207   0.1301            
 nFnu  8330A   0.672   0.9851      Ca A 7.506m  -2.235   0.0012      He 1  7065A  -1.656   0.0046      N  1 942.3A  -0.542   0.0602            
 nInu  8330A   2.931 178.6160      Ca A 6.770m  -2.318   0.0010      He 1  5876A  -1.010   0.0205      N  1 952.1A  -0.485   0.0686            
 nFnu  8079A   1.216   3.4419      Ca A 27.80m  -2.214   0.0013      He 1  4471A  -1.493   0.0067      N  1  1131A  -0.500   0.0663            
 nInu  8079A   2.956 189.5404      Ca A 16.20m  -2.312   0.0010      He 1  4026A  -1.827   0.0031      O  1 867.3A  -2.177   0.0014            
 nFnu  6210A   1.030   2.2444      Ca B  6563A   1.128   2.8153      He 1  3820A  -2.080   0.0017      O  1 787.5A  -2.295   0.0011            
 nInu  6210A   3.143 291.2365      Ca B  4861A   0.688   1.0222      He 1  7281A  -2.274   0.0011      O  1 976.8A  -0.770   0.0356            
 nFnu  4885A   0.779   1.2606      Ca B  4340A   0.376   0.4983      He 1  6678A  -1.557   0.0058      O  1 969.0A  -0.503   0.0658            
 nInu  4885A   3.293 411.7442      Ca B  4102A   0.142   0.2907      He 1  4922A  -2.055   0.0018      O  1 946.4A  -0.513   0.0642            
 nFnu  3704A   0.388   0.5116      Ca B  3970A  -0.041   0.1908      He 1 1.869m  -1.873   0.0028      O  1 934.5A  -0.634   0.0486            
 nInu  3704A   3.394 519.0331      Ca B  3889A  -0.190   0.1354      He 1 1.278m  -2.272   0.0011      O  1 973.6A  -0.867   0.0285            
 nFnu  3588A   1.922  17.5296      Ca B  3835A  -0.316   0.1013      Pho+  3889A  -0.079   0.1749      O  1 927.5A  -0.733   0.0388            
 nInu  3588A   3.393 518.5005      Ca B  3798A  -0.425   0.0788      database lines..............      O  1 948.5A  -0.633   0.0488            
 nFnu  2430A   1.004   2.1153      Ca B  3771A  -0.520   0.0632      level 1 lines...............      O  1 923.0A  -0.842   0.0301            
 nInu  2430A   3.666 970.9473      Ca B  3750A  -0.604   0.0522      C  1  1656A  -0.789   0.0341      O  1 919.9A  -0.982   0.0219            
 nFnu  2392A   0.961   1.9159      Ca B  3734A  -0.677   0.0441      REC   1656A  -1.520   0.0063      O  1 935.7A  -0.786   0.0343            
 nInu  2392A   3.671 981.5803      Ca B  3722A  -0.744   0.0378      C  1  8727A  -1.695   0.0042      O  1 917.7A  -1.022   0.0199            
 nFnu  2071A   0.547   0.7390      Ca B  3712A  -0.806   0.0327      TOTL  2326A   0.108   0.2689      O  1 918.7A  -1.064   0.0181            
 nInu  2071A   3.7721240.7562      Ca B  3704A  -0.867   0.0285      C  2  2325A  -0.928   0.0247      O  1 928.2A  -0.924   0.0250            
 nFnu  2053A   0.521   0.6960      Ca B  3697A  -0.925   0.0249      C  2  2324A  -1.351   0.0093      O  1 917.5A  -1.110   0.0163            
 nInu  2053A   3.7681228.1597      Ca B  3692A  -0.983   0.0218      C  2  2329A  -0.909   0.0258      O  1 923.4A  -1.082   0.0173            
 nFnu  1793A   0.250   0.3722      Ca B  3687A  -1.039   0.0192      C  2  2328A  -0.489   0.0679      O  1 920.2A  -1.277   0.0111            
 nInu  1793A   3.8561504.5623      Ca B  3683A  -1.094   0.0169      C  2  2327A  -0.172   0.1411      O  1 918.0A  -1.374   0.0089            
 nFnu  1585A   0.199   0.3316      Ca B  3679A  -1.148   0.0149      C  2  1335A  -0.228   0.1240      Mg 1  1817A  -1.836   0.0031            
 nInu  1585A   3.8491480.0017      Ca B  3676A  -1.201   0.0132      C  3 977.0A  -1.317   0.0101      Mg 1  1739A  -2.254   0.0012            
 nFnu  1458A   0.270   0.3900      Ca B  3674A  -1.253   0.0117      N  1 953.9A  -0.485   0.0686      Mg 2  1040A  -2.014   0.0020            
 nInu  1458A   3.9501867.6931      Ca B  3671A  -1.303   0.0104      N  1 954.1A  -0.736   0.0385      Mg 2 959.3A  -1.286   0.0108            
 nFnu  1357A   0.365   0.4855      Ca B 1.875m   0.176   0.3141      N  1 951.0A  -1.820   0.0032      Mg 2 919.2A  -1.812   0.0032            
 nInu  1357A   4.0132160.7163      Ca B 1.282m  -0.116   0.1605      N  1 955.8A  -2.243   0.0012      Mg 2  1258A  -1.413   0.0081            
 nFnu  1297A   0.497   0.6585      Ca B 1.094m  -0.350   0.0935      N  1 959.4A  -2.302   0.0010      Al 2  1671A  -0.541   0.0603            
 nInu  1297A   3.9842020.3319      Ca B 1.005m  -0.538   0.0608      N  1  1200A  -0.360   0.0915      Al 2 929.0A  -2.098   0.0017            
 nFnu  1263A   0.786   1.2813      Ca B  9546A  -0.691   0.0427      N  1  3466A  -1.885   0.0027      Si 1  1261A  -2.051   0.0019            
 nInu  1263A   4.0112151.5103      Ca B  9229A  -0.821   0.0316      TOTL  3467A  -1.804   0.0033      Si 1  1853A  -2.122   0.0016            
 nFnu  1218A   3.225 351.9225      Ca B  9015A  -0.933   0.0244      N  1 1.040m  -1.386   0.0086      Si 1  1694A  -2.312   0.0010            
 nInu  1218A   3.8791587.6422      Ca B  8863A  -1.031   0.0195      N  1 1.040m  -1.929   0.0025      Si 2  1180A  -0.186   0.1365            
 nFnu  1196A   1.419   5.4991      Ca B  8750A  -1.115   0.0161      N  1 1.041m  -1.736   0.0039      Si 2 993.4A  -0.632   0.0489            
 nInu  1196A   3.9431836.7166      Ca B  8665A  -1.189   0.0136      N  1 1.041m  -1.745   0.0038      Si 2  1024A  -0.757   0.0367            
 nFnu  1175A   0.719   1.0981      Ca B  8598A  -1.256   0.0116      TOTL 1.040m  -1.049   0.0187      S  2 750.3A  -2.231   0.0012            
 nInu  1175A   3.8231393.6300      Ca B  8545A  -1.319   0.0100      N  2  6584A  -1.749   0.0037      Ar 1  1096A  -0.654   0.0465            
 nFnu  1144A   0.574   0.7858      Ca B  8502A  -1.380   0.0087      N  2  6548A  -2.219   0.0013      Ar 1 922.5A  -1.109   0.0163            
 nInu  1144A   4.0502351.8171      Ca B  8467A  -1.439   0.0076      N  2  5755A  -1.550   0.0059      Ar 1 918.5A  -1.221   0.0126            
 nFnu  1113A   0.499   0.6613      Ca B  8438A  -1.496   0.0067      N  2  2141A  -1.649   0.0047      P  2  1308A  -2.052   0.0019            
 nInu  1113A   4.0362274.7896      Ca B  8413A  -1.552   0.0059      N  2  1085A  -0.432   0.0775      P  2  1154A  -1.098   0.0167            
 nFnu  1103A   0.594   0.8228      Ca B  8392A  -1.607   0.0052      O  1  6300A  -0.118   0.1598      P  2 967.2A  -0.996   0.0211            
 nInu  1103A   4.0602406.3765      Ca B  8374A  -1.661   0.0046      O  1  6363A  -0.614   0.0510      P  2 963.8A  -0.745   0.0377            
 nFnu  1074A   0.548   0.7408      Ca B  8359A  -1.714   0.0040      O  1  5577A  -1.009   0.0205      Cl 2  1071A  -1.947   0.0024            
 nInu  1074A   4.0512358.0442      Ca B  8346A  -1.766   0.0036      O  1 63.17m  -2.106   0.0016      Ti 2  3366A  -0.811   0.0324            
 nFnu  1064A   0.535   0.7187      Ca B  8334A  -1.817   0.0032      TOTL  7325A  -1.279   0.0110      Ti 2  3238A  -1.040   0.0191            
 nInu  1064A   4.0322257.2903      Ca B 4.051m  -0.472   0.0707      O II  2471A  -1.370   0.0089      Ti 2  1904A  -1.946   0.0024            
 nFnu  1036A   0.516   0.6876      Ca B 2.625m  -0.693   0.0425      O II  7323A  -1.526   0.0062      Ti 2  1907A  -1.696   0.0042            
 nInu  1036A   3.9892042.8857      Ca B 2.166m  -0.885   0.0273      O II  7332A  -1.642   0.0048      Cr 2  2060A  -1.060   0.0182            
 nFnu  1000A   0.519   0.6925      Ca B 1.945m  -1.045   0.0189      O  2 833.8A  -1.959   0.0023      Cr 2  1081A  -2.202   0.0013            
 nInu  1000A   3.9862027.5531      Ca B 1.817m  -1.179   0.0139      Ne 2 12.81m  -1.033   0.0194      Cr 2  1063A  -2.152   0.0015            
 nFnu 925.1A   0.544   0.7334      Ca B 1.736m  -1.295   0.0106      Na 1  5892A  -1.086   0.0172      Mn 2  2590A  -0.682   0.0436            
 nInu 925.1A   3.7451163.9197      Ca B 1.681m  -1.394   0.0084      Mg 1  4561A  -2.134   0.0015      Mn 2  1199A  -1.082   0.0174            
 nFnu 897.8A   2.173  31.2002      Ca B 1.641m  -1.480   0.0069      Mg 1  2853A  -0.808   0.0326      Mn 2  1163A  -1.993   0.0021            
 nFnu 760.0A   0.732   1.1315      Ca B 1.611m  -1.555   0.0058      Mg 1  2026A  -1.290   0.0107      Co 2  2062A  -1.986   0.0022            
 nFnu 701.5A   0.013   0.2159      Ca B 1.588m  -1.623   0.0050      TOTL  2798A   1.143   2.9099      Co 2  2019A  -1.936   0.0024            
 nFnu 608.2A  -1.678   0.0044      Ca B 1.570m  -1.686   0.0043      Mg 2  2796A   0.962   1.9202      Co 2  1950A  -1.928   0.0025            
 nFnu 575.1A  -1.647   0.0047      Ca B 1.556m  -1.747   0.0038      Mg 2  2803A   0.674   0.9897      Co 2  1576A  -1.816   0.0032            
 nFnu 496.9A   0.824   1.3981      Ca B 1.544m  -1.806   0.0033      totl  2665A  -0.573   0.0560      Co 2  1470A  -1.592   0.0054            
 RRC.........................      Ca B 1.534m  -1.863   0.0029      Al 2  2670A  -0.574   0.0559      Ni 2  1752A  -1.029   0.0196            
 grains......................      Ca B 1.526m  -1.919   0.0025      TOTL  1860A  -1.832   0.0031      Ni 2  1744A  -0.978   0.0221            
 H-like iso-sequence.........      Ca B 1.519m  -1.974   0.0022      Al 3  1855A  -2.013   0.0020      Ni 2  1485A  -1.253   0.0117            
 Clin 912.0A   0.260   0.3817      Ca B 1.513m  -2.028   0.0020      Al 3  1863A  -2.298   0.0011      Ni 2  1473A  -1.042   0.0190            
 Cool  1216A   0.050   0.2353      Ca B 1.508m  -2.081   0.0017      Si 1  2518A  -2.188   0.0014      Ni 2  1400A  -1.175   0.0140            
 Crst 960.0A  -0.146   0.1497      Ca B 1.504m  -2.133   0.0015      TOTL  2335A  -0.444   0.0754      Ni 2  1376A  -0.893   0.0268            
 LA X  1216A  -1.688   0.0043      Ca B 1.500m  -2.184   0.0014      Si 2  2334A  -1.449   0.0074      Ni 2  1324A  -0.860   0.0289            
 Ca B  1216A   2.186  32.1320      Ca B 7.458m  -0.987   0.0216      Si 2  2350A  -1.561   0.0058      Cu 2  1359A  -1.902   0.0026            
 Q(H)  4861A   0.719   1.0971      Ca B 4.653m  -1.162   0.0144      Si 2  2344A  -0.922   0.0251      Zn 2  2038A  -1.430   0.0078            
 Q(H)  1216A   2.213  34.2415      Ca B 3.740m  -1.322   0.0100      Si 2  2336A  -0.755   0.0368      hyperfine structure.........            
 Ca A  1216A   2.067  24.4730      Ca B 3.296m  -1.459   0.0073      Si 2  1814A  -0.743   0.0379      inner shell.................            
 Ca A  1026A   1.361   4.8143      Ca B 3.038m  -1.577   0.0055      Si 2  1531A  -0.633   0.0488      molecules...................            
 Ca A 972.5A   0.981   2.0068      Ca B 2.872m  -1.679   0.0044      Si 2  1308A  -0.529   0.0620      H-CT  6563A  -0.409   0.0816            
 Ca A 949.7A   0.733   1.1343      Ca B 2.758m  -1.765   0.0036      Si 2  1263A  -0.098   0.1672            



                                                                           
 Cooling:  HFBc     0 :0.129 HFFc     0 :0.074 Ca2K  3934A:0.082 Fe2c     0 :0.251  
 Heating:  BFH1     0 :0.911 BFHe     0 :0.076  

 These are some of the most important databases used by Cloudy:
 Many recombination coefficients were taken from http://amdpp.phys.strath.ac.uk/tamoc/RR/ and http://amdpp.phys.strath.ac.uk/tamoc/DR/
      and are based on the following papers:
        Badnell N. R., et al., A&A 406, 1151 (2003) [http://adsabs.harvard.edu/abs/2003A%26A...406.1151B]
        Badnell N. R., ApJS 167, 334 (2006) [http://adsabs.harvard.edu/abs/2006ApJS..167..334B]
 Much of the molecular emission data is from LAMDA as accessed on Dec. 18, 2010. This database is described in:
        Schoeier F.L., et al., A&A 432, 369 (2005) [http://adsabs.harvard.edu/abs/2005A%26A...432..369S]
      This database is in part based on the work of the following groups:
        JPL: Pickett H. M. et al., JQSRT, 60, 883 (1998). [http://adsabs.harvard.edu/abs/1998JQSRT..60..883P]
        CDMS: Mueller H. S. et al., A&A 370, L49 (2001). [http://adsabs.harvard.edu/abs/2001A%26A...370L..49M]
              Mueller H. S. et al., J. Mol. Struct. 742, 215 (2005). [http://adsabs.harvard.edu/abs/2005JMoSt.742..215M]
 Much of the ionic emission data is from version 7.0 of CHIANTI. CHIANTI is a collaborative project involving the NRL (USA), the
      Universities of Florence (Italy) and Cambridge (UK), and George Mason University (USA). These papers describe Chianti:
        Dere K. P., et al., A&AS, 125, 149 (1997) [http://adsabs.harvard.edu/abs/1997A%26AS..125..149D]
        Landi E., et al., ApJ, 744, 99 (2012) [http://adsabs.harvard.edu/abs/2012ApJ...744...99L]
 Much of the H_2 data is from this web site: http://molat.obspm.fr/index.php?page=pages/Molecules/H2/H2can94.php. These data are
      described in:
        Abgrall H. et al., Can. J. Phys., 72, 856 (1994) [http://adsabs.harvard.edu/abs/1994CaJPh..72..856A]
        Wrathmall S. A. & Flower D. R., J. Phys. B, 40, 3221 (2007) [http://adsabs.harvard.edu/abs/2007JPhB...40.3221W]
 Please cite those papers that played a significant role in this calculation.

 IONIZE PARMET:  U(1-) -5.4768  U(4-): -8.0066  U(sp): -5.48  Q(ion):    9.586  L(ion) -0.265    Q(low): 15.572    L(low)  4.046
 ENERGY BUDGET:  Heat:   1.769  Coolg:   1.768  Error:  0.1%  Rec Lin:   0.531  F-F  H  0.000    P(rad/tot)max     1.30E-04

     Col(Heff):      0.000E+00  snd travl time  3.04E+05 sec  Te-low: 3.97E+03  Te-hi: 7.43E+03  G0TH85: 4.26E+06  G0DB96:4.44E+06
  Emiss Measure    n(e)n(p) dl       2.769E+25  n(e)n(He+)dl         3.703E+23  En(e)n(He++) dl         1.581E+20  ne nC+:2.41E+22
 He/Ha:1.52E-02  =   0.18*true  Lthin:1.43E+01  itr/zn:11.21  H2 itr/zn:  0.00  File Opacity: F  MassTot 4.15e-05  (gm/cm^2)
   Temps(21 cm)   T(21cm/Ly a)  4.80E+03        T(<nH/Tkin>)  5.19E+03          T(<nH/Tspin>)    5.14E+03          TB21cm:5.84E-01
                   N(H0/Tspin)  3.38E+15        N(OH/Tkin)    2.50E+06          B(21cm)          0.00E+00
   <a>:3.21E-04  erdeFe0.0E+00  Tcompt7.03E+00  Tthr2.54E+07  <Tden>: 5.42E+03  <dens>:2.27E-16  <MolWgt>1.21E+00
     Mean Jeans  l(cm)2.73E+17  M(sun)1.22E+03  smallest:     len(cm):2.34E+17  M(sun):7.62E+02  a_ox tran:  0.00
 Rion:1.000E+30  Dist:0.00E+00  Diam:0.000E+00
 Hatom level 70  HatomType: add  HInducImp  F  He tot level: 63  He2 level:   70  ExecTime   460.6
 ConvrgError(%)  <eden>  0.222  MaxEden  0.857  <H-C>   0.16  Max(H-C)    0.49  <Press>   0.000  MaxPrs er  0.000
  Continuity(%)  chng Te   1.7  elec den   5.5  n(H2)    0.0  n(CO)        0.0

                                                        Averaged Quantities
             Te      Te(Ne)   Te(NeNp)  Te(NeHe+)Te(NeHe2+) Te(NeO+)  Te(NeO2+)  Te(H2)     N(H)     Ne(O2+)   Ne(Np)
 Radius:  5.42e+03  6.87e+03  7.20e+03  7.04e+03  6.73e+03  7.20e+03  7.24e+03  4.65e+03  1.00e+08  4.47e+07  3.18e+07

 Contin Optical Depths: COMP: 6.06e-07    H-: 2.12e-05 R(1300): 1.17e-04  H2+: 3.44e-07  Pfa:6.06E-07
                          Pa: 6.06e-07    Ba: 1.98e-05      Hb: 1.55e-05   La: 2.51e-01     1r:1.100E+02  1.8:3.31E+01 4.:4.896E+00

 Old, new H  1 continuum optical depths:
     1 1.10e+02     2 1.08e-05     3 2.12e-05     4 2.12e-05     5 2.12e-05     6 5.28e-06     7 5.28e-06     8 5.28e-06
     9 5.28e-06    10 8.23e-11    11 8.23e-11    12 8.23e-11    13 8.23e-11    14 8.23e-11    15 1.90e-10    16 1.90e-10
    17 1.90e-10    18 1.90e-10    19 1.90e-10    20 1.90e-10    21 3.87e-10    22 3.87e-10    23 3.87e-10    24 3.87e-10
    25 3.87e-10    26 3.87e-10    27 3.87e-10    28 7.13e-10    29 7.13e-10    30 7.13e-10    31 7.13e-10    32 7.13e-10
    33 7.13e-10    34 7.13e-10    35 7.13e-10    36 1.23e-09    37 1.23e-09    38 1.23e-09    39 1.23e-09    40 1.23e-09
    41 1.23e-09    42 1.23e-09    43 1.23e-09    44 1.23e-09    45 2.01e-09    46 2.01e-09    47 2.01e-09    48 2.01e-09
    49 2.01e-09    50 2.01e-09    51 2.01e-09    52 2.01e-09    53 2.01e-09    54 2.01e-09
     1 1.10e+02     2 1.08e-05     3 2.12e-05     4 2.12e-05     5 2.12e-05     6 5.28e-06     7 5.28e-06     8 5.28e-06
     9 5.28e-06    10 8.23e-11    11 8.23e-11    12 8.23e-11    13 8.23e-11    14 8.23e-11    15 1.90e-10    16 1.90e-10
    17 1.90e-10    18 1.90e-10    19 1.90e-10    20 1.90e-10    21 3.87e-10    22 3.87e-10    23 3.87e-10    24 3.87e-10
    25 3.87e-10    26 3.87e-10    27 3.87e-10    28 7.13e-10    29 7.13e-10    30 7.13e-10    31 7.13e-10    32 7.13e-10
    33 7.13e-10    34 7.13e-10    35 7.13e-10    36 1.23e-09    37 1.23e-09    38 1.23e-09    39 1.23e-09    40 1.23e-09
    41 1.23e-09    42 1.23e-09    43 1.23e-09    44 1.23e-09    45 2.01e-09    46 2.01e-09    47 2.01e-09    48 2.01e-09
    49 2.01e-09    50 2.01e-09    51 2.01e-09    52 2.01e-09    53 2.01e-09    54 2.01e-09

 Old, new H  1 mean line optical depths:
  2- 1 2.51e+06  3- 2 3.82e-03  4- 3 2.70e-07  5- 4 1.77e-07  6- 5 2.40e-07  7- 6 1.58e-07  8- 7 1.87e-07
  9- 8 9.78e-08 10- 9 4.06e-07
  2- 1 2.52e+06  3- 2 3.82e-03  4- 3 2.69e-07  5- 4 1.77e-07  6- 5 2.40e-07  7- 6 1.58e-07  8- 7 1.87e-07
  9- 8 9.79e-08 10- 9 4.07e-07

 Old, new He 2 continuum optical depths:
     1 4.88e+00     2 1.08e+02     3 7.24e-06     4 7.24e-06     5 7.24e-06     6 1.08e-05     7 1.08e-05     8 1.08e-05
     9 1.08e-05    10 1.72e-05    11 1.72e-05    12 1.72e-05    13 1.72e-05    14 1.72e-05    15 2.12e-05    16 2.12e-05
    17 2.12e-05    18 2.12e-05    19 2.12e-05    20 2.12e-05    21 1.79e-05    22 1.79e-05    23 1.79e-05    24 1.79e-05
    25 1.79e-05    26 1.79e-05    27 1.79e-05    28 5.28e-06    29 5.28e-06    30 5.28e-06    31 5.28e-06    32 5.28e-06
    33 5.28e-06    34 5.28e-06    35 5.28e-06    36 4.67e-11    37 4.67e-11    38 4.67e-11    39 4.67e-11    40 4.67e-11
    41 4.67e-11    42 4.67e-11    43 4.67e-11    44 4.67e-11    45 8.23e-11    46 8.23e-11    47 8.23e-11    48 8.23e-11
    49 8.23e-11    50 8.23e-11    51 8.23e-11    52 8.23e-11    53 8.23e-11    54 8.23e-11
     1 4.90e+00     2 1.09e+02     3 7.24e-06     4 7.24e-06     5 7.24e-06     6 1.08e-05     7 1.08e-05     8 1.08e-05
     9 1.08e-05    10 1.72e-05    11 1.72e-05    12 1.72e-05    13 1.72e-05    14 1.72e-05    15 2.12e-05    16 2.12e-05
    17 2.12e-05    18 2.12e-05    19 2.12e-05    20 2.12e-05    21 1.79e-05    22 1.79e-05    23 1.79e-05    24 1.79e-05
    25 1.79e-05    26 1.79e-05    27 1.79e-05    28 5.28e-06    29 5.28e-06    30 5.28e-06    31 5.28e-06    32 5.28e-06
    33 5.28e-06    34 5.28e-06    35 5.28e-06    36 4.67e-11    37 4.67e-11    38 4.67e-11    39 4.67e-11    40 4.67e-11
    41 4.67e-11    42 4.67e-11    43 4.67e-11    44 4.67e-11    45 8.23e-11    46 8.23e-11    47 8.23e-11    48 8.23e-11
    49 8.23e-11    50 8.23e-11    51 8.23e-11    52 8.23e-11    53 8.23e-11    54 8.23e-11

 Old, new He 2 mean line optical depths:
  2- 1 2.14e+03  3- 2 1.23e-08  4- 3 4.26e-13  5- 4 3.54e-13  6- 5 5.24e-13  7- 6 1.81e-12  8- 7 3.27e-12
  9- 8 2.39e-12 10- 9 8.58e-13
  2- 1 2.14e+03  3- 2 1.23e-08  4- 3 4.26e-13  5- 4 3.54e-13  6- 5 5.24e-13  7- 6 1.81e-12  8- 7 3.27e-12
  9- 8 2.40e-12 10- 9 8.58e-13

 Old He Is optical depths:    1 3.30e+01    2 9.37e-06    3 8.98e-06    4 1.01e-05    5 1.01e-05
 New He Is optical depths:    1 3.31e+01    2 9.37e-06    3 8.98e-06    4 1.01e-05    5 1.01e-05
          Old He Is Lines:  584 1.39e+05 3889 5.48e-02 5016 6.54e-04 5876 1.16e-07
          New He Is Lines:  584 1.39e+05 3889 5.49e-02 5016 6.54e-04 5876 1.16e-07

==== H      compounds ====           Log10 column densities [cm^-2}
   H2        : 12.584   H2*       : 12.476   H2+       : 10.691   H3+       :  5.712
==== He     compounds ====
   HeH+      : 11.313
==== Li     compounds ====
   LiH       : -0.965   LiH+      : -1.414
==== C      compounds ====
   CH        :  6.421   CH+       :  8.247   CH2       :  0.538   CH2+      :  2.353   CH3       : -5.432   CH3+      : -3.745   CH4       :-11.370   CH4+      :-13.239
   CH5+      :-16.484   C2        :  0.180   C2+       :  2.803   C2H       : -5.405   C2H+      : -3.131   C2H2      :-12.928   C2H2+     : -8.561   C2H3+     :-14.646
   C3        :-13.978   C3+       : -8.591   C3H       :-19.129   C3H+      :-14.171
==== N      compounds ====
   NH        :  9.054   NH+       :  8.519   NH2       :  2.250   NH2+      :  2.466   NH3       : -3.826   NH3+      : -4.078   NH4+      :-13.019   CN        :  6.267
   CN+       :  5.464   HCN       :  0.892   HCN+      :  0.112   HNC       : -5.937   HCNH+     : -6.031   HC3N      :-35.930   N2        :  6.474   N2+       :  5.167
   N2H+      : -5.920
==== O      compounds ====
   OH        : 10.064   OH+       :  9.448   H2O       :  3.901   H2O+      :  3.404   H3O+      : -2.875   CO        :  8.988   CO+       :  6.548   HCO+      :  2.490
   H2CO      :-35.930   CH3OH     :-35.930   ^13CO     :  7.511   NO        :  6.359   NO+       :  5.382   HNO       :  0.073   HNO+      : -0.905   OCN       : -1.265
   OCN+      : -1.512   N2O       : -2.876   O2        :  6.012   O2+       :  6.783   NO2       : -3.925   NO2+      : -3.447
==== Ne     compounds ====
   NeH+      :  7.747
==== Si     compounds ====
   SiH       :  0.137   SiH2+     : -0.254   SiC2      :-35.930   SiN       : -2.898   SiN+      :  5.020   SiO       :  3.211   SiO+      :  5.937   SiOH+     : -0.337
==== S      compounds ====
   HS        :  4.388   HS+       :  6.249   CS        : -2.194   CS+       :  1.842   HCS+      : -3.459   NS        :  0.970   NS+       :  4.434   SO        :  1.503
   SO+       :  5.530   OCS       : -8.214   OCS+      : -8.575   SO2       :-35.930   S2        : -7.610   S2+       : -8.892
==== Cl     compounds ====
   HCl       : -0.077   HCl+      :  6.478   H2Cl+     :  0.629   CCl       :-20.080   CCl+      : -3.132   H2CCl+    :-21.996   ClO       :-23.412   ClO+      :-26.316
==== Ar     compounds ====
   ArH+      :  9.276
==== Ti     compounds ====
   TiH       :-35.930   TiH+      :-35.930   TiH2      :-35.930   TiH2+     :-35.930   TiC       :-35.930   TiC+      :-35.930   HCTi      :-35.930   HCTi+     :-35.930
   TiC2      :-35.930   TiC2+     :-35.930   TiN       :-35.930   TiN+      :-35.930   HNTi      :-35.930   HNTi+     :-35.930   TiNC      :-35.930   TiNC+     :-35.930
   TiO       :-35.930   TiO+      :-35.930   TiOH+     :-35.930   TiO2      :-35.930   TiF+      :-35.930   TiS       :-35.930   TiS+      :-35.930   HTiS      :-35.930


               1      2      3      4      5      6      7      8      9     10     11     12     13     14     15     16     17

 Hydrogen   19.241 17.940 12.834 (H2)                Log10 Column density (cm^-2)
 Helium     18.182 16.513 13.527
 Lithium     5.636  8.310  1.007-30.000
 Beryllium   6.993  8.631  6.132-30.000-30.000
 Boron       7.071  9.961  5.514-30.000-30.000-30.000
 Carbon     13.079 15.690 12.424-30.000-30.000-30.000-30.000
 Nitrogen   15.053 14.026  9.117-30.000-30.000-30.000-30.000-30.000
 Oxygen     15.934 14.561  9.966-30.000-30.000-30.000-30.000-30.000-30.000
 Fluorine   11.748 11.010  9.085-30.000-30.000-30.000-30.000-30.000-30.000-30.000
 Neon       15.113 14.404 12.692-30.000-30.000-30.000-30.000-30.000-30.000-30.000-30.000
 Sodium     11.455 13.491 11.750-30.000-30.000-30.000-30.000-30.000-30.000-30.000-30.000-30.000
 Magnesium  12.693 14.856 12.662-30.000-30.000-30.000-30.000-30.000-30.000-30.000-30.000-30.000-30.000
 Aluminium   9.866 13.710 11.230 11.015-30.000-30.000-30.000-30.000-30.000-30.000-30.000-30.000-30.000-30.000
 Silicon    11.442 14.772 11.311-30.000-30.000-30.000-30.000-30.000-30.000-30.000-30.000-30.000-30.000-30.000-30.000
 Phosphorus  9.357 12.671  9.474-30.000-30.000-30.000-30.000-30.000-30.000-30.000-30.000-30.000-30.000-30.000-30.000-30.000
 Sulphur    11.283 14.380 11.971-30.000-30.000-30.000-30.000-30.000-30.000-30.000-30.000-30.000-30.000-30.000-30.000-30.000-30.000
 Chlorine    9.586 12.759 10.394-30.000-30.000-30.000-30.000-30.000-30.000-30.000-30.000-30.000-30.000-30.000-30.000-30.000-30.000
-30.000
 Argon      13.601 12.755 11.359-30.000-30.000-30.000-30.000-30.000-30.000-30.000-30.000-30.000-30.000-30.000-30.000-30.000-30.000
-30.000-30.000
 Potassium   9.513 12.289  9.919-30.000-30.000-30.000-30.000-30.000-30.000-30.000-30.000-30.000-30.000-30.000-30.000-30.000-30.000
-30.000-30.000-30.000
 Calcium    10.402 12.823 13.523  7.923-30.000-30.000-30.000-30.000-30.000-30.000-30.000-30.000-30.000-30.000-30.000-30.000-30.000
-30.000-30.000-30.000-30.000
 Scandium    7.283  9.961 10.220  6.604-30.000-30.000-30.000-30.000-30.000-30.000-30.000-30.000-30.000-30.000-30.000-30.000-30.000
-30.000-30.000-30.000-30.000-30.000
 Titanium    8.325 12.201 10.600  5.472-30.000-30.000-30.000-30.000-30.000-30.000-30.000-30.000-30.000-30.000-30.000-30.000-30.000
-30.000-30.000-30.000-30.000-30.000-30.000
 Vanadium    8.872 11.181  9.458  3.697-30.000-30.000-30.000-30.000-30.000-30.000-30.000-30.000-30.000-30.000-30.000-30.000-30.000
-30.000-30.000-30.000-30.000-30.000-30.000-30.000
 Chromium    9.767 12.900 10.622  2.119-30.000-30.000-30.000-30.000-30.000-30.000-30.000-30.000-30.000-30.000-30.000-30.000-30.000
-30.000-30.000-30.000-30.000-30.000-30.000-30.000-30.000
 Manganese   8.963 12.690 10.327  1.758-30.000-30.000-30.000-30.000-30.000-30.000-30.000-30.000-30.000-30.000-30.000-30.000-30.000
-30.000-30.000-30.000-30.000-30.000-30.000-30.000-30.000-30.000
 Iron       10.718 14.761 12.022  4.187-30.000-30.000-30.000-30.000-30.000-30.000-30.000-30.000-30.000-30.000-30.000-30.000-30.000
-30.000-30.000-30.000-30.000-30.000-30.000-30.000-30.000-30.000-30.000
 Cobalt     10.436 12.245  7.567  0.564-30.000-30.000-30.000-30.000-30.000-30.000-30.000-30.000-30.000-30.000-30.000-30.000-30.000
-30.000-30.000-30.000-30.000-30.000-30.000-30.000-30.000-30.000-30.000-30.000
 Nickel      9.942 13.482  8.558  1.078-30.000-30.000-30.000-30.000-30.000-30.000-30.000-30.000-30.000-30.000-30.000-30.000-30.000
-30.000-30.000-30.000-30.000-30.000-30.000-30.000-30.000-30.000-30.000-30.000-30.000
 Copper      9.044 11.449  8.846-30.000-30.000-30.000-30.000-30.000-30.000-30.000-30.000-30.000-30.000-30.000-30.000-30.000-30.000
-30.000-30.000-30.000-30.000-30.000-30.000-30.000-30.000-30.000-30.000-30.000-30.000-30.000
 Zinc       10.136 11.792 10.480  7.845-30.000-30.000-30.000-30.000-30.000-30.000-30.000-30.000-30.000-30.000-30.000-30.000-30.000
-30.000-30.000-30.000-30.000-30.000-30.000-30.000-30.000-30.000-30.000-30.000-30.000-30.000-30.000
 Exc state    He1* 11.617   CII* 15.512   C11* 12.127   C12* 12.603   C13* 12.822   O11* 15.688   O12* 15.447   O13* 14.962
              Si2* 14.584   C30*  6.809   C31*  6.097   C32*  7.600


 Hydrogen   -0.021 -1.322 -6.126 (H2)                 Log10 Mean Ionisation (over radius)
 Helium     -0.009 -1.679 -4.665
 Lithium    -2.675 -0.001 -7.304
 Beryllium  -1.649 -0.011 -2.510
 Boron      -2.890 -0.001 -4.448
 Carbon     -2.613 -0.001 -3.268
 Nitrogen   -0.039 -1.066 -5.975
 Oxygen     -0.018 -1.391 -5.986
 Fluorine   -0.074 -0.812 -2.737
 Neon       -0.079 -0.788 -2.500
 Sodium     -2.047 -0.012 -1.752
 Magnesium  -2.168 -0.006 -2.199
 Aluminium  -3.846 -0.002 -2.483 -2.697
 Silicon    -3.330 -0.000 -3.461
 Phosphorus -3.314 -0.000 -3.198
 Sulphur    -3.099 -0.002 -2.411
 Chlorine   -3.176 -0.002 -2.367
 Argon      -0.060 -0.906 -2.302
 Potassium  -2.778 -0.003 -2.372
 Calcium    -3.200 -0.779 -0.079 -5.679
 Scandium   -3.128 -0.450 -0.191 -3.807
 Titanium   -3.887 -0.011 -1.612 -6.740
 Vanadium   -2.319 -0.010 -1.734 -7.494
 Chromium   -3.136 -0.003 -2.281-10.783
 Manganese  -3.728 -0.002 -2.364-10.933
 Iron       -4.044 -0.001 -2.739-10.575
 Cobalt     -1.816 -0.007 -4.685-11.688
 Nickel     -3.540 -0.000 -4.924-12.404
 Copper     -2.408 -0.003 -2.606
 Zinc       -1.686 -0.030 -1.342 -3.977

               1      2      3      4      5      6      7      8      9     10     11     12     13     14     15     16     17

 Hydrogen   -0.157 -0.517 -7.015 (H2)         Log10 Mean Ionisation (over radius*electron density)
 Helium     -0.021 -1.321 -4.690
 Lithium    -1.984 -0.005 -7.007
 Beryllium  -0.863 -0.070 -1.949
 Boron      -2.124 -0.003 -3.638
 Carbon     -1.863 -0.007 -2.695
 Nitrogen   -0.193 -0.445 -5.048
 Oxygen     -0.135 -0.574 -5.033
 Fluorine   -0.209 -0.422 -2.523
 Neon       -0.133 -0.583 -2.511
 Sodium     -2.021 -0.008 -2.011
 Magnesium  -1.740 -0.014 -1.894
 Aluminium  -3.536 -0.001 -2.776 -3.345
 Silicon    -2.599 -0.002 -2.544
 Phosphorus -2.967 -0.002 -2.552
 Sulphur    -2.347 -0.006 -2.021
 Chlorine   -2.905 -0.003 -2.185
 Argon      -0.362 -0.266 -1.629
 Potassium  -2.719 -0.002 -2.444
 Calcium    -2.337 -0.231 -0.390 -5.499
 Scandium   -2.362 -0.158 -0.522 -3.348
 Titanium   -4.021 -0.016 -1.436 -5.769
 Vanadium   -1.689 -0.048 -1.076 -6.447
 Chromium   -2.421 -0.021 -1.367 -9.715
 Manganese  -3.950 -0.015 -1.460 -9.866
 Iron       -4.189 -0.007 -1.825 -9.507
 Cobalt     -1.108 -0.035 -3.763-10.620
 Nickel     -3.673 -0.000 -4.013-11.337
 Copper     -1.670 -0.017 -1.799
 Zinc       -0.961 -0.070 -1.396 -3.881

               1      2      3      4      5      6      7      8      9     10     11     12     13     14     15     16     17

 Hydrogen    3.728  3.839  3.668 (H2)                  Log10 Mean Temperature (over radius)
 Helium      3.733  3.798  3.779
 Lithium     3.822  3.734  3.764
 Beryllium   3.838  3.731  3.808
 Boron       3.832  3.734  3.842
 Carbon      3.830  3.734  3.822
 Nitrogen    3.726  3.812  3.855
 Oxygen      3.729  3.841  3.857
 Fluorine    3.724  3.787  3.791
 Neon        3.727  3.769  3.774
 Sodium      3.752  3.734  3.739
 Magnesium   3.798  3.733  3.774
 Aluminium   3.779  3.734  3.713  3.694
 Silicon     3.824  3.734  3.854
 Phosphorus  3.783  3.734  3.815
 Sulphur     3.830  3.734  3.791
 Chlorine    3.773  3.734  3.769
 Argon       3.719  3.826  3.839
 Potassium   3.758  3.734  3.748
 Calcium     3.850  3.807  3.718  3.766
 Scandium    3.839  3.776  3.709  3.796
 Titanium    3.728  3.734  3.729  3.859
 Vanadium    3.815  3.732  3.814  3.863
 Chromium    3.824  3.733  3.854  3.871
 Manganese   3.717  3.734  3.853  3.871
 Iron        3.726  3.734  3.854  3.871
 Cobalt      3.824  3.733  3.853  3.871
 Nickel      3.724  3.734  3.851  3.871
 Copper      3.828  3.733  3.835
 Zinc        3.826  3.731  3.755  3.772

               1      2      3      4      5      6      7      8      9     10     11     12     13     14     15     16     17

 Hydrogen    3.828  3.857  3.701 (H2)          Log10 Mean Temperature (over radius*electron density)
 Helium      3.837  3.847  3.828
 Lithium     3.856  3.837  3.848
 Beryllium   3.857  3.834  3.853
 Boron       3.857  3.837  3.858
 Carbon      3.857  3.837  3.853
 Nitrogen    3.827  3.855  3.859
 Oxygen      3.829  3.857  3.860
 Fluorine    3.829  3.850  3.842
 Neon        3.835  3.844  3.830
 Sodium      3.836  3.837  3.814
 Magnesium   3.850  3.837  3.848
 Aluminium   3.847  3.837  3.817  3.764
 Silicon     3.856  3.837  3.859
 Phosphorus  3.848  3.837  3.855
 Sulphur     3.857  3.837  3.849
 Chlorine    3.846  3.837  3.843
 Argon       3.814  3.854  3.854
 Potassium   3.838  3.837  3.830
 Calcium     3.858  3.853  3.813  3.843
 Scandium    3.856  3.847  3.814  3.852
 Titanium    3.829  3.837  3.847  3.860
 Vanadium    3.854  3.835  3.856  3.863
 Chromium    3.856  3.836  3.859  3.871
 Manganese   3.823  3.836  3.859  3.871
 Iron        3.828  3.837  3.859  3.871
 Cobalt      3.856  3.835  3.859  3.871
 Nickel      3.830  3.837  3.859  3.871
 Copper      3.856  3.836  3.858
 Zinc        3.856  3.835  3.830  3.837

               1      2      3      4      5      6      7      8      9     10     11     12     13     14     15     16     17
                                                                          

---------------Convergence statistics---------------
      1.56 mean iterations/state convergence
      2.96 mean cx acceleration loops/iteration
      1.15 mean iso convergence loops/ion solve
      1.01 mean steps/chemistry solve
         1 mean step length searches/chemistry step
----------------------------------------------------

 Cloudy ends: 142 zones, 3 iterations, 1 caution.  ExecTime(s) 460.58
 [Stop in cdMain at ../maincl.cpp:483, Cloudy exited OK]
 ************************************************** GRID_DELIMIT -- grid000000073
