                                                          Cloudy 13.03
                                                         www.nublado.org

                       **************************************13Feb20**************************************
                       *                                                                                 *
                       * c                                                                               *
                       * phi(h) 12.000000 LOG range -0.000232 6.866524                                   *
                       * grid from 8 to 23 in 1 dex steps                                                *
                       * HDEN=7.000000 LOG                                                               *
                       * grid from 0 to 12 in 1 dex steps                                                *
                       * set pres ionize 1e5                                                             *
                       * c                                                                               *
                       * c                                                                               *
                       * table star "inst_padova_agbtrack_z.mod" age 6.3                                 *
                       * c<< inst_padova_ model    1 read.       Age =      10000.00                 >>> *
                       * c<< inst_padova_ model    2 read.       Age =    2010000.00                 >>> *
                       * c<< FINAL:     Age =    1995262.31                                          >>> *
                       * c                                                                               *
                       * c                                                                               *
                       * abundances GASS10                                                               *
                       * c                                                                               *
                       * c                                                                               *
                       * iterate to convergence max = 7                                                  *
                       * stop column density = 23                                                        *
                       * c                                                                               *
                       * c                                                                               *
                       * print last                                                                      *
                       * set save prefix "padova_inst_2"                                                 *
                       * save grid ".grd" last no hash                                                   *
                       * save linelist "emissionlines_abs.txt" "LineList_HII.dat" absolute last no hash    *
                       *                                                                                 *
                       ***********************************************************************************



           4049CellPeak1.00E+00   Lo 1.00e-08=910.79cm   Hi-Con:6.19E+00 Ryd   E(hi):7.35E+06Ryd     E(hi):     100.01 MeV
           I(nu>1ryd):   1.4715   Average nu:1.358E+00   I( X-ray):   0.0000   I(BalC):   1.9940     Phi(BalmrC):  12.8965
           phi(1.0-1.8):11.9535   phi(1.8-4.0): 11.007   phi(4.0-20):  6.227   phi(20--):  0.000     Ion pht flx:1.000E+12
           I(gam ray):   0.0000   phi(gam r):   0.0000   I(Infred):   1.1331   Alf(ox):   0.0000     Total inten:   2.1518
           U(1.0----):3.336E-06   U(4.0----):5.625E-12   T(En-Den):2.812E+01   T(Comp):3.012E+04     nuJnu(912A):9.683E+01
           Occ(FarIR):4.141E+01   Occ(H n=6):2.633E-11   Occ(1Ryd):4.451E-15   Occ(4R):3.399E-22     Occ (Nu-hi):3.050E-28
           Tbr(FarIR):6.561E-02   Tbr(H n=6):1.154E-07   Tbr(1Ryd):7.036E-10   Tbr(4R):2.148E-16     Tbr (Nu-hi):2.972E-22
  
                                                  Gas Phase Chemical Composition
        H :  0.0000  He: -1.0701  Li:-10.9508  Be:-10.6198  B : -9.3002  C : -3.5702  N : -4.1701  O : -3.3098  F : -7.4401
        Ne: -4.0701  Na: -5.7595  Mg: -4.4001  Al: -5.5498  Si: -4.4895  P : -6.5901  S : -4.8794  Cl: -6.5003  Ar: -5.6003
        K : -6.9706  Ca: -5.6596  Sc: -8.8508  Ti: -7.0501  V : -8.0701  Cr: -6.3595  Mn: -6.5702  Fe: -4.5003  Co: -7.0101
                                               Ni: -5.7799  Cu: -7.8097  Zn: -7.4401
 
 ####  1  Te:7.553E+03 Hden:1.000E+07 Ne:5.619E+06 R:1.000E+30 R-R0:2.618E+07 dR:5.237E+07 NTR: 28 Htot:7.503E-11 T912: 1.50e-03###
 Hydrogen      4.53e-01 5.47e-01 H+o/Hden 1.00e+00 2.91e-08 H-    H2 2.53e-10 3.18e-09 H2+ HeH+ 1.07e-08 Ho+ ColD 2.37e+14 2.86e+14
 Helium        8.32e-01 1.68e-01 2.69e-08 HeI 2s3S 1.52e-06 Comp H,C 1.08e-20 2.70e-21 Fill Fac 1.00e+00 Gam1/tot 1.00e+00
 He singlet n  8.32e-01 3.99e-09 1.15e-15 3.00e-16 2.23e-16 3.36e-16 He tripl 1.52e-06 1.58e-13 6.88e-16 3.75e-15 9.47e-16
 Pressure      NgasTgas 1.24e+11 P(total) 1.72e-05 P( gas ) 1.72e-05 P(Radtn) 0.00e+00 Rad accl 2.01e-03 ForceMul 2.58e+06
 Texc(La)      3.66e+03 T(I con) 2.81e+01 T(D con) 2.29e+00 T(U tot) 2.81e+01 nT (c+d) 7.35e+06 Prad/Gas 0.00e+00 Pmag/Gas 0.00e+00
 Molecules     CH/Ctot: 3.00e-09 CH+/Ctot 4.89e-10 CO/Ctot: 2.13e-10 CO+/Ctot 3.83e-13 H2O/Otot 8.37e-18 OH/Ototl 1.10e-08
 Lithium       2.88e-02 9.71e-01 2.53e-13 0.00e+00 Berylliu 6.83e-01 3.04e-01 1.31e-02 0.00e+00 0.00e+00 sec ion: 0.00e+00
 Boron         9.10e-02 9.08e-01 1.38e-03 0.00e+00 0.00e+00 0.00e+00
 Carbon        1.04e-01 8.88e-01 8.59e-03 0.00e+00 0.00e+00 0.00e+00 0.00e+00 H2O+/O   1.45e-18 OH+/Otot 3.62e-09 Hex(tot) 0.00e+00
 Nitrogen      3.88e-01 6.12e-01 4.33e-05 0.00e+00 0.00e+00 0.00e+00 0.00e+00 0.00e+00 O2/Ototl 9.01e-13 O2+/Otot 2.25e-13
 Oxygen        5.09e-01 4.91e-01 7.95e-06 0.00e+00 0.00e+00 0.00e+00 0.00e+00 0.00e+00 0.00e+00
 Fluorine      3.43e-01 6.56e-01 1.18e-03 0.00e+00 0.00e+00 0.00e+00 0.00e+00 0.00e+00 0.00e+00 0.00e+00
 Neon          5.24e-01 4.76e-01 3.27e-04 0.00e+00 0.00e+00 0.00e+00 0.00e+00 0.00e+00 0.00e+00 0.00e+00 0.00e+00
 Sodium        5.94e-03 9.94e-01 7.77e-05 0.00e+00 0.00e+00 0.00e+00 0.00e+00 0.00e+00 0.00e+00 0.00e+00 0.00e+00 0.00e+00
 Magnesium     2.46e-02 9.51e-01 2.48e-02 0.00e+00 0.00e+00 0.00e+00 0.00e+00 0.00e+00 0.00e+00 0.00e+00 0.00e+00 0.00e+00 0.00e+00
 Aluminium  0  3.60e-04 9.97e-01 2.47e-03 1.24e-06 0.00e+00 0.00e+00 0.00e+00 0.00e+00 0.00e+00 0.00e+00 0.00e+00 0.00e+00 0.00e+00
 Silicon    0  6.09e-03 9.87e-01 7.20e-03 0.00e+00 0.00e+00 0.00e+00 0.00e+00 0.00e+00 0.00e+00 0.00e+00 0.00e+00 0.00e+00 0.00e+00
 Phosphorus 0  1.34e-03 9.91e-01 7.50e-03 0.00e+00 0.00e+00 0.00e+00 0.00e+00 0.00e+00 0.00e+00 0.00e+00 0.00e+00 0.00e+00 0.00e+00
 Sulphur    0  3.65e-02 9.28e-01 3.54e-02 0.00e+00 0.00e+00 0.00e+00 0.00e+00 0.00e+00 0.00e+00 0.00e+00 0.00e+00 0.00e+00 0.00e+00
 Chlorine   0  1.43e-03 9.76e-01 2.21e-02 0.00e+00 0.00e+00 0.00e+00 0.00e+00 0.00e+00 0.00e+00 0.00e+00 0.00e+00 0.00e+00 0.00e+00
 Argon      0  1.36e-01 7.50e-01 1.14e-01 0.00e+00 0.00e+00 0.00e+00 0.00e+00 0.00e+00 0.00e+00 0.00e+00 0.00e+00 0.00e+00 0.00e+00
 Potassium  0  1.16e-03 9.96e-01 3.04e-03 0.00e+00 0.00e+00 0.00e+00 0.00e+00 0.00e+00 0.00e+00 0.00e+00 0.00e+00 0.00e+00 0.00e+00
 Calcium    0  2.64e-02 9.01e-01 7.26e-02 0.00e+00 0.00e+00 0.00e+00 0.00e+00 0.00e+00 0.00e+00 0.00e+00 0.00e+00 0.00e+00 0.00e+00
 Scandium   0  1.18e-02 6.67e-01 3.19e-01 2.45e-03 0.00e+00 0.00e+00 0.00e+00 0.00e+00 0.00e+00 0.00e+00 0.00e+00 0.00e+00 0.00e+00
 Titanium   0  7.66e-05 9.08e-01 9.22e-02 7.56e-06 0.00e+00 0.00e+00 0.00e+00 0.00e+00 0.00e+00 0.00e+00 0.00e+00 0.00e+00 0.00e+00
 Vanadium   0  3.69e-02 7.50e-01 2.13e-01 2.78e-06 0.00e+00 0.00e+00 0.00e+00 0.00e+00 0.00e+00 0.00e+00 0.00e+00 0.00e+00 0.00e+00
 Chromium   0  2.75e-02 8.67e-01 1.05e-01 0.00e+00 0.00e+00 0.00e+00 0.00e+00 0.00e+00 0.00e+00 0.00e+00 0.00e+00 0.00e+00 0.00e+00
 Manganese  0  8.66e-05 9.17e-01 8.31e-02 0.00e+00 0.00e+00 0.00e+00 0.00e+00 0.00e+00 0.00e+00 0.00e+00 0.00e+00 0.00e+00 0.00e+00
 Iron       0  5.69e-05 9.63e-01 3.73e-02 0.00e+00 0.00e+00 0.00e+00 0.00e+00 0.00e+00 0.00e+00 0.00e+00 0.00e+00 0.00e+00 0.00e+00
 Cobalt     0  2.76e-01 7.23e-01 5.25e-04 0.00e+00 0.00e+00 0.00e+00 0.00e+00 0.00e+00 0.00e+00 0.00e+00 0.00e+00 0.00e+00 0.00e+00
 Nickel     0  1.89e-04 9.99e-01 4.02e-04 0.00e+00 0.00e+00 0.00e+00 0.00e+00 0.00e+00 0.00e+00 0.00e+00 0.00e+00 0.00e+00 0.00e+00
 Copper     0  1.42e-01 8.03e-01 5.53e-02 0.00e+00 0.00e+00 0.00e+00 0.00e+00 0.00e+00 0.00e+00 0.00e+00 0.00e+00 0.00e+00 0.00e+00
 Zinc       0  4.56e-01 5.17e-01 2.66e-02 1.25e-05 0.00e+00 0.00e+00 0.00e+00 0.00e+00 0.00e+00 0.00e+00 0.00e+00 0.00e+00 0.00e+00
 ####106  Te:3.986E+03 Hden:1.000E+07 Ne:1.552E+05 R:1.000E+30 R-R0:4.800E+11 dR:4.901E+09 NTR:  9 Htot:3.005E-13 T912: 2.56e+01###
 Hydrogen      9.87e-01 1.33e-02 H+o/Hden 1.00e+00 3.95e-08 H-    H2 5.42e-06 3.12e-09 H2+ HeH+ 1.52e-08 Ho+ ColD 4.04e+18 7.83e+17
 Helium        9.79e-01 2.05e-02 2.24e-08 HeI 2s3S 5.67e-07 Comp H,C 1.87e-22 3.31e-23 Fill Fac 1.00e+00 Gam1/tot 1.00e+00
 He singlet n  9.80e-01 2.40e-11 8.04e-17 9.64e-19 3.88e-18 2.13e-18 He tripl 5.67e-07 4.32e-16 2.01e-18 1.80e-17 5.89e-18
 Pressure      NgasTgas 4.39e+10 P(total) 6.06e-06 P( gas ) 6.06e-06 P(Radtn) 1.96e-12 Rad accl 2.22e-06 ForceMul 1.23e+05
 Texc(La)      3.88e+03 T(I con) 2.65e+01 T(D con) 1.32e+01 T(U tot) 2.69e+01 nT (c+d) 9.61e+06 Prad/Gas 3.23e-07 Pmag/Gas 0.00e+00
 Molecules     CH/Ctot: 5.32e-08 CH+/Ctot 1.67e-07 CO/Ctot: 2.91e-06 CO+/Ctot 5.07e-09 H2O/Otot 3.73e-11 OH/Ototl 1.16e-05
 Lithium       1.25e-02 9.87e-01 1.16e-13 0.00e+00 Berylliu 4.47e-02 9.54e-01 1.57e-03 0.00e+00 0.00e+00 sec ion: 0.00e+00
 Boron         4.92e-03 9.95e-01 7.68e-06 0.00e+00 0.00e+00 0.00e+00
 Carbon        8.38e-03 9.91e-01 3.14e-04 0.00e+00 0.00e+00 0.00e+00 0.00e+00 H2O+/O   9.96e-12 OH+/Otot 2.65e-06 Hex(tot) 0.00e+00
 Nitrogen      9.94e-01 5.82e-03 3.88e-09 0.00e+00 0.00e+00 0.00e+00 0.00e+00 0.00e+00 O2/Ototl 1.05e-09 O2+/Otot 1.94e-09
 Oxygen        9.90e-01 1.04e-02 8.38e-09 0.00e+00 0.00e+00 0.00e+00 0.00e+00 0.00e+00 0.00e+00
 Fluorine      9.00e-01 9.97e-02 3.50e-04 0.00e+00 0.00e+00 0.00e+00 0.00e+00 0.00e+00 0.00e+00 0.00e+00
 Neon          9.04e-01 9.59e-02 1.88e-04 0.00e+00 0.00e+00 0.00e+00 0.00e+00 0.00e+00 0.00e+00 0.00e+00 0.00e+00
 Sodium        5.30e-02 9.47e-01 2.88e-04 0.00e+00 0.00e+00 0.00e+00 0.00e+00 0.00e+00 0.00e+00 0.00e+00 0.00e+00 0.00e+00
 Magnesium     1.78e-02 9.82e-01 3.29e-04 0.00e+00 0.00e+00 0.00e+00 0.00e+00 0.00e+00 0.00e+00 0.00e+00 0.00e+00 0.00e+00 0.00e+00
 Aluminium  0  4.44e-04 9.99e-01 2.81e-04 0.00e+00 0.00e+00 0.00e+00 0.00e+00 0.00e+00 0.00e+00 0.00e+00 0.00e+00 0.00e+00 0.00e+00
 Silicon    0  1.63e-03 9.98e-01 2.26e-06 0.00e+00 0.00e+00 0.00e+00 0.00e+00 0.00e+00 0.00e+00 0.00e+00 0.00e+00 0.00e+00 0.00e+00
 Phosphorus 0  1.78e-03 9.98e-01 3.54e-04 0.00e+00 0.00e+00 0.00e+00 0.00e+00 0.00e+00 0.00e+00 0.00e+00 0.00e+00 0.00e+00 0.00e+00
 Sulphur    0  2.75e-03 9.94e-01 2.99e-03 0.00e+00 0.00e+00 0.00e+00 0.00e+00 0.00e+00 0.00e+00 0.00e+00 0.00e+00 0.00e+00 0.00e+00
 Chlorine   0  2.22e-03 9.95e-01 2.54e-03 0.00e+00 0.00e+00 0.00e+00 0.00e+00 0.00e+00 0.00e+00 0.00e+00 0.00e+00 0.00e+00 0.00e+00
 Argon      0  8.98e-01 9.96e-02 1.76e-03 0.00e+00 0.00e+00 0.00e+00 0.00e+00 0.00e+00 0.00e+00 0.00e+00 0.00e+00 0.00e+00 0.00e+00
 Potassium  0  2.70e-02 9.71e-01 1.96e-03 0.00e+00 0.00e+00 0.00e+00 0.00e+00 0.00e+00 0.00e+00 0.00e+00 0.00e+00 0.00e+00 0.00e+00
 Calcium    0  4.06e-03 5.15e-01 4.81e-01 0.00e+00 0.00e+00 0.00e+00 0.00e+00 0.00e+00 0.00e+00 0.00e+00 0.00e+00 0.00e+00 0.00e+00
 Scandium   0  5.34e-03 7.93e-01 2.01e-01 1.87e-05 0.00e+00 0.00e+00 0.00e+00 0.00e+00 0.00e+00 0.00e+00 0.00e+00 0.00e+00 0.00e+00
 Titanium   0  2.16e-04 9.94e-01 5.96e-03 0.00e+00 0.00e+00 0.00e+00 0.00e+00 0.00e+00 0.00e+00 0.00e+00 0.00e+00 0.00e+00 0.00e+00
 Vanadium   0  2.40e-02 9.69e-01 6.76e-03 0.00e+00 0.00e+00 0.00e+00 0.00e+00 0.00e+00 0.00e+00 0.00e+00 0.00e+00 0.00e+00 0.00e+00
 Chromium   0  3.65e-03 9.96e-01 3.04e-05 0.00e+00 0.00e+00 0.00e+00 0.00e+00 0.00e+00 0.00e+00 0.00e+00 0.00e+00 0.00e+00 0.00e+00
 Manganese  0  2.40e-04 1.00e+00 6.71e-05 0.00e+00 0.00e+00 0.00e+00 0.00e+00 0.00e+00 0.00e+00 0.00e+00 0.00e+00 0.00e+00 0.00e+00
 Iron       0  1.34e-04 1.00e+00 1.42e-05 0.00e+00 0.00e+00 0.00e+00 0.00e+00 0.00e+00 0.00e+00 0.00e+00 0.00e+00 0.00e+00 0.00e+00
 Cobalt     0  7.96e-02 9.20e-01 1.24e-06 0.00e+00 0.00e+00 0.00e+00 0.00e+00 0.00e+00 0.00e+00 0.00e+00 0.00e+00 0.00e+00 0.00e+00
 Nickel     0  3.90e-04 1.00e+00 1.01e-06 0.00e+00 0.00e+00 0.00e+00 0.00e+00 0.00e+00 0.00e+00 0.00e+00 0.00e+00 0.00e+00 0.00e+00
 Copper     0  1.54e-02 9.83e-01 1.21e-03 0.00e+00 0.00e+00 0.00e+00 0.00e+00 0.00e+00 0.00e+00 0.00e+00 0.00e+00 0.00e+00 0.00e+00
 Zinc       0  9.36e-02 8.91e-01 1.53e-02 9.19e-06 0.00e+00 0.00e+00 0.00e+00 0.00e+00 0.00e+00 0.00e+00 0.00e+00 0.00e+00 0.00e+00
                                                                             
   Calculation stopped because lowest Te reached. Iteration 3 of 3
   The geometry is plane-parallel.
  !Charge transfer ionization of H reached 7056.4% of the local H ionization rate.
  !AGE: Cloud age was not set.  Longest timescale was 2.92e+07 s = 1.11e+01 months.
  !Mutual neutralization production of H-alpha was significant.
  !The CMB was not included.  This is added with the CMB command.
   Charge transfer heating reached 4.88% of the local heating.
   The density is too low to l-mix the lowest H  I collapsed level.  More resolved levels are needed for accurate line ratios.
   The density is too low to l-mix the lowest He I collapsed level.  More resolved levels are needed for accurate line ratios.
   The largest continuum occupation number was 4.141e+01 at 1.004e-08 Ryd.
   Grains were not present but might survive in this environment (energy density temperature was 2.81e+01K)
   The continuum optical depth at the lowest energy considered (1.004e-08 Ryd) was 5.667e+02.

                       *********************************> Cloudy 13.03 <**********************************
                       * c                                                                               *
                       * phi(h) 12.000000 LOG range -0.000232 6.866524                                   *
                       * grid from 8 to 23 in 1 dex steps                                                *
                       * HDEN=7.000000 LOG                                                               *
                       * grid from 0 to 12 in 1 dex steps                                                *
                       * set pres ionize 1e5                                                             *
                       * c                                                                               *
                       * c                                                                               *
                       * table star "inst_padova_agbtrack_z.mod" age 6.3                                 *
                       * c                                                                               *
                       * c                                                                               *
                       * abundances GASS10                                                               *
                       * c                                                                               *
                       * c                                                                               *
                       * iterate to convergence max = 7                                                  *
                       * stop column density = 23                                                        *
                       * c                                                                               *
                       * c                                                                               *
                       * print last                                                                      *
                       * set save prefix "padova_inst_2"                                                 *
                       * save grid ".grd" last no hash                                                   *
                       * save linelist "emissionlines_abs.txt" "LineList_HII.dat" absolute last no hash    *
                       *********************************> Log(U): -5.48 <*********************************

                     Emission Line Spectrum.   Constant  Density Model.    Open geometry.  Iteration 3 of 3.
                                                     Intensity (erg/s/cm^2).


                                                   Intrinsic line intensities
 general properties..........      H  1 4.466m  -2.468   0.0077      Ca B  3692A  -2.099   0.0179      TOTL 1.040m  -1.691   0.0459            
 TOTL  4861A  -0.353   1.0000      H  1 4.466m  -2.044   0.0204      Ca B  3687A  -2.149   0.0160      N  2  6584A  -1.960   0.0247            
 TOTL  1216A   1.187  34.6005      H  1 4.466m  -1.949   0.0253      Ca B  3683A  -2.197   0.0143      N  2  6548A  -2.430   0.0084            
 Inci     0    2.152 319.3902      H  1 4.466m  -2.022   0.0214      Ca B  3679A  -2.244   0.0128      N  2  5755A  -2.089   0.0183            
 TotH     0    0.859  16.2757      H  1 4.466m  -2.238   0.0130      Ca B  3676A  -2.289   0.0116      N  2  2141A  -2.692   0.0046            
 TotC     0    0.859  16.2689      H  1 4.466m  -2.616   0.0054      Ca B  3674A  -2.333   0.0105      N  2  1085A  -2.420   0.0086            
 BFH1     0    0.836  15.4532      H  1 4.466m  -3.266   0.0012      Ca B  3671A  -2.376   0.0095      O  1  6300A  -0.674   0.4775            
 BFHe     0   -0.528   0.6673      H  1 5.834m  -2.668   0.0048      Ca B 1.875m  -0.820   0.3405      O  1  6363A  -1.170   0.1523            
 TotM     0   -1.446   0.0807      H  1 5.834m  -2.244   0.0128      Ca B 1.282m  -1.126   0.1686      O  1  5577A  -2.052   0.0200            
 CT H     0   -1.485   0.0736      H  1 5.834m  -2.148   0.0160      Ca B 1.094m  -1.376   0.0947      O  1 63.17m  -2.731   0.0042            
 H FB     0   -0.139   1.6340      H  1 5.834m  -2.207   0.0140      Ca B 1.005m  -1.579   0.0594      TOTL  3727A  -2.806   0.0035            
 HFBc     0   -0.139   1.6340      H  1 5.834m  -2.386   0.0093      Ca B  9546A  -1.746   0.0404      TOTL  7325A  -1.621   0.0539            
 continua....................      H  1 5.834m  -2.681   0.0047      Ca B  9229A  -1.886   0.0293      IONZ  7325A  -3.256   0.0012            
 Bac   3646A   0.928  19.0876      H  1 5.834m  -3.125   0.0017      Ca B  9015A  -2.005   0.0222      O II  3726A  -2.949   0.0025            
 nFnu  3645A   0.943  19.7598      H  1 7.383m  -2.840   0.0033      Ca B  8863A  -2.110   0.0175      O II  2471A  -1.717   0.0432            
 nFnu  3647A  -0.525   0.6722      H  1 7.383m  -2.418   0.0086      Ca B  8750A  -2.203   0.0141      O II  7323A  -1.872   0.0303            
 cout  3646A   0.627   9.5438      H  1 7.383m  -2.320   0.0108      Ca B  8665A  -2.288   0.0116      O II  7332A  -1.978   0.0237            
 cref  3646A   0.627   9.5438      H  1 7.383m  -2.372   0.0096      Ca B  8598A  -2.364   0.0097      O  2 833.8A  -2.912   0.0028            
 thin  3646A   0.928  19.0877      H  1 7.383m  -2.530   0.0066      Ca B  8545A  -2.434   0.0083      Ne 2 12.81m  -1.434   0.0829            
 Inci  4860A   0.957  20.3869      H  1 7.383m  -2.779   0.0037      Ca B  8502A  -2.498   0.0072      Na 1  5892A  -2.174   0.0151            
 Inci  1215A   2.038 245.9349      H  1 7.383m  -3.129   0.0017      Ca B  8467A  -2.556   0.0063      Mg 1  4561A  -3.120   0.0017            
 Ba C     0    0.142   3.1214      H  1 9.115m  -2.991   0.0023      Ca B  8438A  -2.610   0.0055      Mg 1  2853A  -2.161   0.0155            
 PA C     0   -0.262   1.2321      H  1 9.115m  -2.570   0.0061      Ca B  8413A  -2.661   0.0049      TOTL  2798A   0.080   2.7074            
 FIR  83.00m   0.565   8.2649      H  1 9.115m  -2.472   0.0076      Ca B  8392A  -2.710   0.0044      Mg 2  2796A  -0.099   1.7945            
 TIR   1800m  -1.671   0.0480      H  1 9.115m  -2.519   0.0068      Ca B  8374A  -2.756   0.0039      Mg 2  2803A  -0.392   0.9128            
 NIRa 2.850m   0.872  16.7899      H  1 9.115m  -2.665   0.0049      Ca B  8359A  -2.802   0.0036      totl  2665A  -1.623   0.0537            
 NIRb 3.000m   0.426   6.0079      H  1 9.115m  -2.887   0.0029      Ca B  8346A  -2.846   0.0032      Al 2  2670A  -1.624   0.0535            
 MIRa 15.00m   0.083   2.7278      H  1 9.115m  -3.183   0.0015      Ca B  8334A  -2.889   0.0029      Si 2 34.81m  -2.901   0.0028            
 MIRb 22.50m   0.275   4.2452      H  1 11.03m  -1.959   0.0248      Ca B 4.051m  -1.456   0.0788      TOTL  2335A  -1.494   0.0722            
 NMIR 21.75m   0.872  16.7899      H  1 13.13m  -2.071   0.0191      Ca B 2.625m  -1.690   0.0460      Si 2  2334A  -2.503   0.0071            
 TFIR 611.2m   0.053   2.5452      H  1 15.40m  -2.174   0.0151      Ca B 2.166m  -1.896   0.0286      Si 2  2350A  -2.615   0.0055            
 TALL 10000A   2.149 317.6376      H  1 17.87m  -2.270   0.0121      Ca B 1.945m  -2.071   0.0191      Si 2  2344A  -1.970   0.0241            
 F12  12.00m  -0.384   0.9295      H  1 20.51m  -2.359   0.0099      Ca B 1.817m  -2.219   0.0136      Si 2  2336A  -1.806   0.0352            
 F25  25.00m  -0.276   1.1935      H  1 23.33m  -2.442   0.0081      Ca B 1.736m  -2.346   0.0102      Si 2  1814A  -2.065   0.0194            
 F60  60.00m   0.166   3.3038      H  1 26.34m  -2.521   0.0068      Ca B 1.681m  -2.457   0.0079      Si 2  1531A  -2.592   0.0058            
 F100 100.0m  -0.024   2.1328      H  1 29.53m  -2.595   0.0057      Ca B 1.641m  -2.556   0.0063      Si 2  1308A  -2.584   0.0059            
 MIPS 24.00m  -0.584   0.5867      H  1 32.91m  -2.665   0.0049      Ca B 1.611m  -2.644   0.0051      Si 2  1263A  -2.298   0.0113            
 MIPS 70.00m  -0.191   1.4497      H  1 36.46m  -2.732   0.0042      Ca B 1.588m  -2.724   0.0043      P  2 1.640m  -2.778   0.0038            
 MIPS 160.0m  -0.419   0.8587      H  1 40.20m  -2.795   0.0036      Ca B 1.570m  -2.796   0.0036      P  2  4669A  -3.268   0.0012            
 IRAC 3.600m  -0.898   0.2850      H  1 44.12m  -2.855   0.0031      Ca B 1.556m  -2.861   0.0031      P  2 1.189m  -2.851   0.0032            
 IRAC 4.500m  -0.840   0.3258      H  1 48.22m  -2.913   0.0028      Ca B 1.544m  -2.920   0.0027      P  2 1.147m  -3.328   0.0011            
 IRAC 5.800m  -0.941   0.2581      H  1 52.50m  -2.968   0.0024      Ca B 1.534m  -2.975   0.0024      S  2  6720A  -2.321   0.0108            
 IRAC 8.000m  -0.663   0.4896      H  1 56.97m  -1.791   0.0365      Ca B 1.526m  -3.027   0.0021      S  2  4074A  -0.893   0.2884            
 SPR1 250.0m  -0.837   0.3275      He 1 504.3A  -0.939   0.2593      Ca B 1.519m  -3.076   0.0019      S  2 1.033m  -1.081   0.1867            
 SPR2 350.0m  -1.267   0.1217      He 1  2600A  -1.874   0.0301      Ca B 1.513m  -3.123   0.0017      S II  6731A  -2.479   0.0075            
 SPR3 500.0m  -1.642   0.0514      He 1  3121A  -2.386   0.0093      Ca B 1.508m  -3.168   0.0015      S II  6716A  -2.837   0.0033            
 PAC1 70.00m  -0.129   1.6723      He 1  3421A  -2.338   0.0103      Ca B 1.504m  -3.213   0.0014      S II  4070A  -0.981   0.2351            
 PAC2 100.0m  -0.019   2.1573      He 1  3421A  -1.861   0.0310      Ca B 1.500m  -3.256   0.0012      S II  4078A  -1.625   0.0534            
 PAC3 160.0m  -0.162   1.5522      He 1  3421A  -1.639   0.0517      Ca B 7.458m  -1.964   0.0245      S II 1.032m  -1.473   0.0759            
 PAH  3.300m  -1.687   0.0463      He 1  3679A  -2.057   0.0198      Ca B 4.653m  -2.150   0.0159      S II 1.029m  -1.608   0.0556            
 PAHC 3.230m  -2.015   0.0218      He 1  6632A  -2.820   0.0034      Ca B 3.740m  -2.325   0.0107      S II 1.037m  -2.085   0.0185            
 PAHC 3.370m  -2.103   0.0178      He 1  7435A  -3.228   0.0013      Ca B 3.296m  -2.478   0.0075      S II 1.034m  -1.788   0.0367            
 PAH  6.200m  -1.406   0.0884      He 1  7843A  -2.141   0.0163      Ca B 3.038m  -2.611   0.0055      S  2  1256A  -2.888   0.0029            
 PAHC 5.650m  -1.401   0.0894      He 1  8188A  -2.318   0.0108      Ca B 2.872m  -2.727   0.0042      S  3  9532A  -2.350   0.0101            
 PAH  7.900m  -1.107   0.1761      He 1  8191A  -2.807   0.0035      Ca B 2.758m  -2.830   0.0033      S  3  9069A  -2.744   0.0041            
 PAHC 6.900m  -1.053   0.1992      He 1  8261A  -2.743   0.0041      Ca B 2.674m  -2.921   0.0027      S  3  6312A  -3.229   0.0013            
 PAH  11.30m  -1.623   0.0536      He 1 1.409m  -2.660   0.0049      Ca B 2.612m  -3.004   0.0022      Cl 2 14.40m  -3.334   0.0010            
 PAHC 10.90m  -1.638   0.0518      He 1 1.456m  -2.702   0.0045      Ca B 2.564m  -3.077   0.0019      Cl 2  8579A  -2.028   0.0211            
 PAH  11.80m  -1.411   0.0874      He 1 1.456m  -3.193   0.0014      Ca B 2.525m  -3.144   0.0016      Cl 2  9124A  -2.606   0.0056            
 PAHC 12.65m  -1.099   0.1792      He 1 1.458m  -3.014   0.0022      Ca B 2.495m  -3.204   0.0014      Ar 2 6.980m  -1.744   0.0406            
 PAH  13.30m  -1.365   0.0971      He 1 1.466m  -3.230   0.0013      Ca B 2.469m  -3.260   0.0012      Ar 3  7135A  -2.239   0.0130            
 PAHC 14.10m  -1.364   0.0974      He 1 2.217m  -3.041   0.0020      Ca B 2.448m  -3.311   0.0011      Ar 3  7751A  -2.857   0.0031            
 Bcon  3640A   2.074 267.1020      He 1 2.275m  -3.036   0.0021      Ca B 12.37m  -2.392   0.0091      Ar 3 9.000m  -3.039   0.0021            
 Pcon  5000A   1.079  26.9858      He 1 2.278m  -3.204   0.0014      Ca B 7.500m  -2.544   0.0064      Ca 1  4228A  -2.039   0.0206            
 HFFc     0   -0.371   0.9580      He 1 3.206m  -3.339   0.0010      Ca B 5.907m  -2.695   0.0045      Ca 2  3933A  -0.241   1.2937            
 H FF     0   -0.402   0.8924      He 1 3.277m  -3.313   0.0011      Ca B 5.127m  -2.830   0.0033      Ca 2  8579A  -0.961   0.2462            
 HeFF     0   -1.901   0.0283      He 1 4.465m  -2.868   0.0031      Ca B 4.671m  -2.949   0.0025      Ca 2  7306A   0.014   2.3276            
 MeFB     0   -2.657   0.0050      He 1 5.831m  -3.039   0.0021      Ca B 4.375m  -3.055   0.0020      Ca2K  3934A  -0.442   0.8135            
 MeFF     0   -3.162   0.0015      He 1 7.380m  -3.191   0.0015      Ca B 4.170m  -3.149   0.0016      Ca2H  3969A  -0.671   0.4802            
 ToFF     0   -0.388   0.9223      He 1 9.111m  -3.326   0.0011      Ca B 4.020m  -3.233   0.0013      Ca2X  8498A  -2.068   0.0193            
 nFnu 122.4m  -1.982   0.0235      He 1 61.59m  -3.324   0.0011      Ca B 3.906m  -3.308   0.0011      Ca2Y  8542A  -1.136   0.1645            
 nInu 122.4m   0.390   5.5285      C  1  1101A  -2.385   0.0093      Ca B 19.06m  -2.762   0.0039      Ca2Z  8662A  -1.557   0.0624            
 nFnu 60.83m  -1.740   0.0410      N  1 853.4A  -3.204   0.0014      Ca B 11.31m  -2.889   0.0029      CaF1  7291A  -0.204   1.4075            
 nInu 60.83m   0.343   4.9570      Si 1  1521A  -3.157   0.0016      Ca B 8.758m  -3.021   0.0021      CaF2  7324A  -0.389   0.9201            
 nFnu 41.22m  -1.590   0.0579      S  1  1197A  -3.096   0.0018      Ca B 7.506m  -3.140   0.0016      Fe2c     0    0.263   4.1279            
 nInu 41.22m   0.230   3.8273      grains......................      Ca B 6.770m  -3.247   0.0013      Fe 2  4300A  -0.151   1.5901            
 nFnu 30.87m  -1.486   0.0736      H-like iso-sequence.........      Ca B 6.290m  -3.343   0.0010      Fe 2  2400A  -0.062   1.9517            
 nInu 30.87m   0.128   3.0234      Clin 912.0A  -0.792   0.3631      Ca B 27.80m  -3.088   0.0018      Fe 2  6200A  -1.946   0.0255            
 nFnu 24.78m  -1.406   0.0885      Cool  1216A  -1.005   0.2225      Ca B 16.20m  -3.195   0.0014      Fe 2 1.150m  -2.534   0.0066            
 nInu 24.78m   0.049   2.5193      Crst 960.0A  -1.201   0.1416      Ca B 12.38m  -3.310   0.0011      Fe 2 25.98m  -2.425   0.0085            
 nFnu 24.30m  -1.399   0.0899      Hrst     0   -3.309   0.0011      H  1     0   -2.154   0.0158      Fe 2 1.257m  -1.528   0.0667            
 nInu 24.30m   0.042   2.4779      Ca B  1216A   1.175  33.6948      H  1  1216A   1.187  34.6005      Fe 2 35.34m  -2.836   0.0033            
 nFnu 22.83m  -1.375   0.0949      Q(H)  4861A  -0.299   1.1307      H  1  1026A  -1.783   0.0371      Fe 2 1.321m  -2.106   0.0177            
 nInu 22.83m   0.020   2.3576      Q(H)  1216A   1.213  36.7970      H  1 972.5A  -1.869   0.0304      Fe 2 1.249m  -2.750   0.0040            
 nFnu 21.42m  -1.353   0.0999      CaBo  4861A  -0.346   1.0145      H  1 949.7A  -1.897   0.0285      Fe 2  7638A  -1.951   0.0252            
 nInu 21.42m  -0.003   2.2339      Ca A  1216A   1.058  25.7418      H  1 937.8A  -1.962   0.0246      Fe 2 1.372m  -2.330   0.0105            
 nFnu 21.12m  -1.348   0.1010      Ca A  1026A   0.339   4.9165      H  1 930.8A  -2.174   0.0151      Fe 2 1.294m  -2.082   0.0187            
 nInu 21.12m  -0.009   2.2063      Ca A 972.5A  -0.071   1.9138      H  1 926.2A  -2.294   0.0114      Fe 2  7687A  -2.132   0.0166            
 nFnu 19.62m  -1.321   0.1077      Ca A 949.7A  -0.359   0.9847      H  1 923.2A  -2.331   0.0105      Fe 2 1.328m  -2.327   0.0106            
 nInu 19.62m  -0.035   2.0791      Ca A 937.8A  -0.569   0.6075      H  1 921.0A  -2.336   0.0104      Fe 2 1.279m  -2.184   0.0147            
 nFnu 17.65m  -1.279   0.1185      Ca A 930.8A  -0.724   0.4250      H  1  6563A   0.098   2.8235      Fe 2 1.252m  -3.076   0.0019            
 nInu 17.65m  -0.078   1.8814      Ca A 926.2A  -0.837   0.3277      H  1  4861A  -0.353   1.0000      Fe 2  7665A  -2.490   0.0073            
 nFnu 17.37m  -1.274   0.1199      Ca A 923.2A  -0.919   0.2711      H  1  4340A  -0.676   0.4751      Fe 2 1.298m  -2.548   0.0064            
 nInu 17.37m  -0.084   1.8559      Ca A 921.0A  -0.984   0.2335      H  1  4102A  -0.900   0.2835      Fe 2 1.270m  -2.363   0.0098            
 nFnu 15.69m  -1.240   0.1295      Ca A 919.4A  -1.040   0.2052      H  1  3970A  -1.061   0.1957      Fe 2  7874A  -2.990   0.0023            
 nInu 15.69m  -0.123   1.6948      Ca A 918.1A  -1.092   0.1823      H  1  3889A  -1.193   0.1444      Fe 2  7733A  -3.006   0.0022            
 nFnu 14.60m  -1.211   0.1385      Ca A 917.2A  -1.141   0.1628      H  1  3835A  -1.307   0.1111      Fe 2 17.93m  -2.017   0.0217            
 nInu 14.60m  -0.151   1.5904      Ca A 916.4A  -1.188   0.1459      H  1  3798A  -1.389   0.0920      Fe 2 1.644m  -1.601   0.0564            
 nFnu 12.43m  -1.149   0.1598      Ca A 915.8A  -1.234   0.1314      H  1 1.875m  -0.849   0.3191      Fe 2 1.533m  -2.027   0.0212            
 nInu 12.43m  -0.216   1.3691      Ca A 915.3A  -1.277   0.1189      H  1 1.282m  -1.145   0.1612      Fe 2  8617A  -1.372   0.0956            
 nFnu 11.40m  -1.122   0.1701      Ca A 914.9A  -1.317   0.1084      H  1 1.094m  -1.378   0.0944      Fe 2 24.51m  -2.484   0.0074            
 nInu 11.40m  -0.250   1.2674      Ca A 914.6A  -1.355   0.0994      H  1 1.005m  -1.556   0.0626      Fe 2 1.809m  -2.304   0.0112            
 nFnu 10.46m  -1.084   0.1855      Ca A 914.3A  -1.392   0.0914      H  1  9546A  -1.700   0.0449      Fe 2 1.677m  -2.166   0.0154            
 nInu 10.46m  -0.283   1.1732      Ca A 914.0A  -1.427   0.0842      H  1  9229A  -1.819   0.0342      Fe 2 1.599m  -2.123   0.0170            
 nFnu 9.480m  -1.053   0.1993      Ca A 913.8A  -1.463   0.0776      H  1  9015A  -1.903   0.0282      Fe 2  9052A  -2.030   0.0210            
 nInu 9.480m  -0.323   1.0715      Ca A 913.6A  -1.498   0.0715      H  1 4.051m  -1.500   0.0713      Fe 2  8892A  -1.775   0.0378            
 nFnu 9.325m  -1.048   0.2014      Ca A 913.5A  -1.534   0.0659      H  1 2.625m  -1.720   0.0429      Fe 2 35.77m  -3.290   0.0012            
 nInu 9.325m  -0.329   1.0569      Ca A 913.3A  -1.569   0.0608      H  1 2.166m  -1.910   0.0277      Fe 2 1.800m  -2.338   0.0103            
 nFnu 8.210m  -0.994   0.2281      Ca A  6563A  -0.088   1.8396      H  1 1.945m  -2.063   0.0195      Fe 2 1.711m  -2.704   0.0044            
 nInu 8.210m  -0.380   0.9385      Ca A  4861A  -0.528   0.6677      H  1 1.817m  -2.186   0.0147      Fe 2 1.664m  -2.404   0.0089            
 nFnu 7.580m  -0.971   0.2409      Ca A  4340A  -0.851   0.3172      H  1 1.736m  -2.271   0.0121      Fe 2  9399A  -2.807   0.0035            
 nInu 7.580m  -0.412   0.8719      Ca A  4102A  -1.103   0.1778      H  1 7.458m  -2.029   0.0211      Fe 2  9227A  -2.031   0.0210            
 nFnu 7.050m  -0.930   0.2646      Ca A  3970A  -1.303   0.1121      H  1 4.653m  -2.200   0.0142      Fe 2  9033A  -2.239   0.0130            
 nInu 7.050m  -0.440   0.8174      Ca A  3889A  -1.464   0.0773      H  1 3.740m  -2.352   0.0100      Fe 2 1.797m  -2.478   0.0075            
 nFnu 4.114m  -0.717   0.4316      Ca A  3835A  -1.595   0.0572      H  1 3.296m  -2.475   0.0075      Fe 2 1.745m  -2.712   0.0044            
 nInu 4.114m  -0.544   0.6428      Ca A  3798A  -1.703   0.0446      H  1 3.038m  -2.560   0.0062      Fe 2  9471A  -2.597   0.0057            
 nFnu 2.324m  -0.560   0.6208      Ca A  3771A  -1.795   0.0361      H  1 12.37m  -2.473   0.0076      Fe 2  9268A  -2.134   0.0165            
 nInu 2.324m  -0.319   1.0805      Ca A  3750A  -1.875   0.0301      H  1 7.500m  -2.600   0.0057      Fe 2 22.90m  -3.251   0.0013            
 nFnu 1.643m  -0.429   0.8392      Ca A  3734A  -1.946   0.0255      H  1 5.907m  -2.717   0.0043      Fe 2 1.811m  -2.827   0.0034            
 nInu 1.643m  -0.086   1.8462      Ca A  3722A  -2.010   0.0220      H  1 5.127m  -2.800   0.0036      Fe 2 1.748m  -3.017   0.0022            
 nFnu 1.480m  -0.438   0.8222      Ca A  3712A  -2.068   0.0193      H  1 19.06m  -2.842   0.0032      Fe 2 1.813m  -3.261   0.0012            
 nInu 1.480m  -0.042   2.0438      Ca A  3704A  -2.119   0.0171      H  1 11.31m  -2.932   0.0026      Fe2b  7000A  -1.642   0.0514            
 nFnu 1.436m  -0.185   1.4714      Ca A  3697A  -2.166   0.0154      H  1 8.758m  -3.007   0.0022      Fe2b 10000A  -0.618   0.5424            
 nInu 1.436m   0.085   2.7365      Ca A  3692A  -2.208   0.0140      H  1 27.80m  -3.147   0.0016      Fe2b  7445A  -1.642   0.0514            
 nFnu 1.119m  -0.229   1.3296      Ca A  3687A  -2.247   0.0128      H  1 16.20m  -3.195   0.0014      Fe2b  8625A  -1.029   0.2107            
 nInu 1.119m   0.234   3.8587      Ca A  3683A  -2.285   0.0117      He-like iso-sequence........      Fe2b 1.033m  -2.597   0.0057            
 nFnu  8330A  -0.337   1.0363      Ca A  3679A  -2.321   0.0107      Clin 506.0A  -0.859   0.3118      Fe2b 1.889m  -1.688   0.0462            
 nInu  8330A   0.419   5.9063      Ca A  3676A  -2.358   0.0099      Ca B  2945A  -2.492   0.0072      Fe 2  1786A  -2.098   0.0180            
 nFnu  8079A   0.210   3.6552      Ca A  3674A  -2.394   0.0091      Ca B  3188A  -2.167   0.0153      Fe3c     0   -2.096   0.0181            
 nInu  8079A   0.574   8.4489      Ca A  3671A  -2.430   0.0084      Ca B  3614A  -3.066   0.0019      Fe 3  5271A  -2.822   0.0034            
 nFnu  6210A   0.026   2.3893      Ca A 1.875m  -0.893   0.2882      Ca B  3889A  -1.744   0.0406      Fe 3  5012A  -3.103   0.0018            
 nInu  6210A   0.751  12.6829      Ca A 1.282m  -1.205   0.1405      Ca B  3965A  -2.757   0.0039      Fe 3  4659A  -2.654   0.0050            
 nFnu  4885A  -0.223   1.3490      Ca A 1.094m  -1.462   0.0777      Ca B  4026A  -2.427   0.0084      Fe 3  4702A  -2.959   0.0025            
 nInu  4885A   0.958  20.4496      Ca A 1.005m  -1.675   0.0476      Ca B  4388A  -2.997   0.0023      recombination...............            
 nFnu  3704A  -0.585   0.5854      Ca A  9546A  -1.853   0.0316      Ca B  4471A  -2.096   0.0181      O  1  1357A  -2.589   0.0058            
 nInu  3704A   1.192  35.0077      Ca A  9229A  -2.005   0.0223      Ca B  4713A  -3.121   0.0017      C  1  1140A  -2.190   0.0145            
 nFnu  3588A   0.917  18.5805      Ca A  9015A  -2.133   0.0166      Ca B  4922A  -2.659   0.0049      C  2 799.8A  -2.753   0.0040            
 nInu  3588A   1.356  51.0989      Ca A  8863A  -2.243   0.0129      Ca B  5016A  -2.348   0.0101      N  1 980.7A  -2.852   0.0032            
 nFnu  2430A   0.041   2.4774      Ca A  8750A  -2.338   0.0103      Ca B  5876A  -1.627   0.0532      O  1  7950A  -3.061   0.0020            
 nInu  2430A   1.601  89.9372      Ca A  8665A  -2.422   0.0085      Ca B  6678A  -2.176   0.0150      level2 lines................            
 nFnu  2392A   0.003   2.2650      Ca A  8598A  -2.496   0.0072      Ca B  7065A  -2.286   0.0117      C  1 943.9A  -2.291   0.0115            
 nInu  2392A   1.612  92.1487      Ca A  8545A  -2.562   0.0062      Ca B  7281A  -2.919   0.0027      C  1  1248A  -2.529   0.0067            
 nFnu  2071A  -0.334   1.0441      Ca A  8502A  -2.619   0.0054      Ca B 1.083m  -0.669   0.4823      C  1  1561A  -2.747   0.0040            
 nInu  2071A   1.728 120.4027      Ca A  8467A  -2.669   0.0048      Ca B 1.278m  -2.883   0.0029      C  1  1315A  -2.646   0.0051            
 nFnu  2053A  -0.352   1.0015      Ca A  8438A  -2.714   0.0044      Ca B 1.700m  -3.246   0.0013      C  1  1166A  -2.736   0.0041            
 nInu  2053A   1.729 120.6460      Ca A  8413A  -2.755   0.0040      Ca B 1.869m  -2.505   0.0070      C  1  1233A  -2.883   0.0029            
 nFnu  1793A  -0.487   0.7344      Ca A  8392A  -2.794   0.0036      Ca B 1.870m  -2.981   0.0024      C  1  1132A  -2.896   0.0029            
 nInu  1793A   1.833 153.1679      Ca A  8374A  -2.832   0.0033      Ca B 2.058m  -2.008   0.0221      C  1  1251A  -2.913   0.0027            
 nFnu  1585A  -0.456   0.7883      Ca A  8359A  -2.869   0.0030      He 1     0   -0.091   1.8265      C  1  1112A  -3.059   0.0020            
 nInu  1585A   1.858 162.4746      Ca A  8346A  -2.905   0.0028      He 1 584.3A  -1.469   0.0765      C  1  1115A  -3.102   0.0018            
 nFnu  1458A  -0.389   0.9204      Ca A  8334A  -2.942   0.0026      He 1 537.0A  -2.808   0.0035      C  1  1162A  -3.147   0.0016            
 nInu  1458A   1.959 205.1257      Ca A 4.051m  -1.508   0.0698      He 1 522.2A  -2.593   0.0057      C  1  1167A  -3.219   0.0014            
 nFnu  1357A  -0.334   1.0440      Ca A 2.625m  -1.746   0.0404      He 1 515.6A  -2.600   0.0057      C  1  1104A  -3.191   0.0014            
 nInu  1357A   2.028 239.9657      Ca A 2.166m  -1.960   0.0247      He 1 512.1A  -2.637   0.0052      C  1  1109A  -3.224   0.0013            
 nFnu  1297A  -0.296   1.1393      Ca A 1.945m  -2.145   0.0161      He 1 625.6A  -2.776   0.0038      C  1  1098A  -3.348   0.0010            
 nInu  1297A   2.035 244.3334      Ca A 1.817m  -2.306   0.0111      TOTL 1.083m  -0.709   0.4401      C  2 892.8A  -2.612   0.0055            
 nFnu  1263A  -0.267   1.2177      Ca A 1.736m  -2.446   0.0081      He 1 1.083m  -0.709   0.4401      C  2 688.8A  -2.829   0.0033            
 nInu  1263A   2.023 237.4891      Ca A 1.681m  -2.567   0.0061      He 1 1.083m  -1.663   0.0489      C  2  1020A  -2.179   0.0149            
 nFnu  1218A   0.826  15.0973      Ca A 1.641m  -2.672   0.0048      He 1 1.083m  -1.186   0.1467      C  2 596.6A  -2.809   0.0035            
 nInu  1218A   2.037 244.9585      Ca A 1.611m  -2.764   0.0039      He 1 1.083m  -0.964   0.2445      C  2 562.0A  -2.972   0.0024            
 nFnu  1196A  -0.179   1.4924      Ca A 1.588m  -2.844   0.0032      He 1  3889A  -1.785   0.0370      N  1 942.3A  -2.322   0.0107            
 nInu  1196A   2.042 248.3446      Ca A 1.570m  -2.915   0.0027      He 1  3188A  -2.209   0.0139      N  1 952.1A  -2.435   0.0083            
 nFnu  1175A  -0.204   1.4076      Ca A 1.556m  -2.975   0.0024      He 1  2945A  -2.536   0.0066      N  1  1131A  -2.583   0.0059            
 nInu  1175A   2.019 235.3521      Ca A 1.544m  -3.028   0.0021      He 1  2829A  -2.795   0.0036      N  2 634.4A  -3.302   0.0011            
 nFnu  1144A  -0.186   1.4659      Ca A 1.534m  -3.075   0.0019      He 1 2.058m  -2.397   0.0090      N  2 907.1A  -2.998   0.0023            
 nInu  1144A   2.120 297.1025      Ca A 1.526m  -3.118   0.0017      He 1  5016A  -2.411   0.0087      O  1 867.3A  -2.940   0.0026            
 nFnu  1113A  -0.169   1.5271      Ca A 1.519m  -3.158   0.0016      He 1  3965A  -2.784   0.0037      O  1 976.8A  -2.326   0.0106            
 nInu  1113A   2.036 244.7197      Ca A 1.513m  -3.197   0.0014      He 1  3614A  -3.059   0.0020      O  1 969.0A  -2.363   0.0098            
 nFnu  1103A  -0.120   1.7088      Ca A 1.508m  -3.234   0.0013      He 1  3448A  -3.265   0.0012      O  1 946.4A  -2.350   0.0101            
 nInu  1103A   2.132 305.3195      Ca A 1.504m  -3.271   0.0012      He 1  7065A  -2.323   0.0107      O  1 934.5A  -2.372   0.0096            
 nFnu  1074A  -0.116   1.7244      Ca A 1.500m  -3.307   0.0011      He 1  5876A  -1.642   0.0513      O  1 973.6A  -2.523   0.0068            
 nInu  1074A   2.117 294.9917      Ca A 7.458m  -2.013   0.0219      He 1  4713A  -3.169   0.0015      O  1 927.5A  -2.552   0.0063            
 nFnu  1064A  -0.113   1.7368      Ca A 4.653m  -2.202   0.0141      He 1  4471A  -2.125   0.0169      O  1 948.5A  -2.575   0.0060            
 nInu  1064A   2.143 313.0291      Ca A 3.740m  -2.386   0.0093      He 1  4026A  -2.460   0.0078      O  1 923.0A  -2.729   0.0042            
 nFnu  1036A  -0.102   1.7790      Ca A 3.296m  -2.550   0.0063      He 1  3820A  -2.719   0.0043      O  1 919.9A  -2.816   0.0034            
 nInu  1036A   2.102 284.7870      Ca A 3.038m  -2.696   0.0045      He 1  7281A  -2.933   0.0026      O  1 935.7A  -2.689   0.0046            
 nFnu  1000A  -0.084   1.8577      Ca A 2.872m  -2.823   0.0034      He 1  6678A  -2.193   0.0145      O  1 917.7A  -2.909   0.0028            
 nInu  1000A   2.061 258.8750      Ca A 2.758m  -2.934   0.0026      He 1  4922A  -2.687   0.0046      O  1 918.7A  -2.993   0.0023            
 nFnu 925.1A  -0.035   2.0780      Ca A 2.674m  -3.031   0.0021      He 1  4388A  -3.027   0.0021      O  1 928.2A  -2.957   0.0025            
 nInu 925.1A   2.079 270.2300      Ca A 2.612m  -3.116   0.0017      He 1  4144A  -3.280   0.0012      O  1 917.5A  -3.083   0.0019            
 nFnu 897.8A   1.117  29.4834      Ca A 2.564m  -3.190   0.0015      He 1 1.700m  -3.275   0.0012      O  1 923.4A  -3.205   0.0014            
 nFnu 760.0A  -0.248   1.2733      Ca A 2.525m  -3.254   0.0013      He 1 1.869m  -2.502   0.0071      O  1 920.2A  -3.342   0.0010            
 nFnu 701.5A  -0.769   0.3835      Ca A 2.495m  -3.309   0.0011      He 1 1.278m  -2.902   0.0028      O  2 530.8A  -3.238   0.0013            
 nFnu 608.2A  -2.422   0.0085      Ca A 12.37m  -2.441   0.0082      He 1 1.091m  -3.197   0.0014      Ne 1 688.6A  -3.251   0.0013            
 nInu 608.2A  -2.082   0.0186      Ca A 7.500m  -2.599   0.0057      He 1 1.870m  -2.982   0.0023      Al 2  1671A  -2.586   0.0058            
 nFnu 575.1A  -2.473   0.0076      Ca A 5.907m  -2.759   0.0039      He 1 4.048m  -3.144   0.0016      Si 2  1180A  -2.276   0.0119            
 nInu 575.1A  -1.553   0.0630      Ca A 5.127m  -2.906   0.0028      Pho+  3889A  -0.985   0.2333      Si 2 993.4A  -2.578   0.0059            
 nInu 511.9A  -0.722   0.4269      Ca A 4.671m  -3.037   0.0021      database lines..............      Si 2  1024A  -2.802   0.0035            
 nFnu 496.9A   0.301   4.5046      Ca A 4.375m  -3.152   0.0016      level 1 lines...............      S  2 750.3A  -2.985   0.0023            
 nInu 496.9A  -1.919   0.0271      Ca A 4.170m  -3.252   0.0013      C  1  1656A  -2.225   0.0134      S  2 888.4A  -3.222   0.0013            
 nInu 399.2A  -0.860   0.3106      Ca A 4.020m  -3.340   0.0010      REC   1656A  -2.597   0.0057      Ar 1  1096A  -2.823   0.0034            
 RRC.........................      Ca A 19.06m  -2.815   0.0035      C Ic  9850A  -2.601   0.0056      Ar 1 922.5A  -3.212   0.0014            
 H  1 911.8A   0.094   2.7953      Ca A 11.31m  -2.949   0.0025      TOTL  9850A  -2.601   0.0056      Ar 1 918.5A  -3.244   0.0013            
 H  1  3646A  -0.320   1.0772      Ca A 8.758m  -3.091   0.0018      C  1  8727A  -1.470   0.0763      P  2 967.2A  -3.165   0.0015            
 H  1  3646A   0.050   2.5266      Ca A 7.506m  -3.222   0.0014      TOTL  2326A  -0.968   0.2421      P  2 963.8A  -2.903   0.0028            
 H  1  8204A  -1.070   0.1919      Ca A 6.770m  -3.339   0.0010      C  2  2325A  -2.048   0.0202      Ti 2  3366A  -1.945   0.0256            
 H  1  8204A  -0.649   0.5052      Ca A 27.80m  -3.146   0.0016      C  2  2324A  -2.371   0.0096      Ti 2  3238A  -2.213   0.0138            
 H  1  8204A  -0.714   0.4348      Ca A 16.20m  -3.263   0.0012      C  2  2329A  -2.029   0.0211      Cr 2  2060A  -2.847   0.0032            
 H  1 1.458m  -1.573   0.0602      Ca B  6563A   0.113   2.9224      C  2  2328A  -1.509   0.0697      Mn 2  2590A  -1.888   0.0292            
 H  1 1.458m  -1.145   0.1612      Ca B  4861A  -0.339   1.0325      C  2  2327A  -1.268   0.1216      Ni 2  1752A  -3.233   0.0013            
 H  1 1.458m  -1.102   0.1782      Ca B  4340A  -0.664   0.4883      C  2  1335A  -2.152   0.0159      Ni 2  1744A  -3.110   0.0017            
 H  1 1.458m  -1.404   0.0889      Ca B  4102A  -0.912   0.2757      REC   1335A  -2.945   0.0026      Ni 2  1473A  -3.335   0.0010            
 H  1 2.279m  -1.943   0.0257      Ca B  3970A  -1.109   0.1753      C  3 977.0A  -2.688   0.0046      Ni 2  1376A  -3.092   0.0018            
 H  1 2.279m  -1.515   0.0688      Ca B  3889A  -1.269   0.1212      N  1 953.9A  -2.432   0.0083      Ni 2  1324A  -3.060   0.0020            
 H  1 2.279m  -1.439   0.0820      Ca B  3835A  -1.402   0.0893      N  1 954.1A  -2.949   0.0025      hyperfine structure.........            
 H  1 2.279m  -1.593   0.0575      Ca B  3798A  -1.515   0.0688      N  1  1200A  -2.334   0.0104      inner shell.................            
 H  1 2.279m  -2.054   0.0199      Ca B  3771A  -1.614   0.0547      N  1  3466A  -2.528   0.0067      molecules...................            
 H  1 3.281m  -2.232   0.0132      Ca B  3750A  -1.703   0.0446      N  1  3468A  -3.210   0.0014      H-FB     0   -1.615   0.0547            
 H  1 3.281m  -1.806   0.0352      Ca B  3734A  -1.784   0.0370      TOTL  3467A  -2.446   0.0081      H-FF     0   -1.799   0.0358            
 H  1 3.281m  -1.717   0.0433      Ca B  3722A  -1.858   0.0312      N  1 1.040m  -2.030   0.0210      H-CT  6563A  -1.428   0.0841            
 H  1 3.281m  -1.816   0.0344      Ca B  3712A  -1.926   0.0267      N  1 1.040m  -2.566   0.0061      H2+      0   -1.923   0.0269            
 H  1 3.281m  -2.103   0.0178      Ca B  3704A  -1.988   0.0232      N  1 1.041m  -2.379   0.0094      HEH+     0   -3.328   0.0011            
 H  1 3.281m  -2.675   0.0048      Ca B  3697A  -2.045   0.0203      N  1 1.041m  -2.382   0.0093            

                                                    Emergent line intensities
 general properties..........      Q(H)  4861A  -0.299   1.1307      Ca B 3.296m  -2.478   0.0075      TOTL  2798A   0.080   2.7075            
 TOTL  4861A  -0.353   1.0000      Q(H)  1216A   1.213  36.7985      Ca B 3.038m  -2.611   0.0055      Mg 2  2796A  -0.099   1.7946            
 TOTL  1216A   1.186  34.5992      Ca A  1216A   1.058  25.7393      Ca B 2.872m  -2.727   0.0042      Mg 2  2803A  -0.392   0.9128            
 continua....................      Ca A  1026A   0.337   4.8948      Ca B 2.758m  -2.830   0.0033      totl  2665A  -1.623   0.0537            
 Bac   3646A   0.928  19.0883      Ca A 972.5A  -0.073   1.9053      Ca B 2.674m  -2.921   0.0027      Al 2  2670A  -1.624   0.0535            
 nFnu  3645A   0.943  19.7606      Ca A 949.7A  -0.361   0.9804      Ca B 2.612m  -3.004   0.0022      Si 2 34.81m  -2.901   0.0028            
 nFnu  3647A  -0.525   0.6723      Ca A 937.8A  -0.571   0.6049      Ca B 2.564m  -3.077   0.0019      TOTL  2335A  -1.494   0.0722            
 cout  3646A   0.627   9.5442      Ca A 930.8A  -0.726   0.4231      Ca B 2.525m  -3.144   0.0016      Si 2  2334A  -2.503   0.0071            
 cref  3646A   0.627   9.5442      Ca A 926.2A  -0.839   0.3263      Ca B 2.495m  -3.204   0.0014      Si 2  2350A  -2.615   0.0055            
 thin  3646A   0.928  19.0885      Ca A 923.2A  -0.921   0.2700      Ca B 2.469m  -3.260   0.0012      Si 2  2344A  -1.970   0.0241            
 Inci  4860A   0.957  20.3877      Ca A 921.0A  -0.986   0.2325      Ca B 2.448m  -3.311   0.0011      Si 2  2336A  -1.806   0.0352            
 Inci  1215A   2.038 245.9445      Ca A 919.4A  -1.042   0.2043      Ca B 12.37m  -2.392   0.0091      Si 2  1814A  -2.065   0.0194            
 FIR  83.00m   0.565   8.2652      Ca A 918.1A  -1.094   0.1815      Ca B 7.500m  -2.544   0.0064      Si 2  1531A  -2.592   0.0058            
 TIR   1800m  -1.671   0.0480      Ca A 917.2A  -1.143   0.1621      Ca B 5.907m  -2.695   0.0045      Si 2  1308A  -2.584   0.0059            
 NIRa 2.850m   0.872  16.7906      Ca A 916.4A  -1.190   0.1453      Ca B 5.127m  -2.830   0.0033      Si 2  1263A  -2.298   0.0113            
 NIRb 3.000m   0.426   6.0082      Ca A 915.8A  -1.236   0.1308      Ca B 4.671m  -2.949   0.0025      P  2 1.640m  -2.778   0.0038            
 MIRa 15.00m   0.083   2.7279      Ca A 915.3A  -1.279   0.1184      Ca B 4.375m  -3.055   0.0020      P  2  4669A  -3.268   0.0012            
 MIRb 22.50m   0.275   4.2454      Ca A 914.9A  -1.319   0.1080      Ca B 4.170m  -3.149   0.0016      P  2 1.189m  -2.851   0.0032            
 NMIR 21.75m   0.872  16.7906      Ca A 914.6A  -1.357   0.0990      Ca B 4.020m  -3.233   0.0013      P  2 1.147m  -3.328   0.0011            
 TFIR 611.2m   0.053   2.5453      Ca A 914.3A  -1.393   0.0910      Ca B 3.906m  -3.308   0.0011      S  2  6720A  -2.321   0.0108            
 TALL 10000A   2.149 317.6332      Ca A 914.0A  -1.429   0.0838      Ca B 19.06m  -2.762   0.0039      S  2  4074A  -0.893   0.2884            
 F12  12.00m  -0.384   0.9296      Ca A 913.8A  -1.465   0.0772      Ca B 11.31m  -2.889   0.0029      S  2 1.033m  -1.081   0.1867            
 F25  25.00m  -0.276   1.1935      Ca A 913.6A  -1.500   0.0712      Ca B 8.758m  -3.021   0.0021      S II  6731A  -2.479   0.0075            
 F60  60.00m   0.166   3.3039      Ca A 913.5A  -1.535   0.0656      Ca B 7.506m  -3.140   0.0016      S II  6716A  -2.837   0.0033            
 F100 100.0m  -0.024   2.1329      Ca A 913.3A  -1.571   0.0605      Ca B 6.770m  -3.247   0.0013      S II  4070A  -0.981   0.2351            
 MIPS 24.00m  -0.584   0.5867      Ca A  6563A  -0.088   1.8396      Ca B 6.290m  -3.343   0.0010      S II  4078A  -1.625   0.0534            
 MIPS 70.00m  -0.191   1.4498      Ca A  4861A  -0.528   0.6677      Ca B 27.80m  -3.088   0.0018      S II 1.032m  -1.473   0.0759            
 MIPS 160.0m  -0.419   0.8587      Ca A  4340A  -0.851   0.3172      Ca B 16.20m  -3.195   0.0014      S II 1.029m  -1.608   0.0556            
 IRAC 3.600m  -0.898   0.2850      Ca A  4102A  -1.103   0.1778      Ca B 12.38m  -3.310   0.0011      S II 1.037m  -2.085   0.0185            
 IRAC 4.500m  -0.840   0.3258      Ca A  3970A  -1.303   0.1121      H  1  1216A   1.186  34.5992      S II 1.034m  -1.788   0.0367            
 IRAC 5.800m  -0.941   0.2582      Ca A  3889A  -1.464   0.0773      H  1  1026A  -1.783   0.0371      S  2  1256A  -2.888   0.0029            
 IRAC 8.000m  -0.663   0.4896      Ca A  3835A  -1.595   0.0572      H  1 972.5A  -1.869   0.0304      S  3  9532A  -2.350   0.0101            
 SPR1 250.0m  -0.837   0.3275      Ca A  3798A  -1.703   0.0446      H  1 949.7A  -1.897   0.0285      S  3  9069A  -2.744   0.0041            
 SPR2 350.0m  -1.267   0.1217      Ca A  3771A  -1.795   0.0361      H  1 937.8A  -1.962   0.0246      S  3  6312A  -3.229   0.0013            
 SPR3 500.0m  -1.642   0.0514      Ca A  3750A  -1.875   0.0301      H  1 930.8A  -2.174   0.0151      Cl 2 14.40m  -3.334   0.0010            
 PAC1 70.00m  -0.129   1.6723      Ca A  3734A  -1.946   0.0255      H  1 926.2A  -2.295   0.0114      Cl 2  8579A  -2.028   0.0211            
 PAC2 100.0m  -0.019   2.1574      Ca A  3722A  -2.010   0.0220      H  1 923.2A  -2.332   0.0105      Cl 2  9124A  -2.606   0.0056            
 PAC3 160.0m  -0.162   1.5523      Ca A  3712A  -2.068   0.0193      H  1 921.0A  -2.336   0.0104      Ar 2 6.980m  -1.744   0.0406            
 PAH  3.300m  -1.687   0.0463      Ca A  3704A  -2.120   0.0171      H  1  6563A   0.098   2.8234      Ar 3  7135A  -2.239   0.0130            
 PAHC 3.230m  -2.015   0.0218      Ca A  3697A  -2.166   0.0154      H  1  4861A  -0.353   1.0000      Ar 3  7751A  -2.857   0.0031            
 PAHC 3.370m  -2.103   0.0178      Ca A  3692A  -2.208   0.0140      H  1  4340A  -0.676   0.4751      Ar 3 9.000m  -3.039   0.0021            
 PAH  6.200m  -1.406   0.0884      Ca A  3687A  -2.247   0.0128      H  1  4102A  -0.900   0.2835      Ca 1  4228A  -2.039   0.0206            
 PAHC 5.650m  -1.401   0.0894      Ca A  3683A  -2.285   0.0117      H  1  3970A  -1.061   0.1957      Ca 2  3933A  -0.241   1.2938            
 PAH  7.900m  -1.107   0.1761      Ca A  3679A  -2.321   0.0107      H  1  3889A  -1.193   0.1444      Ca 2  8579A  -0.961   0.2462            
 PAHC 6.900m  -1.053   0.1992      Ca A  3676A  -2.358   0.0099      H  1  3835A  -1.307   0.1111      Ca 2  7306A   0.014   2.3277            
 PAH  11.30m  -1.623   0.0537      Ca A  3674A  -2.394   0.0091      H  1  3798A  -1.389   0.0920      Ca2K  3934A  -0.442   0.8135            
 PAHC 10.90m  -1.638   0.0518      Ca A  3671A  -2.430   0.0084      H  1 1.875m  -0.849   0.3192      Ca2H  3969A  -0.671   0.4802            
 PAH  11.80m  -1.411   0.0874      Ca A 1.875m  -0.893   0.2882      H  1 1.282m  -1.145   0.1612      Ca2X  8498A  -2.068   0.0193            
 PAHC 12.65m  -1.099   0.1792      Ca A 1.282m  -1.205   0.1405      H  1 1.094m  -1.378   0.0944      Ca2Y  8542A  -1.136   0.1645            
 PAH  13.30m  -1.365   0.0971      Ca A 1.094m  -1.462   0.0777      H  1 1.005m  -1.556   0.0626      Ca2Z  8662A  -1.557   0.0624            
 PAHC 14.10m  -1.364   0.0974      Ca A 1.005m  -1.675   0.0476      H  1  9546A  -1.700   0.0449      CaF1  7291A  -0.204   1.4075            
 Bcon  3640A   2.074 267.1046      Ca A  9546A  -1.853   0.0316      H  1  9229A  -1.819   0.0342      CaF2  7324A  -0.389   0.9201            
 Pcon  5000A   1.079  26.9857      Ca A  9229A  -2.005   0.0223      H  1  9015A  -1.903   0.0282      Fe 2  4300A  -0.151   1.5902            
 nFnu 122.4m  -1.982   0.0235      Ca A  9015A  -2.133   0.0166      H  1 4.051m  -1.500   0.0713      Fe 2  2400A  -0.062   1.9517            
 nInu 122.4m   0.390   5.5287      Ca A  8863A  -2.243   0.0129      H  1 2.625m  -1.720   0.0429      Fe 2  6200A  -1.946   0.0255            
 nFnu 60.83m  -1.740   0.0410      Ca A  8750A  -2.338   0.0103      H  1 2.166m  -1.910   0.0277      Fe 2 1.150m  -2.534   0.0066            
 nInu 60.83m   0.343   4.9572      Ca A  8665A  -2.422   0.0085      H  1 1.945m  -2.063   0.0195      Fe 2 25.98m  -2.425   0.0085            
 nFnu 41.22m  -1.590   0.0579      Ca A  8598A  -2.496   0.0072      H  1 1.817m  -2.186   0.0147      Fe 2 1.257m  -1.528   0.0667            
 nInu 41.22m   0.230   3.8275      Ca A  8545A  -2.562   0.0062      H  1 1.736m  -2.271   0.0121      Fe 2 35.34m  -2.836   0.0033            
 nFnu 30.87m  -1.486   0.0736      Ca A  8502A  -2.619   0.0054      H  1 7.458m  -2.029   0.0211      Fe 2 1.321m  -2.106   0.0177            
 nInu 30.87m   0.128   3.0236      Ca A  8467A  -2.669   0.0048      H  1 4.653m  -2.200   0.0142      Fe 2 1.249m  -2.750   0.0040            
 nFnu 24.78m  -1.406   0.0885      Ca A  8438A  -2.714   0.0044      H  1 3.740m  -2.352   0.0100      Fe 2  7638A  -1.951   0.0252            
 nInu 24.78m   0.049   2.5194      Ca A  8413A  -2.755   0.0040      H  1 3.296m  -2.475   0.0075      Fe 2 1.372m  -2.330   0.0105            
 nFnu 24.30m  -1.399   0.0899      Ca A  8392A  -2.794   0.0036      H  1 3.038m  -2.560   0.0062      Fe 2 1.294m  -2.082   0.0187            
 nInu 24.30m   0.042   2.4780      Ca A  8374A  -2.832   0.0033      H  1 12.37m  -2.473   0.0076      Fe 2  7687A  -2.132   0.0166            
 nFnu 22.83m  -1.375   0.0949      Ca A  8359A  -2.869   0.0030      H  1 7.500m  -2.600   0.0057      Fe 2 1.328m  -2.327   0.0106            
 nInu 22.83m   0.020   2.3577      Ca A  8346A  -2.905   0.0028      H  1 5.907m  -2.717   0.0043      Fe 2 1.279m  -2.184   0.0147            
 nFnu 21.42m  -1.353   0.0999      Ca A  8334A  -2.942   0.0026      H  1 5.127m  -2.800   0.0036      Fe 2 1.252m  -3.076   0.0019            
 nInu 21.42m  -0.003   2.2340      Ca A 4.051m  -1.508   0.0699      H  1 19.06m  -2.842   0.0032      Fe 2  7665A  -2.490   0.0073            
 nFnu 21.12m  -1.348   0.1010      Ca A 2.625m  -1.746   0.0404      H  1 11.31m  -2.932   0.0026      Fe 2 1.298m  -2.548   0.0064            
 nInu 21.12m  -0.009   2.2064      Ca A 2.166m  -1.960   0.0247      H  1 8.758m  -3.007   0.0022      Fe 2 1.270m  -2.363   0.0098            
 nFnu 19.62m  -1.321   0.1077      Ca A 1.945m  -2.145   0.0161      H  1 27.80m  -3.147   0.0016      Fe 2  7874A  -2.990   0.0023            
 nInu 19.62m  -0.035   2.0791      Ca A 1.817m  -2.306   0.0111      H  1 16.20m  -3.195   0.0014      Fe 2  7733A  -3.006   0.0022            
 nFnu 17.65m  -1.279   0.1185      Ca A 1.736m  -2.446   0.0081      He-like iso-sequence........      Fe 2 17.93m  -2.017   0.0217            
 nInu 17.65m  -0.078   1.8815      Ca A 1.681m  -2.567   0.0061      Clin 506.0A  -0.859   0.3118      Fe 2 1.644m  -1.601   0.0564            
 nFnu 17.37m  -1.274   0.1199      Ca A 1.641m  -2.672   0.0048      Ca B  2945A  -2.492   0.0072      Fe 2 1.533m  -2.027   0.0212            
 nInu 17.37m  -0.084   1.8560      Ca A 1.611m  -2.764   0.0039      Ca B  3188A  -2.167   0.0153      Fe 2  8617A  -1.372   0.0956            
 nFnu 15.69m  -1.240   0.1295      Ca A 1.588m  -2.844   0.0032      Ca B  3614A  -3.066   0.0019      Fe 2 24.51m  -2.484   0.0074            
 nInu 15.69m  -0.123   1.6949      Ca A 1.570m  -2.915   0.0027      Ca B  3889A  -1.744   0.0406      Fe 2 1.809m  -2.304   0.0112            
 nFnu 14.60m  -1.211   0.1385      Ca A 1.556m  -2.975   0.0024      Ca B  3965A  -2.757   0.0039      Fe 2 1.677m  -2.166   0.0154            
 nInu 14.60m  -0.151   1.5905      Ca A 1.544m  -3.028   0.0021      Ca B  4026A  -2.427   0.0084      Fe 2 1.599m  -2.123   0.0170            
 nFnu 12.43m  -1.149   0.1598      Ca A 1.534m  -3.075   0.0019      Ca B  4388A  -2.997   0.0023      Fe 2  9052A  -2.031   0.0210            
 nInu 12.43m  -0.216   1.3691      Ca A 1.526m  -3.118   0.0017      Ca B  4471A  -2.096   0.0181      Fe 2  8892A  -1.775   0.0378            
 nFnu 11.40m  -1.122   0.1701      Ca A 1.519m  -3.158   0.0016      Ca B  4713A  -3.121   0.0017      Fe 2 35.77m  -3.290   0.0012            
 nInu 11.40m  -0.250   1.2674      Ca A 1.513m  -3.197   0.0014      Ca B  4922A  -2.659   0.0049      Fe 2 1.800m  -2.338   0.0103            
 nFnu 10.46m  -1.084   0.1855      Ca A 1.508m  -3.234   0.0013      Ca B  5016A  -2.348   0.0101      Fe 2 1.711m  -2.704   0.0044            
 nInu 10.46m  -0.283   1.1733      Ca A 1.504m  -3.271   0.0012      Ca B  5876A  -1.627   0.0532      Fe 2 1.664m  -2.404   0.0089            
 nFnu 9.480m  -1.053   0.1993      Ca A 1.500m  -3.307   0.0011      Ca B  6678A  -2.176   0.0150      Fe 2  9399A  -2.807   0.0035            
 nInu 9.480m  -0.323   1.0715      Ca A 7.458m  -2.013   0.0219      Ca B  7065A  -2.286   0.0117      Fe 2  9227A  -2.031   0.0210            
 nFnu 9.325m  -1.048   0.2014      Ca A 4.653m  -2.202   0.0141      Ca B  7281A  -2.919   0.0027      Fe 2  9033A  -2.239   0.0130            
 nInu 9.325m  -0.329   1.0570      Ca A 3.740m  -2.386   0.0093      Ca B 1.083m  -0.669   0.4823      Fe 2 1.797m  -2.478   0.0075            
 nFnu 8.210m  -0.994   0.2282      Ca A 3.296m  -2.550   0.0063      Ca B 1.278m  -2.883   0.0029      Fe 2 1.745m  -2.712   0.0044            
 nInu 8.210m  -0.380   0.9385      Ca A 3.038m  -2.696   0.0045      Ca B 1.700m  -3.246   0.0013      Fe 2  9471A  -2.597   0.0057            
 nFnu 7.580m  -0.971   0.2409      Ca A 2.872m  -2.823   0.0034      Ca B 1.869m  -2.505   0.0070      Fe 2  9268A  -2.134   0.0165            
 nInu 7.580m  -0.412   0.8719      Ca A 2.758m  -2.934   0.0026      Ca B 1.870m  -2.981   0.0024      Fe 2 22.90m  -3.251   0.0013            
 nFnu 7.050m  -0.930   0.2646      Ca A 2.674m  -3.031   0.0021      Ca B 2.058m  -2.008   0.0221      Fe 2 1.811m  -2.827   0.0034            
 nInu 7.050m  -0.440   0.8174      Ca A 2.612m  -3.116   0.0017      He 1 584.3A  -1.665   0.0487      Fe 2 1.748m  -3.017   0.0022            
 nFnu 4.114m  -0.717   0.4316      Ca A 2.564m  -3.190   0.0015      He 1 537.0A  -2.878   0.0030      Fe 2 1.813m  -3.261   0.0012            
 nInu 4.114m  -0.544   0.6429      Ca A 2.525m  -3.254   0.0013      He 1 522.2A  -2.636   0.0052      Fe2b  7000A  -1.642   0.0514            
 nFnu 2.324m  -0.560   0.6208      Ca A 2.495m  -3.309   0.0011      He 1 515.6A  -2.649   0.0051      Fe2b 10000A  -0.618   0.5425            
 nInu 2.324m  -0.319   1.0805      Ca A 12.37m  -2.441   0.0082      He 1 512.1A  -2.695   0.0045      Fe2b  7445A  -1.642   0.0514            
 nFnu 1.643m  -0.429   0.8392      Ca A 7.500m  -2.599   0.0057      TOTL 1.083m  -0.709   0.4401      Fe2b  8625A  -1.029   0.2107            
 nInu 1.643m  -0.086   1.8463      Ca A 5.907m  -2.759   0.0039      He 1 1.083m  -0.709   0.4401      Fe2b 1.033m  -2.597   0.0057            
 nFnu 1.480m  -0.438   0.8222      Ca A 5.127m  -2.906   0.0028      He 1 1.083m  -1.663   0.0489      Fe2b 1.889m  -1.688   0.0462            
 nInu 1.480m  -0.042   2.0439      Ca A 4.671m  -3.037   0.0021      He 1 1.083m  -1.186   0.1467      Fe 2  1786A  -2.098   0.0180            
 nFnu 1.436m  -0.185   1.4715      Ca A 4.375m  -3.152   0.0016      He 1 1.083m  -0.964   0.2445      Fe 3  5271A  -2.822   0.0034            
 nInu 1.436m   0.085   2.7366      Ca A 4.170m  -3.252   0.0013      He 1  3889A  -1.785   0.0370      Fe 3  5012A  -3.103   0.0018            
 nFnu 1.119m  -0.229   1.3297      Ca A 4.020m  -3.340   0.0010      He 1  3188A  -2.209   0.0139      Fe 3  4659A  -2.654   0.0050            
 nInu 1.119m   0.234   3.8589      Ca A 19.06m  -2.815   0.0035      He 1  2945A  -2.536   0.0066      Fe 3  4702A  -2.959   0.0025            
 nFnu  8330A  -0.337   1.0363      Ca A 11.31m  -2.949   0.0025      He 1  2829A  -2.795   0.0036      recombination...............            
 nInu  8330A   0.419   5.9066      Ca A 8.758m  -3.091   0.0018      He 1 2.058m  -2.397   0.0090      O  1  1357A  -2.589   0.0058            
 nFnu  8079A   0.210   3.6553      Ca A 7.506m  -3.222   0.0014      He 1  5016A  -2.411   0.0087      C  1  1140A  -2.191   0.0145            
 nInu  8079A   0.574   8.4492      Ca A 6.770m  -3.339   0.0010      He 1  3965A  -2.784   0.0037      N  1 980.7A  -2.854   0.0032            
 nFnu  6210A   0.026   2.3894      Ca A 27.80m  -3.146   0.0016      He 1  3614A  -3.059   0.0020      O  1  7950A  -3.061   0.0020            
 nInu  6210A   0.751  12.6834      Ca A 16.20m  -3.263   0.0012      He 1  3448A  -3.265   0.0012      level2 lines................            
 nFnu  4885A  -0.223   1.3490      Ca B  6563A   0.113   2.9224      He 1  7065A  -2.323   0.0107      C  1 943.9A  -2.292   0.0115            
 nInu  4885A   0.958  20.4504      Ca B  4861A  -0.339   1.0325      He 1  5876A  -1.642   0.0513      C  1  1248A  -2.529   0.0067            
 nFnu  3704A  -0.585   0.5854      Ca B  4340A  -0.664   0.4883      He 1  4713A  -3.169   0.0015      C  1  1561A  -2.747   0.0040            
 nInu  3704A   1.192  35.0090      Ca B  4102A  -0.912   0.2757      He 1  4471A  -2.125   0.0169      C  1  1315A  -2.646   0.0051            
 nFnu  3588A   0.917  18.5813      Ca B  3970A  -1.109   0.1753      He 1  4026A  -2.460   0.0078      C  1  1166A  -2.736   0.0041            
 nInu  3588A   1.356  51.1009      Ca B  3889A  -1.269   0.1212      He 1  3820A  -2.719   0.0043      C  1  1233A  -2.883   0.0029            
 nFnu  2430A   0.041   2.4775      Ca B  3835A  -1.402   0.0893      He 1  7281A  -2.933   0.0026      C  1  1132A  -2.896   0.0029            
 nInu  2430A   1.601  89.9408      Ca B  3798A  -1.515   0.0688      He 1  6678A  -2.193   0.0145      C  1  1251A  -2.914   0.0027            
 nFnu  2392A   0.003   2.2651      Ca B  3771A  -1.614   0.0547      He 1  4922A  -2.687   0.0046      C  1  1112A  -3.059   0.0020            
 nInu  2392A   1.612  92.1523      Ca B  3750A  -1.703   0.0446      He 1  4388A  -3.027   0.0021      C  1  1115A  -3.102   0.0018            
 nFnu  2071A  -0.334   1.0441      Ca B  3734A  -1.784   0.0370      He 1  4144A  -3.280   0.0012      C  1  1162A  -3.147   0.0016            
 nInu  2071A   1.728 120.4074      Ca B  3722A  -1.858   0.0312      He 1 1.700m  -3.275   0.0012      C  1  1167A  -3.219   0.0014            
 nFnu  2053A  -0.352   1.0015      Ca B  3712A  -1.926   0.0267      He 1 1.869m  -2.502   0.0071      C  1  1104A  -3.193   0.0014            
 nInu  2053A   1.729 120.6508      Ca B  3704A  -1.988   0.0232      He 1 1.278m  -2.902   0.0028      C  1  1109A  -3.224   0.0013            
 nFnu  1793A  -0.487   0.7344      Ca B  3697A  -2.045   0.0203      He 1 1.091m  -3.198   0.0014      C  1  1098A  -3.350   0.0010            
 nInu  1793A   1.833 153.1739      Ca B  3692A  -2.099   0.0179      He 1 1.870m  -2.982   0.0023      C  2 892.8A  -2.864   0.0031            
 nFnu  1585A  -0.456   0.7883      Ca B  3687A  -2.149   0.0160      He 1 4.048m  -3.144   0.0016      C  2 688.8A  -3.017   0.0022            
 nInu  1585A   1.858 162.4809      Ca B  3683A  -2.197   0.0143      Pho+  3889A  -0.985   0.2333      C  2  1020A  -2.180   0.0149            
 nFnu  1458A  -0.389   0.9204      Ca B  3679A  -2.244   0.0128      database lines..............      C  2 596.6A  -3.042   0.0020            
 nInu  1458A   1.959 205.1338      Ca B  3676A  -2.289   0.0116      level 1 lines...............      C  2 562.0A  -3.255   0.0013            
 nFnu  1357A  -0.334   1.0440      Ca B  3674A  -2.333   0.0105      C  1  1656A  -2.225   0.0134      N  1 942.3A  -2.324   0.0107            
 nInu  1357A   2.028 239.9751      Ca B  3671A  -2.376   0.0095      REC   1656A  -2.597   0.0057      N  1 952.1A  -2.436   0.0082            
 nFnu  1297A  -0.296   1.1394      Ca B 1.875m  -0.820   0.3405      C Ic  9850A  -2.601   0.0056      N  1  1131A  -2.583   0.0059            
 nInu  1297A   2.035 244.3430      Ca B 1.282m  -1.126   0.1686      TOTL  9850A  -2.601   0.0056      O  1 867.3A  -3.315   0.0011            
 nFnu  1263A  -0.267   1.2178      Ca B 1.094m  -1.376   0.0947      C  1  8727A  -1.470   0.0763      O  1 976.8A  -2.327   0.0106            
 nInu  1263A   2.023 237.4984      Ca B 1.005m  -1.579   0.0594      TOTL  2326A  -0.968   0.2421      O  1 969.0A  -2.364   0.0097            
 nFnu  1218A   0.826  15.0979      Ca B  9546A  -1.746   0.0404      C  2  2325A  -2.048   0.0202      O  1 946.4A  -2.351   0.0100            
 nInu  1218A   2.037 244.9681      Ca B  9229A  -1.886   0.0293      C  2  2324A  -2.371   0.0096      O  1 934.5A  -2.373   0.0095            
 nFnu  1196A  -0.179   1.4925      Ca B  9015A  -2.005   0.0222      C  2  2329A  -2.029   0.0211      O  1 973.6A  -2.524   0.0067            
 nInu  1196A   2.042 248.3543      Ca B  8863A  -2.110   0.0175      C  2  2328A  -1.509   0.0697      O  1 927.5A  -2.554   0.0063            
 nFnu  1175A  -0.204   1.4076      Ca B  8750A  -2.203   0.0141      C  2  2327A  -1.268   0.1216      O  1 948.5A  -2.577   0.0060            
 nInu  1175A   2.019 235.3613      Ca B  8665A  -2.288   0.0116      C  2  1335A  -2.152   0.0159      O  1 923.0A  -2.731   0.0042            
 nFnu  1144A  -0.186   1.4659      Ca B  8598A  -2.364   0.0097      REC   1335A  -2.945   0.0026      O  1 919.9A  -2.818   0.0034            
 nInu  1144A   2.120 297.1142      Ca B  8545A  -2.434   0.0083      C  3 977.0A  -2.689   0.0046      O  1 935.7A  -2.691   0.0046            
 nFnu  1113A  -0.169   1.5271      Ca B  8502A  -2.498   0.0072      N  1 953.9A  -2.434   0.0083      O  1 917.7A  -2.910   0.0028            
 nInu  1113A   2.036 244.7293      Ca B  8467A  -2.556   0.0063      N  1 954.1A  -2.950   0.0025      O  1 918.7A  -2.995   0.0023            
 nFnu  1103A  -0.120   1.7088      Ca B  8438A  -2.610   0.0055      N  1  1200A  -2.334   0.0104      O  1 928.2A  -2.959   0.0025            
 nInu  1103A   2.132 305.3315      Ca B  8413A  -2.661   0.0049      N  1  3466A  -2.528   0.0067      O  1 917.5A  -3.085   0.0019            
 nFnu  1074A  -0.116   1.7245      Ca B  8392A  -2.710   0.0044      N  1  3468A  -3.210   0.0014      O  1 923.4A  -3.207   0.0014            
 nInu  1074A   2.117 295.0033      Ca B  8374A  -2.756   0.0039      TOTL  3467A  -2.446   0.0081      O  1 920.2A  -3.343   0.0010            
 nFnu  1064A  -0.113   1.7368      Ca B  8359A  -2.802   0.0036      N  1 1.040m  -2.030   0.0210      Al 2  1671A  -2.586   0.0058            
 nInu  1064A   2.143 313.0413      Ca B  8346A  -2.846   0.0032      N  1 1.040m  -2.566   0.0061      Si 2  1180A  -2.276   0.0119            
 nFnu  1036A  -0.102   1.7790      Ca B  8334A  -2.889   0.0029      N  1 1.041m  -2.379   0.0094      Si 2 993.4A  -2.579   0.0059            
 nInu  1036A   2.102 284.7981      Ca B 4.051m  -1.456   0.0788      N  1 1.041m  -2.382   0.0093      Si 2  1024A  -2.804   0.0035            
 nFnu  1000A  -0.084   1.8577      Ca B 2.625m  -1.690   0.0460      TOTL 1.040m  -1.691   0.0459      S  2 750.3A  -3.237   0.0013            
 nInu  1000A   2.061 258.8852      Ca B 2.166m  -1.896   0.0286      N  2  6584A  -1.960   0.0247      Ar 1  1096A  -2.825   0.0034            
 nFnu 925.1A  -0.035   2.0781      Ca B 1.945m  -2.071   0.0191      N  2  6548A  -2.430   0.0084      Ar 1 922.5A  -3.214   0.0014            
 nInu 925.1A   2.079 270.2406      Ca B 1.817m  -2.219   0.0136      N  2  5755A  -2.089   0.0183      Ar 1 918.5A  -3.246   0.0013            
 nFnu 897.8A   1.117  29.4846      Ca B 1.736m  -2.346   0.0102      N  2  2141A  -2.692   0.0046      P  2 967.2A  -3.167   0.0015            
 nFnu 760.0A  -0.248   1.2734      Ca B 1.681m  -2.457   0.0079      N  2  1085A  -2.420   0.0086      P  2 963.8A  -2.905   0.0028            
 nFnu 701.5A  -0.769   0.3835      Ca B 1.641m  -2.556   0.0063      O  1  6300A  -0.674   0.4775      Ti 2  3366A  -1.945   0.0256            
 nFnu 608.2A  -2.422   0.0085      Ca B 1.611m  -2.644   0.0051      O  1  6363A  -1.170   0.1523      Ti 2  3238A  -2.213   0.0138            
 nInu 608.2A  -2.082   0.0186      Ca B 1.588m  -2.724   0.0043      O  1  5577A  -2.052   0.0200      Cr 2  2060A  -2.847   0.0032            
 nFnu 575.1A  -2.473   0.0076      Ca B 1.570m  -2.796   0.0036      O  1 63.17m  -2.731   0.0042      Mn 2  2590A  -1.888   0.0292            
 nInu 575.1A  -1.553   0.0630      Ca B 1.556m  -2.861   0.0031      TOTL  3727A  -2.806   0.0035      Ni 2  1752A  -3.233   0.0013            
 nInu 511.9A  -0.722   0.4269      Ca B 1.544m  -2.920   0.0027      TOTL  7325A  -1.621   0.0539      Ni 2  1744A  -3.110   0.0017            
 nFnu 496.9A   0.301   4.5047      Ca B 1.534m  -2.975   0.0024      IONZ  7325A  -3.256   0.0012      Ni 2  1473A  -3.335   0.0010            
 nInu 496.9A  -1.919   0.0271      Ca B 1.526m  -3.027   0.0021      O II  3726A  -2.949   0.0025      Ni 2  1376A  -3.092   0.0018            
 nInu 399.2A  -0.860   0.3106      Ca B 1.519m  -3.076   0.0019      O II  2471A  -1.717   0.0432      Ni 2  1324A  -3.060   0.0020            
 RRC.........................      Ca B 1.513m  -3.123   0.0017      O II  7323A  -1.872   0.0303      hyperfine structure.........            
 grains......................      Ca B 1.508m  -3.168   0.0015      O II  7332A  -1.978   0.0237      inner shell.................            
 H-like iso-sequence.........      Ca B 1.504m  -3.213   0.0014      O  2 833.8A  -3.154   0.0016      molecules...................            
 Clin 912.0A  -0.792   0.3631      Ca B 1.500m  -3.256   0.0012      Ne 2 12.81m  -1.434   0.0829      H-CT  6563A  -1.428   0.0841            
 Cool  1216A  -1.005   0.2225      Ca B 7.458m  -1.964   0.0245      Na 1  5892A  -2.174   0.0151            
 Crst 960.0A  -1.201   0.1416      Ca B 4.653m  -2.150   0.0159      Mg 1  4561A  -3.120   0.0017            
 Ca B  1216A   1.175  33.6961      Ca B 3.740m  -2.325   0.0107      Mg 1  2853A  -2.161   0.0156            



                                                                           
 Cooling:  HFBc     0 :0.100 HFFc     0 :0.059 Ca2K  3934A:0.050 CaF1  7291A:0.087 CaF2  7324A:0.057 Fe2c     0 :0.254  
 Heating:  BFH1     0 :0.949  

 These are some of the most important databases used by Cloudy:
 Many recombination coefficients were taken from http://amdpp.phys.strath.ac.uk/tamoc/RR/ and http://amdpp.phys.strath.ac.uk/tamoc/DR/
      and are based on the following papers:
        Badnell N. R., et al., A&A 406, 1151 (2003) [http://adsabs.harvard.edu/abs/2003A%26A...406.1151B]
        Badnell N. R., ApJS 167, 334 (2006) [http://adsabs.harvard.edu/abs/2006ApJS..167..334B]
 Much of the molecular emission data is from LAMDA as accessed on Dec. 18, 2010. This database is described in:
        Schoeier F.L., et al., A&A 432, 369 (2005) [http://adsabs.harvard.edu/abs/2005A%26A...432..369S]
      This database is in part based on the work of the following groups:
        JPL: Pickett H. M. et al., JQSRT, 60, 883 (1998). [http://adsabs.harvard.edu/abs/1998JQSRT..60..883P]
        CDMS: Mueller H. S. et al., A&A 370, L49 (2001). [http://adsabs.harvard.edu/abs/2001A%26A...370L..49M]
              Mueller H. S. et al., J. Mol. Struct. 742, 215 (2005). [http://adsabs.harvard.edu/abs/2005JMoSt.742..215M]
 Much of the ionic emission data is from version 7.0 of CHIANTI. CHIANTI is a collaborative project involving the NRL (USA), the
      Universities of Florence (Italy) and Cambridge (UK), and George Mason University (USA). These papers describe Chianti:
        Dere K. P., et al., A&AS, 125, 149 (1997) [http://adsabs.harvard.edu/abs/1997A%26AS..125..149D]
        Landi E., et al., ApJ, 744, 99 (2012) [http://adsabs.harvard.edu/abs/2012ApJ...744...99L]
 Much of the H_2 data is from this web site: http://molat.obspm.fr/index.php?page=pages/Molecules/H2/H2can94.php. These data are
      described in:
        Abgrall H. et al., Can. J. Phys., 72, 856 (1994) [http://adsabs.harvard.edu/abs/1994CaJPh..72..856A]
        Wrathmall S. A. & Flower D. R., J. Phys. B, 40, 3221 (2007) [http://adsabs.harvard.edu/abs/2007JPhB...40.3221W]
 Please cite those papers that played a significant role in this calculation.

 IONIZE PARMET:  U(1-) -5.4768  U(4-):-11.2499  U(sp): -5.48  Q(ion):    9.101  L(ion) -1.175    Q(low): 14.383    L(low)  2.076
 ENERGY BUDGET:  Heat:   0.859  Coolg:   0.859  Error:  0.0%  Rec Lin:  -0.077  F-F  H  0.000    P(rad/tot)max     1.16E-04

     Col(Heff):      0.000E+00  snd travl time  7.32E+05 sec  Te-low: 3.99E+03  Te-hi: 7.55E+03  G0TH85: 4.96E+04  G0DB96:6.42E+04
  Emiss Measure    n(e)n(p) dl       2.688E+24  n(e)n(He+)dl         8.609E+22  En(e)n(He++) dl         2.014E+16  ne nC+:2.01E+21
 He/Ha:3.79E-02  =   0.45*true  Lthin:4.32E+01  itr/zn:10.26  H2 itr/zn:  0.00  File Opacity: F  MassTot 1.10e-05  (gm/cm^2)
   Temps(21 cm)   T(21cm/Ly a)  5.08E+03        T(<nH/Tkin>)  5.59E+03          T(<nH/Tspin>)    5.45E+03          TB21cm:1.31E-01
                   N(H0/Tspin)  7.41E+14        N(OH/Tkin)    6.76E+05          B(21cm)          0.00E+00
   <a>:9.68E-05  erdeFe0.0E+00  Tcompt1.14E+03  Tthr2.92E+07  <Tden>: 5.96E+03  <dens>:2.27E-17  <MolWgt>1.11E+00
     Mean Jeans  l(cm)9.10E+17  M(sun)4.50E+03  smallest:     len(cm):7.44E+17  M(sun):2.47E+03  a_ox tran:  0.00
 Rion:1.000E+30  Dist:0.00E+00  Diam:0.000E+00
 Hatom level 70  HatomType: add  HInducImp  F  He tot level: 63  He2 level:   70  ExecTime   355.0
 ConvrgError(%)  <eden>  0.278  MaxEden  0.963  <H-C>   0.17  Max(H-C)    0.46  <Press>   0.000  MaxPrs er  0.000
  Continuity(%)  chng Te   1.2  elec den   5.2  n(H2)    0.0  n(CO)        0.0

                                                        Averaged Quantities
             Te      Te(Ne)   Te(NeNp)  Te(NeHe+)Te(NeHe2+) Te(NeO+)  Te(NeO2+)  Te(H2)     N(H)     Ne(O2+)   Ne(Np)
 Radius:  5.96e+03  6.86e+03  7.16e+03  7.04e+03  6.79e+03  7.17e+03  7.26e+03  4.38e+03  1.00e+07  4.37e+06  3.43e+06

 Contin Optical Depths: COMP: 5.44e-07    H-: 8.76e-06 R(1300): 2.71e-05  H2+: 1.68e-07  Pfa:5.44E-07
                          Pa: 5.44e-07    Ba: 8.48e-06      Hb: 6.69e-06   La: 5.83e-02     1r:2.555E+01  1.8:7.86E+00 4.:1.221E+00

 Old, new H  1 continuum optical depths:
     1 2.57e+01     2 4.49e-06     3 8.82e-06     4 8.82e-06     5 8.82e-06     6 2.19e-06     7 2.19e-06     8 2.19e-06
     9 2.19e-06    10 8.29e-12    11 8.29e-12    12 8.29e-12    13 8.29e-12    14 8.29e-12    15 1.96e-11    16 1.96e-11
    17 1.96e-11    18 1.96e-11    19 1.96e-11    20 1.96e-11    21 4.12e-11    22 4.12e-11    23 4.12e-11    24 4.12e-11
    25 4.12e-11    26 4.12e-11    27 4.12e-11    28 7.76e-11    29 7.76e-11    30 7.76e-11    31 7.76e-11    32 7.76e-11
    33 7.76e-11    34 7.76e-11    35 7.76e-11    36 1.37e-10    37 1.37e-10    38 1.37e-10    39 1.37e-10    40 1.37e-10
    41 1.37e-10    42 1.37e-10    43 1.37e-10    44 1.37e-10    45 2.29e-10    46 2.29e-10    47 2.29e-10    48 2.29e-10
    49 2.29e-10    50 2.29e-10    51 2.29e-10    52 2.29e-10    53 2.29e-10    54 2.29e-10
     1 2.56e+01     2 4.47e-06     3 8.78e-06     4 8.78e-06     5 8.78e-06     6 2.18e-06     7 2.18e-06     8 2.18e-06
     9 2.18e-06    10 8.28e-12    11 8.28e-12    12 8.28e-12    13 8.28e-12    14 8.28e-12    15 1.96e-11    16 1.96e-11
    17 1.96e-11    18 1.96e-11    19 1.96e-11    20 1.96e-11    21 4.12e-11    22 4.12e-11    23 4.12e-11    24 4.12e-11
    25 4.12e-11    26 4.12e-11    27 4.12e-11    28 7.76e-11    29 7.76e-11    30 7.76e-11    31 7.76e-11    32 7.76e-11
    33 7.76e-11    34 7.76e-11    35 7.76e-11    36 1.37e-10    37 1.37e-10    38 1.37e-10    39 1.37e-10    40 1.37e-10
    41 1.37e-10    42 1.37e-10    43 1.37e-10    44 1.37e-10    45 2.29e-10    46 2.29e-10    47 2.29e-10    48 2.29e-10
    49 2.29e-10    50 2.29e-10    51 2.29e-10    52 2.29e-10    53 2.29e-10    54 2.29e-10

 Old, new H  1 mean line optical depths:
  2- 1 5.67e+05  3- 2 1.77e-04  4- 3 2.65e-08  5- 4 2.39e-08  6- 5 3.71e-08  7- 6 6.37e-08  8- 7 2.36e-08
  9- 8 2.47e-09 10- 9 7.37e-10
  2- 1 5.63e+05  3- 2 1.77e-04  4- 3 2.64e-08  5- 4 2.39e-08  6- 5 3.71e-08  7- 6 6.37e-08  8- 7 2.36e-08
  9- 8 2.46e-09 10- 9 7.25e-10

 Old, new He 2 continuum optical depths:
     1 1.23e+00     2 2.54e+01     3 4.16e-06     4 4.16e-06     5 4.16e-06     6 4.49e-06     7 4.49e-06     8 4.49e-06
     9 4.49e-06    10 7.15e-06    11 7.15e-06    12 7.15e-06    13 7.15e-06    14 7.15e-06    15 8.82e-06    16 8.82e-06
    17 8.82e-06    18 8.82e-06    19 8.82e-06    20 8.82e-06    21 7.45e-06    22 7.45e-06    23 7.45e-06    24 7.45e-06
    25 7.45e-06    26 7.45e-06    27 7.45e-06    28 2.19e-06    29 2.19e-06    30 2.19e-06    31 2.19e-06    32 2.19e-06
    33 2.19e-06    34 2.19e-06    35 2.19e-06    36 4.69e-12    37 4.69e-12    38 4.69e-12    39 4.69e-12    40 4.69e-12
    41 4.69e-12    42 4.69e-12    43 4.69e-12    44 4.69e-12    45 8.29e-12    46 8.29e-12    47 8.29e-12    48 8.29e-12
    49 8.29e-12    50 8.29e-12    51 8.29e-12    52 8.29e-12    53 8.29e-12    54 8.29e-12
     1 1.22e+00     2 2.52e+01     3 4.14e-06     4 4.14e-06     5 4.14e-06     6 4.47e-06     7 4.47e-06     8 4.47e-06
     9 4.47e-06    10 7.12e-06    11 7.12e-06    12 7.12e-06    13 7.12e-06    14 7.12e-06    15 8.78e-06    16 8.78e-06
    17 8.78e-06    18 8.78e-06    19 8.78e-06    20 8.78e-06    21 7.42e-06    22 7.42e-06    23 7.42e-06    24 7.42e-06
    25 7.42e-06    26 7.42e-06    27 7.42e-06    28 2.18e-06    29 2.18e-06    30 2.18e-06    31 2.18e-06    32 2.18e-06
    33 2.18e-06    34 2.18e-06    35 2.18e-06    36 4.69e-12    37 4.69e-12    38 4.69e-12    39 4.69e-12    40 4.69e-12
    41 4.69e-12    42 4.69e-12    43 4.69e-12    44 4.69e-12    45 8.28e-12    46 8.28e-12    47 8.28e-12    48 8.28e-12
    49 8.28e-12    50 8.28e-12    51 8.28e-12    52 8.28e-12    53 8.28e-12    54 8.28e-12

 Old, new He 2 mean line optical depths:
  2- 1 2.19e+03  3- 2 3.73e-11  4- 3 6.81e-16  5- 4 1.17e-16  6- 5 4.92e-16  7- 6 1.14e-15  8- 7 1.18e-15
  9- 8 1.05e-15 10- 9 7.04e-16
  2- 1 2.18e+03  3- 2 3.73e-11  4- 3 6.81e-16  5- 4 1.17e-16  6- 5 4.92e-16  7- 6 1.14e-15  8- 7 1.18e-15
  9- 8 1.05e-15 10- 9 7.04e-16

 Old He Is optical depths:    1 7.91e+00    2 5.22e-06    3 3.72e-06    4 4.17e-06    5 4.17e-06
 New He Is optical depths:    1 7.86e+00    2 5.20e-06    3 3.70e-06    4 4.16e-06    5 4.16e-06
          Old He Is Lines:  584 3.32e+04 3889 5.49e-02 5016 1.79e-04 5876 2.42e-08
          New He Is Lines:  584 3.29e+04 3889 5.47e-02 5016 1.79e-04 5876 2.42e-08

==== H      compounds ====           Log10 column densities [cm^-2}
   H2        : 12.324   H2*       : 11.697   H2+       : 10.379   H3+       :  5.225
==== He     compounds ====
   HeH+      : 11.057
==== Li     compounds ====
   LiH       : -0.434   LiH+      : -0.814
==== C      compounds ====
   CH        :  7.156   CH+       :  7.386   CH2       :  1.878   CH2+      :  1.628   CH3       : -3.808   CH3+      : -4.086   CH4       : -9.304   CH4+      :-11.169
   CH5+      :-16.477   C2        :  1.733   C2+       :  2.966   C2H       : -3.146   C2H+      : -2.495   C2H2      : -9.910   C2H2+     : -7.528   C2H3+     :-13.143
   C3        :-11.166   C3+       : -6.858   C3H       :-14.938   C3H+      :-12.076
==== N      compounds ====
   NH        :  8.338   NH+       :  7.680   NH2       :  1.889   NH2+      :  1.814   NH3       : -3.348   NH3+      : -4.375   NH4+      :-12.891   CN        :  5.760
   CN+       :  4.333   HCN       :  0.818   HCN+      : -0.078   HNC       : -4.450   HCNH+     : -5.858   HC3N      :-35.930   N2        :  5.658   N2+       :  4.066
   N2H+      : -6.589
==== O      compounds ====
   OH        :  9.475   OH+       :  8.873   H2O       :  3.650   H2O+      :  3.073   H3O+      : -2.908   CO        :  8.491   CO+       :  5.785   HCO+      :  2.608
   H2CO      :-35.930   CH3OH     :-35.930   ^13CO     :  7.014   NO        :  5.430   NO+       :  4.241   HNO       : -0.649   HNO+      : -1.885   OCN       : -1.847
   OCN+      : -2.382   N2O       : -4.104   O2        :  5.350   O2+       :  5.624   NO2       : -3.721   NO2+      : -4.806
==== Ne     compounds ====
   NeH+      :  6.861
==== Si     compounds ====
   SiH       :  0.159   SiH2+     : -1.111   SiC2      :-35.930   SiN       : -3.473   SiN+      :  3.742   SiO       :  3.295   SiO+      :  4.744   SiOH+     : -1.258
==== S      compounds ====
   HS        :  5.164   HS+       :  5.537   CS        : -0.904   CS+       :  2.048   HCS+      : -3.011   NS        :  1.133   NS+       :  3.154   SO        :  2.508
   SO+       :  4.336   OCS       : -6.905   OCS+      : -8.334   SO2       :-35.930   S2        : -5.928   S2+       : -7.222
==== Cl     compounds ====
   HCl       : -0.685   HCl+      :  5.621   H2Cl+     :  0.005   CCl       :-19.982   CCl+      : -4.357   H2CCl+    :-22.284   ClO       :-23.262   ClO+      :-26.779
==== Ar     compounds ====
   ArH+      :  9.107
==== Ti     compounds ====
   TiH       :-35.930   TiH+      :-35.930   TiH2      :-35.930   TiH2+     :-35.930   TiC       :-35.930   TiC+      :-35.930   HCTi      :-35.930   HCTi+     :-35.930
   TiC2      :-35.930   TiC2+     :-35.930   TiN       :-35.930   TiN+      :-35.930   HNTi      :-35.930   HNTi+     :-35.930   TiNC      :-35.930   TiNC+     :-35.930
   TiO       :-35.930   TiO+      :-35.930   TiOH+     :-35.930   TiO2      :-35.930   TiF+      :-35.930   TiS       :-35.930   TiS+      :-35.930   HTiS      :-35.930


               1      2      3      4      5      6      7      8      9     10     11     12     13     14     15     16     17

 Hydrogen   18.607 17.894 12.416 (H2)                Log10 Column density (cm^-2)
 Helium     17.576 16.528 10.108
 Lithium     6.196  7.720 -5.130-30.000
 Beryllium   7.537  7.906  5.915-30.000-30.000
 Boron       7.889  9.369  5.789-30.000-30.000-30.000
 Carbon     13.775 15.091 12.602-30.000-30.000-30.000-30.000
 Nitrogen   14.433 13.740  9.256-30.000-30.000-30.000-30.000-30.000
 Oxygen     15.309 14.516  9.461-30.000-30.000-30.000-30.000-30.000-30.000
 Fluorine   11.056 10.786  8.183-30.000-30.000-30.000-30.000-30.000-30.000-30.000
 Neon       14.472 14.058 11.133-30.000-30.000-30.000-30.000-30.000-30.000-30.000-30.000
 Sodium     11.349 12.912  9.189-30.000-30.000-30.000-30.000-30.000-30.000-30.000-30.000-30.000
 Magnesium  12.599 14.271 12.084-30.000-30.000-30.000-30.000-30.000-30.000-30.000-30.000-30.000-30.000
 Aluminium   9.739 13.133 10.166  5.818-30.000-30.000-30.000-30.000-30.000-30.000-30.000-30.000-30.000-30.000
 Silicon    11.700 14.192 11.262-30.000-30.000-30.000-30.000-30.000-30.000-30.000-30.000-30.000-30.000-30.000-30.000
 Phosphorus  9.292 12.092  9.441-30.000-30.000-30.000-30.000-30.000-30.000-30.000-30.000-30.000-30.000-30.000-30.000-30.000
 Sulphur    12.004 13.790 12.035-30.000-30.000-30.000-30.000-30.000-30.000-30.000-30.000-30.000-30.000-30.000-30.000-30.000-30.000
 Chlorine    9.426 12.178 10.220-30.000-30.000-30.000-30.000-30.000-30.000-30.000-30.000-30.000-30.000-30.000-30.000-30.000-30.000
-30.000
 Argon      12.795 12.731 11.697-30.000-30.000-30.000-30.000-30.000-30.000-30.000-30.000-30.000-30.000-30.000-30.000-30.000-30.000
-30.000-30.000
 Potassium   9.796 11.706  9.152-30.000-30.000-30.000-30.000-30.000-30.000-30.000-30.000-30.000-30.000-30.000-30.000-30.000-30.000
-30.000-30.000-30.000
 Calcium    11.330 12.908 12.355-30.000-30.000-30.000-30.000-30.000-30.000-30.000-30.000-30.000-30.000-30.000-30.000-30.000-30.000
-30.000-30.000-30.000-30.000
 Scandium    8.029  9.757  8.990  6.354-30.000-30.000-30.000-30.000-30.000-30.000-30.000-30.000-30.000-30.000-30.000-30.000-30.000
-30.000-30.000-30.000-30.000-30.000
 Titanium    7.734 11.622 10.029  5.486-30.000-30.000-30.000-30.000-30.000-30.000-30.000-30.000-30.000-30.000-30.000-30.000-30.000
-30.000-30.000-30.000-30.000-30.000-30.000
 Vanadium    9.352 10.565  9.325  3.899-30.000-30.000-30.000-30.000-30.000-30.000-30.000-30.000-30.000-30.000-30.000-30.000-30.000
-30.000-30.000-30.000-30.000-30.000-30.000-30.000
 Chromium   10.504 12.310 10.566-30.000-30.000-30.000-30.000-30.000-30.000-30.000-30.000-30.000-30.000-30.000-30.000-30.000-30.000
-30.000-30.000-30.000-30.000-30.000-30.000-30.000-30.000
 Manganese   8.263 12.107 10.284-30.000-30.000-30.000-30.000-30.000-30.000-30.000-30.000-30.000-30.000-30.000-30.000-30.000-30.000
-30.000-30.000-30.000-30.000-30.000-30.000-30.000-30.000-30.000
 Iron       10.100 14.180 11.974-30.000-30.000-30.000-30.000-30.000-30.000-30.000-30.000-30.000-30.000-30.000-30.000-30.000-30.000
-30.000-30.000-30.000-30.000-30.000-30.000-30.000-30.000-30.000-30.000
 Cobalt     11.019 11.564  7.536-30.000-30.000-30.000-30.000-30.000-30.000-30.000-30.000-30.000-30.000-30.000-30.000-30.000-30.000
-30.000-30.000-30.000-30.000-30.000-30.000-30.000-30.000-30.000-30.000-30.000
 Nickel      9.315 12.903  8.701-30.000-30.000-30.000-30.000-30.000-30.000-30.000-30.000-30.000-30.000-30.000-30.000-30.000-30.000
-30.000-30.000-30.000-30.000-30.000-30.000-30.000-30.000-30.000-30.000-30.000-30.000
 Copper      9.731 10.836  8.961-30.000-30.000-30.000-30.000-30.000-30.000-30.000-30.000-30.000-30.000-30.000-30.000-30.000-30.000
-30.000-30.000-30.000-30.000-30.000-30.000-30.000-30.000-30.000-30.000-30.000-30.000-30.000
 Zinc       10.700 11.083  9.584  6.233-30.000-30.000-30.000-30.000-30.000-30.000-30.000-30.000-30.000-30.000-30.000-30.000-30.000
-30.000-30.000-30.000-30.000-30.000-30.000-30.000-30.000-30.000-30.000-30.000-30.000-30.000-30.000
 Exc state    He1* 11.618   CII* 14.913   C11* 12.824   C12* 13.299   C13* 13.519   O11* 15.063   O12* 14.821   O13* 14.338
              Si2* 14.005   C30*  7.042   C31*  5.496   C32*  7.835


 Hydrogen   -0.077 -0.790 -5.966 (H2)                 Log10 Mean Ionisation (over radius)
 Helium     -0.037 -1.085 -7.505
 Lithium    -1.537 -0.013-12.863
 Beryllium  -0.527 -0.158 -2.149
 Boron      -1.494 -0.014 -3.594
 Carbon     -1.338 -0.022 -2.511
 Nitrogen   -0.080 -0.774 -5.257
 Oxygen     -0.065 -0.858 -5.912
 Fluorine   -0.187 -0.457 -3.060
 Neon       -0.142 -0.556 -3.481
 Sodium     -1.575 -0.012 -3.735
 Magnesium  -1.685 -0.012 -2.199
 Aluminium  -3.395 -0.001 -2.967 -7.316
 Silicon    -2.494 -0.002 -2.932
 Phosphorus -2.801 -0.002 -2.652
 Sulphur    -1.800 -0.015 -1.769
 Chlorine   -2.758 -0.006 -1.963
 Argon      -0.288 -0.353 -1.387
 Potassium  -1.916 -0.007 -2.561
 Calcium    -1.694 -0.116 -0.669
 Scandium   -1.804 -0.076 -0.843 -3.478
 Titanium   -3.900 -0.011 -1.604 -6.147
 Vanadium   -1.261 -0.049 -1.288 -6.714
 Chromium   -1.820 -0.014 -1.758
 Manganese  -3.850 -0.007 -1.829
 Iron       -4.083 -0.003 -2.209
 Cobalt     -0.654 -0.109 -4.137
 Nickel     -3.588 -0.000 -4.203
 Copper     -1.143 -0.038 -1.912
 Zinc       -0.543 -0.160 -1.659 -5.010

               1      2      3      4      5      6      7      8      9     10     11     12     13     14     15     16     17

 Hydrogen   -0.173 -0.483 -6.840 (H2)         Log10 Mean Ionisation (over radius*electron density)
 Helium     -0.057 -0.908 -7.539
 Lithium    -1.459 -0.015-12.754
 Beryllium  -0.292 -0.320 -1.998
 Boron      -1.223 -0.027 -3.228
 Carbon     -1.099 -0.039 -2.261
 Nitrogen   -0.188 -0.455 -4.829
 Oxygen     -0.147 -0.543 -5.501
 Fluorine   -0.308 -0.295 -2.990
 Neon       -0.208 -0.420 -3.484
 Sodium     -1.877 -0.006 -3.936
 Magnesium  -1.644 -0.016 -1.901
 Aluminium  -3.426 -0.001 -2.777 -6.800
 Silicon    -2.321 -0.003 -2.533
 Phosphorus -2.840 -0.002 -2.376
 Sulphur    -1.555 -0.024 -1.584
 Chlorine   -2.806 -0.008 -1.785
 Argon      -0.525 -0.203 -1.131
 Potassium  -2.394 -0.003 -2.550
 Calcium    -1.524 -0.065 -0.961
 Scandium   -1.718 -0.094 -0.757 -3.094
 Titanium   -4.025 -0.021 -1.334 -5.681
 Vanadium   -1.213 -0.077 -0.996 -6.217
 Chromium   -1.610 -0.031 -1.361
 Manganese  -3.973 -0.016 -1.441
 Iron       -4.186 -0.007 -1.811
 Cobalt     -0.526 -0.154 -3.733
 Nickel     -3.674 -0.000 -3.804
 Copper     -0.926 -0.068 -1.572
 Zinc       -0.386 -0.247 -1.650 -5.016

               1      2      3      4      5      6      7      8      9     10     11     12     13     14     15     16     17

 Hydrogen    3.762  3.837  3.642 (H2)                  Log10 Mean Temperature (over radius)
 Helium      3.771  3.814  3.775
 Lithium     3.796  3.774  3.791
 Beryllium   3.826  3.751  3.811
 Boron       3.830  3.773  3.847
 Carbon      3.825  3.772  3.829
 Nitrogen    3.760  3.841  3.858
 Oxygen      3.764  3.839  3.855
 Fluorine    3.755  3.811  3.795
 Neon        3.763  3.805  3.782
 Sodium      3.726  3.776  3.743
 Magnesium   3.783  3.774  3.837
 Aluminium   3.769  3.775  3.815  3.871
 Silicon     3.807  3.775  3.854
 Phosphorus  3.768  3.775  3.831
 Sulphur     3.826  3.773  3.816
 Chlorine    3.766  3.774  3.814
 Argon       3.738  3.809  3.832
 Potassium   3.703  3.776  3.781
 Calcium     3.815  3.787  3.725
 Scandium    3.801  3.774  3.779  3.848
 Titanium    3.750  3.773  3.828  3.863
 Vanadium    3.794  3.770  3.833  3.866
 Chromium    3.819  3.773  3.854
 Manganese   3.751  3.774  3.852
 Iron        3.754  3.774  3.854
 Cobalt      3.805  3.766  3.854
 Nickel      3.757  3.775  3.853
 Copper      3.821  3.770  3.842
 Zinc        3.809  3.760  3.780  3.775

               1      2      3      4      5      6      7      8      9     10     11     12     13     14     15     16     17

 Hydrogen    3.827  3.855  3.663 (H2)          Log10 Mean Temperature (over radius*electron density)
 Helium      3.835  3.848  3.832
 Lithium     3.840  3.836  3.845
 Beryllium   3.851  3.820  3.845
 Boron       3.853  3.835  3.858
 Carbon      3.851  3.835  3.852
 Nitrogen    3.826  3.855  3.862
 Oxygen      3.828  3.855  3.861
 Fluorine    3.825  3.847  3.840
 Neon        3.831  3.845  3.834
 Sodium      3.804  3.837  3.816
 Magnesium   3.839  3.836  3.855
 Aluminium   3.834  3.836  3.849  3.871
 Silicon     3.848  3.836  3.860
 Phosphorus  3.833  3.836  3.854
 Sulphur     3.851  3.836  3.848
 Chlorine    3.833  3.836  3.847
 Argon       3.812  3.846  3.852
 Potassium   3.774  3.837  3.836
 Calcium     3.846  3.840  3.807
 Scandium    3.840  3.834  3.845  3.860
 Titanium    3.826  3.835  3.854  3.864
 Vanadium    3.837  3.834  3.855  3.866
 Chromium    3.849  3.835  3.860
 Manganese   3.826  3.835  3.859
 Iron        3.828  3.836  3.860
 Cobalt      3.844  3.833  3.861
 Nickel      3.830  3.836  3.860
 Copper      3.850  3.834  3.857
 Zinc        3.846  3.829  3.836  3.836

               1      2      3      4      5      6      7      8      9     10     11     12     13     14     15     16     17
                                                                          

---------------Convergence statistics---------------
      1.59 mean iterations/state convergence
      2.97 mean cx acceleration loops/iteration
      1.05 mean iso convergence loops/ion solve
      1.01 mean steps/chemistry solve
         1 mean step length searches/chemistry step
----------------------------------------------------

 Cloudy ends: 106 zones, 3 iterations.  ExecTime(s) 355.02
 [Stop in cdMain at ../maincl.cpp:483, Cloudy exited OK]
 ************************************************** GRID_DELIMIT -- grid000000059
