                                                          Cloudy 13.03
                                                         www.nublado.org

                       **************************************13Feb20**************************************
                       *                                                                                 *
                       * c                                                                               *
                       * phi(h) 9.000000 LOG range -0.000232 6.866524                                    *
                       * grid from 8 to 23 in 1 dex steps                                                *
                       * HDEN=4.000000 LOG                                                               *
                       * grid from 0 to 12 in 1 dex steps                                                *
                       * set pres ionize 1e5                                                             *
                       * c                                                                               *
                       * c                                                                               *
                       * table star "inst_padova_agbtrack_z.mod" age 6.3                                 *
                       * c<< inst_padova_ model    1 read.       Age =      10000.00                 >>> *
                       * c<< inst_padova_ model    2 read.       Age =    2010000.00                 >>> *
                       * c<< FINAL:     Age =    1995262.31                                          >>> *
                       * c                                                                               *
                       * c                                                                               *
                       * abundances GASS10                                                               *
                       * c                                                                               *
                       * c                                                                               *
                       * iterate to convergence max = 7                                                  *
                       * stop column density = 23                                                        *
                       * c                                                                               *
                       * c                                                                               *
                       * print last                                                                      *
                       * set save prefix "padova_inst_2"                                                 *
                       * save grid ".grd" last no hash                                                   *
                       * save linelist "emissionlines_abs.txt" "LineList_HII.dat" absolute last no hash    *
                       *                                                                                 *
                       ***********************************************************************************



           4049CellPeak1.00E+00   Lo 1.00e-08=910.79cm   Hi-Con:6.19E+00 Ryd   E(hi):7.35E+06Ryd     E(hi):     100.01 MeV
           I(nu>1ryd):  -1.5285   Average nu:1.358E+00   I( X-ray):   0.0000   I(BalC):  -1.0060     Phi(BalmrC):   9.8965
           phi(1.0-1.8): 8.9535   phi(1.8-4.0):  8.007   phi(4.0-20):  3.227   phi(20--):  0.000     Ion pht flx:1.000E+09
           I(gam ray):   0.0000   phi(gam r):   0.0000   I(Infred):  -1.8669   Alf(ox):   0.0000     Total inten:  -0.8482
           U(1.0----):3.336E-06   U(4.0----):5.625E-12   T(En-Den):5.001E+00   T(Comp):3.012E+04     nuJnu(912A):9.683E-02
           Occ(FarIR):4.141E-02   Occ(H n=6):2.633E-14   Occ(1Ryd):4.451E-18   Occ(4R):3.399E-25     Occ (Nu-hi):3.050E-31
           Tbr(FarIR):6.561E-05   Tbr(H n=6):1.154E-10   Tbr(1Ryd):7.036E-13   Tbr(4R):2.148E-19     Tbr (Nu-hi):2.972E-25
  
                                                  Gas Phase Chemical Composition
        H :  0.0000  He: -1.0701  Li:-10.9508  Be:-10.6198  B : -9.3002  C : -3.5702  N : -4.1701  O : -3.3098  F : -7.4401
        Ne: -4.0701  Na: -5.7595  Mg: -4.4001  Al: -5.5498  Si: -4.4895  P : -6.5901  S : -4.8794  Cl: -6.5003  Ar: -5.6003
        K : -6.9706  Ca: -5.6596  Sc: -8.8508  Ti: -7.0501  V : -8.0701  Cr: -6.3595  Mn: -6.5702  Fe: -4.5003  Co: -7.0101
                                               Ni: -5.7799  Cu: -7.8097  Zn: -7.4401
 
 ####  1  Te:4.877E+03 Hden:1.000E+04 Ne:5.067E+03 R:1.000E+30 R-R0:2.348E+10 dR:4.696E+10 NTR: 22 Htot:8.340E-17 T912: 1.50e-03###
 Hydrogen      5.05e-01 4.95e-01 H+o/Hden 1.00e+00 2.60e-08 H-    H2 1.05e-08 3.57e-09 H2+ HeH+ 1.10e-08 Ho+ ColD 2.37e+14 2.32e+14
 Helium        8.57e-01 1.43e-01 1.89e-08 HeI 2s3S 1.15e-06 Comp H,C 9.71e-27 1.57e-27 Fill Fac 1.00e+00 Gam1/tot 1.00e+00
 He singlet n  8.57e-01 2.16e-12 1.09e-18 2.52e-19 2.25e-19 3.87e-19 He tripl 1.15e-06 4.62e-17 3.95e-19 3.34e-18 1.06e-18
 Pressure      NgasTgas 7.77e+07 P(total) 1.07e-08 P( gas ) 1.07e-08 P(Radtn) 0.00e+00 Rad accl 2.09e-06 ForceMul 2.97e+06
 Texc(La)      3.01e+03 T(I con) 5.00e+00 T(D con) 4.22e-01 T(U tot) 5.00e+00 nT (c+d) 1.31e+06 Prad/Gas 0.00e+00 Pmag/Gas 0.00e+00
 Molecules     CH/Ctot: 3.88e-09 CH+/Ctot 5.29e-10 CO/Ctot: 3.84e-10 CO+/Ctot 5.24e-13 H2O/Otot 1.65e-17 OH/Ototl 1.52e-08
 Lithium       1.28e-01 8.72e-01 2.76e-13 0.00e+00 Berylliu 4.99e-01 4.83e-01 1.82e-02 0.00e+00 0.00e+00 sec ion: 0.00e+00
 Boron         1.02e-01 8.97e-01 1.27e-03 0.00e+00 0.00e+00 0.00e+00
 Carbon        1.21e-01 8.72e-01 7.02e-03 0.00e+00 0.00e+00 0.00e+00 0.00e+00 H2O+/O   3.22e-18 OH+/Otot 5.65e-09 Hex(tot) 0.00e+00
 Nitrogen      5.00e-01 5.00e-01 2.96e-05 0.00e+00 0.00e+00 0.00e+00 0.00e+00 0.00e+00 O2/Ototl 6.53e-13 O2+/Otot 2.09e-13
 Oxygen        5.65e-01 4.35e-01 7.91e-06 0.00e+00 0.00e+00 0.00e+00 0.00e+00 0.00e+00 0.00e+00
 Fluorine      3.91e-01 6.08e-01 9.89e-04 0.00e+00 0.00e+00 0.00e+00 0.00e+00 0.00e+00 0.00e+00 0.00e+00
 Neon          5.81e-01 4.19e-01 2.49e-04 0.00e+00 0.00e+00 0.00e+00 0.00e+00 0.00e+00 0.00e+00 0.00e+00 0.00e+00
 Sodium        3.46e-02 9.65e-01 6.22e-05 0.00e+00 0.00e+00 0.00e+00 0.00e+00 0.00e+00 0.00e+00 0.00e+00 0.00e+00 0.00e+00
 Magnesium     2.21e-02 9.59e-01 1.89e-02 0.00e+00 0.00e+00 0.00e+00 0.00e+00 0.00e+00 0.00e+00 0.00e+00 0.00e+00 0.00e+00 0.00e+00
 Aluminium  0  4.24e-04 9.98e-01 2.04e-03 0.00e+00 0.00e+00 0.00e+00 0.00e+00 0.00e+00 0.00e+00 0.00e+00 0.00e+00 0.00e+00 0.00e+00
 Silicon    0  1.28e-02 9.87e-01 6.71e-04 0.00e+00 0.00e+00 0.00e+00 0.00e+00 0.00e+00 0.00e+00 0.00e+00 0.00e+00 0.00e+00 0.00e+00
 Phosphorus 0  1.83e-03 9.94e-01 4.47e-03 0.00e+00 0.00e+00 0.00e+00 0.00e+00 0.00e+00 0.00e+00 0.00e+00 0.00e+00 0.00e+00 0.00e+00
 Sulphur    0  4.42e-02 9.28e-01 2.82e-02 0.00e+00 0.00e+00 0.00e+00 0.00e+00 0.00e+00 0.00e+00 0.00e+00 0.00e+00 0.00e+00 0.00e+00
 Chlorine   0  2.01e-03 9.79e-01 1.86e-02 0.00e+00 0.00e+00 0.00e+00 0.00e+00 0.00e+00 0.00e+00 0.00e+00 0.00e+00 0.00e+00 0.00e+00
 Argon      0  1.67e-01 7.42e-01 9.07e-02 0.00e+00 0.00e+00 0.00e+00 0.00e+00 0.00e+00 0.00e+00 0.00e+00 0.00e+00 0.00e+00 0.00e+00
 Potassium  0  3.90e-02 9.59e-01 2.45e-03 0.00e+00 0.00e+00 0.00e+00 0.00e+00 0.00e+00 0.00e+00 0.00e+00 0.00e+00 0.00e+00 0.00e+00
 Calcium    0  1.40e-01 8.02e-01 5.82e-02 0.00e+00 0.00e+00 0.00e+00 0.00e+00 0.00e+00 0.00e+00 0.00e+00 0.00e+00 0.00e+00 0.00e+00
 Scandium   0  8.36e-02 6.76e-01 2.38e-01 2.11e-03 0.00e+00 0.00e+00 0.00e+00 0.00e+00 0.00e+00 0.00e+00 0.00e+00 0.00e+00 0.00e+00
 Titanium   0  1.28e-04 9.29e-01 7.12e-02 5.23e-06 0.00e+00 0.00e+00 0.00e+00 0.00e+00 0.00e+00 0.00e+00 0.00e+00 0.00e+00 0.00e+00
 Vanadium   0  1.65e-01 6.88e-01 1.48e-01 1.78e-06 0.00e+00 0.00e+00 0.00e+00 0.00e+00 0.00e+00 0.00e+00 0.00e+00 0.00e+00 0.00e+00
 Chromium   0  6.04e-02 9.28e-01 1.18e-02 0.00e+00 0.00e+00 0.00e+00 0.00e+00 0.00e+00 0.00e+00 0.00e+00 0.00e+00 0.00e+00 0.00e+00
 Manganese  0  1.51e-04 9.85e-01 1.47e-02 0.00e+00 0.00e+00 0.00e+00 0.00e+00 0.00e+00 0.00e+00 0.00e+00 0.00e+00 0.00e+00 0.00e+00
 Iron       0  8.84e-05 9.96e-01 3.92e-03 0.00e+00 0.00e+00 0.00e+00 0.00e+00 0.00e+00 0.00e+00 0.00e+00 0.00e+00 0.00e+00 0.00e+00
 Cobalt     0  4.23e-01 5.77e-01 4.35e-04 0.00e+00 0.00e+00 0.00e+00 0.00e+00 0.00e+00 0.00e+00 0.00e+00 0.00e+00 0.00e+00 0.00e+00
 Nickel     0  2.75e-04 9.99e-01 4.54e-04 0.00e+00 0.00e+00 0.00e+00 0.00e+00 0.00e+00 0.00e+00 0.00e+00 0.00e+00 0.00e+00 0.00e+00
 Copper     0  1.76e-01 7.20e-01 1.04e-01 0.00e+00 0.00e+00 0.00e+00 0.00e+00 0.00e+00 0.00e+00 0.00e+00 0.00e+00 0.00e+00 0.00e+00
 Zinc       0  5.34e-01 4.48e-01 1.71e-02 7.53e-06 0.00e+00 0.00e+00 0.00e+00 0.00e+00 0.00e+00 0.00e+00 0.00e+00 0.00e+00 0.00e+00
 #### 30  Te:3.993E+03 Hden:1.000E+04 Ne:3.164E+03 R:1.000E+30 R-R0:7.111E+13 dR:2.561E+12 NTR: 17 Htot:4.055E-17 T912: 2.68e+00###
 Hydrogen      6.94e-01 3.06e-01 H+o/Hden 1.00e+00 3.13e-08 H-    H2 1.95e-07 3.76e-09 H2+ HeH+ 1.75e-08 Ho+ ColD 4.24e+17 3.00e+17
 Helium        8.86e-01 1.14e-01 1.85e-08 HeI 2s3S 8.71e-07 Comp H,C 4.74e-27 7.35e-28 Fill Fac 1.00e+00 Gam1/tot 1.00e+00
 He singlet n  8.86e-01 1.04e-12 5.59e-18 1.01e-19 4.02e-19 2.37e-19 He tripl 8.71e-07 1.95e-17 2.14e-19 1.91e-18 6.55e-19
 Pressure      NgasTgas 5.60e+07 P(total) 7.73e-09 P( gas ) 7.73e-09 P(Radtn) 1.21e-13 Rad accl 2.40e-07 ForceMul 5.99e+05
 Texc(La)      3.54e+03 T(I con) 4.81e+00 T(D con) 2.46e+00 T(U tot) 4.89e+00 nT (c+d) 1.76e+06 Prad/Gas 1.56e-05 Pmag/Gas 0.00e+00
 Molecules     CH/Ctot: 1.03e-08 CH+/Ctot 1.50e-09 CO/Ctot: 2.39e-09 CO+/Ctot 3.49e-12 H2O/Otot 5.86e-16 OH/Ototl 7.18e-08
 Lithium       1.29e-01 8.71e-01 2.20e-13 0.00e+00 Berylliu 4.18e-01 5.69e-01 1.33e-02 0.00e+00 0.00e+00 sec ion: 0.00e+00
 Boron         7.48e-02 9.25e-01 5.38e-04 0.00e+00 0.00e+00 0.00e+00
 Carbon        1.10e-01 8.85e-01 5.13e-03 0.00e+00 0.00e+00 0.00e+00 0.00e+00 H2O+/O   2.69e-16 OH+/Otot 4.16e-08 Hex(tot) 0.00e+00
 Nitrogen      7.52e-01 2.48e-01 6.53e-06 0.00e+00 0.00e+00 0.00e+00 0.00e+00 0.00e+00 O2/Ototl 1.70e-12 O2+/Otot 1.49e-12
 Oxygen        7.44e-01 2.56e-01 2.71e-06 0.00e+00 0.00e+00 0.00e+00 0.00e+00 0.00e+00 0.00e+00
 Fluorine      5.05e-01 4.94e-01 8.46e-04 0.00e+00 0.00e+00 0.00e+00 0.00e+00 0.00e+00 0.00e+00 0.00e+00
 Neon          6.55e-01 3.44e-01 2.22e-04 0.00e+00 0.00e+00 0.00e+00 0.00e+00 0.00e+00 0.00e+00 0.00e+00 0.00e+00
 Sodium        4.36e-02 9.56e-01 6.82e-05 0.00e+00 0.00e+00 0.00e+00 0.00e+00 0.00e+00 0.00e+00 0.00e+00 0.00e+00 0.00e+00
 Magnesium     3.41e-02 9.57e-01 8.43e-03 0.00e+00 0.00e+00 0.00e+00 0.00e+00 0.00e+00 0.00e+00 0.00e+00 0.00e+00 0.00e+00 0.00e+00
 Aluminium  0  4.32e-04 9.98e-01 1.53e-03 0.00e+00 0.00e+00 0.00e+00 0.00e+00 0.00e+00 0.00e+00 0.00e+00 0.00e+00 0.00e+00 0.00e+00
 Silicon    0  1.17e-02 9.88e-01 8.01e-05 0.00e+00 0.00e+00 0.00e+00 0.00e+00 0.00e+00 0.00e+00 0.00e+00 0.00e+00 0.00e+00 0.00e+00
 Phosphorus 0  2.05e-03 9.95e-01 2.99e-03 0.00e+00 0.00e+00 0.00e+00 0.00e+00 0.00e+00 0.00e+00 0.00e+00 0.00e+00 0.00e+00 0.00e+00
 Sulphur    0  4.02e-02 9.36e-01 2.33e-02 0.00e+00 0.00e+00 0.00e+00 0.00e+00 0.00e+00 0.00e+00 0.00e+00 0.00e+00 0.00e+00 0.00e+00
 Chlorine   0  2.31e-03 9.82e-01 1.54e-02 0.00e+00 0.00e+00 0.00e+00 0.00e+00 0.00e+00 0.00e+00 0.00e+00 0.00e+00 0.00e+00 0.00e+00
 Argon      0  2.70e-01 6.65e-01 6.58e-02 0.00e+00 0.00e+00 0.00e+00 0.00e+00 0.00e+00 0.00e+00 0.00e+00 0.00e+00 0.00e+00 0.00e+00
 Potassium  0  9.77e-02 9.00e-01 2.15e-03 0.00e+00 0.00e+00 0.00e+00 0.00e+00 0.00e+00 0.00e+00 0.00e+00 0.00e+00 0.00e+00 0.00e+00
 Calcium    0  1.05e-01 8.38e-01 5.71e-02 0.00e+00 0.00e+00 0.00e+00 0.00e+00 0.00e+00 0.00e+00 0.00e+00 0.00e+00 0.00e+00 0.00e+00
 Scandium   0  7.90e-02 8.01e-01 1.19e-01 5.21e-04 0.00e+00 0.00e+00 0.00e+00 0.00e+00 0.00e+00 0.00e+00 0.00e+00 0.00e+00 0.00e+00
 Titanium   0  1.54e-04 9.64e-01 3.59e-02 1.13e-06 0.00e+00 0.00e+00 0.00e+00 0.00e+00 0.00e+00 0.00e+00 0.00e+00 0.00e+00 0.00e+00
 Vanadium   0  1.99e-01 7.34e-01 6.69e-02 0.00e+00 0.00e+00 0.00e+00 0.00e+00 0.00e+00 0.00e+00 0.00e+00 0.00e+00 0.00e+00 0.00e+00
 Chromium   0  5.02e-02 9.48e-01 2.21e-03 0.00e+00 0.00e+00 0.00e+00 0.00e+00 0.00e+00 0.00e+00 0.00e+00 0.00e+00 0.00e+00 0.00e+00
 Manganese  0  1.77e-04 9.97e-01 2.80e-03 0.00e+00 0.00e+00 0.00e+00 0.00e+00 0.00e+00 0.00e+00 0.00e+00 0.00e+00 0.00e+00 0.00e+00
 Iron       0  1.02e-04 9.99e-01 5.33e-04 0.00e+00 0.00e+00 0.00e+00 0.00e+00 0.00e+00 0.00e+00 0.00e+00 0.00e+00 0.00e+00 0.00e+00
 Cobalt     0  4.58e-01 5.42e-01 1.53e-04 0.00e+00 0.00e+00 0.00e+00 0.00e+00 0.00e+00 0.00e+00 0.00e+00 0.00e+00 0.00e+00 0.00e+00
 Nickel     0  3.13e-04 1.00e+00 1.81e-04 0.00e+00 0.00e+00 0.00e+00 0.00e+00 0.00e+00 0.00e+00 0.00e+00 0.00e+00 0.00e+00 0.00e+00
 Copper     0  1.73e-01 7.48e-01 7.86e-02 0.00e+00 0.00e+00 0.00e+00 0.00e+00 0.00e+00 0.00e+00 0.00e+00 0.00e+00 0.00e+00 0.00e+00
 Zinc       0  5.27e-01 4.58e-01 1.47e-02 7.56e-06 0.00e+00 0.00e+00 0.00e+00 0.00e+00 0.00e+00 0.00e+00 0.00e+00 0.00e+00 0.00e+00
                                                                             
   Calculation stopped because lowest Te reached. Iteration 3 of 3
   The geometry is plane-parallel.
  !Charge transfer ionization of H reached 237.1% of the local H ionization rate.
  !AGE: Cloud age was not set.  Longest timescale was 6.33e+08 s = 2.01e+01 years.
  !Mutual neutralization production of H-alpha was significant.
  !The CMB was not included.  This is added with the CMB command.
   The density is too low to l-mix the lowest H  I collapsed level.  More resolved levels are needed for accurate line ratios.
   The density is too low to l-mix the lowest He I collapsed level.  More resolved levels are needed for accurate line ratios.
   Grains were not present but might survive in this environment (energy density temperature was 5.00e+00K)

                       *********************************> Cloudy 13.03 <**********************************
                       * c                                                                               *
                       * phi(h) 9.000000 LOG range -0.000232 6.866524                                    *
                       * grid from 8 to 23 in 1 dex steps                                                *
                       * HDEN=4.000000 LOG                                                               *
                       * grid from 0 to 12 in 1 dex steps                                                *
                       * set pres ionize 1e5                                                             *
                       * c                                                                               *
                       * c                                                                               *
                       * table star "inst_padova_agbtrack_z.mod" age 6.3                                 *
                       * c                                                                               *
                       * c                                                                               *
                       * abundances GASS10                                                               *
                       * c                                                                               *
                       * c                                                                               *
                       * iterate to convergence max = 7                                                  *
                       * stop column density = 23                                                        *
                       * c                                                                               *
                       * c                                                                               *
                       * print last                                                                      *
                       * set save prefix "padova_inst_2"                                                 *
                       * save grid ".grd" last no hash                                                   *
                       * save linelist "emissionlines_abs.txt" "LineList_HII.dat" absolute last no hash    *
                       *********************************> Log(U): -5.48 <*********************************

                     Emission Line Spectrum.   Constant  Density Model.    Open geometry.  Iteration 3 of 3.
                                                     Intensity (erg/s/cm^2).


                                                   Intrinsic line intensities
 general properties..........      H  1 1.458m  -4.846   0.0444      Ca A 16.20m  -6.164   0.0021      He 1 1.278m  -6.102   0.0025            
 TOTL  4861A  -3.493   1.0000      H  1 1.458m  -4.390   0.1270      Ca A 12.38m  -6.289   0.0016      He 1 1.091m  -6.409   0.0012            
 TOTL  1216A  -1.984  32.3019      H  1 1.458m  -4.301   0.1557      Ca A 10.50m  -6.407   0.0012      He 1 1.870m  -6.159   0.0022            
 Inci     0   -0.848 441.7760      H  1 1.458m  -4.554   0.0869      Ca A 38.86m  -6.331   0.0015      He 1 4.048m  -6.298   0.0016            
 TotH     0   -2.370  13.2865      H  1 2.279m  -5.234   0.0182      Ca A 22.33m  -6.428   0.0012      Pho+  3889A  -4.264   0.1698            
 TotC     0   -2.370  13.2814      H  1 2.279m  -4.778   0.0520      Ca B  6563A  -3.009   3.0475      database lines..............            
 BFH1     0   -2.387  12.7914      H  1 2.279m  -4.654   0.0691      Ca B  4861A  -3.494   0.9997      level 1 lines...............            
 BFHe     0   -3.879   0.4112      H  1 2.279m  -4.757   0.0546      Ca B  4340A  -3.833   0.4573      C  1  1656A  -5.542   0.0089            
 TotM     0   -4.721   0.0592      H  1 2.279m  -5.172   0.0210      Ca B  4102A  -4.094   0.2506      REC   1656A  -5.896   0.0040            
 CT H     0   -5.336   0.0144      H  1 3.281m  -5.538   0.0090      Ca B  3970A  -4.307   0.1535      C Ic  9850A  -4.285   0.1617            
 H FB     0   -3.472   1.0504      H  1 3.281m  -5.082   0.0258      Ca B  3889A  -4.487   0.1015      TOTL  9850A  -4.285   0.1618            
 HFBc     0   -3.472   1.0504      H  1 3.281m  -4.945   0.0353      Ca B  3835A  -4.643   0.0708      C  1  8727A  -5.800   0.0049            
 continua....................      H  1 3.281m  -4.990   0.0318      Ca B  3798A  -4.781   0.0516      C  2 157.6m  -5.500   0.0098            
 Bac   3646A  -2.071  26.4225      H  1 3.281m  -5.229   0.0184      Ca B  3771A  -4.904   0.0388      C  2  1335A  -5.415   0.0120            
 nFnu  3645A  -2.062  27.0169      H  1 3.281m  -5.762   0.0054      Ca B  3750A  -5.015   0.0301      REC   1335A  -6.212   0.0019            
 nFnu  3647A  -3.719   0.5944      H  1 4.466m  -5.786   0.0051      Ca B  3734A  -5.116   0.0239      C  3 977.0A  -6.118   0.0024            
 cout  3646A  -2.372  13.2113      H  1 4.466m  -5.332   0.0145      Ca B  3722A  -5.207   0.0193      N  1 953.9A  -5.984   0.0032            
 cref  3646A  -2.372  13.2112      H  1 4.466m  -5.188   0.0202      Ca B  3712A  -5.290   0.0160      N  1  1200A  -5.577   0.0082            
 thin  3646A  -2.071  26.4226      H  1 4.466m  -5.206   0.0194      Ca B  3704A  -5.365   0.0134      N  1  5200A  -5.854   0.0044            
 Inci  4860A  -2.043  28.1988      H  1 4.466m  -5.371   0.0133      Ca B  3697A  -5.434   0.0115      N  1  5198A  -5.698   0.0062            
 Inci  1215A  -0.962 340.1736      H  1 4.466m  -5.709   0.0061      Ca B  3692A  -5.495   0.0100      TOTL  5199A  -5.468   0.0106            
 Ba C     0   -3.048   2.7901      H  1 4.466m  -6.329   0.0015      Ca B  3687A  -5.552   0.0087      N  2  6584A  -4.354   0.1380            
 PA C     0   -3.436   1.1424      H  1 5.834m  -5.995   0.0032      Ca B  3683A  -5.602   0.0078      N  2  6548A  -4.824   0.0468            
 FIR  83.00m  -2.424  11.7386      H  1 5.834m  -5.542   0.0089      Ca B  3679A  -5.648   0.0070      N  2 121.7m  -5.933   0.0036            
 TIR   1800m  -4.702   0.0619      H  1 5.834m  -5.396   0.0125      Ca B  3676A  -5.690   0.0064      N  2  1085A  -5.626   0.0074            
 NIRa 2.850m  -2.082  25.8130      H  1 5.834m  -5.400   0.0124      Ca B  3674A  -5.729   0.0058      O  1  6300A  -4.758   0.0544            
 NIRb 3.000m  -2.476  10.4102      H  1 5.834m  -5.527   0.0093      Ca B  3671A  -5.765   0.0053      O  1  6363A  -5.254   0.0173            
 MIRa 15.00m  -2.701   6.1943      H  1 5.834m  -5.779   0.0052      Ca B 1.875m  -3.877   0.4138      O  1 63.17m  -4.075   0.2620            
 MIRb 22.50m  -2.487  10.1445      H  1 5.834m  -6.191   0.0020      Ca B 1.282m  -4.224   0.1859      O  1 145.5m  -5.387   0.0128            
 NMIR 21.75m  -2.082  25.8130      H  1 7.383m  -6.174   0.0021      Ca B 1.094m  -4.495   0.0997      TOTL  3727A  -4.918   0.0376            
 TFIR 611.2m  -2.946   3.5278      H  1 7.383m  -5.723   0.0059      Ca B 1.005m  -4.714   0.0602      IONZ  3727A  -5.862   0.0043            
 TALL 10000A  -0.846 443.8373      H  1 7.383m  -5.576   0.0083      Ca B  9546A  -4.899   0.0393      IONZ  7325A  -6.301   0.0016            
 F12  12.00m  -3.305   1.5448      H  1 7.383m  -5.571   0.0084      Ca B  9229A  -5.058   0.0272      O II  3729A  -5.455   0.0109            
 F25  25.00m  -3.027   2.9287      H  1 7.383m  -5.677   0.0066      Ca B  9015A  -5.199   0.0197      O II  3726A  -5.143   0.0224            
 F60  60.00m  -2.806   4.8655      H  1 7.383m  -5.882   0.0041      Ca B  8863A  -5.324   0.0148      O  2 833.8A  -6.036   0.0029            
 F100 100.0m  -3.024   2.9484      H  1 7.383m  -6.198   0.0020      Ca B  8750A  -5.437   0.0114      Ne 2 12.81m  -3.943   0.3555            
 MIPS 24.00m  -3.171   2.0992      H  1 9.115m  -6.331   0.0015      Ca B  8665A  -5.540   0.0090      Na 1  5892A  -5.952   0.0035            
 MIPS 70.00m  -3.140   2.2551      H  1 9.115m  -5.881   0.0041      Ca B  8598A  -5.634   0.0072      Mg 1  2853A  -6.329   0.0015            
 MIPS 160.0m  -3.412   1.2074      H  1 9.115m  -5.734   0.0058      Ca B  8545A  -5.720   0.0059      TOTL  2798A  -5.056   0.0274            
 IRAC 3.600m  -3.972   0.3324      H  1 9.115m  -5.725   0.0059      Ca B  8502A  -5.798   0.0050      Mg 2  2796A  -5.251   0.0175            
 IRAC 4.500m  -3.830   0.4610      H  1 9.115m  -5.816   0.0048      Ca B  8467A  -5.870   0.0042      Mg 2  2803A  -5.499   0.0099            
 IRAC 5.800m  -3.641   0.7126      H  1 9.115m  -5.993   0.0032      Ca B  8438A  -5.936   0.0036      Si 2 34.81m  -3.773   0.5259            
 IRAC 8.000m  -3.534   0.9102      H  1 9.115m  -6.256   0.0017      Ca B  8413A  -5.996   0.0031      Si 2  1531A  -5.920   0.0037            
 SPR1 250.0m  -3.840   0.4502      H  1 11.03m  -5.171   0.0210      Ca B  8392A  -6.051   0.0028      Si 2  1308A  -5.895   0.0040            
 SPR2 350.0m  -4.272   0.1663      H  1 13.13m  -5.283   0.0162      Ca B  8374A  -6.102   0.0025      Si 2  1263A  -5.579   0.0082            
 SPR3 500.0m  -4.653   0.0692      H  1 15.40m  -5.387   0.0128      Ca B  8359A  -6.149   0.0022      P  2 32.87m  -5.785   0.0051            
 PAC1 70.00m  -3.085   2.5627      H  1 17.87m  -5.482   0.0103      Ca B  8346A  -6.192   0.0020      P  2 1.189m  -6.025   0.0029            
 PAC2 100.0m  -3.019   2.9846      H  1 20.51m  -5.571   0.0084      Ca B  8334A  -6.233   0.0018      S  1 25.19m  -5.587   0.0081            
 PAC3 160.0m  -3.158   2.1643      H  1 23.33m  -5.655   0.0069      Ca B 4.051m  -4.472   0.1051      S  2  6720A  -4.022   0.2963            
 PAH  3.300m  -4.761   0.0540      H  1 26.34m  -5.733   0.0058      Ca B 2.625m  -4.742   0.0564      S  2  4074A  -5.124   0.0234            
 PAHC 3.230m  -5.084   0.0256      H  1 29.53m  -5.807   0.0049      Ca B 2.166m  -4.969   0.0335      S  2 1.033m  -5.293   0.0159            
 PAHC 3.370m  -5.187   0.0203      H  1 32.91m  -5.877   0.0041      Ca B 1.945m  -5.159   0.0216      S II  6731A  -4.203   0.1951            
 PAH  6.200m  -4.456   0.1089      H  1 36.46m  -5.943   0.0035      Ca B 1.817m  -5.323   0.0148      S II  6716A  -4.488   0.1012            
 PAHC 5.650m  -4.380   0.1298      H  1 40.20m  -6.007   0.0031      Ca B 1.736m  -5.467   0.0106      S II  4070A  -5.249   0.0176            
 PAH  7.900m  -4.115   0.2392      H  1 44.12m  -6.067   0.0027      Ca B 1.681m  -5.595   0.0079      S II  4078A  -5.727   0.0058            
 PAHC 6.900m  -3.794   0.5007      H  1 48.22m  -6.125   0.0023      Ca B 1.641m  -5.711   0.0061      S II 1.032m  -5.740   0.0057            
 PAH  11.30m  -4.620   0.0747      H  1 52.50m  -6.180   0.0021      Ca B 1.611m  -5.816   0.0048      S II 1.029m  -5.875   0.0042            
 PAHC 10.90m  -4.661   0.0679      H  1 56.97m  -4.988   0.0320      Ca B 1.588m  -5.912   0.0038      S II 1.037m  -6.186   0.0020            
 PAH  11.80m  -4.433   0.1150      He 1 504.3A  -3.803   0.4906      Ca B 1.570m  -6.001   0.0031      S II 1.034m  -5.889   0.0040            
 PAHC 12.65m  -3.805   0.4880      He 1  2600A  -5.221   0.0187      Ca B 1.556m  -6.083   0.0026      S  3 18.67m  -4.873   0.0417            
 PAH  13.30m  -4.382   0.1293      He 1  3121A  -5.733   0.0058      Ca B 1.544m  -6.158   0.0022      S  3 33.47m  -5.473   0.0105            
 PAHC 14.10m  -4.260   0.1714      He 1  3421A  -5.651   0.0070      Ca B 1.534m  -6.228   0.0018      S  3  9532A  -5.341   0.0142            
 Bcon  3640A  -0.956 344.8684      He 1  3421A  -5.174   0.0209      Ca B 1.526m  -6.293   0.0016      S  3  9069A  -5.736   0.0057            
 Pcon  5000A  -2.035  28.7082      He 1  3421A  -4.952   0.0348      Ca B 1.519m  -6.353   0.0014      Cl 2 33.30m  -6.147   0.0022            
 HFFc     0   -3.814   0.4785      He 1  3679A  -5.366   0.0134      Ca B 1.513m  -6.408   0.0012      Cl 2 14.40m  -4.859   0.0431            
 H FF     0   -3.834   0.4562      He 1  6632A  -6.208   0.0019      Ca B 1.508m  -6.460   0.0011      Cl 2  8579A  -5.245   0.0177            
 HeFF     0   -5.433   0.0115      He 1  7843A  -5.480   0.0103      Ca B 7.458m  -4.953   0.0347      Cl 2  9124A  -5.823   0.0047            
 MeFB     0   -6.135   0.0023      He 1  8188A  -5.610   0.0077      Ca B 4.653m  -5.167   0.0212      Ar 2 6.980m  -4.019   0.2980            
 ToFF     0   -3.823   0.4684      He 1  8191A  -6.098   0.0025      Ca B 3.740m  -5.360   0.0136      Ar 3  7135A  -5.992   0.0032            
 nFnu 122.4m  -5.258   0.0172      He 1  8261A  -6.072   0.0026      Ca B 3.296m  -5.527   0.0093      Ar 3 21.83m  -6.333   0.0014            
 nInu 122.4m  -2.610   7.6469      He 1 1.409m  -6.022   0.0030      Ca B 3.038m  -5.673   0.0066      Ar 3 9.000m  -5.087   0.0255            
 nFnu 60.83m  -5.016   0.0300      He 1 1.456m  -6.010   0.0030      Ca B 2.872m  -5.804   0.0049      Ca 1  4228A  -6.045   0.0028            
 nInu 60.83m  -2.657   6.8565      He 1 1.458m  -6.273   0.0017      Ca B 2.758m  -5.922   0.0037      Ca 2  3933A  -5.253   0.0174            
 nFnu 41.22m  -4.853   0.0437      He 1 2.217m  -6.422   0.0012      Ca B 2.674m  -6.029   0.0029      Ca 2  8579A  -6.347   0.0014            
 nInu 41.22m  -2.770   5.2939      He 1 2.275m  -6.359   0.0014      Ca B 2.612m  -6.127   0.0023      Ca 2  7306A  -3.812   0.4806            
 nFnu 30.87m  -4.745   0.0560      He 1 2.278m  -6.476   0.0010      Ca B 2.564m  -6.218   0.0019      Ca2K  3934A  -5.448   0.0111            
 nInu 30.87m  -2.872   4.1820      He 1 4.465m  -6.187   0.0020      Ca B 2.525m  -6.303   0.0016      Ca2H  3969A  -5.694   0.0063            
 nFnu 24.78m  -4.663   0.0677      He 1 5.831m  -6.359   0.0014      Ca B 2.495m  -6.381   0.0013      CaF1  7291A  -4.038   0.2853            
 nInu 24.78m  -2.951   3.4847      C  1  1101A  -5.729   0.0058      Ca B 2.469m  -6.454   0.0011      CaF2  7324A  -4.203   0.1953            
 nFnu 24.30m  -4.656   0.0687      N  1 853.4A  -6.222   0.0019      Ca B 12.37m  -5.361   0.0136      Fe2c     0   -2.554   8.6975            
 nInu 24.30m  -2.958   3.4274      Si 1  1521A  -6.479   0.0010      Ca B 7.500m  -5.534   0.0091      Fe 2  4300A  -4.522   0.0937            
 nFnu 22.83m  -4.631   0.0729      S  1  1197A  -6.453   0.0011      Ca B 5.907m  -5.700   0.0062      Fe 2  2400A  -5.401   0.0124            
 nInu 22.83m  -2.980   3.2610      grains......................      Ca B 5.127m  -5.847   0.0044      Fe 2 25.98m  -3.490   1.0081            
 nFnu 21.42m  -4.609   0.0766      H-like iso-sequence.........      Ca B 4.671m  -5.979   0.0033      Fe 2 5.339m  -3.916   0.3776            
 nInu 21.42m  -3.003   3.0899      Ca B  1216A  -1.971  33.2614      Ca B 4.375m  -6.098   0.0025      Fe 2 4.114m  -5.295   0.0158            
 nFnu 21.12m  -4.604   0.0775      Q(H)  4861A  -3.308   1.5343      Ca B 4.170m  -6.207   0.0019      Fe 2 1.257m  -3.374   1.3162            
 nInu 21.12m  -3.009   3.0517      Q(H)  1216A  -1.787  50.8971      Ca B 4.020m  -6.307   0.0015      Fe 2 35.34m  -4.039   0.2846            
 nFnu 19.62m  -4.574   0.0830      CaBo  4861A  -3.477   1.0378      Ca B 3.906m  -6.400   0.0012      Fe 2 6.719m  -5.745   0.0056            
 nInu 19.62m  -3.035   2.8757      Ca A  1216A  -2.101  24.6911      Ca B 3.818m  -6.486   0.0010      Fe 2 4.888m  -5.749   0.0056            
 nFnu 17.65m  -4.530   0.0919      Ca A  1026A  -2.830   4.6039      Ca B 19.06m  -5.716   0.0060      Fe 2 4.075m  -5.730   0.0058            
 nInu 17.65m  -3.078   2.6023      Ca A 972.5A  -3.254   1.7369      Ca B 11.31m  -5.858   0.0043      Fe 2 1.321m  -3.952   0.3482            
 nFnu 17.37m  -4.526   0.0929      Ca A 949.7A  -3.561   0.8562      Ca B 8.758m  -6.002   0.0031      Fe 2 1.249m  -5.020   0.0297            
 nInu 17.37m  -3.084   2.5671      Ca A 937.8A  -3.803   0.4901      Ca B 7.506m  -6.133   0.0023      Fe 2  7638A  -5.132   0.0230            
 nFnu 15.69m  -4.494   0.0998      Ca A 930.8A  -4.004   0.3085      Ca B 6.770m  -6.253   0.0017      Fe 2 51.29m  -4.726   0.0586            
 nInu 15.69m  -3.123   2.3442      Ca A 926.2A  -4.176   0.2078      Ca B 6.290m  -6.363   0.0014      Fe 2 8.297m  -5.836   0.0045            
 nFnu 14.60m  -4.461   0.1077      Ca A 923.2A  -4.325   0.1472      Ca B 5.955m  -6.463   0.0011      Fe 2 5.672m  -5.123   0.0235            
 nInu 14.60m  -3.151   2.1998      Ca A 921.0A  -4.457   0.1086      Ca B 27.80m  -6.031   0.0029      Fe 2 4.606m  -5.542   0.0089            
 nFnu 12.43m  -4.397   0.1248      Ca A 919.4A  -4.575   0.0830      Ca B 16.20m  -6.149   0.0022      Fe 2 4.081m  -5.625   0.0074            
 nInu 12.43m  -3.216   1.8937      Ca A 918.1A  -4.679   0.0653      Ca B 12.38m  -6.275   0.0017      Fe 2 1.372m  -4.176   0.2079            
 nFnu 11.40m  -4.373   0.1321      Ca A 917.2A  -4.771   0.0528      Ca B 10.50m  -6.393   0.0013      Fe 2 1.294m  -4.352   0.1384            
 nInu 11.40m  -3.250   1.7530      Ca A 916.4A  -4.853   0.0437      Ca B 38.86m  -6.313   0.0015      Fe 2  7687A  -5.456   0.0109            
 nFnu 10.46m  -4.329   0.1459      Ca A 915.8A  -4.925   0.0370      Ca B 22.33m  -6.412   0.0012      Fe 2 87.36m  -5.790   0.0051            
 nInu 10.46m  -3.283   1.6228      Ca A 915.3A  -4.989   0.0319      H  1     0   -3.361   1.3562      Fe 2 9.898m  -5.913   0.0038            
 nFnu 9.480m  -4.302   0.1553      Ca A 914.9A  -5.045   0.0281      H  1  1216A  -1.984  32.3019      Fe 2 5.061m  -6.204   0.0019            
 nInu 9.480m  -3.323   1.4820      Ca A 914.6A  -5.094   0.0251      H  1  1026A  -4.869   0.0421      Fe 2 4.434m  -5.506   0.0097            
 nFnu 9.325m  -4.298   0.1567      Ca A 914.3A  -5.134   0.0229      H  1 972.5A  -4.961   0.0340      Fe 2 1.328m  -4.598   0.0786            
 nInu 9.325m  -3.329   1.4619      Ca A 914.0A  -5.168   0.0212      H  1 949.7A  -4.964   0.0339      Fe 2 1.279m  -4.575   0.0828            
 nFnu 8.210m  -4.239   0.1795      Ca A 913.8A  -5.195   0.0199      H  1 937.8A  -4.941   0.0357      Fe 2 1.252m  -5.471   0.0105            
 nInu 8.210m  -3.380   1.2981      Ca A 913.6A  -5.217   0.0189      H  1 930.8A  -5.058   0.0273      Fe 2  7665A  -6.021   0.0030            
 nFnu 7.580m  -4.220   0.1876      Ca A 913.5A  -5.235   0.0181      H  1 926.2A  -5.145   0.0223      Fe 2 11.16m  -5.965   0.0034            
 nInu 7.580m  -3.412   1.2060      Ca A 913.3A  -5.250   0.0175      H  1 923.2A  -5.155   0.0218      Fe 2 1.298m  -4.939   0.0359            
 nFnu 7.050m  -4.168   0.2116      Ca A  6563A  -3.167   2.1224      H  1 921.0A  -5.164   0.0214      Fe 2 1.270m  -4.758   0.0544            
 nInu 7.050m  -3.440   1.1306      Ca A  4861A  -3.651   0.6953      H  1  6563A  -3.007   3.0676      Fe 2  7874A  -6.314   0.0015            
 nFnu 4.114m  -3.948   0.3515      Ca A  4340A  -3.990   0.3188      H  1  4861A  -3.493   1.0000      Fe 2 17.93m  -3.375   1.3125            
 nInu 4.114m  -3.544   0.8892      Ca A  4102A  -4.250   0.1753      H  1  4340A  -3.829   0.4614      Fe 2 1.644m  -3.447   1.1132            
 nFnu 2.324m  -3.831   0.4600      Ca A  3970A  -4.461   0.1078      H  1  4102A  -4.082   0.2577      Fe 2 1.533m  -4.297   0.1571            
 nInu 2.324m  -3.319   1.4945      Ca A  3889A  -4.639   0.0715      H  1  3970A  -4.293   0.1586      Fe 2  8617A  -4.553   0.0871            
 nFnu 1.643m  -3.699   0.6224      Ca A  3835A  -4.795   0.0500      H  1  3889A  -4.468   0.1060      Fe 2 24.51m  -4.023   0.2956            
 nInu 1.643m  -3.086   2.5537      Ca A  3798A  -4.932   0.0364      H  1  3835A  -4.606   0.0771      Fe 2 1.809m  -4.150   0.2206            
 nFnu 1.480m  -3.741   0.5651      Ca A  3771A  -5.055   0.0274      H  1  3798A  -4.711   0.0607      Fe 2 1.677m  -4.437   0.1140            
 nInu 1.480m  -3.042   2.8270      Ca A  3750A  -5.167   0.0212      H  1 1.875m  -3.867   0.4235      Fe 2 1.599m  -4.514   0.0953            
 nFnu 1.436m  -3.332   1.4487      Ca A  3734A  -5.268   0.0168      H  1 1.282m  -4.221   0.1871      Fe 2  9052A  -5.212   0.0191            
 nInu 1.436m  -2.915   3.7851      Ca A  3722A  -5.361   0.0136      H  1 1.094m  -4.491   0.1006      Fe 2  8892A  -5.099   0.0248            
 nFnu 1.119m  -3.480   1.0326      Ca A  3712A  -5.446   0.0111      H  1 1.005m  -4.709   0.0608      Fe 2 35.77m  -4.830   0.0460            
 nInu 1.119m  -2.766   5.3374      Ca A  3704A  -5.524   0.0093      H  1  9546A  -4.891   0.0400      Fe 2 1.800m  -4.608   0.0768            
 nFnu  8330A  -3.729   0.5814      Ca A  3697A  -5.593   0.0079      H  1  9229A  -5.039   0.0285      Fe 2 1.711m  -5.096   0.0250            
 nInu  8330A  -2.581   8.1696      Ca A  3692A  -5.657   0.0069      H  1  9015A  -5.155   0.0218      Fe 2 1.664m  -4.798   0.0496            
 nFnu  8079A  -2.874   4.1614      Ca A  3687A  -5.714   0.0060      H  1 4.051m  -4.454   0.1094      Fe 2  9399A  -5.988   0.0032            
 nInu  8079A  -2.426  11.6865      Ca A  3683A  -5.765   0.0053      H  1 2.625m  -4.736   0.0572      Fe 2  9227A  -5.355   0.0137            
 nFnu  6210A  -3.249   1.7549      Ca A  3679A  -5.811   0.0048      H  1 2.166m  -4.964   0.0338      Fe 2  9033A  -5.770   0.0053            
 nInu  6210A  -2.249  17.5431      Ca A  3676A  -5.853   0.0044      H  1 1.945m  -5.154   0.0219      Fe 2 1.797m  -4.869   0.0421            
 nFnu  4885A  -3.637   0.7188      Ca A  3674A  -5.891   0.0040      H  1 1.817m  -5.311   0.0152      Fe 2 1.745m  -5.107   0.0244            
 nInu  4885A  -2.042  28.2858      Ca A  3671A  -5.926   0.0037      H  1 1.736m  -5.437   0.0114      Fe 2  9471A  -5.921   0.0037            
 nFnu  3704A  -3.820   0.4716      Ca A 1.875m  -3.916   0.3779      H  1 7.458m  -4.927   0.0368      Fe 2  9268A  -5.665   0.0067            
 nInu  3704A  -1.808  48.4224      Ca A 1.282m  -4.272   0.1666      H  1 4.653m  -5.158   0.0216      Fe 2 22.90m  -5.522   0.0094            
 nFnu  3588A  -2.111  24.1386      Ca A 1.094m  -4.547   0.0884      H  1 3.740m  -5.353   0.0138      Fe 2 1.811m  -6.008   0.0031            
 nInu  3588A  -1.644  70.6800      Ca A 1.005m  -4.769   0.0531      H  1 3.296m  -5.517   0.0095      Fe 2 1.748m  -6.341   0.0014            
 nFnu  2430A  -3.300   1.5615      Ca A  9546A  -4.954   0.0346      H  1 3.038m  -5.653   0.0069      Fe 2 34.65m  -6.291   0.0016            
 nInu  2430A  -1.399 124.4010      Ca A  9229A  -5.115   0.0239      H  1 12.37m  -5.327   0.0147      Fe2b  7000A  -4.916   0.0378            
 nFnu  2392A  -3.319   1.4933      Ca A  9015A  -5.256   0.0173      H  1 7.500m  -5.520   0.0094      Fe2b 10000A  -2.851   4.3929            
 nInu  2392A  -1.388 127.4598      Ca A  8863A  -5.382   0.0129      H  1 5.907m  -5.689   0.0064      Fe2b  7445A  -4.916   0.0378            
 nFnu  2071A  -3.345   1.4069      Ca A  8750A  -5.497   0.0099      H  1 5.127m  -5.831   0.0046      Fe2b  8625A  -4.285   0.1615            
 nInu  2071A  -1.272 166.5405      Ca A  8665A  -5.601   0.0078      H  1 19.06m  -5.673   0.0066      Fe2b 1.033m  -5.921   0.0037            
 nFnu  2053A  -3.340   1.4222      Ca A  8598A  -5.696   0.0063      H  1 11.31m  -5.837   0.0045      Fe2b 1.889m  -3.897   0.3951            
 nInu  2053A  -1.271 166.8771      Ca A  8545A  -5.784   0.0051      H  1 8.758m  -5.986   0.0032      Fe 2  1786A  -5.825   0.0047            
 nFnu  1793A  -3.256   1.7267      Ca A  8502A  -5.865   0.0042      H  1 27.80m  -5.979   0.0033      Fe3c     0   -6.068   0.0027            
 nInu  1793A  -1.167 211.8606      Ca A  8467A  -5.940   0.0036      H  1 16.20m  -6.119   0.0024      Fe 3 22.92m  -6.211   0.0019            
 nFnu  1585A  -3.188   2.0221      Ca A  8438A  -6.009   0.0031      H  1 38.86m  -6.250   0.0018      recombination...............            
 nInu  1585A  -1.142 224.7341      Ca A  8413A  -6.072   0.0026      He-like iso-sequence........      O  1  1357A  -5.724   0.0059            
 nFnu  1458A  -3.164   2.1329      Ca A  8392A  -6.132   0.0023      Clin 506.0A  -6.354   0.0014      C  1  1140A  -5.706   0.0061            
 nInu  1458A  -1.041 283.7328      Ca A  8374A  -6.186   0.0020      Hlin 506.0A  -5.491   0.0101      C  2 799.8A  -6.012   0.0030            
 nFnu  1357A  -3.189   2.0138      Ca A  8359A  -6.237   0.0018      Ca B  2945A  -5.795   0.0050      N  1 980.7A  -6.140   0.0023            
 nInu  1357A  -0.972 331.9219      Ca A  8346A  -6.285   0.0016      Ca B  3188A  -5.475   0.0104      O  1  7950A  -6.276   0.0017            
 nFnu  1297A  -3.264   1.6962      Ca A  8334A  -6.329   0.0015      Ca B  3614A  -6.363   0.0013      level2 lines................            
 nInu  1297A  -0.965 337.9644      Ca A 4.051m  -4.493   0.1001      Ca B  3889A  -5.066   0.0268      C  1 943.9A  -5.512   0.0096            
 nFnu  1263A  -3.398   1.2470      Ca A 2.625m  -4.766   0.0534      Ca B  3965A  -6.053   0.0028      C  1  1248A  -5.752   0.0055            
 nInu  1263A  -0.977 328.4966      Ca A 2.166m  -4.995   0.0315      Ca B  4026A  -5.690   0.0064      C  1  1561A  -5.989   0.0032            
 nFnu  1218A  -3.095   2.5026      Ca A 1.945m  -5.187   0.0203      Ca B  4388A  -6.262   0.0017      C  1  1315A  -5.916   0.0038            
 nInu  1218A  -0.963 338.8304      Ca A 1.817m  -5.352   0.0139      Ca B  4471A  -5.354   0.0138      C  1  1166A  -6.040   0.0028            
 nFnu  1196A  -3.795   0.4997      Ca A 1.736m  -5.497   0.0099      Ca B  4713A  -6.470   0.0011      C  1  1233A  -6.200   0.0020            
 nInu  1196A  -0.957 343.5172      Ca A 1.681m  -5.626   0.0074      Ca B  4922A  -5.918   0.0038      C  1  1132A  -6.247   0.0018            
 nFnu  1175A  -3.802   0.4916      Ca A 1.641m  -5.742   0.0056      Ca B  5016A  -5.644   0.0071      C  1  1251A  -6.267   0.0017            
 nInu  1175A  -0.981 325.5452      Ca A 1.611m  -5.849   0.0044      Ca B  5876A  -4.881   0.0409      C  1  1112A  -6.429   0.0012            
 nFnu  1144A  -3.787   0.5083      Ca A 1.588m  -5.946   0.0035      Ca B  6678A  -5.425   0.0117      C  1  1115A  -6.476   0.0010            
 nInu  1144A  -0.880 410.9607      Ca A 1.570m  -6.037   0.0029      Ca B  7065A  -5.765   0.0053      C  2 892.8A  -5.700   0.0062            
 nFnu  1113A  -3.771   0.5280      Ca A 1.556m  -6.120   0.0024      Ca B  7281A  -6.287   0.0016      C  2 688.8A  -5.932   0.0036            
 nInu  1113A  -0.964 338.5036      Ca A 1.544m  -6.198   0.0020      Ca B 1.083m  -4.392   0.1263      C  2  1020A  -5.415   0.0120            
 nFnu  1103A  -3.656   0.6876      Ca A 1.534m  -6.271   0.0017      Ca B 1.278m  -6.114   0.0024      C  2 596.6A  -5.929   0.0037            
 nInu  1103A  -0.868 422.6044      Ca A 1.526m  -6.339   0.0014      Ca B 1.869m  -5.725   0.0059      C  2 562.0A  -6.104   0.0024            
 nFnu  1074A  -3.690   0.6365      Ca A 1.519m  -6.402   0.0012      Ca B 1.870m  -6.203   0.0020      N  1 942.3A  -5.865   0.0043            
 nInu  1074A  -0.882 408.3078      Ca A 1.513m  -6.462   0.0011      Ca B 2.058m  -5.498   0.0099      N  1 952.1A  -5.996   0.0031            
 nFnu  1064A  -3.696   0.6278      Ca A 7.458m  -4.969   0.0334      He 1     0   -3.693   0.6310      N  1  1131A  -6.176   0.0021            
 nInu  1064A  -0.857 433.2967      Ca A 4.653m  -5.184   0.0204      He 1 584.3A  -4.650   0.0698      N  2 634.4A  -6.476   0.0010            
 nFnu  1036A  -3.699   0.6235      Ca A 3.740m  -5.378   0.0131      He 1 537.0A  -5.860   0.0043      N  2 907.1A  -6.113   0.0024            
 nInu  1036A  -0.898 394.2003      Ca A 3.296m  -5.546   0.0089      He 1 522.2A  -5.666   0.0067      O  1 867.3A  -6.042   0.0028            
 nFnu  1000A  -3.686   0.6415      Ca A 3.038m  -5.693   0.0063      He 1 515.6A  -5.677   0.0066      O  1 976.8A  -5.564   0.0085            
 nInu  1000A  -0.939 358.3484      Ca A 2.872m  -5.824   0.0047      He 1 512.1A  -5.710   0.0061      O  1 767.7A  -6.450   0.0011            
 nFnu 925.1A  -3.638   0.7174      Ca A 2.758m  -5.943   0.0036      He 1 625.6A  -3.572   0.8336      O  1 969.0A  -5.684   0.0064            
 nInu 925.1A  -0.921 374.0493      Ca A 2.674m  -6.051   0.0028      TOTL 1.083m  -4.466   0.1066      O  1 946.4A  -5.822   0.0047            
 nFnu 897.8A  -1.449 110.7623      Ca A 2.612m  -6.150   0.0022      He 1 1.083m  -4.466   0.1066      O  1 934.5A  -5.964   0.0034            
 nInu 897.8A  -2.386  12.7929      Ca A 2.564m  -6.242   0.0018      He 1 1.083m  -5.420   0.0118      O  1 973.6A  -6.127   0.0023            
 nFnu 760.0A  -3.714   0.6016      Ca A 2.525m  -6.328   0.0015      He 1 1.083m  -4.943   0.0355      O  1 927.5A  -6.243   0.0018            
 nInu 760.0A  -2.092  25.2025      Ca A 2.495m  -6.408   0.0012      He 1 1.083m  -4.721   0.0592      O  1 948.5A  -6.331   0.0015            
 nFnu 701.5A  -3.971   0.3327      Ca A 2.469m  -6.483   0.0010      He 1  3889A  -5.100   0.0247      O  1 923.0A  -6.493   0.0010            
 nInu 701.5A  -2.056  27.3948      Ca A 12.37m  -5.377   0.0131      He 1  3188A  -5.511   0.0096      O  2 530.8A  -6.373   0.0013            
 nFnu 608.2A  -5.638   0.0072      Ca A 7.500m  -5.549   0.0088      He 1  2945A  -5.834   0.0046      Ne 1 688.6A  -6.330   0.0015            
 nInu 608.2A  -1.766  53.4146      Ca A 5.907m  -5.714   0.0060      He 1  2829A  -6.091   0.0025      Al 2  1671A  -5.909   0.0038            
 nFnu 575.1A  -5.043   0.0282      Ca A 5.127m  -5.862   0.0043      He 1 2.058m  -5.881   0.0041      Si 2  1180A  -5.559   0.0086            
 nInu 575.1A  -1.706  61.2582      Ca A 4.671m  -5.995   0.0032      He 1  5016A  -5.703   0.0062      Si 2 993.4A  -5.847   0.0044            
 nFnu 511.9A  -6.435   0.0011      Ca A 4.375m  -6.115   0.0024      He 1  3965A  -6.065   0.0027      Si 2  1024A  -6.441   0.0011            
 nInu 511.9A  -1.657  68.5498      Ca A 4.170m  -6.224   0.0019      He 1  3614A  -6.332   0.0015      S  2 750.3A  -6.079   0.0026            
 nFnu 496.9A  -2.369  13.3270      Ca A 4.020m  -6.325   0.0015      He 1  7065A  -5.829   0.0046      S  2 888.4A  -6.316   0.0015            
 nInu 496.9A  -1.998  31.2846      Ca A 3.906m  -6.418   0.0012      He 1  5876A  -4.866   0.0424      hyperfine structure.........            
 nInu 399.2A  -2.126  23.3089      Ca A 19.06m  -5.732   0.0058      He 1  4471A  -5.364   0.0135      inner shell.................            
 RRC.........................      Ca A 11.31m  -5.873   0.0042      He 1  4026A  -5.708   0.0061      molecules...................            
 H  1 911.8A  -2.849   4.4136      Ca A 8.758m  -6.016   0.0030      He 1  3820A  -5.972   0.0033      H-FB     0   -5.371   0.0133            
 H  1  3646A  -3.552   0.8743      Ca A 7.506m  -6.147   0.0022      He 1  7281A  -6.298   0.0016      H-FF     0   -5.487   0.0101            
 H  1  3646A  -3.156   2.1727      Ca A 6.770m  -6.267   0.0017      He 1  6678A  -5.407   0.0122      H-CT  6563A  -4.955   0.0345            
 H  1  8204A  -4.320   0.1490      Ca A 6.290m  -6.377   0.0013      He 1  4922A  -5.924   0.0037      H2+      0   -5.628   0.0073            
 H  1  8204A  -3.873   0.4175      Ca A 5.955m  -6.479   0.0010      He 1  4388A  -6.274   0.0017            
 H  1  8204A  -3.896   0.3960      Ca A 27.80m  -6.048   0.0028      He 1 1.869m  -5.680   0.0065            

                                                    Emergent line intensities
 general properties..........      nFnu 575.1A  -5.043   0.0282      Ca B  8374A  -6.102   0.0025      N  1 953.9A  -5.985   0.0032            
 TOTL  4861A  -3.493   1.0000      nInu 575.1A  -1.706  61.2584      Ca B  8359A  -6.149   0.0022      N  1  1200A  -5.577   0.0082            
 TOTL  1216A  -1.984  32.3004      nFnu 511.9A  -6.435   0.0011      Ca B  8346A  -6.192   0.0020      N  1  5200A  -5.854   0.0044            
 continua....................      nInu 511.9A  -1.657  68.5501      Ca B  8334A  -6.233   0.0018      N  1  5198A  -5.698   0.0062            
 Bac   3646A  -2.071  26.4226      nFnu 496.9A  -2.369  13.3271      Ca B 4.051m  -4.472   0.1051      TOTL  5199A  -5.468   0.0106            
 nFnu  3645A  -2.062  27.0170      nInu 496.9A  -1.998  31.2847      Ca B 2.625m  -4.742   0.0564      N  2  6584A  -4.354   0.1380            
 nFnu  3647A  -3.719   0.5944      nInu 399.2A  -2.126  23.3090      Ca B 2.166m  -4.969   0.0335      N  2  6548A  -4.824   0.0468            
 cout  3646A  -2.372  13.2113      RRC.........................      Ca B 1.945m  -5.159   0.0216      N  2 121.7m  -5.933   0.0036            
 cref  3646A  -2.372  13.2113      grains......................      Ca B 1.817m  -5.323   0.0148      N  2  1085A  -5.626   0.0074            
 thin  3646A  -2.071  26.4227      H-like iso-sequence.........      Ca B 1.736m  -5.467   0.0106      O  1  6300A  -4.758   0.0544            
 Inci  4860A  -2.043  28.1989      Ca B  1216A  -1.971  33.2616      Ca B 1.681m  -5.595   0.0079      O  1  6363A  -5.254   0.0173            
 Inci  1215A  -0.962 340.1751      Q(H)  4861A  -3.308   1.5343      Ca B 1.641m  -5.711   0.0061      O  1 63.17m  -4.075   0.2620            
 FIR  83.00m  -2.424  11.7386      Q(H)  1216A  -1.787  50.8974      Ca B 1.611m  -5.816   0.0048      O  1 145.5m  -5.387   0.0128            
 TIR   1800m  -4.702   0.0619      CaBo  4861A  -3.746   0.5593      Ca B 1.588m  -5.912   0.0038      TOTL  3727A  -4.918   0.0376            
 NIRa 2.850m  -2.082  25.8131      Ca A  1216A  -2.101  24.6894      Ca B 1.570m  -6.001   0.0031      IONZ  3727A  -5.862   0.0043            
 NIRb 3.000m  -2.476  10.4103      Ca A  1026A  -2.831   4.5952      Ca B 1.556m  -6.083   0.0026      IONZ  7325A  -6.301   0.0016            
 MIRa 15.00m  -2.701   6.1943      Ca A 972.5A  -3.254   1.7337      Ca B 1.544m  -6.158   0.0022      O II  3729A  -5.455   0.0109            
 MIRb 22.50m  -2.487  10.1445      Ca A 949.7A  -3.562   0.8547      Ca B 1.534m  -6.228   0.0018      O II  3726A  -5.143   0.0224            
 NMIR 21.75m  -2.082  25.8131      Ca A 937.8A  -3.804   0.4892      Ca B 1.526m  -6.293   0.0016      O  2 833.8A  -6.264   0.0017            
 TFIR 611.2m  -2.946   3.5279      Ca A 930.8A  -4.005   0.3080      Ca B 1.519m  -6.353   0.0014      Ne 2 12.81m  -3.943   0.3555            
 TALL 10000A  -0.846 443.8367      Ca A 926.2A  -4.177   0.2074      Ca B 1.513m  -6.408   0.0012      Na 1  5892A  -5.952   0.0035            
 F12  12.00m  -3.305   1.5448      Ca A 923.2A  -4.326   0.1470      Ca B 1.508m  -6.460   0.0011      Mg 1  2853A  -6.329   0.0015            
 F25  25.00m  -3.027   2.9287      Ca A 921.0A  -4.458   0.1084      Ca B 7.458m  -4.953   0.0347      TOTL  2798A  -5.056   0.0274            
 F60  60.00m  -2.806   4.8655      Ca A 919.4A  -4.575   0.0828      Ca B 4.653m  -5.167   0.0212      Mg 2  2796A  -5.251   0.0175            
 F100 100.0m  -3.024   2.9484      Ca A 918.1A  -4.680   0.0651      Ca B 3.740m  -5.360   0.0136      Mg 2  2803A  -5.499   0.0099            
 MIPS 24.00m  -3.171   2.0992      Ca A 917.2A  -4.772   0.0527      Ca B 3.296m  -5.527   0.0093      Si 2 34.81m  -3.773   0.5259            
 MIPS 70.00m  -3.140   2.2551      Ca A 916.4A  -4.854   0.0436      Ca B 3.038m  -5.673   0.0066      Si 2  1531A  -5.920   0.0037            
 MIPS 160.0m  -3.412   1.2074      Ca A 915.8A  -4.926   0.0369      Ca B 2.872m  -5.804   0.0049      Si 2  1308A  -5.895   0.0040            
 IRAC 3.600m  -3.972   0.3324      Ca A 915.3A  -4.990   0.0319      Ca B 2.758m  -5.922   0.0037      Si 2  1263A  -5.579   0.0082            
 IRAC 4.500m  -3.830   0.4610      Ca A 914.9A  -5.046   0.0280      Ca B 2.674m  -6.029   0.0029      P  2 32.87m  -5.785   0.0051            
 IRAC 5.800m  -3.641   0.7126      Ca A 914.6A  -5.095   0.0251      Ca B 2.612m  -6.127   0.0023      P  2 1.189m  -6.025   0.0029            
 IRAC 8.000m  -3.534   0.9102      Ca A 914.3A  -5.135   0.0228      Ca B 2.564m  -6.218   0.0019      S  1 25.19m  -5.587   0.0081            
 SPR1 250.0m  -3.840   0.4502      Ca A 914.0A  -5.169   0.0211      Ca B 2.525m  -6.303   0.0016      S  2  6720A  -4.022   0.2963            
 SPR2 350.0m  -4.272   0.1663      Ca A 913.8A  -5.196   0.0199      Ca B 2.495m  -6.381   0.0013      S  2  4074A  -5.124   0.0234            
 SPR3 500.0m  -4.653   0.0692      Ca A 913.6A  -5.217   0.0189      Ca B 2.469m  -6.454   0.0011      S  2 1.033m  -5.293   0.0159            
 PAC1 70.00m  -3.085   2.5627      Ca A 913.5A  -5.235   0.0181      Ca B 12.37m  -5.361   0.0136      S II  6731A  -4.203   0.1951            
 PAC2 100.0m  -3.019   2.9847      Ca A 913.3A  -5.251   0.0175      Ca B 7.500m  -5.534   0.0091      S II  6716A  -4.488   0.1012            
 PAC3 160.0m  -3.158   2.1643      Ca A  6563A  -3.167   2.1224      Ca B 5.907m  -5.700   0.0062      S II  4070A  -5.249   0.0176            
 PAH  3.300m  -4.761   0.0540      Ca A  4861A  -3.651   0.6953      Ca B 5.127m  -5.847   0.0044      S II  4078A  -5.727   0.0058            
 PAHC 3.230m  -5.084   0.0256      Ca A  4340A  -3.990   0.3188      Ca B 4.671m  -5.979   0.0033      S II 1.032m  -5.740   0.0057            
 PAHC 3.370m  -5.187   0.0203      Ca A  4102A  -4.250   0.1753      Ca B 4.375m  -6.098   0.0025      S II 1.029m  -5.875   0.0042            
 PAH  6.200m  -4.456   0.1089      Ca A  3970A  -4.461   0.1078      Ca B 4.170m  -6.207   0.0019      S II 1.037m  -6.186   0.0020            
 PAHC 5.650m  -4.380   0.1298      Ca A  3889A  -4.639   0.0715      Ca B 4.020m  -6.307   0.0015      S II 1.034m  -5.889   0.0040            
 PAH  7.900m  -4.115   0.2392      Ca A  3835A  -4.795   0.0500      Ca B 3.906m  -6.400   0.0012      S  3 18.67m  -4.873   0.0417            
 PAHC 6.900m  -3.794   0.5007      Ca A  3798A  -4.932   0.0364      Ca B 3.818m  -6.486   0.0010      S  3 33.47m  -5.473   0.0105            
 PAH  11.30m  -4.620   0.0747      Ca A  3771A  -5.055   0.0274      Ca B 19.06m  -5.716   0.0060      S  3  9532A  -5.341   0.0142            
 PAHC 10.90m  -4.661   0.0679      Ca A  3750A  -5.167   0.0212      Ca B 11.31m  -5.858   0.0043      S  3  9069A  -5.736   0.0057            
 PAH  11.80m  -4.433   0.1150      Ca A  3734A  -5.268   0.0168      Ca B 8.758m  -6.002   0.0031      Cl 2 33.30m  -6.147   0.0022            
 PAHC 12.65m  -3.805   0.4880      Ca A  3722A  -5.361   0.0136      Ca B 7.506m  -6.133   0.0023      Cl 2 14.40m  -4.859   0.0431            
 PAH  13.30m  -4.382   0.1293      Ca A  3712A  -5.446   0.0111      Ca B 6.770m  -6.253   0.0017      Cl 2  8579A  -5.245   0.0177            
 PAHC 14.10m  -4.260   0.1714      Ca A  3704A  -5.524   0.0093      Ca B 6.290m  -6.363   0.0014      Cl 2  9124A  -5.823   0.0047            
 Bcon  3640A  -0.956 344.8665      Ca A  3697A  -5.593   0.0079      Ca B 5.955m  -6.463   0.0011      Ar 2 6.980m  -4.019   0.2980            
 Pcon  5000A  -2.035  28.7082      Ca A  3692A  -5.657   0.0069      Ca B 27.80m  -6.031   0.0029      Ar 3  7135A  -5.992   0.0032            
 nFnu 122.4m  -5.258   0.0172      Ca A  3687A  -5.714   0.0060      Ca B 16.20m  -6.149   0.0022      Ar 3 21.83m  -6.333   0.0014            
 nInu 122.4m  -2.610   7.6470      Ca A  3683A  -5.765   0.0053      Ca B 12.38m  -6.275   0.0017      Ar 3 9.000m  -5.087   0.0255            
 nFnu 60.83m  -5.016   0.0300      Ca A  3679A  -5.811   0.0048      Ca B 10.50m  -6.393   0.0013      Ca 1  4228A  -6.045   0.0028            
 nInu 60.83m  -2.657   6.8565      Ca A  3676A  -5.853   0.0044      Ca B 38.86m  -6.313   0.0015      Ca 2  3933A  -5.253   0.0174            
 nFnu 41.22m  -4.853   0.0437      Ca A  3674A  -5.891   0.0040      Ca B 22.33m  -6.412   0.0012      Ca 2  8579A  -6.347   0.0014            
 nInu 41.22m  -2.770   5.2939      Ca A  3671A  -5.926   0.0037      H  1  1216A  -1.984  32.3004      Ca 2  7306A  -3.812   0.4806            
 nFnu 30.87m  -4.745   0.0560      Ca A 1.875m  -3.916   0.3779      H  1  1026A  -4.869   0.0421      Ca2K  3934A  -5.448   0.0111            
 nInu 30.87m  -2.872   4.1820      Ca A 1.282m  -4.272   0.1666      H  1 972.5A  -4.961   0.0340      Ca2H  3969A  -5.694   0.0063            
 nFnu 24.78m  -4.663   0.0677      Ca A 1.094m  -4.547   0.0884      H  1 949.7A  -4.964   0.0338      CaF1  7291A  -4.038   0.2853            
 nInu 24.78m  -2.951   3.4847      Ca A 1.005m  -4.769   0.0531      H  1 937.8A  -4.941   0.0357      CaF2  7324A  -4.203   0.1953            
 nFnu 24.30m  -4.656   0.0687      Ca A  9546A  -4.954   0.0346      H  1 930.8A  -5.058   0.0273      Fe 2  4300A  -4.522   0.0937            
 nInu 24.30m  -2.958   3.4274      Ca A  9229A  -5.115   0.0239      H  1 926.2A  -5.145   0.0223      Fe 2  2400A  -5.401   0.0124            
 nFnu 22.83m  -4.631   0.0729      Ca A  9015A  -5.256   0.0173      H  1 923.2A  -5.155   0.0218      Fe 2 25.98m  -3.490   1.0081            
 nInu 22.83m  -2.980   3.2610      Ca A  8863A  -5.382   0.0129      H  1 921.0A  -5.164   0.0214      Fe 2 5.339m  -3.916   0.3776            
 nFnu 21.42m  -4.609   0.0766      Ca A  8750A  -5.497   0.0099      H  1  6563A  -3.007   3.0676      Fe 2 4.114m  -5.295   0.0158            
 nInu 21.42m  -3.003   3.0900      Ca A  8665A  -5.601   0.0078      H  1  4861A  -3.493   1.0000      Fe 2 1.257m  -3.374   1.3162            
 nFnu 21.12m  -4.604   0.0775      Ca A  8598A  -5.696   0.0063      H  1  4340A  -3.829   0.4614      Fe 2 35.34m  -4.039   0.2846            
 nInu 21.12m  -3.009   3.0518      Ca A  8545A  -5.784   0.0051      H  1  4102A  -4.082   0.2577      Fe 2 6.719m  -5.745   0.0056            
 nFnu 19.62m  -4.574   0.0830      Ca A  8502A  -5.865   0.0042      H  1  3970A  -4.293   0.1586      Fe 2 4.888m  -5.749   0.0056            
 nInu 19.62m  -3.035   2.8757      Ca A  8467A  -5.940   0.0036      H  1  3889A  -4.468   0.1060      Fe 2 4.075m  -5.730   0.0058            
 nFnu 17.65m  -4.530   0.0919      Ca A  8438A  -6.009   0.0031      H  1  3835A  -4.606   0.0771      Fe 2 1.321m  -3.952   0.3482            
 nInu 17.65m  -3.078   2.6023      Ca A  8413A  -6.072   0.0026      H  1  3798A  -4.711   0.0607      Fe 2 1.249m  -5.020   0.0297            
 nFnu 17.37m  -4.526   0.0929      Ca A  8392A  -6.132   0.0023      H  1 1.875m  -3.867   0.4235      Fe 2  7638A  -5.132   0.0230            
 nInu 17.37m  -3.084   2.5671      Ca A  8374A  -6.186   0.0020      H  1 1.282m  -4.221   0.1871      Fe 2 51.29m  -4.726   0.0586            
 nFnu 15.69m  -4.494   0.0998      Ca A  8359A  -6.237   0.0018      H  1 1.094m  -4.491   0.1006      Fe 2 8.297m  -5.836   0.0045            
 nInu 15.69m  -3.123   2.3442      Ca A  8346A  -6.285   0.0016      H  1 1.005m  -4.709   0.0608      Fe 2 5.672m  -5.123   0.0235            
 nFnu 14.60m  -4.461   0.1077      Ca A  8334A  -6.329   0.0015      H  1  9546A  -4.891   0.0400      Fe 2 4.606m  -5.542   0.0089            
 nInu 14.60m  -3.151   2.1998      Ca A 4.051m  -4.493   0.1001      H  1  9229A  -5.039   0.0285      Fe 2 4.081m  -5.625   0.0074            
 nFnu 12.43m  -4.397   0.1248      Ca A 2.625m  -4.766   0.0534      H  1  9015A  -5.155   0.0218      Fe 2 1.372m  -4.176   0.2079            
 nInu 12.43m  -3.216   1.8937      Ca A 2.166m  -4.995   0.0315      H  1 4.051m  -4.454   0.1094      Fe 2 1.294m  -4.352   0.1384            
 nFnu 11.40m  -4.373   0.1321      Ca A 1.945m  -5.187   0.0203      H  1 2.625m  -4.736   0.0572      Fe 2  7687A  -5.456   0.0109            
 nInu 11.40m  -3.250   1.7530      Ca A 1.817m  -5.352   0.0139      H  1 2.166m  -4.964   0.0338      Fe 2 87.36m  -5.790   0.0051            
 nFnu 10.46m  -4.329   0.1459      Ca A 1.736m  -5.497   0.0099      H  1 1.945m  -5.154   0.0219      Fe 2 9.898m  -5.913   0.0038            
 nInu 10.46m  -3.283   1.6228      Ca A 1.681m  -5.626   0.0074      H  1 1.817m  -5.311   0.0152      Fe 2 5.061m  -6.204   0.0019            
 nFnu 9.480m  -4.302   0.1553      Ca A 1.641m  -5.742   0.0056      H  1 1.736m  -5.437   0.0114      Fe 2 4.434m  -5.506   0.0097            
 nInu 9.480m  -3.323   1.4820      Ca A 1.611m  -5.849   0.0044      H  1 7.458m  -4.927   0.0368      Fe 2 1.328m  -4.598   0.0786            
 nFnu 9.325m  -4.298   0.1567      Ca A 1.588m  -5.946   0.0035      H  1 4.653m  -5.158   0.0216      Fe 2 1.279m  -4.575   0.0828            
 nInu 9.325m  -3.329   1.4619      Ca A 1.570m  -6.037   0.0029      H  1 3.740m  -5.353   0.0138      Fe 2 1.252m  -5.471   0.0105            
 nFnu 8.210m  -4.239   0.1795      Ca A 1.556m  -6.120   0.0024      H  1 3.296m  -5.517   0.0095      Fe 2  7665A  -6.021   0.0030            
 nInu 8.210m  -3.380   1.2981      Ca A 1.544m  -6.198   0.0020      H  1 3.038m  -5.653   0.0069      Fe 2 11.16m  -5.965   0.0034            
 nFnu 7.580m  -4.220   0.1876      Ca A 1.534m  -6.271   0.0017      H  1 12.37m  -5.327   0.0147      Fe 2 1.298m  -4.939   0.0359            
 nInu 7.580m  -3.412   1.2060      Ca A 1.526m  -6.339   0.0014      H  1 7.500m  -5.520   0.0094      Fe 2 1.270m  -4.758   0.0544            
 nFnu 7.050m  -4.168   0.2116      Ca A 1.519m  -6.402   0.0012      H  1 5.907m  -5.689   0.0064      Fe 2  7874A  -6.314   0.0015            
 nInu 7.050m  -3.440   1.1306      Ca A 1.513m  -6.462   0.0011      H  1 5.127m  -5.831   0.0046      Fe 2 17.93m  -3.375   1.3125            
 nFnu 4.114m  -3.948   0.3515      Ca A 7.458m  -4.969   0.0334      H  1 19.06m  -5.673   0.0066      Fe 2 1.644m  -3.447   1.1132            
 nInu 4.114m  -3.544   0.8892      Ca A 4.653m  -5.184   0.0204      H  1 11.31m  -5.837   0.0045      Fe 2 1.533m  -4.297   0.1571            
 nFnu 2.324m  -3.831   0.4600      Ca A 3.740m  -5.378   0.0131      H  1 8.758m  -5.986   0.0032      Fe 2  8617A  -4.553   0.0871            
 nInu 2.324m  -3.319   1.4945      Ca A 3.296m  -5.546   0.0089      H  1 27.80m  -5.979   0.0033      Fe 2 24.51m  -4.023   0.2956            
 nFnu 1.643m  -3.699   0.6224      Ca A 3.038m  -5.693   0.0063      H  1 16.20m  -6.119   0.0024      Fe 2 1.809m  -4.150   0.2206            
 nInu 1.643m  -3.086   2.5537      Ca A 2.872m  -5.824   0.0047      H  1 38.86m  -6.250   0.0018      Fe 2 1.677m  -4.437   0.1140            
 nFnu 1.480m  -3.741   0.5651      Ca A 2.758m  -5.943   0.0036      He-like iso-sequence........      Fe 2 1.599m  -4.514   0.0953            
 nInu 1.480m  -3.042   2.8270      Ca A 2.674m  -6.051   0.0028      Clin 506.0A  -6.354   0.0014      Fe 2  9052A  -5.212   0.0191            
 nFnu 1.436m  -3.332   1.4487      Ca A 2.612m  -6.150   0.0022      Hlin 506.0A  -5.491   0.0101      Fe 2  8892A  -5.099   0.0248            
 nInu 1.436m  -2.915   3.7851      Ca A 2.564m  -6.242   0.0018      Ca B  2945A  -5.795   0.0050      Fe 2 35.77m  -4.830   0.0460            
 nFnu 1.119m  -3.480   1.0326      Ca A 2.525m  -6.328   0.0015      Ca B  3188A  -5.475   0.0104      Fe 2 1.800m  -4.608   0.0768            
 nInu 1.119m  -2.766   5.3374      Ca A 2.495m  -6.408   0.0012      Ca B  3614A  -6.363   0.0013      Fe 2 1.711m  -5.096   0.0250            
 nFnu  8330A  -3.729   0.5814      Ca A 2.469m  -6.483   0.0010      Ca B  3889A  -5.066   0.0268      Fe 2 1.664m  -4.798   0.0496            
 nInu  8330A  -2.581   8.1696      Ca A 12.37m  -5.377   0.0131      Ca B  3965A  -6.053   0.0028      Fe 2  9399A  -5.988   0.0032            
 nFnu  8079A  -2.874   4.1614      Ca A 7.500m  -5.549   0.0088      Ca B  4026A  -5.690   0.0064      Fe 2  9227A  -5.355   0.0137            
 nInu  8079A  -2.426  11.6866      Ca A 5.907m  -5.714   0.0060      Ca B  4388A  -6.262   0.0017      Fe 2  9033A  -5.770   0.0053            
 nFnu  6210A  -3.249   1.7549      Ca A 5.127m  -5.862   0.0043      Ca B  4471A  -5.354   0.0138      Fe 2 1.797m  -4.869   0.0421            
 nInu  6210A  -2.249  17.5431      Ca A 4.671m  -5.995   0.0032      Ca B  4713A  -6.470   0.0011      Fe 2 1.745m  -5.107   0.0244            
 nFnu  4885A  -3.637   0.7188      Ca A 4.375m  -6.115   0.0024      Ca B  4922A  -5.918   0.0038      Fe 2  9471A  -5.921   0.0037            
 nInu  4885A  -2.042  28.2859      Ca A 4.170m  -6.224   0.0019      Ca B  5016A  -5.644   0.0071      Fe 2  9268A  -5.665   0.0067            
 nFnu  3704A  -3.820   0.4716      Ca A 4.020m  -6.325   0.0015      Ca B  5876A  -4.881   0.0409      Fe 2 22.90m  -5.522   0.0094            
 nInu  3704A  -1.808  48.4226      Ca A 3.906m  -6.418   0.0012      Ca B  6678A  -5.425   0.0117      Fe 2 1.811m  -6.008   0.0031            
 nFnu  3588A  -2.111  24.1387      Ca A 19.06m  -5.732   0.0058      Ca B  7065A  -5.765   0.0053      Fe 2 1.748m  -6.341   0.0014            
 nInu  3588A  -1.644  70.6803      Ca A 11.31m  -5.873   0.0042      Ca B  7281A  -6.287   0.0016      Fe 2 34.65m  -6.291   0.0016            
 nFnu  2430A  -3.300   1.5615      Ca A 8.758m  -6.016   0.0030      Ca B 1.083m  -4.392   0.1263      Fe2b  7000A  -4.916   0.0378            
 nInu  2430A  -1.399 124.4015      Ca A 7.506m  -6.147   0.0022      Ca B 1.278m  -6.114   0.0024      Fe2b 10000A  -2.851   4.3929            
 nFnu  2392A  -3.319   1.4933      Ca A 6.770m  -6.267   0.0017      Ca B 1.869m  -5.725   0.0059      Fe2b  7445A  -4.916   0.0378            
 nInu  2392A  -1.388 127.4604      Ca A 6.290m  -6.377   0.0013      Ca B 1.870m  -6.203   0.0020      Fe2b  8625A  -4.285   0.1615            
 nFnu  2071A  -3.345   1.4069      Ca A 5.955m  -6.479   0.0010      Ca B 2.058m  -5.498   0.0099      Fe2b 1.033m  -5.921   0.0037            
 nInu  2071A  -1.272 166.5412      Ca A 27.80m  -6.048   0.0028      He 1 584.3A  -4.795   0.0500      Fe2b 1.889m  -3.897   0.3951            
 nFnu  2053A  -3.340   1.4222      Ca A 16.20m  -6.164   0.0021      He 1 537.0A  -5.924   0.0037      Fe 2  1786A  -5.825   0.0047            
 nInu  2053A  -1.271 166.8778      Ca A 12.38m  -6.289   0.0016      He 1 522.2A  -5.706   0.0061      Fe 3 22.92m  -6.211   0.0019            
 nFnu  1793A  -3.256   1.7267      Ca A 10.50m  -6.407   0.0012      He 1 515.6A  -5.723   0.0059      recombination...............            
 nInu  1793A  -1.167 211.8615      Ca A 38.86m  -6.331   0.0015      He 1 512.1A  -5.763   0.0054      O  1  1357A  -5.724   0.0059            
 nFnu  1585A  -3.188   2.0221      Ca A 22.33m  -6.428   0.0012      He 1 625.6A  -3.973   0.3317      C  1  1140A  -5.706   0.0061            
 nInu  1585A  -1.142 224.7351      Ca B  6563A  -3.010   3.0475      TOTL 1.083m  -4.466   0.1066      N  1 980.7A  -6.141   0.0023            
 nFnu  1458A  -3.164   2.1329      Ca B  4861A  -3.494   0.9997      He 1 1.083m  -4.466   0.1066      O  1  7950A  -6.276   0.0017            
 nInu  1458A  -1.041 283.7340      Ca B  4340A  -3.833   0.4573      He 1 1.083m  -5.420   0.0118      level2 lines................            
 nFnu  1357A  -3.189   2.0138      Ca B  4102A  -4.094   0.2506      He 1 1.083m  -4.943   0.0355      C  1 943.9A  -5.513   0.0096            
 nInu  1357A  -0.972 331.9233      Ca B  3970A  -4.307   0.1535      He 1 1.083m  -4.721   0.0592      C  1  1248A  -5.752   0.0055            
 nFnu  1297A  -3.264   1.6962      Ca B  3889A  -4.487   0.1015      He 1  3889A  -5.100   0.0247      C  1  1561A  -5.989   0.0032            
 nInu  1297A  -0.965 337.9658      Ca B  3835A  -4.643   0.0708      He 1  3188A  -5.511   0.0096      C  1  1315A  -5.916   0.0038            
 nFnu  1263A  -3.398   1.2470      Ca B  3798A  -4.781   0.0516      He 1  2945A  -5.834   0.0046      C  1  1166A  -6.041   0.0028            
 nInu  1263A  -0.977 328.4979      Ca B  3771A  -4.904   0.0388      He 1  2829A  -6.091   0.0025      C  1  1233A  -6.200   0.0020            
 nFnu  1218A  -3.095   2.5026      Ca B  3750A  -5.015   0.0301      He 1 2.058m  -5.881   0.0041      C  1  1132A  -6.247   0.0018            
 nInu  1218A  -0.963 338.8318      Ca B  3734A  -5.116   0.0239      He 1  5016A  -5.703   0.0062      C  1  1251A  -6.267   0.0017            
 nFnu  1196A  -3.795   0.4997      Ca B  3722A  -5.207   0.0193      He 1  3965A  -6.065   0.0027      C  1  1112A  -6.429   0.0012            
 nInu  1196A  -0.957 343.5186      Ca B  3712A  -5.290   0.0160      He 1  3614A  -6.332   0.0015      C  1  1115A  -6.476   0.0010            
 nFnu  1175A  -3.802   0.4916      Ca B  3704A  -5.365   0.0134      He 1  7065A  -5.829   0.0046      C  2 892.8A  -5.935   0.0036            
 nInu  1175A  -0.981 325.5466      Ca B  3697A  -5.434   0.0115      He 1  5876A  -4.866   0.0424      C  2 688.8A  -6.106   0.0024            
 nFnu  1144A  -3.787   0.5083      Ca B  3692A  -5.495   0.0100      He 1  4471A  -5.364   0.0135      C  2  1020A  -5.416   0.0120            
 nInu  1144A  -0.880 410.9624      Ca B  3687A  -5.552   0.0087      He 1  4026A  -5.708   0.0061      C  2 596.6A  -6.131   0.0023            
 nFnu  1113A  -3.771   0.5280      Ca B  3683A  -5.602   0.0078      He 1  3820A  -5.972   0.0033      C  2 562.0A  -6.331   0.0015            
 nInu  1113A  -0.964 338.5050      Ca B  3679A  -5.648   0.0070      He 1  7281A  -6.298   0.0016      N  1 942.3A  -5.865   0.0042            
 nFnu  1103A  -3.656   0.6876      Ca B  3676A  -5.690   0.0064      He 1  6678A  -5.407   0.0122      N  1 952.1A  -5.996   0.0031            
 nInu  1103A  -0.868 422.6062      Ca B  3674A  -5.729   0.0058      He 1  4922A  -5.924   0.0037      N  1  1131A  -6.176   0.0021            
 nFnu  1074A  -3.690   0.6365      Ca B  3671A  -5.765   0.0053      He 1  4388A  -6.274   0.0017      O  1 867.3A  -6.371   0.0013            
 nInu  1074A  -0.882 408.3095      Ca B 1.875m  -3.877   0.4138      He 1 1.869m  -5.680   0.0065      O  1 976.8A  -5.565   0.0085            
 nFnu  1064A  -3.696   0.6278      Ca B 1.282m  -4.224   0.1860      He 1 1.278m  -6.102   0.0025      O  1 969.0A  -5.685   0.0064            
 nInu  1064A  -0.857 433.2985      Ca B 1.094m  -4.495   0.0997      He 1 1.091m  -6.409   0.0012      O  1 946.4A  -5.822   0.0047            
 nFnu  1036A  -3.699   0.6235      Ca B 1.005m  -4.714   0.0602      He 1 1.870m  -6.159   0.0022      O  1 934.5A  -5.965   0.0034            
 nInu  1036A  -0.898 394.2020      Ca B  9546A  -4.899   0.0393      He 1 4.048m  -6.298   0.0016      O  1 973.6A  -6.128   0.0023            
 nFnu  1000A  -3.686   0.6415      Ca B  9229A  -5.058   0.0272      Pho+  3889A  -4.264   0.1698      O  1 927.5A  -6.244   0.0018            
 nInu  1000A  -0.939 358.3499      Ca B  9015A  -5.199   0.0197      database lines..............      O  1 948.5A  -6.332   0.0015            
 nFnu 925.1A  -3.638   0.7174      Ca B  8863A  -5.324   0.0148      level 1 lines...............      Al 2  1671A  -5.909   0.0038            
 nInu 925.1A  -0.921 374.0509      Ca B  8750A  -5.437   0.0114      C  1  1656A  -5.542   0.0089      Si 2  1180A  -5.559   0.0086            
 nFnu 897.8A  -1.449 110.7628      Ca B  8665A  -5.540   0.0090      REC   1656A  -5.896   0.0040      Si 2 993.4A  -5.848   0.0044            
 nInu 897.8A  -2.386  12.7929      Ca B  8598A  -5.634   0.0072      C Ic  9850A  -4.285   0.1617      Si 2  1024A  -6.442   0.0011            
 nFnu 760.0A  -3.714   0.6016      Ca B  8545A  -5.720   0.0059      TOTL  9850A  -4.285   0.1618      S  2 750.3A  -6.311   0.0015            
 nInu 760.0A  -2.092  25.2026      Ca B  8502A  -5.798   0.0050      C  1  8727A  -5.800   0.0049      hyperfine structure.........            
 nFnu 701.5A  -3.971   0.3327      Ca B  8467A  -5.870   0.0042      C  2 157.6m  -5.500   0.0098      inner shell.................            
 nInu 701.5A  -2.056  27.3949      Ca B  8438A  -5.936   0.0036      C  2  1335A  -5.415   0.0120      molecules...................            
 nFnu 608.2A  -5.638   0.0072      Ca B  8413A  -5.996   0.0031      REC   1335A  -6.212   0.0019      H-CT  6563A  -4.955   0.0345            
 nInu 608.2A  -1.766  53.4148      Ca B  8392A  -6.051   0.0028      C  3 977.0A  -6.118   0.0024            



                                                                           
 Cooling:  HFBc     0 :0.079 Fe2c     0 :0.655  
 Heating:  BFH1     0 :0.963  

 These are some of the most important databases used by Cloudy:
 Many recombination coefficients were taken from http://amdpp.phys.strath.ac.uk/tamoc/RR/ and http://amdpp.phys.strath.ac.uk/tamoc/DR/
      and are based on the following papers:
        Badnell N. R., et al., A&A 406, 1151 (2003) [http://adsabs.harvard.edu/abs/2003A%26A...406.1151B]
        Badnell N. R., ApJS 167, 334 (2006) [http://adsabs.harvard.edu/abs/2006ApJS..167..334B]
 Much of the molecular emission data is from LAMDA as accessed on Dec. 18, 2010. This database is described in:
        Schoeier F.L., et al., A&A 432, 369 (2005) [http://adsabs.harvard.edu/abs/2005A%26A...432..369S]
      This database is in part based on the work of the following groups:
        JPL: Pickett H. M. et al., JQSRT, 60, 883 (1998). [http://adsabs.harvard.edu/abs/1998JQSRT..60..883P]
        CDMS: Mueller H. S. et al., A&A 370, L49 (2001). [http://adsabs.harvard.edu/abs/2001A%26A...370L..49M]
              Mueller H. S. et al., J. Mol. Struct. 742, 215 (2005). [http://adsabs.harvard.edu/abs/2005JMoSt.742..215M]
 Much of the ionic emission data is from version 7.0 of CHIANTI. CHIANTI is a collaborative project involving the NRL (USA), the
      Universities of Florence (Italy) and Cambridge (UK), and George Mason University (USA). These papers describe Chianti:
        Dere K. P., et al., A&AS, 125, 149 (1997) [http://adsabs.harvard.edu/abs/1997A%26AS..125..149D]
        Landi E., et al., ApJ, 744, 99 (2012) [http://adsabs.harvard.edu/abs/2012ApJ...744...99L]
 Much of the H_2 data is from this web site: http://molat.obspm.fr/index.php?page=pages/Molecules/H2/H2can94.php. These data are
      described in:
        Abgrall H. et al., Can. J. Phys., 72, 856 (1994) [http://adsabs.harvard.edu/abs/1994CaJPh..72..856A]
        Wrathmall S. A. & Flower D. R., J. Phys. B, 40, 3221 (2007) [http://adsabs.harvard.edu/abs/2007JPhB...40.3221W]
 Please cite those papers that played a significant role in this calculation.

 IONIZE PARMET:  U(1-) -5.4768  U(4-):-11.2499  U(sp): -5.48  Q(ion):    8.456  L(ion) -2.022    Q(low): 11.398    L(low) -0.920
 ENERGY BUDGET:  Heat:  -2.370  Coolg:  -2.370  Error:  0.0%  Rec Lin:  -3.188  F-F  H  0.000    P(rad/tot)max     9.55E-05

     Col(Heff):      0.000E+00  snd travl time  1.15E+08 sec  Te-low: 3.99E+03  Te-hi: 4.88E+03  G0TH85: 4.96E+01  G0DB96:6.42E+01
  Emiss Measure    n(e)n(p) dl       1.301E+21  n(e)n(He+)dl         3.287E+19  En(e)n(He++) dl         4.471E+12  ne nC+:7.23E+17
 He/Ha:3.13E-02  =   0.37*true  Lthin:5.94E+04  itr/zn:11.43  H2 itr/zn:  0.00  File Opacity: F  MassTot 1.64e-06  (gm/cm^2)
   Temps(21 cm)   T(21cm/Ly a)  3.99E+03        T(<nH/Tkin>)  4.29E+03          T(<nH/Tspin>)    4.22E+03          TB21cm:1.56E-02
                   N(H0/Tspin)  1.00E+14        N(OH/Tkin)    2.72E+03          B(21cm)          0.00E+00
   <a>:4.48E-07  erdeFe0.0E+00  Tcompt1.27E+09  Tthr2.81E+08  <Tden>: 4.32E+03  <dens>:2.27E-20  <MolWgt>9.06E-01
     Mean Jeans  l(cm)2.77E+19  M(sun)1.26E+05  smallest:     len(cm):2.66E+19  M(sun):1.12E+05  a_ox tran:  0.00
 Rion:1.000E+30  Dist:0.00E+00  Diam:0.000E+00
 Hatom level 70  HatomType: add  HInducImp  F  He tot level: 63  He2 level:   70  ExecTime   116.9
 ConvrgError(%)  <eden>  0.067  MaxEden  0.230  <H-C>   0.14  Max(H-C)    0.50  <Press>   0.000  MaxPrs er  0.000
  Continuity(%)  chng Te   2.4  elec den   2.6  n(H2)    0.0  n(CO)        0.0

                                                        Averaged Quantities
             Te      Te(Ne)   Te(NeNp)  Te(NeHe+)Te(NeHe2+) Te(NeO+)  Te(NeO2+)  Te(H2)     N(H)     Ne(O2+)   Ne(Np)
 Radius:  4.32e+03  4.35e+03  4.38e+03  4.36e+03  4.35e+03  4.38e+03  4.42e+03  4.17e+03  1.00e+04  4.45e+03  4.34e+03
 
 Peimbert T(OIIIr)4.53E+03 T(Bac)4.31E+03 T(Hth)4.31E+03 t2(Hstrc) 2.60e-03 T(O3-BAC)4.35E+03 t2(O3-BC) 4.64e-03 t2(O3str) 2.51e-03

 Contin Optical Depths: COMP: 2.05e-07    H-: 7.87e-07 R(1300): 2.85e-06  H2+: 1.78e-08  Pfa:2.05E-07
                          Pa: 2.05e-07    Ba: 9.18e-07      Hb: 7.57e-07   La: 6.13e-03     1r:2.682E+00  1.8:9.32E-01 4.:1.606E-01

 Old, new H  1 continuum optical depths:
     1 2.68e+00     2 4.01e-07     3 7.88e-07     4 7.88e-07     5 7.88e-07     6 1.96e-07     7 1.96e-07     8 1.96e-07
     9 1.96e-07    10 8.47e-15    11 8.47e-15    12 8.47e-15    13 8.47e-15    14 8.47e-15    15 2.16e-14    16 2.16e-14
    17 2.16e-14    18 2.16e-14    19 2.16e-14    20 2.16e-14    21 4.81e-14    22 4.81e-14    23 4.81e-14    24 4.81e-14
    25 4.81e-14    26 4.81e-14    27 4.81e-14    28 9.53e-14    29 9.53e-14    30 9.53e-14    31 9.53e-14    32 9.53e-14
    33 9.53e-14    34 9.53e-14    35 9.53e-14    36 1.76e-13    37 1.76e-13    38 1.76e-13    39 1.76e-13    40 1.76e-13
    41 1.76e-13    42 1.76e-13    43 1.76e-13    44 1.76e-13    45 3.05e-13    46 3.05e-13    47 3.05e-13    48 3.05e-13
    49 3.05e-13    50 3.05e-13    51 3.05e-13    52 3.05e-13    53 3.05e-13    54 3.05e-13
     1 2.68e+00     2 4.01e-07     3 7.89e-07     4 7.89e-07     5 7.89e-07     6 1.96e-07     7 1.96e-07     8 1.96e-07
     9 1.96e-07    10 8.47e-15    11 8.47e-15    12 8.47e-15    13 8.47e-15    14 8.47e-15    15 2.16e-14    16 2.16e-14
    17 2.16e-14    18 2.16e-14    19 2.16e-14    20 2.16e-14    21 4.81e-14    22 4.81e-14    23 4.81e-14    24 4.81e-14
    25 4.81e-14    26 4.81e-14    27 4.81e-14    28 9.52e-14    29 9.52e-14    30 9.52e-14    31 9.52e-14    32 9.52e-14
    33 9.52e-14    34 9.52e-14    35 9.52e-14    36 1.76e-13    37 1.76e-13    38 1.76e-13    39 1.76e-13    40 1.76e-13
    41 1.76e-13    42 1.76e-13    43 1.76e-13    44 1.76e-13    45 3.05e-13    46 3.05e-13    47 3.05e-13    48 3.05e-13
    49 3.05e-13    50 3.05e-13    51 3.05e-13    52 3.05e-13    53 3.05e-13    54 3.05e-13

 Old, new H  1 mean line optical depths:
  2- 1 6.76e+04  3- 2 2.94e-06  4- 3 2.25e-11  5- 4 2.51e-11  6- 5 3.76e-11  7- 6 6.26e-11  8- 7 1.01e-10
  9- 8 1.57e-10 10- 9 2.40e-10
  2- 1 6.77e+04  3- 2 2.94e-06  4- 3 2.25e-11  5- 4 2.51e-11  6- 5 3.76e-11  7- 6 6.26e-11  8- 7 1.01e-10
  9- 8 1.57e-10 10- 9 2.40e-10

 Old, new He 2 continuum optical depths:
     1 1.60e-01     2 2.65e+00     3 5.15e-07     4 5.15e-07     5 5.15e-07     6 4.01e-07     7 4.01e-07     8 4.01e-07
     9 4.01e-07    10 6.39e-07    11 6.39e-07    12 6.39e-07    13 6.39e-07    14 6.39e-07    15 7.88e-07    16 7.88e-07
    17 7.88e-07    18 7.88e-07    19 7.88e-07    20 7.88e-07    21 6.66e-07    22 6.66e-07    23 6.66e-07    24 6.66e-07
    25 6.66e-07    26 6.66e-07    27 6.66e-07    28 1.96e-07    29 1.96e-07    30 1.96e-07    31 1.96e-07    32 1.96e-07
    33 1.96e-07    34 1.96e-07    35 1.96e-07    36 4.64e-15    37 4.64e-15    38 4.64e-15    39 4.64e-15    40 4.64e-15
    41 4.64e-15    42 4.64e-15    43 4.64e-15    44 4.64e-15    45 8.47e-15    46 8.47e-15    47 8.47e-15    48 8.47e-15
    49 8.47e-15    50 8.47e-15    51 8.47e-15    52 8.47e-15    53 8.47e-15    54 8.47e-15
     1 1.61e-01     2 2.65e+00     3 5.15e-07     4 5.15e-07     5 5.15e-07     6 4.01e-07     7 4.01e-07     8 4.01e-07
     9 4.01e-07    10 6.40e-07    11 6.40e-07    12 6.40e-07    13 6.40e-07    14 6.40e-07    15 7.89e-07    16 7.89e-07
    17 7.89e-07    18 7.89e-07    19 7.89e-07    20 7.89e-07    21 6.67e-07    22 6.67e-07    23 6.67e-07    24 6.67e-07
    25 6.67e-07    26 6.67e-07    27 6.67e-07    28 1.96e-07    29 1.96e-07    30 1.96e-07    31 1.96e-07    32 1.96e-07
    33 1.96e-07    34 1.96e-07    35 1.96e-07    36 4.64e-15    37 4.64e-15    38 4.64e-15    39 4.64e-15    40 4.64e-15
    41 4.64e-15    42 4.64e-15    43 4.64e-15    44 4.64e-15    45 8.47e-15    46 8.47e-15    47 8.47e-15    48 8.47e-15
    49 8.47e-15    50 8.47e-15    51 8.47e-15    52 8.47e-15    53 8.47e-15    54 8.47e-15

 Old, new He 2 mean line optical depths:
  2- 1 6.02e+02  3- 2 9.21e-14  4- 3 5.75e-19  5- 4 9.34e-20  6- 5 3.86e-19  7- 6 7.99e-19  8- 7 7.12e-19
  9- 8 5.53e-19 10- 9 5.29e-19
  2- 1 6.03e+02  3- 2 9.17e-14  4- 3 5.73e-19  5- 4 9.26e-20  6- 5 3.82e-19  7- 6 7.85e-19  8- 7 6.97e-19
  9- 8 5.41e-19 10- 9 5.19e-19

 Old He Is optical depths:    1 9.31e-01    2 6.27e-07    3 3.32e-07    4 3.73e-07    5 3.73e-07
 New He Is optical depths:    1 9.32e-01    2 6.27e-07    3 3.32e-07    4 3.73e-07    5 3.73e-07
          Old He Is Lines:  584 5.44e+03 3889 1.04e-02 5016 5.68e-08 5876 3.84e-12
          New He Is Lines:  584 5.45e+03 3889 1.04e-02 5016 5.66e-08 5876 3.82e-12

==== H      compounds ====           Log10 column densities [cm^-2}
   H2        : 10.609   H2*       :  9.898   H2+       :  9.406   H3+       :  2.744
==== He     compounds ====
   HeH+      :  9.974
==== Li     compounds ====
   LiH       : -1.451   LiH+      : -0.894
==== C      compounds ====
   CH        :  6.077   CH+       :  5.210   CH2       : -1.299   CH2+      : -1.748   CH3       : -8.844   CH3+      : -9.993   CH4       :-16.420   CH4+      :-18.234
   CH5+      :-25.174   C2        :  0.920   C2+       :  0.801   C2H       : -6.117   C2H+      : -6.863   C2H2      :-14.054   C2H2+     :-13.984   C2H3+     :-21.628
   C3        :-17.722   C3+       :-11.204   C3H       :-19.296   C3H+      :-18.651
==== N      compounds ====
   NH        :  6.037   NH+       :  5.635   NH2       : -2.461   NH2+      : -2.768   NH3       : -9.578   NH3+      :-11.288   NH4+      :-22.451   CN        :  3.124
   CN+       :  0.864   HCN       : -4.650   HCN+      : -5.474   HNC       : -7.585   HCNH+     :-14.058   HC3N      :-35.930   N2        :  2.253   N2+       :  0.938
   N2H+      :-13.476
==== O      compounds ====
   OH        :  7.059   OH+       :  6.775   H2O       : -1.328   H2O+      : -1.731   H3O+      :-10.330   CO        :  5.289   CO+       :  2.415   HCO+      :  0.211
   H2CO      :-35.930   CH3OH     :-35.930   ^13CO     :  3.812   NO        :  1.697   NO+       :  0.765   HNO       : -6.333   HNO+      : -7.856   OCN       : -7.526
   OCN+      : -8.562   N2O       :-10.504   O2        :  2.532   O2+       :  2.294   NO2       : -9.589   NO2+      :-11.401
==== Ne     compounds ====
   NeH+      :  4.793
==== Si     compounds ====
   SiH       : -2.740   SiH2+     : -4.109   SiC2      :-35.930   SiN       : -7.833   SiN+      :  0.218   SiO       :  0.577   SiO+      :  1.169   SiOH+     : -7.592
==== S      compounds ====
   HS        :  3.188   HS+       :  2.909   CS        : -2.203   CS+       : -0.341   HCS+      : -7.847   NS        : -1.604   NS+       : -0.385   SO        : -0.345
   SO+       :  0.630   OCS       :-10.672   OCS+      :-12.266   SO2       :-35.930   S2        : -9.025   S2+       :-10.288
==== Cl     compounds ====
   HCl       : -6.462   HCl+      :  2.623   H2Cl+     : -5.733   CCl       :-32.197   CCl+      :-11.491   H2CCl+    :-35.109   ClO       :-35.930   ClO+      :-35.930
==== Ar     compounds ====
   ArH+      :  6.805
==== Ti     compounds ====
   TiH       :-35.930   TiH+      :-35.930   TiH2      :-35.930   TiH2+     :-35.930   TiC       :-35.930   TiC+      :-35.930   HCTi      :-35.930   HCTi+     :-35.930
   TiC2      :-35.930   TiC2+     :-35.930   TiN       :-35.930   TiN+      :-35.930   HNTi      :-35.930   HNTi+     :-35.930   TiNC      :-35.930   TiNC+     :-35.930
   TiO       :-35.930   TiO+      :-35.930   TiOH+     :-35.930   TiO2      :-35.930   TiF+      :-35.930   TiS       :-35.930   TiS+      :-35.930   HTiS      :-35.930


               1      2      3      4      5      6      7      8      9     10     11     12     13     14     15     16     17

 Hydrogen   17.628 17.477 10.686 (H2)                Log10 Column density (cm^-2)
 Helium     16.732 15.885  9.023
 Lithium     6.053  6.844 -5.690-30.000
 Beryllium   6.911  6.953  5.405-30.000-30.000
 Boron       7.529  8.517  5.493-30.000-30.000-30.000
 Carbon     13.370 14.231 12.055-30.000-30.000-30.000-30.000
 Nitrogen   13.491 13.254  8.891-30.000-30.000-30.000-30.000-30.000
 Oxygen     14.358 14.102  9.273-30.000-30.000-30.000-30.000-30.000-30.000
 Fluorine   10.082 10.151  7.347-30.000-30.000-30.000-30.000-30.000-30.000-30.000
 Neon       13.590 13.356 10.120-30.000-30.000-30.000-30.000-30.000-30.000-30.000-30.000
 Sodium     10.704 12.082  7.884-30.000-30.000-30.000-30.000-30.000-30.000-30.000-30.000-30.000
 Magnesium  11.915 13.441 11.547-30.000-30.000-30.000-30.000-30.000-30.000-30.000-30.000-30.000-30.000
 Aluminium   8.942 12.309  9.539-30.000-30.000-30.000-30.000-30.000-30.000-30.000-30.000-30.000-30.000-30.000
 Silicon    11.498 13.364  9.781-30.000-30.000-30.000-30.000-30.000-30.000-30.000-30.000-30.000-30.000-30.000-30.000
 Phosphorus  8.562 11.267  8.817-30.000-30.000-30.000-30.000-30.000-30.000-30.000-30.000-30.000-30.000-30.000-30.000-30.000
 Sulphur    11.629 12.949 11.376-30.000-30.000-30.000-30.000-30.000-30.000-30.000-30.000-30.000-30.000-30.000-30.000-30.000-30.000
 Chlorine    8.699 11.351  9.576-30.000-30.000-30.000-30.000-30.000-30.000-30.000-30.000-30.000-30.000-30.000-30.000-30.000-30.000
-30.000
 Argon      11.609 12.106 11.131-30.000-30.000-30.000-30.000-30.000-30.000-30.000-30.000-30.000-30.000-30.000-30.000-30.000-30.000
-30.000-30.000
 Potassium   9.783 10.853  8.221-30.000-30.000-30.000-30.000-30.000-30.000-30.000-30.000-30.000-30.000-30.000-30.000-30.000-30.000
-30.000-30.000-30.000
 Calcium    11.311 12.112 10.936-30.000-30.000-30.000-30.000-30.000-30.000-30.000-30.000-30.000-30.000-30.000-30.000-30.000-30.000
-30.000-30.000-30.000-30.000
 Scandium    7.954  8.882  8.224  6.034-30.000-30.000-30.000-30.000-30.000-30.000-30.000-30.000-30.000-30.000-30.000-30.000-30.000
-30.000-30.000-30.000-30.000-30.000
 Titanium    6.963 10.788  9.500  5.222-30.000-30.000-30.000-30.000-30.000-30.000-30.000-30.000-30.000-30.000-30.000-30.000-30.000
-30.000-30.000-30.000-30.000-30.000-30.000
 Vanadium    9.073  9.642  8.772  3.490-30.000-30.000-30.000-30.000-30.000-30.000-30.000-30.000-30.000-30.000-30.000-30.000-30.000
-30.000-30.000-30.000-30.000-30.000-30.000-30.000
 Chromium   10.269 11.471  9.232-30.000-30.000-30.000-30.000-30.000-30.000-30.000-30.000-30.000-30.000-30.000-30.000-30.000-30.000
-30.000-30.000-30.000-30.000-30.000-30.000-30.000-30.000
 Manganese   7.508 11.286  9.129-30.000-30.000-30.000-30.000-30.000-30.000-30.000-30.000-30.000-30.000-30.000-30.000-30.000-30.000
-30.000-30.000-30.000-30.000-30.000-30.000-30.000-30.000-30.000
 Iron        9.340 13.359 10.558-30.000-30.000-30.000-30.000-30.000-30.000-30.000-30.000-30.000-30.000-30.000-30.000-30.000-30.000
-30.000-30.000-30.000-30.000-30.000-30.000-30.000-30.000-30.000-30.000
 Cobalt     10.511 10.583  7.290-30.000-30.000-30.000-30.000-30.000-30.000-30.000-30.000-30.000-30.000-30.000-30.000-30.000-30.000
-30.000-30.000-30.000-30.000-30.000-30.000-30.000-30.000-30.000-30.000-30.000
 Nickel      8.552 12.080  8.575-30.000-30.000-30.000-30.000-30.000-30.000-30.000-30.000-30.000-30.000-30.000-30.000-30.000-30.000
-30.000-30.000-30.000-30.000-30.000-30.000-30.000-30.000-30.000-30.000-30.000-30.000
 Copper      9.311  9.910  9.019-30.000-30.000-30.000-30.000-30.000-30.000-30.000-30.000-30.000-30.000-30.000-30.000-30.000-30.000
-30.000-30.000-30.000-30.000-30.000-30.000-30.000-30.000-30.000-30.000-30.000-30.000-30.000
 Zinc       10.159 10.059  8.581  5.240-30.000-30.000-30.000-30.000-30.000-30.000-30.000-30.000-30.000-30.000-30.000-30.000-30.000
-30.000-30.000-30.000-30.000-30.000-30.000-30.000-30.000-30.000-30.000-30.000-30.000-30.000-30.000
 Exc state    He1* 10.821   CII* 14.050   C11* 12.420   C12* 12.895   C13* 13.112   O11* 14.258   O12* 13.478   O13* 13.235
              Si2* 13.134   C30*  3.544   C31* -0.873   C32*  3.534


 Hydrogen   -0.232 -0.383 -6.872 (H2)                 Log10 Mean Ionisation (over radius)
 Helium     -0.058 -0.905 -7.767
 Lithium    -0.856 -0.065-12.599
 Beryllium  -0.329 -0.287 -1.835
 Boron      -1.031 -0.043 -3.067
 Carbon     -0.920 -0.059 -2.235
 Nitrogen   -0.199 -0.435 -4.799
 Oxygen     -0.192 -0.448 -5.276
 Fluorine   -0.337 -0.268 -3.073
 Neon       -0.200 -0.433 -3.669
 Sodium     -1.396 -0.018 -4.216
 Magnesium  -1.544 -0.018 -1.912
 Aluminium  -3.368 -0.001 -2.771
 Silicon    -1.872 -0.006 -3.589
 Phosphorus -2.708 -0.002 -2.453
 Sulphur    -1.352 -0.031 -1.604
 Chlorine   -2.660 -0.008 -1.784
 Argon      -0.650 -0.154 -1.128
 Potassium  -1.106 -0.036 -2.668
 Calcium    -0.889 -0.088 -1.264
 Scandium   -1.055 -0.127 -0.785 -2.975
 Titanium   -3.846 -0.022 -1.310 -5.588
 Vanadium   -0.717 -0.147 -1.017 -6.300
 Chromium   -1.231 -0.029 -2.268
 Manganese  -3.781 -0.003 -2.160
 Iron       -4.019 -0.001 -2.802
 Cobalt     -0.338 -0.267 -3.560
 Nickel     -3.528 -0.000 -3.505
 Copper     -0.739 -0.140 -1.031
 Zinc       -0.260 -0.360 -1.838 -5.179

               1      2      3      4      5      6      7      8      9     10     11     12     13     14     15     16     17

 Hydrogen   -0.239 -0.374 -6.921 (H2)         Log10 Mean Ionisation (over radius*electron density)
 Helium     -0.058 -0.902 -7.768
 Lithium    -0.854 -0.065-12.594
 Beryllium  -0.326 -0.290 -1.830
 Boron      -1.024 -0.044 -3.052
 Carbon     -0.918 -0.059 -2.230
 Nitrogen   -0.206 -0.423 -4.774
 Oxygen     -0.197 -0.438 -5.257
 Fluorine   -0.341 -0.265 -3.071
 Neon       -0.202 -0.430 -3.669
 Sodium     -1.399 -0.018 -4.219
 Magnesium  -1.551 -0.018 -1.899
 Aluminium  -3.368 -0.001 -2.766
 Silicon    -1.869 -0.006 -3.557
 Phosphorus -2.710 -0.002 -2.446
 Sulphur    -1.350 -0.031 -1.601
 Chlorine   -2.663 -0.008 -1.781
 Argon      -0.658 -0.152 -1.123
 Potassium  -1.117 -0.035 -2.667
 Calcium    -0.883 -0.089 -1.264
 Scandium   -1.053 -0.130 -0.773 -2.953
 Titanium   -3.849 -0.022 -1.299 -5.563
 Vanadium   -0.720 -0.149 -1.004 -6.238
 Chromium   -1.227 -0.029 -2.241
 Manganese  -3.784 -0.003 -2.134
 Iron       -4.021 -0.001 -2.771
 Cobalt     -0.339 -0.266 -3.542
 Nickel     -3.530 -0.000 -3.489
 Copper     -0.738 -0.141 -1.025
 Zinc       -0.259 -0.361 -1.837 -5.181

               1      2      3      4      5      6      7      8      9     10     11     12     13     14     15     16     17

 Hydrogen    3.633  3.639  3.620 (H2)                  Log10 Mean Temperature (over radius)
 Helium      3.635  3.637  3.635
 Lithium     3.636  3.636  3.637
 Beryllium   3.637  3.635  3.637
 Boron       3.638  3.635  3.641
 Carbon      3.636  3.636  3.638
 Nitrogen    3.633  3.640  3.645
 Oxygen      3.634  3.639  3.642
 Fluorine    3.634  3.637  3.636
 Neon        3.635  3.637  3.636
 Sodium      3.634  3.636  3.635
 Magnesium   3.633  3.636  3.641
 Aluminium   3.636  3.636  3.637
 Silicon     3.636  3.636  3.648
 Phosphorus  3.635  3.636  3.638
 Sulphur     3.636  3.636  3.637
 Chlorine    3.635  3.636  3.637
 Argon       3.633  3.636  3.638
 Potassium   3.631  3.636  3.636
 Calcium     3.638  3.635  3.636
 Scandium    3.636  3.635  3.640  3.644
 Titanium    3.635  3.635  3.640  3.645
 Vanadium    3.635  3.635  3.641  3.661
 Chromium    3.637  3.635  3.646
 Manganese   3.635  3.636  3.646
 Iron        3.635  3.636  3.648
 Cobalt      3.635  3.636  3.642
 Nickel      3.635  3.636  3.642
 Copper      3.636  3.635  3.638
 Zinc        3.636  3.635  3.636  3.635

               1      2      3      4      5      6      7      8      9     10     11     12     13     14     15     16     17

 Hydrogen    3.637  3.642  3.623 (H2)          Log10 Mean Temperature (over radius*electron density)
 Helium      3.638  3.640  3.639
 Lithium     3.639  3.639  3.640
 Beryllium   3.640  3.638  3.641
 Boron       3.641  3.638  3.644
 Carbon      3.639  3.639  3.641
 Nitrogen    3.636  3.643  3.647
 Oxygen      3.637  3.642  3.645
 Fluorine    3.637  3.640  3.640
 Neon        3.638  3.640  3.639
 Sodium      3.637  3.639  3.638
 Magnesium   3.636  3.639  3.644
 Aluminium   3.639  3.639  3.640
 Silicon     3.639  3.639  3.651
 Phosphorus  3.638  3.639  3.641
 Sulphur     3.639  3.639  3.640
 Chlorine    3.638  3.639  3.640
 Argon       3.636  3.639  3.641
 Potassium   3.634  3.639  3.639
 Calcium     3.640  3.638  3.639
 Scandium    3.639  3.638  3.643  3.647
 Titanium    3.638  3.638  3.643  3.648
 Vanadium    3.637  3.638  3.644  3.661
 Chromium    3.640  3.638  3.648
 Manganese   3.638  3.639  3.648
 Iron        3.638  3.639  3.650
 Cobalt      3.638  3.639  3.645
 Nickel      3.638  3.639  3.644
 Copper      3.639  3.638  3.641
 Zinc        3.639  3.638  3.640  3.639

               1      2      3      4      5      6      7      8      9     10     11     12     13     14     15     16     17
                                                                          

---------------Convergence statistics---------------
      1.56 mean iterations/state convergence
      2.88 mean cx acceleration loops/iteration
      1.01 mean iso convergence loops/ion solve
      1.04 mean steps/chemistry solve
      1.01 mean step length searches/chemistry step
----------------------------------------------------

 Cloudy ends: 30 zones, 3 iterations.  ExecTime(s) 116.96
 [Stop in cdMain at ../maincl.cpp:483, Cloudy exited OK]
 ************************************************** GRID_DELIMIT -- grid000000017
