                                                          Cloudy 13.03
                                                         www.nublado.org

                       **************************************13Feb20**************************************
                       *                                                                                 *
                       * c                                                                               *
                       * phi(h) 11.000000 LOG range -0.000232 6.866524                                   *
                       * grid from 8 to 23 in 1 dex steps                                                *
                       * HDEN=7.000000 LOG                                                               *
                       * grid from 0 to 12 in 1 dex steps                                                *
                       * set pres ionize 1e5                                                             *
                       * c                                                                               *
                       * c                                                                               *
                       * table star "inst_padova_agbtrack_z.mod" age 6.3                                 *
                       * c<< inst_padova_ model    1 read.       Age =      10000.00                 >>> *
                       * c<< inst_padova_ model    2 read.       Age =    2010000.00                 >>> *
                       * c<< FINAL:     Age =    1995262.31                                          >>> *
                       * c                                                                               *
                       * c                                                                               *
                       * abundances GASS10                                                               *
                       * c                                                                               *
                       * c                                                                               *
                       * iterate to convergence max = 7                                                  *
                       * stop column density = 23                                                        *
                       * c                                                                               *
                       * c                                                                               *
                       * print last                                                                      *
                       * set save prefix "padova_inst_2"                                                 *
                       * save grid ".grd" last no hash                                                   *
                       * save linelist "emissionlines_abs.txt" "LineList_HII.dat" absolute last no hash    *
                       *                                                                                 *
                       ***********************************************************************************



           4049CellPeak1.00E+00   Lo 1.00e-08=910.79cm   Hi-Con:6.19E+00 Ryd   E(hi):7.35E+06Ryd     E(hi):     100.01 MeV
           I(nu>1ryd):   0.4715   Average nu:1.358E+00   I( X-ray):   0.0000   I(BalC):   0.9940     Phi(BalmrC):  11.8965
           phi(1.0-1.8):10.9535   phi(1.8-4.0): 10.007   phi(4.0-20):  5.227   phi(20--):  0.000     Ion pht flx:1.000E+11
           I(gam ray):   0.0000   phi(gam r):   0.0000   I(Infred):   0.1331   Alf(ox):   0.0000     Total inten:   1.1518
           U(1.0----):3.336E-07   U(4.0----):5.625E-13   T(En-Den):1.581E+01   T(Comp):3.012E+04     nuJnu(912A):9.683E+00
           Occ(FarIR):4.141E+00   Occ(H n=6):2.633E-12   Occ(1Ryd):4.451E-16   Occ(4R):3.399E-23     Occ (Nu-hi):3.050E-29
           Tbr(FarIR):6.561E-03   Tbr(H n=6):1.154E-08   Tbr(1Ryd):7.036E-11   Tbr(4R):2.148E-17     Tbr (Nu-hi):2.972E-23
  
                                                  Gas Phase Chemical Composition
        H :  0.0000  He: -1.0701  Li:-10.9508  Be:-10.6198  B : -9.3002  C : -3.5702  N : -4.1701  O : -3.3098  F : -7.4401
        Ne: -4.0701  Na: -5.7595  Mg: -4.4001  Al: -5.5498  Si: -4.4895  P : -6.5901  S : -4.8794  Cl: -6.5003  Ar: -5.6003
        K : -6.9706  Ca: -5.6596  Sc: -8.8508  Ti: -7.0501  V : -8.0701  Cr: -6.3595  Mn: -6.5702  Fe: -4.5003  Co: -7.0101
                                               Ni: -5.7799  Cu: -7.8097  Zn: -7.4401
 
 ####  1  Te:6.292E+03 Hden:1.000E+07 Ne:2.187E+06 R:1.000E+30 R-R0:1.330E+07 dR:2.660E+07 NTR: 36 Htot:1.291E-11 T912: 1.32e-03###
 Hydrogen      7.86e-01 2.14e-01 H+o/Hden 1.00e+00 4.73e-08 H-    H2 8.17e-09 5.39e-09 H2+ HeH+ 9.46e-09 Ho+ ColD 2.09e+14 5.69e+13
 Helium        9.59e-01 4.14e-02 1.49e-09 HeI 2s3S 4.99e-07 Comp H,C 4.19e-22 8.75e-23 Fill Fac 1.00e+00 Gam1/tot 1.00e+00
 He singlet n  9.59e-01 4.66e-10 1.48e-16 3.06e-17 2.66e-17 3.81e-17 He tripl 4.99e-07 1.14e-14 5.81e-17 3.74e-16 1.05e-16
 Pressure      NgasTgas 8.21e+10 P(total) 1.13e-05 P( gas ) 1.13e-05 P(Radtn) 0.00e+00 Rad accl 3.48e-04 ForceMul 1.15e+07
 Texc(La)      3.42e+03 T(I con) 1.58e+01 T(D con) 1.24e+00 T(U tot) 1.58e+01 nT (c+d) 4.12e+06 Prad/Gas 0.00e+00 Pmag/Gas 0.00e+00
 Molecules     CH/Ctot: 3.55e-08 CH+/Ctot 2.88e-09 CO/Ctot: 6.25e-09 CO+/Ctot 3.79e-12 H2O/Otot 2.64e-16 OH/Ototl 6.80e-08
 Lithium       9.39e-02 9.06e-01 1.54e-14 0.00e+00 Berylliu 8.53e-01 1.45e-01 1.39e-03 0.00e+00 0.00e+00 sec ion: 0.00e+00
 Boron         3.04e-01 6.96e-01 7.23e-05 0.00e+00 0.00e+00 0.00e+00
 Carbon        3.39e-01 6.60e-01 1.10e-03 0.00e+00 0.00e+00 0.00e+00 0.00e+00 H2O+/O   4.63e-17 OH+/Otot 2.22e-08 Hex(tot) 0.00e+00
 Nitrogen      8.04e-01 1.96e-01 8.24e-07 0.00e+00 0.00e+00 0.00e+00 0.00e+00 0.00e+00 O2/Ototl 4.59e-12 O2+/Otot 2.06e-12
 Oxygen        8.22e-01 1.78e-01 1.85e-07 0.00e+00 0.00e+00 0.00e+00 0.00e+00 0.00e+00 0.00e+00
 Fluorine      7.05e-01 2.95e-01 1.23e-04 0.00e+00 0.00e+00 0.00e+00 0.00e+00 0.00e+00 0.00e+00 0.00e+00
 Neon          8.37e-01 1.63e-01 2.52e-05 0.00e+00 0.00e+00 0.00e+00 0.00e+00 0.00e+00 0.00e+00 0.00e+00 0.00e+00
 Sodium        1.96e-02 9.80e-01 1.67e-05 0.00e+00 0.00e+00 0.00e+00 0.00e+00 0.00e+00 0.00e+00 0.00e+00 0.00e+00 0.00e+00
 Magnesium     2.07e-02 9.73e-01 6.49e-03 0.00e+00 0.00e+00 0.00e+00 0.00e+00 0.00e+00 0.00e+00 0.00e+00 0.00e+00 0.00e+00 0.00e+00
 Aluminium  0  3.80e-04 9.99e-01 5.65e-04 0.00e+00 0.00e+00 0.00e+00 0.00e+00 0.00e+00 0.00e+00 0.00e+00 0.00e+00 0.00e+00 0.00e+00
 Silicon    0  1.24e-02 9.87e-01 7.27e-04 0.00e+00 0.00e+00 0.00e+00 0.00e+00 0.00e+00 0.00e+00 0.00e+00 0.00e+00 0.00e+00 0.00e+00
 Phosphorus 0  1.53e-03 9.97e-01 1.40e-03 0.00e+00 0.00e+00 0.00e+00 0.00e+00 0.00e+00 0.00e+00 0.00e+00 0.00e+00 0.00e+00 0.00e+00
 Sulphur    0  1.30e-01 8.63e-01 7.45e-03 0.00e+00 0.00e+00 0.00e+00 0.00e+00 0.00e+00 0.00e+00 0.00e+00 0.00e+00 0.00e+00 0.00e+00
 Chlorine   0  1.68e-03 9.93e-01 5.10e-03 0.00e+00 0.00e+00 0.00e+00 0.00e+00 0.00e+00 0.00e+00 0.00e+00 0.00e+00 0.00e+00 0.00e+00
 Argon      0  4.34e-01 5.47e-01 1.91e-02 0.00e+00 0.00e+00 0.00e+00 0.00e+00 0.00e+00 0.00e+00 0.00e+00 0.00e+00 0.00e+00 0.00e+00
 Potassium  0  5.29e-03 9.94e-01 6.97e-04 0.00e+00 0.00e+00 0.00e+00 0.00e+00 0.00e+00 0.00e+00 0.00e+00 0.00e+00 0.00e+00 0.00e+00
 Calcium    0  1.71e-01 8.14e-01 1.49e-02 0.00e+00 0.00e+00 0.00e+00 0.00e+00 0.00e+00 0.00e+00 0.00e+00 0.00e+00 0.00e+00 0.00e+00
 Scandium   0  1.12e-01 8.02e-01 8.55e-02 8.25e-05 0.00e+00 0.00e+00 0.00e+00 0.00e+00 0.00e+00 0.00e+00 0.00e+00 0.00e+00 0.00e+00
 Titanium   0  9.82e-05 9.78e-01 2.19e-02 0.00e+00 0.00e+00 0.00e+00 0.00e+00 0.00e+00 0.00e+00 0.00e+00 0.00e+00 0.00e+00 0.00e+00
 Vanadium   0  2.61e-01 6.96e-01 4.34e-02 0.00e+00 0.00e+00 0.00e+00 0.00e+00 0.00e+00 0.00e+00 0.00e+00 0.00e+00 0.00e+00 0.00e+00
 Chromium   0  1.47e-01 8.44e-01 9.50e-03 0.00e+00 0.00e+00 0.00e+00 0.00e+00 0.00e+00 0.00e+00 0.00e+00 0.00e+00 0.00e+00 0.00e+00
 Manganese  0  1.11e-04 9.89e-01 1.08e-02 0.00e+00 0.00e+00 0.00e+00 0.00e+00 0.00e+00 0.00e+00 0.00e+00 0.00e+00 0.00e+00 0.00e+00
 Iron       0  6.55e-05 9.96e-01 3.98e-03 0.00e+00 0.00e+00 0.00e+00 0.00e+00 0.00e+00 0.00e+00 0.00e+00 0.00e+00 0.00e+00 0.00e+00
 Cobalt     0  6.82e-01 3.18e-01 1.50e-05 0.00e+00 0.00e+00 0.00e+00 0.00e+00 0.00e+00 0.00e+00 0.00e+00 0.00e+00 0.00e+00 0.00e+00
 Nickel     0  2.16e-04 1.00e+00 2.53e-05 0.00e+00 0.00e+00 0.00e+00 0.00e+00 0.00e+00 0.00e+00 0.00e+00 0.00e+00 0.00e+00 0.00e+00
 Copper     0  4.47e-01 5.49e-01 4.09e-03 0.00e+00 0.00e+00 0.00e+00 0.00e+00 0.00e+00 0.00e+00 0.00e+00 0.00e+00 0.00e+00 0.00e+00
 Zinc       0  7.98e-01 1.99e-01 2.29e-03 0.00e+00 0.00e+00 0.00e+00 0.00e+00 0.00e+00 0.00e+00 0.00e+00 0.00e+00 0.00e+00 0.00e+00
 #### 88  Te:3.982E+03 Hden:1.000E+07 Ne:2.022E+05 R:1.000E+30 R-R0:2.173E+11 dR:2.337E+09 NTR:  5 Htot:3.649E-13 T912: 1.27e+01###
 Hydrogen      9.81e-01 1.85e-02 H+o/Hden 1.00e+00 4.20e-08 H-    H2 1.95e-05 3.39e-09 H2+ HeH+ 1.18e-08 Ho+ ColD 2.01e+18 1.76e+17
 Helium        9.84e-01 1.65e-02 2.55e-09 HeI 2s3S 4.61e-07 Comp H,C 2.51e-23 4.38e-24 Fill Fac 1.00e+00 Gam1/tot 1.00e+00
 He singlet n  9.83e-01 2.43e-11 6.31e-17 9.50e-19 3.81e-18 2.18e-18 He tripl 4.61e-07 3.71e-16 2.05e-18 1.78e-17 6.02e-18
 Pressure      NgasTgas 4.41e+10 P(total) 6.08e-06 P( gas ) 6.08e-06 P(Radtn) 5.73e-13 Rad accl 1.51e-06 ForceMul 6.30e+05
 Texc(La)      3.72e+03 T(I con) 1.49e+01 T(D con) 7.80e+00 T(U tot) 1.52e+01 nT (c+d) 5.49e+06 Prad/Gas 9.42e-08 Pmag/Gas 0.00e+00
 Molecules     CH/Ctot: 8.85e-07 CH+/Ctot 3.69e-07 CO/Ctot: 1.05e-05 CO+/Ctot 1.13e-08 H2O/Otot 2.67e-10 OH/Ototl 3.15e-05
 Lithium       1.21e-01 8.79e-01 1.34e-14 0.00e+00 Berylliu 3.67e-01 6.31e-01 1.26e-03 0.00e+00 0.00e+00 sec ion: 0.00e+00
 Boron         5.82e-02 9.42e-01 6.36e-06 0.00e+00 0.00e+00 0.00e+00
 Carbon        9.91e-02 9.01e-01 2.56e-04 0.00e+00 0.00e+00 0.00e+00 0.00e+00 H2O+/O   9.45e-11 OH+/Otot 8.20e-06 Hex(tot) 0.00e+00
 Nitrogen      9.93e-01 6.57e-03 2.86e-09 0.00e+00 0.00e+00 0.00e+00 0.00e+00 0.00e+00 O2/Ototl 2.52e-09 O2+/Otot 4.63e-09
 Oxygen        9.86e-01 1.45e-02 4.24e-09 0.00e+00 0.00e+00 0.00e+00 0.00e+00 0.00e+00 0.00e+00
 Fluorine      9.07e-01 9.33e-02 8.98e-05 0.00e+00 0.00e+00 0.00e+00 0.00e+00 0.00e+00 0.00e+00 0.00e+00
 Neon          9.25e-01 7.47e-02 3.11e-05 0.00e+00 0.00e+00 0.00e+00 0.00e+00 0.00e+00 0.00e+00 0.00e+00 0.00e+00
 Sodium        6.47e-02 9.35e-01 4.95e-05 0.00e+00 0.00e+00 0.00e+00 0.00e+00 0.00e+00 0.00e+00 0.00e+00 0.00e+00 0.00e+00
 Magnesium     2.63e-02 9.73e-01 4.01e-04 0.00e+00 0.00e+00 0.00e+00 0.00e+00 0.00e+00 0.00e+00 0.00e+00 0.00e+00 0.00e+00 0.00e+00
 Aluminium  0  4.91e-04 9.99e-01 2.36e-04 0.00e+00 0.00e+00 0.00e+00 0.00e+00 0.00e+00 0.00e+00 0.00e+00 0.00e+00 0.00e+00 0.00e+00
 Silicon    0  4.73e-03 9.95e-01 3.12e-06 0.00e+00 0.00e+00 0.00e+00 0.00e+00 0.00e+00 0.00e+00 0.00e+00 0.00e+00 0.00e+00 0.00e+00
 Phosphorus 0  2.23e-03 9.97e-01 3.27e-04 0.00e+00 0.00e+00 0.00e+00 0.00e+00 0.00e+00 0.00e+00 0.00e+00 0.00e+00 0.00e+00 0.00e+00
 Sulphur    0  2.63e-02 9.71e-01 2.89e-03 0.00e+00 0.00e+00 0.00e+00 0.00e+00 0.00e+00 0.00e+00 0.00e+00 0.00e+00 0.00e+00 0.00e+00
 Chlorine   0  3.52e-03 9.94e-01 2.43e-03 0.00e+00 0.00e+00 0.00e+00 0.00e+00 0.00e+00 0.00e+00 0.00e+00 0.00e+00 0.00e+00 0.00e+00
 Argon      0  8.94e-01 1.01e-01 1.43e-03 0.00e+00 0.00e+00 0.00e+00 0.00e+00 0.00e+00 0.00e+00 0.00e+00 0.00e+00 0.00e+00 0.00e+00
 Potassium  0  1.38e-01 8.62e-01 7.88e-04 0.00e+00 0.00e+00 0.00e+00 0.00e+00 0.00e+00 0.00e+00 0.00e+00 0.00e+00 0.00e+00 0.00e+00
 Calcium    0  8.27e-02 8.55e-01 6.21e-02 0.00e+00 0.00e+00 0.00e+00 0.00e+00 0.00e+00 0.00e+00 0.00e+00 0.00e+00 0.00e+00 0.00e+00
 Scandium   0  7.35e-02 9.00e-01 2.63e-02 2.39e-06 0.00e+00 0.00e+00 0.00e+00 0.00e+00 0.00e+00 0.00e+00 0.00e+00 0.00e+00 0.00e+00
 Titanium   0  1.97e-04 9.96e-01 3.42e-03 0.00e+00 0.00e+00 0.00e+00 0.00e+00 0.00e+00 0.00e+00 0.00e+00 0.00e+00 0.00e+00 0.00e+00
 Vanadium   0  2.29e-01 7.65e-01 5.40e-03 0.00e+00 0.00e+00 0.00e+00 0.00e+00 0.00e+00 0.00e+00 0.00e+00 0.00e+00 0.00e+00 0.00e+00
 Chromium   0  4.24e-02 9.58e-01 3.98e-05 0.00e+00 0.00e+00 0.00e+00 0.00e+00 0.00e+00 0.00e+00 0.00e+00 0.00e+00 0.00e+00 0.00e+00
 Manganese  0  2.15e-04 1.00e+00 9.08e-05 0.00e+00 0.00e+00 0.00e+00 0.00e+00 0.00e+00 0.00e+00 0.00e+00 0.00e+00 0.00e+00 0.00e+00
 Iron       0  1.22e-04 1.00e+00 1.91e-05 0.00e+00 0.00e+00 0.00e+00 0.00e+00 0.00e+00 0.00e+00 0.00e+00 0.00e+00 0.00e+00 0.00e+00
 Cobalt     0  5.04e-01 4.96e-01 7.66e-07 0.00e+00 0.00e+00 0.00e+00 0.00e+00 0.00e+00 0.00e+00 0.00e+00 0.00e+00 0.00e+00 0.00e+00
 Nickel     0  3.57e-04 1.00e+00 1.11e-06 0.00e+00 0.00e+00 0.00e+00 0.00e+00 0.00e+00 0.00e+00 0.00e+00 0.00e+00 0.00e+00 0.00e+00
 Copper     0  1.64e-01 8.35e-01 1.11e-03 0.00e+00 0.00e+00 0.00e+00 0.00e+00 0.00e+00 0.00e+00 0.00e+00 0.00e+00 0.00e+00 0.00e+00
 Zinc       0  5.48e-01 4.48e-01 3.96e-03 0.00e+00 0.00e+00 0.00e+00 0.00e+00 0.00e+00 0.00e+00 0.00e+00 0.00e+00 0.00e+00 0.00e+00
                                                                             
   Calculation stopped because lowest Te reached. Iteration 3 of 3
   The geometry is plane-parallel.
  !Charge transfer ionization of H reached 5076.6% of the local H ionization rate.
  !AGE: Cloud age was not set.  Longest timescale was 2.44e+07 s = 9.28e+00 months.
  !Mutual neutralization production of H-alpha was significant.
  !The CMB was not included.  This is added with the CMB command.
   Charge transfer heating reached 3.22% of the local heating.
   The density is too low to l-mix the lowest He I collapsed level.  More resolved levels are needed for accurate line ratios.
   The largest continuum occupation number was 4.141e+00 at 1.004e-08 Ryd.
   Grains were not present but might survive in this environment (energy density temperature was 1.58e+01K)
   The continuum optical depth at the lowest energy considered (1.004e-08 Ryd) was 6.311e+01.
   The fraction of Ar in ArH+ reached 0.298% at some point in the cloud.

                       *********************************> Cloudy 13.03 <**********************************
                       * c                                                                               *
                       * phi(h) 11.000000 LOG range -0.000232 6.866524                                   *
                       * grid from 8 to 23 in 1 dex steps                                                *
                       * HDEN=7.000000 LOG                                                               *
                       * grid from 0 to 12 in 1 dex steps                                                *
                       * set pres ionize 1e5                                                             *
                       * c                                                                               *
                       * c                                                                               *
                       * table star "inst_padova_agbtrack_z.mod" age 6.3                                 *
                       * c                                                                               *
                       * c                                                                               *
                       * abundances GASS10                                                               *
                       * c                                                                               *
                       * c                                                                               *
                       * iterate to convergence max = 7                                                  *
                       * stop column density = 23                                                        *
                       * c                                                                               *
                       * c                                                                               *
                       * print last                                                                      *
                       * set save prefix "padova_inst_2"                                                 *
                       * save grid ".grd" last no hash                                                   *
                       * save linelist "emissionlines_abs.txt" "LineList_HII.dat" absolute last no hash    *
                       *********************************> Log(U): -6.48 <*********************************

                     Emission Line Spectrum.   Constant  Density Model.    Open geometry.  Iteration 3 of 3.
                                                     Intensity (erg/s/cm^2).


                                                   Intrinsic line intensities
 general properties..........      H  1 3.281m  -2.755   0.0395      Ca B  3692A  -3.105   0.0176      N  2  6584A  -3.066   0.0193            
 TOTL  4861A  -1.352   1.0000      H  1 3.281m  -2.830   0.0332      Ca B  3687A  -3.156   0.0157      N  2  6548A  -3.535   0.0065            
 TOTL  1216A   0.177  33.7489      H  1 3.281m  -3.096   0.0180      Ca B  3683A  -3.204   0.0140      N  2  5755A  -3.786   0.0037            
 Inci     0    1.152 318.7209      H  1 3.281m  -3.652   0.0050      Ca B  3679A  -3.250   0.0126      N  2  1085A  -3.723   0.0043            
 TotH     0   -0.152  15.8368      H  1 4.466m  -3.547   0.0064      Ca B  3676A  -3.292   0.0115      O  1  6300A  -1.405   0.8851            
 TotC     0   -0.152  15.8287      H  1 4.466m  -3.109   0.0175      Ca B  3674A  -3.333   0.0104      O  1  6363A  -1.901   0.2823            
 BFH1     0   -0.173  15.0948      H  1 4.466m  -2.992   0.0229      Ca B  3671A  -3.372   0.0096      O  1  5577A  -3.356   0.0099            
 BFHe     0   -1.629   0.5286      H  1 4.466m  -3.041   0.0205      Ca B 1.875m  -1.795   0.3602      O  1 63.17m  -3.041   0.0204            
 TotM     0   -2.412   0.0870      H  1 4.466m  -3.234   0.0131      Ca B 1.282m  -2.110   0.1743      TOTL  3727A  -4.008   0.0022            
 CT H     0   -2.265   0.1222      H  1 4.466m  -3.596   0.0057      Ca B 1.094m  -2.366   0.0967      TOTL  7325A  -3.319   0.0108            
 H FB     0   -1.228   1.3289      H  1 4.466m  -4.233   0.0013      Ca B 1.005m  -2.574   0.0599      IONZ  7325A  -4.170   0.0015            
 HFBc     0   -1.228   1.3289      H  1 5.834m  -3.750   0.0040      Ca B  9546A  -2.747   0.0402      O II  3726A  -4.159   0.0016            
 continua....................      H  1 5.834m  -3.313   0.0109      Ca B  9229A  -2.892   0.0288      O II  2471A  -3.420   0.0086            
 Bac   3646A  -0.014  21.7528      H  1 5.834m  -3.194   0.0144      Ca B  9015A  -3.014   0.0218      O II  7323A  -3.573   0.0060            
 nFnu  3645A  -0.005  22.2045      H  1 5.834m  -3.229   0.0133      Ca B  8863A  -3.119   0.0171      O II  7332A  -3.674   0.0048            
 nFnu  3647A  -1.697   0.4517      H  1 5.834m  -3.386   0.0092      Ca B  8750A  -3.211   0.0138      O  2 833.8A  -4.178   0.0015            
 cout  3646A  -0.315  10.8764      H  1 5.834m  -3.663   0.0049      Ca B  8665A  -3.293   0.0114      Ne 2 12.81m  -2.184   0.1472            
 cref  3646A  -0.315  10.8764      H  1 5.834m  -4.093   0.0018      Ca B  8598A  -3.367   0.0096      Na 1  5892A  -2.752   0.0398            
 thin  3646A  -0.014  21.7529      H  1 7.383m  -3.925   0.0027      Ca B  8545A  -3.436   0.0082      Mg 1  4561A  -4.318   0.0011            
 Inci  4860A  -0.043  20.3441      H  1 7.383m  -3.489   0.0073      Ca B  8502A  -3.500   0.0071      Mg 1  2853A  -3.552   0.0063            
 Inci  1215A   1.038 245.4196      H  1 7.383m  -3.369   0.0096      Ca B  8467A  -3.559   0.0062      TOTL  2798A  -1.241   1.2916            
 Ba C     0   -0.880   2.9591      H  1 7.383m  -3.397   0.0090      Ca B  8438A  -3.614   0.0055      Mg 2  2796A  -1.420   0.8547            
 PA C     0   -1.277   1.1874      H  1 7.383m  -3.532   0.0066      Ca B  8413A  -3.666   0.0048      Mg 2  2803A  -1.711   0.4369            
 FIR  83.00m  -0.435   8.2611      H  1 7.383m  -3.763   0.0039      Ca B  8392A  -3.715   0.0043      totl  2665A  -2.974   0.0239            
 TIR   1800m  -2.679   0.0471      H  1 7.383m  -4.099   0.0018      Ca B  8374A  -3.761   0.0039      Al 2  2670A  -2.978   0.0237            
 NIRa 2.850m  -0.059  19.6329      H  1 9.115m  -4.079   0.0019      Ca B  8359A  -3.804   0.0035      Si 2 34.81m  -3.248   0.0127            
 NIRb 3.000m  -0.529   6.6518      H  1 9.115m  -3.644   0.0051      Ca B  8346A  -3.845   0.0032      TOTL  2335A  -2.947   0.0254            
 MIRa 15.00m  -0.880   2.9591      H  1 9.115m  -3.524   0.0067      Ca B  8334A  -3.884   0.0029      Si 2  2334A  -3.952   0.0025            
 MIRb 22.50m  -0.695   4.5306      H  1 9.115m  -3.546   0.0064      Ca B 4.051m  -2.420   0.0855      Si 2  2350A  -4.064   0.0019            
 NMIR 21.75m  -0.059  19.6329      H  1 9.115m  -3.669   0.0048      Ca B 2.625m  -2.661   0.0490      Si 2  2344A  -3.422   0.0085            
 TFIR 611.2m  -0.947   2.5377      H  1 9.115m  -3.872   0.0030      Ca B 2.166m  -2.872   0.0302      Si 2  2336A  -3.261   0.0123            
 TALL 10000A   1.149 316.4899      H  1 9.115m  -4.154   0.0016      Ca B 1.945m  -3.052   0.0200      Si 2  1814A  -3.722   0.0043            
 F12  12.00m  -1.356   0.9902      H  1 11.03m  -2.991   0.0229      Ca B 1.817m  -3.205   0.0140      Si 2  1531A  -3.747   0.0040            
 F25  25.00m  -1.255   1.2492      H  1 13.13m  -3.104   0.0177      Ca B 1.736m  -3.337   0.0104      Si 2  1308A  -3.699   0.0045            
 F60  60.00m  -0.831   3.3130      H  1 15.40m  -3.207   0.0140      Ca B 1.681m  -3.451   0.0080      Si 2  1263A  -3.430   0.0083            
 F100 100.0m  -1.024   2.1275      H  1 17.87m  -3.302   0.0112      Ca B 1.641m  -3.551   0.0063      P  2 1.640m  -3.630   0.0053            
 MIPS 24.00m  -1.542   0.6450      H  1 20.51m  -3.391   0.0091      Ca B 1.611m  -3.639   0.0052      P  2  4669A  -4.120   0.0017            
 MIPS 70.00m  -1.187   1.4621      H  1 23.33m  -3.475   0.0075      Ca B 1.588m  -3.719   0.0043      P  2 1.189m  -3.412   0.0087            
 MIPS 160.0m  -1.419   0.8570      H  1 26.34m  -3.553   0.0063      Ca B 1.570m  -3.792   0.0036      P  2 1.147m  -3.889   0.0029            
 IRAC 3.600m  -1.905   0.2796      H  1 29.53m  -3.628   0.0053      Ca B 1.556m  -3.858   0.0031      S  1 25.19m  -4.165   0.0015            
 IRAC 4.500m  -1.833   0.3304      H  1 32.91m  -3.698   0.0045      Ca B 1.544m  -3.920   0.0027      S  2  6720A  -2.920   0.0270            
 IRAC 5.800m  -1.939   0.2584      H  1 36.46m  -3.764   0.0039      Ca B 1.534m  -3.977   0.0024      S  2  4074A  -1.794   0.3614            
 IRAC 8.000m  -1.601   0.5628      H  1 40.20m  -3.827   0.0033      Ca B 1.526m  -4.030   0.0021      S  2 1.033m  -1.979   0.2356            
 SPR1 250.0m  -1.838   0.3263      H  1 44.12m  -3.888   0.0029      Ca B 1.519m  -4.080   0.0019      S II  6731A  -3.078   0.0188            
 SPR2 350.0m  -2.269   0.1211      H  1 48.22m  -3.945   0.0025      Ca B 1.513m  -4.127   0.0017      S II  6716A  -3.437   0.0082            
 SPR3 500.0m  -2.645   0.0509      H  1 52.50m  -4.001   0.0022      Ca B 1.508m  -4.170   0.0015      S II  4070A  -1.888   0.2910            
 PAC1 70.00m  -1.125   1.6841      H  1 56.97m  -2.817   0.0342      Ca B 1.504m  -4.211   0.0014      S II  4078A  -2.504   0.0705            
 PAC2 100.0m  -1.019   2.1519      He 1 504.3A  -2.041   0.2045      Ca B 1.500m  -4.250   0.0013      S II 1.032m  -2.379   0.0939            
 PAC3 160.0m  -1.162   1.5487      He 1  2600A  -3.048   0.0201      Ca B 7.458m  -2.921   0.0270      S II 1.029m  -2.514   0.0688            
 PAH  3.300m  -2.692   0.0457      He 1  3121A  -3.560   0.0062      Ca B 4.653m  -3.112   0.0173      S II 1.037m  -2.963   0.0245            
 PAHC 3.230m  -3.022   0.0214      He 1  3421A  -3.495   0.0072      Ca B 3.740m  -3.291   0.0115      S II 1.034m  -2.666   0.0485            
 PAHC 3.370m  -3.115   0.0172      He 1  3421A  -3.018   0.0216      Ca B 3.296m  -3.449   0.0080      S  2  1256A  -4.121   0.0017            
 PAH  6.200m  -2.412   0.0871      He 1  3421A  -2.796   0.0360      Ca B 3.038m  -3.587   0.0058      S  3  9532A  -3.462   0.0078            
 PAHC 5.650m  -2.403   0.0889      He 1  3679A  -3.211   0.0138      Ca B 2.872m  -3.708   0.0044      S  3  9069A  -3.856   0.0031            
 PAH  7.900m  -2.105   0.1764      He 1  6632A  -4.014   0.0022      Ca B 2.758m  -3.814   0.0035      Cl 2 14.40m  -3.682   0.0047            
 PAHC 6.900m  -1.914   0.2737      He 1  7843A  -3.311   0.0110      Ca B 2.674m  -3.908   0.0028      Cl 2  8579A  -2.616   0.0544            
 PAH  11.30m  -2.625   0.0533      He 1  8188A  -3.463   0.0077      Ca B 2.612m  -3.992   0.0023      Cl 2  9124A  -3.194   0.0144            
 PAHC 10.90m  -2.642   0.0513      He 1  8191A  -3.952   0.0025      Ca B 2.564m  -4.068   0.0019      Ar 2 6.980m  -2.282   0.1174            
 PAH  11.80m  -2.415   0.0865      He 1  8261A  -3.907   0.0028      Ca B 2.525m  -4.137   0.0016      Ar 3  7135A  -3.754   0.0040            
 PAHC 12.65m  -1.965   0.2436      He 1 1.409m  -3.840   0.0032      Ca B 2.495m  -4.201   0.0014      Ar 3 9.000m  -4.091   0.0018            
 PAH  13.30m  -2.368   0.0963      He 1 1.456m  -3.855   0.0031      Ca B 2.469m  -4.259   0.0012      K  1  7676A  -3.961   0.0025            
 PAHC 14.10m  -2.350   0.1003      He 1 1.456m  -4.347   0.0010      Ca B 2.448m  -4.313   0.0011      Ca 1  4228A  -2.386   0.0923            
 Bcon  3640A   1.067 262.1870      He 1 1.458m  -4.144   0.0016      Ca B 12.37m  -3.344   0.0102      Ca 2  3933A  -1.473   0.7557            
 Pcon  5000A   0.100  28.3139      He 1 2.217m  -4.230   0.0013      Ca B 7.500m  -3.500   0.0071      Ca 2  8579A  -2.374   0.0949            
 HFFc     0   -1.466   0.7693      He 1 2.275m  -4.196   0.0014      Ca B 5.907m  -3.655   0.0050      Ca 2  7306A  -0.783   3.7016            
 H FF     0   -1.528   0.6666      He 1 2.278m  -4.339   0.0010      Ca B 5.127m  -3.795   0.0036      Ca2K  3934A  -1.670   0.4808            
 HeFF     0   -3.159   0.0156      He 1 4.465m  -4.027   0.0021      Ca B 4.671m  -3.920   0.0027      Ca2H  3969A  -1.912   0.2749            
 MeFB     0   -3.489   0.0073      He 1 5.831m  -4.199   0.0014      Ca B 4.375m  -4.030   0.0021      Ca2X  8498A  -3.502   0.0071            
 MeFF     0   -4.038   0.0021      He 1 7.380m  -4.350   0.0010      Ca B 4.170m  -4.128   0.0017      Ca2Y  8542A  -2.549   0.0635            
 ToFF     0   -1.516   0.6843      C  1  1101A  -3.087   0.0184      Ca B 4.020m  -4.216   0.0014      Ca2Z  8662A  -2.965   0.0244            
 nFnu 122.4m  -3.037   0.0207      N  1 853.4A  -4.349   0.0010      Ca B 3.906m  -4.295   0.0011      CaF1  7291A  -1.004   2.2249            
 nInu 122.4m  -0.610   5.5169      Si 1  1521A  -3.761   0.0039      Ca B 19.06m  -3.711   0.0044      CaF2  7324A  -1.182   1.4766            
 nFnu 60.83m  -2.792   0.0363      S  1  1197A  -3.737   0.0041      Ca B 11.31m  -3.841   0.0032      Fe2c     0   -0.694   4.5424            
 nInu 60.83m  -0.657   4.9466      grains......................      Ca B 8.758m  -3.977   0.0024      Fe 2  4300A  -1.134   1.6515            
 nFnu 41.22m  -2.636   0.0519      H-like iso-sequence.........      Ca B 7.506m  -4.102   0.0018      Fe 2  2400A  -1.461   0.7775            
 nInu 41.22m  -0.770   3.8193      Clin 912.0A  -2.825   0.0336      Ca B 6.770m  -4.215   0.0014      Fe 2  6200A  -3.662   0.0049            
 nFnu 30.87m  -2.529   0.0665      Cool  1216A  -3.028   0.0211      Ca B 6.290m  -4.316   0.0011      Fe 2 1.150m  -4.120   0.0017            
 nInu 30.87m  -0.872   3.0171      Crst 960.0A  -3.232   0.0132      Ca B 27.80m  -4.035   0.0021      Fe 2 25.98m  -2.749   0.0400            
 nFnu 24.78m  -2.447   0.0803      Ca B  1216A   0.171  33.3043      Ca B 16.20m  -4.146   0.0016      Fe 2 5.339m  -3.711   0.0044            
 nInu 24.78m  -0.951   2.5140      Q(H)  4861A  -1.297   1.1332      Ca B 12.38m  -4.266   0.0012      Fe 2 4.114m  -4.291   0.0012            
 nFnu 24.30m  -2.440   0.0816      Q(H)  1216A   0.213  36.7199      Ca B 38.86m  -4.325   0.0011      Fe 2 1.257m  -1.974   0.2386            
 nInu 24.30m  -0.958   2.4727      CaBo  4861A  -1.344   1.0188      H  1     0   -3.084   0.0185      Fe 2 35.34m  -3.164   0.0154            
 nFnu 22.83m  -2.415   0.0863      Ca A  1216A   0.058  25.6579      H  1  1216A   0.177  33.7489      Fe 2 1.321m  -2.551   0.0631            
 nInu 22.83m  -0.980   2.3527      Ca A  1026A  -0.670   4.8096      H  1  1026A  -2.828   0.0334      Fe 2 1.249m  -3.204   0.0140            
 nFnu 21.42m  -2.393   0.0909      Ca A 972.5A  -1.085   1.8478      H  1 972.5A  -2.911   0.0276      Fe 2  7638A  -2.542   0.0646            
 nInu 21.42m  -1.003   2.2292      Ca A 949.7A  -1.383   0.9296      H  1 949.7A  -2.922   0.0269      Fe 2 51.29m  -3.857   0.0031            
 nFnu 21.12m  -2.388   0.0920      Ca A 937.8A  -1.608   0.5542      H  1 937.8A  -2.945   0.0255      Fe 2 5.672m  -4.119   0.0017            
 nInu 21.12m  -1.009   2.2017      Ca A 930.8A  -1.778   0.3743      H  1 930.8A  -3.139   0.0163      Fe 2 1.372m  -2.776   0.0377            
 nFnu 19.62m  -2.359   0.0983      Ca A 926.2A  -1.907   0.2785      H  1 926.2A  -3.280   0.0118      Fe 2 1.294m  -2.536   0.0654            
 nInu 19.62m  -1.035   2.0747      Ca A 923.2A  -2.004   0.2229      H  1 923.2A  -3.333   0.0104      Fe 2  7687A  -2.725   0.0423            
 nFnu 17.65m  -2.316   0.1086      Ca A 921.0A  -2.077   0.1883      H  1 921.0A  -3.350   0.0100      Fe 2 4.434m  -4.331   0.0010            
 nInu 17.65m  -1.078   1.8775      Ca A 919.4A  -2.132   0.1660      H  1  6563A  -0.898   2.8433      Fe 2 1.328m  -2.782   0.0372            
 nFnu 17.37m  -2.311   0.1099      Ca A 918.1A  -2.173   0.1507      H  1  4861A  -1.352   1.0000      Fe 2 1.279m  -2.643   0.0511            
 nInu 17.37m  -1.084   1.8521      Ca A 917.2A  -2.209   0.1389      H  1  4340A  -1.679   0.4706      Fe 2 1.252m  -3.538   0.0065            
 nFnu 15.69m  -2.277   0.1187      Ca A 916.4A  -2.243   0.1283      H  1  4102A  -1.914   0.2741      Fe 2  7665A  -3.089   0.0183            
 nInu 15.69m  -1.123   1.6913      Ca A 915.8A  -2.279   0.1183      H  1  3970A  -2.078   0.1879      Fe 2 1.298m  -3.007   0.0221            
 nFnu 14.60m  -2.246   0.1274      Ca A 915.3A  -2.315   0.1087      H  1  3889A  -2.197   0.1427      Fe 2 1.270m  -2.826   0.0336            
 nInu 14.60m  -1.151   1.5871      Ca A 914.9A  -2.353   0.0998      H  1  3835A  -2.298   0.1131      Fe 2  7874A  -3.583   0.0059            
 nFnu 12.43m  -2.183   0.1476      Ca A 914.6A  -2.390   0.0915      H  1  3798A  -2.376   0.0945      Fe 2  7733A  -3.604   0.0056            
 nInu 12.43m  -1.216   1.3662      Ca A 914.3A  -2.427   0.0841      H  1 1.875m  -1.829   0.3332      Fe 2 17.93m  -2.371   0.0955            
 nFnu 11.40m  -2.156   0.1571      Ca A 914.0A  -2.463   0.0774      H  1 1.282m  -2.131   0.1663      Fe 2 1.644m  -2.047   0.2018            
 nInu 11.40m  -1.250   1.2647      Ca A 913.8A  -2.497   0.0715      H  1 1.094m  -2.372   0.0954      Fe 2 1.533m  -2.481   0.0743            
 nFnu 10.46m  -2.116   0.1722      Ca A 913.6A  -2.530   0.0663      H  1 1.005m  -2.553   0.0629      Fe 2  8617A  -1.963   0.2447            
 nInu 10.46m  -1.283   1.1708      Ca A 913.5A  -2.561   0.0618      H  1  9546A  -2.692   0.0457      Fe 2 24.51m  -2.845   0.0321            
 nFnu 9.480m  -2.085   0.1848      Ca A 913.3A  -2.590   0.0578      H  1  9229A  -2.805   0.0352      Fe 2 1.809m  -2.750   0.0400            
 nInu 9.480m  -1.323   1.0692      Ca A  6563A  -1.070   1.9131      H  1  9015A  -2.888   0.0291      Fe 2 1.677m  -2.620   0.0539            
 nFnu 9.325m  -2.080   0.1867      Ca A  4861A  -1.521   0.6776      H  1 4.051m  -2.470   0.0761      Fe 2 1.599m  -2.582   0.0588            
 nInu 9.325m  -1.329   1.0547      Ca A  4340A  -1.847   0.3193      H  1 2.625m  -2.694   0.0455      Fe 2  9052A  -2.621   0.0537            
 nFnu 8.210m  -2.024   0.2126      Ca A  4102A  -2.101   0.1780      H  1 2.166m  -2.888   0.0291      Fe 2  8892A  -2.368   0.0962            
 nInu 8.210m  -1.380   0.9365      Ca A  3970A  -2.306   0.1110      H  1 1.945m  -3.044   0.0203      Fe 2 35.77m  -3.655   0.0050            
 nFnu 7.580m  -2.001   0.2240      Ca A  3889A  -2.475   0.0753      H  1 1.817m  -3.167   0.0153      Fe 2 1.800m  -2.792   0.0363            
 nInu 7.580m  -1.412   0.8701      Ca A  3835A  -2.613   0.0547      H  1 1.736m  -3.254   0.0125      Fe 2 1.711m  -3.164   0.0154            
 nFnu 7.050m  -1.957   0.2482      Ca A  3798A  -2.727   0.0421      H  1 7.458m  -2.991   0.0230      Fe 2 1.664m  -2.866   0.0306            
 nInu 7.050m  -1.440   0.8157      Ca A  3771A  -2.822   0.0339      H  1 4.653m  -3.166   0.0153      Fe 2  9399A  -3.398   0.0090            
 nFnu 4.114m  -1.741   0.4081      Ca A  3750A  -2.902   0.0281      H  1 3.740m  -3.325   0.0106      Fe 2  9227A  -2.624   0.0534            
 nInu 4.114m  -1.544   0.6415      Ca A  3734A  -2.972   0.0240      H  1 3.296m  -3.452   0.0079      Fe 2  9033A  -2.838   0.0327            
 nFnu 2.324m  -1.598   0.5671      Ca A  3722A  -3.033   0.0208      H  1 3.038m  -3.541   0.0065      Fe 2 1.797m  -2.937   0.0260            
 nInu 2.324m  -1.319   1.0782      Ca A  3712A  -3.089   0.0183      H  1 12.37m  -3.435   0.0083      Fe 2 1.745m  -3.175   0.0150            
 nFnu 1.643m  -1.472   0.7574      Ca A  3704A  -3.140   0.0163      H  1 7.500m  -3.569   0.0061      Fe 2  9471A  -3.190   0.0145            
 nInu 1.643m  -1.086   1.8424      Ca A  3697A  -3.188   0.0146      H  1 5.907m  -3.691   0.0046      Fe 2  9268A  -2.732   0.0416            
 nFnu 1.480m  -1.485   0.7359      Ca A  3692A  -3.233   0.0131      H  1 5.127m  -3.779   0.0037      Fe 2 22.90m  -3.706   0.0044            
 nInu 1.480m  -1.042   2.0395      Ca A  3687A  -3.275   0.0119      H  1 19.06m  -3.809   0.0035      Fe 2 1.811m  -3.418   0.0086            
 nFnu 1.436m  -1.183   1.4733      Ca A  3683A  -3.315   0.0109      H  1 11.31m  -3.904   0.0028      Fe 2 1.748m  -3.610   0.0055            
 nInu 1.436m  -0.915   2.7308      Ca A  3679A  -3.352   0.0100      H  1 8.758m  -3.985   0.0023      Fe 2 1.813m  -3.859   0.0031            
 nFnu 1.119m  -1.238   1.2989      Ca A  3676A  -3.386   0.0092      H  1 27.80m  -4.119   0.0017      Fe 2 2.002m  -4.189   0.0015            
 nInu 1.119m  -0.766   3.8507      Ca A  3674A  -3.418   0.0086      H  1 16.20m  -4.173   0.0015      Fe 2 2.071m  -4.259   0.0012            
 nFnu  8330A  -1.358   0.9866      Ca A  3671A  -3.449   0.0080      He-like iso-sequence........      Fe2b  7000A  -2.235   0.1308            
 nInu  8330A  -0.581   5.8940      Ca A 1.875m  -1.859   0.3110      Clin 506.0A  -2.341   0.1024      Fe2b 10000A  -1.123   1.6945            
 nFnu  8079A  -0.755   3.9478      Ca A 1.282m  -2.180   0.1485      Hlin 506.0A  -4.124   0.0017      Fe2b  7445A  -2.235   0.1308            
 nInu  8079A  -0.426   8.4312      Ca A 1.094m  -2.441   0.0815      Ca B  2945A  -3.642   0.0051      Fe2b  8625A  -1.621   0.5372            
 nFnu  6210A  -1.004   2.2264      Ca A 1.005m  -2.655   0.0497      Ca B  3188A  -3.320   0.0107      Fe2b 1.033m  -3.190   0.0145            
 nInu  6210A  -0.249  12.6564      Ca A  9546A  -2.836   0.0328      Ca B  3614A  -4.210   0.0014      Fe2b 1.889m  -2.164   0.1540            
 nFnu  4885A  -1.324   1.0652      Ca A  9229A  -2.990   0.0230      Ca B  3889A  -2.906   0.0279      Fe 2  1786A  -3.508   0.0070            
 nInu  4885A  -0.042  20.4068      Ca A  9015A  -3.121   0.0170      Ca B  3965A  -3.901   0.0028      Fe3c     0   -3.985   0.0023            
 nFnu  3704A  -1.777   0.3754      Ca A  8863A  -3.235   0.0131      Ca B  4026A  -3.552   0.0063      recombination...............            
 nInu  3704A   0.192  34.9345      Ca A  8750A  -3.335   0.0104      Ca B  4388A  -4.122   0.0017      C  1 1.069m  -4.328   0.0011            
 nFnu  3588A  -0.040  20.4731      Ca A  8665A  -3.422   0.0085      Ca B  4471A  -3.218   0.0136      O  1  1357A  -3.614   0.0055            
 nInu  3588A   0.356  50.9923      Ca A  8598A  -3.498   0.0071      Ca B  4713A  -4.308   0.0011      C  1  1140A  -2.954   0.0250            
 nFnu  2430A  -1.165   1.5362      Ca A  8545A  -3.566   0.0061      Ca B  4922A  -3.781   0.0037      C  2 799.8A  -4.159   0.0016            
 nInu  2430A   0.601  89.7495      Ca A  8502A  -3.627   0.0053      Ca B  5016A  -3.493   0.0072      N  1 980.7A  -4.005   0.0022            
 nFnu  2392A  -1.213   1.3765      Ca A  8467A  -3.682   0.0047      Ca B  5876A  -2.748   0.0401      O  1  7950A  -4.108   0.0018            
 nInu  2392A   0.612  91.9563      Ca A  8438A  -3.732   0.0042      Ca B  6678A  -3.294   0.0114      level2 lines................            
 nFnu  2071A  -1.582   0.5881      Ca A  8413A  -3.778   0.0037      Ca B  7065A  -3.536   0.0065      C  1 943.9A  -3.235   0.0131            
 nInu  2071A   0.728 120.1513      Ca A  8392A  -3.820   0.0034      Ca B  7281A  -4.112   0.0017      C  1  1248A  -3.474   0.0075            
 nFnu  2053A  -1.599   0.5664      Ca A  8374A  -3.859   0.0031      Ca B 1.083m  -1.927   0.2659      C  1 841.0A  -4.299   0.0011            
 nInu  2053A   0.729 120.3941      Ca A  8359A  -3.895   0.0029      Ca B 1.278m  -3.987   0.0023      C  1  1561A  -3.684   0.0047            
 nFnu  1793A  -1.672   0.4777      Ca A  8346A  -3.928   0.0027      Ca B 1.869m  -3.603   0.0056      C  1  1315A  -3.561   0.0062            
 nInu  1793A   0.833 152.8471      Ca A  8334A  -3.959   0.0025      Ca B 1.870m  -4.083   0.0019      C  1  1166A  -3.623   0.0054            
 nFnu  1585A  -1.599   0.5664      Ca A 4.051m  -2.464   0.0772      Ca B 2.058m  -3.243   0.0129      C  1  1233A  -3.754   0.0040            
 nInu  1585A   0.858 162.1345      Ca A 2.625m  -2.708   0.0440      He 1     0   -1.223   1.3448      C  1  1132A  -3.707   0.0044            
 nFnu  1458A  -1.507   0.7000      Ca A 2.166m  -2.923   0.0268      He 1 584.3A  -2.603   0.0561      C  1  1251A  -3.720   0.0043            
 nInu  1458A   0.959 204.6975      Ca A 1.945m  -3.109   0.0175      He 1 537.0A  -3.881   0.0030      C  1  1112A  -3.828   0.0033            
 nFnu  1357A  -1.460   0.7784      Ca A 1.817m  -3.271   0.0120      He 1 522.2A  -3.651   0.0050      C  1  1115A  -3.863   0.0031            
 nInu  1357A   1.028 239.4637      Ca A 1.736m  -3.413   0.0087      He 1 515.6A  -3.661   0.0049      C  1  1162A  -3.905   0.0028            
 nFnu  1297A  -1.425   0.8439      Ca A 1.681m  -3.537   0.0065      He 1 512.1A  -3.710   0.0044      C  1  1167A  -3.964   0.0024            
 nInu  1297A   1.035 243.8237      Ca A 1.641m  -3.648   0.0051      He 1 625.6A  -3.408   0.0088      C  1  1104A  -3.924   0.0027            
 nFnu  1263A  -1.400   0.8952      Ca A 1.611m  -3.745   0.0040      TOTL 1.083m  -1.966   0.2428      C  1  1109A  -3.956   0.0025            
 nInu  1263A   1.023 236.9924      Ca A 1.588m  -3.832   0.0033      He 1 1.083m  -1.966   0.2428      C  1  1130A  -4.135   0.0016            
 nFnu  1218A  -0.454   7.8989      Ca A 1.570m  -3.907   0.0028      He 1 1.083m  -2.921   0.0270      C  1  1098A  -4.065   0.0019            
 nInu  1218A   1.037 244.4473      Ca A 1.556m  -3.975   0.0024      He 1 1.083m  -2.444   0.0809      C  1  1132A  -4.093   0.0018            
 nFnu  1196A  -1.305   1.1142      Ca A 1.544m  -4.034   0.0021      He 1 1.083m  -2.222   0.1349      C  1  1106A  -4.155   0.0016            
 nInu  1196A   1.042 247.8171      Ca A 1.534m  -4.088   0.0018      He 1  3889A  -2.946   0.0255      C  1  1093A  -4.244   0.0013            
 nFnu  1175A  -1.321   1.0721      Ca A 1.526m  -4.137   0.0016      He 1  3188A  -3.361   0.0098      C  2 892.8A  -3.721   0.0043            
 nInu  1175A   1.019 234.8515      Ca A 1.519m  -4.181   0.0015      He 1  2945A  -3.685   0.0046      C  2 688.8A  -3.953   0.0025            
 nFnu  1144A  -1.310   1.0997      Ca A 1.513m  -4.222   0.0013      He 1  2829A  -3.943   0.0026      C  2  1020A  -3.294   0.0114            
 nInu  1144A   1.120 296.4706      Ca A 1.508m  -4.259   0.0012      He 1 2.058m  -3.612   0.0055      C  2 596.6A  -3.950   0.0025            
 nFnu  1113A  -1.296   1.1367      Ca A 1.504m  -4.293   0.0011      He 1  5016A  -3.555   0.0063      C  2 562.0A  -4.128   0.0017            
 nInu  1113A   1.036 244.1997      Ca A 1.500m  -4.324   0.0011      He 1  3965A  -3.919   0.0027      N  1 942.3A  -3.447   0.0080            
 nFnu  1103A  -1.166   1.5339      Ca A 7.458m  -2.962   0.0246      He 1  3614A  -4.188   0.0015      N  1 952.1A  -3.563   0.0061            
 nInu  1103A   1.132 304.3096      Ca A 4.653m  -3.154   0.0158      He 1  7065A  -3.580   0.0059      N  1  1131A  -3.720   0.0043            
 nFnu  1074A  -1.199   1.4226      Ca A 3.740m  -3.337   0.0103      He 1  5876A  -2.759   0.0392      O  1 867.3A  -3.985   0.0023            
 nInu  1074A   1.117 294.0214      Ca A 3.296m  -3.502   0.0071      He 1  4471A  -3.246   0.0128      O  1 976.8A  -3.405   0.0088            
 nFnu  1064A  -1.206   1.3987      Ca A 3.038m  -3.648   0.0051      He 1  4026A  -3.584   0.0059      O  1 969.0A  -3.454   0.0079            
 nInu  1064A   1.143 312.0155      Ca A 2.872m  -3.779   0.0037      He 1  3820A  -3.847   0.0032      O  1 946.4A  -3.466   0.0077            
 nFnu  1036A  -1.214   1.3734      Ca A 2.758m  -3.896   0.0029      He 1  7281A  -4.120   0.0017      O  1 934.5A  -3.515   0.0069            
 nInu  1036A   1.101 283.8700      Ca A 2.674m  -4.000   0.0022      He 1  6678A  -3.303   0.0112      O  1 973.6A  -3.670   0.0048            
 nFnu  1000A  -1.208   1.3916      Ca A 2.612m  -4.093   0.0018      He 1  4922A  -3.807   0.0035      O  1 927.5A  -3.731   0.0042            
 nInu  1000A   1.060 258.0592      Ca A 2.564m  -4.174   0.0015      He 1  4388A  -4.151   0.0016      O  1 948.5A  -3.783   0.0037            
 nFnu 925.1A  -1.166   1.5332      Ca A 2.525m  -4.246   0.0013      He 1 1.869m  -3.593   0.0057      O  1 923.0A  -3.941   0.0026            
 nInu 925.1A   1.079 269.3951      Ca A 2.495m  -4.309   0.0011      He 1 1.278m  -4.003   0.0022      O  1 919.9A  -4.053   0.0020            
 nFnu 897.8A   0.172  33.3708      Ca A 12.37m  -3.385   0.0093      He 1 1.091m  -4.304   0.0011      O  1 935.7A  -3.938   0.0026            
 nFnu 760.0A  -1.516   0.6854      Ca A 7.500m  -3.542   0.0064      He 1 1.870m  -4.073   0.0019      O  1 917.7A  -4.164   0.0015            
 nInu 760.0A  -2.777   0.0376      Ca A 5.907m  -3.702   0.0045      He 1 4.048m  -4.223   0.0013      O  1 918.7A  -4.260   0.0012            
 nFnu 701.5A  -1.983   0.2336      Ca A 5.127m  -3.849   0.0032      Pho+  3889A  -2.055   0.1979      O  1 928.2A  -4.229   0.0013            
 nInu 701.5A  -2.215   0.1371      Ca A 4.671m  -3.983   0.0023      database lines..............      Ne 1 688.6A  -4.286   0.0012            
 nFnu 608.2A  -3.633   0.0052      Ca A 4.375m  -4.104   0.0018      level 1 lines...............      Al 2  1671A  -3.742   0.0041            
 nInu 608.2A  -1.214   1.3741      Ca A 4.170m  -4.212   0.0014      C  1  1656A  -3.069   0.0192      Si 2  1180A  -3.403   0.0089            
 nFnu 575.1A  -3.329   0.0105      Ca A 4.020m  -4.309   0.0011      REC   1656A  -3.275   0.0119      Si 2 993.4A  -3.680   0.0047            
 nInu 575.1A  -0.949   2.5256      Ca A 19.06m  -3.753   0.0040      C Ic  9850A  -2.496   0.0717      Si 2  1024A  -4.035   0.0021            
 nInu 511.9A  -0.559   6.2059      Ca A 11.31m  -3.886   0.0029      TOTL  9850A  -2.496   0.0717      S  2 750.3A  -4.099   0.0018            
 nFnu 496.9A  -0.675   4.7472      Ca A 8.758m  -4.027   0.0021      C  1  8727A  -1.886   0.2921      Ar 1  1096A  -3.960   0.0025            
 nInu 496.9A  -1.225   1.3377      Ca A 7.506m  -4.161   0.0016      TOTL  2326A  -2.541   0.0646      P  2 963.8A  -4.171   0.0015            
 nInu 399.2A  -0.849   3.1793      Ca A 6.770m  -4.283   0.0012      C  2  2325A  -3.623   0.0053      Ti 2  3366A  -3.136   0.0164            
 RRC.........................      Ca A 27.80m  -4.080   0.0019      C  2  2324A  -3.939   0.0026      Ti 2  3238A  -3.427   0.0084            
 H  1 911.8A  -0.942   2.5708      Ca A 16.20m  -4.195   0.0014      C  2  2329A  -3.605   0.0056      Cr 1  4271A  -4.263   0.0012            
 H  1  3646A  -1.362   0.9766      Ca A 12.38m  -4.321   0.0011      C  2  2328A  -3.077   0.0188      Cr 1  3591A  -4.241   0.0013            
 H  1  3646A  -0.980   2.3536      Ca B  6563A  -0.881   2.9570      C  2  2327A  -2.842   0.0323      Cr 2  2060A  -4.324   0.0011            
 H  1  8204A  -2.120   0.1704      Ca B  4861A  -1.341   1.0253      C  2  1335A  -3.332   0.0105      Mn 2  2590A  -3.240   0.0129            
 H  1  8204A  -1.687   0.4620      Ca B  4340A  -1.671   0.4797      N  1 953.9A  -3.558   0.0062      Ni 2  1376A  -4.339   0.0010            
 H  1  8204A  -1.733   0.4156      Ca B  4102A  -1.924   0.2677      N  1 954.1A  -4.204   0.0014      Ni 2  1324A  -4.293   0.0011            
 H  1 1.458m  -2.633   0.0523      Ca B  3970A  -2.126   0.1681      N  1  1200A  -3.410   0.0087      hyperfine structure.........            
 H  1 1.458m  -2.192   0.1444      Ca B  3889A  -2.291   0.1150      N  1  3466A  -3.484   0.0074      inner shell.................            
 H  1 1.458m  -2.128   0.1673      Ca B  3835A  -2.427   0.0841      N  1  3468A  -4.162   0.0015      molecules...................            
 H  1 1.458m  -2.408   0.0878      Ca B  3798A  -2.541   0.0646      TOTL  3467A  -3.401   0.0089      H2vH     0   -4.004   0.0022            
 H  1 2.279m  -3.011   0.0219      Ca B  3771A  -2.639   0.0516      N  1  5198A  -4.263   0.0012      H-FB     0   -2.267   0.1215            
 H  1 2.279m  -2.570   0.0605      Ca B  3750A  -2.724   0.0425      TOTL  5199A  -4.070   0.0019      H-FF     0   -2.422   0.0850            
 H  1 2.279m  -2.472   0.0758      Ca B  3734A  -2.799   0.0357      N  1 1.040m  -2.986   0.0232      H-CT  6563A  -1.971   0.2403            
 H  1 2.279m  -2.603   0.0561      Ca B  3722A  -2.869   0.0304      N  1 1.040m  -3.517   0.0068      H2+      0   -2.549   0.0635            
 H  1 2.279m  -3.044   0.0203      Ca B  3712A  -2.933   0.0262      N  1 1.041m  -3.335   0.0104      HEH+     0   -4.032   0.0021            
 H  1 3.281m  -3.306   0.0111      Ca B  3704A  -2.994   0.0228      N  1 1.041m  -3.334   0.0104            
 H  1 3.281m  -2.866   0.0306      Ca B  3697A  -3.051   0.0200      TOTL 1.040m  -2.646   0.0508            

                                                    Emergent line intensities
 general properties..........      Cool  1216A  -3.028   0.0211      Ca B 1.508m  -4.170   0.0015      Mg 1  4561A  -4.318   0.0011            
 TOTL  4861A  -1.352   1.0000      Crst 960.0A  -3.232   0.0132      Ca B 1.504m  -4.211   0.0014      Mg 1  2853A  -3.552   0.0063            
 TOTL  1216A   0.177  33.7470      Ca B  1216A   0.171  33.3050      Ca B 1.500m  -4.250   0.0013      TOTL  2798A  -1.241   1.2917            
 continua....................      Q(H)  4861A  -1.297   1.1332      Ca B 7.458m  -2.921   0.0270      Mg 2  2796A  -1.420   0.8548            
 Bac   3646A  -0.014  21.7532      Q(H)  1216A   0.213  36.7207      Ca B 4.653m  -3.112   0.0173      Mg 2  2803A  -1.711   0.4369            
 nFnu  3645A  -0.005  22.2050      CaBo  4861A  -3.597   0.0057      Ca B 3.740m  -3.291   0.0115      totl  2665A  -2.974   0.0239            
 nFnu  3647A  -1.697   0.4517      Ca A  1216A   0.058  25.6552      Ca B 3.296m  -3.449   0.0080      Al 2  2670A  -2.978   0.0237            
 cout  3646A  -0.315  10.8766      Ca A  1026A  -0.673   4.7714      Ca B 3.038m  -3.587   0.0058      Si 2 34.81m  -3.248   0.0127            
 cref  3646A  -0.315  10.8766      Ca A 972.5A  -1.088   1.8335      Ca B 2.872m  -3.708   0.0044      TOTL  2335A  -2.947   0.0254            
 thin  3646A  -0.014  21.7533      Ca A 949.7A  -1.387   0.9225      Ca B 2.758m  -3.814   0.0035      Si 2  2334A  -3.952   0.0025            
 Inci  4860A  -0.043  20.3445      Ca A 937.8A  -1.611   0.5501      Ca B 2.674m  -3.908   0.0028      Si 2  2350A  -4.064   0.0019            
 Inci  1215A   1.038 245.4244      Ca A 930.8A  -1.782   0.3715      Ca B 2.612m  -3.992   0.0023      Si 2  2344A  -3.422   0.0085            
 FIR  83.00m  -0.435   8.2612      Ca A 926.2A  -1.910   0.2765      Ca B 2.564m  -4.068   0.0019      Si 2  2336A  -3.261   0.0123            
 TIR   1800m  -2.679   0.0471      Ca A 923.2A  -2.007   0.2212      Ca B 2.525m  -4.137   0.0016      Si 2  1814A  -3.722   0.0043            
 NIRa 2.850m  -0.059  19.6332      Ca A 921.0A  -2.080   0.1869      Ca B 2.495m  -4.201   0.0014      Si 2  1531A  -3.747   0.0040            
 NIRb 3.000m  -0.529   6.6520      Ca A 919.4A  -2.135   0.1648      Ca B 2.469m  -4.259   0.0012      Si 2  1308A  -3.699   0.0045            
 MIRa 15.00m  -0.880   2.9591      Ca A 918.1A  -2.177   0.1496      Ca B 2.448m  -4.313   0.0011      Si 2  1263A  -3.430   0.0083            
 MIRb 22.50m  -0.695   4.5307      Ca A 917.2A  -2.212   0.1378      Ca B 12.37m  -3.344   0.0102      P  2 1.640m  -3.630   0.0053            
 NMIR 21.75m  -0.059  19.6332      Ca A 916.4A  -2.247   0.1274      Ca B 7.500m  -3.500   0.0071      P  2  4669A  -4.120   0.0017            
 TFIR 611.2m  -0.947   2.5378      Ca A 915.8A  -2.282   0.1174      Ca B 5.907m  -3.655   0.0050      P  2 1.189m  -3.412   0.0087            
 TALL 10000A   1.149 316.4877      Ca A 915.3A  -2.319   0.1079      Ca B 5.127m  -3.795   0.0036      P  2 1.147m  -3.889   0.0029            
 F12  12.00m  -1.356   0.9902      Ca A 914.9A  -2.356   0.0990      Ca B 4.671m  -3.920   0.0027      S  1 25.19m  -4.165   0.0015            
 F25  25.00m  -1.255   1.2492      Ca A 914.6A  -2.393   0.0908      Ca B 4.375m  -4.030   0.0021      S  2  6720A  -2.920   0.0270            
 F60  60.00m  -0.831   3.3130      Ca A 914.3A  -2.430   0.0834      Ca B 4.170m  -4.128   0.0017      S  2  4074A  -1.794   0.3614            
 F100 100.0m  -1.024   2.1276      Ca A 914.0A  -2.466   0.0768      Ca B 4.020m  -4.216   0.0014      S  2 1.033m  -1.979   0.2356            
 MIPS 24.00m  -1.542   0.6450      Ca A 913.8A  -2.501   0.0710      Ca B 3.906m  -4.295   0.0011      S II  6731A  -3.078   0.0188            
 MIPS 70.00m  -1.187   1.4621      Ca A 913.6A  -2.533   0.0658      Ca B 19.06m  -3.711   0.0044      S II  6716A  -3.437   0.0082            
 MIPS 160.0m  -1.419   0.8570      Ca A 913.5A  -2.564   0.0614      Ca B 11.31m  -3.841   0.0032      S II  4070A  -1.888   0.2910            
 IRAC 3.600m  -1.905   0.2796      Ca A 913.3A  -2.593   0.0573      Ca B 8.758m  -3.977   0.0024      S II  4078A  -2.504   0.0705            
 IRAC 4.500m  -1.833   0.3304      Ca A  6563A  -1.070   1.9131      Ca B 7.506m  -4.102   0.0018      S II 1.032m  -2.379   0.0939            
 IRAC 5.800m  -1.939   0.2584      Ca A  4861A  -1.521   0.6776      Ca B 6.770m  -4.215   0.0014      S II 1.029m  -2.514   0.0688            
 IRAC 8.000m  -1.601   0.5628      Ca A  4340A  -1.847   0.3193      Ca B 6.290m  -4.316   0.0011      S II 1.037m  -2.963   0.0245            
 SPR1 250.0m  -1.838   0.3263      Ca A  4102A  -2.101   0.1780      Ca B 27.80m  -4.035   0.0021      S II 1.034m  -2.666   0.0485            
 SPR2 350.0m  -2.269   0.1211      Ca A  3970A  -2.306   0.1110      Ca B 16.20m  -4.146   0.0016      S  2  1256A  -4.121   0.0017            
 SPR3 500.0m  -2.645   0.0509      Ca A  3889A  -2.475   0.0753      Ca B 12.38m  -4.266   0.0012      S  3  9532A  -3.462   0.0078            
 PAC1 70.00m  -1.125   1.6841      Ca A  3835A  -2.613   0.0547      Ca B 38.86m  -4.325   0.0011      S  3  9069A  -3.856   0.0031            
 PAC2 100.0m  -1.019   2.1520      Ca A  3798A  -2.727   0.0421      H  1  1216A   0.177  33.7470      Cl 2 14.40m  -3.682   0.0047            
 PAC3 160.0m  -1.162   1.5487      Ca A  3771A  -2.822   0.0339      H  1  1026A  -2.828   0.0334      Cl 2  8579A  -2.616   0.0544            
 PAH  3.300m  -2.692   0.0457      Ca A  3750A  -2.902   0.0281      H  1 972.5A  -2.912   0.0276      Cl 2  9124A  -3.194   0.0144            
 PAHC 3.230m  -3.022   0.0214      Ca A  3734A  -2.972   0.0240      H  1 949.7A  -2.923   0.0269      Ar 2 6.980m  -2.282   0.1174            
 PAHC 3.370m  -3.115   0.0172      Ca A  3722A  -3.033   0.0208      H  1 937.8A  -2.945   0.0255      Ar 3  7135A  -3.754   0.0040            
 PAH  6.200m  -2.412   0.0871      Ca A  3712A  -3.089   0.0183      H  1 930.8A  -3.139   0.0163      Ar 3 9.000m  -4.091   0.0018            
 PAHC 5.650m  -2.403   0.0889      Ca A  3704A  -3.140   0.0163      H  1 926.2A  -3.280   0.0118      K  1  7676A  -3.961   0.0025            
 PAH  7.900m  -2.105   0.1764      Ca A  3697A  -3.188   0.0146      H  1 923.2A  -3.333   0.0104      Ca 1  4228A  -2.386   0.0923            
 PAHC 6.900m  -1.914   0.2737      Ca A  3692A  -3.233   0.0131      H  1 921.0A  -3.350   0.0100      Ca 2  3933A  -1.473   0.7557            
 PAH  11.30m  -2.625   0.0533      Ca A  3687A  -3.275   0.0119      H  1  6563A  -0.898   2.8433      Ca 2  8579A  -2.374   0.0949            
 PAHC 10.90m  -2.642   0.0513      Ca A  3683A  -3.315   0.0109      H  1  4861A  -1.352   1.0000      Ca 2  7306A  -0.783   3.7016            
 PAH  11.80m  -2.415   0.0865      Ca A  3679A  -3.352   0.0100      H  1  4340A  -1.679   0.4706      Ca2K  3934A  -1.670   0.4808            
 PAHC 12.65m  -1.965   0.2436      Ca A  3676A  -3.386   0.0092      H  1  4102A  -1.914   0.2741      Ca2H  3969A  -1.913   0.2749            
 PAH  13.30m  -2.368   0.0963      Ca A  3674A  -3.419   0.0086      H  1  3970A  -2.078   0.1879      Ca2X  8498A  -3.502   0.0071            
 PAHC 14.10m  -2.350   0.1003      Ca A  3671A  -3.449   0.0080      H  1  3889A  -2.197   0.1427      Ca2Y  8542A  -2.549   0.0635            
 Bcon  3640A   1.067 262.1841      Ca A 1.875m  -1.859   0.3110      H  1  3835A  -2.298   0.1131      Ca2Z  8662A  -2.965   0.0244            
 Pcon  5000A   0.100  28.3139      Ca A 1.282m  -2.180   0.1485      H  1  3798A  -2.376   0.0945      CaF1  7291A  -1.004   2.2249            
 nFnu 122.4m  -3.037   0.0207      Ca A 1.094m  -2.441   0.0815      H  1 1.875m  -1.829   0.3332      CaF2  7324A  -1.182   1.4766            
 nInu 122.4m  -0.610   5.5170      Ca A 1.005m  -2.655   0.0497      H  1 1.282m  -2.131   0.1663      Fe 2  4300A  -1.134   1.6516            
 nFnu 60.83m  -2.792   0.0363      Ca A  9546A  -2.836   0.0328      H  1 1.094m  -2.372   0.0954      Fe 2  2400A  -1.461   0.7775            
 nInu 60.83m  -0.657   4.9467      Ca A  9229A  -2.990   0.0230      H  1 1.005m  -2.553   0.0629      Fe 2  6200A  -3.662   0.0049            
 nFnu 41.22m  -2.636   0.0519      Ca A  9015A  -3.121   0.0170      H  1  9546A  -2.692   0.0457      Fe 2 1.150m  -4.120   0.0017            
 nInu 41.22m  -0.770   3.8194      Ca A  8863A  -3.235   0.0131      H  1  9229A  -2.805   0.0352      Fe 2 25.98m  -2.749   0.0400            
 nFnu 30.87m  -2.529   0.0665      Ca A  8750A  -3.335   0.0104      H  1  9015A  -2.888   0.0291      Fe 2 5.339m  -3.711   0.0044            
 nInu 30.87m  -0.872   3.0172      Ca A  8665A  -3.422   0.0085      H  1 4.051m  -2.470   0.0761      Fe 2 4.114m  -4.291   0.0012            
 nFnu 24.78m  -2.447   0.0803      Ca A  8598A  -3.498   0.0071      H  1 2.625m  -2.694   0.0455      Fe 2 1.257m  -1.974   0.2386            
 nInu 24.78m  -0.951   2.5141      Ca A  8545A  -3.566   0.0061      H  1 2.166m  -2.888   0.0291      Fe 2 35.34m  -3.164   0.0154            
 nFnu 24.30m  -2.440   0.0816      Ca A  8502A  -3.627   0.0053      H  1 1.945m  -3.044   0.0203      Fe 2 1.321m  -2.551   0.0631            
 nInu 24.30m  -0.958   2.4727      Ca A  8467A  -3.682   0.0047      H  1 1.817m  -3.167   0.0153      Fe 2 1.249m  -3.204   0.0140            
 nFnu 22.83m  -2.415   0.0863      Ca A  8438A  -3.732   0.0042      H  1 1.736m  -3.254   0.0125      Fe 2  7638A  -2.542   0.0646            
 nInu 22.83m  -0.980   2.3527      Ca A  8413A  -3.778   0.0037      H  1 7.458m  -2.991   0.0230      Fe 2 51.29m  -3.857   0.0031            
 nFnu 21.42m  -2.393   0.0909      Ca A  8392A  -3.820   0.0034      H  1 4.653m  -3.166   0.0153      Fe 2 5.672m  -4.119   0.0017            
 nInu 21.42m  -1.003   2.2293      Ca A  8374A  -3.859   0.0031      H  1 3.740m  -3.325   0.0106      Fe 2 1.372m  -2.776   0.0377            
 nFnu 21.12m  -2.388   0.0920      Ca A  8359A  -3.895   0.0029      H  1 3.296m  -3.452   0.0079      Fe 2 1.294m  -2.536   0.0654            
 nInu 21.12m  -1.009   2.2017      Ca A  8346A  -3.928   0.0027      H  1 3.038m  -3.541   0.0065      Fe 2  7687A  -2.725   0.0423            
 nFnu 19.62m  -2.359   0.0983      Ca A  8334A  -3.959   0.0025      H  1 12.37m  -3.435   0.0083      Fe 2 4.434m  -4.331   0.0010            
 nInu 19.62m  -1.035   2.0747      Ca A 4.051m  -2.464   0.0772      H  1 7.500m  -3.569   0.0061      Fe 2 1.328m  -2.782   0.0372            
 nFnu 17.65m  -2.316   0.1086      Ca A 2.625m  -2.708   0.0440      H  1 5.907m  -3.691   0.0046      Fe 2 1.279m  -2.643   0.0511            
 nInu 17.65m  -1.078   1.8775      Ca A 2.166m  -2.923   0.0268      H  1 5.127m  -3.779   0.0037      Fe 2 1.252m  -3.538   0.0065            
 nFnu 17.37m  -2.311   0.1099      Ca A 1.945m  -3.109   0.0175      H  1 19.06m  -3.809   0.0035      Fe 2  7665A  -3.089   0.0183            
 nInu 17.37m  -1.084   1.8521      Ca A 1.817m  -3.271   0.0120      H  1 11.31m  -3.904   0.0028      Fe 2 1.298m  -3.007   0.0221            
 nFnu 15.69m  -2.277   0.1187      Ca A 1.736m  -3.413   0.0087      H  1 8.758m  -3.985   0.0023      Fe 2 1.270m  -2.826   0.0336            
 nInu 15.69m  -1.123   1.6913      Ca A 1.681m  -3.537   0.0065      H  1 27.80m  -4.119   0.0017      Fe 2  7874A  -3.583   0.0059            
 nFnu 14.60m  -2.246   0.1274      Ca A 1.641m  -3.648   0.0051      H  1 16.20m  -4.173   0.0015      Fe 2  7733A  -3.604   0.0056            
 nInu 14.60m  -1.151   1.5871      Ca A 1.611m  -3.745   0.0040      He-like iso-sequence........      Fe 2 17.93m  -2.371   0.0955            
 nFnu 12.43m  -2.183   0.1476      Ca A 1.588m  -3.832   0.0033      Clin 506.0A  -2.341   0.1024      Fe 2 1.644m  -2.047   0.2018            
 nInu 12.43m  -1.216   1.3662      Ca A 1.570m  -3.907   0.0028      Hlin 506.0A  -4.124   0.0017      Fe 2 1.533m  -2.481   0.0743            
 nFnu 11.40m  -2.156   0.1571      Ca A 1.556m  -3.975   0.0024      Ca B  2945A  -3.642   0.0051      Fe 2  8617A  -1.963   0.2446            
 nInu 11.40m  -1.250   1.2647      Ca A 1.544m  -4.034   0.0021      Ca B  3188A  -3.320   0.0107      Fe 2 24.51m  -2.845   0.0321            
 nFnu 10.46m  -2.116   0.1722      Ca A 1.534m  -4.088   0.0018      Ca B  3614A  -4.210   0.0014      Fe 2 1.809m  -2.750   0.0400            
 nInu 10.46m  -1.283   1.1708      Ca A 1.526m  -4.137   0.0016      Ca B  3889A  -2.906   0.0279      Fe 2 1.677m  -2.620   0.0539            
 nFnu 9.480m  -2.085   0.1848      Ca A 1.519m  -4.181   0.0015      Ca B  3965A  -3.901   0.0028      Fe 2 1.599m  -2.582   0.0588            
 nInu 9.480m  -1.323   1.0692      Ca A 1.513m  -4.222   0.0013      Ca B  4026A  -3.552   0.0063      Fe 2  9052A  -2.621   0.0537            
 nFnu 9.325m  -2.080   0.1867      Ca A 1.508m  -4.259   0.0012      Ca B  4388A  -4.122   0.0017      Fe 2  8892A  -2.368   0.0962            
 nInu 9.325m  -1.329   1.0547      Ca A 1.504m  -4.293   0.0011      Ca B  4471A  -3.218   0.0136      Fe 2 35.77m  -3.655   0.0050            
 nFnu 8.210m  -2.024   0.2126      Ca A 1.500m  -4.324   0.0011      Ca B  4713A  -4.308   0.0011      Fe 2 1.800m  -2.792   0.0363            
 nInu 8.210m  -1.380   0.9365      Ca A 7.458m  -2.962   0.0246      Ca B  4922A  -3.781   0.0037      Fe 2 1.711m  -3.164   0.0154            
 nFnu 7.580m  -2.001   0.2240      Ca A 4.653m  -3.154   0.0158      Ca B  5016A  -3.493   0.0072      Fe 2 1.664m  -2.866   0.0306            
 nInu 7.580m  -1.412   0.8701      Ca A 3.740m  -3.337   0.0103      Ca B  5876A  -2.748   0.0401      Fe 2  9399A  -3.398   0.0090            
 nFnu 7.050m  -1.957   0.2482      Ca A 3.296m  -3.502   0.0071      Ca B  6678A  -3.294   0.0114      Fe 2  9227A  -2.624   0.0534            
 nInu 7.050m  -1.440   0.8157      Ca A 3.038m  -3.648   0.0051      Ca B  7065A  -3.536   0.0065      Fe 2  9033A  -2.838   0.0327            
 nFnu 4.114m  -1.741   0.4081      Ca A 2.872m  -3.779   0.0037      Ca B  7281A  -4.112   0.0017      Fe 2 1.797m  -2.937   0.0260            
 nInu 4.114m  -1.544   0.6415      Ca A 2.758m  -3.896   0.0029      Ca B 1.083m  -1.927   0.2659      Fe 2 1.745m  -3.175   0.0150            
 nFnu 2.324m  -1.598   0.5671      Ca A 2.674m  -4.000   0.0022      Ca B 1.278m  -3.987   0.0023      Fe 2  9471A  -3.190   0.0145            
 nInu 2.324m  -1.319   1.0782      Ca A 2.612m  -4.093   0.0018      Ca B 1.869m  -3.603   0.0056      Fe 2  9268A  -2.732   0.0416            
 nFnu 1.643m  -1.472   0.7574      Ca A 2.564m  -4.174   0.0015      Ca B 1.870m  -4.083   0.0019      Fe 2 22.90m  -3.706   0.0044            
 nInu 1.643m  -1.086   1.8424      Ca A 2.525m  -4.246   0.0013      Ca B 2.058m  -3.243   0.0129      Fe 2 1.811m  -3.418   0.0086            
 nFnu 1.480m  -1.485   0.7359      Ca A 2.495m  -4.309   0.0011      He 1 584.3A  -2.823   0.0337      Fe 2 1.748m  -3.610   0.0055            
 nInu 1.480m  -1.042   2.0396      Ca A 12.37m  -3.385   0.0093      He 1 537.0A  -3.961   0.0025      Fe 2 1.813m  -3.859   0.0031            
 nFnu 1.436m  -1.183   1.4734      Ca A 7.500m  -3.542   0.0064      He 1 522.2A  -3.700   0.0045      Fe 2 2.002m  -4.189   0.0015            
 nInu 1.436m  -0.915   2.7308      Ca A 5.907m  -3.702   0.0045      He 1 515.6A  -3.717   0.0043      Fe 2 2.071m  -4.259   0.0012            
 nFnu 1.119m  -1.238   1.2989      Ca A 5.127m  -3.849   0.0032      He 1 512.1A  -3.776   0.0038      Fe2b  7000A  -2.235   0.1308            
 nInu 1.119m  -0.766   3.8508      Ca A 4.671m  -3.983   0.0023      TOTL 1.083m  -1.966   0.2428      Fe2b 10000A  -1.123   1.6946            
 nFnu  8330A  -1.358   0.9866      Ca A 4.375m  -4.104   0.0018      He 1 1.083m  -1.966   0.2428      Fe2b  7445A  -2.235   0.1308            
 nInu  8330A  -0.581   5.8941      Ca A 4.170m  -4.212   0.0014      He 1 1.083m  -2.921   0.0270      Fe2b  8625A  -1.621   0.5372            
 nFnu  8079A  -0.755   3.9478      Ca A 4.020m  -4.309   0.0011      He 1 1.083m  -2.444   0.0809      Fe2b 1.033m  -3.190   0.0145            
 nInu  8079A  -0.426   8.4314      Ca A 19.06m  -3.753   0.0040      He 1 1.083m  -2.222   0.1349      Fe2b 1.889m  -2.164   0.1540            
 nFnu  6210A  -1.004   2.2264      Ca A 11.31m  -3.886   0.0029      He 1  3889A  -2.946   0.0255      Fe 2  1786A  -3.508   0.0070            
 nInu  6210A  -0.249  12.6567      Ca A 8.758m  -4.027   0.0021      He 1  3188A  -3.361   0.0098      recombination...............            
 nFnu  4885A  -1.324   1.0653      Ca A 7.506m  -4.161   0.0016      He 1  2945A  -3.685   0.0046      C  1 1.069m  -4.328   0.0011            
 nInu  4885A  -0.042  20.4072      Ca A 6.770m  -4.283   0.0012      He 1  2829A  -3.943   0.0026      O  1  1357A  -3.614   0.0055            
 nFnu  3704A  -1.777   0.3754      Ca A 27.80m  -4.080   0.0019      He 1 2.058m  -3.612   0.0055      C  1  1140A  -2.954   0.0250            
 nInu  3704A   0.192  34.9351      Ca A 16.20m  -4.195   0.0014      He 1  5016A  -3.555   0.0063      N  1 980.7A  -4.009   0.0022            
 nFnu  3588A  -0.040  20.4735      Ca A 12.38m  -4.321   0.0011      He 1  3965A  -3.919   0.0027      O  1  7950A  -4.108   0.0018            
 nInu  3588A   0.356  50.9933      Ca B  6563A  -0.881   2.9569      He 1  3614A  -4.188   0.0015      level2 lines................            
 nFnu  2430A  -1.165   1.5362      Ca B  4861A  -1.341   1.0253      He 1  7065A  -3.580   0.0059      C  1 943.9A  -3.237   0.0130            
 nInu  2430A   0.601  89.7513      Ca B  4340A  -1.671   0.4797      He 1  5876A  -2.759   0.0392      C  1  1248A  -3.474   0.0075            
 nFnu  2392A  -1.213   1.3766      Ca B  4102A  -1.924   0.2677      He 1  4471A  -3.246   0.0128      C  1  1561A  -3.684   0.0047            
 nInu  2392A   0.612  91.9582      Ca B  3970A  -2.126   0.1681      He 1  4026A  -3.584   0.0059      C  1  1315A  -3.561   0.0062            
 nFnu  2071A  -1.582   0.5881      Ca B  3889A  -2.291   0.1150      He 1  3820A  -3.847   0.0032      C  1  1166A  -3.623   0.0054            
 nInu  2071A   0.728 120.1537      Ca B  3835A  -2.427   0.0841      He 1  7281A  -4.120   0.0017      C  1  1233A  -3.754   0.0040            
 nFnu  2053A  -1.599   0.5664      Ca B  3798A  -2.541   0.0646      He 1  6678A  -3.303   0.0112      C  1  1132A  -3.707   0.0044            
 nInu  2053A   0.729 120.3965      Ca B  3771A  -2.639   0.0516      He 1  4922A  -3.807   0.0035      C  1  1251A  -3.720   0.0043            
 nFnu  1793A  -1.672   0.4777      Ca B  3750A  -2.724   0.0425      He 1  4388A  -4.151   0.0016      C  1  1112A  -3.828   0.0033            
 nInu  1793A   0.833 152.8501      Ca B  3734A  -2.799   0.0357      He 1 1.869m  -3.593   0.0057      C  1  1115A  -3.863   0.0031            
 nFnu  1585A  -1.599   0.5664      Ca B  3722A  -2.869   0.0304      He 1 1.278m  -4.003   0.0022      C  1  1162A  -3.905   0.0028            
 nInu  1585A   0.858 162.1377      Ca B  3712A  -2.933   0.0262      He 1 1.091m  -4.304   0.0011      C  1  1167A  -3.964   0.0024            
 nFnu  1458A  -1.507   0.7000      Ca B  3704A  -2.994   0.0228      He 1 1.870m  -4.073   0.0019      C  1  1104A  -3.927   0.0027            
 nInu  1458A   0.959 204.7015      Ca B  3697A  -3.051   0.0200      He 1 4.048m  -4.223   0.0013      C  1  1109A  -3.956   0.0025            
 nFnu  1357A  -1.460   0.7784      Ca B  3692A  -3.105   0.0176      Pho+  3889A  -2.055   0.1979      C  1  1130A  -4.135   0.0016            
 nInu  1357A   1.028 239.4684      Ca B  3687A  -3.156   0.0157      database lines..............      C  1  1098A  -4.068   0.0019            
 nFnu  1297A  -1.425   0.8439      Ca B  3683A  -3.204   0.0140      level 1 lines...............      C  1  1132A  -4.093   0.0018            
 nInu  1297A   1.035 243.8285      Ca B  3679A  -3.250   0.0126      C  1  1656A  -3.069   0.0192      C  1  1106A  -4.155   0.0016            
 nFnu  1263A  -1.400   0.8952      Ca B  3676A  -3.292   0.0115      REC   1656A  -3.275   0.0119      C  1  1093A  -4.248   0.0013            
 nInu  1263A   1.023 236.9971      Ca B  3674A  -3.333   0.0104      C Ic  9850A  -2.496   0.0717      C  2 892.8A  -4.036   0.0021            
 nFnu  1218A  -0.454   7.8991      Ca B  3671A  -3.372   0.0096      TOTL  9850A  -2.496   0.0717      C  2 688.8A  -4.193   0.0014            
 nInu  1218A   1.037 244.4521      Ca B 1.875m  -1.795   0.3602      C  1  8727A  -1.886   0.2921      C  2  1020A  -3.296   0.0114            
 nFnu  1196A  -1.305   1.1142      Ca B 1.282m  -2.110   0.1743      TOTL  2326A  -2.541   0.0647      C  2 596.6A  -4.254   0.0013            
 nInu  1196A   1.042 247.8220      Ca B 1.094m  -2.366   0.0967      C  2  2325A  -3.623   0.0053      N  1 942.3A  -3.449   0.0080            
 nFnu  1175A  -1.321   1.0721      Ca B 1.005m  -2.574   0.0599      C  2  2324A  -3.939   0.0026      N  1 952.1A  -3.566   0.0061            
 nInu  1175A   1.019 234.8561      Ca B  9546A  -2.747   0.0402      C  2  2329A  -3.605   0.0056      N  1  1131A  -3.720   0.0043            
 nFnu  1144A  -1.310   1.0997      Ca B  9229A  -2.892   0.0288      C  2  2328A  -3.077   0.0188      O  1 867.3A  -4.350   0.0010            
 nInu  1144A   1.120 296.4764      Ca B  9015A  -3.014   0.0218      C  2  2327A  -2.842   0.0323      O  1 976.8A  -3.406   0.0088            
 nFnu  1113A  -1.296   1.1367      Ca B  8863A  -3.119   0.0171      C  2  1335A  -3.332   0.0105      O  1 969.0A  -3.456   0.0079            
 nInu  1113A   1.036 244.2045      Ca B  8750A  -3.211   0.0138      N  1 953.9A  -3.561   0.0062      O  1 946.4A  -3.468   0.0076            
 nFnu  1103A  -1.166   1.5339      Ca B  8665A  -3.293   0.0114      N  1 954.1A  -4.208   0.0014      O  1 934.5A  -3.518   0.0068            
 nInu  1103A   1.132 304.3156      Ca B  8598A  -3.367   0.0096      N  1  1200A  -3.410   0.0087      O  1 973.6A  -3.673   0.0048            
 nFnu  1074A  -1.199   1.4226      Ca B  8545A  -3.436   0.0082      N  1  3466A  -3.484   0.0074      O  1 927.5A  -3.733   0.0042            
 nInu  1074A   1.117 294.0272      Ca B  8502A  -3.500   0.0071      N  1  3468A  -4.162   0.0015      O  1 948.5A  -3.786   0.0037            
 nFnu  1064A  -1.206   1.3987      Ca B  8467A  -3.559   0.0062      TOTL  3467A  -3.401   0.0089      O  1 923.0A  -3.944   0.0026            
 nInu  1064A   1.143 312.0217      Ca B  8438A  -3.614   0.0055      N  1  5198A  -4.263   0.0012      O  1 919.9A  -4.056   0.0020            
 nFnu  1036A  -1.214   1.3734      Ca B  8413A  -3.666   0.0048      TOTL  5199A  -4.070   0.0019      O  1 935.7A  -3.941   0.0026            
 nInu  1036A   1.101 283.8756      Ca B  8392A  -3.715   0.0043      N  1 1.040m  -2.986   0.0232      O  1 917.7A  -4.167   0.0015            
 nFnu  1000A  -1.208   1.3916      Ca B  8374A  -3.761   0.0039      N  1 1.040m  -3.518   0.0068      O  1 918.7A  -4.263   0.0012            
 nInu  1000A   1.060 258.0643      Ca B  8359A  -3.804   0.0035      N  1 1.041m  -3.335   0.0104      O  1 928.2A  -4.232   0.0013            
 nFnu 925.1A  -1.166   1.5333      Ca B  8346A  -3.845   0.0032      N  1 1.041m  -3.334   0.0104      Al 2  1671A  -3.742   0.0041            
 nInu 925.1A   1.079 269.4004      Ca B  8334A  -3.884   0.0029      TOTL 1.040m  -2.646   0.0508      Si 2  1180A  -3.403   0.0089            
 nFnu 897.8A   0.172  33.3715      Ca B 4.051m  -2.420   0.0855      N  2  6584A  -3.066   0.0193      Si 2 993.4A  -3.683   0.0047            
 nFnu 760.0A  -1.516   0.6854      Ca B 2.625m  -2.661   0.0490      N  2  6548A  -3.535   0.0065      Si 2  1024A  -4.038   0.0021            
 nInu 760.0A  -2.777   0.0376      Ca B 2.166m  -2.872   0.0302      N  2  5755A  -3.786   0.0037      Ar 1  1096A  -3.964   0.0024            
 nFnu 701.5A  -1.983   0.2336      Ca B 1.945m  -3.052   0.0200      N  2  1085A  -3.726   0.0042      P  2 963.8A  -4.174   0.0015            
 nInu 701.5A  -2.215   0.1371      Ca B 1.817m  -3.205   0.0140      O  1  6300A  -1.405   0.8851      Ti 2  3366A  -3.136   0.0164            
 nFnu 608.2A  -3.633   0.0052      Ca B 1.736m  -3.337   0.0104      O  1  6363A  -1.901   0.2823      Ti 2  3238A  -3.427   0.0084            
 nInu 608.2A  -1.214   1.3741      Ca B 1.681m  -3.451   0.0080      O  1  5577A  -3.356   0.0099      Cr 1  4271A  -4.263   0.0012            
 nFnu 575.1A  -3.329   0.0105      Ca B 1.641m  -3.551   0.0063      O  1 63.17m  -3.041   0.0204      Cr 1  3591A  -4.241   0.0013            
 nInu 575.1A  -0.949   2.5256      Ca B 1.611m  -3.639   0.0052      TOTL  3727A  -4.008   0.0022      Cr 2  2060A  -4.324   0.0011            
 nInu 511.9A  -0.559   6.2060      Ca B 1.588m  -3.719   0.0043      TOTL  7325A  -3.319   0.0108      Mn 2  2590A  -3.240   0.0129            
 nFnu 496.9A  -0.675   4.7473      Ca B 1.570m  -3.792   0.0036      IONZ  7325A  -4.170   0.0015      Ni 2  1376A  -4.339   0.0010            
 nInu 496.9A  -1.225   1.3377      Ca B 1.556m  -3.858   0.0031      O II  3726A  -4.159   0.0016      Ni 2  1324A  -4.293   0.0011            
 nInu 399.2A  -0.849   3.1794      Ca B 1.544m  -3.920   0.0027      O II  2471A  -3.420   0.0086      hyperfine structure.........            
 RRC.........................      Ca B 1.534m  -3.977   0.0024      O II  7323A  -3.573   0.0060      inner shell.................            
 grains......................      Ca B 1.526m  -4.030   0.0021      O II  7332A  -3.674   0.0048      molecules...................            
 H-like iso-sequence.........      Ca B 1.519m  -4.080   0.0019      Ne 2 12.81m  -2.184   0.1472      H-CT  6563A  -1.971   0.2403            
 Clin 912.0A  -2.825   0.0336      Ca B 1.513m  -4.127   0.0017      Na 1  5892A  -2.752   0.0398            



                                                                           
 Cooling:  HFBc     0 :0.084 O  1  6300A:0.056 CaF1  7291A:0.141 CaF2  7324A:0.093 Fe2c     0 :0.287  
 Heating:  BFH1     0 :0.953  

 These are some of the most important databases used by Cloudy:
 Many recombination coefficients were taken from http://amdpp.phys.strath.ac.uk/tamoc/RR/ and http://amdpp.phys.strath.ac.uk/tamoc/DR/
      and are based on the following papers:
        Badnell N. R., et al., A&A 406, 1151 (2003) [http://adsabs.harvard.edu/abs/2003A%26A...406.1151B]
        Badnell N. R., ApJS 167, 334 (2006) [http://adsabs.harvard.edu/abs/2006ApJS..167..334B]
 Much of the molecular emission data is from LAMDA as accessed on Dec. 18, 2010. This database is described in:
        Schoeier F.L., et al., A&A 432, 369 (2005) [http://adsabs.harvard.edu/abs/2005A%26A...432..369S]
      This database is in part based on the work of the following groups:
        JPL: Pickett H. M. et al., JQSRT, 60, 883 (1998). [http://adsabs.harvard.edu/abs/1998JQSRT..60..883P]
        CDMS: Mueller H. S. et al., A&A 370, L49 (2001). [http://adsabs.harvard.edu/abs/2001A%26A...370L..49M]
              Mueller H. S. et al., J. Mol. Struct. 742, 215 (2005). [http://adsabs.harvard.edu/abs/2005JMoSt.742..215M]
 Much of the ionic emission data is from version 7.0 of CHIANTI. CHIANTI is a collaborative project involving the NRL (USA), the
      Universities of Florence (Italy) and Cambridge (UK), and George Mason University (USA). These papers describe Chianti:
        Dere K. P., et al., A&AS, 125, 149 (1997) [http://adsabs.harvard.edu/abs/1997A%26AS..125..149D]
        Landi E., et al., ApJ, 744, 99 (2012) [http://adsabs.harvard.edu/abs/2012ApJ...744...99L]
 Much of the H_2 data is from this web site: http://molat.obspm.fr/index.php?page=pages/Molecules/H2/H2can94.php. These data are
      described in:
        Abgrall H. et al., Can. J. Phys., 72, 856 (1994) [http://adsabs.harvard.edu/abs/1994CaJPh..72..856A]
        Wrathmall S. A. & Flower D. R., J. Phys. B, 40, 3221 (2007) [http://adsabs.harvard.edu/abs/2007JPhB...40.3221W]
 Please cite those papers that played a significant role in this calculation.

 IONIZE PARMET:  U(1-) -6.4768  U(4-):-12.2499  U(sp): -6.48  Q(ion):    9.185  L(ion) -1.178    Q(low): 13.385    L(low)  1.081
 ENERGY BUDGET:  Heat:  -0.152  Coolg:  -0.152  Error:  0.1%  Rec Lin:  -1.202  F-F  H  0.000    P(rad/tot)max     1.42E-05

     Col(Heff):      0.000E+00  snd travl time  3.64E+05 sec  Te-low: 3.98E+03  Te-hi: 6.29E+03  G0TH85: 4.96E+03  G0DB96:6.42E+03
  Emiss Measure    n(e)n(p) dl       2.257E+23  n(e)n(He+)dl         5.370E+21  En(e)n(He++) dl         3.133E+14  ne nC+:3.59E+20
 He/Ha:2.90E-02  =   0.34*true  Lthin:1.24E+02  itr/zn:10.67  H2 itr/zn:  0.00  File Opacity: F  MassTot 4.96e-06  (gm/cm^2)
   Temps(21 cm)   T(21cm/Ly a)  4.70E+03        T(<nH/Tkin>)  5.03E+03          T(<nH/Tspin>)    5.01E+03          TB21cm:6.81E-02
                   N(H0/Tspin)  4.01E+14        N(OH/Tkin)    1.04E+06          B(21cm)          0.00E+00
   <a>:2.10E-05  erdeFe0.0E+00  Tcompt2.94E+04  Tthr2.44E+07  <Tden>: 5.15E+03  <dens>:2.27E-17  <MolWgt>1.17E+00
     Mean Jeans  l(cm)8.48E+17  M(sun)3.64E+03  smallest:     len(cm):7.46E+17  M(sun):2.48E+03  a_ox tran:  0.00
 Rion:1.000E+30  Dist:0.00E+00  Diam:0.000E+00
 Hatom level 70  HatomType: add  HInducImp  F  He tot level: 63  He2 level:   70  ExecTime   246.4
 ConvrgError(%)  <eden>  0.329  MaxEden  0.973  <H-C>   0.13  Max(H-C)    0.46  <Press>   0.000  MaxPrs er  0.000
  Continuity(%)  chng Te   0.9  elec den   4.6  n(H2)    0.0  n(CO)        0.0

                                                        Averaged Quantities
             Te      Te(Ne)   Te(NeNp)  Te(NeHe+)Te(NeHe2+) Te(NeO+)  Te(NeO2+)  Te(H2)     N(H)     Ne(O2+)   Ne(Np)
 Radius:  5.15e+03  5.58e+03  5.83e+03  5.66e+03  5.45e+03  5.84e+03  5.91e+03  4.27e+03  1.00e+07  1.48e+06  1.28e+06

 Contin Optical Depths: COMP: 1.21e-07    H-: 4.15e-06 R(1300): 1.35e-05  H2+: 7.50e-08  Pfa:1.21E-07
                          Pa: 1.21e-07    Ba: 3.88e-06      Hb: 3.03e-06   La: 2.90e-02     1r:1.270E+01  1.8:3.85E+00 4.:5.764E-01

 Old, new H  1 continuum optical depths:
     1 1.27e+01     2 2.12e-06     3 4.16e-06     4 4.16e-06     5 4.16e-06     6 1.04e-06     7 1.04e-06     8 1.04e-06
     9 1.04e-06    10 9.63e-13    11 9.63e-13    12 9.63e-13    13 9.63e-13    14 9.63e-13    15 2.33e-12    16 2.33e-12
    17 2.33e-12    18 2.33e-12    19 2.33e-12    20 2.33e-12    21 4.96e-12    22 4.96e-12    23 4.96e-12    24 4.96e-12
    25 4.96e-12    26 4.96e-12    27 4.96e-12    28 9.47e-12    29 9.47e-12    30 9.47e-12    31 9.47e-12    32 9.47e-12
    33 9.47e-12    34 9.47e-12    35 9.47e-12    36 1.70e-11    37 1.70e-11    38 1.70e-11    39 1.70e-11    40 1.70e-11
    41 1.70e-11    42 1.70e-11    43 1.70e-11    44 1.70e-11    45 2.87e-11    46 2.87e-11    47 2.87e-11    48 2.87e-11
    49 2.87e-11    50 2.87e-11    51 2.87e-11    52 2.87e-11    53 2.87e-11    54 2.87e-11
     1 1.27e+01     2 2.12e-06     3 4.16e-06     4 4.16e-06     5 4.16e-06     6 1.03e-06     7 1.03e-06     8 1.03e-06
     9 1.03e-06    10 9.63e-13    11 9.63e-13    12 9.63e-13    13 9.63e-13    14 9.63e-13    15 2.33e-12    16 2.33e-12
    17 2.33e-12    18 2.33e-12    19 2.33e-12    20 2.33e-12    21 4.96e-12    22 4.96e-12    23 4.96e-12    24 4.96e-12
    25 4.96e-12    26 4.96e-12    27 4.96e-12    28 9.47e-12    29 9.47e-12    30 9.47e-12    31 9.47e-12    32 9.47e-12
    33 9.47e-12    34 9.47e-12    35 9.47e-12    36 1.70e-11    37 1.70e-11    38 1.70e-11    39 1.70e-11    40 1.70e-11
    41 1.70e-11    42 1.70e-11    43 1.70e-11    44 1.70e-11    45 2.87e-11    46 2.87e-11    47 2.87e-11    48 2.87e-11
    49 2.87e-11    50 2.87e-11    51 2.87e-11    52 2.87e-11    53 2.87e-11    54 2.87e-11

 Old, new H  1 mean line optical depths:
  2- 1 2.96e+05  3- 2 1.81e-05  4- 3 2.89e-09  5- 4 2.87e-09  6- 5 4.17e-09  7- 6 9.12e-09  8- 7 8.55e-09
  9- 8 1.38e-09 10- 9 9.55e-11
  2- 1 2.95e+05  3- 2 1.81e-05  4- 3 2.89e-09  5- 4 2.87e-09  6- 5 4.17e-09  7- 6 9.12e-09  8- 7 8.54e-09
  9- 8 1.38e-09 10- 9 9.51e-11

 Old, new He 2 continuum optical depths:
     1 5.77e-01     2 1.26e+01     3 1.55e-06     4 1.55e-06     5 1.55e-06     6 2.12e-06     7 2.12e-06     8 2.12e-06
     9 2.12e-06    10 3.38e-06    11 3.38e-06    12 3.38e-06    13 3.38e-06    14 3.38e-06    15 4.16e-06    16 4.16e-06
    17 4.16e-06    18 4.16e-06    19 4.16e-06    20 4.16e-06    21 3.52e-06    22 3.52e-06    23 3.52e-06    24 3.52e-06
    25 3.52e-06    26 3.52e-06    27 3.52e-06    28 1.04e-06    29 1.04e-06    30 1.04e-06    31 1.04e-06    32 1.04e-06
    33 1.04e-06    34 1.04e-06    35 1.04e-06    36 5.43e-13    37 5.43e-13    38 5.43e-13    39 5.43e-13    40 5.43e-13
    41 5.43e-13    42 5.43e-13    43 5.43e-13    44 5.43e-13    45 9.63e-13    46 9.63e-13    47 9.63e-13    48 9.63e-13
    49 9.63e-13    50 9.63e-13    51 9.63e-13    52 9.63e-13    53 9.63e-13    54 9.63e-13
     1 5.76e-01     2 1.25e+01     3 1.54e-06     4 1.54e-06     5 1.54e-06     6 2.12e-06     7 2.12e-06     8 2.12e-06
     9 2.12e-06    10 3.37e-06    11 3.37e-06    12 3.37e-06    13 3.37e-06    14 3.37e-06    15 4.16e-06    16 4.16e-06
    17 4.16e-06    18 4.16e-06    19 4.16e-06    20 4.16e-06    21 3.51e-06    22 3.51e-06    23 3.51e-06    24 3.51e-06
    25 3.51e-06    26 3.51e-06    27 3.51e-06    28 1.03e-06    29 1.03e-06    30 1.03e-06    31 1.03e-06    32 1.03e-06
    33 1.03e-06    34 1.03e-06    35 1.03e-06    36 5.43e-13    37 5.43e-13    38 5.43e-13    39 5.43e-13    40 5.43e-13
    41 5.43e-13    42 5.43e-13    43 5.43e-13    44 5.43e-13    45 9.63e-13    46 9.63e-13    47 9.63e-13    48 9.63e-13
    49 9.63e-13    50 9.63e-13    51 9.63e-13    52 9.63e-13    53 9.63e-13    54 9.63e-13

 Old, new He 2 mean line optical depths:
  2- 1 3.99e+02  3- 2 4.39e-12  4- 3 4.64e-17  5- 4 5.70e-18  6- 5 2.74e-17  7- 6 5.24e-17  8- 7 4.17e-17
  9- 8 2.78e-17 10- 9 2.02e-17
  2- 1 3.99e+02  3- 2 4.38e-12  4- 3 4.64e-17  5- 4 5.70e-18  6- 5 2.74e-17  7- 6 5.23e-17  8- 7 4.16e-17
  9- 8 2.77e-17 10- 9 2.01e-17

 Old He Is optical depths:    1 3.86e+00    2 1.92e-06    3 1.75e-06    4 1.97e-06    5 1.97e-06
 New He Is optical depths:    1 3.85e+00    2 1.92e-06    3 1.75e-06    4 1.97e-06    5 1.97e-06
          Old He Is Lines:  584 1.68e+04 3889 1.40e-02 5016 1.48e-05 5876 1.12e-09
          New He Is Lines:  584 1.68e+04 3889 1.40e-02 5016 1.48e-05 5876 1.12e-09

==== H      compounds ====           Log10 column densities [cm^-2}
   H2        : 12.708   H2*       : 11.467   H2+       : 10.030   H3+       :  5.333
==== He     compounds ====
   HeH+      : 10.482
==== Li     compounds ====
   LiH       :  0.054   LiH+      : -0.530
==== C      compounds ====
   CH        :  8.027   CH+       :  7.466   CH2       :  3.350   CH2+      :  2.165   CH3       : -2.111   CH3+      : -2.947   CH4       : -7.323   CH4+      : -9.164
   CH5+      :-14.817   C2        :  3.457   C2+       :  3.802   C2H       : -0.731   C2H+      : -1.132   C2H2      : -7.358   C2H2+     : -5.913   C2H3+     :-11.318
   C3        : -8.383   C3+       : -4.591   C3H       :-11.416   C3H+      : -9.334
==== N      compounds ====
   NH        :  8.348   NH+       :  7.719   NH2       :  2.434   NH2+      :  2.470   NH3       : -2.270   NH3+      : -3.200   NH4+      :-11.403   CN        :  6.310
   CN+       :  4.251   HCN       :  1.857   HCN+      :  0.958   HNC       : -2.952   HCNH+     : -4.301   HC3N      :-35.930   N2        :  5.901   N2+       :  4.085
   N2H+      : -6.003
==== O      compounds ====
   OH        :  9.650   OH+       :  9.084   H2O       :  4.263   H2O+      :  3.802   H3O+      : -1.676   CO        :  8.818   CO+       :  5.878   HCO+      :  3.463
   H2CO      :-35.930   CH3OH     :-35.930   ^13CO     :  7.341   NO        :  5.444   NO+       :  4.346   HNO       : -0.231   HNO+      : -1.294   OCN       : -0.749
   OCN+      : -1.778   N2O       : -3.602   O2        :  5.470   O2+       :  5.750   NO2       : -2.316   NO2+      : -4.438
==== Ne     compounds ====
   NeH+      :  6.389
==== Si     compounds ====
   SiH       :  0.537   SiH2+     : -0.830   SiC2      :-35.930   SiN       : -3.210   SiN+      :  3.694   SiO       :  3.812   SiO+      :  4.827   SiOH+     : -0.700
==== S      compounds ====
   HS        :  6.372   HS+       :  5.832   CS        :  1.125   CS+       :  2.995   HCS+      : -1.542   NS        :  2.139   NS+       :  3.106   SO        :  3.674
   SO+       :  4.415   OCS       : -5.283   OCS+      : -6.787   SO2       :-35.930   S2        : -3.941   S2+       : -5.222
==== Cl     compounds ====
   HCl       :  0.084   HCl+      :  5.904   H2Cl+     :  0.793   CCl       :-17.735   CCl+      : -3.745   H2CCl+    :-20.264   ClO       :-20.881   ClO+      :-24.556
==== Ar     compounds ====
   ArH+      :  9.403
==== Ti     compounds ====
   TiH       :-35.930   TiH+      :-35.930   TiH2      :-35.930   TiH2+     :-35.930   TiC       :-35.930   TiC+      :-35.930   HCTi      :-35.930   HCTi+     :-35.930
   TiC2      :-35.930   TiC2+     :-35.930   TiN       :-35.930   TiN+      :-35.930   HNTi      :-35.930   HNTi+     :-35.930   TiNC      :-35.930   TiNC+     :-35.930
   TiO       :-35.930   TiO+      :-35.930   TiOH+     :-35.930   TiO2      :-35.930   TiF+      :-35.930   TiS       :-35.930   TiS+      :-35.930   HTiS      :-35.930


               1      2      3      4      5      6      7      8      9     10     11     12     13     14     15     16     17

 Hydrogen   18.303 17.246 12.733 (H2)                Log10 Column density (cm^-2)
 Helium     17.256 15.747  8.644
 Lithium     6.509  7.327 -6.493-30.000
 Beryllium   7.509  7.302  4.925-30.000-30.000
 Boron       8.224  8.967  4.470-30.000-30.000-30.000
 Carbon     14.094 14.666 11.587-30.000-30.000-30.000-30.000
 Nitrogen   14.143 12.939  7.345-30.000-30.000-30.000-30.000-30.000
 Oxygen     15.000 13.846  7.708-30.000-30.000-30.000-30.000-30.000-30.000
 Fluorine   10.811 10.162  6.968-30.000-30.000-30.000-30.000-30.000-30.000-30.000
 Neon       14.213 13.355  9.786-30.000-30.000-30.000-30.000-30.000-30.000-30.000-30.000
 Sodium     11.195 12.562  8.096-30.000-30.000-30.000-30.000-30.000-30.000-30.000-30.000-30.000
 Magnesium  12.275 13.929 11.296-30.000-30.000-30.000-30.000-30.000-30.000-30.000-30.000-30.000-30.000
 Aluminium   9.423 12.789  9.384-30.000-30.000-30.000-30.000-30.000-30.000-30.000-30.000-30.000-30.000-30.000
 Silicon    11.700 13.847 10.026-30.000-30.000-30.000-30.000-30.000-30.000-30.000-30.000-30.000-30.000-30.000-30.000
 Phosphorus  9.010 11.748  8.606-30.000-30.000-30.000-30.000-30.000-30.000-30.000-30.000-30.000-30.000-30.000-30.000-30.000
 Sulphur    12.304 13.426 11.234-30.000-30.000-30.000-30.000-30.000-30.000-30.000-30.000-30.000-30.000-30.000-30.000-30.000-30.000
 Chlorine    9.170 11.836  9.442-30.000-30.000-30.000-30.000-30.000-30.000-30.000-30.000-30.000-30.000-30.000-30.000-30.000-30.000
-30.000
 Argon      12.565 12.246 10.692-30.000-30.000-30.000-30.000-30.000-30.000-30.000-30.000-30.000-30.000-30.000-30.000-30.000-30.000
-30.000-30.000
 Potassium  10.060 11.347  8.278-30.000-30.000-30.000-30.000-30.000-30.000-30.000-30.000-30.000-30.000-30.000-30.000-30.000-30.000
-30.000-30.000-30.000
 Calcium    11.876 12.590 11.158-30.000-30.000-30.000-30.000-30.000-30.000-30.000-30.000-30.000-30.000-30.000-30.000-30.000-30.000
-30.000-30.000-30.000-30.000
 Scandium    8.594  9.412  8.029  4.716-30.000-30.000-30.000-30.000-30.000-30.000-30.000-30.000-30.000-30.000-30.000-30.000-30.000
-30.000-30.000-30.000-30.000-30.000
 Titanium    7.427 11.285  9.240-30.000-30.000-30.000-30.000-30.000-30.000-30.000-30.000-30.000-30.000-30.000-30.000-30.000-30.000
-30.000-30.000-30.000-30.000-30.000-30.000
 Vanadium    9.773 10.094  8.417-30.000-30.000-30.000-30.000-30.000-30.000-30.000-30.000-30.000-30.000-30.000-30.000-30.000-30.000
-30.000-30.000-30.000-30.000-30.000-30.000-30.000
 Chromium   10.945 11.937  9.263-30.000-30.000-30.000-30.000-30.000-30.000-30.000-30.000-30.000-30.000-30.000-30.000-30.000-30.000
-30.000-30.000-30.000-30.000-30.000-30.000-30.000-30.000
 Manganese   7.951 11.768  9.162-30.000-30.000-30.000-30.000-30.000-30.000-30.000-30.000-30.000-30.000-30.000-30.000-30.000-30.000
-30.000-30.000-30.000-30.000-30.000-30.000-30.000-30.000-30.000
 Iron        9.781 13.839 10.760-30.000-30.000-30.000-30.000-30.000-30.000-30.000-30.000-30.000-30.000-30.000-30.000-30.000-30.000
-30.000-30.000-30.000-30.000-30.000-30.000-30.000-30.000-30.000-30.000
 Cobalt     11.134 10.889  5.899-30.000-30.000-30.000-30.000-30.000-30.000-30.000-30.000-30.000-30.000-30.000-30.000-30.000-30.000
-30.000-30.000-30.000-30.000-30.000-30.000-30.000-30.000-30.000-30.000-30.000
 Nickel      8.996 12.559  7.422-30.000-30.000-30.000-30.000-30.000-30.000-30.000-30.000-30.000-30.000-30.000-30.000-30.000-30.000
-30.000-30.000-30.000-30.000-30.000-30.000-30.000-30.000-30.000-30.000-30.000-30.000
 Copper     10.020 10.368  7.852-30.000-30.000-30.000-30.000-30.000-30.000-30.000-30.000-30.000-30.000-30.000-30.000-30.000-30.000
-30.000-30.000-30.000-30.000-30.000-30.000-30.000-30.000-30.000-30.000-30.000-30.000-30.000
 Zinc       10.745 10.371  8.394-30.000-30.000-30.000-30.000-30.000-30.000-30.000-30.000-30.000-30.000-30.000-30.000-30.000-30.000
-30.000-30.000-30.000-30.000-30.000-30.000-30.000-30.000-30.000-30.000-30.000-30.000-30.000-30.000
 Exc state    He1* 10.986   CII* 14.487   C11* 13.144   C12* 13.619   C13* 13.838   O11* 14.755   O12* 14.512   O13* 14.027
              Si2* 13.658   C30*  4.928   C31*  3.025   C32*  5.717


 Hydrogen   -0.037 -1.093 -5.306 (H2)                 Log10 Mean Ionisation (over radius)
 Helium     -0.013 -1.522 -8.626
 Lithium    -0.880 -0.061-13.881
 Beryllium  -0.210 -0.417 -2.794
 Boron      -0.815 -0.072 -4.570
 Carbon     -0.675 -0.104 -3.182
 Nitrogen   -0.026 -1.230 -6.824
 Oxygen     -0.029 -1.184 -7.322
 Fluorine   -0.088 -0.737 -3.931
 Neon       -0.056 -0.914 -4.484
 Sodium     -1.385 -0.018 -4.484
 Magnesium  -1.664 -0.011 -2.643
 Aluminium  -3.366 -0.000 -3.406
 Silicon    -2.150 -0.003 -3.824
 Phosphorus -2.739 -0.001 -3.143
 Sulphur    -1.156 -0.034 -2.226
 Chlorine   -2.669 -0.003 -2.397
 Argon      -0.174 -0.493 -2.047
 Potassium  -1.309 -0.022 -3.091
 Calcium    -0.804 -0.090 -1.522
 Scandium   -0.895 -0.077 -1.459 -4.772
 Titanium   -3.862 -0.004 -2.049
 Vanadium   -0.497 -0.176 -1.852
 Chromium   -1.035 -0.043 -2.717
 Manganese  -3.818 -0.001 -2.607
 Iron       -4.058 -0.000 -3.080
 Cobalt     -0.196 -0.441 -5.431
 Nickel     -3.564 -0.000 -5.138
 Copper     -0.510 -0.162 -2.677
 Zinc       -0.154 -0.528 -2.505

               1      2      3      4      5      6      7      8      9     10     11     12     13     14     15     16     17

 Hydrogen   -0.057 -0.908 -5.795 (H2)         Log10 Mean Ionisation (over radius*electron density)
 Helium     -0.015 -1.461 -8.695
 Lithium    -0.899 -0.059-13.864
 Beryllium  -0.142 -0.557 -2.815
 Boron      -0.680 -0.102 -4.399
 Carbon     -0.572 -0.136 -3.086
 Nitrogen   -0.044 -1.012 -6.534
 Oxygen     -0.046 -0.995 -7.075
 Fluorine   -0.108 -0.658 -3.933
 Neon       -0.064 -0.865 -4.530
 Sodium     -1.485 -0.014 -4.595
 Magnesium  -1.685 -0.011 -2.466
 Aluminium  -3.390 -0.000 -3.349
 Silicon    -2.044 -0.004 -3.550
 Phosphorus -2.772 -0.001 -3.033
 Sulphur    -1.023 -0.046 -2.181
 Chlorine   -2.718 -0.003 -2.351
 Argon      -0.231 -0.397 -1.913
 Potassium  -1.597 -0.011 -3.119
 Calcium    -0.730 -0.101 -1.675
 Scandium   -0.842 -0.090 -1.358 -4.538
 Titanium   -3.924 -0.005 -1.915
 Vanadium   -0.475 -0.190 -1.703
 Chromium   -0.925 -0.057 -2.443
 Manganese  -3.877 -0.002 -2.347
 Iron       -4.113 -0.001 -2.807
 Cobalt     -0.168 -0.494 -5.219
 Nickel     -3.608 -0.000 -4.922
 Copper     -0.425 -0.207 -2.567
 Zinc       -0.122 -0.614 -2.581

               1      2      3      4      5      6      7      8      9     10     11     12     13     14     15     16     17

 Hydrogen    3.709  3.747  3.631 (H2)                  Log10 Mean Temperature (over radius)
 Helium      3.711  3.725  3.702
 Lithium     3.710  3.712  3.714
 Beryllium   3.725  3.689  3.711
 Boron       3.738  3.707  3.745
 Carbon      3.732  3.706  3.732
 Nitrogen    3.709  3.754  3.768
 Oxygen      3.709  3.748  3.759
 Fluorine    3.708  3.728  3.714
 Neon        3.710  3.722  3.706
 Sodium      3.695  3.713  3.694
 Magnesium   3.707  3.712  3.747
 Aluminium   3.707  3.712  3.723
 Silicon     3.730  3.712  3.765
 Phosphorus  3.706  3.712  3.733
 Sulphur     3.737  3.710  3.722
 Chlorine    3.702  3.712  3.722
 Argon       3.702  3.731  3.740
 Potassium   3.664  3.714  3.708
 Calcium     3.727  3.710  3.685
 Scandium    3.724  3.709  3.728  3.756
 Titanium    3.700  3.712  3.737
 Vanadium    3.718  3.708  3.739
 Chromium    3.733  3.709  3.765
 Manganese   3.701  3.712  3.763
 Iron        3.701  3.712  3.765
 Cobalt      3.717  3.702  3.751
 Nickel      3.703  3.712  3.753
 Copper      3.728  3.704  3.732
 Zinc        3.718  3.697  3.700

               1      2      3      4      5      6      7      8      9     10     11     12     13     14     15     16     17

 Hydrogen    3.743  3.766  3.642 (H2)          Log10 Mean Temperature (over radius*electron density)
 Helium      3.746  3.753  3.736
 Lithium     3.743  3.747  3.749
 Beryllium   3.754  3.726  3.743
 Boron       3.761  3.742  3.765
 Carbon      3.758  3.742  3.757
 Nitrogen    3.744  3.769  3.775
 Oxygen      3.744  3.766  3.772
 Fluorine    3.744  3.755  3.745
 Neon        3.745  3.752  3.739
 Sodium      3.732  3.747  3.730
 Magnesium   3.744  3.746  3.765
 Aluminium   3.743  3.746  3.753
 Silicon     3.759  3.746  3.774
 Phosphorus  3.742  3.746  3.759
 Sulphur     3.761  3.745  3.751
 Chlorine    3.740  3.746  3.751
 Argon       3.739  3.757  3.760
 Potassium   3.697  3.748  3.742
 Calcium     3.754  3.745  3.725
 Scandium    3.751  3.745  3.759  3.771
 Titanium    3.738  3.746  3.761
 Vanadium    3.748  3.745  3.763
 Chromium    3.758  3.745  3.774
 Manganese   3.739  3.746  3.773
 Iron        3.739  3.746  3.774
 Cobalt      3.749  3.740  3.769
 Nickel      3.741  3.746  3.769
 Copper      3.756  3.740  3.759
 Zinc        3.750  3.735  3.736

               1      2      3      4      5      6      7      8      9     10     11     12     13     14     15     16     17
                                                                          

---------------Convergence statistics---------------
       1.5 mean iterations/state convergence
      2.99 mean cx acceleration loops/iteration
      1.05 mean iso convergence loops/ion solve
      1.03 mean steps/chemistry solve
         1 mean step length searches/chemistry step
----------------------------------------------------

 Cloudy ends: 88 zones, 3 iterations.  ExecTime(s) 246.44
 [Stop in cdMain at ../maincl.cpp:483, Cloudy exited OK]
 ************************************************** GRID_DELIMIT -- grid000000046
