                                                          Cloudy 13.03
                                                         www.nublado.org

                       **************************************13Feb20**************************************
                       *                                                                                 *
                       * c                                                                               *
                       * phi(h) 9.000000 LOG range -0.000232 6.866524                                    *
                       * grid from 8 to 23 in 1 dex steps                                                *
                       * HDEN=11.000000 LOG                                                              *
                       * grid from 0 to 12 in 1 dex steps                                                *
                       * set pres ionize 1e5                                                             *
                       * c                                                                               *
                       * c                                                                               *
                       * table star "inst_padova_agbtrack_z.mod" age 6.3                                 *
                       * c<< inst_padova_ model    1 read.       Age =      10000.00                 >>> *
                       * c<< inst_padova_ model    2 read.       Age =    2010000.00                 >>> *
                       * c<< FINAL:     Age =    1995262.31                                          >>> *
                       * c                                                                               *
                       * c                                                                               *
                       * abundances GASS10                                                               *
                       * c                                                                               *
                       * c                                                                               *
                       * iterate to convergence max = 7                                                  *
                       * stop column density = 23                                                        *
                       * c                                                                               *
                       * c                                                                               *
                       * print last                                                                      *
                       * set save prefix "padova_inst_2"                                                 *
                       * save grid ".grd" last no hash                                                   *
                       * save linelist "emissionlines_abs.txt" "LineList_HII.dat" absolute last no hash    *
                       *                                                                                 *
                       ***********************************************************************************



           !The plasma frequency is 9.45e-07 Ryd.  The incident continuum is set to 0 below this.
           4049CellPeak1.00E+00   Lo 1.00e-08=910.79cm   Hi-Con:6.19E+00 Ryd   E(hi):7.35E+06Ryd     E(hi):     100.01 MeV
           I(nu>1ryd):  -1.5285   Average nu:1.358E+00   I( X-ray):   0.0000   I(BalC):  -1.0060     Phi(BalmrC):   9.8965
           phi(1.0-1.8): 8.9535   phi(1.8-4.0):  8.007   phi(4.0-20):  3.227   phi(20--):  0.000     Ion pht flx:1.000E+09
           I(gam ray):   0.0000   phi(gam r):   0.0000   I(Infred):  -1.8669   Alf(ox):   0.0000     Total inten:  -0.8482
           U(1.0----):3.336E-13   U(4.0----):5.625E-19   T(En-Den):5.001E+00   T(Comp):3.012E+04     nuJnu(912A):9.683E-02
           Occ(FarIR):0.000E+00   Occ(H n=6):2.633E-14   Occ(1Ryd):4.451E-18   Occ(4R):3.399E-25     Occ (Nu-hi):3.050E-31
           Tbr(FarIR):0.000E+00   Tbr(H n=6):1.154E-10   Tbr(1Ryd):7.036E-13   Tbr(4R):2.148E-19     Tbr (Nu-hi):2.972E-25
  
                                                  Gas Phase Chemical Composition
        H :  0.0000  He: -1.0701  Li:-10.9508  Be:-10.6198  B : -9.3002  C : -3.5702  N : -4.1701  O : -3.3098  F : -7.4401
        Ne: -4.0701  Na: -5.7595  Mg: -4.4001  Al: -5.5498  Si: -4.4895  P : -6.5901  S : -4.8794  Cl: -6.5003  Ar: -5.6003
        K : -6.9706  Ca: -5.6596  Sc: -8.8508  Ti: -7.0501  V : -8.0701  Cr: -6.3595  Mn: -6.5702  Fe: -4.5003  Co: -7.0101
                                               Ni: -5.7799  Cu: -7.8097  Zn: -7.4401
 
 ####  1  Te:8.860E+02 Hden:1.000E+11 Ne:5.144E+06 R:1.000E+30 R-R0:3.923E+02 dR:7.846E+02 NTR:288 Htot:1.801E-09 T912: 4.94e-04###
 Hydrogen      9.94e-01 7.40e-06 H+o/Hden 9.94e-01 2.34e-11 H-    H2 2.87e-03 2.63e-13 H2+ HeH+ 7.45e-15 Ho+ ColD 7.80e+13 5.81e+08
 Helium        1.00e+00 8.99e-09 2.03e-20 HeI 2s3S 8.64e-11 Comp H,C 9.86e-24 2.90e-25 Fill Fac 1.00e+00 Gam1/tot 1.00e+00
 He singlet n  1.00e+00 1.70e-13 1.10e-18 8.97e-20 1.49e-19 3.00e-20 He tripl 8.64e-11 7.19e-19 7.00e-21 6.89e-20 7.10e-20
 Pressure      NgasTgas 9.60e+13 P(total) 1.32e-02 P( gas ) 1.32e-02 P(Radtn) 0.00e+00 Rad accl 4.39e-06 ForceMul 6.15e+10
 Texc(La)      3.00e+03 T(I con) 5.00e+00 T(D con) 3.39e-01 T(U tot) 5.00e+00 nT (c+d) 1.29e+06 Prad/Gas 0.00e+00 Pmag/Gas 0.00e+00
 Molecules     CH/Ctot: 4.30e-08 CH+/Ctot 1.20e-10 CO/Ctot: 9.89e-01 CO+/Ctot 4.10e-11 H2O/Otot 1.16e-04 OH/Ototl 1.16e-03
 Lithium       9.87e-01 1.27e-02 0.00e+00 0.00e+00 Berylliu 1.00e+00 2.80e-04 1.33e-10 0.00e+00 0.00e+00 sec ion: 0.00e+00
 Boron         9.98e-01 2.36e-03 2.04e-13 0.00e+00 0.00e+00 0.00e+00
 Carbon        1.05e-02 2.42e-05 8.35e-14 0.00e+00 0.00e+00 0.00e+00 0.00e+00 H2O+/O   1.91e-06 OH+/Otot 6.44e-06 Hex(tot) 0.00e+00
 Nitrogen      3.12e-01 7.34e-08 2.58e-19 0.00e+00 0.00e+00 0.00e+00 0.00e+00 0.00e+00 O2/Ototl 1.56e-04 O2+/Otot 7.02e-07
 Oxygen        4.55e-01 2.25e-06 2.76e-18 0.00e+00 0.00e+00 0.00e+00 0.00e+00 0.00e+00 0.00e+00
 Fluorine      1.00e+00 2.69e-04 1.24e-11 0.00e+00 0.00e+00 0.00e+00 0.00e+00 0.00e+00 0.00e+00 0.00e+00
 Neon          1.00e+00 8.03e-05 6.44e-13 0.00e+00 0.00e+00 0.00e+00 0.00e+00 0.00e+00 0.00e+00 0.00e+00 0.00e+00
 Sodium        6.65e-01 3.35e-01 2.58e-10 0.00e+00 0.00e+00 0.00e+00 0.00e+00 0.00e+00 0.00e+00 0.00e+00 0.00e+00 0.00e+00
 Magnesium     8.30e-01 1.70e-01 3.57e-09 0.00e+00 0.00e+00 0.00e+00 0.00e+00 0.00e+00 0.00e+00 0.00e+00 0.00e+00 0.00e+00 0.00e+00
 Aluminium  0  5.50e-03 9.94e-01 7.58e-08 0.00e+00 0.00e+00 0.00e+00 0.00e+00 0.00e+00 0.00e+00 0.00e+00 0.00e+00 0.00e+00 0.00e+00
 Silicon    0  9.89e-01 2.04e-03 3.35e-15 0.00e+00 0.00e+00 0.00e+00 0.00e+00 0.00e+00 0.00e+00 0.00e+00 0.00e+00 0.00e+00 0.00e+00
 Phosphorus 0  3.68e-02 9.63e-01 1.07e-06 0.00e+00 0.00e+00 0.00e+00 0.00e+00 0.00e+00 0.00e+00 0.00e+00 0.00e+00 0.00e+00 0.00e+00
 Sulphur    0  9.96e-01 4.17e-04 5.52e-13 0.00e+00 0.00e+00 0.00e+00 0.00e+00 0.00e+00 0.00e+00 0.00e+00 0.00e+00 0.00e+00 0.00e+00
 Chlorine   0  9.93e-01 2.56e-03 8.40e-10 0.00e+00 0.00e+00 0.00e+00 0.00e+00 0.00e+00 0.00e+00 0.00e+00 0.00e+00 0.00e+00 0.00e+00
 Argon      0  1.00e+00 8.54e-08 7.48e-16 0.00e+00 0.00e+00 0.00e+00 0.00e+00 0.00e+00 0.00e+00 0.00e+00 0.00e+00 0.00e+00 0.00e+00
 Potassium  0  9.09e-01 9.07e-02 4.38e-09 0.00e+00 0.00e+00 0.00e+00 0.00e+00 0.00e+00 0.00e+00 0.00e+00 0.00e+00 0.00e+00 0.00e+00
 Calcium    0  9.99e-01 1.04e-03 1.77e-07 0.00e+00 0.00e+00 0.00e+00 0.00e+00 0.00e+00 0.00e+00 0.00e+00 0.00e+00 0.00e+00 0.00e+00
 Scandium   0  9.99e-01 1.49e-03 6.71e-07 0.00e+00 0.00e+00 0.00e+00 0.00e+00 0.00e+00 0.00e+00 0.00e+00 0.00e+00 0.00e+00 0.00e+00
 Titanium   0  4.83e-03 9.95e-01 1.42e-05 0.00e+00 0.00e+00 0.00e+00 0.00e+00 0.00e+00 0.00e+00 0.00e+00 0.00e+00 0.00e+00 0.00e+00
 Vanadium   0  9.99e-01 7.98e-04 6.06e-09 0.00e+00 0.00e+00 0.00e+00 0.00e+00 0.00e+00 0.00e+00 0.00e+00 0.00e+00 0.00e+00 0.00e+00
 Chromium   0  9.97e-01 2.99e-03 4.00e-12 0.00e+00 0.00e+00 0.00e+00 0.00e+00 0.00e+00 0.00e+00 0.00e+00 0.00e+00 0.00e+00 0.00e+00
 Manganese  0  5.12e-03 9.95e-01 1.10e-10 0.00e+00 0.00e+00 0.00e+00 0.00e+00 0.00e+00 0.00e+00 0.00e+00 0.00e+00 0.00e+00 0.00e+00
 Iron       0  2.91e-03 9.97e-01 1.82e-11 0.00e+00 0.00e+00 0.00e+00 0.00e+00 0.00e+00 0.00e+00 0.00e+00 0.00e+00 0.00e+00 0.00e+00
 Cobalt     0  1.00e+00 3.15e-04 3.70e-14 0.00e+00 0.00e+00 0.00e+00 0.00e+00 0.00e+00 0.00e+00 0.00e+00 0.00e+00 0.00e+00 0.00e+00
 Nickel     0  6.92e-03 9.93e-01 1.00e-10 0.00e+00 0.00e+00 0.00e+00 0.00e+00 0.00e+00 0.00e+00 0.00e+00 0.00e+00 0.00e+00 0.00e+00
 Copper     0  9.99e-01 1.08e-03 2.56e-09 0.00e+00 0.00e+00 0.00e+00 0.00e+00 0.00e+00 0.00e+00 0.00e+00 0.00e+00 0.00e+00 0.00e+00
 Zinc       0  1.00e+00 2.25e-04 6.99e-11 0.00e+00 0.00e+00 0.00e+00 0.00e+00 0.00e+00 0.00e+00 0.00e+00 0.00e+00 0.00e+00 0.00e+00
                                                                             
   Calculation stopped because lowest Te reached. Iteration 3 of 3
   The geometry is plane-parallel.
  !Continuum fluorescent production of H-beta was very important.
  !H2 vib deexec heating reached 8.89% of the local heating.
  !Charge transfer ionization of H reached 2613.3% of the local H ionization rate.
  !The largest plasma frequency was 9.45e-07 Ryd = 9.64e+04 micron  The continuum is set to 0 below this.
  !AGE: Cloud age was not set.  Longest timescale was 1.10e+07 s = 4.20e+00 months.
  !The excitation temp of Lya exceeded the electron temp, largest value was 3.00e+03K (gas temp there was 8.86e+02K, zone   1)
  !The CMB was not included.  This is added with the CMB command.
  !The fraction of N  in N2 reached 68.7% at some point in the cloud.
  !The fraction of C  in CO reached 98.9% at some point in the cloud.
   The density is too low to l-mix the lowest He I collapsed level.  More resolved levels are needed for accurate line ratios.
   Grains were not present but might survive in this environment (energy density temperature was 5.00e+00K)
   The fraction of H  in H2 reached 0.575% at some point in the cloud.
   The fraction of O  in OH reached 0.116% at some point in the cloud.
   The fraction of Si in SiO reached 0.847% at some point in the cloud.
   The fraction of S  in SO reached 0.292% at some point in the cloud.
   The fraction of Cl in HCl reached 0.373% at some point in the cloud.

                       *********************************> Cloudy 13.03 <**********************************
                       * c                                                                               *
                       * phi(h) 9.000000 LOG range -0.000232 6.866524                                    *
                       * grid from 8 to 23 in 1 dex steps                                                *
                       * HDEN=11.000000 LOG                                                              *
                       * grid from 0 to 12 in 1 dex steps                                                *
                       * set pres ionize 1e5                                                             *
                       * c                                                                               *
                       * c                                                                               *
                       * table star "inst_padova_agbtrack_z.mod" age 6.3                                 *
                       * c                                                                               *
                       * c                                                                               *
                       * abundances GASS10                                                               *
                       * c                                                                               *
                       * c                                                                               *
                       * iterate to convergence max = 7                                                  *
                       * stop column density = 23                                                        *
                       * c                                                                               *
                       * c                                                                               *
                       * print last                                                                      *
                       * set save prefix "padova_inst_2"                                                 *
                       * save grid ".grd" last no hash                                                   *
                       * save linelist "emissionlines_abs.txt" "LineList_HII.dat" absolute last no hash    *
                       *********************************> Log(U):-12.48 <*********************************

                     Emission Line Spectrum.   Constant  Density Model.    Open geometry.  Iteration 3 of 3.
                                                     Intensity (erg/s/cm^2).


                                                   Intrinsic line intensities
 general properties..........      nFnu  1000A  -8.717   0.0223      H2O  40.68m  -9.365   0.0050      OH   34.62m  -9.831   0.0017            
 TOTL  4861A  -7.064   1.0000      nInu  1000A  -0.9391334836.1      H2O  58.68m  -8.346   0.0523      OH   34.62m  -8.877   0.0154            
 TOTL  1216A  -5.057 101.7270      nFnu 925.1A  -8.663   0.0252      H2O  49.32m  -7.957   0.1281      OH   115.1m  -9.996   0.0012            
 Inci     0   -0.8481644900.1      nInu 925.1A  -0.9201393285.5      H2O  121.7m  -9.711   0.0023      OH   98.71m  -7.839   0.1680            
 TotH     0   -5.850  16.3870      nFnu 897.8A  -6.493   3.7265      H2O  94.68m  -9.586   0.0030      OH   48.80m  -8.346   0.0522            
 TotC     0   -5.850  16.3887      nInu 897.8A  -1.235675466.56      H2O  99.47m  -8.995   0.0117      OH   48.80m  -9.647   0.0026            
 BFH1     0   -5.904  14.4563      nFnu 760.0A  -8.597   0.0294      H2O  100.9m  -9.452   0.0041      OH   34.62m  -8.685   0.0239            
 Line     0   -8.840   0.0168      nInu 760.0A  -1.355511961.97      H2O  45.10m  -8.724   0.0219      OH   98.70m  -8.985   0.0120            
 BFHe     0   -7.671   0.2472      nFnu 701.5A  -8.642   0.0264      H2O  47.96m  -8.195   0.0740      OH   98.70m  -8.031   0.1080            
 TotM     0   -8.082   0.0960      nInu 701.5A  -1.463399162.16      H2O  25.93m  -9.797   0.0019      OH   48.69m  -9.657   0.0026            
 CT C     0   -8.861   0.0160      nInu 608.2A  -1.368496692.75      H2O  43.88m  -7.877   0.1541      OH   48.69m  -8.511   0.0358            
 H FB     0   -9.188   0.0075      nInu 575.1A  -1.365500495.12      H2O  39.36m  -7.666   0.2502      OH   34.59m  -9.843   0.0017            
 HFBc     0   -9.188   0.0075      nInu 511.9A  -1.410451353.31      H2O  134.9m  -9.894   0.0015      OH   34.59m  -8.889   0.0150            
 H2O      0   -6.451   4.1037      nInu 496.9A  -1.596293802.47      H2O  54.49m  -9.882   0.0015      OH   115.4m -10.010   0.0011            
 H2O      0   -6.934   1.3510      nInu 399.2A  -1.882152278.55      H2O  160.5m -10.020   0.0011      OH   98.70m  -7.839   0.1680            
 OH       0   -6.610   2.8439      RRC.........................      H2O  47.41m -10.021   0.0011      OH   48.69m  -8.356   0.0511            
 SiO      0   -7.861   0.1596      H  1 911.8A  -7.468   0.3948      H2O  98.47m  -9.478   0.0039      OH   48.69m  -9.657   0.0026            
 CO       0   -6.586   3.0118      H  1  3646A  -8.890   0.0149      H2O  75.89m  -9.408   0.0045      OH   34.59m  -8.697   0.0233            
 13CO     0   -8.145   0.0831      H  1  3646A  -8.460   0.0402      H2O  82.01m  -8.645   0.0263      SiO  383.8m -10.012   0.0011            
 continua....................      H  1  8204A  -9.661   0.0025      H2O  65.15m  -8.528   0.0344      SiO  363.6m  -9.914   0.0014            
 Bac   3646A  -6.724   2.1899      H  1  8204A  -9.178   0.0077      H2O  30.89m  -8.714   0.0224      SiO  345.5m  -9.823   0.0017            
 nFnu  3645A  -6.724   2.1922      H  1  8204A  -9.133   0.0085      H2O  49.38m  -8.233   0.0678      SiO  329.1m  -9.739   0.0021            
 nFnu  3647A  -9.717   0.0022      H  1 1.458m  -9.745   0.0021      H2O  27.98m  -8.884   0.0152      SiO  314.1m  -9.660   0.0025            
 cout  3646A  -7.025   1.0950      H  1 1.458m  -9.586   0.0030      H2O  40.33m  -7.870   0.1564      SiO  300.5m  -9.588   0.0030            
 cref  3646A  -7.025   1.0950      H  1 1.458m  -9.746   0.0021      H2O  22.61m  -9.543   0.0033      SiO  288.0m  -9.520   0.0035            
 thin  3646A  -6.724   2.1899      H  1 2.279m  -9.983   0.0012      H2O  35.93m  -7.666   0.2504      SiO  276.6m  -9.457   0.0040            
 Inci  4860A  -2.043104994.94      H  1 2.279m  -9.987   0.0012      H2O  33.00m  -7.563   0.3173      SiO  266.0m  -9.399   0.0046            
 Inci  1215A  -0.9621266596.0      Al 1  2071A  -7.964   0.1261      H2O  94.62m  -9.422   0.0044      SiO  256.1m  -9.344   0.0052            
 Ba C     0   -8.314   0.0563      grains......................      H2O  104.1m  -9.445   0.0042      SiO  247.0m  -9.294   0.0059            
 PA C     0   -8.673   0.0246      H-like iso-sequence.........      H2O  92.79m  -9.357   0.0051      SiO  238.6m  -9.248   0.0066            
 FIR  83.00m  -2.43942195.762      Hlin 912.0A  -9.982   0.0012      H2O  75.81m  -9.274   0.0062      SiO  230.6m  -9.205   0.0072            
 TIR   1800m  -4.742 210.2125      Ca B  1216A  -7.102   0.9180      H2O  63.90m  -9.397   0.0046      SiO  223.2m  -9.166   0.0079            
 NIRa 2.850m  -2.40545653.387      Q(H)  4861A  -3.1488257.1348      H2O  71.93m  -8.441   0.0420      SiO  216.3m  -9.130   0.0086            
 NIRb 3.000m  -2.92013952.696      Q(H)  1216A  -1.787189509.47      H2O  66.07m  -8.583   0.0303      SiO  209.8m  -9.097   0.0093            
 MIRa 15.00m  -3.01411235.483      CaBo  4861A  -8.586   0.0301      H2O  29.83m  -8.597   0.0293      SiO  203.6m  -9.067   0.0099            
 MIRb 22.50m  -2.79118762.703      Ca A  1216A  -7.098   0.9255      H2O  74.92m  -9.271   0.0062      SiO  197.9m  -9.040   0.0106            
 NMIR 21.75m  -2.40545653.387      Ca A  1026A  -7.859   0.1603      H2O  34.54m  -8.169   0.0785      SiO  192.4m  -9.016   0.0112            
 TFIR 611.2m  -2.95112979.193      Ca A 972.5A  -8.281   0.0607      H2O  20.66m  -9.435   0.0043      SiO  187.2m  -8.994   0.0118            
 TALL 10000A  -0.8481645022.6      Ca A 949.7A  -8.559   0.0320      H2O  35.42m  -7.853   0.1628      SiO  182.4m  -8.975   0.0123            
 F12  12.00m  -3.4943716.9124      Ca A 937.8A  -8.743   0.0210      H2O  19.72m  -9.372   0.0049      SiO  177.7m  -8.959   0.0127            
 F25  25.00m  -3.3025789.5996      Ca A 930.8A  -8.851   0.0164      H2O  32.98m  -7.724   0.2190      SiO  173.3m  -8.946   0.0131            
 F60  60.00m  -2.83916814.668      Ca A 926.2A  -8.901   0.0146      H2O  17.63m  -9.776   0.0019      CO   371.5m  -9.825   0.0017            
 F100 100.0m  -3.02610929.835      Ca A 923.2A  -8.924   0.0138      H2O  30.52m  -7.663   0.2517      CO   325.1m  -9.558   0.0032            
 MIPS 24.00m  -3.6162808.0061      Ca A 921.0A  -8.939   0.0134      H2O  84.74m  -9.335   0.0054      CO   289.0m  -9.328   0.0054            
 MIPS 70.00m  -3.1967387.0820      Ca A 919.4A  -8.954   0.0129      H2O  127.8m  -9.781   0.0019      CO   260.2m  -9.129   0.0086            
 MIPS 160.0m  -3.4214399.1108      Ca A 918.1A  -8.971   0.0124      H2O  39.03m  -9.869   0.0016      CO   236.5m  -8.953   0.0129            
 IRAC 3.600m  -4.157 808.6094      Ca A 917.2A  -8.992   0.0118      H2O  44.04m  -9.529   0.0034      CO   216.9m  -8.799   0.0184            
 IRAC 4.500m  -4.221 697.4732      Ca A 916.4A  -9.012   0.0113      H2O  112.5m  -9.673   0.0025      CO   200.2m  -8.663   0.0252            
 IRAC 5.800m  -4.135 849.7236      Ca A 915.8A  -9.031   0.0108      H2O  36.04m  -9.921   0.0014      CO   185.9m  -8.543   0.0332            
 IRAC 8.000m  -3.8451656.8900      Ca A 915.3A  -9.045   0.0105      H2O  77.74m  -9.347   0.0052      CO   173.6m  -8.437   0.0424            
 SPR1 250.0m  -3.8431664.7854      Ca A 914.9A  -9.054   0.0102      H2O  63.94m  -9.343   0.0053      CO   162.8m  -8.343   0.0526            
 SPR2 350.0m  -4.279 610.0000      Ca A 914.6A  -9.058   0.0101      H2O  63.31m  -8.273   0.0618      CO   153.2m  -8.261   0.0636            
 SPR3 500.0m  -4.667 249.7010      Ca A 914.3A  -9.062   0.0101      H2O  55.12m  -8.297   0.0586      CO   144.7m  -8.189   0.0750            
 PAC1 70.00m  -3.1348525.3955      Ca A 914.0A  -9.067   0.0099      H2O  23.81m  -8.552   0.0326      CO   137.2m  -8.127   0.0866            
 PAC2 100.0m  -3.02111055.747      Ca A 913.8A  -9.077   0.0097      H2O  44.69m  -8.231   0.0681      CO   130.3m  -8.074   0.0978            
 PAC3 160.0m  -3.1647950.1738      Ca A 913.6A  -9.091   0.0094      H2O  23.89m  -8.444   0.0417      CO   124.2m  -8.029   0.1085            
 PAH  3.300m  -4.990 118.5501      Ca A 913.5A  -9.109   0.0090      H2O  35.66m  -8.015   0.1121      CO   118.5m  -7.992   0.1181            
 PAHC 3.230m  -5.240  66.7208      Ca A 913.3A  -9.130   0.0086      H2O  21.15m  -8.873   0.0155      CO   113.4m  -7.962   0.1265            
 PAHC 3.370m  -5.320  55.5013      Ca A  6563A  -8.169   0.0786      H2O  30.86m  -7.790   0.1880      CO   108.7m  -7.940   0.1332            
 PAH  6.200m  -4.585 301.5522      Ca A  4861A  -8.656   0.0256      H2O  70.68m  -9.167   0.0079      CO   104.4m  -7.924   0.1382            
 PAHC 5.650m  -4.582 303.6002      Ca A  4340A  -8.993   0.0118      H2O  82.95m  -9.281   0.0061      CO   100.4m  -7.914   0.1412            
 PAH  7.900m  -4.292 591.6519      Ca A  4102A  -9.235   0.0068      H2O  85.75m  -9.387   0.0048      CO   96.75m  -7.911   0.1423            
 PAHC 6.900m  -4.288 597.8962      Ca A  3970A  -9.406   0.0046      H2O  27.05m  -9.968   0.0012      CO   93.32m  -7.914   0.1415            
 PAH  11.30m  -4.704 229.3266      Ca A  3889A  -9.527   0.0034      H2O  75.47m  -9.354   0.0051      CO   90.14m  -7.922   0.1388            
 PAHC 10.90m  -4.703 230.0134      Ca A  3835A  -9.614   0.0028      H2O  56.80m  -8.168   0.0787      CO   87.17m  -7.936   0.1345            
 PAH  11.80m  -4.463 399.1716      Ca A  3798A  -9.679   0.0024      H2O  51.67m  -8.268   0.0625      CO   84.39m  -7.955   0.1287            
 PAHC 12.65m  -4.466 397.0612      Ca A  3771A  -9.732   0.0021      H2O  21.84m  -8.591   0.0298      CO   81.78m  -7.979   0.1217            
 PAH  13.30m  -4.410 451.7034      Ca A  3750A  -9.778   0.0019      H2O  51.06m  -8.598   0.0293      CO   79.34m  -8.008   0.1138            
 PAHC 14.10m  -4.412 449.2927      Ca A  3734A  -9.817   0.0018      H2O  62.91m  -9.125   0.0087      CO   77.04m  -8.043   0.1051            
 Bcon  3640A  -1.0061145021.8      Ca A  3722A  -9.851   0.0016      H2O  81.38m  -9.396   0.0047      CO   74.87m  -8.082   0.0961            
 Pcon  5000A  -2.17777220.477      Ca A  3712A  -9.877   0.0015      H2O  51.43m  -8.101   0.0919      CO   72.82m  -8.126   0.0868            
 HFFc     0   -6.842   1.6700      Ca A  3704A  -9.897   0.0015      H2O  129.3m -10.058   0.0010      CO   70.89m  -8.174   0.0777            
 H FF     0   -9.849   0.0016      Ca A  3697A  -9.909   0.0014      H2O  16.23m  -9.667   0.0025      CO   69.06m  -8.227   0.0688            
 MeFB     0   -8.524   0.0347      Ca A  3692A  -9.916   0.0014      H2O  123.4m  -9.961   0.0013      CO   67.32m  -8.284   0.0603            
 MeFF     0   -9.074   0.0098      Ca A  3687A  -9.921   0.0014      H2O  55.82m  -9.107   0.0091      CO   65.67m  -8.346   0.0523            
 ToFF     0   -9.007   0.0114      Ca A  3683A  -9.927   0.0014      H2O  47.03m  -8.096   0.0930      CO   64.10m  -8.412   0.0449            
 nInu 3.554c  -9.817   0.0018      Ca A  3679A  -9.937   0.0013      H2O  28.58m  -7.651   0.2592      CO   62.61m  -8.483   0.0382            
 nInu 3.432c  -9.771   0.0020      Ca A  3676A  -9.952   0.0013      H2O  25.16m  -8.313   0.0565      CO   61.18m  -8.557   0.0322            
 nInu 3.400c  -9.758   0.0020      Ca A  3674A  -9.970   0.0012      H2O  28.23m  -8.024   0.1097      CO   59.83m  -8.636   0.0268            
 nInu 2.003c  -9.074   0.0098      Ca A  3671A  -9.992   0.0012      H2O  35.56m  -9.613   0.0028      CO   58.53m  -8.719   0.0222            
 nInu 1.335c  -8.540   0.0334      Ca A 1.875m  -8.914   0.0141      H2O  46.60m  -8.209   0.0717      CO   57.29m  -8.806   0.0181            
 nInu  9993m  -8.162   0.0798      Ca A 1.282m  -9.265   0.0063      H2O  101.0m  -9.854   0.0016      CO   56.11m  -8.896   0.0147            
 nInu  6917m  -7.687   0.2385      Ca A 1.094m  -9.533   0.0034      H2O  89.96m  -9.578   0.0031      CO   54.97m  -8.991   0.0118            
 nFnu 122.4m  -8.117   0.0886      Ca A 1.005m  -9.738   0.0021      H2O  67.07m  -8.964   0.0126      CO   53.88m  -9.090   0.0094            
 nInu 122.4m  -2.61028472.381      Ca A  9546A  -9.896   0.0015      H2O  125.3m  -9.937   0.0013      CO   52.84m  -9.193   0.0074            
 nFnu 60.83m  -7.745   0.2086      Ca A  9229A -10.018   0.0011      H2O  57.62m  -9.326   0.0055      CO   51.84m  -9.299   0.0058            
 nInu 60.83m  -2.65725529.281      Ca A 4.051m  -9.495   0.0037      H2O  56.31m  -8.781   0.0192      CO   50.87m  -9.410   0.0045            
 nFnu 41.22m  -7.556   0.3222      Ca A 2.625m  -9.762   0.0020      H2O  49.27m  -8.431   0.0430      CO   49.95m  -9.524   0.0035            
 nInu 41.22m  -2.77019711.199      Ca A 2.166m  -9.984   0.0012      H2O  95.60m  -9.396   0.0047      CO   49.06m  -9.643   0.0026            
 nFnu 30.87m  -7.431   0.4299      Ca A 7.458m  -9.978   0.0012      H2O  71.05m  -9.158   0.0081      CO   48.20m  -9.765   0.0020            
 nInu 30.87m  -2.87215571.131      Ca B  6563A  -7.977   0.1222      H2O  35.46m  -9.422   0.0044      CO   47.37m  -9.890   0.0015            
 nFnu 24.78m  -7.348   0.5206      Ca B  4861A  -8.464   0.0399      H2O  53.12m  -8.743   0.0209      CO   46.57m -10.020   0.0011            
 nInu 24.78m  -2.95112974.740      Ca B  4340A  -8.797   0.0185      H2O  29.88m  -9.831   0.0017      13CO 181.6m  -9.994   0.0012            
 nFnu 24.30m  -7.341   0.5290      Ca B  4102A  -9.033   0.0107      H2O  44.18m  -8.361   0.0505      13CO 170.2m  -9.898   0.0015            
 nInu 24.30m  -2.95812761.364      Ca B  3970A  -9.202   0.0073      H2O  39.37m  -8.141   0.0838      13CO 160.3m  -9.814   0.0018            
 nFnu 22.83m  -7.321   0.5541      Ca B  3889A  -9.323   0.0055      H2O  113.9m -10.038   0.0011      13CO 151.4m  -9.740   0.0021            
 nInu 22.83m  -2.98012142.058      Ca B  3835A  -9.412   0.0045      H2O  94.18m  -9.884   0.0015      13CO 143.5m  -9.675   0.0024            
 nFnu 21.42m  -7.300   0.5811      Ca B  3798A  -9.485   0.0038      H2O  75.76m  -9.880   0.0015      13CO 136.3m  -9.620   0.0028            
 nInu 21.42m  -3.00311505.024      Ca B  3771A  -9.547   0.0033      H2O  83.26m  -9.148   0.0083      13CO 129.9m  -9.572   0.0031            
 nFnu 21.12m  -7.296   0.5873      Ca B  3750A  -9.601   0.0029      H2O  78.91m  -9.396   0.0047      13CO 124.0m  -9.533   0.0034            
 nInu 21.12m  -3.00911362.813      Ca B  3734A  -9.650   0.0026      H2O  36.20m  -9.129   0.0086      13CO 118.6m  -9.500   0.0037            
 nFnu 19.62m  -7.275   0.6155      Ca B  3722A  -9.694   0.0023      H2O  40.75m  -8.629   0.0273      13CO 113.7m  -9.475   0.0039            
 nInu 19.62m  -3.03510707.451      Ca B  3712A  -9.730   0.0022      H2O  23.19m -10.003   0.0012      13CO 109.2m  -9.456   0.0041            
 nFnu 17.65m  -7.247   0.6572      Ca B  3704A  -9.760   0.0020      H2O  39.39m  -8.317   0.0560      13CO 105.0m  -9.443   0.0042            
 nInu 17.65m  -3.0789689.4658      Ca B  3697A  -9.783   0.0019      H2O  35.89m  -8.140   0.0841      13CO 101.2m  -9.436   0.0042            
 nFnu 17.37m  -7.243   0.6625      Ca B  3692A  -9.802   0.0018      H2O  103.9m -10.038   0.0011      13CO 97.60m  -9.435   0.0043            
 nInu 17.37m  -3.0849558.3535      Ca B  3687A  -9.819   0.0018      H2O  103.9m -10.001   0.0012      13CO 94.26m  -9.440   0.0042            
 nFnu 15.69m  -7.222   0.6956      Ca B  3683A  -9.838   0.0017      H2O  76.40m  -9.762   0.0020      13CO 91.15m  -9.450   0.0041            
 nInu 15.69m  -3.1238728.4688      Ca B  3679A  -9.860   0.0016      H2O  71.52m  -8.907   0.0144      13CO 88.25m  -9.465   0.0040            
 nFnu 14.60m  -7.210   0.7156      Ca B  3676A  -9.885   0.0015      H2O  59.97m  -8.873   0.0155      13CO 85.52m  -9.486   0.0038            
 nInu 14.60m  -3.1518190.8369      Ca B  3674A  -9.913   0.0014      H2O  27.02m  -9.058   0.0102      13CO 82.96m  -9.511   0.0036            
 nFnu 12.43m  -7.190   0.7488      Ca B  3671A  -9.943   0.0013      H2O  81.19m  -9.745   0.0021      13CO 80.56m  -9.541   0.0033            
 nInu 12.43m  -3.2167050.9678      Ca B 1.875m  -8.833   0.0170      H2O  57.69m  -8.855   0.0162      13CO 78.29m  -9.576   0.0031            
 nFnu 11.40m  -7.186   0.7563      Ca B 1.282m  -9.175   0.0077      H2O  72.01m  -9.670   0.0025      13CO 76.15m  -9.615   0.0028            
 nInu 11.40m  -3.2506527.1016      Ca B 1.094m  -9.433   0.0043      H2O  37.56m  -8.383   0.0481      13CO 74.12m  -9.659   0.0025            
 nFnu 10.46m  -7.186   0.7566      Ca B 1.005m  -9.624   0.0028      H2O  21.88m  -9.654   0.0026      13CO 72.20m  -9.707   0.0023            
 nInu 10.46m  -3.2836042.2090      Ca B  9546A  -9.766   0.0020      H2O  33.12m  -8.204   0.0726      13CO 70.38m  -9.760   0.0020            
 nFnu 9.480m  -7.192   0.7454      Ca B  9229A  -9.875   0.0015      H2O  33.00m  -8.036   0.1068      13CO 68.66m  -9.817   0.0018            
 nInu 9.480m  -3.3235518.1157      Ca B  9015A  -9.963   0.0013      H2O  25.98m  -9.054   0.0102      level 1 lines...............            
 nFnu 9.325m  -7.194   0.7426      Ca B  8863A -10.036   0.0011      H2O  28.58m  -8.128   0.0863      N  1  1200A  -9.201   0.0073            
 nInu 9.325m  -3.3295443.2573      Ca B 4.051m  -9.428   0.0043      H2O  75.79m  -9.780   0.0019      O  1 63.17m  -7.849   0.1644            
 nFnu 8.210m  -7.214   0.7086      Ca B 2.625m  -9.690   0.0024      H2O  63.86m  -9.815   0.0018      O  1 145.5m  -9.443   0.0042            
 nInu 8.210m  -3.3804833.2271      Ca B 2.166m  -9.901   0.0015      H2O  55.97m -10.053   0.0010      Ne 2 12.81m -10.057   0.0010            
 nFnu 7.580m  -7.234   0.6769      Ca B 7.458m  -9.913   0.0014      H2O  25.22m  -9.048   0.0104      Mg 1  2853A  -8.476   0.0387            
 nInu 7.580m  -3.4124490.2866      H  1     0   -9.460   0.0040      H2O  99.95m -10.019   0.0011      Mg 1  2026A  -9.506   0.0036            
 nFnu 7.050m  -7.255   0.6445      H  1  1216A  -5.057 101.7270      H2O  40.17m -10.005   0.0011      TOTL  2798A  -9.416   0.0045            
 nInu 7.050m  -3.4404209.6367      H  1  1026A  -5.539  33.4991      H2O  73.59m  -9.730   0.0022      Mg 2  2796A  -9.592   0.0030            
 nFnu 4.114m  -7.613   0.2826      H  1 972.5A  -5.821  17.5241      H2O  51.45m  -8.576   0.0308      Mg 2  2803A  -9.892   0.0015            
 nInu 4.114m  -3.5443310.6699      H  1 949.7A  -6.013  11.2573      H2O  90.03m  -9.824   0.0017      Si 1 129.6m  -9.920   0.0014            
 nFnu 2.324m  -8.534   0.0339      H  1 937.8A  -6.217   7.0379      H2O  60.15m  -9.324   0.0055      Si 1 68.40m  -8.825   0.0174            
 nInu 2.324m  -3.3195564.5078      H  1 930.8A  -6.631   2.7118      H2O  18.33m  -9.979   0.0012      Si 1  2518A  -9.312   0.0057            
 nFnu 1.643m  -9.304   0.0058      H  1 926.2A  -7.004   1.1495      H2O  18.30m  -9.692   0.0024      Si 1  2215A  -9.915   0.0014            
 nInu 1.643m  -3.0869508.2959      H  1 923.2A  -7.243   0.6625      H2O  80.53m  -9.931   0.0014      P  2 32.87m  -9.735   0.0021            
 nFnu 1.480m  -5.872  15.5560      H  1 921.0A  -7.438   0.4226      H2O  56.76m  -8.642   0.0264      S  1 25.19m  -7.593   0.2963            
 nInu 1.480m  -3.04210525.992      H  1  6563A  -6.707   2.2756      H2O  21.17m  -9.051   0.0103      S  1 56.29m  -9.207   0.0072            
 nFnu 1.436m  -5.822  17.4752      H  1  4861A  -7.064   1.0000      H2O  21.83m  -8.860   0.0160      Cl 1 11.33m  -8.244   0.0661            
 nInu 1.436m  -2.91514093.398      H  1  4340A  -7.303   0.5778      H2O  47.02m  -8.699   0.0232      Ca 1  4228A  -9.809   0.0018            
 nFnu 1.119m  -6.320   5.5453      H  1  4102A  -7.485   0.3795      H2O  56.01m  -9.586   0.0030      Fe 1 24.04m  -9.427   0.0043            
 nInu 1.119m  -2.76619873.199      H  1  3970A  -7.772   0.1962      H2O  47.03m  -8.571   0.0312      Fe2c     0   -6.824   1.7398            
 nFnu  8330A  -7.889   0.1497      H  1  3889A  -8.003   0.1151      H2O  30.52m  -8.137   0.0846      Fe 2  2400A  -8.970   0.0124            
 nInu  8330A  -2.58130418.613      H  1  3835A  -8.161   0.0801      H2O  29.36m  -8.700   0.0232      Fe 2 25.98m  -7.046   1.0437            
 nFnu  8079A  -7.510   0.3583      H  1  3798A  -8.318   0.0558      H2O  31.73m  -8.403   0.0458      Fe 2 5.339m  -8.894   0.0148            
 nInu  8079A  -2.42643513.352      H  1 1.875m  -7.735   0.2136      H2O  30.46m  -8.248   0.0655      Fe 2 4.114m  -9.780   0.0019            
 nFnu  6210A  -9.786   0.0019      H  1 1.282m  -7.997   0.1168      H2O  50.62m  -8.708   0.0227      Fe 2 35.34m  -7.623   0.2765            
 nInu  6210A  -2.24965319.488      H  1 1.094m  -8.144   0.0833      H2O  42.85m  -8.737   0.0212      Fe 2 51.29m  -8.429   0.0432            
 nFnu  4885A -10.045   0.0010      H  1 1.005m  -8.354   0.0514      H2O  34.39m  -8.590   0.0298      Fe 2 5.672m  -9.608   0.0029            
 nInu  4885A  -2.042105318.80      H  1  9546A  -8.546   0.0330      H2O  62.41m  -9.589   0.0030      Fe 2 87.36m  -9.616   0.0028            
 nFnu  3704A  -9.742   0.0021      H  1  9229A  -8.688   0.0238      H2O  80.20m  -9.881   0.0015      Fe 2 17.93m  -7.861   0.1598            
 nInu  3704A  -1.808180295.08      H  1  9015A  -8.838   0.0168      H2O  63.44m  -8.752   0.0205      Fe 2 24.51m  -8.568   0.0314            
 nFnu  3588A  -7.005   1.1454      H  1 4.051m  -8.365   0.0501      OH   119.4m  -9.322   0.0055      Fe 2 35.77m  -9.541   0.0033            
 nInu  3588A  -1.644263168.41      H  1 2.625m  -8.536   0.0338      OH   119.4m  -8.368   0.0497      Fe 2  1786A  -8.387   0.0476            
 nFnu  2430A  -9.302   0.0058      H  1 2.166m  -8.732   0.0215      OH   119.4m  -8.176   0.0773      Ni 1 7.505m  -9.922   0.0014            
 nInu  2430A  -1.399463192.12      H  1 1.945m  -8.920   0.0140      OH   119.2m  -9.320   0.0056      recombination...............            
 nFnu  2392A  -9.244   0.0066      H  1 1.817m  -9.061   0.0101      OH   119.2m  -8.366   0.0500      level2 lines................            
 nInu  2392A  -1.388474581.31      H  1 1.736m  -9.209   0.0072      OH   119.2m  -8.174   0.0777      N  1 942.3A -10.043   0.0011            
 nFnu  2071A  -6.152   8.1727      H  1 7.458m  -8.818   0.0176      OH   79.16m  -9.461   0.0040      O  1 867.3A  -9.256   0.0064            
 nInu  2071A  -1.272620093.75      H  1 4.653m  -9.019   0.0111      OH   79.16m  -9.063   0.0100      O  1 787.5A -10.000   0.0012            
 nFnu  2053A  -6.487   3.7796      H  1 3.740m  -9.210   0.0072      OH   79.16m  -9.762   0.0020      O  1 976.8A  -9.009   0.0114            
 nInu  2053A  -1.271621346.75      H  1 3.296m  -9.351   0.0052      OH   79.10m  -9.465   0.0040      O  1 767.7A -10.032   0.0011            
 nFnu  1793A  -9.016   0.0112      H  1 3.038m  -9.499   0.0037      OH   79.10m  -9.067   0.0099      O  1 969.0A  -9.503   0.0036            
 nInu  1793A  -1.167788838.75      H  1 12.37m  -9.272   0.0062      OH   79.09m  -9.766   0.0020      O  1 946.4A  -9.808   0.0018            
 nFnu  1585A  -8.918   0.0140      H  1 7.500m  -9.454   0.0041      OH   163.4m  -9.562   0.0032      O  1 934.5A -10.004   0.0012            
 nInu  1585A  -1.142836772.19      H  1 5.907m  -9.592   0.0030      OH   163.4m  -9.261   0.0064      Ne 1 688.6A  -9.536   0.0034            
 nFnu  1458A  -8.860   0.0160      H  1 5.127m  -9.739   0.0021      OH   96.34m  -9.706   0.0023      Al 2  1671A  -9.349   0.0052            
 nInu  1458A  -1.0411056466.8      H  1 19.06m  -9.686   0.0024      OH   53.34m  -9.528   0.0034      Si 1  1261A  -9.070   0.0099            
 nFnu  1357A  -8.823   0.0174      H  1 11.31m  -9.805   0.0018      OH   53.34m  -8.829   0.0172      Si 1  1853A  -9.147   0.0083            
 nInu  1357A  -0.9721235895.0      H  1 8.758m  -9.945   0.0013      OH   163.4m  -8.863   0.0159      Si 1  1694A  -9.353   0.0051            
 nFnu  1297A  -8.808   0.0181      H  1 27.80m -10.017   0.0011      OH   96.34m  -9.514   0.0036      Si 1  1626A  -9.607   0.0029            
 nInu  1297A  -0.9651258388.9      He-like iso-sequence........      OH   53.34m  -8.574   0.0309      Si 1  1091A  -9.603   0.0029            
 nFnu  1263A  -8.786   0.0190      Hlin 506.0A  -8.611   0.0284      OH   53.34m  -9.528   0.0034      Si 1  2000A  -9.878   0.0015            
 nInu  1263A  -0.9771223134.4      He 1     0   -8.719   0.0221      OH   163.1m  -9.560   0.0032      Si 1  1591A  -9.843   0.0017            
 nFnu  1218A  -6.908   1.4340      He 1 584.3A  -6.506   3.6204      OH   163.1m  -9.259   0.0064      Si 1  1668A -10.007   0.0011            
 nInu  1218A  -0.9631261610.5      He 1 537.0A  -7.762   0.2005      OH   96.29m  -9.714   0.0022      S  1  1356A  -9.697   0.0023            
 nFnu  1196A  -8.565   0.0316      He 1 522.2A  -7.535   0.3381      OH   53.25m  -9.536   0.0034      S  1  1227A  -9.921   0.0014            
 nInu  1196A  -0.9571279078.2      He 1 515.6A  -7.779   0.1928      OH   53.25m  -8.837   0.0169      S  1  1662A  -9.970   0.0012            
 nFnu  1175A  -8.788   0.0189      He 1 512.1A  -8.017   0.1116      OH   163.1m  -8.861   0.0160      Ar 1  1096A -10.050   0.0010            
 nInu  1175A  -0.9811212158.4      TOTL 1.083m -10.046   0.0010      OH   96.29m  -9.522   0.0035      hyperfine structure.........            
 nFnu  1144A  -8.802   0.0183      He 1 1.083m -10.046   0.0010      OH   53.25m  -8.582   0.0304      inner shell.................            
 nInu  1144A  -0.8801530198.9      He 1  3965A  -9.918   0.0014      OH   53.25m  -9.536   0.0034      molecules...................            
 nFnu  1113A  -8.793   0.0187      He 1  5876A  -9.946   0.0013      OH   84.57m  -7.433   0.4283      H2 l 2.000m  -9.768   0.0020            
 nInu  1113A  -0.9641260407.5      Pho+  3889A  -8.091   0.0940      OH   84.57m  -8.864   0.0159      H2dH     0   -9.169   0.0079            
 nFnu  1103A  -8.785   0.0190      database lines..............      OH   84.57m  -7.563   0.3173      H2vH     0   -6.901   1.4573            
 nInu  1103A  -0.8671574228.5      H2O  108.0m  -9.414   0.0045      OH   84.40m  -7.430   0.4307      H-FB     0   -7.176   0.7740            
 nFnu  1074A  -8.768   0.0198      H2O  75.36m  -9.056   0.0102      OH   84.40m  -8.862   0.0160      H-FF     0   -6.845   1.6586            
 nInu  1074A  -0.8821520964.8      H2O  113.5m  -9.266   0.0063      OH   84.40m  -7.561   0.3190      H-CT  6563A  -9.456   0.0041            
 nFnu  1064A  -8.761   0.0201      H2O  66.42m  -8.477   0.0387      OH   98.71m  -8.985   0.0120      H2+      0   -8.752   0.0206            
 nInu  1064A  -0.8561614044.0      H2O  136.5m -10.063   0.0010      OH   98.71m  -8.031   0.1080      COdh     0   -9.903   0.0014            
 nFnu  1036A  -8.743   0.0210      H2O  78.72m  -8.867   0.0157      OH   48.80m  -9.647   0.0026            
 nInu  1036A  -0.8981468397.6      H2O  132.4m  -9.870   0.0016      OH   48.80m  -8.501   0.0366            

                                                    Emergent line intensities
 general properties..........      nInu 511.9A  -1.410451353.31      H2O  47.41m -10.021   0.0011      OH   48.80m  -8.346   0.0522            
 TOTL  4861A  -7.064   1.0000      nInu 496.9A  -1.596293802.47      H2O  98.47m  -9.478   0.0039      OH   48.80m  -9.647   0.0026            
 TOTL  1216A  -5.057 101.7269      nInu 399.2A  -1.882152278.55      H2O  75.89m  -9.408   0.0045      OH   34.62m  -8.685   0.0239            
 continua....................      RRC.........................      H2O  82.01m  -8.645   0.0263      OH   98.70m  -8.985   0.0120            
 Bac   3646A  -6.724   2.1899      grains......................      H2O  65.15m  -8.528   0.0344      OH   98.70m  -8.031   0.1080            
 nFnu  3645A  -6.724   2.1922      H-like iso-sequence.........      H2O  30.89m  -8.714   0.0224      OH   48.69m  -9.657   0.0026            
 nFnu  3647A  -9.717   0.0022      Hlin 912.0A  -9.982   0.0012      H2O  49.38m  -8.233   0.0678      OH   48.69m  -8.511   0.0358            
 cout  3646A  -7.025   1.0950      Ca B  1216A  -7.102   0.9180      H2O  27.98m  -8.884   0.0152      OH   34.59m  -9.843   0.0017            
 cref  3646A  -7.025   1.0950      Q(H)  4861A  -3.1488257.1348      H2O  40.33m  -7.870   0.1564      OH   34.59m  -8.889   0.0150            
 thin  3646A  -6.724   2.1899      Q(H)  1216A  -1.787189509.47      H2O  22.61m  -9.543   0.0033      OH   115.4m -10.010   0.0011            
 Inci  4860A  -2.043104994.94      CaBo  4861A  -8.586   0.0301      H2O  35.93m  -7.666   0.2504      OH   98.70m  -7.839   0.1680            
 Inci  1215A  -0.9621266596.0      Ca A  1216A  -7.098   0.9255      H2O  33.00m  -7.563   0.3173      OH   48.69m  -8.356   0.0511            
 FIR  83.00m  -2.43942195.762      Ca A  1026A  -7.859   0.1603      H2O  94.62m  -9.422   0.0044      OH   48.69m  -9.657   0.0026            
 TIR   1800m  -4.742 210.2125      Ca A 972.5A  -8.281   0.0607      H2O  104.1m  -9.445   0.0042      OH   34.59m  -8.697   0.0233            
 NIRa 2.850m  -2.40545653.387      Ca A 949.7A  -8.559   0.0320      H2O  92.79m  -9.357   0.0051      SiO  383.8m -10.012   0.0011            
 NIRb 3.000m  -2.92013952.696      Ca A 937.8A  -8.743   0.0210      H2O  75.81m  -9.274   0.0062      SiO  363.6m  -9.914   0.0014            
 MIRa 15.00m  -3.01411235.483      Ca A 930.8A  -8.851   0.0164      H2O  63.90m  -9.397   0.0046      SiO  345.5m  -9.823   0.0017            
 MIRb 22.50m  -2.79118762.703      Ca A 926.2A  -8.901   0.0146      H2O  71.93m  -8.441   0.0420      SiO  329.1m  -9.739   0.0021            
 NMIR 21.75m  -2.40545653.387      Ca A 923.2A  -8.924   0.0138      H2O  66.07m  -8.583   0.0303      SiO  314.1m  -9.660   0.0025            
 TFIR 611.2m  -2.95112979.193      Ca A 921.0A  -8.939   0.0134      H2O  29.83m  -8.597   0.0293      SiO  300.5m  -9.588   0.0030            
 TALL 10000A  -0.8481645022.6      Ca A 919.4A  -8.954   0.0129      H2O  74.92m  -9.271   0.0062      SiO  288.0m  -9.520   0.0035            
 F12  12.00m  -3.4943716.9124      Ca A 918.1A  -8.971   0.0124      H2O  34.54m  -8.169   0.0785      SiO  276.6m  -9.457   0.0040            
 F25  25.00m  -3.3025789.5996      Ca A 917.2A  -8.992   0.0118      H2O  20.66m  -9.435   0.0043      SiO  266.0m  -9.399   0.0046            
 F60  60.00m  -2.83916814.668      Ca A 916.4A  -9.012   0.0113      H2O  35.42m  -7.853   0.1628      SiO  256.1m  -9.344   0.0052            
 F100 100.0m  -3.02610929.835      Ca A 915.8A  -9.031   0.0108      H2O  19.72m  -9.372   0.0049      SiO  247.0m  -9.294   0.0059            
 MIPS 24.00m  -3.6162808.0061      Ca A 915.3A  -9.045   0.0105      H2O  32.98m  -7.724   0.2190      SiO  238.6m  -9.248   0.0066            
 MIPS 70.00m  -3.1967387.0820      Ca A 914.9A  -9.054   0.0102      H2O  17.63m  -9.776   0.0019      SiO  230.6m  -9.205   0.0072            
 MIPS 160.0m  -3.4214399.1108      Ca A 914.6A  -9.058   0.0101      H2O  30.52m  -7.663   0.2517      SiO  223.2m  -9.166   0.0079            
 IRAC 3.600m  -4.157 808.6094      Ca A 914.3A  -9.062   0.0101      H2O  84.74m  -9.335   0.0054      SiO  216.3m  -9.130   0.0086            
 IRAC 4.500m  -4.221 697.4732      Ca A 914.0A  -9.067   0.0099      H2O  127.8m  -9.781   0.0019      SiO  209.8m  -9.097   0.0093            
 IRAC 5.800m  -4.135 849.7236      Ca A 913.8A  -9.077   0.0097      H2O  39.03m  -9.869   0.0016      SiO  203.6m  -9.067   0.0099            
 IRAC 8.000m  -3.8451656.8900      Ca A 913.6A  -9.091   0.0094      H2O  44.04m  -9.529   0.0034      SiO  197.9m  -9.040   0.0106            
 SPR1 250.0m  -3.8431664.7854      Ca A 913.5A  -9.109   0.0090      H2O  112.5m  -9.673   0.0025      SiO  192.4m  -9.016   0.0112            
 SPR2 350.0m  -4.279 610.0000      Ca A 913.3A  -9.130   0.0086      H2O  36.04m  -9.921   0.0014      SiO  187.2m  -8.994   0.0118            
 SPR3 500.0m  -4.667 249.7010      Ca A  6563A  -8.169   0.0786      H2O  77.74m  -9.347   0.0052      SiO  182.4m  -8.975   0.0123            
 PAC1 70.00m  -3.1348525.3955      Ca A  4861A  -8.656   0.0256      H2O  63.94m  -9.343   0.0053      SiO  177.7m  -8.959   0.0127            
 PAC2 100.0m  -3.02111055.747      Ca A  4340A  -8.993   0.0118      H2O  63.31m  -8.273   0.0618      SiO  173.3m  -8.946   0.0131            
 PAC3 160.0m  -3.1647950.1738      Ca A  4102A  -9.235   0.0068      H2O  55.12m  -8.297   0.0586      CO   371.5m  -9.825   0.0017            
 PAH  3.300m  -4.990 118.5501      Ca A  3970A  -9.406   0.0046      H2O  23.81m  -8.552   0.0326      CO   325.1m  -9.558   0.0032            
 PAHC 3.230m  -5.240  66.7208      Ca A  3889A  -9.527   0.0034      H2O  44.69m  -8.231   0.0681      CO   289.0m  -9.328   0.0054            
 PAHC 3.370m  -5.320  55.5013      Ca A  3835A  -9.614   0.0028      H2O  23.89m  -8.444   0.0417      CO   260.2m  -9.129   0.0086            
 PAH  6.200m  -4.585 301.5522      Ca A  3798A  -9.679   0.0024      H2O  35.66m  -8.015   0.1121      CO   236.5m  -8.953   0.0129            
 PAHC 5.650m  -4.582 303.6002      Ca A  3771A  -9.732   0.0021      H2O  21.15m  -8.873   0.0155      CO   216.9m  -8.799   0.0184            
 PAH  7.900m  -4.292 591.6519      Ca A  3750A  -9.778   0.0019      H2O  30.86m  -7.790   0.1880      CO   200.2m  -8.663   0.0252            
 PAHC 6.900m  -4.288 597.8962      Ca A  3734A  -9.817   0.0018      H2O  70.68m  -9.167   0.0079      CO   185.9m  -8.543   0.0332            
 PAH  11.30m  -4.704 229.3266      Ca A  3722A  -9.851   0.0016      H2O  82.95m  -9.281   0.0061      CO   173.6m  -8.437   0.0424            
 PAHC 10.90m  -4.703 230.0134      Ca A  3712A  -9.877   0.0015      H2O  85.75m  -9.387   0.0048      CO   162.8m  -8.343   0.0526            
 PAH  11.80m  -4.463 399.1716      Ca A  3704A  -9.897   0.0015      H2O  27.05m  -9.968   0.0012      CO   153.2m  -8.261   0.0636            
 PAHC 12.65m  -4.466 397.0612      Ca A  3697A  -9.909   0.0014      H2O  75.47m  -9.354   0.0051      CO   144.7m  -8.189   0.0750            
 PAH  13.30m  -4.410 451.7034      Ca A  3692A  -9.916   0.0014      H2O  56.80m  -8.168   0.0787      CO   137.2m  -8.127   0.0866            
 PAHC 14.10m  -4.412 449.2927      Ca A  3687A  -9.921   0.0014      H2O  51.67m  -8.268   0.0625      CO   130.3m  -8.074   0.0978            
 Bcon  3640A  -1.0061145021.8      Ca A  3683A  -9.927   0.0014      H2O  21.84m  -8.591   0.0298      CO   124.2m  -8.029   0.1085            
 Pcon  5000A  -2.17777220.477      Ca A  3679A  -9.937   0.0013      H2O  51.06m  -8.598   0.0293      CO   118.5m  -7.992   0.1181            
 nInu 3.554c  -9.817   0.0018      Ca A  3676A  -9.952   0.0013      H2O  62.91m  -9.125   0.0087      CO   113.4m  -7.962   0.1265            
 nInu 3.432c  -9.771   0.0020      Ca A  3674A  -9.970   0.0012      H2O  81.38m  -9.396   0.0047      CO   108.7m  -7.940   0.1332            
 nInu 3.400c  -9.758   0.0020      Ca A  3671A  -9.992   0.0012      H2O  51.43m  -8.101   0.0919      CO   104.4m  -7.924   0.1382            
 nInu 2.003c  -9.074   0.0098      Ca A 1.875m  -8.914   0.0141      H2O  129.3m -10.058   0.0010      CO   100.4m  -7.914   0.1412            
 nInu 1.335c  -8.540   0.0334      Ca A 1.282m  -9.265   0.0063      H2O  16.23m  -9.667   0.0025      CO   96.75m  -7.911   0.1423            
 nInu  9993m  -8.162   0.0798      Ca A 1.094m  -9.533   0.0034      H2O  123.4m  -9.961   0.0013      CO   93.32m  -7.914   0.1415            
 nInu  6917m  -7.687   0.2385      Ca A 1.005m  -9.738   0.0021      H2O  55.82m  -9.107   0.0091      CO   90.14m  -7.922   0.1388            
 nFnu 122.4m  -8.117   0.0886      Ca A  9546A  -9.896   0.0015      H2O  47.03m  -8.096   0.0930      CO   87.17m  -7.936   0.1345            
 nInu 122.4m  -2.61028472.381      Ca A  9229A -10.018   0.0011      H2O  28.58m  -7.651   0.2592      CO   84.39m  -7.955   0.1287            
 nFnu 60.83m  -7.745   0.2086      Ca A 4.051m  -9.495   0.0037      H2O  25.16m  -8.313   0.0565      CO   81.78m  -7.979   0.1217            
 nInu 60.83m  -2.65725529.281      Ca A 2.625m  -9.762   0.0020      H2O  28.23m  -8.024   0.1097      CO   79.34m  -8.008   0.1138            
 nFnu 41.22m  -7.556   0.3222      Ca A 2.166m  -9.984   0.0012      H2O  35.56m  -9.613   0.0028      CO   77.04m  -8.043   0.1051            
 nInu 41.22m  -2.77019711.199      Ca A 7.458m  -9.978   0.0012      H2O  46.60m  -8.209   0.0717      CO   74.87m  -8.082   0.0961            
 nFnu 30.87m  -7.431   0.4299      Ca B  6563A  -7.977   0.1222      H2O  101.0m  -9.854   0.0016      CO   72.82m  -8.126   0.0868            
 nInu 30.87m  -2.87215571.131      Ca B  4861A  -8.464   0.0399      H2O  89.96m  -9.578   0.0031      CO   70.89m  -8.174   0.0777            
 nFnu 24.78m  -7.348   0.5206      Ca B  4340A  -8.797   0.0185      H2O  67.07m  -8.964   0.0126      CO   69.06m  -8.227   0.0688            
 nInu 24.78m  -2.95112974.740      Ca B  4102A  -9.033   0.0107      H2O  125.3m  -9.937   0.0013      CO   67.32m  -8.284   0.0603            
 nFnu 24.30m  -7.341   0.5290      Ca B  3970A  -9.202   0.0073      H2O  57.62m  -9.326   0.0055      CO   65.67m  -8.346   0.0523            
 nInu 24.30m  -2.95812761.364      Ca B  3889A  -9.323   0.0055      H2O  56.31m  -8.781   0.0192      CO   64.10m  -8.412   0.0449            
 nFnu 22.83m  -7.321   0.5541      Ca B  3835A  -9.412   0.0045      H2O  49.27m  -8.431   0.0430      CO   62.61m  -8.483   0.0382            
 nInu 22.83m  -2.98012142.058      Ca B  3798A  -9.485   0.0038      H2O  95.60m  -9.396   0.0047      CO   61.18m  -8.557   0.0322            
 nFnu 21.42m  -7.300   0.5811      Ca B  3771A  -9.547   0.0033      H2O  71.05m  -9.158   0.0081      CO   59.83m  -8.636   0.0268            
 nInu 21.42m  -3.00311505.024      Ca B  3750A  -9.601   0.0029      H2O  35.46m  -9.422   0.0044      CO   58.53m  -8.719   0.0222            
 nFnu 21.12m  -7.296   0.5873      Ca B  3734A  -9.650   0.0026      H2O  53.12m  -8.743   0.0209      CO   57.29m  -8.806   0.0181            
 nInu 21.12m  -3.00911362.813      Ca B  3722A  -9.694   0.0023      H2O  29.88m  -9.831   0.0017      CO   56.11m  -8.896   0.0147            
 nFnu 19.62m  -7.275   0.6155      Ca B  3712A  -9.730   0.0022      H2O  44.18m  -8.361   0.0505      CO   54.97m  -8.991   0.0118            
 nInu 19.62m  -3.03510707.451      Ca B  3704A  -9.760   0.0020      H2O  39.37m  -8.141   0.0838      CO   53.88m  -9.090   0.0094            
 nFnu 17.65m  -7.247   0.6572      Ca B  3697A  -9.783   0.0019      H2O  113.9m -10.038   0.0011      CO   52.84m  -9.193   0.0074            
 nInu 17.65m  -3.0789689.4658      Ca B  3692A  -9.802   0.0018      H2O  94.18m  -9.884   0.0015      CO   51.84m  -9.299   0.0058            
 nFnu 17.37m  -7.243   0.6625      Ca B  3687A  -9.819   0.0018      H2O  75.76m  -9.880   0.0015      CO   50.87m  -9.410   0.0045            
 nInu 17.37m  -3.0849558.3535      Ca B  3683A  -9.838   0.0017      H2O  83.26m  -9.148   0.0083      CO   49.95m  -9.524   0.0035            
 nFnu 15.69m  -7.222   0.6956      Ca B  3679A  -9.860   0.0016      H2O  78.91m  -9.396   0.0047      CO   49.06m  -9.643   0.0026            
 nInu 15.69m  -3.1238728.4688      Ca B  3676A  -9.885   0.0015      H2O  36.20m  -9.129   0.0086      CO   48.20m  -9.765   0.0020            
 nFnu 14.60m  -7.210   0.7156      Ca B  3674A  -9.913   0.0014      H2O  40.75m  -8.629   0.0273      CO   47.37m  -9.890   0.0015            
 nInu 14.60m  -3.1518190.8369      Ca B  3671A  -9.943   0.0013      H2O  23.19m -10.003   0.0012      CO   46.57m -10.020   0.0011            
 nFnu 12.43m  -7.190   0.7488      Ca B 1.875m  -8.833   0.0170      H2O  39.39m  -8.317   0.0560      13CO 181.6m  -9.994   0.0012            
 nInu 12.43m  -3.2167050.9678      Ca B 1.282m  -9.175   0.0077      H2O  35.89m  -8.140   0.0841      13CO 170.2m  -9.898   0.0015            
 nFnu 11.40m  -7.186   0.7563      Ca B 1.094m  -9.433   0.0043      H2O  103.9m -10.038   0.0011      13CO 160.3m  -9.814   0.0018            
 nInu 11.40m  -3.2506527.1016      Ca B 1.005m  -9.624   0.0028      H2O  103.9m -10.001   0.0012      13CO 151.4m  -9.740   0.0021            
 nFnu 10.46m  -7.186   0.7566      Ca B  9546A  -9.766   0.0020      H2O  76.40m  -9.762   0.0020      13CO 143.5m  -9.675   0.0024            
 nInu 10.46m  -3.2836042.2090      Ca B  9229A  -9.875   0.0015      H2O  71.52m  -8.907   0.0144      13CO 136.3m  -9.620   0.0028            
 nFnu 9.480m  -7.192   0.7454      Ca B  9015A  -9.963   0.0013      H2O  59.97m  -8.873   0.0155      13CO 129.9m  -9.572   0.0031            
 nInu 9.480m  -3.3235518.1157      Ca B  8863A -10.036   0.0011      H2O  27.02m  -9.058   0.0102      13CO 124.0m  -9.533   0.0034            
 nFnu 9.325m  -7.194   0.7426      Ca B 4.051m  -9.428   0.0043      H2O  81.19m  -9.745   0.0021      13CO 118.6m  -9.500   0.0037            
 nInu 9.325m  -3.3295443.2573      Ca B 2.625m  -9.690   0.0024      H2O  57.69m  -8.855   0.0162      13CO 113.7m  -9.475   0.0039            
 nFnu 8.210m  -7.214   0.7086      Ca B 2.166m  -9.901   0.0015      H2O  72.01m  -9.670   0.0025      13CO 109.2m  -9.456   0.0041            
 nInu 8.210m  -3.3804833.2271      Ca B 7.458m  -9.913   0.0014      H2O  37.56m  -8.383   0.0481      13CO 105.0m  -9.443   0.0042            
 nFnu 7.580m  -7.234   0.6769      H  1  1216A  -5.057 101.7269      H2O  21.88m  -9.654   0.0026      13CO 101.2m  -9.436   0.0042            
 nInu 7.580m  -3.4124490.2866      H  1  1026A  -5.539  33.4989      H2O  33.12m  -8.204   0.0726      13CO 97.60m  -9.435   0.0043            
 nFnu 7.050m  -7.255   0.6445      H  1 972.5A  -5.821  17.5240      H2O  33.00m  -8.036   0.1068      13CO 94.26m  -9.440   0.0042            
 nInu 7.050m  -3.4404209.6367      H  1 949.7A  -6.013  11.2573      H2O  25.98m  -9.054   0.0102      13CO 91.15m  -9.450   0.0041            
 nFnu 4.114m  -7.613   0.2826      H  1 937.8A  -6.217   7.0379      H2O  28.58m  -8.128   0.0863      13CO 88.25m  -9.465   0.0040            
 nInu 4.114m  -3.5443310.6699      H  1 930.8A  -6.631   2.7118      H2O  75.79m  -9.780   0.0019      13CO 85.52m  -9.486   0.0038            
 nFnu 2.324m  -8.534   0.0339      H  1 926.2A  -7.004   1.1495      H2O  63.86m  -9.815   0.0018      13CO 82.96m  -9.511   0.0036            
 nInu 2.324m  -3.3195564.5078      H  1 923.2A  -7.243   0.6625      H2O  55.97m -10.053   0.0010      13CO 80.56m  -9.541   0.0033            
 nFnu 1.643m  -9.304   0.0058      H  1 921.0A  -7.438   0.4226      H2O  25.22m  -9.048   0.0104      13CO 78.29m  -9.576   0.0031            
 nInu 1.643m  -3.0869508.2959      H  1  6563A  -6.707   2.2756      H2O  99.95m -10.019   0.0011      13CO 76.15m  -9.615   0.0028            
 nFnu 1.480m  -5.872  15.5560      H  1  4861A  -7.064   1.0000      H2O  40.17m -10.005   0.0011      13CO 74.12m  -9.659   0.0025            
 nInu 1.480m  -3.04210525.992      H  1  4340A  -7.303   0.5778      H2O  73.59m  -9.730   0.0022      13CO 72.20m  -9.707   0.0023            
 nFnu 1.436m  -5.822  17.4752      H  1  4102A  -7.485   0.3795      H2O  51.45m  -8.576   0.0308      13CO 70.38m  -9.760   0.0020            
 nInu 1.436m  -2.91514093.398      H  1  3970A  -7.772   0.1962      H2O  90.03m  -9.824   0.0017      13CO 68.66m  -9.817   0.0018            
 nFnu 1.119m  -6.320   5.5453      H  1  3889A  -8.003   0.1151      H2O  60.15m  -9.324   0.0055      level 1 lines...............            
 nInu 1.119m  -2.76619873.199      H  1  3835A  -8.161   0.0801      H2O  18.33m  -9.979   0.0012      N  1  1200A  -9.201   0.0073            
 nFnu  8330A  -7.889   0.1497      H  1  3798A  -8.318   0.0558      H2O  18.30m  -9.692   0.0024      O  1 63.17m  -7.849   0.1644            
 nInu  8330A  -2.58130418.613      H  1 1.875m  -7.735   0.2136      H2O  80.53m  -9.931   0.0014      O  1 145.5m  -9.443   0.0042            
 nFnu  8079A  -7.510   0.3583      H  1 1.282m  -7.997   0.1168      H2O  56.76m  -8.642   0.0264      Ne 2 12.81m -10.057   0.0010            
 nInu  8079A  -2.42643513.352      H  1 1.094m  -8.144   0.0833      H2O  21.17m  -9.051   0.0103      Mg 1  2853A  -8.476   0.0387            
 nFnu  6210A  -9.786   0.0019      H  1 1.005m  -8.354   0.0514      H2O  21.83m  -8.860   0.0160      Mg 1  2026A  -9.506   0.0036            
 nInu  6210A  -2.24965319.488      H  1  9546A  -8.546   0.0330      H2O  47.02m  -8.699   0.0232      TOTL  2798A  -9.416   0.0045            
 nFnu  4885A -10.045   0.0010      H  1  9229A  -8.688   0.0238      H2O  56.01m  -9.586   0.0030      Mg 2  2796A  -9.592   0.0030            
 nInu  4885A  -2.042105318.80      H  1  9015A  -8.838   0.0168      H2O  47.03m  -8.571   0.0312      Mg 2  2803A  -9.892   0.0015            
 nFnu  3704A  -9.742   0.0021      H  1 4.051m  -8.365   0.0501      H2O  30.52m  -8.137   0.0846      Si 1 129.6m  -9.920   0.0014            
 nInu  3704A  -1.808180295.08      H  1 2.625m  -8.536   0.0338      H2O  29.36m  -8.700   0.0232      Si 1 68.40m  -8.825   0.0174            
 nFnu  3588A  -7.005   1.1454      H  1 2.166m  -8.732   0.0215      H2O  31.73m  -8.403   0.0458      Si 1  2518A  -9.312   0.0057            
 nInu  3588A  -1.644263168.41      H  1 1.945m  -8.920   0.0140      H2O  30.46m  -8.248   0.0655      Si 1  2215A  -9.915   0.0014            
 nFnu  2430A  -9.302   0.0058      H  1 1.817m  -9.061   0.0101      H2O  50.62m  -8.708   0.0227      P  2 32.87m  -9.735   0.0021            
 nInu  2430A  -1.399463192.12      H  1 1.736m  -9.209   0.0072      H2O  42.85m  -8.737   0.0212      S  1 25.19m  -7.593   0.2963            
 nFnu  2392A  -9.244   0.0066      H  1 7.458m  -8.818   0.0176      H2O  34.39m  -8.590   0.0298      S  1 56.29m  -9.207   0.0072            
 nInu  2392A  -1.388474581.31      H  1 4.653m  -9.019   0.0111      H2O  62.41m  -9.589   0.0030      Cl 1 11.33m  -8.244   0.0661            
 nFnu  2071A  -6.152   8.1727      H  1 3.740m  -9.210   0.0072      H2O  80.20m  -9.881   0.0015      Ca 1  4228A  -9.809   0.0018            
 nInu  2071A  -1.272620093.75      H  1 3.296m  -9.351   0.0052      H2O  63.44m  -8.752   0.0205      Fe 1 24.04m  -9.427   0.0043            
 nFnu  2053A  -6.487   3.7796      H  1 3.038m  -9.499   0.0037      OH   119.4m  -9.322   0.0055      Fe 2  2400A  -8.970   0.0124            
 nInu  2053A  -1.271621346.75      H  1 12.37m  -9.272   0.0062      OH   119.4m  -8.368   0.0497      Fe 2 25.98m  -7.046   1.0437            
 nFnu  1793A  -9.016   0.0112      H  1 7.500m  -9.454   0.0041      OH   119.4m  -8.176   0.0773      Fe 2 5.339m  -8.894   0.0148            
 nInu  1793A  -1.167788838.75      H  1 5.907m  -9.592   0.0030      OH   119.2m  -9.320   0.0056      Fe 2 4.114m  -9.780   0.0019            
 nFnu  1585A  -8.918   0.0140      H  1 5.127m  -9.739   0.0021      OH   119.2m  -8.366   0.0500      Fe 2 35.34m  -7.623   0.2765            
 nInu  1585A  -1.142836772.19      H  1 19.06m  -9.686   0.0024      OH   119.2m  -8.174   0.0777      Fe 2 51.29m  -8.429   0.0432            
 nFnu  1458A  -8.860   0.0160      H  1 11.31m  -9.805   0.0018      OH   79.16m  -9.461   0.0040      Fe 2 5.672m  -9.608   0.0029            
 nInu  1458A  -1.0411056466.8      H  1 8.758m  -9.945   0.0013      OH   79.16m  -9.063   0.0100      Fe 2 87.36m  -9.616   0.0028            
 nFnu  1357A  -8.823   0.0174      H  1 27.80m -10.017   0.0011      OH   79.16m  -9.762   0.0020      Fe 2 17.93m  -7.861   0.1598            
 nInu  1357A  -0.9721235895.0      He-like iso-sequence........      OH   79.10m  -9.465   0.0040      Fe 2 24.51m  -8.568   0.0314            
 nFnu  1297A  -8.808   0.0181      Hlin 506.0A  -8.611   0.0284      OH   79.10m  -9.067   0.0099      Fe 2 35.77m  -9.541   0.0033            
 nInu  1297A  -0.9651258388.9      He 1 584.3A  -6.506   3.6169      OH   79.09m  -9.766   0.0020      Fe 2  1786A  -8.387   0.0476            
 nFnu  1263A  -8.786   0.0190      He 1 537.0A  -7.763   0.2004      OH   163.4m  -9.562   0.0032      Ni 1 7.505m  -9.922   0.0014            
 nInu  1263A  -0.9771223134.4      He 1 522.2A  -7.536   0.3379      OH   163.4m  -9.261   0.0064      recombination...............            
 nFnu  1218A  -6.908   1.4340      He 1 515.6A  -7.780   0.1927      OH   96.34m  -9.706   0.0023      level2 lines................            
 nInu  1218A  -0.9631261610.5      He 1 512.1A  -8.017   0.1116      OH   53.34m  -9.528   0.0034      N  1 942.3A -10.043   0.0011            
 nFnu  1196A  -8.565   0.0316      TOTL 1.083m -10.046   0.0010      OH   53.34m  -8.829   0.0172      O  1 867.3A  -9.256   0.0064            
 nInu  1196A  -0.9571279078.2      He 1 1.083m -10.046   0.0010      OH   163.4m  -8.863   0.0159      O  1 787.5A -10.001   0.0012            
 nFnu  1175A  -8.788   0.0189      He 1  3965A  -9.918   0.0014      OH   96.34m  -9.514   0.0036      O  1 976.8A  -9.009   0.0114            
 nInu  1175A  -0.9811212158.4      He 1  5876A  -9.946   0.0013      OH   53.34m  -8.574   0.0309      O  1 767.7A -10.033   0.0011            
 nFnu  1144A  -8.802   0.0183      Pho+  3889A  -8.091   0.0940      OH   53.34m  -9.528   0.0034      O  1 969.0A  -9.503   0.0036            
 nInu  1144A  -0.8801530198.9      database lines..............      OH   163.1m  -9.560   0.0032      O  1 946.4A  -9.808   0.0018            
 nFnu  1113A  -8.793   0.0187      H2O  108.0m  -9.414   0.0045      OH   163.1m  -9.259   0.0064      O  1 934.5A -10.004   0.0012            
 nInu  1113A  -0.9641260407.5      H2O  75.36m  -9.056   0.0102      OH   96.29m  -9.714   0.0022      Ne 1 688.6A  -9.536   0.0034            
 nFnu  1103A  -8.785   0.0190      H2O  113.5m  -9.266   0.0063      OH   53.25m  -9.536   0.0034      Al 2  1671A  -9.349   0.0052            
 nInu  1103A  -0.8671574228.5      H2O  66.42m  -8.477   0.0387      OH   53.25m  -8.837   0.0169      Si 1  1261A  -9.070   0.0099            
 nFnu  1074A  -8.768   0.0198      H2O  136.5m -10.063   0.0010      OH   163.1m  -8.861   0.0160      Si 1  1853A  -9.147   0.0083            
 nInu  1074A  -0.8821520964.8      H2O  78.72m  -8.867   0.0157      OH   96.29m  -9.522   0.0035      Si 1  1694A  -9.353   0.0051            
 nFnu  1064A  -8.761   0.0201      H2O  132.4m  -9.870   0.0016      OH   53.25m  -8.582   0.0304      Si 1  1626A  -9.607   0.0029            
 nInu  1064A  -0.8561614044.0      H2O  40.68m  -9.365   0.0050      OH   53.25m  -9.536   0.0034      Si 1  1091A  -9.603   0.0029            
 nFnu  1036A  -8.743   0.0210      H2O  58.68m  -8.346   0.0523      OH   84.57m  -7.433   0.4283      Si 1  2000A  -9.878   0.0015            
 nInu  1036A  -0.8981468397.6      H2O  49.32m  -7.957   0.1281      OH   84.57m  -8.864   0.0159      Si 1  1591A  -9.843   0.0017            
 nFnu  1000A  -8.717   0.0223      H2O  121.7m  -9.711   0.0023      OH   84.57m  -7.563   0.3173      Si 1  1668A -10.007   0.0011            
 nInu  1000A  -0.9391334836.1      H2O  94.68m  -9.586   0.0030      OH   84.40m  -7.430   0.4307      S  1  1356A  -9.697   0.0023            
 nFnu 925.1A  -8.663   0.0252      H2O  99.47m  -8.995   0.0117      OH   84.40m  -8.862   0.0160      S  1  1227A  -9.921   0.0014            
 nInu 925.1A  -0.9201393285.5      H2O  100.9m  -9.452   0.0041      OH   84.40m  -7.561   0.3190      S  1  1662A  -9.970   0.0012            
 nFnu 897.8A  -6.493   3.7265      H2O  45.10m  -8.724   0.0219      OH   98.71m  -8.985   0.0120      Ar 1  1096A -10.050   0.0010            
 nInu 897.8A  -1.235675466.56      H2O  47.96m  -8.195   0.0740      OH   98.71m  -8.031   0.1080      hyperfine structure.........            
 nFnu 760.0A  -8.597   0.0294      H2O  25.93m  -9.797   0.0019      OH   48.80m  -9.647   0.0026      inner shell.................            
 nInu 760.0A  -1.355511961.97      H2O  43.88m  -7.877   0.1541      OH   48.80m  -8.501   0.0366      molecules...................            
 nFnu 701.5A  -8.642   0.0264      H2O  39.36m  -7.666   0.2502      OH   34.62m  -9.831   0.0017      H2 l 2.000m  -9.768   0.0020            
 nInu 701.5A  -1.463399162.16      H2O  134.9m  -9.894   0.0015      OH   34.62m  -8.877   0.0154      H-CT  6563A  -9.456   0.0041            
 nInu 608.2A  -1.368496692.75      H2O  54.49m  -9.882   0.0015      OH   115.1m  -9.996   0.0012            
 nInu 575.1A  -1.365500495.12      H2O  160.5m -10.020   0.0011      OH   98.71m  -7.839   0.1680            



                                                                           
 Cooling:  HFFc     0 :0.102 Fe2c     0 :0.106  
 Heating:  BFH1     0 :0.882 H2vH     0 :0.089  

 These are some of the most important databases used by Cloudy:
 Many recombination coefficients were taken from http://amdpp.phys.strath.ac.uk/tamoc/RR/ and http://amdpp.phys.strath.ac.uk/tamoc/DR/
      and are based on the following papers:
        Badnell N. R., et al., A&A 406, 1151 (2003) [http://adsabs.harvard.edu/abs/2003A%26A...406.1151B]
        Badnell N. R., ApJS 167, 334 (2006) [http://adsabs.harvard.edu/abs/2006ApJS..167..334B]
 Much of the molecular emission data is from LAMDA as accessed on Dec. 18, 2010. This database is described in:
        Schoeier F.L., et al., A&A 432, 369 (2005) [http://adsabs.harvard.edu/abs/2005A%26A...432..369S]
      This database is in part based on the work of the following groups:
        JPL: Pickett H. M. et al., JQSRT, 60, 883 (1998). [http://adsabs.harvard.edu/abs/1998JQSRT..60..883P]
        CDMS: Mueller H. S. et al., A&A 370, L49 (2001). [http://adsabs.harvard.edu/abs/2001A%26A...370L..49M]
              Mueller H. S. et al., J. Mol. Struct. 742, 215 (2005). [http://adsabs.harvard.edu/abs/2005JMoSt.742..215M]
 Much of the ionic emission data is from version 7.0 of CHIANTI. CHIANTI is a collaborative project involving the NRL (USA), the
      Universities of Florence (Italy) and Cambridge (UK), and George Mason University (USA). These papers describe Chianti:
        Dere K. P., et al., A&AS, 125, 149 (1997) [http://adsabs.harvard.edu/abs/1997A%26AS..125..149D]
        Landi E., et al., ApJ, 744, 99 (2012) [http://adsabs.harvard.edu/abs/2012ApJ...744...99L]
 Much of the H_2 data is from this web site: http://molat.obspm.fr/index.php?page=pages/Molecules/H2/H2can94.php. These data are
      described in:
        Abgrall H. et al., Can. J. Phys., 72, 856 (1994) [http://adsabs.harvard.edu/abs/1994CaJPh..72..856A]
        Wrathmall S. A. & Flower D. R., J. Phys. B, 40, 3221 (2007) [http://adsabs.harvard.edu/abs/2007JPhB...40.3221W]
 Please cite those papers that played a significant role in this calculation.

 IONIZE PARMET:  U(1-)-12.4768  U(4-):-18.2499  U(sp):-12.48  Q(ion):    9.000  L(ion) -1.529    Q(low): 11.367    L(low) -0.950
 ENERGY BUDGET:  Heat:  -5.850  Coolg:  -5.850  Error:  0.0%  Rec Lin:  -6.724  F-F  H  0.000    P(rad/tot)max     0.00E+00

     Col(Heff):      0.000E+00  snd travl time  3.25E-03 sec  Te-low: 8.86E+02  Te-hi: 8.86E+02  G0TH85: 4.96E+01  G0DB96:6.42E+01
  Emiss Measure    n(e)n(p) dl       2.987E+15  n(e)n(He+)dl         3.086E+11  En(e)n(He++) dl         6.982E-01  ne nC+:2.63E+12
 He/Ha:9.71E-04  =   0.01*true  Lthin:1.47E+03  itr/zn:288.00  H2 itr/zn:  0.00  File Opacity: F  MassTot 1.78e-10  (gm/cm^2)
   Temps(21 cm)   T(21cm/Ly a)  8.39E+02        T(<nH/Tkin>)  8.86E+02          T(<nH/Tspin>)    8.88E+02          TB21cm:0.00E+00
                   N(H0/Tspin)  8.78E+10        N(OH/Tkin)    5.03E+04          B(21cm)          0.00E+00
   <a>:4.39E-06  erdeFe0.0E+00  Tcompt1.25E+06  Tthr1.10E+07  <Tden>: 8.86E+02  <dens>:2.27E-13  <MolWgt>1.26E+00
     Mean Jeans  l(cm)3.48E+15  M(sun)2.52E+00  smallest:     len(cm):3.48E+15  M(sun):2.52E+00  a_ox tran:  0.00
 Rion:1.000E+30  Dist:0.00E+00  Diam:0.000E+00
 Hatom level 70  HatomType: add  HInducImp  F  He tot level: 63  He2 level:   70  ExecTime  1811.2
 ConvrgError(%)  <eden>  0.004  MaxEden  0.004  <H-C>   0.01  Max(H-C)    0.01  <Press>   0.000  MaxPrs er  0.000
  Continuity(%)  chng Te   0.0  elec den   0.0  n(H2)    0.0  n(CO)        0.0

                                                        Averaged Quantities
             Te      Te(Ne)   Te(NeNp)  Te(NeHe+)Te(NeHe2+) Te(NeO+)  Te(NeO2+)  Te(H2)     N(H)     Ne(O2+)   Ne(Np)
 Radius:  8.86e+02  8.86e+02  8.86e+02  8.86e+02  8.86e+02  8.86e+02  8.86e+02  8.86e+02  1.00e+11  5.14e+06  5.14e+06

 Contin Optical Depths: COMP: 2.68e-15    H-: 7.14e-14 R(1300): 5.23e-10  H2+: 1.44e-16  Pfa:2.93E-15
                          Pa: 3.09e-15    Ba: 9.37e-14      Hb: 1.45e-13   La: 1.22e-06     1r:4.935E-04  1.8:1.48E-04 4.:2.152E-05

 Old, new H  1 continuum optical depths:
     1 4.94e-04     2 3.65e-14     3 7.17e-14     4 7.17e-14     5 7.17e-14     6 1.78e-14     7 1.78e-14     8 1.78e-14
     9 1.78e-14    10 5.44e-17    11 5.44e-17    12 5.44e-17    13 5.44e-17    14 5.44e-17    15 1.34e-16    16 1.34e-16
    17 1.34e-16    18 1.34e-16    19 1.34e-16    20 1.34e-16    21 2.86e-16    22 2.86e-16    23 2.86e-16    24 2.86e-16
    25 2.86e-16    26 2.86e-16    27 2.86e-16    28 5.35e-16    29 5.35e-16    30 5.35e-16    31 5.35e-16    32 5.35e-16
    33 5.35e-16    34 5.35e-16    35 5.35e-16    36 9.14e-16    37 9.14e-16    38 9.14e-16    39 9.14e-16    40 9.14e-16
    41 9.14e-16    42 9.14e-16    43 9.14e-16    44 9.14e-16    45 1.45e-15    46 1.45e-15    47 1.45e-15    48 1.45e-15
    49 1.45e-15    50 1.45e-15    51 1.45e-15    52 1.45e-15    53 1.45e-15    54 1.45e-15
     1 4.94e-04     2 3.65e-14     3 7.17e-14     4 7.17e-14     5 7.17e-14     6 1.78e-14     7 1.78e-14     8 1.78e-14
     9 1.78e-14    10 5.44e-17    11 5.44e-17    12 5.44e-17    13 5.44e-17    14 5.44e-17    15 1.34e-16    16 1.34e-16
    17 1.34e-16    18 1.34e-16    19 1.34e-16    20 1.34e-16    21 2.86e-16    22 2.86e-16    23 2.86e-16    24 2.86e-16
    25 2.86e-16    26 2.86e-16    27 2.86e-16    28 5.35e-16    29 5.35e-16    30 5.35e-16    31 5.35e-16    32 5.35e-16
    33 5.35e-16    34 5.35e-16    35 5.35e-16    36 9.14e-16    37 9.14e-16    38 9.14e-16    39 9.14e-16    40 9.14e-16
    41 9.14e-16    42 9.14e-16    43 9.14e-16    44 9.14e-16    45 1.45e-15    46 1.45e-15    47 1.45e-15    48 1.45e-15
    49 1.45e-15    50 1.45e-15    51 1.45e-15    52 1.45e-15    53 1.45e-15    54 1.45e-15

 Old, new H  1 mean line optical depths:
  2- 1 2.74e+01  3- 2 5.14e-12  4- 3 1.93e-14  5- 4 2.85e-14  6- 5 5.78e-14  7- 6 1.18e-13  8- 7 1.81e-13
  9- 8 7.65e-14 10- 9 2.70e-13
  2- 1 2.74e+01  3- 2 5.10e-12  4- 3 1.91e-14  5- 4 2.82e-14  6- 5 5.73e-14  7- 6 1.17e-13  8- 7 1.79e-13
  9- 8 7.52e-14 10- 9 2.67e-13

 Old, new He 2 continuum optical depths:
     1 2.15e-05     2 4.87e-04     3 6.05e-11     4 6.05e-11     5 6.05e-11     6 3.65e-14     7 3.65e-14     8 3.65e-14
     9 3.65e-14    10 5.81e-14    11 5.81e-14    12 5.81e-14    13 5.81e-14    14 5.81e-14    15 7.17e-14    16 7.17e-14
    17 7.17e-14    18 7.17e-14    19 7.17e-14    20 7.17e-14    21 6.06e-14    22 6.06e-14    23 6.06e-14    24 6.06e-14
    25 6.06e-14    26 6.06e-14    27 6.06e-14    28 1.78e-14    29 1.78e-14    30 1.78e-14    31 1.78e-14    32 1.78e-14
    33 1.78e-14    34 1.78e-14    35 1.78e-14    36 3.23e-17    37 3.23e-17    38 3.23e-17    39 3.23e-17    40 3.23e-17
    41 3.23e-17    42 3.23e-17    43 3.23e-17    44 3.23e-17    45 5.44e-17    46 5.44e-17    47 5.44e-17    48 5.44e-17
    49 5.44e-17    50 5.44e-17    51 5.44e-17    52 5.44e-17    53 5.44e-17    54 5.44e-17
     1 2.15e-05     2 4.88e-04     3 6.04e-11     4 6.04e-11     5 6.04e-11     6 3.65e-14     7 3.65e-14     8 3.65e-14
     9 3.65e-14    10 5.81e-14    11 5.81e-14    12 5.81e-14    13 5.81e-14    14 5.81e-14    15 7.17e-14    16 7.17e-14
    17 7.17e-14    18 7.17e-14    19 7.17e-14    20 7.17e-14    21 6.06e-14    22 6.06e-14    23 6.06e-14    24 6.06e-14
    25 6.06e-14    26 6.06e-14    27 6.06e-14    28 1.78e-14    29 1.78e-14    30 1.78e-14    31 1.78e-14    32 1.78e-14
    33 1.78e-14    34 1.78e-14    35 1.78e-14    36 3.23e-17    37 3.23e-17    38 3.23e-17    39 3.23e-17    40 3.23e-17
    41 3.23e-17    42 3.23e-17    43 3.23e-17    44 3.23e-17    45 5.44e-17    46 5.44e-17    47 5.44e-17    48 5.44e-17
    49 5.44e-17    50 5.44e-17    51 5.44e-17    52 5.44e-17    53 5.44e-17    54 5.44e-17

 Old, new He 2 mean line optical depths:
  2- 1 1.03e-08  3- 2 8.87e-21  4- 3 4.43e-21  5- 4 4.43e-21  6- 5 4.43e-21  7- 6 4.43e-21  8- 7 4.43e-21
  9- 8 4.43e-21 10- 9 4.43e-21
  2- 1 1.03e-08  3- 2 4.44e-21  4- 3 2.22e-21  5- 4 2.22e-21  6- 5 2.22e-21  7- 6 2.22e-21  8- 7 2.22e-21
  9- 8 2.22e-21 10- 9 2.22e-21

 Old He Is optical depths:    1 1.48e-04    2 8.50e-13    3 3.02e-14    4 3.39e-14    5 3.39e-14
 New He Is optical depths:    1 1.48e-04    2 8.50e-13    3 3.02e-14    4 3.40e-14    5 3.40e-14
          Old He Is Lines:  584 1.48e+00 3889 2.00e-10 5016 1.17e-12 5876 1.58e-17
          New He Is Lines:  584 1.48e+00 3889 2.00e-10 5016 1.17e-12 5876 1.58e-17

==== H      compounds ====           Log10 column densities [cm^-2}
   H2        : 11.353   H2*       :  6.276   H2+       :  1.314   H3+       :  2.035
==== He     compounds ====
   HeH+      : -0.233
==== Li     compounds ====
   LiH       : -5.047   LiH+      : -7.384
==== C      compounds ====
   CH        :  2.958   CH+       :  0.404   CH2       :  0.580   CH2+      : -0.390   CH3       : -1.699   CH3+      : -0.942   CH4       : -4.517   CH4+      : -7.417
   CH5+      : -7.625   C2        :  0.610   C2+       : -1.963   C2H       : -0.919   C2H+      : -2.943   C2H2      : -6.918   C2H2+     : -3.634   C2H3+     :-10.775
   C3        : -4.580   C3+       : -6.463   C3H       : -8.750   C3H+      : -6.492
==== N      compounds ====
   NH        :  3.816   NH+       :  2.260   NH2       :  3.025   NH2+      :  1.849   NH3       :  1.740   NH3+      :  0.772   NH4+      : -3.787   CN        :  4.152
   CN+       : -3.627   HCN       :  4.127   HCN+      :  1.298   HNC       : -0.125   HCNH+     :  0.679   HC3N      :-35.930   N2        :  9.261   N2+       :  0.872
   N2H+      :  0.185
==== O      compounds ====
   OH        :  7.649   OH+       :  5.394   H2O       :  6.648   H2O+      :  4.866   H3O+      :  4.015   CO        : 10.320   CO+       : -0.063   HCO+      :  4.137
   H2CO      :-35.930   CH3OH     :-35.930   ^13CO     :  8.843   NO        :  6.251   NO+       :  3.463   HNO       :  0.454   HNO+      :  1.520   OCN       :  1.681
   OCN+      :  0.463   N2O       :  3.159   O2        :  6.779   O2+       :  4.431   NO2       :  3.019   NO2+      : -3.052
==== Ne     compounds ====
   NeH+      :  0.099
==== Si     compounds ====
   SiH       : -0.350   SiH2+     : -2.529   SiC2      :-35.930   SiN       : -1.726   SiN+      : -1.157   SiO       :  7.333   SiO+      :  4.879   SiOH+     :  3.890
==== S      compounds ====
   HS        :  5.806   HS+       :  1.913   CS        :  3.022   CS+       :  0.819   HCS+      :  0.873   NS        :  3.869   NS+       :  1.649   SO        :  6.480
   SO+       :  4.088   OCS       :  1.442   OCS+      : -1.312   SO2       :-35.930   S2        : -1.026   S2+       : -3.457
==== Cl     compounds ====
   HCl       :  4.966   HCl+      :  4.172   H2Cl+     :  3.781   CCl       : -5.103   CCl+      : -1.132   H2CCl+    : -7.710   ClO       :-12.410   ClO+      :-18.374
==== Ar     compounds ====
   ArH+      :  4.150
==== Ti     compounds ====
   TiH       :-35.930   TiH+      :-35.930   TiH2      :-35.930   TiH2+     :-35.930   TiC       :-35.930   TiC+      :-35.930   HCTi      :-35.930   HCTi+     :-35.930
   TiC2      :-35.930   TiC2+     :-35.930   TiN       :-35.930   TiN+      :-35.930   HNTi      :-35.930   HNTi+     :-35.930   TiNC      :-35.930   TiNC+     :-35.930
   TiO       :-35.930   TiO+      :-35.930   TiOH+     :-35.930   TiO2      :-35.930   TiF+      :-35.930   TiS       :-35.930   TiS+      :-35.930   HTiS      :-35.930


               1      2      3      4      5      6      7      8      9     10     11     12     13     14     15     16     17

 Hydrogen   13.892  8.764 11.353 (H2)                Log10 Column density (cm^-2)
 Helium     12.825  4.778 -6.867
 Lithium     2.938  1.049-30.000-30.000
 Beryllium   3.275 -0.277 -6.601-30.000-30.000
 Boron       4.593  1.967 -8.095-30.000-30.000-30.000
 Carbon      8.345  5.708 -2.754-30.000-30.000-30.000-30.000
 Nitrogen    9.219  2.591 -8.864-30.000-30.000-30.000-30.000-30.000
 Oxygen     10.242  4.936 -6.975-30.000-30.000-30.000-30.000-30.000-30.000
 Fluorine    6.454  2.884 -4.451-30.000-30.000-30.000-30.000-30.000-30.000-30.000
 Neon        9.825  5.729 -2.366-30.000-30.000-30.000-30.000-30.000-30.000-30.000-30.000
 Sodium      7.958  7.660 -1.453-30.000-30.000-30.000-30.000-30.000-30.000-30.000-30.000-30.000
 Magnesium   9.413  8.726  1.047-30.000-30.000-30.000-30.000-30.000-30.000-30.000-30.000-30.000-30.000
 Aluminium   6.086  8.343  1.225-30.000-30.000-30.000-30.000-30.000-30.000-30.000-30.000-30.000-30.000-30.000
 Silicon     9.401  6.715 -5.070-30.000-30.000-30.000-30.000-30.000-30.000-30.000-30.000-30.000-30.000-30.000-30.000
 Phosphorus  5.870  7.288  1.334-30.000-30.000-30.000-30.000-30.000-30.000-30.000-30.000-30.000-30.000-30.000-30.000-30.000
 Sulphur     9.014  5.636 -3.243-30.000-30.000-30.000-30.000-30.000-30.000-30.000-30.000-30.000-30.000-30.000-30.000-30.000-30.000
 Chlorine    7.391  4.802 -1.682-30.000-30.000-30.000-30.000-30.000-30.000-30.000-30.000-30.000-30.000-30.000-30.000-30.000-30.000
-30.000
 Argon       8.294  1.226 -6.832-30.000-30.000-30.000-30.000-30.000-30.000-30.000-30.000-30.000-30.000-30.000-30.000-30.000-30.000
-30.000-30.000
 Potassium   6.883  5.882 -1.434-30.000-30.000-30.000-30.000-30.000-30.000-30.000-30.000-30.000-30.000-30.000-30.000-30.000-30.000
-30.000-30.000-30.000
 Calcium     8.235  5.252  1.483-30.000-30.000-30.000-30.000-30.000-30.000-30.000-30.000-30.000-30.000-30.000-30.000-30.000-30.000
-30.000-30.000-30.000-30.000
 Scandium    5.043  2.217 -1.129-30.000-30.000-30.000-30.000-30.000-30.000-30.000-30.000-30.000-30.000-30.000-30.000-30.000-30.000
-30.000-30.000-30.000-30.000-30.000
 Titanium    4.529  6.842  1.997-30.000-30.000-30.000-30.000-30.000-30.000-30.000-30.000-30.000-30.000-30.000-30.000-30.000-30.000
-30.000-30.000-30.000-30.000-30.000-30.000
 Vanadium    5.824  2.727 -2.393-30.000-30.000-30.000-30.000-30.000-30.000-30.000-30.000-30.000-30.000-30.000-30.000-30.000-30.000
-30.000-30.000-30.000-30.000-30.000-30.000-30.000
 Chromium    7.534  5.011 -3.863-30.000-30.000-30.000-30.000-30.000-30.000-30.000-30.000-30.000-30.000-30.000-30.000-30.000-30.000
-30.000-30.000-30.000-30.000-30.000-30.000-30.000-30.000
 Manganese   5.034  7.322 -2.635-30.000-30.000-30.000-30.000-30.000-30.000-30.000-30.000-30.000-30.000-30.000-30.000-30.000-30.000
-30.000-30.000-30.000-30.000-30.000-30.000-30.000-30.000-30.000
 Iron        6.858  9.393 -1.345-30.000-30.000-30.000-30.000-30.000-30.000-30.000-30.000-30.000-30.000-30.000-30.000-30.000-30.000
-30.000-30.000-30.000-30.000-30.000-30.000-30.000-30.000-30.000-30.000
 Cobalt      6.884  3.383 -6.548-30.000-30.000-30.000-30.000-30.000-30.000-30.000-30.000-30.000-30.000-30.000-30.000-30.000-30.000
-30.000-30.000-30.000-30.000-30.000-30.000-30.000-30.000-30.000-30.000-30.000
 Nickel      5.955  8.112 -1.885-30.000-30.000-30.000-30.000-30.000-30.000-30.000-30.000-30.000-30.000-30.000-30.000-30.000-30.000
-30.000-30.000-30.000-30.000-30.000-30.000-30.000-30.000-30.000-30.000-30.000-30.000
 Copper      6.085  3.119 -2.506-30.000-30.000-30.000-30.000-30.000-30.000-30.000-30.000-30.000-30.000-30.000-30.000-30.000-30.000
-30.000-30.000-30.000-30.000-30.000-30.000-30.000-30.000-30.000-30.000-30.000-30.000-30.000
 Zinc        6.454  2.807 -3.701-30.000-30.000-30.000-30.000-30.000-30.000-30.000-30.000-30.000-30.000-30.000-30.000-30.000-30.000
-30.000-30.000-30.000-30.000-30.000-30.000-30.000-30.000-30.000-30.000-30.000-30.000-30.000-30.000
 Exc state    He1*  2.761   CII*  5.517   C11*  7.411   C12*  7.877   C13*  8.080   O11* 10.038   O12*  9.704   O13*  9.179
              Si2*  6.460   C30*-35.930   C31*-35.930   C32*-35.930


 Hydrogen   -0.003 -5.131 -2.241 (H2)                 Log10 Mean Ionisation (over radius)
 Helium      0.000 -8.046-19.692
 Lithium    -0.006 -1.895
 Beryllium  -0.000 -3.552 -9.876
 Boron      -0.001 -2.628-12.690
 Carbon     -1.979 -4.616-13.079
 Nitrogen   -0.505 -7.134-18.589
 Oxygen     -0.342 -5.649-17.560
 Fluorine   -0.000 -3.571-10.906
 Neon       -0.000 -4.095-12.191
 Sodium     -0.177 -0.475 -9.588
 Magnesium  -0.081 -0.768 -8.448
 Aluminium  -2.259 -0.002 -7.120
 Silicon    -0.005 -2.690-14.475
 Phosphorus -1.434 -0.016 -5.970
 Sulphur    -0.002 -3.380-12.258
 Chlorine   -0.003 -2.592 -9.076
 Argon      -0.000 -7.069-15.126
 Potassium  -0.041 -1.042 -8.358
 Calcium    -0.000 -2.983 -6.752
 Scandium   -0.001 -2.827 -6.173
 Titanium   -2.316 -0.002 -4.848
 Vanadium   -0.000 -3.098 -8.217
 Chromium   -0.001 -2.524-11.398
 Manganese  -2.290 -0.002 -9.960
 Iron       -2.537 -0.001-10.740
 Cobalt     -0.000 -3.501-13.432
 Nickel     -2.160 -0.003 -9.999
 Copper     -0.000 -2.966 -8.591
 Zinc       -0.000 -3.647-10.156

               1      2      3      4      5      6      7      8      9     10     11     12     13     14     15     16     17

 Hydrogen   -0.003 -5.131 -2.241 (H2)         Log10 Mean Ionisation (over radius*electron density)
 Helium      0.000 -8.046-19.692
 Lithium    -0.006 -1.895
 Beryllium  -0.000 -3.552 -9.876
 Boron      -0.001 -2.628-12.690
 Carbon     -1.979 -4.616-13.079
 Nitrogen   -0.505 -7.134-18.589
 Oxygen     -0.342 -5.649-17.560
 Fluorine   -0.000 -3.571-10.906
 Neon       -0.000 -4.095-12.191
 Sodium     -0.177 -0.475 -9.588
 Magnesium  -0.081 -0.768 -8.448
 Aluminium  -2.259 -0.002 -7.120
 Silicon    -0.005 -2.690-14.475
 Phosphorus -1.434 -0.016 -5.970
 Sulphur    -0.002 -3.380-12.258
 Chlorine   -0.003 -2.592 -9.076
 Argon      -0.000 -7.069-15.126
 Potassium  -0.041 -1.042 -8.358
 Calcium    -0.000 -2.983 -6.752
 Scandium   -0.001 -2.827 -6.173
 Titanium   -2.316 -0.002 -4.848
 Vanadium   -0.000 -3.098 -8.217
 Chromium   -0.001 -2.524-11.398
 Manganese  -2.290 -0.002 -9.960
 Iron       -2.537 -0.001-10.740
 Cobalt     -0.000 -3.501-13.432
 Nickel     -2.160 -0.003 -9.999
 Copper     -0.000 -2.966 -8.591
 Zinc       -0.000 -3.647-10.156

               1      2      3      4      5      6      7      8      9     10     11     12     13     14     15     16     17

 Hydrogen    2.947  2.947  2.947 (H2)                  Log10 Mean Temperature (over radius)
 Helium      2.947  2.947  2.947
 Lithium     2.947  2.947
 Beryllium   2.947  2.947  2.947
 Boron       2.947  2.947  2.947
 Carbon      2.947  2.947  2.947
 Nitrogen    2.947  2.947  2.947
 Oxygen      2.947  2.947  2.947
 Fluorine    2.947  2.947  2.947
 Neon        2.947  2.947  2.947
 Sodium      2.947  2.947  2.947
 Magnesium   2.947  2.947  2.947
 Aluminium   2.947  2.947  2.947
 Silicon     2.947  2.947  2.947
 Phosphorus  2.947  2.947  2.947
 Sulphur     2.947  2.947  2.947
 Chlorine    2.947  2.947  2.947
 Argon       2.947  2.947  2.947
 Potassium   2.947  2.947  2.947
 Calcium     2.947  2.947  2.947
 Scandium    2.947  2.947  2.947
 Titanium    2.947  2.947  2.947
 Vanadium    2.947  2.947  2.947
 Chromium    2.947  2.947  2.947
 Manganese   2.947  2.947  2.947
 Iron        2.947  2.947  2.947
 Cobalt      2.947  2.947  2.947
 Nickel      2.947  2.947  2.947
 Copper      2.947  2.947  2.947
 Zinc        2.947  2.947  2.947

               1      2      3      4      5      6      7      8      9     10     11     12     13     14     15     16     17

 Hydrogen    2.947  2.947  2.947 (H2)          Log10 Mean Temperature (over radius*electron density)
 Helium      2.947  2.947  2.947
 Lithium     2.947  2.947
 Beryllium   2.947  2.947  2.947
 Boron       2.947  2.947  2.947
 Carbon      2.947  2.947  2.947
 Nitrogen    2.947  2.947  2.947
 Oxygen      2.947  2.947  2.947
 Fluorine    2.947  2.947  2.947
 Neon        2.947  2.947  2.947
 Sodium      2.947  2.947  2.947
 Magnesium   2.947  2.947  2.947
 Aluminium   2.947  2.947  2.947
 Silicon     2.947  2.947  2.947
 Phosphorus  2.947  2.947  2.947
 Sulphur     2.947  2.947  2.947
 Chlorine    2.947  2.947  2.947
 Argon       2.947  2.947  2.947
 Potassium   2.947  2.947  2.947
 Calcium     2.947  2.947  2.947
 Scandium    2.947  2.947  2.947
 Titanium    2.947  2.947  2.947
 Vanadium    2.947  2.947  2.947
 Chromium    2.947  2.947  2.947
 Manganese   2.947  2.947  2.947
 Iron        2.947  2.947  2.947
 Cobalt      2.947  2.947  2.947
 Nickel      2.947  2.947  2.947
 Copper      2.947  2.947  2.947
 Zinc        2.947  2.947  2.947

               1      2      3      4      5      6      7      8      9     10     11     12     13     14     15     16     17
                                                                          

---------------Convergence statistics---------------
      1.87 mean iterations/state convergence
         3 mean cx acceleration loops/iteration
         1 mean iso convergence loops/ion solve
         1 mean steps/chemistry solve
         1 mean step length searches/chemistry step
----------------------------------------------------

 Cloudy ends: 1 zone, 3 iterations.  ExecTime(s) 1811.23
 [Stop in cdMain at ../maincl.cpp:483, Cloudy exited OK]
 ************************************************** GRID_DELIMIT -- grid000000024
