                                                          Cloudy 13.03
                                                         www.nublado.org

                       **************************************13Feb20**************************************
                       *                                                                                 *
                       * c                                                                               *
                       * phi(h) 8.000000 LOG range -0.000232 6.866524                                    *
                       * grid from 8 to 23 in 1 dex steps                                                *
                       * HDEN=1.000000 LOG                                                               *
                       * grid from 0 to 12 in 1 dex steps                                                *
                       * set pres ionize 1e5                                                             *
                       * c                                                                               *
                       * c                                                                               *
                       * table star "inst_padova_agbtrack_z.mod" age 6.3                                 *
                       * c<< inst_padova_ model    1 read.       Age =      10000.00                 >>> *
                       * c<< inst_padova_ model    2 read.       Age =    2010000.00                 >>> *
                       * c<< FINAL:     Age =    1995262.31                                          >>> *
                       * c                                                                               *
                       * c                                                                               *
                       * abundances GASS10                                                               *
                       * c                                                                               *
                       * c                                                                               *
                       * iterate to convergence max = 7                                                  *
                       * stop column density = 23                                                        *
                       * c                                                                               *
                       * c                                                                               *
                       * print last                                                                      *
                       * set save prefix "padova_inst_2"                                                 *
                       * save grid ".grd" last no hash                                                   *
                       * save linelist "emissionlines_abs.txt" "LineList_HII.dat" absolute last no hash    *
                       *                                                                                 *
                       ***********************************************************************************



           4049CellPeak1.00E+00   Lo 1.00e-08=910.79cm   Hi-Con:6.19E+00 Ryd   E(hi):7.35E+06Ryd     E(hi):     100.01 MeV
           I(nu>1ryd):  -2.5285   Average nu:1.358E+00   I( X-ray):   0.0000   I(BalC):  -2.0060     Phi(BalmrC):   8.8965
           phi(1.0-1.8): 7.9535   phi(1.8-4.0):  7.007   phi(4.0-20):  2.227   phi(20--):  0.000     Ion pht flx:1.000E+08
           I(gam ray):   0.0000   phi(gam r):   0.0000   I(Infred):  -2.8669   Alf(ox):   0.0000     Total inten:  -1.8482
           U(1.0----):3.336E-04   U(4.0----):5.625E-10   T(En-Den):2.812E+00   T(Comp):3.012E+04     nuJnu(912A):9.683E-03
           Occ(FarIR):4.141E-03   Occ(H n=6):2.633E-15   Occ(1Ryd):4.451E-19   Occ(4R):3.399E-26     Occ (Nu-hi):3.050E-32
           Tbr(FarIR):6.561E-06   Tbr(H n=6):1.154E-11   Tbr(1Ryd):7.036E-14   Tbr(4R):2.148E-20     Tbr (Nu-hi):2.972E-26
  
                                                  Gas Phase Chemical Composition
        H :  0.0000  He: -1.0701  Li:-10.9508  Be:-10.6198  B : -9.3002  C : -3.5702  N : -4.1701  O : -3.3098  F : -7.4401
        Ne: -4.0701  Na: -5.7595  Mg: -4.4001  Al: -5.5498  Si: -4.4895  P : -6.5901  S : -4.8794  Cl: -6.5003  Ar: -5.6003
        K : -6.9706  Ca: -5.6596  Sc: -8.8508  Ti: -7.0501  V : -8.0701  Cr: -6.3595  Mn: -6.5702  Fe: -4.5003  Co: -7.0101
                                               Ni: -5.7799  Cu: -7.8097  Zn: -7.4401
 
 ####  1  Te:5.166E+03 Hden:1.000E+01 Ne:1.057E+01 R:1.000E+30 R-R0:5.243E+14 dR:1.049E+15 NTR: 13 Htot:3.514E-22 T912: 1.33e-03###
 Hydrogen      2.00e-02 9.80e-01 H+o/Hden 1.00e+00 1.02e-09 H-    H2 3.78e-11 1.40e-10 H2+ HeH+ 1.30e-09 Ho+ ColD 2.10e+14 1.03e+16
 Helium        1.06e-01 8.94e-01 5.92e-06 HeI 2s3S 2.52e-08 Comp H,C 2.03e-30 3.47e-31 Fill Fac 1.00e+00 Gam1/tot 1.00e+00
 He singlet n  1.06e-01 5.28e-15 8.79e-21 2.98e-21 2.30e-21 4.82e-21 He tripl 2.52e-08 2.47e-19 4.71e-21 4.15e-20 1.32e-20
 Pressure      NgasTgas 1.11e+05 P(total) 1.53e-11 P( gas ) 1.53e-11 P(Radtn) 0.00e+00 Rad accl 9.72e-09 ForceMul 6.63e+04
 Texc(La)      2.83e+03 T(I con) 2.81e+00 T(D con) 2.54e-01 T(U tot) 2.81e+00 nT (c+d) 7.41e+05 Prad/Gas 0.00e+00 Pmag/Gas 0.00e+00
 Molecules     CH/Ctot: 1.04e-12 CH+/Ctot 4.99e-12 CO/Ctot: 2.05e-14 CO+/Ctot 8.36e-16 H2O/Otot 1.66e-22 OH/Ototl 1.09e-11
 Lithium       4.79e-03 9.95e-01 7.06e-10 0.00e+00 Berylliu 7.90e-03 3.37e-01 6.55e-01 0.00e+00 0.00e+00 sec ion: 0.00e+00
 Boron         1.65e-03 7.26e-01 2.71e-01 1.49e-03 0.00e+00 0.00e+00
 Carbon        2.11e-03 6.94e-01 3.04e-01 3.63e-06 0.00e+00 0.00e+00 0.00e+00 H2O+/O   2.86e-23 OH+/Otot 9.24e-12 Hex(tot) 0.00e+00
 Nitrogen      1.17e-02 8.85e-01 1.03e-01 2.48e-06 0.00e+00 0.00e+00 0.00e+00 0.00e+00 O2/Ototl 5.28e-16 O2+/Otot 1.05e-16
 Oxygen        2.35e-02 9.47e-01 2.91e-02 0.00e+00 0.00e+00 0.00e+00 0.00e+00 0.00e+00 0.00e+00
 Fluorine      1.14e-02 9.14e-01 7.45e-02 0.00e+00 0.00e+00 0.00e+00 0.00e+00 0.00e+00 0.00e+00 0.00e+00
 Neon          2.53e-02 9.46e-01 2.89e-02 0.00e+00 0.00e+00 0.00e+00 0.00e+00 0.00e+00 0.00e+00 0.00e+00 0.00e+00
 Sodium        1.13e-02 9.85e-01 3.32e-03 0.00e+00 0.00e+00 0.00e+00 0.00e+00 0.00e+00 0.00e+00 0.00e+00 0.00e+00 0.00e+00
 Magnesium     7.45e-03 4.91e-01 5.01e-01 0.00e+00 0.00e+00 0.00e+00 0.00e+00 0.00e+00 0.00e+00 0.00e+00 0.00e+00 0.00e+00 0.00e+00
 Aluminium  0  3.34e-04 9.09e-01 8.83e-02 2.15e-03 0.00e+00 0.00e+00 0.00e+00 0.00e+00 0.00e+00 0.00e+00 0.00e+00 0.00e+00 0.00e+00
 Silicon    0  1.52e-03 9.09e-01 8.94e-02 1.25e-04 0.00e+00 0.00e+00 0.00e+00 0.00e+00 0.00e+00 0.00e+00 0.00e+00 0.00e+00 0.00e+00
 Phosphorus 0  1.06e-03 8.44e-01 1.55e-01 2.76e-04 0.00e+00 0.00e+00 0.00e+00 0.00e+00 0.00e+00 0.00e+00 0.00e+00 0.00e+00 0.00e+00
 Sulphur    0  4.26e-04 4.14e-01 5.85e-01 2.42e-04 0.00e+00 0.00e+00 0.00e+00 0.00e+00 0.00e+00 0.00e+00 0.00e+00 0.00e+00 0.00e+00
 Chlorine   0  5.43e-04 5.23e-01 4.77e-01 1.20e-04 8.17e-12 0.00e+00 0.00e+00 0.00e+00 0.00e+00 0.00e+00 0.00e+00 0.00e+00 0.00e+00
 Argon      0  1.09e-03 2.30e-01 7.69e-01 1.27e-04 1.76e-12 0.00e+00 0.00e+00 0.00e+00 0.00e+00 0.00e+00 0.00e+00 0.00e+00 0.00e+00
 Potassium  0  4.10e-03 8.86e-01 1.10e-01 4.94e-06 0.00e+00 0.00e+00 0.00e+00 0.00e+00 0.00e+00 0.00e+00 0.00e+00 0.00e+00 0.00e+00
 Calcium    0  9.88e-04 2.11e-01 7.88e-01 3.13e-05 0.00e+00 0.00e+00 0.00e+00 0.00e+00 0.00e+00 0.00e+00 0.00e+00 0.00e+00 0.00e+00
 Scandium   0  1.32e-04 4.00e-02 5.61e-01 3.99e-01 0.00e+00 0.00e+00 0.00e+00 0.00e+00 0.00e+00 0.00e+00 0.00e+00 0.00e+00 0.00e+00
 Titanium   0  3.44e-05 1.97e-01 7.26e-01 7.62e-02 6.86e-06 0.00e+00 0.00e+00 0.00e+00 0.00e+00 0.00e+00 0.00e+00 0.00e+00 0.00e+00
 Vanadium   0  5.46e-04 8.78e-02 8.91e-01 2.07e-02 4.67e-06 0.00e+00 0.00e+00 0.00e+00 0.00e+00 0.00e+00 0.00e+00 0.00e+00 0.00e+00
 Chromium   0  2.56e-04 1.53e-01 8.40e-01 7.13e-03 0.00e+00 0.00e+00 0.00e+00 0.00e+00 0.00e+00 0.00e+00 0.00e+00 0.00e+00 0.00e+00
 Manganese  0  5.31e-05 2.73e-01 7.24e-01 3.03e-03 0.00e+00 0.00e+00 0.00e+00 0.00e+00 0.00e+00 0.00e+00 0.00e+00 0.00e+00 0.00e+00
 Iron       0  6.14e-05 5.51e-01 4.36e-01 1.21e-02 0.00e+00 0.00e+00 0.00e+00 0.00e+00 0.00e+00 0.00e+00 0.00e+00 0.00e+00 0.00e+00
 Cobalt     0  6.46e-03 3.70e-01 6.13e-01 1.01e-02 0.00e+00 0.00e+00 0.00e+00 0.00e+00 0.00e+00 0.00e+00 0.00e+00 0.00e+00 0.00e+00
 Nickel     0  1.57e-04 4.98e-01 5.01e-01 1.57e-03 0.00e+00 0.00e+00 0.00e+00 0.00e+00 0.00e+00 0.00e+00 0.00e+00 0.00e+00 0.00e+00
 Copper     0  4.45e-04 7.90e-02 9.18e-01 2.77e-03 0.00e+00 0.00e+00 0.00e+00 0.00e+00 0.00e+00 0.00e+00 0.00e+00 0.00e+00 0.00e+00
 Zinc       0  1.08e-02 3.94e-01 5.85e-01 1.05e-02 0.00e+00 0.00e+00 0.00e+00 0.00e+00 0.00e+00 0.00e+00 0.00e+00 0.00e+00 0.00e+00
 #### 59  Te:3.975E+03 Hden:1.000E+01 Ne:4.083E+00 R:1.000E+30 R-R0:2.112E+18 dR:5.807E+15 NTR: 14 Htot:1.200E-22 T912: 1.30e+01###
 Hydrogen      6.05e-01 3.95e-01 H+o/Hden 1.00e+00 2.44e-08 H-    H2 2.85e-07 3.17e-09 H2+ HeH+ 1.66e-08 Ho+ ColD 2.06e+18 1.91e+19
 Helium        8.49e-01 1.51e-01 1.26e-07 HeI 2s3S 2.04e-09 Comp H,C 5.02e-31 8.94e-32 Fill Fac 1.00e+00 Gam1/tot 1.00e+00
 He singlet n  8.49e-01 9.21e-16 1.24e-20 1.82e-22 7.39e-22 4.18e-22 He tripl 2.04e-09 2.02e-20 3.62e-22 3.27e-21 1.15e-21
 Pressure      NgasTgas 5.94e+04 P(total) 8.20e-12 P( gas ) 8.20e-12 P(Radtn) 4.62e-16 Rad accl 5.71e-10 ForceMul 1.16e+04
 Texc(La)      3.04e+03 T(I con) 2.65e+00 T(D con) 1.46e+00 T(U tot) 2.71e+00 nT (c+d) 9.94e+05 Prad/Gas 5.63e-05 Pmag/Gas 0.00e+00
 Molecules     CH/Ctot: 6.36e-11 CH+/Ctot 9.15e-10 CO/Ctot: 3.06e-10 CO+/Ctot 1.97e-12 H2O/Otot 3.44e-16 OH/Ototl 4.63e-08
 Lithium       2.39e-03 9.98e-01 8.11e-12 0.00e+00 Berylliu 1.01e-02 9.17e-01 7.33e-02 0.00e+00 0.00e+00 sec ion: 0.00e+00
 Boron         1.09e-03 9.98e-01 1.32e-03 1.28e-06 0.00e+00 0.00e+00
 Carbon        1.92e-03 9.88e-01 1.00e-02 0.00e+00 0.00e+00 0.00e+00 0.00e+00 H2O+/O   3.66e-16 OH+/Otot 4.88e-08 Hex(tot) 0.00e+00
 Nitrogen      5.39e-01 4.60e-01 5.38e-05 0.00e+00 0.00e+00 0.00e+00 0.00e+00 0.00e+00 O2/Ototl 7.61e-13 O2+/Otot 1.12e-12
 Oxygen        6.63e-01 3.37e-01 4.03e-05 0.00e+00 0.00e+00 0.00e+00 0.00e+00 0.00e+00 0.00e+00
 Fluorine      2.31e-01 7.59e-01 1.05e-02 0.00e+00 0.00e+00 0.00e+00 0.00e+00 0.00e+00 0.00e+00 0.00e+00
 Neon          3.23e-01 6.71e-01 5.47e-03 0.00e+00 0.00e+00 0.00e+00 0.00e+00 0.00e+00 0.00e+00 0.00e+00 0.00e+00
 Sodium        1.78e-02 9.81e-01 1.23e-03 0.00e+00 0.00e+00 0.00e+00 0.00e+00 0.00e+00 0.00e+00 0.00e+00 0.00e+00 0.00e+00
 Magnesium     9.72e-03 9.68e-01 2.21e-02 0.00e+00 0.00e+00 0.00e+00 0.00e+00 0.00e+00 0.00e+00 0.00e+00 0.00e+00 0.00e+00 0.00e+00
 Aluminium  0  2.54e-04 9.94e-01 5.52e-03 6.16e-06 0.00e+00 0.00e+00 0.00e+00 0.00e+00 0.00e+00 0.00e+00 0.00e+00 0.00e+00 0.00e+00
 Silicon    0  1.07e-03 9.99e-01 1.25e-04 0.00e+00 0.00e+00 0.00e+00 0.00e+00 0.00e+00 0.00e+00 0.00e+00 0.00e+00 0.00e+00 0.00e+00
 Phosphorus 0  9.38e-04 9.90e-01 9.26e-03 0.00e+00 0.00e+00 0.00e+00 0.00e+00 0.00e+00 0.00e+00 0.00e+00 0.00e+00 0.00e+00 0.00e+00
 Sulphur    0  6.15e-04 9.03e-01 9.64e-02 0.00e+00 0.00e+00 0.00e+00 0.00e+00 0.00e+00 0.00e+00 0.00e+00 0.00e+00 0.00e+00 0.00e+00
 Chlorine   0  9.62e-04 9.42e-01 5.71e-02 0.00e+00 0.00e+00 0.00e+00 0.00e+00 0.00e+00 0.00e+00 0.00e+00 0.00e+00 0.00e+00 0.00e+00
 Argon      0  1.19e-01 7.75e-01 1.07e-01 0.00e+00 0.00e+00 0.00e+00 0.00e+00 0.00e+00 0.00e+00 0.00e+00 0.00e+00 0.00e+00 0.00e+00
 Potassium  0  4.43e-03 9.86e-01 9.20e-03 0.00e+00 0.00e+00 0.00e+00 0.00e+00 0.00e+00 0.00e+00 0.00e+00 0.00e+00 0.00e+00 0.00e+00
 Calcium    0  4.10e-04 2.01e-01 7.98e-01 3.19e-06 0.00e+00 0.00e+00 0.00e+00 0.00e+00 0.00e+00 0.00e+00 0.00e+00 0.00e+00 0.00e+00
 Scandium   0  8.90e-04 5.07e-01 4.89e-01 3.95e-03 0.00e+00 0.00e+00 0.00e+00 0.00e+00 0.00e+00 0.00e+00 0.00e+00 0.00e+00 0.00e+00
 Titanium   0  1.70e-04 9.14e-01 8.63e-02 1.06e-05 0.00e+00 0.00e+00 0.00e+00 0.00e+00 0.00e+00 0.00e+00 0.00e+00 0.00e+00 0.00e+00
 Vanadium   0  5.46e-03 8.32e-01 1.62e-01 3.93e-06 0.00e+00 0.00e+00 0.00e+00 0.00e+00 0.00e+00 0.00e+00 0.00e+00 0.00e+00 0.00e+00
 Chromium   0  9.61e-04 9.92e-01 7.07e-03 0.00e+00 0.00e+00 0.00e+00 0.00e+00 0.00e+00 0.00e+00 0.00e+00 0.00e+00 0.00e+00 0.00e+00
 Manganese  0  2.15e-04 9.92e-01 7.31e-03 0.00e+00 0.00e+00 0.00e+00 0.00e+00 0.00e+00 0.00e+00 0.00e+00 0.00e+00 0.00e+00 0.00e+00
 Iron       0  1.19e-04 9.99e-01 1.11e-03 0.00e+00 0.00e+00 0.00e+00 0.00e+00 0.00e+00 0.00e+00 0.00e+00 0.00e+00 0.00e+00 0.00e+00
 Cobalt     0  2.13e-02 9.77e-01 1.27e-03 0.00e+00 0.00e+00 0.00e+00 0.00e+00 0.00e+00 0.00e+00 0.00e+00 0.00e+00 0.00e+00 0.00e+00
 Nickel     0  3.45e-04 9.99e-01 9.15e-04 0.00e+00 0.00e+00 0.00e+00 0.00e+00 0.00e+00 0.00e+00 0.00e+00 0.00e+00 0.00e+00 0.00e+00
 Copper     0  2.91e-03 6.99e-01 2.98e-01 2.76e-06 0.00e+00 0.00e+00 0.00e+00 0.00e+00 0.00e+00 0.00e+00 0.00e+00 0.00e+00 0.00e+00
 Zinc       0  2.44e-02 9.07e-01 6.86e-02 3.21e-04 0.00e+00 0.00e+00 0.00e+00 0.00e+00 0.00e+00 0.00e+00 0.00e+00 0.00e+00 0.00e+00
                                                                             
   Calculation stopped because lowest Te reached. Iteration 3 of 3
   The geometry is plane-parallel.
  !Charge transfer ionization of H reached 164.9% of the local H ionization rate.
  !AGE: Cloud age was not set.  Longest timescale was 4.91e+11 s = 1.56e+04 years.
  !The CMB was not included.  This is added with the CMB command.
  !The intensity of the incident radiation field is less than 10 times the Habing diffuse ISM field.  Is this OK?
  !   Consider adding diffuse ISM emission with TABLE ISM command.
   The density is too low to l-mix the lowest H  I collapsed level.  More resolved levels are needed for accurate line ratios.
   The density is too low to l-mix the lowest He I collapsed level.  More resolved levels are needed for accurate line ratios.
   Grains were not present but might survive in this environment (energy density temperature was 2.81e+00K)

                       *********************************> Cloudy 13.03 <**********************************
                       * c                                                                               *
                       * phi(h) 8.000000 LOG range -0.000232 6.866524                                    *
                       * grid from 8 to 23 in 1 dex steps                                                *
                       * HDEN=1.000000 LOG                                                               *
                       * grid from 0 to 12 in 1 dex steps                                                *
                       * set pres ionize 1e5                                                             *
                       * c                                                                               *
                       * c                                                                               *
                       * table star "inst_padova_agbtrack_z.mod" age 6.3                                 *
                       * c                                                                               *
                       * c                                                                               *
                       * abundances GASS10                                                               *
                       * c                                                                               *
                       * c                                                                               *
                       * iterate to convergence max = 7                                                  *
                       * stop column density = 23                                                        *
                       * c                                                                               *
                       * c                                                                               *
                       * print last                                                                      *
                       * set save prefix "padova_inst_2"                                                 *
                       * save grid ".grd" last no hash                                                   *
                       * save linelist "emissionlines_abs.txt" "LineList_HII.dat" absolute last no hash    *
                       *********************************> Log(U): -3.48 <*********************************

                     Emission Line Spectrum.   Constant  Density Model.    Open geometry.  Iteration 3 of 3.
                                                     Intensity (erg/s/cm^2).


                                                   Intrinsic line intensities
 general properties..........      H  1 5.834m  -6.386   0.0094      Ca B  9229A  -5.926   0.0272      O  3  5007A  -6.718   0.0044            
 TOTL  4861A  -4.361   1.0000      H  1 5.834m  -6.245   0.0130      Ca B  9015A  -6.067   0.0196      O  3  4959A  -7.197   0.0015            
 TOTL  1216A  -2.973  24.4366      H  1 5.834m  -6.255   0.0127      Ca B  8863A  -6.194   0.0147      O  3 88.33m  -5.634   0.0532            
 Inci     0   -1.848 325.3205      H  1 5.834m  -6.388   0.0094      Ca B  8750A  -6.308   0.0113      O  3 51.80m  -5.881   0.0302            
 TotH     0   -3.172  15.4264      H  1 5.834m  -6.646   0.0052      Ca B  8665A  -6.413   0.0089      O  3 835.0A  -7.125   0.0017            
 TotC     0   -3.172  15.4262      H  1 5.834m  -7.062   0.0020      Ca B  8598A  -6.509   0.0071      Ne 2 12.81m  -4.747   0.4104            
 BFH1     0   -3.207  14.2508      H  1 7.383m  -7.014   0.0022      Ca B  8545A  -6.599   0.0058      Ne 3 15.55m  -6.168   0.0156            
 BFHe     0   -4.333   1.0659      H  1 7.383m  -6.566   0.0062      Ca B  8502A  -6.682   0.0048      Ne 3 36.01m  -7.234   0.0013            
 TotM     0   -5.383   0.0949      H  1 7.383m  -6.424   0.0086      Ca B  8467A  -6.761   0.0040      Na 1  5892A  -7.279   0.0012            
 CT H     0   -6.196   0.0146      H  1 7.383m  -6.426   0.0086      Ca B  8438A  -6.834   0.0034      Mg 1  2853A  -7.097   0.0018            
 H FB     0   -4.328   1.0777      H  1 7.383m  -6.537   0.0067      Ca B  8413A  -6.904   0.0029      Mg 1  2026A  -7.210   0.0014            
 HFBc     0   -4.328   1.0777      H  1 7.383m  -6.748   0.0041      Ca B  8392A  -6.970   0.0025      TOTL  2798A  -5.949   0.0258            
 Ti 3     0   -7.002   0.0023      H  1 7.383m  -7.068   0.0020      Ca B  8374A  -7.032   0.0021      Mg 2  2796A  -6.148   0.0163            
 continua....................      H  1 9.115m  -7.171   0.0015      Ca B  8359A  -7.091   0.0019      Mg 2  2803A  -6.383   0.0095            
 Bac   3646A  -2.951  25.6922      H  1 9.115m  -6.723   0.0043      Ca B  8346A  -7.148   0.0016      TOTL  1860A  -6.858   0.0032            
 nFnu  3645A  -2.901  28.8036      H  1 9.115m  -6.581   0.0060      Ca B  8334A  -7.201   0.0014      Al 3  1855A  -7.087   0.0019            
 nFnu  3647A  -3.868   3.1114      H  1 9.115m  -6.578   0.0061      Ca B 4.051m  -5.328   0.1079      Al 3  1863A  -7.245   0.0013            
 cout  3646A  -3.252  12.8461      H  1 9.115m  -6.676   0.0048      Ca B 2.625m  -5.605   0.0570      Si 2 34.81m  -3.924   2.7298            
 cref  3646A  -3.252  12.8461      H  1 9.115m  -6.859   0.0032      Ca B 2.166m  -5.834   0.0336      Si 2  1814A  -7.065   0.0020            
 thin  3646A  -2.951  25.6924      H  1 9.115m  -7.125   0.0017      Ca B 1.945m  -6.025   0.0216      Si 2  1531A  -6.566   0.0062            
 Inci  4860A  -3.043  20.7654      H  1 11.03m  -6.026   0.0216      Ca B 1.817m  -6.190   0.0148      Si 2  1308A  -6.517   0.0070            
 Inci  1215A  -1.962 250.5013      H  1 13.13m  -6.137   0.0167      Ca B 1.736m  -6.334   0.0106      Si 2  1263A  -6.088   0.0187            
 Ba C     0   -3.904   2.8591      H  1 15.40m  -6.241   0.0132      Ca B 1.681m  -6.463   0.0079      Si 3  1207A  -6.553   0.0064            
 PA C     0   -4.294   1.1660      H  1 17.87m  -6.336   0.0106      Ca B 1.641m  -6.580   0.0060      P  2 60.64m  -6.352   0.0102            
 FIR  83.00m  -3.368   9.8238      H  1 20.51m  -6.425   0.0086      Ca B 1.611m  -6.686   0.0047      P  2 32.87m  -6.503   0.0072            
 TIR   1800m  -5.684   0.0475      H  1 23.33m  -6.509   0.0071      Ca B 1.588m  -6.784   0.0038      P  2 1.189m  -7.165   0.0016            
 NIRa 2.850m  -2.970  24.6017      H  1 26.34m  -6.587   0.0059      Ca B 1.570m  -6.875   0.0031      P  3 17.89m  -7.274   0.0012            
 NIRb 3.000m  -3.459   7.9774      H  1 29.53m  -6.661   0.0050      Ca B 1.556m  -6.959   0.0025      S  2  6720A  -4.919   0.2764            
 MIRa 15.00m  -3.570   6.1708      H  1 32.91m  -6.731   0.0043      Ca B 1.544m  -7.038   0.0021      S  2  4074A  -6.715   0.0044            
 MIRb 22.50m  -3.260  12.6136      H  1 36.46m  -6.798   0.0037      Ca B 1.534m  -7.112   0.0018      S  2 1.033m  -6.884   0.0030            
 NMIR 21.75m  -2.970  24.6017      H  1 40.20m  -6.861   0.0032      Ca B 1.526m  -7.183   0.0015      S II  6731A  -5.307   0.1131            
 TFIR 611.2m  -3.802   3.6190      H  1 44.12m  -6.921   0.0028      Ca B 1.519m  -7.249   0.0013      S II  6716A  -5.147   0.1634            
 TALL 10000A  -1.851 323.4138      H  1 48.22m  -6.979   0.0024      Ca B 1.513m  -7.312   0.0011      S II  4070A  -6.841   0.0033            
 F12  12.00m  -4.206   1.4272      H  1 52.50m  -7.034   0.0021      Ca B 7.458m  -5.804   0.0360      S II  4078A  -7.314   0.0011            
 F25  25.00m  -3.997   2.3105      H  1 56.97m  -5.844   0.0328      Ca B 4.653m  -6.027   0.0216      S II 1.032m  -7.333   0.0011            
 F60  60.00m  -3.814   3.5235      He 1 504.3A  -4.712   0.4456      Ca B 3.740m  -6.222   0.0137      S  2  1256A  -6.806   0.0036            
 F100 100.0m  -4.011   2.2350      He 1  2600A  -5.654   0.0508      Ca B 3.296m  -6.391   0.0093      S  3 18.67m  -4.775   0.3850            
 MIPS 24.00m  -4.133   1.6875      He 1  3121A  -6.166   0.0157      Ca B 3.038m  -6.538   0.0066      S  3 33.47m  -4.362   0.9965            
 MIPS 70.00m  -4.184   1.5026      He 1  3421A  -6.088   0.0187      Ca B 2.872m  -6.670   0.0049      S  3  9532A  -5.217   0.1393            
 MIPS 160.0m  -4.117   1.7521      He 1  3421A  -5.611   0.0562      Ca B 2.758m  -6.788   0.0037      S  3  9069A  -5.611   0.0562            
 IRAC 3.600m  -4.910   0.2820      He 1  3421A  -5.389   0.0937      Ca B 2.674m  -6.896   0.0029      S  3  1198A  -6.864   0.0031            
 IRAC 4.500m  -4.773   0.3870      He 1  3679A  -5.803   0.0361      Ca B 2.612m  -6.995   0.0023      Cl 2 33.30m  -7.178   0.0015            
 IRAC 5.800m  -4.003   2.2802      He 1  6632A  -6.637   0.0053      Ca B 2.564m  -7.087   0.0019      Cl 2 14.40m  -6.089   0.0187            
 IRAC 8.000m  -4.508   0.7113      He 1  7435A  -7.032   0.0021      Ca B 2.525m  -7.173   0.0015      Cl 2  8579A  -6.482   0.0076            
 SPR1 250.0m  -4.839   0.3326      He 1  7843A  -5.914   0.0280      Ca B 2.495m  -7.252   0.0013      Cl 2  9124A  -7.060   0.0020            
 SPR2 350.0m  -5.269   0.1235      He 1  8188A  -6.048   0.0205      Ca B 2.469m  -7.328   0.0011      Ar 2 6.980m  -5.417   0.0878            
 SPR3 500.0m  -5.647   0.0517      He 1  8191A  -6.536   0.0067      Ca B 12.37m  -6.209   0.0142      Ar 3  7135A  -6.199   0.0145            
 PAC1 70.00m  -4.120   1.7392      He 1  8261A  -6.507   0.0071      Ca B 7.500m  -6.390   0.0094      Ar 3  7751A  -6.817   0.0035            
 PAC2 100.0m  -3.987   2.3642      He 1 1.248m  -7.241   0.0013      Ca B 5.907m  -6.559   0.0063      Ar 3 21.83m  -6.558   0.0063            
 PAC3 160.0m  -3.970   2.4579      He 1 1.409m  -6.453   0.0081      Ca B 5.127m  -6.708   0.0045      Ar 3 9.000m  -5.371   0.0977            
 PAH  3.300m  -5.691   0.0468      He 1 1.456m  -6.447   0.0082      Ca B 4.671m  -6.842   0.0033      Ca 2  3933A  -6.907   0.0028            
 PAHC 3.230m  -6.032   0.0213      He 1 1.456m  -6.938   0.0026      Ca B 4.375m  -6.962   0.0025      Ca 2  8579A  -7.236   0.0013            
 PAHC 3.370m  -6.135   0.0168      He 1 1.458m  -6.715   0.0044      Ca B 4.170m  -7.071   0.0019      Ca 2  7306A  -5.355   0.1013            
 PAH  6.200m  -5.413   0.0886      He 1 1.458m  -7.192   0.0015      Ca B 4.020m  -7.171   0.0015      Ca2K  3934A  -7.145   0.0016            
 PAHC 5.650m  -5.404   0.0906      He 1 1.466m  -7.009   0.0022      Ca B 3.906m  -7.264   0.0012      Ca2H  3969A  -7.282   0.0012            
 PAH  7.900m  -5.007   0.2258      He 1 2.217m  -6.851   0.0032      Ca B 3.818m  -7.350   0.0010      CaF1  7291A  -5.581   0.0602            
 PAHC 6.900m  -4.922   0.2745      He 1 2.275m  -6.794   0.0037      Ca B 19.06m  -6.561   0.0063      CaF2  7324A  -5.747   0.0410            
 PAH  11.30m  -5.490   0.0742      He 1 2.276m  -7.285   0.0012      Ca B 11.31m  -6.710   0.0045      Cr 3  5828A  -6.986   0.0024            
 PAHC 10.90m  -5.643   0.0521      He 1 2.278m  -6.916   0.0028      Ca B 8.758m  -6.857   0.0032      Fe2c     0   -3.560   6.3209            
 PAH  11.80m  -5.420   0.0873      He 1 2.278m  -7.337   0.0011      Ca B 7.506m  -6.991   0.0023      Fe 2  4300A  -5.556   0.0638            
 PAHC 12.65m  -4.645   0.5190      He 1 3.206m  -7.162   0.0016      Ca B 6.770m  -7.112   0.0018      Fe 2  2400A  -6.257   0.0127            
 PAH  13.30m  -5.370   0.0978      He 1 3.277m  -7.082   0.0019      Ca B 6.290m  -7.222   0.0014      Fe 2  6200A  -7.324   0.0011            
 PAHC 14.10m  -5.297   0.1157      He 1 3.280m  -7.149   0.0016      Ca B 5.955m  -7.324   0.0011      Fe 2 25.98m  -4.397   0.9193            
 Bcon  3640A  -1.939 263.7455      He 1 4.465m  -6.623   0.0055      Ca B 27.80m  -6.873   0.0031      Fe 2 5.339m  -4.055   2.0195            
 Pcon  5000A  -2.977  24.1626      He 1 5.831m  -6.794   0.0037      Ca B 16.20m  -6.997   0.0023      Fe 2 4.114m  -6.945   0.0026            
 HFFc     0   -4.633   0.5339      He 1 7.380m  -6.946   0.0026      Ca B 12.38m  -7.127   0.0017      Fe 2 1.257m  -4.354   1.0149            
 H FF     0   -4.662   0.4996      He 1 9.111m  -7.081   0.0019      Ca B 10.50m  -7.247   0.0013      Fe 2 35.34m  -5.032   0.2132            
 HeFF     0   -5.844   0.0329      He 1 11.02m  -7.204   0.0014      Ca B 9.389m  -7.358   0.0010      Fe 2 6.719m  -5.884   0.0300            
 MeFB     0   -6.990   0.0023      He 1 13.12m  -7.316   0.0011      Ca B 38.86m  -7.153   0.0016      Fe 2 1.321m  -4.932   0.2685            
 ToFF     0   -4.634   0.5331      He 1 61.59m  -7.070   0.0020      Ca B 22.33m  -7.258   0.0013      Fe 2 1.249m  -6.804   0.0036            
 nFnu 122.4m  -6.088   0.0187      C  1  1101A  -6.943   0.0026      H  1     0   -3.372   9.7429      Fe 2  7638A  -6.434   0.0084            
 nInu 122.4m  -3.610   5.6311      C  2 508.6A  -7.259   0.0013      H  1  1216A  -2.973  24.4366      Fe 2 51.29m  -5.602   0.0573            
 nFnu 60.83m  -5.847   0.0326      N  1 853.4A  -7.347   0.0010      H  1  1026A  -5.877   0.0305      Fe 2 8.297m  -5.975   0.0243            
 nInu 60.83m  -3.657   5.0491      grains......................      H  1 972.5A  -5.961   0.0251      Fe 2 5.672m  -6.773   0.0039            
 nFnu 41.22m  -5.688   0.0471      H-like iso-sequence.........      H  1 949.7A  -5.962   0.0250      Fe 2 4.606m  -7.275   0.0012            
 nInu 41.22m  -3.770   3.8984      Ca B  1216A  -2.833  33.6807      H  1 937.8A  -5.937   0.0265      Fe 2 1.372m  -5.156   0.1603            
 nFnu 30.87m  -5.581   0.0602      Q(H)  4861A  -4.312   1.1181      H  1 930.8A  -6.058   0.0201      Fe 2 1.294m  -6.136   0.0168            
 nInu 30.87m  -3.872   3.0796      Q(H)  1216A  -2.787  37.4803      H  1 926.2A  -6.147   0.0164      Fe 2  7687A  -6.717   0.0044            
 nFnu 24.78m  -5.499   0.0727      CaBo  4861A  -4.341   1.0468      H  1 923.2A  -6.156   0.0160      Fe 2 87.36m  -6.339   0.0105            
 nInu 24.78m  -3.951   2.5661      Ca A  1216A  -3.001  22.8903      H  1 921.0A  -6.168   0.0156      Fe 2 9.898m  -6.052   0.0204            
 nFnu 24.30m  -5.493   0.0738      Ca A  1026A  -3.694   4.6414      H  1  6563A  -3.865   3.1269      Fe 2 4.434m  -7.288   0.0012            
 nInu 24.30m  -3.958   2.5239      Ca A 972.5A  -4.117   1.7530      H  1  4861A  -4.361   1.0000      Fe 2 1.328m  -6.382   0.0095            
 nFnu 22.83m  -5.467   0.0782      Ca A 949.7A  -4.424   0.8651      H  1  4340A  -4.697   0.4610      Fe 2 1.279m  -6.511   0.0071            
 nInu 22.83m  -3.980   2.4014      Ca A 937.8A  -4.666   0.4953      H  1  4102A  -4.951   0.2568      Fe 2 11.16m  -6.104   0.0181            
 nFnu 21.42m  -5.446   0.0821      Ca A 930.8A  -4.867   0.3118      H  1  3970A  -5.162   0.1578      Fe 2 1.298m  -6.875   0.0031            
 nInu 21.42m  -4.003   2.2754      Ca A 926.2A  -5.039   0.2098      H  1  3889A  -5.340   0.1047      Fe 2 1.270m  -6.872   0.0031            
 nFnu 21.12m  -5.441   0.0831      Ca A 923.2A  -5.190   0.1483      H  1  3835A  -5.490   0.0742      Fe 2 17.93m  -5.025   0.2164            
 nInu 21.12m  -4.009   2.2473      Ca A 921.0A  -5.324   0.1088      H  1  3798A  -5.621   0.0550      Fe 2 1.644m  -4.427   0.8584            
 nFnu 19.62m  -5.412   0.0889      Ca A 919.4A  -5.445   0.0823      H  1 1.875m  -4.715   0.4426      Fe 2 1.533m  -6.081   0.0190            
 nInu 19.62m  -4.035   2.1177      Ca A 918.1A  -5.556   0.0638      H  1 1.282m  -5.090   0.1864      Fe 2  8617A  -5.856   0.0320            
 nFnu 17.65m  -5.368   0.0983      Ca A 917.2A  -5.657   0.0505      H  1 1.094m  -5.362   0.0997      Fe 2 24.51m  -5.755   0.0403            
 nInu 17.65m  -4.078   1.9163      Ca A 916.4A  -5.751   0.0407      H  1 1.005m  -5.581   0.0602      Fe 2 1.809m  -5.130   0.1701            
 nFnu 17.37m  -5.363   0.0994      Ca A 915.8A  -5.838   0.0333      H  1  9546A  -5.765   0.0394      Fe 2 1.677m  -6.220   0.0138            
 nInu 17.37m  -4.084   1.8904      Ca A 915.3A  -5.920   0.0276      H  1  9229A  -5.922   0.0275      Fe 2 1.599m  -6.450   0.0081            
 nFnu 15.69m  -5.332   0.1069      Ca A 914.9A  -5.996   0.0232      H  1  9015A  -6.059   0.0200      Fe 2  9052A  -6.514   0.0070            
 nInu 15.69m  -4.123   1.7263      Ca A 914.6A  -6.067   0.0197      H  1 4.051m  -5.287   0.1185      Fe 2  8892A  -6.361   0.0100            
 nFnu 14.60m  -5.299   0.1152      Ca A 914.3A  -6.134   0.0168      H  1 2.625m  -5.601   0.0575      Fe 2 35.77m  -6.612   0.0056            
 nInu 14.60m  -4.151   1.6199      Ca A 914.0A  -6.197   0.0146      H  1 2.166m  -5.836   0.0335      Fe 2 1.800m  -6.392   0.0093            
 nFnu 12.43m  -5.235   0.1334      Ca A 913.8A  -6.256   0.0127      H  1 1.945m  -6.028   0.0215      Fe 2 1.711m  -7.031   0.0021            
 nInu 12.43m  -4.216   1.3945      Ca A 913.6A  -6.311   0.0112      H  1 1.817m  -6.191   0.0148      Fe 2 1.664m  -6.912   0.0028            
 nFnu 11.40m  -5.211   0.1413      Ca A 913.5A  -6.362   0.0100      H  1 1.736m  -6.334   0.0106      Fe 2  9399A  -7.291   0.0012            
 nInu 11.40m  -4.250   1.2909      Ca A 913.3A  -6.410   0.0089      H  1 7.458m  -5.741   0.0416      Fe 2  9227A  -6.616   0.0055            
 nFnu 10.46m  -5.168   0.1558      Ca A  6563A  -4.026   2.1584      H  1 4.653m  -6.015   0.0222      Fe 2 1.797m  -6.805   0.0036            
 nInu 10.46m  -4.283   1.1950      Ca A  4861A  -4.516   0.6996      H  1 3.740m  -6.222   0.0138      Fe 2 1.745m  -7.220   0.0014            
 nFnu 9.480m  -5.140   0.1660      Ca A  4340A  -4.855   0.3203      H  1 3.296m  -6.393   0.0093      Fe 2  9471A  -7.182   0.0015            
 nInu 9.480m  -4.323   1.0913      Ca A  4102A  -5.115   0.1761      H  1 3.038m  -6.540   0.0066      Fe 2 22.90m  -7.306   0.0011            
 nFnu 9.325m  -5.136   0.1676      Ca A  3970A  -5.326   0.1082      H  1 12.37m  -6.121   0.0173      Fe 2 1.811m  -7.311   0.0011            
 nInu 9.325m  -4.329   1.0765      Ca A  3889A  -5.505   0.0717      H  1 7.500m  -6.363   0.0099      Fe2b  7000A  -6.244   0.0131            
 nFnu 8.210m  -5.078   0.1919      Ca A  3835A  -5.661   0.0501      H  1 5.907m  -6.552   0.0064      Fe2b 10000A  -3.939   2.6372            
 nInu 8.210m  -4.380   0.9559      Ca A  3798A  -5.798   0.0365      H  1 5.127m  -6.708   0.0045      Fe2b  7445A  -6.244   0.0131            
 nFnu 7.580m  -5.058   0.2009      Ca A  3771A  -5.922   0.0275      H  1 19.06m  -6.449   0.0082      Fe2b  8625A  -5.604   0.0571            
 nInu 7.580m  -4.412   0.8881      Ca A  3750A  -6.034   0.0212      H  1 11.31m  -6.663   0.0050      Fe2b 1.033m  -7.182   0.0015            
 nFnu 7.050m  -5.007   0.2259      Ca A  3734A  -6.137   0.0167      H  1 8.758m  -6.841   0.0033      Fe2b 1.889m  -5.085   0.1888            
 nInu 7.050m  -4.440   0.8326      Ca A  3722A  -6.232   0.0134      H  1 27.80m  -6.738   0.0042      Fe 2  1786A  -6.367   0.0099            
 nFnu 4.114m  -4.784   0.3774      Ca A  3712A  -6.321   0.0110      H  1 16.20m  -6.925   0.0027      Fe3c     0   -5.060   0.1998            
 nInu 4.114m  -4.544   0.6548      Ca A  3704A  -6.403   0.0091      H  1 38.86m  -6.999   0.0023      Fe 3 22.92m  -5.205   0.1430            
 nFnu 2.324m  -4.647   0.5175      Ca A  3697A  -6.481   0.0076      He-like iso-sequence........      Fe 3 33.03m  -5.785   0.0376            
 nInu 2.324m  -4.319   1.1005      Ca A  3692A  -6.554   0.0064      Ca B  2945A  -6.250   0.0129      Fe 3 51.67m  -6.413   0.0089            
 nFnu 1.643m  -4.497   0.7301      Ca A  3687A  -6.623   0.0055      Ca B  3188A  -5.930   0.0270      Fe 3  5271A  -6.992   0.0023            
 nInu 1.643m  -4.086   1.8805      Ca A  3683A  -6.688   0.0047      Ca B  3614A  -6.819   0.0035      Fe 3  4659A  -6.855   0.0032            
 nFnu 1.480m  -4.522   0.6890      Ca A  3679A  -6.750   0.0041      Ca B  3889A  -5.522   0.0689      Fe 3  1126A  -6.851   0.0032            
 nInu 1.480m  -4.042   2.0818      Ca A  3676A  -6.810   0.0036      Ca B  3965A  -6.508   0.0071      recombination...............            
 nFnu 1.436m  -4.162   1.5791      Ca A  3674A  -6.866   0.0031      Ca B  4026A  -6.142   0.0165      O  1  7773A  -7.345   0.0010            
 nInu 1.436m  -3.915   2.7873      Ca A  3671A  -6.920   0.0028      Ca B  4121A  -7.348   0.0010      O  1  1357A  -6.536   0.0067            
 nFnu 1.119m  -4.265   1.2466      Ca A 1.875m  -4.772   0.3880      Ca B  4388A  -6.714   0.0044      C  1  1140A  -6.881   0.0030            
 nInu 1.119m  -3.766   3.9304      Ca A 1.282m  -5.134   0.1684      Ca B  4471A  -5.805   0.0360      C  2  1092A  -7.157   0.0016            
 nFnu  8330A  -4.384   0.9471      Ca A 1.094m  -5.411   0.0890      Ca B  4713A  -6.924   0.0027      C  2  1037A  -6.877   0.0030            
 nInu  8330A  -3.581   6.0160      Ca A 1.005m  -5.634   0.0533      Ca B  4922A  -6.369   0.0098      C  2 946.1A  -6.828   0.0034            
 nFnu  8079A  -3.704   4.5393      Ca A  9546A  -5.820   0.0347      Ca B  5016A  -6.099   0.0183      C  2 799.8A  -5.770   0.0390            
 nInu  8079A  -3.426   8.6058      Ca A  9229A  -5.981   0.0240      Ca B  5048A  -7.319   0.0011      N  1 980.7A  -6.946   0.0026            
 nFnu  6210A  -3.949   2.5820      Ca A  9015A  -6.122   0.0173      Ca B  5876A  -5.327   0.1082      O  1  7950A  -7.073   0.0019            
 nInu  6210A  -3.249  12.9185      Ca A  8863A  -6.249   0.0129      Ca B  6678A  -5.869   0.0310      O  2 386.3A  -7.321   0.0011            
 nFnu  4885A  -4.060   1.9983      Ca A  8750A  -6.364   0.0099      Ca B  7065A  -6.245   0.0131      level2 lines................            
 nInu  4885A  -3.042  20.8293      Ca A  8665A  -6.469   0.0078      Ca B  7281A  -6.748   0.0041      C  1 943.9A  -6.592   0.0059            
 nFnu  3704A  -3.926   2.7202      Ca A  8598A  -6.565   0.0062      Ca B 1.083m  -5.182   0.1509      C  1  1248A  -6.831   0.0034            
 nInu  3704A  -2.808  35.6579      Ca A  8545A  -6.655   0.0051      Ca B 1.197m  -7.138   0.0017      C  1  1561A  -7.072   0.0019            
 nFnu  3588A  -2.941  26.2461      Ca A  8502A  -6.738   0.0042      Ca B 1.278m  -6.560   0.0063      C  1  1315A  -7.016   0.0022            
 nInu  3588A  -2.644  52.0481      Ca A  8467A  -6.817   0.0035      Ca B 1.279m  -7.038   0.0021      C  1  1166A  -7.157   0.0016            
 nFnu  2430A  -3.492   7.3888      Ca A  8438A  -6.891   0.0029      Ca B 1.700m  -6.955   0.0025      C  1  1233A  -7.318   0.0011            
 nInu  2430A  -2.399  91.6078      Ca A  8413A  -6.961   0.0025      Ca B 1.869m  -6.161   0.0158      C  2 892.8A  -6.438   0.0084            
 nFnu  2392A  -3.489   7.4412      Ca A  8392A  -7.027   0.0022      Ca B 1.870m  -6.639   0.0053      C  2 688.8A  -6.673   0.0049            
 nInu  2392A  -2.388  93.8603      Ca A  8374A  -7.089   0.0019      Ca B 2.058m  -6.002   0.0228      C  2  1020A  -6.078   0.0192            
 nFnu  2071A  -3.409   8.9381      Ca A  8359A  -7.149   0.0016      He 1     0   -4.420   0.8729      C  2 596.6A  -6.620   0.0055            
 nInu  2071A  -2.272 122.6389      Ca A  8346A  -7.206   0.0014      He 1 584.3A  -5.496   0.0732      C  2 562.0A  -6.741   0.0042            
 nFnu  2053A  -3.402   9.0836      Ca A  8334A  -7.261   0.0013      He 1 537.0A  -6.826   0.0034      C  2 530.7A  -7.111   0.0018            
 nInu  2053A  -2.271 122.8867      Ca A 4.051m  -5.344   0.1040      He 1 522.2A  -6.642   0.0052      C  2 858.2A  -6.877   0.0030            
 nFnu  1793A  -3.309  11.2720      Ca A 2.625m  -5.625   0.0544      He 1 515.6A  -6.643   0.0052      C  2 638.0A  -7.129   0.0017            
 nInu  1793A  -2.167 156.0125      Ca A 2.166m  -5.857   0.0319      He 1 512.1A  -6.675   0.0049      C  2 524.7A  -7.251   0.0013            
 nFnu  1585A  -3.244  13.0796      Ca A 1.945m  -6.050   0.0204      He 1 625.6A  -3.823   3.4446      C  2 521.8A  -7.215   0.0014            
 nInu  1585A  -2.142 165.4901      Ca A 1.817m  -6.216   0.0139      TOTL 1.083m  -5.189   0.1483      C  2 578.7A  -7.243   0.0013            
 nFnu  1458A  -3.229  13.5232      Ca A 1.736m  -6.362   0.0100      He 1 1.083m  -5.189   0.1483      N  1 942.3A  -6.527   0.0068            
 nInu  1458A  -2.041 208.9263      Ca A 1.681m  -6.491   0.0074      He 1 1.083m  -6.144   0.0165      N  1 952.1A  -6.646   0.0052            
 nFnu  1357A  -3.266  12.4303      Ca A 1.641m  -6.608   0.0057      He 1 1.083m  -5.667   0.0494      N  1  1131A  -6.808   0.0036            
 nInu  1357A  -1.972 244.4133      Ca A 1.611m  -6.715   0.0044      He 1 1.083m  -5.445   0.0824      N  2 532.2A  -7.038   0.0021            
 nFnu  1297A  -3.363   9.9536      Ca A 1.588m  -6.813   0.0035      He 1  3889A  -5.541   0.0660      N  2 634.4A  -6.853   0.0032            
 nInu  1297A  -1.965 248.8641      Ca A 1.570m  -6.904   0.0029      He 1  3188A  -5.950   0.0257      N  2 907.1A  -6.582   0.0060            
 nFnu  1263A  -3.542   6.5783      Ca A 1.556m  -6.988   0.0024      He 1  2945A  -6.273   0.0122      N  2 475.1A  -7.232   0.0013            
 nInu  1263A  -1.977 241.8932      Ca A 1.544m  -7.068   0.0020      He 1  2829A  -6.530   0.0068      N  2 528.1A  -7.047   0.0021            
 nFnu  1218A  -3.463   7.8963      Ca A 1.534m  -7.142   0.0017      He 1 2.058m  -6.159   0.0159      N  2 474.3A  -7.345   0.0010            
 nInu  1218A  -1.963 249.5013      Ca A 1.526m  -7.213   0.0014      He 1  5016A  -6.135   0.0168      N  3 678.2A  -6.975   0.0024            
 nFnu  1196A  -4.505   0.7172      Ca A 1.519m  -7.280   0.0012      He 1  3965A  -6.523   0.0069      N  3 752.1A  -7.163   0.0016            
 nInu  1196A  -1.957 252.9573      Ca A 1.513m  -7.343   0.0010      He 1  3614A  -6.813   0.0035      O  1 867.3A  -7.012   0.0022            
 nFnu  1175A  -4.534   0.6714      Ca A 7.458m  -5.815   0.0351      He 1  3448A  -7.042   0.0021      O  1 976.8A  -6.434   0.0084            
 nInu  1175A  -1.981 239.7240      Ca A 4.653m  -6.039   0.0210      He 1  7065A  -6.280   0.0120      O  1 969.0A  -6.470   0.0078            
 nFnu  1144A  -4.515   0.7006      Ca A 3.740m  -6.236   0.0133      He 1  5876A  -5.306   0.1134      O  1 946.4A  -6.466   0.0078            
 nInu  1144A  -1.880 302.6223      Ca A 3.296m  -6.406   0.0090      He 1  4713A  -6.980   0.0024      O  1 934.5A  -6.500   0.0073            
 nFnu  1113A  -4.497   0.7299      Ca A 3.038m  -6.555   0.0064      He 1  4471A  -5.807   0.0358      O  1 973.6A  -6.653   0.0051            
 nInu  1113A  -1.964 249.2681      Ca A 2.872m  -6.687   0.0047      He 1  4026A  -6.150   0.0162      O  1 927.5A  -6.698   0.0046            
 nFnu  1103A  -4.454   0.8072      Ca A 2.758m  -6.806   0.0036      He 1  3820A  -6.415   0.0088      O  1 948.5A  -6.740   0.0042            
 nInu  1103A  -1.867 311.2365      Ca A 2.674m  -6.914   0.0028      He 1  7281A  -6.752   0.0041      O  1 923.0A  -6.897   0.0029            
 nFnu  1074A  -4.451   0.8113      Ca A 2.612m  -7.013   0.0022      He 1  6678A  -5.847   0.0326      O  1 919.9A  -7.000   0.0023            
 nInu  1074A  -1.882 300.7082      Ca A 2.564m  -7.105   0.0018      He 1  5048A  -7.322   0.0011      O  1 935.7A  -6.882   0.0030            
 nFnu  1064A  -4.448   0.8178      Ca A 2.525m  -7.191   0.0015      He 1  4922A  -6.368   0.0098      O  1 917.7A  -7.105   0.0018            
 nInu  1064A  -1.857 319.1117      Ca A 2.495m  -7.271   0.0012      He 1  4388A  -6.717   0.0044      O  1 918.7A  -7.198   0.0015            
 nFnu  1036A  -4.436   0.8402      Ca A 2.469m  -7.347   0.0010      He 1  4144A  -6.984   0.0024      O  1 928.2A  -7.165   0.0016            
 nInu  1036A  -1.898 290.3159      Ca A 12.37m  -6.218   0.0139      He 1 1.700m  -6.957   0.0025      O  1 917.5A  -7.294   0.0012            
 nFnu  1000A  -4.415   0.8824      Ca A 7.500m  -6.399   0.0091      He 1 1.197m  -7.147   0.0016      O  2 530.8A  -7.025   0.0022            
 nInu  1000A  -1.939 263.9122      Ca A 5.907m  -6.569   0.0062      He 1 1.031m  -7.355   0.0010      O  3 500.7A  -7.284   0.0012            
 nFnu 925.1A  -4.363   0.9947      Ca A 5.127m  -6.719   0.0044      He 1 1.869m  -6.117   0.0175      O  3 698.2A  -7.139   0.0017            
 nInu 925.1A  -1.920 275.4746      Ca A 4.671m  -6.853   0.0032      He 1 1.278m  -6.544   0.0066      Ne 1 688.6A  -7.269   0.0012            
 nFnu 897.8A  -2.798  36.4826      Ca A 4.375m  -6.974   0.0024      He 1 1.091m  -6.852   0.0032      Mg 2  1040A  -7.272   0.0012            
 nFnu 760.0A  -4.910   0.2824      Ca A 4.170m  -7.083   0.0019      He 1 1.870m  -6.595   0.0058      Mg 2 959.3A  -7.228   0.0014            
 nInu 760.0A  -5.873   0.0307      Ca A 4.020m  -7.184   0.0015      He 1 1.279m  -7.022   0.0022      Al 2  1671A  -6.546   0.0065            
 nFnu 701.5A  -5.147   0.1634      Ca A 3.906m  -7.277   0.0012      He 1 1.092m  -7.330   0.0011      Si 2  1180A  -6.053   0.0203            
 nInu 701.5A  -5.294   0.1164      Ca A 19.06m  -6.570   0.0062      He 1 4.037m  -7.291   0.0012      Si 2 993.4A  -6.513   0.0070            
 nFnu 608.2A  -6.745   0.0041      Ca A 11.31m  -6.718   0.0044      He 1 4.048m  -6.730   0.0043      Si 2 893.6A  -7.006   0.0023            
 nInu 608.2A  -4.268   1.2370      Ca A 8.758m  -6.866   0.0031      He 1 2.623m  -7.113   0.0018      Si 2 847.6A  -7.226   0.0014            
 nFnu 575.1A  -6.272   0.0123      Ca A 7.506m  -7.000   0.0023      He 1 4.048m  -7.208   0.0014      Si 2  1024A  -6.639   0.0053            
 nInu 575.1A  -3.996   2.3129      Ca A 6.770m  -7.121   0.0017      He 1 7.454m  -7.250   0.0013      Si 2 822.4A  -7.327   0.0011            
 nFnu 511.9A  -6.689   0.0047      Ca A 6.290m  -7.232   0.0013      Pho+  3889A  -4.869   0.3105      Si 2 903.1A  -7.277   0.0012            
 nInu 511.9A  -3.594   5.8383      Ca A 5.955m  -7.333   0.0011      database lines..............      S  2 750.3A  -6.742   0.0042            
 nFnu 496.9A  -3.449   8.1484      Ca A 27.80m  -6.883   0.0030      level 1 lines...............      S  2 632.7A  -7.228   0.0014            
 nInu 496.9A  -5.485   0.0751      Ca A 16.20m  -7.005   0.0023      C  1  1656A  -6.659   0.0050      S  2 888.4A  -6.960   0.0025            
 nInu 399.2A  -4.733   0.4238      Ca A 12.38m  -7.135   0.0017      REC   1656A  -7.117   0.0018      S  2 587.6A  -7.109   0.0018            
 RRC.........................      Ca A 10.50m  -7.255   0.0013      C Ic  9850A  -6.888   0.0030      S  2 566.1A  -7.241   0.0013            
 H  1 911.8A  -3.979   2.4083      Ca A 38.86m  -7.164   0.0016      TOTL  9850A  -6.880   0.0030      S  3 667.0A  -6.939   0.0026            
 H  1  3646A  -4.404   0.9049      Ca A 22.33m  -7.266   0.0012      C  2 157.6m  -4.419   0.8737      S  3 691.2A  -6.973   0.0024            
 H  1  3646A  -4.011   2.2356      Ca B  6563A  -3.873   3.0712      TOTL  2326A  -7.297   0.0012      S  3 704.2A  -7.131   0.0017            
 H  1  8204A  -5.171   0.1549      Ca B  4861A  -4.360   1.0017      C  2  1335A  -5.785   0.0376      S  3  1007A  -6.792   0.0037            
 H  1  8204A  -4.726   0.4313      Ca B  4340A  -4.700   0.4578      REC   1335A  -5.970   0.0246      Fe 3 911.1A  -6.889   0.0030            
 H  1  8204A  -4.753   0.4049      Ca B  4102A  -4.961   0.2509      C  3 977.0A  -6.130   0.0170      Fe 3 859.6A  -7.259   0.0013            
 H  1 1.458m  -5.694   0.0464      Ca B  3970A  -5.174   0.1537      N  1 953.9A  -6.641   0.0052      Fe 3 896.9A  -7.186   0.0015            
 H  1 1.458m  -5.240   0.1319      Ca B  3889A  -5.354   0.1015      N  1 954.1A  -7.337   0.0011      P  2  1154A  -7.046   0.0021            
 H  1 1.458m  -5.157   0.1600      Ca B  3835A  -5.511   0.0708      N  1  1200A  -6.476   0.0077      P  2 967.2A  -6.794   0.0037            
 H  1 1.458m  -5.415   0.0882      Ca B  3798A  -5.650   0.0514      N  1  5200A  -7.185   0.0015      P  2 963.8A  -6.665   0.0050            
 H  1 2.279m  -6.080   0.0191      Ca B  3771A  -5.774   0.0386      N  1  5198A  -7.261   0.0013      Cr 2  2060A  -7.268   0.0012            
 H  1 2.279m  -5.626   0.0543      Ca B  3750A  -5.887   0.0298      TOTL  5199A  -6.920   0.0028      Cr 3  1033A  -7.333   0.0011            
 H  1 2.279m  -5.508   0.0713      Ca B  3734A  -5.990   0.0234      N  2  6584A  -5.004   0.2272      Cr 3  1036A  -7.232   0.0013            
 H  1 2.279m  -5.616   0.0556      Ca B  3722A  -6.086   0.0188      N  2  6548A  -5.474   0.0770      Mn 2  2590A  -7.284   0.0012            
 H  1 2.279m  -6.036   0.0211      Ca B  3712A  -6.175   0.0153      N  2 121.7m  -5.163   0.1576      Mn 2  1199A  -7.100   0.0018            
 H  1 3.281m  -6.382   0.0095      Ca B  3704A  -6.258   0.0127      N  2 205.4m  -5.178   0.1523      Ni 2  1752A  -7.101   0.0018            
 H  1 3.281m  -5.929   0.0270      Ca B  3697A  -6.335   0.0106      N  2  1085A  -6.219   0.0139      Ni 2  1744A  -7.045   0.0021            
 H  1 3.281m  -5.797   0.0366      Ca B  3692A  -6.409   0.0090      N  3 57.21m  -5.888   0.0297      Ni 2  1485A  -7.274   0.0012            
 H  1 3.281m  -5.848   0.0325      Ca B  3687A  -6.478   0.0076      N  3 991.0A  -6.671   0.0049      Ni 2  1473A  -7.071   0.0019            
 H  1 3.281m  -6.092   0.0186      Ca B  3683A  -6.543   0.0066      O  1  6300A  -6.468   0.0078      Ni 2  1400A  -7.106   0.0018            
 H  1 3.281m  -6.630   0.0054      Ca B  3679A  -6.604   0.0057      O  1  6363A  -6.964   0.0025      Ni 2  1376A  -6.929   0.0027            
 H  1 4.466m  -6.628   0.0054      Ca B  3676A  -6.663   0.0050      O  1 63.17m  -5.859   0.0318      Ni 2  1324A  -6.917   0.0028            
 H  1 4.466m  -6.177   0.0153      Ca B  3674A  -6.718   0.0044      O  1 145.5m  -6.922   0.0027      hyperfine structure.........            
 H  1 4.466m  -6.039   0.0210      Ca B  3671A  -6.771   0.0039      TOTL  3727A  -5.211   0.1410      inner shell.................            
 H  1 4.466m  -6.063   0.0198      Ca B 1.875m  -4.737   0.4205      IONZ  3727A  -6.368   0.0098      molecules...................            
 H  1 4.466m  -6.233   0.0134      Ca B 1.282m  -5.089   0.1867      IONZ  7325A  -7.041   0.0021      H-FB     0   -7.348   0.0010            
 H  1 4.466m  -6.576   0.0061      Ca B 1.094m  -5.362   0.0998      O II  3729A  -5.467   0.0782      H-CT  6563A  -7.020   0.0022            
 H  1 4.466m  -7.200   0.0014      Ca B 1.005m  -5.582   0.0601      O II  3726A  -5.639   0.0527            
 H  1 5.834m  -6.836   0.0033      Ca B  9546A  -5.766   0.0393      O  2 833.8A  -6.741   0.0042            

                                                    Emergent line intensities
 general properties..........      Ca A 937.8A  -4.666   0.4947      Ca B 7.500m  -6.390   0.0094      TOTL  1860A  -6.858   0.0032            
 TOTL  4861A  -4.361   1.0000      Ca A 930.8A  -4.867   0.3114      Ca B 5.907m  -6.559   0.0063      Al 3  1855A  -7.087   0.0019            
 TOTL  1216A  -2.973  24.4322      Ca A 926.2A  -5.039   0.2095      Ca B 5.127m  -6.708   0.0045      Al 3  1863A  -7.245   0.0013            
 continua....................      Ca A 923.2A  -5.190   0.1481      Ca B 4.671m  -6.842   0.0033      Si 2 34.81m  -3.924   2.7299            
 Bac   3646A  -2.951  25.6927      Ca A 921.0A  -5.324   0.1087      Ca B 4.375m  -6.962   0.0025      Si 2  1814A  -7.065   0.0020            
 nFnu  3645A  -2.901  28.8041      Ca A 919.4A  -5.446   0.0822      Ca B 4.170m  -7.071   0.0019      Si 2  1531A  -6.566   0.0062            
 nFnu  3647A  -3.868   3.1114      Ca A 918.1A  -5.556   0.0637      Ca B 4.020m  -7.171   0.0015      Si 2  1308A  -6.517   0.0070            
 cout  3646A  -3.252  12.8463      Ca A 917.2A  -5.658   0.0504      Ca B 3.906m  -7.264   0.0012      Si 2  1263A  -6.088   0.0187            
 cref  3646A  -3.252  12.8464      Ca A 916.4A  -5.752   0.0406      Ca B 3.818m  -7.350   0.0010      Si 3  1207A  -6.554   0.0064            
 thin  3646A  -2.951  25.6929      Ca A 915.8A  -5.839   0.0332      Ca B 19.06m  -6.561   0.0063      P  2 60.64m  -6.352   0.0102            
 Inci  4860A  -3.043  20.7658      Ca A 915.3A  -5.920   0.0276      Ca B 11.31m  -6.710   0.0045      P  2 32.87m  -6.503   0.0072            
 Inci  1215A  -1.962 250.5059      Ca A 914.9A  -5.996   0.0231      Ca B 8.758m  -6.857   0.0032      P  2 1.189m  -7.165   0.0016            
 FIR  83.00m  -3.368   9.8239      Ca A 914.6A  -6.068   0.0196      Ca B 7.506m  -6.991   0.0023      P  3 17.89m  -7.274   0.0012            
 TIR   1800m  -5.684   0.0475      Ca A 914.3A  -6.135   0.0168      Ca B 6.770m  -7.112   0.0018      S  2  6720A  -4.919   0.2764            
 NIRa 2.850m  -2.970  24.6022      Ca A 914.0A  -6.197   0.0146      Ca B 6.290m  -7.222   0.0014      S  2  4074A  -6.715   0.0044            
 NIRb 3.000m  -3.459   7.9775      Ca A 913.8A  -6.256   0.0127      Ca B 5.955m  -7.324   0.0011      S  2 1.033m  -6.884   0.0030            
 MIRa 15.00m  -3.570   6.1709      Ca A 913.6A  -6.311   0.0112      Ca B 27.80m  -6.873   0.0031      S II  6731A  -5.307   0.1131            
 MIRb 22.50m  -3.260  12.6138      Ca A 913.5A  -6.363   0.0100      Ca B 16.20m  -6.997   0.0023      S II  6716A  -5.147   0.1634            
 NMIR 21.75m  -2.970  24.6022      Ca A 913.3A  -6.411   0.0089      Ca B 12.38m  -7.127   0.0017      S II  4070A  -6.841   0.0033            
 TFIR 611.2m  -3.802   3.6190      Ca A  6563A  -4.026   2.1584      Ca B 10.50m  -7.247   0.0013      S II  4078A  -7.314   0.0011            
 TALL 10000A  -1.851 323.4117      Ca A  4861A  -4.516   0.6996      Ca B 9.389m  -7.358   0.0010      S II 1.032m  -7.333   0.0011            
 F12  12.00m  -4.206   1.4273      Ca A  4340A  -4.855   0.3203      Ca B 38.86m  -7.153   0.0016      S  2  1256A  -6.806   0.0036            
 F25  25.00m  -3.997   2.3105      Ca A  4102A  -5.115   0.1761      Ca B 22.33m  -7.258   0.0013      S  3 18.67m  -4.775   0.3850            
 F60  60.00m  -3.814   3.5236      Ca A  3970A  -5.326   0.1082      H  1  1216A  -2.973  24.4322      S  3 33.47m  -4.362   0.9965            
 F100 100.0m  -4.011   2.2351      Ca A  3889A  -5.505   0.0717      H  1  1026A  -5.877   0.0305      S  3  9532A  -5.217   0.1393            
 MIPS 24.00m  -4.133   1.6875      Ca A  3835A  -5.661   0.0501      H  1 972.5A  -5.961   0.0251      S  3  9069A  -5.611   0.0562            
 MIPS 70.00m  -4.184   1.5027      Ca A  3798A  -5.798   0.0365      H  1 949.7A  -5.962   0.0250      S  3  1198A  -6.864   0.0031            
 MIPS 160.0m  -4.117   1.7521      Ca A  3771A  -5.922   0.0275      H  1 937.8A  -5.937   0.0265      Cl 2 33.30m  -7.178   0.0015            
 IRAC 3.600m  -4.910   0.2820      Ca A  3750A  -6.034   0.0212      H  1 930.8A  -6.058   0.0201      Cl 2 14.40m  -6.089   0.0187            
 IRAC 4.500m  -4.773   0.3870      Ca A  3734A  -6.137   0.0167      H  1 926.2A  -6.147   0.0164      Cl 2  8579A  -6.482   0.0076            
 IRAC 5.800m  -4.003   2.2802      Ca A  3722A  -6.232   0.0134      H  1 923.2A  -6.157   0.0160      Cl 2  9124A  -7.060   0.0020            
 IRAC 8.000m  -4.508   0.7113      Ca A  3712A  -6.321   0.0110      H  1 921.0A  -6.168   0.0156      Ar 2 6.980m  -5.417   0.0878            
 SPR1 250.0m  -4.839   0.3326      Ca A  3704A  -6.403   0.0091      H  1  6563A  -3.865   3.1269      Ar 3  7135A  -6.199   0.0145            
 SPR2 350.0m  -5.269   0.1235      Ca A  3697A  -6.481   0.0076      H  1  4861A  -4.361   1.0000      Ar 3  7751A  -6.817   0.0035            
 SPR3 500.0m  -5.647   0.0517      Ca A  3692A  -6.554   0.0064      H  1  4340A  -4.697   0.4610      Ar 3 21.83m  -6.558   0.0063            
 PAC1 70.00m  -4.120   1.7392      Ca A  3687A  -6.623   0.0055      H  1  4102A  -4.951   0.2568      Ar 3 9.000m  -5.371   0.0977            
 PAC2 100.0m  -3.987   2.3642      Ca A  3683A  -6.688   0.0047      H  1  3970A  -5.162   0.1578      Ca 2  3933A  -6.907   0.0028            
 PAC3 160.0m  -3.970   2.4579      Ca A  3679A  -6.750   0.0041      H  1  3889A  -5.340   0.1047      Ca 2  8579A  -7.236   0.0013            
 PAH  3.300m  -5.691   0.0468      Ca A  3676A  -6.810   0.0036      H  1  3835A  -5.490   0.0742      Ca 2  7306A  -5.355   0.1013            
 PAHC 3.230m  -6.032   0.0213      Ca A  3674A  -6.866   0.0031      H  1  3798A  -5.621   0.0550      Ca2K  3934A  -7.145   0.0016            
 PAHC 3.370m  -6.135   0.0168      Ca A  3671A  -6.920   0.0028      H  1 1.875m  -4.715   0.4426      Ca2H  3969A  -7.282   0.0012            
 PAH  6.200m  -5.413   0.0886      Ca A 1.875m  -4.772   0.3880      H  1 1.282m  -5.090   0.1864      CaF1  7291A  -5.581   0.0602            
 PAHC 5.650m  -5.404   0.0906      Ca A 1.282m  -5.134   0.1684      H  1 1.094m  -5.362   0.0997      CaF2  7324A  -5.747   0.0410            
 PAH  7.900m  -5.007   0.2258      Ca A 1.094m  -5.411   0.0890      H  1 1.005m  -5.581   0.0602      Cr 3  5828A  -6.986   0.0024            
 PAHC 6.900m  -4.922   0.2745      Ca A 1.005m  -5.634   0.0533      H  1  9546A  -5.765   0.0394      Fe 2  4300A  -5.556   0.0638            
 PAH  11.30m  -5.490   0.0742      Ca A  9546A  -5.820   0.0347      H  1  9229A  -5.922   0.0275      Fe 2  2400A  -6.257   0.0127            
 PAHC 10.90m  -5.643   0.0521      Ca A  9229A  -5.981   0.0240      H  1  9015A  -6.060   0.0200      Fe 2  6200A  -7.324   0.0011            
 PAH  11.80m  -5.420   0.0873      Ca A  9015A  -6.122   0.0173      H  1 4.051m  -5.287   0.1185      Fe 2 25.98m  -4.397   0.9193            
 PAHC 12.65m  -4.645   0.5190      Ca A  8863A  -6.249   0.0129      H  1 2.625m  -5.601   0.0575      Fe 2 5.339m  -4.055   2.0195            
 PAH  13.30m  -5.370   0.0978      Ca A  8750A  -6.364   0.0099      H  1 2.166m  -5.836   0.0335      Fe 2 4.114m  -6.945   0.0026            
 PAHC 14.10m  -5.297   0.1157      Ca A  8665A  -6.469   0.0078      H  1 1.945m  -6.028   0.0215      Fe 2 1.257m  -4.354   1.0149            
 Bcon  3640A  -1.939 263.7470      Ca A  8598A  -6.565   0.0062      H  1 1.817m  -6.191   0.0148      Fe 2 35.34m  -5.032   0.2132            
 Pcon  5000A  -2.977  24.1626      Ca A  8545A  -6.655   0.0051      H  1 1.736m  -6.334   0.0106      Fe 2 6.719m  -5.884   0.0300            
 nFnu 122.4m  -6.088   0.0187      Ca A  8502A  -6.739   0.0042      H  1 7.458m  -5.741   0.0416      Fe 2 1.321m  -4.932   0.2685            
 nInu 122.4m  -3.610   5.6312      Ca A  8467A  -6.817   0.0035      H  1 4.653m  -6.015   0.0222      Fe 2 1.249m  -6.804   0.0036            
 nFnu 60.83m  -5.847   0.0326      Ca A  8438A  -6.891   0.0029      H  1 3.740m  -6.222   0.0138      Fe 2  7638A  -6.434   0.0084            
 nInu 60.83m  -3.657   5.0491      Ca A  8413A  -6.961   0.0025      H  1 3.296m  -6.393   0.0093      Fe 2 51.29m  -5.602   0.0573            
 nFnu 41.22m  -5.688   0.0471      Ca A  8392A  -7.027   0.0022      H  1 3.038m  -6.540   0.0066      Fe 2 8.297m  -5.975   0.0243            
 nInu 41.22m  -3.770   3.8985      Ca A  8374A  -7.089   0.0019      H  1 12.37m  -6.121   0.0173      Fe 2 5.672m  -6.773   0.0039            
 nFnu 30.87m  -5.581   0.0602      Ca A  8359A  -7.149   0.0016      H  1 7.500m  -6.363   0.0099      Fe 2 4.606m  -7.275   0.0012            
 nInu 30.87m  -3.872   3.0796      Ca A  8346A  -7.206   0.0014      H  1 5.907m  -6.552   0.0064      Fe 2 1.372m  -5.156   0.1603            
 nFnu 24.78m  -5.499   0.0727      Ca A  8334A  -7.261   0.0013      H  1 5.127m  -6.708   0.0045      Fe 2 1.294m  -6.136   0.0168            
 nInu 24.78m  -3.951   2.5661      Ca A 4.051m  -5.344   0.1040      H  1 19.06m  -6.449   0.0082      Fe 2  7687A  -6.717   0.0044            
 nFnu 24.30m  -5.493   0.0738      Ca A 2.625m  -5.625   0.0544      H  1 11.31m  -6.663   0.0050      Fe 2 87.36m  -6.339   0.0105            
 nInu 24.30m  -3.958   2.5239      Ca A 2.166m  -5.857   0.0319      H  1 8.758m  -6.841   0.0033      Fe 2 9.898m  -6.052   0.0204            
 nFnu 22.83m  -5.467   0.0782      Ca A 1.945m  -6.050   0.0204      H  1 27.80m  -6.738   0.0042      Fe 2 4.434m  -7.288   0.0012            
 nInu 22.83m  -3.980   2.4014      Ca A 1.817m  -6.216   0.0139      H  1 16.20m  -6.925   0.0027      Fe 2 1.328m  -6.382   0.0095            
 nFnu 21.42m  -5.446   0.0821      Ca A 1.736m  -6.362   0.0100      H  1 38.86m  -6.999   0.0023      Fe 2 1.279m  -6.511   0.0071            
 nInu 21.42m  -4.003   2.2755      Ca A 1.681m  -6.491   0.0074      He-like iso-sequence........      Fe 2 11.16m  -6.104   0.0181            
 nFnu 21.12m  -5.441   0.0831      Ca A 1.641m  -6.608   0.0057      Ca B  2945A  -6.250   0.0129      Fe 2 1.298m  -6.875   0.0031            
 nInu 21.12m  -4.009   2.2473      Ca A 1.611m  -6.715   0.0044      Ca B  3188A  -5.930   0.0270      Fe 2 1.270m  -6.872   0.0031            
 nFnu 19.62m  -5.412   0.0889      Ca A 1.588m  -6.813   0.0035      Ca B  3614A  -6.819   0.0035      Fe 2 17.93m  -5.025   0.2164            
 nInu 19.62m  -4.035   2.1177      Ca A 1.570m  -6.904   0.0029      Ca B  3889A  -5.522   0.0689      Fe 2 1.644m  -4.427   0.8584            
 nFnu 17.65m  -5.368   0.0983      Ca A 1.556m  -6.988   0.0024      Ca B  3965A  -6.508   0.0071      Fe 2 1.533m  -6.081   0.0190            
 nInu 17.65m  -4.078   1.9164      Ca A 1.544m  -7.068   0.0020      Ca B  4026A  -6.142   0.0165      Fe 2  8617A  -5.856   0.0320            
 nFnu 17.37m  -5.363   0.0994      Ca A 1.534m  -7.142   0.0017      Ca B  4121A  -7.348   0.0010      Fe 2 24.51m  -5.755   0.0403            
 nInu 17.37m  -4.084   1.8904      Ca A 1.526m  -7.213   0.0014      Ca B  4388A  -6.714   0.0044      Fe 2 1.809m  -5.130   0.1701            
 nFnu 15.69m  -5.332   0.1069      Ca A 1.519m  -7.280   0.0012      Ca B  4471A  -5.805   0.0360      Fe 2 1.677m  -6.220   0.0138            
 nInu 15.69m  -4.123   1.7263      Ca A 1.513m  -7.343   0.0010      Ca B  4713A  -6.924   0.0027      Fe 2 1.599m  -6.450   0.0081            
 nFnu 14.60m  -5.299   0.1152      Ca A 7.458m  -5.815   0.0351      Ca B  4922A  -6.369   0.0098      Fe 2  9052A  -6.514   0.0070            
 nInu 14.60m  -4.151   1.6200      Ca A 4.653m  -6.039   0.0210      Ca B  5016A  -6.099   0.0183      Fe 2  8892A  -6.361   0.0100            
 nFnu 12.43m  -5.235   0.1334      Ca A 3.740m  -6.236   0.0133      Ca B  5048A  -7.319   0.0011      Fe 2 35.77m  -6.612   0.0056            
 nInu 12.43m  -4.216   1.3945      Ca A 3.296m  -6.406   0.0090      Ca B  5876A  -5.327   0.1082      Fe 2 1.800m  -6.392   0.0093            
 nFnu 11.40m  -5.211   0.1413      Ca A 3.038m  -6.555   0.0064      Ca B  6678A  -5.869   0.0310      Fe 2 1.711m  -7.031   0.0021            
 nInu 11.40m  -4.250   1.2909      Ca A 2.872m  -6.687   0.0047      Ca B  7065A  -6.245   0.0131      Fe 2 1.664m  -6.912   0.0028            
 nFnu 10.46m  -5.168   0.1558      Ca A 2.758m  -6.806   0.0036      Ca B  7281A  -6.748   0.0041      Fe 2  9399A  -7.291   0.0012            
 nInu 10.46m  -4.283   1.1950      Ca A 2.674m  -6.914   0.0028      Ca B 1.083m  -5.182   0.1509      Fe 2  9227A  -6.616   0.0055            
 nFnu 9.480m  -5.140   0.1660      Ca A 2.612m  -7.013   0.0022      Ca B 1.197m  -7.138   0.0017      Fe 2 1.797m  -6.805   0.0036            
 nInu 9.480m  -4.323   1.0914      Ca A 2.564m  -7.105   0.0018      Ca B 1.278m  -6.560   0.0063      Fe 2 1.745m  -7.220   0.0014            
 nFnu 9.325m  -5.136   0.1676      Ca A 2.525m  -7.191   0.0015      Ca B 1.279m  -7.038   0.0021      Fe 2  9471A  -7.182   0.0015            
 nInu 9.325m  -4.329   1.0766      Ca A 2.495m  -7.271   0.0012      Ca B 1.700m  -6.955   0.0025      Fe 2 22.90m  -7.306   0.0011            
 nFnu 8.210m  -5.078   0.1919      Ca A 2.469m  -7.347   0.0010      Ca B 1.869m  -6.161   0.0158      Fe 2 1.811m  -7.311   0.0011            
 nInu 8.210m  -4.380   0.9559      Ca A 12.37m  -6.218   0.0139      Ca B 1.870m  -6.639   0.0053      Fe2b  7000A  -6.244   0.0131            
 nFnu 7.580m  -5.058   0.2009      Ca A 7.500m  -6.399   0.0091      Ca B 2.058m  -6.002   0.0228      Fe2b 10000A  -3.939   2.6372            
 nInu 7.580m  -4.412   0.8881      Ca A 5.907m  -6.569   0.0062      He 1 584.3A  -5.668   0.0493      Fe2b  7445A  -6.244   0.0131            
 nFnu 7.050m  -5.007   0.2259      Ca A 5.127m  -6.719   0.0044      He 1 537.0A  -6.874   0.0031      Fe2b  8625A  -5.604   0.0571            
 nInu 7.050m  -4.440   0.8326      Ca A 4.671m  -6.853   0.0032      He 1 522.2A  -6.669   0.0049      Fe2b 1.033m  -7.182   0.0015            
 nFnu 4.114m  -4.784   0.3774      Ca A 4.375m  -6.974   0.0024      He 1 515.6A  -6.672   0.0049      Fe2b 1.889m  -5.085   0.1888            
 nInu 4.114m  -4.544   0.6548      Ca A 4.170m  -7.083   0.0019      He 1 512.1A  -6.708   0.0045      Fe 2  1786A  -6.367   0.0099            
 nFnu 2.324m  -4.647   0.5175      Ca A 4.020m  -7.184   0.0015      He 1 625.6A  -4.551   0.6455      Fe 3 22.92m  -5.205   0.1430            
 nInu 2.324m  -4.319   1.1005      Ca A 3.906m  -7.277   0.0012      TOTL 1.083m  -5.189   0.1483      Fe 3 33.03m  -5.785   0.0376            
 nFnu 1.643m  -4.497   0.7301      Ca A 19.06m  -6.570   0.0062      He 1 1.083m  -5.189   0.1483      Fe 3 51.67m  -6.413   0.0089            
 nInu 1.643m  -4.086   1.8805      Ca A 11.31m  -6.718   0.0044      He 1 1.083m  -6.144   0.0165      Fe 3  5271A  -6.992   0.0023            
 nFnu 1.480m  -4.522   0.6890      Ca A 8.758m  -6.866   0.0031      He 1 1.083m  -5.667   0.0494      Fe 3  4659A  -6.855   0.0032            
 nInu 1.480m  -4.042   2.0818      Ca A 7.506m  -7.000   0.0023      He 1 1.083m  -5.445   0.0824      Fe 3  1126A  -6.851   0.0032            
 nFnu 1.436m  -4.162   1.5792      Ca A 6.770m  -7.121   0.0017      He 1  3889A  -5.541   0.0660      recombination...............            
 nInu 1.436m  -3.915   2.7874      Ca A 6.290m  -7.232   0.0013      He 1  3188A  -5.950   0.0257      O  1  7773A  -7.345   0.0010            
 nFnu 1.119m  -4.265   1.2466      Ca A 5.955m  -7.333   0.0011      He 1  2945A  -6.273   0.0122      O  1  1357A  -6.536   0.0067            
 nInu 1.119m  -3.766   3.9305      Ca A 27.80m  -6.883   0.0030      He 1  2829A  -6.530   0.0068      C  1  1140A  -6.881   0.0030            
 nFnu  8330A  -4.384   0.9471      Ca A 16.20m  -7.005   0.0023      He 1 2.058m  -6.159   0.0159      C  2  1092A  -7.158   0.0016            
 nInu  8330A  -3.581   6.0161      Ca A 12.38m  -7.135   0.0017      He 1  5016A  -6.135   0.0168      C  2  1037A  -6.877   0.0030            
 nFnu  8079A  -3.704   4.5394      Ca A 10.50m  -7.255   0.0013      He 1  3965A  -6.523   0.0069      C  2 946.1A  -6.829   0.0034            
 nInu  8079A  -3.426   8.6060      Ca A 38.86m  -7.164   0.0016      He 1  3614A  -6.813   0.0035      C  2 799.8A  -6.589   0.0059            
 nFnu  6210A  -3.949   2.5821      Ca A 22.33m  -7.266   0.0012      He 1  3448A  -7.042   0.0021      N  1 980.7A  -6.947   0.0026            
 nInu  6210A  -3.249  12.9188      Ca B  6563A  -3.873   3.0712      He 1  7065A  -6.280   0.0120      O  1  7950A  -7.073   0.0019            
 nFnu  4885A  -4.060   1.9983      Ca B  4861A  -4.360   1.0017      He 1  5876A  -5.306   0.1134      level2 lines................            
 nInu  4885A  -3.042  20.8297      Ca B  4340A  -4.700   0.4578      He 1  4713A  -6.980   0.0024      C  1 943.9A  -6.592   0.0059            
 nFnu  3704A  -3.926   2.7203      Ca B  4102A  -4.961   0.2509      He 1  4471A  -5.807   0.0358      C  1  1248A  -6.832   0.0034            
 nInu  3704A  -2.808  35.6585      Ca B  3970A  -5.174   0.1537      He 1  4026A  -6.150   0.0162      C  1  1561A  -7.072   0.0019            
 nFnu  3588A  -2.941  26.2465      Ca B  3889A  -5.354   0.1015      He 1  3820A  -6.415   0.0088      C  1  1315A  -7.017   0.0022            
 nInu  3588A  -2.644  52.0491      Ca B  3835A  -5.511   0.0708      He 1  7281A  -6.752   0.0041      C  1  1166A  -7.157   0.0016            
 nFnu  2430A  -3.492   7.3889      Ca B  3798A  -5.650   0.0514      He 1  6678A  -5.847   0.0326      C  1  1233A  -7.318   0.0011            
 nInu  2430A  -2.399  91.6095      Ca B  3771A  -5.774   0.0386      He 1  5048A  -7.322   0.0011      C  2 892.8A  -6.606   0.0057            
 nFnu  2392A  -3.489   7.4413      Ca B  3750A  -5.887   0.0298      He 1  4922A  -6.368   0.0098      C  2 688.8A  -6.763   0.0040            
 nInu  2392A  -2.388  93.8620      Ca B  3734A  -5.990   0.0234      He 1  4388A  -6.717   0.0044      C  2  1020A  -6.078   0.0192            
 nFnu  2071A  -3.409   8.9383      Ca B  3722A  -6.086   0.0188      He 1  4144A  -6.984   0.0024      C  2 596.6A  -6.709   0.0045            
 nInu  2071A  -2.272 122.6411      Ca B  3712A  -6.175   0.0153      He 1 1.700m  -6.957   0.0025      C  2 562.0A  -6.845   0.0033            
 nFnu  2053A  -3.402   9.0838      Ca B  3704A  -6.258   0.0127      He 1 1.197m  -7.147   0.0016      C  2 530.7A  -7.228   0.0014            
 nInu  2053A  -2.271 122.8889      Ca B  3697A  -6.335   0.0106      He 1 1.031m  -7.355   0.0010      C  2 858.2A  -7.124   0.0017            
 nFnu  1793A  -3.309  11.2723      Ca B  3692A  -6.409   0.0090      He 1 1.869m  -6.117   0.0175      N  1 942.3A  -6.527   0.0068            
 nInu  1793A  -2.167 156.0153      Ca B  3687A  -6.478   0.0076      He 1 1.278m  -6.544   0.0066      N  1 952.1A  -6.646   0.0052            
 nFnu  1585A  -3.244  13.0798      Ca B  3683A  -6.543   0.0066      He 1 1.091m  -6.852   0.0032      N  1  1131A  -6.808   0.0036            
 nInu  1585A  -2.142 165.4931      Ca B  3679A  -6.604   0.0057      He 1 1.870m  -6.595   0.0058      N  2 532.2A  -7.133   0.0017            
 nFnu  1458A  -3.229  13.5234      Ca B  3676A  -6.663   0.0050      He 1 1.279m  -7.022   0.0022      N  2 634.4A  -6.998   0.0023            
 nInu  1458A  -2.041 208.9302      Ca B  3674A  -6.718   0.0044      He 1 1.092m  -7.330   0.0011      N  2 907.1A  -6.775   0.0039            
 nFnu  1357A  -3.266  12.4305      Ca B  3671A  -6.771   0.0039      He 1 4.037m  -7.291   0.0012      N  2 528.1A  -7.168   0.0016            
 nInu  1357A  -1.972 244.4178      Ca B 1.875m  -4.737   0.4205      He 1 4.048m  -6.730   0.0043      N  3 678.2A  -7.186   0.0015            
 nFnu  1297A  -3.363   9.9538      Ca B 1.282m  -5.089   0.1867      He 1 2.623m  -7.113   0.0018      O  1 867.3A  -7.340   0.0010            
 nInu  1297A  -1.965 248.8687      Ca B 1.094m  -5.362   0.0998      He 1 4.048m  -7.208   0.0014      O  1 976.8A  -6.434   0.0084            
 nFnu  1263A  -3.542   6.5784      Ca B 1.005m  -5.582   0.0601      He 1 7.454m  -7.250   0.0013      O  1 969.0A  -6.471   0.0078            
 nInu  1263A  -1.977 241.8976      Ca B  9546A  -5.766   0.0393      Pho+  3889A  -4.869   0.3105      O  1 946.4A  -6.466   0.0078            
 nFnu  1218A  -3.463   7.8964      Ca B  9229A  -5.926   0.0272      database lines..............      O  1 934.5A  -6.500   0.0072            
 nInu  1218A  -1.963 249.5059      Ca B  9015A  -6.067   0.0196      level 1 lines...............      O  1 973.6A  -6.653   0.0051            
 nFnu  1196A  -4.505   0.7172      Ca B  8863A  -6.194   0.0147      C  1  1656A  -6.659   0.0050      O  1 927.5A  -6.699   0.0046            
 nInu  1196A  -1.957 252.9620      Ca B  8750A  -6.308   0.0113      REC   1656A  -7.117   0.0018      O  1 948.5A  -6.740   0.0042            
 nFnu  1175A  -4.534   0.6714      Ca B  8665A  -6.413   0.0089      C Ic  9850A  -6.888   0.0030      O  1 923.0A  -6.897   0.0029            
 nInu  1175A  -1.981 239.7284      Ca B  8598A  -6.509   0.0071      TOTL  9850A  -6.880   0.0030      O  1 919.9A  -7.001   0.0023            
 nFnu  1144A  -4.515   0.7006      Ca B  8545A  -6.599   0.0058      C  2 157.6m  -4.419   0.8737      O  1 935.7A  -6.882   0.0030            
 nInu  1144A  -1.880 302.6278      Ca B  8502A  -6.682   0.0048      TOTL  2326A  -7.297   0.0012      O  1 917.7A  -7.106   0.0018            
 nFnu  1113A  -4.497   0.7300      Ca B  8467A  -6.761   0.0040      C  2  1335A  -5.785   0.0376      O  1 918.7A  -7.198   0.0015            
 nInu  1113A  -1.964 249.2727      Ca B  8438A  -6.834   0.0034      REC   1335A  -5.970   0.0246      O  1 928.2A  -7.166   0.0016            
 nFnu  1103A  -4.454   0.8073      Ca B  8413A  -6.904   0.0029      C  3 977.0A  -6.130   0.0170      O  1 917.5A  -7.295   0.0012            
 nInu  1103A  -1.867 311.2422      Ca B  8392A  -6.970   0.0025      N  1 953.9A  -6.641   0.0052      O  2 530.8A  -7.082   0.0019            
 nFnu  1074A  -4.451   0.8113      Ca B  8374A  -7.032   0.0021      N  1 954.1A  -7.338   0.0011      Mg 2  1040A  -7.273   0.0012            
 nInu  1074A  -1.882 300.7137      Ca B  8359A  -7.091   0.0019      N  1  1200A  -6.476   0.0077      Mg 2 959.3A  -7.229   0.0014            
 nFnu  1064A  -4.448   0.8178      Ca B  8346A  -7.148   0.0016      N  1  5200A  -7.185   0.0015      Al 2  1671A  -6.546   0.0065            
 nInu  1064A  -1.857 319.1175      Ca B  8334A  -7.201   0.0014      N  1  5198A  -7.261   0.0013      Si 2  1180A  -6.053   0.0203            
 nFnu  1036A  -4.436   0.8402      Ca B 4.051m  -5.328   0.1079      TOTL  5199A  -6.920   0.0028      Si 2 993.4A  -6.513   0.0070            
 nInu  1036A  -1.898 290.3212      Ca B 2.625m  -5.605   0.0570      N  2  6584A  -5.004   0.2272      Si 2 893.6A  -7.310   0.0011            
 nFnu  1000A  -4.415   0.8824      Ca B 2.166m  -5.834   0.0336      N  2  6548A  -5.474   0.0770      Si 2  1024A  -6.639   0.0053            
 nInu  1000A  -1.939 263.9170      Ca B 1.945m  -6.025   0.0216      N  2 121.7m  -5.163   0.1576      S  2 750.3A  -6.924   0.0027            
 nFnu 925.1A  -4.363   0.9947      Ca B 1.817m  -6.190   0.0148      N  2 205.4m  -5.178   0.1523      S  2 888.4A  -7.210   0.0014            
 nInu 925.1A  -1.920 275.4796      Ca B 1.736m  -6.334   0.0106      N  2  1085A  -6.219   0.0139      S  2 587.6A  -7.322   0.0011            
 nFnu 897.8A  -2.798  36.4833      Ca B 1.681m  -6.463   0.0079      N  3 57.21m  -5.888   0.0297      S  3 667.0A  -7.119   0.0017            
 nFnu 760.0A  -4.910   0.2824      Ca B 1.641m  -6.580   0.0060      N  3 991.0A  -6.672   0.0049      S  3 691.2A  -7.144   0.0016            
 nInu 760.0A  -5.873   0.0307      Ca B 1.611m  -6.686   0.0047      O  1  6300A  -6.468   0.0078      S  3 704.2A  -7.333   0.0011            
 nFnu 701.5A  -5.147   0.1634      Ca B 1.588m  -6.784   0.0038      O  1  6363A  -6.965   0.0025      S  3  1007A  -6.792   0.0037            
 nInu 701.5A  -5.294   0.1164      Ca B 1.570m  -6.875   0.0031      O  1 63.17m  -5.859   0.0318      Fe 3 911.1A  -7.146   0.0016            
 nFnu 608.2A  -6.745   0.0041      Ca B 1.556m  -6.959   0.0025      O  1 145.5m  -6.922   0.0027      P  2  1154A  -7.046   0.0021            
 nInu 608.2A  -4.268   1.2370      Ca B 1.544m  -7.038   0.0021      TOTL  3727A  -5.211   0.1410      P  2 967.2A  -6.795   0.0037            
 nFnu 575.1A  -6.272   0.0123      Ca B 1.534m  -7.112   0.0018      IONZ  3727A  -6.368   0.0098      P  2 963.8A  -6.665   0.0050            
 nInu 575.1A  -3.996   2.3129      Ca B 1.526m  -7.183   0.0015      IONZ  7325A  -7.041   0.0021      Cr 2  2060A  -7.268   0.0012            
 nFnu 511.9A  -6.689   0.0047      Ca B 1.519m  -7.249   0.0013      O II  3729A  -5.467   0.0782      Cr 3  1033A  -7.334   0.0011            
 nInu 511.9A  -3.594   5.8384      Ca B 1.513m  -7.312   0.0011      O II  3726A  -5.639   0.0527      Cr 3  1036A  -7.232   0.0013            
 nFnu 496.9A  -3.449   8.1486      Ca B 7.458m  -5.804   0.0360      O  2 833.8A  -6.811   0.0035      Mn 2  2590A  -7.284   0.0012            
 nInu 496.9A  -5.485   0.0751      Ca B 4.653m  -6.027   0.0216      O  3  5007A  -6.718   0.0044      Mn 2  1199A  -7.100   0.0018            
 nInu 399.2A  -4.733   0.4238      Ca B 3.740m  -6.222   0.0137      O  3  4959A  -7.197   0.0015      Ni 2  1752A  -7.101   0.0018            
 RRC.........................      Ca B 3.296m  -6.391   0.0093      O  3 88.33m  -5.634   0.0532      Ni 2  1744A  -7.045   0.0021            
 grains......................      Ca B 3.038m  -6.538   0.0066      O  3 51.80m  -5.881   0.0302      Ni 2  1485A  -7.274   0.0012            
 H-like iso-sequence.........      Ca B 2.872m  -6.670   0.0049      Ne 2 12.81m  -4.747   0.4104      Ni 2  1473A  -7.071   0.0019            
 Ca B  1216A  -2.833  33.6813      Ca B 2.758m  -6.788   0.0037      Ne 3 15.55m  -6.168   0.0156      Ni 2  1400A  -7.106   0.0018            
 Q(H)  4861A  -4.312   1.1182      Ca B 2.674m  -6.896   0.0029      Ne 3 36.01m  -7.234   0.0013      Ni 2  1376A  -6.929   0.0027            
 Q(H)  1216A  -2.787  37.4810      Ca B 2.612m  -6.995   0.0023      Na 1  5892A  -7.279   0.0012      Ni 2  1324A  -6.917   0.0028            
 CaBo  4861A  -4.402   0.9089      Ca B 2.564m  -7.087   0.0019      Mg 1  2853A  -7.097   0.0018      hyperfine structure.........            
 Ca A  1216A  -3.001  22.8852      Ca B 2.525m  -7.173   0.0015      Mg 1  2026A  -7.210   0.0014      inner shell.................            
 Ca A  1026A  -3.695   4.6347      Ca B 2.495m  -7.252   0.0013      TOTL  2798A  -5.949   0.0258      molecules...................            
 Ca A 972.5A  -4.117   1.7506      Ca B 2.469m  -7.328   0.0011      Mg 2  2796A  -6.148   0.0163      H-CT  6563A  -7.020   0.0022            
 Ca A 949.7A  -4.424   0.8639      Ca B 12.37m  -6.209   0.0142      Mg 2  2803A  -6.383   0.0095            



                                                                           
 Cooling:  HFBc     0 :0.070 Fe2c     0 :0.410  
 Heating:  BFH1     0 :0.924 BFHe     0 :0.069  

 These are some of the most important databases used by Cloudy:
 Many recombination coefficients were taken from http://amdpp.phys.strath.ac.uk/tamoc/RR/ and http://amdpp.phys.strath.ac.uk/tamoc/DR/
      and are based on the following papers:
        Badnell N. R., et al., A&A 406, 1151 (2003) [http://adsabs.harvard.edu/abs/2003A%26A...406.1151B]
        Badnell N. R., ApJS 167, 334 (2006) [http://adsabs.harvard.edu/abs/2006ApJS..167..334B]
 Much of the molecular emission data is from LAMDA as accessed on Dec. 18, 2010. This database is described in:
        Schoeier F.L., et al., A&A 432, 369 (2005) [http://adsabs.harvard.edu/abs/2005A%26A...432..369S]
      This database is in part based on the work of the following groups:
        JPL: Pickett H. M. et al., JQSRT, 60, 883 (1998). [http://adsabs.harvard.edu/abs/1998JQSRT..60..883P]
        CDMS: Mueller H. S. et al., A&A 370, L49 (2001). [http://adsabs.harvard.edu/abs/2001A%26A...370L..49M]
              Mueller H. S. et al., J. Mol. Struct. 742, 215 (2005). [http://adsabs.harvard.edu/abs/2005JMoSt.742..215M]
 Much of the ionic emission data is from version 7.0 of CHIANTI. CHIANTI is a collaborative project involving the NRL (USA), the
      Universities of Florence (Italy) and Cambridge (UK), and George Mason University (USA). These papers describe Chianti:
        Dere K. P., et al., A&AS, 125, 149 (1997) [http://adsabs.harvard.edu/abs/1997A%26AS..125..149D]
        Landi E., et al., ApJ, 744, 99 (2012) [http://adsabs.harvard.edu/abs/2012ApJ...744...99L]
 Much of the H_2 data is from this web site: http://molat.obspm.fr/index.php?page=pages/Molecules/H2/H2can94.php. These data are
      described in:
        Abgrall H. et al., Can. J. Phys., 72, 856 (1994) [http://adsabs.harvard.edu/abs/1994CaJPh..72..856A]
        Wrathmall S. A. & Flower D. R., J. Phys. B, 40, 3221 (2007) [http://adsabs.harvard.edu/abs/2007JPhB...40.3221W]
 Please cite those papers that played a significant role in this calculation.

 IONIZE PARMET:  U(1-) -3.4768  U(4-): -9.2499  U(sp): -3.48  Q(ion):    5.927  L(ion) -4.496    Q(low): 10.458    L(low) -1.912
 ENERGY BUDGET:  Heat:  -3.172  Coolg:  -3.172  Error:  0.0%  Rec Lin:  -3.331  F-F  H  0.000    P(rad/tot)max     7.16E-03

     Col(Heff):      0.000E+00  snd travl time  2.78E+12 sec  Te-low: 3.97E+03  Te-hi: 5.25E+03  G0TH85: 4.96E+00  G0DB96:6.42E+00
  Emiss Measure    n(e)n(p) dl       1.874E+20  n(e)n(He+)dl         1.238E+19  En(e)n(He++) dl         3.722E+13  ne nC+:4.59E+16
 He/Ha:8.38E-02  =   0.98*true  Lthin:1.65E+06  itr/zn:11.49  H2 itr/zn:  0.00  File Opacity: F  MassTot 4.80e-05  (gm/cm^2)
   Temps(21 cm)   T(21cm/Ly a)  3.57E+03        T(<nH/Tkin>)  4.77E+03          T(<nH/Tspin>)    3.78E+03          TB21cm:7.14E-02
                   N(H0/Tspin)  5.45E+14        N(OH/Tkin)    4.10E+03          B(21cm)          0.00E+00
   <a>:2.06E-09  erdeFe0.0E+00  Tcompt6.08E+12  Tthr1.01E+11  <Tden>: 4.68E+03  <dens>:2.27E-23  <MolWgt>6.71E-01
     Mean Jeans  l(cm)9.40E+20  M(sun)4.96E+06  smallest:     len(cm):8.66E+20  M(sun):3.88E+06  a_ox tran:  0.00
 Rion:1.000E+30  Dist:0.00E+00  Diam:0.000E+00
 Hatom level 70  HatomType: add  HInducImp  F  He tot level: 63  He2 level:   70  ExecTime   156.6
 ConvrgError(%)  <eden>  0.011  MaxEden  0.045  <H-C>   0.06  Max(H-C)    0.48  <Press>   0.000  MaxPrs er  0.000
  Continuity(%)  chng Te   4.2  elec den   4.7  n(H2)    0.0  n(CO)        0.0

                                                        Averaged Quantities
             Te      Te(Ne)   Te(NeNp)  Te(NeHe+)Te(NeHe2+) Te(NeO+)  Te(NeO2+)  Te(H2)     N(H)     Ne(O2+)   Ne(Np)
 Radius:  4.68e+03  4.67e+03  4.65e+03  4.62e+03  4.61e+03  4.65e+03  4.58e+03  4.48e+03  1.00e+01  1.04e+01  9.81e+00
 
 Peimbert T(OIIIr)4.71E+03 T(Bac)4.50E+03 T(Hth)4.51E+03 t2(Hstrc) 4.18e-03 T(O3-BAC)4.54E+03 t2(O3-BC) 4.28e-03 t2(O3str) 3.03e-03

 Contin Optical Depths: COMP: 1.35e-05    H-: 3.84e-06 R(1300): 1.38e-05  H2+: 9.55e-08  Pfa:1.35E-05
                          Pa: 1.35e-05    Ba: 1.70e-05      Hb: 1.62e-05   La: 2.98e-02     1r:1.302E+01  1.8:6.79E+00 4.:3.281E+00

 Old, new H  1 continuum optical depths:
     1 1.30e+01     2 1.96e-06     3 3.85e-06     4 3.85e-06     5 3.85e-06     6 9.57e-07     7 9.57e-07     8 9.57e-07
     9 9.57e-07    10 1.18e-15    11 1.18e-15    12 1.18e-15    13 1.18e-15    14 1.18e-15    15 3.00e-15    16 3.00e-15
    17 3.00e-15    18 3.00e-15    19 3.00e-15    20 3.00e-15    21 6.67e-15    22 6.67e-15    23 6.67e-15    24 6.67e-15
    25 6.67e-15    26 6.67e-15    27 6.67e-15    28 1.31e-14    29 1.31e-14    30 1.31e-14    31 1.31e-14    32 1.31e-14
    33 1.31e-14    34 1.31e-14    35 1.31e-14    36 2.40e-14    37 2.40e-14    38 2.40e-14    39 2.40e-14    40 2.40e-14
    41 2.40e-14    42 2.40e-14    43 2.40e-14    44 2.40e-14    45 4.15e-14    46 4.15e-14    47 4.15e-14    48 4.15e-14
    49 4.15e-14    50 4.15e-14    51 4.15e-14    52 4.15e-14    53 4.15e-14    54 4.15e-14
     1 1.30e+01     2 1.96e-06     3 3.85e-06     4 3.85e-06     5 3.85e-06     6 9.57e-07     7 9.57e-07     8 9.57e-07
     9 9.57e-07    10 1.18e-15    11 1.18e-15    12 1.18e-15    13 1.18e-15    14 1.18e-15    15 3.00e-15    16 3.00e-15
    17 3.00e-15    18 3.00e-15    19 3.00e-15    20 3.00e-15    21 6.67e-15    22 6.67e-15    23 6.67e-15    24 6.67e-15
    25 6.67e-15    26 6.67e-15    27 6.67e-15    28 1.31e-14    29 1.31e-14    30 1.31e-14    31 1.31e-14    32 1.31e-14
    33 1.31e-14    34 1.31e-14    35 1.31e-14    36 2.40e-14    37 2.40e-14    38 2.40e-14    39 2.40e-14    40 2.40e-14
    41 2.40e-14    42 2.40e-14    43 2.40e-14    44 2.40e-14    45 4.15e-14    46 4.15e-14    47 4.15e-14    48 4.15e-14
    49 4.15e-14    50 4.15e-14    51 4.15e-14    52 4.15e-14    53 4.15e-14    54 4.15e-14

 Old, new H  1 mean line optical depths:
  2- 1 3.12e+05  3- 2 2.74e-06  4- 3 3.00e-12  5- 4 3.36e-12  6- 5 5.06e-12  7- 6 8.50e-12  8- 7 1.41e-11
  9- 8 2.30e-11 10- 9 3.79e-11
  2- 1 3.12e+05  3- 2 2.74e-06  4- 3 3.00e-12  5- 4 3.36e-12  6- 5 5.06e-12  7- 6 8.50e-12  8- 7 1.41e-11
  9- 8 2.30e-11 10- 9 3.79e-11

 Old, new He 2 continuum optical depths:
     1 3.28e+00     2 1.29e+01     3 2.03e-06     4 2.03e-06     5 2.03e-06     6 1.96e-06     7 1.96e-06     8 1.96e-06
     9 1.96e-06    10 3.12e-06    11 3.12e-06    12 3.12e-06    13 3.12e-06    14 3.12e-06    15 3.85e-06    16 3.85e-06
    17 3.85e-06    18 3.85e-06    19 3.85e-06    20 3.85e-06    21 3.25e-06    22 3.25e-06    23 3.25e-06    24 3.25e-06
    25 3.25e-06    26 3.25e-06    27 3.25e-06    28 9.57e-07    29 9.57e-07    30 9.57e-07    31 9.57e-07    32 9.57e-07
    33 9.57e-07    34 9.57e-07    35 9.57e-07    36 6.47e-16    37 6.47e-16    38 6.47e-16    39 6.47e-16    40 6.47e-16
    41 6.47e-16    42 6.47e-16    43 6.47e-16    44 6.47e-16    45 1.18e-15    46 1.18e-15    47 1.18e-15    48 1.18e-15
    49 1.18e-15    50 1.18e-15    51 1.18e-15    52 1.18e-15    53 1.18e-15    54 1.18e-15
     1 3.28e+00     2 1.29e+01     3 2.03e-06     4 2.03e-06     5 2.03e-06     6 1.96e-06     7 1.96e-06     8 1.96e-06
     9 1.96e-06    10 3.12e-06    11 3.12e-06    12 3.12e-06    13 3.12e-06    14 3.12e-06    15 3.85e-06    16 3.85e-06
    17 3.85e-06    18 3.85e-06    19 3.85e-06    20 3.85e-06    21 3.25e-06    22 3.25e-06    23 3.25e-06    24 3.25e-06
    25 3.25e-06    26 3.25e-06    27 3.25e-06    28 9.57e-07    29 9.57e-07    30 9.57e-07    31 9.57e-07    32 9.57e-07
    33 9.57e-07    34 9.57e-07    35 9.57e-07    36 6.47e-16    37 6.47e-16    38 6.47e-16    39 6.47e-16    40 6.47e-16
    41 6.47e-16    42 6.47e-16    43 6.47e-16    44 6.47e-16    45 1.18e-15    46 1.18e-15    47 1.18e-15    48 1.18e-15
    49 1.18e-15    50 1.18e-15    51 1.18e-15    52 1.18e-15    53 1.18e-15    54 1.18e-15

 Old, new He 2 mean line optical depths:
  2- 1 9.40e+04  3- 2 4.66e-14  4- 3 2.60e-19  5- 4 1.18e-19  6- 5 2.29e-19  7- 6 4.74e-19  8- 7 7.43e-19
  9- 8 1.21e-18 10- 9 2.10e-18
  2- 1 9.40e+04  3- 2 4.66e-14  4- 3 2.60e-19  5- 4 1.18e-19  6- 5 2.29e-19  7- 6 4.74e-19  8- 7 7.43e-19
  9- 8 1.21e-18 10- 9 2.10e-18

 Old He Is optical depths:    1 6.80e+00    2 1.49e-06    3 1.62e-06    4 1.82e-06    5 1.82e-06
 New He Is optical depths:    1 6.79e+00    2 1.49e-06    3 1.62e-06    4 1.82e-06    5 1.82e-06
          Old He Is Lines:  584 5.43e+04 3889 5.66e-03 5016 1.04e-08 5876 6.61e-13
          New He Is Lines:  584 5.43e+04 3889 5.66e-03 5016 1.04e-08 5876 6.61e-13

==== H      compounds ====           Log10 column densities [cm^-2}
   H2        : 11.241   H2*       :  9.582   H2+       : 10.135   H3+       :  3.201
==== He     compounds ====
   HeH+      : 10.934
==== Li     compounds ====
   LiH       : -2.605   LiH+      : -0.918
==== C      compounds ====
   CH        :  4.715   CH+       :  5.518   CH2       : -2.996   CH2+      : -1.212   CH3       :-10.785   CH3+      : -9.655   CH4       :-18.661   CH4+      :-20.468
   CH5+      :-24.700   C2        : -1.279   C2+       : -0.309   C2H       : -9.399   C2H+      : -8.504   C2H2      :-18.292   C2H2+     :-15.977   C2H3+     :-23.933
   C3        :-21.919   C3+       :-14.651   C3H       :-25.461   C3H+      :-22.659
==== N      compounds ====
   NH        :  6.007   NH+       :  6.148   NH2       : -2.721   NH2+      : -2.199   NH3       :-10.275   NH3+      :-11.001   NH4+      :-22.970   CN        :  0.617
   CN+       :  0.727   HCN       : -7.189   HCN+      : -7.138   HNC       : -9.525   HCNH+     :-15.561   HC3N      :-35.930   N2        :  1.316   N2+       :  1.182
   N2H+      :-14.422
==== O      compounds ====
   OH        :  7.269   OH+       :  7.243   H2O       : -1.210   H2O+      : -1.265   H3O+      : -9.842   CO        :  4.760   CO+       :  2.560   HCO+      : -1.599
   H2CO      :-35.930   CH3OH     :-35.930   ^13CO     :  3.283   NO        :  1.393   NO+       :  0.815   HNO       : -6.747   HNO+      : -7.818   OCN       :-10.530
   OCN+      : -9.083   N2O       :-11.379   O2        :  2.677   O2+       :  2.533   NO2       :-12.045   NO2+      :-11.733
==== Ne     compounds ====
   NeH+      :  4.860
==== Si     compounds ====
   SiH       : -2.542   SiH2+     : -3.599   SiC2      :-35.930   SiN       : -7.972   SiN+      :  0.066   SiO       : -0.221   SiO+      :  1.383   SiOH+     : -7.467
==== S      compounds ====
   HS        :  1.968   HS+       :  3.971   CS        : -4.560   CS+       : -1.947   HCS+      : -9.415   NS        : -3.488   NS+       : -0.574   SO        : -2.249
   SO+       :  0.676   OCS       :-13.359   OCS+      :-14.886   SO2       :-35.930   S2        :-12.742   S2+       :-13.988
==== Cl     compounds ====
   HCl       : -5.911   HCl+      :  3.101   H2Cl+     : -5.167   CCl       :-31.969   CCl+      :-10.998   H2CCl+    :-34.631   ClO       :-35.930   ClO+      :-35.930
==== Ar     compounds ====
   ArH+      :  7.341
==== Ti     compounds ====
   TiH       :-35.930   TiH+      :-35.930   TiH2      :-35.930   TiH2+     :-35.930   TiC       :-35.930   TiC+      :-35.930   HCTi      :-35.930   HCTi+     :-35.930
   TiC2      :-35.930   TiC2+     :-35.930   TiN       :-35.930   TiN+      :-35.930   HNTi      :-35.930   HNTi+     :-35.930   TiNC      :-35.930   TiNC+     :-35.930
   TiO       :-35.930   TiO+      :-35.930   TiOH+     :-35.930   TiO2      :-35.930   TiF+      :-35.930   TiS       :-35.930   TiS+      :-35.930   HTiS      :-35.930


               1      2      3      4      5      6      7      8      9     10     11     12     13     14     15     16     17

 Hydrogen   18.314 19.281 11.251 (H2)                Log10 Column density (cm^-2)
 Helium     17.753 18.091 12.556
 Lithium     6.041  8.373 -1.204-30.000
 Beryllium   6.753  8.435  8.362-30.000-30.000
 Boron       7.299  9.973  9.071  6.650-30.000-30.000
 Carbon     13.221 15.683 14.929  9.761-30.000-30.000-30.000
 Nitrogen   14.000 15.107 13.691  8.900-30.000-30.000-30.000-30.000
 Oxygen     15.075 15.957 14.056  5.590-30.000-30.000-30.000-30.000-30.000
 Fluorine   10.485 11.849 10.485  0.710-30.000-30.000-30.000-30.000-30.000-30.000
 Neon       14.139 15.213 13.465  3.731-30.000-30.000-30.000-30.000-30.000-30.000-30.000
 Sodium     11.767 13.558 10.874  0.697-30.000-30.000-30.000-30.000-30.000-30.000-30.000-30.000
 Magnesium  12.938 14.778 14.368  0.432-30.000-30.000-30.000-30.000-30.000-30.000-30.000-30.000-30.000
 Aluminium  10.295 13.754 12.452 10.573-30.000-30.000-30.000-30.000-30.000-30.000-30.000-30.000-30.000-30.000
 Silicon    12.050 14.823 13.274 10.234  3.142-30.000-30.000-30.000-30.000-30.000-30.000-30.000-30.000-30.000-30.000
 Phosphorus  9.800 12.695 11.677  8.682  0.229-30.000-30.000-30.000-30.000-30.000-30.000-30.000-30.000-30.000-30.000-30.000
 Sulphur    11.295 14.221 14.052 10.331  2.430-30.000-30.000-30.000-30.000-30.000-30.000-30.000-30.000-30.000-30.000-30.000-30.000
 Chlorine    9.747 12.668 12.307  8.420 -1.567-30.000-30.000-30.000-30.000-30.000-30.000-30.000-30.000-30.000-30.000-30.000-30.000
-30.000
 Argon      11.824 13.370 13.462  9.368 -1.335-30.000-30.000-30.000-30.000-30.000-30.000-30.000-30.000-30.000-30.000-30.000-30.000
-30.000-30.000
 Potassium  10.133 12.328 11.083  6.489-30.000-30.000-30.000-30.000-30.000-30.000-30.000-30.000-30.000-30.000-30.000-30.000-30.000
-30.000-30.000-30.000
 Calcium    10.714 13.085 13.533  8.899-30.000-30.000-30.000-30.000-30.000-30.000-30.000-30.000-30.000-30.000-30.000-30.000-30.000
-30.000-30.000-30.000-30.000
 Scandium    7.221  9.744 10.285  9.697 -1.319-30.000-30.000-30.000-30.000-30.000-30.000-30.000-30.000-30.000-30.000-30.000-30.000
-30.000-30.000-30.000-30.000-30.000
 Titanium    8.169 11.919 12.004 10.647  6.467-30.000-30.000-30.000-30.000-30.000-30.000-30.000-30.000-30.000-30.000-30.000-30.000
-30.000-30.000-30.000-30.000-30.000-30.000
 Vanadium    8.655 10.696 11.110  9.060  5.279-30.000-30.000-30.000-30.000-30.000-30.000-30.000-30.000-30.000-30.000-30.000-30.000
-30.000-30.000-30.000-30.000-30.000-30.000-30.000
 Chromium    9.839 12.626 12.698 10.300  3.325-30.000-30.000-30.000-30.000-30.000-30.000-30.000-30.000-30.000-30.000-30.000-30.000
-30.000-30.000-30.000-30.000-30.000-30.000-30.000-30.000
 Manganese   8.812 12.509 12.390  9.724  2.719-30.000-30.000-30.000-30.000-30.000-30.000-30.000-30.000-30.000-30.000-30.000-30.000
-30.000-30.000-30.000-30.000-30.000-30.000-30.000-30.000-30.000
 Iron       10.795 14.738 14.079 12.301  4.273-30.000-30.000-30.000-30.000-30.000-30.000-30.000-30.000-30.000-30.000-30.000-30.000
-30.000-30.000-30.000-30.000-30.000-30.000-30.000-30.000-30.000-30.000
 Cobalt     10.574 12.143 11.802  9.808  3.088-30.000-30.000-30.000-30.000-30.000-30.000-30.000-30.000-30.000-30.000-30.000-30.000
-30.000-30.000-30.000-30.000-30.000-30.000-30.000-30.000-30.000-30.000-30.000
 Nickel      9.942 13.429 12.917 10.186  2.467-30.000-30.000-30.000-30.000-30.000-30.000-30.000-30.000-30.000-30.000-30.000-30.000
-30.000-30.000-30.000-30.000-30.000-30.000-30.000-30.000-30.000-30.000-30.000-30.000
 Copper      8.640 10.823 11.416  8.511 -0.364-30.000-30.000-30.000-30.000-30.000-30.000-30.000-30.000-30.000-30.000-30.000-30.000
-30.000-30.000-30.000-30.000-30.000-30.000-30.000-30.000-30.000-30.000-30.000-30.000-30.000
 Zinc       10.224 11.682 11.426  9.527  1.157-30.000-30.000-30.000-30.000-30.000-30.000-30.000-30.000-30.000-30.000-30.000-30.000
-30.000-30.000-30.000-30.000-30.000-30.000-30.000-30.000-30.000-30.000-30.000-30.000-30.000-30.000
 Exc state    He1* 10.570   CII* 15.135   C11* 12.343   C12* 12.876   C13* 12.840   O11* 15.075   O12* 11.695   O13* 11.700
              Si2* 12.983   C30*  6.820   C31* -0.285   C32*  4.192


 Hydrogen   -1.011 -0.044 -7.774 (H2)                 Log10 Mean Ionisation (over radius)
 Helium     -0.503 -0.164 -5.699
 Lithium    -2.333 -0.002 -9.579
 Beryllium  -1.952 -0.271 -0.344
 Boron      -2.726 -0.052 -0.954 -3.375
 Carbon     -2.534 -0.072 -0.826 -5.994
 Nitrogen   -1.155 -0.048 -1.464 -6.255
 Oxygen     -0.940 -0.058 -1.959-10.426
 Fluorine   -1.400 -0.036 -1.400-11.175
 Neon       -1.116 -0.042 -1.790-11.524
 Sodium     -1.798 -0.008 -2.692-12.869
 Magnesium  -1.987 -0.147 -0.557-14.493
 Aluminium  -3.481 -0.022 -1.323 -3.202
 Silicon    -2.786 -0.013 -1.562 -4.601-11.694
 Phosphorus -2.935 -0.040 -1.058 -4.053-12.507
 Sulphur    -3.151 -0.225 -0.394 -4.115-12.016
 Chlorine   -3.078 -0.158 -0.518 -4.405-14.392
 Argon      -1.901 -0.355 -0.263 -4.357-15.060
 Potassium  -2.221 -0.027 -1.271 -5.865
 Calcium    -2.951 -0.580 -0.133 -4.767
 Scandium   -3.253 -0.731 -0.189 -0.777-11.793
 Titanium   -4.106 -0.356 -0.271 -1.628 -5.808
 Vanadium   -2.600 -0.559 -0.146 -2.195 -5.976
 Chromium   -3.127 -0.340 -0.268 -2.666 -9.640
 Manganese  -3.943 -0.246 -0.366 -3.031-10.036
 Iron       -4.030 -0.087 -0.746 -2.524-10.552
 Cobalt     -1.741 -0.173 -0.513 -2.508 -9.227
 Nickel     -3.603 -0.117 -0.628 -3.359-11.078
 Copper     -2.876 -0.693 -0.100 -3.004-11.879
 Zinc       -1.662 -0.203 -0.459 -2.359-10.728

               1      2      3      4      5      6      7      8      9     10     11     12     13     14     15     16     17

 Hydrogen   -1.101 -0.036 -8.021 (H2)         Log10 Mean Ionisation (over radius*electron density)
 Helium     -0.545 -0.146 -5.668
 Lithium    -2.323 -0.002 -9.546
 Beryllium  -1.961 -0.288 -0.324
 Boron      -2.720 -0.056 -0.922 -3.340
 Carbon     -2.534 -0.077 -0.798 -5.957
 Nitrogen   -1.253 -0.042 -1.429 -6.216
 Oxygen     -1.026 -0.049 -1.925-10.385
 Fluorine   -1.470 -0.034 -1.379-11.134
 Neon       -1.170 -0.038 -1.772-11.483
 Sodium     -1.802 -0.008 -2.680-12.828
 Magnesium  -1.990 -0.157 -0.532-14.452
 Aluminium  -3.478 -0.023 -1.299 -3.168
 Silicon    -2.780 -0.014 -1.530 -4.564-11.653
 Phosphorus -2.932 -0.043 -1.035 -4.020-12.466
 Sulphur    -3.158 -0.239 -0.375 -4.080-11.975
 Chlorine   -3.086 -0.167 -0.496 -4.370-14.351
 Argon      -2.021 -0.377 -0.244 -4.321-15.019
 Potassium  -2.217 -0.028 -1.246 -5.828
 Calcium    -2.942 -0.580 -0.133 -4.742
 Scandium   -3.286 -0.779 -0.185 -0.746-11.752
 Titanium   -4.131 -0.383 -0.252 -1.593 -5.770
 Vanadium   -2.643 -0.604 -0.130 -2.159 -5.938
 Chromium   -3.151 -0.375 -0.240 -2.629 -9.599
 Manganese  -3.964 -0.268 -0.338 -2.995 -9.995
 Iron       -4.037 -0.095 -0.715 -2.487-10.511
 Cobalt     -1.760 -0.188 -0.481 -2.471 -9.186
 Nickel     -3.613 -0.128 -0.595 -3.322-11.037
 Copper     -2.915 -0.743 -0.088 -2.969-11.838
 Zinc       -1.675 -0.216 -0.436 -2.328-10.687

               1      2      3      4      5      6      7      8      9     10     11     12     13     14     15     16     17

 Hydrogen    3.681  3.669  3.651 (H2)                  Log10 Mean Temperature (over radius)
 Helium      3.681  3.666  3.664
 Lithium     3.668  3.670  3.662
 Beryllium   3.675  3.674  3.666
 Boron       3.669  3.671  3.661  3.663
 Carbon      3.672  3.672  3.662  3.661
 Nitrogen    3.678  3.670  3.661  3.666
 Oxygen      3.682  3.669  3.661  3.712
 Fluorine    3.677  3.670  3.665  3.712
 Neon        3.678  3.670  3.666  3.712
 Sodium      3.670  3.670  3.668  3.712
 Magnesium   3.672  3.673  3.664  3.712
 Aluminium   3.670  3.671  3.664  3.664
 Silicon     3.668  3.671  3.665  3.667  3.712
 Phosphorus  3.670  3.671  3.665  3.663  3.712
 Sulphur     3.674  3.674  3.665  3.662  3.712
 Chlorine    3.673  3.673  3.664  3.662  3.713
 Argon       3.679  3.676  3.665  3.661  3.713
 Potassium   3.668  3.671  3.664  3.662
 Calcium     3.669  3.671  3.670  3.664
 Scandium    3.681  3.682  3.669  3.662  3.712
 Titanium    3.676  3.677  3.666  3.662  3.664
 Vanadium    3.683  3.679  3.667  3.662  3.665
 Chromium    3.680  3.681  3.662  3.662  3.712
 Manganese   3.675  3.676  3.662  3.662  3.712
 Iron        3.671  3.672  3.662  3.664  3.712
 Cobalt      3.678  3.675  3.659  3.662  3.712
 Nickel      3.673  3.674  3.659  3.663  3.712
 Copper      3.681  3.679  3.668  3.661  3.712
 Zinc        3.675  3.674  3.664  3.662  3.712

               1      2      3      4      5      6      7      8      9     10     11     12     13     14     15     16     17

 Hydrogen    3.683  3.668  3.659 (H2)          Log10 Mean Temperature (over radius*electron density)
 Helium      3.680  3.665  3.664
 Lithium     3.666  3.669  3.661
 Beryllium   3.673  3.673  3.665
 Boron       3.668  3.670  3.661  3.663
 Carbon      3.671  3.670  3.662  3.662
 Nitrogen    3.681  3.669  3.661  3.666
 Oxygen      3.683  3.668  3.661  3.712
 Fluorine    3.678  3.669  3.664  3.712
 Neon        3.678  3.668  3.665  3.712
 Sodium      3.669  3.669  3.667  3.712
 Magnesium   3.670  3.671  3.663  3.712
 Aluminium   3.669  3.669  3.663  3.664
 Silicon     3.667  3.669  3.664  3.667  3.712
 Phosphorus  3.668  3.670  3.664  3.663  3.712
 Sulphur     3.672  3.672  3.664  3.662  3.712
 Chlorine    3.672  3.672  3.663  3.662  3.713
 Argon       3.683  3.675  3.664  3.661  3.713
 Potassium   3.667  3.669  3.663  3.662
 Calcium     3.667  3.670  3.669  3.663
 Scandium    3.680  3.682  3.668  3.662  3.712
 Titanium    3.674  3.675  3.664  3.662  3.665
 Vanadium    3.682  3.679  3.666  3.662  3.665
 Chromium    3.678  3.680  3.661  3.662  3.712
 Manganese   3.674  3.675  3.662  3.662  3.712
 Iron        3.670  3.671  3.662  3.665  3.712
 Cobalt      3.677  3.674  3.659  3.662  3.712
 Nickel      3.671  3.672  3.659  3.663  3.712
 Copper      3.680  3.679  3.667  3.661  3.712
 Zinc        3.674  3.673  3.663  3.662  3.712

               1      2      3      4      5      6      7      8      9     10     11     12     13     14     15     16     17
                                                                          

---------------Convergence statistics---------------
      1.39 mean iterations/state convergence
      2.71 mean cx acceleration loops/iteration
         1 mean iso convergence loops/ion solve
         1 mean steps/chemistry solve
         1 mean step length searches/chemistry step
----------------------------------------------------

 Cloudy ends: 59 zones, 3 iterations.  ExecTime(s) 156.61
 [Stop in cdMain at ../maincl.cpp:483, Cloudy exited OK]
 ************************************************** GRID_DELIMIT -- grid000000001
