                                                          Cloudy 13.03
                                                         www.nublado.org

                       **************************************13Feb20**************************************
                       *                                                                                 *
                       * c                                                                               *
                       * phi(h) 10.000000 LOG range -0.000232 6.866524                                   *
                       * grid from 8 to 23 in 1 dex steps                                                *
                       * HDEN=10.000000 LOG                                                              *
                       * grid from 0 to 12 in 1 dex steps                                                *
                       * set pres ionize 1e5                                                             *
                       * c                                                                               *
                       * c                                                                               *
                       * table star "inst_padova_agbtrack_z.mod" age 6.3                                 *
                       * c<< inst_padova_ model    1 read.       Age =      10000.00                 >>> *
                       * c<< inst_padova_ model    2 read.       Age =    2010000.00                 >>> *
                       * c<< FINAL:     Age =    1995262.31                                          >>> *
                       * c                                                                               *
                       * c                                                                               *
                       * abundances GASS10                                                               *
                       * c                                                                               *
                       * c                                                                               *
                       * iterate to convergence max = 7                                                  *
                       * stop column density = 23                                                        *
                       * c                                                                               *
                       * c                                                                               *
                       * print last                                                                      *
                       * set save prefix "padova_inst_2"                                                 *
                       * save grid ".grd" last no hash                                                   *
                       * save linelist "emissionlines_abs.txt" "LineList_HII.dat" absolute last no hash    *
                       *                                                                                 *
                       ***********************************************************************************



           !The plasma frequency is 2.99e-07 Ryd.  The incident continuum is set to 0 below this.
           4049CellPeak1.00E+00   Lo 1.00e-08=910.79cm   Hi-Con:6.19E+00 Ryd   E(hi):7.35E+06Ryd     E(hi):     100.01 MeV
           I(nu>1ryd):  -0.5285   Average nu:1.358E+00   I( X-ray):   0.0000   I(BalC):  -0.0060     Phi(BalmrC):  10.8965
           phi(1.0-1.8): 9.9535   phi(1.8-4.0):  9.007   phi(4.0-20):  4.227   phi(20--):  0.000     Ion pht flx:1.000E+10
           I(gam ray):   0.0000   phi(gam r):   0.0000   I(Infred):  -0.8669   Alf(ox):   0.0000     Total inten:   0.1518
           U(1.0----):3.336E-11   U(4.0----):5.625E-17   T(En-Den):8.893E+00   T(Comp):3.012E+04     nuJnu(912A):9.683E-01
           Occ(FarIR):0.000E+00   Occ(H n=6):2.633E-13   Occ(1Ryd):4.451E-17   Occ(4R):3.399E-24     Occ (Nu-hi):3.050E-30
           Tbr(FarIR):0.000E+00   Tbr(H n=6):1.154E-09   Tbr(1Ryd):7.036E-12   Tbr(4R):2.148E-18     Tbr (Nu-hi):2.972E-24
  
                                                  Gas Phase Chemical Composition
        H :  0.0000  He: -1.0701  Li:-10.9508  Be:-10.6198  B : -9.3002  C : -3.5702  N : -4.1701  O : -3.3098  F : -7.4401
        Ne: -4.0701  Na: -5.7595  Mg: -4.4001  Al: -5.5498  Si: -4.4895  P : -6.5901  S : -4.8794  Cl: -6.5003  Ar: -5.6003
        K : -6.9706  Ca: -5.6596  Sc: -8.8508  Ti: -7.0501  V : -8.0701  Cr: -6.3595  Mn: -6.5702  Fe: -4.5003  Co: -7.0101
                                               Ni: -5.7799  Cu: -7.8097  Zn: -7.4401
 
 ####  1  Te:3.653E+03 Hden:1.000E+10 Ne:1.710E+07 R:1.000E+30 R-R0:1.188E+04 dR:2.376E+04 NTR:127 Htot:1.785E-09 T912: 1.50e-03###
 Hydrogen      9.98e-01 1.60e-03 H+o/Hden 1.00e+00 3.42e-09 H-    H2 1.68e-04 4.67e-10 H2+ HeH+ 2.30e-11 Ho+ ColD 2.37e+14 3.80e+11
 Helium        1.00e+00 5.25e-06 7.22e-16 HeI 2s3S 6.44e-10 Comp H,C 3.28e-22 3.97e-23 Fill Fac 1.00e+00 Gam1/tot 1.00e+00
 He singlet n  1.00e+00 3.54e-12 1.05e-17 9.22e-19 1.51e-18 3.50e-19 He tripl 6.44e-10 3.26e-17 1.27e-19 1.15e-18 8.48e-19
 Pressure      NgasTgas 3.97e+13 P(total) 5.49e-03 P( gas ) 5.49e-03 P(Radtn) 0.00e+00 Rad accl 3.90e-05 ForceMul 1.64e+09
 Texc(La)      3.18e+03 T(I con) 8.89e+00 T(D con) 8.07e-01 T(U tot) 8.89e+00 nT (c+d) 2.34e+06 Prad/Gas 0.00e+00 Pmag/Gas 0.00e+00
 Molecules     CH/Ctot: 4.23e-05 CH+/Ctot 3.39e-07 CO/Ctot: 1.17e-01 CO+/Ctot 8.63e-09 H2O/Otot 1.04e-07 OH/Ototl 3.69e-04
 Lithium       5.78e-01 4.22e-01 8.46e-19 0.00e+00 Berylliu 9.98e-01 2.28e-03 6.75e-08 0.00e+00 0.00e+00 sec ion: 0.00e+00
 Boron         9.82e-01 1.79e-02 1.55e-10 0.00e+00 0.00e+00 0.00e+00
 Carbon        8.61e-01 2.19e-02 9.87e-09 0.00e+00 0.00e+00 0.00e+00 0.00e+00 H2O+/O   8.49e-08 OH+/Otot 8.19e-05 Hex(tot) 0.00e+00
 Nitrogen      9.26e-01 3.13e-04 9.59e-14 0.00e+00 0.00e+00 0.00e+00 0.00e+00 0.00e+00 O2/Ototl 6.76e-08 O2+/Otot 4.64e-07
 Oxygen        9.34e-01 1.16e-03 1.23e-13 0.00e+00 0.00e+00 0.00e+00 0.00e+00 0.00e+00 0.00e+00
 Fluorine      9.97e-01 2.71e-03 5.78e-09 0.00e+00 0.00e+00 0.00e+00 0.00e+00 0.00e+00 0.00e+00 0.00e+00
 Neon          9.99e-01 1.17e-03 5.89e-10 0.00e+00 0.00e+00 0.00e+00 0.00e+00 0.00e+00 0.00e+00 0.00e+00 0.00e+00
 Sodium        7.99e-02 9.20e-01 4.54e-08 0.00e+00 0.00e+00 0.00e+00 0.00e+00 0.00e+00 0.00e+00 0.00e+00 0.00e+00 0.00e+00
 Magnesium     4.11e-02 9.59e-01 1.47e-05 0.00e+00 0.00e+00 0.00e+00 0.00e+00 0.00e+00 0.00e+00 0.00e+00 0.00e+00 0.00e+00 0.00e+00
 Aluminium  0  5.11e-04 9.99e-01 3.09e-06 0.00e+00 0.00e+00 0.00e+00 0.00e+00 0.00e+00 0.00e+00 0.00e+00 0.00e+00 0.00e+00 0.00e+00
 Silicon    0  2.53e-01 7.47e-01 9.98e-08 0.00e+00 0.00e+00 0.00e+00 0.00e+00 0.00e+00 0.00e+00 0.00e+00 0.00e+00 0.00e+00 0.00e+00
 Phosphorus 0  2.35e-03 9.98e-01 2.35e-06 0.00e+00 0.00e+00 0.00e+00 0.00e+00 0.00e+00 0.00e+00 0.00e+00 0.00e+00 0.00e+00 0.00e+00
 Sulphur    0  5.88e-01 4.11e-01 7.98e-07 0.00e+00 0.00e+00 0.00e+00 0.00e+00 0.00e+00 0.00e+00 0.00e+00 0.00e+00 0.00e+00 0.00e+00
 Chlorine   0  9.72e-02 9.02e-01 1.75e-05 0.00e+00 0.00e+00 0.00e+00 0.00e+00 0.00e+00 0.00e+00 0.00e+00 0.00e+00 0.00e+00 0.00e+00
 Argon      0  9.99e-01 1.43e-04 6.52e-10 0.00e+00 0.00e+00 0.00e+00 0.00e+00 0.00e+00 0.00e+00 0.00e+00 0.00e+00 0.00e+00 0.00e+00
 Potassium  0  2.95e-01 7.05e-01 1.92e-06 0.00e+00 0.00e+00 0.00e+00 0.00e+00 0.00e+00 0.00e+00 0.00e+00 0.00e+00 0.00e+00 0.00e+00
 Calcium    0  9.89e-01 1.10e-02 3.91e-06 0.00e+00 0.00e+00 0.00e+00 0.00e+00 0.00e+00 0.00e+00 0.00e+00 0.00e+00 0.00e+00 0.00e+00
 Scandium   0  9.84e-01 1.56e-02 2.23e-05 0.00e+00 0.00e+00 0.00e+00 0.00e+00 0.00e+00 0.00e+00 0.00e+00 0.00e+00 0.00e+00 0.00e+00
 Titanium   0  2.17e-04 1.00e+00 1.72e-04 0.00e+00 0.00e+00 0.00e+00 0.00e+00 0.00e+00 0.00e+00 0.00e+00 0.00e+00 0.00e+00 0.00e+00
 Vanadium   0  9.92e-01 8.25e-03 2.58e-06 0.00e+00 0.00e+00 0.00e+00 0.00e+00 0.00e+00 0.00e+00 0.00e+00 0.00e+00 0.00e+00 0.00e+00
 Chromium   0  9.70e-01 3.00e-02 4.27e-08 0.00e+00 0.00e+00 0.00e+00 0.00e+00 0.00e+00 0.00e+00 0.00e+00 0.00e+00 0.00e+00 0.00e+00
 Manganese  0  2.32e-04 1.00e+00 4.22e-06 0.00e+00 0.00e+00 0.00e+00 0.00e+00 0.00e+00 0.00e+00 0.00e+00 0.00e+00 0.00e+00 0.00e+00
 Iron       0  1.32e-04 1.00e+00 7.97e-07 0.00e+00 0.00e+00 0.00e+00 0.00e+00 0.00e+00 0.00e+00 0.00e+00 0.00e+00 0.00e+00 0.00e+00
 Cobalt     0  9.97e-01 2.96e-03 1.48e-11 0.00e+00 0.00e+00 0.00e+00 0.00e+00 0.00e+00 0.00e+00 0.00e+00 0.00e+00 0.00e+00 0.00e+00
 Nickel     0  3.76e-04 1.00e+00 2.82e-09 0.00e+00 0.00e+00 0.00e+00 0.00e+00 0.00e+00 0.00e+00 0.00e+00 0.00e+00 0.00e+00 0.00e+00
 Copper     0  9.91e-01 9.18e-03 3.12e-08 0.00e+00 0.00e+00 0.00e+00 0.00e+00 0.00e+00 0.00e+00 0.00e+00 0.00e+00 0.00e+00 0.00e+00
 Zinc       0  9.98e-01 1.92e-03 4.56e-08 0.00e+00 0.00e+00 0.00e+00 0.00e+00 0.00e+00 0.00e+00 0.00e+00 0.00e+00 0.00e+00 0.00e+00
                                                                             
   Calculation stopped because lowest Te reached. Iteration 3 of 3
   The geometry is plane-parallel.
  !Continuum fluorescent production of H-beta was very important.
  !H2 vib deexec heating reached 7.83% of the local heating.
  !Charge transfer ionization of H reached 22852.0% of the local H ionization rate.
  !The largest plasma frequency was 2.99e-07 Ryd = 3.05e+05 micron  The continuum is set to 0 below this.
  !AGE: Cloud age was not set.  Longest timescale was 4.63e+06 s = 1.76e+00 months.
  !Mutual neutralization production of H-alpha was significant.
  !The CMB was not included.  This is added with the CMB command.
  !The fraction of C  in CO reached 11.8% at some point in the cloud.
   Charge transfer heating reached 0.78% of the local heating.
   The density is too low to l-mix the lowest He I collapsed level.  More resolved levels are needed for accurate line ratios.
   Grains were not present but might survive in this environment (energy density temperature was 8.89e+00K)
   The fraction of N  in N2 reached 7.28% at some point in the cloud.
   The fraction of Cl in HCl+ reached 0.103% at some point in the cloud.

                       *********************************> Cloudy 13.03 <**********************************
                       * c                                                                               *
                       * phi(h) 10.000000 LOG range -0.000232 6.866524                                   *
                       * grid from 8 to 23 in 1 dex steps                                                *
                       * HDEN=10.000000 LOG                                                              *
                       * grid from 0 to 12 in 1 dex steps                                                *
                       * set pres ionize 1e5                                                             *
                       * c                                                                               *
                       * c                                                                               *
                       * table star "inst_padova_agbtrack_z.mod" age 6.3                                 *
                       * c                                                                               *
                       * c                                                                               *
                       * abundances GASS10                                                               *
                       * c                                                                               *
                       * c                                                                               *
                       * iterate to convergence max = 7                                                  *
                       * stop column density = 23                                                        *
                       * c                                                                               *
                       * c                                                                               *
                       * print last                                                                      *
                       * set save prefix "padova_inst_2"                                                 *
                       * save grid ".grd" last no hash                                                   *
                       * save linelist "emissionlines_abs.txt" "LineList_HII.dat" absolute last no hash    *
                       *********************************> Log(U):-10.48 <*********************************

                     Emission Line Spectrum.   Constant  Density Model.    Open geometry.  Iteration 3 of 3.
                                                     Intensity (erg/s/cm^2).


                                                   Intrinsic line intensities
 general properties..........      nFnu 701.5A  -6.826   0.0391      Ca A 8.758m  -8.416   0.0010      CO   50.87m  -7.655   0.0058            
 TOTL  4861A  -5.419   1.0000      nInu 701.5A  -0.46490179.281      Ca B  6563A  -5.228   1.5509      CO   49.95m  -7.662   0.0057            
 TOTL  1216A  -3.585  68.1463      nInu 608.2A  -0.369112244.35      Ca B  4861A  -5.684   0.5429      CO   49.06m  -7.672   0.0056            
 Inci     0    0.152371927.62      nFnu 575.1A  -7.070   0.0223      Ca B  4340A  -6.003   0.2602      CO   48.20m  -7.683   0.0054            
 TotH     0   -4.373  11.1180      nInu 575.1A  -0.365113112.55      Ca B  4102A  -6.237   0.1519      CO   47.37m  -7.696   0.0053            
 TotC     0   -4.374  11.0742      nInu 511.9A  -0.410102019.86      Ca B  3970A  -6.413   0.1014      CO   46.57m  -7.711   0.0051            
 BFH1     0   -4.422   9.9322      nFnu 496.9A  -6.317   0.1263      Ca B  3889A  -6.549   0.0740      CO   45.80m  -7.728   0.0049            
 BFHe     0   -6.190   0.1692      nInu 496.9A  -0.59766399.422      Ca B  3835A  -6.660   0.0574      CO   45.06m  -7.747   0.0047            
 TotM     0   -6.644   0.0595      nInu 399.2A  -0.88234421.777      Ca B  3798A  -6.755   0.0461      CO   44.35m  -7.768   0.0045            
 CT H     0   -6.525   0.0782      RRC.........................      Ca B  3771A  -6.839   0.0380      CO   43.65m  -7.790   0.0043            
 H FB     0   -5.654   0.5822      H  1 911.8A  -4.415  10.0913      Ca B  3750A  -6.914   0.0320      CO   42.98m  -7.815   0.0040            
 HFBc     0   -5.654   0.5822      H  1  3646A  -5.821   0.3957      Ca B  3734A  -6.981   0.0274      CO   42.33m  -7.841   0.0038            
 OH       0   -6.619   0.0631      H  1  3646A  -5.419   0.9989      Ca B  3722A  -7.042   0.0238      CO   41.71m  -7.869   0.0035            
 CO       0   -6.128   0.1951      H  1  8204A  -6.595   0.0667      Ca B  3712A  -7.097   0.0210      CO   41.10m  -7.900   0.0033            
 13CO     0   -8.087   0.0021      H  1  8204A  -6.140   0.1899      Ca B  3704A  -7.148   0.0187      CO   40.51m  -7.932   0.0031            
 CN       0   -8.165   0.0018      H  1  8204A  -6.151   0.1853      Ca B  3697A  -7.193   0.0168      CO   39.94m  -7.967   0.0028            
 continua....................      H  1 1.458m  -7.128   0.0195      Ca B  3692A  -7.237   0.0152      CO   39.39m  -8.003   0.0026            
 Bac   3646A  -4.260  14.4164      H  1 1.458m  -6.664   0.0568      Ca B  3687A  -7.279   0.0138      CO   38.85m  -8.042   0.0024            
 nFnu  3645A  -4.254  14.6268      H  1 1.458m  -6.562   0.0718      Ca B  3683A  -7.322   0.0125      level 1 lines...............            
 nFnu  3647A  -6.096   0.2104      H  1 1.458m  -6.800   0.0415      Ca B  3679A  -7.365   0.0113      C  1  1656A  -6.853   0.0368            
 cout  3646A  -4.561   7.2082      H  1 2.279m  -7.523   0.0079      Ca B  3676A  -7.410   0.0102      REC   1656A  -7.321   0.0125            
 cref  3646A  -4.561   7.2082      H  1 2.279m  -7.058   0.0229      Ca B  3674A  -7.455   0.0092      C Ic  9850A  -6.384   0.1082            
 thin  3646A  -4.260  14.4164      H  1 2.279m  -6.921   0.0315      Ca B  3671A  -7.501   0.0083      TOTL  9850A  -6.384   0.1082            
 Inci  4860A  -1.04323740.359      H  1 2.279m  -7.007   0.0258      Ca B 1.875m  -6.142   0.1891      C  1  8727A  -5.515   0.8014            
 Inci  1215A   0.038286389.50      H  1 2.279m  -7.407   0.0103      Ca B 1.282m  -6.451   0.0929      N  1 953.9A  -8.213   0.0016            
 Ba C     0   -5.305   1.2979      H  1 3.281m  -7.832   0.0039      Ca B 1.094m  -6.694   0.0530      N  1  1200A  -7.249   0.0148            
 PA C     0   -5.688   0.5374      H  1 3.281m  -7.368   0.0112      Ca B 1.005m  -6.883   0.0343      N  1  3466A  -8.325   0.0012            
 FIR  83.00m  -1.4399539.2686      H  1 3.281m  -7.217   0.0159      Ca B  9546A  -7.031   0.0244      TOTL  3467A  -8.245   0.0015            
 TIR   1800m  -3.742  47.5326      H  1 3.281m  -7.245   0.0149      Ca B  9229A  -7.152   0.0185      N  1 1.040m  -7.827   0.0039            
 NIRa 2.850m  -1.40510328.388      H  1 3.281m  -7.467   0.0090      Ca B  9015A  -7.255   0.0146      N  1 1.040m  -8.373   0.0011            
 NIRb 3.000m  -1.9193158.1113      H  1 3.281m  -7.986   0.0027      Ca B  8863A  -7.344   0.0119      N  1 1.041m  -8.176   0.0017            
 MIRa 15.00m  -2.0142540.9253      H  1 4.466m  -8.084   0.0022      Ca B  8750A  -7.422   0.0099      N  1 1.041m  -8.190   0.0017            
 MIRb 22.50m  -1.7914241.9312      H  1 4.466m  -7.622   0.0063      Ca B  8665A  -7.492   0.0084      TOTL 1.040m  -7.491   0.0085            
 NMIR 21.75m  -1.40510328.388      H  1 4.466m  -7.464   0.0090      Ca B  8598A  -7.554   0.0073      O  1  6300A  -5.711   0.5096            
 TFIR 611.2m  -1.9512934.5291      H  1 4.466m  -7.465   0.0090      Ca B  8545A  -7.610   0.0064      O  1  6363A  -6.208   0.1625            
 TALL 10000A   0.152372017.00      H  1 4.466m  -7.612   0.0064      Ca B  8502A  -7.660   0.0057      O  1  5577A  -8.010   0.0026            
 F12  12.00m  -2.494 840.5369      H  1 4.466m  -7.935   0.0030      Ca B  8467A  -7.706   0.0052      O  1 63.17m  -7.007   0.0258            
 F25  25.00m  -2.3021308.7258      H  1 5.834m  -8.297   0.0013      Ca B  8438A  -7.750   0.0047      Ne 2 12.81m  -8.074   0.0022            
 F60  60.00m  -1.8393801.3894      H  1 5.834m  -7.836   0.0038      Ca B  8413A  -7.792   0.0042      Na 1  5892A  -5.979   0.2753            
 F100 100.0m  -2.0262470.5386      H  1 5.834m  -7.676   0.0055      Ca B  8392A  -7.835   0.0038      Mg 1  4561A  -8.042   0.0024            
 MIPS 24.00m  -2.616 634.6719      H  1 5.834m  -7.662   0.0057      Ca B  8374A  -7.879   0.0035      Mg 1  2853A  -7.950   0.0029            
 MIPS 70.00m  -2.1961670.0593      H  1 5.834m  -7.771   0.0044      Ca B  8359A  -7.923   0.0031      TOTL  2798A  -5.963   0.2859            
 MIPS 160.0m  -2.421 994.6172      H  1 5.834m  -8.008   0.0026      Ca B  8346A  -7.968   0.0028      Mg 2  2796A  -6.143   0.1885            
 IRAC 3.600m  -3.156 183.0276      H  1 5.834m  -8.408   0.0010      Ca B  8334A  -8.014   0.0025      Mg 2  2803A  -6.430   0.0973            
 IRAC 4.500m  -3.220 157.9412      H  1 7.383m  -8.020   0.0025      Ca B 4.051m  -6.769   0.0446      totl  2665A  -7.809   0.0041            
 IRAC 5.800m  -3.135 192.2733      H  1 7.383m  -7.858   0.0036      Ca B 2.625m  -7.005   0.0260      Al 2  2670A  -7.809   0.0041            
 IRAC 8.000m  -2.845 374.7894      H  1 7.383m  -7.836   0.0038      Ca B 2.166m  -7.204   0.0164      Si 1  2518A  -8.316   0.0013            
 SPR1 250.0m  -2.843 376.4036      H  1 7.383m  -7.923   0.0031      Ca B 1.945m  -7.366   0.0113      Si 2 34.81m  -7.340   0.0120            
 SPR2 350.0m  -3.279 137.9235      H  1 7.383m  -8.113   0.0020      Ca B 1.817m  -7.498   0.0083      TOTL  2335A  -8.245   0.0015            
 SPR3 500.0m  -3.667  56.4597      H  1 7.383m  -8.416   0.0010      Ca B 1.736m  -7.609   0.0065      Si 2  1531A  -8.075   0.0022            
 PAC1 70.00m  -2.1341927.4121      H  1 9.115m  -8.181   0.0017      Ca B 1.681m  -7.703   0.0052      Si 2  1308A  -8.202   0.0016            
 PAC2 100.0m  -2.0212499.0112      H  1 9.115m  -8.019   0.0025      Ca B 1.641m  -7.785   0.0043      Si 2  1263A  -7.102   0.0207            
 PAC3 160.0m  -2.1641797.4897      H  1 9.115m  -7.991   0.0027      Ca B 1.611m  -7.856   0.0036      P  2 1.640m  -7.437   0.0096            
 PAH  3.300m  -3.990  26.8367      H  1 9.115m  -8.065   0.0023      Ca B 1.588m  -7.919   0.0032      P  2  4669A  -7.927   0.0031            
 PAHC 3.230m  -4.240  15.1003      H  1 9.115m  -8.226   0.0016      Ca B 1.570m  -7.976   0.0028      P  2  4737A  -8.404   0.0010            
 PAHC 3.370m  -4.320  12.5617      H  1 11.03m  -7.436   0.0096      Ca B 1.556m  -8.027   0.0025      P  2 1.189m  -7.573   0.0070            
 PAH  6.200m  -3.585  68.2264      H  1 13.13m  -7.548   0.0074      Ca B 1.544m  -8.073   0.0022      P  2 1.147m  -8.050   0.0023            
 PAHC 5.650m  -3.582  68.6965      H  1 15.40m  -7.651   0.0059      Ca B 1.534m  -8.117   0.0020      S  1 25.19m  -7.208   0.0163            
 PAH  7.900m  -3.292 133.8448      H  1 17.87m  -7.746   0.0047      Ca B 1.526m  -8.159   0.0018      S 1R  1807A  -7.658   0.0058            
 PAHC 6.900m  -3.288 135.2512      H  1 20.51m  -7.835   0.0038      Ca B 1.519m  -8.202   0.0016      S  2  6720A  -7.969   0.0028            
 PAH  11.30m  -3.704  51.8470      H  1 23.33m  -7.919   0.0032      Ca B 1.513m  -8.246   0.0015      S  2  4074A  -7.065   0.0226            
 PAHC 10.90m  -3.703  52.0152      H  1 26.34m  -7.997   0.0026      Ca B 1.508m  -8.290   0.0013      S  2 1.033m  -7.258   0.0145            
 PAH  11.80m  -3.463  90.2655      H  1 29.53m  -8.071   0.0022      Ca B 1.504m  -8.335   0.0012      S II  6731A  -8.127   0.0020            
 PAHC 12.65m  -3.465  89.7959      H  1 32.91m  -8.141   0.0019      Ca B 1.500m  -8.381   0.0011      S II  4070A  -7.147   0.0187            
 PAH  13.30m  -3.409 102.1418      H  1 36.46m  -8.207   0.0016      Ca B 7.458m  -7.274   0.0140      S II  4078A  -7.831   0.0039            
 PAHC 14.10m  -3.412 101.6012      H  1 40.20m  -8.271   0.0014      Ca B 4.653m  -7.460   0.0091      S II 1.032m  -7.638   0.0060            
 Bcon  3640A  -0.005258978.94      H  1 44.12m  -8.331   0.0012      Ca B 3.740m  -7.627   0.0062      S II 1.029m  -7.773   0.0044            
 Pcon  5000A  -1.17617467.709      H  1 48.22m  -8.389   0.0011      Ca B 3.296m  -7.767   0.0045      S II 1.037m  -8.290   0.0013            
 HFFc     0   -5.159   1.8185      H  1 56.97m  -7.246   0.0149      Ca B 3.038m  -7.884   0.0034      S II 1.034m  -7.993   0.0027            
 H FF     0   -6.179   0.1736      He 1 504.3A  -7.631   0.0061      Ca B 2.872m  -7.983   0.0027      Cl 1 11.33m  -8.383   0.0011            
 MeFB     0   -6.794   0.0421      C  1  1101A  -7.171   0.0177      Ca B 2.758m  -8.067   0.0022      Cl 2 14.40m  -7.692   0.0053            
 MeFF     0   -7.330   0.0123      O  1 910.4A  -8.328   0.0012      Ca B 2.674m  -8.140   0.0019      Cl 2  8579A  -6.926   0.0311            
 ToFF     0   -6.149   0.1859      Mg 1  1622A  -7.981   0.0027      Ca B 2.612m  -8.204   0.0016      Cl 2  9124A  -7.504   0.0082            
 nInu 2.003c  -8.074   0.0022      Al 1  2071A  -7.320   0.0126      Ca B 2.564m  -8.261   0.0014      K  1  7676A  -6.212   0.1609            
 nInu 1.335c  -7.540   0.0076      Si 1  1521A  -6.438   0.0956      Ca B 2.525m  -8.313   0.0013      Ca 1  4228A  -5.742   0.4746            
 nInu  9993m  -7.162   0.0180      P  1  1182A  -7.343   0.0119      Ca B 2.495m  -8.359   0.0011      Ca 2  3933A  -6.900   0.0330            
 nInu  6917m  -6.687   0.0539      S  1  1197A  -6.655   0.0581      Ca B 2.469m  -8.403   0.0010      Ca 2  7306A  -6.559   0.0723            
 nFnu 122.4m  -7.070   0.0223      Cl 1 956.0A  -7.189   0.0170      Ca B 12.37m  -7.700   0.0052      Ca2K  3934A  -7.085   0.0216            
 nInu 122.4m  -1.6106437.8784      Fe 1  1569A  -7.274   0.0139      Ca B 7.500m  -7.850   0.0037      Ca2H  3969A  -7.361   0.0114            
 nFnu 60.83m  -6.725   0.0494      grains......................      Ca B 5.907m  -7.991   0.0027      CaF1  7291A  -6.780   0.0435            
 nInu 60.83m  -1.6575772.4146      H-like iso-sequence.........      Ca B 5.127m  -8.112   0.0020      CaF2  7324A  -6.959   0.0288            
 nFnu 41.22m  -6.521   0.0790      Hlin 912.0A  -8.159   0.0018      Ca B 4.671m  -8.213   0.0016      Fe2c     0   -5.075   2.2077            
 nInu 41.22m  -1.7704456.8906      Hrst     0   -8.163   0.0018      Ca B 4.375m  -8.299   0.0013      Fe 2  4300A  -5.544   0.7489            
 nFnu 30.87m  -6.374   0.1108      Ca B  1216A  -4.213  16.0434      Ca B 4.170m  -8.373   0.0011      Fe 2  2400A  -6.287   0.1353            
 nInu 30.87m  -1.8723520.7817      Q(H)  4861A  -2.2561455.2208      Ca B 19.06m  -8.067   0.0022      Fe 2 25.98m  -6.666   0.0565            
 nFnu 24.78m  -6.264   0.1429      Q(H)  1216A  -0.78742849.895      Ca B 11.31m  -8.189   0.0017      Fe 2 5.339m  -7.720   0.0050            
 nInu 24.78m  -1.9512933.7131      CaBo  4861A  -5.714   0.5061      Ca B 8.758m  -8.308   0.0013      Fe 2 4.114m  -8.307   0.0013            
 nFnu 24.30m  -6.254   0.1461      Ca A  1216A  -4.310  12.8578      Ca B 7.506m  -8.410   0.0010      Fe 2 1.257m  -6.244   0.1496            
 nInu 24.30m  -1.9582885.4666      Ca A  1026A  -5.035   2.4203      Ca B 27.80m  -8.389   0.0011      Fe 2 35.34m  -7.092   0.0212            
 nFnu 22.83m  -6.223   0.1568      Ca A 972.5A  -5.435   0.9638      H  1  1216A  -3.585  68.1463      Fe 2 1.321m  -6.821   0.0396            
 nInu 22.83m  -1.9802745.4353      Ca A 949.7A  -5.697   0.5271      H  1  1026A  -4.090  21.3233      Fe 2 1.249m  -7.490   0.0085            
 nFnu 21.42m  -6.192   0.1686      Ca A 937.8A  -5.868   0.3554      H  1 972.5A  -4.367  11.2594      Fe 2  7638A  -6.955   0.0291            
 nInu 21.42m  -2.0032601.3962      Ca A 930.8A  -5.980   0.2749      H  1 949.7A  -4.579   6.9077      Fe 2 51.29m  -7.794   0.0042            
 nFnu 21.12m  -6.185   0.1714      Ca A 926.2A  -6.050   0.2338      H  1 937.8A  -4.833   3.8551      Fe 2 5.672m  -8.136   0.0019            
 nInu 21.12m  -2.0092569.2407      Ca A 923.2A  -6.098   0.2092      H  1 930.8A  -5.204   1.6407      Fe 2 4.606m  -8.397   0.0011            
 nFnu 19.62m  -6.149   0.1860      Ca A 921.0A  -6.141   0.1896      H  1 926.2A  -5.459   0.9119      Fe 2 1.372m  -7.045   0.0236            
 nInu 19.62m  -2.0352421.0571      Ca A 919.4A  -6.185   0.1711      H  1 923.2A  -5.607   0.6483      Fe 2 1.294m  -6.822   0.0395            
 nFnu 17.65m  -6.095   0.2108      Ca A 918.1A  -6.232   0.1538      H  1 921.0A  -5.704   0.5181      Fe 2  7687A  -7.155   0.0184            
 nInu 17.65m  -2.0782190.8809      Ca A 917.2A  -6.276   0.1387      H  1  6563A  -5.046   2.3613      Fe 2 4.434m  -8.377   0.0011            
 nFnu 17.37m  -6.088   0.2142      Ca A 916.4A  -6.319   0.1259      H  1  4861A  -5.419   1.0000      Fe 2 1.328m  -7.068   0.0224            
 nInu 17.37m  -2.0842161.2354      Ca A 915.8A  -6.358   0.1151      H  1  4340A  -5.651   0.5859      Fe 2 1.279m  -6.944   0.0298            
 nFnu 15.69m  -6.041   0.2386      Ca A 915.3A  -6.393   0.1061      H  1  4102A  -5.815   0.4017      Fe 2 1.252m  -7.848   0.0037            
 nInu 15.69m  -2.1231973.5905      Ca A 914.9A  -6.425   0.0986      H  1  3970A  -6.072   0.2221      Fe 2  7665A  -7.529   0.0078            
 nFnu 14.60m  -6.006   0.2585      Ca A 914.6A  -6.454   0.0922      H  1  3889A  -6.290   0.1345      Fe 2 1.298m  -7.308   0.0129            
 nInu 14.60m  -2.1511852.0266      Ca A 914.3A  -6.483   0.0862      H  1  3835A  -6.435   0.0963      Fe 2 1.270m  -7.136   0.0192            
 nFnu 12.43m  -5.929   0.3089      Ca A 914.0A  -6.514   0.0802      H  1  3798A  -6.536   0.0764      Fe 2  7874A  -8.012   0.0025            
 nInu 12.43m  -2.2161594.2914      Ca A 913.8A  -6.548   0.0743      H  1 1.875m  -5.958   0.2889      Fe 2  7733A  -8.044   0.0024            
 nFnu 11.40m  -5.892   0.3365      Ca A 913.6A  -6.584   0.0684      H  1 1.282m  -6.205   0.1635      Fe 2 17.93m  -6.388   0.1073            
 nInu 11.40m  -2.2501475.8402      Ca A 913.5A  -6.622   0.0626      H  1 1.094m  -6.357   0.1153      Fe 2 1.644m  -6.317   0.1265            
 nFnu 10.46m  -5.851   0.3692      Ca A 913.3A  -6.662   0.0571      H  1 1.005m  -6.596   0.0665      Fe 2 1.533m  -6.767   0.0448            
 nInu 10.46m  -2.2831366.2013      Ca A  6563A  -5.436   0.9610      H  1  9546A  -6.808   0.0408      Fe 2  8617A  -6.377   0.1101            
 nFnu 9.480m  -5.810   0.4060      Ca A  4861A  -5.886   0.3413      H  1  9229A  -6.952   0.0293      Fe 2 24.51m  -6.877   0.0348            
 nInu 9.480m  -2.3231247.6987      Ca A  4340A  -6.207   0.1628      H  1  9015A  -7.051   0.0233      Fe 2 1.809m  -7.020   0.0251            
 nFnu 9.325m  -5.804   0.4118      Ca A  4102A  -6.444   0.0943      H  1 4.051m  -6.572   0.0702      Fe 2 1.677m  -6.907   0.0325            
 nInu 9.325m  -2.3291230.7726      Ca A  3970A  -6.620   0.0629      H  1 2.625m  -6.731   0.0487      Fe 2 1.599m  -6.883   0.0343            
 nFnu 8.210m  -5.748   0.4688      Ca A  3889A  -6.752   0.0465      H  1 2.166m  -6.969   0.0282      Fe 2  9052A  -7.035   0.0242            
 nInu 8.210m  -2.3801092.8389      Ca A  3835A  -6.854   0.0367      H  1 1.945m  -7.180   0.0173      Fe 2  8892A  -6.798   0.0418            
 nFnu 7.580m  -5.718   0.5022      Ca A  3798A  -6.937   0.0303      H  1 1.817m  -7.323   0.0125      Fe 2 35.77m  -7.701   0.0052            
 nInu 7.580m  -2.4121015.2969      Ca A  3771A  -7.008   0.0257      H  1 1.736m  -7.421   0.0099      Fe 2 1.800m  -7.078   0.0219            
 nFnu 7.050m  -5.685   0.5412      Ca A  3750A  -7.070   0.0223      H  1 7.458m  -7.046   0.0236      Fe 2 1.711m  -7.464   0.0090            
 nInu 7.050m  -2.440 951.8392      Ca A  3734A  -7.124   0.0197      H  1 4.653m  -7.268   0.0142      Fe 2 1.664m  -7.176   0.0175            
 nFnu 4.114m  -5.509   0.8127      Ca A  3722A  -7.172   0.0176      H  1 3.740m  -7.474   0.0088      Fe 2  9399A  -7.812   0.0040            
 nInu 4.114m  -2.544 748.5741      Ca A  3712A  -7.214   0.0160      H  1 3.296m  -7.614   0.0064      Fe 2  9227A  -7.054   0.0232            
 nFnu 2.324m  -5.456   0.9177      Ca A  3704A  -7.252   0.0147      H  1 3.038m  -7.711   0.0051      Fe 2  9033A  -7.278   0.0138            
 nInu 2.324m  -2.3191258.1886      Ca A  3697A  -7.285   0.0136      H  1 12.37m  -7.542   0.0075      Fe 2 1.797m  -7.238   0.0152            
 nFnu 1.643m  -5.485   0.8586      Ca A  3692A  -7.315   0.0127      H  1 7.500m  -7.724   0.0050      Fe 2 1.745m  -7.484   0.0086            
 nInu 1.643m  -2.0862149.9167      Ca A  3687A  -7.345   0.0119      H  1 5.907m  -7.857   0.0036      Fe 2  9471A  -7.620   0.0063            
 nFnu 1.480m  -5.181   1.7298      Ca A  3683A  -7.376   0.0110      H  1 5.127m  -7.951   0.0029      Fe 2  9268A  -7.172   0.0176            
 nInu 1.480m  -2.0422380.0273      Ca A  3679A  -7.409   0.0102      H  1 19.06m  -7.965   0.0028      Fe 2 22.90m  -7.992   0.0027            
 nFnu 1.436m  -5.002   2.6091      Ca A  3676A  -7.446   0.0094      H  1 11.31m  -8.072   0.0022      Fe 2 1.811m  -7.832   0.0039            
 nInu 1.436m  -1.9153186.6526      Ca A  3674A  -7.484   0.0086      H  1 8.758m  -8.159   0.0018      Fe 2 1.748m  -8.040   0.0024            
 nFnu 1.119m  -4.655   5.8070      Ca A  3671A  -7.524   0.0078      H  1 27.80m  -8.287   0.0014      Fe 2 1.813m  -8.299   0.0013            
 nInu 1.119m  -1.7664493.5210      Ca A 1.875m  -6.228   0.1552      H  1 16.20m  -8.348   0.0012      Fe2b  7000A  -6.659   0.0576            
 nFnu  8330A  -4.626   6.2103      Ca A 1.282m  -6.547   0.0744      He-like iso-sequence........      Fe2b 10000A  -5.447   0.9373            
 nInu  8330A  -1.5816877.9395      Ca A 1.094m  -6.804   0.0412      Hlin 506.0A  -7.930   0.0031      Fe2b  7445A  -6.659   0.0576            
 nFnu  8079A  -4.519   7.9454      Ca A 1.005m  -7.007   0.0258      Ca B 1.083m  -8.168   0.0018      Fe2b  8625A  -6.043   0.2373            
 nInu  8079A  -1.4269838.7861      Ca A  9546A  -7.170   0.0177      He 1     0   -6.919   0.0316      Fe2b 1.033m  -7.619   0.0063            
 nFnu  6210A  -4.819   3.9779      Ca A  9229A  -7.300   0.0131      He 1 584.3A  -5.073   2.2190      Fe2b 1.889m  -6.469   0.0891            
 nInu  6210A  -1.24914769.362      Ca A  9015A  -7.407   0.0103      He 1 537.0A  -6.299   0.1318      Fe 2  1786A  -6.906   0.0326            
 nFnu  4885A  -5.271   1.4067      Ca A  8863A  -7.494   0.0084      He 1 522.2A  -6.062   0.2271      recombination...............            
 nInu  4885A  -1.04223813.590      Ca A  8750A  -7.566   0.0071      He 1 515.6A  -6.303   0.1307      C  1 1.069m  -8.355   0.0012            
 nFnu  3704A  -6.048   0.2348      Ca A  8665A  -7.627   0.0062      He 1 512.1A  -6.538   0.0760      O  1  1357A  -8.036   0.0024            
 nInu  3704A  -0.80840766.445      Ca A  8598A  -7.679   0.0055      TOTL 1.083m  -7.908   0.0032      C  1  1140A  -7.264   0.0143            
 nFnu  3588A  -4.315  12.7037      Ca A  8545A  -7.723   0.0050      He 1 1.083m  -7.908   0.0032      level2 lines................            
 nInu  3588A  -0.64459504.895      Ca A  8502A  -7.762   0.0045      He 1 1.083m  -8.385   0.0011      C  1 943.9A  -6.887   0.0340            
 nFnu  2430A  -6.368   0.1123      Ca A  8467A  -7.796   0.0042      He 1 1.083m  -8.164   0.0018      C  1  1248A  -7.134   0.0192            
 nInu  2430A  -0.399104732.17      Ca A  8438A  -7.827   0.0039      He 1  5876A  -8.387   0.0011      C  1 841.0A  -7.741   0.0048            
 nFnu  2392A  -6.461   0.0907      Ca A  8413A  -7.857   0.0036      Pho+  3889A  -6.380   0.1093      C  1  1561A  -7.413   0.0101            
 nInu  2392A  -0.388107307.38      Ca A  8392A  -7.889   0.0034      database lines..............      C  1  1315A  -7.392   0.0106            
 nFnu  2071A  -6.042   0.2379      Ca A  8374A  -7.922   0.0031      OH   119.4m  -8.389   0.0011      C  1  1166A  -7.559   0.0072            
 nInu  2071A  -0.272140209.12      Ca A  8359A  -7.959   0.0029      OH   119.4m  -8.197   0.0017      C  1  1233A  -7.733   0.0048            
 nFnu  2053A  -6.115   0.2011      Ca A  8346A  -7.997   0.0026      OH   119.2m  -8.390   0.0011      C  1  1132A  -7.820   0.0040            
 nInu  2053A  -0.271140492.44      Ca A  8334A  -8.038   0.0024      OH   119.2m  -8.198   0.0017      C  1  1251A  -7.841   0.0038            
 nFnu  1793A  -7.029   0.0246      Ca A 4.051m  -6.838   0.0380      OH   84.57m  -7.456   0.0092      C  1  1112A  -8.022   0.0025            
 nInu  1793A  -0.167178364.00      Ca A 2.625m  -7.083   0.0216      OH   84.57m  -7.586   0.0068      C  1  1115A  -8.073   0.0022            
 nFnu  1585A  -6.627   0.0619      Ca A 2.166m  -7.297   0.0132      OH   84.40m  -7.460   0.0091      C  1  1162A  -8.120   0.0020            
 nInu  1585A  -0.142189202.20      Ca A 1.945m  -7.475   0.0088      OH   84.40m  -7.591   0.0067      C  1  1167A  -8.203   0.0016            
 nFnu  1458A  -5.518   0.7963      Ca A 1.817m  -7.622   0.0063      OH   98.71m  -8.011   0.0026      C  1  1104A  -8.186   0.0017            
 nInu  1458A  -0.041238877.25      Ca A 1.736m  -7.743   0.0047      OH   98.71m  -7.819   0.0040      C  1  1109A  -8.219   0.0016            
 nFnu  1357A  -6.280   0.1377      Ca A 1.681m  -7.841   0.0038      OH   48.80m  -8.326   0.0012      C  1  1098A  -8.356   0.0012            
 nInu  1357A   0.028279447.69      Ca A 1.641m  -7.921   0.0031      OH   98.70m  -8.011   0.0026      C  1  1132A  -8.386   0.0011            
 nFnu  1297A  -6.692   0.0533      Ca A 1.611m  -7.986   0.0027      OH   98.70m  -7.819   0.0040      N  1 942.3A  -8.090   0.0021            
 nInu  1297A   0.035284533.78      Ca A 1.588m  -8.041   0.0024      OH   48.69m  -8.336   0.0012      N  1 952.1A  -8.228   0.0016            
 nFnu  1263A  -6.864   0.0358      Ca A 1.570m  -8.087   0.0021      CO   108.7m  -8.376   0.0011      O  1 867.3A  -7.463   0.0090            
 nInu  1263A   0.023276562.41      Ca A 1.556m  -8.127   0.0020      CO   104.4m  -8.309   0.0013      O  1 787.5A  -8.207   0.0016            
 nFnu  1218A  -5.418   1.0015      Ca A 1.544m  -8.162   0.0018      CO   100.4m  -8.246   0.0015      O  1 976.8A  -7.216   0.0160            
 nInu  1218A   0.037285262.25      Ca A 1.534m  -8.193   0.0017      CO   96.75m  -8.188   0.0017      O  1 767.7A  -8.238   0.0015            
 nFnu  1196A  -5.212   1.6094      Ca A 1.526m  -8.223   0.0016      CO   93.32m  -8.133   0.0019      O  1 969.0A  -7.710   0.0051            
 nInu  1196A   0.043289211.84      Ca A 1.519m  -8.255   0.0015      CO   90.14m  -8.082   0.0022      O  1 946.4A  -8.014   0.0025            
 nFnu  1175A  -5.326   1.2389      Ca A 1.513m  -8.289   0.0013      CO   87.17m  -8.034   0.0024      O  1 934.5A  -8.210   0.0016            
 nInu  1175A   0.019274080.62      Ca A 1.508m  -8.326   0.0012      CO   84.39m  -7.990   0.0027      O  1 973.6A  -8.377   0.0011            
 nFnu  1144A  -5.709   0.5129      Ca A 1.504m  -8.364   0.0011      CO   81.78m  -7.949   0.0029      Ne 1 688.6A  -8.055   0.0023            
 nInu  1144A   0.120345992.62      Ca A 1.500m  -8.404   0.0010      CO   79.34m  -7.911   0.0032      Al 2  1671A  -7.866   0.0036            
 nFnu  1113A  -6.021   0.2497      Ca A 7.458m  -7.343   0.0119      CO   77.04m  -7.876   0.0035      Si 1  1261A  -8.181   0.0017            
 nInu  1113A   0.036284990.19      Ca A 4.653m  -7.540   0.0076      CO   74.87m  -7.844   0.0038      Si 1  1853A  -8.258   0.0014            
 nFnu  1103A  -5.553   0.7340      Ca A 3.740m  -7.722   0.0050      CO   72.82m  -7.814   0.0040      Si 2  1180A  -7.208   0.0162            
 nInu  1103A   0.133355947.84      Ca A 3.296m  -7.877   0.0035      CO   70.89m  -7.787   0.0043      Si 2 993.4A  -8.047   0.0024            
 nFnu  1074A  -5.886   0.3408      Ca A 3.038m  -8.007   0.0026      CO   69.06m  -7.763   0.0045      S  2 750.3A  -7.957   0.0029            
 nInu  1074A   0.118343904.41      Ca A 2.872m  -8.112   0.0020      CO   67.32m  -7.741   0.0048      Ti 2  3366A  -7.476   0.0088            
 nFnu  1064A  -6.016   0.2527      Ca A 2.758m  -8.197   0.0017      CO   65.67m  -7.721   0.0050      Ti 2  3238A  -7.841   0.0038            
 nInu  1064A   0.144364950.47      Ca A 2.674m  -8.266   0.0014      CO   64.10m  -7.704   0.0052      Cr 1  4271A  -7.572   0.0070            
 nFnu  1036A  -6.319   0.1257      Ca A 2.612m  -8.323   0.0012      CO   62.61m  -7.689   0.0054      Cr 1  3591A  -7.857   0.0036            
 nInu  1036A   0.102332018.50      Ca A 2.564m  -8.371   0.0011      CO   61.18m  -7.676   0.0055      Mn 2  2590A  -8.142   0.0019            
 nFnu  1000A  -6.643   0.0597      Ca A 2.525m  -8.412   0.0010      CO   59.83m  -7.666   0.0057      hyperfine structure.........            
 nInu  1000A   0.061301819.00      Ca A 12.37m  -7.774   0.0044      CO   58.53m  -7.657   0.0058      inner shell.................            
 nFnu 925.1A  -6.151   0.1851      Ca A 7.500m  -7.936   0.0030      CO   57.29m  -7.651   0.0059      molecules...................            
 nInu 925.1A   0.080315035.00      Ca A 5.907m  -8.092   0.0021      CO   56.11m  -7.647   0.0059      H2vH     0   -5.479   0.8706            
 nFnu 897.8A  -3.088 214.2622      Ca A 5.127m  -8.226   0.0016      CO   54.97m  -7.645   0.0059      H-FB     0   -5.121   1.9857            
 nInu 897.8A  -0.235152481.84      Ca A 4.671m  -8.336   0.0012      CO   53.88m  -7.644   0.0059      H-FF     0   -5.206   1.6326            
 nFnu 760.0A  -6.265   0.1425      Ca A 19.06m  -8.149   0.0019      CO   52.84m  -7.646   0.0059      H-CT  6563A  -5.733   0.4852            
 nInu 760.0A  -0.356115639.54      Ca A 11.31m  -8.284   0.0014      CO   51.84m  -7.650   0.0059      H2+      0   -5.380   1.0928            

                                                    Emergent line intensities
 general properties..........      nFnu 897.8A  -3.088 214.2622      Ca B  8346A  -7.968   0.0028      C  1  1656A  -6.853   0.0368            
 TOTL  4861A  -5.419   1.0000      nInu 897.8A  -0.235152481.84      Ca B  8334A  -8.014   0.0025      REC   1656A  -7.321   0.0125            
 TOTL  1216A  -3.585  68.1462      nFnu 760.0A  -6.265   0.1425      Ca B 4.051m  -6.769   0.0446      C Ic  9850A  -6.384   0.1082            
 continua....................      nInu 760.0A  -0.356115639.54      Ca B 2.625m  -7.005   0.0260      TOTL  9850A  -6.384   0.1082            
 Bac   3646A  -4.260  14.4164      nFnu 701.5A  -6.826   0.0391      Ca B 2.166m  -7.204   0.0164      C  1  8727A  -5.515   0.8014            
 nFnu  3645A  -4.254  14.6268      nInu 701.5A  -0.46490179.281      Ca B 1.945m  -7.366   0.0113      N  1 953.9A  -8.213   0.0016            
 nFnu  3647A  -6.096   0.2104      nInu 608.2A  -0.369112244.35      Ca B 1.817m  -7.498   0.0083      N  1  1200A  -7.249   0.0148            
 cout  3646A  -4.561   7.2082      nFnu 575.1A  -7.070   0.0223      Ca B 1.736m  -7.609   0.0065      N  1  3466A  -8.325   0.0012            
 cref  3646A  -4.561   7.2082      nInu 575.1A  -0.365113112.55      Ca B 1.681m  -7.703   0.0052      TOTL  3467A  -8.245   0.0015            
 thin  3646A  -4.260  14.4164      nInu 511.9A  -0.410102019.86      Ca B 1.641m  -7.785   0.0043      N  1 1.040m  -7.827   0.0039            
 Inci  4860A  -1.04323740.359      nFnu 496.9A  -6.317   0.1263      Ca B 1.611m  -7.856   0.0036      N  1 1.040m  -8.373   0.0011            
 Inci  1215A   0.038286389.50      nInu 496.9A  -0.59766399.422      Ca B 1.588m  -7.919   0.0032      N  1 1.041m  -8.176   0.0017            
 FIR  83.00m  -1.4399539.2686      nInu 399.2A  -0.88234421.777      Ca B 1.570m  -7.976   0.0028      N  1 1.041m  -8.190   0.0017            
 TIR   1800m  -3.742  47.5326      RRC.........................      Ca B 1.556m  -8.027   0.0025      TOTL 1.040m  -7.491   0.0085            
 NIRa 2.850m  -1.40510328.388      grains......................      Ca B 1.544m  -8.073   0.0022      O  1  6300A  -5.711   0.5096            
 NIRb 3.000m  -1.9193158.1113      H-like iso-sequence.........      Ca B 1.534m  -8.117   0.0020      O  1  6363A  -6.208   0.1625            
 MIRa 15.00m  -2.0142540.9253      Hlin 912.0A  -8.159   0.0018      Ca B 1.526m  -8.159   0.0018      O  1  5577A  -8.010   0.0026            
 MIRb 22.50m  -1.7914241.9312      Ca B  1216A  -4.213  16.0434      Ca B 1.519m  -8.202   0.0016      O  1 63.17m  -7.007   0.0258            
 NMIR 21.75m  -1.40510328.388      Q(H)  4861A  -2.2561455.2208      Ca B 1.513m  -8.246   0.0015      Ne 2 12.81m  -8.074   0.0022            
 TFIR 611.2m  -1.9512934.5291      Q(H)  1216A  -0.78742849.895      Ca B 1.508m  -8.290   0.0013      Na 1  5892A  -5.979   0.2753            
 TALL 10000A   0.152372017.00      CaBo  4861A  -5.719   0.5006      Ca B 1.504m  -8.335   0.0012      Mg 1  4561A  -8.042   0.0024            
 F12  12.00m  -2.494 840.5369      Ca A  1216A  -4.310  12.8578      Ca B 1.500m  -8.381   0.0011      Mg 1  2853A  -7.950   0.0029            
 F25  25.00m  -2.3021308.7258      Ca A  1026A  -5.035   2.4202      Ca B 7.458m  -7.274   0.0140      TOTL  2798A  -5.963   0.2859            
 F60  60.00m  -1.8393801.3894      Ca A 972.5A  -5.435   0.9637      Ca B 4.653m  -7.460   0.0091      Mg 2  2796A  -6.143   0.1885            
 F100 100.0m  -2.0262470.5386      Ca A 949.7A  -5.697   0.5271      Ca B 3.740m  -7.627   0.0062      Mg 2  2803A  -6.430   0.0973            
 MIPS 24.00m  -2.616 634.6719      Ca A 937.8A  -5.868   0.3553      Ca B 3.296m  -7.767   0.0045      totl  2665A  -7.809   0.0041            
 MIPS 70.00m  -2.1961670.0593      Ca A 930.8A  -5.980   0.2749      Ca B 3.038m  -7.884   0.0034      Al 2  2670A  -7.809   0.0041            
 MIPS 160.0m  -2.421 994.6172      Ca A 926.2A  -6.050   0.2338      Ca B 2.872m  -7.983   0.0027      Si 1  2518A  -8.316   0.0013            
 IRAC 3.600m  -3.156 183.0276      Ca A 923.2A  -6.098   0.2092      Ca B 2.758m  -8.067   0.0022      Si 2 34.81m  -7.340   0.0120            
 IRAC 4.500m  -3.220 157.9412      Ca A 921.0A  -6.141   0.1896      Ca B 2.674m  -8.140   0.0019      TOTL  2335A  -8.245   0.0015            
 IRAC 5.800m  -3.135 192.2733      Ca A 919.4A  -6.185   0.1711      Ca B 2.612m  -8.204   0.0016      Si 2  1531A  -8.075   0.0022            
 IRAC 8.000m  -2.845 374.7894      Ca A 918.1A  -6.232   0.1538      Ca B 2.564m  -8.261   0.0014      Si 2  1308A  -8.202   0.0016            
 SPR1 250.0m  -2.843 376.4036      Ca A 917.2A  -6.277   0.1387      Ca B 2.525m  -8.313   0.0013      Si 2  1263A  -7.102   0.0207            
 SPR2 350.0m  -3.279 137.9235      Ca A 916.4A  -6.319   0.1259      Ca B 2.495m  -8.359   0.0011      P  2 1.640m  -7.437   0.0096            
 SPR3 500.0m  -3.667  56.4597      Ca A 915.8A  -6.358   0.1151      Ca B 2.469m  -8.403   0.0010      P  2  4669A  -7.927   0.0031            
 PAC1 70.00m  -2.1341927.4121      Ca A 915.3A  -6.393   0.1061      Ca B 12.37m  -7.700   0.0052      P  2  4737A  -8.404   0.0010            
 PAC2 100.0m  -2.0212499.0112      Ca A 914.9A  -6.425   0.0986      Ca B 7.500m  -7.850   0.0037      P  2 1.189m  -7.573   0.0070            
 PAC3 160.0m  -2.1641797.4897      Ca A 914.6A  -6.454   0.0922      Ca B 5.907m  -7.991   0.0027      P  2 1.147m  -8.050   0.0023            
 PAH  3.300m  -3.990  26.8367      Ca A 914.3A  -6.483   0.0862      Ca B 5.127m  -8.112   0.0020      S  1 25.19m  -7.208   0.0163            
 PAHC 3.230m  -4.240  15.1003      Ca A 914.0A  -6.514   0.0802      Ca B 4.671m  -8.213   0.0016      S 1R  1807A  -7.658   0.0058            
 PAHC 3.370m  -4.320  12.5617      Ca A 913.8A  -6.548   0.0743      Ca B 4.375m  -8.299   0.0013      S  2  6720A  -7.969   0.0028            
 PAH  6.200m  -3.585  68.2264      Ca A 913.6A  -6.584   0.0684      Ca B 4.170m  -8.373   0.0011      S  2  4074A  -7.065   0.0226            
 PAHC 5.650m  -3.582  68.6965      Ca A 913.5A  -6.622   0.0626      Ca B 19.06m  -8.067   0.0022      S  2 1.033m  -7.258   0.0145            
 PAH  7.900m  -3.292 133.8448      Ca A 913.3A  -6.662   0.0571      Ca B 11.31m  -8.189   0.0017      S II  6731A  -8.127   0.0020            
 PAHC 6.900m  -3.288 135.2512      Ca A  6563A  -5.436   0.9610      Ca B 8.758m  -8.308   0.0013      S II  4070A  -7.147   0.0187            
 PAH  11.30m  -3.704  51.8470      Ca A  4861A  -5.886   0.3413      Ca B 7.506m  -8.410   0.0010      S II  4078A  -7.831   0.0039            
 PAHC 10.90m  -3.703  52.0152      Ca A  4340A  -6.207   0.1628      Ca B 27.80m  -8.389   0.0011      S II 1.032m  -7.638   0.0060            
 PAH  11.80m  -3.463  90.2655      Ca A  4102A  -6.444   0.0943      H  1  1216A  -3.585  68.1462      S II 1.029m  -7.773   0.0044            
 PAHC 12.65m  -3.465  89.7959      Ca A  3970A  -6.620   0.0629      H  1  1026A  -4.090  21.3230      S II 1.037m  -8.290   0.0013            
 PAH  13.30m  -3.409 102.1418      Ca A  3889A  -6.752   0.0465      H  1 972.5A  -4.367  11.2593      S II 1.034m  -7.993   0.0027            
 PAHC 14.10m  -3.412 101.6012      Ca A  3835A  -6.854   0.0367      H  1 949.7A  -4.579   6.9077      Cl 1 11.33m  -8.383   0.0011            
 Bcon  3640A  -0.005258978.92      Ca A  3798A  -6.937   0.0303      H  1 937.8A  -4.833   3.8551      Cl 2 14.40m  -7.692   0.0053            
 Pcon  5000A  -1.17617467.709      Ca A  3771A  -7.008   0.0257      H  1 930.8A  -5.204   1.6407      Cl 2  8579A  -6.926   0.0311            
 nInu 2.003c  -8.074   0.0022      Ca A  3750A  -7.070   0.0223      H  1 926.2A  -5.459   0.9119      Cl 2  9124A  -7.504   0.0082            
 nInu 1.335c  -7.540   0.0076      Ca A  3734A  -7.124   0.0197      H  1 923.2A  -5.607   0.6483      K  1  7676A  -6.212   0.1609            
 nInu  9993m  -7.162   0.0180      Ca A  3722A  -7.172   0.0176      H  1 921.0A  -5.704   0.5181      Ca 1  4228A  -5.742   0.4746            
 nInu  6917m  -6.687   0.0539      Ca A  3712A  -7.214   0.0160      H  1  6563A  -5.046   2.3613      Ca 2  3933A  -6.900   0.0330            
 nFnu 122.4m  -7.070   0.0223      Ca A  3704A  -7.252   0.0147      H  1  4861A  -5.419   1.0000      Ca 2  7306A  -6.559   0.0723            
 nInu 122.4m  -1.6106437.8784      Ca A  3697A  -7.285   0.0136      H  1  4340A  -5.651   0.5859      Ca2K  3934A  -7.085   0.0216            
 nFnu 60.83m  -6.725   0.0494      Ca A  3692A  -7.315   0.0127      H  1  4102A  -5.815   0.4017      Ca2H  3969A  -7.361   0.0114            
 nInu 60.83m  -1.6575772.4146      Ca A  3687A  -7.345   0.0119      H  1  3970A  -6.072   0.2221      CaF1  7291A  -6.780   0.0435            
 nFnu 41.22m  -6.521   0.0790      Ca A  3683A  -7.376   0.0110      H  1  3889A  -6.290   0.1345      CaF2  7324A  -6.959   0.0288            
 nInu 41.22m  -1.7704456.8906      Ca A  3679A  -7.409   0.0102      H  1  3835A  -6.435   0.0963      Fe 2  4300A  -5.544   0.7489            
 nFnu 30.87m  -6.374   0.1108      Ca A  3676A  -7.446   0.0094      H  1  3798A  -6.536   0.0764      Fe 2  2400A  -6.287   0.1353            
 nInu 30.87m  -1.8723520.7817      Ca A  3674A  -7.484   0.0086      H  1 1.875m  -5.958   0.2889      Fe 2 25.98m  -6.666   0.0565            
 nFnu 24.78m  -6.264   0.1429      Ca A  3671A  -7.524   0.0078      H  1 1.282m  -6.205   0.1635      Fe 2 5.339m  -7.720   0.0050            
 nInu 24.78m  -1.9512933.7131      Ca A 1.875m  -6.228   0.1552      H  1 1.094m  -6.357   0.1153      Fe 2 4.114m  -8.307   0.0013            
 nFnu 24.30m  -6.254   0.1461      Ca A 1.282m  -6.547   0.0744      H  1 1.005m  -6.596   0.0665      Fe 2 1.257m  -6.244   0.1496            
 nInu 24.30m  -1.9582885.4666      Ca A 1.094m  -6.804   0.0412      H  1  9546A  -6.808   0.0408      Fe 2 35.34m  -7.092   0.0212            
 nFnu 22.83m  -6.223   0.1568      Ca A 1.005m  -7.007   0.0258      H  1  9229A  -6.952   0.0293      Fe 2 1.321m  -6.821   0.0396            
 nInu 22.83m  -1.9802745.4353      Ca A  9546A  -7.170   0.0177      H  1  9015A  -7.051   0.0233      Fe 2 1.249m  -7.490   0.0085            
 nFnu 21.42m  -6.192   0.1686      Ca A  9229A  -7.300   0.0131      H  1 4.051m  -6.572   0.0702      Fe 2  7638A  -6.955   0.0291            
 nInu 21.42m  -2.0032601.3962      Ca A  9015A  -7.407   0.0103      H  1 2.625m  -6.731   0.0487      Fe 2 51.29m  -7.794   0.0042            
 nFnu 21.12m  -6.185   0.1714      Ca A  8863A  -7.494   0.0084      H  1 2.166m  -6.969   0.0282      Fe 2 5.672m  -8.136   0.0019            
 nInu 21.12m  -2.0092569.2407      Ca A  8750A  -7.566   0.0071      H  1 1.945m  -7.180   0.0173      Fe 2 4.606m  -8.397   0.0011            
 nFnu 19.62m  -6.149   0.1860      Ca A  8665A  -7.627   0.0062      H  1 1.817m  -7.323   0.0125      Fe 2 1.372m  -7.045   0.0236            
 nInu 19.62m  -2.0352421.0571      Ca A  8598A  -7.679   0.0055      H  1 1.736m  -7.421   0.0099      Fe 2 1.294m  -6.822   0.0395            
 nFnu 17.65m  -6.095   0.2108      Ca A  8545A  -7.723   0.0050      H  1 7.458m  -7.046   0.0236      Fe 2  7687A  -7.155   0.0184            
 nInu 17.65m  -2.0782190.8809      Ca A  8502A  -7.762   0.0045      H  1 4.653m  -7.268   0.0142      Fe 2 4.434m  -8.377   0.0011            
 nFnu 17.37m  -6.088   0.2142      Ca A  8467A  -7.796   0.0042      H  1 3.740m  -7.474   0.0088      Fe 2 1.328m  -7.068   0.0224            
 nInu 17.37m  -2.0842161.2354      Ca A  8438A  -7.827   0.0039      H  1 3.296m  -7.614   0.0064      Fe 2 1.279m  -6.944   0.0298            
 nFnu 15.69m  -6.041   0.2386      Ca A  8413A  -7.857   0.0036      H  1 3.038m  -7.711   0.0051      Fe 2 1.252m  -7.848   0.0037            
 nInu 15.69m  -2.1231973.5905      Ca A  8392A  -7.889   0.0034      H  1 12.37m  -7.542   0.0075      Fe 2  7665A  -7.529   0.0078            
 nFnu 14.60m  -6.006   0.2585      Ca A  8374A  -7.922   0.0031      H  1 7.500m  -7.724   0.0050      Fe 2 1.298m  -7.308   0.0129            
 nInu 14.60m  -2.1511852.0266      Ca A  8359A  -7.959   0.0029      H  1 5.907m  -7.857   0.0036      Fe 2 1.270m  -7.136   0.0192            
 nFnu 12.43m  -5.929   0.3089      Ca A  8346A  -7.997   0.0026      H  1 5.127m  -7.951   0.0029      Fe 2  7874A  -8.012   0.0025            
 nInu 12.43m  -2.2161594.2914      Ca A  8334A  -8.038   0.0024      H  1 19.06m  -7.965   0.0028      Fe 2  7733A  -8.044   0.0024            
 nFnu 11.40m  -5.892   0.3365      Ca A 4.051m  -6.838   0.0380      H  1 11.31m  -8.072   0.0022      Fe 2 17.93m  -6.388   0.1073            
 nInu 11.40m  -2.2501475.8402      Ca A 2.625m  -7.083   0.0216      H  1 8.758m  -8.159   0.0018      Fe 2 1.644m  -6.317   0.1265            
 nFnu 10.46m  -5.851   0.3692      Ca A 2.166m  -7.297   0.0132      H  1 27.80m  -8.287   0.0014      Fe 2 1.533m  -6.767   0.0448            
 nInu 10.46m  -2.2831366.2013      Ca A 1.945m  -7.475   0.0088      H  1 16.20m  -8.348   0.0012      Fe 2  8617A  -6.377   0.1101            
 nFnu 9.480m  -5.810   0.4060      Ca A 1.817m  -7.622   0.0063      He-like iso-sequence........      Fe 2 24.51m  -6.877   0.0348            
 nInu 9.480m  -2.3231247.6987      Ca A 1.736m  -7.743   0.0047      Hlin 506.0A  -7.930   0.0031      Fe 2 1.809m  -7.020   0.0251            
 nFnu 9.325m  -5.804   0.4118      Ca A 1.681m  -7.841   0.0038      Ca B 1.083m  -8.168   0.0018      Fe 2 1.677m  -6.907   0.0325            
 nInu 9.325m  -2.3291230.7726      Ca A 1.641m  -7.921   0.0031      He 1 584.3A  -5.074   2.2128      Fe 2 1.599m  -6.883   0.0343            
 nFnu 8.210m  -5.748   0.4688      Ca A 1.611m  -7.986   0.0027      He 1 537.0A  -6.300   0.1315      Fe 2  9052A  -7.035   0.0242            
 nInu 8.210m  -2.3801092.8389      Ca A 1.588m  -8.041   0.0024      He 1 522.2A  -6.063   0.2267      Fe 2  8892A  -6.798   0.0418            
 nFnu 7.580m  -5.718   0.5022      Ca A 1.570m  -8.087   0.0021      He 1 515.6A  -6.303   0.1305      Fe 2 35.77m  -7.701   0.0052            
 nInu 7.580m  -2.4121015.2969      Ca A 1.556m  -8.127   0.0020      He 1 512.1A  -6.539   0.0759      Fe 2 1.800m  -7.078   0.0219            
 nFnu 7.050m  -5.685   0.5412      Ca A 1.544m  -8.162   0.0018      TOTL 1.083m  -7.908   0.0032      Fe 2 1.711m  -7.464   0.0090            
 nInu 7.050m  -2.440 951.8392      Ca A 1.534m  -8.193   0.0017      He 1 1.083m  -7.908   0.0032      Fe 2 1.664m  -7.176   0.0175            
 nFnu 4.114m  -5.509   0.8127      Ca A 1.526m  -8.223   0.0016      He 1 1.083m  -8.385   0.0011      Fe 2  9399A  -7.812   0.0040            
 nInu 4.114m  -2.544 748.5741      Ca A 1.519m  -8.255   0.0015      He 1 1.083m  -8.164   0.0018      Fe 2  9227A  -7.054   0.0232            
 nFnu 2.324m  -5.456   0.9177      Ca A 1.513m  -8.289   0.0013      He 1  5876A  -8.387   0.0011      Fe 2  9033A  -7.278   0.0138            
 nInu 2.324m  -2.3191258.1886      Ca A 1.508m  -8.326   0.0012      Pho+  3889A  -6.380   0.1093      Fe 2 1.797m  -7.238   0.0152            
 nFnu 1.643m  -5.485   0.8586      Ca A 1.504m  -8.364   0.0011      database lines..............      Fe 2 1.745m  -7.484   0.0086            
 nInu 1.643m  -2.0862149.9167      Ca A 1.500m  -8.404   0.0010      OH   119.4m  -8.389   0.0011      Fe 2  9471A  -7.620   0.0063            
 nFnu 1.480m  -5.181   1.7298      Ca A 7.458m  -7.343   0.0119      OH   119.4m  -8.197   0.0017      Fe 2  9268A  -7.172   0.0176            
 nInu 1.480m  -2.0422380.0273      Ca A 4.653m  -7.540   0.0076      OH   119.2m  -8.390   0.0011      Fe 2 22.90m  -7.992   0.0027            
 nFnu 1.436m  -5.002   2.6091      Ca A 3.740m  -7.722   0.0050      OH   119.2m  -8.198   0.0017      Fe 2 1.811m  -7.832   0.0039            
 nInu 1.436m  -1.9153186.6526      Ca A 3.296m  -7.877   0.0035      OH   84.57m  -7.456   0.0092      Fe 2 1.748m  -8.040   0.0024            
 nFnu 1.119m  -4.655   5.8070      Ca A 3.038m  -8.007   0.0026      OH   84.57m  -7.586   0.0068      Fe 2 1.813m  -8.299   0.0013            
 nInu 1.119m  -1.7664493.5210      Ca A 2.872m  -8.112   0.0020      OH   84.40m  -7.460   0.0091      Fe2b  7000A  -6.659   0.0576            
 nFnu  8330A  -4.626   6.2103      Ca A 2.758m  -8.197   0.0017      OH   84.40m  -7.591   0.0067      Fe2b 10000A  -5.447   0.9373            
 nInu  8330A  -1.5816877.9395      Ca A 2.674m  -8.266   0.0014      OH   98.71m  -8.011   0.0026      Fe2b  7445A  -6.659   0.0576            
 nFnu  8079A  -4.519   7.9454      Ca A 2.612m  -8.323   0.0012      OH   98.71m  -7.819   0.0040      Fe2b  8625A  -6.043   0.2373            
 nInu  8079A  -1.4269838.7861      Ca A 2.564m  -8.371   0.0011      OH   48.80m  -8.326   0.0012      Fe2b 1.033m  -7.619   0.0063            
 nFnu  6210A  -4.819   3.9779      Ca A 2.525m  -8.412   0.0010      OH   98.70m  -8.011   0.0026      Fe2b 1.889m  -6.469   0.0891            
 nInu  6210A  -1.24914769.362      Ca A 12.37m  -7.774   0.0044      OH   98.70m  -7.819   0.0040      Fe 2  1786A  -6.906   0.0326            
 nFnu  4885A  -5.271   1.4067      Ca A 7.500m  -7.936   0.0030      OH   48.69m  -8.336   0.0012      recombination...............            
 nInu  4885A  -1.04223813.590      Ca A 5.907m  -8.092   0.0021      CO   108.7m  -8.376   0.0011      C  1 1.069m  -8.355   0.0012            
 nFnu  3704A  -6.048   0.2348      Ca A 5.127m  -8.226   0.0016      CO   104.4m  -8.309   0.0013      O  1  1357A  -8.036   0.0024            
 nInu  3704A  -0.80840766.445      Ca A 4.671m  -8.336   0.0012      CO   100.4m  -8.246   0.0015      C  1  1140A  -7.264   0.0143            
 nFnu  3588A  -4.315  12.7037      Ca A 19.06m  -8.149   0.0019      CO   96.75m  -8.188   0.0017      level2 lines................            
 nInu  3588A  -0.64459504.895      Ca A 11.31m  -8.284   0.0014      CO   93.32m  -8.133   0.0019      C  1 943.9A  -6.887   0.0340            
 nFnu  2430A  -6.368   0.1123      Ca A 8.758m  -8.416   0.0010      CO   90.14m  -8.082   0.0022      C  1  1248A  -7.134   0.0192            
 nInu  2430A  -0.399104732.17      Ca B  6563A  -5.228   1.5509      CO   87.17m  -8.034   0.0024      C  1 841.0A  -7.743   0.0047            
 nFnu  2392A  -6.461   0.0907      Ca B  4861A  -5.684   0.5429      CO   84.39m  -7.990   0.0027      C  1  1561A  -7.413   0.0101            
 nInu  2392A  -0.388107307.38      Ca B  4340A  -6.003   0.2602      CO   81.78m  -7.949   0.0029      C  1  1315A  -7.392   0.0106            
 nFnu  2071A  -6.042   0.2379      Ca B  4102A  -6.237   0.1519      CO   79.34m  -7.911   0.0032      C  1  1166A  -7.559   0.0072            
 nInu  2071A  -0.272140209.12      Ca B  3970A  -6.413   0.1014      CO   77.04m  -7.876   0.0035      C  1  1233A  -7.733   0.0048            
 nFnu  2053A  -6.115   0.2011      Ca B  3889A  -6.549   0.0740      CO   74.87m  -7.844   0.0038      C  1  1132A  -7.820   0.0040            
 nInu  2053A  -0.271140492.44      Ca B  3835A  -6.660   0.0574      CO   72.82m  -7.814   0.0040      C  1  1251A  -7.841   0.0038            
 nFnu  1793A  -7.029   0.0246      Ca B  3798A  -6.755   0.0461      CO   70.89m  -7.787   0.0043      C  1  1112A  -8.022   0.0025            
 nInu  1793A  -0.167178364.00      Ca B  3771A  -6.839   0.0380      CO   69.06m  -7.763   0.0045      C  1  1115A  -8.073   0.0022            
 nFnu  1585A  -6.627   0.0619      Ca B  3750A  -6.914   0.0320      CO   67.32m  -7.741   0.0048      C  1  1162A  -8.120   0.0020            
 nInu  1585A  -0.142189202.20      Ca B  3734A  -6.981   0.0274      CO   65.67m  -7.721   0.0050      C  1  1167A  -8.203   0.0016            
 nFnu  1458A  -5.518   0.7963      Ca B  3722A  -7.042   0.0238      CO   64.10m  -7.704   0.0052      C  1  1104A  -8.186   0.0017            
 nInu  1458A  -0.041238877.25      Ca B  3712A  -7.097   0.0210      CO   62.61m  -7.689   0.0054      C  1  1109A  -8.219   0.0016            
 nFnu  1357A  -6.280   0.1377      Ca B  3704A  -7.148   0.0187      CO   61.18m  -7.676   0.0055      C  1  1098A  -8.356   0.0012            
 nInu  1357A   0.028279447.69      Ca B  3697A  -7.193   0.0168      CO   59.83m  -7.666   0.0057      C  1  1132A  -8.386   0.0011            
 nFnu  1297A  -6.692   0.0533      Ca B  3692A  -7.237   0.0152      CO   58.53m  -7.657   0.0058      N  1 942.3A  -8.090   0.0021            
 nInu  1297A   0.035284533.78      Ca B  3687A  -7.279   0.0138      CO   57.29m  -7.651   0.0059      N  1 952.1A  -8.228   0.0016            
 nFnu  1263A  -6.864   0.0358      Ca B  3683A  -7.322   0.0125      CO   56.11m  -7.647   0.0059      O  1 867.3A  -7.465   0.0090            
 nInu  1263A   0.023276562.41      Ca B  3679A  -7.365   0.0113      CO   54.97m  -7.645   0.0059      O  1 787.5A  -8.209   0.0016            
 nFnu  1218A  -5.418   1.0015      Ca B  3676A  -7.410   0.0102      CO   53.88m  -7.644   0.0059      O  1 976.8A  -7.216   0.0160            
 nInu  1218A   0.037285262.25      Ca B  3674A  -7.455   0.0092      CO   52.84m  -7.646   0.0059      O  1 767.7A  -8.240   0.0015            
 nFnu  1196A  -5.212   1.6094      Ca B  3671A  -7.501   0.0083      CO   51.84m  -7.650   0.0059      O  1 969.0A  -7.710   0.0051            
 nInu  1196A   0.043289211.84      Ca B 1.875m  -6.142   0.1891      CO   50.87m  -7.655   0.0058      O  1 946.4A  -8.014   0.0025            
 nFnu  1175A  -5.326   1.2389      Ca B 1.282m  -6.451   0.0929      CO   49.95m  -7.662   0.0057      O  1 934.5A  -8.210   0.0016            
 nInu  1175A   0.019274080.62      Ca B 1.094m  -6.694   0.0530      CO   49.06m  -7.672   0.0056      O  1 973.6A  -8.377   0.0011            
 nFnu  1144A  -5.709   0.5129      Ca B 1.005m  -6.883   0.0343      CO   48.20m  -7.683   0.0054      Ne 1 688.6A  -8.057   0.0023            
 nInu  1144A   0.120345992.62      Ca B  9546A  -7.031   0.0244      CO   47.37m  -7.696   0.0053      Al 2  1671A  -7.866   0.0036            
 nFnu  1113A  -6.021   0.2497      Ca B  9229A  -7.152   0.0185      CO   46.57m  -7.711   0.0051      Si 1  1261A  -8.181   0.0017            
 nInu  1113A   0.036284990.19      Ca B  9015A  -7.255   0.0146      CO   45.80m  -7.728   0.0049      Si 1  1853A  -8.258   0.0014            
 nFnu  1103A  -5.553   0.7340      Ca B  8863A  -7.344   0.0119      CO   45.06m  -7.747   0.0047      Si 2  1180A  -7.208   0.0162            
 nInu  1103A   0.133355947.84      Ca B  8750A  -7.422   0.0099      CO   44.35m  -7.768   0.0045      Si 2 993.4A  -8.047   0.0024            
 nFnu  1074A  -5.886   0.3408      Ca B  8665A  -7.492   0.0084      CO   43.65m  -7.790   0.0043      S  2 750.3A  -7.959   0.0029            
 nInu  1074A   0.118343904.41      Ca B  8598A  -7.554   0.0073      CO   42.98m  -7.815   0.0040      Ti 2  3366A  -7.476   0.0088            
 nFnu  1064A  -6.016   0.2527      Ca B  8545A  -7.610   0.0064      CO   42.33m  -7.841   0.0038      Ti 2  3238A  -7.841   0.0038            
 nInu  1064A   0.144364950.47      Ca B  8502A  -7.660   0.0057      CO   41.71m  -7.869   0.0035      Cr 1  4271A  -7.572   0.0070            
 nFnu  1036A  -6.319   0.1257      Ca B  8467A  -7.706   0.0052      CO   41.10m  -7.900   0.0033      Cr 1  3591A  -7.857   0.0036            
 nInu  1036A   0.102332018.50      Ca B  8438A  -7.750   0.0047      CO   40.51m  -7.932   0.0031      Mn 2  2590A  -8.142   0.0019            
 nFnu  1000A  -6.643   0.0597      Ca B  8413A  -7.792   0.0042      CO   39.94m  -7.967   0.0028      hyperfine structure.........            
 nInu  1000A   0.061301819.00      Ca B  8392A  -7.835   0.0038      CO   39.39m  -8.003   0.0026      inner shell.................            
 nFnu 925.1A  -6.151   0.1851      Ca B  8374A  -7.879   0.0035      CO   38.85m  -8.042   0.0024      molecules...................            
 nInu 925.1A   0.080315035.00      Ca B  8359A  -7.923   0.0031      level 1 lines...............      H-CT  6563A  -5.733   0.4852            



                                                                           
 Cooling:  HFBc     0 :0.053 HFFc     0 :0.164 C  1  8727A:0.072 Fe2c     0 :0.199 H-FB     0 :0.179 H2+      0 :0.099  
 Heating:  BFH1     0 :0.893 H2vH     0 :0.078  

 These are some of the most important databases used by Cloudy:
 Many recombination coefficients were taken from http://amdpp.phys.strath.ac.uk/tamoc/RR/ and http://amdpp.phys.strath.ac.uk/tamoc/DR/
      and are based on the following papers:
        Badnell N. R., et al., A&A 406, 1151 (2003) [http://adsabs.harvard.edu/abs/2003A%26A...406.1151B]
        Badnell N. R., ApJS 167, 334 (2006) [http://adsabs.harvard.edu/abs/2006ApJS..167..334B]
 Much of the molecular emission data is from LAMDA as accessed on Dec. 18, 2010. This database is described in:
        Schoeier F.L., et al., A&A 432, 369 (2005) [http://adsabs.harvard.edu/abs/2005A%26A...432..369S]
      This database is in part based on the work of the following groups:
        JPL: Pickett H. M. et al., JQSRT, 60, 883 (1998). [http://adsabs.harvard.edu/abs/1998JQSRT..60..883P]
        CDMS: Mueller H. S. et al., A&A 370, L49 (2001). [http://adsabs.harvard.edu/abs/2001A%26A...370L..49M]
              Mueller H. S. et al., J. Mol. Struct. 742, 215 (2005). [http://adsabs.harvard.edu/abs/2005JMoSt.742..215M]
 Much of the ionic emission data is from version 7.0 of CHIANTI. CHIANTI is a collaborative project involving the NRL (USA), the
      Universities of Florence (Italy) and Cambridge (UK), and George Mason University (USA). These papers describe Chianti:
        Dere K. P., et al., A&AS, 125, 149 (1997) [http://adsabs.harvard.edu/abs/1997A%26AS..125..149D]
        Landi E., et al., ApJ, 744, 99 (2012) [http://adsabs.harvard.edu/abs/2012ApJ...744...99L]
 Much of the H_2 data is from this web site: http://molat.obspm.fr/index.php?page=pages/Molecules/H2/H2can94.php. These data are
      described in:
        Abgrall H. et al., Can. J. Phys., 72, 856 (1994) [http://adsabs.harvard.edu/abs/1994CaJPh..72..856A]
        Wrathmall S. A. & Flower D. R., J. Phys. B, 40, 3221 (2007) [http://adsabs.harvard.edu/abs/2007JPhB...40.3221W]
 Please cite those papers that played a significant role in this calculation.

 IONIZE PARMET:  U(1-)-10.4768  U(4-):-16.2499  U(sp):-10.48  Q(ion):   10.000  L(ion) -0.529    Q(low): 12.367    L(low)  0.050
 ENERGY BUDGET:  Heat:  -4.373  Coolg:  -4.374  Error:  0.4%  Rec Lin:  -5.280  F-F  H  0.000    P(rad/tot)max     0.00E+00

     Col(Heff):      0.000E+00  snd travl time  4.83E-02 sec  Te-low: 3.65E+03  Te-hi: 3.65E+03  G0TH85: 4.96E+02  G0DB96:6.42E+02
  Emiss Measure    n(e)n(p) dl       6.496E+18  n(e)n(He+)dl         1.815E+15  En(e)n(He++) dl         2.497E+05  ne nC+:2.39E+16
 He/Ha:7.94E-04  =   0.01*true  Lthin:8.06E+02  itr/zn:127.00  H2 itr/zn:  0.00  File Opacity: F  MassTot 5.39e-10  (gm/cm^2)
   Temps(21 cm)   T(21cm/Ly a)  3.46E+03        T(<nH/Tkin>)  3.65E+03          T(<nH/Tspin>)    3.66E+03          TB21cm:0.00E+00
                   N(H0/Tspin)  6.48E+10        N(OH/Tkin)    1.18E+04          B(21cm)          0.00E+00
   <a>:3.90E-05  erdeFe0.0E+00  Tcompt3.75E+04  Tthr4.63E+06  <Tden>: 3.65E+03  <dens>:2.27E-14  <MolWgt>1.26E+00
     Mean Jeans  l(cm)2.24E+16  M(sun)6.71E+01  smallest:     len(cm):2.24E+16  M(sun):6.71E+01  a_ox tran:  0.00
 Rion:1.000E+30  Dist:0.00E+00  Diam:0.000E+00
 Hatom level 70  HatomType: add  HInducImp  F  He tot level: 63  He2 level:   70  ExecTime    60.0
 ConvrgError(%)  <eden>  0.199  MaxEden  0.199  <H-C>   0.39  Max(H-C)    0.39  <Press>   0.000  MaxPrs er  0.000
  Continuity(%)  chng Te   0.0  elec den   0.0  n(H2)    0.0  n(CO)        0.0

                                                        Averaged Quantities
             Te      Te(Ne)   Te(NeNp)  Te(NeHe+)Te(NeHe2+) Te(NeO+)  Te(NeO2+)  Te(H2)     N(H)     Ne(O2+)   Ne(Np)
 Radius:  3.65e+03  3.65e+03  3.65e+03  3.65e+03  3.65e+03  3.65e+03  3.65e+03  3.65e+03  1.00e+10  1.71e+07  1.71e+07

 Contin Optical Depths: COMP: 2.70e-13    H-: 3.17e-11 R(1300): 1.59e-09  H2+: 7.77e-13  Pfa:2.71E-13
                          Pa: 2.71e-13    Ba: 2.91e-11      Hb: 2.28e-11   La: 3.49e-06     1r:1.500E-03  1.8:4.47E-04 4.:6.507E-05

 Old, new H  1 continuum optical depths:
     1 1.50e-03     2 1.61e-11     3 3.17e-11     4 3.17e-11     5 3.17e-11     6 7.89e-12     7 7.89e-12     8 7.89e-12
     9 7.89e-12    10 2.75e-16    11 2.75e-16    12 2.75e-16    13 2.75e-16    14 2.75e-16    15 5.96e-16    16 5.96e-16
    17 5.96e-16    18 5.96e-16    19 5.96e-16    20 5.96e-16    21 1.12e-15    22 1.12e-15    23 1.12e-15    24 1.12e-15
    25 1.12e-15    26 1.12e-15    27 1.12e-15    28 1.88e-15    29 1.88e-15    30 1.88e-15    31 1.88e-15    32 1.88e-15
    33 1.88e-15    34 1.88e-15    35 1.88e-15    36 2.97e-15    37 2.97e-15    38 2.97e-15    39 2.97e-15    40 2.97e-15
    41 2.97e-15    42 2.97e-15    43 2.97e-15    44 2.97e-15    45 4.46e-15    46 4.46e-15    47 4.46e-15    48 4.46e-15
    49 4.46e-15    50 4.46e-15    51 4.46e-15    52 4.46e-15    53 4.46e-15    54 4.46e-15
     1 1.50e-03     2 1.62e-11     3 3.18e-11     4 3.18e-11     5 3.18e-11     6 7.90e-12     7 7.90e-12     8 7.90e-12
     9 7.90e-12    10 2.76e-16    11 2.76e-16    12 2.76e-16    13 2.76e-16    14 2.76e-16    15 5.97e-16    16 5.97e-16
    17 5.97e-16    18 5.97e-16    19 5.97e-16    20 5.97e-16    21 1.12e-15    22 1.12e-15    23 1.12e-15    24 1.12e-15
    25 1.12e-15    26 1.12e-15    27 1.12e-15    28 1.88e-15    29 1.88e-15    30 1.88e-15    31 1.88e-15    32 1.88e-15
    33 1.88e-15    34 1.88e-15    35 1.88e-15    36 2.97e-15    37 2.97e-15    38 2.97e-15    39 2.97e-15    40 2.97e-15
    41 2.97e-15    42 2.97e-15    43 2.97e-15    44 2.97e-15    45 4.46e-15    46 4.46e-15    47 4.46e-15    48 4.46e-15
    49 4.46e-15    50 4.46e-15    51 4.46e-15    52 4.46e-15    53 4.46e-15    54 4.46e-15

 Old, new H  1 mean line optical depths:
  2- 1 4.10e+01  3- 2 1.63e-11  4- 3 2.53e-13  5- 4 3.34e-13  6- 5 5.50e-13  7- 6 2.71e-12  8- 7 4.40e-12
  9- 8 9.13e-14 10- 9 4.43e-21
  2- 1 4.10e+01  3- 2 1.62e-11  4- 3 2.52e-13  5- 4 3.32e-13  6- 5 5.46e-13  7- 6 2.69e-12  8- 7 4.38e-12
  9- 8 9.03e-14 10- 9 2.22e-21

 Old, new He 2 continuum optical depths:
     1 6.51e-05     2 1.48e-03     3 2.61e-11     4 2.61e-11     5 2.61e-11     6 1.61e-11     7 1.61e-11     8 1.61e-11
     9 1.61e-11    10 2.57e-11    11 2.57e-11    12 2.57e-11    13 2.57e-11    14 2.57e-11    15 3.17e-11    16 3.17e-11
    17 3.17e-11    18 3.17e-11    19 3.17e-11    20 3.17e-11    21 2.68e-11    22 2.68e-11    23 2.68e-11    24 2.68e-11
    25 2.68e-11    26 2.68e-11    27 2.68e-11    28 7.89e-12    29 7.89e-12    30 7.89e-12    31 7.89e-12    32 7.89e-12
    33 7.89e-12    34 7.89e-12    35 7.89e-12    36 1.70e-16    37 1.70e-16    38 1.70e-16    39 1.70e-16    40 1.70e-16
    41 1.70e-16    42 1.70e-16    43 1.70e-16    44 1.70e-16    45 2.75e-16    46 2.75e-16    47 2.75e-16    48 2.75e-16
    49 2.75e-16    50 2.75e-16    51 2.75e-16    52 2.75e-16    53 2.75e-16    54 2.75e-16
     1 6.51e-05     2 1.48e-03     3 2.62e-11     4 2.62e-11     5 2.62e-11     6 1.62e-11     7 1.62e-11     8 1.62e-11
     9 1.62e-11    10 2.58e-11    11 2.58e-11    12 2.58e-11    13 2.58e-11    14 2.58e-11    15 3.18e-11    16 3.18e-11
    17 3.18e-11    18 3.18e-11    19 3.18e-11    20 3.18e-11    21 2.68e-11    22 2.68e-11    23 2.68e-11    24 2.68e-11
    25 2.68e-11    26 2.68e-11    27 2.68e-11    28 7.90e-12    29 7.90e-12    30 7.90e-12    31 7.90e-12    32 7.90e-12
    33 7.90e-12    34 7.90e-12    35 7.90e-12    36 1.71e-16    37 1.71e-16    38 1.71e-16    39 1.71e-16    40 1.71e-16
    41 1.71e-16    42 1.71e-16    43 1.71e-16    44 1.71e-16    45 2.76e-16    46 2.76e-16    47 2.76e-16    48 2.76e-16
    49 2.76e-16    50 2.76e-16    51 2.76e-16    52 2.76e-16    53 2.76e-16    54 2.76e-16

 Old, new He 2 mean line optical depths:
  2- 1 9.09e-06  3- 2 2.14e-20  4- 3 4.43e-21  5- 4 4.43e-21  6- 5 4.43e-21  7- 6 4.43e-21  8- 7 4.43e-21
  9- 8 4.43e-21 10- 9 4.43e-21
  2- 1 9.08e-06  3- 2 1.79e-20  4- 3 2.22e-21  5- 4 2.22e-21  6- 5 2.22e-21  7- 6 2.22e-21  8- 7 2.22e-21
  9- 8 2.22e-21 10- 9 2.22e-21

 Old He Is optical depths:    1 4.47e-04    2 1.14e-11    3 1.33e-11    4 1.50e-11    5 1.50e-11
 New He Is optical depths:    1 4.47e-04    2 1.15e-11    3 1.34e-11    4 1.50e-11    5 1.50e-11
          Old He Is Lines:  584 2.22e+00 3889 2.23e-09 5016 3.67e-11 5876 1.31e-15
          New He Is Lines:  584 2.22e+00 3889 2.22e-09 5016 3.67e-11 5876 1.31e-15

==== H      compounds ====           Log10 column densities [cm^-2}
   H2        : 10.600   H2*       :  8.058   H2+       :  5.045   H3+       :  3.158
==== He     compounds ====
   HeH+      :  3.738
==== Li     compounds ====
   LiH       : -3.178   LiH+      : -4.963
==== C      compounds ====
   CH        :  6.432   CH+       :  4.335   CH2       :  3.355   CH2+      :  1.536   CH3       : -0.527   CH3+      : -1.444   CH4       : -3.842   CH4+      : -5.721
   CH5+      :-10.701   C2        :  3.960   C2+       :  2.610   C2H       :  1.310   C2H+      : -0.112   C2H2      : -4.914   C2H2+     : -3.242   C2H3+     : -8.374
   C3        : -4.218   C3+       : -2.664   C3H       : -6.929   C3H+      : -5.190
==== N      compounds ====
   NH        :  6.926   NH+       :  6.117   NH2       :  3.334   NH2+      :  3.295   NH3       :  0.678   NH3+      : -0.191   NH4+      : -6.238   CN        :  7.004
   CN+       :  1.960   HCN       :  4.906   HCN+      :  3.859   HNC       : -1.514   HCNH+     :  0.793   HC3N      :-35.930   N2        :  8.766   N2+       :  3.287
   N2H+      : -0.876
==== O      compounds ====
   OH        :  7.633   OH+       :  6.979   H2O       :  4.084   H2O+      :  3.995   H3O+      :  0.697   CO        :  9.875   CO+       :  2.742   HCO+      :  3.754
   H2CO      :-35.930   CH3OH     :-35.930   ^13CO     :  8.398   NO        :  5.062   NO+       :  3.576   HNO       :  0.896   HNO+      :  0.102   OCN       :  3.878
   OCN+      :  2.180   N2O       :  0.893   O2        :  3.896   O2+       :  4.733   NO2       :  1.592   NO2+      : -2.379
==== Ne     compounds ====
   NeH+      :  1.756
==== Si     compounds ====
   SiH       : -0.509   SiH2+     : -1.929   SiC2      :-35.930   SiN       : -3.159   SiN+      :  3.316   SiO       :  4.668   SiO+      :  3.962   SiOH+     :  0.582
==== S      compounds ====
   HS        :  6.412   HS+       :  4.598   CS        :  3.334   CS+       :  2.723   HCS+      :  0.488   NS        :  3.256   NS+       :  2.717   SO        :  4.760
   SO+       :  3.685   OCS       :  0.084   OCS+      : -1.556   SO2       :-35.930   S2        : -0.621   S2+       : -1.931
==== Cl     compounds ====
   HCl       :  1.418   HCl+      :  4.887   H2Cl+     :  2.058   CCl       :-10.018   CCl+      : -2.939   H2CCl+    :-13.455   ClO       :-11.501   ClO+      :-15.722
==== Ar     compounds ====
   ArH+      :  5.428
==== Ti     compounds ====
   TiH       :-35.930   TiH+      :-35.930   TiH2      :-35.930   TiH2+     :-35.930   TiC       :-35.930   TiC+      :-35.930   HCTi      :-35.930   HCTi+     :-35.930
   TiC2      :-35.930   TiC2+     :-35.930   TiN       :-35.930   TiN+      :-35.930   HNTi      :-35.930   HNTi+     :-35.930   TiNC      :-35.930   TiNC+     :-35.930
   TiO       :-35.930   TiO+      :-35.930   TiOH+     :-35.930   TiO2      :-35.930   TiF+      :-35.930   TiS       :-35.930   TiS+      :-35.930   HTiS      :-35.930


               1      2      3      4      5      6      7      8      9     10     11     12     13     14     15     16     17

 Hydrogen   14.375 11.580 10.601 (H2)                Log10 Column density (cm^-2)
 Helium     13.306  8.026 -1.835
 Lithium     3.187  3.051-14.647-30.000
 Beryllium   3.755  1.114 -3.415-30.000-30.000
 Boron       5.068  3.329 -4.735-30.000-30.000-30.000
 Carbon     10.740  9.146  2.800-30.000-30.000-30.000-30.000
 Nitrogen   10.172  6.701 -2.812-30.000-30.000-30.000-30.000-30.000
 Oxygen     11.036  8.130 -1.843-30.000-30.000-30.000-30.000-30.000-30.000
 Fluorine    6.935  4.369 -1.303-30.000-30.000-30.000-30.000-30.000-30.000-30.000
 Neon       10.305  7.374  1.076-30.000-30.000-30.000-30.000-30.000-30.000-30.000-30.000
 Sodium      7.519  8.580  1.273-30.000-30.000-30.000-30.000-30.000-30.000-30.000-30.000-30.000
 Magnesium   8.590  9.957  5.142-30.000-30.000-30.000-30.000-30.000-30.000-30.000-30.000-30.000-30.000
 Aluminium   5.534  8.826  3.316-30.000-30.000-30.000-30.000-30.000-30.000-30.000-30.000-30.000-30.000-30.000
 Silicon     9.290  9.760  2.885-30.000-30.000-30.000-30.000-30.000-30.000-30.000-30.000-30.000-30.000-30.000-30.000
 Phosphorus  5.157  7.785  2.156-30.000-30.000-30.000-30.000-30.000-30.000-30.000-30.000-30.000-30.000-30.000-30.000-30.000
 Sulphur     9.266  9.110  3.398-30.000-30.000-30.000-30.000-30.000-30.000-30.000-30.000-30.000-30.000-30.000-30.000-30.000-30.000
 Chlorine    6.863  7.831  3.118-30.000-30.000-30.000-30.000-30.000-30.000-30.000-30.000-30.000-30.000-30.000-30.000-30.000-30.000
-30.000
 Argon       8.775  4.932 -0.410-30.000-30.000-30.000-30.000-30.000-30.000-30.000-30.000-30.000-30.000-30.000-30.000-30.000-30.000
-30.000-30.000
 Potassium   6.875  7.253  1.689-30.000-30.000-30.000-30.000-30.000-30.000-30.000-30.000-30.000-30.000-30.000-30.000-30.000-30.000
-30.000-30.000-30.000
 Calcium     8.711  6.759  3.309-30.000-30.000-30.000-30.000-30.000-30.000-30.000-30.000-30.000-30.000-30.000-30.000-30.000-30.000
-30.000-30.000-30.000-30.000
 Scandium    5.518  3.717  0.874-30.000-30.000-30.000-30.000-30.000-30.000-30.000-30.000-30.000-30.000-30.000-30.000-30.000-30.000
-30.000-30.000-30.000-30.000-30.000
 Titanium    3.662  7.326  3.561-30.000-30.000-30.000-30.000-30.000-30.000-30.000-30.000-30.000-30.000-30.000-30.000-30.000-30.000
-30.000-30.000-30.000-30.000-30.000-30.000
 Vanadium    6.302  4.222  0.717-30.000-30.000-30.000-30.000-30.000-30.000-30.000-30.000-30.000-30.000-30.000-30.000-30.000-30.000
-30.000-30.000-30.000-30.000-30.000-30.000-30.000
 Chromium    8.003  6.493  0.647-30.000-30.000-30.000-30.000-30.000-30.000-30.000-30.000-30.000-30.000-30.000-30.000-30.000-30.000
-30.000-30.000-30.000-30.000-30.000-30.000-30.000-30.000
 Manganese   4.172  7.805  2.431-30.000-30.000-30.000-30.000-30.000-30.000-30.000-30.000-30.000-30.000-30.000-30.000-30.000-30.000
-30.000-30.000-30.000-30.000-30.000-30.000-30.000-30.000-30.000
 Iron        5.996  9.875  3.777-30.000-30.000-30.000-30.000-30.000-30.000-30.000-30.000-30.000-30.000-30.000-30.000-30.000-30.000
-30.000-30.000-30.000-30.000-30.000-30.000-30.000-30.000-30.000-30.000
 Cobalt      7.364  4.838 -3.465-30.000-30.000-30.000-30.000-30.000-30.000-30.000-30.000-30.000-30.000-30.000-30.000-30.000-30.000
-30.000-30.000-30.000-30.000-30.000-30.000-30.000-30.000-30.000-30.000-30.000
 Nickel      5.171  8.596  0.046-30.000-30.000-30.000-30.000-30.000-30.000-30.000-30.000-30.000-30.000-30.000-30.000-30.000-30.000
-30.000-30.000-30.000-30.000-30.000-30.000-30.000-30.000-30.000-30.000-30.000-30.000
 Copper      6.562  4.529 -0.940-30.000-30.000-30.000-30.000-30.000-30.000-30.000-30.000-30.000-30.000-30.000-30.000-30.000-30.000
-30.000-30.000-30.000-30.000-30.000-30.000-30.000-30.000-30.000-30.000-30.000-30.000-30.000
 Zinc        6.935  4.218 -0.406-30.000-30.000-30.000-30.000-30.000-30.000-30.000-30.000-30.000-30.000-30.000-30.000-30.000-30.000
-30.000-30.000-30.000-30.000-30.000-30.000-30.000-30.000-30.000-30.000-30.000-30.000-30.000-30.000
 Exc state    He1*  4.114   CII*  8.966   C11*  9.791   C12* 10.266   C13* 10.483   O11* 10.794   O12* 10.545   O13* 10.056
              Si2*  9.567   C30* -6.994   C31* -7.753   C32* -6.202


 Hydrogen   -0.001 -2.796 -3.474 (H2)                 Log10 Mean Ionisation (over radius)
 Helium     -0.000 -5.280-15.141
 Lithium    -0.238 -0.374-18.072
 Beryllium  -0.001 -2.642 -7.171
 Boron      -0.008 -1.747 -9.811
 Carbon     -0.065 -1.660 -8.006
 Nitrogen   -0.034 -3.505-13.018
 Oxygen     -0.030 -2.936-12.909
 Fluorine   -0.001 -2.566 -8.238
 Neon       -0.001 -2.932 -9.230
 Sodium     -1.097 -0.036 -7.343
 Magnesium  -1.386 -0.018 -4.833
 Aluminium  -3.292 -0.000 -5.510
 Silicon    -0.597 -0.127 -7.001
 Phosphorus -2.629 -0.001 -5.630
 Sulphur    -0.231 -0.386 -6.098
 Chlorine   -1.012 -0.045 -4.757
 Argon      -0.000 -3.844 -9.186
 Potassium  -0.530 -0.152 -5.716
 Calcium    -0.005 -1.957 -5.408
 Scandium   -0.007 -1.808 -4.651
 Titanium   -3.664 -0.000 -3.764
 Vanadium   -0.004 -2.084 -5.589
 Chromium   -0.013 -1.523 -7.369
 Manganese  -3.634 -0.000 -5.375
 Iron       -3.880 -0.000 -6.099
 Cobalt     -0.001 -2.528-10.831
 Nickel     -3.425 -0.000 -8.550
 Copper     -0.004 -2.037 -7.506
 Zinc       -0.001 -2.717 -7.341

               1      2      3      4      5      6      7      8      9     10     11     12     13     14     15     16     17

 Hydrogen   -0.001 -2.796 -3.474 (H2)         Log10 Mean Ionisation (over radius*electron density)
 Helium     -0.000 -5.280-15.141
 Lithium    -0.238 -0.374-18.072
 Beryllium  -0.001 -2.642 -7.171
 Boron      -0.008 -1.747 -9.811
 Carbon     -0.065 -1.660 -8.006
 Nitrogen   -0.034 -3.505-13.018
 Oxygen     -0.030 -2.936-12.909
 Fluorine   -0.001 -2.566 -8.238
 Neon       -0.001 -2.932 -9.230
 Sodium     -1.097 -0.036 -7.343
 Magnesium  -1.386 -0.018 -4.833
 Aluminium  -3.292 -0.000 -5.510
 Silicon    -0.597 -0.127 -7.001
 Phosphorus -2.629 -0.001 -5.630
 Sulphur    -0.231 -0.386 -6.098
 Chlorine   -1.012 -0.045 -4.757
 Argon      -0.000 -3.844 -9.186
 Potassium  -0.530 -0.152 -5.716
 Calcium    -0.005 -1.957 -5.408
 Scandium   -0.007 -1.808 -4.651
 Titanium   -3.664 -0.000 -3.764
 Vanadium   -0.004 -2.084 -5.589
 Chromium   -0.013 -1.523 -7.369
 Manganese  -3.634 -0.000 -5.375
 Iron       -3.880 -0.000 -6.099
 Cobalt     -0.001 -2.528-10.831
 Nickel     -3.425 -0.000 -8.550
 Copper     -0.004 -2.037 -7.506
 Zinc       -0.001 -2.717 -7.341

               1      2      3      4      5      6      7      8      9     10     11     12     13     14     15     16     17

 Hydrogen    3.563  3.563  3.563 (H2)                  Log10 Mean Temperature (over radius)
 Helium      3.563  3.563  3.563
 Lithium     3.563  3.563  3.563
 Beryllium   3.563  3.563  3.563
 Boron       3.563  3.563  3.563
 Carbon      3.563  3.563  3.563
 Nitrogen    3.563  3.563  3.563
 Oxygen      3.563  3.563  3.563
 Fluorine    3.563  3.563  3.563
 Neon        3.563  3.563  3.563
 Sodium      3.563  3.563  3.563
 Magnesium   3.563  3.563  3.563
 Aluminium   3.563  3.563  3.563
 Silicon     3.563  3.563  3.563
 Phosphorus  3.563  3.563  3.563
 Sulphur     3.563  3.563  3.563
 Chlorine    3.563  3.563  3.563
 Argon       3.563  3.563  3.563
 Potassium   3.563  3.563  3.563
 Calcium     3.563  3.563  3.563
 Scandium    3.563  3.563  3.563
 Titanium    3.563  3.563  3.563
 Vanadium    3.563  3.563  3.563
 Chromium    3.563  3.563  3.563
 Manganese   3.563  3.563  3.563
 Iron        3.563  3.563  3.563
 Cobalt      3.563  3.563  3.563
 Nickel      3.563  3.563  3.563
 Copper      3.563  3.563  3.563
 Zinc        3.563  3.563  3.563

               1      2      3      4      5      6      7      8      9     10     11     12     13     14     15     16     17

 Hydrogen    3.563  3.563  3.563 (H2)          Log10 Mean Temperature (over radius*electron density)
 Helium      3.563  3.563  3.563
 Lithium     3.563  3.563  3.563
 Beryllium   3.563  3.563  3.563
 Boron       3.563  3.563  3.563
 Carbon      3.563  3.563  3.563
 Nitrogen    3.563  3.563  3.563
 Oxygen      3.563  3.563  3.563
 Fluorine    3.563  3.563  3.563
 Neon        3.563  3.563  3.563
 Sodium      3.563  3.563  3.563
 Magnesium   3.563  3.563  3.563
 Aluminium   3.563  3.563  3.563
 Silicon     3.563  3.563  3.563
 Phosphorus  3.563  3.563  3.563
 Sulphur     3.563  3.563  3.563
 Chlorine    3.563  3.563  3.563
 Argon       3.563  3.563  3.563
 Potassium   3.563  3.563  3.563
 Calcium     3.563  3.563  3.563
 Scandium    3.563  3.563  3.563
 Titanium    3.563  3.563  3.563
 Vanadium    3.563  3.563  3.563
 Chromium    3.563  3.563  3.563
 Manganese   3.563  3.563  3.563
 Iron        3.563  3.563  3.563
 Cobalt      3.563  3.563  3.563
 Nickel      3.563  3.563  3.563
 Copper      3.563  3.563  3.563
 Zinc        3.563  3.563  3.563

               1      2      3      4      5      6      7      8      9     10     11     12     13     14     15     16     17
                                                                          

---------------Convergence statistics---------------
      2.26 mean iterations/state convergence
         3 mean cx acceleration loops/iteration
      1.04 mean iso convergence loops/ion solve
      1.08 mean steps/chemistry solve
      1.09 mean step length searches/chemistry step
----------------------------------------------------

 Cloudy ends: 1 zone, 3 iterations.  ExecTime(s) 59.98
 [Stop in cdMain at ../maincl.cpp:483, Cloudy exited OK]
 ************************************************** GRID_DELIMIT -- grid000000036
