                                                          Cloudy 13.03
                                                         www.nublado.org

                       **************************************13Feb20**************************************
                       *                                                                                 *
                       * c                                                                               *
                       * phi(h) 13.000000 LOG range -0.000232 6.866524                                   *
                       * grid from 8 to 23 in 1 dex steps                                                *
                       * HDEN=10.000000 LOG                                                              *
                       * grid from 0 to 12 in 1 dex steps                                                *
                       * set pres ionize 1e5                                                             *
                       * c                                                                               *
                       * c                                                                               *
                       * table star "inst_padova_agbtrack_z.mod" age 6.3                                 *
                       * c<< inst_padova_ model    1 read.       Age =      10000.00                 >>> *
                       * c<< inst_padova_ model    2 read.       Age =    2010000.00                 >>> *
                       * c<< FINAL:     Age =    1995262.31                                          >>> *
                       * c                                                                               *
                       * c                                                                               *
                       * abundances GASS10                                                               *
                       * c                                                                               *
                       * c                                                                               *
                       * iterate to convergence max = 7                                                  *
                       * stop column density = 23                                                        *
                       * c                                                                               *
                       * c                                                                               *
                       * print last                                                                      *
                       * set save prefix "padova_inst_2"                                                 *
                       * save grid ".grd" last no hash                                                   *
                       * save linelist "emissionlines_abs.txt" "LineList_HII.dat" absolute last no hash    *
                       *                                                                                 *
                       ***********************************************************************************



           !The plasma frequency is 2.99e-07 Ryd.  The incident continuum is set to 0 below this.
           4049CellPeak1.00E+00   Lo 1.00e-08=910.79cm   Hi-Con:6.19E+00 Ryd   E(hi):7.35E+06Ryd     E(hi):     100.01 MeV
           I(nu>1ryd):   2.4715   Average nu:1.358E+00   I( X-ray):   0.0000   I(BalC):   2.9940     Phi(BalmrC):  13.8965
           phi(1.0-1.8):12.9535   phi(1.8-4.0): 12.007   phi(4.0-20):  7.227   phi(20--):  0.000     Ion pht flx:1.000E+13
           I(gam ray):   0.0000   phi(gam r):   0.0000   I(Infred):   2.1331   Alf(ox):   0.0000     Total inten:   3.1518
           U(1.0----):3.336E-08   U(4.0----):5.625E-14   T(En-Den):5.001E+01   T(Comp):3.012E+04     nuJnu(912A):9.683E+02
           Occ(FarIR):0.000E+00   Occ(H n=6):2.633E-10   Occ(1Ryd):4.451E-14   Occ(4R):3.399E-21     Occ (Nu-hi):3.050E-27
           Tbr(FarIR):0.000E+00   Tbr(H n=6):1.154E-06   Tbr(1Ryd):7.036E-09   Tbr(4R):2.148E-15     Tbr (Nu-hi):2.972E-21
  
                                                  Gas Phase Chemical Composition
        H :  0.0000  He: -1.0701  Li:-10.9508  Be:-10.6198  B : -9.3002  C : -3.5702  N : -4.1701  O : -3.3098  F : -7.4401
        Ne: -4.0701  Na: -5.7595  Mg: -4.4001  Al: -5.5498  Si: -4.4895  P : -6.5901  S : -4.8794  Cl: -6.5003  Ar: -5.6003
        K : -6.9706  Ca: -5.6596  Sc: -8.8508  Ti: -7.0501  V : -8.0701  Cr: -6.3595  Mn: -6.5702  Fe: -4.5003  Co: -7.0101
                                               Ni: -5.7799  Cu: -7.8097  Zn: -7.4401
 
 ####  1  Te:6.018E+03 Hden:1.000E+10 Ne:7.352E+08 R:1.000E+30 R-R0:1.284E+03 dR:2.568E+03 NTR: 45 Htot:1.527E-06 T912: 1.51e-04###
 Hydrogen      9.27e-01 7.28e-02 H+o/Hden 1.00e+00 5.46e-08 H-    H2 6.28e-08 4.98e-09 H2+ HeH+ 5.16e-09 Ho+ ColD 2.38e+13 1.87e+12
 Helium        9.90e-01 1.03e-02 1.07e-10 HeI 2s3S 2.18e-07 Comp H,C 1.41e-17 2.82e-18 Fill Fac 1.00e+00 Gam1/tot 1.00e+00
 He singlet n  9.90e-01 5.35e-09 2.25e-14 3.14e-15 2.98e-15 3.51e-15 He tripl 2.18e-07 1.34e-12 5.74e-15 3.36e-14 9.46e-15
 Pressure      NgasTgas 6.98e+13 P(total) 9.63e-03 P( gas ) 9.63e-03 P(Radtn) 0.00e+00 Rad accl 7.34e-02 ForceMul 7.19e+07
 Texc(La)      4.07e+03 T(I con) 5.00e+01 T(D con) 2.32e+00 T(U tot) 5.00e+01 nT (c+d) 1.26e+07 Prad/Gas 0.00e+00 Pmag/Gas 0.00e+00
 Molecules     CH/Ctot: 1.77e-07 CH+/Ctot 1.02e-08 CO/Ctot: 9.42e-08 CO+/Ctot 1.70e-11 H2O/Otot 6.38e-15 OH/Ototl 2.56e-07
 Lithium       1.59e-01 8.41e-01 1.25e-15 0.00e+00 Berylliu 9.49e-01 5.05e-02 9.71e-05 0.00e+00 0.00e+00 sec ion: 0.00e+00
 Boron         6.34e-01 3.66e-01 3.34e-06 0.00e+00 0.00e+00 0.00e+00
 Carbon        6.69e-01 3.31e-01 8.81e-05 0.00e+00 0.00e+00 0.00e+00 0.00e+00 H2O+/O   1.43e-15 OH+/Otot 8.50e-08 Hex(tot) 0.00e+00
 Nitrogen      9.45e-01 5.48e-02 2.18e-08 0.00e+00 0.00e+00 0.00e+00 0.00e+00 0.00e+00 O2/Ototl 1.70e-11 O2+/Otot 1.88e-11
 Oxygen        9.41e-01 5.86e-02 5.31e-09 0.00e+00 0.00e+00 0.00e+00 0.00e+00 0.00e+00 0.00e+00
 Fluorine      9.14e-01 8.60e-02 8.73e-06 0.00e+00 0.00e+00 0.00e+00 0.00e+00 0.00e+00 0.00e+00 0.00e+00
 Neon          9.60e-01 3.99e-02 1.34e-06 0.00e+00 0.00e+00 0.00e+00 0.00e+00 0.00e+00 0.00e+00 0.00e+00 0.00e+00
 Sodium        3.56e-02 9.64e-01 3.31e-06 0.00e+00 0.00e+00 0.00e+00 0.00e+00 0.00e+00 0.00e+00 0.00e+00 0.00e+00 0.00e+00
 Magnesium     2.09e-02 9.77e-01 1.77e-03 0.00e+00 0.00e+00 0.00e+00 0.00e+00 0.00e+00 0.00e+00 0.00e+00 0.00e+00 0.00e+00 0.00e+00
 Aluminium  0  4.01e-04 9.99e-01 1.47e-04 0.00e+00 0.00e+00 0.00e+00 0.00e+00 0.00e+00 0.00e+00 0.00e+00 0.00e+00 0.00e+00 0.00e+00
 Silicon    0  1.50e-02 9.85e-01 1.68e-04 0.00e+00 0.00e+00 0.00e+00 0.00e+00 0.00e+00 0.00e+00 0.00e+00 0.00e+00 0.00e+00 0.00e+00
 Phosphorus 0  1.60e-03 9.98e-01 3.03e-04 0.00e+00 0.00e+00 0.00e+00 0.00e+00 0.00e+00 0.00e+00 0.00e+00 0.00e+00 0.00e+00 0.00e+00
 Sulphur    0  2.63e-01 7.36e-01 1.55e-03 0.00e+00 0.00e+00 0.00e+00 0.00e+00 0.00e+00 0.00e+00 0.00e+00 0.00e+00 0.00e+00 0.00e+00
 Chlorine   0  1.76e-03 9.97e-01 1.19e-03 0.00e+00 0.00e+00 0.00e+00 0.00e+00 0.00e+00 0.00e+00 0.00e+00 0.00e+00 0.00e+00 0.00e+00
 Argon      0  7.37e-01 2.61e-01 2.27e-03 0.00e+00 0.00e+00 0.00e+00 0.00e+00 0.00e+00 0.00e+00 0.00e+00 0.00e+00 0.00e+00 0.00e+00
 Potassium  0  1.25e-02 9.87e-01 1.70e-04 0.00e+00 0.00e+00 0.00e+00 0.00e+00 0.00e+00 0.00e+00 0.00e+00 0.00e+00 0.00e+00 0.00e+00
 Calcium    0  3.81e-01 6.17e-01 2.29e-03 0.00e+00 0.00e+00 0.00e+00 0.00e+00 0.00e+00 0.00e+00 0.00e+00 0.00e+00 0.00e+00 0.00e+00
 Scandium   0  2.86e-01 7.00e-01 1.44e-02 1.49e-06 0.00e+00 0.00e+00 0.00e+00 0.00e+00 0.00e+00 0.00e+00 0.00e+00 0.00e+00 0.00e+00
 Titanium   0  1.34e-04 9.94e-01 5.84e-03 0.00e+00 0.00e+00 0.00e+00 0.00e+00 0.00e+00 0.00e+00 0.00e+00 0.00e+00 0.00e+00 0.00e+00
 Vanadium   0  5.36e-01 4.57e-01 7.22e-03 0.00e+00 0.00e+00 0.00e+00 0.00e+00 0.00e+00 0.00e+00 0.00e+00 0.00e+00 0.00e+00 0.00e+00
 Chromium   0  4.05e-01 5.94e-01 1.50e-03 0.00e+00 0.00e+00 0.00e+00 0.00e+00 0.00e+00 0.00e+00 0.00e+00 0.00e+00 0.00e+00 0.00e+00
 Manganese  0  1.43e-04 9.97e-01 2.63e-03 0.00e+00 0.00e+00 0.00e+00 0.00e+00 0.00e+00 0.00e+00 0.00e+00 0.00e+00 0.00e+00 0.00e+00
 Iron       0  8.20e-05 9.99e-01 9.28e-04 0.00e+00 0.00e+00 0.00e+00 0.00e+00 0.00e+00 0.00e+00 0.00e+00 0.00e+00 0.00e+00 0.00e+00
 Cobalt     0  8.89e-01 1.11e-01 5.61e-07 0.00e+00 0.00e+00 0.00e+00 0.00e+00 0.00e+00 0.00e+00 0.00e+00 0.00e+00 0.00e+00 0.00e+00
 Nickel     0  2.46e-04 1.00e+00 2.19e-06 0.00e+00 0.00e+00 0.00e+00 0.00e+00 0.00e+00 0.00e+00 0.00e+00 0.00e+00 0.00e+00 0.00e+00
 Copper     0  7.57e-01 2.43e-01 1.82e-04 0.00e+00 0.00e+00 0.00e+00 0.00e+00 0.00e+00 0.00e+00 0.00e+00 0.00e+00 0.00e+00 0.00e+00
 Zinc       0  9.39e-01 6.10e-02 1.28e-04 0.00e+00 0.00e+00 0.00e+00 0.00e+00 0.00e+00 0.00e+00 0.00e+00 0.00e+00 0.00e+00 0.00e+00
 ####112  Te:3.996E+03 Hden:1.000E+10 Ne:1.770E+07 R:1.000E+30 R-R0:3.873E+08 dR:3.412E+06 NTR: 15 Htot:4.485E-09 T912: 2.42e+01###
 Hydrogen      9.99e-01 1.35e-03 H+o/Hden 1.00e+00 4.90e-09 H-    H2 6.02e-05 3.82e-10 H2+ HeH+ 5.03e-10 Ho+ ColD 3.83e+18 5.96e+16
 Helium        9.99e-01 5.81e-04 3.10e-11 HeI 2s3S 1.77e-08 Comp H,C 2.14e-19 3.78e-20 Fill Fac 1.00e+00 Gam1/tot 1.00e+00
 He singlet n  9.99e-01 7.37e-11 3.33e-16 3.10e-18 1.24e-17 6.76e-18 He tripl 1.77e-08 1.23e-15 6.38e-18 5.48e-17 1.87e-17
 Pressure      NgasTgas 4.35e+13 P(total) 6.00e-03 P( gas ) 6.00e-03 P(Radtn) 1.45e-11 Rad accl 2.83e-05 ForceMul 1.37e+06
 Texc(La)      4.16e+03 T(I con) 4.72e+01 T(D con) 2.36e+01 T(U tot) 4.79e+01 nT (c+d) 1.71e+07 Prad/Gas 2.41e-09 Pmag/Gas 0.00e+00
 Molecules     CH/Ctot: 2.49e-06 CH+/Ctot 2.08e-06 CO/Ctot: 1.66e-03 CO+/Ctot 8.76e-08 H2O/Otot 1.46e-08 OH/Ototl 1.48e-04
 Lithium       1.29e-01 8.71e-01 1.07e-15 0.00e+00 Berylliu 3.60e-01 6.40e-01 5.04e-05 0.00e+00 0.00e+00 sec ion: 0.00e+00
 Boron         5.68e-02 9.43e-01 9.91e-08 0.00e+00 0.00e+00 0.00e+00
 Carbon        1.10e-01 8.88e-01 4.29e-06 0.00e+00 0.00e+00 0.00e+00 0.00e+00 H2O+/O   1.06e-08 OH+/Otot 2.84e-05 Hex(tot) 0.00e+00
 Nitrogen      9.99e-01 4.20e-04 3.80e-12 0.00e+00 0.00e+00 0.00e+00 0.00e+00 0.00e+00 O2/Ototl 2.32e-08 O2+/Otot 1.77e-07
 Oxygen        9.98e-01 1.05e-03 1.04e-11 0.00e+00 0.00e+00 0.00e+00 0.00e+00 0.00e+00 0.00e+00
 Fluorine      9.88e-01 1.16e-02 2.53e-06 0.00e+00 0.00e+00 0.00e+00 0.00e+00 0.00e+00 0.00e+00 0.00e+00
 Neon          9.89e-01 1.09e-02 9.55e-07 0.00e+00 0.00e+00 0.00e+00 0.00e+00 0.00e+00 0.00e+00 0.00e+00 0.00e+00
 Sodium        9.18e-02 9.08e-01 1.15e-05 0.00e+00 0.00e+00 0.00e+00 0.00e+00 0.00e+00 0.00e+00 0.00e+00 0.00e+00 0.00e+00
 Magnesium     5.80e-03 9.94e-01 2.04e-05 0.00e+00 0.00e+00 0.00e+00 0.00e+00 0.00e+00 0.00e+00 0.00e+00 0.00e+00 0.00e+00 0.00e+00
 Aluminium  0  6.17e-04 9.99e-01 2.07e-05 0.00e+00 0.00e+00 0.00e+00 0.00e+00 0.00e+00 0.00e+00 0.00e+00 0.00e+00 0.00e+00 0.00e+00
 Silicon    0  7.79e-03 9.92e-01 2.29e-07 0.00e+00 0.00e+00 0.00e+00 0.00e+00 0.00e+00 0.00e+00 0.00e+00 0.00e+00 0.00e+00 0.00e+00
 Phosphorus 0  2.68e-03 9.97e-01 9.36e-06 0.00e+00 0.00e+00 0.00e+00 0.00e+00 0.00e+00 0.00e+00 0.00e+00 0.00e+00 0.00e+00 0.00e+00
 Sulphur    0  9.71e-03 9.90e-01 2.97e-05 0.00e+00 0.00e+00 0.00e+00 0.00e+00 0.00e+00 0.00e+00 0.00e+00 0.00e+00 0.00e+00 0.00e+00
 Chlorine   0  4.35e-02 9.56e-01 1.27e-04 0.00e+00 0.00e+00 0.00e+00 0.00e+00 0.00e+00 0.00e+00 0.00e+00 0.00e+00 0.00e+00 0.00e+00
 Argon      0  9.99e-01 5.91e-04 2.92e-07 0.00e+00 0.00e+00 0.00e+00 0.00e+00 0.00e+00 0.00e+00 0.00e+00 0.00e+00 0.00e+00 0.00e+00
 Potassium  0  1.70e-01 8.30e-01 9.20e-05 0.00e+00 0.00e+00 0.00e+00 0.00e+00 0.00e+00 0.00e+00 0.00e+00 0.00e+00 0.00e+00 0.00e+00
 Calcium    0  8.34e-02 8.60e-01 5.62e-02 0.00e+00 0.00e+00 0.00e+00 0.00e+00 0.00e+00 0.00e+00 0.00e+00 0.00e+00 0.00e+00 0.00e+00
 Scandium   0  7.49e-02 9.09e-01 1.66e-02 0.00e+00 0.00e+00 0.00e+00 0.00e+00 0.00e+00 0.00e+00 0.00e+00 0.00e+00 0.00e+00 0.00e+00
 Titanium   0  2.65e-04 9.99e-01 5.92e-04 0.00e+00 0.00e+00 0.00e+00 0.00e+00 0.00e+00 0.00e+00 0.00e+00 0.00e+00 0.00e+00 0.00e+00
 Vanadium   0  2.33e-01 7.67e-01 3.96e-04 0.00e+00 0.00e+00 0.00e+00 0.00e+00 0.00e+00 0.00e+00 0.00e+00 0.00e+00 0.00e+00 0.00e+00
 Chromium   0  4.24e-02 9.58e-01 2.55e-06 0.00e+00 0.00e+00 0.00e+00 0.00e+00 0.00e+00 0.00e+00 0.00e+00 0.00e+00 0.00e+00 0.00e+00
 Manganese  0  2.84e-04 1.00e+00 6.29e-06 0.00e+00 0.00e+00 0.00e+00 0.00e+00 0.00e+00 0.00e+00 0.00e+00 0.00e+00 0.00e+00 0.00e+00
 Iron       0  1.48e-04 1.00e+00 1.36e-06 0.00e+00 0.00e+00 0.00e+00 0.00e+00 0.00e+00 0.00e+00 0.00e+00 0.00e+00 0.00e+00 0.00e+00
 Cobalt     0  5.04e-01 4.96e-01 8.82e-09 0.00e+00 0.00e+00 0.00e+00 0.00e+00 0.00e+00 0.00e+00 0.00e+00 0.00e+00 0.00e+00 0.00e+00
 Nickel     0  4.51e-04 1.00e+00 1.31e-08 0.00e+00 0.00e+00 0.00e+00 0.00e+00 0.00e+00 0.00e+00 0.00e+00 0.00e+00 0.00e+00 0.00e+00
 Copper     0  1.56e-01 8.44e-01 1.37e-05 0.00e+00 0.00e+00 0.00e+00 0.00e+00 0.00e+00 0.00e+00 0.00e+00 0.00e+00 0.00e+00 0.00e+00
 Zinc       0  5.49e-01 4.51e-01 2.71e-04 0.00e+00 0.00e+00 0.00e+00 0.00e+00 0.00e+00 0.00e+00 0.00e+00 0.00e+00 0.00e+00 0.00e+00
                                                                             
   Calculation stopped because lowest Te reached. Iteration 3 of 3
   The geometry is plane-parallel.
  !The high electron density makes the Nussbaumer/Storey CNO recombination predictions unreliable.
  !Charge transfer ionization of H reached 56283.2% of the local H ionization rate.
  !Charge transfer heating reached 9.38% of the local heating.
  !The largest plasma frequency was 2.99e-07 Ryd = 3.05e+05 micron  The continuum is set to 0 below this.
  !AGE: Cloud age was not set.  Longest timescale was 1.95e+06 s = 2.25e+01 days.
  !Mutual neutralization production of H-alpha was significant.
  !The CMB was not included.  This is added with the CMB command.
   H2 vib deexec heating reached 3.48% of the local heating.
   The density is too low to l-mix the lowest He I collapsed level.  More resolved levels are needed for accurate line ratios.
   The largest continuum occupation number was 1.390e+01 at 2.991e-07 Ryd.
   Grains were not present but might survive in this environment (energy density temperature was 5.00e+01K)
   Stimulated emission was   3.2% of the total for H transition 69 - 68
   The continuum optical depth at the lowest energy considered (1.004e-08 Ryd) was 6.360e+03.
   The fraction of C  in CO reached 0.166% at some point in the cloud.

                       *********************************> Cloudy 13.03 <**********************************
                       * c                                                                               *
                       * phi(h) 13.000000 LOG range -0.000232 6.866524                                   *
                       * grid from 8 to 23 in 1 dex steps                                                *
                       * HDEN=10.000000 LOG                                                              *
                       * grid from 0 to 12 in 1 dex steps                                                *
                       * set pres ionize 1e5                                                             *
                       * c                                                                               *
                       * c                                                                               *
                       * table star "inst_padova_agbtrack_z.mod" age 6.3                                 *
                       * c                                                                               *
                       * c                                                                               *
                       * abundances GASS10                                                               *
                       * c                                                                               *
                       * c                                                                               *
                       * iterate to convergence max = 7                                                  *
                       * stop column density = 23                                                        *
                       * c                                                                               *
                       * c                                                                               *
                       * print last                                                                      *
                       * set save prefix "padova_inst_2"                                                 *
                       * save grid ".grd" last no hash                                                   *
                       * save linelist "emissionlines_abs.txt" "LineList_HII.dat" absolute last no hash    *
                       *********************************> Log(U): -7.48 <*********************************

                     Emission Line Spectrum.   Constant  Density Model.    Open geometry.  Iteration 3 of 3.
                                                     Intensity (erg/s/cm^2).


                                                   Intrinsic line intensities
 general properties..........      H  1 2.279m  -0.569   0.0594      Ca A 3.906m  -2.078   0.0018      He 1 512.1A  -1.883   0.0029            
 TOTL  4861A   0.657   1.0000      H  1 2.279m  -0.470   0.0746      Ca A 3.818m  -2.141   0.0016      TOTL 1.083m   0.148   0.3096            
 TOTL  1216A   2.186  33.7840      H  1 2.279m  -0.600   0.0553      Ca A 3.748m  -2.205   0.0014      He 1 1.083m   0.148   0.3096            
 Inci     0    3.152 312.3808      H  1 2.279m  -1.041   0.0200      Ca A 3.692m  -2.269   0.0012      He 1 1.083m  -0.806   0.0344            
 TotH     0    1.870  16.3349      H  1 3.281m  -1.306   0.0109      Ca A 3.645m  -2.333   0.0010      He 1 1.083m  -0.329   0.1032            
 TotC     0    1.870  16.3276      H  1 3.281m  -0.866   0.0300      Ca A 19.06m  -1.883   0.0029      He 1 1.083m  -0.107   0.1720            
 BFH1     0    1.842  15.3160      H  1 3.281m  -0.754   0.0388      Ca A 11.31m  -1.948   0.0025      He 1  3889A  -1.066   0.0189            
 BFHe     0    0.409   0.5643      H  1 3.281m  -0.828   0.0327      Ca A 8.758m  -2.006   0.0022      He 1  3188A  -1.495   0.0070            
 TotM     0   -0.264   0.1199      H  1 3.281m  -1.093   0.0178      Ca A 7.506m  -2.055   0.0019      He 1  2945A  -1.834   0.0032            
 CT H     0    0.160   0.3184      H  1 3.281m  -1.648   0.0050      Ca A 6.770m  -2.105   0.0017      He 1  2829A  -2.114   0.0017            
 H FB     0    0.767   1.2874      H  1 4.466m  -1.548   0.0062      Ca A 6.290m  -2.159   0.0015      He 1 2.058m  -1.104   0.0173            
 HFBc     0    0.767   1.2874      H  1 4.466m  -1.108   0.0172      Ca A 5.955m  -2.217   0.0013      He 1  5016A  -1.674   0.0047            
 continua....................      H  1 4.466m  -0.991   0.0225      Ca A 5.710m  -2.278   0.0012      He 1  3965A  -2.039   0.0020            
 Bac   3646A   1.991  21.5490      H  1 4.466m  -1.038   0.0202      Ca A 5.524m  -2.341   0.0010      He 1  3614A  -2.333   0.0010            
 nFnu  3645A   2.001  22.0753      H  1 4.466m  -1.231   0.0129      Ca A 27.80m  -2.159   0.0015      He 1  7065A  -1.619   0.0053            
 nFnu  3647A   0.378   0.5263      H  1 4.466m  -1.592   0.0056      Ca A 16.20m  -2.192   0.0014      He 1  5876A  -0.899   0.0278            
 cout  3646A   1.689  10.7745      H  1 4.466m  -2.229   0.0013      Ca A 12.38m  -2.234   0.0013      He 1  4471A  -1.386   0.0091            
 cref  3646A   1.689  10.7745      H  1 5.834m  -1.751   0.0039      Ca A 10.50m  -2.282   0.0012      He 1  4026A  -1.700   0.0044            
 thin  3646A   1.991  21.5491      H  1 5.834m  -1.313   0.0107      Ca A 9.389m  -2.335   0.0010      He 1  3820A  -1.905   0.0027            
 Inci  4860A   1.957  19.9395      H  1 5.834m  -1.193   0.0141      Ca B  6563A   1.154   3.1417      He 1  7281A  -2.196   0.0014            
 Inci  1215A   3.038 240.5376      H  1 5.834m  -1.227   0.0131      Ca B  4861A   0.731   1.1861      He 1  6678A  -1.438   0.0080            
 Ba C     0    1.122   2.9146      H  1 5.834m  -1.383   0.0091      Ca B  4340A   0.437   0.6021      He 1  4922A  -1.937   0.0025            
 PA C     0    0.725   1.1703      H  1 5.834m  -1.659   0.0048      Ca B  4102A   0.222   0.3672      He 1  4388A  -2.237   0.0013            
 FIR  83.00m   1.564   8.0747      H  1 5.834m  -2.089   0.0018      Ca B  3970A   0.056   0.2505      He 1 1.869m  -1.740   0.0040            
 TIR   1800m  -0.678   0.0462      H  1 7.383m  -1.926   0.0026      Ca B  3889A  -0.077   0.1845      He 1 1.278m  -2.153   0.0015            
 NIRa 2.850m   1.804  14.0235      H  1 7.383m  -1.489   0.0071      Ca B  3835A  -0.182   0.1447      He 1 1.870m  -2.221   0.0013            
 NIRb 3.000m   1.391   5.4157      H  1 7.383m  -1.368   0.0094      Ca B  3798A  -0.268   0.1188      Pho+  3889A  -0.018   0.2114            
 MIRa 15.00m   1.062   2.5382      H  1 7.383m  -1.395   0.0089      Ca B  3771A  -0.344   0.0997      database lines..............            
 MIRb 22.50m   1.260   4.0081      H  1 7.383m  -1.529   0.0065      Ca B  3750A  -0.418   0.0841      level 1 lines...............            
 NMIR 21.75m   1.804  14.0235      H  1 7.383m  -1.759   0.0038      Ca B  3734A  -0.492   0.0709      C  1  1656A  -0.759   0.0383            
 TFIR 611.2m   1.053   2.4871      H  1 7.383m  -2.095   0.0018      Ca B  3722A  -0.566   0.0598      REC   1656A  -0.933   0.0257            
 TALL 10000A   3.151 311.5107      H  1 9.115m  -2.080   0.0018      Ca B  3712A  -0.639   0.0505      C Ic  9850A  -2.047   0.0020            
 F12  12.00m   0.577   0.8319      H  1 9.115m  -1.644   0.0050      Ca B  3704A  -0.712   0.0428      TOTL  9850A  -2.047   0.0020            
 F25  25.00m   0.719   1.1524      H  1 9.115m  -1.523   0.0066      Ca B  3697A  -0.783   0.0363      C  1  8727A  -0.520   0.0664            
 F60  60.00m   1.166   3.2251      H  1 9.115m  -1.544   0.0063      Ca B  3692A  -0.852   0.0309      TOTL  2326A  -0.417   0.0843            
 F100 100.0m   0.976   2.0853      H  1 9.115m  -1.666   0.0048      Ca B  3687A  -0.920   0.0265      C  2  2325A  -1.277   0.0116            
 MIPS 24.00m   0.403   0.5577      H  1 9.115m  -1.868   0.0030      Ca B  3683A  -0.985   0.0228      C  2  2324A  -2.129   0.0016            
 MIPS 70.00m   0.807   1.4134      H  1 9.115m  -2.150   0.0016      Ca B  3679A  -1.047   0.0197      C  2  2329A  -1.258   0.0122            
 MIPS 160.0m   0.581   0.8394      H  1 11.03m  -0.990   0.0225      Ca B  3676A  -1.108   0.0172      C  2  2328A  -1.267   0.0119            
 IRAC 3.600m   0.124   0.2928      H  1 13.13m  -1.102   0.0174      Ca B  3674A  -1.166   0.0150      C  2  2327A  -0.671   0.0470            
 IRAC 4.500m   0.157   0.3160      H  1 15.40m  -1.205   0.0137      Ca B  3671A  -1.221   0.0132      C  2  1335A  -1.356   0.0097            
 IRAC 5.800m   0.075   0.2615      H  1 17.87m  -1.301   0.0110      Ca B 1.875m   0.191   0.3419      N  1 953.9A  -1.468   0.0075            
 IRAC 8.000m   0.304   0.4433      H  1 20.51m  -1.390   0.0090      Ca B 1.282m  -0.077   0.1845      N  1 954.1A  -1.972   0.0023            
 SPR1 250.0m   0.162   0.3199      H  1 23.33m  -1.473   0.0074      Ca B 1.094m  -0.289   0.1132      N  1  1200A  -1.378   0.0092            
 SPR2 350.0m  -0.268   0.1187      H  1 26.34m  -1.552   0.0062      Ca B 1.005m  -0.456   0.0770      N  1 1.040m  -2.027   0.0021            
 SPR3 500.0m  -0.644   0.0500      H  1 29.53m  -1.626   0.0052      Ca B  9546A  -0.590   0.0566      TOTL 1.040m  -1.693   0.0045            
 PAC1 70.00m   0.870   1.6310      H  1 32.91m  -1.696   0.0044      Ca B  9229A  -0.697   0.0443      N  2  1085A  -2.101   0.0017            
 PAC2 100.0m   0.981   2.1092      H  1 36.46m  -1.762   0.0038      Ca B  9015A  -0.782   0.0364      O  1  6300A  -0.681   0.0459            
 PAC3 160.0m   0.838   1.5174      H  1 40.20m  -1.826   0.0033      Ca B  8863A  -0.858   0.0305      O  1  6363A  -1.177   0.0146            
 PAH  3.300m  -0.647   0.0497      H  1 44.12m  -1.886   0.0029      Ca B  8750A  -0.933   0.0257      O  1  5577A  -1.261   0.0121            
 PAHC 3.230m  -0.996   0.0222      H  1 48.22m  -1.944   0.0025      Ca B  8665A  -1.006   0.0217      Na 1  5892A  -0.009   0.2159            
 PAHC 3.370m  -1.086   0.0181      H  1 52.50m  -1.999   0.0022      Ca B  8598A  -1.080   0.0183      Mg 1  4561A  -1.804   0.0035            
 PAH  6.200m  -0.388   0.0901      H  1 56.97m  -0.816   0.0337      Ca B  8545A  -1.153   0.0155      Mg 1  2853A  -1.133   0.0162            
 PAHC 5.650m  -0.389   0.0899      He 1 504.3A  -0.219   0.1330      Ca B  8502A  -1.226   0.0131      TOTL  2798A   1.233   3.7692            
 PAH  7.900m  -0.104   0.1735      He 1  2600A  -1.190   0.0142      Ca B  8467A  -1.297   0.0111      Mg 2  2796A   1.054   2.4949            
 PAHC 6.900m  -0.143   0.1583      He 1  3121A  -1.702   0.0044      Ca B  8438A  -1.366   0.0095      Mg 2  2803A   0.762   1.2743            
 PAH  11.30m  -0.613   0.0537      He 1  3421A  -1.638   0.0051      Ca B  8413A  -1.433   0.0081      totl  2665A  -0.512   0.0678            
 PAHC 10.90m  -0.636   0.0509      He 1  3421A  -1.161   0.0152      Ca B  8392A  -1.498   0.0070      Al 2  2670A  -0.512   0.0678            
 PAH  11.80m  -0.408   0.0860      He 1  3421A  -0.939   0.0254      Ca B  8374A  -1.561   0.0061      TOTL  2335A  -0.496   0.0702            
 PAHC 12.65m  -0.367   0.0945      He 1  3679A  -1.354   0.0097      Ca B  8359A  -1.621   0.0053      Si 2  2334A  -1.471   0.0074            
 PAH  13.30m  -0.364   0.0953      He 1  6632A  -2.155   0.0015      Ca B  8346A  -1.679   0.0046      Si 2  2350A  -1.583   0.0058            
 PAHC 14.10m  -0.367   0.0945      He 1  7843A  -1.453   0.0078      Ca B  8334A  -1.735   0.0041      Si 2  2344A  -0.992   0.0224            
 Bcon  3640A   3.075 261.7628      He 1  8188A  -1.606   0.0055      Ca B 4.051m  -0.460   0.0764      Si 2  2336A  -0.807   0.0343            
 Pcon  5000A   2.095  27.4362      He 1  8191A  -2.095   0.0018      Ca B 2.625m  -0.657   0.0485      Si 2  1814A  -1.319   0.0106            
 HFFc     0    0.646   0.9756      He 1  8261A  -2.050   0.0020      Ca B 2.166m  -0.824   0.0330      Si 2  1531A  -1.690   0.0045            
 H FF     0    0.469   0.6487      He 1 1.409m  -1.982   0.0023      Ca B 1.945m  -0.959   0.0242      Si 2  1308A  -1.646   0.0050            
 HeFF     0   -1.298   0.0111      He 1 1.456m  -1.998   0.0022      Ca B 1.817m  -1.065   0.0190      Si 2  1263A  -1.366   0.0095            
 MeFB     0   -1.121   0.0167      He 1 1.458m  -2.287   0.0011      Ca B 1.736m  -1.151   0.0156      S 1R  1807A  -2.272   0.0012            
 MeFF     0   -1.676   0.0046      He 1 2.275m  -2.339   0.0010      Ca B 1.681m  -1.227   0.0131      S  2  4074A  -1.302   0.0110            
 ToFF     0    0.480   0.6644      He 1 4.465m  -2.170   0.0015      Ca B 1.641m  -1.301   0.0110      S  2 1.033m  -1.496   0.0070            
 nFnu 122.4m  -1.012   0.0214      He 1 5.831m  -2.341   0.0010      Ca B 1.611m  -1.375   0.0093      S II  4070A  -1.383   0.0091            
 nInu 122.4m   1.390   5.4072      C  1  1101A  -0.753   0.0389      Ca B 1.588m  -1.448   0.0078      S II  4078A  -2.073   0.0019            
 nFnu 60.83m  -0.758   0.0385      Al 1  2071A  -2.229   0.0013      Ca B 1.570m  -1.521   0.0066      S II 1.032m  -1.874   0.0029            
 nInu 60.83m   1.343   4.8482      Si 1  1521A  -1.229   0.0130      Ca B 1.556m  -1.593   0.0056      S II 1.029m  -2.009   0.0022            
 nFnu 41.22m  -0.597   0.0558      P  1  1182A  -2.270   0.0012      Ca B 1.544m  -1.664   0.0048      S II 1.034m  -2.236   0.0013            
 nInu 41.22m   1.230   3.7433      S  1  1197A  -1.232   0.0129      Ca B 1.534m  -1.734   0.0041      S  2  1256A  -1.974   0.0023            
 nFnu 30.87m  -0.484   0.0722      Cl 1 956.0A  -2.184   0.0014      Ca B 1.526m  -1.801   0.0035      Cl 2  8579A  -2.157   0.0015            
 nInu 30.87m   1.128   2.9571      Fe 1  1569A  -2.222   0.0013      Ca B 1.519m  -1.866   0.0030      K  1  7676A  -1.177   0.0146            
 nFnu 24.78m  -0.398   0.0880      grains......................      Ca B 1.513m  -1.928   0.0026      Ca 1  4228A   0.433   0.5965            
 nInu 24.78m   1.049   2.4640      H-like iso-sequence.........      Ca B 1.508m  -1.988   0.0023      Ca 2  3933A   1.276   4.1548            
 nFnu 24.30m  -0.391   0.0895      Clin 912.0A  -0.793   0.0355      Ca B 1.504m  -2.046   0.0020      Ca 2  8579A   0.407   0.5625            
 nInu 24.30m   1.042   2.4235      Cool  1216A  -0.786   0.0360      Ca B 1.500m  -2.102   0.0017      Ca 2  7306A   0.074   0.2614            
 nFnu 22.83m  -0.365   0.0949      Crst 960.0A  -0.985   0.0228      Ca B 7.458m  -0.971   0.0236      Ca2K  3934A   1.081   2.6543            
 nInu 22.83m   1.020   2.3059      Crst  4861A  -1.646   0.0050      Ca B 4.653m  -1.118   0.0168      Ca2H  3969A   0.833   1.5005            
 nFnu 21.42m  -0.342   0.1003      Hrst     0   -0.890   0.0283      Ca B 3.740m  -1.249   0.0124      Ca2X  8498A  -0.695   0.0445            
 nInu 21.42m   0.997   2.1849      3bHt     0   -1.645   0.0050      Ca B 3.296m  -1.354   0.0097      Ca2Y  8542A   0.229   0.3728            
 nFnu 21.12m  -0.336   0.1016      Ca B  1216A   2.174  32.8555      Ca B 3.038m  -1.439   0.0080      Ca2Z  8662A  -0.181   0.1453            
 nInu 21.12m   0.991   2.1579      Q(H)  4861A   0.778   1.3211      Ca B 2.872m  -1.515   0.0067      CaF1  7291A  -0.144   0.1581            
 nFnu 19.62m  -0.306   0.1088      Q(H)  1216A   2.213  35.9895      Ca B 2.758m  -1.589   0.0057      CaF2  7324A  -0.329   0.1033            
 nInu 19.62m   0.965   2.0334      CaBo  4861A   0.660   1.0057      Ca B 2.674m  -1.662   0.0048      Fe2c     0    1.141   3.0468            
 nFnu 17.65m  -0.261   0.1207      Ca A  1216A   2.066  25.6439      Ca B 2.612m  -1.735   0.0041      Fe 2  4300A  -0.108   0.1719            
 nInu 17.65m   0.922   1.8401      Ca A  1026A   1.416   5.7390      Ca B 2.564m  -1.808   0.0034      Fe 2  2400A   1.128   2.9553            
 nFnu 17.37m  -0.256   0.1222      Ca A 972.5A   1.090   2.7099      Ca B 2.525m  -1.880   0.0029      Fe 2  6200A  -0.871   0.0296            
 nInu 17.37m   0.916   1.8152      Ca A 949.7A   0.902   1.7587      Ca B 2.495m  -1.951   0.0025      Fe 2 1.150m  -1.476   0.0074            
 nFnu 15.69m  -0.220   0.1327      Ca A 937.8A   0.774   1.3097      Ca B 2.469m  -2.020   0.0021      Fe 2 1.257m  -1.724   0.0042            
 nInu 15.69m   0.877   1.6576      Ca A 930.8A   0.670   1.0313      Ca B 2.448m  -2.087   0.0018      Fe 2 1.321m  -2.302   0.0011            
 nFnu 14.60m  -0.188   0.1428      Ca A 926.2A   0.582   0.8419      Ca B 2.431m  -2.152   0.0016      Fe 2  7638A  -2.162   0.0015            
 nInu 14.60m   0.849   1.5555      Ca A 923.2A   0.512   0.7155      Ca B 2.416m  -2.215   0.0013      Fe 2 1.294m  -2.282   0.0012            
 nFnu 12.43m  -0.122   0.1665      Ca A 921.0A   0.458   0.6327      Ca B 2.403m  -2.275   0.0012      Fe 2 17.93m  -2.123   0.0017            
 nInu 12.43m   0.784   1.3390      Ca A 919.4A   0.412   0.5688      Ca B 2.392m  -2.332   0.0010      Fe 2 1.644m  -1.797   0.0035            
 nFnu 11.40m  -0.092   0.1781      Ca A 918.1A   0.363   0.5076      Ca B 12.37m  -1.388   0.0090      Fe 2 1.533m  -2.227   0.0013            
 nInu 11.40m   0.750   1.2396      Ca A 917.2A   0.308   0.4479      Ca B 7.500m  -1.496   0.0070      Fe 2  8617A  -1.583   0.0058            
 nFnu 10.46m  -0.052   0.1954      Ca A 916.4A   0.250   0.3915      Ca B 5.907m  -1.596   0.0056      Fe 2 1.599m  -2.329   0.0010            
 nInu 10.46m   0.717   1.1475      Ca A 915.8A   0.188   0.3399      Ca B 5.127m  -1.678   0.0046      Fe 2  9052A  -2.241   0.0013            
 nFnu 9.480m  -0.019   0.2109      Ca A 915.3A   0.125   0.2936      Ca B 4.671m  -1.753   0.0039      Fe 2  8892A  -1.994   0.0022            
 nInu 9.480m   0.677   1.0479      Ca A 914.9A   0.060   0.2530      Ca B 4.375m  -1.825   0.0033      Fe 2  9227A  -2.250   0.0012            
 nFnu 9.325m  -0.014   0.2133      Ca A 914.6A  -0.004   0.2180      Ca B 4.170m  -1.898   0.0028      Fe2b  7000A  -1.858   0.0031            
 nInu 9.325m   0.671   1.0337      Ca A 914.3A  -0.068   0.1882      Ca B 4.020m  -1.971   0.0024      Fe2b 10000A  -0.824   0.0330            
 nFnu 8.210m   0.043   0.2434      Ca A 914.0A  -0.131   0.1631      Ca B 3.906m  -2.044   0.0020      Fe2b  7445A  -1.858   0.0031            
 nInu 8.210m   0.620   0.9179      Ca A 913.8A  -0.191   0.1418      Ca B 3.818m  -2.116   0.0017      Fe2b  8625A  -1.244   0.0126            
 nFnu 7.580m   0.068   0.2578      Ca A 913.6A  -0.250   0.1238      Ca B 3.748m  -2.186   0.0014      Fe2b 1.889m  -1.892   0.0028            
 nInu 7.580m   0.588   0.8527      Ca A 913.5A  -0.307   0.1086      Ca B 3.692m  -2.255   0.0012      Fe 2  1786A  -1.288   0.0113            
 nFnu 7.050m   0.111   0.2845      Ca A 913.3A  -0.362   0.0957      Ca B 3.645m  -2.322   0.0010      recombination...............            
 nInu 7.050m   0.560   0.7994      Ca A  6563A   0.870   1.6345      Ca B 19.06m  -1.733   0.0041      C  1  1140A  -1.243   0.0126            
 nFnu 4.114m   0.328   0.4685      Ca A  4861A   0.459   0.6337      Ca B 11.31m  -1.808   0.0034      level2 lines................            
 nInu 4.114m   0.456   0.6287      Ca A  4340A   0.181   0.3342      Ca B 8.758m  -1.885   0.0029      C  1 943.9A  -1.146   0.0157            
 nFnu 2.324m   0.471   0.6511      Ca A  4102A  -0.010   0.2150      Ca B 7.506m  -1.956   0.0024      C  1  1248A  -1.391   0.0089            
 nInu 2.324m   0.681   1.0567      Ca A  3970A  -0.152   0.1552      Ca B 6.770m  -2.028   0.0021      C  1 841.0A  -2.166   0.0015            
 nFnu 1.643m   0.582   0.8409      Ca A  3889A  -0.261   0.1208      Ca B 6.290m  -2.099   0.0018      C  1  1561A  -1.594   0.0056            
 nInu 1.643m   0.914   1.8057      Ca A  3835A  -0.341   0.1003      Ca B 5.955m  -2.172   0.0015      C  1  1315A  -1.461   0.0076            
 nFnu 1.480m   0.596   0.8692      Ca A  3798A  -0.400   0.0878      Ca B 5.710m  -2.244   0.0013      C  1  1166A  -1.505   0.0069            
 nInu 1.480m   0.958   1.9990      Ca A  3771A  -0.448   0.0784      Ca B 5.524m  -2.315   0.0011      C  1  1233A  -1.627   0.0052            
 nFnu 1.436m   0.867   1.6197      Ca A  3750A  -0.499   0.0698      Ca B 27.80m  -2.021   0.0021      C  1  1132A  -1.535   0.0064            
 nInu 1.436m   1.085   2.6765      Ca A  3734A  -0.554   0.0615      Ca B 16.20m  -2.072   0.0019      C  1  1251A  -1.543   0.0063            
 nFnu 1.119m   0.891   1.7140      Ca A  3722A  -0.612   0.0538      Ca B 12.38m  -2.137   0.0016      C  1  1112A  -1.599   0.0055            
 nInu 1.119m   1.234   3.7741      Ca A  3712A  -0.674   0.0466      Ca B 10.50m  -2.205   0.0014      C  1  1115A  -1.620   0.0053            
 nFnu  8330A   0.873   1.6455      Ca A  3704A  -0.738   0.0403      Ca B 9.389m  -2.275   0.0012      C  1  1162A  -1.655   0.0049            
 nInu  8330A   1.419   5.7767      Ca A  3697A  -0.802   0.0347      Ca B 38.86m  -2.266   0.0012      C  1  1167A  -1.686   0.0045            
 nFnu  8079A   1.318   4.5759      Ca A  3692A  -0.867   0.0299      Ca B 22.33m  -2.305   0.0011      C  1  1104A  -1.614   0.0054            
 nInu  8079A   1.574   8.2635      Ca A  3687A  -0.931   0.0258      H  1     0   -1.236   0.0128      C  1  1109A  -1.644   0.0050            
 nFnu  6210A   1.104   2.8015      Ca A  3683A  -0.993   0.0224      H  1  1216A   2.186  33.7840      C  1  1130A  -1.782   0.0036            
 nInu  6210A   1.751  12.4046      Ca A  3679A  -1.054   0.0195      H  1  1026A  -0.894   0.0281      C  1  1098A  -1.706   0.0043            
 nFnu  4885A   0.815   1.4380      Ca A  3676A  -1.113   0.0170      H  1 972.5A  -1.147   0.0157      C  1  1132A  -1.731   0.0041            
 nInu  4885A   1.958  20.0008      Ca A  3674A  -1.170   0.0149      H  1 949.7A  -1.263   0.0120      C  1  1106A  -1.781   0.0036            
 nFnu  3704A   0.347   0.4902      Ca A  3671A  -1.224   0.0131      H  1 937.8A  -1.320   0.0105      C  1  1093A  -1.866   0.0030            
 nInu  3704A   2.192  34.2394      Ca A 1.875m   0.035   0.2385      H  1 930.8A  -1.392   0.0089      C  1  1110A  -1.958   0.0024            
 nFnu  3588A   1.966  20.3439      Ca A 1.282m  -0.258   0.1216      H  1 926.2A  -1.399   0.0088      C  1  1114A  -1.974   0.0023            
 nInu  3588A   2.356  49.9778      Ca A 1.094m  -0.479   0.0731      H  1 923.2A  -1.381   0.0092      C  1  1115A  -1.982   0.0023            
 nFnu  2430A   0.776   1.3145      Ca A 1.005m  -0.641   0.0503      H  1 921.0A  -1.376   0.0093      C  1  1090A  -1.970   0.0024            
 nInu  2430A   2.601  87.9642      Ca A  9546A  -0.762   0.0381      H  1  6563A   1.095   2.7398      C  1  1104A  -2.051   0.0020            
 nFnu  2392A   0.720   1.1564      Ca A  9229A  -0.849   0.0312      H  1  4861A   0.657   1.0000      C  1  1104A  -2.058   0.0019            
 nInu  2392A   2.612  90.1271      Ca A  9015A  -0.911   0.0271      H  1  4340A   0.385   0.5349      C  1  1098A  -2.197   0.0014            
 nFnu  2071A   0.212   0.3591      Ca A  8863A  -0.961   0.0241      H  1  4102A   0.183   0.3356      C  1  1097A  -2.212   0.0014            
 nInu  2071A   2.728 117.7612      Ca A  8750A  -1.012   0.0214      H  1  3970A   0.031   0.2366      C  2 892.8A  -1.815   0.0034            
 nFnu  2053A   0.179   0.3329      Ca A  8665A  -1.067   0.0189      H  1  3889A  -0.071   0.1871      C  2 688.8A  -2.077   0.0018            
 nInu  2053A   2.729 117.9992      Ca A  8598A  -1.126   0.0165      H  1  3835A  -0.151   0.1557      C  2  1020A  -1.281   0.0115            
 nFnu  1793A  -0.117   0.1682      Ca A  8545A  -1.188   0.0143      H  1  3798A  -0.234   0.1286      C  2 596.6A  -2.097   0.0018            
 nInu  1793A   2.833 149.8055      Ca A  8502A  -1.251   0.0123      H  1 1.875m   0.129   0.2963      C  2 562.0A  -2.298   0.0011            
 nFnu  1585A  -0.120   0.1671      Ca A  8467A  -1.316   0.0106      H  1 1.282m  -0.137   0.1606      N  1 942.3A  -1.359   0.0096            
 nInu  1585A   2.858 158.9085      Ca A  8438A  -1.381   0.0092      H  1 1.094m  -0.338   0.1011      N  1 952.1A  -1.471   0.0075            
 nFnu  1458A   0.122   0.2920      Ca A  8413A  -1.444   0.0079      H  1 1.005m  -0.488   0.0716      N  1  1131A  -1.617   0.0053            
 nInu  1458A   2.959 200.6167      Ca A  8392A  -1.507   0.0069      H  1  9546A  -0.588   0.0568      O  1 867.3A  -1.991   0.0022            
 nFnu  1357A   0.040   0.2417      Ca A  8374A  -1.567   0.0060      H  1  9229A  -0.667   0.0474      O  1 976.8A  -1.379   0.0092            
 nInu  1357A   3.028 234.6926      Ca A  8359A  -1.626   0.0052      H  1  9015A  -0.749   0.0392      O  1 969.0A  -1.409   0.0086            
 nFnu  1297A   0.043   0.2433      Ca A  8346A  -1.683   0.0046      H  1 4.051m  -0.543   0.0631      O  1 946.4A  -1.393   0.0089            
 nInu  1297A   3.035 238.9654      Ca A  8334A  -1.738   0.0040      H  1 2.625m  -0.721   0.0419      O  1 934.5A  -1.413   0.0085            
 nFnu  1263A   0.072   0.2600      Ca A 4.051m  -0.607   0.0544      H  1 2.166m  -0.864   0.0301      O  1 973.6A  -1.564   0.0060            
 nInu  1263A   3.023 232.2720      Ca A 2.625m  -0.824   0.0330      H  1 1.945m  -0.961   0.0241      O  1 927.5A  -1.592   0.0056            
 nFnu  1218A   1.774  13.1000      Ca A 2.166m  -0.995   0.0223      H  1 1.817m  -1.038   0.0202      O  1 948.5A  -1.614   0.0054            
 nInu  1218A   3.037 239.5761      Ca A 1.945m  -1.122   0.0166      H  1 1.736m  -1.119   0.0167      O  1 923.0A  -1.768   0.0038            
 nFnu  1196A   0.453   0.6244      Ca A 1.817m  -1.213   0.0135      H  1 7.458m  -1.050   0.0196      O  1 919.9A  -1.854   0.0031            
 nInu  1196A   3.042 242.8682      Ca A 1.736m  -1.277   0.0116      H  1 4.653m  -1.167   0.0150      O  1 935.7A  -1.727   0.0041            
 nFnu  1175A   0.325   0.4654      Ca A 1.681m  -1.328   0.0103      H  1 3.740m  -1.256   0.0122      O  1 917.7A  -1.946   0.0025            
 nInu  1175A   3.019 230.1623      Ca A 1.641m  -1.380   0.0092      H  1 3.296m  -1.330   0.0103      O  1 918.7A  -2.031   0.0021            
 nFnu  1144A   0.245   0.3868      Ca A 1.611m  -1.435   0.0081      H  1 3.038m  -1.409   0.0086      O  1 928.2A  -1.995   0.0022            
 nInu  1144A   3.120 290.5513      Ca A 1.588m  -1.494   0.0071      H  1 12.37m  -1.444   0.0079      O  1 917.5A  -2.121   0.0017            
 nFnu  1113A   0.208   0.3555      Ca A 1.570m  -1.555   0.0061      H  1 7.500m  -1.508   0.0068      O  1 923.4A  -2.242   0.0013            
 nInu  1113A   3.036 239.3235      Ca A 1.556m  -1.619   0.0053      H  1 5.907m  -1.574   0.0059      Ne 1 688.6A  -2.291   0.0011            
 nFnu  1103A   0.728   1.1774      Ca A 1.544m  -1.684   0.0046      H  1 5.127m  -1.650   0.0049      Al 2  1671A  -1.681   0.0046            
 nInu  1103A   3.130 296.8898      Ca A 1.534m  -1.748   0.0039      H  1 19.06m  -1.749   0.0039      Si 2  1180A  -1.336   0.0102            
 nFnu  1074A   0.573   0.8233      Ca A 1.526m  -1.812   0.0034      H  1 11.31m  -1.789   0.0036      Si 2 993.4A  -1.640   0.0050            
 nInu  1074A   3.115 286.8687      Ca A 1.519m  -1.874   0.0029      H  1 8.758m  -1.857   0.0031      Si 2  1024A  -1.876   0.0029            
 nFnu  1064A   0.519   0.7273      Ca A 1.513m  -1.935   0.0026      H  1 27.80m  -2.004   0.0022      S  1  1356A  -2.234   0.0013            
 nInu  1064A   3.141 304.4191      Ca A 1.508m  -1.993   0.0022      H  1 16.20m  -2.046   0.0020      S  2 750.3A  -2.150   0.0016            
 nFnu  1036A   0.408   0.5637      Ca A 1.504m  -2.050   0.0020      H  1 38.86m  -2.242   0.0013      Ar 1  1096A  -1.776   0.0037            
 nInu  1036A   3.100 276.9767      Ca A 1.500m  -2.105   0.0017      He-like iso-sequence........      Ar 1 922.5A  -2.099   0.0018            
 nFnu  1000A   0.312   0.4520      Ca A 7.458m  -1.123   0.0166      Clin 506.0A  -0.185   0.1440      Ar 1 918.5A  -2.126   0.0016            
 nInu  1000A   3.058 251.8163      Ca A 4.653m  -1.280   0.0116      Ca B  2945A  -1.695   0.0044      P  2 967.2A  -2.252   0.0012            
 nFnu 925.1A   0.284   0.4238      Ca A 3.740m  -1.407   0.0086      Ca B  3188A  -1.349   0.0098      P  2 963.8A  -1.983   0.0023            
 nInu 925.1A   3.077 262.9474      Ca A 3.296m  -1.499   0.0070      Ca B  3614A  -2.297   0.0011      Sc 2  3628A  -2.251   0.0012            
 nFnu 897.8A   2.177  33.1327      Ca A 3.038m  -1.564   0.0060      Ca B  3889A  -0.898   0.0278      Ti 2  3366A  -0.643   0.0501            
 nFnu 760.0A   0.330   0.4713      Ca A 2.872m  -1.615   0.0053      Ca B  3965A  -1.945   0.0025      Ti 2  3238A  -0.937   0.0254            
 nFnu 701.5A  -0.525   0.0658      Ca A 2.758m  -1.667   0.0047      Ca B  4026A  -1.570   0.0059      Cr 1  4271A  -1.354   0.0098            
 nInu 608.2A  -0.882   0.0289      Ca A 2.674m  -1.722   0.0042      Ca B  4388A  -2.122   0.0017      Cr 1  3591A  -1.367   0.0095            
 nFnu 575.1A  -1.592   0.0056      Ca A 2.612m  -1.781   0.0036      Ca B  4471A  -1.264   0.0120      Cr 2  2060A  -2.083   0.0018            
 nInu 575.1A  -0.382   0.0914      Ca A 2.564m  -1.842   0.0032      Ca B  4713A  -2.328   0.0010      Mn 2  2590A  -0.782   0.0364            
 nInu 511.9A   0.402   0.5561      Ca A 2.525m  -1.906   0.0027      Ca B  4922A  -1.816   0.0034      Ni 2  1752A  -2.328   0.0010            
 nFnu 496.9A   1.076   2.6229      Ca A 2.495m  -1.970   0.0024      Ca B  5016A  -1.505   0.0069      Ni 2  1744A  -2.202   0.0014            
 nInu 496.9A  -0.653   0.0490      Ca A 2.469m  -2.035   0.0020      Ca B  5876A  -0.782   0.0364      Ni 2  1376A  -2.168   0.0015            
 nInu 399.2A   0.308   0.4473      Ca A 2.448m  -2.098   0.0018      Ca B  6678A  -1.312   0.0107      Ni 2  1324A  -2.132   0.0016            
 RRC.........................      Ca A 2.431m  -2.160   0.0015      Ca B  7065A  -1.343   0.0100      hyperfine structure.........            
 H  1 911.8A   1.034   2.3816      Ca A 2.416m  -2.221   0.0013      Ca B  7281A  -1.998   0.0022      inner shell.................            
 H  1  3646A   0.639   0.9601      Ca A 2.403m  -2.280   0.0012      Ca B 1.083m   0.536   0.7565      molecules...................            
 H  1  3646A   1.022   2.3165      Ca A 2.392m  -2.336   0.0010      Ca B 1.278m  -2.045   0.0020      H2vH     0   -1.347   0.0099            
 H  1  8204A  -0.119   0.1673      Ca A 12.37m  -1.542   0.0063      Ca B 1.869m  -1.651   0.0049      H-FB     0    0.305   0.4444            
 H  1  8204A   0.314   0.4543      Ca A 7.500m  -1.649   0.0049      Ca B 1.870m  -2.136   0.0016      H-FF     0    0.150   0.3112            
 H  1  8204A   0.269   0.4095      Ca A 5.907m  -1.738   0.0040      Ca B 2.058m  -0.287   0.1138      H-CT  6563A   0.577   0.8318            
 H  1 1.458m  -0.633   0.0513      Ca A 5.127m  -1.801   0.0035      He 1     0    0.196   0.3458      H2+      0    0.021   0.2313            
 H  1 1.458m  -0.191   0.1419      Ca A 4.671m  -1.852   0.0031      He 1 584.3A  -0.183   0.1445      HEH+     0   -1.615   0.0053            
 H  1 1.458m  -0.126   0.1647      Ca A 4.375m  -1.903   0.0028      He 1 537.0A  -2.004   0.0022            
 H  1 1.458m  -0.406   0.0866      Ca A 4.170m  -1.958   0.0024      He 1 522.2A  -1.761   0.0038            
 H  1 2.279m  -1.011   0.0215      Ca A 4.020m  -2.016   0.0021      He 1 515.6A  -1.796   0.0035            

                                                    Emergent line intensities
 general properties..........      nInu 496.9A  -0.653   0.0490      Ca B  9015A  -0.782   0.0364      He 1  3820A  -1.905   0.0027            
 TOTL  4861A   0.657   1.0000      nInu 399.2A   0.308   0.4474      Ca B  8863A  -0.858   0.0305      He 1  7281A  -2.196   0.0014            
 TOTL  1216A   2.186  33.7810      RRC.........................      Ca B  8750A  -0.933   0.0257      He 1  6678A  -1.438   0.0080            
 continua....................      grains......................      Ca B  8665A  -1.006   0.0217      He 1  4922A  -1.937   0.0025            
 Bac   3646A   1.991  21.5496      H-like iso-sequence.........      Ca B  8598A  -1.080   0.0183      He 1  4388A  -2.237   0.0013            
 nFnu  3645A   2.001  22.0759      Clin 912.0A  -0.793   0.0355      Ca B  8545A  -1.153   0.0155      He 1 1.869m  -1.740   0.0040            
 nFnu  3647A   0.378   0.5263      Cool  1216A  -0.786   0.0360      Ca B  8502A  -1.226   0.0131      He 1 1.278m  -2.154   0.0015            
 cout  3646A   1.689  10.7748      Crst 960.0A  -0.985   0.0228      Ca B  8467A  -1.297   0.0111      He 1 1.870m  -2.221   0.0013            
 cref  3646A   1.689  10.7748      Crst  4861A  -1.646   0.0050      Ca B  8438A  -1.366   0.0095      Pho+  3889A  -0.018   0.2115            
 thin  3646A   1.991  21.5497      Ca B  1216A   2.174  32.8564      Ca B  8413A  -1.433   0.0081      database lines..............            
 Inci  4860A   1.957  19.9400      Q(H)  4861A   0.778   1.3212      Ca B  8392A  -1.498   0.0070      level 1 lines...............            
 Inci  1215A   3.038 240.5439      Q(H)  1216A   2.213  35.9904      Ca B  8374A  -1.561   0.0061      C  1  1656A  -0.759   0.0383            
 FIR  83.00m   1.564   8.0749      Ca A  1216A   2.066  25.6381      Ca B  8359A  -1.621   0.0053      REC   1656A  -0.933   0.0257            
 TIR   1800m  -0.678   0.0462      Ca A  1026A   1.407   5.6267      Ca B  8346A  -1.679   0.0046      C Ic  9850A  -2.047   0.0020            
 NIRa 2.850m   1.804  14.0239      Ca A 972.5A   1.082   2.6584      Ca B  8334A  -1.735   0.0041      TOTL  9850A  -2.047   0.0020            
 NIRb 3.000m   1.391   5.4158      Ca A 949.7A   0.894   1.7259      Ca B 4.051m  -0.460   0.0764      C  1  8727A  -0.520   0.0664            
 MIRa 15.00m   1.062   2.5383      Ca A 937.8A   0.766   1.2854      Ca B 2.625m  -0.657   0.0485      TOTL  2326A  -0.417   0.0843            
 MIRb 22.50m   1.260   4.0082      Ca A 930.8A   0.662   1.0123      Ca B 2.166m  -0.824   0.0330      C  2  2325A  -1.277   0.0116            
 NMIR 21.75m   1.804  14.0239      Ca A 926.2A   0.574   0.8264      Ca B 1.945m  -0.959   0.0242      C  2  2324A  -2.129   0.0016            
 TFIR 611.2m   1.053   2.4871      Ca A 923.2A   0.504   0.7024      Ca B 1.817m  -1.065   0.0190      C  2  2329A  -1.258   0.0122            
 TALL 10000A   3.151 311.5078      Ca A 921.0A   0.450   0.6212      Ca B 1.736m  -1.151   0.0156      C  2  2328A  -1.267   0.0119            
 F12  12.00m   0.577   0.8319      Ca A 919.4A   0.404   0.5584      Ca B 1.681m  -1.227   0.0131      C  2  2327A  -0.671   0.0470            
 F25  25.00m   0.719   1.1524      Ca A 918.1A   0.355   0.4983      Ca B 1.641m  -1.301   0.0110      C  2  1335A  -1.356   0.0097            
 F60  60.00m   1.166   3.2252      Ca A 917.2A   0.300   0.4397      Ca B 1.611m  -1.375   0.0093      N  1 953.9A  -1.475   0.0074            
 F100 100.0m   0.976   2.0853      Ca A 916.4A   0.242   0.3843      Ca B 1.588m  -1.448   0.0078      N  1 954.1A  -1.980   0.0023            
 MIPS 24.00m   0.403   0.5577      Ca A 915.8A   0.180   0.3337      Ca B 1.570m  -1.521   0.0066      N  1  1200A  -1.378   0.0092            
 MIPS 70.00m   0.807   1.4135      Ca A 915.3A   0.117   0.2882      Ca B 1.556m  -1.593   0.0056      N  1 1.040m  -2.027   0.0021            
 MIPS 160.0m   0.581   0.8394      Ca A 914.9A   0.052   0.2484      Ca B 1.544m  -1.664   0.0048      TOTL 1.040m  -1.693   0.0045            
 IRAC 3.600m   0.124   0.2928      Ca A 914.6A  -0.012   0.2140      Ca B 1.534m  -1.734   0.0041      N  2  1085A  -2.109   0.0017            
 IRAC 4.500m   0.157   0.3160      Ca A 914.3A  -0.076   0.1848      Ca B 1.526m  -1.801   0.0035      O  1  6300A  -0.681   0.0459            
 IRAC 5.800m   0.075   0.2615      Ca A 914.0A  -0.139   0.1601      Ca B 1.519m  -1.866   0.0030      O  1  6363A  -1.177   0.0146            
 IRAC 8.000m   0.304   0.4433      Ca A 913.8A  -0.199   0.1392      Ca B 1.513m  -1.928   0.0026      O  1  5577A  -1.261   0.0121            
 SPR1 250.0m   0.162   0.3199      Ca A 913.6A  -0.258   0.1215      Ca B 1.508m  -1.988   0.0023      Na 1  5892A  -0.009   0.2159            
 SPR2 350.0m  -0.268   0.1187      Ca A 913.5A  -0.315   0.1066      Ca B 1.504m  -2.046   0.0020      Mg 1  4561A  -1.804   0.0035            
 SPR3 500.0m  -0.644   0.0500      Ca A 913.3A  -0.370   0.0940      Ca B 1.500m  -2.102   0.0017      Mg 1  2853A  -1.133   0.0162            
 PAC1 70.00m   0.870   1.6311      Ca A  6563A   0.870   1.6345      Ca B 7.458m  -0.971   0.0236      TOTL  2798A   1.233   3.7693            
 PAC2 100.0m   0.981   2.1093      Ca A  4861A   0.459   0.6337      Ca B 4.653m  -1.118   0.0168      Mg 2  2796A   1.054   2.4950            
 PAC3 160.0m   0.838   1.5174      Ca A  4340A   0.181   0.3342      Ca B 3.740m  -1.249   0.0124      Mg 2  2803A   0.762   1.2743            
 PAH  3.300m  -0.647   0.0497      Ca A  4102A  -0.010   0.2150      Ca B 3.296m  -1.354   0.0097      totl  2665A  -0.512   0.0678            
 PAHC 3.230m  -0.996   0.0222      Ca A  3970A  -0.152   0.1552      Ca B 3.038m  -1.439   0.0080      Al 2  2670A  -0.512   0.0678            
 PAHC 3.370m  -1.086   0.0181      Ca A  3889A  -0.261   0.1208      Ca B 2.872m  -1.515   0.0067      TOTL  2335A  -0.496   0.0702            
 PAH  6.200m  -0.388   0.0901      Ca A  3835A  -0.341   0.1003      Ca B 2.758m  -1.589   0.0057      Si 2  2334A  -1.471   0.0074            
 PAHC 5.650m  -0.389   0.0899      Ca A  3798A  -0.400   0.0878      Ca B 2.674m  -1.662   0.0048      Si 2  2350A  -1.583   0.0058            
 PAH  7.900m  -0.104   0.1735      Ca A  3771A  -0.448   0.0784      Ca B 2.612m  -1.735   0.0041      Si 2  2344A  -0.992   0.0224            
 PAHC 6.900m  -0.143   0.1583      Ca A  3750A  -0.499   0.0698      Ca B 2.564m  -1.808   0.0034      Si 2  2336A  -0.807   0.0343            
 PAH  11.30m  -0.613   0.0537      Ca A  3734A  -0.554   0.0615      Ca B 2.525m  -1.880   0.0029      Si 2  1814A  -1.319   0.0106            
 PAHC 10.90m  -0.636   0.0509      Ca A  3722A  -0.612   0.0538      Ca B 2.495m  -1.951   0.0025      Si 2  1531A  -1.690   0.0045            
 PAH  11.80m  -0.408   0.0860      Ca A  3712A  -0.674   0.0466      Ca B 2.469m  -2.020   0.0021      Si 2  1308A  -1.647   0.0050            
 PAHC 12.65m  -0.367   0.0945      Ca A  3704A  -0.738   0.0403      Ca B 2.448m  -2.087   0.0018      Si 2  1263A  -1.366   0.0095            
 PAH  13.30m  -0.364   0.0953      Ca A  3697A  -0.802   0.0347      Ca B 2.431m  -2.152   0.0016      S 1R  1807A  -2.272   0.0012            
 PAHC 14.10m  -0.367   0.0945      Ca A  3692A  -0.867   0.0299      Ca B 2.416m  -2.215   0.0013      S  2  4074A  -1.302   0.0110            
 Bcon  3640A   3.075 261.7490      Ca A  3687A  -0.931   0.0258      Ca B 2.403m  -2.275   0.0012      S  2 1.033m  -1.496   0.0070            
 Pcon  5000A   2.095  27.4362      Ca A  3683A  -0.993   0.0224      Ca B 2.392m  -2.332   0.0010      S II  4070A  -1.383   0.0091            
 nFnu 122.4m  -1.012   0.0214      Ca A  3679A  -1.054   0.0195      Ca B 12.37m  -1.388   0.0090      S II  4078A  -2.073   0.0019            
 nInu 122.4m   1.390   5.4073      Ca A  3676A  -1.113   0.0170      Ca B 7.500m  -1.496   0.0070      S II 1.032m  -1.874   0.0029            
 nFnu 60.83m  -0.758   0.0385      Ca A  3674A  -1.170   0.0149      Ca B 5.907m  -1.596   0.0056      S II 1.029m  -2.009   0.0022            
 nInu 60.83m   1.343   4.8484      Ca A  3671A  -1.224   0.0131      Ca B 5.127m  -1.678   0.0046      S II 1.034m  -2.236   0.0013            
 nFnu 41.22m  -0.597   0.0558      Ca A 1.875m   0.035   0.2385      Ca B 4.671m  -1.753   0.0039      S  2  1256A  -1.974   0.0023            
 nInu 41.22m   1.230   3.7434      Ca A 1.282m  -0.258   0.1216      Ca B 4.375m  -1.825   0.0033      Cl 2  8579A  -2.157   0.0015            
 nFnu 30.87m  -0.484   0.0722      Ca A 1.094m  -0.479   0.0731      Ca B 4.170m  -1.898   0.0028      K  1  7676A  -1.177   0.0146            
 nInu 30.87m   1.128   2.9572      Ca A 1.005m  -0.641   0.0503      Ca B 4.020m  -1.971   0.0024      Ca 1  4228A   0.433   0.5965            
 nFnu 24.78m  -0.398   0.0880      Ca A  9546A  -0.762   0.0381      Ca B 3.906m  -2.044   0.0020      Ca 2  3933A   1.276   4.1549            
 nInu 24.78m   1.049   2.4641      Ca A  9229A  -0.849   0.0312      Ca B 3.818m  -2.116   0.0017      Ca 2  8579A   0.407   0.5626            
 nFnu 24.30m  -0.391   0.0895      Ca A  9015A  -0.911   0.0271      Ca B 3.748m  -2.186   0.0014      Ca 2  7306A   0.074   0.2614            
 nInu 24.30m   1.042   2.4236      Ca A  8863A  -0.961   0.0241      Ca B 3.692m  -2.255   0.0012      Ca2K  3934A   1.081   2.6543            
 nFnu 22.83m  -0.365   0.0949      Ca A  8750A  -1.012   0.0214      Ca B 3.645m  -2.322   0.0010      Ca2H  3969A   0.833   1.5005            
 nInu 22.83m   1.020   2.3059      Ca A  8665A  -1.067   0.0189      Ca B 19.06m  -1.733   0.0041      Ca2X  8498A  -0.695   0.0445            
 nFnu 21.42m  -0.342   0.1003      Ca A  8598A  -1.126   0.0165      Ca B 11.31m  -1.808   0.0034      Ca2Y  8542A   0.229   0.3728            
 nInu 21.42m   0.997   2.1850      Ca A  8545A  -1.188   0.0143      Ca B 8.758m  -1.885   0.0029      Ca2Z  8662A  -0.181   0.1453            
 nFnu 21.12m  -0.336   0.1016      Ca A  8502A  -1.251   0.0123      Ca B 7.506m  -1.956   0.0024      CaF1  7291A  -0.144   0.1581            
 nInu 21.12m   0.991   2.1580      Ca A  8467A  -1.316   0.0106      Ca B 6.770m  -2.028   0.0021      CaF2  7324A  -0.329   0.1033            
 nFnu 19.62m  -0.306   0.1088      Ca A  8438A  -1.381   0.0092      Ca B 6.290m  -2.099   0.0018      Fe 2  4300A  -0.108   0.1719            
 nInu 19.62m   0.965   2.0335      Ca A  8413A  -1.444   0.0079      Ca B 5.955m  -2.172   0.0015      Fe 2  2400A   1.128   2.9554            
 nFnu 17.65m  -0.261   0.1207      Ca A  8392A  -1.507   0.0069      Ca B 5.710m  -2.244   0.0013      Fe 2  6200A  -0.871   0.0296            
 nInu 17.65m   0.922   1.8402      Ca A  8374A  -1.567   0.0060      Ca B 5.524m  -2.315   0.0011      Fe 2 1.150m  -1.476   0.0074            
 nFnu 17.37m  -0.256   0.1222      Ca A  8359A  -1.626   0.0052      Ca B 27.80m  -2.021   0.0021      Fe 2 1.257m  -1.724   0.0042            
 nInu 17.37m   0.916   1.8153      Ca A  8346A  -1.683   0.0046      Ca B 16.20m  -2.072   0.0019      Fe 2 1.321m  -2.302   0.0011            
 nFnu 15.69m  -0.220   0.1327      Ca A  8334A  -1.738   0.0040      Ca B 12.38m  -2.137   0.0016      Fe 2  7638A  -2.162   0.0015            
 nInu 15.69m   0.877   1.6577      Ca A 4.051m  -0.607   0.0544      Ca B 10.50m  -2.205   0.0014      Fe 2 1.294m  -2.282   0.0012            
 nFnu 14.60m  -0.188   0.1428      Ca A 2.625m  -0.824   0.0330      Ca B 9.389m  -2.275   0.0012      Fe 2 17.93m  -2.123   0.0017            
 nInu 14.60m   0.849   1.5556      Ca A 2.166m  -0.995   0.0223      Ca B 38.86m  -2.266   0.0012      Fe 2 1.644m  -1.797   0.0035            
 nFnu 12.43m  -0.122   0.1665      Ca A 1.945m  -1.122   0.0166      Ca B 22.33m  -2.305   0.0011      Fe 2 1.533m  -2.227   0.0013            
 nInu 12.43m   0.784   1.3391      Ca A 1.817m  -1.213   0.0135      H  1  1216A   2.186  33.7810      Fe 2  8617A  -1.583   0.0058            
 nFnu 11.40m  -0.092   0.1781      Ca A 1.736m  -1.277   0.0116      H  1  1026A  -0.894   0.0281      Fe 2 1.599m  -2.329   0.0010            
 nInu 11.40m   0.750   1.2396      Ca A 1.681m  -1.328   0.0103      H  1 972.5A  -1.147   0.0157      Fe 2  9052A  -2.241   0.0013            
 nFnu 10.46m  -0.052   0.1954      Ca A 1.641m  -1.380   0.0092      H  1 949.7A  -1.263   0.0120      Fe 2  8892A  -1.994   0.0022            
 nInu 10.46m   0.717   1.1475      Ca A 1.611m  -1.435   0.0081      H  1 937.8A  -1.321   0.0105      Fe 2  9227A  -2.250   0.0012            
 nFnu 9.480m  -0.019   0.2110      Ca A 1.588m  -1.494   0.0071      H  1 930.8A  -1.392   0.0089      Fe2b  7000A  -1.858   0.0031            
 nInu 9.480m   0.677   1.0480      Ca A 1.570m  -1.555   0.0061      H  1 926.2A  -1.399   0.0088      Fe2b 10000A  -0.824   0.0330            
 nFnu 9.325m  -0.014   0.2134      Ca A 1.556m  -1.619   0.0053      H  1 923.2A  -1.382   0.0091      Fe2b  7445A  -1.858   0.0031            
 nInu 9.325m   0.671   1.0337      Ca A 1.544m  -1.684   0.0046      H  1 921.0A  -1.377   0.0092      Fe2b  8625A  -1.244   0.0126            
 nFnu 8.210m   0.043   0.2434      Ca A 1.534m  -1.748   0.0039      H  1  6563A   1.095   2.7398      Fe2b 1.889m  -1.892   0.0028            
 nInu 8.210m   0.620   0.9179      Ca A 1.526m  -1.812   0.0034      H  1  4861A   0.657   1.0000      Fe 2  1786A  -1.288   0.0113            
 nFnu 7.580m   0.068   0.2578      Ca A 1.519m  -1.874   0.0029      H  1  4340A   0.385   0.5349      recombination...............            
 nInu 7.580m   0.588   0.8528      Ca A 1.513m  -1.935   0.0026      H  1  4102A   0.183   0.3356      C  1  1140A  -1.243   0.0126            
 nFnu 7.050m   0.111   0.2845      Ca A 1.508m  -1.993   0.0022      H  1  3970A   0.031   0.2366      level2 lines................            
 nInu 7.050m   0.560   0.7995      Ca A 1.504m  -2.050   0.0020      H  1  3889A  -0.071   0.1871      C  1 943.9A  -1.149   0.0156            
 nFnu 4.114m   0.328   0.4685      Ca A 1.500m  -2.105   0.0017      H  1  3835A  -0.151   0.1557      C  1  1248A  -1.391   0.0089            
 nInu 4.114m   0.456   0.6287      Ca A 7.458m  -1.123   0.0166      H  1  3798A  -0.234   0.1286      C  1  1561A  -1.594   0.0056            
 nFnu 2.324m   0.471   0.6511      Ca A 4.653m  -1.280   0.0116      H  1 1.875m   0.129   0.2963      C  1  1315A  -1.461   0.0076            
 nInu 2.324m   0.681   1.0568      Ca A 3.740m  -1.407   0.0086      H  1 1.282m  -0.137   0.1606      C  1  1166A  -1.505   0.0069            
 nFnu 1.643m   0.582   0.8409      Ca A 3.296m  -1.499   0.0070      H  1 1.094m  -0.338   0.1011      C  1  1233A  -1.627   0.0052            
 nInu 1.643m   0.914   1.8058      Ca A 3.038m  -1.564   0.0060      H  1 1.005m  -0.488   0.0716      C  1  1132A  -1.535   0.0064            
 nFnu 1.480m   0.596   0.8692      Ca A 2.872m  -1.615   0.0053      H  1  9546A  -0.588   0.0568      C  1  1251A  -1.543   0.0063            
 nInu 1.480m   0.958   1.9990      Ca A 2.758m  -1.667   0.0047      H  1  9229A  -0.667   0.0474      C  1  1112A  -1.600   0.0055            
 nFnu 1.436m   0.867   1.6198      Ca A 2.674m  -1.722   0.0042      H  1  9015A  -0.749   0.0392      C  1  1115A  -1.620   0.0053            
 nInu 1.436m   1.085   2.6765      Ca A 2.612m  -1.781   0.0036      H  1 4.051m  -0.543   0.0631      C  1  1162A  -1.655   0.0049            
 nFnu 1.119m   0.891   1.7140      Ca A 2.564m  -1.842   0.0032      H  1 2.625m  -0.721   0.0419      C  1  1167A  -1.686   0.0045            
 nInu 1.119m   1.234   3.7742      Ca A 2.525m  -1.906   0.0027      H  1 2.166m  -0.864   0.0301      C  1  1104A  -1.621   0.0053            
 nFnu  8330A   0.873   1.6456      Ca A 2.495m  -1.970   0.0024      H  1 1.945m  -0.961   0.0241      C  1  1109A  -1.644   0.0050            
 nInu  8330A   1.419   5.7769      Ca A 2.469m  -2.035   0.0020      H  1 1.817m  -1.038   0.0202      C  1  1130A  -1.782   0.0036            
 nFnu  8079A   1.318   4.5761      Ca A 2.448m  -2.098   0.0018      H  1 1.736m  -1.119   0.0167      C  1  1098A  -1.714   0.0043            
 nInu  8079A   1.574   8.2637      Ca A 2.431m  -2.160   0.0015      H  1 7.458m  -1.050   0.0196      C  1  1132A  -1.731   0.0041            
 nFnu  6210A   1.104   2.8016      Ca A 2.416m  -2.221   0.0013      H  1 4.653m  -1.167   0.0150      C  1  1106A  -1.781   0.0036            
 nInu  6210A   1.751  12.4050      Ca A 2.403m  -2.280   0.0012      H  1 3.740m  -1.256   0.0122      C  1  1093A  -1.874   0.0029            
 nFnu  4885A   0.815   1.4381      Ca A 2.392m  -2.336   0.0010      H  1 3.296m  -1.330   0.0103      C  1  1110A  -1.958   0.0024            
 nInu  4885A   1.958  20.0014      Ca A 12.37m  -1.542   0.0063      H  1 3.038m  -1.409   0.0086      C  1  1114A  -1.974   0.0023            
 nFnu  3704A   0.347   0.4902      Ca A 7.500m  -1.649   0.0049      H  1 12.37m  -1.444   0.0079      C  1  1115A  -1.982   0.0023            
 nInu  3704A   2.192  34.2403      Ca A 5.907m  -1.738   0.0040      H  1 7.500m  -1.508   0.0068      C  1  1090A  -1.978   0.0023            
 nFnu  3588A   1.966  20.3444      Ca A 5.127m  -1.801   0.0035      H  1 5.907m  -1.574   0.0059      C  1  1104A  -2.059   0.0019            
 nInu  3588A   2.356  49.9791      Ca A 4.671m  -1.852   0.0031      H  1 5.127m  -1.650   0.0049      C  1  1104A  -2.066   0.0019            
 nFnu  2430A   0.776   1.3145      Ca A 4.375m  -1.903   0.0028      H  1 19.06m  -1.749   0.0039      C  1  1098A  -2.206   0.0014            
 nInu  2430A   2.601  87.9665      Ca A 4.170m  -1.958   0.0024      H  1 11.31m  -1.789   0.0036      C  1  1097A  -2.220   0.0013            
 nFnu  2392A   0.720   1.1564      Ca A 4.020m  -2.016   0.0021      H  1 8.758m  -1.857   0.0031      C  2 892.8A  -2.194   0.0014            
 nInu  2392A   2.612  90.1295      Ca A 3.906m  -2.078   0.0018      H  1 27.80m  -2.004   0.0022      C  2  1020A  -1.286   0.0114            
 nFnu  2071A   0.212   0.3591      Ca A 3.818m  -2.141   0.0016      H  1 16.20m  -2.046   0.0020      N  1 942.3A  -1.365   0.0095            
 nInu  2071A   2.728 117.7643      Ca A 3.748m  -2.205   0.0014      H  1 38.86m  -2.242   0.0013      N  1 952.1A  -1.477   0.0073            
 nFnu  2053A   0.179   0.3329      Ca A 3.692m  -2.269   0.0012      He-like iso-sequence........      N  1  1131A  -1.618   0.0053            
 nInu  2053A   2.729 118.0023      Ca A 3.645m  -2.333   0.0010      Clin 506.0A  -0.185   0.1440      O  1 867.3A  -2.329   0.0010            
 nFnu  1793A  -0.117   0.1682      Ca A 19.06m  -1.883   0.0029      Ca B  2945A  -1.695   0.0044      O  1 976.8A  -1.383   0.0091            
 nInu  1793A   2.833 149.8093      Ca A 11.31m  -1.948   0.0025      Ca B  3188A  -1.349   0.0098      O  1 969.0A  -1.414   0.0085            
 nFnu  1585A  -0.120   0.1671      Ca A 8.758m  -2.006   0.0022      Ca B  3614A  -2.297   0.0011      O  1 946.4A  -1.399   0.0088            
 nInu  1585A   2.858 158.9127      Ca A 7.506m  -2.055   0.0019      Ca B  3889A  -0.898   0.0278      O  1 934.5A  -1.420   0.0084            
 nFnu  1458A   0.122   0.2920      Ca A 6.770m  -2.105   0.0017      Ca B  3965A  -1.945   0.0025      O  1 973.6A  -1.571   0.0059            
 nInu  1458A   2.959 200.6219      Ca A 6.290m  -2.159   0.0015      Ca B  4026A  -1.570   0.0059      O  1 927.5A  -1.599   0.0055            
 nFnu  1357A   0.040   0.2417      Ca A 5.955m  -2.217   0.0013      Ca B  4388A  -2.122   0.0017      O  1 948.5A  -1.621   0.0053            
 nInu  1357A   3.028 234.6987      Ca A 5.710m  -2.278   0.0012      Ca B  4471A  -1.264   0.0120      O  1 923.0A  -1.775   0.0037            
 nFnu  1297A   0.043   0.2433      Ca A 5.524m  -2.341   0.0010      Ca B  4713A  -2.328   0.0010      O  1 919.9A  -1.861   0.0030            
 nInu  1297A   3.035 238.9716      Ca A 27.80m  -2.159   0.0015      Ca B  4922A  -1.816   0.0034      O  1 935.7A  -1.734   0.0041            
 nFnu  1263A   0.072   0.2600      Ca A 16.20m  -2.192   0.0014      Ca B  5016A  -1.505   0.0069      O  1 917.7A  -1.954   0.0025            
 nInu  1263A   3.023 232.2781      Ca A 12.38m  -2.234   0.0013      Ca B  5876A  -0.782   0.0364      O  1 918.7A  -2.038   0.0020            
 nFnu  1218A   1.774  13.1003      Ca A 10.50m  -2.282   0.0012      Ca B  6678A  -1.312   0.0107      O  1 928.2A  -2.002   0.0022            
 nInu  1218A   3.037 239.5824      Ca A 9.389m  -2.335   0.0010      Ca B  7065A  -1.343   0.0100      O  1 917.5A  -2.128   0.0016            
 nFnu  1196A   0.453   0.6244      Ca B  6563A   1.154   3.1417      Ca B  7281A  -1.998   0.0022      O  1 923.4A  -2.250   0.0012            
 nInu  1196A   3.042 242.8746      Ca B  4861A   0.731   1.1861      Ca B 1.083m   0.536   0.7565      Al 2  1671A  -1.681   0.0046            
 nFnu  1175A   0.325   0.4654      Ca B  4340A   0.437   0.6021      Ca B 1.278m  -2.045   0.0020      Si 2  1180A  -1.336   0.0102            
 nInu  1175A   3.019 230.1683      Ca B  4102A   0.222   0.3672      Ca B 1.869m  -1.651   0.0049      Si 2 993.4A  -1.645   0.0050            
 nFnu  1144A   0.245   0.3868      Ca B  3970A   0.056   0.2505      Ca B 1.870m  -2.136   0.0016      Si 2  1024A  -1.884   0.0029            
 nInu  1144A   3.120 290.5589      Ca B  3889A  -0.077   0.1845      Ca B 2.058m  -0.287   0.1138      S  1  1356A  -2.234   0.0013            
 nFnu  1113A   0.208   0.3555      Ca B  3835A  -0.182   0.1447      He 1 584.3A  -0.426   0.0826      Ar 1  1096A  -1.783   0.0036            
 nInu  1113A   3.036 239.3297      Ca B  3798A  -0.268   0.1188      He 1 537.0A  -2.073   0.0019      Ar 1 922.5A  -2.106   0.0017            
 nFnu  1103A   0.728   1.1775      Ca B  3771A  -0.344   0.0997      He 1 522.2A  -1.800   0.0035      Ar 1 918.5A  -2.133   0.0016            
 nInu  1103A   3.130 296.8975      Ca B  3750A  -0.418   0.0841      He 1 515.6A  -1.839   0.0032      P  2 967.2A  -2.260   0.0012            
 nFnu  1074A   0.573   0.8233      Ca B  3734A  -0.492   0.0709      He 1 512.1A  -1.934   0.0026      P  2 963.8A  -1.990   0.0023            
 nInu  1074A   3.115 286.8761      Ca B  3722A  -0.566   0.0598      TOTL 1.083m   0.148   0.3096      Sc 2  3628A  -2.251   0.0012            
 nFnu  1064A   0.519   0.7273      Ca B  3712A  -0.639   0.0505      He 1 1.083m   0.148   0.3096      Ti 2  3366A  -0.643   0.0501            
 nInu  1064A   3.141 304.4270      Ca B  3704A  -0.712   0.0428      He 1 1.083m  -0.806   0.0344      Ti 2  3238A  -0.937   0.0254            
 nFnu  1036A   0.408   0.5637      Ca B  3697A  -0.783   0.0363      He 1 1.083m  -0.329   0.1032      Cr 1  4271A  -1.354   0.0098            
 nInu  1036A   3.100 276.9839      Ca B  3692A  -0.852   0.0309      He 1 1.083m  -0.107   0.1720      Cr 1  3591A  -1.367   0.0095            
 nFnu  1000A   0.312   0.4520      Ca B  3687A  -0.920   0.0265      He 1  3889A  -1.066   0.0189      Cr 2  2060A  -2.083   0.0018            
 nInu  1000A   3.058 251.8228      Ca B  3683A  -0.985   0.0228      He 1  3188A  -1.495   0.0070      Mn 2  2590A  -0.782   0.0364            
 nFnu 925.1A   0.284   0.4238      Ca B  3679A  -1.047   0.0197      He 1  2945A  -1.834   0.0032      Ni 2  1752A  -2.328   0.0010            
 nInu 925.1A   3.077 262.9543      Ca B  3676A  -1.108   0.0172      He 1  2829A  -2.114   0.0017      Ni 2  1744A  -2.202   0.0014            
 nFnu 897.8A   2.177  33.1336      Ca B  3674A  -1.166   0.0150      He 1 2.058m  -1.104   0.0173      Ni 2  1376A  -2.168   0.0015            
 nFnu 760.0A   0.330   0.4714      Ca B  3671A  -1.221   0.0132      He 1  5016A  -1.674   0.0047      Ni 2  1324A  -2.132   0.0016            
 nFnu 701.5A  -0.525   0.0658      Ca B 1.875m   0.191   0.3419      He 1  3965A  -2.039   0.0020      hyperfine structure.........            
 nInu 608.2A  -0.882   0.0289      Ca B 1.282m  -0.077   0.1845      He 1  3614A  -2.333   0.0010      inner shell.................            
 nFnu 575.1A  -1.592   0.0056      Ca B 1.094m  -0.289   0.1132      He 1  7065A  -1.619   0.0053      molecules...................            
 nInu 575.1A  -0.382   0.0914      Ca B 1.005m  -0.456   0.0770      He 1  5876A  -0.899   0.0278      H-CT  6563A   0.577   0.8318            
 nInu 511.9A   0.402   0.5562      Ca B  9546A  -0.590   0.0566      He 1  4471A  -1.386   0.0091            
 nFnu 496.9A   1.076   2.6230      Ca B  9229A  -0.697   0.0443      He 1  4026A  -1.700   0.0044            



                                                                           
 Cooling:  HFBc     0 :0.079 HFFc     0 :0.060 Ca2K  3934A:0.163 Ca2H  3969A:0.092 Fe2c     0 :0.187  
 Heating:  BFH1     0 :0.938  

 These are some of the most important databases used by Cloudy:
 Many recombination coefficients were taken from http://amdpp.phys.strath.ac.uk/tamoc/RR/ and http://amdpp.phys.strath.ac.uk/tamoc/DR/
      and are based on the following papers:
        Badnell N. R., et al., A&A 406, 1151 (2003) [http://adsabs.harvard.edu/abs/2003A%26A...406.1151B]
        Badnell N. R., ApJS 167, 334 (2006) [http://adsabs.harvard.edu/abs/2006ApJS..167..334B]
 Much of the molecular emission data is from LAMDA as accessed on Dec. 18, 2010. This database is described in:
        Schoeier F.L., et al., A&A 432, 369 (2005) [http://adsabs.harvard.edu/abs/2005A%26A...432..369S]
      This database is in part based on the work of the following groups:
        JPL: Pickett H. M. et al., JQSRT, 60, 883 (1998). [http://adsabs.harvard.edu/abs/1998JQSRT..60..883P]
        CDMS: Mueller H. S. et al., A&A 370, L49 (2001). [http://adsabs.harvard.edu/abs/2001A%26A...370L..49M]
              Mueller H. S. et al., J. Mol. Struct. 742, 215 (2005). [http://adsabs.harvard.edu/abs/2005JMoSt.742..215M]
 Much of the ionic emission data is from version 7.0 of CHIANTI. CHIANTI is a collaborative project involving the NRL (USA), the
      Universities of Florence (Italy) and Cambridge (UK), and George Mason University (USA). These papers describe Chianti:
        Dere K. P., et al., A&AS, 125, 149 (1997) [http://adsabs.harvard.edu/abs/1997A%26AS..125..149D]
        Landi E., et al., ApJ, 744, 99 (2012) [http://adsabs.harvard.edu/abs/2012ApJ...744...99L]
 Much of the H_2 data is from this web site: http://molat.obspm.fr/index.php?page=pages/Molecules/H2/H2can94.php. These data are
      described in:
        Abgrall H. et al., Can. J. Phys., 72, 856 (1994) [http://adsabs.harvard.edu/abs/1994CaJPh..72..856A]
        Wrathmall S. A. & Flower D. R., J. Phys. B, 40, 3221 (2007) [http://adsabs.harvard.edu/abs/2007JPhB...40.3221W]
 Please cite those papers that played a significant role in this calculation.

 IONIZE PARMET:  U(1-) -7.4768  U(4-):-13.2499  U(sp): -7.48  Q(ion):   10.234  L(ion) -0.048    Q(low): 15.379    L(low)  3.076
 ENERGY BUDGET:  Heat:   1.870  Coolg:   1.870  Error:  0.0%  Rec Lin:   0.236  F-F  H  0.000    P(rad/tot)max     1.89E-06

     Col(Heff):      0.000E+00  snd travl time  6.76E+02 sec  Te-low: 4.00E+03  Te-hi: 6.02E+03  G0TH85: 4.96E+05  G0DB96:6.42E+05
  Emiss Measure    n(e)n(p) dl       2.256E+25  n(e)n(He+)dl         3.884E+23  En(e)n(He++) dl         6.736E+15  ne nC+:7.77E+22
 He/Ha:2.05E-02  =   0.24*true  Lthin:1.35E+01  itr/zn:13.22  H2 itr/zn:  0.00  File Opacity: F  MassTot 8.83e-06  (gm/cm^2)
   Temps(21 cm)   T(21cm/Ly a)  4.63E+03        T(<nH/Tkin>)  4.91E+03          T(<nH/Tspin>)    4.93E+03          TB21cm:1.32E-01
                   N(H0/Tspin)  7.78E+14        N(OH/Tkin)    1.62E+07          B(21cm)          0.00E+00
   <a>:1.20E-03  erdeFe0.0E+00  Tcompt8.72E-01  Tthr1.95E+06  <Tden>: 4.99E+03  <dens>:2.27E-14  <MolWgt>1.24E+00
     Mean Jeans  l(cm)2.62E+16  M(sun)1.07E+02  smallest:     len(cm):2.34E+16  M(sun):7.68E+01  a_ox tran:  0.00
 Rion:1.000E+30  Dist:0.00E+00  Diam:0.000E+00
 Hatom level 70  HatomType: add  HInducImp  F  He tot level: 63  He2 level:   70  ExecTime   426.6
 ConvrgError(%)  <eden>  0.248  MaxEden  0.924  <H-C>   0.16  Max(H-C)    0.50  <Press>   0.000  MaxPrs er  0.000
  Continuity(%)  chng Te   0.7  elec den   5.3  n(H2)    0.0  n(CO)        7.9

                                                        Averaged Quantities
             Te      Te(Ne)   Te(NeNp)  Te(NeHe+)Te(NeHe2+) Te(NeO+)  Te(NeO2+)  Te(H2)     N(H)     Ne(O2+)   Ne(Np)
 Radius:  4.99e+03  5.54e+03  5.77e+03  5.69e+03  5.56e+03  5.77e+03  5.81e+03  4.36e+03  1.00e+10  4.62e+08  3.78e+08

 Contin Optical Depths: COMP: 4.13e-08    H-: 5.61e-06 R(1300): 2.57e-05  H2+: 5.49e-08  Pfa:4.17E-08
                          Pa: 4.14e-08    Ba: 5.13e-06      Hb: 3.98e-06   La: 5.53e-02     1r:2.422E+01  1.8:7.24E+00 4.:1.059E+00

 Old, new H  1 continuum optical depths:
     1 2.43e+01     2 2.89e-06     3 5.63e-06     4 5.63e-06     5 5.63e-06     6 1.40e-06     7 1.40e-06     8 1.40e-06
     9 1.40e-06    10 9.88e-11    11 9.88e-11    12 9.88e-11    13 9.88e-11    14 9.88e-11    15 2.27e-10    16 2.27e-10
    17 2.27e-10    18 2.27e-10    19 2.27e-10    20 2.27e-10    21 4.56e-10    22 4.56e-10    23 4.56e-10    24 4.56e-10
    25 4.56e-10    26 4.56e-10    27 4.56e-10    28 8.22e-10    29 8.22e-10    30 8.22e-10    31 8.22e-10    32 8.22e-10
    33 8.22e-10    34 8.22e-10    35 8.22e-10    36 1.38e-09    37 1.38e-09    38 1.38e-09    39 1.38e-09    40 1.38e-09
    41 1.38e-09    42 1.38e-09    43 1.38e-09    44 1.38e-09    45 2.18e-09    46 2.18e-09    47 2.18e-09    48 2.18e-09
    49 2.18e-09    50 2.18e-09    51 2.18e-09    52 2.18e-09    53 2.18e-09    54 2.18e-09
     1 2.42e+01     2 2.89e-06     3 5.63e-06     4 5.63e-06     5 5.63e-06     6 1.40e-06     7 1.40e-06     8 1.40e-06
     9 1.40e-06    10 9.88e-11    11 9.88e-11    12 9.88e-11    13 9.88e-11    14 9.88e-11    15 2.27e-10    16 2.27e-10
    17 2.27e-10    18 2.27e-10    19 2.27e-10    20 2.27e-10    21 4.56e-10    22 4.56e-10    23 4.56e-10    24 4.56e-10
    25 4.56e-10    26 4.56e-10    27 4.56e-10    28 8.22e-10    29 8.22e-10    30 8.22e-10    31 8.22e-10    32 8.22e-10
    33 8.22e-10    34 8.22e-10    35 8.22e-10    36 1.38e-09    37 1.38e-09    38 1.38e-09    39 1.38e-09    40 1.38e-09
    41 1.38e-09    42 1.38e-09    43 1.38e-09    44 1.38e-09    45 2.18e-09    46 2.18e-09    47 2.18e-09    48 2.18e-09
    49 2.18e-09    50 2.18e-09    51 2.18e-09    52 2.18e-09    53 2.18e-09    54 2.18e-09

 Old, new H  1 mean line optical depths:
  2- 1 5.74e+05  3- 2 2.00e-03  4- 3 1.49e-07  5- 4 8.53e-08  6- 5 4.75e-09  7- 6 1.63e-08  8- 7 3.75e-09
  9- 8 4.43e-21 10- 9 4.43e-21
  2- 1 5.70e+05  3- 2 2.00e-03  4- 3 1.49e-07  5- 4 8.53e-08  6- 5 4.73e-09  7- 6 1.63e-08  8- 7 3.75e-09
  9- 8 2.22e-21 10- 9 2.22e-21

 Old, new He 2 continuum optical depths:
     1 1.06e+00     2 2.41e+01     3 1.82e-06     4 1.82e-06     5 1.82e-06     6 2.89e-06     7 2.89e-06     8 2.89e-06
     9 2.89e-06    10 4.57e-06    11 4.57e-06    12 4.57e-06    13 4.57e-06    14 4.57e-06    15 5.63e-06    16 5.63e-06
    17 5.63e-06    18 5.63e-06    19 5.63e-06    20 5.63e-06    21 4.76e-06    22 4.76e-06    23 4.76e-06    24 4.76e-06
    25 4.76e-06    26 4.76e-06    27 4.76e-06    28 1.40e-06    29 1.40e-06    30 1.40e-06    31 1.40e-06    32 1.40e-06
    33 1.40e-06    34 1.40e-06    35 1.40e-06    36 5.77e-11    37 5.77e-11    38 5.77e-11    39 5.77e-11    40 5.77e-11
    41 5.77e-11    42 5.77e-11    43 5.77e-11    44 5.77e-11    45 9.88e-11    46 9.88e-11    47 9.88e-11    48 9.88e-11
    49 9.88e-11    50 9.88e-11    51 9.88e-11    52 9.88e-11    53 9.88e-11    54 9.88e-11
     1 1.06e+00     2 2.39e+01     3 1.81e-06     4 1.81e-06     5 1.81e-06     6 2.89e-06     7 2.89e-06     8 2.89e-06
     9 2.89e-06    10 4.56e-06    11 4.56e-06    12 4.56e-06    13 4.56e-06    14 4.56e-06    15 5.63e-06    16 5.63e-06
    17 5.63e-06    18 5.63e-06    19 5.63e-06    20 5.63e-06    21 4.75e-06    22 4.75e-06    23 4.75e-06    24 4.75e-06
    25 4.75e-06    26 4.75e-06    27 4.75e-06    28 1.40e-06    29 1.40e-06    30 1.40e-06    31 1.40e-06    32 1.40e-06
    33 1.40e-06    34 1.40e-06    35 1.40e-06    36 5.77e-11    37 5.77e-11    38 5.77e-11    39 5.77e-11    40 5.77e-11
    41 5.77e-11    42 5.77e-11    43 5.77e-11    44 5.77e-11    45 9.88e-11    46 9.88e-11    47 9.88e-11    48 9.88e-11
    49 9.88e-11    50 9.88e-11    51 9.88e-11    52 9.88e-11    53 9.88e-11    54 9.88e-11

 Old, new He 2 mean line optical depths:
  2- 1 9.61e+01  3- 2 2.97e-12  4- 3 2.65e-15  5- 4 2.25e-16  6- 5 7.79e-16  7- 6 2.22e-15  8- 7 3.24e-15
  9- 8 2.36e-15 10- 9 1.12e-17
  2- 1 9.61e+01  3- 2 2.93e-12  4- 3 2.64e-15  5- 4 2.23e-16  6- 5 7.73e-16  7- 6 2.21e-15  8- 7 3.23e-15
  9- 8 2.35e-15 10- 9 1.10e-17

 Old He Is optical depths:    1 7.28e+00    2 2.10e-06    3 2.39e-06    4 2.68e-06    5 2.68e-06
 New He Is optical depths:    1 7.24e+00    2 2.10e-06    3 2.39e-06    4 2.68e-06    5 2.68e-06
          Old He Is Lines:  584 3.13e+04 3889 5.38e-03 5016 3.89e-04 5876 1.34e-07
          New He Is Lines:  584 3.11e+04 3889 5.37e-03 5016 3.89e-04 5876 1.34e-07

==== H      compounds ====           Log10 column densities [cm^-2}
   H2        : 13.751   H2*       : 12.098   H2+       :  9.895   H3+       :  6.225
==== He     compounds ====
   HeH+      : 10.051
==== Li     compounds ====
   LiH       :  0.866   LiH+      : -0.385
==== C      compounds ====
   CH        :  9.183   CH+       :  8.724   CH2       :  5.289   CH2+      :  4.842   CH3       :  0.773   CH3+      :  1.126   CH4       : -2.968   CH4+      : -4.882
   CH5+      : -9.195   C2        :  5.797   C2+       :  5.887   C2H       :  2.357   C2H+      :  2.096   C2H2      : -3.716   C2H2+     : -1.578   C2H3+     : -5.973
   C3        : -2.791   C3+       : -0.548   C3H       : -6.625   C3H+      : -3.796
==== N      compounds ====
   NH        : 10.260   NH+       :  9.456   NH2       :  6.043   NH2+      :  5.868   NH3       :  2.962   NH3+      :  1.796   NH4+      : -4.579   CN        :  9.769
   CN+       :  6.806   HCN       :  7.180   HCN+      :  6.107   HNC       : -0.017   HCNH+     :  2.438   HC3N      :-35.930   N2        :  9.618   N2+       :  6.468
   N2H+      : -0.747
==== O      compounds ====
   OH        : 10.847   OH+       : 10.195   H2O       :  6.562   H2O+      :  6.402   H3O+      :  2.462   CO        : 11.391   CO+       :  7.294   HCO+      :  5.614
   H2CO      :-35.930   CH3OH     :-35.930   ^13CO     :  9.914   NO        :  8.259   NO+       :  6.682   HNO       :  3.570   HNO+      :  2.520   OCN       :  5.122
   OCN+      :  3.219   N2O       :  2.138   O2        :  6.943   O2+       :  7.803   NO2       :  2.473   NO2+      :  0.191
==== Ne     compounds ====
   NeH+      :  6.694
==== Si     compounds ====
   SiH       :  2.596   SiH2+     :  1.177   SiC2      :-35.930   SiN       : -0.102   SiN+      :  6.624   SiO       :  6.237   SiO+      :  6.993   SiOH+     :  2.936
==== S      compounds ====
   HS        :  8.128   HS+       :  7.522   CS        :  4.260   CS+       :  5.454   HCS+      :  2.485   NS        :  4.833   NS+       :  6.039   SO        :  6.277
   SO+       :  6.597   OCS       : -0.423   OCS+      : -1.908   SO2       :-35.930   S2        : -0.630   S2+       : -1.951
==== Cl     compounds ====
   HCl       :  3.720   HCl+      :  7.904   H2Cl+     :  4.376   CCl       : -9.475   CCl+      :  0.898   H2CCl+    :-11.997   ClO       :-11.861   ClO+      :-14.508
==== Ar     compounds ====
   ArH+      :  9.790
==== Ti     compounds ====
   TiH       :-35.930   TiH+      :-35.930   TiH2      :-35.930   TiH2+     :-35.930   TiC       :-35.930   TiC+      :-35.930   HCTi      :-35.930   HCTi+     :-35.930
   TiC2      :-35.930   TiC2+     :-35.930   TiN       :-35.930   TiN+      :-35.930   HNTi      :-35.930   HNTi+     :-35.930   TiNC      :-35.930   TiNC+     :-35.930
   TiO       :-35.930   TiO+      :-35.930   TiOH+     :-35.930   TiO2      :-35.930   TiF+      :-35.930   TiS       :-35.930   TiS+      :-35.930   HTiS      :-35.930


               1      2      3      4      5      6      7      8      9     10     11     12     13     14     15     16     17

 Hydrogen   18.583 16.775 13.761 (H2)                Log10 Column density (cm^-2)
 Helium     17.518 15.134  7.550
 Lithium     6.970  7.535 -7.348-30.000
 Beryllium   7.814  7.451  4.019-30.000-30.000
 Boron       8.699  9.161  3.281-30.000-30.000-30.000
 Carbon     14.570 14.829 10.533-30.000-30.000-30.000-30.000
 Nitrogen   14.416 12.406  5.773-30.000-30.000-30.000-30.000-30.000
 Oxygen     15.275 13.366  6.148-30.000-30.000-30.000-30.000-30.000-30.000
 Fluorine   11.135  9.680  5.948-30.000-30.000-30.000-30.000-30.000-30.000-30.000
 Neon       14.510 12.863  8.731-30.000-30.000-30.000-30.000-30.000-30.000-30.000-30.000
 Sodium     11.706 12.797  7.807-30.000-30.000-30.000-30.000-30.000-30.000-30.000-30.000-30.000
 Magnesium  12.407 14.182 10.806-30.000-30.000-30.000-30.000-30.000-30.000-30.000-30.000-30.000-30.000
 Aluminium   9.761 13.040  8.919-30.000-30.000-30.000-30.000-30.000-30.000-30.000-30.000-30.000-30.000-30.000
 Silicon    12.026 14.097  9.474-30.000-30.000-30.000-30.000-30.000-30.000-30.000-30.000-30.000-30.000-30.000-30.000
 Phosphorus  9.329 11.999  7.875-30.000-30.000-30.000-30.000-30.000-30.000-30.000-30.000-30.000-30.000-30.000-30.000-30.000
 Sulphur    12.568 13.678 10.641-30.000-30.000-30.000-30.000-30.000-30.000-30.000-30.000-30.000-30.000-30.000-30.000-30.000-30.000
 Chlorine   10.020 12.086  8.906-30.000-30.000-30.000-30.000-30.000-30.000-30.000-30.000-30.000-30.000-30.000-30.000-30.000-30.000
-30.000
 Argon      12.959 11.822  9.618-30.000-30.000-30.000-30.000-30.000-30.000-30.000-30.000-30.000-30.000-30.000-30.000-30.000-30.000
-30.000-30.000
 Potassium  10.601 11.576  7.879-30.000-30.000-30.000-30.000-30.000-30.000-30.000-30.000-30.000-30.000-30.000-30.000-30.000-30.000
-30.000-30.000-30.000
 Calcium    12.400 12.767 11.178-30.000-30.000-30.000-30.000-30.000-30.000-30.000-30.000-30.000-30.000-30.000-30.000-30.000-30.000
-30.000-30.000-30.000-30.000
 Scandium    9.145  9.607  7.646  2.298-30.000-30.000-30.000-30.000-30.000-30.000-30.000-30.000-30.000-30.000-30.000-30.000-30.000
-30.000-30.000-30.000-30.000-30.000
 Titanium    7.892 11.539  8.773-30.000-30.000-30.000-30.000-30.000-30.000-30.000-30.000-30.000-30.000-30.000-30.000-30.000-30.000
-30.000-30.000-30.000-30.000-30.000-30.000
 Vanadium   10.234 10.202  7.673-30.000-30.000-30.000-30.000-30.000-30.000-30.000-30.000-30.000-30.000-30.000-30.000-30.000-30.000
-30.000-30.000-30.000-30.000-30.000-30.000-30.000
 Chromium   11.523 12.135  8.574-30.000-30.000-30.000-30.000-30.000-30.000-30.000-30.000-30.000-30.000-30.000-30.000-30.000-30.000
-30.000-30.000-30.000-30.000-30.000-30.000-30.000-30.000
 Manganese   8.396 12.019  8.619-30.000-30.000-30.000-30.000-30.000-30.000-30.000-30.000-30.000-30.000-30.000-30.000-30.000-30.000
-30.000-30.000-30.000-30.000-30.000-30.000-30.000-30.000-30.000
 Iron       10.209 14.090 10.209-30.000-30.000-30.000-30.000-30.000-30.000-30.000-30.000-30.000-30.000-30.000-30.000-30.000-30.000
-30.000-30.000-30.000-30.000-30.000-30.000-30.000-30.000-30.000-30.000
 Cobalt     11.468 10.935  4.488-30.000-30.000-30.000-30.000-30.000-30.000-30.000-30.000-30.000-30.000-30.000-30.000-30.000-30.000
-30.000-30.000-30.000-30.000-30.000-30.000-30.000-30.000-30.000-30.000-30.000
 Nickel      9.371 12.810  6.360-30.000-30.000-30.000-30.000-30.000-30.000-30.000-30.000-30.000-30.000-30.000-30.000-30.000-30.000
-30.000-30.000-30.000-30.000-30.000-30.000-30.000-30.000-30.000-30.000-30.000-30.000
 Copper     10.437 10.518  6.553-30.000-30.000-30.000-30.000-30.000-30.000-30.000-30.000-30.000-30.000-30.000-30.000-30.000-30.000
-30.000-30.000-30.000-30.000-30.000-30.000-30.000-30.000-30.000-30.000-30.000-30.000-30.000
 Zinc       11.056 10.440  7.555-30.000-30.000-30.000-30.000-30.000-30.000-30.000-30.000-30.000-30.000-30.000-30.000-30.000-30.000
-30.000-30.000-30.000-30.000-30.000-30.000-30.000-30.000-30.000-30.000-30.000-30.000-30.000-30.000
 Exc state    He1* 10.582   CII* 14.650   C11* 13.619   C12* 14.094   C13* 14.313   O11* 15.029   O12* 14.787   O13* 14.301
              Si2* 13.908   C30*  4.058   C31*  4.258   C32*  4.807


 Hydrogen   -0.007 -1.815 -4.528 (H2)                 Log10 Mean Ionisation (over radius)
 Helium     -0.002 -2.386 -9.970
 Lithium    -0.670 -0.105-14.987
 Beryllium  -0.157 -0.519 -3.952
 Boron      -0.590 -0.129 -6.009
 Carbon     -0.450 -0.190 -4.487
 Nitrogen   -0.004 -2.014 -8.647
 Oxygen     -0.005 -1.914 -9.132
 Fluorine   -0.015 -1.470 -5.202
 Neon       -0.010 -1.657 -5.789
 Sodium     -1.125 -0.034 -5.024
 Magnesium  -1.783 -0.007 -3.384
 Aluminium  -3.279 -0.000 -4.121
 Silicon    -2.075 -0.004 -4.626
 Phosphorus -2.671 -0.001 -4.125
 Sulphur    -1.143 -0.033 -3.070
 Chlorine   -2.069 -0.004 -3.184
 Argon      -0.031 -1.168 -3.372
 Potassium  -1.019 -0.044 -3.740
 Calcium    -0.530 -0.163 -1.752
 Scandium   -0.595 -0.132 -2.094 -7.442
 Titanium   -3.648 -0.001 -2.767
 Vanadium   -0.286 -0.318 -2.847
 Chromium   -0.707 -0.095 -3.657
 Manganese  -3.624 -0.000 -3.401
 Iron       -3.881 -0.000 -3.881
 Cobalt     -0.112 -0.645 -7.092
 Nickel     -3.439 -0.000 -6.451
 Copper     -0.343 -0.262 -4.228
 Zinc       -0.094 -0.710 -3.595

               1      2      3      4      5      6      7      8      9     10     11     12     13     14     15     16     17

 Hydrogen   -0.016 -1.440 -5.192 (H2)         Log10 Mean Ionisation (over radius*electron density)
 Helium     -0.003 -2.134 -9.895
 Lithium    -0.689 -0.099-14.956
 Beryllium  -0.066 -0.854 -3.934
 Boron      -0.353 -0.255 -5.706
 Carbon     -0.272 -0.333 -4.230
 Nitrogen   -0.011 -1.607 -8.142
 Oxygen     -0.013 -1.537 -8.671
 Fluorine   -0.025 -1.246 -5.094
 Neon       -0.014 -1.502 -5.775
 Sodium     -1.267 -0.024 -5.200
 Magnesium  -1.694 -0.009 -3.034
 Aluminium  -3.342 -0.000 -3.944
 Silicon    -1.975 -0.005 -4.176
 Phosphorus -2.738 -0.001 -3.785
 Sulphur    -0.810 -0.074 -2.861
 Chlorine   -2.516 -0.002 -3.004
 Argon      -0.070 -0.829 -2.966
 Potassium  -1.389 -0.018 -3.711
 Calcium    -0.401 -0.224 -2.208
 Scandium   -0.483 -0.178 -2.121 -6.787
 Titanium   -3.761 -0.001 -2.509
 Vanadium   -0.221 -0.402 -2.550
 Chromium   -0.497 -0.167 -3.224
 Manganese  -3.734 -0.001 -2.962
 Iron       -3.983 -0.000 -3.431
 Cobalt     -0.062 -0.873 -6.694
 Nickel     -3.528 -0.000 -6.028
 Copper     -0.194 -0.443 -3.962
 Zinc       -0.046 -0.994 -3.727

               1      2      3      4      5      6      7      8      9     10     11     12     13     14     15     16     17

 Hydrogen    3.697  3.745  3.640 (H2)                  Log10 Mean Temperature (over radius)
 Helium      3.698  3.733  3.715
 Lithium     3.701  3.697  3.700
 Beryllium   3.711  3.667  3.708
 Boron       3.729  3.687  3.739
 Carbon      3.722  3.684  3.734
 Nitrogen    3.698  3.749  3.761
 Oxygen      3.698  3.745  3.756
 Fluorine    3.697  3.727  3.717
 Neon        3.698  3.719  3.707
 Sodium      3.686  3.699  3.684
 Magnesium   3.713  3.698  3.744
 Aluminium   3.692  3.698  3.724
 Silicon     3.705  3.698  3.755
 Phosphorus  3.691  3.698  3.741
 Sulphur     3.740  3.695  3.733
 Chlorine    3.646  3.699  3.726
 Argon       3.695  3.745  3.753
 Potassium   3.665  3.702  3.708
 Calcium     3.718  3.690  3.654
 Scandium    3.717  3.692  3.685  3.774
 Titanium    3.688  3.698  3.729
 Vanadium    3.710  3.685  3.732
 Chromium    3.726  3.691  3.753
 Manganese   3.688  3.698  3.753
 Iron        3.689  3.698  3.755
 Cobalt      3.706  3.672  3.746
 Nickel      3.689  3.698  3.751
 Copper      3.719  3.680  3.732
 Zinc        3.705  3.668  3.689

               1      2      3      4      5      6      7      8      9     10     11     12     13     14     15     16     17

 Hydrogen    3.743  3.761  3.661 (H2)          Log10 Mean Temperature (over radius*electron density)
 Helium      3.743  3.755  3.745
 Lithium     3.741  3.744  3.746
 Beryllium   3.748  3.714  3.742
 Boron       3.755  3.734  3.758
 Carbon      3.752  3.733  3.755
 Nitrogen    3.743  3.762  3.766
 Oxygen      3.743  3.761  3.764
 Fluorine    3.743  3.755  3.748
 Neon        3.743  3.751  3.742
 Sodium      3.733  3.744  3.729
 Magnesium   3.747  3.743  3.760
 Aluminium   3.739  3.743  3.752
 Silicon     3.750  3.743  3.764
 Phosphorus  3.739  3.743  3.759
 Sulphur     3.759  3.740  3.752
 Chlorine    3.707  3.743  3.752
 Argon       3.741  3.759  3.761
 Potassium   3.709  3.745  3.743
 Calcium     3.749  3.740  3.700
 Scandium    3.748  3.741  3.745  3.774
 Titanium    3.735  3.743  3.756
 Vanadium    3.746  3.739  3.759
 Chromium    3.754  3.738  3.763
 Manganese   3.735  3.743  3.763
 Iron        3.736  3.743  3.764
 Cobalt      3.746  3.727  3.762
 Nickel      3.737  3.743  3.763
 Copper      3.751  3.730  3.756
 Zinc        3.746  3.721  3.733

               1      2      3      4      5      6      7      8      9     10     11     12     13     14     15     16     17
                                                                          

---------------Convergence statistics---------------
      1.37 mean iterations/state convergence
      2.98 mean cx acceleration loops/iteration
      1.04 mean iso convergence loops/ion solve
      1.02 mean steps/chemistry solve
      1.01 mean step length searches/chemistry step
----------------------------------------------------

 Cloudy ends: 112 zones, 3 iterations.  ExecTime(s) 426.60
 [Stop in cdMain at ../maincl.cpp:483, Cloudy exited OK]
 ************************************************** GRID_DELIMIT -- grid000000075
