                                                          Cloudy 13.03
                                                         www.nublado.org

                       **************************************13Feb20**************************************
                       *                                                                                 *
                       * c                                                                               *
                       * phi(h) 12.000000 LOG range -0.000232 6.866524                                   *
                       * grid from 8 to 23 in 1 dex steps                                                *
                       * HDEN=7.000000 LOG                                                               *
                       * grid from 0 to 12 in 1 dex steps                                                *
                       * set pres ionize 1e5                                                             *
                       * c                                                                               *
                       * c                                                                               *
                       * table star "Rotation_inst.mod" age 6.78                                         *
                       * c<< Rotation_ins model    4 read.       Age =    6010000.00                 >>> *
                       * c<< Rotation_ins model    5 read.       Age =    8010000.00                 >>> *
                       * c<< FINAL:     Age =    6025595.86                                          >>> *
                       * c                                                                               *
                       * c                                                                               *
                       * abundances GASS10                                                               *
                       * c                                                                               *
                       * c                                                                               *
                       * iterate to convergence max = 7                                                  *
                       * stop column density = 23                                                        *
                       * c                                                                               *
                       * c                                                                               *
                       * print last                                                                      *
                       * set save prefix "geneva_inst_rot_6"                                             *
                       * save grid ".grd" last no hash                                                   *
                       * save linelist "emissionlines_abs.txt" "LineList_HII.dat" absolute last no hash    *
                       *                                                                                 *
                       ***********************************************************************************



           3972CellPeak1.00E+00   Lo 1.00e-08=910.79cm   Hi-Con:4.21E+00 Ryd   E(hi):7.35E+06Ryd     E(hi):     100.01 MeV
           I(nu>1ryd):   1.4624   Average nu:1.330E+00   I( X-ray):   0.0000   I(BalC):   2.1389     Phi(BalmrC):  13.0435
           phi(1.0-1.8):11.9574   phi(1.8-4.0): 10.970   phi(4.0-20):  1.363   phi(20--):  0.000     Ion pht flx:1.000E+12
           I(gam ray):   0.0000   phi(gam r):   0.0000   I(Infred):   1.2347   Alf(ox):   0.0000     Total inten:   2.2645
           U(1.0----):3.336E-06   U(4.0----):7.703E-17   T(En-Den):3.001E+01   T(Comp):2.841E+04     nuJnu(912A):1.206E+02
           Occ(FarIR):4.095E+01   Occ(H n=6):2.886E-11   Occ(1Ryd):5.543E-15   Occ(4R):1.859E-26     Occ (Nu-hi):1.724E-27
           Tbr(FarIR):6.489E-02   Tbr(H n=6):1.265E-07   Tbr(1Ryd):8.762E-10   Tbr(4R):1.175E-20     Tbr (Nu-hi):1.143E-21
  
                                                  Gas Phase Chemical Composition
        H :  0.0000  He: -1.0701  Li:-10.9508  Be:-10.6198  B : -9.3002  C : -3.5702  N : -4.1701  O : -3.3098  F : -7.4401
        Ne: -4.0701  Na: -5.7595  Mg: -4.4001  Al: -5.5498  Si: -4.4895  P : -6.5901  S : -4.8794  Cl: -6.5003  Ar: -5.6003
        K : -6.9706  Ca: -5.6596  Sc: -8.8508  Ti: -7.0501  V : -8.0701  Cr: -6.3595  Mn: -6.5702  Fe: -4.5003  Co: -7.0101
                                               Ni: -5.7799  Cu: -7.8097  Zn: -7.4401
 
 ####  1  Te:7.410E+03 Hden:1.000E+07 Ne:5.682E+06 R:1.000E+30 R-R0:2.665E+07 dR:5.330E+07 NTR: 27 Htot:6.990E-11 T912: 1.50e-03###
 Hydrogen      4.45e-01 5.55e-01 H+o/Hden 1.00e+00 2.84e-08 H-    H2 2.53e-10 3.16e-09 H2+ HeH+ 9.29e-09 Ho+ ColD 2.37e+14 2.96e+14
 Helium        8.50e-01 1.50e-01 3.45e-13 HeI 2s3S 1.37e-06 Comp H,C 1.33e-20 3.47e-21 Fill Fac 1.00e+00 Gam1/tot 1.00e+00
 He singlet n  8.50e-01 3.59e-09 8.10e-16 2.21e-16 5.92e-16 2.93e-16 He tripl 1.37e-06 1.39e-13 6.03e-16 3.36e-15 8.30e-16
 Pressure      NgasTgas 1.23e+11 P(total) 1.69e-05 P( gas ) 1.69e-05 P(Radtn) 0.00e+00 Rad accl 2.38e-03 ForceMul 2.33e+06
 Texc(La)      3.69e+03 T(I con) 3.00e+01 T(D con) 2.33e+00 T(U tot) 3.00e+01 nT (c+d) 7.81e+06 Prad/Gas 0.00e+00 Pmag/Gas 0.00e+00
 Molecules     CH/Ctot: 2.38e-09 CH+/Ctot 4.47e-10 CO/Ctot: 2.25e-10 CO+/Ctot 3.68e-13 H2O/Otot 7.76e-18 OH/Ototl 1.05e-08
 Lithium       3.07e-02 9.69e-01 0.00e+00 0.00e+00 Berylliu 6.17e-01 3.70e-01 1.34e-02 0.00e+00 0.00e+00 sec ion: 0.00e+00
 Boron         7.07e-02 9.28e-01 1.39e-03 0.00e+00 0.00e+00 0.00e+00
 Carbon        8.51e-02 9.07e-01 7.69e-03 0.00e+00 0.00e+00 0.00e+00 0.00e+00 H2O+/O   1.35e-18 OH+/Otot 3.47e-09 Hex(tot) 0.00e+00
 Nitrogen      3.94e-01 6.06e-01 3.52e-05 0.00e+00 0.00e+00 0.00e+00 0.00e+00 0.00e+00 O2/Ototl 8.39e-13 O2+/Otot 2.10e-13
 Oxygen        5.01e-01 4.99e-01 1.79e-05 0.00e+00 0.00e+00 0.00e+00 0.00e+00 0.00e+00 0.00e+00
 Fluorine      3.79e-01 6.19e-01 2.04e-03 0.00e+00 0.00e+00 0.00e+00 0.00e+00 0.00e+00 0.00e+00 0.00e+00
 Neon          5.63e-01 4.37e-01 1.81e-04 0.00e+00 0.00e+00 0.00e+00 0.00e+00 0.00e+00 0.00e+00 0.00e+00 0.00e+00
 Sodium        6.84e-03 9.93e-01 6.26e-05 0.00e+00 0.00e+00 0.00e+00 0.00e+00 0.00e+00 0.00e+00 0.00e+00 0.00e+00 0.00e+00
 Magnesium     2.40e-02 9.53e-01 2.30e-02 0.00e+00 0.00e+00 0.00e+00 0.00e+00 0.00e+00 0.00e+00 0.00e+00 0.00e+00 0.00e+00 0.00e+00
 Aluminium  0  3.58e-04 9.98e-01 2.10e-03 0.00e+00 0.00e+00 0.00e+00 0.00e+00 0.00e+00 0.00e+00 0.00e+00 0.00e+00 0.00e+00 0.00e+00
 Silicon    0  6.57e-03 9.87e-01 6.88e-03 0.00e+00 0.00e+00 0.00e+00 0.00e+00 0.00e+00 0.00e+00 0.00e+00 0.00e+00 0.00e+00 0.00e+00
 Phosphorus 0  1.35e-03 9.92e-01 6.53e-03 0.00e+00 0.00e+00 0.00e+00 0.00e+00 0.00e+00 0.00e+00 0.00e+00 0.00e+00 0.00e+00 0.00e+00
 Sulphur    0  3.03e-02 9.45e-01 2.51e-02 0.00e+00 0.00e+00 0.00e+00 0.00e+00 0.00e+00 0.00e+00 0.00e+00 0.00e+00 0.00e+00 0.00e+00
 Chlorine   0  1.45e-03 9.83e-01 1.53e-02 0.00e+00 0.00e+00 0.00e+00 0.00e+00 0.00e+00 0.00e+00 0.00e+00 0.00e+00 0.00e+00 0.00e+00
 Argon      0  1.49e-01 7.51e-01 9.98e-02 0.00e+00 0.00e+00 0.00e+00 0.00e+00 0.00e+00 0.00e+00 0.00e+00 0.00e+00 0.00e+00 0.00e+00
 Potassium  0  1.34e-03 9.95e-01 3.52e-03 0.00e+00 0.00e+00 0.00e+00 0.00e+00 0.00e+00 0.00e+00 0.00e+00 0.00e+00 0.00e+00 0.00e+00
 Calcium    0  2.75e-02 8.90e-01 8.23e-02 0.00e+00 0.00e+00 0.00e+00 0.00e+00 0.00e+00 0.00e+00 0.00e+00 0.00e+00 0.00e+00 0.00e+00
 Scandium   0  1.33e-02 6.73e-01 3.11e-01 2.21e-03 0.00e+00 0.00e+00 0.00e+00 0.00e+00 0.00e+00 0.00e+00 0.00e+00 0.00e+00 0.00e+00
 Titanium   0  7.80e-05 9.14e-01 8.55e-02 7.08e-06 0.00e+00 0.00e+00 0.00e+00 0.00e+00 0.00e+00 0.00e+00 0.00e+00 0.00e+00 0.00e+00
 Vanadium   0  4.17e-02 7.56e-01 2.02e-01 2.22e-06 0.00e+00 0.00e+00 0.00e+00 0.00e+00 0.00e+00 0.00e+00 0.00e+00 0.00e+00 0.00e+00
 Chromium   0  2.47e-02 8.75e-01 1.00e-01 0.00e+00 0.00e+00 0.00e+00 0.00e+00 0.00e+00 0.00e+00 0.00e+00 0.00e+00 0.00e+00 0.00e+00
 Manganese  0  8.78e-05 9.19e-01 8.07e-02 0.00e+00 0.00e+00 0.00e+00 0.00e+00 0.00e+00 0.00e+00 0.00e+00 0.00e+00 0.00e+00 0.00e+00
 Iron       0  5.70e-05 9.64e-01 3.58e-02 0.00e+00 0.00e+00 0.00e+00 0.00e+00 0.00e+00 0.00e+00 0.00e+00 0.00e+00 0.00e+00 0.00e+00
 Cobalt     0  2.83e-01 7.17e-01 4.73e-04 0.00e+00 0.00e+00 0.00e+00 0.00e+00 0.00e+00 0.00e+00 0.00e+00 0.00e+00 0.00e+00 0.00e+00
 Nickel     0  1.90e-04 9.99e-01 3.61e-04 0.00e+00 0.00e+00 0.00e+00 0.00e+00 0.00e+00 0.00e+00 0.00e+00 0.00e+00 0.00e+00 0.00e+00
 Copper     0  1.25e-01 8.25e-01 5.01e-02 0.00e+00 0.00e+00 0.00e+00 0.00e+00 0.00e+00 0.00e+00 0.00e+00 0.00e+00 0.00e+00 0.00e+00
 Zinc       0  4.38e-01 5.33e-01 2.89e-02 5.73e-06 0.00e+00 0.00e+00 0.00e+00 0.00e+00 0.00e+00 0.00e+00 0.00e+00 0.00e+00 0.00e+00
 ####107  Te:3.990E+03 Hden:1.000E+07 Ne:1.471E+05 R:1.000E+30 R-R0:4.878E+11 dR:5.379E+09 NTR: 11 Htot:2.890E-13 T912: 2.62e+01###
 Hydrogen      9.88e-01 1.24e-02 H+o/Hden 1.00e+00 3.83e-08 H-    H2 4.42e-06 3.15e-09 H2+ HeH+ 1.63e-08 Ho+ ColD 4.14e+18 7.68e+17
 Helium        9.78e-01 2.18e-02 3.37e-13 HeI 2s3S 5.96e-07 Comp H,C 2.44e-22 4.25e-23 Fill Fac 1.00e+00 Gam1/tot 1.00e+00
 He singlet n  9.78e-01 2.40e-11 7.97e-17 9.66e-19 3.90e-18 2.14e-18 He tripl 5.96e-07 4.35e-16 2.04e-18 1.83e-17 5.92e-18
 Pressure      NgasTgas 4.39e+10 P(total) 6.06e-06 P( gas ) 6.06e-06 P(Radtn) 2.19e-12 Rad accl 2.45e-06 ForceMul 1.06e+05
 Texc(La)      3.89e+03 T(I con) 2.87e+01 T(D con) 1.31e+01 T(U tot) 2.91e+01 nT (c+d) 1.01e+07 Prad/Gas 3.62e-07 Pmag/Gas 0.00e+00
 Molecules     CH/Ctot: 3.44e-08 CH+/Ctot 1.51e-07 CO/Ctot: 2.28e-06 CO+/Ctot 4.51e-09 H2O/Otot 2.84e-11 OH/Ototl 1.01e-05
 Lithium       8.65e-03 9.91e-01 0.00e+00 0.00e+00 Berylliu 3.12e-02 9.67e-01 1.51e-03 0.00e+00 0.00e+00 sec ion: 0.00e+00
 Boron         3.41e-03 9.97e-01 7.98e-06 0.00e+00 0.00e+00 0.00e+00
 Carbon        5.67e-03 9.94e-01 3.23e-04 0.00e+00 0.00e+00 0.00e+00 0.00e+00 H2O+/O   6.98e-12 OH+/Otot 2.23e-06 Hex(tot) 0.00e+00
 Nitrogen      9.94e-01 5.94e-03 4.14e-09 0.00e+00 0.00e+00 0.00e+00 0.00e+00 0.00e+00 O2/Ototl 9.31e-10 O2+/Otot 1.72e-09
 Oxygen        9.90e-01 9.64e-03 1.09e-08 0.00e+00 0.00e+00 0.00e+00 0.00e+00 0.00e+00 0.00e+00
 Fluorine      8.99e-01 1.00e-01 4.55e-04 0.00e+00 0.00e+00 0.00e+00 0.00e+00 0.00e+00 0.00e+00 0.00e+00
 Neon          9.01e-01 9.88e-02 1.40e-04 0.00e+00 0.00e+00 0.00e+00 0.00e+00 0.00e+00 0.00e+00 0.00e+00 0.00e+00
 Sodium        4.80e-02 9.52e-01 2.27e-04 0.00e+00 0.00e+00 0.00e+00 0.00e+00 0.00e+00 0.00e+00 0.00e+00 0.00e+00 0.00e+00
 Magnesium     1.59e-02 9.84e-01 3.78e-04 0.00e+00 0.00e+00 0.00e+00 0.00e+00 0.00e+00 0.00e+00 0.00e+00 0.00e+00 0.00e+00 0.00e+00
 Aluminium  0  4.17e-04 9.99e-01 2.86e-04 0.00e+00 0.00e+00 0.00e+00 0.00e+00 0.00e+00 0.00e+00 0.00e+00 0.00e+00 0.00e+00 0.00e+00
 Silicon    0  1.27e-03 9.99e-01 2.11e-06 0.00e+00 0.00e+00 0.00e+00 0.00e+00 0.00e+00 0.00e+00 0.00e+00 0.00e+00 0.00e+00 0.00e+00
 Phosphorus 0  1.61e-03 9.98e-01 3.61e-04 0.00e+00 0.00e+00 0.00e+00 0.00e+00 0.00e+00 0.00e+00 0.00e+00 0.00e+00 0.00e+00 0.00e+00
 Sulphur    0  1.91e-03 9.96e-01 2.25e-03 0.00e+00 0.00e+00 0.00e+00 0.00e+00 0.00e+00 0.00e+00 0.00e+00 0.00e+00 0.00e+00 0.00e+00
 Chlorine   0  2.06e-03 9.96e-01 2.03e-03 0.00e+00 0.00e+00 0.00e+00 0.00e+00 0.00e+00 0.00e+00 0.00e+00 0.00e+00 0.00e+00 0.00e+00
 Argon      0  9.07e-01 9.03e-02 1.70e-03 0.00e+00 0.00e+00 0.00e+00 0.00e+00 0.00e+00 0.00e+00 0.00e+00 0.00e+00 0.00e+00 0.00e+00
 Potassium  0  1.93e-02 9.78e-01 2.59e-03 0.00e+00 0.00e+00 0.00e+00 0.00e+00 0.00e+00 0.00e+00 0.00e+00 0.00e+00 0.00e+00 0.00e+00
 Calcium    0  2.29e-03 4.25e-01 5.73e-01 0.00e+00 0.00e+00 0.00e+00 0.00e+00 0.00e+00 0.00e+00 0.00e+00 0.00e+00 0.00e+00 0.00e+00
 Scandium   0  3.55e-03 7.47e-01 2.49e-01 2.32e-05 0.00e+00 0.00e+00 0.00e+00 0.00e+00 0.00e+00 0.00e+00 0.00e+00 0.00e+00 0.00e+00
 Titanium   0  2.20e-04 9.93e-01 7.07e-03 0.00e+00 0.00e+00 0.00e+00 0.00e+00 0.00e+00 0.00e+00 0.00e+00 0.00e+00 0.00e+00 0.00e+00
 Vanadium   0  1.71e-02 9.76e-01 6.78e-03 0.00e+00 0.00e+00 0.00e+00 0.00e+00 0.00e+00 0.00e+00 0.00e+00 0.00e+00 0.00e+00 0.00e+00
 Chromium   0  2.55e-03 9.97e-01 2.85e-05 0.00e+00 0.00e+00 0.00e+00 0.00e+00 0.00e+00 0.00e+00 0.00e+00 0.00e+00 0.00e+00 0.00e+00
 Manganese  0  2.47e-04 1.00e+00 6.28e-05 0.00e+00 0.00e+00 0.00e+00 0.00e+00 0.00e+00 0.00e+00 0.00e+00 0.00e+00 0.00e+00 0.00e+00
 Iron       0  1.37e-04 1.00e+00 1.33e-05 0.00e+00 0.00e+00 0.00e+00 0.00e+00 0.00e+00 0.00e+00 0.00e+00 0.00e+00 0.00e+00 0.00e+00
 Cobalt     0  5.85e-02 9.41e-01 1.22e-06 0.00e+00 0.00e+00 0.00e+00 0.00e+00 0.00e+00 0.00e+00 0.00e+00 0.00e+00 0.00e+00 0.00e+00
 Nickel     0  3.99e-04 1.00e+00 9.76e-07 0.00e+00 0.00e+00 0.00e+00 0.00e+00 0.00e+00 0.00e+00 0.00e+00 0.00e+00 0.00e+00 0.00e+00
 Copper     0  1.08e-02 9.88e-01 1.17e-03 0.00e+00 0.00e+00 0.00e+00 0.00e+00 0.00e+00 0.00e+00 0.00e+00 0.00e+00 0.00e+00 0.00e+00
 Zinc       0  6.61e-02 9.17e-01 1.71e-02 5.43e-06 0.00e+00 0.00e+00 0.00e+00 0.00e+00 0.00e+00 0.00e+00 0.00e+00 0.00e+00 0.00e+00
                                                                             
   Calculation stopped because lowest Te reached. Iteration 3 of 3
   The geometry is plane-parallel.
  !Charge transfer ionization of H reached 7612.0% of the local H ionization rate.
  !Charge transfer heating reached 5.41% of the local heating.
  !AGE: Cloud age was not set.  Longest timescale was 3.04e+07 s = 9.63e-01 years.
  !Mutual neutralization production of H-alpha was significant.
  !The CMB was not included.  This is added with the CMB command.
   Continuum fluorescent production of H-beta was significant.
   The density is too low to l-mix the lowest H  I collapsed level.  More resolved levels are needed for accurate line ratios.
   The density is too low to l-mix the lowest He I collapsed level.  More resolved levels are needed for accurate line ratios.
   The largest continuum occupation number was 4.095e+01 at 1.004e-08 Ryd.
   Grains were not present but might survive in this environment (energy density temperature was 3.00e+01K)
   The continuum optical depth at the lowest energy considered (1.004e-08 Ryd) was 5.696e+02.

                       *********************************> Cloudy 13.03 <**********************************
                       * c                                                                               *
                       * phi(h) 12.000000 LOG range -0.000232 6.866524                                   *
                       * grid from 8 to 23 in 1 dex steps                                                *
                       * HDEN=7.000000 LOG                                                               *
                       * grid from 0 to 12 in 1 dex steps                                                *
                       * set pres ionize 1e5                                                             *
                       * c                                                                               *
                       * c                                                                               *
                       * table star "Rotation_inst.mod" age 6.78                                         *
                       * c                                                                               *
                       * c                                                                               *
                       * abundances GASS10                                                               *
                       * c                                                                               *
                       * c                                                                               *
                       * iterate to convergence max = 7                                                  *
                       * stop column density = 23                                                        *
                       * c                                                                               *
                       * c                                                                               *
                       * print last                                                                      *
                       * set save prefix "geneva_inst_rot_6"                                             *
                       * save grid ".grd" last no hash                                                   *
                       * save linelist "emissionlines_abs.txt" "LineList_HII.dat" absolute last no hash    *
                       *********************************> Log(U): -5.48 <*********************************

                     Emission Line Spectrum.   Constant  Density Model.    Open geometry.  Iteration 3 of 3.
                                                     Intensity (erg/s/cm^2).


                                                   Intrinsic line intensities
 general properties..........      H  1 4.466m  -2.048   0.0200      Ca B  3674A  -2.329   0.0105      O  1  6300A  -0.699   0.4477            
 TOTL  4861A  -0.350   1.0000      H  1 4.466m  -1.952   0.0250      Ca B  3671A  -2.372   0.0095      O  1  6363A  -1.195   0.1428            
 TOTL  1216A   1.189  34.6035      H  1 4.466m  -2.023   0.0212      Ca B 1.875m  -0.819   0.3394      O  1  5577A  -2.107   0.0175            
 Inci     0    2.265 411.7070      H  1 4.466m  -2.237   0.0130      Ca B 1.282m  -1.125   0.1679      O  1 63.17m  -2.722   0.0042            
 TotH     0    0.823  14.9060      H  1 4.466m  -2.615   0.0054      Ca B 1.094m  -1.375   0.0943      TOTL  3727A  -2.846   0.0032            
 TotC     0    0.823  14.8974      H  1 4.466m  -3.264   0.0012      Ca B 1.005m  -1.578   0.0591      TOTL  7325A  -1.679   0.0469            
 BFH1     0    0.798  14.0556      H  1 5.834m  -2.673   0.0047      Ca B  9546A  -1.745   0.0403      IONZ  7325A  -3.306   0.0011            
 BFHe     0   -0.502   0.7042      H  1 5.834m  -2.249   0.0126      Ca B  9229A  -1.884   0.0292      O II  3726A  -2.989   0.0023            
 TotM     0   -1.485   0.0732      H  1 5.834m  -2.151   0.0158      Ca B  9015A  -2.004   0.0222      O II  2471A  -1.775   0.0376            
 CT H     0   -1.493   0.0719      H  1 5.834m  -2.209   0.0138      Ca B  8863A  -2.108   0.0175      O II  7323A  -1.930   0.0263            
 H FB     0   -0.143   1.6098      H  1 5.834m  -2.386   0.0092      Ca B  8750A  -2.201   0.0141      O II  7332A  -2.036   0.0206            
 HFBc     0   -0.143   1.6098      H  1 5.834m  -2.680   0.0047      Ca B  8665A  -2.285   0.0116      O  2 833.8A  -2.898   0.0028            
 continua....................      H  1 5.834m  -3.123   0.0017      Ca B  8598A  -2.362   0.0097      Ne 2 12.81m  -1.451   0.0793            
 Bac   3646A   0.932  19.1420      H  1 7.383m  -2.846   0.0032      Ca B  8545A  -2.431   0.0083      Na 1  5892A  -2.167   0.0152            
 nFnu  3645A   0.946  19.7766      H  1 7.383m  -2.423   0.0085      Ca B  8502A  -2.495   0.0072      Mg 1  4561A  -3.168   0.0015            
 nFnu  3647A  -0.548   0.6345      H  1 7.383m  -2.323   0.0106      Ca B  8467A  -2.553   0.0063      Mg 1  2853A  -2.196   0.0142            
 cout  3646A   0.631   9.5710      H  1 7.383m  -2.373   0.0095      Ca B  8438A  -2.607   0.0055      Mg 1  2026A  -3.243   0.0013            
 cref  3646A   0.631   9.5710      H  1 7.383m  -2.530   0.0066      Ca B  8413A  -2.657   0.0049      TOTL  2798A   0.031   2.4021            
 thin  3646A   0.932  19.1422      H  1 7.383m  -2.778   0.0037      Ca B  8392A  -2.706   0.0044      Mg 2  2796A  -0.148   1.5917            
 Inci  4860A   1.126  29.9161      H  1 7.383m  -3.127   0.0017      Ca B  8374A  -2.753   0.0040      Mg 2  2803A  -0.441   0.8104            
 Inci  1215A   2.169 330.6328      H  1 9.115m  -2.997   0.0023      Ca B  8359A  -2.798   0.0036      totl  2665A  -1.675   0.0473            
 Ba C     0    0.140   3.0924      H  1 9.115m  -2.575   0.0060      Ca B  8346A  -2.842   0.0032      Al 2  2670A  -1.677   0.0471            
 PA C     0   -0.263   1.2221      H  1 9.115m  -2.475   0.0075      Ca B  8334A  -2.885   0.0029      Si 2 34.81m  -2.894   0.0029            
 FIR  83.00m   0.560   8.1279      H  1 9.115m  -2.521   0.0067      Ca B 4.051m  -1.455   0.0786      TOTL  2335A  -1.554   0.0625            
 TIR   1800m  -1.676   0.0472      H  1 9.115m  -2.665   0.0048      Ca B 2.625m  -1.689   0.0459      Si 2  2334A  -2.562   0.0061            
 NIRa 2.850m   0.903  17.9066      H  1 9.115m  -2.886   0.0029      Ca B 2.166m  -1.895   0.0285      Si 2  2350A  -2.674   0.0047            
 NIRb 3.000m   0.464   6.5211      H  1 9.115m  -3.181   0.0015      Ca B 1.945m  -2.069   0.0191      Si 2  2344A  -2.030   0.0209            
 MIRa 15.00m   0.081   2.6953      H  1 11.03m  -1.961   0.0245      Ca B 1.817m  -2.217   0.0136      Si 2  2336A  -1.866   0.0305            
 MIRb 22.50m   0.272   4.1885      H  1 13.13m  -2.073   0.0189      Ca B 1.736m  -2.344   0.0101      Si 2  1814A  -2.129   0.0166            
 NMIR 21.75m   0.903  17.9066      H  1 15.40m  -2.176   0.0149      Ca B 1.681m  -2.455   0.0078      Si 2  1531A  -2.498   0.0071            
 TFIR 611.2m   0.048   2.5029      H  1 17.87m  -2.272   0.0120      Ca B 1.641m  -2.554   0.0063      Si 2  1308A  -2.426   0.0084            
 TALL 10000A   2.263 410.5428      H  1 20.51m  -2.361   0.0097      Ca B 1.611m  -2.642   0.0051      Si 2  1263A  -2.134   0.0164            
 F12  12.00m  -0.388   0.9159      H  1 23.33m  -2.445   0.0080      Ca B 1.588m  -2.721   0.0043      P  2 1.640m  -2.800   0.0035            
 F25  25.00m  -0.280   1.1747      H  1 26.34m  -2.523   0.0067      Ca B 1.570m  -2.793   0.0036      P  2  4669A  -3.290   0.0011            
 F60  60.00m   0.162   3.2492      H  1 29.53m  -2.597   0.0057      Ca B 1.556m  -2.858   0.0031      P  2 1.189m  -2.864   0.0031            
 F100 100.0m  -0.028   2.0974      H  1 32.91m  -2.667   0.0048      Ca B 1.544m  -2.917   0.0027      P  2 1.147m  -3.341   0.0010            
 MIPS 24.00m  -0.588   0.5776      H  1 36.46m  -2.734   0.0041      Ca B 1.534m  -2.972   0.0024      S  2  6720A  -2.325   0.0106            
 MIPS 70.00m  -0.196   1.4258      H  1 40.20m  -2.797   0.0036      Ca B 1.526m  -3.023   0.0021      S  2  4074A  -0.918   0.2706            
 MIPS 160.0m  -0.424   0.8444      H  1 44.12m  -2.858   0.0031      Ca B 1.519m  -3.072   0.0019      S  2 1.033m  -1.107   0.1752            
 IRAC 3.600m  -0.880   0.2950      H  1 48.22m  -2.915   0.0027      Ca B 1.513m  -3.119   0.0017      S II  6731A  -2.483   0.0074            
 IRAC 4.500m  -0.831   0.3304      H  1 52.50m  -2.971   0.0024      Ca B 1.508m  -3.164   0.0015      S II  6716A  -2.841   0.0032            
 IRAC 5.800m  -0.936   0.2596      H  1 56.97m  -1.793   0.0361      Ca B 1.504m  -3.209   0.0014      S II  4070A  -1.007   0.2204            
 IRAC 8.000m  -0.664   0.4853      He 1 504.3A  -0.978   0.2356      Ca B 1.500m  -3.252   0.0013      S II  4078A  -1.650   0.0502            
 SPR1 250.0m  -0.842   0.3220      He 1  2600A  -1.909   0.0276      Ca B 7.458m  -1.962   0.0244      S II 1.032m  -1.498   0.0711            
 SPR2 350.0m  -1.272   0.1197      He 1  3121A  -2.421   0.0085      Ca B 4.653m  -2.149   0.0159      S II 1.029m  -1.633   0.0521            
 SPR3 500.0m  -1.647   0.0505      He 1  3421A  -2.372   0.0095      Ca B 3.740m  -2.324   0.0106      S II 1.037m  -2.109   0.0174            
 PAC1 70.00m  -0.134   1.6447      He 1  3421A  -1.894   0.0286      Ca B 3.296m  -2.477   0.0075      S II 1.034m  -1.812   0.0345            
 PAC2 100.0m  -0.023   2.1214      He 1  3421A  -1.673   0.0476      Ca B 3.038m  -2.609   0.0055      S  2  1256A  -2.730   0.0042            
 PAC3 160.0m  -0.166   1.5264      He 1  3679A  -2.090   0.0182      Ca B 2.872m  -2.725   0.0042      S  3  9532A  -2.489   0.0073            
 PAH  3.300m  -1.668   0.0481      He 1  6632A  -2.856   0.0031      Ca B 2.758m  -2.828   0.0033      S  3  9069A  -2.884   0.0029            
 PAHC 3.230m  -1.994   0.0227      He 1  7435A  -3.264   0.0012      Ca B 2.674m  -2.919   0.0027      Cl 2 14.40m  -3.327   0.0011            
 PAHC 3.370m  -2.083   0.0185      He 1  7843A  -2.176   0.0149      Ca B 2.612m  -3.001   0.0022      Cl 2  8579A  -2.040   0.0204            
 PAH  6.200m  -1.403   0.0886      He 1  8188A  -2.350   0.0100      Ca B 2.564m  -3.075   0.0019      Cl 2  9124A  -2.618   0.0054            
 PAHC 5.650m  -1.396   0.0899      He 1  8191A  -2.839   0.0032      Ca B 2.525m  -3.141   0.0016      Ar 2 6.980m  -1.761   0.0388            
 PAH  7.900m  -1.106   0.1753      He 1  8261A  -2.777   0.0037      Ca B 2.495m  -3.201   0.0014      Ar 3  7135A  -2.304   0.0111            
 PAHC 6.900m  -1.055   0.1971      He 1 1.409m  -2.695   0.0045      Ca B 2.469m  -3.256   0.0012      Ar 3  7751A  -2.922   0.0027            
 PAH  11.30m  -1.625   0.0531      He 1 1.456m  -2.735   0.0041      Ca B 2.448m  -3.308   0.0011      Ar 3 9.000m  -3.078   0.0019            
 PAHC 10.90m  -1.641   0.0512      He 1 1.456m  -3.227   0.0013      Ca B 12.37m  -2.390   0.0091      Ca 1  4228A  -2.116   0.0171            
 PAH  11.80m  -1.414   0.0863      He 1 1.458m  -3.045   0.0020      Ca B 7.500m  -2.543   0.0064      Ca 2  3933A  -0.279   1.1777            
 PAHC 12.65m  -1.108   0.1745      He 1 1.466m  -3.264   0.0012      Ca B 5.907m  -2.694   0.0045      Ca 2  8579A  -1.011   0.2185            
 PAH  13.30m  -1.369   0.0958      He 1 2.217m  -3.077   0.0019      Ca B 5.127m  -2.829   0.0033      Ca 2  7306A  -0.017   2.1528            
 PAHC 14.10m  -1.367   0.0961      He 1 2.275m  -3.070   0.0019      Ca B 4.671m  -2.948   0.0025      Ca2K  3934A  -0.480   0.7411            
 Bcon  3640A   2.197 352.6374      He 1 2.278m  -3.236   0.0013      Ca B 4.375m  -3.053   0.0020      Ca2H  3969A  -0.710   0.4366            
 Pcon  5000A   1.176  33.6038      He 1 3.277m  -3.347   0.0010      Ca B 4.170m  -3.147   0.0016      Ca2X  8498A  -2.118   0.0170            
 HFFc     0   -0.381   0.9310      He 1 4.465m  -2.901   0.0028      Ca B 4.020m  -3.231   0.0013      Ca2Y  8542A  -1.185   0.1461            
 H FF     0   -0.411   0.8695      He 1 5.831m  -3.073   0.0019      Ca B 3.906m  -3.306   0.0011      Ca2Z  8662A  -1.607   0.0553            
 HeFF     0   -1.942   0.0256      He 1 7.380m  -3.224   0.0013      Ca B 19.06m  -2.760   0.0039      CaF1  7291A  -0.236   1.3016            
 MeFB     0   -2.663   0.0049      C  1  1101A  -2.382   0.0093      Ca B 11.31m  -2.888   0.0029      CaF2  7324A  -0.420   0.8512            
 MeFF     0   -3.171   0.0015      N  1 853.4A  -3.201   0.0014      Ca B 8.758m  -3.019   0.0021      Fe2c     0    0.225   3.7628            
 ToFF     0   -0.397   0.8966      Si 1  1521A  -3.163   0.0015      Ca B 7.506m  -3.139   0.0016      Fe 2  4300A  -0.183   1.4683            
 nFnu 122.4m  -1.987   0.0231      S  1  1197A  -3.097   0.0018      Ca B 6.770m  -3.245   0.0013      Fe 2  2400A  -0.116   1.7129            
 nInu 122.4m   0.385   5.4365      grains......................      Ca B 6.290m  -3.341   0.0010      Fe 2  6200A  -1.996   0.0226            
 nFnu 60.83m  -1.745   0.0403      H-like iso-sequence.........      Ca B 27.80m  -3.086   0.0018      Fe 2 1.150m  -2.599   0.0056            
 nInu 60.83m   0.338   4.8747      Clin 912.0A  -0.911   0.2747      Ca B 16.20m  -3.194   0.0014      Fe 2 25.98m  -2.417   0.0086            
 nFnu 41.22m  -1.595   0.0569      Cool  1216A  -1.123   0.1686      Ca B 12.38m  -3.308   0.0011      Fe 2 1.257m  -1.529   0.0662            
 nInu 41.22m   0.226   3.7641      Crst 960.0A  -1.320   0.1071      H  1     0   -2.159   0.0155      Fe 2 35.34m  -2.828   0.0033            
 nFnu 30.87m  -1.490   0.0724      Hrst     0   -3.299   0.0011      H  1  1216A   1.189  34.6035      Fe 2 1.321m  -2.107   0.0175            
 nInu 30.87m   0.123   2.9738      Ca B  1216A   1.175  33.4754      H  1  1026A  -1.675   0.0473      Fe 2 1.249m  -2.752   0.0040            
 nFnu 24.78m  -1.410   0.0871      Q(H)  4861A  -0.299   1.1260      H  1 972.5A  -1.796   0.0359      Fe 2  7638A  -1.965   0.0243            
 nInu 24.78m   0.044   2.4782      Q(H)  1216A   1.213  36.5885      H  1 949.7A  -1.879   0.0296      Fe 2 1.372m  -2.331   0.0105            
 nFnu 24.30m  -1.403   0.0884      CaBo  4861A  -0.346   1.0091      H  1 937.8A  -1.946   0.0254      Fe 2 1.294m  -2.084   0.0185            
 nInu 24.30m   0.037   2.4375      Ca A  1216A   1.058  25.5872      H  1 930.8A  -2.098   0.0179      Fe 2  7687A  -2.146   0.0160            
 nFnu 22.83m  -1.380   0.0934      Ca A  1026A   0.339   4.8834      H  1 926.2A  -2.214   0.0137      Fe 2 1.328m  -2.329   0.0105            
 nInu 22.83m   0.015   2.3193      Ca A 972.5A  -0.071   1.9006      H  1 923.2A  -2.261   0.0123      Fe 2 1.279m  -2.186   0.0146            
 nFnu 21.42m  -1.358   0.0982      Ca A 949.7A  -0.360   0.9783      H  1 921.0A  -2.277   0.0118      Fe 2 1.252m  -3.078   0.0019            
 nInu 21.42m  -0.008   2.1977      Ca A 937.8A  -0.569   0.6040      H  1  6563A   0.101   2.8254      Fe 2  7665A  -2.505   0.0070            
 nFnu 21.12m  -1.353   0.0994      Ca A 930.8A  -0.724   0.4230      H  1  4861A  -0.350   1.0000      Fe 2 1.298m  -2.550   0.0063            
 nInu 21.12m  -0.014   2.1705      Ca A 926.2A  -0.836   0.3266      H  1  4340A  -0.674   0.4744      Fe 2 1.270m  -2.366   0.0096            
 nFnu 19.62m  -1.325   0.1059      Ca A 923.2A  -0.918   0.2707      H  1  4102A  -0.897   0.2838      Fe 2  7874A  -3.004   0.0022            
 nInu 19.62m  -0.039   2.0457      Ca A 921.0A  -0.982   0.2334      H  1  3970A  -1.054   0.1976      Fe 2  7733A  -3.020   0.0021            
 nFnu 17.65m  -1.283   0.1166      Ca A 919.4A  -1.038   0.2053      H  1  3889A  -1.185   0.1462      Fe 2 17.93m  -2.010   0.0219            
 nInu 17.65m  -0.082   1.8528      Ca A 918.1A  -1.089   0.1824      H  1  3835A  -1.298   0.1127      Fe 2 1.644m  -1.602   0.0560            
 nFnu 17.37m  -1.278   0.1180      Ca A 917.2A  -1.138   0.1630      H  1  3798A  -1.380   0.0934      Fe 2 1.533m  -2.028   0.0210            
 nInu 17.37m  -0.088   1.8279      Ca A 916.4A  -1.185   0.1461      H  1 1.875m  -0.845   0.3197      Fe 2  8617A  -1.386   0.0920            
 nFnu 15.69m  -1.245   0.1274      Ca A 915.8A  -1.231   0.1316      H  1 1.282m  -1.142   0.1613      Fe 2 24.51m  -2.478   0.0074            
 nInu 15.69m  -0.127   1.6706      Ca A 915.3A  -1.274   0.1192      H  1 1.094m  -1.374   0.0946      Fe 2 1.809m  -2.305   0.0111            
 nFnu 14.60m  -1.216   0.1363      Ca A 914.9A  -1.314   0.1087      H  1 1.005m  -1.550   0.0631      Fe 2 1.677m  -2.168   0.0152            
 nInu 14.60m  -0.155   1.5685      Ca A 914.6A  -1.352   0.0997      H  1  9546A  -1.693   0.0454      Fe 2 1.599m  -2.125   0.0168            
 nFnu 12.43m  -1.154   0.1572      Ca A 914.3A  -1.388   0.0917      H  1  9229A  -1.811   0.0346      Fe 2  9052A  -2.044   0.0202            
 nInu 12.43m  -0.219   1.3520      Ca A 914.0A  -1.423   0.0845      H  1  9015A  -1.894   0.0286      Fe 2  8892A  -1.789   0.0364            
 nFnu 11.40m  -1.126   0.1674      Ca A 913.8A  -1.459   0.0779      H  1 4.051m  -1.496   0.0714      Fe 2 35.77m  -3.284   0.0012            
 nInu 11.40m  -0.252   1.2524      Ca A 913.6A  -1.494   0.0718      H  1 2.625m  -1.716   0.0430      Fe 2 1.800m  -2.340   0.0102            
 nFnu 10.46m  -1.089   0.1826      Ca A 913.5A  -1.529   0.0662      H  1 2.166m  -1.904   0.0279      Fe 2 1.711m  -2.707   0.0044            
 nInu 10.46m  -0.286   1.1601      Ca A 913.3A  -1.564   0.0611      H  1 1.945m  -2.056   0.0197      Fe 2 1.664m  -2.406   0.0088            
 nFnu 9.480m  -1.057   0.1962      Ca A  6563A  -0.087   1.8314      H  1 1.817m  -2.178   0.0149      Fe 2  9399A  -2.821   0.0034            
 nInu 9.480m  -0.324   1.0613      Ca A  4861A  -0.528   0.6643      H  1 1.736m  -2.262   0.0122      Fe 2  9227A  -2.045   0.0202            
 nFnu 9.325m  -1.053   0.1982      Ca A  4340A  -0.851   0.3155      H  1 7.458m  -2.025   0.0211      Fe 2  9033A  -2.254   0.0125            
 nInu 9.325m  -0.330   1.0473      Ca A  4102A  -1.103   0.1768      H  1 4.653m  -2.194   0.0143      Fe 2 1.797m  -2.480   0.0074            
 nFnu 8.210m  -0.999   0.2246      Ca A  3970A  -1.303   0.1115      H  1 3.740m  -2.345   0.0101      Fe 2 1.745m  -2.715   0.0043            
 nInu 8.210m  -0.380   0.9335      Ca A  3889A  -1.464   0.0770      H  1 3.296m  -2.467   0.0076      Fe 2  9471A  -2.611   0.0055            
 nFnu 7.580m  -0.975   0.2371      Ca A  3835A  -1.594   0.0570      H  1 3.038m  -2.551   0.0063      Fe 2  9268A  -2.148   0.0159            
 nInu 7.580m  -0.411   0.8700      Ca A  3798A  -1.702   0.0445      H  1 12.37m  -2.467   0.0076      Fe 2 22.90m  -3.253   0.0013            
 nFnu 7.050m  -0.934   0.2606      Ca A  3771A  -1.793   0.0361      H  1 7.500m  -2.593   0.0057      Fe 2 1.811m  -2.841   0.0032            
 nInu 7.050m  -0.437   0.8181      Ca A  3750A  -1.873   0.0300      H  1 5.907m  -2.709   0.0044      Fe 2 1.748m  -3.031   0.0021            
 nFnu 4.114m  -0.721   0.4253      Ca A  3734A  -1.944   0.0255      H  1 5.127m  -2.791   0.0036      Fe 2 1.813m  -3.275   0.0012            
 nInu 4.114m  -0.520   0.6760      Ca A  3722A  -2.008   0.0220      H  1 19.06m  -2.834   0.0033      Fe2b  7000A  -1.656   0.0494            
 nFnu 2.324m  -0.564   0.6104      Ca A  3712A  -2.065   0.0193      H  1 11.31m  -2.923   0.0027      Fe2b 10000A  -0.625   0.5311            
 nInu 2.324m  -0.255   1.2451      Ca A  3704A  -2.116   0.0171      H  1 8.758m  -2.998   0.0023      Fe2b  7445A  -1.656   0.0494            
 nFnu 1.643m  -0.434   0.8251      Ca A  3697A  -2.162   0.0154      H  1 27.80m  -3.139   0.0016      Fe2b  8625A  -1.043   0.2028            
 nInu 1.643m   0.004   2.2617      Ca A  3692A  -2.204   0.0140      H  1 16.20m  -3.186   0.0015      Fe2b 1.033m  -2.611   0.0055            
 nFnu 1.480m  -0.443   0.8069      Ca A  3687A  -2.243   0.0128      He-like iso-sequence........      Fe2b 1.889m  -1.692   0.0455            
 nInu 1.480m   0.067   2.6150      Ca A  3683A  -2.280   0.0117      Clin 506.0A  -0.910   0.2754      Fe 2  1786A  -2.076   0.0188            
 nFnu 1.436m  -0.187   1.4566      Ca A  3679A  -2.317   0.0108      Ca B  2945A  -2.525   0.0067      Fe3c     0   -2.150   0.0159            
 nInu 1.436m   0.174   3.3397      Ca A  3676A  -2.353   0.0099      Ca B  3188A  -2.200   0.0141      Fe 3  5271A  -2.874   0.0030            
 nFnu 1.119m  -0.233   1.3086      Ca A  3674A  -2.389   0.0091      Ca B  3614A  -3.099   0.0018      Fe 3  5012A  -3.156   0.0016            
 nInu 1.119m   0.351   5.0269      Ca A  3671A  -2.425   0.0084      Ca B  3889A  -1.778   0.0373      Fe 3  4659A  -2.708   0.0044            
 nFnu  8330A  -0.345   1.0109      Ca A 1.875m  -0.892   0.2873      Ca B  3965A  -2.789   0.0036      Fe 3  4702A  -3.014   0.0022            
 nInu  8330A   0.574   8.4015      Ca A 1.282m  -1.204   0.1400      Ca B  4026A  -2.458   0.0078      recombination...............            
 nFnu  8079A   0.210   3.6331      Ca A 1.094m  -1.462   0.0774      Ca B  4388A  -3.028   0.0021      O  1  1357A  -2.589   0.0058            
 nInu  8079A   0.695  11.0932      Ca A 1.005m  -1.674   0.0474      Ca B  4471A  -2.127   0.0167      C  1  1140A  -2.190   0.0145            
 nFnu  6210A   0.020   2.3470      Ca A  9546A  -1.853   0.0314      Ca B  4713A  -3.158   0.0016      C  2 799.8A  -2.784   0.0037            
 nInu  6210A   0.905  17.9999      Ca A  9229A  -2.004   0.0222      Ca B  4922A  -2.690   0.0046      N  1 980.7A  -2.860   0.0031            
 nFnu  4885A  -0.234   1.3069      Ca A  9015A  -2.132   0.0165      Ca B  5016A  -2.381   0.0093      O  1  7950A  -3.061   0.0019            
 nInu  4885A   1.130  30.2067      Ca A  8863A  -2.241   0.0129      Ca B  5876A  -1.658   0.0492      level2 lines................            
 nFnu  3704A  -0.606   0.5544      Ca A  8750A  -2.337   0.0103      Ca B  6678A  -2.207   0.0139      C  1 943.9A  -2.360   0.0098            
 nInu  3704A   1.359  51.1670      Ca A  8665A  -2.420   0.0085      Ca B  7065A  -2.327   0.0105      C  1  1248A  -2.459   0.0078            
 nFnu  3588A   0.919  18.5747      Ca A  8598A  -2.494   0.0072      Ca B  7281A  -2.956   0.0025      C  1  1561A  -2.753   0.0040            
 nInu  3588A   1.482  67.9497      Ca A  8545A  -2.559   0.0062      Ca B 1.083m  -0.709   0.4373      C  1  1315A  -2.574   0.0060            
 nFnu  2430A   0.024   2.3644      Ca A  8502A  -2.616   0.0054      Ca B 1.278m  -2.912   0.0027      C  1  1166A  -2.767   0.0038            
 nInu  2430A   1.763 129.6776      Ca A  8467A  -2.666   0.0048      Ca B 1.700m  -3.277   0.0012      C  1  1233A  -2.670   0.0048            
 nFnu  2392A  -0.016   2.1568      Ca A  8438A  -2.710   0.0044      Ca B 1.869m  -2.534   0.0066      C  1  1132A  -2.926   0.0027            
 nInu  2392A   1.776 133.5636      Ca A  8413A  -2.751   0.0040      Ca B 1.870m  -3.010   0.0022      C  1  1251A  -2.898   0.0028            
 nFnu  2071A  -0.362   0.9729      Ca A  8392A  -2.790   0.0036      Ca B 2.058m  -2.045   0.0202      C  1  1112A  -3.057   0.0020            
 nInu  2071A   1.888 173.2028      Ca A  8374A  -2.828   0.0033      He 1     0   -0.124   1.6826      C  1  1115A  -3.101   0.0018            
 nFnu  2053A  -0.381   0.9320      Ca A  8359A  -2.865   0.0031      He 1 584.3A  -1.536   0.0652      C  1  1162A  -3.212   0.0014            
 nInu  2053A   1.888 173.0885      Ca A  8346A  -2.901   0.0028      He 1 537.0A  -2.611   0.0055      C  1  1167A  -3.243   0.0013            
 nFnu  1793A  -0.520   0.6766      Ca A  8334A  -2.937   0.0026      He 1 522.2A  -2.834   0.0033      C  1  1104A  -3.136   0.0016            
 nInu  1793A   1.997 222.2014      Ca A 4.051m  -1.507   0.0697      He 1 515.6A  -2.877   0.0030      C  1  1109A  -3.180   0.0015            
 nFnu  1585A  -0.489   0.7262      Ca A 2.625m  -1.745   0.0403      He 1 512.1A  -2.862   0.0031      C  1  1098A  -3.306   0.0011            
 nInu  1585A   1.927 189.3197      Ca A 2.166m  -1.959   0.0246      He 1 625.6A  -2.772   0.0038      C  1  1132A  -3.350   0.0010            
 nFnu  1458A  -0.421   0.8496      Ca A 1.945m  -2.144   0.0161      TOTL 1.083m  -0.751   0.3976      C  2 892.8A  -2.547   0.0063            
 nInu  1458A   2.101 282.4175      Ca A 1.817m  -2.305   0.0111      He 1 1.083m  -0.751   0.3976      C  2 688.8A  -2.976   0.0024            
 nFnu  1357A  -0.366   0.9641      Ca A 1.736m  -2.445   0.0080      He 1 1.083m  -1.705   0.0442      C  2  1020A  -2.037   0.0206            
 nInu  1357A   2.181 340.0620      Ca A 1.681m  -2.565   0.0061      He 1 1.083m  -1.228   0.1325      C  2 596.6A  -2.897   0.0028            
 nFnu  1297A  -0.327   1.0543      Ca A 1.641m  -2.670   0.0048      He 1 1.083m  -1.006   0.2209      C  2 562.0A  -3.233   0.0013            
 nInu  1297A   2.197 352.4931      Ca A 1.611m  -2.762   0.0039      He 1  3889A  -1.820   0.0339      C  2 530.7A  -3.244   0.0013            
 nFnu  1263A  -0.295   1.1350      Ca A 1.588m  -2.842   0.0032      He 1  3188A  -2.243   0.0128      C  2 858.2A  -3.312   0.0011            
 nInu  1263A   2.190 347.2012      Ca A 1.570m  -2.912   0.0027      He 1  2945A  -2.569   0.0060      N  1 942.3A  -2.343   0.0102            
 nFnu  1218A   0.955  20.1962      Ca A 1.556m  -2.973   0.0024      He 1  2829A  -2.829   0.0033      N  1 952.1A  -2.338   0.0103            
 nInu  1218A   2.168 329.3208      Ca A 1.544m  -3.025   0.0021      He 1 2.058m  -2.435   0.0082      N  1  1131A  -2.510   0.0069            
 nFnu  1196A  -0.183   1.4701      Ca A 1.534m  -3.072   0.0019      He 1  5016A  -2.434   0.0082      N  2 532.2A  -3.258   0.0012            
 nInu  1196A   2.214 366.6177      Ca A 1.526m  -3.114   0.0017      He 1  3965A  -2.837   0.0033      N  2 634.4A  -3.184   0.0015            
 nFnu  1175A  -0.233   1.3107      Ca A 1.519m  -3.154   0.0016      He 1  3614A  -3.134   0.0016      N  2 907.1A  -2.951   0.0025            
 nInu  1175A   2.168 329.9044      Ca A 1.513m  -3.192   0.0014      He 1  3448A  -3.349   0.0010      O  1 867.3A  -2.856   0.0031            
 nFnu  1144A  -0.218   1.3560      Ca A 1.508m  -3.230   0.0013      He 1  7065A  -2.365   0.0097      O  1 976.8A  -2.282   0.0117            
 nInu  1144A   2.282 428.9292      Ca A 1.504m  -3.267   0.0012      He 1  5876A  -1.676   0.0473      O  1 767.7A  -3.172   0.0015            
 nFnu  1113A  -0.201   1.4088      Ca A 1.500m  -3.303   0.0011      He 1  4713A  -3.207   0.0014      O  1 969.0A  -2.186   0.0146            
 nInu  1113A   2.150 315.9553      Ca A 7.458m  -2.011   0.0218      He 1  4471A  -2.157   0.0156      O  1 946.4A  -2.333   0.0104            
 nFnu  1103A  -0.148   1.5914      Ca A 4.653m  -2.201   0.0141      He 1  4026A  -2.492   0.0072      O  1 934.5A  -2.317   0.0108            
 nInu  1103A   2.306 453.3510      Ca A 3.740m  -2.384   0.0092      He 1  3820A  -2.752   0.0040      O  1 973.6A  -2.426   0.0084            
 nFnu  1074A  -0.146   1.5992      Ca A 3.296m  -2.549   0.0063      He 1  7281A  -2.980   0.0023      O  1 927.5A  -2.433   0.0083            
 nInu  1074A   2.238 387.6449      Ca A 3.038m  -2.695   0.0045      He 1  6678A  -2.226   0.0133      O  1 948.5A  -2.554   0.0063            
 nFnu  1064A  -0.143   1.6093      Ca A 2.872m  -2.822   0.0034      He 1  4922A  -2.721   0.0043      O  1 923.0A  -2.558   0.0062            
 nInu  1064A   2.317 464.5637      Ca A 2.758m  -2.933   0.0026      He 1  4388A  -3.060   0.0019      O  1 919.9A  -2.660   0.0049            
 nFnu  1036A  -0.134   1.6450      Ca A 2.674m  -3.030   0.0021      He 1  4144A  -3.314   0.0011      O  1 935.7A  -2.630   0.0053            
 nInu  1036A   2.301 447.3780      Ca A 2.612m  -3.114   0.0017      He 1 1.700m  -3.308   0.0011      O  1 917.7A  -2.752   0.0040            
 nFnu  1000A  -0.116   1.7152      Ca A 2.564m  -3.188   0.0015      He 1 1.869m  -2.534   0.0065      O  1 918.7A  -2.836   0.0033            
 nInu  1000A   2.298 444.5945      Ca A 2.525m  -3.251   0.0013      He 1 1.278m  -2.934   0.0026      O  1 928.2A  -2.833   0.0033            
 nFnu 925.1A  -0.068   1.9162      Ca A 2.495m  -3.306   0.0011      He 1 1.091m  -3.230   0.0013      O  1 917.5A  -2.926   0.0027            
 nInu 925.1A   2.246 394.8934      Ca A 12.37m  -2.440   0.0081      He 1 1.870m  -3.013   0.0022      O  1 923.4A  -3.030   0.0021            
 nFnu 897.8A   1.138  30.7538      Ca A 7.500m  -2.597   0.0057      He 1 4.048m  -3.175   0.0015      O  1 920.2A  -3.183   0.0015            
 nFnu 760.0A  -0.263   1.2215      Ca A 5.907m  -2.758   0.0039      Pho+  3889A  -0.998   0.2251      O  1 918.0A  -3.311   0.0011            
 nFnu 701.5A  -0.802   0.3531      Ca A 5.127m  -2.905   0.0028      database lines..............      O  2 530.8A  -3.115   0.0017            
 nFnu 608.2A  -2.469   0.0076      Ca A 4.671m  -3.036   0.0021      level 1 lines...............      Al 2  1671A  -2.457   0.0078            
 nInu 608.2A  -2.332   0.0104      Ca A 4.375m  -3.150   0.0016      C  1  1656A  -2.190   0.0144      Si 2  1180A  -2.111   0.0173            
 nFnu 575.1A  -2.500   0.0071      Ca A 4.170m  -3.251   0.0013      REC   1656A  -2.593   0.0057      Si 2 993.4A  -2.400   0.0089            
 nInu 575.1A  -1.744   0.0403      Ca A 4.020m  -3.338   0.0010      C Ic  9850A  -2.736   0.0041      Si 2  1024A  -2.658   0.0049            
 nInu 511.9A  -1.047   0.2009      Ca A 19.06m  -2.813   0.0034      TOTL  9850A  -2.736   0.0041      S  2 750.3A  -3.049   0.0020            
 nFnu 496.9A   0.265   4.1195      Ca A 11.31m  -2.948   0.0025      C  1  8727A  -1.609   0.0551      S  2 888.4A  -3.146   0.0016            
 nInu 496.9A  -2.272   0.0120      Ca A 8.758m  -3.090   0.0018      TOTL  2326A  -1.019   0.2145      Ar 1  1096A  -2.647   0.0051            
 nInu 399.2A  -1.078   0.1873      Ca A 7.506m  -3.221   0.0013      C  2  2325A  -2.098   0.0179      Ar 1 922.5A  -3.023   0.0021            
 RRC.........................      Ca A 6.770m  -3.337   0.0010      C  2  2324A  -2.422   0.0085      Ar 1 918.5A  -3.071   0.0019            
 H  1 911.8A   0.108   2.8739      Ca A 27.80m  -3.145   0.0016      C  2  2329A  -2.079   0.0187      P  2 967.2A  -2.981   0.0023            
 H  1  3646A  -0.323   1.0637      Ca A 16.20m  -3.262   0.0012      C  2  2328A  -1.559   0.0618      P  2 963.8A  -2.704   0.0044            
 H  1  3646A   0.048   2.4999      Ca B  6563A   0.114   2.9083      C  2  2327A  -1.318   0.1077      Ti 2  3366A  -1.984   0.0233            
 H  1  8204A  -1.073   0.1892      Ca B  4861A  -0.339   1.0269      C  2  1335A  -2.053   0.0198      Ti 2  3238A  -2.253   0.0125            
 H  1  8204A  -0.652   0.4992      Ca B  4340A  -0.664   0.4856      REC   1335A  -2.977   0.0024      Cr 2  2060A  -2.835   0.0033            
 H  1  8204A  -0.716   0.4310      Ca B  4102A  -0.912   0.2742      C  3 977.0A  -2.655   0.0050      Mn 2  2590A  -1.933   0.0261            
 H  1 1.458m  -1.577   0.0592      Ca B  3970A  -1.108   0.1745      N  1 953.9A  -2.336   0.0103      Mn 2  1199A  -3.182   0.0015            
 H  1 1.458m  -1.148   0.1591      Ca B  3889A  -1.268   0.1208      N  1 954.1A  -2.845   0.0032      Ni 2  1752A  -3.087   0.0018            
 H  1 1.458m  -1.104   0.1764      Ca B  3835A  -1.400   0.0891      N  1  1200A  -2.165   0.0153      Ni 2  1744A  -2.979   0.0023            
 H  1 1.458m  -1.404   0.0883      Ca B  3798A  -1.513   0.0686      N  1  3466A  -2.565   0.0061      Ni 2  1473A  -3.178   0.0015            
 H  1 2.279m  -1.948   0.0252      Ca B  3771A  -1.612   0.0547      N  1  3468A  -3.246   0.0013      Ni 2  1400A  -3.330   0.0010            
 H  1 2.279m  -1.519   0.0678      Ca B  3750A  -1.701   0.0445      TOTL  3467A  -2.483   0.0074      Ni 2  1376A  -2.944   0.0025            
 H  1 2.279m  -1.441   0.0811      Ca B  3734A  -1.782   0.0370      N  1 1.040m  -2.067   0.0192      Ni 2  1324A  -2.933   0.0026            
 H  1 2.279m  -1.594   0.0571      Ca B  3722A  -1.856   0.0312      N  1 1.040m  -2.602   0.0056      hyperfine structure.........            
 H  1 2.279m  -2.054   0.0198      Ca B  3712A  -1.923   0.0267      N  1 1.041m  -2.416   0.0086      inner shell.................            
 H  1 3.281m  -2.237   0.0130      Ca B  3704A  -1.985   0.0232      N  1 1.041m  -2.418   0.0085      molecules...................            
 H  1 3.281m  -1.810   0.0347      Ca B  3697A  -2.042   0.0203      TOTL 1.040m  -1.727   0.0419      H-FB     0   -1.632   0.0523            
 H  1 3.281m  -1.719   0.0427      Ca B  3692A  -2.095   0.0180      N  2  6584A  -1.990   0.0229      H-FF     0   -1.814   0.0343            
 H  1 3.281m  -1.817   0.0342      Ca B  3687A  -2.145   0.0160      N  2  6548A  -2.460   0.0078      H-CT  6563A  -1.439   0.0814            
 H  1 3.281m  -2.102   0.0177      Ca B  3683A  -2.193   0.0143      N  2  5755A  -2.144   0.0161      H2+      0   -1.938   0.0258            
 H  1 3.281m  -2.673   0.0048      Ca B  3679A  -2.240   0.0129      N  2  2141A  -2.766   0.0038      HEH+     0   -3.329   0.0010            
 H  1 4.466m  -2.474   0.0075      Ca B  3676A  -2.285   0.0116      N  2  1085A  -2.208   0.0139            

                                                    Emergent line intensities
 general properties..........      Q(H)  1216A   1.213  36.5900      Ca B 2.872m  -2.725   0.0042      Mg 2  2803A  -0.441   0.8105            
 TOTL  4861A  -0.350   1.0000      Ca A  1216A   1.058  25.5849      Ca B 2.758m  -2.828   0.0033      totl  2665A  -1.675   0.0473            
 TOTL  1216A   1.189  34.6023      Ca A  1026A   0.337   4.8665      Ca B 2.674m  -2.919   0.0027      Al 2  2670A  -1.677   0.0471            
 continua....................      Ca A 972.5A  -0.073   1.8939      Ca B 2.612m  -3.001   0.0022      Si 2 34.81m  -2.894   0.0029            
 Bac   3646A   0.932  19.1428      Ca A 949.7A  -0.361   0.9749      Ca B 2.564m  -3.075   0.0019      TOTL  2335A  -1.554   0.0625            
 nFnu  3645A   0.946  19.7774      Ca A 937.8A  -0.571   0.6019      Ca B 2.525m  -3.141   0.0016      Si 2  2334A  -2.562   0.0061            
 nFnu  3647A  -0.548   0.6346      Ca A 930.8A  -0.725   0.4215      Ca B 2.495m  -3.201   0.0014      Si 2  2350A  -2.674   0.0047            
 cout  3646A   0.631   9.5714      Ca A 926.2A  -0.838   0.3255      Ca B 2.469m  -3.256   0.0012      Si 2  2344A  -2.030   0.0209            
 cref  3646A   0.631   9.5714      Ca A 923.2A  -0.919   0.2698      Ca B 2.448m  -3.308   0.0011      Si 2  2336A  -1.866   0.0305            
 thin  3646A   0.932  19.1429      Ca A 921.0A  -0.983   0.2326      Ca B 12.37m  -2.390   0.0091      Si 2  1814A  -2.129   0.0166            
 Inci  4860A   1.126  29.9173      Ca A 919.4A  -1.039   0.2046      Ca B 7.500m  -2.543   0.0064      Si 2  1531A  -2.498   0.0071            
 Inci  1215A   2.169 330.6458      Ca A 918.1A  -1.090   0.1818      Ca B 5.907m  -2.694   0.0045      Si 2  1308A  -2.426   0.0084            
 FIR  83.00m   0.560   8.1282      Ca A 917.2A  -1.139   0.1624      Ca B 5.127m  -2.829   0.0033      Si 2  1263A  -2.134   0.0164            
 TIR   1800m  -1.676   0.0472      Ca A 916.4A  -1.187   0.1456      Ca B 4.671m  -2.948   0.0025      P  2 1.640m  -2.800   0.0035            
 NIRa 2.850m   0.903  17.9073      Ca A 915.8A  -1.232   0.1311      Ca B 4.375m  -3.053   0.0020      P  2  4669A  -3.290   0.0011            
 NIRb 3.000m   0.464   6.5214      Ca A 915.3A  -1.275   0.1188      Ca B 4.170m  -3.147   0.0016      P  2 1.189m  -2.864   0.0031            
 MIRa 15.00m   0.081   2.6954      Ca A 914.9A  -1.315   0.1083      Ca B 4.020m  -3.231   0.0013      P  2 1.147m  -3.341   0.0010            
 MIRb 22.50m   0.272   4.1886      Ca A 914.6A  -1.353   0.0993      Ca B 3.906m  -3.306   0.0011      S  2  6720A  -2.325   0.0106            
 NMIR 21.75m   0.903  17.9073      Ca A 914.3A  -1.389   0.0914      Ca B 19.06m  -2.760   0.0039      S  2  4074A  -0.918   0.2706            
 TFIR 611.2m   0.048   2.5030      Ca A 914.0A  -1.425   0.0842      Ca B 11.31m  -2.888   0.0029      S  2 1.033m  -1.107   0.1752            
 TALL 10000A   2.263 410.5370      Ca A 913.8A  -1.460   0.0776      Ca B 8.758m  -3.019   0.0021      S II  6731A  -2.483   0.0074            
 F12  12.00m  -0.388   0.9159      Ca A 913.6A  -1.495   0.0716      Ca B 7.506m  -3.139   0.0016      S II  6716A  -2.841   0.0032            
 F25  25.00m  -0.280   1.1747      Ca A 913.5A  -1.530   0.0660      Ca B 6.770m  -3.245   0.0013      S II  4070A  -1.007   0.2204            
 F60  60.00m   0.162   3.2493      Ca A 913.3A  -1.566   0.0609      Ca B 6.290m  -3.341   0.0010      S II  4078A  -1.650   0.0502            
 F100 100.0m  -0.028   2.0975      Ca A  6563A  -0.087   1.8314      Ca B 27.80m  -3.086   0.0018      S II 1.032m  -1.498   0.0711            
 MIPS 24.00m  -0.588   0.5776      Ca A  4861A  -0.528   0.6643      Ca B 16.20m  -3.194   0.0014      S II 1.029m  -1.633   0.0521            
 MIPS 70.00m  -0.196   1.4259      Ca A  4340A  -0.851   0.3155      Ca B 12.38m  -3.308   0.0011      S II 1.037m  -2.109   0.0174            
 MIPS 160.0m  -0.424   0.8444      Ca A  4102A  -1.103   0.1768      H  1  1216A   1.189  34.6023      S II 1.034m  -1.812   0.0345            
 IRAC 3.600m  -0.880   0.2950      Ca A  3970A  -1.303   0.1115      H  1  1026A  -1.675   0.0473      S  2  1256A  -2.730   0.0042            
 IRAC 4.500m  -0.831   0.3304      Ca A  3889A  -1.464   0.0770      H  1 972.5A  -1.796   0.0359      S  3  9532A  -2.489   0.0073            
 IRAC 5.800m  -0.936   0.2596      Ca A  3835A  -1.594   0.0570      H  1 949.7A  -1.879   0.0296      S  3  9069A  -2.884   0.0029            
 IRAC 8.000m  -0.664   0.4853      Ca A  3798A  -1.702   0.0445      H  1 937.8A  -1.946   0.0254      Cl 2 14.40m  -3.327   0.0011            
 SPR1 250.0m  -0.842   0.3220      Ca A  3771A  -1.793   0.0361      H  1 930.8A  -2.098   0.0179      Cl 2  8579A  -2.040   0.0204            
 SPR2 350.0m  -1.272   0.1197      Ca A  3750A  -1.873   0.0300      H  1 926.2A  -2.214   0.0137      Cl 2  9124A  -2.618   0.0054            
 SPR3 500.0m  -1.647   0.0505      Ca A  3734A  -1.944   0.0255      H  1 923.2A  -2.261   0.0123      Ar 2 6.980m  -1.761   0.0388            
 PAC1 70.00m  -0.134   1.6447      Ca A  3722A  -2.008   0.0220      H  1 921.0A  -2.277   0.0118      Ar 3  7135A  -2.304   0.0111            
 PAC2 100.0m  -0.023   2.1215      Ca A  3712A  -2.065   0.0193      H  1  6563A   0.101   2.8254      Ar 3  7751A  -2.922   0.0027            
 PAC3 160.0m  -0.166   1.5265      Ca A  3704A  -2.116   0.0171      H  1  4861A  -0.350   1.0000      Ar 3 9.000m  -3.078   0.0019            
 PAH  3.300m  -1.668   0.0481      Ca A  3697A  -2.162   0.0154      H  1  4340A  -0.674   0.4744      Ca 1  4228A  -2.116   0.0171            
 PAHC 3.230m  -1.994   0.0227      Ca A  3692A  -2.204   0.0140      H  1  4102A  -0.897   0.2838      Ca 2  3933A  -0.279   1.1777            
 PAHC 3.370m  -2.083   0.0185      Ca A  3687A  -2.243   0.0128      H  1  3970A  -1.054   0.1976      Ca 2  8579A  -1.011   0.2185            
 PAH  6.200m  -1.403   0.0886      Ca A  3683A  -2.280   0.0117      H  1  3889A  -1.185   0.1462      Ca 2  7306A  -0.017   2.1529            
 PAHC 5.650m  -1.396   0.0899      Ca A  3679A  -2.317   0.0108      H  1  3835A  -1.298   0.1127      Ca2K  3934A  -0.480   0.7411            
 PAH  7.900m  -1.106   0.1753      Ca A  3676A  -2.353   0.0099      H  1  3798A  -1.380   0.0934      Ca2H  3969A  -0.710   0.4366            
 PAHC 6.900m  -1.055   0.1971      Ca A  3674A  -2.389   0.0091      H  1 1.875m  -0.845   0.3197      Ca2X  8498A  -2.118   0.0170            
 PAH  11.30m  -1.625   0.0531      Ca A  3671A  -2.425   0.0084      H  1 1.282m  -1.142   0.1613      Ca2Y  8542A  -1.185   0.1461            
 PAHC 10.90m  -1.641   0.0512      Ca A 1.875m  -0.892   0.2873      H  1 1.094m  -1.374   0.0945      Ca2Z  8662A  -1.607   0.0553            
 PAH  11.80m  -1.414   0.0863      Ca A 1.282m  -1.204   0.1400      H  1 1.005m  -1.550   0.0631      CaF1  7291A  -0.236   1.3016            
 PAHC 12.65m  -1.108   0.1745      Ca A 1.094m  -1.462   0.0773      H  1  9546A  -1.693   0.0454      CaF2  7324A  -0.420   0.8512            
 PAH  13.30m  -1.369   0.0958      Ca A 1.005m  -1.674   0.0474      H  1  9229A  -1.811   0.0346      Fe 2  4300A  -0.183   1.4684            
 PAHC 14.10m  -1.367   0.0961      Ca A  9546A  -1.853   0.0314      H  1  9015A  -1.894   0.0286      Fe 2  2400A  -0.116   1.7130            
 Bcon  3640A   2.197 352.6415      Ca A  9229A  -2.004   0.0222      H  1 4.051m  -1.496   0.0714      Fe 2  6200A  -1.996   0.0226            
 Pcon  5000A   1.176  33.6036      Ca A  9015A  -2.132   0.0165      H  1 2.625m  -1.716   0.0430      Fe 2 1.150m  -2.599   0.0056            
 nFnu 122.4m  -1.987   0.0231      Ca A  8863A  -2.241   0.0129      H  1 2.166m  -1.904   0.0279      Fe 2 25.98m  -2.417   0.0086            
 nInu 122.4m   0.385   5.4367      Ca A  8750A  -2.337   0.0103      H  1 1.945m  -2.056   0.0197      Fe 2 1.257m  -1.529   0.0662            
 nFnu 60.83m  -1.745   0.0403      Ca A  8665A  -2.420   0.0085      H  1 1.817m  -2.178   0.0149      Fe 2 35.34m  -2.828   0.0033            
 nInu 60.83m   0.338   4.8749      Ca A  8598A  -2.494   0.0072      H  1 1.736m  -2.262   0.0122      Fe 2 1.321m  -2.107   0.0175            
 nFnu 41.22m  -1.595   0.0569      Ca A  8545A  -2.559   0.0062      H  1 7.458m  -2.025   0.0211      Fe 2 1.249m  -2.752   0.0040            
 nInu 41.22m   0.226   3.7642      Ca A  8502A  -2.616   0.0054      H  1 4.653m  -2.194   0.0143      Fe 2  7638A  -1.965   0.0243            
 nFnu 30.87m  -1.490   0.0724      Ca A  8467A  -2.666   0.0048      H  1 3.740m  -2.345   0.0101      Fe 2 1.372m  -2.331   0.0105            
 nInu 30.87m   0.123   2.9740      Ca A  8438A  -2.710   0.0044      H  1 3.296m  -2.467   0.0076      Fe 2 1.294m  -2.084   0.0185            
 nFnu 24.78m  -1.410   0.0871      Ca A  8413A  -2.751   0.0040      H  1 3.038m  -2.551   0.0063      Fe 2  7687A  -2.146   0.0160            
 nInu 24.78m   0.044   2.4783      Ca A  8392A  -2.790   0.0036      H  1 12.37m  -2.467   0.0076      Fe 2 1.328m  -2.329   0.0105            
 nFnu 24.30m  -1.403   0.0884      Ca A  8374A  -2.828   0.0033      H  1 7.500m  -2.593   0.0057      Fe 2 1.279m  -2.186   0.0146            
 nInu 24.30m   0.037   2.4376      Ca A  8359A  -2.865   0.0031      H  1 5.907m  -2.709   0.0044      Fe 2 1.252m  -3.078   0.0019            
 nFnu 22.83m  -1.380   0.0934      Ca A  8346A  -2.901   0.0028      H  1 5.127m  -2.791   0.0036      Fe 2  7665A  -2.505   0.0070            
 nInu 22.83m   0.015   2.3194      Ca A  8334A  -2.937   0.0026      H  1 19.06m  -2.834   0.0033      Fe 2 1.298m  -2.550   0.0063            
 nFnu 21.42m  -1.358   0.0982      Ca A 4.051m  -1.507   0.0697      H  1 11.31m  -2.923   0.0027      Fe 2 1.270m  -2.366   0.0096            
 nInu 21.42m  -0.008   2.1977      Ca A 2.625m  -1.745   0.0403      H  1 8.758m  -2.998   0.0023      Fe 2  7874A  -3.004   0.0022            
 nFnu 21.12m  -1.353   0.0994      Ca A 2.166m  -1.959   0.0246      H  1 27.80m  -3.139   0.0016      Fe 2  7733A  -3.020   0.0021            
 nInu 21.12m  -0.014   2.1706      Ca A 1.945m  -2.144   0.0161      H  1 16.20m  -3.186   0.0015      Fe 2 17.93m  -2.010   0.0219            
 nFnu 19.62m  -1.325   0.1059      Ca A 1.817m  -2.305   0.0111      He-like iso-sequence........      Fe 2 1.644m  -1.602   0.0560            
 nInu 19.62m  -0.039   2.0457      Ca A 1.736m  -2.445   0.0080      Clin 506.0A  -0.910   0.2754      Fe 2 1.533m  -2.028   0.0210            
 nFnu 17.65m  -1.283   0.1166      Ca A 1.681m  -2.565   0.0061      Ca B  2945A  -2.525   0.0067      Fe 2  8617A  -1.386   0.0920            
 nInu 17.65m  -0.082   1.8529      Ca A 1.641m  -2.670   0.0048      Ca B  3188A  -2.200   0.0141      Fe 2 24.51m  -2.478   0.0074            
 nFnu 17.37m  -1.278   0.1180      Ca A 1.611m  -2.762   0.0039      Ca B  3614A  -3.099   0.0018      Fe 2 1.809m  -2.305   0.0111            
 nInu 17.37m  -0.088   1.8280      Ca A 1.588m  -2.842   0.0032      Ca B  3889A  -1.778   0.0373      Fe 2 1.677m  -2.168   0.0152            
 nFnu 15.69m  -1.245   0.1274      Ca A 1.570m  -2.912   0.0027      Ca B  3965A  -2.789   0.0036      Fe 2 1.599m  -2.125   0.0168            
 nInu 15.69m  -0.127   1.6706      Ca A 1.556m  -2.973   0.0024      Ca B  4026A  -2.458   0.0078      Fe 2  9052A  -2.045   0.0202            
 nFnu 14.60m  -1.216   0.1363      Ca A 1.544m  -3.025   0.0021      Ca B  4388A  -3.028   0.0021      Fe 2  8892A  -1.789   0.0364            
 nInu 14.60m  -0.155   1.5686      Ca A 1.534m  -3.072   0.0019      Ca B  4471A  -2.127   0.0167      Fe 2 35.77m  -3.284   0.0012            
 nFnu 12.43m  -1.154   0.1572      Ca A 1.526m  -3.114   0.0017      Ca B  4713A  -3.158   0.0016      Fe 2 1.800m  -2.340   0.0102            
 nInu 12.43m  -0.219   1.3521      Ca A 1.519m  -3.154   0.0016      Ca B  4922A  -2.690   0.0046      Fe 2 1.711m  -2.707   0.0044            
 nFnu 11.40m  -1.126   0.1674      Ca A 1.513m  -3.192   0.0014      Ca B  5016A  -2.381   0.0093      Fe 2 1.664m  -2.406   0.0088            
 nInu 11.40m  -0.252   1.2525      Ca A 1.508m  -3.230   0.0013      Ca B  5876A  -1.658   0.0492      Fe 2  9399A  -2.821   0.0034            
 nFnu 10.46m  -1.089   0.1826      Ca A 1.504m  -3.267   0.0012      Ca B  6678A  -2.207   0.0139      Fe 2  9227A  -2.045   0.0202            
 nInu 10.46m  -0.286   1.1602      Ca A 1.500m  -3.303   0.0011      Ca B  7065A  -2.327   0.0105      Fe 2  9033A  -2.254   0.0125            
 nFnu 9.480m  -1.057   0.1962      Ca A 7.458m  -2.011   0.0218      Ca B  7281A  -2.956   0.0025      Fe 2 1.797m  -2.480   0.0074            
 nInu 9.480m  -0.324   1.0613      Ca A 4.653m  -2.201   0.0141      Ca B 1.083m  -0.709   0.4373      Fe 2 1.745m  -2.715   0.0043            
 nFnu 9.325m  -1.053   0.1982      Ca A 3.740m  -2.384   0.0092      Ca B 1.278m  -2.912   0.0027      Fe 2  9471A  -2.611   0.0055            
 nInu 9.325m  -0.330   1.0474      Ca A 3.296m  -2.549   0.0063      Ca B 1.700m  -3.277   0.0012      Fe 2  9268A  -2.148   0.0159            
 nFnu 8.210m  -0.999   0.2246      Ca A 3.038m  -2.695   0.0045      Ca B 1.869m  -2.534   0.0066      Fe 2 22.90m  -3.253   0.0013            
 nInu 8.210m  -0.380   0.9336      Ca A 2.872m  -2.822   0.0034      Ca B 1.870m  -3.010   0.0022      Fe 2 1.811m  -2.841   0.0032            
 nFnu 7.580m  -0.975   0.2371      Ca A 2.758m  -2.933   0.0026      Ca B 2.058m  -2.045   0.0202      Fe 2 1.748m  -3.031   0.0021            
 nInu 7.580m  -0.411   0.8701      Ca A 2.674m  -3.030   0.0021      He 1 584.3A  -1.741   0.0407      Fe 2 1.813m  -3.275   0.0012            
 nFnu 7.050m  -0.934   0.2606      Ca A 2.612m  -3.114   0.0017      He 1 537.0A  -2.655   0.0050      Fe2b  7000A  -1.656   0.0494            
 nInu 7.050m  -0.437   0.8181      Ca A 2.564m  -3.188   0.0015      He 1 522.2A  -2.889   0.0029      Fe2b 10000A  -0.625   0.5312            
 nFnu 4.114m  -0.721   0.4253      Ca A 2.525m  -3.251   0.0013      He 1 515.6A  -2.936   0.0026      Fe2b  7445A  -1.656   0.0494            
 nInu 4.114m  -0.520   0.6760      Ca A 2.495m  -3.306   0.0011      He 1 512.1A  -2.927   0.0026      Fe2b  8625A  -1.043   0.2028            
 nFnu 2.324m  -0.564   0.6104      Ca A 12.37m  -2.440   0.0081      TOTL 1.083m  -0.751   0.3976      Fe2b 1.033m  -2.611   0.0055            
 nInu 2.324m  -0.255   1.2451      Ca A 7.500m  -2.597   0.0057      He 1 1.083m  -0.751   0.3976      Fe2b 1.889m  -1.692   0.0455            
 nFnu 1.643m  -0.434   0.8251      Ca A 5.907m  -2.758   0.0039      He 1 1.083m  -1.705   0.0442      Fe 2  1786A  -2.076   0.0188            
 nInu 1.643m   0.004   2.2618      Ca A 5.127m  -2.905   0.0028      He 1 1.083m  -1.228   0.1325      Fe 3  5271A  -2.874   0.0030            
 nFnu 1.480m  -0.443   0.8070      Ca A 4.671m  -3.036   0.0021      He 1 1.083m  -1.006   0.2209      Fe 3  5012A  -3.156   0.0016            
 nInu 1.480m   0.067   2.6151      Ca A 4.375m  -3.150   0.0016      He 1  3889A  -1.820   0.0339      Fe 3  4659A  -2.708   0.0044            
 nFnu 1.436m  -0.187   1.4566      Ca A 4.170m  -3.251   0.0013      He 1  3188A  -2.243   0.0128      Fe 3  4702A  -3.014   0.0022            
 nInu 1.436m   0.174   3.3399      Ca A 4.020m  -3.338   0.0010      He 1  2945A  -2.569   0.0060      recombination...............            
 nFnu 1.119m  -0.233   1.3087      Ca A 19.06m  -2.813   0.0034      He 1  2829A  -2.829   0.0033      O  1  1357A  -2.589   0.0058            
 nInu 1.119m   0.351   5.0271      Ca A 11.31m  -2.948   0.0025      He 1 2.058m  -2.435   0.0082      C  1  1140A  -2.190   0.0145            
 nFnu  8330A  -0.345   1.0109      Ca A 8.758m  -3.090   0.0018      He 1  5016A  -2.434   0.0082      N  1 980.7A  -2.861   0.0031            
 nInu  8330A   0.574   8.4018      Ca A 7.506m  -3.221   0.0013      He 1  3965A  -2.838   0.0033      O  1  7950A  -3.061   0.0019            
 nFnu  8079A   0.210   3.6332      Ca A 6.770m  -3.337   0.0010      He 1  3614A  -3.134   0.0016      level2 lines................            
 nInu  8079A   0.695  11.0936      Ca A 27.80m  -3.145   0.0016      He 1  3448A  -3.349   0.0010      C  1 943.9A  -2.361   0.0097            
 nFnu  6210A   0.020   2.3471      Ca A 16.20m  -3.262   0.0012      He 1  7065A  -2.365   0.0097      C  1  1248A  -2.459   0.0078            
 nInu  6210A   0.905  18.0006      Ca B  6563A   0.114   2.9082      He 1  5876A  -1.676   0.0473      C  1  1561A  -2.753   0.0040            
 nFnu  4885A  -0.234   1.3069      Ca B  4861A  -0.339   1.0269      He 1  4713A  -3.207   0.0014      C  1  1315A  -2.574   0.0060            
 nInu  4885A   1.130  30.2079      Ca B  4340A  -0.664   0.4856      He 1  4471A  -2.157   0.0156      C  1  1166A  -2.767   0.0038            
 nFnu  3704A  -0.606   0.5545      Ca B  4102A  -0.912   0.2742      He 1  4026A  -2.492   0.0072      C  1  1233A  -2.670   0.0048            
 nInu  3704A   1.359  51.1691      Ca B  3970A  -1.108   0.1745      He 1  3820A  -2.752   0.0040      C  1  1132A  -2.926   0.0027            
 nFnu  3588A   0.919  18.5754      Ca B  3889A  -1.268   0.1208      He 1  7281A  -2.980   0.0023      C  1  1251A  -2.898   0.0028            
 nInu  3588A   1.482  67.9524      Ca B  3835A  -1.400   0.0891      He 1  6678A  -2.226   0.0133      C  1  1112A  -3.057   0.0020            
 nFnu  2430A   0.024   2.3645      Ca B  3798A  -1.513   0.0686      He 1  4922A  -2.721   0.0043      C  1  1115A  -3.102   0.0018            
 nInu  2430A   1.763 129.6828      Ca B  3771A  -1.612   0.0547      He 1  4388A  -3.060   0.0019      C  1  1162A  -3.212   0.0014            
 nFnu  2392A  -0.016   2.1569      Ca B  3750A  -1.701   0.0445      He 1  4144A  -3.314   0.0011      C  1  1167A  -3.243   0.0013            
 nInu  2392A   1.776 133.5689      Ca B  3734A  -1.782   0.0370      He 1 1.700m  -3.308   0.0011      C  1  1104A  -3.137   0.0016            
 nFnu  2071A  -0.362   0.9729      Ca B  3722A  -1.856   0.0312      He 1 1.869m  -2.534   0.0065      C  1  1109A  -3.180   0.0015            
 nInu  2071A   1.888 173.2097      Ca B  3712A  -1.923   0.0267      He 1 1.278m  -2.934   0.0026      C  1  1098A  -3.307   0.0011            
 nFnu  2053A  -0.381   0.9320      Ca B  3704A  -1.985   0.0232      He 1 1.091m  -3.230   0.0013      C  1  1132A  -3.350   0.0010            
 nInu  2053A   1.888 173.0953      Ca B  3697A  -2.042   0.0203      He 1 1.870m  -3.013   0.0022      C  2 892.8A  -2.790   0.0036            
 nFnu  1793A  -0.520   0.6766      Ca B  3692A  -2.095   0.0180      He 1 4.048m  -3.175   0.0015      C  2 688.8A  -3.161   0.0015            
 nInu  1793A   1.997 222.2102      Ca B  3687A  -2.145   0.0160      Pho+  3889A  -0.998   0.2251      C  2  1020A  -2.038   0.0205            
 nFnu  1585A  -0.489   0.7262      Ca B  3683A  -2.193   0.0143      database lines..............      C  2 596.6A  -3.126   0.0017            
 nInu  1585A   1.927 189.3272      Ca B  3679A  -2.240   0.0129      level 1 lines...............      N  1 942.3A  -2.344   0.0101            
 nFnu  1458A  -0.421   0.8496      Ca B  3676A  -2.285   0.0116      C  1  1656A  -2.190   0.0144      N  1 952.1A  -2.340   0.0102            
 nInu  1458A   2.101 282.4287      Ca B  3674A  -2.329   0.0105      REC   1656A  -2.593   0.0057      N  1  1131A  -2.510   0.0069            
 nFnu  1357A  -0.366   0.9642      Ca B  3671A  -2.372   0.0095      C Ic  9850A  -2.736   0.0041      O  1 867.3A  -3.222   0.0013            
 nInu  1357A   2.181 340.0754      Ca B 1.875m  -0.819   0.3394      TOTL  9850A  -2.736   0.0041      O  1 976.8A  -2.283   0.0117            
 nFnu  1297A  -0.327   1.0543      Ca B 1.282m  -1.125   0.1679      C  1  8727A  -1.609   0.0551      O  1 969.0A  -2.187   0.0146            
 nInu  1297A   2.197 352.5070      Ca B 1.094m  -1.375   0.0943      TOTL  2326A  -1.019   0.2145      O  1 946.4A  -2.334   0.0104            
 nFnu  1263A  -0.295   1.1350      Ca B 1.005m  -1.578   0.0591      C  2  2325A  -2.098   0.0179      O  1 934.5A  -2.318   0.0108            
 nInu  1263A   2.190 347.2150      Ca B  9546A  -1.745   0.0403      C  2  2324A  -2.422   0.0085      O  1 973.6A  -2.427   0.0084            
 nFnu  1218A   0.955  20.1970      Ca B  9229A  -1.884   0.0292      C  2  2329A  -2.079   0.0187      O  1 927.5A  -2.434   0.0082            
 nInu  1218A   2.168 329.3339      Ca B  9015A  -2.004   0.0222      C  2  2328A  -1.559   0.0618      O  1 948.5A  -2.555   0.0062            
 nFnu  1196A  -0.183   1.4701      Ca B  8863A  -2.108   0.0175      C  2  2327A  -1.318   0.1077      O  1 923.0A  -2.559   0.0062            
 nInu  1196A   2.214 366.6323      Ca B  8750A  -2.201   0.0141      C  2  1335A  -2.053   0.0198      O  1 919.9A  -2.662   0.0049            
 nFnu  1175A  -0.233   1.3107      Ca B  8665A  -2.285   0.0116      REC   1335A  -2.977   0.0024      O  1 935.7A  -2.631   0.0052            
 nInu  1175A   2.168 329.9175      Ca B  8598A  -2.362   0.0097      C  3 977.0A  -2.656   0.0049      O  1 917.7A  -2.754   0.0039            
 nFnu  1144A  -0.218   1.3560      Ca B  8545A  -2.431   0.0083      N  1 953.9A  -2.337   0.0103      O  1 918.7A  -2.838   0.0033            
 nInu  1144A   2.282 428.9462      Ca B  8502A  -2.495   0.0072      N  1 954.1A  -2.847   0.0032      O  1 928.2A  -2.835   0.0033            
 nFnu  1113A  -0.201   1.4088      Ca B  8467A  -2.553   0.0063      N  1  1200A  -2.165   0.0153      O  1 917.5A  -2.927   0.0026            
 nInu  1113A   2.150 315.9678      Ca B  8438A  -2.607   0.0055      N  1  3466A  -2.565   0.0061      O  1 923.4A  -3.032   0.0021            
 nFnu  1103A  -0.148   1.5915      Ca B  8413A  -2.657   0.0049      N  1  3468A  -3.246   0.0013      O  1 920.2A  -3.185   0.0015            
 nInu  1103A   2.306 453.3690      Ca B  8392A  -2.706   0.0044      TOTL  3467A  -2.483   0.0074      O  1 918.0A  -3.312   0.0011            
 nFnu  1074A  -0.146   1.5993      Ca B  8374A  -2.753   0.0040      N  1 1.040m  -2.067   0.0192      O  2 530.8A  -3.329   0.0010            
 nInu  1074A   2.238 387.6602      Ca B  8359A  -2.798   0.0036      N  1 1.040m  -2.602   0.0056      Al 2  1671A  -2.457   0.0078            
 nFnu  1064A  -0.143   1.6094      Ca B  8346A  -2.842   0.0032      N  1 1.041m  -2.416   0.0086      Si 2  1180A  -2.111   0.0173            
 nInu  1064A   2.317 464.5821      Ca B  8334A  -2.885   0.0029      N  1 1.041m  -2.418   0.0085      Si 2 993.4A  -2.401   0.0089            
 nFnu  1036A  -0.134   1.6451      Ca B 4.051m  -1.455   0.0786      TOTL 1.040m  -1.727   0.0419      Si 2  1024A  -2.660   0.0049            
 nInu  1036A   2.301 447.3957      Ca B 2.625m  -1.689   0.0459      N  2  6584A  -1.990   0.0229      S  2 750.3A  -3.298   0.0011            
 nFnu  1000A  -0.116   1.7153      Ca B 2.166m  -1.895   0.0285      N  2  6548A  -2.460   0.0078      Ar 1  1096A  -2.648   0.0050            
 nInu  1000A   2.298 444.6121      Ca B 1.945m  -2.069   0.0191      N  2  5755A  -2.144   0.0161      Ar 1 922.5A  -3.025   0.0021            
 nFnu 925.1A  -0.068   1.9163      Ca B 1.817m  -2.217   0.0136      N  2  2141A  -2.766   0.0038      Ar 1 918.5A  -3.072   0.0019            
 nInu 925.1A   2.246 394.9090      Ca B 1.736m  -2.344   0.0101      N  2  1085A  -2.209   0.0138      P  2 967.2A  -2.983   0.0023            
 nFnu 897.8A   1.138  30.7550      Ca B 1.681m  -2.455   0.0078      O  1  6300A  -0.699   0.4477      P  2 963.8A  -2.705   0.0044            
 nFnu 760.0A  -0.263   1.2216      Ca B 1.641m  -2.554   0.0063      O  1  6363A  -1.195   0.1428      Ti 2  3366A  -1.984   0.0233            
 nFnu 701.5A  -0.802   0.3531      Ca B 1.611m  -2.642   0.0051      O  1  5577A  -2.107   0.0175      Ti 2  3238A  -2.253   0.0125            
 nFnu 608.2A  -2.469   0.0076      Ca B 1.588m  -2.721   0.0043      O  1 63.17m  -2.722   0.0042      Cr 2  2060A  -2.835   0.0033            
 nInu 608.2A  -2.332   0.0104      Ca B 1.570m  -2.793   0.0036      TOTL  3727A  -2.846   0.0032      Mn 2  2590A  -1.933   0.0261            
 nFnu 575.1A  -2.500   0.0071      Ca B 1.556m  -2.858   0.0031      TOTL  7325A  -1.679   0.0469      Mn 2  1199A  -3.182   0.0015            
 nInu 575.1A  -1.744   0.0403      Ca B 1.544m  -2.917   0.0027      IONZ  7325A  -3.306   0.0011      Ni 2  1752A  -3.087   0.0018            
 nInu 511.9A  -1.047   0.2009      Ca B 1.534m  -2.972   0.0024      O II  3726A  -2.989   0.0023      Ni 2  1744A  -2.979   0.0023            
 nFnu 496.9A   0.265   4.1197      Ca B 1.526m  -3.023   0.0021      O II  2471A  -1.775   0.0376      Ni 2  1473A  -3.179   0.0015            
 nInu 496.9A  -2.272   0.0120      Ca B 1.519m  -3.072   0.0019      O II  7323A  -1.930   0.0263      Ni 2  1400A  -3.330   0.0010            
 nInu 399.2A  -1.078   0.1873      Ca B 1.513m  -3.119   0.0017      O II  7332A  -2.036   0.0206      Ni 2  1376A  -2.944   0.0025            
 RRC.........................      Ca B 1.508m  -3.164   0.0015      O  2 833.8A  -3.137   0.0016      Ni 2  1324A  -2.933   0.0026            
 grains......................      Ca B 1.504m  -3.209   0.0014      Ne 2 12.81m  -1.451   0.0793      hyperfine structure.........            
 H-like iso-sequence.........      Ca B 1.500m  -3.252   0.0013      Na 1  5892A  -2.167   0.0152      inner shell.................            
 Clin 912.0A  -0.911   0.2747      Ca B 7.458m  -1.962   0.0244      Mg 1  4561A  -3.168   0.0015      molecules...................            
 Cool  1216A  -1.123   0.1686      Ca B 4.653m  -2.149   0.0159      Mg 1  2853A  -2.196   0.0142      H-CT  6563A  -1.439   0.0815            
 Crst 960.0A  -1.320   0.1071      Ca B 3.740m  -2.324   0.0106      Mg 1  2026A  -3.243   0.0013            
 Ca B  1216A   1.175  33.4767      Ca B 3.296m  -2.477   0.0075      TOTL  2798A   0.031   2.4022            
 Q(H)  4861A  -0.299   1.1261      Ca B 3.038m  -2.609   0.0055      Mg 2  2796A  -0.148   1.5917            



                                                                           
 Cooling:  HFBc     0 :0.108 HFFc     0 :0.062 CaF1  7291A:0.087 CaF2  7324A:0.057 Fe2c     0 :0.253  
 Heating:  BFH1     0 :0.943  

 These are some of the most important databases used by Cloudy:
 Many recombination coefficients were taken from http://amdpp.phys.strath.ac.uk/tamoc/RR/ and http://amdpp.phys.strath.ac.uk/tamoc/DR/
      and are based on the following papers:
        Badnell N. R., et al., A&A 406, 1151 (2003) [http://adsabs.harvard.edu/abs/2003A%26A...406.1151B]
        Badnell N. R., ApJS 167, 334 (2006) [http://adsabs.harvard.edu/abs/2006ApJS..167..334B]
 Much of the molecular emission data is from LAMDA as accessed on Dec. 18, 2010. This database is described in:
        Schoeier F.L., et al., A&A 432, 369 (2005) [http://adsabs.harvard.edu/abs/2005A%26A...432..369S]
      This database is in part based on the work of the following groups:
        JPL: Pickett H. M. et al., JQSRT, 60, 883 (1998). [http://adsabs.harvard.edu/abs/1998JQSRT..60..883P]
        CDMS: Mueller H. S. et al., A&A 370, L49 (2001). [http://adsabs.harvard.edu/abs/2001A%26A...370L..49M]
              Mueller H. S. et al., J. Mol. Struct. 742, 215 (2005). [http://adsabs.harvard.edu/abs/2005JMoSt.742..215M]
 Much of the ionic emission data is from version 7.0 of CHIANTI. CHIANTI is a collaborative project involving the NRL (USA), the
      Universities of Florence (Italy) and Cambridge (UK), and George Mason University (USA). These papers describe Chianti:
        Dere K. P., et al., A&AS, 125, 149 (1997) [http://adsabs.harvard.edu/abs/1997A%26AS..125..149D]
        Landi E., et al., ApJ, 744, 99 (2012) [http://adsabs.harvard.edu/abs/2012ApJ...744...99L]
 Much of the H_2 data is from this web site: http://molat.obspm.fr/index.php?page=pages/Molecules/H2/H2can94.php. These data are
      described in:
        Abgrall H. et al., Can. J. Phys., 72, 856 (1994) [http://adsabs.harvard.edu/abs/1994CaJPh..72..856A]
        Wrathmall S. A. & Flower D. R., J. Phys. B, 40, 3221 (2007) [http://adsabs.harvard.edu/abs/2007JPhB...40.3221W]
 Please cite those papers that played a significant role in this calculation.

 IONIZE PARMET:  U(1-) -5.4768  U(4-):-16.1133  U(sp): -5.48  Q(ion):    9.081  L(ion) -1.184    Q(low): 14.386    L(low)  2.208
 ENERGY BUDGET:  Heat:   0.823  Coolg:   0.823  Error:  0.1%  Rec Lin:  -0.109  F-F  H  0.000    P(rad/tot)max     1.17E-04

     Col(Heff):      0.000E+00  snd travl time  7.50E+05 sec  Te-low: 3.99E+03  Te-hi: 7.41E+03  G0TH85: 6.89E+04  G0DB96:8.98E+04
  Emiss Measure    n(e)n(p) dl       2.655E+24  n(e)n(He+)dl         7.903E+22  En(e)n(He++) dl         2.761E+11  ne nC+:2.01E+21
 He/Ha:3.49E-02  =   0.41*true  Lthin:4.31E+01  itr/zn: 9.93  H2 itr/zn:  0.00  File Opacity: F  MassTot 1.11e-05  (gm/cm^2)
   Temps(21 cm)   T(21cm/Ly a)  5.06E+03        T(<nH/Tkin>)  5.55E+03          T(<nH/Tspin>)    5.42E+03          TB21cm:1.34E-01
                   N(H0/Tspin)  7.63E+14        N(OH/Tkin)    6.42E+05          B(21cm)          0.00E+00
   <a>:9.49E-05  erdeFe0.0E+00  Tcompt1.12E+03  Tthr3.04E+07  <Tden>: 5.89E+03  <dens>:2.27E-17  <MolWgt>1.11E+00
     Mean Jeans  l(cm)9.05E+17  M(sun)4.42E+03  smallest:     len(cm):7.44E+17  M(sun):2.47E+03  a_ox tran:  0.00
 Rion:1.000E+30  Dist:0.00E+00  Diam:0.000E+00
 Hatom level 70  HatomType: add  HInducImp  F  He tot level: 63  He2 level:   70  ExecTime   321.2
 ConvrgError(%)  <eden>  0.308  MaxEden  0.931  <H-C>   0.14  Max(H-C)    0.48  <Press>   0.000  MaxPrs er  0.000
  Continuity(%)  chng Te   1.2  elec den   5.4  n(H2)    0.0  n(CO)        0.0

                                                        Averaged Quantities
             Te      Te(Ne)   Te(NeNp)  Te(NeHe+)Te(NeHe2+) Te(NeO+)  Te(NeO2+)  Te(H2)     N(H)     Ne(O2+)   Ne(Np)
 Radius:  5.89e+03  6.77e+03  7.06e+03  6.92e+03  6.67e+03  7.06e+03  7.15e+03  4.41e+03  1.00e+07  4.47e+06  3.46e+06

 Contin Optical Depths: COMP: 5.34e-07    H-: 8.88e-06 R(1300): 2.78e-05  H2+: 1.72e-07  Pfa:5.34E-07
                          Pa: 5.34e-07    Ba: 8.58e-06      Hb: 6.76e-06   La: 5.97e-02     1r:2.615E+01  1.8:8.03E+00 4.:1.245E+00

 Old, new H  1 continuum optical depths:
     1 2.63e+01     2 4.54e-06     3 8.92e-06     4 8.92e-06     5 8.92e-06     6 2.22e-06     7 2.22e-06     8 2.22e-06
     9 2.22e-06    10 8.35e-12    11 8.35e-12    12 8.35e-12    13 8.35e-12    14 8.35e-12    15 1.98e-11    16 1.98e-11
    17 1.98e-11    18 1.98e-11    19 1.98e-11    20 1.98e-11    21 4.16e-11    22 4.16e-11    23 4.16e-11    24 4.16e-11
    25 4.16e-11    26 4.16e-11    27 4.16e-11    28 7.85e-11    29 7.85e-11    30 7.85e-11    31 7.85e-11    32 7.85e-11
    33 7.85e-11    34 7.85e-11    35 7.85e-11    36 1.39e-10    37 1.39e-10    38 1.39e-10    39 1.39e-10    40 1.39e-10
    41 1.39e-10    42 1.39e-10    43 1.39e-10    44 1.39e-10    45 2.32e-10    46 2.32e-10    47 2.32e-10    48 2.32e-10
    49 2.32e-10    50 2.32e-10    51 2.32e-10    52 2.32e-10    53 2.32e-10    54 2.32e-10
     1 2.62e+01     2 4.53e-06     3 8.90e-06     4 8.90e-06     5 8.90e-06     6 2.21e-06     7 2.21e-06     8 2.21e-06
     9 2.21e-06    10 8.35e-12    11 8.35e-12    12 8.35e-12    13 8.35e-12    14 8.35e-12    15 1.98e-11    16 1.98e-11
    17 1.98e-11    18 1.98e-11    19 1.98e-11    20 1.98e-11    21 4.16e-11    22 4.16e-11    23 4.16e-11    24 4.16e-11
    25 4.16e-11    26 4.16e-11    27 4.16e-11    28 7.85e-11    29 7.85e-11    30 7.85e-11    31 7.85e-11    32 7.85e-11
    33 7.85e-11    34 7.85e-11    35 7.85e-11    36 1.39e-10    37 1.39e-10    38 1.39e-10    39 1.39e-10    40 1.39e-10
    41 1.39e-10    42 1.39e-10    43 1.39e-10    44 1.39e-10    45 2.32e-10    46 2.32e-10    47 2.32e-10    48 2.32e-10
    49 2.32e-10    50 2.32e-10    51 2.32e-10    52 2.32e-10    53 2.32e-10    54 2.32e-10

 Old, new H  1 mean line optical depths:
  2- 1 5.81e+05  3- 2 1.75e-04  4- 3 2.67e-08  5- 4 2.41e-08  6- 5 3.73e-08  7- 6 6.00e-08  8- 7 2.11e-08
  9- 8 3.42e-09 10- 9 1.57e-09
  2- 1 5.78e+05  3- 2 1.75e-04  4- 3 2.67e-08  5- 4 2.41e-08  6- 5 3.73e-08  7- 6 6.00e-08  8- 7 2.11e-08
  9- 8 3.41e-09 10- 9 1.56e-09

 Old, new He 2 continuum optical depths:
     1 1.25e+00     2 2.59e+01     3 4.20e-06     4 4.20e-06     5 4.20e-06     6 4.54e-06     7 4.54e-06     8 4.54e-06
     9 4.54e-06    10 7.24e-06    11 7.24e-06    12 7.24e-06    13 7.24e-06    14 7.24e-06    15 8.92e-06    16 8.92e-06
    17 8.92e-06    18 8.92e-06    19 8.92e-06    20 8.92e-06    21 7.54e-06    22 7.54e-06    23 7.54e-06    24 7.54e-06
    25 7.54e-06    26 7.54e-06    27 7.54e-06    28 2.22e-06    29 2.22e-06    30 2.22e-06    31 2.22e-06    32 2.22e-06
    33 2.22e-06    34 2.22e-06    35 2.22e-06    36 4.72e-12    37 4.72e-12    38 4.72e-12    39 4.72e-12    40 4.72e-12
    41 4.72e-12    42 4.72e-12    43 4.72e-12    44 4.72e-12    45 8.35e-12    46 8.35e-12    47 8.35e-12    48 8.35e-12
    49 8.35e-12    50 8.35e-12    51 8.35e-12    52 8.35e-12    53 8.35e-12    54 8.35e-12
     1 1.25e+00     2 2.58e+01     3 4.19e-06     4 4.19e-06     5 4.19e-06     6 4.53e-06     7 4.53e-06     8 4.53e-06
     9 4.53e-06    10 7.22e-06    11 7.22e-06    12 7.22e-06    13 7.22e-06    14 7.22e-06    15 8.90e-06    16 8.90e-06
    17 8.90e-06    18 8.90e-06    19 8.90e-06    20 8.90e-06    21 7.52e-06    22 7.52e-06    23 7.52e-06    24 7.52e-06
    25 7.52e-06    26 7.52e-06    27 7.52e-06    28 2.21e-06    29 2.21e-06    30 2.21e-06    31 2.21e-06    32 2.21e-06
    33 2.21e-06    34 2.21e-06    35 2.21e-06    36 4.72e-12    37 4.72e-12    38 4.72e-12    39 4.72e-12    40 4.72e-12
    41 4.72e-12    42 4.72e-12    43 4.72e-12    44 4.72e-12    45 8.35e-12    46 8.35e-12    47 8.35e-12    48 8.35e-12
    49 8.35e-12    50 8.35e-12    51 8.35e-12    52 8.35e-12    53 8.35e-12    54 8.35e-12

 Old, new He 2 mean line optical depths:
  2- 1 2.16e+03  3- 2 3.30e-12  4- 3 6.13e-17  5- 4 2.17e-17  6- 5 1.17e-18  7- 6 3.25e-19  8- 7 4.68e-19
  9- 8 6.23e-19 10- 9 7.09e-19
  2- 1 2.16e+03  3- 2 3.30e-12  4- 3 6.13e-17  5- 4 2.17e-17  6- 5 1.17e-18  7- 6 3.25e-19  8- 7 4.68e-19
  9- 8 6.23e-19 10- 9 7.09e-19

 Old He Is optical depths:    1 8.07e+00    2 5.27e-06    3 3.76e-06    4 4.23e-06    5 4.23e-06
 New He Is optical depths:    1 8.03e+00    2 5.26e-06    3 3.75e-06    4 4.21e-06    5 4.21e-06
          Old He Is Lines:  584 3.39e+04 3889 5.58e-02 5016 1.68e-04 5876 2.22e-08
          New He Is Lines:  584 3.38e+04 3889 5.57e-02 5016 1.68e-04 5876 2.22e-08

==== H      compounds ====           Log10 column densities [cm^-2}
   H2        : 12.253   H2*       : 11.729   H2+       : 10.391   H3+       :  5.217
==== He     compounds ====
   HeH+      : 11.079
==== Li     compounds ====
   LiH       : -0.532   LiH+      : -0.885
==== C      compounds ====
   CH        :  7.007   CH+       :  7.383   CH2       :  1.651   CH2+      :  1.554   CH3       : -4.057   CH3+      : -4.256   CH4       : -9.586   CH4+      :-11.460
   CH5+      :-16.738   C2        :  1.454   C2+       :  2.835   C2H       : -3.517   C2H+      : -2.702   C2H2      :-10.338   C2H2+     : -7.763   C2H3+     :-13.402
   C3        :-11.615   C3+       : -7.206   C3H       :-15.520   C3H+      :-12.503
==== N      compounds ====
   NH        :  8.343   NH+       :  7.681   NH2       :  1.818   NH2+      :  1.717   NH3       : -3.520   NH3+      : -4.563   NH4+      :-13.122   CN        :  5.687
   CN+       :  4.355   HCN       :  0.656   HCN+      : -0.240   HNC       : -4.683   HCNH+     : -6.113   HC3N      :-35.930   N2        :  5.614   N2+       :  4.077
   N2H+      : -6.677
==== O      compounds ====
   OH        :  9.455   OH+       :  8.844   H2O       :  3.570   H2O+      :  2.961   H3O+      : -3.106   CO        :  8.426   CO+       :  5.774   HCO+      :  2.480
   H2CO      :-35.930   CH3OH     :-35.930   ^13CO     :  6.948   NO        :  5.440   NO+       :  4.236   HNO       : -0.689   HNO+      : -1.965   OCN       : -2.021
   OCN+      : -2.477   N2O       : -4.172   O2        :  5.338   O2+       :  5.615   NO2       : -3.899   NO2+      : -4.838
==== Ne     compounds ====
   NeH+      :  6.929
==== Si     compounds ====
   SiH       :  0.070   SiH2+     : -1.161   SiC2      :-35.930   SiN       : -3.537   SiN+      :  3.765   SiO       :  3.197   SiO+      :  4.745   SiOH+     : -1.332
==== S      compounds ====
   HS        :  4.964   HS+       :  5.463   CS        : -1.213   CS+       :  1.902   HCS+      : -3.242   NS        :  0.983   NS+       :  3.177   SO        :  2.307
   SO+       :  4.337   OCS       : -7.184   OCS+      : -8.585   SO2       :-35.930   S2        : -6.251   S2+       : -7.551
==== Cl     compounds ====
   HCl       : -0.815   HCl+      :  5.572   H2Cl+     : -0.132   CCl       :-20.353   CCl+      : -4.463   H2CCl+    :-22.600   ClO       :-23.670   ClO+      :-27.163
==== Ar     compounds ====
   ArH+      :  9.027
==== Ti     compounds ====
   TiH       :-35.930   TiH+      :-35.930   TiH2      :-35.930   TiH2+     :-35.930   TiC       :-35.930   TiC+      :-35.930   HCTi      :-35.930   HCTi+     :-35.930
   TiC2      :-35.930   TiC2+     :-35.930   TiN       :-35.930   TiN+      :-35.930   HNTi      :-35.930   HNTi+     :-35.930   TiNC      :-35.930   TiNC+     :-35.930
   TiO       :-35.930   TiO+      :-35.930   TiOH+     :-35.930   TiO2      :-35.930   TiF+      :-35.930   TiS       :-35.930   TiS+      :-35.930   HTiS      :-35.930


               1      2      3      4      5      6      7      8      9     10     11     12     13     14     15     16     17

 Hydrogen   18.617 17.885 12.367 (H2)                Log10 Column density (cm^-2)
 Helium     17.585 16.519  5.289
 Lithium     6.121  7.729-30.000-30.000
 Beryllium   7.450  7.948  5.926-30.000-30.000
 Boron       7.757  9.380  5.791-30.000-30.000-30.000
 Carbon     13.647 15.104 12.583-30.000-30.000-30.000-30.000
 Nitrogen   14.444 13.729  9.171-30.000-30.000-30.000-30.000-30.000
 Oxygen     15.318 14.508  9.782-30.000-30.000-30.000-30.000-30.000-30.000
 Fluorine   11.075 10.771  8.393-30.000-30.000-30.000-30.000-30.000-30.000-30.000
 Neon       14.486 14.047 10.968-30.000-30.000-30.000-30.000-30.000-30.000-30.000-30.000
 Sodium     11.352 12.920  9.118-30.000-30.000-30.000-30.000-30.000-30.000-30.000-30.000-30.000
 Magnesium  12.589 14.279 12.060-30.000-30.000-30.000-30.000-30.000-30.000-30.000-30.000-30.000-30.000
 Aluminium   9.739 13.140 10.132-30.000-30.000-30.000-30.000-30.000-30.000-30.000-30.000-30.000-30.000-30.000
 Silicon    11.674 14.199 11.231-30.000-30.000-30.000-30.000-30.000-30.000-30.000-30.000-30.000-30.000-30.000-30.000
 Phosphorus  9.287 12.099  9.403-30.000-30.000-30.000-30.000-30.000-30.000-30.000-30.000-30.000-30.000-30.000-30.000-30.000
 Sulphur    11.883 13.800 11.915-30.000-30.000-30.000-30.000-30.000-30.000-30.000-30.000-30.000-30.000-30.000-30.000-30.000-30.000
 Chlorine    9.427 12.186 10.098-30.000-30.000-30.000-30.000-30.000-30.000-30.000-30.000-30.000-30.000-30.000-30.000-30.000-30.000
-30.000
 Argon      12.823 12.716 11.661-30.000-30.000-30.000-30.000-30.000-30.000-30.000-30.000-30.000-30.000-30.000-30.000-30.000-30.000
-30.000-30.000
 Potassium   9.733 11.714  9.272-30.000-30.000-30.000-30.000-30.000-30.000-30.000-30.000-30.000-30.000-30.000-30.000-30.000-30.000
-30.000-30.000-30.000
 Calcium    11.223 12.883 12.468-30.000-30.000-30.000-30.000-30.000-30.000-30.000-30.000-30.000-30.000-30.000-30.000-30.000-30.000
-30.000-30.000-30.000-30.000
 Scandium    7.945  9.757  9.045  6.331-30.000-30.000-30.000-30.000-30.000-30.000-30.000-30.000-30.000-30.000-30.000-30.000-30.000
-30.000-30.000-30.000-30.000-30.000
 Titanium    7.751 11.630 10.011  5.445-30.000-30.000-30.000-30.000-30.000-30.000-30.000-30.000-30.000-30.000-30.000-30.000-30.000
-30.000-30.000-30.000-30.000-30.000-30.000
 Vanadium    9.280 10.578  9.304  3.779-30.000-30.000-30.000-30.000-30.000-30.000-30.000-30.000-30.000-30.000-30.000-30.000-30.000
-30.000-30.000-30.000-30.000-30.000-30.000-30.000
 Chromium   10.393 12.319 10.535-30.000-30.000-30.000-30.000-30.000-30.000-30.000-30.000-30.000-30.000-30.000-30.000-30.000-30.000
-30.000-30.000-30.000-30.000-30.000-30.000-30.000-30.000
 Manganese   8.282 12.114 10.259-30.000-30.000-30.000-30.000-30.000-30.000-30.000-30.000-30.000-30.000-30.000-30.000-30.000-30.000
-30.000-30.000-30.000-30.000-30.000-30.000-30.000-30.000-30.000
 Iron       10.116 14.188 11.945-30.000-30.000-30.000-30.000-30.000-30.000-30.000-30.000-30.000-30.000-30.000-30.000-30.000-30.000
-30.000-30.000-30.000-30.000-30.000-30.000-30.000-30.000-30.000-30.000
 Cobalt     10.955 11.590  7.498-30.000-30.000-30.000-30.000-30.000-30.000-30.000-30.000-30.000-30.000-30.000-30.000-30.000-30.000
-30.000-30.000-30.000-30.000-30.000-30.000-30.000-30.000-30.000-30.000-30.000
 Nickel      9.331 12.911  8.651-30.000-30.000-30.000-30.000-30.000-30.000-30.000-30.000-30.000-30.000-30.000-30.000-30.000-30.000
-30.000-30.000-30.000-30.000-30.000-30.000-30.000-30.000-30.000-30.000-30.000-30.000
 Copper      9.622 10.851  8.923-30.000-30.000-30.000-30.000-30.000-30.000-30.000-30.000-30.000-30.000-30.000-30.000-30.000-30.000
-30.000-30.000-30.000-30.000-30.000-30.000-30.000-30.000-30.000-30.000-30.000-30.000-30.000
 Zinc       10.620 11.120  9.668  5.999-30.000-30.000-30.000-30.000-30.000-30.000-30.000-30.000-30.000-30.000-30.000-30.000-30.000
-30.000-30.000-30.000-30.000-30.000-30.000-30.000-30.000-30.000-30.000-30.000-30.000-30.000-30.000
 Exc state    He1* 11.622   CII* 14.926   C11* 12.695   C12* 13.171   C13* 13.390   O11* 15.073   O12* 14.831   O13* 14.347
              Si2* 14.012   C30*  6.939   C31*  5.387   C32*  7.732


 Hydrogen   -0.074 -0.805 -6.023 (H2)                 Log10 Mean Ionisation (over radius)
 Helium     -0.036 -1.102-12.331
 Lithium    -1.619 -0.011
 Beryllium  -0.621 -0.123 -2.144
 Boron      -1.633 -0.010 -3.600
 Carbon     -1.474 -0.016 -2.537
 Nitrogen   -0.077 -0.791 -5.349
 Oxygen     -0.062 -0.873 -5.599
 Fluorine   -0.176 -0.479 -2.857
 Neon       -0.135 -0.574 -3.652
 Sodium     -1.579 -0.012 -3.813
 Magnesium  -1.701 -0.011 -2.231
 Aluminium  -3.402 -0.001 -3.009
 Silicon    -2.527 -0.002 -2.970
 Phosphorus -2.814 -0.002 -2.698
 Sulphur    -1.929 -0.011 -1.896
 Chlorine   -2.763 -0.004 -2.093
 Argon      -0.267 -0.374 -1.429
 Potassium  -1.987 -0.006 -2.448
 Calcium    -1.808 -0.148 -0.563
 Scandium   -1.895 -0.083 -0.795 -3.508
 Titanium   -3.889 -0.010 -1.630 -6.196
 Vanadium   -1.341 -0.043 -1.316 -6.842
 Chromium   -1.938 -0.012 -1.796
 Manganese  -3.838 -0.006 -1.862
 Iron       -4.074 -0.003 -2.246
 Cobalt     -0.726 -0.090 -4.183
 Nickel     -3.580 -0.000 -4.259
 Copper     -1.259 -0.030 -1.958
 Zinc       -0.630 -0.131 -1.583 -5.252

               1      2      3      4      5      6      7      8      9     10     11     12     13     14     15     16     17

 Hydrogen   -0.175 -0.480 -6.898 (H2)         Log10 Mean Ionisation (over radius*electron density)
 Helium     -0.053 -0.937-12.393
 Lithium    -1.486 -0.014
 Beryllium  -0.355 -0.261 -1.981
 Boron      -1.341 -0.021 -3.221
 Carbon     -1.208 -0.030 -2.289
 Nitrogen   -0.185 -0.459 -4.907
 Oxygen     -0.148 -0.539 -5.163
 Fluorine   -0.287 -0.317 -2.768
 Neon       -0.192 -0.447 -3.696
 Sodium     -1.859 -0.006 -4.021
 Magnesium  -1.654 -0.015 -1.927
 Aluminium  -3.428 -0.001 -2.829
 Silicon    -2.314 -0.003 -2.553
 Phosphorus -2.842 -0.002 -2.422
 Sulphur    -1.658 -0.018 -1.711
 Chlorine   -2.804 -0.006 -1.921
 Argon      -0.500 -0.210 -1.174
 Potassium  -2.412 -0.003 -2.459
 Calcium    -1.578 -0.077 -0.868
 Scandium   -1.749 -0.095 -0.751 -3.124
 Titanium   -4.020 -0.019 -1.361 -5.709
 Vanadium   -1.235 -0.073 -1.017 -6.323
 Chromium   -1.696 -0.028 -1.381
 Manganese  -3.968 -0.016 -1.455
 Iron       -4.183 -0.006 -1.831
 Cobalt     -0.558 -0.141 -3.766
 Nickel     -3.670 -0.000 -3.846
 Copper     -1.012 -0.057 -1.607
 Zinc       -0.435 -0.217 -1.583 -5.294

               1      2      3      4      5      6      7      8      9     10     11     12     13     14     15     16     17

 Hydrogen    3.758  3.832  3.644 (H2)                  Log10 Mean Temperature (over radius)
 Helium      3.767  3.805  3.768
 Lithium     3.800  3.769
 Beryllium   3.824  3.751  3.807
 Boron       3.826  3.769  3.841
 Carbon      3.822  3.768  3.821
 Nitrogen    3.756  3.835  3.851
 Oxygen      3.759  3.833  3.849
 Fluorine    3.752  3.804  3.794
 Neon        3.760  3.798  3.771
 Sodium      3.728  3.771  3.740
 Magnesium   3.779  3.769  3.829
 Aluminium   3.766  3.770  3.806
 Silicon     3.807  3.770  3.847
 Phosphorus  3.766  3.770  3.823
 Sulphur     3.823  3.769  3.810
 Chlorine    3.763  3.770  3.807
 Argon       3.736  3.806  3.824
 Potassium   3.711  3.771  3.773
 Calcium     3.818  3.786  3.723
 Scandium    3.804  3.771  3.765  3.839
 Titanium    3.746  3.769  3.819  3.856
 Vanadium    3.797  3.765  3.826  3.859
 Chromium    3.817  3.768  3.847
 Manganese   3.746  3.769  3.846
 Iron        3.749  3.770  3.847
 Cobalt      3.805  3.761  3.846
 Nickel      3.753  3.770  3.846
 Copper      3.819  3.766  3.835
 Zinc        3.809  3.757  3.776  3.766

               1      2      3      4      5      6      7      8      9     10     11     12     13     14     15     16     17

 Hydrogen    3.822  3.849  3.666 (H2)          Log10 Mean Temperature (over radius*electron density)
 Helium      3.830  3.840  3.824
 Lithium     3.838  3.831
 Beryllium   3.845  3.819  3.840
 Boron       3.847  3.830  3.851
 Carbon      3.846  3.830  3.845
 Nitrogen    3.821  3.849  3.854
 Oxygen      3.823  3.849  3.854
 Fluorine    3.822  3.840  3.835
 Neon        3.827  3.838  3.826
 Sodium      3.804  3.831  3.812
 Magnesium   3.834  3.831  3.848
 Aluminium   3.829  3.831  3.841
 Silicon     3.844  3.831  3.853
 Phosphorus  3.829  3.831  3.847
 Sulphur     3.846  3.830  3.841
 Chlorine    3.828  3.831  3.841
 Argon       3.809  3.840  3.845
 Potassium   3.782  3.831  3.829
 Calcium     3.843  3.835  3.801
 Scandium    3.838  3.829  3.837  3.852
 Titanium    3.821  3.830  3.847  3.857
 Vanadium    3.836  3.828  3.848  3.859
 Chromium    3.845  3.830  3.853
 Manganese   3.821  3.830  3.853
 Iron        3.823  3.831  3.853
 Cobalt      3.840  3.827  3.853
 Nickel      3.824  3.831  3.853
 Copper      3.845  3.829  3.850
 Zinc        3.842  3.824  3.830  3.827

               1      2      3      4      5      6      7      8      9     10     11     12     13     14     15     16     17
                                                                          

---------------Convergence statistics---------------
      1.58 mean iterations/state convergence
      2.97 mean cx acceleration loops/iteration
      1.05 mean iso convergence loops/ion solve
      1.01 mean steps/chemistry solve
         1 mean step length searches/chemistry step
----------------------------------------------------

 Cloudy ends: 107 zones, 3 iterations.  ExecTime(s) 321.19
 [Stop in cdMain at ../maincl.cpp:483, Cloudy exited OK]
 ************************************************** GRID_DELIMIT -- grid000000059
