                                                          Cloudy 13.03
                                                         www.nublado.org

                       **************************************13Feb20**************************************
                       *                                                                                 *
                       * c                                                                               *
                       * phi(h) 8.000000 LOG range -0.000232 6.866524                                    *
                       * grid from 8 to 23 in 1 dex steps                                                *
                       * HDEN=12.000000 LOG                                                              *
                       * grid from 0 to 12 in 1 dex steps                                                *
                       * set pres ionize 1e5                                                             *
                       * c                                                                               *
                       * c                                                                               *
                       * table star "Rotation_inst.mod" age 6.78                                         *
                       * c<< Rotation_ins model    4 read.       Age =    6010000.00                 >>> *
                       * c<< Rotation_ins model    5 read.       Age =    8010000.00                 >>> *
                       * c<< FINAL:     Age =    6025595.86                                          >>> *
                       * c                                                                               *
                       * c                                                                               *
                       * abundances GASS10                                                               *
                       * c                                                                               *
                       * c                                                                               *
                       * iterate to convergence max = 7                                                  *
                       * stop column density = 23                                                        *
                       * c                                                                               *
                       * c                                                                               *
                       * print last                                                                      *
                       * set save prefix "geneva_inst_rot_6"                                             *
                       * save grid ".grd" last no hash                                                   *
                       * save linelist "emissionlines_abs.txt" "LineList_HII.dat" absolute last no hash    *
                       *                                                                                 *
                       ***********************************************************************************



           !The plasma frequency is 2.99e-06 Ryd.  The incident continuum is set to 0 below this.
           3972CellPeak1.00E+00   Lo 1.00e-08=910.79cm   Hi-Con:4.21E+00 Ryd   E(hi):7.35E+06Ryd     E(hi):     100.01 MeV
           I(nu>1ryd):  -2.5376   Average nu:1.330E+00   I( X-ray):   0.0000   I(BalC):  -1.8611     Phi(BalmrC):   9.0435
           phi(1.0-1.8): 7.9574   phi(1.8-4.0):  6.970   phi(4.0-20): -2.637   phi(20--):  0.000     Ion pht flx:1.000E+08
           I(gam ray):   0.0000   phi(gam r):   0.0000   I(Infred):  -2.7653   Alf(ox):   0.0000     Total inten:  -1.7355
           U(1.0----):3.336E-15   U(4.0----):7.703E-26   T(En-Den):3.001E+00   T(Comp):2.841E+04     nuJnu(912A):1.206E-02
           Occ(FarIR):0.000E+00   Occ(H n=6):2.886E-15   Occ(1Ryd):5.543E-19   Occ(4R):1.859E-30     Occ (Nu-hi):1.724E-31
           Tbr(FarIR):0.000E+00   Tbr(H n=6):1.265E-11   Tbr(1Ryd):8.762E-14   Tbr(4R):1.175E-24     Tbr (Nu-hi):1.143E-25
  
                                                  Gas Phase Chemical Composition
        H :  0.0000  He: -1.0701  Li:-10.9508  Be:-10.6198  B : -9.3002  C : -3.5702  N : -4.1701  O : -3.3098  F : -7.4401
        Ne: -4.0701  Na: -5.7595  Mg: -4.4001  Al: -5.5498  Si: -4.4895  P : -6.5901  S : -4.8794  Cl: -6.5003  Ar: -5.6003
        K : -6.9706  Ca: -5.6596  Sc: -8.8508  Ti: -7.0501  V : -8.0701  Cr: -6.3595  Mn: -6.5702  Fe: -4.5003  Co: -7.0101
                                               Ni: -5.7799  Cu: -7.8097  Zn: -7.4401
 
 ####  1  Te:1.632E+01 Hden:1.000E+12 Ne:9.873E+05 R:1.000E+30 R-R0:1.614E+01 dR:3.227E+01 NTR: 25 Htot:1.558E-09 T912: 2.04e-04###
 Hydrogen      9.98e-01 2.80e-10 H+o/Hden 9.98e-01 1.98e-14 H-    H2 9.50e-04 5.62e-16 H2+ HeH+ 6.05e-17 Ho+ ColD 3.22e+13 9.05e+03
 Helium        1.00e+00 7.21e-11 0.00e+00 HeI 2s3S 2.03e-13 Comp H,C 2.31e-25 1.33e-28 Fill Fac 1.00e+00 Gam1/tot 1.00e+00
 He singlet n  1.00e+00 1.15e-15 6.30e-20 4.96e-21 4.44e-20 1.66e-21 He tripl 2.03e-13 4.28e-20 4.46e-22 4.34e-21 4.09e-21
 Pressure      NgasTgas 1.77e+13 P(total) 2.44e-03 P( gas ) 2.44e-03 P(Radtn) 0.00e+00 Rad accl 3.72e-07 ForceMul 2.10e+12
 Texc(La)      2.81e+03 T(I con) 3.00e+00 T(D con) 1.32e-01 T(U tot) 3.00e+00 nT (c+d) 7.57e+05 Prad/Gas 0.00e+00 Pmag/Gas 0.00e+00
 Molecules     CH/Ctot: 9.68e-08 CH+/Ctot 3.29e-15 CO/Ctot: 9.93e-01 CO+/Ctot 3.60e-13 H2O/Otot 3.11e-01 OH/Ototl 8.44e-06
 Lithium       1.00e+00 3.21e-05 0.00e+00 0.00e+00 Berylliu 1.00e+00 1.68e-05 4.90e-14 0.00e+00 0.00e+00 sec ion: 0.00e+00
 Boron         1.00e+00 1.27e-04 1.07e-16 0.00e+00 0.00e+00 0.00e+00
 Carbon        1.40e-05 3.46e-08 1.21e-18 0.00e+00 0.00e+00 0.00e+00 0.00e+00 H2O+/O   2.26e-07 OH+/Otot 2.92e-10 Hex(tot) 0.00e+00
 Nitrogen      8.66e-03 2.90e-09 0.00e+00 0.00e+00 0.00e+00 0.00e+00 0.00e+00 0.00e+00 O2/Ototl 3.50e-03 O2+/Otot 1.72e-09
 Oxygen        1.03e-01 7.83e-13 0.00e+00 0.00e+00 0.00e+00 0.00e+00 0.00e+00 0.00e+00 0.00e+00
 Fluorine      1.00e+00 5.43e-06 3.35e-15 0.00e+00 0.00e+00 0.00e+00 0.00e+00 0.00e+00 0.00e+00 0.00e+00
 Neon          1.00e+00 1.10e-09 3.99e-20 0.00e+00 0.00e+00 0.00e+00 0.00e+00 0.00e+00 0.00e+00 0.00e+00 0.00e+00
 Sodium        1.00e+00 6.23e-05 2.83e-16 0.00e+00 0.00e+00 0.00e+00 0.00e+00 0.00e+00 0.00e+00 0.00e+00 0.00e+00 0.00e+00
 Magnesium     9.98e-01 1.83e-03 3.43e-13 0.00e+00 0.00e+00 0.00e+00 0.00e+00 0.00e+00 0.00e+00 0.00e+00 0.00e+00 0.00e+00 0.00e+00
 Aluminium  0  9.78e-01 2.21e-02 1.04e-11 0.00e+00 0.00e+00 0.00e+00 0.00e+00 0.00e+00 0.00e+00 0.00e+00 0.00e+00 0.00e+00 0.00e+00
 Silicon    0  7.20e-01 6.11e-06 0.00e+00 0.00e+00 0.00e+00 0.00e+00 0.00e+00 0.00e+00 0.00e+00 0.00e+00 0.00e+00 0.00e+00 0.00e+00
 Phosphorus 0  9.96e-01 4.08e-03 1.43e-11 0.00e+00 0.00e+00 0.00e+00 0.00e+00 0.00e+00 0.00e+00 0.00e+00 0.00e+00 0.00e+00 0.00e+00
 Sulphur    0  3.94e-01 2.12e-06 4.95e-17 0.00e+00 0.00e+00 0.00e+00 0.00e+00 0.00e+00 0.00e+00 0.00e+00 0.00e+00 0.00e+00 0.00e+00
 Chlorine   0  5.71e-01 1.85e-07 3.03e-16 0.00e+00 0.00e+00 0.00e+00 0.00e+00 0.00e+00 0.00e+00 0.00e+00 0.00e+00 0.00e+00 0.00e+00
 Argon      0  1.00e+00 1.93e-09 0.00e+00 0.00e+00 0.00e+00 0.00e+00 0.00e+00 0.00e+00 0.00e+00 0.00e+00 0.00e+00 0.00e+00 0.00e+00
 Potassium  0  1.00e+00 2.45e-05 1.67e-12 0.00e+00 0.00e+00 0.00e+00 0.00e+00 0.00e+00 0.00e+00 0.00e+00 0.00e+00 0.00e+00 0.00e+00
 Calcium    0  1.00e+00 2.79e-05 8.79e-10 0.00e+00 0.00e+00 0.00e+00 0.00e+00 0.00e+00 0.00e+00 0.00e+00 0.00e+00 0.00e+00 0.00e+00
 Scandium   0  1.00e+00 3.68e-05 2.03e-09 0.00e+00 0.00e+00 0.00e+00 0.00e+00 0.00e+00 0.00e+00 0.00e+00 0.00e+00 0.00e+00 0.00e+00
 Titanium   0  9.85e-01 1.47e-02 8.78e-10 0.00e+00 0.00e+00 0.00e+00 0.00e+00 0.00e+00 0.00e+00 0.00e+00 0.00e+00 0.00e+00 0.00e+00
 Vanadium   0  1.00e+00 1.73e-05 3.02e-12 0.00e+00 0.00e+00 0.00e+00 0.00e+00 0.00e+00 0.00e+00 0.00e+00 0.00e+00 0.00e+00 0.00e+00
 Chromium   0  1.00e+00 7.31e-05 8.82e-16 0.00e+00 0.00e+00 0.00e+00 0.00e+00 0.00e+00 0.00e+00 0.00e+00 0.00e+00 0.00e+00 0.00e+00
 Manganese  0  9.86e-01 1.39e-02 1.30e-14 0.00e+00 0.00e+00 0.00e+00 0.00e+00 0.00e+00 0.00e+00 0.00e+00 0.00e+00 0.00e+00 0.00e+00
 Iron       0  9.74e-01 2.58e-02 4.23e-15 0.00e+00 0.00e+00 0.00e+00 0.00e+00 0.00e+00 0.00e+00 0.00e+00 0.00e+00 0.00e+00 0.00e+00
 Cobalt     0  1.00e+00 8.08e-06 8.32e-18 0.00e+00 0.00e+00 0.00e+00 0.00e+00 0.00e+00 0.00e+00 0.00e+00 0.00e+00 0.00e+00 0.00e+00
 Nickel     0  9.84e-01 1.65e-02 1.45e-14 0.00e+00 0.00e+00 0.00e+00 0.00e+00 0.00e+00 0.00e+00 0.00e+00 0.00e+00 0.00e+00 0.00e+00
 Copper     0  1.00e+00 4.07e-05 5.62e-13 0.00e+00 0.00e+00 0.00e+00 0.00e+00 0.00e+00 0.00e+00 0.00e+00 0.00e+00 0.00e+00 0.00e+00
 Zinc       0  1.00e+00 7.70e-06 1.78e-14 0.00e+00 0.00e+00 0.00e+00 0.00e+00 0.00e+00 0.00e+00 0.00e+00 0.00e+00 0.00e+00 0.00e+00
                                                                             
   Calculation stopped because lowest Te reached. Iteration 3 of 3
   The geometry is plane-parallel.
  !Continuum fluorescent production of H-beta was very important.
  !The largest plasma frequency was 2.99e-06 Ryd = 3.05e+04 micron  The continuum is set to 0 below this.
  !AGE: Cloud age was not set.  Longest timescale was 1.37e+07 s = 5.21e+00 months.
  !The excitation temp of Lya exceeded the electron temp, largest value was 2.81e+03K (gas temp there was 1.63e+01K, zone   1)
  !The CMB was not included.  This is added with the CMB command.
  !The intensity of the incident radiation field is less than 10 times the Habing diffuse ISM field.  Is this OK?
  !   Consider adding diffuse ISM emission with TABLE ISM command.
  !The fraction of N  in N2 reached 99.1% at some point in the cloud.
  !The fraction of O  in H2O reached 31.1% at some point in the cloud.
  !The fraction of C  in CO reached 99.3% at some point in the cloud.
  !The fraction of Si in SiO reached 28.0% at some point in the cloud.
  !The fraction of S  in SO reached 46.2% at some point in the cloud.
  !The fraction of S  in OCS reached 10.8% at some point in the cloud.
  !The fraction of Cl in HCl reached 42.9% at some point in the cloud.
   Te-ne bounds of Case B lookup table exceeded, H I Case B line intensities set to zero.
   Te-ne bounds of Case B lookup table exceeded, He II Case B line intensities set to zero.
   The density is too low to l-mix the lowest He I collapsed level.  More resolved levels are needed for accurate line ratios.
   Grains were not present but might survive in this environment (energy density temperature was 3.00e+00K)
   Ratio of computed diffuse emission to case B reached 1.5489 for iso 0 element 1
   Ratio of computed diffuse emission to case B reached 2.65284 for iso 1 element 2
   The fraction of H  in H2 reached 0.190% at some point in the cloud.
   The fraction of O  in O2 reached 0.700% at some point in the cloud.
   The fraction of S  in CS reached 3.61% at some point in the cloud.

                       *********************************> Cloudy 13.03 <**********************************
                       * c                                                                               *
                       * phi(h) 8.000000 LOG range -0.000232 6.866524                                    *
                       * grid from 8 to 23 in 1 dex steps                                                *
                       * HDEN=12.000000 LOG                                                              *
                       * grid from 0 to 12 in 1 dex steps                                                *
                       * set pres ionize 1e5                                                             *
                       * c                                                                               *
                       * c                                                                               *
                       * table star "Rotation_inst.mod" age 6.78                                         *
                       * c                                                                               *
                       * c                                                                               *
                       * abundances GASS10                                                               *
                       * c                                                                               *
                       * c                                                                               *
                       * iterate to convergence max = 7                                                  *
                       * stop column density = 23                                                        *
                       * c                                                                               *
                       * c                                                                               *
                       * print last                                                                      *
                       * set save prefix "geneva_inst_rot_6"                                             *
                       * save grid ".grd" last no hash                                                   *
                       * save linelist "emissionlines_abs.txt" "LineList_HII.dat" absolute last no hash    *
                       *********************************> Log(U):-14.48 <*********************************

                     Emission Line Spectrum.   Constant  Density Model.    Open geometry.  Iteration 3 of 3.
                                                     Intensity (erg/s/cm^2).


                                                   Intrinsic line intensities
 general properties..........      nInu  6917m  -8.692   0.4513      nInu  1000A  -1.7024409448.5      He 1 537.0A  -8.749   0.3954            
 TOTL  4861A  -8.346   1.0000      nInu 122.4m  -3.61553869.176      nFnu 925.1A -11.181   0.0015      He 1 522.2A  -9.278   0.1170            
 TOTL  1216A  -6.569  59.8456      nInu 60.83m  -3.66248302.266      nInu 925.1A  -1.7533916306.0      He 1 515.6A  -9.530   0.0654            
 Inci     0   -1.7354079517.5      nInu 41.22m  -3.77437297.531      nFnu 897.8A -11.202   0.0014      He 1 512.1A  -9.687   0.0456            
 TotH     0   -7.299  11.1544      nInu 30.87m  -3.87729467.189      nInu 897.8A  -2.1761478831.1      He 1  5016A -11.190   0.0014            
 TotC     0   -7.299  11.1538      nInu 24.78m  -3.95624556.414      nFnu 760.0A -11.152   0.0016      Pho+  3889A  -9.263   0.1212            
 BFH1     0   -7.313  10.7874      nInu 24.30m  -3.96324152.781      nInu 760.0A  -2.1931421059.5      database lines..............            
 Line     0   -9.956   0.0246      nInu 22.83m  -3.98522981.258      nFnu 701.5A -11.198   0.0014      H2O  538.1m  -8.121   1.6798            
 BFHe     0   -9.047   0.1990      nInu 21.42m  -4.00821776.121      nInu 701.5A  -2.385913489.19      H2O  179.5m  -7.635   5.1378            
 TotM     0   -9.544   0.0634      nInu 21.12m  -4.01421507.139      nInu 608.2A  -2.528657101.00      H2O  108.0m  -8.878   0.2940            
 CT H     0  -11.136   0.0016      nInu 19.62m  -4.03920270.074      nInu 575.1A  -2.479736164.19      H2O  180.4m -10.024   0.0210            
 H2O      0   -7.490   7.1769      nInu 17.65m  -4.08218358.822      nInu 511.9A  -2.679464571.09      H2O  174.6m  -9.714   0.0429            
 H2O      0   -7.756   3.8909      nInu 17.37m  -4.08818112.631      nInu 496.9A  -2.873297203.69      H2O  269.2m  -7.774   3.7354            
 HCl      0  -10.908   0.0027      nInu 15.69m  -4.12716553.189      nInu 399.2A  -3.054195875.98      H2O  303.4m  -9.364   0.0960            
 SO       0  -10.676   0.0047      nInu 14.60m  -4.15515542.189      RRC.........................      H2O  101.0m  -9.769   0.0377            
 SiO      0   -9.912   0.0271      nInu 12.43m  -4.21913396.802      grains......................      H2O  398.5m -10.360   0.0097            
 CO       0  -10.620   0.0053      nInu 11.40m  -4.25212409.848      H-like iso-sequence.........      H2O  243.9m -11.296   0.0011            
 continua....................      nInu 10.46m  -4.28611495.652      Hlin 912.0A  -9.928   0.0262      H2O  138.5m -10.311   0.0108            
 Inci  4860A  -2.874296432.22      nInu 9.480m  -4.32410516.116      Hrst     0   -9.941   0.0254      SiO   2301m -11.265   0.0012            
 Inci  1215A  -1.8313276170.2      nInu 9.325m  -4.33010377.831      Q(H)  4861A  -4.32310539.040      SiO   1726m -10.862   0.0030            
 FIR  83.00m  -3.44479828.180      nInu 8.210m  -4.3809250.2168      Q(H)  1216A  -2.787362547.81      SiO   1380m -10.655   0.0049            
 TIR   1800m  -5.745 399.4381      nInu 7.580m  -4.4118621.0508      H  1  1216A  -6.569  59.8456      SiO   1150m -10.592   0.0057            
 NIRa 2.850m  -3.336102353.73      nInu 7.050m  -4.4378106.3589      H  1  1026A  -7.003  22.0565      SiO  986.1m -10.645   0.0050            
 NIRb 3.000m  -3.83132729.689      nInu 4.114m  -4.5206698.5020      H  1 972.5A  -7.328  10.4308      SiO  862.9m -10.799   0.0035            
 MIRa 15.00m  -4.01621390.787      nInu 2.324m  -4.25512337.039      H  1 949.7A  -7.669   4.7562      SiO  767.1m -11.042   0.0020            
 MIRb 22.50m  -3.79435625.680      nInu 1.643m  -3.99622410.939      H  1 937.8A  -7.929   2.6127      CO   866.7m -11.141   0.0016            
 NMIR 21.75m  -3.336102353.73      nInu 1.480m  -3.93325911.791      H  1 930.8A  -8.172   1.4947      CO   650.1m -11.106   0.0017            
 TFIR 611.2m  -3.95624565.348      nInu 1.436m  -3.82633092.895      H  1 926.2A  -8.390   0.9031      level 1 lines...............            
 TALL 10000A  -1.7354079570.0      nInu 1.119m  -3.64949810.883      H  1 923.2A  -8.639   0.5098      Mg 1  2853A  -9.642   0.0506            
 F12  12.00m  -4.4977067.6328      nInu  8330A  -3.42683249.008      H  1 921.0A  -9.042   0.2012      Mg 1  2026A -10.649   0.0050            
 F25  25.00m  -4.30710953.319      nInu  8079A  -3.305109921.27      H  1  6563A  -8.017   2.1317      Si 1  2518A -10.673   0.0047            
 F60  60.00m  -3.84431807.695      nInu  6210A  -3.095178358.75      H  1  4861A  -8.346   1.0000      Si 1  2215A -11.276   0.0012            
 F100 100.0m  -4.03120672.041      nInu  4885A  -2.870299313.22      H  1  4340A  -8.556   0.6167      Ca 1  4228A -11.014   0.0021            
 MIPS 24.00m  -4.6215311.3706      nInu  3704A  -2.641507007.94      H  1  4102A  -8.723   0.4202      Fe 1  3021A -10.842   0.0032            
 MIPS 70.00m  -4.20113973.782      nInu  3588A  -2.518673303.50      H  1  3970A  -8.942   0.2535      Fe 1  2966A -11.298   0.0011            
 MIPS 160.0m  -4.4268322.4404      nInu  2430A  -2.2371284963.2      H  1  3889A  -9.169   0.1503      Fe 2  1786A -11.192   0.0014            
 IRAC 3.600m  -5.1241668.3445      nInu  2392A  -2.2241323468.9      H  1  3835A  -9.432   0.0820      recombination...............            
 IRAC 4.500m  -5.2001401.1104      nInu  2071A  -2.1121716247.0      H  1  3798A  -9.850   0.0313      level2 lines................            
 IRAC 5.800m  -5.1261659.6622      nInu  2053A  -2.1121715114.1      H  1 1.875m  -8.895   0.2823      O  1 867.3A -11.188   0.0014            
 IRAC 8.000m  -4.8443177.6980      nInu  1793A  -2.0032201765.0      H  1 1.282m  -9.097   0.1773      O  1 976.8A -10.994   0.0022            
 SPR1 250.0m  -4.8473153.2637      nInu  1585A  -2.0731875939.9      H  1 1.094m  -9.252   0.1242      Ne 1 688.6A -11.070   0.0019            
 SPR2 350.0m  -5.2841154.1672      nInu  1458A  -1.8992798527.8      H  1 1.005m  -9.464   0.0762      Mg 1  1817A -11.248   0.0013            
 SPR3 500.0m  -5.670 474.1019      nFnu  1357A -11.314   0.0011      H  1  9546A  -9.688   0.0455      Al 1  1776A -10.961   0.0024            
 PAC1 70.00m  -4.13916127.172      nInu  1357A  -1.8193369708.8      H  1  9229A  -9.949   0.0249      Si 1  1261A -10.427   0.0083            
 PAC2 100.0m  -4.02620910.279      nFnu  1297A -11.135   0.0016      H  1  9015A -10.366   0.0095      Si 1  1853A -10.517   0.0068            
 PAC3 160.0m  -4.16915045.695      nInu  1297A  -1.8033492858.0      H  1 4.051m  -9.481   0.0733      Si 1  1694A -10.721   0.0042            
 PAH  3.300m  -5.952 247.5943      nFnu  1263A -10.818   0.0034      H  1 2.625m  -9.632   0.0517      Si 1  1626A -10.984   0.0023            
 PAHC 3.230m  -6.205 138.5274      nInu  1263A  -1.8093440423.2      H  1 2.166m  -9.840   0.0321      Si 1  1091A -10.936   0.0026            
 PAHC 3.370m  -6.284 115.3167      nFnu  1218A  -8.166   1.5155      H  1 1.945m -10.061   0.0193      Si 1  2000A -11.240   0.0013            
 PAH  6.200m  -5.579 585.1617      nInu  1218A  -1.8323263275.0      H  1 1.817m -10.321   0.0106      Si 1  1591A -11.240   0.0013            
 PAHC 5.650m  -5.573 593.2570      nFnu  1196A -10.061   0.0193      H  1 1.736m -10.736   0.0041      S  1  1356A -11.331   0.0010            
 PAH  7.900m  -5.2911134.1061      nInu  1196A  -1.7863632903.5      H  1 7.458m  -9.955   0.0246      Ar 1  1096A -11.271   0.0012            
 PAHC 6.900m  -5.2841152.8748      nFnu  1175A -10.798   0.0035      H  1 4.653m -10.141   0.0160      Fe 1  2485A -10.079   0.0185            
 PAH  11.30m  -5.707 435.8646      nInu  1175A  -1.8323269102.2      H  1 3.740m -10.355   0.0098      Fe 1  2527A -10.415   0.0085            
 PAHC 10.90m  -5.705 437.4209      nFnu  1144A -11.075   0.0019      H  1 3.296m -10.612   0.0054      Fe 1  2181A -10.697   0.0045            
 PAH  11.80m  -5.466 758.5668      nInu  1144A  -1.7184250351.5      H  1 3.038m -11.027   0.0021      Fe 1  2731A -10.870   0.0030            
 PAHC 12.65m  -5.469 754.2146      nFnu  1113A -11.225   0.0013      H  1 12.37m -10.417   0.0085      Fe 1  1851A -11.210   0.0014            
 PAH  13.30m  -5.413 857.6783      nInu  1113A  -1.8503130870.0      H  1 7.500m -10.606   0.0055      Fe 1  2361A -11.299   0.0011            
 PAHC 14.10m  -5.415 852.7106      nFnu  1103A -11.202   0.0014      H  1 5.907m -10.856   0.0031      Fe 1  2084A -11.307   0.0011            
 Bcon  3640A  -1.8613057571.2      nInu  1103A  -1.6934495997.0      H  1 5.127m -11.267   0.0012      hyperfine structure.........            
 Pcon  5000A  -3.007218223.03      nFnu  1074A -11.248   0.0013      H  1 19.06m -10.847   0.0032      inner shell.................            
 HFFc     0   -9.709   0.0434      nInu  1074A  -1.7613844330.0      H  1 11.31m -11.071   0.0019      molecules...................            
 nInu 2.003c -10.079   0.0185      nFnu  1064A -11.240   0.0013      H  1 27.80m -11.286   0.0011      H2dH     0  -10.903   0.0028            
 nInu 1.335c  -9.545   0.0633      nInu  1064A  -1.6834607362.0      He-like iso-sequence........      H-FB     0  -11.322   0.0011            
 nFnu  9993m -11.254   0.0012      nFnu  1036A -11.248   0.0013      Hlin 506.0A  -9.860   0.0307      H-FF     0   -9.709   0.0434            
 nInu  9993m  -9.167   0.1510      nInu  1036A  -1.6994436892.5      He 1     0  -11.275   0.0012      COdh     0  -11.145   0.0016            
 nFnu  6917m -11.039   0.0020      nFnu  1000A -11.225   0.0013      He 1 584.3A  -8.220   1.3382            

                                                    Emergent line intensities
 general properties..........      nInu 19.62m  -4.03920270.074      nFnu 760.0A -11.152   0.0016      He 1 515.6A  -9.531   0.0654            
 TOTL  4861A  -8.346   1.0000      nInu 17.65m  -4.08218358.822      nInu 760.0A  -2.1931421059.5      He 1 512.1A  -9.687   0.0456            
 TOTL  1216A  -6.569  59.8455      nInu 17.37m  -4.08818112.631      nFnu 701.5A -11.198   0.0014      He 1  5016A -11.190   0.0014            
 continua....................      nInu 15.69m  -4.12716553.189      nInu 701.5A  -2.385913489.19      Pho+  3889A  -9.263   0.1212            
 Inci  4860A  -2.874296432.22      nInu 14.60m  -4.15515542.189      nInu 608.2A  -2.528657101.00      database lines..............            
 Inci  1215A  -1.8313276170.2      nInu 12.43m  -4.21913396.802      nInu 575.1A  -2.479736164.19      H2O  538.1m  -8.121   1.6798            
 FIR  83.00m  -3.44479828.180      nInu 11.40m  -4.25212409.848      nInu 511.9A  -2.679464571.09      H2O  179.5m  -7.635   5.1378            
 TIR   1800m  -5.745 399.4381      nInu 10.46m  -4.28611495.652      nInu 496.9A  -2.873297203.69      H2O  108.0m  -8.878   0.2940            
 NIRa 2.850m  -3.336102353.73      nInu 9.480m  -4.32410516.116      nInu 399.2A  -3.054195875.98      H2O  180.4m -10.024   0.0210            
 NIRb 3.000m  -3.83132729.689      nInu 9.325m  -4.33010377.831      RRC.........................      H2O  174.6m  -9.714   0.0429            
 MIRa 15.00m  -4.01621390.787      nInu 8.210m  -4.3809250.2168      grains......................      H2O  269.2m  -7.774   3.7354            
 MIRb 22.50m  -3.79435625.680      nInu 7.580m  -4.4118621.0508      H-like iso-sequence.........      H2O  303.4m  -9.364   0.0960            
 NMIR 21.75m  -3.336102353.73      nInu 7.050m  -4.4378106.3589      Hlin 912.0A  -9.928   0.0262      H2O  101.0m  -9.769   0.0377            
 TFIR 611.2m  -3.95624565.348      nInu 4.114m  -4.5206698.5020      Q(H)  4861A  -4.32310539.040      H2O  398.5m -10.360   0.0097            
 TALL 10000A  -1.7354079570.0      nInu 2.324m  -4.25512337.039      Q(H)  1216A  -2.787362547.81      H2O  243.9m -11.296   0.0011            
 F12  12.00m  -4.4977067.6328      nInu 1.643m  -3.99622410.939      H  1  1216A  -6.569  59.8455      H2O  138.5m -10.311   0.0108            
 F25  25.00m  -4.30710953.319      nInu 1.480m  -3.93325911.791      H  1  1026A  -7.003  22.0565      SiO   2301m -11.265   0.0012            
 F60  60.00m  -3.84431807.695      nInu 1.436m  -3.82633092.895      H  1 972.5A  -7.328  10.4308      SiO   1726m -10.862   0.0030            
 F100 100.0m  -4.03120672.041      nInu 1.119m  -3.64949810.883      H  1 949.7A  -7.669   4.7562      SiO   1380m -10.655   0.0049            
 MIPS 24.00m  -4.6215311.3706      nInu  8330A  -3.42683249.008      H  1 937.8A  -7.929   2.6127      SiO   1150m -10.592   0.0057            
 MIPS 70.00m  -4.20113973.782      nInu  8079A  -3.305109921.27      H  1 930.8A  -8.172   1.4946      SiO  986.1m -10.645   0.0050            
 MIPS 160.0m  -4.4268322.4404      nInu  6210A  -3.095178358.75      H  1 926.2A  -8.390   0.9031      SiO  862.9m -10.799   0.0035            
 IRAC 3.600m  -5.1241668.3445      nInu  4885A  -2.870299313.22      H  1 923.2A  -8.639   0.5098      SiO  767.1m -11.042   0.0020            
 IRAC 4.500m  -5.2001401.1104      nInu  3704A  -2.641507007.94      H  1 921.0A  -9.042   0.2012      CO   866.7m -11.141   0.0016            
 IRAC 5.800m  -5.1261659.6622      nInu  3588A  -2.518673303.50      H  1  6563A  -8.017   2.1317      CO   650.1m -11.106   0.0017            
 IRAC 8.000m  -4.8443177.6980      nInu  2430A  -2.2371284963.2      H  1  4861A  -8.346   1.0000      level 1 lines...............            
 SPR1 250.0m  -4.8473153.2637      nInu  2392A  -2.2241323468.9      H  1  4340A  -8.556   0.6167      Mg 1  2853A  -9.642   0.0506            
 SPR2 350.0m  -5.2841154.1672      nInu  2071A  -2.1121716247.0      H  1  4102A  -8.723   0.4202      Mg 1  2026A -10.649   0.0050            
 SPR3 500.0m  -5.670 474.1019      nInu  2053A  -2.1121715114.1      H  1  3970A  -8.942   0.2535      Si 1  2518A -10.673   0.0047            
 PAC1 70.00m  -4.13916127.172      nInu  1793A  -2.0032201765.0      H  1  3889A  -9.169   0.1503      Si 1  2215A -11.276   0.0012            
 PAC2 100.0m  -4.02620910.279      nInu  1585A  -2.0731875939.9      H  1  3835A  -9.432   0.0820      Ca 1  4228A -11.014   0.0021            
 PAC3 160.0m  -4.16915045.695      nInu  1458A  -1.8992798527.8      H  1  3798A  -9.850   0.0313      Fe 1  3021A -10.842   0.0032            
 PAH  3.300m  -5.952 247.5943      nFnu  1357A -11.314   0.0011      H  1 1.875m  -8.895   0.2823      Fe 1  2966A -11.298   0.0011            
 PAHC 3.230m  -6.205 138.5274      nInu  1357A  -1.8193369708.8      H  1 1.282m  -9.097   0.1773      Fe 2  1786A -11.192   0.0014            
 PAHC 3.370m  -6.284 115.3167      nFnu  1297A -11.135   0.0016      H  1 1.094m  -9.252   0.1242      recombination...............            
 PAH  6.200m  -5.579 585.1617      nInu  1297A  -1.8033492858.0      H  1 1.005m  -9.464   0.0762      level2 lines................            
 PAHC 5.650m  -5.573 593.2570      nFnu  1263A -10.818   0.0034      H  1  9546A  -9.688   0.0455      O  1 867.3A -11.188   0.0014            
 PAH  7.900m  -5.2911134.1061      nInu  1263A  -1.8093440423.2      H  1  9229A  -9.949   0.0249      O  1 976.8A -10.994   0.0022            
 PAHC 6.900m  -5.2841152.8748      nFnu  1218A  -8.166   1.5155      H  1  9015A -10.366   0.0095      Ne 1 688.6A -11.070   0.0019            
 PAH  11.30m  -5.707 435.8646      nInu  1218A  -1.8323263275.0      H  1 4.051m  -9.481   0.0733      Mg 1  1817A -11.248   0.0013            
 PAHC 10.90m  -5.705 437.4209      nFnu  1196A -10.061   0.0193      H  1 2.625m  -9.632   0.0517      Al 1  1776A -10.961   0.0024            
 PAH  11.80m  -5.466 758.5668      nInu  1196A  -1.7863632903.5      H  1 2.166m  -9.840   0.0321      Si 1  1261A -10.427   0.0083            
 PAHC 12.65m  -5.469 754.2146      nFnu  1175A -10.798   0.0035      H  1 1.945m -10.061   0.0193      Si 1  1853A -10.517   0.0068            
 PAH  13.30m  -5.413 857.6783      nInu  1175A  -1.8323269102.2      H  1 1.817m -10.321   0.0106      Si 1  1694A -10.721   0.0042            
 PAHC 14.10m  -5.415 852.7106      nFnu  1144A -11.075   0.0019      H  1 1.736m -10.736   0.0041      Si 1  1626A -10.984   0.0023            
 Bcon  3640A  -1.8613057571.2      nInu  1144A  -1.7184250351.5      H  1 7.458m  -9.955   0.0246      Si 1  1091A -10.936   0.0026            
 Pcon  5000A  -3.007218223.03      nFnu  1113A -11.225   0.0013      H  1 4.653m -10.141   0.0160      Si 1  2000A -11.240   0.0013            
 nInu 2.003c -10.079   0.0185      nInu  1113A  -1.8503130870.0      H  1 3.740m -10.355   0.0098      Si 1  1591A -11.240   0.0013            
 nInu 1.335c  -9.545   0.0633      nFnu  1103A -11.202   0.0014      H  1 3.296m -10.612   0.0054      S  1  1356A -11.331   0.0010            
 nFnu  9993m -11.254   0.0012      nInu  1103A  -1.6934495997.0      H  1 3.038m -11.027   0.0021      Ar 1  1096A -11.271   0.0012            
 nInu  9993m  -9.167   0.1510      nFnu  1074A -11.248   0.0013      H  1 12.37m -10.417   0.0085      Fe 1  2485A -10.079   0.0185            
 nFnu  6917m -11.039   0.0020      nInu  1074A  -1.7613844330.0      H  1 7.500m -10.606   0.0055      Fe 1  2527A -10.415   0.0085            
 nInu  6917m  -8.692   0.4513      nFnu  1064A -11.240   0.0013      H  1 5.907m -10.856   0.0031      Fe 1  2181A -10.697   0.0045            
 nInu 122.4m  -3.61553869.176      nInu  1064A  -1.6834607362.0      H  1 5.127m -11.267   0.0012      Fe 1  2731A -10.870   0.0030            
 nInu 60.83m  -3.66248302.266      nFnu  1036A -11.248   0.0013      H  1 19.06m -10.847   0.0032      Fe 1  1851A -11.210   0.0014            
 nInu 41.22m  -3.77437297.531      nInu  1036A  -1.6994436892.5      H  1 11.31m -11.071   0.0019      Fe 1  2361A -11.299   0.0011            
 nInu 30.87m  -3.87729467.189      nFnu  1000A -11.225   0.0013      H  1 27.80m -11.286   0.0011      Fe 1  2084A -11.307   0.0011            
 nInu 24.78m  -3.95624556.414      nInu  1000A  -1.7024409448.5      He-like iso-sequence........      hyperfine structure.........            
 nInu 24.30m  -3.96324152.781      nFnu 925.1A -11.181   0.0015      Hlin 506.0A  -9.860   0.0307      inner shell.................            
 nInu 22.83m  -3.98522981.258      nInu 925.1A  -1.7533916306.0      He 1 584.3A  -8.220   1.3375      molecules...................            
 nInu 21.42m  -4.00821776.121      nFnu 897.8A -11.202   0.0014      He 1 537.0A  -8.749   0.3952            
 nInu 21.12m  -4.01421507.139      nInu 897.8A  -2.1761478831.1      He 1 522.2A  -9.278   0.1170            



                                                                           
 Heating:  BFH1     0 :0.967  

 These are some of the most important databases used by Cloudy:
 Many recombination coefficients were taken from http://amdpp.phys.strath.ac.uk/tamoc/RR/ and http://amdpp.phys.strath.ac.uk/tamoc/DR/
      and are based on the following papers:
        Badnell N. R., et al., A&A 406, 1151 (2003) [http://adsabs.harvard.edu/abs/2003A%26A...406.1151B]
        Badnell N. R., ApJS 167, 334 (2006) [http://adsabs.harvard.edu/abs/2006ApJS..167..334B]
 Much of the molecular emission data is from LAMDA as accessed on Dec. 18, 2010. This database is described in:
        Schoeier F.L., et al., A&A 432, 369 (2005) [http://adsabs.harvard.edu/abs/2005A%26A...432..369S]
      This database is in part based on the work of the following groups:
        JPL: Pickett H. M. et al., JQSRT, 60, 883 (1998). [http://adsabs.harvard.edu/abs/1998JQSRT..60..883P]
        CDMS: Mueller H. S. et al., A&A 370, L49 (2001). [http://adsabs.harvard.edu/abs/2001A%26A...370L..49M]
              Mueller H. S. et al., J. Mol. Struct. 742, 215 (2005). [http://adsabs.harvard.edu/abs/2005JMoSt.742..215M]
 Much of the ionic emission data is from version 7.0 of CHIANTI. CHIANTI is a collaborative project involving the NRL (USA), the
      Universities of Florence (Italy) and Cambridge (UK), and George Mason University (USA). These papers describe Chianti:
        Dere K. P., et al., A&AS, 125, 149 (1997) [http://adsabs.harvard.edu/abs/1997A%26AS..125..149D]
        Landi E., et al., ApJ, 744, 99 (2012) [http://adsabs.harvard.edu/abs/2012ApJ...744...99L]
 Much of the H_2 data is from this web site: http://molat.obspm.fr/index.php?page=pages/Molecules/H2/H2can94.php. These data are
      described in:
        Abgrall H. et al., Can. J. Phys., 72, 856 (1994) [http://adsabs.harvard.edu/abs/1994CaJPh..72..856A]
        Wrathmall S. A. & Flower D. R., J. Phys. B, 40, 3221 (2007) [http://adsabs.harvard.edu/abs/2007JPhB...40.3221W]
 Please cite those papers that played a significant role in this calculation.

 IONIZE PARMET:  U(1-)-14.4768  U(4-):-25.1133  U(sp):-14.48  Q(ion):    8.000  L(ion) -2.538    Q(low): 10.371    L(low) -1.810
 ENERGY BUDGET:  Heat:  -7.299  Coolg:  -7.299  Error:  0.0%  Rec Lin:  -8.184  F-F  H  0.000    P(rad/tot)max     0.00E+00

     Col(Heff):      0.000E+00  snd travl time  9.84E-04 sec  Te-low: 1.63E+01  Te-hi: 1.63E+01  G0TH85: 6.89E+00  G0DB96:8.98E+00
  Emiss Measure    n(e)n(p) dl       8.936E+09  n(e)n(He+)dl         1.954E+08  En(e)n(He++) dl         0.000E+00  ne nC+:2.96E+08
 He/Ha:4.40E-04  =   0.01*true  Lthin:3.36E+03  itr/zn:25.00  H2 itr/zn:  0.00  File Opacity: F  MassTot 7.33e-11  (gm/cm^2)
   Temps(21 cm)   T(21cm/Ly a)  1.53E+01        T(<nH/Tkin>)  1.63E+01          T(<nH/Tspin>)    1.64E+01          TB21cm:1.95E-05
                   N(H0/Tspin)  1.97E+12        N(OH/Tkin)    8.18E+03          B(21cm)          0.00E+00
   <a>:3.72E-07  erdeFe0.0E+00  Tcompt6.47E+07  Tthr2.35E+06  <Tden>: 1.63E+01  <dens>:2.27E-12  <MolWgt>1.26E+00
     Mean Jeans  l(cm)1.49E+14  M(sun)2.00E-03  smallest:     len(cm):1.49E+14  M(sun):2.00E-03  a_ox tran:  0.00
 Rion:1.000E+30  Dist:0.00E+00  Diam:0.000E+00
 Hatom level 70  HatomType: add  HInducImp  F  He tot level: 63  He2 level:   70  ExecTime    81.6
 ConvrgError(%)  <eden>  0.388  MaxEden  0.388  <H-C>   0.01  Max(H-C)    0.01  <Press>   0.000  MaxPrs er  0.000
  Continuity(%)  chng Te   0.0  elec den   0.0  n(H2)    0.0  n(CO)        0.0

                                                        Averaged Quantities
             Te      Te(Ne)   Te(NeNp)  Te(NeHe+)Te(NeHe2+) Te(NeO+)  Te(NeO2+)  Te(H2)     N(H)     Ne(O2+)   Ne(Np)
 Radius:  1.63e+01  1.63e+01  1.63e+01  1.63e+01  0.00e+00  1.63e+01  0.00e+00  1.63e+01  1.00e+12  0.00e+00  9.87e+05

 Contin Optical Depths: COMP: 2.12e-17    H-: 2.49e-17 R(1300): 2.16e-10  H2+: 1.27e-19  Pfa:1.58E-16
                          Pa: 1.93e-16    Ba: 1.09e-14      Hb: 3.81e-14   La: 4.95e-07     1r:2.037E-04  1.8:6.08E-05 4.:8.809E-06

 Old, new H  1 continuum optical depths:
     1 2.04e-04     2 1.31e-17     3 2.74e-17     4 2.74e-17     5 2.74e-17     6 1.65e-17     7 1.65e-17     8 1.65e-17
     9 1.65e-17    10 3.11e-17    11 3.11e-17    12 3.11e-17    13 3.11e-17    14 3.11e-17    15 7.70e-17    16 7.70e-17
    17 7.70e-17    18 7.70e-17    19 7.70e-17    20 7.70e-17    21 1.66e-16    22 1.66e-16    23 1.66e-16    24 1.66e-16
    25 1.66e-16    26 1.66e-16    27 1.66e-16    28 3.22e-16    29 3.22e-16    30 3.22e-16    31 3.22e-16    32 3.22e-16
    33 3.22e-16    34 3.22e-16    35 3.22e-16    36 5.77e-16    37 5.77e-16    38 5.77e-16    39 5.77e-16    40 5.77e-16
    41 5.77e-16    42 5.77e-16    43 5.77e-16    44 5.77e-16    45 9.74e-16    46 9.74e-16    47 9.74e-16    48 9.74e-16
    49 9.74e-16    50 9.74e-16    51 9.74e-16    52 9.74e-16    53 9.74e-16    54 9.74e-16
     1 2.04e-04     2 1.31e-17     3 2.74e-17     4 2.74e-17     5 2.74e-17     6 1.65e-17     7 1.65e-17     8 1.65e-17
     9 1.65e-17    10 3.11e-17    11 3.11e-17    12 3.11e-17    13 3.11e-17    14 3.11e-17    15 7.70e-17    16 7.70e-17
    17 7.70e-17    18 7.70e-17    19 7.70e-17    20 7.70e-17    21 1.66e-16    22 1.66e-16    23 1.66e-16    24 1.66e-16
    25 1.66e-16    26 1.66e-16    27 1.66e-16    28 3.22e-16    29 3.22e-16    30 3.22e-16    31 3.22e-16    32 3.22e-16
    33 3.22e-16    34 3.22e-16    35 3.22e-16    36 5.77e-16    37 5.77e-16    38 5.77e-16    39 5.77e-16    40 5.77e-16
    41 5.77e-16    42 5.77e-16    43 5.77e-16    44 5.77e-16    45 9.74e-16    46 9.74e-16    47 9.74e-16    48 9.74e-16
    49 9.74e-16    50 9.74e-16    51 9.74e-16    52 9.74e-16    53 9.74e-16    54 9.74e-16

 Old, new H  1 mean line optical depths:
  2- 1 8.23e+01  3- 2 5.39e-14  4- 3 3.17e-15  5- 4 5.28e-15  6- 5 4.63e-15  7- 6 2.10e-14  8- 7 9.89e-14
  9- 8 3.50e-13 10- 9 1.11e-12
  2- 1 8.23e+01  3- 2 5.39e-14  4- 3 3.17e-15  5- 4 5.27e-15  6- 5 4.61e-15  7- 6 2.09e-14  8- 7 9.86e-14
  9- 8 3.49e-13 10- 9 1.11e-12

 Old, new He 2 continuum optical depths:
     1 8.81e-06     2 2.01e-04     3 4.26e-09     4 4.26e-09     5 4.26e-09     6 1.31e-17     7 1.31e-17     8 1.31e-17
     9 1.31e-17    10 2.12e-17    11 2.12e-17    12 2.12e-17    13 2.12e-17    14 2.12e-17    15 2.74e-17    16 2.74e-17
    17 2.74e-17    18 2.74e-17    19 2.74e-17    20 2.74e-17    21 2.63e-17    22 2.63e-17    23 2.63e-17    24 2.63e-17
    25 2.63e-17    26 2.63e-17    27 2.63e-17    28 1.65e-17    29 1.65e-17    30 1.65e-17    31 1.65e-17    32 1.65e-17
    33 1.65e-17    34 1.65e-17    35 1.65e-17    36 1.84e-17    37 1.84e-17    38 1.84e-17    39 1.84e-17    40 1.84e-17
    41 1.84e-17    42 1.84e-17    43 1.84e-17    44 1.84e-17    45 3.11e-17    46 3.11e-17    47 3.11e-17    48 3.11e-17
    49 3.11e-17    50 3.11e-17    51 3.11e-17    52 3.11e-17    53 3.11e-17    54 3.11e-17
     1 8.81e-06     2 2.01e-04     3 4.26e-09     4 4.26e-09     5 4.26e-09     6 1.31e-17     7 1.31e-17     8 1.31e-17
     9 1.31e-17    10 2.12e-17    11 2.12e-17    12 2.12e-17    13 2.12e-17    14 2.12e-17    15 2.74e-17    16 2.74e-17
    17 2.74e-17    18 2.74e-17    19 2.74e-17    20 2.74e-17    21 2.63e-17    22 2.63e-17    23 2.63e-17    24 2.63e-17
    25 2.63e-17    26 2.63e-17    27 2.63e-17    28 1.65e-17    29 1.65e-17    30 1.65e-17    31 1.65e-17    32 1.65e-17
    33 1.65e-17    34 1.65e-17    35 1.65e-17    36 1.84e-17    37 1.84e-17    38 1.84e-17    39 1.84e-17    40 1.84e-17
    41 1.84e-17    42 1.84e-17    43 1.84e-17    44 1.84e-17    45 3.11e-17    46 3.11e-17    47 3.11e-17    48 3.11e-17
    49 3.11e-17    50 3.11e-17    51 3.11e-17    52 3.11e-17    53 3.11e-17    54 3.11e-17

 Old, new He 2 mean line optical depths:
  2- 1 1.77e-20  3- 2 8.86e-21  4- 3 4.43e-21  5- 4 4.43e-21  6- 5 4.43e-21  7- 6 4.43e-21  8- 7 4.43e-21
  9- 8 4.43e-21 10- 9 4.43e-21
  2- 1 8.86e-21  3- 2 4.43e-21  4- 3 2.22e-21  5- 4 2.22e-21  6- 5 2.22e-21  7- 6 2.22e-21  8- 7 2.22e-21
  9- 8 2.22e-21 10- 9 2.22e-21

 Old He Is optical depths:    1 6.08e-05    2 3.72e-13    3 1.08e-17    4 1.21e-17    5 1.21e-17
 New He Is optical depths:    1 6.08e-05    2 3.72e-13    3 1.08e-17    4 1.21e-17    5 1.21e-17
          Old He Is Lines:  584 4.36e+00 3889 1.42e-12 5016 2.22e-14 5876 2.23e-18
          New He Is Lines:  584 4.36e+00 3889 1.42e-12 5016 2.22e-14 5876 2.23e-18

==== H      compounds ====           Log10 column densities [cm^-2}
   H2        : 10.487   H2*       :  3.171   H2+       : -1.741   H3+       : -1.796
==== He     compounds ====
   HeH+      : -2.709
==== Li     compounds ====
   LiH       : -5.811   LiH+      :-11.335
==== C      compounds ====
   CH        :  2.925   CH+       : -4.544   CH2       : -0.958   CH2+      : -4.544   CH3       :  0.727   CH3+      : -4.667   CH4       : -3.354   CH4+      : -9.449
   CH5+      : -9.679   C2        : -0.468   C2+       : -5.548   C2H       : -3.506   C2H+      : -6.430   C2H2      : -5.409   C2H2+     : -6.686   C2H3+     :-11.648
   C3        : -8.333   C3+       :-11.691   C3H       : -5.461   C3H+      :-11.367
==== N      compounds ====
   NH        :  0.286   NH+       : -1.876   NH2       :  0.517   NH2+      : -2.045   NH3       :  2.549   NH3+      : -2.658   NH4+      : -4.250   CN        :  3.169
   CN+       : -8.098   HCN       :  1.751   HCN+      : -5.208   HNC       :  1.266   HCNH+     : -4.663   HC3N      :-35.930   N2        :  9.034   N2+       : -1.452
   N2H+      : -2.656
==== O      compounds ====
   OH        :  5.125   OH+       :  0.664   H2O       :  9.692   H2O+      :  3.554   H3O+      :  3.263   CO        :  9.936   CO+       : -2.505   HCO+      :  2.383
   H2CO      :-35.930   CH3OH     :-35.930   ^13CO     :  8.458   NO        :  6.204   NO+       :  0.109   HNO       : -2.546   HNO+      : -0.617   OCN       :  1.498
   OCN+      : -2.822   N2O       : -6.978   O2        :  7.743   O2+       :  1.434   NO2       :  0.939   NO2+      : -5.065
==== Ne     compounds ====
   NeH+      : -2.624
==== Si     compounds ====
   SiH       : -1.948   SiH2+     : -5.072   SiC2      :-35.930   SiN       : -3.582   SiN+      : -6.370   SiO       :  8.466   SiO+      :  2.366   SiOH+     :  2.414
==== S      compounds ====
   HS        :  3.594   HS+       : -0.495   CS        :  7.187   CS+       :  1.245   HCS+      :  1.289   NS        :  1.198   NS+       : -2.140   SO        :  8.294
   SO+       :  2.322   OCS       :  7.662   OCS+      :  1.332   SO2       :-35.930   S2        :-35.930   S2+       :-35.930
==== Cl     compounds ====
   HCl       :  6.641   HCl+      : -0.096   H2Cl+     : -0.255   CCl       : -6.120   CCl+      : -1.452   H2CCl+    : -8.524   ClO       :-35.930   ClO+      :-35.930
==== Ar     compounds ====
   ArH+      :  2.486
==== Ti     compounds ====
   TiH       :-35.930   TiH+      :-35.930   TiH2      :-35.930   TiH2+     :-35.930   TiC       :-35.930   TiC+      :-35.930   HCTi      :-35.930   HCTi+     :-35.930
   TiC2      :-35.930   TiC2+     :-35.930   TiN       :-35.930   TiN+      :-35.930   HNTi      :-35.930   HNTi+     :-35.930   TiNC      :-35.930   TiNC+     :-35.930
   TiO       :-35.930   TiO+      :-35.930   TiOH+     :-35.930   TiO2      :-35.930   TiF+      :-35.930   TiS       :-35.930   TiS+      :-35.930   HTiS      :-35.930


               1      2      3      4      5      6      7      8      9     10     11     12     13     14     15     16     17

 Hydrogen   13.508  3.957 10.487 (H2)                Log10 Column density (cm^-2)
 Helium     12.439  2.297-30.000
 Lithium     2.558 -1.936-30.000-30.000
 Beryllium   2.889 -1.886-10.421-30.000-30.000
 Boron       4.209  0.314-11.762-30.000-30.000-30.000
 Carbon      5.086  2.477 -7.979-30.000-30.000-30.000-30.000
 Nitrogen    7.276  0.801-30.000-30.000-30.000-30.000-30.000-30.000
 Oxygen      9.211 -1.907-30.000-30.000-30.000-30.000-30.000-30.000-30.000
 Fluorine    6.069  0.803 -8.406-30.000-30.000-30.000-30.000-30.000-30.000-30.000
 Neon        9.439  0.479 -9.961-30.000-30.000-30.000-30.000-30.000-30.000-30.000-30.000
 Sodium      7.749  3.544 -7.798-30.000-30.000-30.000-30.000-30.000-30.000-30.000-30.000-30.000
 Magnesium   9.108  6.371 -3.356-30.000-30.000-30.000-30.000-30.000-30.000-30.000-30.000-30.000-30.000
 Aluminium   7.949  6.304 -3.024-30.000-30.000-30.000-30.000-30.000-30.000-30.000-30.000-30.000-30.000-30.000
 Silicon     8.877  3.805-30.000-30.000-30.000-30.000-30.000-30.000-30.000-30.000-30.000-30.000-30.000-30.000-30.000
 Phosphorus  6.917  4.530 -3.925-30.000-30.000-30.000-30.000-30.000-30.000-30.000-30.000-30.000-30.000-30.000-30.000-30.000
 Sulphur     8.225  2.955 -7.676-30.000-30.000-30.000-30.000-30.000-30.000-30.000-30.000-30.000-30.000-30.000-30.000-30.000-30.000
 Chlorine    6.765  0.275 -8.510-30.000-30.000-30.000-30.000-30.000-30.000-30.000-30.000-30.000-30.000-30.000-30.000-30.000-30.000
-30.000
 Argon       7.909 -0.807-30.000-30.000-30.000-30.000-30.000-30.000-30.000-30.000-30.000-30.000-30.000-30.000-30.000-30.000-30.000
-30.000-30.000
 Potassium   6.538  1.927 -5.240-30.000-30.000-30.000-30.000-30.000-30.000-30.000-30.000-30.000-30.000-30.000-30.000-30.000-30.000
-30.000-30.000-30.000
 Calcium     7.849  3.295 -1.206-30.000-30.000-30.000-30.000-30.000-30.000-30.000-30.000-30.000-30.000-30.000-30.000-30.000-30.000
-30.000-30.000-30.000-30.000
 Scandium    4.658  0.224 -4.034-30.000-30.000-30.000-30.000-30.000-30.000-30.000-30.000-30.000-30.000-30.000-30.000-30.000-30.000
-30.000-30.000-30.000-30.000-30.000
 Titanium    6.452  4.626 -2.598-30.000-30.000-30.000-30.000-30.000-30.000-30.000-30.000-30.000-30.000-30.000-30.000-30.000-30.000
-30.000-30.000-30.000-30.000-30.000-30.000
 Vanadium    5.439  0.676 -6.081-30.000-30.000-30.000-30.000-30.000-30.000-30.000-30.000-30.000-30.000-30.000-30.000-30.000-30.000
-30.000-30.000-30.000-30.000-30.000-30.000-30.000
 Chromium    7.149  3.013 -7.905-30.000-30.000-30.000-30.000-30.000-30.000-30.000-30.000-30.000-30.000-30.000-30.000-30.000-30.000
-30.000-30.000-30.000-30.000-30.000-30.000-30.000-30.000
 Manganese   6.933  5.081 -6.948-30.000-30.000-30.000-30.000-30.000-30.000-30.000-30.000-30.000-30.000-30.000-30.000-30.000-30.000
-30.000-30.000-30.000-30.000-30.000-30.000-30.000-30.000-30.000
 Iron        8.997  7.419 -5.366-30.000-30.000-30.000-30.000-30.000-30.000-30.000-30.000-30.000-30.000-30.000-30.000-30.000-30.000
-30.000-30.000-30.000-30.000-30.000-30.000-30.000-30.000-30.000-30.000
 Cobalt      6.499  1.406-10.581-30.000-30.000-30.000-30.000-30.000-30.000-30.000-30.000-30.000-30.000-30.000-30.000-30.000-30.000
-30.000-30.000-30.000-30.000-30.000-30.000-30.000-30.000-30.000-30.000-30.000
 Nickel      7.722  5.946 -6.110-30.000-30.000-30.000-30.000-30.000-30.000-30.000-30.000-30.000-30.000-30.000-30.000-30.000-30.000
-30.000-30.000-30.000-30.000-30.000-30.000-30.000-30.000-30.000-30.000-30.000-30.000
 Copper      5.699  1.309 -6.551-30.000-30.000-30.000-30.000-30.000-30.000-30.000-30.000-30.000-30.000-30.000-30.000-30.000-30.000
-30.000-30.000-30.000-30.000-30.000-30.000-30.000-30.000-30.000-30.000-30.000-30.000-30.000
 Zinc        6.069  0.955 -7.680-30.000-30.000-30.000-30.000-30.000-30.000-30.000-30.000-30.000-30.000-30.000-30.000-30.000-30.000
-30.000-30.000-30.000-30.000-30.000-30.000-30.000-30.000-30.000-30.000-30.000-30.000-30.000-30.000
 Exc state    He1* -0.253   CII*  0.347   C11*  4.827   C12*  4.676   C13*  3.862   O11*  9.211   O12*  2.930   O13* -0.178
              Si2* -6.729   C30*-35.930   C31*-35.930   C32*-35.930


 Hydrogen   -0.001 -9.552 -2.721 (H2)                 Log10 Mean Ionisation (over radius)
 Helium      0.000-10.142
 Lithium    -0.000 -4.494
 Beryllium  -0.000 -4.775-13.310
 Boron      -0.000 -3.895-15.971
 Carbon     -4.853 -7.461-17.918
 Nitrogen   -2.062 -8.538
 Oxygen     -0.988-12.106
 Fluorine   -0.000 -5.265-14.474
 Neon        0.000 -8.960-19.399
 Sodium     -0.000 -4.206-15.548
 Magnesium  -0.001 -2.738-12.465
 Aluminium  -0.010 -1.655-10.983
 Silicon    -0.142 -5.214
 Phosphorus -0.002 -2.389-10.844
 Sulphur    -0.404 -5.674-16.305
 Chlorine   -0.244 -6.734-15.519
 Argon      -0.000 -8.715
 Potassium  -0.000 -4.611-11.778
 Calcium    -0.000 -4.554 -9.056
 Scandium   -0.000 -4.434 -8.692
 Titanium   -0.006 -1.833 -9.056
 Vanadium   -0.000 -4.762-11.520
 Chromium   -0.000 -4.136-15.054
 Manganese  -0.006 -1.858-13.886
 Iron       -0.011 -1.589-14.374
 Cobalt     -0.000 -5.092-17.080
 Nickel     -0.007 -1.783-13.839
 Copper     -0.000 -4.391-12.250
 Zinc       -0.000 -5.114-13.749

               1      2      3      4      5      6      7      8      9     10     11     12     13     14     15     16     17

 Hydrogen   -0.001 -9.552 -2.721 (H2)         Log10 Mean Ionisation (over radius*electron density)
 Helium      0.000-10.142
 Lithium    -0.000 -4.494
 Beryllium  -0.000 -4.775-13.310
 Boron      -0.000 -3.895-15.971
 Carbon     -4.853 -7.461-17.918
 Nitrogen   -2.062 -8.538
 Oxygen     -0.988-12.106
 Fluorine   -0.000 -5.265-14.474
 Neon        0.000 -8.960-19.399
 Sodium     -0.000 -4.206-15.548
 Magnesium  -0.001 -2.738-12.465
 Aluminium  -0.010 -1.655-10.983
 Silicon    -0.142 -5.214
 Phosphorus -0.002 -2.389-10.844
 Sulphur    -0.404 -5.674-16.305
 Chlorine   -0.244 -6.734-15.519
 Argon      -0.000 -8.715
 Potassium  -0.000 -4.611-11.778
 Calcium    -0.000 -4.554 -9.056
 Scandium   -0.000 -4.434 -8.692
 Titanium   -0.006 -1.833 -9.056
 Vanadium   -0.000 -4.762-11.520
 Chromium   -0.000 -4.136-15.054
 Manganese  -0.006 -1.858-13.886
 Iron       -0.011 -1.589-14.374
 Cobalt     -0.000 -5.092-17.080
 Nickel     -0.007 -1.783-13.839
 Copper     -0.000 -4.391-12.250
 Zinc       -0.000 -5.114-13.749

               1      2      3      4      5      6      7      8      9     10     11     12     13     14     15     16     17

 Hydrogen    1.213  1.213  1.213 (H2)                  Log10 Mean Temperature (over radius)
 Helium      1.213  1.213
 Lithium     1.213  1.213
 Beryllium   1.213  1.213  1.213
 Boron       1.213  1.213  1.213
 Carbon      1.213  1.213  1.213
 Nitrogen    1.213  1.213
 Oxygen      1.213  1.213
 Fluorine    1.213  1.213  1.213
 Neon        1.213  1.213  1.213
 Sodium      1.213  1.213  1.213
 Magnesium   1.213  1.213  1.213
 Aluminium   1.213  1.213  1.213
 Silicon     1.213  1.213
 Phosphorus  1.213  1.213  1.213
 Sulphur     1.213  1.213  1.213
 Chlorine    1.213  1.213  1.213
 Argon       1.213  1.213
 Potassium   1.213  1.213  1.213
 Calcium     1.213  1.213  1.213
 Scandium    1.213  1.213  1.213
 Titanium    1.213  1.213  1.213
 Vanadium    1.213  1.213  1.213
 Chromium    1.213  1.213  1.213
 Manganese   1.213  1.213  1.213
 Iron        1.213  1.213  1.213
 Cobalt      1.213  1.213  1.213
 Nickel      1.213  1.213  1.213
 Copper      1.213  1.213  1.213
 Zinc        1.213  1.213  1.213

               1      2      3      4      5      6      7      8      9     10     11     12     13     14     15     16     17

 Hydrogen    1.213  1.213  1.213 (H2)          Log10 Mean Temperature (over radius*electron density)
 Helium      1.213  1.213
 Lithium     1.213  1.213
 Beryllium   1.213  1.213  1.213
 Boron       1.213  1.213  1.213
 Carbon      1.213  1.213  1.213
 Nitrogen    1.213  1.213
 Oxygen      1.213  1.213
 Fluorine    1.213  1.213  1.213
 Neon        1.213  1.213  1.213
 Sodium      1.213  1.213  1.213
 Magnesium   1.213  1.213  1.213
 Aluminium   1.213  1.213  1.213
 Silicon     1.213  1.213
 Phosphorus  1.213  1.213  1.213
 Sulphur     1.213  1.213  1.213
 Chlorine    1.213  1.213  1.213
 Argon       1.213  1.213
 Potassium   1.213  1.213  1.213
 Calcium     1.213  1.213  1.213
 Scandium    1.213  1.213  1.213
 Titanium    1.213  1.213  1.213
 Vanadium    1.213  1.213  1.213
 Chromium    1.213  1.213  1.213
 Manganese   1.213  1.213  1.213
 Iron        1.213  1.213  1.213
 Cobalt      1.213  1.213  1.213
 Nickel      1.213  1.213  1.213
 Copper      1.213  1.213  1.213
 Zinc        1.213  1.213  1.213

               1      2      3      4      5      6      7      8      9     10     11     12     13     14     15     16     17
                                                                          

---------------Convergence statistics---------------
      1.69 mean iterations/state convergence
      2.77 mean cx acceleration loops/iteration
         1 mean iso convergence loops/ion solve
      1.06 mean steps/chemistry solve
       1.1 mean step length searches/chemistry step
----------------------------------------------------

 Cloudy ends: 1 zone, 3 iterations.  ExecTime(s) 81.65
 [Stop in cdMain at ../maincl.cpp:483, Cloudy exited OK]
 ************************************************** GRID_DELIMIT -- grid000000012
