                                                          Cloudy 13.03
                                                         www.nublado.org

                       **************************************13Feb20**************************************
                       *                                                                                 *
                       * c                                                                               *
                       * phi(h) 12.000000 LOG range -0.000232 6.866524                                   *
                       * grid from 8 to 23 in 1 dex steps                                                *
                       * HDEN=6.000000 LOG                                                               *
                       * grid from 0 to 12 in 1 dex steps                                                *
                       * set pres ionize 1e5                                                             *
                       * c                                                                               *
                       * c                                                                               *
                       * table star "Rotation_inst.mod" age 6.78                                         *
                       * c<< Rotation_ins model    4 read.       Age =    6010000.00                 >>> *
                       * c<< Rotation_ins model    5 read.       Age =    8010000.00                 >>> *
                       * c<< FINAL:     Age =    6025595.86                                          >>> *
                       * c                                                                               *
                       * c                                                                               *
                       * abundances GASS10                                                               *
                       * c                                                                               *
                       * c                                                                               *
                       * iterate to convergence max = 7                                                  *
                       * stop column density = 23                                                        *
                       * c                                                                               *
                       * c                                                                               *
                       * print last                                                                      *
                       * set save prefix "geneva_inst_rot_6"                                             *
                       * save grid ".grd" last no hash                                                   *
                       * save linelist "emissionlines_abs.txt" "LineList_HII.dat" absolute last no hash    *
                       *                                                                                 *
                       ***********************************************************************************



           3972CellPeak1.00E+00   Lo 1.00e-08=910.79cm   Hi-Con:4.21E+00 Ryd   E(hi):7.35E+06Ryd     E(hi):     100.01 MeV
           I(nu>1ryd):   1.4624   Average nu:1.330E+00   I( X-ray):   0.0000   I(BalC):   2.1389     Phi(BalmrC):  13.0435
           phi(1.0-1.8):11.9574   phi(1.8-4.0): 10.970   phi(4.0-20):  1.363   phi(20--):  0.000     Ion pht flx:1.000E+12
           I(gam ray):   0.0000   phi(gam r):   0.0000   I(Infred):   1.2347   Alf(ox):   0.0000     Total inten:   2.2645
           U(1.0----):3.336E-05   U(4.0----):7.703E-16   T(En-Den):3.001E+01   T(Comp):2.841E+04     nuJnu(912A):1.206E+02
           Occ(FarIR):4.095E+01   Occ(H n=6):2.886E-11   Occ(1Ryd):5.543E-15   Occ(4R):1.859E-26     Occ (Nu-hi):1.724E-27
           Tbr(FarIR):6.489E-02   Tbr(H n=6):1.265E-07   Tbr(1Ryd):8.762E-10   Tbr(4R):1.175E-20     Tbr (Nu-hi):1.143E-21
  
                                                  Gas Phase Chemical Composition
        H :  0.0000  He: -1.0701  Li:-10.9508  Be:-10.6198  B : -9.3002  C : -3.5702  N : -4.1701  O : -3.3098  F : -7.4401
        Ne: -4.0701  Na: -5.7595  Mg: -4.4001  Al: -5.5498  Si: -4.4895  P : -6.5901  S : -4.8794  Cl: -6.5003  Ar: -5.6003
        K : -6.9706  Ca: -5.6596  Sc: -8.8508  Ti: -7.0501  V : -8.0701  Cr: -6.3595  Mn: -6.5702  Fe: -4.5003  Co: -7.0101
                                               Ni: -5.7799  Cu: -7.8097  Zn: -7.4401
 
 ####  1  Te:7.954E+03 Hden:1.000E+06 Ne:9.334E+05 R:1.000E+30 R-R0:1.061E+09 dR:2.121E+09 NTR: 23 Htot:1.827E-12 T912: 1.50e-03###
 Hydrogen      1.12e-01 8.88e-01 H+o/Hden 1.00e+00 7.21e-09 H-    H2 4.21e-12 7.51e-10 H2+ HeH+ 5.31e-09 Ho+ ColD 2.37e+14 1.88e+15
 Helium        4.66e-01 5.34e-01 7.85e-12 HeI 2s3S 4.22e-06 Comp H,C 2.19e-21 6.12e-22 Fill Fac 1.00e+00 Gam1/tot 1.00e+00
 He singlet n  4.66e-01 2.08e-09 3.33e-16 1.25e-16 2.82e-16 1.61e-16 He tripl 4.22e-06 1.04e-13 3.72e-16 2.07e-15 4.62e-16
 Pressure      NgasTgas 1.61e+10 P(total) 2.22e-06 P( gas ) 2.22e-06 P(Radtn) 0.00e+00 Rad accl 6.28e-04 ForceMul 3.74e+05
 Texc(La)      3.69e+03 T(I con) 3.00e+01 T(D con) 2.37e+00 T(U tot) 3.00e+01 nT (c+d) 7.82e+06 Prad/Gas 0.00e+00 Pmag/Gas 0.00e+00
 Molecules     CH/Ctot: 6.35e-11 CH+/Ctot 5.37e-11 CO/Ctot: 2.45e-12 CO+/Ctot 1.72e-14 H2O/Otot 5.74e-20 OH/Ototl 4.93e-10
 Lithium       1.15e-02 9.89e-01 0.00e+00 0.00e+00 Berylliu 2.17e-01 6.29e-01 1.54e-01 0.00e+00 0.00e+00 sec ion: 0.00e+00
 Boron         1.15e-02 9.62e-01 2.61e-02 1.05e-05 0.00e+00 0.00e+00
 Carbon        1.41e-02 9.30e-01 5.56e-02 0.00e+00 0.00e+00 0.00e+00 0.00e+00 H2O+/O   9.70e-21 OH+/Otot 1.59e-10 Hex(tot) 0.00e+00
 Nitrogen      7.88e-02 9.19e-01 1.93e-03 0.00e+00 0.00e+00 0.00e+00 0.00e+00 0.00e+00 O2/Ototl 4.20e-14 O2+/Otot 8.57e-15
 Oxygen        1.35e-01 8.64e-01 1.11e-03 0.00e+00 0.00e+00 0.00e+00 0.00e+00 0.00e+00 0.00e+00
 Fluorine      8.27e-02 8.98e-01 1.91e-02 0.00e+00 0.00e+00 0.00e+00 0.00e+00 0.00e+00 0.00e+00 0.00e+00
 Neon          1.60e-01 8.37e-01 2.29e-03 0.00e+00 0.00e+00 0.00e+00 0.00e+00 0.00e+00 0.00e+00 0.00e+00 0.00e+00
 Sodium        3.68e-03 9.96e-01 4.26e-04 0.00e+00 0.00e+00 0.00e+00 0.00e+00 0.00e+00 0.00e+00 0.00e+00 0.00e+00 0.00e+00
 Magnesium     2.48e-02 8.51e-01 1.24e-01 0.00e+00 0.00e+00 0.00e+00 0.00e+00 0.00e+00 0.00e+00 0.00e+00 0.00e+00 0.00e+00 0.00e+00
 Aluminium  0  3.64e-04 9.87e-01 1.29e-02 3.62e-05 0.00e+00 0.00e+00 0.00e+00 0.00e+00 0.00e+00 0.00e+00 0.00e+00 0.00e+00 0.00e+00
 Silicon    0  2.31e-03 9.42e-01 5.54e-02 4.24e-06 0.00e+00 0.00e+00 0.00e+00 0.00e+00 0.00e+00 0.00e+00 0.00e+00 0.00e+00 0.00e+00
 Phosphorus 0  1.22e-03 9.59e-01 3.96e-02 7.43e-06 0.00e+00 0.00e+00 0.00e+00 0.00e+00 0.00e+00 0.00e+00 0.00e+00 0.00e+00 0.00e+00
 Sulphur    0  4.49e-03 8.54e-01 1.41e-01 2.64e-06 0.00e+00 0.00e+00 0.00e+00 0.00e+00 0.00e+00 0.00e+00 0.00e+00 0.00e+00 0.00e+00
 Chlorine   0  1.20e-03 9.10e-01 8.92e-02 0.00e+00 0.00e+00 0.00e+00 0.00e+00 0.00e+00 0.00e+00 0.00e+00 0.00e+00 0.00e+00 0.00e+00
 Argon      0  1.86e-02 5.66e-01 4.15e-01 0.00e+00 0.00e+00 0.00e+00 0.00e+00 0.00e+00 0.00e+00 0.00e+00 0.00e+00 0.00e+00 0.00e+00
 Potassium  0  7.04e-04 9.78e-01 2.13e-02 0.00e+00 0.00e+00 0.00e+00 0.00e+00 0.00e+00 0.00e+00 0.00e+00 0.00e+00 0.00e+00 0.00e+00
 Calcium    0  5.36e-03 6.12e-01 3.82e-01 0.00e+00 0.00e+00 0.00e+00 0.00e+00 0.00e+00 0.00e+00 0.00e+00 0.00e+00 0.00e+00 0.00e+00
 Scandium   0  1.41e-03 2.38e-01 7.06e-01 5.49e-02 0.00e+00 0.00e+00 0.00e+00 0.00e+00 0.00e+00 0.00e+00 0.00e+00 0.00e+00 0.00e+00
 Titanium   0  5.33e-05 6.23e-01 3.76e-01 1.18e-03 0.00e+00 0.00e+00 0.00e+00 0.00e+00 0.00e+00 0.00e+00 0.00e+00 0.00e+00 0.00e+00
 Vanadium   0  5.47e-03 3.65e-01 6.29e-01 2.67e-04 0.00e+00 0.00e+00 0.00e+00 0.00e+00 0.00e+00 0.00e+00 0.00e+00 0.00e+00 0.00e+00
 Chromium   0  2.60e-03 4.93e-01 5.05e-01 8.87e-05 0.00e+00 0.00e+00 0.00e+00 0.00e+00 0.00e+00 0.00e+00 0.00e+00 0.00e+00 0.00e+00
 Manganese  0  5.74e-05 5.93e-01 4.07e-01 4.69e-05 0.00e+00 0.00e+00 0.00e+00 0.00e+00 0.00e+00 0.00e+00 0.00e+00 0.00e+00 0.00e+00
 Iron       0  4.91e-05 7.61e-01 2.39e-01 1.52e-04 0.00e+00 0.00e+00 0.00e+00 0.00e+00 0.00e+00 0.00e+00 0.00e+00 0.00e+00 0.00e+00
 Cobalt     0  6.73e-02 9.14e-01 1.92e-02 8.25e-06 0.00e+00 0.00e+00 0.00e+00 0.00e+00 0.00e+00 0.00e+00 0.00e+00 0.00e+00 0.00e+00
 Nickel     0  1.89e-04 9.86e-01 1.37e-02 1.59e-06 0.00e+00 0.00e+00 0.00e+00 0.00e+00 0.00e+00 0.00e+00 0.00e+00 0.00e+00 0.00e+00
 Copper     0  1.16e-02 4.66e-01 5.22e-01 3.14e-05 0.00e+00 0.00e+00 0.00e+00 0.00e+00 0.00e+00 0.00e+00 0.00e+00 0.00e+00 0.00e+00
 Zinc       0  9.12e-02 6.81e-01 2.28e-01 3.35e-04 0.00e+00 0.00e+00 0.00e+00 0.00e+00 0.00e+00 0.00e+00 0.00e+00 0.00e+00 0.00e+00
 ####102  Te:3.958E+03 Hden:1.000E+06 Ne:3.570E+04 R:1.000E+30 R-R0:8.135E+12 dR:4.344E+10 NTR: 17 Htot:1.638E-14 T912: 2.73e+01###
 Hydrogen      9.70e-01 2.96e-02 H+o/Hden 1.00e+00 3.49e-08 H-    H2 5.12e-07 5.22e-09 H2+ HeH+ 4.03e-08 Ho+ ColD 4.32e+18 3.84e+18
 Helium        9.35e-01 6.46e-02 2.85e-12 HeI 2s3S 1.48e-06 Comp H,C 5.92e-23 1.02e-23 Fill Fac 1.00e+00 Gam1/tot 1.00e+00
 He singlet n  9.35e-01 1.45e-11 5.04e-17 6.80e-19 2.75e-18 1.55e-18 He tripl 1.48e-06 3.54e-16 1.57e-18 1.52e-17 4.28e-18
 Pressure      NgasTgas 4.44e+09 P(total) 6.13e-07 P( gas ) 6.13e-07 P(Radtn) 1.40e-12 Rad accl 2.00e-06 ForceMul 3.57e+04
 Texc(La)      3.82e+03 T(I con) 2.87e+01 T(D con) 1.32e+01 T(U tot) 2.91e+01 nT (c+d) 1.01e+07 Prad/Gas 2.28e-06 Pmag/Gas 0.00e+00
 Molecules     CH/Ctot: 1.56e-09 CH+/Ctot 2.30e-08 CO/Ctot: 5.49e-08 CO+/Ctot 3.74e-10 H2O/Otot 2.47e-13 OH/Ototl 1.26e-06
 Lithium       1.80e-03 9.98e-01 0.00e+00 0.00e+00 Berylliu 7.21e-03 9.88e-01 4.38e-03 0.00e+00 0.00e+00 sec ion: 0.00e+00
 Boron         7.64e-04 9.99e-01 4.46e-05 0.00e+00 0.00e+00 0.00e+00
 Carbon        1.22e-03 9.97e-01 1.50e-03 0.00e+00 0.00e+00 0.00e+00 0.00e+00 H2O+/O   2.67e-14 OH+/Otot 2.88e-07 Hex(tot) 0.00e+00
 Nitrogen      9.67e-01 3.31e-02 1.33e-07 0.00e+00 0.00e+00 0.00e+00 0.00e+00 0.00e+00 O2/Ototl 6.61e-11 O2+/Otot 9.36e-11
 Oxygen        9.77e-01 2.31e-02 1.62e-07 0.00e+00 0.00e+00 0.00e+00 0.00e+00 0.00e+00 0.00e+00
 Fluorine      7.58e-01 2.39e-01 2.90e-03 0.00e+00 0.00e+00 0.00e+00 0.00e+00 0.00e+00 0.00e+00 0.00e+00
 Neon          7.59e-01 2.40e-01 1.11e-03 0.00e+00 0.00e+00 0.00e+00 0.00e+00 0.00e+00 0.00e+00 0.00e+00 0.00e+00
 Sodium        1.79e-02 9.81e-01 7.93e-04 0.00e+00 0.00e+00 0.00e+00 0.00e+00 0.00e+00 0.00e+00 0.00e+00 0.00e+00 0.00e+00
 Magnesium     7.72e-03 9.91e-01 1.52e-03 0.00e+00 0.00e+00 0.00e+00 0.00e+00 0.00e+00 0.00e+00 0.00e+00 0.00e+00 0.00e+00 0.00e+00
 Aluminium  0  2.18e-04 9.99e-01 7.24e-04 0.00e+00 0.00e+00 0.00e+00 0.00e+00 0.00e+00 0.00e+00 0.00e+00 0.00e+00 0.00e+00 0.00e+00
 Silicon    0  4.53e-04 1.00e+00 4.91e-06 0.00e+00 0.00e+00 0.00e+00 0.00e+00 0.00e+00 0.00e+00 0.00e+00 0.00e+00 0.00e+00 0.00e+00
 Phosphorus 0  7.28e-04 9.98e-01 1.14e-03 0.00e+00 0.00e+00 0.00e+00 0.00e+00 0.00e+00 0.00e+00 0.00e+00 0.00e+00 0.00e+00 0.00e+00
 Sulphur    0  4.33e-04 9.93e-01 6.72e-03 0.00e+00 0.00e+00 0.00e+00 0.00e+00 0.00e+00 0.00e+00 0.00e+00 0.00e+00 0.00e+00 0.00e+00
 Chlorine   0  8.72e-04 9.94e-01 5.54e-03 0.00e+00 0.00e+00 0.00e+00 0.00e+00 0.00e+00 0.00e+00 0.00e+00 0.00e+00 0.00e+00 0.00e+00
 Argon      0  7.50e-01 2.37e-01 1.37e-02 0.00e+00 0.00e+00 0.00e+00 0.00e+00 0.00e+00 0.00e+00 0.00e+00 0.00e+00 0.00e+00 0.00e+00
 Potassium  0  3.79e-03 9.90e-01 6.67e-03 0.00e+00 0.00e+00 0.00e+00 0.00e+00 0.00e+00 0.00e+00 0.00e+00 0.00e+00 0.00e+00 0.00e+00
 Calcium    0  1.63e-04 1.49e-01 8.51e-01 0.00e+00 0.00e+00 0.00e+00 0.00e+00 0.00e+00 0.00e+00 0.00e+00 0.00e+00 0.00e+00 0.00e+00
 Scandium   0  4.13e-04 4.26e-01 5.74e-01 2.76e-04 0.00e+00 0.00e+00 0.00e+00 0.00e+00 0.00e+00 0.00e+00 0.00e+00 0.00e+00 0.00e+00
 Titanium   0  1.68e-04 9.77e-01 2.31e-02 0.00e+00 0.00e+00 0.00e+00 0.00e+00 0.00e+00 0.00e+00 0.00e+00 0.00e+00 0.00e+00 0.00e+00
 Vanadium   0  3.55e-03 9.79e-01 1.73e-02 0.00e+00 0.00e+00 0.00e+00 0.00e+00 0.00e+00 0.00e+00 0.00e+00 0.00e+00 0.00e+00 0.00e+00
 Chromium   0  5.32e-04 9.99e-01 8.43e-05 0.00e+00 0.00e+00 0.00e+00 0.00e+00 0.00e+00 0.00e+00 0.00e+00 0.00e+00 0.00e+00 0.00e+00
 Manganese  0  2.14e-04 1.00e+00 1.68e-04 0.00e+00 0.00e+00 0.00e+00 0.00e+00 0.00e+00 0.00e+00 0.00e+00 0.00e+00 0.00e+00 0.00e+00
 Iron       0  1.15e-04 1.00e+00 3.45e-05 0.00e+00 0.00e+00 0.00e+00 0.00e+00 0.00e+00 0.00e+00 0.00e+00 0.00e+00 0.00e+00 0.00e+00
 Cobalt     0  1.34e-02 9.87e-01 7.78e-06 0.00e+00 0.00e+00 0.00e+00 0.00e+00 0.00e+00 0.00e+00 0.00e+00 0.00e+00 0.00e+00 0.00e+00
 Nickel     0  3.61e-04 1.00e+00 5.94e-06 0.00e+00 0.00e+00 0.00e+00 0.00e+00 0.00e+00 0.00e+00 0.00e+00 0.00e+00 0.00e+00 0.00e+00
 Copper     0  2.41e-03 9.91e-01 7.04e-03 0.00e+00 0.00e+00 0.00e+00 0.00e+00 0.00e+00 0.00e+00 0.00e+00 0.00e+00 0.00e+00 0.00e+00
 Zinc       0  1.51e-02 9.36e-01 4.90e-02 7.83e-05 0.00e+00 0.00e+00 0.00e+00 0.00e+00 0.00e+00 0.00e+00 0.00e+00 0.00e+00 0.00e+00
                                                                             
   Calculation stopped because lowest Te reached. Iteration 3 of 3
   The geometry is plane-parallel.
  !Charge transfer ionization of H reached 2914.8% of the local H ionization rate.
  !AGE: Cloud age was not set.  Longest timescale was 5.61e+07 s = 1.78e+00 years.
  !Mutual neutralization production of H-alpha was significant.
  !The CMB was not included.  This is added with the CMB command.
   Continuum fluorescent production of H-beta was significant.
   Charge transfer heating reached 2.79% of the local heating.
   Destruction of He 2TriS reached 1.8% of the total He0 dest rate at zone 102, 1.8% of that was photoionization.
   The density is too low to l-mix the lowest H  I collapsed level.  More resolved levels are needed for accurate line ratios.
   The density is too low to l-mix the lowest He I collapsed level.  More resolved levels are needed for accurate line ratios.
   The largest continuum occupation number was 4.095e+01 at 1.004e-08 Ryd.
   Grains were not present but might survive in this environment (energy density temperature was 3.00e+01K)
   The continuum optical depth at the lowest energy considered (1.004e-08 Ryd) was 5.409e+02.

                       *********************************> Cloudy 13.03 <**********************************
                       * c                                                                               *
                       * phi(h) 12.000000 LOG range -0.000232 6.866524                                   *
                       * grid from 8 to 23 in 1 dex steps                                                *
                       * HDEN=6.000000 LOG                                                               *
                       * grid from 0 to 12 in 1 dex steps                                                *
                       * set pres ionize 1e5                                                             *
                       * c                                                                               *
                       * c                                                                               *
                       * table star "Rotation_inst.mod" age 6.78                                         *
                       * c                                                                               *
                       * c                                                                               *
                       * abundances GASS10                                                               *
                       * c                                                                               *
                       * c                                                                               *
                       * iterate to convergence max = 7                                                  *
                       * stop column density = 23                                                        *
                       * c                                                                               *
                       * c                                                                               *
                       * print last                                                                      *
                       * set save prefix "geneva_inst_rot_6"                                             *
                       * save grid ".grd" last no hash                                                   *
                       * save linelist "emissionlines_abs.txt" "LineList_HII.dat" absolute last no hash    *
                       *********************************> Log(U): -4.48 <*********************************

                     Emission Line Spectrum.   Constant  Density Model.    Open geometry.  Iteration 3 of 3.
                                                     Intensity (erg/s/cm^2).


                                                   Intrinsic line intensities
 general properties..........      H  1 5.834m  -2.647   0.0051      Ca B  8545A  -2.502   0.0071      TOTL  2798A  -0.008   2.2079            
 TOTL  4861A  -0.352   1.0000      H  1 5.834m  -2.229   0.0133      Ca B  8502A  -2.570   0.0061      Mg 2  2796A  -0.187   1.4635            
 TOTL  1216A   1.185  34.4338      H  1 5.834m  -2.141   0.0163      Ca B  8467A  -2.634   0.0052      Mg 2  2803A  -0.481   0.7444            
 Inci     0    2.265 413.9002      H  1 5.834m  -2.209   0.0139      Ca B  8438A  -2.694   0.0046      totl  2665A  -1.680   0.0470            
 TotH     0    0.808  14.4579      H  1 5.834m  -2.396   0.0090      Ca B  8413A  -2.750   0.0040      Al 2  2670A  -1.689   0.0461            
 TotC     0    0.808  14.4510      H  1 5.834m  -2.697   0.0045      Ca B  8392A  -2.803   0.0035      Si 2 34.81m  -2.678   0.0047            
 BFH1     0    0.776  13.4295      H  1 5.834m  -3.145   0.0016      Ca B  8374A  -2.852   0.0032      TOTL  2335A  -1.527   0.0669            
 BFHe     0   -0.383   0.9310      H  1 7.383m  -2.818   0.0034      Ca B  8359A  -2.898   0.0028      Si 2  2334A  -2.537   0.0065            
 TotM     0   -1.508   0.0698      H  1 7.383m  -2.402   0.0089      Ca B  8346A  -2.941   0.0026      Si 2  2350A  -2.649   0.0051            
 CT H     0   -1.925   0.0267      H  1 7.383m  -2.312   0.0110      Ca B  8334A  -2.982   0.0023      Si 2  2344A  -2.003   0.0223            
 H FB     0   -0.115   1.7272      H  1 7.383m  -2.373   0.0095      Ca B 4.051m  -1.458   0.0784      Si 2  2336A  -1.838   0.0327            
 HFBc     0   -0.115   1.7272      H  1 7.383m  -2.539   0.0065      Ca B 2.625m  -1.695   0.0455      Si 2  1814A  -2.008   0.0221            
 continua....................      H  1 7.383m  -2.795   0.0036      Ca B 2.166m  -1.904   0.0281      Si 2  1531A  -2.421   0.0085            
 Bac   3646A   0.900  17.8691      H  1 7.383m  -3.148   0.0016      Ca B 1.945m  -2.085   0.0185      Si 2  1308A  -2.357   0.0099            
 nFnu  3645A   0.919  18.6764      H  1 9.115m  -2.969   0.0024      Ca B 1.817m  -2.241   0.0129      Si 2  1263A  -2.043   0.0204            
 nFnu  3647A  -0.445   0.8073      H  1 9.115m  -2.553   0.0063      Ca B 1.736m  -2.377   0.0094      Si 3  1207A  -2.518   0.0068            
 cout  3646A   0.599   8.9345      H  1 9.115m  -2.463   0.0077      Ca B 1.681m  -2.496   0.0072      TOTL  1888A  -3.039   0.0021            
 cref  3646A   0.599   8.9345      H  1 9.115m  -2.519   0.0068      Ca B 1.641m  -2.600   0.0056      Si 3  1892A  -3.055   0.0020            
 thin  3646A   0.900  17.8692      H  1 9.115m  -2.673   0.0048      Ca B 1.611m  -2.694   0.0046      P  2 1.640m  -2.966   0.0024            
 Inci  4860A   1.126  30.0755      H  1 9.115m  -2.901   0.0028      Ca B 1.588m  -2.778   0.0038      P  2 1.189m  -2.715   0.0043            
 Inci  1215A   2.169 332.3941      H  1 9.115m  -3.202   0.0014      Ca B 1.570m  -2.855   0.0031      P  2 1.147m  -3.192   0.0014            
 Ba C     0    0.141   3.1118      H  1 11.03m  -1.956   0.0249      Ca B 1.556m  -2.926   0.0027      S  2  6720A  -1.937   0.0260            
 PA C     0   -0.266   1.2211      H  1 13.13m  -2.068   0.0193      Ca B 1.544m  -2.993   0.0023      S  2  4074A  -0.734   0.4157            
 FIR  83.00m   0.560   8.1747      H  1 15.40m  -2.171   0.0152      Ca B 1.534m  -3.055   0.0020      S  2 1.033m  -0.915   0.2738            
 TIR   1800m  -1.673   0.0478      H  1 17.87m  -2.267   0.0122      Ca B 1.526m  -3.113   0.0017      S II  6731A  -2.095   0.0181            
 NIRa 2.850m   0.913  18.4286      H  1 20.51m  -2.356   0.0099      Ca B 1.519m  -3.167   0.0015      S II  6716A  -2.454   0.0079            
 NIRb 3.000m   0.504   7.1817      H  1 23.33m  -2.440   0.0082      Ca B 1.513m  -3.217   0.0014      S II  4070A  -0.835   0.3289            
 MIRa 15.00m   0.113   2.9180      H  1 26.34m  -2.518   0.0068      Ca B 1.508m  -3.263   0.0012      S II  4078A  -1.414   0.0868            
 MIRb 22.50m   0.294   4.4296      H  1 29.53m  -2.592   0.0058      Ca B 1.504m  -3.307   0.0011      S II 1.032m  -1.327   0.1061            
 NMIR 21.75m   0.913  18.4286      H  1 32.91m  -2.662   0.0049      Ca B 1.500m  -3.348   0.0010      S II 1.029m  -1.462   0.0777            
 TFIR 611.2m   0.049   2.5174      H  1 36.46m  -2.729   0.0042      Ca B 7.458m  -1.962   0.0246      S II 1.037m  -1.873   0.0301            
 TALL 10000A   2.263 412.6339      H  1 40.20m  -2.792   0.0036      Ca B 4.653m  -2.150   0.0159      S II 1.034m  -1.576   0.0598            
 F12  12.00m  -0.324   1.0688      H  1 44.12m  -2.853   0.0032      Ca B 3.740m  -2.328   0.0106      S  2  1256A  -2.631   0.0053            
 F25  25.00m  -0.275   1.1948      H  1 48.22m  -2.910   0.0028      Ca B 3.296m  -2.486   0.0073      S  3 18.67m  -3.101   0.0018            
 F60  60.00m   0.162   3.2685      H  1 52.50m  -2.966   0.0024      Ca B 3.038m  -2.626   0.0053      S  3  9532A  -1.555   0.0627            
 F100 100.0m  -0.028   2.1090      H  1 56.97m  -1.790   0.0365      Ca B 2.872m  -2.751   0.0040      S  3  9069A  -1.950   0.0253            
 MIPS 24.00m  -0.579   0.5936      He 1 504.3A  -0.781   0.3728      Ca B 2.758m  -2.861   0.0031      S  3  6312A  -2.771   0.0038            
 MIPS 70.00m  -0.196   1.4341      He 1  2600A  -1.710   0.0439      Ca B 2.674m  -2.960   0.0025      S  3  3722A  -3.000   0.0023            
 MIPS 160.0m  -0.423   0.8491      He 1  3121A  -2.223   0.0135      Ca B 2.612m  -3.048   0.0020      Cl 2 14.40m  -3.141   0.0016            
 IRAC 3.600m  -0.876   0.2992      He 1  3421A  -2.182   0.0148      Ca B 2.564m  -3.129   0.0017      Cl 2  8579A  -1.884   0.0294            
 IRAC 4.500m  -0.821   0.3399      He 1  3421A  -1.705   0.0444      Ca B 2.525m  -3.203   0.0014      Cl 2  9124A  -2.462   0.0078            
 IRAC 5.800m  -0.932   0.2635      He 1  3421A  -1.483   0.0741      Ca B 2.495m  -3.272   0.0012      Ar 2 6.980m  -1.523   0.0676            
 IRAC 8.000m  -0.626   0.5330      He 1  3679A  -1.902   0.0282      Ca B 2.469m  -3.336   0.0010      Ar 3  7135A  -1.679   0.0471            
 SPR1 250.0m  -0.842   0.3239      He 1  6632A  -2.648   0.0051      Ca B 12.37m  -2.386   0.0092      Ar 3  7751A  -2.297   0.0114            
 SPR2 350.0m  -1.272   0.1204      He 1  7435A  -3.058   0.0020      Ca B 7.500m  -2.540   0.0065      Ar 3 9.000m  -2.209   0.0139            
 SPR3 500.0m  -1.646   0.0509      He 1  7843A  -1.980   0.0236      Ca B 5.907m  -2.694   0.0046      Ca 1  4228A  -2.927   0.0027            
 PAC1 70.00m  -0.134   1.6542      He 1  8188A  -2.167   0.0153      Ca B 5.127m  -2.835   0.0033      Ca 2  3933A  -0.799   0.3573            
 PAC2 100.0m  -0.023   2.1332      He 1  8191A  -2.656   0.0050      Ca B 4.671m  -2.962   0.0025      Ca 2  8579A  -1.344   0.1020            
 PAC3 160.0m  -0.166   1.5350      He 1  8261A  -2.584   0.0059      Ca B 4.375m  -3.076   0.0019      Ca 2  7306A  -0.170   1.5203            
 PAH  3.300m  -1.665   0.0486      He 1 1.248m  -3.218   0.0014      Ca B 4.170m  -3.178   0.0015      Ca2K  3934A  -1.015   0.2172            
 PAHC 3.230m  -1.992   0.0229      He 1 1.409m  -2.494   0.0072      Ca B 4.020m  -3.270   0.0012      Ca2H  3969A  -1.206   0.1400            
 PAHC 3.370m  -2.079   0.0188      He 1 1.456m  -2.547   0.0064      Ca B 19.06m  -2.753   0.0040      Ca2X  8498A  -2.458   0.0078            
 PAH  6.200m  -1.400   0.0896      He 1 1.456m  -3.039   0.0021      Ca B 11.31m  -2.882   0.0030      Ca2Y  8542A  -1.517   0.0685            
 PAHC 5.650m  -1.392   0.0912      He 1 1.458m  -2.870   0.0030      Ca B 8.758m  -3.017   0.0022      Ca2Z  8662A  -1.942   0.0257            
 PAH  7.900m  -1.099   0.1791      He 1 1.458m  -3.347   0.0010      Ca B 7.506m  -3.144   0.0016      CaF1  7291A  -0.390   0.9170            
 PAHC 6.900m  -0.995   0.2278      He 1 1.466m  -3.067   0.0019      Ca B 6.770m  -3.260   0.0012      CaF2  7324A  -0.572   0.6034            
 PAH  11.30m  -1.623   0.0536      He 1 2.217m  -2.872   0.0030      Ca B 27.80m  -3.077   0.0019      Cr 3  5828A  -2.930   0.0026            
 PAHC 10.90m  -1.639   0.0517      He 1 2.275m  -2.879   0.0030      Ca B 16.20m  -3.187   0.0015      Fe2c     0    0.230   3.8209            
 PAH  11.80m  -1.413   0.0870      He 1 2.278m  -3.057   0.0020      Ca B 12.38m  -3.308   0.0011      Fe 2  4300A  -0.213   1.3798            
 PAHC 12.65m  -0.864   0.3080      He 1 3.206m  -3.167   0.0015      H  1     0   -1.910   0.0277      Fe 2  2400A  -0.217   1.3669            
 PAH  13.30m  -1.367   0.0967      He 1 3.277m  -3.154   0.0016      H  1  1216A   1.185  34.4338      Fe 2  6200A  -1.704   0.0445            
 PAHC 14.10m  -1.363   0.0975      He 1 3.280m  -3.278   0.0012      H  1  1026A  -1.669   0.0482      Fe 2 1.150m  -2.648   0.0051            
 Bcon  3640A   2.197 354.4290      He 1 4.465m  -2.710   0.0044      H  1 972.5A  -1.786   0.0368      Fe 2 25.98m  -2.251   0.0126            
 Pcon  5000A   1.164  32.8396      He 1 5.831m  -2.882   0.0030      H  1 949.7A  -1.847   0.0320      Fe 2 5.339m  -3.126   0.0017            
 HFFc     0   -0.344   1.0190      He 1 7.380m  -3.033   0.0021      H  1 937.8A  -1.848   0.0320      Fe 2 1.257m  -1.281   0.1178            
 H FF     0   -0.368   0.9648      He 1 9.111m  -3.169   0.0015      H  1 930.8A  -1.943   0.0256      Fe 2 35.34m  -2.662   0.0049            
 HeFF     0   -1.706   0.0443      He 1 11.02m  -3.292   0.0011      H  1 926.2A  -2.079   0.0188      Fe 2 1.321m  -1.859   0.0312            
 MeFB     0   -2.790   0.0036      He 1 61.59m  -3.168   0.0015      H  1 923.2A  -2.175   0.0151      Fe 2 1.249m  -2.507   0.0070            
 MeFF     0   -3.266   0.0012      C  1  1101A  -2.696   0.0045      H  1 921.0A  -2.243   0.0129      Fe 2  7638A  -1.771   0.0382            
 ToFF     0   -0.348   1.0103      N  1 853.4A  -3.192   0.0014      H  1  6563A   0.099   2.8265      Fe 2 51.29m  -3.349   0.0010            
 nFnu 122.4m  -1.967   0.0243      grains......................      H  1  4861A  -0.352   1.0000      Fe 2 1.372m  -2.083   0.0186            
 nInu 122.4m   0.385   5.4655      H-like iso-sequence.........      H  1  4340A  -0.680   0.4701      Fe 2 1.294m  -1.839   0.0326            
 nFnu 60.83m  -1.725   0.0424      Clin 912.0A  -0.957   0.2483      H  1  4102A  -0.924   0.2679      Fe 2  7687A  -1.947   0.0255            
 nInu 60.83m   0.338   4.9007      Cool  1216A  -1.172   0.1514      H  1  3970A  -1.102   0.1778      Fe 2 1.328m  -2.084   0.0185            
 nFnu 41.22m  -1.578   0.0595      Crst 960.0A  -1.365   0.0972      H  1  3889A  -1.230   0.1325      Fe 2 1.279m  -1.938   0.0259            
 nInu 41.22m   0.226   3.7841      Ca B  1216A   1.168  33.1168      H  1  3835A  -1.332   0.1049      Fe 2 1.252m  -2.827   0.0034            
 nFnu 30.87m  -1.474   0.0755      Q(H)  4861A  -0.307   1.1100      H  1  3798A  -1.417   0.0862      Fe 2  7665A  -2.306   0.0111            
 nInu 30.87m   0.123   2.9897      Q(H)  1216A   1.213  36.7834      H  1 1.875m  -0.840   0.3251      Fe 2 1.298m  -2.302   0.0112            
 nFnu 24.78m  -1.395   0.0906      CaBo  4861A  -0.356   0.9915      H  1 1.282m  -1.142   0.1622      Fe 2 1.270m  -2.115   0.0173            
 nInu 24.78m   0.044   2.4914      Ca A  1216A   1.050  25.2652      H  1 1.094m  -1.388   0.0921      Fe 2  7874A  -2.805   0.0035            
 nFnu 24.30m  -1.388   0.0920      Ca A  1026A   0.330   4.8120      H  1 1.005m  -1.577   0.0596      Fe 2  7733A  -2.821   0.0034            
 nInu 24.30m   0.037   2.4505      Ca A 972.5A  -0.084   1.8558      H  1  9546A  -1.720   0.0429      Fe 2 17.93m  -1.808   0.0350            
 nFnu 22.83m  -1.365   0.0971      Ca A 949.7A  -0.387   0.9237      H  1  9229A  -1.835   0.0329      Fe 2 1.644m  -1.354   0.0996            
 nInu 22.83m   0.015   2.3316      Ca A 937.8A  -0.621   0.5388      H  1  9015A  -1.927   0.0266      Fe 2 1.533m  -1.783   0.0371            
 nFnu 21.42m  -1.343   0.1021      Ca A 930.8A  -0.804   0.3536      H  1 4.051m  -1.482   0.0742      Fe 2  8617A  -1.192   0.1446            
 nInu 21.42m  -0.008   2.2094      Ca A 926.2A  -0.947   0.2546      H  1 2.625m  -1.708   0.0441      Fe 2 24.51m  -2.278   0.0119            
 nFnu 21.12m  -1.338   0.1033      Ca A 923.2A  -1.059   0.1965      H  1 2.166m  -1.905   0.0280      Fe 2 1.809m  -2.057   0.0197            
 nInu 21.12m  -0.014   2.1821      Ca A 921.0A  -1.147   0.1604      H  1 1.945m  -2.065   0.0194      Fe 2 1.677m  -1.923   0.0269            
 nFnu 19.62m  -1.311   0.1100      Ca A 919.4A  -1.214   0.1376      H  1 1.817m  -2.193   0.0144      Fe 2 1.599m  -1.877   0.0299            
 nInu 19.62m  -0.039   2.0566      Ca A 918.1A  -1.263   0.1227      H  1 1.736m  -2.291   0.0115      Fe 2  9052A  -1.851   0.0318            
 nFnu 17.65m  -1.270   0.1210      Ca A 917.2A  -1.303   0.1120      H  1 7.458m  -1.999   0.0226      Fe 2  8892A  -1.590   0.0579            
 nInu 17.65m  -0.082   1.8627      Ca A 916.4A  -1.340   0.1030      H  1 4.653m  -2.176   0.0150      Fe 2 35.77m  -3.080   0.0019            
 nFnu 17.37m  -1.265   0.1224      Ca A 915.8A  -1.376   0.0947      H  1 3.740m  -2.341   0.0103      Fe 2 1.800m  -2.095   0.0181            
 nInu 17.37m  -0.088   1.8377      Ca A 915.3A  -1.414   0.0868      H  1 3.296m  -2.475   0.0075      Fe 2 1.711m  -2.459   0.0078            
 nFnu 15.69m  -1.232   0.1321      Ca A 914.9A  -1.453   0.0793      H  1 3.038m  -2.577   0.0060      Fe 2 1.664m  -2.155   0.0158            
 nInu 15.69m  -0.127   1.6795      Ca A 914.6A  -1.493   0.0723      H  1 12.37m  -2.440   0.0082      Fe 2  9399A  -2.627   0.0053            
 nFnu 14.60m  -1.203   0.1412      Ca A 914.3A  -1.533   0.0659      H  1 7.500m  -2.580   0.0059      Fe 2  9227A  -1.846   0.0321            
 nInu 14.60m  -0.155   1.5769      Ca A 914.0A  -1.572   0.0603      H  1 5.907m  -2.712   0.0044      Fe 2  9033A  -2.054   0.0199            
 nFnu 12.43m  -1.141   0.1625      Ca A 913.8A  -1.609   0.0554      H  1 5.127m  -2.813   0.0035      Fe 2 1.797m  -2.232   0.0132            
 nInu 12.43m  -0.219   1.3592      Ca A 913.6A  -1.643   0.0512      H  1 19.06m  -2.818   0.0034      Fe 2 1.745m  -2.464   0.0077            
 nFnu 11.40m  -1.114   0.1730      Ca A 913.5A  -1.675   0.0475      H  1 11.31m  -2.923   0.0027      Fe 2  9471A  -2.412   0.0087            
 nInu 11.40m  -0.252   1.2591      Ca A 913.3A  -1.705   0.0444      H  1 8.758m  -3.019   0.0022      Fe 2  9268A  -1.949   0.0253            
 nFnu 10.46m  -1.077   0.1884      Ca A  6563A  -0.091   1.8273      H  1 27.80m  -3.137   0.0016      Fe 2 22.90m  -3.008   0.0022            
 nInu 10.46m  -0.286   1.1663      Ca A  4861A  -0.535   0.6574      H  1 16.20m  -3.206   0.0014      Fe 2 1.811m  -2.647   0.0051            
 nFnu 9.480m  -1.046   0.2025      Ca A  4340A  -0.858   0.3119      He-like iso-sequence........      Fe 2 1.748m  -2.832   0.0033            
 nInu 9.480m  -0.324   1.0669      Ca A  4102A  -1.112   0.1739      Clin 506.0A  -0.639   0.5169      Fe 2 1.813m  -3.076   0.0019            
 nFnu 9.325m  -1.041   0.2046      Ca A  3970A  -1.321   0.1076      Ca B  2945A  -2.353   0.0100      Fe2b  7000A  -1.459   0.0782            
 nInu 9.325m  -0.330   1.0529      Ca A  3889A  -1.496   0.0718      Ca B  3188A  -2.025   0.0212      Fe2b 10000A  -0.398   0.9012            
 nFnu 8.210m  -0.988   0.2314      Ca A  3835A  -1.644   0.0511      Ca B  3614A  -2.929   0.0026      Fe2b  7445A  -1.459   0.0782            
 nInu 8.210m  -0.380   0.9385      Ca A  3798A  -1.768   0.0384      Ca B  3889A  -1.598   0.0567      Fe2b  8625A  -0.847   0.3204            
 nFnu 7.580m  -0.964   0.2444      Ca A  3771A  -1.873   0.0302      Ca B  3965A  -2.620   0.0054      Fe2b 1.033m  -2.412   0.0087            
 nInu 7.580m  -0.411   0.8747      Ca A  3750A  -1.962   0.0246      Ca B  4026A  -2.296   0.0114      Fe2b 1.889m  -1.453   0.0793            
 nFnu 7.050m  -0.925   0.2677      Ca A  3734A  -2.038   0.0206      Ca B  4388A  -2.866   0.0031      Fe 2  1786A  -2.001   0.0225            
 nInu 7.050m  -0.437   0.8225      Ca A  3722A  -2.105   0.0177      Ca B  4471A  -1.965   0.0244      Fe3c     0   -1.298   0.1133            
 nFnu 4.114m  -0.714   0.4351      Ca A  3712A  -2.165   0.0154      Ca B  4713A  -2.958   0.0025      Fe 3 22.92m  -2.933   0.0026            
 nInu 4.114m  -0.520   0.6796      Ca A  3704A  -2.222   0.0135      Ca B  4922A  -2.529   0.0067      Fe 3  5271A  -2.073   0.0190            
 nFnu 2.324m  -0.552   0.6315      Ca A  3697A  -2.275   0.0120      Ca B  5016A  -2.211   0.0139      Fe 3  5412A  -3.116   0.0017            
 nInu 2.324m  -0.255   1.2517      Ca A  3692A  -2.325   0.0106      Ca B  5876A  -1.495   0.0720      Fe 3  4881A  -2.824   0.0034            
 nFnu 1.643m  -0.420   0.8566      Ca A  3687A  -2.373   0.0095      Ca B  6678A  -2.046   0.0202      Fe 3  5012A  -2.414   0.0087            
 nInu 1.643m   0.004   2.2738      Ca A  3683A  -2.417   0.0086      Ca B  7065A  -2.110   0.0175      Fe 3  5085A  -3.184   0.0015            
 nFnu 1.480m  -0.427   0.8422      Ca A  3679A  -2.458   0.0078      Ca B  7281A  -2.761   0.0039      Fe 3  4931A  -2.832   0.0033            
 nInu 1.480m   0.067   2.6290      Ca A  3676A  -2.496   0.0072      Ca B 1.083m  -0.511   0.6943      Fe 3  4659A  -1.892   0.0289            
 nFnu 1.436m  -0.189   1.4556      Ca A  3674A  -2.530   0.0066      Ca B 1.197m  -3.292   0.0011      Fe 3  4755A  -2.630   0.0053            
 nInu 1.436m   0.174   3.3575      Ca A  3671A  -2.562   0.0062      Ca B 1.278m  -2.760   0.0039      Fe 3  4608A  -2.915   0.0027            
 nFnu 1.119m  -0.230   1.3263      Ca A 1.875m  -0.889   0.2905      Ca B 1.279m  -3.234   0.0013      Fe 3  4702A  -2.149   0.0160            
 nInu 1.119m   0.351   5.0537      Ca A 1.282m  -1.205   0.1406      Ca B 1.700m  -3.116   0.0017      Fe 3  4770A  -2.623   0.0054            
 nFnu  8330A  -0.336   1.0388      Ca A 1.094m  -1.462   0.0777      Ca B 1.869m  -2.383   0.0093      Fe 3  4668A  -3.027   0.0021            
 nInu  8330A   0.574   8.4462      Ca A 1.005m  -1.676   0.0475      Ca B 1.870m  -2.854   0.0032      Fe 3  4734A  -2.473   0.0076            
 nFnu  8079A   0.193   3.5109      Ca A  9546A  -1.858   0.0312      Ca B 2.058m  -1.936   0.0261      Fe 3  4778A  -2.796   0.0036            
 nInu  8079A   0.695  11.1523      Ca A  9229A  -2.016   0.0217      He 1     0    0.071   2.6513      Fe 3  1126A  -3.050   0.0020            
 nFnu  6210A   0.029   2.4039      Ca A  9015A  -2.153   0.0158      He 1 584.3A  -1.425   0.0845      recombination...............            
 nInu  6210A   0.905  18.0958      Ca A  8863A  -2.274   0.0120      He 1 537.0A  -2.561   0.0062      O  1  1357A  -2.563   0.0062            
 nFnu  4885A  -0.197   1.4309      Ca A  8750A  -2.380   0.0094      He 1 522.2A  -2.783   0.0037      C  1  1140A  -2.480   0.0075            
 nInu  4885A   1.130  30.3676      Ca A  8665A  -2.474   0.0076      He 1 515.6A  -2.824   0.0034      C  2  1037A  -3.276   0.0012            
 nFnu  3704A  -0.517   0.6850      Ca A  8598A  -2.557   0.0062      He 1 512.1A  -2.802   0.0035      C  2 946.1A  -3.268   0.0012            
 nInu  3704A   1.359  51.4396      Ca A  8545A  -2.631   0.0053      He 1 625.6A  -2.138   0.0164      C  2 799.8A  -2.332   0.0105            
 nFnu  3588A   0.895  17.6697      Ca A  8502A  -2.699   0.0045      TOTL 1.083m  -0.530   0.6650      N  1 980.7A  -2.846   0.0032            
 nInu  3588A   1.482  68.3117      Ca A  8467A  -2.761   0.0039      He 1 1.083m  -0.530   0.6650      O  1  7950A  -3.030   0.0021            
 nFnu  2430A   0.121   2.9735      Ca A  8438A  -2.818   0.0034      He 1 1.083m  -1.484   0.0739      level2 lines................            
 nInu  2430A   1.763 130.3679      Ca A  8413A  -2.870   0.0030      He 1 1.083m  -1.007   0.2217      C  1 943.9A  -2.510   0.0070            
 nFnu  2392A   0.087   2.7488      Ca A  8392A  -2.918   0.0027      He 1 1.083m  -0.785   0.3694      C  1  1248A  -2.611   0.0055            
 nInu  2392A   1.776 134.2746      Ca A  8374A  -2.962   0.0025      He 1  3889A  -1.629   0.0529      C  1  1561A  -2.929   0.0027            
 nFnu  2071A  -0.202   1.4147      Ca A  8359A  -3.002   0.0022      He 1  3188A  -2.056   0.0198      C  1  1315A  -2.782   0.0037            
 nInu  2071A   1.888 174.1249      Ca A  8346A  -3.038   0.0021      He 1  2945A  -2.384   0.0093      C  1  1166A  -3.006   0.0022            
 nFnu  2053A  -0.217   1.3666      Ca A  8334A  -3.071   0.0019      He 1  2829A  -2.644   0.0051      C  1  1233A  -2.921   0.0027            
 nInu  2053A   1.888 174.0099      Ca A 4.051m  -1.499   0.0713      He 1 2.058m  -2.224   0.0134      C  1  1132A  -3.206   0.0014            
 nFnu  1793A  -0.324   1.0676      Ca A 2.625m  -1.738   0.0412      He 1  5016A  -2.251   0.0126      C  1  1251A  -3.180   0.0015            
 nInu  1793A   1.997 223.3844      Ca A 2.166m  -1.951   0.0252      He 1  3965A  -2.655   0.0050      C  2 892.8A  -2.419   0.0086            
 nFnu  1585A  -0.289   1.1558      Ca A 1.945m  -2.135   0.0165      He 1  3614A  -2.956   0.0025      C  2 688.8A  -2.831   0.0033            
 nInu  1585A   1.927 190.3263      Ca A 1.817m  -2.297   0.0114      He 1  3448A  -3.169   0.0015      C  2  1020A  -1.967   0.0243            
 nFnu  1458A  -0.227   1.3347      Ca A 1.736m  -2.441   0.0082      He 1  7065A  -2.120   0.0171      C  2 596.6A  -2.744   0.0041            
 nInu  1458A   2.101 283.9209      Ca A 1.681m  -2.570   0.0061      He 1  5876A  -1.499   0.0713      C  2 562.0A  -3.052   0.0020            
 nFnu  1357A  -0.171   1.5201      Ca A 1.641m  -2.686   0.0046      He 1  4713A  -2.991   0.0023      C  2 530.7A  -3.042   0.0020            
 nInu  1357A   2.181 341.8716      Ca A 1.611m  -2.790   0.0037      He 1  4471A  -1.982   0.0235      C  2 535.3A  -3.153   0.0016            
 nFnu  1297A  -0.132   1.6592      Ca A 1.588m  -2.883   0.0029      He 1  4026A  -2.316   0.0109      C  2 858.2A  -2.968   0.0024            
 nInu  1297A   2.197 354.3693      Ca A 1.570m  -2.966   0.0024      He 1  3820A  -2.575   0.0060      C  2 638.0A  -3.202   0.0014            
 nFnu  1263A  -0.104   1.7737      Ca A 1.556m  -3.040   0.0021      He 1  7281A  -2.773   0.0038      N  1 942.3A  -2.342   0.0102            
 nInu  1263A   2.190 349.0496      Ca A 1.544m  -3.108   0.0018      He 1  6678A  -2.054   0.0199      N  1 952.1A  -2.339   0.0103            
 nFnu  1218A   0.985  21.7560      Ca A 1.534m  -3.169   0.0015      He 1  4922A  -2.546   0.0064      N  1  1131A  -2.513   0.0069            
 nInu  1218A   2.168 331.0731      Ca A 1.526m  -3.225   0.0013      He 1  4388A  -2.885   0.0029      N  2 532.2A  -2.993   0.0023            
 nFnu  1196A  -0.018   2.1621      Ca A 1.519m  -3.276   0.0012      He 1  4144A  -3.134   0.0017      N  2 634.4A  -2.864   0.0031            
 nInu  1196A   2.214 368.5751      Ca A 1.513m  -3.322   0.0011      He 1 1.700m  -3.132   0.0017      N  2 907.1A  -2.632   0.0053            
 nFnu  1175A  -0.046   2.0232      Ca A 7.458m  -1.999   0.0226      He 1 1.197m  -3.312   0.0011      N  2 528.1A  -3.176   0.0015            
 nInu  1175A   2.168 331.6657      Ca A 4.653m  -2.187   0.0146      He 1 1.869m  -2.371   0.0096      O  1 867.3A  -2.830   0.0033            
 nFnu  1144A  -0.027   2.1156      Ca A 3.740m  -2.367   0.0097      He 1 1.278m  -2.767   0.0039      O  1 787.5A  -3.350   0.0010            
 nInu  1144A   2.282 431.2189      Ca A 3.296m  -2.529   0.0067      He 1 1.091m  -3.061   0.0020      O  1 976.8A  -2.259   0.0124            
 nFnu  1113A  -0.008   2.2076      Ca A 3.038m  -2.676   0.0047      He 1 1.870m  -2.850   0.0032      O  1 767.7A  -3.141   0.0016            
 nInu  1113A   2.150 317.6415      Ca A 2.872m  -2.809   0.0035      He 1 1.279m  -3.245   0.0013      O  1 969.0A  -2.160   0.0156            
 nFnu  1103A   0.013   2.3173      Ca A 2.758m  -2.930   0.0026      He 1 4.048m  -3.018   0.0022      O  1 946.4A  -2.307   0.0111            
 nInu  1103A   2.307 455.9665      Ca A 2.674m  -3.040   0.0021      Pho+  3889A  -0.914   0.2746      O  1 934.5A  -2.290   0.0115            
 nFnu  1074A   0.028   2.3984      Ca A 2.612m  -3.139   0.0016      database lines..............      O  1 973.6A  -2.398   0.0090            
 nInu  1074A   2.239 389.8802      Ca A 2.564m  -3.228   0.0013      level 1 lines...............      O  1 927.5A  -2.404   0.0089            
 nFnu  1064A   0.034   2.4346      Ca A 2.525m  -3.307   0.0011      C  1  1656A  -2.401   0.0089      O  1 948.5A  -2.525   0.0067            
 nInu  1064A   2.317 467.2482      Ca A 12.37m  -2.422   0.0085      REC   1656A  -2.920   0.0027      O  1 923.0A  -2.529   0.0067            
 nFnu  1036A   0.051   2.5288      Ca A 7.500m  -2.575   0.0060      C Ic  9850A  -2.970   0.0024      O  1 919.9A  -2.630   0.0053            
 nInu  1036A   2.301 449.9605      Ca A 5.907m  -2.731   0.0042      TOTL  9850A  -2.969   0.0024      O  1 935.7A  -2.599   0.0057            
 nFnu  1000A   0.074   2.6709      Ca A 5.127m  -2.877   0.0030      C  1  8727A  -2.338   0.0103      O  1 917.7A  -2.721   0.0043            
 nInu  1000A   2.298 447.1492      Ca A 4.671m  -3.011   0.0022      TOTL  2326A  -0.966   0.2435      O  1 918.7A  -2.805   0.0035            
 nFnu 925.1A   0.127   3.0124      Ca A 4.375m  -3.135   0.0016      C  2  2325A  -2.051   0.0200      O  1 928.2A  -2.802   0.0036            
 nInu 925.1A   2.247 397.1539      Ca A 4.170m  -3.249   0.0013      C  2  2324A  -2.362   0.0098      O  1 917.5A  -2.894   0.0029            
 nFnu 897.8A   1.122  29.7876      Ca A 4.020m  -3.352   0.0010      C  2  2329A  -2.032   0.0209      O  1 923.4A  -2.998   0.0023            
 nFnu 760.0A  -0.118   1.7143      Ca A 19.06m  -2.791   0.0036      C  2  2328A  -1.500   0.0712      O  1 920.2A  -3.150   0.0016            
 nFnu 701.5A  -0.537   0.6538      Ca A 11.31m  -2.918   0.0027      C  2  2327A  -1.268   0.1215      O  1 918.0A  -3.278   0.0012            
 nFnu 608.2A  -2.162   0.0155      Ca A 8.758m  -3.057   0.0020      C  2  1335A  -1.903   0.0281      O  2 530.8A  -2.918   0.0027            
 nInu 608.2A  -2.487   0.0073      Ca A 7.506m  -3.189   0.0015      REC   1335A  -2.520   0.0068      Ne 1 688.6A  -3.343   0.0010            
 nFnu 575.1A  -2.450   0.0080      Ca A 6.770m  -3.313   0.0011      C  3 977.0A  -2.266   0.0122      Mg 2 959.3A  -3.327   0.0011            
 nInu 575.1A  -1.879   0.0298      Ca A 27.80m  -3.116   0.0017      TOTL  1909A  -2.715   0.0043      Al 2  1671A  -2.380   0.0094            
 nFnu 511.9A  -3.076   0.0019      Ca A 16.20m  -3.226   0.0013      C  3  1910A  -2.738   0.0041      Si 2  1180A  -2.025   0.0213            
 nInu 511.9A  -1.145   0.1612      Ca A 12.38m  -3.350   0.0010      N  1 953.9A  -2.336   0.0104      Si 2 993.4A  -2.335   0.0104            
 nFnu 496.9A   0.406   5.7285      Ca B  6563A   0.101   2.8424      N  1 954.1A  -2.882   0.0030      Si 2 893.6A  -3.147   0.0016            
 nInu 496.9A  -2.735   0.0041      Ca B  4861A  -0.354   0.9973      N  1  1200A  -2.156   0.0157      Si 2  1024A  -2.545   0.0064            
 nFnu 399.2A  -3.205   0.0014      Ca B  4340A  -0.683   0.4675      N  1  3466A  -2.944   0.0026      S  2 750.3A  -2.882   0.0030            
 nInu 399.2A  -1.389   0.0920      Ca B  4102A  -0.938   0.2597      TOTL  3467A  -2.860   0.0031      S  2 632.7A  -3.177   0.0015            
 RRC.........................      Ca B  3970A  -1.145   0.1613      N  1 1.040m  -2.445   0.0081      S  2 888.4A  -2.921   0.0027            
 H  1 911.8A   0.124   2.9927      Ca B  3889A  -1.316   0.1088      N  1 1.040m  -2.973   0.0024      S  3  1007A  -3.334   0.0010            
 H  1  3646A  -0.314   1.0920      Ca B  3835A  -1.459   0.0782      N  1 1.041m  -2.795   0.0036      Ar 1  1096A  -2.717   0.0043            
 H  1  3646A   0.052   2.5350      Ca B  3798A  -1.581   0.0591      N  1 1.041m  -2.790   0.0037      Ar 1 922.5A  -3.145   0.0016            
 H  1  8204A  -1.060   0.1960      Ca B  3771A  -1.686   0.0464      TOTL 1.040m  -2.104   0.0177      Ar 1 918.5A  -3.196   0.0014            
 H  1  8204A  -0.645   0.5104      Ca B  3750A  -1.777   0.0376      N  2  6584A  -1.159   0.1560      Fe 3 911.1A  -3.149   0.0016            
 H  1  8204A  -0.717   0.4321      Ca B  3734A  -1.858   0.0312      N  2  6548A  -1.629   0.0529      P  2  1154A  -3.202   0.0014            
 H  1 1.458m  -1.560   0.0620      Ca B  3722A  -1.932   0.0263      N  2  5755A  -1.798   0.0359      P  2 967.2A  -2.804   0.0035            
 H  1 1.458m  -1.137   0.1641      Ca B  3712A  -2.001   0.0224      N  2  2141A  -2.429   0.0084      P  2 963.8A  -2.562   0.0062            
 H  1 1.458m  -1.102   0.1782      Ca B  3704A  -2.066   0.0193      N  2  1085A  -2.050   0.0200      Ti 2  3366A  -2.128   0.0168            
 H  1 1.458m  -1.411   0.0873      Ca B  3697A  -2.128   0.0168      O  1  6300A  -0.847   0.3201      Ti 2  3238A  -2.386   0.0092            
 H  1 2.279m  -1.928   0.0266      Ca B  3692A  -2.186   0.0147      O  1  6363A  -1.343   0.1021      Cr 2  2060A  -2.817   0.0034            
 H  1 2.279m  -1.505   0.0704      Ca B  3687A  -2.241   0.0129      O  1  5577A  -2.594   0.0057      Mn 2  2590A  -2.018   0.0216            
 H  1 2.279m  -1.436   0.0824      Ca B  3683A  -2.293   0.0115      O  1 63.17m  -2.696   0.0045      Mn 2  1199A  -3.045   0.0020            
 H  1 2.279m  -1.599   0.0567      Ca B  3679A  -2.342   0.0103      TOTL  3727A  -1.891   0.0289      Ni 2  1752A  -2.956   0.0025            
 H  1 2.279m  -2.067   0.0193      Ca B  3676A  -2.387   0.0092      TOTL  7325A  -1.155   0.1577      Ni 2  1744A  -2.872   0.0030            
 H  1 3.281m  -2.215   0.0137      Ca B  3674A  -2.430   0.0084      IONZ  7325A  -3.141   0.0016      Ni 2  1485A  -3.318   0.0011            
 H  1 3.281m  -1.793   0.0362      Ca B  3671A  -2.470   0.0076      O II  3729A  -2.453   0.0079      Ni 2  1473A  -3.016   0.0022            
 H  1 3.281m  -1.712   0.0437      Ca B 1.875m  -0.827   0.3355      O II  3726A  -2.033   0.0209      Ni 2  1400A  -3.151   0.0016            
 H  1 3.281m  -1.820   0.0341      Ca B 1.282m  -1.136   0.1644      O II  2471A  -1.258   0.1243      Ni 2  1376A  -2.820   0.0034            
 H  1 3.281m  -2.114   0.0173      Ca B 1.094m  -1.391   0.0916      O II  7323A  -1.410   0.0875      Ni 2  1324A  -2.818   0.0034            
 H  1 3.281m  -2.692   0.0046      Ca B 1.005m  -1.601   0.0565      O II  7332A  -1.506   0.0702      hyperfine structure.........            
 H  1 4.466m  -2.449   0.0080      Ca B  9546A  -1.777   0.0376      O  2 833.8A  -2.712   0.0044      inner shell.................            
 H  1 4.466m  -2.030   0.0210      Ca B  9229A  -1.927   0.0266      O  3  5007A  -3.234   0.0013      molecules...................            
 H  1 4.466m  -1.943   0.0257      Ca B  9015A  -2.056   0.0198      Ne 2 12.81m  -1.028   0.2111      H-FB     0   -2.215   0.0137            
 H  1 4.466m  -2.025   0.0213      Ca B  8863A  -2.166   0.0153      Na 1  5892A  -2.646   0.0051      H-FF     0   -2.411   0.0087            
 H  1 4.466m  -2.248   0.0127      Ca B  8750A  -2.264   0.0123      Mg 1  4561A  -3.218   0.0014      H-CT  6563A  -2.083   0.0186            
 H  1 4.466m  -2.633   0.0052      Ca B  8665A  -2.350   0.0101      Mg 1  2853A  -2.145   0.0161      H2+      0   -2.535   0.0066            
 H  1 4.466m  -3.287   0.0012      Ca B  8598A  -2.429   0.0084      Mg 1  2026A  -3.058   0.0020            

                                                    Emergent line intensities
 general properties..........      Ca A 937.8A  -0.622   0.5377      Ca B 4.020m  -3.270   0.0012      P  2 1.189m  -2.715   0.0043            
 TOTL  4861A  -0.352   1.0000      Ca A 930.8A  -0.805   0.3529      Ca B 19.06m  -2.753   0.0040      P  2 1.147m  -3.192   0.0014            
 TOTL  1216A   1.185  34.4318      Ca A 926.2A  -0.947   0.2541      Ca B 11.31m  -2.882   0.0030      S  2  6720A  -1.937   0.0260            
 continua....................      Ca A 923.2A  -1.060   0.1961      Ca B 8.758m  -3.017   0.0022      S  2  4074A  -0.734   0.4157            
 Bac   3646A   0.900  17.8698      Ca A 921.0A  -1.148   0.1601      Ca B 7.506m  -3.144   0.0016      S  2 1.033m  -0.915   0.2738            
 nFnu  3645A   0.919  18.6772      Ca A 919.4A  -1.215   0.1373      Ca B 6.770m  -3.260   0.0012      S II  6731A  -2.095   0.0181            
 nFnu  3647A  -0.445   0.8074      Ca A 918.1A  -1.264   0.1225      Ca B 27.80m  -3.077   0.0019      S II  6716A  -2.454   0.0079            
 cout  3646A   0.599   8.9349      Ca A 917.2A  -1.304   0.1118      Ca B 16.20m  -3.187   0.0015      S II  4070A  -0.835   0.3289            
 cref  3646A   0.599   8.9349      Ca A 916.4A  -1.341   0.1028      Ca B 12.38m  -3.308   0.0011      S II  4078A  -1.414   0.0868            
 thin  3646A   0.900  17.8699      Ca A 915.8A  -1.377   0.0945      H  1  1216A   1.185  34.4318      S II 1.032m  -1.327   0.1061            
 Inci  4860A   1.126  30.0767      Ca A 915.3A  -1.415   0.0866      H  1  1026A  -1.669   0.0482      S II 1.029m  -1.462   0.0777            
 Inci  1215A   2.169 332.4079      Ca A 914.9A  -1.454   0.0791      H  1 972.5A  -1.786   0.0368      S II 1.037m  -1.873   0.0301            
 FIR  83.00m   0.560   8.1750      Ca A 914.6A  -1.494   0.0721      H  1 949.7A  -1.847   0.0320      S II 1.034m  -1.576   0.0597            
 TIR   1800m  -1.673   0.0478      Ca A 914.3A  -1.534   0.0658      H  1 937.8A  -1.848   0.0320      S  2  1256A  -2.631   0.0053            
 NIRa 2.850m   0.913  18.4294      Ca A 914.0A  -1.573   0.0602      H  1 930.8A  -1.943   0.0256      S  3 18.67m  -3.101   0.0018            
 NIRb 3.000m   0.504   7.1820      Ca A 913.8A  -1.610   0.0553      H  1 926.2A  -2.079   0.0188      S  3  9532A  -1.555   0.0627            
 MIRa 15.00m   0.113   2.9181      Ca A 913.6A  -1.644   0.0511      H  1 923.2A  -2.175   0.0151      S  3  9069A  -1.950   0.0253            
 MIRb 22.50m   0.294   4.4298      Ca A 913.5A  -1.676   0.0475      H  1 921.0A  -2.243   0.0129      S  3  6312A  -2.771   0.0038            
 NMIR 21.75m   0.913  18.4294      Ca A 913.3A  -1.706   0.0443      H  1  6563A   0.099   2.8265      S  3  3722A  -3.000   0.0023            
 TFIR 611.2m   0.049   2.5175      Ca A  6563A  -0.091   1.8272      H  1  4861A  -0.352   1.0000      Cl 2 14.40m  -3.141   0.0016            
 TALL 10000A   2.263 412.6278      Ca A  4861A  -0.535   0.6574      H  1  4340A  -0.680   0.4701      Cl 2  8579A  -1.884   0.0294            
 F12  12.00m  -0.324   1.0688      Ca A  4340A  -0.858   0.3119      H  1  4102A  -0.924   0.2679      Cl 2  9124A  -2.462   0.0078            
 F25  25.00m  -0.275   1.1948      Ca A  4102A  -1.112   0.1739      H  1  3970A  -1.102   0.1778      Ar 2 6.980m  -1.523   0.0676            
 F60  60.00m   0.162   3.2686      Ca A  3970A  -1.321   0.1076      H  1  3889A  -1.230   0.1325      Ar 3  7135A  -1.679   0.0471            
 F100 100.0m  -0.028   2.1091      Ca A  3889A  -1.496   0.0718      H  1  3835A  -1.332   0.1049      Ar 3  7751A  -2.297   0.0114            
 MIPS 24.00m  -0.579   0.5936      Ca A  3835A  -1.644   0.0511      H  1  3798A  -1.417   0.0862      Ar 3 9.000m  -2.209   0.0139            
 MIPS 70.00m  -0.196   1.4341      Ca A  3798A  -1.768   0.0384      H  1 1.875m  -0.840   0.3251      Ca 1  4228A  -2.927   0.0027            
 MIPS 160.0m  -0.423   0.8492      Ca A  3771A  -1.873   0.0302      H  1 1.282m  -1.142   0.1622      Ca 2  3933A  -0.799   0.3573            
 IRAC 3.600m  -0.876   0.2993      Ca A  3750A  -1.962   0.0246      H  1 1.094m  -1.388   0.0920      Ca 2  8579A  -1.344   0.1020            
 IRAC 4.500m  -0.821   0.3399      Ca A  3734A  -2.038   0.0206      H  1 1.005m  -1.577   0.0596      Ca 2  7306A  -0.170   1.5204            
 IRAC 5.800m  -0.932   0.2635      Ca A  3722A  -2.105   0.0177      H  1  9546A  -1.720   0.0429      Ca2K  3934A  -1.015   0.2172            
 IRAC 8.000m  -0.626   0.5330      Ca A  3712A  -2.165   0.0154      H  1  9229A  -1.835   0.0329      Ca2H  3969A  -1.206   0.1400            
 SPR1 250.0m  -0.842   0.3239      Ca A  3704A  -2.222   0.0135      H  1  9015A  -1.927   0.0266      Ca2X  8498A  -2.458   0.0078            
 SPR2 350.0m  -1.272   0.1205      Ca A  3697A  -2.275   0.0120      H  1 4.051m  -1.482   0.0742      Ca2Y  8542A  -1.517   0.0685            
 SPR3 500.0m  -1.646   0.0509      Ca A  3692A  -2.325   0.0106      H  1 2.625m  -1.708   0.0441      Ca2Z  8662A  -1.942   0.0257            
 PAC1 70.00m  -0.134   1.6542      Ca A  3687A  -2.373   0.0095      H  1 2.166m  -1.905   0.0280      CaF1  7291A  -0.390   0.9169            
 PAC2 100.0m  -0.023   2.1333      Ca A  3683A  -2.417   0.0086      H  1 1.945m  -2.065   0.0194      CaF2  7324A  -0.572   0.6034            
 PAC3 160.0m  -0.166   1.5350      Ca A  3679A  -2.458   0.0078      H  1 1.817m  -2.193   0.0144      Cr 3  5828A  -2.930   0.0026            
 PAH  3.300m  -1.665   0.0486      Ca A  3676A  -2.496   0.0072      H  1 1.736m  -2.291   0.0115      Fe 2  4300A  -0.213   1.3799            
 PAHC 3.230m  -1.992   0.0229      Ca A  3674A  -2.530   0.0066      H  1 7.458m  -1.999   0.0226      Fe 2  2400A  -0.217   1.3669            
 PAHC 3.370m  -2.079   0.0188      Ca A  3671A  -2.562   0.0062      H  1 4.653m  -2.176   0.0150      Fe 2  6200A  -1.704   0.0445            
 PAH  6.200m  -1.400   0.0896      Ca A 1.875m  -0.889   0.2905      H  1 3.740m  -2.341   0.0103      Fe 2 1.150m  -2.648   0.0051            
 PAHC 5.650m  -1.392   0.0912      Ca A 1.282m  -1.205   0.1406      H  1 3.296m  -2.475   0.0075      Fe 2 25.98m  -2.251   0.0126            
 PAH  7.900m  -1.099   0.1791      Ca A 1.094m  -1.462   0.0777      H  1 3.038m  -2.577   0.0060      Fe 2 5.339m  -3.126   0.0017            
 PAHC 6.900m  -0.995   0.2278      Ca A 1.005m  -1.676   0.0475      H  1 12.37m  -2.440   0.0082      Fe 2 1.257m  -1.281   0.1178            
 PAH  11.30m  -1.623   0.0536      Ca A  9546A  -1.858   0.0312      H  1 7.500m  -2.580   0.0059      Fe 2 35.34m  -2.662   0.0049            
 PAHC 10.90m  -1.639   0.0517      Ca A  9229A  -2.016   0.0217      H  1 5.907m  -2.712   0.0044      Fe 2 1.321m  -1.859   0.0312            
 PAH  11.80m  -1.413   0.0870      Ca A  9015A  -2.153   0.0158      H  1 5.127m  -2.813   0.0035      Fe 2 1.249m  -2.507   0.0070            
 PAHC 12.65m  -0.864   0.3080      Ca A  8863A  -2.274   0.0120      H  1 19.06m  -2.818   0.0034      Fe 2  7638A  -1.771   0.0382            
 PAH  13.30m  -1.367   0.0967      Ca A  8750A  -2.380   0.0094      H  1 11.31m  -2.923   0.0027      Fe 2 51.29m  -3.349   0.0010            
 PAHC 14.10m  -1.363   0.0975      Ca A  8665A  -2.474   0.0076      H  1 8.758m  -3.019   0.0022      Fe 2 1.372m  -2.083   0.0186            
 Bcon  3640A   2.197 354.4243      Ca A  8598A  -2.557   0.0062      H  1 27.80m  -3.137   0.0016      Fe 2 1.294m  -1.839   0.0326            
 Pcon  5000A   1.164  32.8395      Ca A  8545A  -2.631   0.0053      H  1 16.20m  -3.206   0.0014      Fe 2  7687A  -1.947   0.0254            
 nFnu 122.4m  -1.967   0.0243      Ca A  8502A  -2.699   0.0045      He-like iso-sequence........      Fe 2 1.328m  -2.084   0.0185            
 nInu 122.4m   0.385   5.4657      Ca A  8467A  -2.761   0.0039      Clin 506.0A  -0.639   0.5169      Fe 2 1.279m  -1.938   0.0259            
 nFnu 60.83m  -1.725   0.0424      Ca A  8438A  -2.818   0.0034      Ca B  2945A  -2.353   0.0100      Fe 2 1.252m  -2.827   0.0034            
 nInu 60.83m   0.338   4.9009      Ca A  8413A  -2.870   0.0030      Ca B  3188A  -2.025   0.0212      Fe 2  7665A  -2.306   0.0111            
 nFnu 41.22m  -1.578   0.0595      Ca A  8392A  -2.918   0.0027      Ca B  3614A  -2.929   0.0026      Fe 2 1.298m  -2.302   0.0112            
 nInu 41.22m   0.226   3.7843      Ca A  8374A  -2.962   0.0025      Ca B  3889A  -1.598   0.0567      Fe 2 1.270m  -2.115   0.0173            
 nFnu 30.87m  -1.474   0.0755      Ca A  8359A  -3.002   0.0022      Ca B  3965A  -2.620   0.0054      Fe 2  7874A  -2.805   0.0035            
 nInu 30.87m   0.123   2.9898      Ca A  8346A  -3.038   0.0021      Ca B  4026A  -2.296   0.0114      Fe 2  7733A  -2.821   0.0034            
 nFnu 24.78m  -1.395   0.0906      Ca A  8334A  -3.071   0.0019      Ca B  4388A  -2.866   0.0031      Fe 2 17.93m  -1.808   0.0350            
 nInu 24.78m   0.044   2.4916      Ca A 4.051m  -1.499   0.0713      Ca B  4471A  -1.965   0.0244      Fe 2 1.644m  -1.354   0.0996            
 nFnu 24.30m  -1.388   0.0921      Ca A 2.625m  -1.738   0.0412      Ca B  4713A  -2.958   0.0025      Fe 2 1.533m  -1.783   0.0371            
 nInu 24.30m   0.037   2.4506      Ca A 2.166m  -1.951   0.0252      Ca B  4922A  -2.529   0.0067      Fe 2  8617A  -1.192   0.1446            
 nFnu 22.83m  -1.365   0.0971      Ca A 1.945m  -2.135   0.0165      Ca B  5016A  -2.211   0.0139      Fe 2 24.51m  -2.278   0.0119            
 nInu 22.83m   0.015   2.3317      Ca A 1.817m  -2.297   0.0114      Ca B  5876A  -1.495   0.0720      Fe 2 1.809m  -2.057   0.0197            
 nFnu 21.42m  -1.343   0.1021      Ca A 1.736m  -2.441   0.0082      Ca B  6678A  -2.046   0.0202      Fe 2 1.677m  -1.923   0.0269            
 nInu 21.42m  -0.008   2.2095      Ca A 1.681m  -2.570   0.0061      Ca B  7065A  -2.110   0.0175      Fe 2 1.599m  -1.877   0.0299            
 nFnu 21.12m  -1.338   0.1033      Ca A 1.641m  -2.686   0.0046      Ca B  7281A  -2.761   0.0039      Fe 2  9052A  -1.851   0.0318            
 nInu 21.12m  -0.014   2.1822      Ca A 1.611m  -2.790   0.0037      Ca B 1.083m  -0.511   0.6944      Fe 2  8892A  -1.590   0.0579            
 nFnu 19.62m  -1.311   0.1100      Ca A 1.588m  -2.883   0.0029      Ca B 1.197m  -3.292   0.0011      Fe 2 35.77m  -3.080   0.0019            
 nInu 19.62m  -0.039   2.0566      Ca A 1.570m  -2.966   0.0024      Ca B 1.278m  -2.760   0.0039      Fe 2 1.800m  -2.095   0.0181            
 nFnu 17.65m  -1.270   0.1210      Ca A 1.556m  -3.040   0.0021      Ca B 1.279m  -3.234   0.0013      Fe 2 1.711m  -2.459   0.0078            
 nInu 17.65m  -0.082   1.8627      Ca A 1.544m  -3.108   0.0018      Ca B 1.700m  -3.116   0.0017      Fe 2 1.664m  -2.155   0.0158            
 nFnu 17.37m  -1.265   0.1224      Ca A 1.534m  -3.169   0.0015      Ca B 1.869m  -2.383   0.0093      Fe 2  9399A  -2.627   0.0053            
 nInu 17.37m  -0.088   1.8377      Ca A 1.526m  -3.225   0.0013      Ca B 1.870m  -2.854   0.0032      Fe 2  9227A  -1.846   0.0321            
 nFnu 15.69m  -1.232   0.1321      Ca A 1.519m  -3.276   0.0012      Ca B 2.058m  -1.936   0.0261      Fe 2  9033A  -2.055   0.0199            
 nInu 15.69m  -0.127   1.6795      Ca A 1.513m  -3.322   0.0011      He 1 584.3A  -1.603   0.0562      Fe 2 1.797m  -2.232   0.0132            
 nFnu 14.60m  -1.203   0.1412      Ca A 7.458m  -1.999   0.0226      He 1 537.0A  -2.597   0.0057      Fe 2 1.745m  -2.464   0.0077            
 nInu 14.60m  -0.155   1.5769      Ca A 4.653m  -2.187   0.0146      He 1 522.2A  -2.826   0.0034      Fe 2  9471A  -2.412   0.0087            
 nFnu 12.43m  -1.141   0.1625      Ca A 3.740m  -2.367   0.0097      He 1 515.6A  -2.870   0.0030      Fe 2  9268A  -1.949   0.0253            
 nInu 12.43m  -0.219   1.3593      Ca A 3.296m  -2.529   0.0067      He 1 512.1A  -2.853   0.0032      Fe 2 22.90m  -3.008   0.0022            
 nFnu 11.40m  -1.114   0.1730      Ca A 3.038m  -2.676   0.0047      He 1 625.6A  -3.041   0.0020      Fe 2 1.811m  -2.647   0.0051            
 nInu 11.40m  -0.252   1.2591      Ca A 2.872m  -2.809   0.0035      TOTL 1.083m  -0.530   0.6650      Fe 2 1.748m  -2.832   0.0033            
 nFnu 10.46m  -1.077   0.1885      Ca A 2.758m  -2.930   0.0026      He 1 1.083m  -0.530   0.6650      Fe 2 1.813m  -3.076   0.0019            
 nInu 10.46m  -0.286   1.1664      Ca A 2.674m  -3.040   0.0021      He 1 1.083m  -1.484   0.0739      Fe2b  7000A  -1.459   0.0782            
 nFnu 9.480m  -1.046   0.2025      Ca A 2.612m  -3.139   0.0016      He 1 1.083m  -1.007   0.2217      Fe2b 10000A  -0.398   0.9013            
 nInu 9.480m  -0.324   1.0670      Ca A 2.564m  -3.228   0.0013      He 1 1.083m  -0.785   0.3694      Fe2b  7445A  -1.459   0.0782            
 nFnu 9.325m  -1.041   0.2046      Ca A 2.525m  -3.307   0.0011      He 1  3889A  -1.629   0.0529      Fe2b  8625A  -0.847   0.3204            
 nInu 9.325m  -0.330   1.0530      Ca A 12.37m  -2.422   0.0085      He 1  3188A  -2.056   0.0198      Fe2b 1.033m  -2.412   0.0087            
 nFnu 8.210m  -0.988   0.2314      Ca A 7.500m  -2.575   0.0060      He 1  2945A  -2.384   0.0093      Fe2b 1.889m  -1.453   0.0794            
 nInu 8.210m  -0.380   0.9385      Ca A 5.907m  -2.731   0.0042      He 1  2829A  -2.644   0.0051      Fe 2  1786A  -2.001   0.0225            
 nFnu 7.580m  -0.964   0.2444      Ca A 5.127m  -2.877   0.0030      He 1 2.058m  -2.224   0.0134      Fe 3 22.92m  -2.933   0.0026            
 nInu 7.580m  -0.411   0.8747      Ca A 4.671m  -3.011   0.0022      He 1  5016A  -2.251   0.0126      Fe 3  5271A  -2.073   0.0190            
 nFnu 7.050m  -0.925   0.2678      Ca A 4.375m  -3.135   0.0016      He 1  3965A  -2.655   0.0050      Fe 3  5412A  -3.116   0.0017            
 nInu 7.050m  -0.437   0.8225      Ca A 4.170m  -3.249   0.0013      He 1  3614A  -2.956   0.0025      Fe 3  4881A  -2.824   0.0034            
 nFnu 4.114m  -0.714   0.4351      Ca A 4.020m  -3.352   0.0010      He 1  3448A  -3.169   0.0015      Fe 3  5012A  -2.414   0.0087            
 nInu 4.114m  -0.520   0.6796      Ca A 19.06m  -2.791   0.0036      He 1  7065A  -2.120   0.0171      Fe 3  5085A  -3.184   0.0015            
 nFnu 2.324m  -0.552   0.6315      Ca A 11.31m  -2.918   0.0027      He 1  5876A  -1.499   0.0713      Fe 3  4931A  -2.832   0.0033            
 nInu 2.324m  -0.255   1.2517      Ca A 8.758m  -3.057   0.0020      He 1  4713A  -2.991   0.0023      Fe 3  4659A  -1.892   0.0289            
 nFnu 1.643m  -0.420   0.8566      Ca A 7.506m  -3.189   0.0015      He 1  4471A  -1.982   0.0235      Fe 3  4755A  -2.630   0.0053            
 nInu 1.643m   0.004   2.2739      Ca A 6.770m  -3.313   0.0011      He 1  4026A  -2.316   0.0109      Fe 3  4608A  -2.915   0.0027            
 nFnu 1.480m  -0.427   0.8422      Ca A 27.80m  -3.116   0.0017      He 1  3820A  -2.575   0.0060      Fe 3  4702A  -2.149   0.0160            
 nInu 1.480m   0.067   2.6291      Ca A 16.20m  -3.226   0.0013      He 1  7281A  -2.773   0.0038      Fe 3  4770A  -2.624   0.0054            
 nFnu 1.436m  -0.189   1.4557      Ca A 12.38m  -3.350   0.0010      He 1  6678A  -2.054   0.0199      Fe 3  4668A  -3.027   0.0021            
 nInu 1.436m   0.174   3.3577      Ca B  6563A   0.101   2.8423      He 1  4922A  -2.546   0.0064      Fe 3  4734A  -2.473   0.0076            
 nFnu 1.119m  -0.230   1.3264      Ca B  4861A  -0.354   0.9973      He 1  4388A  -2.885   0.0029      Fe 3  4778A  -2.796   0.0036            
 nInu 1.119m   0.351   5.0539      Ca B  4340A  -0.683   0.4675      He 1  4144A  -3.134   0.0017      Fe 3  1126A  -3.050   0.0020            
 nFnu  8330A  -0.336   1.0388      Ca B  4102A  -0.938   0.2597      He 1 1.700m  -3.132   0.0017      recombination...............            
 nInu  8330A   0.574   8.4466      Ca B  3970A  -1.145   0.1613      He 1 1.197m  -3.312   0.0011      O  1  1357A  -2.563   0.0062            
 nFnu  8079A   0.193   3.5110      Ca B  3889A  -1.316   0.1088      He 1 1.869m  -2.371   0.0096      C  1  1140A  -2.480   0.0075            
 nInu  8079A   0.695  11.1528      Ca B  3835A  -1.459   0.0782      He 1 1.278m  -2.767   0.0039      C  2  1037A  -3.277   0.0012            
 nFnu  6210A   0.029   2.4040      Ca B  3798A  -1.581   0.0591      He 1 1.091m  -3.061   0.0020      C  2 946.1A  -3.269   0.0012            
 nInu  6210A   0.905  18.0966      Ca B  3771A  -1.686   0.0464      He 1 1.870m  -2.850   0.0032      C  2 799.8A  -3.248   0.0013            
 nFnu  4885A  -0.197   1.4309      Ca B  3750A  -1.777   0.0376      He 1 1.279m  -3.245   0.0013      N  1 980.7A  -2.846   0.0032            
 nInu  4885A   1.130  30.3688      Ca B  3734A  -1.858   0.0312      He 1 4.048m  -3.018   0.0022      O  1  7950A  -3.030   0.0021            
 nFnu  3704A  -0.517   0.6850      Ca B  3722A  -1.932   0.0263      Pho+  3889A  -0.914   0.2746      level2 lines................            
 nInu  3704A   1.359  51.4418      Ca B  3712A  -2.001   0.0224      database lines..............      C  1 943.9A  -2.511   0.0069            
 nFnu  3588A   0.895  17.6704      Ca B  3704A  -2.066   0.0193      level 1 lines...............      C  1  1248A  -2.611   0.0055            
 nInu  3588A   1.482  68.3145      Ca B  3697A  -2.128   0.0168      C  1  1656A  -2.402   0.0089      C  1  1561A  -2.929   0.0027            
 nFnu  2430A   0.121   2.9736      Ca B  3692A  -2.186   0.0147      REC   1656A  -2.920   0.0027      C  1  1315A  -2.782   0.0037            
 nInu  2430A   1.763 130.3733      Ca B  3687A  -2.241   0.0129      C Ic  9850A  -2.970   0.0024      C  1  1166A  -3.006   0.0022            
 nFnu  2392A   0.087   2.7489      Ca B  3683A  -2.293   0.0115      TOTL  9850A  -2.969   0.0024      C  1  1233A  -2.921   0.0027            
 nInu  2392A   1.776 134.2801      Ca B  3679A  -2.342   0.0103      C  1  8727A  -2.338   0.0103      C  1  1132A  -3.206   0.0014            
 nFnu  2071A  -0.202   1.4148      Ca B  3676A  -2.387   0.0092      TOTL  2326A  -0.966   0.2435      C  1  1251A  -3.180   0.0015            
 nInu  2071A   1.888 174.1321      Ca B  3674A  -2.430   0.0084      C  2  2325A  -2.051   0.0200      C  2 892.8A  -2.591   0.0058            
 nFnu  2053A  -0.217   1.3666      Ca B  3671A  -2.470   0.0076      C  2  2324A  -2.362   0.0098      C  2 688.8A  -2.955   0.0025            
 nInu  2053A   1.888 174.0171      Ca B 1.875m  -0.827   0.3355      C  2  2329A  -2.032   0.0209      C  2  1020A  -1.967   0.0243            
 nFnu  1793A  -0.324   1.0676      Ca B 1.282m  -1.136   0.1644      C  2  2328A  -1.500   0.0712      C  2 596.6A  -2.891   0.0029            
 nInu  1793A   1.997 223.3936      Ca B 1.094m  -1.391   0.0916      C  2  2327A  -1.268   0.1215      C  2 562.0A  -3.231   0.0013            
 nFnu  1585A  -0.289   1.1559      Ca B 1.005m  -1.601   0.0565      C  2  1335A  -1.903   0.0281      C  2 530.7A  -3.246   0.0013            
 nInu  1585A   1.927 190.3342      Ca B  9546A  -1.777   0.0376      REC   1335A  -2.520   0.0068      N  1 942.3A  -2.343   0.0102            
 nFnu  1458A  -0.227   1.3347      Ca B  9229A  -1.927   0.0266      C  3 977.0A  -2.266   0.0122      N  1 952.1A  -2.340   0.0103            
 nInu  1458A   2.101 283.9327      Ca B  9015A  -2.056   0.0198      TOTL  1909A  -2.715   0.0043      N  1  1131A  -2.513   0.0069            
 nFnu  1357A  -0.171   1.5201      Ca B  8863A  -2.167   0.0153      C  3  1910A  -2.738   0.0041      N  2 532.2A  -3.157   0.0016            
 nInu  1357A   2.181 341.8858      Ca B  8750A  -2.264   0.0123      N  1 953.9A  -2.337   0.0104      N  2 634.4A  -3.073   0.0019            
 nFnu  1297A  -0.132   1.6593      Ca B  8665A  -2.350   0.0100      N  1 954.1A  -2.882   0.0030      N  2 907.1A  -2.969   0.0024            
 nInu  1297A   2.197 354.3840      Ca B  8598A  -2.429   0.0084      N  1  1200A  -2.156   0.0157      O  1 867.3A  -3.196   0.0014            
 nFnu  1263A  -0.104   1.7737      Ca B  8545A  -2.502   0.0071      N  1  3466A  -2.944   0.0026      O  1 976.8A  -2.259   0.0124            
 nInu  1263A   2.190 349.0641      Ca B  8502A  -2.570   0.0061      TOTL  3467A  -2.860   0.0031      O  1 969.0A  -2.161   0.0155            
 nFnu  1218A   0.985  21.7569      Ca B  8467A  -2.634   0.0052      N  1 1.040m  -2.445   0.0081      O  1 946.4A  -2.307   0.0111            
 nInu  1218A   2.168 331.0868      Ca B  8438A  -2.694   0.0046      N  1 1.040m  -2.973   0.0024      O  1 934.5A  -2.291   0.0115            
 nFnu  1196A  -0.018   2.1622      Ca B  8413A  -2.750   0.0040      N  1 1.041m  -2.795   0.0036      O  1 973.6A  -2.399   0.0090            
 nInu  1196A   2.214 368.5904      Ca B  8392A  -2.803   0.0035      N  1 1.041m  -2.790   0.0037      O  1 927.5A  -2.405   0.0089            
 nFnu  1175A  -0.046   2.0233      Ca B  8374A  -2.852   0.0032      TOTL 1.040m  -2.104   0.0177      O  1 948.5A  -2.526   0.0067            
 nInu  1175A   2.168 331.6795      Ca B  8359A  -2.898   0.0028      N  2  6584A  -1.159   0.1560      O  1 923.0A  -2.530   0.0067            
 nFnu  1144A  -0.027   2.1157      Ca B  8346A  -2.941   0.0026      N  2  6548A  -1.629   0.0529      O  1 919.9A  -2.631   0.0053            
 nInu  1144A   2.282 431.2368      Ca B  8334A  -2.982   0.0023      N  2  5755A  -1.798   0.0359      O  1 935.7A  -2.600   0.0057            
 nFnu  1113A  -0.008   2.2077      Ca B 4.051m  -1.458   0.0784      N  2  2141A  -2.429   0.0084      O  1 917.7A  -2.722   0.0043            
 nInu  1113A   2.150 317.6547      Ca B 2.625m  -1.695   0.0455      N  2  1085A  -2.051   0.0200      O  1 918.7A  -2.805   0.0035            
 nFnu  1103A   0.013   2.3174      Ca B 2.166m  -1.904   0.0281      O  1  6300A  -0.847   0.3201      O  1 928.2A  -2.803   0.0035            
 nInu  1103A   2.307 455.9854      Ca B 1.945m  -2.085   0.0185      O  1  6363A  -1.344   0.1021      O  1 917.5A  -2.895   0.0029            
 nFnu  1074A   0.028   2.3985      Ca B 1.817m  -2.241   0.0129      O  1  5577A  -2.594   0.0057      O  1 923.4A  -2.999   0.0023            
 nInu  1074A   2.239 389.8963      Ca B 1.736m  -2.377   0.0094      O  1 63.17m  -2.696   0.0045      O  1 920.2A  -3.151   0.0016            
 nFnu  1064A   0.034   2.4347      Ca B 1.681m  -2.496   0.0072      TOTL  3727A  -1.891   0.0289      O  1 918.0A  -3.279   0.0012            
 nInu  1064A   2.317 467.2676      Ca B 1.641m  -2.600   0.0057      TOTL  7325A  -1.155   0.1577      O  2 530.8A  -3.027   0.0021            
 nFnu  1036A   0.051   2.5289      Ca B 1.611m  -2.694   0.0046      IONZ  7325A  -3.141   0.0016      Mg 2 959.3A  -3.328   0.0011            
 nInu  1036A   2.301 449.9792      Ca B 1.588m  -2.778   0.0038      O II  3729A  -2.453   0.0079      Al 2  1671A  -2.380   0.0094            
 nFnu  1000A   0.074   2.6710      Ca B 1.570m  -2.855   0.0031      O II  3726A  -2.033   0.0209      Si 2  1180A  -2.025   0.0213            
 nInu  1000A   2.298 447.1678      Ca B 1.556m  -2.926   0.0027      O II  2471A  -1.258   0.1243      Si 2 993.4A  -2.336   0.0104            
 nFnu 925.1A   0.127   3.0125      Ca B 1.544m  -2.993   0.0023      O II  7323A  -1.410   0.0875      Si 2  1024A  -2.546   0.0064            
 nInu 925.1A   2.247 397.1704      Ca B 1.534m  -3.055   0.0020      O II  7332A  -1.506   0.0702      S  2 750.3A  -3.069   0.0019            
 nFnu 897.8A   1.122  29.7888      Ca B 1.526m  -3.113   0.0017      O  2 833.8A  -2.845   0.0032      S  2 888.4A  -3.285   0.0012            
 nFnu 760.0A  -0.118   1.7144      Ca B 1.519m  -3.167   0.0015      O  3  5007A  -3.234   0.0013      S  3  1007A  -3.335   0.0010            
 nFnu 701.5A  -0.537   0.6538      Ca B 1.513m  -3.217   0.0014      Ne 2 12.81m  -1.028   0.2111      Ar 1  1096A  -2.717   0.0043            
 nFnu 608.2A  -2.162   0.0155      Ca B 1.508m  -3.263   0.0012      Na 1  5892A  -2.646   0.0051      Ar 1 922.5A  -3.146   0.0016            
 nInu 608.2A  -2.487   0.0073      Ca B 1.504m  -3.307   0.0011      Mg 1  4561A  -3.219   0.0014      Ar 1 918.5A  -3.197   0.0014            
 nFnu 575.1A  -2.450   0.0080      Ca B 1.500m  -3.348   0.0010      Mg 1  2853A  -2.145   0.0161      P  2  1154A  -3.202   0.0014            
 nInu 575.1A  -1.879   0.0298      Ca B 7.458m  -1.962   0.0246      Mg 1  2026A  -3.058   0.0020      P  2 967.2A  -2.805   0.0035            
 nFnu 511.9A  -3.076   0.0019      Ca B 4.653m  -2.150   0.0159      TOTL  2798A  -0.008   2.2080      P  2 963.8A  -2.563   0.0062            
 nInu 511.9A  -1.145   0.1612      Ca B 3.740m  -2.328   0.0106      Mg 2  2796A  -0.187   1.4636      Ti 2  3366A  -2.128   0.0168            
 nFnu 496.9A   0.406   5.7287      Ca B 3.296m  -2.486   0.0073      Mg 2  2803A  -0.481   0.7444      Ti 2  3238A  -2.386   0.0092            
 nInu 496.9A  -2.735   0.0041      Ca B 3.038m  -2.626   0.0053      totl  2665A  -1.680   0.0470      Cr 2  2060A  -2.817   0.0034            
 nFnu 399.2A  -3.205   0.0014      Ca B 2.872m  -2.751   0.0040      Al 2  2670A  -1.689   0.0461      Mn 2  2590A  -2.018   0.0216            
 nInu 399.2A  -1.389   0.0920      Ca B 2.758m  -2.861   0.0031      Si 2 34.81m  -2.678   0.0047      Mn 2  1199A  -3.045   0.0020            
 RRC.........................      Ca B 2.674m  -2.960   0.0025      TOTL  2335A  -1.527   0.0669      Ni 2  1752A  -2.956   0.0025            
 grains......................      Ca B 2.612m  -3.048   0.0020      Si 2  2334A  -2.537   0.0065      Ni 2  1744A  -2.872   0.0030            
 H-like iso-sequence.........      Ca B 2.564m  -3.129   0.0017      Si 2  2350A  -2.649   0.0051      Ni 2  1485A  -3.318   0.0011            
 Clin 912.0A  -0.957   0.2483      Ca B 2.525m  -3.203   0.0014      Si 2  2344A  -2.004   0.0223      Ni 2  1473A  -3.016   0.0022            
 Cool  1216A  -1.172   0.1514      Ca B 2.495m  -3.272   0.0012      Si 2  2336A  -1.838   0.0327      Ni 2  1400A  -3.151   0.0016            
 Crst 960.0A  -1.365   0.0972      Ca B 2.469m  -3.336   0.0010      Si 2  1814A  -2.008   0.0221      Ni 2  1376A  -2.820   0.0034            
 Ca B  1216A   1.168  33.1182      Ca B 12.37m  -2.386   0.0092      Si 2  1531A  -2.421   0.0085      Ni 2  1324A  -2.818   0.0034            
 Q(H)  4861A  -0.307   1.1100      Ca B 7.500m  -2.540   0.0065      Si 2  1308A  -2.357   0.0099      hyperfine structure.........            
 Q(H)  1216A   1.213  36.7850      Ca B 5.907m  -2.694   0.0046      Si 2  1263A  -2.043   0.0204      inner shell.................            
 Ca A  1216A   1.050  25.2626      Ca B 5.127m  -2.835   0.0033      Si 3  1207A  -2.518   0.0068      molecules...................            
 Ca A  1026A   0.329   4.8030      Ca B 4.671m  -2.962   0.0025      TOTL  1888A  -3.039   0.0021      H-CT  6563A  -2.083   0.0186            
 Ca A 972.5A  -0.085   1.8520      Ca B 4.375m  -3.076   0.0019      Si 3  1892A  -3.055   0.0020            
 Ca A 949.7A  -0.388   0.9218      Ca B 4.170m  -3.178   0.0015      P  2 1.640m  -2.966   0.0024            



                                                                           
 Cooling:  HFBc     0 :0.120 HFFc     0 :0.071 CaF1  7291A:0.063 Fe2c     0 :0.264  
 Heating:  BFH1     0 :0.929 BFHe     0 :0.064  

 These are some of the most important databases used by Cloudy:
 Many recombination coefficients were taken from http://amdpp.phys.strath.ac.uk/tamoc/RR/ and http://amdpp.phys.strath.ac.uk/tamoc/DR/
      and are based on the following papers:
        Badnell N. R., et al., A&A 406, 1151 (2003) [http://adsabs.harvard.edu/abs/2003A%26A...406.1151B]
        Badnell N. R., ApJS 167, 334 (2006) [http://adsabs.harvard.edu/abs/2006ApJS..167..334B]
 Much of the molecular emission data is from LAMDA as accessed on Dec. 18, 2010. This database is described in:
        Schoeier F.L., et al., A&A 432, 369 (2005) [http://adsabs.harvard.edu/abs/2005A%26A...432..369S]
      This database is in part based on the work of the following groups:
        JPL: Pickett H. M. et al., JQSRT, 60, 883 (1998). [http://adsabs.harvard.edu/abs/1998JQSRT..60..883P]
        CDMS: Mueller H. S. et al., A&A 370, L49 (2001). [http://adsabs.harvard.edu/abs/2001A%26A...370L..49M]
              Mueller H. S. et al., J. Mol. Struct. 742, 215 (2005). [http://adsabs.harvard.edu/abs/2005JMoSt.742..215M]
 Much of the ionic emission data is from version 7.0 of CHIANTI. CHIANTI is a collaborative project involving the NRL (USA), the
      Universities of Florence (Italy) and Cambridge (UK), and George Mason University (USA). These papers describe Chianti:
        Dere K. P., et al., A&AS, 125, 149 (1997) [http://adsabs.harvard.edu/abs/1997A%26AS..125..149D]
        Landi E., et al., ApJ, 744, 99 (2012) [http://adsabs.harvard.edu/abs/2012ApJ...744...99L]
 Much of the H_2 data is from this web site: http://molat.obspm.fr/index.php?page=pages/Molecules/H2/H2can94.php. These data are
      described in:
        Abgrall H. et al., Can. J. Phys., 72, 856 (1994) [http://adsabs.harvard.edu/abs/1994CaJPh..72..856A]
        Wrathmall S. A. & Flower D. R., J. Phys. B, 40, 3221 (2007) [http://adsabs.harvard.edu/abs/2007JPhB...40.3221W]
 Please cite those papers that played a significant role in this calculation.

 IONIZE PARMET:  U(1-) -4.4768  U(4-):-15.1133  U(sp): -4.48  Q(ion):    8.857  L(ion) -1.409    Q(low): 14.387    L(low)  2.209
 ENERGY BUDGET:  Heat:   0.808  Coolg:   0.808  Error:  0.0%  Rec Lin:   0.083  F-F  H  0.000    P(rad/tot)max     8.44E-04

     Col(Heff):      0.000E+00  snd travl time  1.04E+07 sec  Te-low: 3.96E+03  Te-hi: 7.95E+03  G0TH85: 6.89E+04  G0DB96:8.98E+04
  Emiss Measure    n(e)n(p) dl       2.797E+24  n(e)n(He+)dl         1.288E+23  En(e)n(He++) dl         1.735E+12  ne nC+:1.04E+21
 He/Ha:5.27E-02  =   0.62*true  Lthin:4.42E+01  itr/zn:10.70  H2 itr/zn:  0.00  File Opacity: F  MassTot 1.85e-05  (gm/cm^2)
   Temps(21 cm)   T(21cm/Ly a)  5.11E+03        T(<nH/Tkin>)  6.07E+03          T(<nH/Tspin>)    5.47E+03          TB21cm:1.34E-01
                   N(H0/Tspin)  7.89E+14        N(OH/Tkin)    9.04E+04          B(21cm)          0.00E+00
   <a>:5.52E-05  erdeFe0.0E+00  Tcompt6.82E+03  Tthr5.49E+07  <Tden>: 6.90E+03  <dens>:2.27E-18  <MolWgt>9.07E-01
     Mean Jeans  l(cm)3.13E+18  M(sun)1.83E+04  smallest:     len(cm):2.37E+18  M(sun):7.93E+03  a_ox tran:  0.00
 Rion:1.000E+30  Dist:0.00E+00  Diam:0.000E+00
 Hatom level 70  HatomType: add  HInducImp  F  He tot level: 63  He2 level:   70  ExecTime   300.9
 ConvrgError(%)  <eden>  0.256  MaxEden  0.826  <H-C>   0.12  Max(H-C)    0.49  <Press>   0.000  MaxPrs er  0.000
  Continuity(%)  chng Te   1.4  elec den   4.8  n(H2)    0.0  n(CO)        0.0

                                                        Averaged Quantities
             Te      Te(Ne)   Te(NeNp)  Te(NeHe+)Te(NeHe2+) Te(NeO+)  Te(NeO2+)  Te(H2)     N(H)     Ne(O2+)   Ne(Np)
 Radius:  6.90e+03  7.55e+03  7.67e+03  7.65e+03  7.60e+03  7.68e+03  7.73e+03  4.48e+03  1.00e+06  8.78e+05  7.29e+05
 
 Peimbert T(OIIIr)1.20E+04 T(Bac)7.91E+03 T(Hth)7.87E+03 t2(Hstrc) 6.69e-04 T(O3-BAC)9.25E+03 t2(O3-BC) 8.76e-02 t2(O3str) 1.50e-04

 Contin Optical Depths: COMP: 2.68e-06    H-: 9.37e-06 R(1300): 2.90e-05  H2+: 2.07e-07  Pfa:2.68E-06
                          Pa: 2.68e-06    Ba: 1.12e-05      Hb: 9.26e-06   La: 6.22e-02     1r:2.729E+01  1.8:9.14E+00 4.:1.738E+00

 Old, new H  1 continuum optical depths:
     1 2.73e+01     2 4.79e-06     3 9.41e-06     4 9.41e-06     5 9.41e-06     6 2.34e-06     7 2.34e-06     8 2.34e-06
     9 2.34e-06    10 8.64e-12    11 8.64e-12    12 8.64e-12    13 8.64e-12    14 8.64e-12    15 2.07e-11    16 2.07e-11
    17 2.07e-11    18 2.07e-11    19 2.07e-11    20 2.07e-11    21 4.39e-11    22 4.39e-11    23 4.39e-11    24 4.39e-11
    25 4.39e-11    26 4.39e-11    27 4.39e-11    28 8.36e-11    29 8.36e-11    30 8.36e-11    31 8.36e-11    32 8.36e-11
    33 8.36e-11    34 8.36e-11    35 8.36e-11    36 1.50e-10    37 1.50e-10    38 1.50e-10    39 1.50e-10    40 1.50e-10
    41 1.50e-10    42 1.50e-10    43 1.50e-10    44 1.50e-10    45 2.53e-10    46 2.53e-10    47 2.53e-10    48 2.53e-10
    49 2.53e-10    50 2.53e-10    51 2.53e-10    52 2.53e-10    53 2.53e-10    54 2.53e-10
     1 2.73e+01     2 4.78e-06     3 9.39e-06     4 9.39e-06     5 9.39e-06     6 2.34e-06     7 2.34e-06     8 2.34e-06
     9 2.34e-06    10 8.64e-12    11 8.64e-12    12 8.64e-12    13 8.64e-12    14 8.64e-12    15 2.07e-11    16 2.07e-11
    17 2.07e-11    18 2.07e-11    19 2.07e-11    20 2.07e-11    21 4.39e-11    22 4.39e-11    23 4.39e-11    24 4.39e-11
    25 4.39e-11    26 4.39e-11    27 4.39e-11    28 8.36e-11    29 8.36e-11    30 8.36e-11    31 8.36e-11    32 8.36e-11
    33 8.36e-11    34 8.36e-11    35 8.36e-11    36 1.50e-10    37 1.50e-10    38 1.50e-10    39 1.50e-10    40 1.50e-10
    41 1.50e-10    42 1.50e-10    43 1.50e-10    44 1.50e-10    45 2.53e-10    46 2.53e-10    47 2.53e-10    48 2.53e-10
    49 2.53e-10    50 2.53e-10    51 2.53e-10    52 2.53e-10    53 2.53e-10    54 2.53e-10

 Old, new H  1 mean line optical depths:
  2- 1 5.77e+05  3- 2 1.85e-04  4- 3 2.65e-08  5- 4 2.81e-08  6- 5 3.65e-08  7- 6 7.68e-08  8- 7 1.23e-07
  9- 8 4.24e-08 10- 9 1.18e-08
  2- 1 5.76e+05  3- 2 1.86e-04  4- 3 2.65e-08  5- 4 2.81e-08  6- 5 3.65e-08  7- 6 7.68e-08  8- 7 1.23e-07
  9- 8 4.24e-08 10- 9 1.18e-08

 Old, new He 2 continuum optical depths:
     1 1.74e+00     2 2.70e+01     3 1.03e-05     4 1.03e-05     5 1.03e-05     6 4.79e-06     7 4.79e-06     8 4.79e-06
     9 4.79e-06    10 7.63e-06    11 7.63e-06    12 7.63e-06    13 7.63e-06    14 7.63e-06    15 9.41e-06    16 9.41e-06
    17 9.41e-06    18 9.41e-06    19 9.41e-06    20 9.41e-06    21 7.95e-06    22 7.95e-06    23 7.95e-06    24 7.95e-06
    25 7.95e-06    26 7.95e-06    27 7.95e-06    28 2.34e-06    29 2.34e-06    30 2.34e-06    31 2.34e-06    32 2.34e-06
    33 2.34e-06    34 2.34e-06    35 2.34e-06    36 4.87e-12    37 4.87e-12    38 4.87e-12    39 4.87e-12    40 4.87e-12
    41 4.87e-12    42 4.87e-12    43 4.87e-12    44 4.87e-12    45 8.64e-12    46 8.64e-12    47 8.64e-12    48 8.64e-12
    49 8.64e-12    50 8.64e-12    51 8.64e-12    52 8.64e-12    53 8.64e-12    54 8.64e-12
     1 1.74e+00     2 2.70e+01     3 1.03e-05     4 1.03e-05     5 1.03e-05     6 4.78e-06     7 4.78e-06     8 4.78e-06
     9 4.78e-06    10 7.62e-06    11 7.62e-06    12 7.62e-06    13 7.62e-06    14 7.62e-06    15 9.39e-06    16 9.39e-06
    17 9.39e-06    18 9.39e-06    19 9.39e-06    20 9.39e-06    21 7.94e-06    22 7.94e-06    23 7.94e-06    24 7.94e-06
    25 7.94e-06    26 7.94e-06    27 7.94e-06    28 2.34e-06    29 2.34e-06    30 2.34e-06    31 2.34e-06    32 2.34e-06
    33 2.34e-06    34 2.34e-06    35 2.34e-06    36 4.87e-12    37 4.87e-12    38 4.87e-12    39 4.87e-12    40 4.87e-12
    41 4.87e-12    42 4.87e-12    43 4.87e-12    44 4.87e-12    45 8.64e-12    46 8.64e-12    47 8.64e-12    48 8.64e-12
    49 8.64e-12    50 8.64e-12    51 8.64e-12    52 8.64e-12    53 8.64e-12    54 8.64e-12

 Old, new He 2 mean line optical depths:
  2- 1 1.16e+04  3- 2 9.47e-12  4- 3 8.68e-17  5- 4 3.04e-17  6- 5 1.71e-18  7- 6 4.90e-19  8- 7 7.64e-19
  9- 8 1.12e-18 10- 9 1.56e-18
  2- 1 1.16e+04  3- 2 9.47e-12  4- 3 8.68e-17  5- 4 3.04e-17  6- 5 1.71e-18  7- 6 4.90e-19  8- 7 7.64e-19
  9- 8 1.12e-18 10- 9 1.56e-18

 Old He Is optical depths:    1 9.15e+00    2 1.30e-05    3 3.97e-06    4 4.45e-06    5 4.45e-06
 New He Is optical depths:    1 9.14e+00    2 1.30e-05    3 3.96e-06    4 4.45e-06    5 4.45e-06
          Old He Is Lines:  584 4.13e+04 3889 2.21e-01 5016 2.49e-04 5876 7.37e-08
          New He Is Lines:  584 4.13e+04 3889 2.21e-01 5016 2.49e-04 5876 7.39e-08

==== H      compounds ====           Log10 column densities [cm^-2}
   H2        : 10.786   H2*       : 11.212   H2+       : 10.470   H3+       :  4.494
==== He     compounds ====
   HeH+      : 11.300
==== Li     compounds ====
   LiH       : -1.496   LiH+      : -1.083
==== C      compounds ====
   CH        :  5.889   CH+       :  6.685   CH2       : -0.895   CH2+      : -0.545   CH3       : -7.352   CH3+      : -8.137   CH4       :-13.844   CH4+      :-15.716
   CH5+      :-22.438   C2        : -0.231   C2+       :  1.229   C2H       : -6.877   C2H+      : -5.703   C2H2      :-14.523   C2H2+     :-11.507   C2H3+     :-18.049
   C3        :-17.101   C3+       :-11.049   C3H       :-20.862   C3H+      :-17.791
==== N      compounds ====
   NH        :  7.654   NH+       :  7.045   NH2       :  0.013   NH2+      : -0.695   NH3       : -6.485   NH3+      : -8.235   NH4+      :-17.710   CN        :  3.786
   CN+       :  3.287   HCN       : -3.186   HCN+      : -3.620   HNC       : -7.254   HCNH+     :-11.432   HC3N      :-35.930   N2        :  4.078   N2+       :  3.080
   N2H+      : -9.680
==== O      compounds ====
   OH        :  8.636   OH+       :  8.066   H2O       :  1.500   H2O+      :  0.562   H3O+      : -6.775   CO        :  6.889   CO+       :  4.712   HCO+      :  0.836
   H2CO      :-35.930   CH3OH     :-35.930   ^13CO     :  5.412   NO        :  4.191   NO+       :  3.011   HNO       : -2.799   HNO+      : -4.390   OCN       : -5.525
   OCN+      : -5.216   N2O       : -6.762   O2        :  4.408   O2+       :  4.431   NO2       : -7.015   NO2+      : -7.283
==== Ne     compounds ====
   NeH+      :  6.706
==== Si     compounds ====
   SiH       : -2.050   SiH2+     : -3.005   SiC2      :-35.930   SiN       : -6.064   SiN+      :  2.650   SiO       :  1.565   SiO+      :  3.515   SiOH+     : -4.038
==== S      compounds ====
   HS        :  2.461   HS+       :  3.773   CS        : -3.434   CS+       :  0.108   HCS+      : -6.794   NS        : -0.983   NS+       :  2.055   SO        : -0.129
   SO+       :  3.089   OCS       :-10.385   OCS+      :-11.893   SO2       :-35.930   S2        : -9.599   S2+       :-10.852
==== Cl     compounds ====
   HCl       : -4.468   HCl+      :  3.726   H2Cl+     : -3.787   CCl       :-28.382   CCl+      : -8.496   H2CCl+    :-30.499   ClO       :-32.296   ClO+      :-35.930
==== Ar     compounds ====
   ArH+      :  7.798
==== Ti     compounds ====
   TiH       :-35.930   TiH+      :-35.930   TiH2      :-35.930   TiH2+     :-35.930   TiC       :-35.930   TiC+      :-35.930   HCTi      :-35.930   HCTi+     :-35.930
   TiC2      :-35.930   TiC2+     :-35.930   TiN       :-35.930   TiN+      :-35.930   HNTi      :-35.930   HNTi+     :-35.930   TiNC      :-35.930   TiNC+     :-35.930
   TiO       :-35.930   TiO+      :-35.930   TiOH+     :-35.930   TiO2      :-35.930   TiF+      :-35.930   TiS       :-35.930   TiS+      :-35.930   HTiS      :-35.930


               1      2      3      4      5      6      7      8      9     10     11     12     13     14     15     16     17

 Hydrogen   18.635 18.584 11.351 (H2)                Log10 Column density (cm^-2)
 Helium     17.702 17.281  6.482
 Lithium     5.882  7.957-30.000-30.000
 Beryllium   7.387  8.202  7.086-30.000-30.000
 Boron       7.420  9.606  7.404  3.891-30.000-30.000
 Carbon     13.321 15.328 13.654-30.000-30.000-30.000-30.000
 Nitrogen   14.396 14.481 11.339-30.000-30.000-30.000-30.000-30.000
 Oxygen     15.351 15.243 11.982-30.000-30.000-30.000-30.000-30.000-30.000
 Fluorine   10.978 11.297  9.460-30.000-30.000-30.000-30.000-30.000-30.000-30.000
 Neon       14.435 14.624 12.062-30.000-30.000-30.000-30.000-30.000-30.000-30.000-30.000
 Sodium     11.111 13.148  9.851-30.000-30.000-30.000-30.000-30.000-30.000-30.000-30.000-30.000
 Magnesium  12.831 14.484 13.108-30.000-30.000-30.000-30.000-30.000-30.000-30.000-30.000-30.000-30.000
 Aluminium   9.884 13.359 11.082  8.313-30.000-30.000-30.000-30.000-30.000-30.000-30.000-30.000-30.000-30.000
 Silicon    11.662 14.415 12.593  8.215-30.000-30.000-30.000-30.000-30.000-30.000-30.000-30.000-30.000-30.000-30.000
 Phosphorus  9.379 12.315 10.479  6.470-30.000-30.000-30.000-30.000-30.000-30.000-30.000-30.000-30.000-30.000-30.000-30.000
 Sulphur    11.529 14.002 12.842  7.650-30.000-30.000-30.000-30.000-30.000-30.000-30.000-30.000-30.000-30.000-30.000-30.000-30.000
 Chlorine    9.495 12.393 11.009-30.000-30.000-30.000-30.000-30.000-30.000-30.000-30.000-30.000-30.000-30.000-30.000-30.000-30.000
-30.000
 Argon      12.669 13.075 12.593-30.000-30.000-30.000-30.000-30.000-30.000-30.000-30.000-30.000-30.000-30.000-30.000-30.000-30.000
-30.000-30.000
 Potassium   9.236 11.935 10.010-30.000-30.000-30.000-30.000-30.000-30.000-30.000-30.000-30.000-30.000-30.000-30.000-30.000-30.000
-30.000-30.000-30.000
 Calcium    10.787 12.935 12.963-30.000-30.000-30.000-30.000-30.000-30.000-30.000-30.000-30.000-30.000-30.000-30.000-30.000-30.000
-30.000-30.000-30.000-30.000
 Scandium    7.411  9.774  9.732  8.142-30.000-30.000-30.000-30.000-30.000-30.000-30.000-30.000-30.000-30.000-30.000-30.000-30.000
-30.000-30.000-30.000-30.000-30.000
 Titanium    7.821 11.797 10.998  8.127-30.000-30.000-30.000-30.000-30.000-30.000-30.000-30.000-30.000-30.000-30.000-30.000-30.000
-30.000-30.000-30.000-30.000-30.000-30.000
 Vanadium    8.831 10.712 10.237  6.502-30.000-30.000-30.000-30.000-30.000-30.000-30.000-30.000-30.000-30.000-30.000-30.000-30.000
-30.000-30.000-30.000-30.000-30.000-30.000-30.000
 Chromium    9.950 12.472 11.770  7.728-30.000-30.000-30.000-30.000-30.000-30.000-30.000-30.000-30.000-30.000-30.000-30.000-30.000
-30.000-30.000-30.000-30.000-30.000-30.000-30.000-30.000
 Manganese   8.368 12.279 11.463  7.254-30.000-30.000-30.000-30.000-30.000-30.000-30.000-30.000-30.000-30.000-30.000-30.000-30.000
-30.000-30.000-30.000-30.000-30.000-30.000-30.000-30.000-30.000
 Iron       10.246 14.380 13.251  9.800-30.000-30.000-30.000-30.000-30.000-30.000-30.000-30.000-30.000-30.000-30.000-30.000-30.000
-30.000-30.000-30.000-30.000-30.000-30.000-30.000-30.000-30.000-30.000
 Cobalt     10.689 11.872  9.512  5.953-30.000-30.000-30.000-30.000-30.000-30.000-30.000-30.000-30.000-30.000-30.000-30.000-30.000
-30.000-30.000-30.000-30.000-30.000-30.000-30.000-30.000-30.000-30.000-30.000
 Nickel      9.482 13.130 10.605  6.369-30.000-30.000-30.000-30.000-30.000-30.000-30.000-30.000-30.000-30.000-30.000-30.000-30.000
-30.000-30.000-30.000-30.000-30.000-30.000-30.000-30.000-30.000-30.000-30.000-30.000
 Copper      9.187 11.009 10.358  5.866-30.000-30.000-30.000-30.000-30.000-30.000-30.000-30.000-30.000-30.000-30.000-30.000-30.000
-30.000-30.000-30.000-30.000-30.000-30.000-30.000-30.000-30.000-30.000-30.000-30.000-30.000
 Zinc       10.348 11.382 10.513  7.558-30.000-30.000-30.000-30.000-30.000-30.000-30.000-30.000-30.000-30.000-30.000-30.000-30.000
-30.000-30.000-30.000-30.000-30.000-30.000-30.000-30.000-30.000-30.000-30.000-30.000-30.000-30.000
 Exc state    He1* 12.255   CII* 15.150   C11* 12.369   C12* 12.845   C13* 13.064   O11* 15.109   O12* 14.856   O13* 14.379
              Si2* 14.229   C30*  8.488   C31*  6.229   C32*  9.268


 Hydrogen   -0.276 -0.327 -7.260 (H2)                 Log10 Mean Ionisation (over radius)
 Helium     -0.140 -0.561-11.359
 Lithium    -2.078 -0.004
 Beryllium  -0.904 -0.090 -1.205
 Boron      -2.191 -0.006 -2.207 -5.720
 Carbon     -2.021 -0.013 -1.687
 Nitrogen   -0.346 -0.261 -3.402
 Oxygen     -0.251 -0.358 -3.620
 Fluorine   -0.494 -0.174 -2.011
 Neon       -0.406 -0.218 -2.780
 Sodium     -2.041 -0.004 -3.301
 Magnesium  -1.681 -0.027 -1.403
 Aluminium  -3.478 -0.002 -2.280 -5.048
 Silicon    -2.761 -0.007 -1.829 -6.207
 Phosphorus -2.943 -0.007 -1.842 -5.852
 Sulphur    -2.503 -0.030 -1.190 -6.382
 Chlorine   -2.916 -0.018 -1.402
 Argon      -0.642 -0.236 -0.719
 Potassium  -2.705 -0.006 -1.930
 Calcium    -2.465 -0.317 -0.289
 Scandium   -2.649 -0.287 -0.329 -1.918
 Titanium   -4.040 -0.064 -0.863 -3.735
 Vanadium   -2.011 -0.130 -0.605 -4.340
 Chromium   -2.602 -0.080 -0.782 -4.824
 Manganese  -3.973 -0.062 -0.878 -5.088
 Iron       -4.165 -0.031 -1.160 -4.611
 Cobalt     -1.212 -0.029 -2.390 -5.948
 Nickel     -3.650 -0.001 -2.526 -6.763
 Copper     -1.915 -0.093 -0.744 -5.236
 Zinc       -1.123 -0.089 -0.958 -3.914

               1      2      3      4      5      6      7      8      9     10     11     12     13     14     15     16     17

 Hydrogen   -0.513 -0.159 -8.244 (H2)         Log10 Mean Ionisation (over radius*electron density)
 Helium     -0.204 -0.426-11.296
 Lithium    -1.957 -0.005
 Beryllium  -0.747 -0.138 -1.029
 Boron      -2.036 -0.009 -1.970 -5.465
 Carbon     -1.880 -0.020 -1.503
 Nitrogen   -0.618 -0.120 -3.154
 Oxygen     -0.465 -0.183 -3.370
 Fluorine   -0.740 -0.094 -1.910
 Neon       -0.563 -0.140 -2.760
 Sodium     -2.250 -0.003 -3.401
 Magnesium  -1.617 -0.039 -1.203
 Aluminium  -3.451 -0.004 -2.114 -4.839
 Silicon    -2.646 -0.012 -1.594 -5.940
 Phosphorus -2.912 -0.010 -1.650 -5.595
 Sulphur    -2.365 -0.045 -1.029 -6.114
 Chlorine   -2.899 -0.026 -1.240
 Argon      -1.063 -0.196 -0.558
 Potassium  -2.953 -0.007 -1.860
 Calcium    -2.300 -0.229 -0.393
 Scandium   -2.580 -0.341 -0.283 -1.684
 Titanium   -4.142 -0.103 -0.677 -3.476
 Vanadium   -1.978 -0.217 -0.417 -4.083
 Chromium   -2.497 -0.143 -0.557 -4.565
 Manganese  -4.092 -0.109 -0.653 -4.828
 Iron       -4.235 -0.055 -0.929 -4.351
 Cobalt     -1.109 -0.039 -2.140 -5.681
 Nickel     -3.701 -0.002 -2.277 -6.490
 Copper     -1.817 -0.164 -0.523 -4.976
 Zinc       -1.009 -0.117 -0.857 -3.790

               1      2      3      4      5      6      7      8      9     10     11     12     13     14     15     16     17

 Hydrogen    3.801  3.878  3.652 (H2)                  Log10 Mean Temperature (over radius)
 Helium      3.827  3.869  3.850
 Lithium     3.869  3.839
 Beryllium   3.878  3.829  3.878
 Boron       3.875  3.838  3.886  3.888
 Carbon      3.874  3.838  3.879
 Nitrogen    3.792  3.874  3.888
 Oxygen      3.805  3.879  3.888
 Fluorine    3.791  3.860  3.862
 Neon        3.807  3.858  3.844
 Sodium      3.794  3.839  3.816
 Magnesium   3.858  3.837  3.882
 Aluminium   3.847  3.839  3.875  3.883
 Silicon     3.867  3.838  3.887  3.889
 Phosphorus  3.848  3.838  3.880  3.888
 Sulphur     3.873  3.836  3.875  3.889
 Chlorine    3.845  3.837  3.874
 Argon       3.763  3.854  3.876
 Potassium   3.787  3.839  3.853
 Calcium     3.878  3.863  3.815
 Scandium    3.864  3.836  3.841  3.885
 Titanium    3.816  3.833  3.878  3.889
 Vanadium    3.856  3.824  3.880  3.888
 Chromium    3.868  3.829  3.886  3.888
 Manganese   3.812  3.831  3.886  3.888
 Iron        3.822  3.835  3.886  3.889
 Cobalt      3.867  3.837  3.887  3.889
 Nickel      3.825  3.839  3.887  3.891
 Copper      3.868  3.828  3.884  3.888
 Zinc        3.869  3.833  3.860  3.860

               1      2      3      4      5      6      7      8      9     10     11     12     13     14     15     16     17

 Hydrogen    3.861  3.885  3.681 (H2)          Log10 Mean Temperature (over radius*electron density)
 Helium      3.874  3.884  3.881
 Lithium     3.883  3.878
 Beryllium   3.885  3.875  3.885
 Boron       3.885  3.878  3.888  3.888
 Carbon      3.884  3.877  3.886
 Nitrogen    3.857  3.884  3.888
 Oxygen      3.863  3.885  3.888
 Fluorine    3.860  3.881  3.882
 Neon        3.868  3.881  3.879
 Sodium      3.863  3.878  3.872
 Magnesium   3.881  3.877  3.886
 Aluminium   3.879  3.878  3.885  3.887
 Silicon     3.883  3.877  3.887  3.889
 Phosphorus  3.879  3.877  3.886  3.888
 Sulphur     3.884  3.877  3.885  3.889
 Chlorine    3.878  3.877  3.885
 Argon       3.840  3.880  3.885
 Potassium   3.860  3.878  3.881
 Calcium     3.885  3.882  3.871
 Scandium    3.881  3.874  3.880  3.888
 Titanium    3.872  3.876  3.886  3.889
 Vanadium    3.879  3.873  3.886  3.889
 Chromium    3.883  3.874  3.887  3.889
 Manganese   3.871  3.875  3.887  3.889
 Iron        3.874  3.876  3.887  3.889
 Cobalt      3.882  3.877  3.888  3.889
 Nickel      3.875  3.878  3.888  3.891
 Copper      3.882  3.874  3.887  3.888
 Zinc        3.883  3.876  3.883  3.884

               1      2      3      4      5      6      7      8      9     10     11     12     13     14     15     16     17
                                                                          

---------------Convergence statistics---------------
      1.62 mean iterations/state convergence
      2.92 mean cx acceleration loops/iteration
      1.03 mean iso convergence loops/ion solve
         1 mean steps/chemistry solve
         1 mean step length searches/chemistry step
----------------------------------------------------

 Cloudy ends: 102 zones, 3 iterations.  ExecTime(s) 300.96
 [Stop in cdMain at ../maincl.cpp:483, Cloudy exited OK]
 ************************************************** GRID_DELIMIT -- grid000000058
