                                                          Cloudy 13.03
                                                         www.nublado.org

                       **************************************13Feb20**************************************
                       *                                                                                 *
                       * c                                                                               *
                       * phi(h) 10.000000 LOG range -0.000232 6.866524                                   *
                       * grid from 8 to 23 in 1 dex steps                                                *
                       * HDEN=6.000000 LOG                                                               *
                       * grid from 0 to 12 in 1 dex steps                                                *
                       * set pres ionize 1e5                                                             *
                       * c                                                                               *
                       * c                                                                               *
                       * table star "inst_padova_agbtrack_z.mod" age 6.7                                 *
                       * c<< inst_padova_ model    3 read.       Age =    4010000.00                 >>> *
                       * c<< inst_padova_ model    4 read.       Age =    6010000.00                 >>> *
                       * c<< FINAL:     Age =    5011872.34                                          >>> *
                       * c                                                                               *
                       * c                                                                               *
                       * abundances GASS10                                                               *
                       * c                                                                               *
                       * c                                                                               *
                       * iterate to convergence max = 7                                                  *
                       * stop column density = 23                                                        *
                       * c                                                                               *
                       * c                                                                               *
                       * print last                                                                      *
                       * set save prefix "padova_inst_5"                                                 *
                       * save grid ".grd" last no hash                                                   *
                       * save linelist "emissionlines_abs.txt" "LineList_HII.dat" absolute last no hash    *
                       *                                                                                 *
                       ***********************************************************************************



 NOTE Setcon: continuum has zero intensity starting at  1.0074e+01 Ryd.
     1 cells in the incident continuum have zero intensity.  Problems???

           4147CellPeak1.00E+00   Lo 1.00e-08=910.79cm   Hi-Con:1.01E+01 Ryd   E(hi):7.35E+06Ryd     E(hi):     100.01 MeV
           I(nu>1ryd):  -0.5177   Average nu:1.393E+00   I( X-ray):   0.0000   I(BalC):   0.6874     Phi(BalmrC):  11.6137
           phi(1.0-1.8): 9.9530   phi(1.8-4.0):  8.973   phi(4.0-20):  7.940   phi(20--):  0.000     Ion pht flx:1.000E+10
           I(gam ray):   0.0000   phi(gam r):   0.0000   I(Infred):  -0.0903   Alf(ox):   0.0000     Total inten:   0.7770
           U(1.0----):3.336E-07   U(4.0----):2.905E-09   T(En-Den):1.275E+01   T(Comp):2.398E+04     nuJnu(912A):1.635E+00
           Occ(FarIR):4.173E-01   Occ(H n=6):1.363E-12   Occ(1Ryd):7.517E-17   Occ(4R):3.003E-21     Occ (Nu-hi):0.000E+00
           Tbr(FarIR):6.611E-04   Tbr(H n=6):5.975E-09   Tbr(1Ryd):1.188E-11   Tbr(4R):1.898E-15     Tbr (Nu-hi):0.000E+00
  
                                                  Gas Phase Chemical Composition
        H :  0.0000  He: -1.0701  Li:-10.9508  Be:-10.6198  B : -9.3002  C : -3.5702  N : -4.1701  O : -3.3098  F : -7.4401
        Ne: -4.0701  Na: -5.7595  Mg: -4.4001  Al: -5.5498  Si: -4.4895  P : -6.5901  S : -4.8794  Cl: -6.5003  Ar: -5.6003
        K : -6.9706  Ca: -5.6596  Sc: -8.8508  Ti: -7.0501  V : -8.0701  Cr: -6.3595  Mn: -6.5702  Fe: -4.5003  Co: -7.0101
                                               Ni: -5.7799  Cu: -7.8097  Zn: -7.4401
 
 ####  1  Te:5.329E+03 Hden:1.000E+06 Ne:2.125E+05 R:1.000E+30 R-R0:1.166E+08 dR:2.333E+08 NTR: 27 Htot:1.181E-13 T912: 1.16e-03###
 Hydrogen      7.90e-01 2.10e-01 H+o/Hden 1.00e+00 4.33e-08 H-    H2 2.64e-08 5.37e-09 H2+ HeH+ 6.40e-09 Ho+ ColD 1.84e+14 4.91e+13
 Helium        9.73e-01 2.72e-02 3.07e-06 HeI 2s3S 4.22e-07 Comp H,C 1.37e-23 3.04e-24 Fill Fac 1.00e+00 Gam1/tot 1.00e+00
 He singlet n  9.73e-01 3.31e-11 8.68e-18 1.77e-18 4.97e-18 2.77e-18 He tripl 4.22e-07 6.18e-16 3.42e-18 2.55e-17 7.66e-18
 Pressure      NgasTgas 6.92e+09 P(total) 9.56e-07 P( gas ) 9.56e-07 P(Radtn) 0.00e+00 Rad accl 9.54e-05 ForceMul 7.66e+06
 Texc(La)      3.31e+03 T(I con) 1.27e+01 T(D con) 7.23e-01 T(U tot) 1.27e+01 nT (c+d) 3.25e+06 Prad/Gas 0.00e+00 Pmag/Gas 0.00e+00
 Molecules     CH/Ctot: 1.74e-08 CH+/Ctot 2.13e-09 CO/Ctot: 1.08e-08 CO+/Ctot 5.65e-12 H2O/Otot 4.21e-16 OH/Ototl 8.27e-08
 Lithium       1.05e-01 8.95e-01 2.80e-08 0.00e+00 Berylliu 5.59e-01 4.38e-01 3.00e-03 0.00e+00 0.00e+00 sec ion: 1.39e-13
 Boron         9.85e-02 9.01e-01 8.04e-05 0.00e+00 0.00e+00 0.00e+00
 Carbon        1.58e-01 8.41e-01 1.02e-03 0.00e+00 0.00e+00 0.00e+00 0.00e+00 H2O+/O   8.16e-17 OH+/Otot 2.69e-08 Hex(tot) 0.00e+00
 Nitrogen      8.39e-01 1.61e-01 8.99e-07 0.00e+00 0.00e+00 0.00e+00 0.00e+00 0.00e+00 O2/Ototl 4.03e-12 O2+/Otot 2.16e-12
 Oxygen        8.26e-01 1.74e-01 1.39e-06 0.00e+00 0.00e+00 0.00e+00 0.00e+00 0.00e+00 0.00e+00
 Fluorine      7.63e-01 2.36e-01 7.56e-04 0.00e+00 0.00e+00 0.00e+00 0.00e+00 0.00e+00 0.00e+00 0.00e+00
 Neon          8.62e-01 1.38e-01 5.00e-04 0.00e+00 0.00e+00 0.00e+00 0.00e+00 0.00e+00 0.00e+00 0.00e+00 0.00e+00
 Sodium        3.23e-02 9.65e-01 2.49e-03 0.00e+00 0.00e+00 0.00e+00 0.00e+00 0.00e+00 0.00e+00 0.00e+00 0.00e+00 0.00e+00
 Magnesium     1.99e-02 9.74e-01 6.33e-03 0.00e+00 0.00e+00 0.00e+00 0.00e+00 0.00e+00 0.00e+00 0.00e+00 0.00e+00 0.00e+00 0.00e+00
 Aluminium  0  3.99e-04 9.99e-01 5.00e-04 5.14e-05 0.00e+00 0.00e+00 0.00e+00 0.00e+00 0.00e+00 0.00e+00 0.00e+00 0.00e+00 0.00e+00
 Silicon    0  1.79e-02 9.82e-01 2.97e-04 0.00e+00 0.00e+00 0.00e+00 0.00e+00 0.00e+00 0.00e+00 0.00e+00 0.00e+00 0.00e+00 0.00e+00
 Phosphorus 0  1.67e-03 9.97e-01 1.06e-03 0.00e+00 0.00e+00 0.00e+00 0.00e+00 0.00e+00 0.00e+00 0.00e+00 0.00e+00 0.00e+00 0.00e+00
 Sulphur    0  5.57e-02 9.40e-01 3.80e-03 0.00e+00 0.00e+00 0.00e+00 0.00e+00 0.00e+00 0.00e+00 0.00e+00 0.00e+00 0.00e+00 0.00e+00
 Chlorine   0  1.88e-03 9.95e-01 2.81e-03 0.00e+00 0.00e+00 0.00e+00 0.00e+00 0.00e+00 0.00e+00 0.00e+00 0.00e+00 0.00e+00 0.00e+00
 Argon      0  5.05e-01 4.84e-01 1.10e-02 0.00e+00 0.00e+00 0.00e+00 0.00e+00 0.00e+00 0.00e+00 0.00e+00 0.00e+00 0.00e+00 0.00e+00
 Potassium  0  2.13e-02 9.77e-01 1.50e-03 0.00e+00 0.00e+00 0.00e+00 0.00e+00 0.00e+00 0.00e+00 0.00e+00 0.00e+00 0.00e+00 0.00e+00
 Calcium    0  1.02e-01 8.63e-01 3.48e-02 0.00e+00 0.00e+00 0.00e+00 0.00e+00 0.00e+00 0.00e+00 0.00e+00 0.00e+00 0.00e+00 0.00e+00
 Scandium   0  9.10e-02 8.25e-01 8.34e-02 1.52e-04 0.00e+00 0.00e+00 0.00e+00 0.00e+00 0.00e+00 0.00e+00 0.00e+00 0.00e+00 0.00e+00
 Titanium   0  1.14e-04 9.83e-01 1.73e-02 3.54e-07 0.00e+00 0.00e+00 0.00e+00 0.00e+00 0.00e+00 0.00e+00 0.00e+00 0.00e+00 0.00e+00
 Vanadium   0  2.71e-01 6.92e-01 3.71e-02 6.75e-08 0.00e+00 0.00e+00 0.00e+00 0.00e+00 0.00e+00 0.00e+00 0.00e+00 0.00e+00 0.00e+00
 Chromium   0  6.17e-02 9.34e-01 4.05e-03 1.05e-08 0.00e+00 0.00e+00 0.00e+00 0.00e+00 0.00e+00 0.00e+00 0.00e+00 0.00e+00 0.00e+00
 Manganese  0  1.29e-04 9.94e-01 5.42e-03 7.73e-09 0.00e+00 0.00e+00 0.00e+00 0.00e+00 0.00e+00 0.00e+00 0.00e+00 0.00e+00 0.00e+00
 Iron       0  7.49e-05 9.98e-01 1.68e-03 1.66e-08 0.00e+00 0.00e+00 0.00e+00 0.00e+00 0.00e+00 0.00e+00 0.00e+00 0.00e+00 0.00e+00
 Cobalt     0  5.47e-01 4.53e-01 1.77e-05 6.34e-09 0.00e+00 0.00e+00 0.00e+00 0.00e+00 0.00e+00 0.00e+00 0.00e+00 0.00e+00 0.00e+00
 Nickel     0  2.43e-04 1.00e+00 2.29e-05 0.00e+00 0.00e+00 0.00e+00 0.00e+00 0.00e+00 0.00e+00 0.00e+00 0.00e+00 0.00e+00 0.00e+00
 Copper     0  2.41e-01 7.52e-01 6.82e-03 0.00e+00 0.00e+00 0.00e+00 0.00e+00 0.00e+00 0.00e+00 0.00e+00 0.00e+00 0.00e+00 0.00e+00
 Zinc       0  6.40e-01 3.53e-01 6.99e-03 1.36e-05 0.00e+00 0.00e+00 0.00e+00 0.00e+00 0.00e+00 0.00e+00 0.00e+00 0.00e+00 0.00e+00
 #### 45  Te:3.983E+03 Hden:1.000E+06 Ne:5.937E+04 R:1.000E+30 R-R0:9.491E+11 dR:2.398E+10 NTR: 14 Htot:2.249E-14 T912: 5.32e+00###
 Hydrogen      9.44e-01 5.61e-02 H+o/Hden 1.00e+00 4.26e-08 H-    H2 2.10e-06 4.26e-09 H2+ HeH+ 1.75e-08 Ho+ ColD 8.41e+17 1.20e+17
 Helium        9.67e-01 3.32e-02 9.10e-06 HeI 2s3S 8.44e-07 Comp H,C 3.50e-24 6.18e-25 Fill Fac 1.00e+00 Gam1/tot 1.00e+00
 He singlet n  9.67e-01 1.32e-11 3.47e-17 5.54e-19 2.22e-18 1.29e-18 He tripl 8.44e-07 1.96e-16 1.20e-18 1.05e-17 3.56e-18
 Pressure      NgasTgas 4.56e+09 P(total) 6.30e-07 P( gas ) 6.30e-07 P(Radtn) 4.72e-13 Rad accl 1.06e-06 ForceMul 3.15e+05
 Texc(La)      3.69e+03 T(I con) 1.26e+01 T(D con) 4.45e+00 T(U tot) 1.27e+01 nT (c+d) 4.12e+06 Prad/Gas 7.49e-07 Pmag/Gas 0.00e+00
 Molecules     CH/Ctot: 9.74e-08 CH+/Ctot 2.86e-08 CO/Ctot: 3.08e-07 CO+/Ctot 4.47e-10 H2O/Otot 8.38e-13 OH/Ototl 2.24e-06
 Lithium       6.91e-02 9.31e-01 2.83e-08 0.00e+00 Berylliu 2.73e-01 7.23e-01 3.16e-03 0.00e+00 0.00e+00 sec ion: 2.25e-13
 Boron         3.62e-02 9.64e-01 3.39e-05 0.00e+00 0.00e+00 0.00e+00
 Carbon        6.68e-02 9.32e-01 9.27e-04 0.00e+00 0.00e+00 0.00e+00 0.00e+00 H2O+/O   2.74e-13 OH+/Otot 7.00e-07 Hex(tot) 0.00e+00
 Nitrogen      9.76e-01 2.43e-02 6.29e-08 0.00e+00 0.00e+00 0.00e+00 0.00e+00 0.00e+00 O2/Ototl 9.26e-11 O2+/Otot 1.38e-10
 Oxygen        9.56e-01 4.42e-02 2.19e-07 0.00e+00 0.00e+00 0.00e+00 0.00e+00 0.00e+00 0.00e+00
 Fluorine      8.12e-01 1.86e-01 1.20e-03 0.00e+00 0.00e+00 0.00e+00 0.00e+00 0.00e+00 0.00e+00 0.00e+00
 Neon          8.46e-01 1.53e-01 1.16e-03 0.00e+00 0.00e+00 0.00e+00 0.00e+00 0.00e+00 0.00e+00 0.00e+00 0.00e+00
 Sodium        5.02e-02 9.45e-01 5.20e-03 0.00e+00 0.00e+00 0.00e+00 0.00e+00 0.00e+00 0.00e+00 0.00e+00 0.00e+00 0.00e+00
 Magnesium     3.04e-02 9.66e-01 3.65e-03 0.00e+00 0.00e+00 0.00e+00 0.00e+00 0.00e+00 0.00e+00 0.00e+00 0.00e+00 0.00e+00 0.00e+00
 Aluminium  0  4.42e-04 9.99e-01 7.01e-04 1.40e-04 0.00e+00 0.00e+00 0.00e+00 0.00e+00 0.00e+00 0.00e+00 0.00e+00 0.00e+00 0.00e+00
 Silicon    0  6.11e-03 9.94e-01 9.96e-06 0.00e+00 0.00e+00 0.00e+00 0.00e+00 0.00e+00 0.00e+00 0.00e+00 0.00e+00 0.00e+00 0.00e+00
 Phosphorus 0  2.06e-03 9.97e-01 9.17e-04 0.00e+00 0.00e+00 0.00e+00 0.00e+00 0.00e+00 0.00e+00 0.00e+00 0.00e+00 0.00e+00 0.00e+00
 Sulphur    0  2.16e-02 9.74e-01 4.51e-03 0.00e+00 0.00e+00 0.00e+00 0.00e+00 0.00e+00 0.00e+00 0.00e+00 0.00e+00 0.00e+00 0.00e+00
 Chlorine   0  2.42e-03 9.94e-01 3.78e-03 0.00e+00 0.00e+00 0.00e+00 0.00e+00 0.00e+00 0.00e+00 0.00e+00 0.00e+00 0.00e+00 0.00e+00
 Argon      0  7.07e-01 2.84e-01 8.15e-03 0.00e+00 0.00e+00 0.00e+00 0.00e+00 0.00e+00 0.00e+00 0.00e+00 0.00e+00 0.00e+00 0.00e+00
 Potassium  0  8.75e-02 9.10e-01 2.44e-03 0.00e+00 0.00e+00 0.00e+00 0.00e+00 0.00e+00 0.00e+00 0.00e+00 0.00e+00 0.00e+00 0.00e+00
 Calcium    0  4.08e-02 8.77e-01 8.26e-02 0.00e+00 0.00e+00 0.00e+00 0.00e+00 0.00e+00 0.00e+00 0.00e+00 0.00e+00 0.00e+00 0.00e+00
 Scandium   0  4.15e-02 9.16e-01 4.29e-02 8.41e-05 0.00e+00 0.00e+00 0.00e+00 0.00e+00 0.00e+00 0.00e+00 0.00e+00 0.00e+00 0.00e+00
 Titanium   0  1.62e-04 9.92e-01 7.82e-03 0.00e+00 0.00e+00 0.00e+00 0.00e+00 0.00e+00 0.00e+00 0.00e+00 0.00e+00 0.00e+00 0.00e+00
 Vanadium   0  1.64e-01 8.22e-01 1.46e-02 0.00e+00 0.00e+00 0.00e+00 0.00e+00 0.00e+00 0.00e+00 0.00e+00 0.00e+00 0.00e+00 0.00e+00
 Chromium   0  2.55e-02 9.74e-01 1.52e-04 0.00e+00 0.00e+00 0.00e+00 0.00e+00 0.00e+00 0.00e+00 0.00e+00 0.00e+00 0.00e+00 0.00e+00
 Manganese  0  1.81e-04 1.00e+00 3.04e-04 0.00e+00 0.00e+00 0.00e+00 0.00e+00 0.00e+00 0.00e+00 0.00e+00 0.00e+00 0.00e+00 0.00e+00
 Iron       0  1.04e-04 1.00e+00 6.34e-05 0.00e+00 0.00e+00 0.00e+00 0.00e+00 0.00e+00 0.00e+00 0.00e+00 0.00e+00 0.00e+00 0.00e+00
 Cobalt     0  3.56e-01 6.44e-01 6.59e-06 0.00e+00 0.00e+00 0.00e+00 0.00e+00 0.00e+00 0.00e+00 0.00e+00 0.00e+00 0.00e+00 0.00e+00
 Nickel     0  3.20e-04 1.00e+00 7.21e-06 0.00e+00 0.00e+00 0.00e+00 0.00e+00 0.00e+00 0.00e+00 0.00e+00 0.00e+00 0.00e+00 0.00e+00
 Copper     0  1.13e-01 8.81e-01 6.62e-03 0.00e+00 0.00e+00 0.00e+00 0.00e+00 0.00e+00 0.00e+00 0.00e+00 0.00e+00 0.00e+00 0.00e+00
 Zinc       0  4.15e-01 5.67e-01 1.83e-02 7.35e-05 0.00e+00 0.00e+00 0.00e+00 0.00e+00 0.00e+00 0.00e+00 0.00e+00 0.00e+00 0.00e+00
                                                                             
   Calculation stopped because lowest Te reached. Iteration 3 of 3
   The geometry is plane-parallel.
 C-Continuum zero at some energies.
  !Charge transfer ionization of H reached 1641.2% of the local H ionization rate.
  !AGE: Cloud age was not set.  Longest timescale was 4.10e+07 s = 1.30e+00 years.
  !Mutual neutralization production of H-alpha was significant.
  !The CMB was not included.  This is added with the CMB command.
   Continuum fluorescent production of H-beta was significant.
   Charge transfer heating reached 1.04% of the local heating.
   The density is too low to l-mix the lowest H  I collapsed level.  More resolved levels are needed for accurate line ratios.
   The density is too low to l-mix the lowest He I collapsed level.  More resolved levels are needed for accurate line ratios.
   The largest continuum occupation number was 4.173e-01 at 1.004e-08 Ryd.
   Grains were not present but might survive in this environment (energy density temperature was 1.27e+01K)
   The continuum optical depth at the lowest energy considered (1.004e-08 Ryd) was 6.296e+00.

                       *********************************> Cloudy 13.03 <**********************************
                       * c                                                                               *
                       * phi(h) 10.000000 LOG range -0.000232 6.866524                                   *
                       * grid from 8 to 23 in 1 dex steps                                                *
                       * HDEN=6.000000 LOG                                                               *
                       * grid from 0 to 12 in 1 dex steps                                                *
                       * set pres ionize 1e5                                                             *
                       * c                                                                               *
                       * c                                                                               *
                       * table star "inst_padova_agbtrack_z.mod" age 6.7                                 *
                       * c                                                                               *
                       * c                                                                               *
                       * abundances GASS10                                                               *
                       * c                                                                               *
                       * c                                                                               *
                       * iterate to convergence max = 7                                                  *
                       * stop column density = 23                                                        *
                       * c                                                                               *
                       * c                                                                               *
                       * print last                                                                      *
                       * set save prefix "padova_inst_5"                                                 *
                       * save grid ".grd" last no hash                                                   *
                       * save linelist "emissionlines_abs.txt" "LineList_HII.dat" absolute last no hash    *
                       *********************************> Log(U): -6.48 <*********************************
                       >>>>>>>>>> Cautions are present.

                     Emission Line Spectrum.   Constant  Density Model.    Open geometry.  Iteration 3 of 3.
                                                     Intensity (erg/s/cm^2).


                                                   Intrinsic line intensities
 general properties..........      H  1 3.281m  -3.959   0.0265      Ca B 1.094m  -3.401   0.0958      O II  2471A  -5.222   0.0014            
 TOTL  4861A  -2.382   1.0000      H  1 3.281m  -3.831   0.0356      Ca B 1.005m  -3.616   0.0584      O II  7323A  -5.374   0.0010            
 TOTL  1216A  -0.853  33.8532      H  1 3.281m  -3.887   0.0313      Ca B  9546A  -3.797   0.0385      O  2 833.8A  -5.137   0.0018            
 Inci     0    0.7771443.0697      H  1 3.281m  -4.135   0.0177      Ca B  9229A  -3.952   0.0270      Ne 2 12.81m  -2.874   0.3221            
 TotH     0   -1.279  12.6807      H  1 3.281m  -4.676   0.0051      Ca B  9015A  -4.085   0.0198      Ne 3 15.55m  -5.177   0.0016            
 TotC     0   -1.279  12.6823      H  1 4.466m  -4.655   0.0053      Ca B  8863A  -4.202   0.0151      Na 1  5892A  -4.141   0.0174            
 BFH1     0   -1.314  11.6905      H  1 4.466m  -4.206   0.0150      Ca B  8750A  -4.304   0.0120      Mg 1  2853A  -4.497   0.0077            
 BFHe     0   -2.450   0.8558      H  1 4.466m  -4.072   0.0204      Ca B  8665A  -4.393   0.0098      Mg 1  2026A  -5.209   0.0015            
 TotM     0   -3.515   0.0737      H  1 4.466m  -4.101   0.0191      Ca B  8598A  -4.472   0.0081      TOTL  2798A  -3.045   0.2176            
 CT H     0   -3.672   0.0514      H  1 4.466m  -4.275   0.0128      Ca B  8545A  -4.542   0.0069      Mg 2  2796A  -3.234   0.1407            
 H FB     0   -2.341   1.0988      H  1 4.466m  -4.622   0.0058      Ca B  8502A  -4.606   0.0060      Mg 2  2803A  -3.496   0.0769            
 HFBc     0   -2.341   1.0988      H  1 4.466m  -5.248   0.0014      Ca B  8467A  -4.664   0.0052      totl  2665A  -4.850   0.0034            
 continua....................      H  1 5.834m  -4.862   0.0033      Ca B  8438A  -4.718   0.0046      Al 2  2670A  -4.877   0.0032            
 Bac   3646A  -1.005  23.8388      H  1 5.834m  -4.414   0.0093      Ca B  8413A  -4.768   0.0041      Si 1  2518A  -5.379   0.0010            
 nFnu  3645A  -1.000  24.1028      H  1 5.834m  -4.278   0.0127      Ca B  8392A  -4.816   0.0037      Si 2 34.81m  -3.609   0.0593            
 nFnu  3647A  -2.961   0.2640      H  1 5.834m  -4.292   0.0123      Ca B  8374A  -4.862   0.0033      TOTL  2335A  -4.934   0.0028            
 cout  3646A  -1.306  11.9194      H  1 5.834m  -4.430   0.0090      Ca B  8359A  -4.906   0.0030      Si 2  2336A  -5.250   0.0014            
 cref  3646A  -1.306  11.9194      H  1 5.834m  -4.691   0.0049      Ca B  8346A  -4.948   0.0027      Si 2  1814A  -5.264   0.0013            
 thin  3646A  -1.005  23.8389      H  1 5.834m  -5.110   0.0019      Ca B  8334A  -4.988   0.0025      Si 2  1531A  -4.218   0.0146            
 Inci  4860A  -0.091 195.6627      H  1 7.383m  -5.039   0.0022      Ca B 4.051m  -3.416   0.0925      Si 2  1308A  -4.136   0.0176            
 Inci  1215A   0.6351040.6965      H  1 7.383m  -4.593   0.0062      Ca B 2.625m  -3.670   0.0515      Si 2  1263A  -3.822   0.0363            
 Ba C     0   -1.942   2.7570      H  1 7.383m  -4.456   0.0084      Ca B 2.166m  -3.889   0.0312      P  2 1.640m  -5.123   0.0018            
 PA C     0   -2.333   1.1210      H  1 7.383m  -4.462   0.0083      Ca B 1.945m  -4.074   0.0203      P  2 1.189m  -4.409   0.0094            
 FIR  83.00m  -1.428   9.0053      H  1 7.383m  -4.578   0.0064      Ca B 1.817m  -4.234   0.0141      P  2 1.147m  -4.886   0.0031            
 TIR   1800m  -3.687   0.0496      H  1 7.383m  -4.793   0.0039      Ca B 1.736m  -4.374   0.0102      S  1 25.19m  -4.832   0.0036            
 NIRa 2.850m  -0.551  67.7370      H  1 7.383m  -5.116   0.0018      Ca B 1.681m  -4.497   0.0077      S  2  6720A  -3.484   0.0792            
 NIRb 3.000m  -0.894  30.7482      H  1 9.115m  -5.195   0.0015      Ca B 1.641m  -4.606   0.0060      S  2  4074A  -3.120   0.1831            
 MIRa 15.00m  -1.723   4.5588      H  1 9.115m  -4.750   0.0043      Ca B 1.611m  -4.704   0.0048      S  2 1.033m  -3.294   0.1225            
 MIRb 22.50m  -1.567   6.5289      H  1 9.115m  -4.612   0.0059      Ca B 1.588m  -4.790   0.0039      S II  6731A  -3.642   0.0550            
 NMIR 21.75m  -0.551  67.7370      H  1 9.115m  -4.614   0.0059      Ca B 1.570m  -4.868   0.0033      S II  6716A  -3.999   0.0242            
 TFIR 611.2m  -1.944   2.7421      H  1 9.115m  -4.717   0.0046      Ca B 1.556m  -4.939   0.0028      S II  4070A  -3.234   0.1406            
 TALL 10000A   0.7781444.8164      H  1 9.115m  -4.903   0.0030      Ca B 1.544m  -5.003   0.0024      S II  4078A  -3.755   0.0424            
 F12  12.00m  -2.240   1.3860      H  1 9.115m  -5.172   0.0016      Ca B 1.534m  -5.063   0.0021      S II 1.032m  -3.725   0.0454            
 F25  25.00m  -2.173   1.6184      H  1 11.03m  -4.061   0.0209      Ca B 1.526m  -5.118   0.0018      S II 1.029m  -3.861   0.0332            
 F60  60.00m  -1.819   3.6574      H  1 13.13m  -4.173   0.0162      Ca B 1.519m  -5.169   0.0016      S II 1.037m  -4.214   0.0147            
 F100 100.0m  -2.021   2.2994      H  1 15.40m  -4.276   0.0128      Ca B 1.513m  -5.218   0.0015      S II 1.034m  -3.917   0.0292            
 MIPS 24.00m  -2.400   0.9602      H  1 17.87m  -4.372   0.0102      Ca B 1.508m  -5.264   0.0013      S  2  1256A  -4.664   0.0052            
 MIPS 70.00m  -2.165   1.6474      H  1 20.51m  -4.461   0.0083      Ca B 1.504m  -5.308   0.0012      S  3 18.67m  -5.251   0.0014            
 MIPS 160.0m  -2.414   0.9286      H  1 23.33m  -4.545   0.0069      Ca B 1.500m  -5.350   0.0011      S  3  9532A  -4.580   0.0063            
 IRAC 3.600m  -2.420   0.9170      H  1 26.34m  -4.623   0.0057      Ca B 7.458m  -3.907   0.0299      S  3  9069A  -4.975   0.0026            
 IRAC 4.500m  -2.525   0.7200      H  1 29.53m  -4.697   0.0048      Ca B 4.653m  -4.108   0.0188      Cl 2 14.40m  -4.093   0.0195            
 IRAC 5.800m  -2.658   0.5297      H  1 32.91m  -4.767   0.0041      Ca B 3.740m  -4.293   0.0123      Cl 2  8579A  -3.618   0.0581            
 IRAC 8.000m  -2.399   0.9616      H  1 36.46m  -4.833   0.0035      Ca B 3.296m  -4.455   0.0085      Cl 2  9124A  -4.196   0.0154            
 SPR1 250.0m  -2.836   0.3520      H  1 40.20m  -4.897   0.0031      Ca B 3.038m  -4.599   0.0061      Ar 2 6.980m  -2.906   0.2991            
 SPR2 350.0m  -3.267   0.1303      H  1 44.12m  -4.957   0.0027      Ca B 2.872m  -4.727   0.0045      Ar 3  7135A  -5.178   0.0016            
 SPR3 500.0m  -3.646   0.0545      H  1 48.22m  -5.014   0.0023      Ca B 2.758m  -4.841   0.0035      Ar 3 9.000m  -4.711   0.0047            
 PAC1 70.00m  -2.106   1.8874      H  1 52.50m  -5.070   0.0021      Ca B 2.674m  -4.943   0.0027      K  1  7676A  -4.985   0.0025            
 PAC2 100.0m  -2.016   2.3258      H  1 56.97m  -3.881   0.0317      Ca B 2.612m  -5.036   0.0022      Ca 1  4228A  -4.305   0.0119            
 PAC3 160.0m  -2.158   1.6758      He 1 504.3A  -3.024   0.2281      Ca B 2.564m  -5.120   0.0018      Ca 2  3933A  -3.271   0.1292            
 PAH  3.300m  -3.209   0.1492      He 1  2600A  -4.273   0.0129      Ca B 2.525m  -5.196   0.0015      Ca 2  8579A  -4.297   0.0122            
 PAHC 3.230m  -3.490   0.0780      He 1  3121A  -4.785   0.0040      Ca B 2.495m  -5.266   0.0013      Ca 2  7306A  -2.048   2.1614            
 PAHC 3.370m  -3.573   0.0644      He 1  3421A  -4.708   0.0047      Ca B 2.469m  -5.329   0.0011      Ca2K  3934A  -3.467   0.0823            
 PAH  6.200m  -3.182   0.1587      He 1  3421A  -4.231   0.0142      Ca B 12.37m  -4.323   0.0115      Ca2H  3969A  -3.711   0.0469            
 PAHC 5.650m  -3.120   0.1827      He 1  3421A  -4.009   0.0236      Ca B 7.500m  -4.485   0.0079      Ca2Y  8542A  -4.474   0.0081            
 PAH  7.900m  -2.979   0.2528      He 1  3679A  -4.423   0.0091      Ca B 5.907m  -4.644   0.0055      Ca2Z  8662A  -4.882   0.0032            
 PAHC 6.900m  -2.634   0.5602      He 1  6632A  -5.254   0.0013      Ca B 5.127m  -4.788   0.0039      CaF1  7291A  -2.272   1.2876            
 PAH  11.30m  -3.563   0.0660      He 1  7843A  -4.533   0.0071      Ca B 4.671m  -4.918   0.0029      CaF2  7324A  -2.441   0.8738            
 PAHC 10.90m  -3.576   0.0640      He 1  8188A  -4.669   0.0052      Ca B 4.375m  -5.036   0.0022      Fe2c     0   -1.585   6.2747            
 PAH  11.80m  -3.357   0.1059      He 1  8191A  -5.157   0.0017      Ca B 4.170m  -5.142   0.0017      Fe 2  4300A  -2.663   0.5237            
 PAHC 12.65m  -2.739   0.4393      He 1  8261A  -5.126   0.0018      Ca B 4.020m  -5.239   0.0014      Fe 2  2400A  -3.356   0.1064            
 PAH  13.30m  -3.319   0.1156      He 1 1.409m  -5.072   0.0020      Ca B 3.906m  -5.327   0.0011      Fe 2 25.98m  -3.104   0.1900            
 PAHC 14.10m  -3.260   0.1325      He 1 1.456m  -5.067   0.0021      Ca B 19.06m  -4.684   0.0050      Fe 2 5.339m  -4.027   0.0227            
 Bcon  3640A   0.7011212.6051      He 1 1.458m  -5.337   0.0011      Ca B 11.31m  -4.818   0.0037      Fe 2 4.114m  -4.675   0.0051            
 Pcon  5000A  -0.190 155.6249      He 1 4.465m  -5.243   0.0014      Ca B 8.758m  -4.957   0.0027      Fe 2 1.257m  -2.499   0.7649            
 HFFc     0   -2.629   0.5665      C  1  1101A  -4.147   0.0172      Ca B 7.506m  -5.086   0.0020      Fe 2 35.34m  -3.531   0.0711            
 H FF     0   -2.678   0.5057      Si 1  1521A  -4.899   0.0030      Ca B 6.770m  -5.205   0.0015      Fe 2 4.888m  -5.130   0.0018            
 HeFF     0   -4.454   0.0085      S  1  1197A  -4.858   0.0033      Ca B 6.290m  -5.313   0.0012      Fe 2 4.075m  -4.957   0.0027            
 MeFB     0   -4.632   0.0056      grains......................      Ca B 27.80m  -5.004   0.0024      Fe 2 1.321m  -3.076   0.2023            
 MeFF     0   -5.199   0.0015      H-like iso-sequence.........      Ca B 16.20m  -5.116   0.0018      Fe 2 1.249m  -3.758   0.0421            
 ToFF     0   -2.670   0.5157      Ca B  1216A  -0.874  32.1937      Ca B 12.38m  -5.239   0.0014      Fe 2  7638A  -3.492   0.0776            
 nFnu 122.4m  -4.132   0.0178      Q(H)  4861A  -2.301   1.2054      Ca B 10.50m  -5.356   0.0011      Fe 2 51.29m  -4.226   0.0143            
 nInu 122.4m  -1.607   5.9652      Q(H)  1216A  -0.787  39.4016      Ca B 38.86m  -5.290   0.0012      Fe 2 5.672m  -4.503   0.0076            
 nFnu 60.83m  -3.888   0.0312      CaBo  4861A  -2.383   0.9977      H  1     0   -3.573   0.0645      Fe 2 4.606m  -4.769   0.0041            
 nInu 60.83m  -1.654   5.3500      Ca A  1216A  -0.986  24.9216      H  1  1216A  -0.853  33.8532      Fe 2 4.081m  -4.857   0.0034            
 nFnu 41.22m  -3.727   0.0452      Ca A  1026A  -1.723   4.5597      H  1  1026A  -3.391   0.0981      Fe 2 1.372m  -3.300   0.1208            
 nInu 41.22m  -1.766   4.1344      Ca A 972.5A  -2.144   1.7310      H  1 972.5A  -3.664   0.0523      Fe 2 1.294m  -3.090   0.1960            
 nFnu 30.87m  -3.619   0.0580      Ca A 949.7A  -2.450   0.8555      H  1 949.7A  -3.563   0.0659      Fe 2  7687A  -3.677   0.0507            
 nInu 30.87m  -1.866   3.2852      Ca A 937.8A  -2.690   0.4927      H  1 937.8A  -3.598   0.0608      Fe 2 87.36m  -5.345   0.0011            
 nFnu 24.78m  -3.536   0.0701      Ca A 930.8A  -2.884   0.3152      H  1 930.8A  -3.691   0.0492      Fe 2 4.434m  -4.738   0.0044            
 nInu 24.78m  -1.943   2.7508      Ca A 926.2A  -3.043   0.2185      H  1 926.2A  -3.803   0.0380      Fe 2 1.328m  -3.335   0.1114            
 nFnu 24.30m  -3.529   0.0713      Ca A 923.2A  -3.173   0.1618      H  1 923.2A  -3.899   0.0304      Fe 2 1.279m  -3.206   0.1500            
 nInu 24.30m  -1.950   2.7067      Ca A 921.0A  -3.279   0.1269      H  1 921.0A  -4.050   0.0215      Fe 2 1.252m  -4.102   0.0191            
 nFnu 22.83m  -3.504   0.0755      Ca A 919.4A  -3.363   0.1045      H  1  6563A  -1.916   2.9261      Fe 2  7665A  -4.054   0.0213            
 nInu 22.83m  -1.971   2.5788      Ca A 918.1A  -3.431   0.0895      H  1  4861A  -2.382   1.0000      Fe 2 1.298m  -3.570   0.0649            
 nFnu 21.42m  -3.482   0.0794      Ca A 917.2A  -3.484   0.0791      H  1  4340A  -2.704   0.4764      Fe 2 1.270m  -3.389   0.0984            
 nInu 21.42m  -1.994   2.4470      Ca A 916.4A  -3.526   0.0718      H  1  4102A  -2.949   0.2710      Fe 2  7874A  -4.535   0.0070            
 nFnu 21.12m  -3.477   0.0804      Ca A 915.8A  -3.558   0.0668      H  1  3970A  -3.138   0.1755      Fe 2  7733A  -4.570   0.0065            
 nInu 21.12m  -1.999   2.4176      Ca A 915.3A  -3.582   0.0632      H  1  3889A  -3.271   0.1291      Fe 2 17.93m  -2.756   0.4230            
 nFnu 19.62m  -3.448   0.0860      Ca A 914.9A  -3.602   0.0603      H  1  3835A  -3.356   0.1063      Fe 2 1.644m  -2.571   0.6469            
 nInu 19.62m  -2.022   2.2916      Ca A 914.6A  -3.620   0.0578      H  1  3798A  -3.416   0.0925      Fe 2 1.533m  -3.035   0.2225            
 nFnu 17.65m  -3.404   0.0952      Ca A 914.3A  -3.639   0.0553      H  1 1.875m  -2.818   0.3668      Fe 2  8617A  -2.914   0.2939            
 nInu 17.65m  -2.052   2.1369      Ca A 914.0A  -3.661   0.0527      H  1 1.282m  -3.134   0.1769      Fe 2 24.51m  -3.249   0.1358            
 nFnu 17.37m  -3.399   0.0963      Ca A 913.8A  -3.683   0.0500      H  1 1.094m  -3.390   0.0983      Fe 2 1.809m  -3.274   0.1282            
 nInu 17.37m  -2.057   2.1166      Ca A 913.6A  -3.707   0.0473      H  1 1.005m  -3.590   0.0620      Fe 2 1.677m  -3.174   0.1614            
 nFnu 15.69m  -3.366   0.1038      Ca A 913.5A  -3.733   0.0446      H  1  9546A  -3.738   0.0441      Fe 2 1.599m  -3.145   0.1726            
 nInu 15.69m  -2.084   1.9863      Ca A 913.3A  -3.759   0.0420      H  1  9229A  -3.839   0.0349      Fe 2  9052A  -3.572   0.0646            
 nFnu 14.60m  -3.334   0.1118      Ca A  6563A  -2.089   1.9637      H  1  9015A  -3.913   0.0295      Fe 2  8892A  -3.321   0.1153            
 nInu 14.60m  -2.104   1.8999      Ca A  4861A  -2.557   0.6693      H  1 4.051m  -3.436   0.0883      Fe 2 35.77m  -4.062   0.0209            
 nFnu 12.43m  -3.270   0.1296      Ca A  4340A  -2.889   0.3111      H  1 2.625m  -3.675   0.0509      Fe 2 1.800m  -3.346   0.1087            
 nInu 12.43m  -2.149   1.7108      Ca A  4102A  -3.146   0.1721      H  1 2.166m  -3.883   0.0316      Fe 2 1.711m  -3.727   0.0452            
 nFnu 11.40m  -3.244   0.1376      Ca A  3970A  -3.356   0.1062      H  1 1.945m  -4.048   0.0216      Fe 2 1.664m  -3.430   0.0896            
 nInu 11.40m  -2.173   1.6209      Ca A  3889A  -3.533   0.0707      H  1 1.817m  -4.171   0.0163      Fe 2  9399A  -4.349   0.0108            
 nFnu 10.46m  -3.202   0.1515      Ca A  3835A  -3.685   0.0498      H  1 1.736m  -4.261   0.0132      Fe 2  9227A  -3.576   0.0640            
 nInu 10.46m  -2.196   1.5356      Ca A  3798A  -3.815   0.0369      H  1 7.458m  -3.937   0.0279      Fe 2  9033A  -3.803   0.0379            
 nFnu 9.480m  -3.173   0.1619      Ca A  3771A  -3.928   0.0284      H  1 4.653m  -4.122   0.0182      Fe 2 1.797m  -3.500   0.0762            
 nInu 9.480m  -2.213   1.4769      Ca A  3750A  -4.025   0.0228      H  1 3.740m  -4.293   0.0123      Fe 2 1.745m  -3.738   0.0441            
 nFnu 9.325m  -3.169   0.1635      Ca A  3734A  -4.108   0.0188      H  1 3.296m  -4.431   0.0089      Fe 2  9471A  -4.142   0.0174            
 nInu 9.325m  -2.214   1.4739      Ca A  3722A  -4.179   0.0160      H  1 3.038m  -4.534   0.0071      Fe 2  9268A  -3.698   0.0484            
 nFnu 8.210m  -3.111   0.1868      Ca A  3712A  -4.240   0.0139      H  1 12.37m  -4.364   0.0104      Fe 2 22.90m  -4.260   0.0133            
 nInu 8.210m  -2.215   1.4712      Ca A  3704A  -4.294   0.0122      H  1 7.500m  -4.511   0.0074      Fe 2 1.811m  -4.369   0.0103            
 nFnu 7.580m  -3.090   0.1960      Ca A  3697A  -4.343   0.0110      H  1 5.907m  -4.651   0.0054      Fe 2 1.748m  -4.563   0.0066            
 nInu 7.580m  -2.208   1.4920      Ca A  3692A  -4.386   0.0099      H  1 5.127m  -4.761   0.0042      Fe 2 34.65m  -4.922   0.0029            
 nFnu 7.050m  -3.041   0.2193      Ca A  3687A  -4.426   0.0090      H  1 19.06m  -4.738   0.0044      Fe 2 1.813m  -4.825   0.0036            
 nInu 7.050m  -2.199   1.5245      Ca A  3683A  -4.464   0.0083      H  1 11.31m  -4.851   0.0034      Fe 2 2.002m  -5.141   0.0017            
 nFnu 4.114m  -2.823   0.3621      Ca A  3679A  -4.500   0.0076      H  1 8.758m  -4.959   0.0026      Fe 2 1.914m  -5.330   0.0011            
 nInu 4.114m  -1.949   2.7134      Ca A  3676A  -4.535   0.0070      H  1 27.80m  -5.060   0.0021      Fe 2 2.071m  -5.211   0.0015            
 nFnu 2.324m  -2.698   0.4831      Ca A  3674A  -4.568   0.0065      H  1 16.20m  -5.140   0.0017      Fe2b  7000A  -3.189   0.1561            
 nInu 2.324m  -1.456   8.4436      Ca A  3671A  -4.600   0.0061      H  1 38.86m  -5.329   0.0011      Fe2b 10000A  -1.764   4.1510            
 nFnu 1.643m  -2.573   0.6444      Ca A 1.875m  -2.857   0.3352      Ca A 303.8A  -5.193   0.0015      Fe2b  7445A  -3.189   0.1561            
 nInu 1.643m  -1.092  19.5241      Ca A 1.282m  -3.194   0.1542      He 2     0   -5.262   0.0013      Fe2b  8625A  -2.575   0.6419            
 nFnu 1.480m  -2.599   0.6066      Ca A 1.094m  -3.461   0.0833      He 2 303.8A  -4.990   0.0025      Fe2b 1.033m  -4.142   0.0174            
 nInu 1.480m  -1.012  23.4625      Ca A 1.005m  -3.679   0.0505      He-like iso-sequence........      Fe2b 1.889m  -2.751   0.4280            
 nFnu 1.436m  -2.234   1.4054      Ca A  9546A  -3.863   0.0331      Clin 506.0A  -4.178   0.0160      Fe 2  1786A  -4.052   0.0214            
 nInu 1.436m  -0.963  26.2301      Ca A  9229A  -4.021   0.0230      Hlin 506.0A  -4.500   0.0076      recombination...............            
 nFnu 1.119m  -2.335   1.1158      Ca A  9015A  -4.160   0.0167      Ca B  2945A  -4.851   0.0034      C  1 1.069m  -5.368   0.0010            
 nInu 1.119m  -0.760  41.9094      Ca A  8863A  -4.282   0.0126      Ca B  3188A  -4.530   0.0071      O  1  1357A  -4.656   0.0053            
 nFnu  8330A  -2.523   0.7239      Ca A  8750A  -4.390   0.0098      Ca B  3889A  -4.119   0.0183      C  1  1140A  -4.080   0.0201            
 nInu  8330A  -0.543  69.1078      Ca A  8665A  -4.486   0.0079      Ca B  3965A  -5.107   0.0019      C  2 799.8A  -5.205   0.0015            
 nFnu  8079A  -1.787   3.9422      Ca A  8598A  -4.571   0.0065      Ca B  4026A  -4.747   0.0043      N  1 980.7A  -5.173   0.0016            
 nInu  8079A  -0.493  77.4707      Ca A  8545A  -4.648   0.0054      Ca B  4388A  -5.318   0.0012      O  1  7950A  -5.183   0.0016            
 nFnu  6210A  -2.122   1.8224      Ca A  8502A  -4.717   0.0046      Ca B  4471A  -4.411   0.0094      level2 lines................            
 nInu  6210A  -0.270 129.5004      Ca A  8467A  -4.780   0.0040      Ca B  4922A  -4.974   0.0026      C  1 943.9A  -4.061   0.0210            
 nFnu  4885A  -2.537   0.7004      Ca A  8438A  -4.837   0.0035      Ca B  5016A  -4.699   0.0048      C  1  1248A  -4.021   0.0230            
 nInu  4885A  -0.076 202.3938      Ca A  8413A  -4.889   0.0031      Ca B  5876A  -3.938   0.0278      C  1  1561A  -4.272   0.0129            
 nFnu  3704A  -3.080   0.2007      Ca A  8392A  -4.937   0.0028      Ca B  6678A  -4.482   0.0080      C  1  1315A  -4.127   0.0180            
 nInu  3704A   0.078 288.4002      Ca A  8374A  -4.981   0.0025      Ca B  7065A  -4.791   0.0039      C  1  1166A  -4.300   0.0121            
 nFnu  3588A  -1.044  21.7714      Ca A  8359A  -5.022   0.0023      Ca B  7281A  -5.336   0.0011      C  1  1233A  -4.251   0.0135            
 nInu  3588A   0.106 308.1017      Ca A  8346A  -5.061   0.0021      Ca B 1.083m  -3.201   0.1519      C  1  1132A  -4.509   0.0075            
 nFnu  2430A  -2.424   0.9094      Ca A  8334A  -5.098   0.0019      Ca B 1.278m  -5.172   0.0016      C  1  1251A  -4.505   0.0075            
 nInu  2430A   0.386 586.1390      Ca A 4.051m  -3.448   0.0860      Ca B 1.869m  -4.783   0.0040      C  1  1112A  -4.637   0.0056            
 nFnu  2392A  -2.478   0.8025      Ca A 2.625m  -3.704   0.0477      Ca B 1.870m  -5.262   0.0013      C  1  1115A  -4.683   0.0050            
 nInu  2392A   0.393 595.7700      Ca A 2.166m  -3.925   0.0287      Ca B 2.058m  -4.494   0.0077      C  1  1162A  -4.768   0.0041            
 nFnu  2071A  -2.831   0.3555      Ca A 1.945m  -4.112   0.0186      He 1     0   -2.448   0.8596      C  1  1167A  -4.896   0.0031            
 nInu  2071A   0.493 749.5939      Ca A 1.817m  -4.275   0.0128      He 1 584.3A  -3.767   0.0412      C  1  1104A  -4.812   0.0037            
 nFnu  2053A  -2.841   0.3475      Ca A 1.736m  -4.419   0.0092      He 1 537.0A  -4.818   0.0037      C  1  1109A  -4.837   0.0035            
 nInu  2053A   0.489 744.0562      Ca A 1.681m  -4.547   0.0068      He 1 522.2A  -4.922   0.0029      C  1  1130A  -5.063   0.0021            
 nFnu  1793A  -2.844   0.3457      Ca A 1.641m  -4.662   0.0053      He 1 515.6A  -4.977   0.0025      C  1  1098A  -4.973   0.0026            
 nInu  1793A   0.581 918.4435      Ca A 1.611m  -4.766   0.0041      He 1 512.1A  -5.023   0.0023      C  1  1132A  -5.002   0.0024            
 nFnu  1585A  -2.752   0.4266      Ca A 1.588m  -4.860   0.0033      He 1 625.6A  -3.683   0.0500      C  1  1106A  -5.064   0.0021            
 nInu  1585A   0.548 851.4191      Ca A 1.570m  -4.945   0.0027      TOTL 1.083m  -3.249   0.1360      C  1  1093A  -5.155   0.0017            
 nFnu  1458A  -2.664   0.5225      Ca A 1.556m  -5.023   0.0023      He 1 1.083m  -3.249   0.1360      C  1  1110A  -5.259   0.0013            
 nInu  1458A   0.6781147.7833      Ca A 1.544m  -5.095   0.0019      He 1 1.083m  -4.203   0.0151      C  1  1114A  -5.277   0.0013            
 nFnu  1357A  -2.631   0.5639      Ca A 1.534m  -5.160   0.0017      He 1 1.083m  -3.726   0.0453      C  1  1115A  -5.287   0.0012            
 nInu  1357A   0.7431334.2427      Ca A 1.526m  -5.220   0.0015      He 1 1.083m  -3.504   0.0756      C  1  1090A  -5.287   0.0012            
 nFnu  1297A  -2.608   0.5952      Ca A 1.519m  -5.275   0.0013      He 1  3889A  -4.156   0.0168      C  2 892.8A  -4.657   0.0053            
 nInu  1297A   0.7191262.8673      Ca A 1.513m  -5.325   0.0011      He 1  3188A  -4.568   0.0065      C  2 688.8A  -5.059   0.0021            
 nFnu  1263A  -2.588   0.6232      Ca A 1.508m  -5.370   0.0010      He 1  2945A  -4.891   0.0031      C  2  1020A  -3.773   0.0406            
 nInu  1263A   0.7431334.1639      Ca A 7.458m  -3.935   0.0280      He 1  2829A  -5.149   0.0017      C  2 596.6A  -5.259   0.0013            
 nFnu  1218A  -1.265  13.0885      Ca A 4.653m  -4.136   0.0176      He 1 2.058m  -4.868   0.0033      N  1 942.3A  -4.255   0.0134            
 nInu  1218A   0.6331036.5846      Ca A 3.740m  -4.322   0.0115      He 1  5016A  -4.749   0.0043      N  1 952.1A  -4.213   0.0148            
 nFnu  1196A  -2.456   0.8432      Ca A 3.296m  -4.486   0.0079      He 1  3965A  -5.140   0.0017      N  1  1131A  -4.297   0.0122            
 nInu  1196A   0.6941191.4832      Ca A 3.038m  -4.632   0.0056      He 1  7065A  -4.851   0.0034      O  1 867.3A  -4.939   0.0028            
 nFnu  1175A  -2.530   0.7123      Ca A 2.872m  -4.763   0.0042      He 1  5876A  -3.938   0.0278      O  1 787.5A  -5.162   0.0017            
 nInu  1175A   0.586 929.7040      Ca A 2.758m  -4.883   0.0032      He 1  4471A  -4.432   0.0089      O  1 976.8A  -4.169   0.0164            
 nFnu  1144A  -2.528   0.7146      Ca A 2.674m  -4.991   0.0025      He 1  4026A  -4.774   0.0041      O  1 767.7A  -5.289   0.0012            
 nInu  1144A   0.7921494.8971      Ca A 2.612m  -5.091   0.0020      He 1  3820A  -5.038   0.0022      O  1 969.0A  -4.010   0.0236            
 nFnu  1113A  -2.518   0.7315      Ca A 2.564m  -5.182   0.0016      He 1  7281A  -5.359   0.0011      O  1 946.4A  -4.181   0.0159            
 nInu  1113A   0.7391321.6873      Ca A 2.525m  -5.266   0.0013      He 1  6678A  -4.480   0.0080      O  1 934.5A  -4.351   0.0108            
 nFnu  1103A  -2.320   1.1539      Ca A 2.495m  -5.343   0.0011      He 1  4922A  -4.993   0.0025      O  1 973.6A  -4.553   0.0067            
 nInu  1103A   0.8041535.7802      Ca A 12.37m  -4.351   0.0108      He 1  4388A  -5.340   0.0011      O  1 927.5A  -4.549   0.0068            
 nFnu  1074A  -2.386   0.9905      Ca A 7.500m  -4.512   0.0074      He 1 1.869m  -4.758   0.0042      O  1 948.5A  -4.625   0.0057            
 nInu  1074A   0.7771441.5229      Ca A 5.907m  -4.671   0.0051      He 1 1.278m  -5.175   0.0016      O  1 923.0A  -4.747   0.0043            
 nFnu  1064A  -2.403   0.9531      Ca A 5.127m  -4.817   0.0037      He 1 1.870m  -5.238   0.0014      O  1 919.9A  -4.946   0.0027            
 nInu  1064A   0.7861474.1379      Ca A 4.671m  -4.949   0.0027      He 1 4.048m  -5.381   0.0010      O  1 935.7A  -4.873   0.0032            
 nFnu  1036A  -2.426   0.9036      Ca A 4.375m  -5.071   0.0020      Pho+  3889A  -3.178   0.1602      O  1 917.7A  -5.068   0.0021            
 nInu  1036A   0.7491353.3121      Ca A 4.170m  -5.182   0.0016      database lines..............      O  1 918.7A  -5.171   0.0016            
 nFnu  1000A  -2.429   0.8974      Ca A 4.020m  -5.285   0.0013      level 1 lines...............      O  1 928.2A  -5.117   0.0018            
 nInu  1000A   0.7471345.8759      Ca A 3.906m  -5.380   0.0010      C  1  1656A  -3.844   0.0345      O  1 917.5A  -5.277   0.0013            
 nFnu 925.1A  -2.390   0.9830      Ca A 19.06m  -4.712   0.0047      REC   1656A  -4.322   0.0115      O  1 923.4A  -5.344   0.0011            
 nInu 925.1A   0.582 920.7597      Ca A 11.31m  -4.845   0.0034      C Ic  9850A  -3.343   0.1094      Al 2  1671A  -4.136   0.0176            
 nFnu 897.8A  -0.651  53.8373      Ca A 8.758m  -4.984   0.0025      TOTL  9850A  -3.343   0.1095      Si 1  1261A  -5.200   0.0015            
 nInu 897.8A  -2.430   0.8960      Ca A 7.506m  -5.115   0.0018      C  1  8727A  -3.730   0.0449      Si 1  1853A  -5.279   0.0013            
 nFnu 760.0A  -2.646   0.5454      Ca A 6.770m  -5.237   0.0014      C  2 157.6m  -5.370   0.0010      Si 2  1180A  -3.891   0.0310            
 nInu 760.0A  -1.698   4.8303      Ca A 6.290m  -5.350   0.0011      TOTL  2326A  -4.433   0.0089      Si 2 993.4A  -4.177   0.0160            
 nFnu 701.5A  -2.941   0.2764      Ca A 27.80m  -5.033   0.0022      C  2  2328A  -4.966   0.0026      Si 2  1024A  -4.729   0.0045            
 nInu 701.5A  -1.574   6.4364      Ca A 16.20m  -5.144   0.0017      C  2  2327A  -4.737   0.0044      S  1  1356A  -5.317   0.0012            
 nFnu 608.2A  -4.551   0.0068      Ca A 12.38m  -5.268   0.0013      C  2  1335A  -3.739   0.0440      S  2 750.3A  -5.175   0.0016            
 nInu 608.2A  -1.385   9.9343      Ca A 38.86m  -5.321   0.0012      N  1 953.9A  -4.204   0.0151      S  2 888.4A  -5.302   0.0012            
 nFnu 575.1A  -4.078   0.0202      Ca B  6563A  -1.917   2.9164      N  1 954.1A  -4.982   0.0025      Ar 1  1096A  -4.575   0.0064            
 nInu 575.1A  -1.240  13.8647      Ca B  4861A  -2.389   0.9835      N  1  1200A  -3.849   0.0341      Ar 1 922.5A  -5.260   0.0013            
 nFnu 511.9A  -5.355   0.0011      Ca B  4340A  -2.725   0.4542      N  1  3466A  -5.149   0.0017      Ar 1 918.5A  -5.366   0.0010            
 nInu 511.9A  -1.232  14.1491      Ca B  4102A  -2.984   0.2502      TOTL  3467A  -5.065   0.0021      P  2 967.2A  -5.246   0.0014            
 nFnu 496.9A  -1.570   6.4915      Ca B  3970A  -3.194   0.1542      N  1  5200A  -5.178   0.0016      P  2 963.8A  -4.843   0.0035            
 nInu 496.9A  -1.960   2.6469      Ca B  3889A  -3.370   0.1029      N  1  5198A  -4.928   0.0028      Ti 2  3366A  -4.830   0.0036            
 nInu 399.2A  -1.588   6.2334      Ca B  3835A  -3.519   0.0730      TOTL  5199A  -4.734   0.0044      Ti 2  3238A  -5.128   0.0018            
 RRC.........................      Ca B  3798A  -3.647   0.0544      N  1 1.040m  -4.651   0.0054      Cr 2  2060A  -5.192   0.0015            
 H  1 911.8A  -1.917   2.9209      Ca B  3771A  -3.757   0.0422      N  1 1.040m  -5.177   0.0016      Mn 2  2590A  -4.812   0.0037            
 H  1  3646A  -2.438   0.8792      Ca B  3750A  -3.852   0.0339      N  1 1.041m  -5.000   0.0024      Mn 2  1199A  -5.343   0.0011            
 H  1  3646A  -2.047   2.1626      Ca B  3734A  -3.934   0.0281      N  1 1.041m  -4.993   0.0024      Ni 2  1752A  -5.102   0.0019            
 H  1  8204A  -3.203   0.1510      Ca B  3722A  -4.006   0.0238      TOTL 1.040m  -4.309   0.0118      Ni 2  1744A  -4.925   0.0029            
 H  1  8204A  -2.761   0.4185      Ca B  3712A  -4.070   0.0205      N  2  6584A  -3.735   0.0444      Ni 2  1473A  -5.249   0.0014            
 H  1  8204A  -2.791   0.3899      Ca B  3704A  -4.127   0.0180      N  2  6548A  -4.205   0.0150      Ni 2  1376A  -4.934   0.0028            
 H  1 1.458m  -3.724   0.0455      Ca B  3697A  -4.179   0.0160      N  2  1085A  -4.206   0.0150      Ni 2  1324A  -4.876   0.0032            
 H  1 1.458m  -3.273   0.1285      Ca B  3692A  -4.227   0.0143      O  1  6300A  -2.791   0.3899      hyperfine structure.........            
 H  1 1.458m  -3.193   0.1546      Ca B  3687A  -4.273   0.0129      O  1  6363A  -3.288   0.1244      inner shell.................            
 H  1 1.458m  -3.456   0.0844      Ca B  3683A  -4.317   0.0116      O  1 63.17m  -3.427   0.0903      molecules...................            
 H  1 2.279m  -4.109   0.0188      Ca B  3679A  -4.360   0.0105      O  1 145.5m  -4.973   0.0026      H2vH     0   -5.372   0.0010            
 H  1 2.279m  -3.657   0.0531      Ca B  3676A  -4.401   0.0096      TOTL  3727A  -4.710   0.0047      H-FB     0   -3.547   0.0685            
 H  1 2.279m  -3.543   0.0691      Ca B  3674A  -4.441   0.0087      TOTL  7325A  -5.116   0.0018      H-FF     0   -3.677   0.0508            
 H  1 2.279m  -3.655   0.0533      Ca B  3671A  -4.480   0.0080      IONZ  7325A  -5.280   0.0013      H-CT  6563A  -3.167   0.1640            
 H  1 2.279m  -4.080   0.0201      Ca B 1.875m  -2.806   0.3766      O II  3729A  -5.292   0.0012      H2+      0   -3.809   0.0374            
 H  1 3.281m  -4.410   0.0094      Ca B 1.282m  -3.137   0.1759      O II  3726A  -4.877   0.0032            

                                                    Emergent line intensities
 general properties..........      Q(H)  1216A  -0.787  39.4019      Ca B 3.296m  -4.455   0.0085      Si 2  1531A  -4.218   0.0146            
 TOTL  4861A  -2.382   1.0000      CaBo  4861A  -3.524   0.0722      Ca B 3.038m  -4.599   0.0061      Si 2  1308A  -4.136   0.0176            
 TOTL  1216A  -0.853  33.8514      Ca A  1216A  -0.986  24.9196      Ca B 2.872m  -4.727   0.0045      Si 2  1263A  -3.822   0.0363            
 continua....................      Ca A  1026A  -1.724   4.5493      Ca B 2.758m  -4.841   0.0035      P  2 1.640m  -5.123   0.0018            
 Bac   3646A  -1.005  23.8390      Ca A 972.5A  -2.145   1.7272      Ca B 2.674m  -4.943   0.0027      P  2 1.189m  -4.409   0.0094            
 nFnu  3645A  -1.000  24.1030      Ca A 949.7A  -2.451   0.8536      Ca B 2.612m  -5.036   0.0022      P  2 1.147m  -4.886   0.0031            
 nFnu  3647A  -2.961   0.2640      Ca A 937.8A  -2.691   0.4916      Ca B 2.564m  -5.120   0.0018      S  1 25.19m  -4.832   0.0036            
 cout  3646A  -1.306  11.9195      Ca A 930.8A  -2.885   0.3145      Ca B 2.525m  -5.196   0.0015      S  2  6720A  -3.484   0.0792            
 cref  3646A  -1.306  11.9195      Ca A 926.2A  -3.044   0.2180      Ca B 2.495m  -5.266   0.0013      S  2  4074A  -3.120   0.1831            
 thin  3646A  -1.005  23.8391      Ca A 923.2A  -3.174   0.1615      Ca B 2.469m  -5.329   0.0011      S  2 1.033m  -3.294   0.1225            
 Inci  4860A  -0.091 195.6644      Ca A 921.0A  -3.280   0.1267      Ca B 12.37m  -4.323   0.0115      S II  6731A  -3.642   0.0550            
 Inci  1215A   0.6351040.7052      Ca A 919.4A  -3.364   0.1043      Ca B 7.500m  -4.485   0.0079      S II  6716A  -3.999   0.0242            
 FIR  83.00m  -1.428   9.0054      Ca A 918.1A  -3.431   0.0893      Ca B 5.907m  -4.644   0.0055      S II  4070A  -3.234   0.1406            
 TIR   1800m  -3.687   0.0496      Ca A 917.2A  -3.485   0.0789      Ca B 5.127m  -4.788   0.0039      S II  4078A  -3.755   0.0424            
 NIRa 2.850m  -0.551  67.7375      Ca A 916.4A  -3.527   0.0717      Ca B 4.671m  -4.918   0.0029      S II 1.032m  -3.725   0.0454            
 NIRb 3.000m  -0.894  30.7485      Ca A 915.8A  -3.559   0.0666      Ca B 4.375m  -5.036   0.0022      S II 1.029m  -3.861   0.0332            
 MIRa 15.00m  -1.723   4.5588      Ca A 915.3A  -3.583   0.0631      Ca B 4.170m  -5.142   0.0017      S II 1.037m  -4.214   0.0147            
 MIRb 22.50m  -1.567   6.5290      Ca A 914.9A  -3.603   0.0602      Ca B 4.020m  -5.239   0.0014      S II 1.034m  -3.917   0.0292            
 NMIR 21.75m  -0.551  67.7375      Ca A 914.6A  -3.621   0.0577      Ca B 3.906m  -5.327   0.0011      S  2  1256A  -4.664   0.0052            
 TFIR 611.2m  -1.944   2.7421      Ca A 914.3A  -3.640   0.0552      Ca B 19.06m  -4.684   0.0050      S  3 18.67m  -5.251   0.0014            
 TALL 10000A   0.7781444.8121      Ca A 914.0A  -3.661   0.0526      Ca B 11.31m  -4.818   0.0037      S  3  9532A  -4.580   0.0063            
 F12  12.00m  -2.240   1.3861      Ca A 913.8A  -3.684   0.0499      Ca B 8.758m  -4.957   0.0027      S  3  9069A  -4.975   0.0026            
 F25  25.00m  -2.173   1.6184      Ca A 913.6A  -3.708   0.0472      Ca B 7.506m  -5.086   0.0020      Cl 2 14.40m  -4.093   0.0195            
 F60  60.00m  -1.819   3.6575      Ca A 913.5A  -3.734   0.0445      Ca B 6.770m  -5.205   0.0015      Cl 2  8579A  -3.618   0.0581            
 F100 100.0m  -2.021   2.2994      Ca A 913.3A  -3.760   0.0419      Ca B 6.290m  -5.313   0.0012      Cl 2  9124A  -4.196   0.0154            
 MIPS 24.00m  -2.400   0.9602      Ca A  6563A  -2.089   1.9637      Ca B 27.80m  -5.004   0.0024      Ar 2 6.980m  -2.906   0.2991            
 MIPS 70.00m  -2.165   1.6474      Ca A  4861A  -2.557   0.6693      Ca B 16.20m  -5.116   0.0018      Ar 3  7135A  -5.178   0.0016            
 MIPS 160.0m  -2.414   0.9286      Ca A  4340A  -2.889   0.3111      Ca B 12.38m  -5.239   0.0014      Ar 3 9.000m  -4.711   0.0047            
 IRAC 3.600m  -2.420   0.9170      Ca A  4102A  -3.146   0.1721      Ca B 10.50m  -5.356   0.0011      K  1  7676A  -4.985   0.0025            
 IRAC 4.500m  -2.525   0.7200      Ca A  3970A  -3.356   0.1062      Ca B 38.86m  -5.290   0.0012      Ca 1  4228A  -4.305   0.0119            
 IRAC 5.800m  -2.658   0.5297      Ca A  3889A  -3.533   0.0707      H  1  1216A  -0.853  33.8514      Ca 2  3933A  -3.271   0.1292            
 IRAC 8.000m  -2.399   0.9616      Ca A  3835A  -3.685   0.0498      H  1  1026A  -3.391   0.0981      Ca 2  8579A  -4.297   0.0122            
 SPR1 250.0m  -2.836   0.3520      Ca A  3798A  -3.815   0.0369      H  1 972.5A  -3.664   0.0523      Ca 2  7306A  -2.048   2.1614            
 SPR2 350.0m  -3.267   0.1303      Ca A  3771A  -3.928   0.0284      H  1 949.7A  -3.563   0.0659      Ca2K  3934A  -3.467   0.0823            
 SPR3 500.0m  -3.646   0.0545      Ca A  3750A  -4.025   0.0228      H  1 937.8A  -3.598   0.0608      Ca2H  3969A  -3.711   0.0469            
 PAC1 70.00m  -2.106   1.8874      Ca A  3734A  -4.108   0.0188      H  1 930.8A  -3.691   0.0492      Ca2Y  8542A  -4.474   0.0081            
 PAC2 100.0m  -2.016   2.3258      Ca A  3722A  -4.179   0.0160      H  1 926.2A  -3.803   0.0380      Ca2Z  8662A  -4.882   0.0032            
 PAC3 160.0m  -2.158   1.6758      Ca A  3712A  -4.240   0.0139      H  1 923.2A  -3.899   0.0304      CaF1  7291A  -2.272   1.2876            
 PAH  3.300m  -3.209   0.1492      Ca A  3704A  -4.294   0.0122      H  1 921.0A  -4.050   0.0215      CaF2  7324A  -2.441   0.8738            
 PAHC 3.230m  -3.490   0.0780      Ca A  3697A  -4.343   0.0110      H  1  6563A  -1.916   2.9261      Fe 2  4300A  -2.663   0.5237            
 PAHC 3.370m  -3.573   0.0644      Ca A  3692A  -4.386   0.0099      H  1  4861A  -2.382   1.0000      Fe 2  2400A  -3.356   0.1064            
 PAH  6.200m  -3.182   0.1587      Ca A  3687A  -4.426   0.0090      H  1  4340A  -2.704   0.4764      Fe 2 25.98m  -3.104   0.1900            
 PAHC 5.650m  -3.120   0.1827      Ca A  3683A  -4.464   0.0083      H  1  4102A  -2.949   0.2710      Fe 2 5.339m  -4.027   0.0227            
 PAH  7.900m  -2.979   0.2529      Ca A  3679A  -4.500   0.0076      H  1  3970A  -3.138   0.1755      Fe 2 4.114m  -4.675   0.0051            
 PAHC 6.900m  -2.634   0.5602      Ca A  3676A  -4.535   0.0070      H  1  3889A  -3.271   0.1291      Fe 2 1.257m  -2.499   0.7649            
 PAH  11.30m  -3.563   0.0660      Ca A  3674A  -4.568   0.0065      H  1  3835A  -3.356   0.1063      Fe 2 35.34m  -3.531   0.0711            
 PAHC 10.90m  -3.576   0.0640      Ca A  3671A  -4.600   0.0061      H  1  3798A  -3.416   0.0925      Fe 2 4.888m  -5.130   0.0018            
 PAH  11.80m  -3.357   0.1059      Ca A 1.875m  -2.857   0.3352      H  1 1.875m  -2.818   0.3668      Fe 2 4.075m  -4.957   0.0027            
 PAHC 12.65m  -2.739   0.4393      Ca A 1.282m  -3.194   0.1542      H  1 1.282m  -3.134   0.1769      Fe 2 1.321m  -3.076   0.2023            
 PAH  13.30m  -3.319   0.1156      Ca A 1.094m  -3.461   0.0833      H  1 1.094m  -3.390   0.0983      Fe 2 1.249m  -3.758   0.0421            
 PAHC 14.10m  -3.260   0.1325      Ca A 1.005m  -3.679   0.0505      H  1 1.005m  -3.590   0.0620      Fe 2  7638A  -3.492   0.0776            
 Bcon  3640A   0.7011212.6044      Ca A  9546A  -3.863   0.0331      H  1  9546A  -3.738   0.0441      Fe 2 51.29m  -4.226   0.0143            
 Pcon  5000A  -0.190 155.6248      Ca A  9229A  -4.021   0.0230      H  1  9229A  -3.839   0.0349      Fe 2 5.672m  -4.503   0.0076            
 nFnu 122.4m  -4.132   0.0178      Ca A  9015A  -4.160   0.0167      H  1  9015A  -3.913   0.0295      Fe 2 4.606m  -4.769   0.0041            
 nInu 122.4m  -1.607   5.9653      Ca A  8863A  -4.282   0.0126      H  1 4.051m  -3.436   0.0883      Fe 2 4.081m  -4.857   0.0034            
 nFnu 60.83m  -3.888   0.0312      Ca A  8750A  -4.390   0.0098      H  1 2.625m  -3.675   0.0509      Fe 2 1.372m  -3.300   0.1208            
 nInu 60.83m  -1.654   5.3500      Ca A  8665A  -4.486   0.0079      H  1 2.166m  -3.883   0.0316      Fe 2 1.294m  -3.090   0.1960            
 nFnu 41.22m  -3.727   0.0452      Ca A  8598A  -4.571   0.0065      H  1 1.945m  -4.048   0.0216      Fe 2  7687A  -3.677   0.0507            
 nInu 41.22m  -1.766   4.1345      Ca A  8545A  -4.648   0.0054      H  1 1.817m  -4.171   0.0163      Fe 2 87.36m  -5.345   0.0011            
 nFnu 30.87m  -3.619   0.0580      Ca A  8502A  -4.717   0.0046      H  1 1.736m  -4.261   0.0132      Fe 2 4.434m  -4.738   0.0044            
 nInu 30.87m  -1.866   3.2852      Ca A  8467A  -4.780   0.0040      H  1 7.458m  -3.937   0.0279      Fe 2 1.328m  -3.335   0.1114            
 nFnu 24.78m  -3.536   0.0701      Ca A  8438A  -4.837   0.0035      H  1 4.653m  -4.122   0.0182      Fe 2 1.279m  -3.206   0.1500            
 nInu 24.78m  -1.943   2.7508      Ca A  8413A  -4.889   0.0031      H  1 3.740m  -4.293   0.0123      Fe 2 1.252m  -4.102   0.0191            
 nFnu 24.30m  -3.529   0.0713      Ca A  8392A  -4.937   0.0028      H  1 3.296m  -4.431   0.0089      Fe 2  7665A  -4.054   0.0213            
 nInu 24.30m  -1.950   2.7067      Ca A  8374A  -4.981   0.0025      H  1 3.038m  -4.534   0.0071      Fe 2 1.298m  -3.570   0.0649            
 nFnu 22.83m  -3.504   0.0755      Ca A  8359A  -5.023   0.0023      H  1 12.37m  -4.364   0.0104      Fe 2 1.270m  -3.389   0.0984            
 nInu 22.83m  -1.971   2.5788      Ca A  8346A  -5.061   0.0021      H  1 7.500m  -4.511   0.0074      Fe 2  7874A  -4.535   0.0070            
 nFnu 21.42m  -3.482   0.0794      Ca A  8334A  -5.098   0.0019      H  1 5.907m  -4.651   0.0054      Fe 2  7733A  -4.570   0.0065            
 nInu 21.42m  -1.994   2.4470      Ca A 4.051m  -3.448   0.0860      H  1 5.127m  -4.761   0.0042      Fe 2 17.93m  -2.756   0.4230            
 nFnu 21.12m  -3.477   0.0804      Ca A 2.625m  -3.704   0.0477      H  1 19.06m  -4.738   0.0044      Fe 2 1.644m  -2.571   0.6469            
 nInu 21.12m  -1.999   2.4176      Ca A 2.166m  -3.925   0.0287      H  1 11.31m  -4.851   0.0034      Fe 2 1.533m  -3.035   0.2225            
 nFnu 19.62m  -3.448   0.0860      Ca A 1.945m  -4.112   0.0186      H  1 8.758m  -4.959   0.0027      Fe 2  8617A  -2.914   0.2939            
 nInu 19.62m  -2.022   2.2916      Ca A 1.817m  -4.275   0.0128      H  1 27.80m  -5.060   0.0021      Fe 2 24.51m  -3.249   0.1358            
 nFnu 17.65m  -3.404   0.0952      Ca A 1.736m  -4.419   0.0092      H  1 16.20m  -5.140   0.0017      Fe 2 1.809m  -3.274   0.1282            
 nInu 17.65m  -2.052   2.1369      Ca A 1.681m  -4.547   0.0068      H  1 38.86m  -5.329   0.0011      Fe 2 1.677m  -3.174   0.1614            
 nFnu 17.37m  -3.399   0.0963      Ca A 1.641m  -4.662   0.0053      He 2 303.8A  -5.118   0.0018      Fe 2 1.599m  -3.145   0.1726            
 nInu 17.37m  -2.057   2.1166      Ca A 1.611m  -4.766   0.0041      He-like iso-sequence........      Fe 2  9052A  -3.572   0.0646            
 nFnu 15.69m  -3.366   0.1038      Ca A 1.588m  -4.860   0.0033      Clin 506.0A  -4.178   0.0160      Fe 2  8892A  -3.321   0.1153            
 nInu 15.69m  -2.084   1.9863      Ca A 1.570m  -4.945   0.0027      Hlin 506.0A  -4.500   0.0076      Fe 2 35.77m  -4.062   0.0209            
 nFnu 14.60m  -3.334   0.1118      Ca A 1.556m  -5.023   0.0023      Ca B  2945A  -4.851   0.0034      Fe 2 1.800m  -3.346   0.1087            
 nInu 14.60m  -2.104   1.8999      Ca A 1.544m  -5.095   0.0019      Ca B  3188A  -4.530   0.0071      Fe 2 1.711m  -3.727   0.0452            
 nFnu 12.43m  -3.270   0.1296      Ca A 1.534m  -5.160   0.0017      Ca B  3889A  -4.119   0.0183      Fe 2 1.664m  -3.430   0.0896            
 nInu 12.43m  -2.149   1.7108      Ca A 1.526m  -5.220   0.0015      Ca B  3965A  -5.107   0.0019      Fe 2  9399A  -4.349   0.0108            
 nFnu 11.40m  -3.244   0.1376      Ca A 1.519m  -5.275   0.0013      Ca B  4026A  -4.747   0.0043      Fe 2  9227A  -3.576   0.0640            
 nInu 11.40m  -2.173   1.6209      Ca A 1.513m  -5.325   0.0011      Ca B  4388A  -5.318   0.0012      Fe 2  9033A  -3.803   0.0379            
 nFnu 10.46m  -3.202   0.1515      Ca A 1.508m  -5.370   0.0010      Ca B  4471A  -4.411   0.0094      Fe 2 1.797m  -3.500   0.0762            
 nInu 10.46m  -2.196   1.5357      Ca A 7.458m  -3.935   0.0280      Ca B  4922A  -4.974   0.0026      Fe 2 1.745m  -3.738   0.0441            
 nFnu 9.480m  -3.173   0.1619      Ca A 4.653m  -4.136   0.0176      Ca B  5016A  -4.699   0.0048      Fe 2  9471A  -4.142   0.0174            
 nInu 9.480m  -2.213   1.4769      Ca A 3.740m  -4.322   0.0115      Ca B  5876A  -3.938   0.0278      Fe 2  9268A  -3.698   0.0484            
 nFnu 9.325m  -3.169   0.1635      Ca A 3.296m  -4.486   0.0079      Ca B  6678A  -4.482   0.0080      Fe 2 22.90m  -4.260   0.0133            
 nInu 9.325m  -2.214   1.4739      Ca A 3.038m  -4.632   0.0056      Ca B  7065A  -4.791   0.0039      Fe 2 1.811m  -4.369   0.0103            
 nFnu 8.210m  -3.111   0.1868      Ca A 2.872m  -4.763   0.0042      Ca B  7281A  -5.336   0.0011      Fe 2 1.748m  -4.563   0.0066            
 nInu 8.210m  -2.215   1.4712      Ca A 2.758m  -4.883   0.0032      Ca B 1.083m  -3.201   0.1519      Fe 2 34.65m  -4.922   0.0029            
 nFnu 7.580m  -3.090   0.1960      Ca A 2.674m  -4.991   0.0025      Ca B 1.278m  -5.172   0.0016      Fe 2 1.813m  -4.825   0.0036            
 nInu 7.580m  -2.208   1.4921      Ca A 2.612m  -5.091   0.0020      Ca B 1.869m  -4.783   0.0040      Fe 2 2.002m  -5.141   0.0017            
 nFnu 7.050m  -3.041   0.2193      Ca A 2.564m  -5.182   0.0016      Ca B 1.870m  -5.262   0.0013      Fe 2 1.914m  -5.330   0.0011            
 nInu 7.050m  -2.199   1.5245      Ca A 2.525m  -5.266   0.0013      Ca B 2.058m  -4.494   0.0077      Fe 2 2.071m  -5.211   0.0015            
 nFnu 4.114m  -2.823   0.3621      Ca A 2.495m  -5.343   0.0011      He 1 584.3A  -3.984   0.0250      Fe2b  7000A  -3.189   0.1561            
 nInu 4.114m  -1.949   2.7134      Ca A 12.37m  -4.351   0.0108      He 1 537.0A  -4.874   0.0032      Fe2b 10000A  -1.764   4.1510            
 nFnu 2.324m  -2.698   0.4832      Ca A 7.500m  -4.512   0.0074      He 1 522.2A  -4.978   0.0025      Fe2b  7445A  -3.189   0.1561            
 nInu 2.324m  -1.456   8.4437      Ca A 5.907m  -4.671   0.0051      He 1 515.6A  -5.040   0.0022      Fe2b  8625A  -2.575   0.6419            
 nFnu 1.643m  -2.573   0.6444      Ca A 5.127m  -4.817   0.0037      He 1 512.1A  -5.097   0.0019      Fe2b 1.033m  -4.142   0.0174            
 nInu 1.643m  -1.092  19.5242      Ca A 4.671m  -4.949   0.0027      He 1 625.6A  -4.292   0.0123      Fe2b 1.889m  -2.751   0.4280            
 nFnu 1.480m  -2.599   0.6066      Ca A 4.375m  -5.071   0.0020      TOTL 1.083m  -3.249   0.1360      Fe 2  1786A  -4.052   0.0214            
 nInu 1.480m  -1.012  23.4627      Ca A 4.170m  -5.182   0.0016      He 1 1.083m  -3.249   0.1360      recombination...............            
 nFnu 1.436m  -2.234   1.4054      Ca A 4.020m  -5.285   0.0013      He 1 1.083m  -4.203   0.0151      C  1 1.069m  -5.368   0.0010            
 nInu 1.436m  -0.963  26.2304      Ca A 3.906m  -5.380   0.0010      He 1 1.083m  -3.726   0.0453      O  1  1357A  -4.656   0.0053            
 nFnu 1.119m  -2.335   1.1158      Ca A 19.06m  -4.712   0.0047      He 1 1.083m  -3.504   0.0756      C  1  1140A  -4.080   0.0201            
 nInu 1.119m  -0.760  41.9098      Ca A 11.31m  -4.845   0.0034      He 1  3889A  -4.156   0.0168      N  1 980.7A  -5.174   0.0016            
 nFnu  8330A  -2.523   0.7239      Ca A 8.758m  -4.984   0.0025      He 1  3188A  -4.568   0.0065      O  1  7950A  -5.183   0.0016            
 nInu  8330A  -0.543  69.1084      Ca A 7.506m  -5.115   0.0018      He 1  2945A  -4.891   0.0031      level2 lines................            
 nFnu  8079A  -1.787   3.9423      Ca A 6.770m  -5.237   0.0014      He 1  2829A  -5.149   0.0017      C  1 943.9A  -4.061   0.0209            
 nInu  8079A  -0.493  77.4714      Ca A 6.290m  -5.350   0.0011      He 1 2.058m  -4.868   0.0033      C  1  1248A  -4.021   0.0230            
 nFnu  6210A  -2.122   1.8224      Ca A 27.80m  -5.033   0.0022      He 1  5016A  -4.749   0.0043      C  1  1561A  -4.272   0.0129            
 nInu  6210A  -0.270 129.5015      Ca A 16.20m  -5.144   0.0017      He 1  3965A  -5.140   0.0017      C  1  1315A  -4.127   0.0180            
 nFnu  4885A  -2.537   0.7004      Ca A 12.38m  -5.268   0.0013      He 1  7065A  -4.851   0.0034      C  1  1166A  -4.300   0.0121            
 nInu  4885A  -0.076 202.3954      Ca A 38.86m  -5.321   0.0012      He 1  5876A  -3.938   0.0278      C  1  1233A  -4.251   0.0135            
 nFnu  3704A  -3.080   0.2007      Ca B  6563A  -1.917   2.9164      He 1  4471A  -4.432   0.0089      C  1  1132A  -4.509   0.0075            
 nInu  3704A   0.078 288.4026      Ca B  4861A  -2.390   0.9835      He 1  4026A  -4.774   0.0041      C  1  1251A  -4.505   0.0075            
 nFnu  3588A  -1.044  21.7716      Ca B  4340A  -2.725   0.4542      He 1  3820A  -5.038   0.0022      C  1  1112A  -4.637   0.0056            
 nInu  3588A   0.106 308.1042      Ca B  4102A  -2.984   0.2502      He 1  7281A  -5.359   0.0011      C  1  1115A  -4.683   0.0050            
 nFnu  2430A  -2.424   0.9094      Ca B  3970A  -3.194   0.1542      He 1  6678A  -4.480   0.0080      C  1  1162A  -4.768   0.0041            
 nInu  2430A   0.386 586.1439      Ca B  3889A  -3.370   0.1029      He 1  4922A  -4.993   0.0025      C  1  1167A  -4.896   0.0031            
 nFnu  2392A  -2.478   0.8025      Ca B  3835A  -3.519   0.0730      He 1  4388A  -5.340   0.0011      C  1  1104A  -4.813   0.0037            
 nInu  2392A   0.393 595.7750      Ca B  3798A  -3.647   0.0544      He 1 1.869m  -4.758   0.0042      C  1  1109A  -4.837   0.0035            
 nFnu  2071A  -2.831   0.3555      Ca B  3771A  -3.757   0.0422      He 1 1.278m  -5.175   0.0016      C  1  1130A  -5.063   0.0021            
 nInu  2071A   0.493 749.6002      Ca B  3750A  -3.852   0.0339      He 1 1.870m  -5.238   0.0014      C  1  1098A  -4.974   0.0026            
 nFnu  2053A  -2.841   0.3475      Ca B  3734A  -3.934   0.0281      He 1 4.048m  -5.381   0.0010      C  1  1132A  -5.002   0.0024            
 nInu  2053A   0.489 744.0624      Ca B  3722A  -4.006   0.0238      Pho+  3889A  -3.178   0.1602      C  1  1106A  -5.064   0.0021            
 nFnu  1793A  -2.844   0.3457      Ca B  3712A  -4.070   0.0205      database lines..............      C  1  1093A  -5.156   0.0017            
 nInu  1793A   0.581 918.4512      Ca B  3704A  -4.127   0.0180      level 1 lines...............      C  1  1110A  -5.259   0.0013            
 nFnu  1585A  -2.752   0.4266      Ca B  3697A  -4.179   0.0160      C  1  1656A  -3.844   0.0345      C  1  1114A  -5.278   0.0013            
 nInu  1585A   0.548 851.4263      Ca B  3692A  -4.227   0.0143      REC   1656A  -4.322   0.0115      C  1  1115A  -5.287   0.0012            
 nFnu  1458A  -2.664   0.5225      Ca B  3687A  -4.273   0.0129      C Ic  9850A  -3.343   0.1094      C  1  1090A  -5.288   0.0012            
 nInu  1458A   0.6781147.7928      Ca B  3683A  -4.317   0.0116      TOTL  9850A  -3.343   0.1095      C  2 892.8A  -4.937   0.0028            
 nFnu  1357A  -2.631   0.5639      Ca B  3679A  -4.360   0.0105      C  1  8727A  -3.730   0.0449      C  2 688.8A  -5.276   0.0013            
 nInu  1357A   0.7431334.2538      Ca B  3676A  -4.401   0.0096      C  2 157.6m  -5.370   0.0010      C  2  1020A  -3.774   0.0406            
 nFnu  1297A  -2.608   0.5952      Ca B  3674A  -4.441   0.0087      TOTL  2326A  -4.433   0.0089      N  1 942.3A  -4.256   0.0134            
 nInu  1297A   0.7191262.8778      Ca B  3671A  -4.480   0.0080      C  2  2328A  -4.966   0.0026      N  1 952.1A  -4.214   0.0147            
 nFnu  1263A  -2.588   0.6232      Ca B 1.875m  -2.806   0.3766      C  2  2327A  -4.737   0.0044      N  1  1131A  -4.297   0.0122            
 nInu  1263A   0.7431334.1752      Ca B 1.282m  -3.137   0.1759      C  2  1335A  -3.739   0.0440      O  1 867.3A  -5.286   0.0012            
 nFnu  1218A  -1.265  13.0886      Ca B 1.094m  -3.401   0.0958      N  1 953.9A  -4.205   0.0150      O  1 976.8A  -4.169   0.0163            
 nInu  1218A   0.6331036.5933      Ca B 1.005m  -3.616   0.0584      N  1 954.1A  -4.982   0.0025      O  1 969.0A  -4.011   0.0235            
 nFnu  1196A  -2.456   0.8432      Ca B  9546A  -3.797   0.0385      N  1  1200A  -3.849   0.0341      O  1 946.4A  -4.181   0.0159            
 nInu  1196A   0.6941191.4932      Ca B  9229A  -3.952   0.0270      N  1  3466A  -5.149   0.0017      O  1 934.5A  -4.351   0.0107            
 nFnu  1175A  -2.530   0.7123      Ca B  9015A  -4.085   0.0198      TOTL  3467A  -5.065   0.0021      O  1 973.6A  -4.554   0.0067            
 nInu  1175A   0.586 929.7118      Ca B  8863A  -4.202   0.0151      N  1  5200A  -5.178   0.0016      O  1 927.5A  -4.550   0.0068            
 nFnu  1144A  -2.528   0.7146      Ca B  8750A  -4.304   0.0120      N  1  5198A  -4.928   0.0028      O  1 948.5A  -4.626   0.0057            
 nInu  1144A   0.7921494.9097      Ca B  8665A  -4.393   0.0098      TOTL  5199A  -4.734   0.0044      O  1 923.0A  -4.748   0.0043            
 nFnu  1113A  -2.518   0.7315      Ca B  8598A  -4.472   0.0081      N  1 1.040m  -4.651   0.0054      O  1 919.9A  -4.946   0.0027            
 nInu  1113A   0.7391321.6984      Ca B  8545A  -4.542   0.0069      N  1 1.040m  -5.177   0.0016      O  1 935.7A  -4.873   0.0032            
 nFnu  1103A  -2.320   1.1539      Ca B  8502A  -4.606   0.0060      N  1 1.041m  -5.000   0.0024      O  1 917.7A  -5.069   0.0021            
 nInu  1103A   0.8041535.7930      Ca B  8467A  -4.664   0.0052      N  1 1.041m  -4.993   0.0024      O  1 918.7A  -5.172   0.0016            
 nFnu  1074A  -2.386   0.9905      Ca B  8438A  -4.718   0.0046      TOTL 1.040m  -4.309   0.0118      O  1 928.2A  -5.118   0.0018            
 nInu  1074A   0.7771441.5350      Ca B  8413A  -4.768   0.0041      N  2  6584A  -3.735   0.0444      O  1 917.5A  -5.278   0.0013            
 nFnu  1064A  -2.403   0.9532      Ca B  8392A  -4.816   0.0037      N  2  6548A  -4.205   0.0150      O  1 923.4A  -5.345   0.0011            
 nInu  1064A   0.7861474.1503      Ca B  8374A  -4.862   0.0033      N  2  1085A  -4.207   0.0150      Al 2  1671A  -4.136   0.0176            
 nFnu  1036A  -2.426   0.9036      Ca B  8359A  -4.906   0.0030      O  1  6300A  -2.791   0.3899      Si 1  1261A  -5.200   0.0015            
 nInu  1036A   0.7491353.3235      Ca B  8346A  -4.948   0.0027      O  1  6363A  -3.288   0.1244      Si 1  1853A  -5.279   0.0013            
 nFnu  1000A  -2.429   0.8974      Ca B  8334A  -4.988   0.0025      O  1 63.17m  -3.427   0.0903      Si 2  1180A  -3.891   0.0310            
 nInu  1000A   0.7471345.8871      Ca B 4.051m  -3.416   0.0925      O  1 145.5m  -4.973   0.0026      Si 2 993.4A  -4.178   0.0160            
 nFnu 925.1A  -2.390   0.9830      Ca B 2.625m  -3.670   0.0515      TOTL  3727A  -4.710   0.0047      Si 2  1024A  -4.730   0.0045            
 nInu 925.1A   0.582 920.7675      Ca B 2.166m  -3.889   0.0312      TOTL  7325A  -5.116   0.0018      S  1  1356A  -5.317   0.0012            
 nFnu 897.8A  -0.651  53.8377      Ca B 1.945m  -4.074   0.0203      IONZ  7325A  -5.280   0.0013      Ar 1  1096A  -4.576   0.0064            
 nInu 897.8A  -2.430   0.8960      Ca B 1.817m  -4.234   0.0141      O II  3729A  -5.292   0.0012      Ar 1 922.5A  -5.261   0.0013            
 nFnu 760.0A  -2.646   0.5454      Ca B 1.736m  -4.374   0.0102      O II  3726A  -4.877   0.0032      Ar 1 918.5A  -5.367   0.0010            
 nInu 760.0A  -1.698   4.8304      Ca B 1.681m  -4.497   0.0077      O II  2471A  -5.222   0.0014      P  2 967.2A  -5.247   0.0014            
 nFnu 701.5A  -2.941   0.2764      Ca B 1.641m  -4.606   0.0060      O II  7323A  -5.374   0.0010      P  2 963.8A  -4.844   0.0035            
 nInu 701.5A  -1.574   6.4364      Ca B 1.611m  -4.704   0.0048      Ne 2 12.81m  -2.874   0.3222      Ti 2  3366A  -4.830   0.0036            
 nFnu 608.2A  -4.551   0.0068      Ca B 1.588m  -4.790   0.0039      Ne 3 15.55m  -5.177   0.0016      Ti 2  3238A  -5.128   0.0018            
 nInu 608.2A  -1.385   9.9344      Ca B 1.570m  -4.868   0.0033      Na 1  5892A  -4.141   0.0174      Cr 2  2060A  -5.192   0.0015            
 nFnu 575.1A  -4.078   0.0202      Ca B 1.556m  -4.939   0.0028      Mg 1  2853A  -4.497   0.0077      Mn 2  2590A  -4.812   0.0037            
 nInu 575.1A  -1.240  13.8649      Ca B 1.544m  -5.003   0.0024      Mg 1  2026A  -5.209   0.0015      Mn 2  1199A  -5.343   0.0011            
 nFnu 511.9A  -5.355   0.0011      Ca B 1.534m  -5.063   0.0021      TOTL  2798A  -3.045   0.2176      Ni 2  1752A  -5.103   0.0019            
 nInu 511.9A  -1.232  14.1492      Ca B 1.526m  -5.118   0.0018      Mg 2  2796A  -3.234   0.1407      Ni 2  1744A  -4.926   0.0029            
 nFnu 496.9A  -1.570   6.4916      Ca B 1.519m  -5.169   0.0016      Mg 2  2803A  -3.496   0.0769      Ni 2  1473A  -5.249   0.0014            
 nInu 496.9A  -1.960   2.6469      Ca B 1.513m  -5.218   0.0015      totl  2665A  -4.850   0.0034      Ni 2  1376A  -4.934   0.0028            
 nInu 399.2A  -1.588   6.2334      Ca B 1.508m  -5.264   0.0013      Al 2  2670A  -4.877   0.0032      Ni 2  1324A  -4.876   0.0032            
 RRC.........................      Ca B 1.504m  -5.308   0.0012      Si 1  2518A  -5.379   0.0010      hyperfine structure.........            
 grains......................      Ca B 1.500m  -5.350   0.0011      Si 2 34.81m  -3.609   0.0593      inner shell.................            
 H-like iso-sequence.........      Ca B 7.458m  -3.907   0.0299      TOTL  2335A  -4.934   0.0028      molecules...................            
 Ca B  1216A  -0.874  32.1940      Ca B 4.653m  -4.108   0.0188      Si 2  2336A  -5.250   0.0014      H-CT  6563A  -3.167   0.1640            
 Q(H)  4861A  -2.301   1.2054      Ca B 3.740m  -4.293   0.0123      Si 2  1814A  -5.264   0.0013            



                                                                           
 Cooling:  HFBc     0 :0.087 CaF1  7291A:0.102 CaF2  7324A:0.069 Fe2c     0 :0.495  
 Heating:  BFH1     0 :0.922 BFHe     0 :0.067  

 These are some of the most important databases used by Cloudy:
 Many recombination coefficients were taken from http://amdpp.phys.strath.ac.uk/tamoc/RR/ and http://amdpp.phys.strath.ac.uk/tamoc/DR/
      and are based on the following papers:
        Badnell N. R., et al., A&A 406, 1151 (2003) [http://adsabs.harvard.edu/abs/2003A%26A...406.1151B]
        Badnell N. R., ApJS 167, 334 (2006) [http://adsabs.harvard.edu/abs/2006ApJS..167..334B]
 Much of the molecular emission data is from LAMDA as accessed on Dec. 18, 2010. This database is described in:
        Schoeier F.L., et al., A&A 432, 369 (2005) [http://adsabs.harvard.edu/abs/2005A%26A...432..369S]
      This database is in part based on the work of the following groups:
        JPL: Pickett H. M. et al., JQSRT, 60, 883 (1998). [http://adsabs.harvard.edu/abs/1998JQSRT..60..883P]
        CDMS: Mueller H. S. et al., A&A 370, L49 (2001). [http://adsabs.harvard.edu/abs/2001A%26A...370L..49M]
              Mueller H. S. et al., J. Mol. Struct. 742, 215 (2005). [http://adsabs.harvard.edu/abs/2005JMoSt.742..215M]
 Much of the ionic emission data is from version 7.0 of CHIANTI. CHIANTI is a collaborative project involving the NRL (USA), the
      Universities of Florence (Italy) and Cambridge (UK), and George Mason University (USA). These papers describe Chianti:
        Dere K. P., et al., A&AS, 125, 149 (1997) [http://adsabs.harvard.edu/abs/1997A%26AS..125..149D]
        Landi E., et al., ApJ, 744, 99 (2012) [http://adsabs.harvard.edu/abs/2012ApJ...744...99L]
 Much of the H_2 data is from this web site: http://molat.obspm.fr/index.php?page=pages/Molecules/H2/H2can94.php. These data are
      described in:
        Abgrall H. et al., Can. J. Phys., 72, 856 (1994) [http://adsabs.harvard.edu/abs/1994CaJPh..72..856A]
        Wrathmall S. A. & Flower D. R., J. Phys. B, 40, 3221 (2007) [http://adsabs.harvard.edu/abs/2007JPhB...40.3221W]
 Please cite those papers that played a significant role in this calculation.

 IONIZE PARMET:  U(1-) -6.4768  U(4-): -8.5368  U(sp): -6.48  Q(ion):    9.054  L(ion) -1.258    Q(low): 12.484    L(low)  0.761
 ENERGY BUDGET:  Heat:  -1.279  Coolg:  -1.279  Error:  0.0%  Rec Lin:  -2.393  F-F  H  0.000    P(rad/tot)max     1.42E-05

     Col(Heff):      0.000E+00  snd travl time  1.65E+06 sec  Te-low: 3.98E+03  Te-hi: 5.33E+03  G0TH85: 2.32E+03  G0DB96:2.54E+03
  Emiss Measure    n(e)n(p) dl       1.762E+22  n(e)n(He+)dl         2.999E+20  En(e)n(He++) dl         4.781E+16  ne nC+:2.88E+19
 He/Ha:2.06E-02  =   0.24*true  Lthin:3.75E+02  itr/zn: 9.24  H2 itr/zn:  0.00  File Opacity: F  MassTot 2.18e-06  (gm/cm^2)
   Temps(21 cm)   T(21cm/Ly a)  4.28E+03        T(<nH/Tkin>)  4.56E+03          T(<nH/Tspin>)    4.54E+03          TB21cm:2.98E-02
                   N(H0/Tspin)  1.85E+14        N(OH/Tkin)    6.32E+04          B(21cm)          0.00E+00
   <a>:4.47E-06  erdeFe0.0E+00  Tcompt2.41E+06  Tthr4.10E+07  <Tden>: 4.61E+03  <dens>:2.27E-18  <MolWgt>1.13E+00
     Mean Jeans  l(cm)2.58E+18  M(sun)1.03E+04  smallest:     len(cm):2.40E+18  M(sun):8.26E+03  a_ox tran:  0.00
 Rion:1.000E+30  Dist:0.00E+00  Diam:0.000E+00
 Hatom level 70  HatomType: add  HInducImp  F  He tot level: 63  He2 level:   70  ExecTime   128.2
 ConvrgError(%)  <eden>  0.309  MaxEden  0.884  <H-C>   0.07  Max(H-C)    0.31  <Press>   0.000  MaxPrs er  0.000
  Continuity(%)  chng Te   1.1  elec den   4.0  n(H2)    0.0  n(CO)        0.0

                                                        Averaged Quantities
             Te      Te(Ne)   Te(NeNp)  Te(NeHe+)Te(NeHe2+) Te(NeO+)  Te(NeO2+)  Te(H2)     N(H)     Ne(O2+)   Ne(Np)
 Radius:  4.61e+03  4.74e+03  4.86e+03  4.72e+03  4.62e+03  4.86e+03  4.90e+03  4.25e+03  1.00e+06  1.55e+05  1.47e+05
 
 Peimbert T(OIIIr)5.54E+03 T(Bac)5.04E+03 T(Hth)4.91E+03 t2(Hstrc) 3.92e-03 T(O3-BAC)5.03E+03 t2(O3-BC) 1.35e-02 t2(O3str) 3.44e-03

 Contin Optical Depths: COMP: 8.15e-08    H-: 1.64e-06 R(1300): 5.65e-06  H2+: 3.32e-08  Pfa:8.15E-08
                          Pa: 8.15e-08    Ba: 1.57e-06      Hb: 1.23e-06   La: 1.21e-02     1r:5.319E+00  1.8:1.64E+00 4.:2.484E-01

 Old, new H  1 continuum optical depths:
     1 5.32e+00     2 8.35e-07     3 1.64e-06     4 1.64e-06     5 1.64e-06     6 4.08e-07     7 4.08e-07     8 4.08e-07
     9 4.08e-07    10 1.03e-13    11 1.03e-13    12 1.03e-13    13 1.03e-13    14 1.03e-13    15 2.57e-13    16 2.57e-13
    17 2.57e-13    18 2.57e-13    19 2.57e-13    20 2.57e-13    21 5.63e-13    22 5.63e-13    23 5.63e-13    24 5.63e-13
    25 5.63e-13    26 5.63e-13    27 5.63e-13    28 1.10e-12    29 1.10e-12    30 1.10e-12    31 1.10e-12    32 1.10e-12
    33 1.10e-12    34 1.10e-12    35 1.10e-12    36 2.02e-12    37 2.02e-12    38 2.02e-12    39 2.02e-12    40 2.02e-12
    41 2.02e-12    42 2.02e-12    43 2.02e-12    44 2.02e-12    45 3.47e-12    46 3.47e-12    47 3.47e-12    48 3.47e-12
    49 3.47e-12    50 3.47e-12    51 3.47e-12    52 3.47e-12    53 3.47e-12    54 3.47e-12
     1 5.32e+00     2 8.35e-07     3 1.64e-06     4 1.64e-06     5 1.64e-06     6 4.08e-07     7 4.08e-07     8 4.08e-07
     9 4.08e-07    10 1.03e-13    11 1.03e-13    12 1.03e-13    13 1.03e-13    14 1.03e-13    15 2.57e-13    16 2.57e-13
    17 2.57e-13    18 2.57e-13    19 2.57e-13    20 2.57e-13    21 5.63e-13    22 5.63e-13    23 5.63e-13    24 5.63e-13
    25 5.63e-13    26 5.63e-13    27 5.63e-13    28 1.10e-12    29 1.10e-12    30 1.10e-12    31 1.10e-12    32 1.10e-12
    33 1.10e-12    34 1.10e-12    35 1.10e-12    36 2.02e-12    37 2.02e-12    38 2.02e-12    39 2.02e-12    40 2.02e-12
    41 2.02e-12    42 2.02e-12    43 2.02e-12    44 2.02e-12    45 3.47e-12    46 3.47e-12    47 3.47e-12    48 3.47e-12
    49 3.47e-12    50 3.47e-12    51 3.47e-12    52 3.47e-12    53 3.47e-12    54 3.47e-12

 Old, new H  1 mean line optical depths:
  2- 1 1.30e+05  3- 2 2.59e-06  4- 3 2.93e-10  5- 4 3.17e-10  6- 5 4.57e-10  7- 6 9.69e-10  8- 7 2.06e-09
  9- 8 2.25e-09 10- 9 9.53e-10
  2- 1 1.30e+05  3- 2 2.59e-06  4- 3 2.93e-10  5- 4 3.17e-10  6- 5 4.57e-10  7- 6 9.69e-10  8- 7 2.06e-09
  9- 8 2.25e-09 10- 9 9.53e-10

 Old, new He 2 continuum optical depths:
     1 2.48e-01     2 5.26e+00     3 6.70e-07     4 6.70e-07     5 6.70e-07     6 8.35e-07     7 8.35e-07     8 8.35e-07
     9 8.35e-07    10 1.33e-06    11 1.33e-06    12 1.33e-06    13 1.33e-06    14 1.33e-06    15 1.64e-06    16 1.64e-06
    17 1.64e-06    18 1.64e-06    19 1.64e-06    20 1.64e-06    21 1.39e-06    22 1.39e-06    23 1.39e-06    24 1.39e-06
    25 1.39e-06    26 1.39e-06    27 1.39e-06    28 4.08e-07    29 4.08e-07    30 4.08e-07    31 4.08e-07    32 4.08e-07
    33 4.08e-07    34 4.08e-07    35 4.08e-07    36 5.75e-14    37 5.75e-14    38 5.75e-14    39 5.75e-14    40 5.75e-14
    41 5.75e-14    42 5.75e-14    43 5.75e-14    44 5.75e-14    45 1.03e-13    46 1.03e-13    47 1.03e-13    48 1.03e-13
    49 1.03e-13    50 1.03e-13    51 1.03e-13    52 1.03e-13    53 1.03e-13    54 1.03e-13
     1 2.48e-01     2 5.25e+00     3 6.69e-07     4 6.69e-07     5 6.69e-07     6 8.35e-07     7 8.35e-07     8 8.35e-07
     9 8.35e-07    10 1.33e-06    11 1.33e-06    12 1.33e-06    13 1.33e-06    14 1.33e-06    15 1.64e-06    16 1.64e-06
    17 1.64e-06    18 1.64e-06    19 1.64e-06    20 1.64e-06    21 1.39e-06    22 1.39e-06    23 1.39e-06    24 1.39e-06
    25 1.39e-06    26 1.39e-06    27 1.39e-06    28 4.08e-07    29 4.08e-07    30 4.08e-07    31 4.08e-07    32 4.08e-07
    33 4.08e-07    34 4.08e-07    35 4.08e-07    36 5.75e-14    37 5.75e-14    38 5.75e-14    39 5.75e-14    40 5.75e-14
    41 5.75e-14    42 5.75e-14    43 5.75e-14    44 5.75e-14    45 1.03e-13    46 1.03e-13    47 1.03e-13    48 1.03e-13
    49 1.03e-13    50 1.03e-13    51 1.03e-13    52 1.03e-13    53 1.03e-13    54 1.03e-13

 Old, new He 2 mean line optical depths:
  2- 1 1.86e+02  3- 2 6.70e-11  4- 3 3.71e-16  5- 4 2.29e-16  6- 5 3.51e-16  7- 6 1.12e-15  8- 7 1.19e-15
  9- 8 1.40e-15 10- 9 2.03e-15
  2- 1 1.86e+02  3- 2 6.67e-11  4- 3 3.69e-16  5- 4 2.28e-16  6- 5 3.49e-16  7- 6 1.11e-15  8- 7 1.18e-15
  9- 8 1.40e-15 10- 9 2.03e-15

 Old He Is optical depths:    1 1.64e+00    2 8.29e-07    3 6.91e-07    4 7.77e-07    5 7.77e-07
 New He Is optical depths:    1 1.64e+00    2 8.28e-07    3 6.91e-07    4 7.77e-07    5 7.77e-07
          Old He Is Lines:  584 7.78e+03 3889 7.89e-03 5016 9.61e-07 5876 5.98e-11
          New He Is Lines:  584 7.77e+03 3889 7.89e-03 5016 9.60e-07 5876 5.98e-11

==== H      compounds ====           Log10 column densities [cm^-2}
   H2        : 11.600   H2*       : 10.854   H2+       :  9.676   H3+       :  4.019
==== He     compounds ====
   HeH+      : 10.032
==== Li     compounds ====
   LiH       : -0.788   LiH+      : -0.970
==== C      compounds ====
   CH        :  6.996   CH+       :  6.318   CH2       :  1.081   CH2+      :  0.073   CH3       : -5.393   CH3+      : -6.463   CH4       :-11.785   CH4+      :-13.608
   CH5+      :-19.845   C2        :  1.913   C2+       :  2.305   C2H       : -3.587   C2H+      : -3.905   C2H2      :-10.670   C2H2+     : -9.754   C2H3+     :-16.240
   C3        :-13.072   C3+       : -7.917   C3H       :-15.373   C3H+      :-14.006
==== N      compounds ====
   NH        :  7.193   NH+       :  6.639   NH2       : -0.115   NH2+      : -0.131   NH3       : -6.101   NH3+      : -7.262   NH4+      :-16.877   CN        :  4.701
   CN+       :  2.651   HCN       : -1.424   HCN+      : -2.286   HNC       : -5.215   HCNH+     : -9.081   HC3N      :-35.930   N2        :  4.297   N2+       :  2.566
   N2H+      : -9.436
==== O      compounds ====
   OH        :  8.430   OH+       :  7.942   H2O       :  1.674   H2O+      :  1.179   H3O+      : -5.763   CO        :  7.295   CO+       :  4.371   HCO+      :  1.933
   H2CO      :-35.930   CH3OH     :-35.930   ^13CO     :  5.818   NO        :  3.738   NO+       :  2.704   HNO       : -3.075   HNO+      : -4.359   OCN       : -3.996
   OCN+      : -4.857   N2O       : -6.710   O2        :  4.005   O2+       :  4.136   NO2       : -5.831   NO2+      : -7.660
==== Ne     compounds ====
   NeH+      :  5.619
==== Si     compounds ====
   SiH       : -1.060   SiH2+     : -2.420   SiC2      :-35.930   SiN       : -5.301   SiN+      :  2.035   SiO       :  2.310   SiO+      :  3.128   SiOH+     : -3.838
==== S      compounds ====
   HS        :  4.692   HS+       :  4.273   CS        : -1.041   CS+       :  1.301   HCS+      : -4.680   NS        :  0.190   NS+       :  1.443   SO        :  1.660
   SO+       :  2.707   OCS       : -8.133   OCS+      : -9.710   SO2       :-35.930   S2        : -6.519   S2+       : -7.784
==== Cl     compounds ====
   HCl       : -2.995   HCl+      :  4.314   H2Cl+     : -2.273   CCl       :-24.545   CCl+      : -7.280   H2CCl+    :-27.259   ClO       :-27.976   ClO+      :-32.106
==== Ar     compounds ====
   ArH+      :  8.146
==== Ti     compounds ====
   TiH       :-35.930   TiH+      :-35.930   TiH2      :-35.930   TiH2+     :-35.930   TiC       :-35.930   TiC+      :-35.930   HCTi      :-35.930   HCTi+     :-35.930
   TiC2      :-35.930   TiC2+     :-35.930   TiN       :-35.930   TiN+      :-35.930   HNTi      :-35.930   HNTi+     :-35.930   TiNC      :-35.930   TiNC+     :-35.930
   TiO       :-35.930   TiO+      :-35.930   TiOH+     :-35.930   TiO2      :-35.930   TiF+      :-35.930   TiS       :-35.930   TiS+      :-35.930   HTiS      :-35.930


               1      2      3      4      5      6      7      8      9     10     11     12     13     14     15     16     17

 Hydrogen   17.925 17.078 11.672 (H2)                Log10 Column density (cm^-2)
 Helium     16.900 15.385 11.639
 Lithium     6.012  6.988 -0.527-30.000
 Beryllium   6.981  7.128  4.839-30.000-30.000
 Boron       7.503  8.653  4.406-30.000-30.000-30.000
 Carbon     13.466 14.360 11.406-30.000-30.000-30.000-30.000
 Nitrogen   13.779 12.689  7.323-30.000-30.000-30.000-30.000-30.000
 Oxygen     14.627 13.677  8.502-30.000-30.000-30.000-30.000-30.000-30.000
 Fluorine   10.445  9.844  7.487-30.000-30.000-30.000-30.000-30.000-30.000-30.000
 Neon       13.847 13.058 10.779-30.000-30.000-30.000-30.000-30.000-30.000-30.000-30.000
 Sodium     10.842 12.203  9.772-30.000-30.000-30.000-30.000-30.000-30.000-30.000-30.000-30.000
 Magnesium  11.969 13.570 11.224-30.000-30.000-30.000-30.000-30.000-30.000-30.000-30.000-30.000-30.000
 Aluminium   9.056 12.433  9.180  8.364-30.000-30.000-30.000-30.000-30.000-30.000-30.000-30.000-30.000-30.000
 Silicon    11.567 13.488  9.445-30.000-30.000-30.000-30.000-30.000-30.000-30.000-30.000-30.000-30.000-30.000-30.000
 Phosphorus  8.661 11.391  8.364-30.000-30.000-30.000-30.000-30.000-30.000-30.000-30.000-30.000-30.000-30.000-30.000-30.000
 Sulphur    11.691 13.084 10.719-30.000-30.000-30.000-30.000-30.000-30.000-30.000-30.000-30.000-30.000-30.000-30.000-30.000-30.000
 Chlorine    8.809 11.480  8.990-30.000-30.000-30.000-30.000-30.000-30.000-30.000-30.000-30.000-30.000-30.000-30.000-30.000-30.000
-30.000
 Argon      12.178 11.946 10.343-30.000-30.000-30.000-30.000-30.000-30.000-30.000-30.000-30.000-30.000-30.000-30.000-30.000-30.000
-30.000-30.000
 Potassium   9.789 10.984  8.276-30.000-30.000-30.000-30.000-30.000-30.000-30.000-30.000-30.000-30.000-30.000-30.000-30.000-30.000
-30.000-30.000-30.000
 Calcium    11.179 12.266 11.040-30.000-30.000-30.000-30.000-30.000-30.000-30.000-30.000-30.000-30.000-30.000-30.000-30.000-30.000
-30.000-30.000-30.000-30.000
 Scandium    7.968  9.076  7.842  5.170-30.000-30.000-30.000-30.000-30.000-30.000-30.000-30.000-30.000-30.000-30.000-30.000-30.000
-30.000-30.000-30.000-30.000-30.000
 Titanium    7.065 10.928  8.966  0.867-30.000-30.000-30.000-30.000-30.000-30.000-30.000-30.000-30.000-30.000-30.000-30.000-30.000
-30.000-30.000-30.000-30.000-30.000-30.000
 Vanadium    9.277  9.786  8.234 -0.873-30.000-30.000-30.000-30.000-30.000-30.000-30.000-30.000-30.000-30.000-30.000-30.000-30.000
-30.000-30.000-30.000-30.000-30.000-30.000-30.000
 Chromium   10.262 11.603  8.705  0.029-30.000-30.000-30.000-30.000-30.000-30.000-30.000-30.000-30.000-30.000-30.000-30.000-30.000
-30.000-30.000-30.000-30.000-30.000-30.000-30.000-30.000
 Manganese   7.594 11.412  8.683 -0.314-30.000-30.000-30.000-30.000-30.000-30.000-30.000-30.000-30.000-30.000-30.000-30.000-30.000
-30.000-30.000-30.000-30.000-30.000-30.000-30.000-30.000-30.000
 Iron        9.424 13.482 10.196  2.088-30.000-30.000-30.000-30.000-30.000-30.000-30.000-30.000-30.000-30.000-30.000-30.000-30.000
-30.000-30.000-30.000-30.000-30.000-30.000-30.000-30.000-30.000-30.000
 Cobalt     10.644 10.698  5.993 -0.840-30.000-30.000-30.000-30.000-30.000-30.000-30.000-30.000-30.000-30.000-30.000-30.000-30.000
-30.000-30.000-30.000-30.000-30.000-30.000-30.000-30.000-30.000-30.000-30.000
 Nickel      8.646 12.203  7.325-30.000-30.000-30.000-30.000-30.000-30.000-30.000-30.000-30.000-30.000-30.000-30.000-30.000-30.000
-30.000-30.000-30.000-30.000-30.000-30.000-30.000-30.000-30.000-30.000-30.000-30.000
 Copper      9.430 10.083  7.994-30.000-30.000-30.000-30.000-30.000-30.000-30.000-30.000-30.000-30.000-30.000-30.000-30.000-30.000
-30.000-30.000-30.000-30.000-30.000-30.000-30.000-30.000-30.000-30.000-30.000-30.000-30.000
 Zinc       10.278 10.191  8.591  6.066-30.000-30.000-30.000-30.000-30.000-30.000-30.000-30.000-30.000-30.000-30.000-30.000-30.000
-30.000-30.000-30.000-30.000-30.000-30.000-30.000-30.000-30.000-30.000-30.000-30.000-30.000-30.000
 Exc state    He1* 10.710   CII* 14.181   C11* 12.516   C12* 12.991   C13* 13.209   O11* 14.390   O12* 14.126   O13* 13.649
              Si2* 13.297   C30*  3.648   C31*  0.818   C32*  4.382


 Hydrogen   -0.058 -0.905 -6.010 (H2)                 Log10 Mean Ionisation (over radius)
 Helium     -0.013 -1.527 -5.274
 Lithium    -1.020 -0.044 -7.559
 Beryllium  -0.382 -0.235 -2.524
 Boron      -1.179 -0.030 -4.277
 Carbon     -0.946 -0.053 -3.007
 Nitrogen   -0.034 -1.123 -6.490
 Oxygen     -0.046 -0.996 -6.171
 Fluorine   -0.098 -0.698 -3.056
 Neon       -0.066 -0.854 -3.134
 Sodium     -1.381 -0.020 -2.451
 Magnesium  -1.614 -0.013 -2.359
 Aluminium  -3.377 -0.000 -3.253 -4.069
 Silicon    -1.926 -0.005 -4.048
 Phosphorus -2.732 -0.001 -3.028
 Sulphur    -1.412 -0.019 -2.385
 Chlorine   -2.673 -0.002 -2.492
 Argon      -0.204 -0.436 -2.040
 Potassium  -1.223 -0.028 -2.736
 Calcium    -1.144 -0.057 -1.283
 Scandium   -1.164 -0.056 -1.290 -3.962
 Titanium   -3.868 -0.005 -1.967-10.066
 Vanadium   -0.636 -0.126 -1.679-10.785
 Chromium   -1.361 -0.020 -2.919-11.594
 Manganese  -3.818 -0.001 -2.730-11.727
 Iron       -4.058 -0.000 -3.286-11.394
 Cobalt     -0.329 -0.275 -4.980-11.813
 Nickel     -3.557 -0.000 -4.877
 Copper     -0.743 -0.090 -2.179
 Zinc       -0.265 -0.352 -1.952 -4.477

               1      2      3      4      5      6      7      8      9     10     11     12     13     14     15     16     17

 Hydrogen   -0.067 -0.842 -6.202 (H2)         Log10 Mean Ionisation (over radius*electron density)
 Helium     -0.013 -1.541 -5.339
 Lithium    -0.996 -0.046 -7.558
 Beryllium  -0.347 -0.262 -2.535
 Boron      -1.130 -0.034 -4.236
 Carbon     -0.903 -0.058 -3.006
 Nitrogen   -0.041 -1.042 -6.383
 Oxygen     -0.054 -0.932 -6.087
 Fluorine   -0.099 -0.691 -3.089
 Neon       -0.064 -0.864 -3.188
 Sodium     -1.400 -0.019 -2.495
 Magnesium  -1.634 -0.012 -2.336
 Aluminium  -3.382 -0.000 -3.275 -4.126
 Silicon    -1.870 -0.006 -3.926
 Phosphorus -2.741 -0.001 -3.025
 Sulphur    -1.365 -0.021 -2.397
 Chlorine   -2.685 -0.002 -2.511
 Argon      -0.218 -0.413 -2.032
 Potassium  -1.283 -0.024 -2.766
 Calcium    -1.098 -0.059 -1.333
 Scandium   -1.122 -0.061 -1.261 -3.938
 Titanium   -3.885 -0.005 -1.933 -9.844
 Vanadium   -0.608 -0.136 -1.640-10.564
 Chromium   -1.316 -0.022 -2.797-11.372
 Manganese  -3.834 -0.001 -2.619-11.505
 Iron       -4.074 -0.000 -3.166-11.172
 Cobalt     -0.306 -0.296 -4.935-11.591
 Nickel     -3.570 -0.000 -4.822
 Copper     -0.705 -0.099 -2.175
 Zinc       -0.242 -0.379 -2.010 -4.573

               1      2      3      4      5      6      7      8      9     10     11     12     13     14     15     16     17

 Hydrogen    3.661  3.677  3.628 (H2)                  Log10 Mean Temperature (over radius)
 Helium      3.663  3.660  3.651
 Lithium     3.668  3.663  3.663
 Beryllium   3.671  3.658  3.661
 Boron       3.674  3.663  3.672
 Carbon      3.672  3.662  3.664
 Nitrogen    3.662  3.681  3.687
 Oxygen      3.662  3.677  3.681
 Fluorine    3.663  3.665  3.657
 Neon        3.664  3.661  3.653
 Sodium      3.659  3.663  3.655
 Magnesium   3.659  3.663  3.668
 Aluminium   3.662  3.663  3.659  3.652
 Silicon     3.675  3.663  3.690
 Phosphorus  3.661  3.663  3.664
 Sulphur     3.673  3.663  3.661
 Chlorine    3.661  3.663  3.660
 Argon       3.660  3.668  3.665
 Potassium   3.652  3.664  3.657
 Calcium     3.673  3.663  3.653
 Scandium    3.672  3.662  3.669  3.668
 Titanium    3.660  3.663  3.670  3.727
 Vanadium    3.669  3.661  3.671  3.727
 Chromium    3.673  3.663  3.690  3.727
 Manganese   3.660  3.663  3.688  3.727
 Iron        3.660  3.663  3.690  3.727
 Cobalt      3.668  3.659  3.673  3.727
 Nickel      3.661  3.663  3.675
 Copper      3.671  3.661  3.664
 Zinc        3.668  3.658  3.652  3.645

               1      2      3      4      5      6      7      8      9     10     11     12     13     14     15     16     17

 Hydrogen    3.674  3.687  3.636 (H2)          Log10 Mean Temperature (over radius*electron density)
 Helium      3.676  3.674  3.664
 Lithium     3.680  3.676  3.676
 Beryllium   3.682  3.671  3.674
 Boron       3.685  3.676  3.683
 Carbon      3.683  3.675  3.676
 Nitrogen    3.675  3.690  3.694
 Oxygen      3.675  3.687  3.690
 Fluorine    3.676  3.678  3.670
 Neon        3.676  3.675  3.667
 Sodium      3.673  3.676  3.668
 Magnesium   3.673  3.676  3.681
 Aluminium   3.675  3.676  3.672  3.666
 Silicon     3.686  3.676  3.697
 Phosphorus  3.675  3.676  3.677
 Sulphur     3.684  3.676  3.674
 Chlorine    3.674  3.676  3.673
 Argon       3.674  3.680  3.678
 Potassium   3.664  3.677  3.671
 Calcium     3.684  3.676  3.667
 Scandium    3.683  3.675  3.682  3.681
 Titanium    3.673  3.676  3.682  3.727
 Vanadium    3.681  3.674  3.683  3.727
 Chromium    3.684  3.676  3.697  3.727
 Manganese   3.673  3.676  3.695  3.727
 Iron        3.673  3.676  3.696  3.727
 Cobalt      3.680  3.673  3.684  3.727
 Nickel      3.674  3.676  3.686
 Copper      3.683  3.675  3.677
 Zinc        3.680  3.671  3.666  3.658

               1      2      3      4      5      6      7      8      9     10     11     12     13     14     15     16     17
                                                                          

---------------Convergence statistics---------------
      1.62 mean iterations/state convergence
      2.96 mean cx acceleration loops/iteration
      1.13 mean iso convergence loops/ion solve
      1.04 mean steps/chemistry solve
      1.01 mean step length searches/chemistry step
----------------------------------------------------

 Cloudy ends: 45 zones, 3 iterations, 1 caution.  ExecTime(s) 128.24
 [Stop in cdMain at ../maincl.cpp:483, Cloudy exited OK]
 ************************************************** GRID_DELIMIT -- grid000000032
