                                                          Cloudy 13.03
                                                         www.nublado.org

                       **************************************13Feb20**************************************
                       *                                                                                 *
                       * c                                                                               *
                       * phi(h) 11.000000 LOG range -0.000232 6.866524                                   *
                       * grid from 8 to 23 in 1 dex steps                                                *
                       * HDEN=12.000000 LOG                                                              *
                       * grid from 0 to 12 in 1 dex steps                                                *
                       * set pres ionize 1e5                                                             *
                       * c                                                                               *
                       * c                                                                               *
                       * table star "inst_padova_agbtrack_z.mod" age 6.78                                *
                       * c<< inst_padova_ model    4 read.       Age =    6010000.00                 >>> *
                       * c<< inst_padova_ model    5 read.       Age =    8010000.00                 >>> *
                       * c<< FINAL:     Age =    6025595.86                                          >>> *
                       * c                                                                               *
                       * c                                                                               *
                       * abundances GASS10                                                               *
                       * c                                                                               *
                       * c                                                                               *
                       * iterate to convergence max = 7                                                  *
                       * stop column density = 23                                                        *
                       * c                                                                               *
                       * c                                                                               *
                       * print last                                                                      *
                       * set save prefix "padova_inst_6"                                                 *
                       * save grid ".grd" last no hash                                                   *
                       * save linelist "emissionlines_abs.txt" "LineList_HII.dat" absolute last no hash    *
                       *                                                                                 *
                       ***********************************************************************************



 NOTE Setcon: continuum has zero intensity starting at  1.0074e+01 Ryd.
     1 cells in the incident continuum have zero intensity.  Problems???

           !The plasma frequency is 2.99e-06 Ryd.  The incident continuum is set to 0 below this.
           4147CellPeak1.00E+00   Lo 1.00e-08=910.79cm   Hi-Con:1.01E+01 Ryd   E(hi):7.35E+06Ryd     E(hi):     100.01 MeV
           I(nu>1ryd):   0.4461   Average nu:1.281E+00   I( X-ray):   0.0000   I(BalC):   1.9565     Phi(BalmrC):  12.8871
           phi(1.0-1.8):10.9816   phi(1.8-4.0):  9.585   phi(4.0-20):  8.470   phi(20--):  0.000     Ion pht flx:1.000E+11
           I(gam ray):   0.0000   phi(gam r):   0.0000   I(Infred):   1.3045   Alf(ox):   0.0000     Total inten:   2.0547
           U(1.0----):3.336E-12   U(4.0----):9.850E-15   T(En-Den):2.659E+01   T(Comp):2.168E+04     nuJnu(912A):1.914E+01
           Occ(FarIR):0.000E+00   Occ(H n=6):4.632E-11   Occ(1Ryd):8.799E-16   Occ(4R):1.016E-20     Occ (Nu-hi):0.000E+00
           Tbr(FarIR):0.000E+00   Tbr(H n=6):2.030E-07   Tbr(1Ryd):1.391E-10   Tbr(4R):6.421E-15     Tbr (Nu-hi):0.000E+00
  
                                                  Gas Phase Chemical Composition
        H :  0.0000  He: -1.0701  Li:-10.9508  Be:-10.6198  B : -9.3002  C : -3.5702  N : -4.1701  O : -3.3098  F : -7.4401
        Ne: -4.0701  Na: -5.7595  Mg: -4.4001  Al: -5.5498  Si: -4.4895  P : -6.5901  S : -4.8794  Cl: -6.5003  Ar: -5.6003
        K : -6.9706  Ca: -5.6596  Sc: -8.8508  Ti: -7.0501  V : -8.0701  Cr: -6.3595  Mn: -6.5702  Fe: -4.5003  Co: -7.0101
                                               Ni: -5.7799  Cu: -7.8097  Zn: -7.4401
 
 ####  1  Te:3.185E+03 Hden:1.000E+12 Ne:4.026E+08 R:1.000E+30 R-R0:1.187E+02 dR:2.373E+02 NTR:184 Htot:1.752E-06 T912: 1.50e-03###
 Hydrogen      9.99e-01 2.93e-04 H+o/Hden 9.99e-01 5.82e-10 H-    H2 3.09e-04 7.11e-11 H2+ HeH+ 2.22e-12 Ho+ ColD 2.37e+14 6.95e+10
 Helium        1.00e+00 3.84e-08 8.84e-16 HeI 2s3S 2.10e-10 Comp H,C 4.44e-19 6.52e-20 Fill Fac 1.00e+00 Gam1/tot 1.00e+00
 He singlet n  1.00e+00 3.80e-12 5.75e-17 4.11e-18 2.43e-17 1.10e-18 He tripl 2.10e-10 1.77e-16 2.40e-19 2.27e-18 2.13e-18
 Pressure      NgasTgas 3.46e+15 P(total) 4.77e-01 P( gas ) 4.77e-01 P(Radtn) 0.00e+00 Rad accl 1.56e-03 ForceMul 3.48e+09
 Texc(La)      3.57e+03 T(I con) 2.66e+01 T(D con) 1.74e+00 T(U tot) 2.66e+01 nT (c+d) 6.85e+06 Prad/Gas 0.00e+00 Pmag/Gas 0.00e+00
 Molecules     CH/Ctot: 6.44e-06 CH+/Ctot 2.23e-08 CO/Ctot: 8.99e-01 CO+/Ctot 1.34e-09 H2O/Otot 3.28e-07 OH/Ototl 3.73e-04
 Lithium       7.47e-01 2.53e-01 3.19e-14 0.00e+00 Berylliu 9.95e-01 4.98e-03 1.41e-08 0.00e+00 0.00e+00 sec ion: 1.36e-12
 Boron         9.53e-01 4.73e-02 1.40e-11 0.00e+00 0.00e+00 0.00e+00
 Carbon        9.96e-02 1.32e-03 1.69e-11 0.00e+00 0.00e+00 0.00e+00 0.00e+00 H2O+/O   3.88e-07 OH+/Otot 5.37e-05 Hex(tot) 0.00e+00
 Nitrogen      2.93e-01 1.00e-05 1.76e-16 0.00e+00 0.00e+00 0.00e+00 0.00e+00 0.00e+00 O2/Ototl 6.00e-08 O2+/Otot 6.31e-07
 Oxygen        5.06e-01 1.14e-04 3.69e-15 0.00e+00 0.00e+00 0.00e+00 0.00e+00 0.00e+00 0.00e+00
 Fluorine      9.99e-01 5.76e-04 6.78e-10 0.00e+00 0.00e+00 0.00e+00 0.00e+00 0.00e+00 0.00e+00 0.00e+00
 Neon          1.00e+00 1.92e-04 1.33e-10 0.00e+00 0.00e+00 0.00e+00 0.00e+00 0.00e+00 0.00e+00 0.00e+00 0.00e+00
 Sodium        1.35e-01 8.65e-01 3.60e-07 0.00e+00 0.00e+00 0.00e+00 0.00e+00 0.00e+00 0.00e+00 0.00e+00 0.00e+00 0.00e+00
 Magnesium     3.69e-02 9.63e-01 1.45e-06 0.00e+00 0.00e+00 0.00e+00 0.00e+00 0.00e+00 0.00e+00 0.00e+00 0.00e+00 0.00e+00 0.00e+00
 Aluminium  0  7.47e-04 9.99e-01 3.25e-07 0.00e+00 0.00e+00 0.00e+00 0.00e+00 0.00e+00 0.00e+00 0.00e+00 0.00e+00 0.00e+00 0.00e+00
 Silicon    0  1.36e-01 8.64e-01 6.23e-09 0.00e+00 0.00e+00 0.00e+00 0.00e+00 0.00e+00 0.00e+00 0.00e+00 0.00e+00 0.00e+00 0.00e+00
 Phosphorus 0  3.45e-03 9.97e-01 2.54e-07 0.00e+00 0.00e+00 0.00e+00 0.00e+00 0.00e+00 0.00e+00 0.00e+00 0.00e+00 0.00e+00 0.00e+00
 Sulphur    0  5.66e-01 4.30e-01 9.72e-09 0.00e+00 0.00e+00 0.00e+00 0.00e+00 0.00e+00 0.00e+00 0.00e+00 0.00e+00 0.00e+00 0.00e+00
 Chlorine   0  5.13e-01 4.83e-01 4.33e-07 0.00e+00 0.00e+00 0.00e+00 0.00e+00 0.00e+00 0.00e+00 0.00e+00 0.00e+00 0.00e+00 0.00e+00
 Argon      0  1.00e+00 6.22e-06 2.29e-13 0.00e+00 0.00e+00 0.00e+00 0.00e+00 0.00e+00 0.00e+00 0.00e+00 0.00e+00 0.00e+00 0.00e+00
 Potassium  0  4.52e-01 5.48e-01 2.07e-07 0.00e+00 0.00e+00 0.00e+00 0.00e+00 0.00e+00 0.00e+00 0.00e+00 0.00e+00 0.00e+00 0.00e+00
 Calcium    0  9.69e-01 3.13e-02 5.21e-06 0.00e+00 0.00e+00 0.00e+00 0.00e+00 0.00e+00 0.00e+00 0.00e+00 0.00e+00 0.00e+00 0.00e+00
 Scandium   0  9.67e-01 3.25e-02 9.51e-06 0.00e+00 0.00e+00 0.00e+00 0.00e+00 0.00e+00 0.00e+00 0.00e+00 0.00e+00 0.00e+00 0.00e+00
 Titanium   0  3.78e-04 1.00e+00 4.77e-05 0.00e+00 0.00e+00 0.00e+00 0.00e+00 0.00e+00 0.00e+00 0.00e+00 0.00e+00 0.00e+00 0.00e+00
 Vanadium   0  9.92e-01 8.28e-03 5.37e-07 0.00e+00 0.00e+00 0.00e+00 0.00e+00 0.00e+00 0.00e+00 0.00e+00 0.00e+00 0.00e+00 0.00e+00
 Chromium   0  9.43e-01 5.72e-02 3.94e-09 0.00e+00 0.00e+00 0.00e+00 0.00e+00 0.00e+00 0.00e+00 0.00e+00 0.00e+00 0.00e+00 0.00e+00
 Manganese  0  3.98e-04 1.00e+00 2.97e-07 0.00e+00 0.00e+00 0.00e+00 0.00e+00 0.00e+00 0.00e+00 0.00e+00 0.00e+00 0.00e+00 0.00e+00
 Iron       0  2.24e-04 1.00e+00 4.44e-08 0.00e+00 0.00e+00 0.00e+00 0.00e+00 0.00e+00 0.00e+00 0.00e+00 0.00e+00 0.00e+00 0.00e+00
 Cobalt     0  9.96e-01 3.50e-03 1.41e-12 0.00e+00 0.00e+00 0.00e+00 0.00e+00 0.00e+00 0.00e+00 0.00e+00 0.00e+00 0.00e+00 0.00e+00
 Nickel     0  5.95e-04 9.99e-01 2.01e-10 0.00e+00 0.00e+00 0.00e+00 0.00e+00 0.00e+00 0.00e+00 0.00e+00 0.00e+00 0.00e+00 0.00e+00
 Copper     0  9.85e-01 1.51e-02 4.26e-09 0.00e+00 0.00e+00 0.00e+00 0.00e+00 0.00e+00 0.00e+00 0.00e+00 0.00e+00 0.00e+00 0.00e+00
 Zinc       0  9.97e-01 2.62e-03 6.54e-09 0.00e+00 0.00e+00 0.00e+00 0.00e+00 0.00e+00 0.00e+00 0.00e+00 0.00e+00 0.00e+00 0.00e+00
                                                                             
   Calculation stopped because lowest Te reached. Iteration 3 of 3
   The geometry is plane-parallel.
 C-Continuum zero at some energies.
  !Continuum fluorescent production of H-beta was very important.
  !The high electron density makes the Nussbaumer/Storey CNO recombination predictions unreliable.
  !H2 vib deexec heating reached 18.44% of the local heating.
  !Charge transfer ionization of H reached 18381.6% of the local H ionization rate.
  !The largest plasma frequency was 2.99e-06 Ryd = 3.05e+04 micron  The continuum is set to 0 below this.
  !AGE: Cloud age was not set.  Longest timescale was 4.09e+05 s = 4.74e+00 days.
  !The excitation temp of Lya exceeded the electron temp, largest value was 3.57e+03K (gas temp there was 3.18e+03K, zone   1)
  !Mutual neutralization production of H-alpha was significant.
  !The CMB was not included.  This is added with the CMB command.
  !The fraction of N  in N2 reached 70.6% at some point in the cloud.
  !The fraction of C  in CO reached 89.9% at some point in the cloud.
   Charge transfer heating reached 1.77% of the local heating.
   The density is too low to l-mix the lowest He I collapsed level.  More resolved levels are needed for accurate line ratios.
   Grains were not present but might survive in this environment (energy density temperature was 2.66e+01K)
   The fraction of S  in HS reached 0.402% at some point in the cloud.
   The fraction of Cl in HCl+ reached 0.398% at some point in the cloud.

                       *********************************> Cloudy 13.03 <**********************************
                       * c                                                                               *
                       * phi(h) 11.000000 LOG range -0.000232 6.866524                                   *
                       * grid from 8 to 23 in 1 dex steps                                                *
                       * HDEN=12.000000 LOG                                                              *
                       * grid from 0 to 12 in 1 dex steps                                                *
                       * set pres ionize 1e5                                                             *
                       * c                                                                               *
                       * c                                                                               *
                       * table star "inst_padova_agbtrack_z.mod" age 6.78                                *
                       * c                                                                               *
                       * c                                                                               *
                       * abundances GASS10                                                               *
                       * c                                                                               *
                       * c                                                                               *
                       * iterate to convergence max = 7                                                  *
                       * stop column density = 23                                                        *
                       * c                                                                               *
                       * c                                                                               *
                       * print last                                                                      *
                       * set save prefix "padova_inst_6"                                                 *
                       * save grid ".grd" last no hash                                                   *
                       * save linelist "emissionlines_abs.txt" "LineList_HII.dat" absolute last no hash    *
                       *********************************> Log(U):-11.48 <*********************************
                       >>>>>>>>>> Cautions are present.

                     Emission Line Spectrum.   Constant  Density Model.    Open geometry.  Iteration 3 of 3.
                                                     Intensity (erg/s/cm^2).


                                                   Intrinsic line intensities
 general properties..........      nInu 2.324m   0.1179263.1846      Ca A 919.4A  -5.146   0.0506      H  1 1.875m  -4.373   0.2995            
 TOTL  4861A  -3.850   1.0000      nFnu 1.643m  -4.349   0.3165      Ca A 918.1A  -5.181   0.0466      H  1 1.282m  -4.462   0.2444            
 TOTL  1216A  -1.845 101.0301      nInu 1.643m   0.51823311.639      Ca A 917.2A  -5.223   0.0423      H  1 1.094m  -4.757   0.1237            
 Inci     0    2.055802135.50      nFnu 1.480m  -3.850   1.0000      Ca A 916.4A  -5.271   0.0379      H  1 1.005m  -5.073   0.0598            
 TotH     0   -3.381   2.9402      nInu 1.480m   0.58227035.348      Ca A 915.8A  -5.324   0.0336      H  1  9546A  -5.338   0.0324            
 TotC     0   -3.382   2.9368      nFnu 1.436m  -3.715   1.3634      Ca A 915.3A  -5.382   0.0294      H  1  9229A  -5.551   0.0199            
 BFH1     0   -3.484   2.3207      nInu 1.436m   0.60728603.701      Ca A 914.9A  -5.443   0.0255      H  1  9015A  -5.753   0.0125            
 BFHe     0   -5.329   0.0332      nFnu 1.119m  -3.302   3.5253      Ca A 914.6A  -5.506   0.0220      H  1 4.051m  -4.864   0.0966            
 TotM     0   -5.472   0.0238      nInu 1.119m   0.77442033.332      Ca A 914.3A  -5.570   0.0190      H  1 2.625m  -5.140   0.0512            
 CT H     0   -5.688   0.0145      nFnu  8330A  -3.327   3.3271      Ca A 914.0A  -5.633   0.0165      H  1 2.166m  -5.449   0.0251            
 H FB     0   -5.037   0.0650      nInu  8330A   0.93160283.770      Ca A 913.8A  -5.694   0.0143      H  1 1.945m  -5.711   0.0137            
 HFBc     0   -5.037   0.0650      nFnu  8079A  -3.314   3.4333      Ca A 913.6A  -5.754   0.0125      H  1 1.817m  -5.922   0.0085            
 OH       0   -6.586   0.0018      nInu  8079A   0.95663970.820      Ca A 913.5A  -5.812   0.0109      H  1 1.736m  -6.123   0.0053            
 CO       0   -5.303   0.0352      nFnu  6210A  -3.668   1.5181      Ca A 913.3A  -5.868   0.0096      H  1 7.458m  -5.468   0.0241            
 continua....................      nInu  6210A   1.14398293.430      Ca A  6563A  -4.772   0.1196      H  1 4.653m  -5.752   0.0125            
 Bac   3646A  -3.539   2.0454      nFnu  4885A  -4.209   0.4368      Ca A  4861A  -5.186   0.0461      H  1 3.740m  -6.007   0.0070            
 nFnu  3645A  -3.529   2.0903      nInu  4885A   1.293138965.30      Ca A  4340A  -5.457   0.0247      H  1 3.296m  -6.214   0.0043            
 nFnu  3647A  -5.197   0.0449      nFnu  3704A  -5.138   0.0515      Ca A  4102A  -5.638   0.0163      H  1 3.038m  -6.413   0.0027            
 cout  3646A  -3.840   1.0227      nInu  3704A   1.394175175.22      Ca A  3970A  -5.766   0.0121      H  1 12.37m  -6.029   0.0066            
 cref  3646A  -3.840   1.0227      nFnu  3588A  -3.601   1.7727      Ca A  3889A  -5.861   0.0097      H  1 7.500m  -6.258   0.0039            
 thin  3646A  -3.539   2.0454      nInu  3588A   1.393174995.47      Ca A  3835A  -5.927   0.0084      H  1 5.907m  -6.458   0.0025            
 Inci  4860A   1.273132595.77      nFnu  2430A  -5.999   0.0071      Ca A  3798A  -5.972   0.0075      H  1 5.127m  -6.653   0.0016            
 Inci  1215A   1.881537974.19      nInu  2430A   1.666327695.69      Ca A  3771A  -6.006   0.0070      H  1 19.06m  -6.500   0.0022            
 Ba C     0   -4.638   0.1628      nFnu  2392A  -6.105   0.0056      Ca A  3750A  -6.043   0.0064      H  1 11.31m  -6.673   0.0015            
 PA C     0   -5.018   0.0679      nInu  2392A   1.671331284.31      Ca A  3734A  -6.085   0.0058      He-like iso-sequence........            
 FIR  83.00m  -0.4602453.2520      nFnu  2071A  -4.608   0.1743      Ca A  3722A  -6.133   0.0052      Hlin 506.0A  -6.729   0.0013            
 TIR   1800m  -2.763  12.2195      nInu  2071A   1.772418755.44      Ca A  3712A  -6.186   0.0046      He 1 584.3A  -4.342   0.3219            
 NIRa 2.850m   0.85350399.285      nFnu  2053A  -4.696   0.1424      Ca A  3704A  -6.245   0.0040      He 1 537.0A  -5.097   0.0566            
 NIRb 3.000m   0.56926214.527      nInu  2053A   1.768414504.22      Ca A  3697A  -6.306   0.0035      He 1 522.2A  -5.405   0.0278            
 MIRa 15.00m  -0.8151083.0741      nFnu  1793A  -5.981   0.0074      Ca A  3692A  -6.369   0.0030      He 1 515.6A  -5.689   0.0145            
 MIRb 22.50m  -0.6661525.7284      nInu  1793A   1.856507789.91      Ca A  3687A  -6.432   0.0026      He 1 512.1A  -5.938   0.0082            
 NMIR 21.75m   0.85350399.285      nFnu  1585A  -5.300   0.0354      Ca A  3683A  -6.495   0.0023      Pho+  3889A  -4.917   0.0857            
 TFIR 611.2m  -0.972 754.3854      nInu  1585A   1.849499503.62      Ca A  3679A  -6.556   0.0020      database lines..............            
 TALL 10000A   2.055802285.94      nFnu  1458A  -4.083   0.5845      Ca A  3676A  -6.616   0.0017      CO   64.10m  -6.848   0.0010            
 F12  12.00m  -1.363 306.5349      nInu  1458A   1.950630357.56      Ca A  3674A  -6.674   0.0015      CO   62.61m  -6.837   0.0010            
 F25  25.00m  -1.311 345.2888      nFnu  1357A  -5.017   0.0680      Ca A  3671A  -6.730   0.0013      CO   61.18m  -6.828   0.0011            
 F60  60.00m  -0.859 978.1433      nInu  1357A   2.013729255.06      Ca A 1.875m  -5.593   0.0181      CO   59.83m  -6.822   0.0011            
 F100 100.0m  -1.047 635.1531      nFnu  1297A  -5.620   0.0170      Ca A 1.282m  -5.886   0.0092      CO   58.53m  -6.818   0.0011            
 MIPS 24.00m  -1.626 167.4958      nInu  1297A   1.984681868.56      Ca A 1.094m  -6.099   0.0056      CO   57.29m  -6.816   0.0011            
 MIPS 70.00m  -1.217 429.4742      nFnu  1263A  -5.849   0.0100      Ca A 1.005m  -6.252   0.0040      CO   56.11m  -6.816   0.0011            
 MIPS 160.0m  -1.442 255.6863      nInu  1263A   2.011726141.75      Ca A  9546A  -6.360   0.0031      CO   54.97m  -6.818   0.0011            
 IRAC 3.600m  -0.964 768.4125      nFnu  1218A  -3.586   1.8337      Ca A  9229A  -6.435   0.0026      CO   53.88m  -6.823   0.0011            
 IRAC 4.500m  -1.254 394.4761      nInu  1218A   1.879535856.69      Ca A  9015A  -6.482   0.0023      CO   52.84m  -6.829   0.0010            
 IRAC 5.800m  -1.453 249.2148      nFnu  1196A  -3.733   1.3066      Ca A  8863A  -6.518   0.0021      CO   51.84m  -6.838   0.0010            
 IRAC 8.000m  -1.496 225.6750      nInu  1196A   1.943619901.81      Ca A  8750A  -6.556   0.0020      CO   50.87m  -6.848   0.0010            
 SPR1 250.0m  -1.864  96.7621      nFnu  1175A  -3.892   0.9065      Ca A  8665A  -6.598   0.0018      level 1 lines...............            
 SPR2 350.0m  -2.300  35.4562      nInu  1175A   1.823470359.03      Ca A  8598A  -6.647   0.0016      C  1  1656A  -5.942   0.0081            
 SPR3 500.0m  -2.688  14.5143      nFnu  1144A  -4.353   0.3138      Ca A  8545A  -6.700   0.0014      C  1  8727A  -6.725   0.0013            
 PAC1 70.00m  -1.154 495.6540      nInu  1144A   2.050793747.31      Ca A  8502A  -6.758   0.0012      N  1  1200A  -5.848   0.0100            
 PAC2 100.0m  -1.042 642.4697      nFnu  1113A  -4.746   0.1269      Ca A  8467A  -6.820   0.0011      O  1  6300A  -6.317   0.0034            
 PAC3 160.0m  -1.185 462.0827      nInu  1113A   2.036767750.31      Ca A 4.051m  -6.226   0.0042      O  1  6363A  -6.813   0.0011            
 PAH  3.300m  -1.747 126.5901      nFnu  1103A  -4.794   0.1136      Ca A 2.625m  -6.439   0.0026      Na 1  5892A  -4.706   0.1392            
 PAHC 3.230m  -2.009  69.3006      nInu  1103A   2.060812339.94      Ca A 2.166m  -6.603   0.0018      Mg 1  2853A  -6.248   0.0040            
 PAHC 3.370m  -2.085  58.1611      nFnu  1074A  -5.198   0.0448      Ca A 1.945m  -6.719   0.0013      TOTL  2798A  -4.924   0.0843            
 PAH  6.200m  -1.998  71.0482      nInu  1074A   2.051796022.06      Ca A 1.817m  -6.798   0.0011      Mg 2  2796A  -5.103   0.0558            
 PAHC 5.650m  -1.900  89.0317      nFnu  1064A  -5.360   0.0308      Ca A 1.736m  -6.848   0.0010      Mg 2  2803A  -5.394   0.0286            
 PAH  7.900m  -1.964  76.9088      nInu  1064A   2.032762162.19      Ca A 7.458m  -6.734   0.0013      Si 1  2518A  -6.626   0.0017            
 PAHC 6.900m  -1.824 106.0547      nFnu  1036A  -5.763   0.0122      Ca B  6563A  -4.487   0.2307      Si 2  1531A  -6.096   0.0057            
 PAH  11.30m  -2.578  18.6819      nInu  1036A   1.989689769.56      Ca B  4861A  -4.911   0.0868      Si 2  1308A  -6.175   0.0047            
 PAHC 10.90m  -2.568  19.1055      nFnu  1000A  -6.270   0.0038      Ca B  4340A  -5.197   0.0449      Si 2  1263A  -5.051   0.0629            
 PAH  11.80m  -2.350  31.5716      nInu  1000A   1.986684711.81      Ca B  4102A  -5.399   0.0282      S 1R  1807A  -6.230   0.0042            
 PAHC 12.65m  -2.366  30.4726      nFnu 925.1A  -5.142   0.0510      Ca B  3970A  -5.551   0.0199      K  1  7676A  -4.904   0.0883            
 PAH  13.30m  -2.321  33.7460      nInu 925.1A   1.745393044.88      Ca B  3889A  -5.669   0.0151      Ca 1  4228A  -4.872   0.0949            
 PAHC 14.10m  -2.337  32.5365      nFnu 897.8A  -2.411  27.4511      Ca B  3835A  -5.760   0.0123      Ca 2  3933A  -5.483   0.0232            
 Bcon  3640A   1.957640033.81      nInu 897.8A   0.89155059.957      Ca B  3798A  -5.830   0.0104      Ca 2  7306A  -6.343   0.0032            
 Pcon  5000A   1.156101214.31      nFnu 760.0A  -6.129   0.0052      Ca B  3771A  -5.891   0.0091      Ca2K  3934A  -5.669   0.0151            
 HFFc     0   -3.884   0.9235      nInu 760.0A   0.74839627.637      Ca B  3750A  -5.952   0.0079      Ca2H  3969A  -5.941   0.0081            
 H FF     0   -5.579   0.0187      nFnu 701.5A  -6.800   0.0011      Ca B  3734A  -6.015   0.0068      CaF1  7291A  -6.564   0.0019            
 MeFB     0   -5.449   0.0252      nInu 701.5A   0.59027528.812      Ca B  3722A  -6.080   0.0059      CaF2  7324A  -6.742   0.0013            
 MeFF     0   -6.000   0.0071      nInu 608.2A   0.40918143.066      Ca B  3712A  -6.147   0.0050      Fe2c     0   -5.207   0.0439            
 ToFF     0   -5.439   0.0257      nFnu 575.1A  -6.393   0.0029      Ca B  3704A  -6.216   0.0043      Fe 2  4300A  -5.992   0.0072            
 nInu 1.335c  -6.561   0.0019      nInu 575.1A   0.39017377.035      Ca B  3697A  -6.285   0.0037      Fe 2  2400A  -5.263   0.0386            
 nInu  9993m  -6.183   0.0046      nInu 511.9A   0.20811425.517      Ca B  3692A  -6.353   0.0031      Fe 2 25.98m  -6.650   0.0016            
 nInu  6917m  -5.708   0.0139      nInu 496.9A  -0.5012232.2854      Ca B  3687A  -6.421   0.0027      Fe 2 1.257m  -6.417   0.0027            
 nFnu 122.4m  -5.822   0.0107      nInu 399.2A  -0.6101735.0750      Ca B  3683A  -6.486   0.0023      Fe 2 17.93m  -6.423   0.0027            
 nInu 122.4m  -0.6311655.0493      RRC.........................      Ca B  3679A  -6.550   0.0020      Fe 2 1.644m  -6.490   0.0023            
 nFnu 60.83m  -5.444   0.0254      H  1 911.8A  -3.752   1.2525      Ca B  3676A  -6.611   0.0017      Fe 2  8617A  -6.681   0.0015            
 nInu 60.83m  -0.6781484.7054      H  1  3646A  -5.162   0.0487      Ca B  3674A  -6.670   0.0015      Fe2b 10000A  -5.658   0.0156            
 nFnu 41.22m  -5.232   0.0414      H  1  3646A  -4.755   0.1242      Ca B  3671A  -6.727   0.0013      Fe2b  8625A  -6.351   0.0032            
 nInu 41.22m  -0.7891148.3843      H  1  8204A  -5.939   0.0081      Ca B 1.875m  -5.432   0.0262      Fe2b 1.889m  -6.664   0.0015            
 nFnu 30.87m  -5.078   0.0591      H  1  8204A  -5.479   0.0235      Ca B 1.282m  -5.700   0.0141      Fe 2  1786A  -4.884   0.0924            
 nInu 30.87m  -0.887 917.8823      H  1  8204A  -5.481   0.0233      Ca B 1.094m  -5.905   0.0088      recombination...............            
 nFnu 24.78m  -4.962   0.0771      H  1 1.458m  -6.477   0.0024      Ca B 1.005m  -6.061   0.0062      level2 lines................            
 nInu 24.78m  -0.962 772.3652      H  1 1.458m  -6.008   0.0069      Ca B  9546A  -6.181   0.0047      C  1 943.9A  -6.169   0.0048            
 nFnu 24.30m  -4.952   0.0790      H  1 1.458m  -5.897   0.0090      Ca B  9229A  -6.274   0.0038      C  1  1248A  -6.119   0.0054            
 nInu 24.30m  -0.969 760.3409      H  1 1.458m  -6.124   0.0053      Ca B  9015A  -6.345   0.0032      C  1  1561A  -6.396   0.0028            
 nFnu 22.83m  -4.921   0.0848      H  1 2.279m  -6.407   0.0028      Ca B  8863A  -6.406   0.0028      C  1  1315A  -6.327   0.0033            
 nInu 22.83m  -0.989 725.3760      H  1 2.279m  -6.260   0.0039      Ca B  8750A  -6.466   0.0024      C  1  1166A  -6.525   0.0021            
 nFnu 21.42m  -4.888   0.0915      H  1 2.279m  -6.335   0.0033      Ca B  8665A  -6.529   0.0021      C  1  1233A  -6.538   0.0020            
 nInu 21.42m  -1.011 689.3082      H  1 2.279m  -6.723   0.0013      Ca B  8598A  -6.594   0.0018      C  1  1132A  -6.814   0.0011            
 nFnu 21.12m  -4.880   0.0932      H  1 3.281m  -6.721   0.0013      Ca B  8545A  -6.661   0.0015      C  1  1251A  -6.827   0.0011            
 nInu 21.12m  -1.016 681.2455      H  1 3.281m  -6.560   0.0019      Ca B  8502A  -6.729   0.0013      O  1 867.3A  -6.590   0.0018            
 nFnu 19.62m  -4.845   0.1011      H  1 3.281m  -6.576   0.0019      Ca B  8467A  -6.798   0.0011      O  1 787.5A  -6.820   0.0011            
 nInu 19.62m  -1.037 649.4119      H  1 3.281m  -6.786   0.0012      Ca B 4.051m  -6.073   0.0060      O  1 976.8A  -5.990   0.0072            
 nFnu 17.65m  -4.790   0.1148      H  1 4.466m  -6.810   0.0011      Ca B 2.625m  -6.267   0.0038      O  1 969.0A  -6.198   0.0045            
 nInu 17.65m  -1.055 623.1317      H  1 4.466m  -6.798   0.0011      Ca B 2.166m  -6.426   0.0027      O  1 946.4A  -6.554   0.0020            
 nFnu 17.37m  -4.782   0.1168      H  1 11.03m  -6.773   0.0012      Ca B 1.945m  -6.549   0.0020      Al 2  1671A  -5.873   0.0095            
 nInu 17.37m  -1.057 619.6329      H  1 56.97m  -6.578   0.0019      Ca B 1.817m  -6.642   0.0016      Si 1  1261A  -6.463   0.0024            
 nFnu 15.69m  -4.734   0.1306      Mg 1  1622A  -6.569   0.0019      Ca B 1.736m  -6.713   0.0014      Si 1  1853A  -6.531   0.0021            
 nInu 15.69m  -1.074 596.7956      Al 1  2071A  -5.916   0.0086      Ca B 1.681m  -6.774   0.0012      Si 1  1694A  -6.728   0.0013            
 nFnu 14.60m  -4.700   0.1412      Si 1  1521A  -4.970   0.0757      Ca B 1.641m  -6.835   0.0010      Si 2  1180A  -5.277   0.0374            
 nInu 14.60m  -1.085 581.3119      P  1  1182A  -5.935   0.0082      Ca B 7.458m  -6.576   0.0019      Si 2 993.4A  -6.120   0.0054            
 nFnu 12.43m  -4.622   0.1688      S  1  1197A  -5.236   0.0411      Ca B 4.653m  -6.718   0.0014      S  1  1356A  -6.476   0.0024            
 nInu 12.43m  -1.112 546.3883      Cl 1 956.0A  -6.050   0.0063      Ca B 3.740m  -6.838   0.0010      S  1  1227A  -6.653   0.0016            
 nFnu 11.40m  -4.584   0.1842      Fe 1  1569A  -5.856   0.0098      H  1  1216A  -1.845 101.0301      S  1  1662A  -6.737   0.0013            
 nInu 11.40m  -1.126 529.2219      grains......................      H  1  1026A  -2.305  35.0776      Ar 1  1096A  -6.637   0.0016            
 nFnu 10.46m  -4.546   0.2010      H-like iso-sequence.........      H  1 972.5A  -2.957   7.8049      Ti 2  3366A  -6.699   0.0014            
 nInu 10.46m  -1.140 512.5970      CION     0   -6.627   0.0017      H  1 949.7A  -3.105   5.5475      Cr 1  4271A  -6.677   0.0015            
 nFnu 9.480m  -4.505   0.2213      Ca B  1216A  -3.534   2.0686      H  1 937.8A  -3.446   2.5351      hyperfine structure.........            
 nInu 9.480m  -1.136 517.2248      Q(H)  4861A  -1.162 486.5448      H  1 930.8A  -3.760   1.2295      inner shell.................            
 nFnu 9.325m  -4.498   0.2244      Q(H)  1216A   0.21311556.427      H  1 926.2A  -4.014   0.6841      molecules...................            
 nInu 9.325m  -1.132 521.6871      CaBo  4861A  -5.032   0.0658      H  1 923.2A  -4.217   0.4295      H2dH     0   -6.771   0.0012            
 nFnu 8.210m  -4.446   0.2533      Ca A  1216A  -3.596   1.7916      H  1 921.0A  -4.410   0.2751      H2vH     0   -4.115   0.5423            
 nInu 8.210m  -1.087 579.4290      Ca A  1026A  -4.253   0.3954      H  1  6563A  -3.387   2.9015      H-FB     0   -3.848   1.0037            
 nFnu 7.580m  -4.416   0.2712      Ca A 972.5A  -4.575   0.1880      H  1  4861A  -3.850   1.0000      H-FF     0   -3.896   0.8977            
 nInu 7.580m  -1.046 635.8494      Ca A 949.7A  -4.751   0.1256      H  1  4340A  -3.925   0.8398      H-CT  6563A  -5.218   0.0428            
 nFnu 7.050m  -4.390   0.2883      Ca A 937.8A  -4.862   0.0972      H  1  4102A  -4.232   0.4148      H2+      0   -4.196   0.4507            
 nInu 7.050m  -1.004 700.9836      Ca A 930.8A  -4.947   0.0799      H  1  3970A  -4.553   0.1982      COdh     0   -6.531   0.0021            
 nFnu 4.114m  -4.244   0.4037      Ca A 926.2A  -5.019   0.0677      H  1  3889A  -4.820   0.1069            
 nInu 4.114m  -0.4822329.3438      Ca A 923.2A  -5.075   0.0595      H  1  3835A  -5.034   0.0653            
 nFnu 2.324m  -4.242   0.4047      Ca A 921.0A  -5.114   0.0544      H  1  3798A  -5.237   0.0410            

                                                    Emergent line intensities
 general properties..........      nInu 1.480m   0.58227035.348      Ca A  3835A  -5.927   0.0084      H  1  9015A  -5.753   0.0125            
 TOTL  4861A  -3.850   1.0000      nFnu 1.436m  -3.715   1.3634      Ca A  3798A  -5.972   0.0075      H  1 4.051m  -4.864   0.0966            
 TOTL  1216A  -1.845 101.0300      nInu 1.436m   0.60728603.701      Ca A  3771A  -6.006   0.0070      H  1 2.625m  -5.140   0.0512            
 continua....................      nFnu 1.119m  -3.302   3.5253      Ca A  3750A  -6.043   0.0064      H  1 2.166m  -5.449   0.0251            
 Bac   3646A  -3.539   2.0454      nInu 1.119m   0.77442033.332      Ca A  3734A  -6.085   0.0058      H  1 1.945m  -5.711   0.0137            
 nFnu  3645A  -3.529   2.0903      nFnu  8330A  -3.327   3.3271      Ca A  3722A  -6.133   0.0052      H  1 1.817m  -5.922   0.0085            
 nFnu  3647A  -5.197   0.0449      nInu  8330A   0.93160283.770      Ca A  3712A  -6.186   0.0046      H  1 1.736m  -6.123   0.0053            
 cout  3646A  -3.840   1.0227      nFnu  8079A  -3.314   3.4333      Ca A  3704A  -6.245   0.0040      H  1 7.458m  -5.468   0.0241            
 cref  3646A  -3.840   1.0227      nInu  8079A   0.95663970.820      Ca A  3697A  -6.306   0.0035      H  1 4.653m  -5.752   0.0125            
 thin  3646A  -3.539   2.0454      nFnu  6210A  -3.668   1.5181      Ca A  3692A  -6.369   0.0030      H  1 3.740m  -6.007   0.0070            
 Inci  4860A   1.273132595.77      nInu  6210A   1.14398293.430      Ca A  3687A  -6.432   0.0026      H  1 3.296m  -6.214   0.0043            
 Inci  1215A   1.881537974.19      nFnu  4885A  -4.209   0.4368      Ca A  3683A  -6.495   0.0023      H  1 3.038m  -6.413   0.0027            
 FIR  83.00m  -0.4602453.2520      nInu  4885A   1.293138965.30      Ca A  3679A  -6.556   0.0020      H  1 12.37m  -6.029   0.0066            
 TIR   1800m  -2.763  12.2195      nFnu  3704A  -5.138   0.0515      Ca A  3676A  -6.616   0.0017      H  1 7.500m  -6.258   0.0039            
 NIRa 2.850m   0.85350399.285      nInu  3704A   1.394175175.22      Ca A  3674A  -6.674   0.0015      H  1 5.907m  -6.458   0.0025            
 NIRb 3.000m   0.56926214.527      nFnu  3588A  -3.601   1.7727      Ca A  3671A  -6.730   0.0013      H  1 5.127m  -6.653   0.0016            
 MIRa 15.00m  -0.8151083.0741      nInu  3588A   1.393174995.47      Ca A 1.875m  -5.593   0.0181      H  1 19.06m  -6.500   0.0022            
 MIRb 22.50m  -0.6661525.7284      nFnu  2430A  -5.999   0.0071      Ca A 1.282m  -5.886   0.0092      H  1 11.31m  -6.673   0.0015            
 NMIR 21.75m   0.85350399.285      nInu  2430A   1.666327695.69      Ca A 1.094m  -6.099   0.0056      He-like iso-sequence........            
 TFIR 611.2m  -0.972 754.3854      nFnu  2392A  -6.105   0.0056      Ca A 1.005m  -6.252   0.0040      Hlin 506.0A  -6.729   0.0013            
 TALL 10000A   2.055802285.94      nInu  2392A   1.671331284.31      Ca A  9546A  -6.360   0.0031      He 1 584.3A  -4.343   0.3210            
 F12  12.00m  -1.363 306.5349      nFnu  2071A  -4.608   0.1743      Ca A  9229A  -6.435   0.0026      He 1 537.0A  -5.097   0.0565            
 F25  25.00m  -1.311 345.2888      nInu  2071A   1.772418755.44      Ca A  9015A  -6.482   0.0023      He 1 522.2A  -5.406   0.0278            
 F60  60.00m  -0.859 978.1433      nFnu  2053A  -4.696   0.1424      Ca A  8863A  -6.518   0.0021      He 1 515.6A  -5.689   0.0145            
 F100 100.0m  -1.047 635.1531      nInu  2053A   1.768414504.22      Ca A  8750A  -6.556   0.0020      He 1 512.1A  -5.939   0.0081            
 MIPS 24.00m  -1.626 167.4958      nFnu  1793A  -5.981   0.0074      Ca A  8665A  -6.598   0.0018      Pho+  3889A  -4.917   0.0857            
 MIPS 70.00m  -1.217 429.4742      nInu  1793A   1.856507789.91      Ca A  8598A  -6.647   0.0016      database lines..............            
 MIPS 160.0m  -1.442 255.6863      nFnu  1585A  -5.300   0.0354      Ca A  8545A  -6.700   0.0014      CO   64.10m  -6.848   0.0010            
 IRAC 3.600m  -0.964 768.4125      nInu  1585A   1.849499503.62      Ca A  8502A  -6.758   0.0012      CO   62.61m  -6.837   0.0010            
 IRAC 4.500m  -1.254 394.4761      nFnu  1458A  -4.083   0.5845      Ca A  8467A  -6.820   0.0011      CO   61.18m  -6.828   0.0011            
 IRAC 5.800m  -1.453 249.2148      nInu  1458A   1.950630357.56      Ca A 4.051m  -6.226   0.0042      CO   59.83m  -6.822   0.0011            
 IRAC 8.000m  -1.496 225.6750      nFnu  1357A  -5.017   0.0680      Ca A 2.625m  -6.439   0.0026      CO   58.53m  -6.818   0.0011            
 SPR1 250.0m  -1.864  96.7621      nInu  1357A   2.013729255.06      Ca A 2.166m  -6.603   0.0018      CO   57.29m  -6.816   0.0011            
 SPR2 350.0m  -2.300  35.4562      nFnu  1297A  -5.620   0.0170      Ca A 1.945m  -6.719   0.0013      CO   56.11m  -6.816   0.0011            
 SPR3 500.0m  -2.688  14.5143      nInu  1297A   1.984681868.56      Ca A 1.817m  -6.798   0.0011      CO   54.97m  -6.818   0.0011            
 PAC1 70.00m  -1.154 495.6540      nFnu  1263A  -5.849   0.0100      Ca A 1.736m  -6.848   0.0010      CO   53.88m  -6.823   0.0011            
 PAC2 100.0m  -1.042 642.4697      nInu  1263A   2.011726141.75      Ca A 7.458m  -6.734   0.0013      CO   52.84m  -6.829   0.0010            
 PAC3 160.0m  -1.185 462.0827      nFnu  1218A  -3.586   1.8337      Ca B  6563A  -4.487   0.2307      CO   51.84m  -6.838   0.0010            
 PAH  3.300m  -1.747 126.5901      nInu  1218A   1.879535856.69      Ca B  4861A  -4.911   0.0868      CO   50.87m  -6.848   0.0010            
 PAHC 3.230m  -2.009  69.3006      nFnu  1196A  -3.733   1.3066      Ca B  4340A  -5.197   0.0449      level 1 lines...............            
 PAHC 3.370m  -2.085  58.1611      nInu  1196A   1.943619901.81      Ca B  4102A  -5.399   0.0282      C  1  1656A  -5.942   0.0081            
 PAH  6.200m  -1.998  71.0482      nFnu  1175A  -3.892   0.9065      Ca B  3970A  -5.551   0.0199      C  1  8727A  -6.725   0.0013            
 PAHC 5.650m  -1.900  89.0317      nInu  1175A   1.823470359.03      Ca B  3889A  -5.669   0.0151      N  1  1200A  -5.848   0.0100            
 PAH  7.900m  -1.964  76.9088      nFnu  1144A  -4.353   0.3138      Ca B  3835A  -5.760   0.0123      O  1  6300A  -6.317   0.0034            
 PAHC 6.900m  -1.824 106.0547      nInu  1144A   2.050793747.31      Ca B  3798A  -5.830   0.0104      O  1  6363A  -6.813   0.0011            
 PAH  11.30m  -2.578  18.6819      nFnu  1113A  -4.746   0.1269      Ca B  3771A  -5.891   0.0091      Na 1  5892A  -4.706   0.1392            
 PAHC 10.90m  -2.568  19.1055      nInu  1113A   2.036767750.31      Ca B  3750A  -5.952   0.0079      Mg 1  2853A  -6.248   0.0040            
 PAH  11.80m  -2.350  31.5716      nFnu  1103A  -4.794   0.1136      Ca B  3734A  -6.015   0.0068      TOTL  2798A  -4.924   0.0843            
 PAHC 12.65m  -2.366  30.4726      nInu  1103A   2.060812339.94      Ca B  3722A  -6.080   0.0059      Mg 2  2796A  -5.103   0.0558            
 PAH  13.30m  -2.321  33.7460      nFnu  1074A  -5.198   0.0448      Ca B  3712A  -6.147   0.0050      Mg 2  2803A  -5.394   0.0286            
 PAHC 14.10m  -2.337  32.5365      nInu  1074A   2.051796022.06      Ca B  3704A  -6.216   0.0043      Si 1  2518A  -6.626   0.0017            
 Bcon  3640A   1.957640033.81      nFnu  1064A  -5.360   0.0308      Ca B  3697A  -6.285   0.0037      Si 2  1531A  -6.096   0.0057            
 Pcon  5000A   1.156101214.31      nInu  1064A   2.032762162.19      Ca B  3692A  -6.353   0.0031      Si 2  1308A  -6.175   0.0047            
 nInu 1.335c  -6.561   0.0019      nFnu  1036A  -5.763   0.0122      Ca B  3687A  -6.421   0.0027      Si 2  1263A  -5.051   0.0629            
 nInu  9993m  -6.183   0.0046      nInu  1036A   1.989689769.56      Ca B  3683A  -6.486   0.0023      S 1R  1807A  -6.230   0.0042            
 nInu  6917m  -5.708   0.0139      nFnu  1000A  -6.270   0.0038      Ca B  3679A  -6.550   0.0020      K  1  7676A  -4.904   0.0883            
 nFnu 122.4m  -5.822   0.0107      nInu  1000A   1.986684711.81      Ca B  3676A  -6.611   0.0017      Ca 1  4228A  -4.872   0.0949            
 nInu 122.4m  -0.6311655.0493      nFnu 925.1A  -5.142   0.0510      Ca B  3674A  -6.670   0.0015      Ca 2  3933A  -5.483   0.0232            
 nFnu 60.83m  -5.444   0.0254      nInu 925.1A   1.745393044.88      Ca B  3671A  -6.727   0.0013      Ca 2  7306A  -6.343   0.0032            
 nInu 60.83m  -0.6781484.7054      nFnu 897.8A  -2.411  27.4511      Ca B 1.875m  -5.432   0.0262      Ca2K  3934A  -5.669   0.0151            
 nFnu 41.22m  -5.232   0.0414      nInu 897.8A   0.89155059.957      Ca B 1.282m  -5.700   0.0141      Ca2H  3969A  -5.941   0.0081            
 nInu 41.22m  -0.7891148.3843      nFnu 760.0A  -6.129   0.0052      Ca B 1.094m  -5.905   0.0088      CaF1  7291A  -6.564   0.0019            
 nFnu 30.87m  -5.078   0.0591      nInu 760.0A   0.74839627.637      Ca B 1.005m  -6.061   0.0062      CaF2  7324A  -6.742   0.0013            
 nInu 30.87m  -0.887 917.8823      nFnu 701.5A  -6.800   0.0011      Ca B  9546A  -6.181   0.0047      Fe 2  4300A  -5.992   0.0072            
 nFnu 24.78m  -4.962   0.0771      nInu 701.5A   0.59027528.812      Ca B  9229A  -6.274   0.0038      Fe 2  2400A  -5.263   0.0386            
 nInu 24.78m  -0.962 772.3652      nInu 608.2A   0.40918143.066      Ca B  9015A  -6.345   0.0032      Fe 2 25.98m  -6.650   0.0016            
 nFnu 24.30m  -4.952   0.0790      nFnu 575.1A  -6.393   0.0029      Ca B  8863A  -6.406   0.0028      Fe 2 1.257m  -6.417   0.0027            
 nInu 24.30m  -0.969 760.3409      nInu 575.1A   0.39017377.035      Ca B  8750A  -6.466   0.0024      Fe 2 17.93m  -6.423   0.0027            
 nFnu 22.83m  -4.921   0.0848      nInu 511.9A   0.20811425.517      Ca B  8665A  -6.529   0.0021      Fe 2 1.644m  -6.490   0.0023            
 nInu 22.83m  -0.989 725.3760      nInu 496.9A  -0.5012232.2854      Ca B  8598A  -6.594   0.0018      Fe 2  8617A  -6.681   0.0015            
 nFnu 21.42m  -4.888   0.0915      nInu 399.2A  -0.6101735.0750      Ca B  8545A  -6.661   0.0015      Fe2b 10000A  -5.658   0.0156            
 nInu 21.42m  -1.011 689.3082      RRC.........................      Ca B  8502A  -6.729   0.0013      Fe2b  8625A  -6.351   0.0032            
 nFnu 21.12m  -4.880   0.0932      grains......................      Ca B  8467A  -6.798   0.0011      Fe2b 1.889m  -6.664   0.0015            
 nInu 21.12m  -1.016 681.2455      H-like iso-sequence.........      Ca B 4.051m  -6.073   0.0060      Fe 2  1786A  -4.884   0.0924            
 nFnu 19.62m  -4.845   0.1011      Ca B  1216A  -3.534   2.0686      Ca B 2.625m  -6.267   0.0038      recombination...............            
 nInu 19.62m  -1.037 649.4119      Q(H)  4861A  -1.162 486.5448      Ca B 2.166m  -6.426   0.0027      level2 lines................            
 nFnu 17.65m  -4.790   0.1148      Q(H)  1216A   0.21311556.427      Ca B 1.945m  -6.549   0.0020      C  1 943.9A  -6.169   0.0048            
 nInu 17.65m  -1.055 623.1317      CaBo  4861A  -5.055   0.0623      Ca B 1.817m  -6.642   0.0016      C  1  1248A  -6.119   0.0054            
 nFnu 17.37m  -4.782   0.1168      Ca A  1216A  -3.596   1.7916      Ca B 1.736m  -6.713   0.0014      C  1  1561A  -6.396   0.0028            
 nInu 17.37m  -1.057 619.6329      Ca A  1026A  -4.253   0.3954      Ca B 1.681m  -6.774   0.0012      C  1  1315A  -6.327   0.0033            
 nFnu 15.69m  -4.734   0.1306      Ca A 972.5A  -4.575   0.1880      Ca B 1.641m  -6.835   0.0010      C  1  1166A  -6.525   0.0021            
 nInu 15.69m  -1.074 596.7956      Ca A 949.7A  -4.751   0.1256      Ca B 7.458m  -6.576   0.0019      C  1  1233A  -6.538   0.0020            
 nFnu 14.60m  -4.700   0.1412      Ca A 937.8A  -4.862   0.0972      Ca B 4.653m  -6.718   0.0014      C  1  1132A  -6.814   0.0011            
 nInu 14.60m  -1.085 581.3119      Ca A 930.8A  -4.947   0.0799      Ca B 3.740m  -6.838   0.0010      C  1  1251A  -6.827   0.0011            
 nFnu 12.43m  -4.622   0.1688      Ca A 926.2A  -5.019   0.0677      H  1  1216A  -1.845 101.0300      O  1 867.3A  -6.592   0.0018            
 nInu 12.43m  -1.112 546.3883      Ca A 923.2A  -5.075   0.0595      H  1  1026A  -2.305  35.0770      O  1 787.5A  -6.822   0.0011            
 nFnu 11.40m  -4.584   0.1842      Ca A 921.0A  -5.114   0.0544      H  1 972.5A  -2.957   7.8048      O  1 976.8A  -5.990   0.0072            
 nInu 11.40m  -1.126 529.2219      Ca A 919.4A  -5.146   0.0506      H  1 949.7A  -3.105   5.5474      O  1 969.0A  -6.198   0.0045            
 nFnu 10.46m  -4.546   0.2010      Ca A 918.1A  -5.181   0.0466      H  1 937.8A  -3.446   2.5351      O  1 946.4A  -6.554   0.0020            
 nInu 10.46m  -1.140 512.5970      Ca A 917.2A  -5.223   0.0423      H  1 930.8A  -3.760   1.2295      Al 2  1671A  -5.873   0.0095            
 nFnu 9.480m  -4.505   0.2213      Ca A 916.4A  -5.271   0.0379      H  1 926.2A  -4.014   0.6841      Si 1  1261A  -6.463   0.0024            
 nInu 9.480m  -1.136 517.2248      Ca A 915.8A  -5.324   0.0335      H  1 923.2A  -4.217   0.4295      Si 1  1853A  -6.531   0.0021            
 nFnu 9.325m  -4.498   0.2244      Ca A 915.3A  -5.382   0.0294      H  1 921.0A  -4.410   0.2751      Si 1  1694A  -6.728   0.0013            
 nInu 9.325m  -1.132 521.6871      Ca A 914.9A  -5.443   0.0255      H  1  6563A  -3.387   2.9015      Si 2  1180A  -5.277   0.0374            
 nFnu 8.210m  -4.446   0.2533      Ca A 914.6A  -5.506   0.0220      H  1  4861A  -3.850   1.0000      Si 2 993.4A  -6.120   0.0054            
 nInu 8.210m  -1.087 579.4290      Ca A 914.3A  -5.570   0.0190      H  1  4340A  -3.925   0.8398      S  1  1356A  -6.476   0.0024            
 nFnu 7.580m  -4.416   0.2712      Ca A 914.0A  -5.633   0.0165      H  1  4102A  -4.232   0.4148      S  1  1227A  -6.653   0.0016            
 nInu 7.580m  -1.046 635.8494      Ca A 913.8A  -5.694   0.0143      H  1  3970A  -4.553   0.1982      S  1  1662A  -6.737   0.0013            
 nFnu 7.050m  -4.390   0.2883      Ca A 913.6A  -5.754   0.0125      H  1  3889A  -4.820   0.1069      Ar 1  1096A  -6.637   0.0016            
 nInu 7.050m  -1.004 700.9836      Ca A 913.5A  -5.812   0.0109      H  1  3835A  -5.034   0.0653      Ti 2  3366A  -6.699   0.0014            
 nFnu 4.114m  -4.244   0.4037      Ca A 913.3A  -5.868   0.0096      H  1  3798A  -5.237   0.0410      Cr 1  4271A  -6.677   0.0015            
 nInu 4.114m  -0.4822329.3438      Ca A  6563A  -4.772   0.1196      H  1 1.875m  -4.373   0.2995      hyperfine structure.........            
 nFnu 2.324m  -4.242   0.4047      Ca A  4861A  -5.186   0.0461      H  1 1.282m  -4.462   0.2444      inner shell.................            
 nInu 2.324m   0.1179263.1846      Ca A  4340A  -5.457   0.0247      H  1 1.094m  -4.757   0.1237      molecules...................            
 nFnu 1.643m  -4.349   0.3165      Ca A  4102A  -5.638   0.0163      H  1 1.005m  -5.073   0.0598      H-CT  6563A  -5.218   0.0428            
 nInu 1.643m   0.51823311.639      Ca A  3970A  -5.766   0.0121      H  1  9546A  -5.338   0.0324            
 nFnu 1.480m  -3.850   1.0000      Ca A  3889A  -5.861   0.0097      H  1  9229A  -5.551   0.0199            



                                                                           
 Cooling:  HFFc     0 :0.314 H-FB     0 :0.342 H2+      0 :0.153  
 Heating:  BFH1     0 :0.789 H2vH     0 :0.184  

 These are some of the most important databases used by Cloudy:
 Many recombination coefficients were taken from http://amdpp.phys.strath.ac.uk/tamoc/RR/ and http://amdpp.phys.strath.ac.uk/tamoc/DR/
      and are based on the following papers:
        Badnell N. R., et al., A&A 406, 1151 (2003) [http://adsabs.harvard.edu/abs/2003A%26A...406.1151B]
        Badnell N. R., ApJS 167, 334 (2006) [http://adsabs.harvard.edu/abs/2006ApJS..167..334B]
 Much of the molecular emission data is from LAMDA as accessed on Dec. 18, 2010. This database is described in:
        Schoeier F.L., et al., A&A 432, 369 (2005) [http://adsabs.harvard.edu/abs/2005A%26A...432..369S]
      This database is in part based on the work of the following groups:
        JPL: Pickett H. M. et al., JQSRT, 60, 883 (1998). [http://adsabs.harvard.edu/abs/1998JQSRT..60..883P]
        CDMS: Mueller H. S. et al., A&A 370, L49 (2001). [http://adsabs.harvard.edu/abs/2001A%26A...370L..49M]
              Mueller H. S. et al., J. Mol. Struct. 742, 215 (2005). [http://adsabs.harvard.edu/abs/2005JMoSt.742..215M]
 Much of the ionic emission data is from version 7.0 of CHIANTI. CHIANTI is a collaborative project involving the NRL (USA), the
      Universities of Florence (Italy) and Cambridge (UK), and George Mason University (USA). These papers describe Chianti:
        Dere K. P., et al., A&AS, 125, 149 (1997) [http://adsabs.harvard.edu/abs/1997A%26AS..125..149D]
        Landi E., et al., ApJ, 744, 99 (2012) [http://adsabs.harvard.edu/abs/2012ApJ...744...99L]
 Much of the H_2 data is from this web site: http://molat.obspm.fr/index.php?page=pages/Molecules/H2/H2can94.php. These data are
      described in:
        Abgrall H. et al., Can. J. Phys., 72, 856 (1994) [http://adsabs.harvard.edu/abs/1994CaJPh..72..856A]
        Wrathmall S. A. & Flower D. R., J. Phys. B, 40, 3221 (2007) [http://adsabs.harvard.edu/abs/2007JPhB...40.3221W]
 Please cite those papers that played a significant role in this calculation.

 IONIZE PARMET:  U(1-)-11.4768  U(4-):-14.0066  U(sp):-11.48  Q(ion):   11.000  L(ion)  0.446    Q(low): 13.564    L(low)  2.044
 ENERGY BUDGET:  Heat:  -3.381  Coolg:  -3.382  Error:  0.1%  Rec Lin:  -3.794  F-F  H  0.000    P(rad/tot)max     0.00E+00

     Col(Heff):      0.000E+00  snd travl time  5.17E-04 sec  Te-low: 3.18E+03  Te-hi: 3.18E+03  G0TH85: 4.26E+04  G0DB96:4.44E+04
  Emiss Measure    n(e)n(p) dl       2.798E+19  n(e)n(He+)dl         3.123E+14  En(e)n(He++) dl         7.192E+06  ne nC+:3.40E+16
 He/Ha:5.37E-05  =   0.00*true  Lthin:1.66E+02  itr/zn:184.00  H2 itr/zn:  0.00  File Opacity: F  MassTot 5.39e-10  (gm/cm^2)
   Temps(21 cm)   T(21cm/Ly a)  3.02E+03        T(<nH/Tkin>)  3.18E+03          T(<nH/Tspin>)    3.19E+03          TB21cm:0.00E+00
                   N(H0/Tspin)  7.43E+10        N(OH/Tkin)    1.36E+04          B(21cm)          0.00E+00
   <a>:1.56E-03  erdeFe0.0E+00  Tcompt1.01E+02  Tthr4.09E+05  <Tden>: 3.18E+03  <dens>:2.27E-12  <MolWgt>1.26E+00
     Mean Jeans  l(cm)2.09E+15  M(sun)5.45E+00  smallest:     len(cm):2.09E+15  M(sun):5.45E+00  a_ox tran:  0.00
 Rion:1.000E+30  Dist:0.00E+00  Diam:0.000E+00
 Hatom level 70  HatomType: add  HInducImp  F  He tot level: 63  He2 level:   70  ExecTime   109.5
 ConvrgError(%)  <eden>  0.290  MaxEden  0.290  <H-C>   0.12  Max(H-C)    0.12  <Press>   0.000  MaxPrs er  0.000
  Continuity(%)  chng Te   0.0  elec den   0.0  n(H2)    0.0  n(CO)        0.0

                                                        Averaged Quantities
             Te      Te(Ne)   Te(NeNp)  Te(NeHe+)Te(NeHe2+) Te(NeO+)  Te(NeO2+)  Te(H2)     N(H)     Ne(O2+)   Ne(Np)
 Radius:  3.18e+03  3.18e+03  3.18e+03  3.18e+03  3.18e+03  3.18e+03  3.18e+03  3.18e+03  1.00e+12  4.03e+08  4.03e+08

 Contin Optical Depths: COMP: 6.35e-14    H-: 5.38e-12 R(1300): 1.59e-09  H2+: 1.18e-13  Pfa:8.55E-14
                          Pa: 6.91e-14    Ba: 5.02e-12      Hb: 4.12e-12   La: 3.46e-06     1r:1.500E-03  1.8:4.47E-04 4.:6.502E-05

 Old, new H  1 continuum optical depths:
     1 1.50e-03     2 2.76e-12     3 5.43e-12     4 5.43e-12     5 5.43e-12     6 1.35e-12     7 1.35e-12     8 1.35e-12
     9 1.35e-12    10 7.00e-15    11 7.00e-15    12 7.00e-15    13 7.00e-15    14 7.00e-15    15 1.48e-14    16 1.48e-14
    17 1.48e-14    18 1.48e-14    19 1.48e-14    20 1.48e-14    21 2.71e-14    22 2.71e-14    23 2.71e-14    24 2.71e-14
    25 2.71e-14    26 2.71e-14    27 2.71e-14    28 4.46e-14    29 4.46e-14    30 4.46e-14    31 4.46e-14    32 4.46e-14
    33 4.46e-14    34 4.46e-14    35 4.46e-14    36 6.88e-14    37 6.88e-14    38 6.88e-14    39 6.88e-14    40 6.88e-14
    41 6.88e-14    42 6.88e-14    43 6.88e-14    44 6.88e-14    45 1.00e-13    46 1.00e-13    47 1.00e-13    48 1.00e-13
    49 1.00e-13    50 1.00e-13    51 1.00e-13    52 1.00e-13    53 1.00e-13    54 1.00e-13
     1 1.50e-03     2 2.75e-12     3 5.40e-12     4 5.40e-12     5 5.40e-12     6 1.34e-12     7 1.34e-12     8 1.34e-12
     9 1.34e-12    10 6.95e-15    11 6.95e-15    12 6.95e-15    13 6.95e-15    14 6.95e-15    15 1.47e-14    16 1.47e-14
    17 1.47e-14    18 1.47e-14    19 1.47e-14    20 1.47e-14    21 2.69e-14    22 2.69e-14    23 2.69e-14    24 2.69e-14
    25 2.69e-14    26 2.69e-14    27 2.69e-14    28 4.43e-14    29 4.43e-14    30 4.43e-14    31 4.43e-14    32 4.43e-14
    33 4.43e-14    34 4.43e-14    35 4.43e-14    36 6.83e-14    37 6.83e-14    38 6.83e-14    39 6.83e-14    40 6.83e-14
    41 6.83e-14    42 6.83e-14    43 6.83e-14    44 6.83e-14    45 9.96e-14    46 9.96e-14    47 9.96e-14    48 9.96e-14
    49 9.96e-14    50 9.96e-14    51 9.96e-14    52 9.96e-14    53 9.96e-14    54 9.96e-14

 Old, new H  1 mean line optical depths:
  2- 1 4.39e+01  3- 2 4.67e-11  4- 3 1.09e-11  5- 4 1.95e-12  6- 5 5.74e-11  7- 6 1.99e-10  8- 7 2.86e-10
  9- 8 3.27e-10 10- 9 5.87e-10
  2- 1 4.39e+01  3- 2 4.55e-11  4- 3 1.09e-11  5- 4 1.87e-12  6- 5 5.75e-11  7- 6 1.99e-10  8- 7 2.85e-10
  9- 8 3.27e-10 10- 9 5.88e-10

 Old, new He 2 continuum optical depths:
     1 6.50e-05     2 1.48e-03     3 2.85e-11     4 2.85e-11     5 2.85e-11     6 2.76e-12     7 2.76e-12     8 2.76e-12
     9 2.76e-12    10 4.41e-12    11 4.41e-12    12 4.41e-12    13 4.41e-12    14 4.41e-12    15 5.43e-12    16 5.43e-12
    17 5.43e-12    18 5.43e-12    19 5.43e-12    20 5.43e-12    21 4.59e-12    22 4.59e-12    23 4.59e-12    24 4.59e-12
    25 4.59e-12    26 4.59e-12    27 4.59e-12    28 1.35e-12    29 1.35e-12    30 1.35e-12    31 1.35e-12    32 1.35e-12
    33 1.35e-12    34 1.35e-12    35 1.35e-12    36 4.30e-15    37 4.30e-15    38 4.30e-15    39 4.30e-15    40 4.30e-15
    41 4.30e-15    42 4.30e-15    43 4.30e-15    44 4.30e-15    45 7.00e-15    46 7.00e-15    47 7.00e-15    48 7.00e-15
    49 7.00e-15    50 7.00e-15    51 7.00e-15    52 7.00e-15    53 7.00e-15    54 7.00e-15
     1 6.50e-05     2 1.48e-03     3 2.84e-11     4 2.84e-11     5 2.84e-11     6 2.75e-12     7 2.75e-12     8 2.75e-12
     9 2.75e-12    10 4.38e-12    11 4.38e-12    12 4.38e-12    13 4.38e-12    14 4.38e-12    15 5.40e-12    16 5.40e-12
    17 5.40e-12    18 5.40e-12    19 5.40e-12    20 5.40e-12    21 4.56e-12    22 4.56e-12    23 4.56e-12    24 4.56e-12
    25 4.56e-12    26 4.56e-12    27 4.56e-12    28 1.34e-12    29 1.34e-12    30 1.34e-12    31 1.34e-12    32 1.34e-12
    33 1.34e-12    34 1.34e-12    35 1.34e-12    36 4.27e-15    37 4.27e-15    38 4.27e-15    39 4.27e-15    40 4.27e-15
    41 4.27e-15    42 4.27e-15    43 4.27e-15    44 4.27e-15    45 6.95e-15    46 6.95e-15    47 6.95e-15    48 6.95e-15
    49 6.95e-15    50 6.95e-15    51 6.95e-15    52 6.95e-15    53 6.95e-15    54 6.95e-15

 Old, new He 2 mean line optical depths:
  2- 1 7.10e-08  3- 2 1.06e-20  4- 3 4.43e-21  5- 4 4.43e-21  6- 5 4.43e-21  7- 6 4.43e-21  8- 7 4.44e-21
  9- 8 4.44e-21 10- 9 4.43e-21
  2- 1 7.10e-08  3- 2 6.34e-21  4- 3 2.22e-21  5- 4 2.22e-21  6- 5 2.22e-21  7- 6 2.22e-21  8- 7 2.22e-21
  9- 8 2.22e-21 10- 9 2.22e-21

 Old He Is optical depths:    1 4.47e-04    2 3.07e-12    3 2.29e-12    4 2.57e-12    5 2.57e-12
 New He Is optical depths:    1 4.47e-04    2 3.06e-12    3 2.27e-12    4 2.55e-12    5 2.55e-12
          Old He Is Lines:  584 2.37e+00 3889 7.75e-10 5016 4.20e-11 5876 7.61e-15
          New He Is Lines:  584 2.37e+00 3889 7.78e-10 5016 4.22e-11 5876 7.61e-15

==== H      compounds ====           Log10 column densities [cm^-2}
   H2        : 10.866   H2*       :  7.511   H2+       :  4.227   H3+       :  3.728
==== He     compounds ====
   HeH+      :  2.722
==== Li     compounds ====
   LiH       : -3.573   LiH+      : -5.654
==== C      compounds ====
   CH        :  5.614   CH+       :  3.154   CH2       :  2.799   CH2+      :  1.051   CH3       : -0.701   CH3+      : -1.237   CH4       : -3.267   CH4+      : -5.356
   CH5+      : -9.534   C2        :  2.928   C2+       :  1.381   C2H       :  0.528   C2H+      : -0.830   C2H2      : -5.537   C2H2+     : -3.103   C2H3+     : -8.420
   C3        : -4.369   C3+       : -3.826   C3H       : -7.758   C3H+      : -5.472
==== N      compounds ====
   NH        :  7.092   NH+       :  6.081   NH2       :  4.376   NH2+      :  4.126   NH3       :  2.458   NH3+      :  1.500   NH4+      : -3.974   CN        :  6.570
   CN+       :  1.016   HCN       :  5.538   HCN+      :  4.100   HNC       : -0.776   HCNH+     :  1.898   HC3N      :-35.930   N2        :  9.753   N2+       :  2.534
   N2H+      :  1.280
==== O      compounds ====
   OH        :  7.637   OH+       :  6.795   H2O       :  4.581   H2O+      :  4.655   H3O+      :  2.220   CO        : 10.759   CO+       :  1.933   HCO+      :  4.962
   H2CO      :-35.930   CH3OH     :-35.930   ^13CO     :  9.282   NO        :  5.655   NO+       :  3.842   HNO       :  1.800   HNO+      :  1.051   OCN       :  4.614
   OCN+      :  3.627   N2O       :  2.348   O2        :  3.844   O2+       :  4.866   NO2       :  2.996   NO2+      : -1.481
==== Ne     compounds ====
   NeH+      :  1.650
==== Si     compounds ====
   SiH       :  0.539   SiH2+     : -1.002   SiC2      :-35.930   SiN       : -1.915   SiN+      :  4.142   SiO       :  5.117   SiO+      :  4.556   SiOH+     :  2.011
==== S      compounds ====
   HS        :  7.099   HS+       :  4.773   CS        :  3.768   CS+       :  2.819   HCS+      :  1.429   NS        :  4.134   NS+       :  3.450   SO        :  5.898
   SO+       :  4.569   OCS       :  2.180   OCS+      :  0.400   SO2       :-35.930   S2        :  1.003   S2+       : -0.446
==== Cl     compounds ====
   HCl       :  3.089   HCl+      :  5.476   H2Cl+     :  3.509   CCl       : -7.813   CCl+      : -1.888   H2CCl+    :-10.979   ClO       : -9.458   ClO+      :-14.300
==== Ar     compounds ====
   ArH+      :  4.950
==== Ti     compounds ====
   TiH       :-35.930   TiH+      :-35.930   TiH2      :-35.930   TiH2+     :-35.930   TiC       :-35.930   TiC+      :-35.930   HCTi      :-35.930   HCTi+     :-35.930
   TiC2      :-35.930   TiC2+     :-35.930   TiN       :-35.930   TiN+      :-35.930   HNTi      :-35.930   HNTi+     :-35.930   TiNC      :-35.930   TiNC+     :-35.930
   TiO       :-35.930   TiO+      :-35.930   TiOH+     :-35.930   TiO2      :-35.930   TiF+      :-35.930   TiS       :-35.930   TiS+      :-35.930   HTiS      :-35.930


               1      2      3      4      5      6      7      8      9     10     11     12     13     14     15     16     17

 Hydrogen   14.375 10.842 10.866 (H2)                Log10 Column density (cm^-2)
 Helium     13.305  5.890 -1.748
 Lithium     3.298  2.828-10.072-30.000
 Beryllium   3.753  1.453 -4.095-30.000-30.000
 Boron       5.054  3.750 -5.778-30.000-30.000-30.000
 Carbon      9.804  7.926  0.033-30.000-30.000-30.000-30.000
 Nitrogen    9.672  5.206 -5.549-30.000-30.000-30.000-30.000-30.000
 Oxygen     10.770  7.122 -3.367-30.000-30.000-30.000-30.000-30.000-30.000
 Fluorine    6.935  3.696 -2.234-30.000-30.000-30.000-30.000-30.000-30.000-30.000
 Neon       10.305  6.589  0.430-30.000-30.000-30.000-30.000-30.000-30.000-30.000-30.000
 Sodium      7.745  8.553  2.172-30.000-30.000-30.000-30.000-30.000-30.000-30.000-30.000-30.000
 Magnesium   8.542  9.959  4.135-30.000-30.000-30.000-30.000-30.000-30.000-30.000-30.000-30.000-30.000
 Aluminium   5.699  8.825  2.338-30.000-30.000-30.000-30.000-30.000-30.000-30.000-30.000-30.000-30.000-30.000
 Silicon     9.020  9.822  1.680-30.000-30.000-30.000-30.000-30.000-30.000-30.000-30.000-30.000-30.000-30.000-30.000
 Phosphorus  5.323  7.784  1.190-30.000-30.000-30.000-30.000-30.000-30.000-30.000-30.000-30.000-30.000-30.000-30.000-30.000
 Sulphur     9.249  9.129  1.483-30.000-30.000-30.000-30.000-30.000-30.000-30.000-30.000-30.000-30.000-30.000-30.000-30.000-30.000
 Chlorine    7.585  7.559  1.512-30.000-30.000-30.000-30.000-30.000-30.000-30.000-30.000-30.000-30.000-30.000-30.000-30.000-30.000
-30.000
 Argon       8.775  3.569 -3.866-30.000-30.000-30.000-30.000-30.000-30.000-30.000-30.000-30.000-30.000-30.000-30.000-30.000-30.000
-30.000-30.000
 Potassium   7.060  7.143  0.721-30.000-30.000-30.000-30.000-30.000-30.000-30.000-30.000-30.000-30.000-30.000-30.000-30.000-30.000
-30.000-30.000-30.000
 Calcium     8.702  7.211  3.433-30.000-30.000-30.000-30.000-30.000-30.000-30.000-30.000-30.000-30.000-30.000-30.000-30.000-30.000
-30.000-30.000-30.000-30.000
 Scandium    5.510  4.037  0.503-30.000-30.000-30.000-30.000-30.000-30.000-30.000-30.000-30.000-30.000-30.000-30.000-30.000-30.000
-30.000-30.000-30.000-30.000-30.000
 Titanium    3.903  7.325  3.004-30.000-30.000-30.000-30.000-30.000-30.000-30.000-30.000-30.000-30.000-30.000-30.000-30.000-30.000
-30.000-30.000-30.000-30.000-30.000-30.000
 Vanadium    6.302  4.223  0.035-30.000-30.000-30.000-30.000-30.000-30.000-30.000-30.000-30.000-30.000-30.000-30.000-30.000-30.000
-30.000-30.000-30.000-30.000-30.000-30.000-30.000
 Chromium    7.990  6.773 -0.389-30.000-30.000-30.000-30.000-30.000-30.000-30.000-30.000-30.000-30.000-30.000-30.000-30.000-30.000
-30.000-30.000-30.000-30.000-30.000-30.000-30.000-30.000
 Manganese   4.406  7.805  1.278-30.000-30.000-30.000-30.000-30.000-30.000-30.000-30.000-30.000-30.000-30.000-30.000-30.000-30.000
-30.000-30.000-30.000-30.000-30.000-30.000-30.000-30.000-30.000
 Iron        6.226  9.875  2.523-30.000-30.000-30.000-30.000-30.000-30.000-30.000-30.000-30.000-30.000-30.000-30.000-30.000-30.000
-30.000-30.000-30.000-30.000-30.000-30.000-30.000-30.000-30.000-30.000
 Cobalt      7.364  4.910 -4.486-30.000-30.000-30.000-30.000-30.000-30.000-30.000-30.000-30.000-30.000-30.000-30.000-30.000-30.000
-30.000-30.000-30.000-30.000-30.000-30.000-30.000-30.000-30.000-30.000-30.000
 Nickel      5.370  8.595 -1.102-30.000-30.000-30.000-30.000-30.000-30.000-30.000-30.000-30.000-30.000-30.000-30.000-30.000-30.000
-30.000-30.000-30.000-30.000-30.000-30.000-30.000-30.000-30.000-30.000-30.000-30.000
 Copper      6.559  4.746 -1.805-30.000-30.000-30.000-30.000-30.000-30.000-30.000-30.000-30.000-30.000-30.000-30.000-30.000-30.000
-30.000-30.000-30.000-30.000-30.000-30.000-30.000-30.000-30.000-30.000-30.000-30.000-30.000
 Zinc        6.934  4.353 -1.249-30.000-30.000-30.000-30.000-30.000-30.000-30.000-30.000-30.000-30.000-30.000-30.000-30.000-30.000
-30.000-30.000-30.000-30.000-30.000-30.000-30.000-30.000-30.000-30.000-30.000-30.000-30.000-30.000
 Exc state    He1*  3.628   CII*  7.746   C11*  8.855   C12*  9.329   C13*  9.546   O11* 10.529   O12* 10.276   O13*  9.786
              Si2*  9.627   C30*-10.727   C31*-10.424   C32* -9.992


 Hydrogen   -0.000 -3.533 -3.209 (H2)                 Log10 Mean Ionisation (over radius)
 Helium      0.000 -7.416-15.053
 Lithium    -0.127 -0.596-13.496
 Beryllium  -0.002 -2.303 -7.850
 Boron      -0.021 -1.325-10.853
 Carbon     -1.002 -2.879-10.773
 Nitrogen   -0.533 -4.999-15.754
 Oxygen     -0.296 -3.944-14.433
 Fluorine   -0.000 -3.239 -9.169
 Neon       -0.000 -3.716 -9.876
 Sodium     -0.871 -0.063 -6.444
 Magnesium  -1.433 -0.016 -5.840
 Aluminium  -3.126 -0.000 -6.488
 Silicon    -0.866 -0.064 -8.206
 Phosphorus -2.462 -0.002 -6.595
 Sulphur    -0.247 -0.367 -8.013
 Chlorine   -0.290 -0.316 -6.364
 Argon      -0.000 -5.206-12.641
 Potassium  -0.345 -0.261 -6.684
 Calcium    -0.014 -1.504 -5.283
 Scandium   -0.014 -1.488 -5.022
 Titanium   -3.423 -0.000 -4.321
 Vanadium   -0.004 -2.082 -6.270
 Chromium   -0.026 -1.243 -8.405
 Manganese  -3.400 -0.000 -6.527
 Iron       -3.649 -0.000 -7.352
 Cobalt     -0.002 -2.456-11.851
 Nickel     -3.226 -0.000 -9.697
 Copper     -0.007 -1.820 -8.371
 Zinc       -0.001 -2.582 -8.184

               1      2      3      4      5      6      7      8      9     10     11     12     13     14     15     16     17

 Hydrogen   -0.000 -3.533 -3.209 (H2)         Log10 Mean Ionisation (over radius*electron density)
 Helium      0.000 -7.416-15.053
 Lithium    -0.127 -0.596-13.496
 Beryllium  -0.002 -2.303 -7.850
 Boron      -0.021 -1.325-10.853
 Carbon     -1.002 -2.879-10.773
 Nitrogen   -0.533 -4.999-15.754
 Oxygen     -0.296 -3.944-14.433
 Fluorine   -0.000 -3.239 -9.169
 Neon       -0.000 -3.716 -9.876
 Sodium     -0.871 -0.063 -6.444
 Magnesium  -1.433 -0.016 -5.840
 Aluminium  -3.126 -0.000 -6.488
 Silicon    -0.866 -0.064 -8.206
 Phosphorus -2.462 -0.002 -6.595
 Sulphur    -0.247 -0.367 -8.013
 Chlorine   -0.290 -0.316 -6.364
 Argon      -0.000 -5.206-12.641
 Potassium  -0.345 -0.261 -6.684
 Calcium    -0.014 -1.504 -5.283
 Scandium   -0.014 -1.488 -5.022
 Titanium   -3.423 -0.000 -4.321
 Vanadium   -0.004 -2.082 -6.270
 Chromium   -0.026 -1.243 -8.405
 Manganese  -3.400 -0.000 -6.527
 Iron       -3.649 -0.000 -7.352
 Cobalt     -0.002 -2.456-11.851
 Nickel     -3.226 -0.000 -9.697
 Copper     -0.007 -1.820 -8.371
 Zinc       -0.001 -2.582 -8.184

               1      2      3      4      5      6      7      8      9     10     11     12     13     14     15     16     17

 Hydrogen    3.503  3.503  3.503 (H2)                  Log10 Mean Temperature (over radius)
 Helium      3.503  3.503  3.503
 Lithium     3.503  3.503  3.503
 Beryllium   3.503  3.503  3.503
 Boron       3.503  3.503  3.503
 Carbon      3.503  3.503  3.503
 Nitrogen    3.503  3.503  3.503
 Oxygen      3.503  3.503  3.503
 Fluorine    3.503  3.503  3.503
 Neon        3.503  3.503  3.503
 Sodium      3.503  3.503  3.503
 Magnesium   3.503  3.503  3.503
 Aluminium   3.503  3.503  3.503
 Silicon     3.503  3.503  3.503
 Phosphorus  3.503  3.503  3.503
 Sulphur     3.503  3.503  3.503
 Chlorine    3.503  3.503  3.503
 Argon       3.503  3.503  3.503
 Potassium   3.503  3.503  3.503
 Calcium     3.503  3.503  3.503
 Scandium    3.503  3.503  3.503
 Titanium    3.503  3.503  3.503
 Vanadium    3.503  3.503  3.503
 Chromium    3.503  3.503  3.503
 Manganese   3.503  3.503  3.503
 Iron        3.503  3.503  3.503
 Cobalt      3.503  3.503  3.503
 Nickel      3.503  3.503  3.503
 Copper      3.503  3.503  3.503
 Zinc        3.503  3.503  3.503

               1      2      3      4      5      6      7      8      9     10     11     12     13     14     15     16     17

 Hydrogen    3.503  3.503  3.503 (H2)          Log10 Mean Temperature (over radius*electron density)
 Helium      3.503  3.503  3.503
 Lithium     3.503  3.503  3.503
 Beryllium   3.503  3.503  3.503
 Boron       3.503  3.503  3.503
 Carbon      3.503  3.503  3.503
 Nitrogen    3.503  3.503  3.503
 Oxygen      3.503  3.503  3.503
 Fluorine    3.503  3.503  3.503
 Neon        3.503  3.503  3.503
 Sodium      3.503  3.503  3.503
 Magnesium   3.503  3.503  3.503
 Aluminium   3.503  3.503  3.503
 Silicon     3.503  3.503  3.503
 Phosphorus  3.503  3.503  3.503
 Sulphur     3.503  3.503  3.503
 Chlorine    3.503  3.503  3.503
 Argon       3.503  3.503  3.503
 Potassium   3.503  3.503  3.503
 Calcium     3.503  3.503  3.503
 Scandium    3.503  3.503  3.503
 Titanium    3.503  3.503  3.503
 Vanadium    3.503  3.503  3.503
 Chromium    3.503  3.503  3.503
 Manganese   3.503  3.503  3.503
 Iron        3.503  3.503  3.503
 Cobalt      3.503  3.503  3.503
 Nickel      3.503  3.503  3.503
 Copper      3.503  3.503  3.503
 Zinc        3.503  3.503  3.503

               1      2      3      4      5      6      7      8      9     10     11     12     13     14     15     16     17
                                                                          

---------------Convergence statistics---------------
      2.22 mean iterations/state convergence
      2.98 mean cx acceleration loops/iteration
      1.02 mean iso convergence loops/ion solve
      1.05 mean steps/chemistry solve
       1.1 mean step length searches/chemistry step
----------------------------------------------------

 Cloudy ends: 1 zone, 3 iterations, 1 caution.  ExecTime(s) 109.52
 [Stop in cdMain at ../maincl.cpp:483, Cloudy exited OK]
 ************************************************** GRID_DELIMIT -- grid000000051
