                                                          Cloudy 13.03
                                                         www.nublado.org

                       **************************************13Feb20**************************************
                       *                                                                                 *
                       * c                                                                               *
                       * phi(h) 9.000000 LOG range -0.000232 6.866524                                    *
                       * grid from 8 to 23 in 1 dex steps                                                *
                       * HDEN=4.000000 LOG                                                               *
                       * grid from 0 to 12 in 1 dex steps                                                *
                       * set pres ionize 1e5                                                             *
                       * c                                                                               *
                       * c                                                                               *
                       * table star "inst_padova_agbtrack_z.mod" age 6.78                                *
                       * c<< inst_padova_ model    4 read.       Age =    6010000.00                 >>> *
                       * c<< inst_padova_ model    5 read.       Age =    8010000.00                 >>> *
                       * c<< FINAL:     Age =    6025595.86                                          >>> *
                       * c                                                                               *
                       * c                                                                               *
                       * abundances GASS10                                                               *
                       * c                                                                               *
                       * c                                                                               *
                       * iterate to convergence max = 7                                                  *
                       * stop column density = 23                                                        *
                       * c                                                                               *
                       * c                                                                               *
                       * print last                                                                      *
                       * set save prefix "padova_inst_6"                                                 *
                       * save grid ".grd" last no hash                                                   *
                       * save linelist "emissionlines_abs.txt" "LineList_HII.dat" absolute last no hash    *
                       *                                                                                 *
                       ***********************************************************************************



 NOTE Setcon: continuum has zero intensity starting at  1.0074e+01 Ryd.
     1 cells in the incident continuum have zero intensity.  Problems???

           4147CellPeak1.00E+00   Lo 1.00e-08=910.79cm   Hi-Con:1.01E+01 Ryd   E(hi):7.35E+06Ryd     E(hi):     100.01 MeV
           I(nu>1ryd):  -1.5539   Average nu:1.281E+00   I( X-ray):   0.0000   I(BalC):  -0.0435     Phi(BalmrC):  10.8871
           phi(1.0-1.8): 8.9816   phi(1.8-4.0):  7.585   phi(4.0-20):  6.470   phi(20--):  0.000     Ion pht flx:1.000E+09
           I(gam ray):   0.0000   phi(gam r):   0.0000   I(Infred):  -0.6955   Alf(ox):   0.0000     Total inten:   0.0547
           U(1.0----):3.336E-06   U(4.0----):9.850E-09   T(En-Den):8.409E+00   T(Comp):2.168E+04     nuJnu(912A):1.914E-01
           Occ(FarIR):3.947E-02   Occ(H n=6):4.632E-13   Occ(1Ryd):8.799E-18   Occ(4R):1.016E-22     Occ (Nu-hi):0.000E+00
           Tbr(FarIR):6.254E-05   Tbr(H n=6):2.030E-09   Tbr(1Ryd):1.391E-12   Tbr(4R):6.421E-17     Tbr (Nu-hi):0.000E+00
  
                                                  Gas Phase Chemical Composition
        H :  0.0000  He: -1.0701  Li:-10.9508  Be:-10.6198  B : -9.3002  C : -3.5702  N : -4.1701  O : -3.3098  F : -7.4401
        Ne: -4.0701  Na: -5.7595  Mg: -4.4001  Al: -5.5498  Si: -4.4895  P : -6.5901  S : -4.8794  Cl: -6.5003  Ar: -5.6003
        K : -6.9706  Ca: -5.6596  Sc: -8.8508  Ti: -7.0501  V : -8.0701  Cr: -6.3595  Mn: -6.5702  Fe: -4.5003  Co: -7.0101
                                               Ni: -5.7799  Cu: -7.8097  Zn: -7.4401
 
 ####  1  Te:4.323E+03 Hden:1.000E+04 Ne:5.118E+03 R:1.000E+30 R-R0:2.413E+10 dR:4.826E+10 NTR: 24 Htot:7.020E-17 T912: 1.50e-03###
 Hydrogen      4.91e-01 5.09e-01 H+o/Hden 1.00e+00 2.34e-08 H-    H2 9.58e-09 3.00e-09 H2+ HeH+ 3.16e-09 Ho+ ColD 2.37e+14 2.45e+14
 Helium        9.58e-01 4.22e-02 5.86e-06 HeI 2s3S 3.99e-07 Comp H,C 5.64e-26 1.13e-26 Fill Fac 1.00e+00 Gam1/tot 1.00e+00
 He singlet n  9.58e-01 7.53e-13 6.00e-19 1.04e-19 3.39e-19 1.30e-19 He tripl 3.99e-07 1.24e-17 1.23e-19 1.07e-18 3.54e-19
 Pressure      NgasTgas 6.91e+07 P(total) 9.54e-09 P( gas ) 9.54e-09 P(Radtn) 0.00e+00 Rad accl 8.27e-06 ForceMul 1.46e+06
 Texc(La)      3.14e+03 T(I con) 8.41e+00 T(D con) 4.70e-01 T(U tot) 8.41e+00 nT (c+d) 2.15e+06 Prad/Gas 0.00e+00 Pmag/Gas 0.00e+00
 Molecules     CH/Ctot: 8.69e-10 CH+/Ctot 3.85e-10 CO/Ctot: 6.36e-10 CO+/Ctot 4.79e-13 H2O/Otot 1.21e-17 OH/Ototl 1.31e-08
 Lithium       2.94e-02 9.71e-01 1.94e-07 0.00e+00 Berylliu 1.40e-01 8.41e-01 1.91e-02 0.00e+00 0.00e+00 sec ion: 2.22e-15
 Boron         1.58e-02 9.84e-01 4.83e-04 0.00e+00 0.00e+00 0.00e+00
 Carbon        2.94e-02 9.68e-01 2.21e-03 0.00e+00 0.00e+00 0.00e+00 0.00e+00 H2O+/O   1.96e-18 OH+/Otot 4.70e-09 Hex(tot) 0.00e+00
 Nitrogen      5.33e-01 4.67e-01 1.62e-05 0.00e+00 0.00e+00 0.00e+00 0.00e+00 0.00e+00 O2/Ototl 5.07e-13 O2+/Otot 1.59e-13
 Oxygen        5.53e-01 4.47e-01 2.55e-05 0.00e+00 0.00e+00 0.00e+00 0.00e+00 0.00e+00 0.00e+00
 Fluorine      5.26e-01 4.72e-01 2.35e-03 0.00e+00 0.00e+00 0.00e+00 0.00e+00 0.00e+00 0.00e+00 0.00e+00
 Neon          7.52e-01 2.47e-01 1.32e-03 0.00e+00 0.00e+00 0.00e+00 0.00e+00 0.00e+00 0.00e+00 0.00e+00 0.00e+00
 Sodium        3.69e-02 9.60e-01 3.40e-03 0.00e+00 0.00e+00 0.00e+00 0.00e+00 0.00e+00 0.00e+00 0.00e+00 0.00e+00 0.00e+00
 Magnesium     2.45e-02 9.59e-01 1.68e-02 0.00e+00 0.00e+00 0.00e+00 0.00e+00 0.00e+00 0.00e+00 0.00e+00 0.00e+00 0.00e+00 0.00e+00
 Aluminium  0  3.99e-04 9.98e-01 1.11e-03 6.71e-05 0.00e+00 0.00e+00 0.00e+00 0.00e+00 0.00e+00 0.00e+00 0.00e+00 0.00e+00 0.00e+00
 Silicon    0  1.01e-02 9.90e-01 3.31e-04 0.00e+00 0.00e+00 0.00e+00 0.00e+00 0.00e+00 0.00e+00 0.00e+00 0.00e+00 0.00e+00 0.00e+00
 Phosphorus 0  1.80e-03 9.96e-01 2.53e-03 0.00e+00 0.00e+00 0.00e+00 0.00e+00 0.00e+00 0.00e+00 0.00e+00 0.00e+00 0.00e+00 0.00e+00
 Sulphur    0  9.95e-03 9.81e-01 9.10e-03 0.00e+00 0.00e+00 0.00e+00 0.00e+00 0.00e+00 0.00e+00 0.00e+00 0.00e+00 0.00e+00 0.00e+00
 Chlorine   0  2.07e-03 9.92e-01 5.63e-03 0.00e+00 0.00e+00 0.00e+00 0.00e+00 0.00e+00 0.00e+00 0.00e+00 0.00e+00 0.00e+00 0.00e+00
 Argon      0  2.23e-01 7.52e-01 2.50e-02 0.00e+00 0.00e+00 0.00e+00 0.00e+00 0.00e+00 0.00e+00 0.00e+00 0.00e+00 0.00e+00 0.00e+00
 Potassium  0  3.93e-02 9.59e-01 2.10e-03 0.00e+00 0.00e+00 0.00e+00 0.00e+00 0.00e+00 0.00e+00 0.00e+00 0.00e+00 0.00e+00 0.00e+00
 Calcium    0  1.59e-02 8.01e-01 1.83e-01 7.61e-06 0.00e+00 0.00e+00 0.00e+00 0.00e+00 0.00e+00 0.00e+00 0.00e+00 0.00e+00 0.00e+00
 Scandium   0  1.41e-02 7.24e-01 2.61e-01 8.90e-04 0.00e+00 0.00e+00 0.00e+00 0.00e+00 0.00e+00 0.00e+00 0.00e+00 0.00e+00 0.00e+00
 Titanium   0  1.37e-04 9.46e-01 5.42e-02 3.62e-06 0.00e+00 0.00e+00 0.00e+00 0.00e+00 0.00e+00 0.00e+00 0.00e+00 0.00e+00 0.00e+00
 Vanadium   0  6.39e-02 7.90e-01 1.47e-01 1.30e-06 0.00e+00 0.00e+00 0.00e+00 0.00e+00 0.00e+00 0.00e+00 0.00e+00 0.00e+00 0.00e+00
 Chromium   0  1.12e-02 9.82e-01 7.27e-03 7.85e-08 0.00e+00 0.00e+00 0.00e+00 0.00e+00 0.00e+00 0.00e+00 0.00e+00 0.00e+00 0.00e+00
 Manganese  0  1.60e-04 9.92e-01 8.30e-03 6.45e-08 0.00e+00 0.00e+00 0.00e+00 0.00e+00 0.00e+00 0.00e+00 0.00e+00 0.00e+00 0.00e+00
 Iron       0  9.25e-05 9.98e-01 1.94e-03 1.16e-07 0.00e+00 0.00e+00 0.00e+00 0.00e+00 0.00e+00 0.00e+00 0.00e+00 0.00e+00 0.00e+00
 Cobalt     0  1.83e-01 8.16e-01 4.83e-04 8.21e-08 0.00e+00 0.00e+00 0.00e+00 0.00e+00 0.00e+00 0.00e+00 0.00e+00 0.00e+00 0.00e+00
 Nickel     0  2.88e-04 9.99e-01 3.23e-04 1.27e-08 0.00e+00 0.00e+00 0.00e+00 0.00e+00 0.00e+00 0.00e+00 0.00e+00 0.00e+00 0.00e+00
 Copper     0  4.81e-02 8.74e-01 7.80e-02 0.00e+00 0.00e+00 0.00e+00 0.00e+00 0.00e+00 0.00e+00 0.00e+00 0.00e+00 0.00e+00 0.00e+00
 Zinc       0  2.40e-01 7.39e-01 2.03e-02 7.24e-05 0.00e+00 0.00e+00 0.00e+00 0.00e+00 0.00e+00 0.00e+00 0.00e+00 0.00e+00 0.00e+00
 ####  9  Te:3.992E+03 Hden:1.000E+04 Ne:4.958E+03 R:1.000E+30 R-R0:1.224E+13 dR:2.031E+12 NTR:  9 Htot:6.002E-17 T912: 4.19e-01###
 Hydrogen      5.08e-01 4.92e-01 H+o/Hden 1.00e+00 2.29e-08 H-    H2 2.04e-08 2.78e-09 H2+ HeH+ 3.18e-09 Ho+ ColD 6.62e+16 6.63e+16
 Helium        9.60e-01 4.00e-02 5.35e-06 HeI 2s3S 4.14e-07 Comp H,C 5.42e-26 1.00e-26 Fill Fac 1.00e+00 Gam1/tot 1.00e+00
 He singlet n  9.60e-01 6.86e-13 2.97e-18 5.85e-20 2.27e-19 1.29e-19 He tripl 4.14e-07 1.11e-17 1.17e-19 1.04e-18 3.57e-19
 Pressure      NgasTgas 6.31e+07 P(total) 8.72e-09 P( gas ) 8.72e-09 P(Radtn) 1.74e-13 Rad accl 6.50e-07 ForceMul 1.18e+05
 Texc(La)      3.61e+03 T(I con) 8.40e+00 T(D con) 1.86e+00 T(U tot) 8.40e+00 nT (c+d) 2.48e+06 Prad/Gas 1.99e-05 Pmag/Gas 0.00e+00
 Molecules     CH/Ctot: 1.00e-09 CH+/Ctot 4.24e-10 CO/Ctot: 7.62e-10 CO+/Ctot 5.49e-13 H2O/Otot 1.75e-17 OH/Ototl 1.49e-08
 Lithium       3.07e-02 9.69e-01 1.98e-07 0.00e+00 Berylliu 1.40e-01 8.43e-01 1.64e-02 0.00e+00 0.00e+00 sec ion: 2.31e-15
 Boron         1.60e-02 9.84e-01 4.31e-04 0.00e+00 0.00e+00 0.00e+00
 Carbon        2.96e-02 9.68e-01 2.06e-03 0.00e+00 0.00e+00 0.00e+00 0.00e+00 H2O+/O   3.21e-18 OH+/Otot 6.40e-09 Hex(tot) 0.00e+00
 Nitrogen      5.90e-01 4.10e-01 1.30e-05 0.00e+00 0.00e+00 0.00e+00 0.00e+00 0.00e+00 O2/Ototl 5.02e-13 O2+/Otot 1.83e-13
 Oxygen        5.70e-01 4.30e-01 2.35e-05 0.00e+00 0.00e+00 0.00e+00 0.00e+00 0.00e+00 0.00e+00
 Fluorine      5.65e-01 4.33e-01 2.05e-03 0.00e+00 0.00e+00 0.00e+00 0.00e+00 0.00e+00 0.00e+00 0.00e+00
 Neon          7.73e-01 2.26e-01 1.14e-03 0.00e+00 0.00e+00 0.00e+00 0.00e+00 0.00e+00 0.00e+00 0.00e+00 0.00e+00
 Sodium        3.98e-02 9.57e-01 3.18e-03 0.00e+00 0.00e+00 0.00e+00 0.00e+00 0.00e+00 0.00e+00 0.00e+00 0.00e+00 0.00e+00
 Magnesium     2.94e-02 9.57e-01 1.35e-02 0.00e+00 0.00e+00 0.00e+00 0.00e+00 0.00e+00 0.00e+00 0.00e+00 0.00e+00 0.00e+00 0.00e+00
 Aluminium  0  4.00e-04 9.99e-01 1.02e-03 6.45e-05 0.00e+00 0.00e+00 0.00e+00 0.00e+00 0.00e+00 0.00e+00 0.00e+00 0.00e+00 0.00e+00
 Silicon    0  1.06e-02 9.89e-01 1.80e-04 0.00e+00 0.00e+00 0.00e+00 0.00e+00 0.00e+00 0.00e+00 0.00e+00 0.00e+00 0.00e+00 0.00e+00
 Phosphorus 0  1.87e-03 9.96e-01 2.23e-03 0.00e+00 0.00e+00 0.00e+00 0.00e+00 0.00e+00 0.00e+00 0.00e+00 0.00e+00 0.00e+00 0.00e+00
 Sulphur    0  1.01e-02 9.81e-01 8.60e-03 0.00e+00 0.00e+00 0.00e+00 0.00e+00 0.00e+00 0.00e+00 0.00e+00 0.00e+00 0.00e+00 0.00e+00
 Chlorine   0  2.18e-03 9.92e-01 5.38e-03 0.00e+00 0.00e+00 0.00e+00 0.00e+00 0.00e+00 0.00e+00 0.00e+00 0.00e+00 0.00e+00 0.00e+00
 Argon      0  2.56e-01 7.22e-01 2.25e-02 0.00e+00 0.00e+00 0.00e+00 0.00e+00 0.00e+00 0.00e+00 0.00e+00 0.00e+00 0.00e+00 0.00e+00
 Potassium  0  4.52e-02 9.53e-01 1.96e-03 0.00e+00 0.00e+00 0.00e+00 0.00e+00 0.00e+00 0.00e+00 0.00e+00 0.00e+00 0.00e+00 0.00e+00
 Calcium    0  1.63e-02 8.07e-01 1.77e-01 8.02e-06 0.00e+00 0.00e+00 0.00e+00 0.00e+00 0.00e+00 0.00e+00 0.00e+00 0.00e+00 0.00e+00
 Scandium   0  1.51e-02 7.63e-01 2.21e-01 6.96e-04 0.00e+00 0.00e+00 0.00e+00 0.00e+00 0.00e+00 0.00e+00 0.00e+00 0.00e+00 0.00e+00
 Titanium   0  1.45e-04 9.55e-01 4.45e-02 2.96e-06 0.00e+00 0.00e+00 0.00e+00 0.00e+00 0.00e+00 0.00e+00 0.00e+00 0.00e+00 0.00e+00
 Vanadium   0  6.83e-02 8.14e-01 1.18e-01 9.90e-07 0.00e+00 0.00e+00 0.00e+00 0.00e+00 0.00e+00 0.00e+00 0.00e+00 0.00e+00 0.00e+00
 Chromium   0  1.14e-02 9.84e-01 5.07e-03 0.00e+00 0.00e+00 0.00e+00 0.00e+00 0.00e+00 0.00e+00 0.00e+00 0.00e+00 0.00e+00 0.00e+00
 Manganese  0  1.68e-04 9.95e-01 5.29e-03 0.00e+00 0.00e+00 0.00e+00 0.00e+00 0.00e+00 0.00e+00 0.00e+00 0.00e+00 0.00e+00 0.00e+00
 Iron       0  9.70e-05 9.99e-01 1.09e-03 0.00e+00 0.00e+00 0.00e+00 0.00e+00 0.00e+00 0.00e+00 0.00e+00 0.00e+00 0.00e+00 0.00e+00
 Cobalt     0  1.89e-01 8.11e-01 4.33e-04 0.00e+00 0.00e+00 0.00e+00 0.00e+00 0.00e+00 0.00e+00 0.00e+00 0.00e+00 0.00e+00 0.00e+00
 Nickel     0  3.01e-04 9.99e-01 2.95e-04 0.00e+00 0.00e+00 0.00e+00 0.00e+00 0.00e+00 0.00e+00 0.00e+00 0.00e+00 0.00e+00 0.00e+00
 Copper     0  4.91e-02 8.73e-01 7.80e-02 0.00e+00 0.00e+00 0.00e+00 0.00e+00 0.00e+00 0.00e+00 0.00e+00 0.00e+00 0.00e+00 0.00e+00
 Zinc       0  2.45e-01 7.36e-01 1.90e-02 6.75e-05 0.00e+00 0.00e+00 0.00e+00 0.00e+00 0.00e+00 0.00e+00 0.00e+00 0.00e+00 0.00e+00
                                                                             
   Calculation stopped because lowest Te reached. Iteration 3 of 3
   The geometry is plane-parallel.
 C-Continuum zero at some energies.
  !Charge transfer ionization of H reached 96.8% of the local H ionization rate.
  !AGE: Cloud age was not set.  Longest timescale was 4.25e+08 s = 1.35e+01 years.
  !Mutual neutralization production of H-alpha was significant.
  !The CMB was not included.  This is added with the CMB command.
   Continuum fluorescent production of H-beta was significant.
   The density is too low to l-mix the lowest H  I collapsed level.  More resolved levels are needed for accurate line ratios.
   The density is too low to l-mix the lowest He I collapsed level.  More resolved levels are needed for accurate line ratios.
   Grains were not present but might survive in this environment (energy density temperature was 8.41e+00K)

                       *********************************> Cloudy 13.03 <**********************************
                       * c                                                                               *
                       * phi(h) 9.000000 LOG range -0.000232 6.866524                                    *
                       * grid from 8 to 23 in 1 dex steps                                                *
                       * HDEN=4.000000 LOG                                                               *
                       * grid from 0 to 12 in 1 dex steps                                                *
                       * set pres ionize 1e5                                                             *
                       * c                                                                               *
                       * c                                                                               *
                       * table star "inst_padova_agbtrack_z.mod" age 6.78                                *
                       * c                                                                               *
                       * c                                                                               *
                       * abundances GASS10                                                               *
                       * c                                                                               *
                       * c                                                                               *
                       * iterate to convergence max = 7                                                  *
                       * stop column density = 23                                                        *
                       * c                                                                               *
                       * c                                                                               *
                       * print last                                                                      *
                       * set save prefix "padova_inst_6"                                                 *
                       * save grid ".grd" last no hash                                                   *
                       * save linelist "emissionlines_abs.txt" "LineList_HII.dat" absolute last no hash    *
                       *********************************> Log(U): -5.48 <*********************************
                       >>>>>>>>>> Cautions are present.

                     Emission Line Spectrum.   Constant  Density Model.    Open geometry.  Iteration 3 of 3.
                                                     Intensity (erg/s/cm^2).


                                                   Intrinsic line intensities
 general properties..........      H  1  3646A  -3.734   1.8738      Ca B  4861A  -4.064   0.8764      O  1  6300A  -5.622   0.0243            
 TOTL  4861A  -4.007   1.0000      H  1  8204A  -4.902   0.1273      Ca B  4340A  -4.405   0.4002      O  1  6363A  -6.118   0.0077            
 TOTL  1216A  -2.474  34.0908      H  1  8204A  -4.452   0.3588      Ca B  4102A  -4.666   0.2192      O  1 63.17m  -4.841   0.1464            
 Inci     0    0.05511522.939      H  1  8204A  -4.471   0.3434      Ca B  3970A  -4.879   0.1342      O  1 145.5m  -6.170   0.0069            
 TotH     0   -3.069   8.6627      H  1 1.458m  -5.430   0.0378      Ca B  3889A  -5.059   0.0887      TOTL  3727A  -5.766   0.0174            
 TotC     0   -3.069   8.6578      H  1 1.458m  -4.971   0.1086      Ca B  3835A  -5.215   0.0620      IONZ  3727A  -6.719   0.0019            
 BFH1     0   -3.084   8.3761      H  1 1.458m  -4.878   0.1344      Ca B  3798A  -5.352   0.0451      O II  3729A  -6.309   0.0050            
 BFHe     0   -4.613   0.2477      H  1 1.458m  -5.127   0.0759      Ca B  3771A  -5.475   0.0340      O II  3726A  -5.986   0.0105            
 TotM     0   -5.532   0.0299      H  1 2.279m  -5.820   0.0154      Ca B  3750A  -5.586   0.0264      O  2 833.8A  -5.954   0.0113            
 CT H     0   -6.466   0.0035      H  1 2.279m  -5.361   0.0442      Ca B  3734A  -5.686   0.0209      Ne 2 12.81m  -4.809   0.1578            
 H FB     0   -3.987   1.0466      H  1 2.279m  -5.233   0.0594      Ca B  3722A  -5.777   0.0170      Ne 3 15.55m  -6.819   0.0015            
 HFBc     0   -3.987   1.0466      H  1 2.279m  -5.330   0.0475      Ca B  3712A  -5.859   0.0141      Na 1  5892A  -6.627   0.0024            
 continua....................      H  1 2.279m  -5.740   0.0185      Ca B  3704A  -5.933   0.0118      Mg 1  2853A  -5.738   0.0186            
 Bac   3646A  -2.626  24.0273      H  1 3.281m  -6.126   0.0076      Ca B  3697A  -6.000   0.0102      Mg 1  2026A  -6.717   0.0020            
 nFnu  3645A  -2.618  24.4817      H  1 3.281m  -5.668   0.0218      Ca B  3692A  -6.061   0.0088      TOTL  2798A  -4.878   0.1345            
 nFnu  3647A  -4.349   0.4544      H  1 3.281m  -5.526   0.0303      Ca B  3687A  -6.115   0.0078      Mg 2  2796A  -5.129   0.0755            
 cout  3646A  -2.927  12.0137      H  1 3.281m  -5.565   0.0276      Ca B  3683A  -6.164   0.0070      Mg 2  2803A  -5.236   0.0590            
 cref  3646A  -2.927  12.0137      H  1 3.281m  -5.798   0.0162      Ca B  3679A  -6.209   0.0063      Si 1  2518A  -7.001   0.0010            
 thin  3646A  -2.626  24.0273      H  1 3.281m  -6.327   0.0048      Ca B  3676A  -6.249   0.0057      Si 2 34.81m  -4.502   0.3197            
 Inci  4860A  -0.7271904.7819      H  1 4.466m  -6.375   0.0043      Ca B  3674A  -6.286   0.0053      Si 2  1814A  -6.923   0.0012            
 Inci  1215A  -0.1197728.1768      H  1 4.466m  -5.918   0.0123      Ca B  3671A  -6.321   0.0049      Si 2  1531A  -5.403   0.0401            
 Ba C     0   -3.624   2.4154      H  1 4.466m  -5.770   0.0173      Ca B 1.875m  -4.442   0.3673      Si 2  1308A  -5.437   0.0372            
 PA C     0   -4.010   0.9925      H  1 4.466m  -5.782   0.0168      Ca B 1.282m  -4.791   0.1643      Si 2  1263A  -4.774   0.1711            
 FIR  83.00m  -2.457  35.4926      H  1 4.466m  -5.942   0.0116      Ca B 1.094m  -5.063   0.0879      P  2 32.87m  -6.501   0.0032            
 TIR   1800m  -4.752   0.1800      H  1 4.466m  -6.275   0.0054      Ca B 1.005m  -5.283   0.0530      P  2 1.189m  -6.748   0.0018            
 NIRa 2.850m  -1.142 733.2563      H  1 4.466m  -6.891   0.0013      Ca B  9546A  -5.468   0.0346      S  1 25.19m  -6.921   0.0012            
 NIRb 3.000m  -1.426 381.3406      H  1 5.834m  -6.585   0.0026      Ca B  9229A  -5.627   0.0240      S  2  6720A  -4.802   0.1603            
 MIRa 15.00m  -2.761  17.6326      H  1 5.834m  -6.130   0.0075      Ca B  9015A  -5.768   0.0173      S  2  4074A  -5.932   0.0119            
 MIRb 22.50m  -2.605  25.2448      H  1 5.834m  -5.979   0.0107      Ca B  8863A  -5.893   0.0130      S  2 1.033m  -6.101   0.0080            
 NMIR 21.75m  -1.142 733.2563      H  1 5.834m  -5.977   0.0107      Ca B  8750A  -6.006   0.0100      S II  6731A  -4.980   0.1064            
 TFIR 611.2m  -2.971  10.8666      H  1 5.834m  -6.098   0.0081      Ca B  8665A  -6.109   0.0079      S II  6716A  -5.275   0.0539            
 TALL 10000A   0.05511535.933      H  1 5.834m  -6.346   0.0046      Ca B  8598A  -6.202   0.0064      S II  4070A  -6.057   0.0089            
 F12  12.00m  -3.335   4.6988      H  1 5.834m  -6.754   0.0018      Ca B  8545A  -6.287   0.0052      S II  4078A  -6.535   0.0030            
 F25  25.00m  -3.237   5.8821      H  1 7.383m  -6.765   0.0017      Ca B  8502A  -6.365   0.0044      S II 1.032m  -6.548   0.0029            
 F60  60.00m  -2.853  14.2611      H  1 7.383m  -6.311   0.0050      Ca B  8467A  -6.436   0.0037      S II 1.029m  -6.684   0.0021            
 F100 100.0m  -3.046   9.1349      H  1 7.383m  -6.160   0.0070      Ca B  8438A  -6.501   0.0032      S II 1.037m  -6.994   0.0010            
 MIPS 24.00m  -3.488   3.3031      H  1 7.383m  -6.149   0.0072      Ca B  8413A  -6.560   0.0028      S II 1.034m  -6.697   0.0020            
 MIPS 70.00m  -3.206   6.3238      H  1 7.383m  -6.249   0.0057      Ca B  8392A  -6.613   0.0025      S  2  1256A  -6.174   0.0068            
 MIPS 160.0m  -3.440   3.6892      H  1 7.383m  -6.449   0.0036      Ca B  8374A  -6.663   0.0022      S  3 18.67m  -6.024   0.0096            
 IRAC 3.600m  -2.960  11.1372      H  1 7.383m  -6.762   0.0018      Ca B  8359A  -6.708   0.0020      S  3 33.47m  -6.668   0.0022            
 IRAC 4.500m  -3.236   5.8990      H  1 9.115m  -6.923   0.0012      Ca B  8346A  -6.750   0.0018      S  3  9532A  -6.534   0.0030            
 IRAC 5.800m  -3.418   3.8836      H  1 9.115m  -6.470   0.0034      Ca B  8334A  -6.790   0.0016      S  3  9069A  -6.928   0.0012            
 IRAC 8.000m  -3.452   3.5870      H  1 9.115m  -6.318   0.0049      Ca B 4.051m  -5.035   0.0937      Cl 2 33.30m  -6.841   0.0015            
 SPR1 250.0m  -3.863   1.3926      H  1 9.115m  -6.303   0.0051      Ca B 2.625m  -5.307   0.0501      Cl 2 14.40m  -5.528   0.0301            
 SPR2 350.0m  -4.298   0.5114      H  1 9.115m  -6.389   0.0041      Ca B 2.166m  -5.534   0.0297      Cl 2  8579A  -5.976   0.0107            
 SPR3 500.0m  -4.684   0.2103      H  1 9.115m  -6.561   0.0028      Ca B 1.945m  -5.725   0.0191      Cl 2  9124A  -6.554   0.0028            
 PAC1 70.00m  -3.145   7.2759      H  1 9.115m  -6.819   0.0015      Ca B 1.817m  -5.889   0.0131      Ar 2 6.980m  -4.666   0.2193            
 PAC2 100.0m  -3.041   9.2417      H  1 11.03m  -5.750   0.0181      Ca B 1.736m  -6.033   0.0094      Ar 3 9.000m  -6.257   0.0056            
 PAC3 160.0m  -3.184   6.6569      H  1 13.13m  -5.862   0.0140      Ca B 1.681m  -6.162   0.0070      Ca 1  4228A  -7.005   0.0010            
 PAH  3.300m  -3.742   1.8382      H  1 15.40m  -5.965   0.0110      Ca B 1.641m  -6.277   0.0054      Ca 2  3933A  -6.087   0.0083            
 PAHC 3.230m  -4.006   1.0020      H  1 17.87m  -6.060   0.0088      Ca B 1.611m  -6.383   0.0042      Ca 2  7306A  -4.575   0.2704            
 PAHC 3.370m  -4.083   0.8399      H  1 20.51m  -6.149   0.0072      Ca B 1.588m  -6.479   0.0034      Ca2K  3934A  -6.276   0.0054            
 PAH  6.200m  -3.988   1.0445      H  1 23.33m  -6.233   0.0059      Ca B 1.570m  -6.567   0.0028      Ca2H  3969A  -6.540   0.0029            
 PAHC 5.650m  -3.888   1.3152      H  1 26.34m  -6.311   0.0050      Ca B 1.556m  -6.649   0.0023      CaF1  7291A  -4.802   0.1604            
 PAH  7.900m  -3.937   1.1750      H  1 29.53m  -6.385   0.0042      Ca B 1.544m  -6.724   0.0019      CaF2  7324A  -4.965   0.1100            
 PAHC 6.900m  -3.757   1.7765      H  1 32.91m  -6.455   0.0036      Ca B 1.534m  -6.793   0.0016      Fe2c     0   -3.258   5.6140            
 PAH  11.30m  -4.562   0.2788      H  1 36.46m  -6.522   0.0031      Ca B 1.526m  -6.856   0.0014      Fe 2  4300A  -5.361   0.0443            
 PAHC 10.90m  -4.560   0.2796      H  1 40.20m  -6.585   0.0026      Ca B 1.519m  -6.915   0.0012      Fe 2  2400A  -5.222   0.0609            
 PAH  11.80m  -4.344   0.4599      H  1 44.12m  -6.645   0.0023      Ca B 1.513m  -6.970   0.0011      Fe 2  1080A  -6.989   0.0010            
 PAHC 12.65m  -4.216   0.6183      H  1 48.22m  -6.703   0.0020      Ca B 7.458m  -5.515   0.0310      Fe 2 25.98m  -4.182   0.6684            
 PAH  13.30m  -4.315   0.4913      H  1 52.50m  -6.758   0.0018      Ca B 4.653m  -5.731   0.0189      Fe 2 5.339m  -4.669   0.2179            
 PAHC 14.10m  -4.305   0.5039      H  1 56.97m  -5.564   0.0277      Ca B 3.740m  -5.924   0.0121      Fe 2 4.114m  -5.983   0.0106            
 Bcon  3640A  -0.0419234.1445      He 1 504.3A  -4.668   0.2183      Ca B 3.296m  -6.091   0.0082      Fe 2 1.257m  -4.094   0.8183            
 Pcon  5000A  -0.8421461.2655      He 1  2600A  -6.363   0.0044      Ca B 3.038m  -6.238   0.0059      Fe 2 35.34m  -4.722   0.1926            
 HFFc     0   -4.427   0.3799      He 1  3121A  -6.875   0.0014      Ca B 2.872m  -6.369   0.0043      Fe 2 6.719m  -6.497   0.0032            
 H FF     0   -4.438   0.3709      He 1  3421A  -6.791   0.0016      Ca B 2.758m  -6.487   0.0033      Fe 2 4.888m  -6.437   0.0037            
 HeFF     0   -6.596   0.0026      He 1  3421A  -6.313   0.0049      Ca B 2.674m  -6.594   0.0026      Fe 2 4.075m  -6.410   0.0040            
 MeFB     0   -6.771   0.0017      He 1  3421A  -6.091   0.0082      Ca B 2.612m  -6.693   0.0021      Fe 2 1.321m  -4.671   0.2165            
 ToFF     0   -4.434   0.3739      He 1  3679A  -6.505   0.0032      Ca B 2.564m  -6.783   0.0017      Fe 2 1.249m  -5.706   0.0200            
 nFnu 122.4m  -5.851   0.0143      He 1  7843A  -6.622   0.0024      Ca B 2.525m  -6.868   0.0014      Fe 2  7638A  -5.883   0.0133            
 nInu 122.4m  -2.631  23.7753      He 1  8188A  -6.747   0.0018      Ca B 2.495m  -6.945   0.0012      Fe 2 51.29m  -5.413   0.0393            
 nFnu 60.83m  -5.610   0.0249      C  1  1101A  -6.336   0.0047      Ca B 12.37m  -5.922   0.0121      Fe 2 8.297m  -6.588   0.0026            
 nInu 60.83m  -2.678  21.3283      N  1 853.4A  -6.368   0.0044      Ca B 7.500m  -6.097   0.0081      Fe 2 5.672m  -5.811   0.0157            
 nFnu 41.22m  -5.444   0.0365      O  1 910.4A  -6.767   0.0017      Ca B 5.907m  -6.263   0.0055      Fe 2 4.606m  -6.222   0.0061            
 nInu 41.22m  -2.789  16.4969      grains......................      Ca B 5.127m  -6.411   0.0039      Fe 2 4.081m  -6.306   0.0050            
 nFnu 30.87m  -5.336   0.0468      H-like iso-sequence.........      Ca B 4.671m  -6.543   0.0029      Fe 2 1.372m  -4.896   0.1292            
 nInu 30.87m  -2.887  13.1857      Ca B  1216A  -2.543  29.1187      Ca B 4.375m  -6.662   0.0022      Fe 2 1.294m  -5.038   0.0932            
 nFnu 24.78m  -5.254   0.0567      Q(H)  4861A  -3.307   5.0113      Ca B 4.170m  -6.771   0.0017      Fe 2  7687A  -6.202   0.0064            
 nInu 24.78m  -2.962  11.0953      Q(H)  1216A  -1.787 166.0118      Ca B 4.020m  -6.871   0.0014      Fe 2 87.36m  -6.487   0.0033            
 nFnu 24.30m  -5.247   0.0575      CaBo  4861A  -4.047   0.9117      Ca B 3.906m  -6.964   0.0011      Fe 2 9.898m  -6.665   0.0022            
 nInu 24.30m  -2.969  10.9225      Ca A  1216A  -2.669  21.7632      Ca B 19.06m  -6.277   0.0054      Fe 2 5.061m  -6.884   0.0013            
 nFnu 22.83m  -5.221   0.0611      Ca A  1026A  -3.403   4.0162      Ca B 11.31m  -6.420   0.0039      Fe 2 4.434m  -6.187   0.0066            
 nInu 22.83m  -2.989  10.4203      Ca A 972.5A  -3.827   1.5123      Ca B 8.758m  -6.564   0.0028      Fe 2 1.328m  -5.283   0.0529            
 nFnu 21.42m  -5.200   0.0641      Ca A 949.7A  -4.135   0.7451      Ca B 7.506m  -6.696   0.0020      Fe 2 1.279m  -5.252   0.0568            
 nInu 21.42m  -3.011   9.9021      Ca A 937.8A  -4.377   0.4265      Ca B 6.770m  -6.816   0.0016      Fe 2 1.252m  -6.149   0.0072            
 nFnu 21.12m  -5.195   0.0648      Ca A 930.8A  -4.578   0.2686      Ca B 6.290m  -6.926   0.0012      Fe 2  7665A  -6.751   0.0018            
 nInu 21.12m  -3.016   9.7863      Ca A 926.2A  -4.749   0.1810      Ca B 27.80m  -6.592   0.0026      Fe 2 11.16m  -6.717   0.0019            
 nFnu 19.62m  -5.165   0.0695      Ca A 923.2A  -4.899   0.1283      Ca B 16.20m  -6.711   0.0020      Fe 2 1.298m  -5.616   0.0246            
 nInu 19.62m  -3.037   9.3290      Ca A 921.0A  -5.030   0.0947      Ca B 12.38m  -6.837   0.0015      Fe 2 1.270m  -5.436   0.0372            
 nFnu 17.65m  -5.120   0.0770      Ca A 919.4A  -5.147   0.0725      Ca B 10.50m  -6.955   0.0011      Fe 2 17.93m  -4.064   0.8776            
 nInu 17.65m  -3.055   8.9515      Ca A 918.1A  -5.250   0.0571      Ca B 38.86m  -6.874   0.0014      Fe 2 1.644m  -4.167   0.6921            
 nFnu 17.37m  -5.116   0.0778      Ca A 917.2A  -5.342   0.0463      Ca B 22.33m  -6.974   0.0011      Fe 2 1.533m  -4.983   0.1058            
 nInu 17.37m  -3.057   8.9012      Ca A 916.4A  -5.422   0.0384      H  1     0   -3.877   1.3483      Fe 2  8617A  -5.305   0.0503            
 nFnu 15.69m  -5.085   0.0836      Ca A 915.8A  -5.493   0.0326      H  1  1216A  -2.474  34.0908      Fe 2 24.51m  -4.702   0.2017            
 nInu 15.69m  -3.074   8.5732      Ca A 915.3A  -5.556   0.0283      H  1  1026A  -4.187   0.6609      Fe 2 1.809m  -4.870   0.1371            
 nFnu 14.60m  -5.051   0.0903      Ca A 914.9A  -5.610   0.0249      H  1 972.5A  -4.562   0.2787      Fe 2 1.677m  -5.122   0.0767            
 nInu 14.60m  -3.085   8.3507      Ca A 914.6A  -5.656   0.0224      H  1 949.7A  -4.356   0.4477      Fe 2 1.599m  -5.192   0.0654            
 nFnu 12.43m  -4.987   0.1047      Ca A 914.3A  -5.694   0.0205      H  1 937.8A  -4.424   0.3831      Fe 2  9052A  -5.963   0.0111            
 nInu 12.43m  -3.112   7.8490      Ca A 914.0A  -5.725   0.0191      H  1 930.8A  -4.529   0.3004      Fe 2  8892A  -5.846   0.0145            
 nFnu 11.40m  -4.963   0.1107      Ca A 913.8A  -5.749   0.0181      H  1 926.2A  -4.611   0.2491      Fe 2 35.77m  -5.511   0.0313            
 nInu 11.40m  -3.126   7.6024      Ca A 913.6A  -5.768   0.0173      H  1 923.2A  -4.619   0.2443      Fe 2 1.800m  -5.294   0.0517            
 nFnu 10.46m  -4.919   0.1224      Ca A 913.5A  -5.783   0.0167      H  1 921.0A  -4.722   0.1929      Fe 2 1.711m  -5.773   0.0171            
 nInu 10.46m  -3.140   7.3636      Ca A 913.3A  -5.796   0.0162      H  1  6563A  -3.525   3.0332      Fe 2 1.664m  -5.477   0.0339            
 nFnu 9.480m  -4.893   0.1301      Ca A  6563A  -3.734   1.8747      H  1  4861A  -4.007   1.0000      Fe 2  9399A  -6.740   0.0018            
 nInu 9.480m  -3.136   7.4301      Ca A  4861A  -4.221   0.6108      H  1  4340A  -4.267   0.5498      Fe 2  9227A  -6.102   0.0080            
 nFnu 9.325m  -4.889   0.1313      Ca A  4340A  -4.561   0.2794      H  1  4102A  -4.479   0.3370      Fe 2  9033A  -6.500   0.0032            
 nInu 9.325m  -3.132   7.4942      Ca A  4102A  -4.821   0.1536      H  1  3970A  -4.669   0.2175      Fe 2 1.797m  -5.546   0.0289            
 nFnu 8.210m  -4.829   0.1506      Ca A  3970A  -5.032   0.0944      H  1  3889A  -4.825   0.1520      Fe 2 1.745m  -5.785   0.0167            
 nInu 8.210m  -3.087   8.3237      Ca A  3889A  -5.211   0.0625      H  1  3835A  -4.924   0.1210      Fe 2  9471A  -6.667   0.0022            
 nFnu 7.580m  -4.811   0.1572      Ca A  3835A  -5.366   0.0438      H  1  3798A  -5.055   0.0894      Fe 2  9268A  -6.395   0.0041            
 nInu 7.580m  -3.046   9.1342      Ca A  3798A  -5.503   0.0319      H  1 1.875m  -4.405   0.4002      Fe 2 22.90m  -6.207   0.0063            
 nFnu 7.050m  -4.757   0.1779      Ca A  3771A  -5.626   0.0240      H  1 1.282m  -4.734   0.1874      Fe 2 1.811m  -6.760   0.0018            
 nInu 7.050m  -3.004  10.0699      Ca A  3750A  -5.738   0.0186      H  1 1.094m  -4.983   0.1056      Fe 2 34.65m  -6.968   0.0011            
 nFnu 4.114m  -4.535   0.2962      Ca A  3734A  -5.839   0.0147      H  1 1.005m  -5.189   0.0657      Fe2b  7000A  -5.664   0.0220            
 nInu 4.114m  -2.482  33.4618      Ca A  3722A  -5.932   0.0119      H  1  9546A  -5.358   0.0445      Fe2b 10000A  -3.563   2.7817            
 nFnu 2.324m  -4.425   0.3823      Ca A  3712A  -6.016   0.0098      H  1  9229A  -5.482   0.0335      Fe2b  7445A  -5.664   0.0220            
 nInu 2.324m  -1.883 133.0687      Ca A  3704A  -6.092   0.0082      H  1  9015A  -5.606   0.0252      Fe2b  8625A  -5.034   0.0940            
 nFnu 1.643m  -4.293   0.5175      Ca A  3697A  -6.161   0.0070      H  1 4.051m  -4.989   0.1042      Fe2b 1.033m  -6.667   0.0022            
 nInu 1.643m  -1.482 334.8794      Ca A  3692A  -6.222   0.0061      H  1 2.625m  -5.261   0.0556      Fe2b 1.889m  -4.600   0.2552            
 nFnu 1.480m  -4.340   0.4639      Ca A  3687A  -6.278   0.0054      H  1 2.166m  -5.483   0.0334      Fe 2  1786A  -4.951   0.1137            
 nInu 1.480m  -1.418 388.3717      Ca A  3683A  -6.327   0.0048      H  1 1.945m  -5.664   0.0220      Fe3c     0   -6.817   0.0016            
 nFnu 1.436m  -3.908   1.2558      Ca A  3679A  -6.372   0.0043      H  1 1.817m  -5.805   0.0159      Fe 3 22.92m  -6.949   0.0011            
 nInu 1.436m  -1.393 410.9016      Ca A  3676A  -6.412   0.0039      H  1 1.736m  -5.933   0.0119      recombination...............            
 nFnu 1.119m  -4.073   0.8589      Ca A  3674A  -6.448   0.0036      H  1 7.458m  -5.463   0.0350      O  1  1357A  -6.286   0.0053            
 nInu 1.119m  -1.226 603.8226      Ca A  3671A  -6.481   0.0034      H  1 4.653m  -5.690   0.0208      C  1  1140A  -6.343   0.0046            
 nFnu  8330A  -4.344   0.4602      Ca A 1.875m  -4.481   0.3357      H  1 3.740m  -5.880   0.0134      N  1 980.7A  -6.737   0.0019            
 nInu  8330A  -1.069 865.9963      Ca A 1.282m  -4.839   0.1473      H  1 3.296m  -6.034   0.0094      O  1  7950A  -6.854   0.0014            
 nFnu  8079A  -3.441   3.6784      Ca A 1.094m  -5.115   0.0780      H  1 3.038m  -6.168   0.0069      level2 lines................            
 nInu  8079A  -1.044 918.9620      Ca A 1.005m  -5.337   0.0468      H  1 12.37m  -5.863   0.0139      C  1 943.9A  -5.964   0.0110            
 nFnu  6210A  -3.847   1.4440      Ca A  9546A  -5.523   0.0305      H  1 7.500m  -6.053   0.0090      C  1  1248A  -5.913   0.0124            
 nInu  6210A  -0.8571412.0176      Ca A  9229A  -5.684   0.0211      H  1 5.907m  -6.216   0.0062      C  1  1561A  -6.188   0.0066            
 nFnu  4885A  -4.246   0.5764      Ca A  9015A  -5.825   0.0152      H  1 5.127m  -6.356   0.0045      C  1  1315A  -6.115   0.0078            
 nInu  4885A  -0.7071996.2826      Ca A  8863A  -5.951   0.0114      H  1 19.06m  -6.210   0.0063      C  1  1166A  -6.311   0.0050            
 nFnu  3704A  -4.386   0.4172      Ca A  8750A  -6.065   0.0087      H  1 11.31m  -6.369   0.0043      C  1  1233A  -6.323   0.0048            
 nInu  3704A  -0.6062516.4500      Ca A  8665A  -6.169   0.0069      H  1 8.758m  -6.515   0.0031      C  1  1132A  -6.597   0.0026            
 nFnu  3588A  -2.670  21.7164      Ca A  8598A  -6.265   0.0055      H  1 27.80m  -6.515   0.0031      C  1  1251A  -6.610   0.0025            
 nInu  3588A  -0.6072513.8674      Ca A  8545A  -6.352   0.0045      H  1 16.20m  -6.652   0.0023      C  1  1112A  -6.741   0.0018            
 nFnu  2430A  -3.909   1.2532      Ca A  8502A  -6.432   0.0038      H  1 38.86m  -6.787   0.0017      C  1  1115A  -6.792   0.0016            
 nInu  2430A  -0.3344707.4565      Ca A  8467A  -6.506   0.0032      He 2 303.8A  -6.735   0.0019      C  1  1162A  -6.868   0.0014            
 nFnu  2392A  -3.922   1.2167      Ca A  8438A  -6.574   0.0027      He 2 256.3A  -6.850   0.0014      C  1  1104A  -6.976   0.0011            
 nInu  2392A  -0.3294759.0083      Ca A  8413A  -6.637   0.0023      He-like iso-sequence........      C  1  1109A  -6.991   0.0010            
 nFnu  2071A  -3.906   1.2616      Ca A  8392A  -6.695   0.0020      Hlin 506.0A  -6.290   0.0052      C  2 892.8A  -5.669   0.0218            
 nInu  2071A  -0.2286015.5601      Ca A  8374A  -6.749   0.0018      Ca B  2945A  -6.923   0.0012      C  2 688.8A  -6.088   0.0083            
 nFnu  2053A  -3.900   1.2790      Ca A  8359A  -6.799   0.0016      Ca B  3188A  -6.603   0.0025      C  2  1020A  -4.775   0.1706            
 nInu  2053A  -0.2325954.4897      Ca A  8346A  -6.845   0.0015      Ca B  3889A  -6.194   0.0065      C  2 596.6A  -6.515   0.0031            
 nFnu  1793A  -3.811   1.5691      Ca A  8334A  -6.888   0.0013      Ca B  4026A  -6.818   0.0015      C  2 562.0A  -6.779   0.0017            
 nInu  1793A  -0.1447294.5703      Ca A 4.051m  -5.056   0.0892      Ca B  4471A  -6.482   0.0033      C  2 858.2A  -6.746   0.0018            
 nFnu  1585A  -3.746   1.8213      Ca A 2.625m  -5.331   0.0474      Ca B  5016A  -6.772   0.0017      N  1 942.3A  -5.922   0.0122            
 nInu  1585A  -0.1517175.5308      Ca A 2.166m  -5.561   0.0279      Ca B  5876A  -6.010   0.0099      N  1 952.1A  -5.894   0.0130            
 nFnu  1458A  -3.730   1.8910      Ca A 1.945m  -5.753   0.0179      Ca B  6678A  -6.553   0.0028      N  1  1131A  -5.959   0.0112            
 nInu  1458A  -0.0509055.2666      Ca A 1.817m  -5.918   0.0123      Ca B  7065A  -6.892   0.0013      N  2 634.4A  -6.848   0.0014            
 nFnu  1357A  -3.767   1.7383      Ca A 1.736m  -6.063   0.0088      Ca B 1.083m  -5.499   0.0322      N  2 907.1A  -6.401   0.0040            
 nInu  1357A   0.01310475.964      Ca A 1.681m  -6.193   0.0065      Ca B 1.869m  -6.853   0.0014      O  1 867.3A  -6.089   0.0083            
 nFnu  1297A  -3.861   1.3987      Ca A 1.641m  -6.309   0.0050      Ca B 2.058m  -6.623   0.0024      O  1 787.5A  -6.259   0.0056            
 nInu  1297A  -0.0169795.2461      Ca A 1.611m  -6.416   0.0039      He 1     0   -4.837   0.1480      O  1 976.8A  -5.383   0.0420            
 nFnu  1263A  -4.033   0.9426      Ca A 1.588m  -6.513   0.0031      He 1 584.3A  -5.265   0.0552      O  1 767.7A  -6.684   0.0021            
 nInu  1263A   0.01110431.247      Ca A 1.570m  -6.603   0.0025      He 1 537.0A  -6.050   0.0091      O  1 969.0A  -5.464   0.0349            
 nFnu  1218A  -3.135   7.4454      Ca A 1.556m  -6.687   0.0021      He 1 522.2A  -6.080   0.0085      O  1 946.4A  -5.786   0.0166            
 nInu  1218A  -0.1217697.7456      Ca A 1.544m  -6.764   0.0017      He 1 515.6A  -6.115   0.0078      O  1 934.5A  -6.101   0.0081            
 nFnu  1196A  -4.666   0.2193      Ca A 1.534m  -6.836   0.0015      He 1 512.1A  -6.141   0.0073      O  1 973.6A  -6.352   0.0045            
 nInu  1196A  -0.0578905.0752      Ca A 1.526m  -6.904   0.0013      He 1 625.6A  -4.726   0.1910      O  1 927.5A  -6.357   0.0045            
 nFnu  1175A  -4.874   0.1359      Ca A 1.519m  -6.967   0.0011      TOTL 1.083m  -5.607   0.0251      O  1 948.5A  -6.373   0.0043            
 nInu  1175A  -0.1776756.8506      Ca A 7.458m  -5.532   0.0298      He 1 1.083m  -5.607   0.0251      O  1 923.0A  -6.598   0.0026            
 nFnu  1144A  -4.896   0.1291      Ca A 4.653m  -5.748   0.0181      He 1 1.083m  -6.562   0.0028      O  1 919.9A  -6.848   0.0014            
 nInu  1144A   0.05011402.422      Ca A 3.740m  -5.942   0.0116      He 1 1.083m  -6.084   0.0084      O  1 935.7A  -6.711   0.0020            
 nFnu  1113A  -4.896   0.1290      Ca A 3.296m  -6.110   0.0079      He 1 1.083m  -5.863   0.0139      O  1 917.7A  -6.981   0.0011            
 nInu  1113A   0.03611028.964      Ca A 3.038m  -6.258   0.0056      He 1  3889A  -6.238   0.0059      O  1 928.2A  -6.982   0.0011            
 nFnu  1103A  -4.595   0.2581      Ca A 2.872m  -6.390   0.0041      He 1  3188A  -6.649   0.0023      O  2 530.8A  -6.786   0.0017            
 nInu  1103A   0.06011669.297      Ca A 2.758m  -6.508   0.0032      He 1  2945A  -6.971   0.0011      Ne 1 688.6A  -6.633   0.0024            
 nFnu  1074A  -4.713   0.1967      Ca A 2.674m  -6.616   0.0025      He 1  5016A  -6.789   0.0017      Al 2  1671A  -5.270   0.0545            
 nInu  1074A   0.05111434.897      Ca A 2.612m  -6.716   0.0020      He 1  7065A  -6.973   0.0011      Si 1  1261A  -6.833   0.0015            
 nFnu  1064A  -4.745   0.1827      Ca A 2.564m  -6.808   0.0016      He 1  5876A  -6.007   0.0100      Si 1  1853A  -6.902   0.0013            
 nInu  1064A   0.03210948.498      Ca A 2.525m  -6.893   0.0013      He 1  4471A  -6.504   0.0032      Si 2  1180A  -4.896   0.1290            
 nFnu  1036A  -4.794   0.1633      Ca A 2.495m  -6.973   0.0011      He 1  4026A  -6.846   0.0014      Si 2 993.4A  -5.412   0.0393            
 nInu  1036A  -0.0119908.5781      Ca A 12.37m  -5.939   0.0117      He 1  6678A  -6.547   0.0029      Si 2  1024A  -6.293   0.0052            
 nFnu  1000A  -4.811   0.1570      Ca A 7.500m  -6.112   0.0079      He 1 1.869m  -6.823   0.0015      S  2 750.3A  -6.241   0.0058            
 nInu  1000A  -0.0149835.9277      Ca A 5.907m  -6.278   0.0054      Pho+  3889A  -4.855   0.1417      S  2 632.7A  -6.880   0.0013            
 nFnu 925.1A  -4.776   0.1702      Ca A 5.127m  -6.426   0.0038      database lines..............      S  2 888.4A  -6.539   0.0029            
 nInu 925.1A  -0.2555646.1211      Ca A 4.671m  -6.559   0.0028      level 1 lines...............      Ar 1  1096A  -6.512   0.0031            
 nFnu 897.8A  -1.580 267.1500      Ca A 4.375m  -6.679   0.0021      C  1  1656A  -5.701   0.0202      P  2 967.2A  -6.877   0.0013            
 nInu 897.8A  -1.301 508.2961      Ca A 4.170m  -6.788   0.0017      REC   1656A  -6.498   0.0032      P  2 963.8A  -6.428   0.0038            
 nFnu 760.0A  -4.301   0.5084      Ca A 4.020m  -6.889   0.0013      C Ic  9850A  -5.656   0.0224      Cr 2  2060A  -6.743   0.0018            
 nInu 760.0A  -1.374 428.9797      Ca A 3.906m  -6.983   0.0011      TOTL  9850A  -5.654   0.0225      Mn 2  2590A  -6.559   0.0028            
 nFnu 701.5A  -4.828   0.1511      Ca A 19.06m  -6.294   0.0052      C  2 157.6m  -6.193   0.0065      Mn 2  1199A  -6.941   0.0012            
 nInu 701.5A  -1.509 314.9818      Ca A 11.31m  -6.435   0.0037      C  2  1335A  -4.685   0.2096      Ni 2  1752A  -6.650   0.0023            
 nFnu 608.2A  -6.517   0.0031      Ca A 8.758m  -6.579   0.0027      C  3 977.0A  -6.736   0.0019      Ni 2  1744A  -6.452   0.0036            
 nInu 608.2A  -1.657 223.7342      Ca A 7.506m  -6.710   0.0020      N  1 953.9A  -5.880   0.0134      Ni 2  1473A  -6.817   0.0015            
 nFnu 575.1A  -5.684   0.0210      Ca A 6.770m  -6.830   0.0015      N  1 954.1A  -6.783   0.0017      Ni 2  1376A  -6.479   0.0034            
 nInu 575.1A  -1.667 218.9573      Ca A 6.290m  -6.941   0.0012      N  1  1200A  -4.994   0.1030      Ni 2  1324A  -6.399   0.0041            
 nInu 511.9A  -1.833 149.2405      Ca A 27.80m  -6.609   0.0025      N  1  5200A  -6.730   0.0019      hyperfine structure.........            
 nFnu 496.9A  -3.311   4.9690      Ca A 16.20m  -6.726   0.0019      N  1  5198A  -6.550   0.0029      inner shell.................            
 nInu 496.9A  -2.576  26.9497      Ca A 12.38m  -6.851   0.0014      TOTL  5199A  -6.330   0.0048      molecules...................            
 nInu 399.2A  -2.657  22.3844      Ca A 10.50m  -6.969   0.0011      N  2  6584A  -5.085   0.0836      H-FB     0   -6.125   0.0076            
 RRC.........................      Ca A 38.86m  -6.892   0.0013      N  2  6548A  -5.555   0.0283      H-FF     0   -6.234   0.0059            
 H  1 911.8A  -2.938  11.7144      Ca A 22.33m  -6.990   0.0010      N  2 121.7m  -6.596   0.0026      H-CT  6563A  -5.681   0.0212            
 H  1  3646A  -4.132   0.7501      Ca B  6563A  -3.578   2.6836      N  2  1085A  -5.037   0.0934      H2+      0   -6.371   0.0043            

                                                    Emergent line intensities
 general properties..........      nInu 575.1A  -1.667 218.9574      Ca B 2.166m  -5.534   0.0297      Si 2  1263A  -4.774   0.1711            
 TOTL  4861A  -4.007   1.0000      nInu 511.9A  -1.833 149.2406      Ca B 1.945m  -5.725   0.0191      P  2 32.87m  -6.501   0.0032            
 TOTL  1216A  -2.474  34.0906      nFnu 496.9A  -3.311   4.9690      Ca B 1.817m  -5.889   0.0131      P  2 1.189m  -6.748   0.0018            
 continua....................      nInu 496.9A  -2.576  26.9497      Ca B 1.736m  -6.033   0.0094      S  1 25.19m  -6.921   0.0012            
 Bac   3646A  -2.626  24.0273      nInu 399.2A  -2.657  22.3844      Ca B 1.681m  -6.162   0.0070      S  2  6720A  -4.802   0.1603            
 nFnu  3645A  -2.618  24.4818      RRC.........................      Ca B 1.641m  -6.277   0.0054      S  2  4074A  -5.932   0.0119            
 nFnu  3647A  -4.349   0.4544      grains......................      Ca B 1.611m  -6.383   0.0042      S  2 1.033m  -6.101   0.0080            
 cout  3646A  -2.927  12.0137      H-like iso-sequence.........      Ca B 1.588m  -6.479   0.0034      S II  6731A  -4.980   0.1064            
 cref  3646A  -2.927  12.0137      Ca B  1216A  -2.543  29.1188      Ca B 1.570m  -6.567   0.0028      S II  6716A  -5.275   0.0539            
 thin  3646A  -2.626  24.0273      Q(H)  4861A  -3.307   5.0113      Ca B 1.556m  -6.649   0.0023      S II  4070A  -6.057   0.0089            
 Inci  4860A  -0.7271904.7832      Q(H)  1216A  -1.787 166.0119      Ca B 1.544m  -6.724   0.0019      S II  4078A  -6.535   0.0030            
 Inci  1215A  -0.1197728.1821      CaBo  4861A  -4.150   0.7192      Ca B 1.534m  -6.793   0.0016      S II 1.032m  -6.548   0.0029            
 FIR  83.00m  -2.457  35.4927      Ca A  1216A  -2.669  21.7630      Ca B 1.526m  -6.856   0.0014      S II 1.029m  -6.684   0.0021            
 TIR   1800m  -4.752   0.1800      Ca A  1026A  -3.403   4.0157      Ca B 1.519m  -6.915   0.0012      S II 1.037m  -6.994   0.0010            
 NIRa 2.850m  -1.142 733.2568      Ca A 972.5A  -3.827   1.5121      Ca B 1.513m  -6.970   0.0011      S II 1.034m  -6.697   0.0020            
 NIRb 3.000m  -1.426 381.3409      Ca A 949.7A  -4.135   0.7450      Ca B 7.458m  -5.515   0.0310      S  2  1256A  -6.174   0.0068            
 MIRa 15.00m  -2.761  17.6326      Ca A 937.8A  -4.377   0.4264      Ca B 4.653m  -5.731   0.0189      S  3 18.67m  -6.024   0.0096            
 MIRb 22.50m  -2.605  25.2448      Ca A 930.8A  -4.578   0.2685      Ca B 3.740m  -5.924   0.0121      S  3 33.47m  -6.668   0.0022            
 NMIR 21.75m  -1.142 733.2568      Ca A 926.2A  -4.749   0.1809      Ca B 3.296m  -6.091   0.0082      S  3  9532A  -6.534   0.0030            
 TFIR 611.2m  -2.971  10.8666      Ca A 923.2A  -4.899   0.1283      Ca B 3.038m  -6.238   0.0059      S  3  9069A  -6.928   0.0012            
 TALL 10000A   0.05511535.930      Ca A 921.0A  -5.030   0.0947      Ca B 2.872m  -6.369   0.0043      Cl 2 33.30m  -6.841   0.0015            
 F12  12.00m  -3.335   4.6988      Ca A 919.4A  -5.147   0.0724      Ca B 2.758m  -6.487   0.0033      Cl 2 14.40m  -5.528   0.0301            
 F25  25.00m  -3.237   5.8821      Ca A 918.1A  -5.250   0.0571      Ca B 2.674m  -6.594   0.0026      Cl 2  8579A  -5.976   0.0107            
 F60  60.00m  -2.853  14.2611      Ca A 917.2A  -5.342   0.0463      Ca B 2.612m  -6.693   0.0021      Cl 2  9124A  -6.554   0.0028            
 F100 100.0m  -3.046   9.1349      Ca A 916.4A  -5.422   0.0384      Ca B 2.564m  -6.783   0.0017      Ar 2 6.980m  -4.666   0.2193            
 MIPS 24.00m  -3.488   3.3031      Ca A 915.8A  -5.493   0.0326      Ca B 2.525m  -6.868   0.0014      Ar 3 9.000m  -6.257   0.0056            
 MIPS 70.00m  -3.206   6.3238      Ca A 915.3A  -5.556   0.0283      Ca B 2.495m  -6.945   0.0012      Ca 1  4228A  -7.005   0.0010            
 MIPS 160.0m  -3.440   3.6892      Ca A 914.9A  -5.610   0.0249      Ca B 12.37m  -5.922   0.0121      Ca 2  3933A  -6.087   0.0083            
 IRAC 3.600m  -2.960  11.1372      Ca A 914.6A  -5.656   0.0224      Ca B 7.500m  -6.097   0.0081      Ca 2  7306A  -4.575   0.2704            
 IRAC 4.500m  -3.236   5.8990      Ca A 914.3A  -5.694   0.0205      Ca B 5.907m  -6.263   0.0055      Ca2K  3934A  -6.276   0.0054            
 IRAC 5.800m  -3.418   3.8836      Ca A 914.0A  -5.725   0.0191      Ca B 5.127m  -6.411   0.0039      Ca2H  3969A  -6.540   0.0029            
 IRAC 8.000m  -3.452   3.5870      Ca A 913.8A  -5.749   0.0181      Ca B 4.671m  -6.543   0.0029      CaF1  7291A  -4.802   0.1604            
 SPR1 250.0m  -3.863   1.3926      Ca A 913.6A  -5.768   0.0173      Ca B 4.375m  -6.662   0.0022      CaF2  7324A  -4.965   0.1100            
 SPR2 350.0m  -4.298   0.5114      Ca A 913.5A  -5.783   0.0167      Ca B 4.170m  -6.771   0.0017      Fe 2  4300A  -5.361   0.0443            
 SPR3 500.0m  -4.684   0.2103      Ca A 913.3A  -5.796   0.0162      Ca B 4.020m  -6.871   0.0014      Fe 2  2400A  -5.222   0.0609            
 PAC1 70.00m  -3.145   7.2759      Ca A  6563A  -3.734   1.8747      Ca B 3.906m  -6.964   0.0011      Fe 2  1080A  -6.989   0.0010            
 PAC2 100.0m  -3.041   9.2418      Ca A  4861A  -4.221   0.6108      Ca B 19.06m  -6.277   0.0054      Fe 2 25.98m  -4.182   0.6684            
 PAC3 160.0m  -3.184   6.6569      Ca A  4340A  -4.561   0.2794      Ca B 11.31m  -6.420   0.0039      Fe 2 5.339m  -4.669   0.2179            
 PAH  3.300m  -3.742   1.8382      Ca A  4102A  -4.821   0.1536      Ca B 8.758m  -6.564   0.0028      Fe 2 4.114m  -5.983   0.0106            
 PAHC 3.230m  -4.006   1.0020      Ca A  3970A  -5.032   0.0944      Ca B 7.506m  -6.696   0.0020      Fe 2 1.257m  -4.094   0.8183            
 PAHC 3.370m  -4.083   0.8399      Ca A  3889A  -5.211   0.0625      Ca B 6.770m  -6.816   0.0016      Fe 2 35.34m  -4.722   0.1926            
 PAH  6.200m  -3.988   1.0445      Ca A  3835A  -5.366   0.0438      Ca B 6.290m  -6.926   0.0012      Fe 2 6.719m  -6.497   0.0032            
 PAHC 5.650m  -3.888   1.3152      Ca A  3798A  -5.503   0.0319      Ca B 27.80m  -6.592   0.0026      Fe 2 4.888m  -6.437   0.0037            
 PAH  7.900m  -3.937   1.1750      Ca A  3771A  -5.626   0.0240      Ca B 16.20m  -6.711   0.0020      Fe 2 4.075m  -6.410   0.0040            
 PAHC 6.900m  -3.757   1.7765      Ca A  3750A  -5.738   0.0186      Ca B 12.38m  -6.837   0.0015      Fe 2 1.321m  -4.671   0.2165            
 PAH  11.30m  -4.562   0.2788      Ca A  3734A  -5.839   0.0147      Ca B 10.50m  -6.955   0.0011      Fe 2 1.249m  -5.706   0.0200            
 PAHC 10.90m  -4.560   0.2796      Ca A  3722A  -5.932   0.0119      Ca B 38.86m  -6.874   0.0014      Fe 2  7638A  -5.883   0.0133            
 PAH  11.80m  -4.344   0.4599      Ca A  3712A  -6.016   0.0098      Ca B 22.33m  -6.974   0.0011      Fe 2 51.29m  -5.413   0.0393            
 PAHC 12.65m  -4.216   0.6183      Ca A  3704A  -6.092   0.0082      H  1  1216A  -2.474  34.0906      Fe 2 8.297m  -6.588   0.0026            
 PAH  13.30m  -4.315   0.4913      Ca A  3697A  -6.161   0.0070      H  1  1026A  -4.187   0.6609      Fe 2 5.672m  -5.811   0.0157            
 PAHC 14.10m  -4.305   0.5039      Ca A  3692A  -6.222   0.0061      H  1 972.5A  -4.562   0.2787      Fe 2 4.606m  -6.222   0.0061            
 Bcon  3640A  -0.0419234.1455      Ca A  3687A  -6.278   0.0054      H  1 949.7A  -4.356   0.4477      Fe 2 4.081m  -6.306   0.0050            
 Pcon  5000A  -0.8421461.2654      Ca A  3683A  -6.327   0.0048      H  1 937.8A  -4.424   0.3831      Fe 2 1.372m  -4.896   0.1292            
 nFnu 122.4m  -5.851   0.0143      Ca A  3679A  -6.372   0.0043      H  1 930.8A  -4.529   0.3004      Fe 2 1.294m  -5.038   0.0932            
 nInu 122.4m  -2.631  23.7753      Ca A  3676A  -6.412   0.0039      H  1 926.2A  -4.611   0.2490      Fe 2  7687A  -6.202   0.0064            
 nFnu 60.83m  -5.610   0.0249      Ca A  3674A  -6.448   0.0036      H  1 923.2A  -4.619   0.2443      Fe 2 87.36m  -6.487   0.0033            
 nInu 60.83m  -2.678  21.3283      Ca A  3671A  -6.481   0.0034      H  1 921.0A  -4.722   0.1929      Fe 2 9.898m  -6.665   0.0022            
 nFnu 41.22m  -5.444   0.0365      Ca A 1.875m  -4.481   0.3357      H  1  6563A  -3.525   3.0332      Fe 2 5.061m  -6.884   0.0013            
 nInu 41.22m  -2.789  16.4969      Ca A 1.282m  -4.839   0.1473      H  1  4861A  -4.007   1.0000      Fe 2 4.434m  -6.187   0.0066            
 nFnu 30.87m  -5.336   0.0468      Ca A 1.094m  -5.115   0.0780      H  1  4340A  -4.267   0.5498      Fe 2 1.328m  -5.283   0.0529            
 nInu 30.87m  -2.887  13.1857      Ca A 1.005m  -5.337   0.0468      H  1  4102A  -4.479   0.3370      Fe 2 1.279m  -5.252   0.0568            
 nFnu 24.78m  -5.254   0.0567      Ca A  9546A  -5.523   0.0305      H  1  3970A  -4.669   0.2175      Fe 2 1.252m  -6.149   0.0072            
 nInu 24.78m  -2.962  11.0953      Ca A  9229A  -5.684   0.0211      H  1  3889A  -4.825   0.1520      Fe 2  7665A  -6.751   0.0018            
 nFnu 24.30m  -5.247   0.0575      Ca A  9015A  -5.825   0.0152      H  1  3835A  -4.924   0.1210      Fe 2 11.16m  -6.717   0.0019            
 nInu 24.30m  -2.969  10.9226      Ca A  8863A  -5.951   0.0114      H  1  3798A  -5.055   0.0894      Fe 2 1.298m  -5.616   0.0246            
 nFnu 22.83m  -5.221   0.0611      Ca A  8750A  -6.065   0.0087      H  1 1.875m  -4.405   0.4002      Fe 2 1.270m  -5.436   0.0372            
 nInu 22.83m  -2.989  10.4203      Ca A  8665A  -6.169   0.0069      H  1 1.282m  -4.734   0.1874      Fe 2 17.93m  -4.064   0.8776            
 nFnu 21.42m  -5.200   0.0641      Ca A  8598A  -6.265   0.0055      H  1 1.094m  -4.983   0.1056      Fe 2 1.644m  -4.167   0.6921            
 nInu 21.42m  -3.011   9.9021      Ca A  8545A  -6.352   0.0045      H  1 1.005m  -5.189   0.0657      Fe 2 1.533m  -4.983   0.1058            
 nFnu 21.12m  -5.195   0.0648      Ca A  8502A  -6.432   0.0038      H  1  9546A  -5.358   0.0445      Fe 2  8617A  -5.305   0.0503            
 nInu 21.12m  -3.016   9.7863      Ca A  8467A  -6.506   0.0032      H  1  9229A  -5.482   0.0335      Fe 2 24.51m  -4.702   0.2017            
 nFnu 19.62m  -5.165   0.0695      Ca A  8438A  -6.574   0.0027      H  1  9015A  -5.606   0.0252      Fe 2 1.809m  -4.870   0.1371            
 nInu 19.62m  -3.037   9.3290      Ca A  8413A  -6.637   0.0023      H  1 4.051m  -4.989   0.1042      Fe 2 1.677m  -5.122   0.0767            
 nFnu 17.65m  -5.120   0.0770      Ca A  8392A  -6.695   0.0020      H  1 2.625m  -5.261   0.0556      Fe 2 1.599m  -5.192   0.0654            
 nInu 17.65m  -3.055   8.9515      Ca A  8374A  -6.749   0.0018      H  1 2.166m  -5.483   0.0334      Fe 2  9052A  -5.963   0.0111            
 nFnu 17.37m  -5.116   0.0778      Ca A  8359A  -6.799   0.0016      H  1 1.945m  -5.664   0.0220      Fe 2  8892A  -5.846   0.0145            
 nInu 17.37m  -3.057   8.9012      Ca A  8346A  -6.845   0.0015      H  1 1.817m  -5.805   0.0159      Fe 2 35.77m  -5.511   0.0313            
 nFnu 15.69m  -5.085   0.0836      Ca A  8334A  -6.888   0.0013      H  1 1.736m  -5.933   0.0119      Fe 2 1.800m  -5.294   0.0517            
 nInu 15.69m  -3.074   8.5732      Ca A 4.051m  -5.056   0.0892      H  1 7.458m  -5.463   0.0350      Fe 2 1.711m  -5.773   0.0171            
 nFnu 14.60m  -5.051   0.0903      Ca A 2.625m  -5.331   0.0474      H  1 4.653m  -5.690   0.0208      Fe 2 1.664m  -5.477   0.0339            
 nInu 14.60m  -3.085   8.3507      Ca A 2.166m  -5.561   0.0279      H  1 3.740m  -5.880   0.0134      Fe 2  9399A  -6.740   0.0018            
 nFnu 12.43m  -4.987   0.1047      Ca A 1.945m  -5.753   0.0179      H  1 3.296m  -6.034   0.0094      Fe 2  9227A  -6.102   0.0080            
 nInu 12.43m  -3.112   7.8491      Ca A 1.817m  -5.918   0.0123      H  1 3.038m  -6.168   0.0069      Fe 2  9033A  -6.500   0.0032            
 nFnu 11.40m  -4.963   0.1107      Ca A 1.736m  -6.063   0.0088      H  1 12.37m  -5.863   0.0139      Fe 2 1.797m  -5.546   0.0289            
 nInu 11.40m  -3.126   7.6025      Ca A 1.681m  -6.193   0.0065      H  1 7.500m  -6.053   0.0090      Fe 2 1.745m  -5.785   0.0167            
 nFnu 10.46m  -4.919   0.1224      Ca A 1.641m  -6.309   0.0050      H  1 5.907m  -6.216   0.0062      Fe 2  9471A  -6.667   0.0022            
 nInu 10.46m  -3.140   7.3636      Ca A 1.611m  -6.416   0.0039      H  1 5.127m  -6.356   0.0045      Fe 2  9268A  -6.395   0.0041            
 nFnu 9.480m  -4.893   0.1301      Ca A 1.588m  -6.513   0.0031      H  1 19.06m  -6.210   0.0063      Fe 2 22.90m  -6.207   0.0063            
 nInu 9.480m  -3.136   7.4301      Ca A 1.570m  -6.603   0.0025      H  1 11.31m  -6.369   0.0043      Fe 2 1.811m  -6.760   0.0018            
 nFnu 9.325m  -4.889   0.1313      Ca A 1.556m  -6.687   0.0021      H  1 8.758m  -6.515   0.0031      Fe 2 34.65m  -6.968   0.0011            
 nInu 9.325m  -3.132   7.4942      Ca A 1.544m  -6.764   0.0017      H  1 27.80m  -6.515   0.0031      Fe2b  7000A  -5.664   0.0220            
 nFnu 8.210m  -4.829   0.1506      Ca A 1.534m  -6.836   0.0015      H  1 16.20m  -6.652   0.0023      Fe2b 10000A  -3.563   2.7817            
 nInu 8.210m  -3.087   8.3237      Ca A 1.526m  -6.904   0.0013      H  1 38.86m  -6.787   0.0017      Fe2b  7445A  -5.664   0.0220            
 nFnu 7.580m  -4.811   0.1572      Ca A 1.519m  -6.967   0.0011      He 2 303.8A  -6.763   0.0018      Fe2b  8625A  -5.034   0.0940            
 nInu 7.580m  -3.046   9.1342      Ca A 7.458m  -5.532   0.0298      He 2 256.3A  -6.874   0.0014      Fe2b 1.033m  -6.667   0.0022            
 nFnu 7.050m  -4.757   0.1779      Ca A 4.653m  -5.748   0.0181      He-like iso-sequence........      Fe2b 1.889m  -4.600   0.2552            
 nInu 7.050m  -3.004  10.0699      Ca A 3.740m  -5.942   0.0116      Hlin 506.0A  -6.290   0.0052      Fe 2  1786A  -4.951   0.1137            
 nFnu 4.114m  -4.535   0.2962      Ca A 3.296m  -6.110   0.0079      Ca B  2945A  -6.923   0.0012      Fe 3 22.92m  -6.949   0.0011            
 nInu 4.114m  -2.482  33.4618      Ca A 3.038m  -6.258   0.0056      Ca B  3188A  -6.603   0.0025      recombination...............            
 nFnu 2.324m  -4.425   0.3823      Ca A 2.872m  -6.390   0.0041      Ca B  3889A  -6.194   0.0065      O  1  1357A  -6.286   0.0053            
 nInu 2.324m  -1.883 133.0688      Ca A 2.758m  -6.508   0.0032      Ca B  4026A  -6.818   0.0015      C  1  1140A  -6.343   0.0046            
 nFnu 1.643m  -4.293   0.5175      Ca A 2.674m  -6.616   0.0025      Ca B  4471A  -6.482   0.0033      N  1 980.7A  -6.737   0.0019            
 nInu 1.643m  -1.482 334.8796      Ca A 2.612m  -6.716   0.0020      Ca B  5016A  -6.772   0.0017      O  1  7950A  -6.854   0.0014            
 nFnu 1.480m  -4.340   0.4639      Ca A 2.564m  -6.808   0.0016      Ca B  5876A  -6.010   0.0099      level2 lines................            
 nInu 1.480m  -1.418 388.3720      Ca A 2.525m  -6.893   0.0013      Ca B  6678A  -6.553   0.0028      C  1 943.9A  -5.964   0.0110            
 nFnu 1.436m  -3.908   1.2558      Ca A 2.495m  -6.973   0.0011      Ca B  7065A  -6.892   0.0013      C  1  1248A  -5.913   0.0124            
 nInu 1.436m  -1.393 410.9019      Ca A 12.37m  -5.939   0.0117      Ca B 1.083m  -5.499   0.0322      C  1  1561A  -6.188   0.0066            
 nFnu 1.119m  -4.073   0.8589      Ca A 7.500m  -6.112   0.0079      Ca B 1.869m  -6.853   0.0014      C  1  1315A  -6.115   0.0078            
 nInu 1.119m  -1.226 603.8231      Ca A 5.907m  -6.278   0.0054      Ca B 2.058m  -6.623   0.0024      C  1  1166A  -6.311   0.0050            
 nFnu  8330A  -4.344   0.4602      Ca A 5.127m  -6.426   0.0038      He 1 584.3A  -5.308   0.0500      C  1  1233A  -6.323   0.0048            
 nInu  8330A  -1.069 865.9969      Ca A 4.671m  -6.559   0.0028      He 1 537.0A  -6.069   0.0087      C  1  1132A  -6.597   0.0026            
 nFnu  8079A  -3.441   3.6784      Ca A 4.375m  -6.679   0.0021      He 1 522.2A  -6.102   0.0080      C  1  1251A  -6.610   0.0025            
 nInu  8079A  -1.044 918.9626      Ca A 4.170m  -6.788   0.0017      He 1 515.6A  -6.143   0.0073      C  1  1112A  -6.741   0.0018            
 nFnu  6210A  -3.847   1.4440      Ca A 4.020m  -6.889   0.0013      He 1 512.1A  -6.176   0.0068      C  1  1115A  -6.792   0.0016            
 nInu  6210A  -0.8571412.0186      Ca A 3.906m  -6.983   0.0011      He 1 625.6A  -4.831   0.1499      C  1  1162A  -6.868   0.0014            
 nFnu  4885A  -4.246   0.5764      Ca A 19.06m  -6.294   0.0052      TOTL 1.083m  -5.607   0.0251      C  1  1104A  -6.976   0.0011            
 nInu  4885A  -0.7071996.2841      Ca A 11.31m  -6.435   0.0037      He 1 1.083m  -5.607   0.0251      C  1  1109A  -6.991   0.0010            
 nFnu  3704A  -4.386   0.4172      Ca A 8.758m  -6.579   0.0027      He 1 1.083m  -6.562   0.0028      C  2 892.8A  -5.810   0.0157            
 nInu  3704A  -0.6062516.4517      Ca A 7.506m  -6.710   0.0020      He 1 1.083m  -6.084   0.0084      C  2 688.8A  -6.183   0.0067            
 nFnu  3588A  -2.670  21.7165      Ca A 6.770m  -6.830   0.0015      He 1 1.083m  -5.863   0.0139      C  2  1020A  -4.775   0.1706            
 nInu  3588A  -0.6072513.8694      Ca A 6.290m  -6.941   0.0012      He 1  3889A  -6.238   0.0059      C  2 596.6A  -6.595   0.0026            
 nFnu  2430A  -3.909   1.2532      Ca A 27.80m  -6.609   0.0025      He 1  3188A  -6.649   0.0023      C  2 562.0A  -6.855   0.0014            
 nInu  2430A  -0.3344707.4600      Ca A 16.20m  -6.726   0.0019      He 1  2945A  -6.971   0.0011      C  2 858.2A  -6.937   0.0012            
 nFnu  2392A  -3.922   1.2167      Ca A 12.38m  -6.851   0.0014      He 1  5016A  -6.789   0.0017      N  1 942.3A  -5.922   0.0122            
 nInu  2392A  -0.3294759.0117      Ca A 10.50m  -6.969   0.0011      He 1  7065A  -6.973   0.0011      N  1 952.1A  -5.894   0.0130            
 nFnu  2071A  -3.906   1.2616      Ca A 38.86m  -6.892   0.0013      He 1  5876A  -6.007   0.0100      N  1  1131A  -5.959   0.0112            
 nInu  2071A  -0.2286015.5645      Ca A 22.33m  -6.990   0.0010      He 1  4471A  -6.504   0.0032      N  2 634.4A  -6.949   0.0011            
 nFnu  2053A  -3.900   1.2790      Ca B  6563A  -3.578   2.6836      He 1  4026A  -6.846   0.0014      N  2 907.1A  -6.607   0.0025            
 nInu  2053A  -0.2325954.4941      Ca B  4861A  -4.064   0.8764      He 1  6678A  -6.547   0.0029      O  1 867.3A  -6.260   0.0056            
 nFnu  1793A  -3.811   1.5691      Ca B  4340A  -4.405   0.4002      He 1 1.869m  -6.823   0.0015      O  1 787.5A  -6.405   0.0040            
 nInu  1793A  -0.1447294.5752      Ca B  4102A  -4.666   0.2192      Pho+  3889A  -4.855   0.1417      O  1 976.8A  -5.383   0.0420            
 nFnu  1585A  -3.746   1.8213      Ca B  3970A  -4.879   0.1342      database lines..............      O  1 767.7A  -6.834   0.0015            
 nInu  1585A  -0.1517175.5356      Ca B  3889A  -5.059   0.0887      level 1 lines...............      O  1 969.0A  -5.464   0.0349            
 nFnu  1458A  -3.730   1.8910      Ca B  3835A  -5.215   0.0620      C  1  1656A  -5.701   0.0202      O  1 946.4A  -5.786   0.0166            
 nInu  1458A  -0.0509055.2734      Ca B  3798A  -5.352   0.0451      REC   1656A  -6.498   0.0032      O  1 934.5A  -6.101   0.0081            
 nFnu  1357A  -3.767   1.7383      Ca B  3771A  -5.475   0.0340      C Ic  9850A  -5.656   0.0224      O  1 973.6A  -6.352   0.0045            
 nInu  1357A   0.01310475.972      Ca B  3750A  -5.586   0.0264      TOTL  9850A  -5.654   0.0225      O  1 927.5A  -6.358   0.0045            
 nFnu  1297A  -3.861   1.3987      Ca B  3734A  -5.686   0.0209      C  2 157.6m  -6.193   0.0065      O  1 948.5A  -6.373   0.0043            
 nInu  1297A  -0.0169795.2529      Ca B  3722A  -5.777   0.0170      C  2  1335A  -4.685   0.2096      O  1 923.0A  -6.598   0.0026            
 nFnu  1263A  -4.033   0.9426      Ca B  3712A  -5.859   0.0141      C  3 977.0A  -6.736   0.0019      O  1 919.9A  -6.848   0.0014            
 nInu  1263A   0.01110431.255      Ca B  3704A  -5.933   0.0118      N  1 953.9A  -5.880   0.0134      O  1 935.7A  -6.711   0.0020            
 nFnu  1218A  -3.135   7.4454      Ca B  3697A  -6.000   0.0102      N  1 954.1A  -6.783   0.0017      O  1 917.7A  -6.981   0.0011            
 nInu  1218A  -0.1217697.7515      Ca B  3692A  -6.061   0.0088      N  1  1200A  -4.994   0.1030      O  1 928.2A  -6.982   0.0011            
 nFnu  1196A  -4.666   0.2193      Ca B  3687A  -6.115   0.0078      N  1  5200A  -6.730   0.0019      O  2 530.8A  -6.849   0.0014            
 nInu  1196A  -0.0578905.0820      Ca B  3683A  -6.164   0.0070      N  1  5198A  -6.550   0.0029      Ne 1 688.6A  -6.748   0.0018            
 nFnu  1175A  -4.874   0.1359      Ca B  3679A  -6.209   0.0063      TOTL  5199A  -6.330   0.0048      Al 2  1671A  -5.270   0.0545            
 nInu  1175A  -0.1776756.8555      Ca B  3676A  -6.249   0.0057      N  2  6584A  -5.085   0.0836      Si 1  1261A  -6.833   0.0015            
 nFnu  1144A  -4.896   0.1291      Ca B  3674A  -6.286   0.0053      N  2  6548A  -5.555   0.0283      Si 1  1853A  -6.902   0.0013            
 nInu  1144A   0.05011402.431      Ca B  3671A  -6.321   0.0049      N  2 121.7m  -6.596   0.0026      Si 2  1180A  -4.896   0.1290            
 nFnu  1113A  -4.896   0.1290      Ca B 1.875m  -4.442   0.3673      N  2  1085A  -5.037   0.0934      Si 2 993.4A  -5.412   0.0393            
 nInu  1113A   0.03611028.972      Ca B 1.282m  -4.791   0.1643      O  1  6300A  -5.622   0.0243      Si 2  1024A  -6.293   0.0052            
 nFnu  1103A  -4.595   0.2581      Ca B 1.094m  -5.063   0.0879      O  1  6363A  -6.118   0.0077      S  2 750.3A  -6.360   0.0044            
 nInu  1103A   0.06011669.305      Ca B 1.005m  -5.283   0.0530      O  1 63.17m  -4.841   0.1464      S  2 632.7A  -6.978   0.0011            
 nFnu  1074A  -4.713   0.1967      Ca B  9546A  -5.468   0.0346      O  1 145.5m  -6.170   0.0069      S  2 888.4A  -6.733   0.0019            
 nInu  1074A   0.05111434.905      Ca B  9229A  -5.627   0.0240      TOTL  3727A  -5.766   0.0174      Ar 1  1096A  -6.512   0.0031            
 nFnu  1064A  -4.745   0.1827      Ca B  9015A  -5.768   0.0173      IONZ  3727A  -6.719   0.0019      P  2 967.2A  -6.877   0.0013            
 nInu  1064A   0.03210948.506      Ca B  8863A  -5.893   0.0130      O II  3729A  -6.309   0.0050      P  2 963.8A  -6.428   0.0038            
 nFnu  1036A  -4.794   0.1633      Ca B  8750A  -6.006   0.0100      O II  3726A  -5.986   0.0105      Cr 2  2060A  -6.743   0.0018            
 nInu  1036A  -0.0119908.5859      Ca B  8665A  -6.109   0.0079      O  2 833.8A  -6.096   0.0081      Mn 2  2590A  -6.559   0.0028            
 nFnu  1000A  -4.811   0.1570      Ca B  8598A  -6.202   0.0064      Ne 2 12.81m  -4.809   0.1578      Mn 2  1199A  -6.941   0.0012            
 nInu  1000A  -0.0149835.9355      Ca B  8545A  -6.287   0.0052      Ne 3 15.55m  -6.819   0.0015      Ni 2  1752A  -6.650   0.0023            
 nFnu 925.1A  -4.776   0.1702      Ca B  8502A  -6.365   0.0044      Na 1  5892A  -6.627   0.0024      Ni 2  1744A  -6.452   0.0036            
 nInu 925.1A  -0.2555646.1250      Ca B  8467A  -6.436   0.0037      Mg 1  2853A  -5.738   0.0186      Ni 2  1473A  -6.817   0.0015            
 nFnu 897.8A  -1.580 267.1501      Ca B  8438A  -6.501   0.0032      Mg 1  2026A  -6.717   0.0020      Ni 2  1376A  -6.479   0.0034            
 nInu 897.8A  -1.301 508.2965      Ca B  8413A  -6.560   0.0028      TOTL  2798A  -4.878   0.1345      Ni 2  1324A  -6.399   0.0041            
 nFnu 760.0A  -4.301   0.5084      Ca B  8392A  -6.613   0.0025      Mg 2  2796A  -5.129   0.0755      hyperfine structure.........            
 nInu 760.0A  -1.374 428.9800      Ca B  8374A  -6.663   0.0022      Mg 2  2803A  -5.236   0.0590      inner shell.................            
 nFnu 701.5A  -4.828   0.1511      Ca B  8359A  -6.708   0.0020      Si 1  2518A  -7.001   0.0010      molecules...................            
 nInu 701.5A  -1.509 314.9821      Ca B  8346A  -6.750   0.0018      Si 2 34.81m  -4.502   0.3197      H-CT  6563A  -5.681   0.0212            
 nFnu 608.2A  -6.517   0.0031      Ca B  8334A  -6.790   0.0016      Si 2  1814A  -6.923   0.0012            
 nInu 608.2A  -1.657 223.7343      Ca B 4.051m  -5.035   0.0937      Si 2  1531A  -5.403   0.0401            
 nFnu 575.1A  -5.684   0.0210      Ca B 2.625m  -5.307   0.0501      Si 2  1308A  -5.437   0.0372            



                                                                           
 Cooling:  HFBc     0 :0.121 Fe2c     0 :0.648  
 Heating:  BFH1     0 :0.967  

 These are some of the most important databases used by Cloudy:
 Many recombination coefficients were taken from http://amdpp.phys.strath.ac.uk/tamoc/RR/ and http://amdpp.phys.strath.ac.uk/tamoc/DR/
      and are based on the following papers:
        Badnell N. R., et al., A&A 406, 1151 (2003) [http://adsabs.harvard.edu/abs/2003A%26A...406.1151B]
        Badnell N. R., ApJS 167, 334 (2006) [http://adsabs.harvard.edu/abs/2006ApJS..167..334B]
 Much of the molecular emission data is from LAMDA as accessed on Dec. 18, 2010. This database is described in:
        Schoeier F.L., et al., A&A 432, 369 (2005) [http://adsabs.harvard.edu/abs/2005A%26A...432..369S]
      This database is in part based on the work of the following groups:
        JPL: Pickett H. M. et al., JQSRT, 60, 883 (1998). [http://adsabs.harvard.edu/abs/1998JQSRT..60..883P]
        CDMS: Mueller H. S. et al., A&A 370, L49 (2001). [http://adsabs.harvard.edu/abs/2001A%26A...370L..49M]
              Mueller H. S. et al., J. Mol. Struct. 742, 215 (2005). [http://adsabs.harvard.edu/abs/2005JMoSt.742..215M]
 Much of the ionic emission data is from version 7.0 of CHIANTI. CHIANTI is a collaborative project involving the NRL (USA), the
      Universities of Florence (Italy) and Cambridge (UK), and George Mason University (USA). These papers describe Chianti:
        Dere K. P., et al., A&AS, 125, 149 (1997) [http://adsabs.harvard.edu/abs/1997A%26AS..125..149D]
        Landi E., et al., ApJ, 744, 99 (2012) [http://adsabs.harvard.edu/abs/2012ApJ...744...99L]
 Much of the H_2 data is from this web site: http://molat.obspm.fr/index.php?page=pages/Molecules/H2/H2can94.php. These data are
      described in:
        Abgrall H. et al., Can. J. Phys., 72, 856 (1994) [http://adsabs.harvard.edu/abs/1994CaJPh..72..856A]
        Wrathmall S. A. & Flower D. R., J. Phys. B, 40, 3221 (2007) [http://adsabs.harvard.edu/abs/2007JPhB...40.3221W]
 Please cite those papers that played a significant role in this calculation.

 IONIZE PARMET:  U(1-) -5.4768  U(4-): -8.0066  U(sp): -5.48  Q(ion):    8.900  L(ion) -1.646    Q(low): 11.568    L(low)  0.045
 ENERGY BUDGET:  Heat:  -3.069  Coolg:  -3.069  Error:  0.1%  Rec Lin:  -3.806  F-F  H  0.000    P(rad/tot)max     2.76E-05

     Col(Heff):      0.000E+00  snd travl time  2.10E+07 sec  Te-low: 3.99E+03  Te-hi: 4.32E+03  G0TH85: 4.26E+02  G0DB96:4.44E+02
  Emiss Measure    n(e)n(p) dl       3.346E+20  n(e)n(He+)dl         2.323E+18  En(e)n(He++) dl         3.152E+14  ne nC+:1.74E+17
 He/Ha:7.38E-03  =   0.09*true  Lthin:4.73E+04  itr/zn:15.22  H2 itr/zn:  0.00  File Opacity: F  MassTot 3.01e-07  (gm/cm^2)
   Temps(21 cm)   T(21cm/Ly a)  3.90E+03        T(<nH/Tkin>)  4.13E+03          T(<nH/Tspin>)    4.12E+03          TB21cm:2.46E-03
                   N(H0/Tspin)  1.61E+13        N(OH/Tkin)    2.19E+02          B(21cm)          0.00E+00
   <a>:1.07E-06  erdeFe0.0E+00  Tcompt7.99E+08  Tthr2.16E+08  <Tden>: 4.13E+03  <dens>:2.27E-20  <MolWgt>8.59E-01
     Mean Jeans  l(cm)2.87E+19  M(sun)1.42E+05  smallest:     len(cm):2.82E+19  M(sun):1.34E+05  a_ox tran:  0.00
 Rion:1.000E+30  Dist:0.00E+00  Diam:0.000E+00
 Hatom level 70  HatomType: add  HInducImp  F  He tot level: 63  He2 level:   70  ExecTime    50.4
 ConvrgError(%)  <eden>  0.069  MaxEden  0.196  <H-C>   0.11  Max(H-C)    0.26  <Press>   0.000  MaxPrs er  0.000
  Continuity(%)  chng Te   2.6  elec den   1.0  n(H2)    0.0  n(CO)        0.0

                                                        Averaged Quantities
             Te      Te(Ne)   Te(NeNp)  Te(NeHe+)Te(NeHe2+) Te(NeO+)  Te(NeO2+)  Te(H2)     N(H)     Ne(O2+)   Ne(Np)
 Radius:  4.13e+03  4.14e+03  4.14e+03  4.14e+03  4.14e+03  4.14e+03  4.14e+03  4.11e+03  1.00e+04  5.05e+03  5.05e+03
 
 Peimbert T(OIIIr)4.18E+03 T(Bac)4.98E+03 T(Hth)4.08E+03 t2(Hstrc) 6.63e-04 T(O3-BAC)4.10E+03 t2(O3-BC) 2.01e-03 t2(O3str) 6.62e-04

 Contin Optical Depths: COMP: 4.45e-08    H-: 1.19e-07 R(1300): 4.44e-07  H2+: 2.66e-09  Pfa:4.45E-08
                          Pa: 4.45e-08    Ba: 1.53e-07      Hb: 1.28e-07   La: 9.56e-04     1r:4.186E-01  1.8:1.63E-01 4.:2.813E-02

 Old, new H  1 continuum optical depths:
     1 4.19e-01     2 6.08e-08     3 1.20e-07     4 1.20e-07     5 1.20e-07     6 2.97e-08     7 2.97e-08     8 2.97e-08
     9 2.97e-08    10 2.58e-15    11 2.58e-15    12 2.58e-15    13 2.58e-15    14 2.58e-15    15 6.28e-15    16 6.28e-15
    17 6.28e-15    18 6.28e-15    19 6.28e-15    20 6.28e-15    21 1.36e-14    22 1.36e-14    23 1.36e-14    24 1.36e-14
    25 1.36e-14    26 1.36e-14    27 1.36e-14    28 2.67e-14    29 2.67e-14    30 2.67e-14    31 2.67e-14    32 2.67e-14
    33 2.67e-14    34 2.67e-14    35 2.67e-14    36 4.89e-14    37 4.89e-14    38 4.89e-14    39 4.89e-14    40 4.89e-14
    41 4.89e-14    42 4.89e-14    43 4.89e-14    44 4.89e-14    45 8.45e-14    46 8.45e-14    47 8.45e-14    48 8.45e-14
    49 8.45e-14    50 8.45e-14    51 8.45e-14    52 8.45e-14    53 8.45e-14    54 8.45e-14
     1 4.19e-01     2 6.08e-08     3 1.20e-07     4 1.20e-07     5 1.20e-07     6 2.97e-08     7 2.97e-08     8 2.97e-08
     9 2.97e-08    10 2.58e-15    11 2.58e-15    12 2.58e-15    13 2.58e-15    14 2.58e-15    15 6.28e-15    16 6.28e-15
    17 6.28e-15    18 6.28e-15    19 6.28e-15    20 6.28e-15    21 1.36e-14    22 1.36e-14    23 1.36e-14    24 1.36e-14
    25 1.36e-14    26 1.36e-14    27 1.36e-14    28 2.67e-14    29 2.67e-14    30 2.67e-14    31 2.67e-14    32 2.67e-14
    33 2.67e-14    34 2.67e-14    35 2.67e-14    36 4.89e-14    37 4.89e-14    38 4.89e-14    39 4.89e-14    40 4.89e-14
    41 4.89e-14    42 4.89e-14    43 4.89e-14    44 4.89e-14    45 8.44e-14    46 8.44e-14    47 8.44e-14    48 8.44e-14
    49 8.44e-14    50 8.44e-14    51 8.44e-14    52 8.44e-14    53 8.44e-14    54 8.44e-14

 Old, new H  1 mean line optical depths:
  2- 1 1.08e+04  3- 2 9.03e-07  4- 3 8.48e-12  5- 4 9.12e-12  6- 5 1.81e-11  7- 6 3.45e-11  8- 7 5.89e-11
  9- 8 9.79e-11 10- 9 1.77e-10
  2- 1 1.08e+04  3- 2 9.03e-07  4- 3 8.48e-12  5- 4 9.12e-12  6- 5 1.81e-11  7- 6 3.45e-11  8- 7 5.89e-11
  9- 8 9.79e-11 10- 9 1.77e-10

 Old, new He 2 continuum optical depths:
     1 2.81e-02     2 4.13e-01     3 5.59e-08     4 5.59e-08     5 5.59e-08     6 6.08e-08     7 6.08e-08     8 6.08e-08
     9 6.08e-08    10 9.70e-08    11 9.70e-08    12 9.70e-08    13 9.70e-08    14 9.70e-08    15 1.20e-07    16 1.20e-07
    17 1.20e-07    18 1.20e-07    19 1.20e-07    20 1.20e-07    21 1.01e-07    22 1.01e-07    23 1.01e-07    24 1.01e-07
    25 1.01e-07    26 1.01e-07    27 1.01e-07    28 2.97e-08    29 2.97e-08    30 2.97e-08    31 2.97e-08    32 2.97e-08
    33 2.97e-08    34 2.97e-08    35 2.97e-08    36 1.43e-15    37 1.43e-15    38 1.43e-15    39 1.43e-15    40 1.43e-15
    41 1.43e-15    42 1.43e-15    43 1.43e-15    44 1.43e-15    45 2.58e-15    46 2.58e-15    47 2.58e-15    48 2.58e-15
    49 2.58e-15    50 2.58e-15    51 2.58e-15    52 2.58e-15    53 2.58e-15    54 2.58e-15
     1 2.81e-02     2 4.13e-01     3 5.59e-08     4 5.59e-08     5 5.59e-08     6 6.08e-08     7 6.08e-08     8 6.08e-08
     9 6.08e-08    10 9.70e-08    11 9.70e-08    12 9.70e-08    13 9.70e-08    14 9.70e-08    15 1.20e-07    16 1.20e-07
    17 1.20e-07    18 1.20e-07    19 1.20e-07    20 1.20e-07    21 1.01e-07    22 1.01e-07    23 1.01e-07    24 1.01e-07
    25 1.01e-07    26 1.01e-07    27 1.01e-07    28 2.97e-08    29 2.97e-08    30 2.97e-08    31 2.97e-08    32 2.97e-08
    33 2.97e-08    34 2.97e-08    35 2.97e-08    36 1.43e-15    37 1.43e-15    38 1.43e-15    39 1.43e-15    40 1.43e-15
    41 1.43e-15    42 1.43e-15    43 1.43e-15    44 1.43e-15    45 2.58e-15    46 2.58e-15    47 2.58e-15    48 2.58e-15
    49 2.58e-15    50 2.58e-15    51 2.58e-15    52 2.58e-15    53 2.58e-15    54 2.58e-15

 Old, new He 2 mean line optical depths:
  2- 1 3.70e+01  3- 2 9.81e-13  4- 3 5.51e-18  5- 4 2.15e-18  6- 5 2.97e-18  7- 6 8.79e-18  8- 7 9.28e-18
  9- 8 1.11e-17 10- 9 1.64e-17
  2- 1 3.70e+01  3- 2 9.58e-13  4- 3 5.38e-18  5- 4 2.11e-18  6- 5 2.92e-18  7- 6 8.71e-18  8- 7 9.22e-18
  9- 8 1.11e-17 10- 9 1.64e-17

 Old He Is optical depths:    1 1.63e-01    2 6.54e-08    3 5.03e-08    4 5.66e-08    5 5.66e-08
 New He Is optical depths:    1 1.63e-01    2 6.54e-08    3 5.03e-08    4 5.66e-08    5 5.66e-08
          Old He Is Lines:  584 1.12e+03 3889 7.48e-04 5016 4.18e-09 5876 2.51e-13
          New He Is Lines:  584 1.12e+03 3889 7.48e-04 5016 4.18e-09 5876 2.51e-13

==== H      compounds ====           Log10 column densities [cm^-2}
   H2        :  8.996   H2*       :  8.994   H2+       :  8.579   H3+       :  1.497
==== He     compounds ====
   HeH+      :  8.620
==== Li     compounds ====
   LiH       : -3.030   LiH+      : -2.285
==== C      compounds ====
   CH        :  4.524   CH+       :  4.158   CH2       : -3.592   CH2+      : -3.465   CH3       :-11.425   CH3+      :-12.728   CH4       :-19.334   CH4+      :-21.137
   CH5+      :-29.244   C2        : -1.169   C2+       : -0.790   C2H       : -8.548   C2H+      : -9.284   C2H2      :-16.740   C2H2+     :-16.689   C2H3+     :-24.662
   C3        :-20.658   C3+       :-13.728   C3H       :-22.719   C3H+      :-21.565
==== N      compounds ====
   NH        :  5.042   NH+       :  4.467   NH2       : -3.750   NH2+      : -4.718   NH3       :-11.160   NH3+      :-13.035   NH4+      :-24.879   CN        :  1.421
   CN+       : -0.220   HCN       : -7.317   HCN+      : -7.917   HNC       : -9.854   HCNH+     :-17.771   HC3N      :-35.930   N2        :  1.333   N2+       : -0.213
   N2H+      :-15.160
==== O      compounds ====
   OH        :  5.957   OH+       :  5.555   H2O       : -3.021   H2O+      : -3.785   H3O+      :-12.770   CO        :  4.397   CO+       :  1.261   HCO+      : -1.532
   H2CO      :-35.930   CH3OH     :-35.930   ^13CO     :  2.920   NO        :  0.482   NO+       : -0.512   HNO       : -7.905   HNO+      : -9.564   OCN       : -9.234
   OCN+      :-10.135   N2O       :-11.618   O2        :  1.512   O2+       :  1.042   NO2       :-12.168   NO2+      :-13.143
==== Ne     compounds ====
   NeH+      :  3.465
==== Si     compounds ====
   SiH       : -4.511   SiH2+     : -5.854   SiC2      :-35.930   SiN       : -9.837   SiN+      : -0.887   SiO       : -0.639   SiO+      :  0.048   SiOH+     : -9.613
==== S      compounds ====
   HS        :  0.781   HS+       :  0.916   CS        : -4.335   CS+       : -1.998   HCS+      :-10.431   NS        : -3.393   NS+       : -1.479   SO        : -2.314
   SO+       : -0.578   OCS       :-12.328   OCS+      :-13.913   SO2       :-35.930   S2        :-11.770   S2+       :-13.028
==== Cl     compounds ====
   HCl       : -9.460   HCl+      :  0.881   H2Cl+     : -8.720   CCl       :-35.930   CCl+      :-14.614   H2CCl+    :-35.930   ClO       :-35.930   ClO+      :-35.930
==== Ar     compounds ====
   ArH+      :  5.192
==== Ti     compounds ====
   TiH       :-35.930   TiH+      :-35.930   TiH2      :-35.930   TiH2+     :-35.930   TiC       :-35.930   TiC+      :-35.930   HCTi      :-35.930   HCTi+     :-35.930
   TiC2      :-35.930   TiC2+     :-35.930   TiN       :-35.930   TiN+      :-35.930   HNTi      :-35.930   HNTi+     :-35.930   TiNC      :-35.930   TiNC+     :-35.930
   TiO       :-35.930   TiO+      :-35.930   TiOH+     :-35.930   TiO2      :-35.930   TiF+      :-35.930   TiS       :-35.930   TiS+      :-35.930   HTiS      :-35.930


               1      2      3      4      5      6      7      8      9     10     11     12     13     14     15     16     17

 Hydrogen   16.821 16.822  9.296 (H2)                Log10 Column density (cm^-2)
 Helium     16.034 14.663 10.796
 Lithium     4.652  6.158 -0.536-30.000
 Beryllium   5.650  6.428  4.746-30.000-30.000
 Boron       6.026  7.815  4.479-30.000-30.000-30.000
 Carbon     12.024 13.538 10.878-30.000-30.000-30.000-30.000
 Nitrogen   12.705 12.590  8.112-30.000-30.000-30.000-30.000-30.000
 Oxygen     13.562 13.454  9.201-30.000-30.000-30.000-30.000-30.000-30.000
 Fluorine    9.421  9.335  7.018-30.000-30.000-30.000-30.000-30.000-30.000-30.000
 Neon       12.936 12.422 10.136-30.000-30.000-30.000-30.000-30.000-30.000-30.000-30.000
 Sodium      9.950 11.344  8.877-30.000-30.000-30.000-30.000-30.000-30.000-30.000-30.000-30.000
 Magnesium  11.157 12.703 10.895-30.000-30.000-30.000-30.000-30.000-30.000-30.000-30.000-30.000-30.000
 Aluminium   8.175 11.572  8.596  7.388-30.000-30.000-30.000-30.000-30.000-30.000-30.000-30.000-30.000-30.000
 Silicon    10.652 12.628  9.014-30.000-30.000-30.000-30.000-30.000-30.000-30.000-30.000-30.000-30.000-30.000-30.000
 Phosphorus  7.798 10.530  7.905-30.000-30.000-30.000-30.000-30.000-30.000-30.000-30.000-30.000-30.000-30.000-30.000-30.000
 Sulphur    10.246 12.235 10.187-30.000-30.000-30.000-30.000-30.000-30.000-30.000-30.000-30.000-30.000-30.000-30.000-30.000-30.000
 Chlorine    7.951 10.619  8.360-30.000-30.000-30.000-30.000-30.000-30.000-30.000-30.000-30.000-30.000-30.000-30.000-30.000-30.000
-30.000
 Argon      10.905 11.388  9.893-30.000-30.000-30.000-30.000-30.000-30.000-30.000-30.000-30.000-30.000-30.000-30.000-30.000-30.000
-30.000-30.000
 Potassium   8.784 10.132  7.456-30.000-30.000-30.000-30.000-30.000-30.000-30.000-30.000-30.000-30.000-30.000-30.000-30.000-30.000
-30.000-30.000-30.000
 Calcium     9.671 11.368 10.716  6.356-30.000-30.000-30.000-30.000-30.000-30.000-30.000-30.000-30.000-30.000-30.000-30.000-30.000
-30.000-30.000-30.000-30.000
 Scandium    6.439  8.145  7.648  5.161-30.000-30.000-30.000-30.000-30.000-30.000-30.000-30.000-30.000-30.000-30.000-30.000-30.000
-30.000-30.000-30.000-30.000-30.000
 Titanium    6.223 10.051  8.758  4.582-30.000-30.000-30.000-30.000-30.000-30.000-30.000-30.000-30.000-30.000-30.000-30.000-30.000
-30.000-30.000-30.000-30.000-30.000-30.000
 Vanadium    7.876  8.957  8.166  3.101-30.000-30.000-30.000-30.000-30.000-30.000-30.000-30.000-30.000-30.000-30.000-30.000-30.000
-30.000-30.000-30.000-30.000-30.000-30.000-30.000
 Chromium    8.817 10.755  8.538  1.219-30.000-30.000-30.000-30.000-30.000-30.000-30.000-30.000-30.000-30.000-30.000-30.000-30.000
-30.000-30.000-30.000-30.000-30.000-30.000-30.000-30.000
 Manganese   6.769 10.549  8.367  0.923-30.000-30.000-30.000-30.000-30.000-30.000-30.000-30.000-30.000-30.000-30.000-30.000-30.000
-30.000-30.000-30.000-30.000-30.000-30.000-30.000-30.000-30.000
 Iron        8.600 12.621  9.779  3.248-30.000-30.000-30.000-30.000-30.000-30.000-30.000-30.000-30.000-30.000-30.000-30.000-30.000
-30.000-30.000-30.000-30.000-30.000-30.000-30.000-30.000-30.000-30.000
 Cobalt      9.384 10.022  6.771  0.588-30.000-30.000-30.000-30.000-30.000-30.000-30.000-30.000-30.000-30.000-30.000-30.000-30.000
-30.000-30.000-30.000-30.000-30.000-30.000-30.000-30.000-30.000-30.000-30.000
 Nickel      7.813 11.342  7.831  1.007-30.000-30.000-30.000-30.000-30.000-30.000-30.000-30.000-30.000-30.000-30.000-30.000-30.000
-30.000-30.000-30.000-30.000-30.000-30.000-30.000-30.000-30.000-30.000-30.000-30.000
 Copper      8.002  9.254  8.205-30.000-30.000-30.000-30.000-30.000-30.000-30.000-30.000-30.000-30.000-30.000-30.000-30.000-30.000
-30.000-30.000-30.000-30.000-30.000-30.000-30.000-30.000-30.000-30.000-30.000-30.000-30.000
 Zinc        9.069  9.550  7.972  5.522-30.000-30.000-30.000-30.000-30.000-30.000-30.000-30.000-30.000-30.000-30.000-30.000-30.000
-30.000-30.000-30.000-30.000-30.000-30.000-30.000-30.000-30.000-30.000-30.000-30.000-30.000-30.000
 Exc state    He1*  9.668   CII* 13.358   C11* 11.074   C12* 11.549   C13* 11.766   O11* 13.455   O12* 12.711   O13* 12.452
              Si2* 12.404   C30*  1.883   C31* -2.473   C32*  1.910


 Hydrogen   -0.301 -0.301 -7.525 (H2)                 Log10 Mean Ionisation (over radius)
 Helium     -0.018 -1.389 -5.257
 Lithium    -1.520 -0.013 -6.707
 Beryllium  -0.853 -0.075 -1.756
 Boron      -1.796 -0.007 -3.343
 Carbon     -1.529 -0.014 -2.674
 Nitrogen   -0.248 -0.362 -4.841
 Oxygen     -0.251 -0.358 -4.611
 Fluorine   -0.261 -0.347 -2.664
 Neon       -0.117 -0.630 -2.916
 Sodium     -1.413 -0.019 -2.486
 Magnesium  -1.565 -0.019 -1.827
 Aluminium  -3.398 -0.001 -2.976 -4.184
 Silicon    -1.981 -0.005 -3.619
 Phosphorus -2.735 -0.002 -2.627
 Sulphur    -1.997 -0.008 -2.056
 Chlorine   -2.671 -0.003 -2.262
 Argon      -0.617 -0.134 -1.629
 Potassium  -1.367 -0.020 -2.695
 Calcium    -1.791 -0.094 -0.747 -5.106
 Scandium   -1.832 -0.127 -0.624 -3.110
 Titanium   -3.850 -0.022 -1.314 -5.490
 Vanadium   -1.176 -0.095 -0.886 -5.951
 Chromium   -1.945 -0.008 -2.225 -9.544
 Manganese  -3.783 -0.003 -2.185 -9.629
 Iron       -4.022 -0.001 -2.843 -9.374
 Cobalt     -0.728 -0.090 -3.341 -9.525
 Nickel     -3.529 -0.000 -3.511-10.335
 Copper     -1.311 -0.059 -1.107
 Zinc       -0.613 -0.133 -1.710 -4.160

               1      2      3      4      5      6      7      8      9     10     11     12     13     14     15     16     17

 Hydrogen   -0.301 -0.301 -7.526 (H2)         Log10 Mean Ionisation (over radius*electron density)
 Helium     -0.018 -1.389 -5.256
 Lithium    -1.520 -0.013 -6.707
 Beryllium  -0.853 -0.075 -1.756
 Boron      -1.796 -0.007 -3.343
 Carbon     -1.529 -0.014 -2.674
 Nitrogen   -0.248 -0.362 -4.840
 Oxygen     -0.251 -0.358 -4.611
 Fluorine   -0.261 -0.347 -2.664
 Neon       -0.117 -0.630 -2.916
 Sodium     -1.413 -0.019 -2.486
 Magnesium  -1.565 -0.019 -1.827
 Aluminium  -3.398 -0.001 -2.976 -4.184
 Silicon    -1.981 -0.005 -3.618
 Phosphorus -2.735 -0.002 -2.627
 Sulphur    -1.997 -0.008 -2.056
 Chlorine   -2.671 -0.003 -2.261
 Argon      -0.617 -0.134 -1.628
 Potassium  -1.367 -0.020 -2.695
 Calcium    -1.791 -0.094 -0.747 -5.106
 Scandium   -1.832 -0.127 -0.624 -3.110
 Titanium   -3.850 -0.022 -1.314 -5.490
 Vanadium   -1.176 -0.095 -0.886 -5.951
 Chromium   -1.945 -0.008 -2.224 -9.538
 Manganese  -3.783 -0.003 -2.185 -9.623
 Iron       -4.022 -0.001 -2.843 -9.367
 Cobalt     -0.728 -0.090 -3.341 -9.518
 Nickel     -3.529 -0.000 -3.511-10.329
 Copper     -1.311 -0.059 -1.107
 Zinc       -0.613 -0.133 -1.710 -4.160

               1      2      3      4      5      6      7      8      9     10     11     12     13     14     15     16     17

 Hydrogen    3.616  3.616  3.614 (H2)                  Log10 Mean Temperature (over radius)
 Helium      3.616  3.617  3.617
 Lithium     3.616  3.616  3.616
 Beryllium   3.616  3.616  3.617
 Boron       3.616  3.616  3.617
 Carbon      3.616  3.616  3.617
 Nitrogen    3.616  3.617  3.617
 Oxygen      3.616  3.617  3.617
 Fluorine    3.616  3.617  3.617
 Neon        3.616  3.617  3.617
 Sodium      3.616  3.616  3.617
 Magnesium   3.616  3.616  3.617
 Aluminium   3.616  3.616  3.617  3.617
 Silicon     3.616  3.616  3.619
 Phosphorus  3.616  3.616  3.617
 Sulphur     3.616  3.616  3.617
 Chlorine    3.616  3.616  3.617
 Argon       3.616  3.617  3.617
 Potassium   3.616  3.616  3.617
 Calcium     3.616  3.616  3.617  3.616
 Scandium    3.616  3.616  3.617  3.617
 Titanium    3.616  3.616  3.617  3.617
 Vanadium    3.616  3.616  3.617  3.617
 Chromium    3.616  3.616  3.618  3.636
 Manganese   3.616  3.616  3.618  3.636
 Iron        3.616  3.616  3.618  3.636
 Cobalt      3.616  3.616  3.617  3.636
 Nickel      3.616  3.616  3.617  3.636
 Copper      3.616  3.616  3.616
 Zinc        3.616  3.616  3.617  3.617

               1      2      3      4      5      6      7      8      9     10     11     12     13     14     15     16     17

 Hydrogen    3.616  3.617  3.614 (H2)          Log10 Mean Temperature (over radius*electron density)
 Helium      3.616  3.617  3.617
 Lithium     3.616  3.616  3.616
 Beryllium   3.616  3.616  3.617
 Boron       3.616  3.616  3.617
 Carbon      3.616  3.616  3.617
 Nitrogen    3.616  3.617  3.617
 Oxygen      3.616  3.617  3.617
 Fluorine    3.616  3.617  3.617
 Neon        3.616  3.617  3.617
 Sodium      3.616  3.617  3.617
 Magnesium   3.616  3.616  3.617
 Aluminium   3.616  3.616  3.617  3.617
 Silicon     3.616  3.616  3.619
 Phosphorus  3.616  3.616  3.617
 Sulphur     3.616  3.616  3.617
 Chlorine    3.616  3.616  3.617
 Argon       3.616  3.617  3.617
 Potassium   3.616  3.617  3.617
 Calcium     3.616  3.616  3.617  3.616
 Scandium    3.616  3.616  3.617  3.617
 Titanium    3.616  3.616  3.617  3.617
 Vanadium    3.616  3.616  3.617  3.617
 Chromium    3.616  3.616  3.618  3.636
 Manganese   3.616  3.616  3.618  3.636
 Iron        3.616  3.616  3.619  3.636
 Cobalt      3.616  3.617  3.617  3.636
 Nickel      3.616  3.616  3.617  3.636
 Copper      3.616  3.617  3.616
 Zinc        3.616  3.617  3.617  3.617

               1      2      3      4      5      6      7      8      9     10     11     12     13     14     15     16     17
                                                                          

---------------Convergence statistics---------------
       1.5 mean iterations/state convergence
      2.71 mean cx acceleration loops/iteration
       1.1 mean iso convergence loops/ion solve
      1.07 mean steps/chemistry solve
      1.02 mean step length searches/chemistry step
----------------------------------------------------

 Cloudy ends: 9 zones, 3 iterations, 1 caution.  ExecTime(s) 50.43
 [Stop in cdMain at ../maincl.cpp:483, Cloudy exited OK]
 ************************************************** GRID_DELIMIT -- grid000000017
