                                                          Cloudy 13.03
                                                         www.nublado.org

                       **************************************13Feb20**************************************
                       *                                                                                 *
                       * c                                                                               *
                       * phi(h) 12.000000 LOG range -0.000232 6.866524                                   *
                       * grid from 8 to 23 in 1 dex steps                                                *
                       * HDEN=7.000000 LOG                                                               *
                       * grid from 0 to 12 in 1 dex steps                                                *
                       * set pres ionize 1e5                                                             *
                       * c                                                                               *
                       * c                                                                               *
                       * table star "inst_padova_agbtrack_z.mod" age 6.78                                *
                       * c<< inst_padova_ model    4 read.       Age =    6010000.00                 >>> *
                       * c<< inst_padova_ model    5 read.       Age =    8010000.00                 >>> *
                       * c<< FINAL:     Age =    6025595.86                                          >>> *
                       * c                                                                               *
                       * c                                                                               *
                       * abundances GASS10                                                               *
                       * c                                                                               *
                       * c                                                                               *
                       * iterate to convergence max = 7                                                  *
                       * stop column density = 23                                                        *
                       * c                                                                               *
                       * c                                                                               *
                       * print last                                                                      *
                       * set save prefix "padova_inst_6"                                                 *
                       * save grid ".grd" last no hash                                                   *
                       * save linelist "emissionlines_abs.txt" "LineList_HII.dat" absolute last no hash    *
                       *                                                                                 *
                       ***********************************************************************************



 NOTE Setcon: continuum has zero intensity starting at  1.0074e+01 Ryd.
     1 cells in the incident continuum have zero intensity.  Problems???

           4147CellPeak1.00E+00   Lo 1.00e-08=910.79cm   Hi-Con:1.01E+01 Ryd   E(hi):7.35E+06Ryd     E(hi):     100.01 MeV
           I(nu>1ryd):   1.4461   Average nu:1.281E+00   I( X-ray):   0.0000   I(BalC):   2.9565     Phi(BalmrC):  13.8871
           phi(1.0-1.8):11.9816   phi(1.8-4.0): 10.585   phi(4.0-20):  9.470   phi(20--):  0.000     Ion pht flx:1.000E+12
           I(gam ray):   0.0000   phi(gam r):   0.0000   I(Infred):   2.3045   Alf(ox):   0.0000     Total inten:   3.0547
           U(1.0----):3.336E-06   U(4.0----):9.850E-09   T(En-Den):4.729E+01   T(Comp):2.168E+04     nuJnu(912A):1.914E+02
           Occ(FarIR):3.947E+01   Occ(H n=6):4.632E-10   Occ(1Ryd):8.799E-15   Occ(4R):1.016E-19     Occ (Nu-hi):0.000E+00
           Tbr(FarIR):6.254E-02   Tbr(H n=6):2.030E-06   Tbr(1Ryd):1.391E-09   Tbr(4R):6.421E-14     Tbr (Nu-hi):0.000E+00
  
                                                  Gas Phase Chemical Composition
        H :  0.0000  He: -1.0701  Li:-10.9508  Be:-10.6198  B : -9.3002  C : -3.5702  N : -4.1701  O : -3.3098  F : -7.4401
        Ne: -4.0701  Na: -5.7595  Mg: -4.4001  Al: -5.5498  Si: -4.4895  P : -6.5901  S : -4.8794  Cl: -6.5003  Ar: -5.6003
        K : -6.9706  Ca: -5.6596  Sc: -8.8508  Ti: -7.0501  V : -8.0701  Cr: -6.3595  Mn: -6.5702  Fe: -4.5003  Co: -7.0101
                                               Ni: -5.7799  Cu: -7.8097  Zn: -7.4401
 
 ####  1  Te:7.224E+03 Hden:1.000E+07 Ne:5.757E+06 R:1.000E+30 R-R0:2.760E+07 dR:5.520E+07 NTR: 34 Htot:6.164E-11 T912: 1.50e-03###
 Hydrogen      4.30e-01 5.70e-01 H+o/Hden 1.00e+00 2.70e-08 H-    H2 2.18e-10 3.10e-09 H2+ HeH+ 3.15e-09 Ho+ ColD 2.37e+14 3.15e+14
 Helium        9.48e-01 5.25e-02 9.11e-06 HeI 2s3S 5.14e-07 Comp H,C 6.35e-20 2.12e-20 Fill Fac 1.00e+00 Gam1/tot 1.00e+00
 He singlet n  9.48e-01 1.44e-09 6.38e-16 1.20e-16 3.44e-16 1.15e-16 He tripl 5.14e-07 5.00e-14 2.15e-16 1.23e-15 3.18e-16
 Pressure      NgasTgas 1.20e+11 P(total) 1.66e-05 P( gas ) 1.66e-05 P(Radtn) 0.00e+00 Rad accl 8.14e-03 ForceMul 1.28e+06
 Texc(La)      3.86e+03 T(I con) 4.73e+01 T(D con) 2.58e+00 T(U tot) 4.73e+01 nT (c+d) 1.20e+07 Prad/Gas 0.00e+00 Pmag/Gas 0.00e+00
 Molecules     CH/Ctot: 6.33e-10 CH+/Ctot 3.48e-10 CO/Ctot: 3.51e-10 CO+/Ctot 3.48e-13 H2O/Otot 6.59e-18 OH/Ototl 9.65e-09
 Lithium       1.64e-02 9.84e-01 1.56e-07 0.00e+00 Berylliu 2.44e-01 7.36e-01 1.99e-02 0.00e+00 0.00e+00 sec ion: 1.88e-12
 Boron         1.35e-02 9.86e-01 5.35e-04 0.00e+00 0.00e+00 0.00e+00
 Carbon        2.46e-02 9.73e-01 2.78e-03 0.00e+00 0.00e+00 0.00e+00 0.00e+00 H2O+/O   1.16e-18 OH+/Otot 3.18e-09 Hex(tot) 0.00e+00
 Nitrogen      3.80e-01 6.20e-01 2.51e-05 0.00e+00 0.00e+00 0.00e+00 0.00e+00 0.00e+00 O2/Ototl 7.36e-13 O2+/Otot 1.86e-13
 Oxygen        4.86e-01 5.14e-01 2.59e-05 0.00e+00 0.00e+00 0.00e+00 0.00e+00 0.00e+00 0.00e+00
 Fluorine      4.62e-01 5.35e-01 3.02e-03 0.00e+00 0.00e+00 0.00e+00 0.00e+00 0.00e+00 0.00e+00 0.00e+00
 Neon          6.95e-01 3.03e-01 1.95e-03 0.00e+00 0.00e+00 0.00e+00 0.00e+00 0.00e+00 0.00e+00 0.00e+00 0.00e+00
 Sodium        8.02e-03 9.88e-01 4.46e-03 0.00e+00 0.00e+00 0.00e+00 0.00e+00 0.00e+00 0.00e+00 0.00e+00 0.00e+00 0.00e+00
 Magnesium     2.22e-02 9.54e-01 2.33e-02 0.00e+00 0.00e+00 0.00e+00 0.00e+00 0.00e+00 0.00e+00 0.00e+00 0.00e+00 0.00e+00 0.00e+00
 Aluminium  0  3.40e-04 9.98e-01 1.38e-03 7.61e-05 0.00e+00 0.00e+00 0.00e+00 0.00e+00 0.00e+00 0.00e+00 0.00e+00 0.00e+00 0.00e+00
 Silicon    0  5.01e-03 9.88e-01 6.59e-03 0.00e+00 0.00e+00 0.00e+00 0.00e+00 0.00e+00 0.00e+00 0.00e+00 0.00e+00 0.00e+00 0.00e+00
 Phosphorus 0  1.28e-03 9.94e-01 4.56e-03 0.00e+00 0.00e+00 0.00e+00 0.00e+00 0.00e+00 0.00e+00 0.00e+00 0.00e+00 0.00e+00 0.00e+00
 Sulphur    0  8.08e-03 9.80e-01 1.16e-02 0.00e+00 0.00e+00 0.00e+00 0.00e+00 0.00e+00 0.00e+00 0.00e+00 0.00e+00 0.00e+00 0.00e+00
 Chlorine   0  1.42e-03 9.92e-01 6.85e-03 0.00e+00 0.00e+00 0.00e+00 0.00e+00 0.00e+00 0.00e+00 0.00e+00 0.00e+00 0.00e+00 0.00e+00
 Argon      0  1.84e-01 7.82e-01 3.34e-02 0.00e+00 0.00e+00 0.00e+00 0.00e+00 0.00e+00 0.00e+00 0.00e+00 0.00e+00 0.00e+00 0.00e+00
 Potassium  0  1.60e-03 9.96e-01 2.64e-03 0.00e+00 0.00e+00 0.00e+00 0.00e+00 0.00e+00 0.00e+00 0.00e+00 0.00e+00 0.00e+00 0.00e+00
 Calcium    0  8.53e-03 7.84e-01 2.07e-01 4.11e-06 0.00e+00 0.00e+00 0.00e+00 0.00e+00 0.00e+00 0.00e+00 0.00e+00 0.00e+00 0.00e+00
 Scandium   0  6.34e-03 6.62e-01 3.30e-01 1.03e-03 0.00e+00 0.00e+00 0.00e+00 0.00e+00 0.00e+00 0.00e+00 0.00e+00 0.00e+00 0.00e+00
 Titanium   0  7.92e-05 9.26e-01 7.35e-02 5.11e-06 0.00e+00 0.00e+00 0.00e+00 0.00e+00 0.00e+00 0.00e+00 0.00e+00 0.00e+00 0.00e+00
 Vanadium   0  2.86e-02 7.74e-01 1.98e-01 1.89e-06 0.00e+00 0.00e+00 0.00e+00 0.00e+00 0.00e+00 0.00e+00 0.00e+00 0.00e+00 0.00e+00
 Chromium   0  6.51e-03 8.96e-01 9.72e-02 4.68e-07 0.00e+00 0.00e+00 0.00e+00 0.00e+00 0.00e+00 0.00e+00 0.00e+00 0.00e+00 0.00e+00
 Manganese  0  8.84e-05 9.22e-01 7.84e-02 3.42e-07 0.00e+00 0.00e+00 0.00e+00 0.00e+00 0.00e+00 0.00e+00 0.00e+00 0.00e+00 0.00e+00
 Iron       0  5.65e-05 9.66e-01 3.43e-02 7.62e-07 0.00e+00 0.00e+00 0.00e+00 0.00e+00 0.00e+00 0.00e+00 0.00e+00 0.00e+00 0.00e+00
 Cobalt     0  1.30e-01 8.70e-01 4.84e-04 6.66e-08 0.00e+00 0.00e+00 0.00e+00 0.00e+00 0.00e+00 0.00e+00 0.00e+00 0.00e+00 0.00e+00
 Nickel     0  1.90e-04 1.00e+00 2.76e-04 1.27e-08 0.00e+00 0.00e+00 0.00e+00 0.00e+00 0.00e+00 0.00e+00 0.00e+00 0.00e+00 0.00e+00
 Copper     0  3.74e-02 9.24e-01 3.82e-02 0.00e+00 0.00e+00 0.00e+00 0.00e+00 0.00e+00 0.00e+00 0.00e+00 0.00e+00 0.00e+00 0.00e+00
 Zinc       0  1.88e-01 7.83e-01 2.89e-02 1.12e-04 0.00e+00 0.00e+00 0.00e+00 0.00e+00 0.00e+00 0.00e+00 0.00e+00 0.00e+00 0.00e+00
 ####116  Te:3.982E+03 Hden:1.000E+07 Ne:9.193E+04 R:1.000E+30 R-R0:7.711E+11 dR:1.657E+10 NTR: 16 Htot:2.371E-13 T912: 4.43e+01###
 Hydrogen      9.93e-01 7.24e-03 H+o/Hden 1.00e+00 1.87e-08 H-    H2 1.27e-06 2.50e-09 H2+ HeH+ 1.41e-08 Ho+ ColD 7.01e+18 7.83e+17
 Helium        9.82e-01 1.80e-02 2.86e-05 HeI 2s3S 4.28e-07 Comp H,C 9.54e-22 1.83e-22 Fill Fac 1.00e+00 Gam1/tot 9.67e-01
 He singlet n  9.82e-01 1.13e-11 4.44e-17 5.14e-19 2.09e-18 1.13e-18 He tripl 4.28e-07 2.79e-16 1.32e-18 1.41e-17 3.15e-18
 Pressure      NgasTgas 4.36e+10 P(total) 6.02e-06 P( gas ) 6.02e-06 P(Radtn) 9.69e-13 Rad accl 4.95e-06 ForceMul 5.01e+04
 Texc(La)      4.13e+03 T(I con) 4.70e+01 T(D con) 1.29e+01 T(U tot) 4.71e+01 nT (c+d) 1.45e+07 Prad/Gas 1.61e-07 Pmag/Gas 0.00e+00
 Molecules     CH/Ctot: 1.96e-09 CH+/Ctot 8.14e-08 CO/Ctot: 4.62e-07 CO+/Ctot 1.99e-09 H2O/Otot 4.25e-12 OH/Ototl 3.80e-06
 Lithium       7.86e-04 9.99e-01 6.03e-08 0.00e+00 Berylliu 3.51e-03 9.95e-01 1.51e-03 0.00e+00 0.00e+00 sec ion: 8.52e-12
 Boron         3.44e-04 1.00e+00 6.07e-06 0.00e+00 0.00e+00 0.00e+00
 Carbon        6.89e-04 9.99e-01 2.31e-04 0.00e+00 0.00e+00 0.00e+00 0.00e+00 H2O+/O   8.07e-13 OH+/Otot 7.76e-07 Hex(tot) 0.00e+00
 Nitrogen      9.86e-01 1.39e-02 7.42e-09 0.00e+00 0.00e+00 0.00e+00 0.00e+00 0.00e+00 O2/Ototl 3.38e-10 O2+/Otot 9.46e-10
 Oxygen        9.94e-01 5.64e-03 8.46e-09 0.00e+00 0.00e+00 0.00e+00 0.00e+00 0.00e+00 0.00e+00
 Fluorine      8.69e-01 1.29e-01 1.78e-03 0.00e+00 0.00e+00 0.00e+00 0.00e+00 0.00e+00 0.00e+00 0.00e+00
 Neon          8.31e-01 1.65e-01 3.83e-03 0.00e+00 0.00e+00 0.00e+00 0.00e+00 0.00e+00 0.00e+00 0.00e+00 0.00e+00
 Sodium        1.06e-02 9.66e-01 2.30e-02 0.00e+00 0.00e+00 0.00e+00 0.00e+00 0.00e+00 0.00e+00 0.00e+00 0.00e+00 0.00e+00
 Magnesium     3.47e-03 9.91e-01 5.80e-03 0.00e+00 0.00e+00 0.00e+00 0.00e+00 0.00e+00 0.00e+00 0.00e+00 0.00e+00 0.00e+00 0.00e+00
 Aluminium  0  1.16e-04 9.94e-01 3.61e-03 2.11e-03 0.00e+00 0.00e+00 0.00e+00 0.00e+00 0.00e+00 0.00e+00 0.00e+00 0.00e+00 0.00e+00
 Silicon    0  2.00e-04 1.00e+00 1.23e-06 0.00e+00 0.00e+00 0.00e+00 0.00e+00 0.00e+00 0.00e+00 0.00e+00 0.00e+00 0.00e+00 0.00e+00
 Phosphorus 0  4.13e-04 9.99e-01 5.76e-04 0.00e+00 0.00e+00 0.00e+00 0.00e+00 0.00e+00 0.00e+00 0.00e+00 0.00e+00 0.00e+00 0.00e+00
 Sulphur    0  2.26e-04 9.97e-01 2.72e-03 0.00e+00 0.00e+00 0.00e+00 0.00e+00 0.00e+00 0.00e+00 0.00e+00 0.00e+00 0.00e+00 0.00e+00
 Chlorine   0  6.74e-04 9.95e-01 4.34e-03 0.00e+00 0.00e+00 0.00e+00 0.00e+00 0.00e+00 0.00e+00 0.00e+00 0.00e+00 0.00e+00 0.00e+00
 Argon      0  9.67e-01 3.28e-02 5.08e-04 0.00e+00 0.00e+00 0.00e+00 0.00e+00 0.00e+00 0.00e+00 0.00e+00 0.00e+00 0.00e+00 0.00e+00
 Potassium  0  1.85e-03 9.93e-01 5.00e-03 0.00e+00 0.00e+00 0.00e+00 0.00e+00 0.00e+00 0.00e+00 0.00e+00 0.00e+00 0.00e+00 0.00e+00
 Calcium    0  4.27e-05 9.34e-02 9.07e-01 4.09e-06 0.00e+00 0.00e+00 0.00e+00 0.00e+00 0.00e+00 0.00e+00 0.00e+00 0.00e+00 0.00e+00
 Scandium   0  1.47e-04 3.23e-01 6.76e-01 1.07e-04 0.00e+00 0.00e+00 0.00e+00 0.00e+00 0.00e+00 0.00e+00 0.00e+00 0.00e+00 0.00e+00
 Titanium   0  1.72e-04 9.83e-01 1.72e-02 0.00e+00 0.00e+00 0.00e+00 0.00e+00 0.00e+00 0.00e+00 0.00e+00 0.00e+00 0.00e+00 0.00e+00
 Vanadium   0  2.17e-03 9.89e-01 9.05e-03 0.00e+00 0.00e+00 0.00e+00 0.00e+00 0.00e+00 0.00e+00 0.00e+00 0.00e+00 0.00e+00 0.00e+00
 Chromium   0  2.64e-04 1.00e+00 1.81e-05 0.00e+00 0.00e+00 0.00e+00 0.00e+00 0.00e+00 0.00e+00 0.00e+00 0.00e+00 0.00e+00 0.00e+00
 Manganese  0  2.42e-04 1.00e+00 3.98e-05 0.00e+00 0.00e+00 0.00e+00 0.00e+00 0.00e+00 0.00e+00 0.00e+00 0.00e+00 0.00e+00 0.00e+00
 Iron       0  1.18e-04 1.00e+00 8.34e-06 0.00e+00 0.00e+00 0.00e+00 0.00e+00 0.00e+00 0.00e+00 0.00e+00 0.00e+00 0.00e+00 0.00e+00
 Cobalt     0  5.52e-03 9.94e-01 1.45e-06 0.00e+00 0.00e+00 0.00e+00 0.00e+00 0.00e+00 0.00e+00 0.00e+00 0.00e+00 0.00e+00 0.00e+00
 Nickel     0  3.75e-04 1.00e+00 1.19e-06 0.00e+00 0.00e+00 0.00e+00 0.00e+00 0.00e+00 0.00e+00 0.00e+00 0.00e+00 0.00e+00 0.00e+00
 Copper     0  1.23e-03 9.97e-01 1.61e-03 0.00e+00 0.00e+00 0.00e+00 0.00e+00 0.00e+00 0.00e+00 0.00e+00 0.00e+00 0.00e+00 0.00e+00
 Zinc       0  6.98e-03 9.38e-01 5.46e-02 2.93e-04 0.00e+00 0.00e+00 0.00e+00 0.00e+00 0.00e+00 0.00e+00 0.00e+00 0.00e+00 0.00e+00
                                                                             
   Calculation stopped because lowest Te reached. Iteration 3 of 3
   The geometry is plane-parallel.
 C-Continuum zero at some energies.
  !Charge transfer ionization of H reached 15105.6% of the local H ionization rate.
  !Charge transfer heating reached 5.55% of the local heating.
  !AGE: Cloud age was not set.  Longest timescale was 3.68e+07 s = 1.17e+00 years.
  !Mutual neutralization production of H-alpha was significant.
  !The CMB was not included.  This is added with the CMB command.
   Continuum fluorescent production of H-beta was significant.
   Suprathermal collisional ionization of H reached 3.26% of the local H ionization rate.
   Destruction of He 2TriS reached 3.2% of the total He0 dest rate at zone 116, 3.2% of that was photoionization.
   The density is too low to l-mix the lowest H  I collapsed level.  More resolved levels are needed for accurate line ratios.
   The density is too low to l-mix the lowest He I collapsed level.  More resolved levels are needed for accurate line ratios.
   The largest continuum occupation number was 3.947e+01 at 1.004e-08 Ryd.
   Grains were not present but might survive in this environment (energy density temperature was 4.73e+01K)
   The continuum optical depth at the lowest energy considered (1.004e-08 Ryd) was 5.714e+02.

                       *********************************> Cloudy 13.03 <**********************************
                       * c                                                                               *
                       * phi(h) 12.000000 LOG range -0.000232 6.866524                                   *
                       * grid from 8 to 23 in 1 dex steps                                                *
                       * HDEN=7.000000 LOG                                                               *
                       * grid from 0 to 12 in 1 dex steps                                                *
                       * set pres ionize 1e5                                                             *
                       * c                                                                               *
                       * c                                                                               *
                       * table star "inst_padova_agbtrack_z.mod" age 6.78                                *
                       * c                                                                               *
                       * c                                                                               *
                       * abundances GASS10                                                               *
                       * c                                                                               *
                       * c                                                                               *
                       * iterate to convergence max = 7                                                  *
                       * stop column density = 23                                                        *
                       * c                                                                               *
                       * c                                                                               *
                       * print last                                                                      *
                       * set save prefix "padova_inst_6"                                                 *
                       * save grid ".grd" last no hash                                                   *
                       * save linelist "emissionlines_abs.txt" "LineList_HII.dat" absolute last no hash    *
                       *********************************> Log(U): -5.48 <*********************************
                       >>>>>>>>>> Cautions are present.

                     Emission Line Spectrum.   Constant  Density Model.    Open geometry.  Iteration 3 of 3.
                                                     Intensity (erg/s/cm^2).


                                                   Intrinsic line intensities
 general properties..........      H  1 4.466m  -2.233   0.0123      Ca B  8502A  -2.487   0.0069      Si 2  1814A  -1.973   0.0224            
 TOTL  4861A  -0.323   1.0000      H  1 4.466m  -2.609   0.0052      Ca B  8467A  -2.545   0.0060      Si 2  1531A  -1.707   0.0414            
 TOTL  1216A   1.249  37.3302      H  1 4.466m  -3.257   0.0012      Ca B  8438A  -2.598   0.0053      Si 2  1308A  -1.596   0.0533            
 Inci     0    3.0552387.3901      H  1 5.834m  -2.679   0.0044      Ca B  8413A  -2.648   0.0047      Si 2  1263A  -1.250   0.1183            
 TotH     0    0.761  12.1273      H  1 5.834m  -2.253   0.0118      Ca B  8392A  -2.697   0.0042      Si 3  1207A  -2.803   0.0033            
 TotC     0    0.760  12.1187      H  1 5.834m  -2.152   0.0148      Ca B  8374A  -2.743   0.0038      P  2 1.640m  -2.823   0.0032            
 BFH1     0    0.724  11.1445      H  1 5.834m  -2.207   0.0131      Ca B  8359A  -2.788   0.0034      P  2  4669A  -3.312   0.0010            
 BFHe     0   -0.394   0.8501      H  1 5.834m  -2.383   0.0087      Ca B  8346A  -2.832   0.0031      P  2 1.189m  -2.828   0.0031            
 TotM     0   -1.510   0.0651      H  1 5.834m  -2.675   0.0045      Ca B  8334A  -2.875   0.0028      P  2 1.147m  -3.305   0.0010            
 CT H     0   -1.546   0.0599      H  1 5.834m  -3.116   0.0016      Ca B 4.051m  -1.449   0.0749      S  2  6720A  -2.203   0.0132            
 H FB     0   -0.145   1.5062      H  1 7.383m  -2.851   0.0030      Ca B 2.625m  -1.683   0.0437      S  2  4074A  -0.925   0.2503            
 HFBc     0   -0.145   1.5062      H  1 7.383m  -2.427   0.0079      Ca B 2.166m  -1.889   0.0272      S  2 1.033m  -1.113   0.1624            
 continua....................      H  1 7.383m  -2.325   0.0100      Ca B 1.945m  -2.064   0.0182      S II  6731A  -2.361   0.0092            
 Bac   3646A   0.941  18.3814      H  1 7.383m  -2.372   0.0089      Ca B 1.817m  -2.212   0.0129      S II  6716A  -2.719   0.0040            
 nFnu  3645A   0.952  18.8564      H  1 7.383m  -2.527   0.0063      Ca B 1.736m  -2.338   0.0097      S II  4070A  -1.016   0.2031            
 nFnu  3647A  -0.647   0.4750      H  1 7.383m  -2.773   0.0036      Ca B 1.681m  -2.449   0.0075      S II  4078A  -1.649   0.0472            
 cout  3646A   0.640   9.1907      H  1 7.383m  -3.120   0.0016      Ca B 1.641m  -2.547   0.0060      S II 1.032m  -1.507   0.0656            
 cref  3646A   0.640   9.1907      H  1 9.115m  -3.003   0.0021      Ca B 1.611m  -2.635   0.0049      S II 1.029m  -1.642   0.0480            
 thin  3646A   0.941  18.3815      H  1 9.115m  -2.579   0.0055      Ca B 1.588m  -2.714   0.0041      S II 1.037m  -2.109   0.0164            
 Inci  4860A   2.273 394.6438      H  1 9.115m  -2.477   0.0070      Ca B 1.570m  -2.786   0.0034      S II 1.034m  -1.812   0.0325            
 Inci  1215A   2.8811601.1687      H  1 9.115m  -2.520   0.0064      Ca B 1.556m  -2.850   0.0030      S  2  1256A  -1.815   0.0322            
 Ba C     0    0.141   2.9157      H  1 9.115m  -2.662   0.0046      Ca B 1.544m  -2.909   0.0026      S  3  9532A  -2.712   0.0041            
 PA C     0   -0.261   1.1543      H  1 9.115m  -2.880   0.0028      Ca B 1.534m  -2.963   0.0023      S  3  9069A  -3.106   0.0016            
 FIR  83.00m   0.544   7.3718      H  1 9.115m  -3.174   0.0014      Ca B 1.526m  -3.014   0.0020      Cl 2 14.40m  -3.143   0.0015            
 TIR   1800m  -1.691   0.0429      H  1 11.03m  -1.961   0.0230      Ca B 1.519m  -3.063   0.0018      Cl 2  8579A  -2.006   0.0208            
 NIRa 2.850m   1.871 156.3969      H  1 13.13m  -2.073   0.0178      Ca B 1.513m  -3.109   0.0016      Cl 2  9124A  -2.584   0.0055            
 NIRb 3.000m   1.585  80.9666      H  1 15.40m  -2.176   0.0140      Ca B 1.508m  -3.155   0.0015      Ar 2 6.980m  -1.785   0.0345            
 MIRa 15.00m   0.252   3.7629      H  1 17.87m  -2.272   0.0113      Ca B 1.504m  -3.199   0.0013      Ar 3  7135A  -2.742   0.0038            
 MIRb 22.50m   0.388   5.1423      H  1 20.51m  -2.361   0.0092      Ca B 1.500m  -3.242   0.0012      Ca 1  4228A  -2.734   0.0039            
 NMIR 21.75m   1.871 156.3969      H  1 23.33m  -2.445   0.0076      Ca B 7.458m  -1.956   0.0233      Ca 2  3933A  -0.393   0.8508            
 TFIR 611.2m   0.032   2.2683      H  1 26.34m  -2.523   0.0063      Ca B 4.653m  -2.143   0.0151      Ca 2  8579A  -1.214   0.1285            
 TALL 10000A   3.0562393.7104      H  1 29.53m  -2.597   0.0053      Ca B 3.740m  -2.318   0.0101      Ca 2  7306A  -0.162   1.4500            
 F12  12.00m  -0.273   1.1223      H  1 32.91m  -2.667   0.0045      Ca B 3.296m  -2.471   0.0071      Ca2K  3934A  -0.591   0.5399            
 F25  25.00m  -0.281   1.1015      H  1 36.46m  -2.734   0.0039      Ca B 3.038m  -2.603   0.0052      Ca2H  3969A  -0.831   0.3109            
 F60  60.00m   0.147   2.9506      H  1 40.20m  -2.797   0.0034      Ca B 2.872m  -2.719   0.0040      Ca2X  8498A  -2.327   0.0099            
 F100 100.0m  -0.044   1.9008      H  1 44.12m  -2.857   0.0029      Ca B 2.758m  -2.821   0.0032      Ca2Y  8542A  -1.387   0.0863            
 MIPS 24.00m  -0.586   0.5463      H  1 48.22m  -2.915   0.0026      Ca B 2.674m  -2.912   0.0026      Ca2Z  8662A  -1.814   0.0323            
 MIPS 70.00m  -0.211   1.2954      H  1 52.50m  -2.970   0.0023      Ca B 2.612m  -2.994   0.0021      CaF1  7291A  -0.381   0.8764            
 MIPS 160.0m  -0.439   0.7653      H  1 56.97m  -1.792   0.0340      Ca B 2.564m  -3.067   0.0018      CaF2  7324A  -0.565   0.5735            
 IRAC 3.600m   0.058   2.4058      He 1 504.3A  -1.411   0.0818      Ca B 2.525m  -3.133   0.0015      Fe2c     0    0.202   3.3488            
 IRAC 4.500m  -0.191   1.3561      He 1  2600A  -2.258   0.0116      Ca B 2.495m  -3.193   0.0013      Fe 2  4300A  -0.216   1.2794            
 IRAC 5.800m  -0.405   0.8285      He 1  3121A  -2.770   0.0036      Ca B 2.469m  -3.248   0.0012      Fe 2  2400A  -0.186   1.3713            
 IRAC 8.000m  -0.407   0.8245      He 1  3421A  -2.717   0.0040      Ca B 2.448m  -3.299   0.0011      Fe 2  6200A  -1.994   0.0213            
 SPR1 250.0m  -0.858   0.2918      He 1  3421A  -2.240   0.0121      Ca B 12.37m  -2.384   0.0087      Fe 2  1080A  -2.816   0.0032            
 SPR2 350.0m  -1.288   0.1085      He 1  3421A  -2.018   0.0202      Ca B 7.500m  -2.537   0.0061      Fe 2  1500A  -3.080   0.0018            
 SPR3 500.0m  -1.662   0.0458      He 1  3679A  -2.435   0.0077      Ca B 5.907m  -2.688   0.0043      Fe 2 1.150m  -2.657   0.0046            
 PAC1 70.00m  -0.149   1.4938      He 1  6632A  -3.209   0.0013      Ca B 5.127m  -2.823   0.0032      Fe 2  2500A  -2.700   0.0042            
 PAC2 100.0m  -0.039   1.9226      He 1  7843A  -2.524   0.0063      Ca B 4.671m  -2.941   0.0024      Fe 2  2300A  -2.965   0.0023            
 PAC3 160.0m  -0.182   1.3833      He 1  8188A  -2.694   0.0043      Ca B 4.375m  -3.047   0.0019      Fe 2  8900A  -3.254   0.0012            
 PAH  3.300m  -0.722   0.3989      He 1  8191A  -3.183   0.0014      Ca B 4.170m  -3.140   0.0015      Fe 2 25.98m  -2.211   0.0130            
 PAHC 3.230m  -0.992   0.2143      He 1  8261A  -3.124   0.0016      Ca B 4.020m  -3.224   0.0013      Fe 2 5.339m  -3.141   0.0015            
 PAHC 3.370m  -1.069   0.1794      He 1 1.409m  -3.045   0.0019      Ca B 3.906m  -3.298   0.0011      Fe 2 1.257m  -1.389   0.0860            
 PAH  6.200m  -0.944   0.2393      He 1 1.456m  -3.080   0.0018      Ca B 19.06m  -2.754   0.0037      Fe 2 35.34m  -2.626   0.0050            
 PAHC 5.650m  -0.857   0.2928      He 1 4.465m  -3.247   0.0012      Ca B 11.31m  -2.882   0.0028      Fe 2 1.321m  -1.966   0.0228            
 PAH  7.900m  -0.865   0.2876      C  1  1101A  -2.348   0.0094      Ca B 8.758m  -3.013   0.0020      Fe 2 1.249m  -2.619   0.0051            
 PAHC 6.900m  -0.733   0.3893      N  1 853.4A  -3.176   0.0014      Ca B 7.506m  -3.132   0.0016      Fe 2  7638A  -1.922   0.0252            
 PAH  11.30m  -1.516   0.0642      Si 1  1521A  -3.150   0.0015      Ca B 6.770m  -3.239   0.0012      Fe 2 51.29m  -3.317   0.0010            
 PAHC 10.90m  -1.522   0.0633      S  1  1197A  -3.075   0.0018      Ca B 27.80m  -3.080   0.0018      Fe 2 1.372m  -2.190   0.0136            
 PAH  11.80m  -1.311   0.1029      grains......................      Ca B 16.20m  -3.188   0.0014      Fe 2 1.294m  -1.951   0.0236            
 PAHC 12.65m  -1.013   0.2043      H-like iso-sequence.........      Ca B 12.38m  -3.302   0.0010      Fe 2  7687A  -2.103   0.0166            
 PAH  13.30m  -1.286   0.1089      Clin 912.0A  -1.093   0.1699      H  1     0   -2.018   0.0202      Fe 2 1.328m  -2.196   0.0134            
 PAHC 14.10m  -1.295   0.1067      Cool  1216A  -1.304   0.1046      H  1  1216A   1.249  37.3302      Fe 2 1.279m  -2.056   0.0185            
 Bcon  3640A   2.9671950.1084      Crst 960.0A  -1.502   0.0663      H  1  1026A  -1.088   0.1718      Fe 2 1.252m  -2.949   0.0024            
 Pcon  5000A   2.170 311.5920      Hrst     0   -3.279   0.0011      H  1 972.5A  -1.446   0.0754      Fe 2  7665A  -2.464   0.0072            
 HFFc     0   -0.397   0.8436      LA X  1216A  -3.090   0.0017      H  1 949.7A  -1.284   0.1094      Fe 2 1.298m  -2.420   0.0080            
 H FF     0   -0.420   0.7996      Ca B  1216A   1.178  31.6953      H  1 937.8A  -1.458   0.0733      Fe 2 1.270m  -2.236   0.0122            
 HeFF     0   -2.305   0.0104      Q(H)  4861A  -0.298   1.0606      H  1 930.8A  -1.724   0.0398      Fe 2  7874A  -2.961   0.0023            
 MeFB     0   -2.655   0.0047      Q(H)  1216A   1.213  34.3953      H  1 926.2A  -1.915   0.0256      Fe 2  7733A  -2.980   0.0022            
 MeFF     0   -3.169   0.0014      CaBo  4861A  -0.342   0.9570      H  1 923.2A  -1.998   0.0211      Fe 2 17.93m  -1.817   0.0321            
 ToFF     0   -0.414   0.8114      Ca A  1216A   1.061  24.2456      H  1 921.0A  -2.084   0.0174      Fe 2 1.644m  -1.461   0.0728            
 nFnu 122.4m  -1.996   0.0212      Ca A  1026A   0.342   4.6223      H  1  6563A   0.137   2.8858      Fe 2 1.533m  -1.896   0.0268            
 nInu 122.4m   0.369   4.9259      Ca A 972.5A  -0.068   1.7984      H  1  4861A  -0.323   1.0000      Fe 2  8617A  -1.344   0.0954            
 nFnu 60.83m  -1.754   0.0371      Ca A 949.7A  -0.357   0.9262      H  1  4340A  -0.622   0.5029      Fe 2 24.51m  -2.292   0.0107            
 nInu 60.83m   0.322   4.4189      Ca A 937.8A  -0.565   0.5725      H  1  4102A  -0.842   0.3032      Fe 2 1.809m  -2.164   0.0144            
 nFnu 41.22m  -1.604   0.0524      Ca A 930.8A  -0.720   0.4015      H  1  3970A  -1.004   0.2085      Fe 2 1.677m  -2.035   0.0194            
 nInu 41.22m   0.211   3.4179      Ca A 926.2A  -0.831   0.3107      H  1  3889A  -1.137   0.1535      Fe 2 1.599m  -1.995   0.0213            
 nFnu 30.87m  -1.499   0.0667      Ca A 923.2A  -0.912   0.2580      H  1  3835A  -1.248   0.1189      Fe 2  9052A  -2.002   0.0210            
 nInu 30.87m   0.113   2.7319      Ca A 921.0A  -0.975   0.2229      H  1  3798A  -1.337   0.0968      Fe 2  8892A  -1.747   0.0377            
 nFnu 24.78m  -1.419   0.0802      Ca A 919.4A  -1.030   0.1963      H  1 1.875m  -0.816   0.3212      Fe 2 35.77m  -3.100   0.0017            
 nInu 24.78m   0.038   2.2988      Ca A 918.1A  -1.081   0.1745      H  1 1.282m  -1.106   0.1647      Fe 2 1.800m  -2.207   0.0131            
 nFnu 24.30m  -1.412   0.0815      Ca A 917.2A  -1.130   0.1560      H  1 1.094m  -1.333   0.0977      Fe 2 1.711m  -2.577   0.0056            
 nInu 24.30m   0.031   2.2630      Ca A 916.4A  -1.177   0.1399      H  1 1.005m  -1.507   0.0654      Fe 2 1.664m  -2.277   0.0111            
 nFnu 22.83m  -1.388   0.0861      Ca A 915.8A  -1.223   0.1260      H  1  9546A  -1.649   0.0473      Fe 2  9399A  -2.779   0.0035            
 nInu 22.83m   0.011   2.1589      Ca A 915.3A  -1.266   0.1142      H  1  9229A  -1.763   0.0363      Fe 2  9227A  -2.002   0.0209            
 nFnu 21.42m  -1.366   0.0906      Ca A 914.9A  -1.305   0.1042      H  1  9015A  -1.852   0.0296      Fe 2  9033A  -2.213   0.0129            
 nInu 21.42m  -0.011   2.0516      Ca A 914.6A  -1.343   0.0956      H  1 4.051m  -1.460   0.0730      Fe 2 1.797m  -2.350   0.0094            
 nFnu 21.12m  -1.361   0.0916      Ca A 914.3A  -1.378   0.0881      H  1 2.625m  -1.678   0.0442      Fe 2 1.745m  -2.585   0.0055            
 nInu 21.12m  -0.016   2.0276      Ca A 914.0A  -1.413   0.0812      H  1 2.166m  -1.864   0.0288      Fe 2  9471A  -2.568   0.0057            
 nFnu 19.62m  -1.334   0.0977      Ca A 913.8A  -1.449   0.0749      H  1 1.945m  -2.013   0.0204      Fe 2  9268A  -2.107   0.0164            
 nInu 19.62m  -0.037   1.9328      Ca A 913.6A  -1.484   0.0691      H  1 1.817m  -2.131   0.0156      Fe 2 22.90m  -3.121   0.0016            
 nFnu 17.65m  -1.292   0.1076      Ca A 913.5A  -1.519   0.0637      H  1 1.736m  -2.221   0.0126      Fe 2 1.811m  -2.799   0.0033            
 nInu 17.65m  -0.055   1.8546      Ca A 913.3A  -1.554   0.0588      H  1 7.458m  -1.984   0.0218      Fe 2 1.748m  -2.989   0.0022            
 nFnu 17.37m  -1.287   0.1088      Ca A  6563A  -0.083   1.7396      H  1 4.653m  -2.153   0.0148      Fe 2 1.813m  -3.234   0.0012            
 nInu 17.37m  -0.057   1.8442      Ca A  4861A  -0.524   0.6302      H  1 3.740m  -2.302   0.0105      Fe2b  7000A  -1.614   0.0512            
 nFnu 15.69m  -1.253   0.1175      Ca A  4340A  -0.847   0.2992      H  1 3.296m  -2.420   0.0080      Fe2b 10000A  -0.524   0.6292            
 nInu 15.69m  -0.074   1.7762      Ca A  4102A  -1.099   0.1677      H  1 3.038m  -2.510   0.0065      Fe2b  7445A  -1.614   0.0512            
 nFnu 14.60m  -1.224   0.1257      Ca A  3970A  -1.298   0.1059      H  1 12.37m  -2.425   0.0079      Fe2b  8625A  -1.001   0.2102            
 nInu 14.60m  -0.085   1.7302      Ca A  3889A  -1.459   0.0732      H  1 7.500m  -2.550   0.0059      Fe2b 1.033m  -2.568   0.0057            
 nFnu 12.43m  -1.162   0.1451      Ca A  3835A  -1.589   0.0542      H  1 5.907m  -2.662   0.0046      Fe2b 1.889m  -1.573   0.0563            
 nInu 12.43m  -0.112   1.6262      Ca A  3798A  -1.696   0.0424      H  1 5.127m  -2.749   0.0037      Fe 2  1786A  -1.424   0.0793            
 nFnu 11.40m  -1.135   0.1544      Ca A  3771A  -1.786   0.0344      H  1 19.06m  -2.790   0.0034      Fe3c     0   -2.226   0.0125            
 nInu 11.40m  -0.126   1.5751      Ca A  3750A  -1.866   0.0287      H  1 11.31m  -2.876   0.0028      Fe 3  5271A  -2.947   0.0024            
 nFnu 10.46m  -1.096   0.1686      Ca A  3734A  -1.936   0.0244      H  1 8.758m  -2.956   0.0023      Fe 3  5012A  -3.231   0.0012            
 nInu 10.46m  -0.140   1.5256      Ca A  3722A  -2.000   0.0210      H  1 27.80m  -3.091   0.0017      Fe 3  4659A  -2.785   0.0035            
 nFnu 9.480m  -1.066   0.1810      Ca A  3712A  -2.057   0.0184      H  1 16.20m  -3.145   0.0015      Fe 3  4702A  -3.093   0.0017            
 nInu 9.480m  -0.136   1.5394      Ca A  3704A  -2.108   0.0164      Ca A 303.8A  -2.793   0.0034      Fe 3  1126A  -3.257   0.0012            
 nFnu 9.325m  -1.061   0.1829      Ca A  3697A  -2.154   0.0148      He 2 303.8A  -2.891   0.0027      recombination...............            
 nInu 9.325m  -0.132   1.5527      Ca A  3692A  -2.195   0.0134      He-like iso-sequence........      O  1  1357A  -2.584   0.0055            
 nFnu 8.210m  -1.007   0.2074      Ca A  3687A  -2.234   0.0123      Clin 506.0A  -1.302   0.1050      C  1  1140A  -2.162   0.0145            
 nInu 8.210m  -0.087   1.7246      Ca A  3683A  -2.271   0.0113      Ca B  2945A  -2.870   0.0028      C  2 799.8A  -3.138   0.0015            
 nFnu 7.580m  -0.983   0.2188      Ca A  3679A  -2.307   0.0104      Ca B  3188A  -2.546   0.0060      N  1 980.7A  -2.831   0.0031            
 nInu 7.580m  -0.046   1.8925      Ca A  3676A  -2.343   0.0096      Ca B  3889A  -2.126   0.0157      O  1  7950A  -3.058   0.0018            
 nFnu 7.050m  -0.942   0.2408      Ca A  3674A  -2.379   0.0088      Ca B  3965A  -3.134   0.0015      level2 lines................            
 nInu 7.050m  -0.004   2.0863      Ca A  3671A  -2.415   0.0081      Ca B  4026A  -2.798   0.0033      C  1 943.9A  -2.044   0.0190            
 nFnu 4.114m  -0.729   0.3932      Ca A 1.875m  -0.887   0.2734      Ca B  4471A  -2.467   0.0072      C  1  1248A  -1.989   0.0216            
 nInu 4.114m   0.518   6.9328      Ca A 1.282m  -1.199   0.1330      Ca B  4922A  -3.030   0.0020      C  1  1561A  -2.249   0.0119            
 nFnu 2.324m  -0.573   0.5625      Ca A 1.094m  -1.457   0.0735      Ca B  5016A  -2.725   0.0040      C  1  1315A  -2.158   0.0146            
 nInu 2.324m   1.117  27.5700      Ca A 1.005m  -1.670   0.0451      Ca B  5876A  -1.998   0.0211      C  1  1166A  -2.338   0.0097            
 nFnu 1.643m  -0.442   0.7599      Ca A  9546A  -1.848   0.0299      Ca B  6678A  -2.546   0.0060      C  1  1233A  -2.345   0.0095            
 nInu 1.643m   1.518  69.3823      Ca A  9229A  -1.998   0.0211      Ca B  7065A  -2.692   0.0043      C  1  1132A  -2.606   0.0052            
 nFnu 1.480m  -0.453   0.7414      Ca A  9015A  -2.126   0.0157      Ca B  7281A  -3.310   0.0010      C  1  1251A  -2.617   0.0051            
 nInu 1.480m   1.582  80.4649      Ca A  8863A  -2.235   0.0122      Ca B 1.083m  -1.075   0.1770      C  1  1112A  -2.743   0.0038            
 nFnu 1.436m  -0.191   1.3573      Ca A  8750A  -2.330   0.0098      Ca B 1.278m  -3.249   0.0012      C  1  1115A  -2.792   0.0034            
 nInu 1.436m   1.607  85.1325      Ca A  8665A  -2.413   0.0081      Ca B 1.869m  -2.869   0.0028      C  1  1162A  -2.868   0.0029            
 nFnu 1.119m  -0.241   1.2082      Ca A  8598A  -2.487   0.0069      Ca B 2.058m  -2.407   0.0082      C  1  1167A  -3.034   0.0019            
 nInu 1.119m   1.774 125.1020      Ca A  8545A  -2.552   0.0059      He 1     0   -0.463   0.7252      C  1  1104A  -2.973   0.0022            
 nFnu  8330A  -0.359   0.9213      Ca A  8502A  -2.608   0.0052      He 1 584.3A  -1.931   0.0247      C  1  1109A  -2.987   0.0022            
 nInu  8330A   1.931 179.4200      Ca A  8467A  -2.657   0.0046      He 1 537.0A  -2.941   0.0024      C  1  1130A  -3.194   0.0013            
 nFnu  8079A   0.210   3.4142      Ca A  8438A  -2.701   0.0042      He 1 522.2A  -2.974   0.0022      C  1  1098A  -3.136   0.0015            
 nInu  8079A   1.956 190.3936      Ca A  8413A  -2.742   0.0038      He 1 515.6A  -3.010   0.0021      C  1  1132A  -3.160   0.0015            
 nFnu  6210A   0.010   2.1516      Ca A  8392A  -2.780   0.0035      He 1 512.1A  -3.037   0.0019      C  1  1106A  -3.221   0.0013            
 nInu  6210A   2.143 292.5465      Ca A  8374A  -2.818   0.0032      He 1 625.6A  -2.807   0.0033      C  2 892.8A  -2.484   0.0069            
 nFnu  4885A  -0.258   1.1632      Ca A  8359A  -2.855   0.0029      TOTL 1.083m  -1.109   0.1638      C  2 688.8A  -2.874   0.0028            
 nInu  4885A   2.293 413.5975      Ca A  8346A  -2.891   0.0027      He 1 1.083m  -1.109   0.1638      C  2  1020A  -1.296   0.1064            
 nFnu  3704A  -0.668   0.4523      Ca A  8334A  -2.927   0.0025      He 1 1.083m  -2.063   0.0182      C  2 596.6A  -3.170   0.0014            
 nInu  3704A   2.394 521.3690      Ca A 4.051m  -1.501   0.0664      He 1 1.083m  -1.586   0.0546      C  2 562.0A  -3.293   0.0011            
 nFnu  3588A   0.924  17.6765      Ca A 2.625m  -1.740   0.0383      He 1 1.083m  -1.364   0.0909      C  2 858.2A  -3.229   0.0012            
 nInu  3588A   2.393 520.8339      Ca A 2.166m  -1.953   0.0234      He 1  3889A  -2.154   0.0148      N  1 942.3A  -1.620   0.0505            
 nFnu  2430A  -0.038   1.9277      Ca A 1.945m  -2.139   0.0153      He 1  3188A  -2.577   0.0056      N  1 952.1A  -1.565   0.0573            
 nInu  2430A   2.666 975.3094      Ca A 1.817m  -2.300   0.0105      He 1  2945A  -2.903   0.0026      N  1  1131A  -1.585   0.0547            
 nFnu  2392A  -0.083   1.7403      Ca A 1.736m  -2.439   0.0077      He 1  2829A  -3.162   0.0014      N  2 634.4A  -3.266   0.0011            
 nInu  2392A   2.671 985.9900      Ca A 1.681m  -2.560   0.0058      He 1 2.058m  -2.777   0.0035      N  2 907.1A  -2.870   0.0028            
 nFnu  2071A  -0.499   0.6675      Ca A 1.641m  -2.664   0.0046      He 1  5016A  -2.770   0.0036      O  1 867.3A  -2.822   0.0032            
 nInu  2071A   2.7721246.3297      Ca A 1.611m  -2.755   0.0037      He 1  3965A  -3.150   0.0015      O  1 787.5A  -2.969   0.0023            
 nFnu  2053A  -0.524   0.6304      Ca A 1.588m  -2.835   0.0031      He 1  7065A  -2.724   0.0040      O  1 976.8A  -1.817   0.0321            
 nInu  2053A   2.7681233.6770      Ca A 1.570m  -2.905   0.0026      He 1  5876A  -2.011   0.0205      O  1 767.7A  -3.239   0.0012            
 nFnu  1793A  -0.762   0.3645      Ca A 1.556m  -2.965   0.0023      He 1  4471A  -2.494   0.0067      O  1 969.0A  -1.557   0.0584            
 nInu  1793A   2.8561511.3240      Ca A 1.544m  -3.017   0.0020      He 1  4026A  -2.830   0.0031      O  1 946.4A  -1.582   0.0551            
 nFnu  1585A  -0.780   0.3495      Ca A 1.534m  -3.063   0.0018      He 1  3820A  -3.090   0.0017      O  1 934.5A  -1.717   0.0404            
 nInu  1585A   2.8491486.6472      Ca A 1.526m  -3.105   0.0017      He 1  7281A  -3.319   0.0010      O  1 973.6A  -1.951   0.0235            
 nFnu  1458A  -0.712   0.4089      Ca A 1.519m  -3.144   0.0015      He 1  6678A  -2.559   0.0058      O  1 927.5A  -1.833   0.0309            
 nInu  1458A   2.9501876.0800      Ca A 1.513m  -3.183   0.0014      He 1  4922A  -3.056   0.0018      O  1 948.5A  -1.751   0.0373            
 nFnu  1357A  -0.646   0.4759      Ca A 1.508m  -3.220   0.0013      He 1 1.869m  -2.863   0.0029      O  1 923.0A  -1.963   0.0229            
 nInu  1357A   3.0132170.4380      Ca A 1.504m  -3.257   0.0012      He 1 1.278m  -3.266   0.0011      O  1 919.9A  -2.128   0.0157            
 nFnu  1297A  -0.569   0.5674      Ca A 1.500m  -3.293   0.0011      Pho+  3889A  -1.094   0.1694      O  1 935.7A  -1.949   0.0237            
 nInu  1297A   2.9842029.4053      Ca A 7.458m  -2.005   0.0208      database lines..............      O  1 917.7A  -2.197   0.0134            
 nFnu  1263A  -0.402   0.8338      Ca A 4.653m  -2.195   0.0134      level 1 lines...............      O  1 918.7A  -2.266   0.0114            
 nInu  1263A   3.0112161.1750      Ca A 3.740m  -2.379   0.0088      C  1  1656A  -1.823   0.0317      O  1 928.2A  -2.141   0.0152            
 nFnu  1218A   1.863 153.6517      Ca A 3.296m  -2.544   0.0060      REC   1656A  -2.558   0.0058      O  1 917.5A  -2.342   0.0096            
 nInu  1218A   2.8791594.8208      Ca A 3.038m  -2.689   0.0043      C  1  8727A  -2.252   0.0118      O  1 923.4A  -2.347   0.0095            
 nFnu  1196A   0.089   2.5830      Ca A 2.872m  -2.816   0.0032      TOTL  2326A  -1.078   0.1757      O  1 920.2A  -2.576   0.0056            
 nInu  1196A   2.9431844.9707      Ca A 2.758m  -2.927   0.0025      C  2  2325A  -2.157   0.0146      O  1 918.0A  -2.697   0.0042            
 nFnu  1175A  -0.414   0.8111      Ca A 2.674m  -3.023   0.0020      C  2  2324A  -2.481   0.0070      Ne 1 688.6A  -3.252   0.0012            
 nInu  1175A   2.8231399.9028      Ca A 2.612m  -3.107   0.0016      C  2  2329A  -2.139   0.0153      Mg 1  1817A  -2.995   0.0021            
 nFnu  1144A  -0.477   0.7016      Ca A 2.564m  -3.180   0.0014      C  2  2328A  -1.619   0.0506      Mg 2  1040A  -3.065   0.0018            
 nInu  1144A   3.0502362.3816      Ca A 2.525m  -3.243   0.0012      C  2  2327A  -1.378   0.0882      Mg 2 959.3A  -2.617   0.0051            
 nFnu  1113A  -0.499   0.6670      Ca A 2.495m  -3.297   0.0011      C  2  1335A  -1.278   0.1109      Mg 2 919.2A  -3.158   0.0015            
 nInu  1113A   3.0362285.0066      Ca A 12.37m  -2.434   0.0078      C  3 977.0A  -2.342   0.0096      Mg 2  1258A  -2.756   0.0037            
 nFnu  1103A  -0.402   0.8332      Ca A 7.500m  -2.592   0.0054      N  1 953.9A  -1.564   0.0575      Al 2  1671A  -1.625   0.0499            
 nInu  1103A   3.0602417.2437      Ca A 5.907m  -2.753   0.0037      N  1 954.1A  -1.960   0.0231      Si 1  1261A  -3.064   0.0018            
 nFnu  1074A  -0.429   0.7839      Ca A 5.127m  -2.900   0.0027      N  1 951.0A  -3.202   0.0013      Si 1  1853A  -3.135   0.0015            
 nInu  1074A   3.0512368.6902      Ca A 4.671m  -3.030   0.0020      N  1  1200A  -1.416   0.0808      Si 2  1180A  -1.339   0.0963            
 nFnu  1064A  -0.436   0.7722      Ca A 4.375m  -3.144   0.0015      N  1  3466A  -2.618   0.0051      Si 2 993.4A  -1.690   0.0430            
 nInu  1064A   3.0322267.8167      Ca A 4.170m  -3.244   0.0012      N  1  3468A  -3.298   0.0011      Si 2  1024A  -1.870   0.0284            
 nFnu  1036A  -0.443   0.7596      Ca A 19.06m  -2.807   0.0033      TOTL  3467A  -2.536   0.0061      S  2 750.3A  -2.998   0.0021            
 nInu  1036A   2.9892052.4197      Ca A 11.31m  -2.942   0.0024      N  1 1.040m  -2.120   0.0160      S  2 888.4A  -3.109   0.0016            
 nFnu  1000A  -0.435   0.7730      Ca A 8.758m  -3.085   0.0017      N  1 1.040m  -2.654   0.0047      Ar 1  1096A  -1.764   0.0363            
 nInu  1000A   2.9862037.2272      Ca A 7.506m  -3.215   0.0013      N  1 1.041m  -2.469   0.0071      Ar 1 922.5A  -2.301   0.0105            
 nFnu 925.1A  -0.399   0.8399      Ca A 27.80m  -3.139   0.0015      N  1 1.041m  -2.470   0.0071      Ar 1 918.5A  -2.427   0.0079            
 nInu 925.1A   2.7451169.4563      Ca A 16.20m  -3.256   0.0012      TOTL 1.040m  -1.780   0.0349      P  2  1154A  -2.388   0.0086            
 nFnu 897.8A   1.171  31.2324      Ca B  6563A   0.118   2.7607      N  2  6584A  -1.957   0.0233      P  2 967.2A  -2.226   0.0125            
 nFnu 760.0A  -0.318   1.0116      Ca B  4861A  -0.335   0.9740      N  2  6548A  -2.427   0.0079      P  2 963.8A  -1.897   0.0267            
 nFnu 701.5A  -1.014   0.2039      Ca B  4340A  -0.660   0.4605      N  2  5755A  -2.192   0.0135      Cl 2  1071A  -3.308   0.0010            
 nFnu 608.2A  -2.729   0.0039      Ca B  4102A  -0.908   0.2601      N  2  2141A  -2.848   0.0030      Ti 2  3366A  -1.974   0.0223            
 nFnu 575.1A  -2.627   0.0050      Ca B  3970A  -1.104   0.1656      N  2  1085A  -1.471   0.0712      Ti 2  3238A  -2.220   0.0127            
 nInu 511.9A  -2.831   0.0031      Ca B  3889A  -1.263   0.1148      O  1  6300A  -0.703   0.4170      Ti 2  1904A  -3.292   0.0011            
 nFnu 496.9A  -0.170   1.4241      Ca B  3835A  -1.395   0.0847      O  1  6363A  -1.199   0.1330      Ti 2  1907A  -3.028   0.0020            
 nInu 399.2A  -3.027   0.0020      Ca B  3798A  -1.508   0.0654      O  1  5577A  -2.189   0.0136      Cr 2  2060A  -2.203   0.0132            
 RRC.........................      Ca B  3771A  -1.606   0.0521      O  1 63.17m  -2.498   0.0067      Mn 2  2590A  -1.833   0.0309            
 H  1 911.8A   0.135   2.8704      Ca B  3750A  -1.695   0.0425      TOTL  3727A  -2.895   0.0027      Mn 2  1199A  -2.301   0.0105            
 H  1  3646A  -0.324   0.9980      Ca B  3734A  -1.775   0.0353      TOTL  7325A  -1.764   0.0363      Co 2  2019A  -3.286   0.0011            
 H  1  3646A   0.048   2.3525      Ca B  3722A  -1.849   0.0298      O II  3726A  -3.038   0.0019      Co 2  1950A  -3.280   0.0011            
 H  1  8204A  -1.075   0.1771      Ca B  3712A  -1.916   0.0256      O II  2471A  -1.860   0.0290      Co 2  1576A  -3.168   0.0014            
 H  1  8204A  -0.652   0.4688      Ca B  3704A  -1.977   0.0222      O II  7323A  -2.015   0.0203      Co 2  1470A  -2.933   0.0025            
 H  1  8204A  -0.714   0.4067      Ca B  3697A  -2.034   0.0195      O II  7332A  -2.121   0.0159      Ni 2  1752A  -2.162   0.0145            
 H  1 1.458m  -1.580   0.0553      Ca B  3692A  -2.087   0.0172      O  2 833.8A  -2.740   0.0038      Ni 2  1744A  -2.084   0.0174            
 H  1 1.458m  -1.150   0.1491      Ca B  3687A  -2.136   0.0154      Ne 2 12.81m  -1.345   0.0952      Ni 2  1485A  -2.529   0.0062            
 H  1 1.458m  -1.103   0.1662      Ca B  3683A  -2.184   0.0138      Ne 3 15.55m  -3.229   0.0012      Ni 2  1473A  -2.223   0.0126            
 H  1 1.458m  -1.401   0.0836      Ca B  3679A  -2.231   0.0124      Na 1  5892A  -2.132   0.0155      Ni 2  1400A  -2.397   0.0084            
 H  1 2.279m  -1.952   0.0235      Ca B  3676A  -2.276   0.0112      Mg 1  4561A  -3.271   0.0011      Ni 2  1376A  -2.019   0.0201            
 H  1 2.279m  -1.521   0.0634      Ca B  3674A  -2.320   0.0101      Mg 1  2853A  -1.897   0.0267      Ni 2  1324A  -1.976   0.0222            
 H  1 2.279m  -1.441   0.0763      Ca B  3671A  -2.362   0.0091      Mg 1  2026A  -2.423   0.0079      Cu 2  1359A  -3.261   0.0012            
 H  1 2.279m  -1.591   0.0540      Ca B 1.875m  -0.814   0.3230      TOTL  2798A  -0.027   1.9788      Zn 2  2038A  -2.723   0.0040            
 H  1 2.279m  -2.049   0.0188      Ca B 1.282m  -1.120   0.1596      Mg 2  2796A  -0.208   1.3034      hyperfine structure.........            
 H  1 3.281m  -2.242   0.0121      Ca B 1.094m  -1.371   0.0897      Mg 2  2803A  -0.494   0.6754      inner shell.................            
 H  1 3.281m  -1.813   0.0324      Ca B 1.005m  -1.573   0.0562      totl  2665A  -1.749   0.0376      molecules...................            
 H  1 3.281m  -1.720   0.0401      Ca B  9546A  -1.740   0.0383      Al 2  2670A  -1.751   0.0374      H-FB     0   -1.637   0.0486            
 H  1 3.281m  -1.814   0.0323      Ca B  9229A  -1.879   0.0278      Si 1  2518A  -3.208   0.0013      H-FF     0   -1.815   0.0322            
 H  1 3.281m  -2.098   0.0168      Ca B  9015A  -1.998   0.0212      Si 2 34.81m  -2.693   0.0043      H-CT  6563A  -1.451   0.0745            
 H  1 3.281m  -2.667   0.0045      Ca B  8863A  -2.102   0.0167      TOTL  2335A  -1.639   0.0484      H- H     0   -2.545   0.0060            
 H  1 4.466m  -2.479   0.0070      Ca B  8750A  -2.195   0.0134      Si 2  2334A  -2.646   0.0048      H2+      0   -1.938   0.0243            
 H  1 4.466m  -2.051   0.0187      Ca B  8665A  -2.278   0.0111      Si 2  2350A  -2.758   0.0037            
 H  1 4.466m  -1.953   0.0235      Ca B  8598A  -2.355   0.0093      Si 2  2344A  -2.114   0.0162            
 H  1 4.466m  -2.022   0.0200      Ca B  8545A  -2.424   0.0079      Si 2  2336A  -1.951   0.0236            

                                                    Emergent line intensities
 general properties..........      Ca A 972.5A  -0.069   1.7959      Ca B 2.495m  -3.193   0.0013      S II  6716A  -2.719   0.0040            
 TOTL  4861A  -0.323   1.0000      Ca A 949.7A  -0.357   0.9249      Ca B 2.469m  -3.248   0.0012      S II  4070A  -1.016   0.2031            
 TOTL  1216A   1.249  37.3302      Ca A 937.8A  -0.566   0.5717      Ca B 2.448m  -3.299   0.0011      S II  4078A  -1.649   0.0472            
 continua....................      Ca A 930.8A  -0.720   0.4010      Ca B 12.37m  -2.384   0.0087      S II 1.032m  -1.507   0.0656            
 Bac   3646A   0.941  18.3823      Ca A 926.2A  -0.832   0.3103      Ca B 7.500m  -2.537   0.0061      S II 1.029m  -1.642   0.0480            
 nFnu  3645A   0.952  18.8574      Ca A 923.2A  -0.912   0.2577      Ca B 5.907m  -2.688   0.0043      S II 1.037m  -2.109   0.0164            
 nFnu  3647A  -0.647   0.4750      Ca A 921.0A  -0.976   0.2226      Ca B 5.127m  -2.823   0.0032      S II 1.034m  -1.812   0.0325            
 cout  3646A   0.640   9.1912      Ca A 919.4A  -1.031   0.1960      Ca B 4.671m  -2.941   0.0024      S  2  1256A  -1.815   0.0322            
 cref  3646A   0.640   9.1912      Ca A 918.1A  -1.082   0.1743      Ca B 4.375m  -3.047   0.0019      S  3  9532A  -2.712   0.0041            
 thin  3646A   0.941  18.3825      Ca A 917.2A  -1.131   0.1558      Ca B 4.170m  -3.140   0.0015      S  3  9069A  -3.106   0.0016            
 Inci  4860A   2.273 394.6641      Ca A 916.4A  -1.178   0.1397      Ca B 4.020m  -3.224   0.0013      Cl 2 14.40m  -3.143   0.0015            
 Inci  1215A   2.8811601.2509      Ca A 915.8A  -1.223   0.1258      Ca B 3.906m  -3.298   0.0011      Cl 2  8579A  -2.006   0.0208            
 FIR  83.00m   0.544   7.3722      Ca A 915.3A  -1.266   0.1140      Ca B 19.06m  -2.754   0.0037      Cl 2  9124A  -2.584   0.0055            
 TIR   1800m  -1.691   0.0429      Ca A 914.9A  -1.306   0.1041      Ca B 11.31m  -2.882   0.0028      Ar 2 6.980m  -1.785   0.0345            
 NIRa 2.850m   1.871 156.4049      Ca A 914.6A  -1.343   0.0955      Ca B 8.758m  -3.013   0.0020      Ar 3  7135A  -2.742   0.0038            
 NIRb 3.000m   1.585  80.9708      Ca A 914.3A  -1.379   0.0880      Ca B 7.506m  -3.132   0.0016      Ca 1  4228A  -2.734   0.0039            
 MIRa 15.00m   0.252   3.7631      Ca A 914.0A  -1.414   0.0811      Ca B 6.770m  -3.239   0.0012      Ca 2  3933A  -0.393   0.8508            
 MIRb 22.50m   0.388   5.1425      Ca A 913.8A  -1.449   0.0748      Ca B 27.80m  -3.080   0.0018      Ca 2  8579A  -1.214   0.1285            
 NMIR 21.75m   1.871 156.4049      Ca A 913.6A  -1.484   0.0690      Ca B 16.20m  -3.188   0.0014      Ca 2  7306A  -0.162   1.4500            
 TFIR 611.2m   0.032   2.2684      Ca A 913.5A  -1.519   0.0637      Ca B 12.38m  -3.302   0.0010      Ca2K  3934A  -0.591   0.5399            
 TALL 10000A   3.0562393.6660      Ca A 913.3A  -1.555   0.0587      H  1  1216A   1.249  37.3302      Ca2H  3969A  -0.831   0.3109            
 F12  12.00m  -0.273   1.1223      Ca A  6563A  -0.083   1.7396      H  1  1026A  -1.088   0.1718      Ca2X  8498A  -2.327   0.0099            
 F25  25.00m  -0.281   1.1016      Ca A  4861A  -0.524   0.6302      H  1 972.5A  -1.446   0.0754      Ca2Y  8542A  -1.387   0.0863            
 F60  60.00m   0.147   2.9507      Ca A  4340A  -0.847   0.2992      H  1 949.7A  -1.284   0.1094      Ca2Z  8662A  -1.814   0.0323            
 F100 100.0m  -0.044   1.9009      Ca A  4102A  -1.099   0.1677      H  1 937.8A  -1.458   0.0733      CaF1  7291A  -0.381   0.8764            
 MIPS 24.00m  -0.586   0.5463      Ca A  3970A  -1.298   0.1059      H  1 930.8A  -1.724   0.0398      CaF2  7324A  -0.565   0.5735            
 MIPS 70.00m  -0.211   1.2955      Ca A  3889A  -1.459   0.0732      H  1 926.2A  -1.915   0.0256      Fe 2  4300A  -0.216   1.2795            
 MIPS 160.0m  -0.439   0.7653      Ca A  3835A  -1.589   0.0542      H  1 923.2A  -1.998   0.0211      Fe 2  2400A  -0.186   1.3714            
 IRAC 3.600m   0.058   2.4060      Ca A  3798A  -1.696   0.0424      H  1 921.0A  -2.084   0.0174      Fe 2  6200A  -1.995   0.0213            
 IRAC 4.500m  -0.191   1.3562      Ca A  3771A  -1.786   0.0344      H  1  6563A   0.137   2.8857      Fe 2  1080A  -2.816   0.0032            
 IRAC 5.800m  -0.405   0.8286      Ca A  3750A  -1.866   0.0287      H  1  4861A  -0.323   1.0000      Fe 2  1500A  -3.080   0.0018            
 IRAC 8.000m  -0.407   0.8245      Ca A  3734A  -1.936   0.0244      H  1  4340A  -0.622   0.5029      Fe 2 1.150m  -2.657   0.0046            
 SPR1 250.0m  -0.858   0.2918      Ca A  3722A  -2.000   0.0210      H  1  4102A  -0.842   0.3032      Fe 2  2500A  -2.700   0.0042            
 SPR2 350.0m  -1.288   0.1085      Ca A  3712A  -2.057   0.0184      H  1  3970A  -1.004   0.2085      Fe 2  2300A  -2.965   0.0023            
 SPR3 500.0m  -1.662   0.0458      Ca A  3704A  -2.108   0.0164      H  1  3889A  -1.137   0.1535      Fe 2  8900A  -3.254   0.0012            
 PAC1 70.00m  -0.149   1.4939      Ca A  3697A  -2.154   0.0148      H  1  3835A  -1.248   0.1189      Fe 2 25.98m  -2.211   0.0130            
 PAC2 100.0m  -0.039   1.9227      Ca A  3692A  -2.195   0.0134      H  1  3798A  -1.337   0.0968      Fe 2 5.339m  -3.141   0.0015            
 PAC3 160.0m  -0.182   1.3833      Ca A  3687A  -2.234   0.0123      H  1 1.875m  -0.816   0.3212      Fe 2 1.257m  -1.389   0.0860            
 PAH  3.300m  -0.722   0.3990      Ca A  3683A  -2.271   0.0113      H  1 1.282m  -1.106   0.1647      Fe 2 35.34m  -2.626   0.0050            
 PAHC 3.230m  -0.992   0.2143      Ca A  3679A  -2.307   0.0104      H  1 1.094m  -1.333   0.0977      Fe 2 1.321m  -1.966   0.0228            
 PAHC 3.370m  -1.069   0.1794      Ca A  3676A  -2.343   0.0096      H  1 1.005m  -1.508   0.0654      Fe 2 1.249m  -2.619   0.0051            
 PAH  6.200m  -0.944   0.2393      Ca A  3674A  -2.379   0.0088      H  1  9546A  -1.649   0.0473      Fe 2  7638A  -1.922   0.0252            
 PAHC 5.650m  -0.857   0.2929      Ca A  3671A  -2.415   0.0081      H  1  9229A  -1.763   0.0363      Fe 2 51.29m  -3.317   0.0010            
 PAH  7.900m  -0.865   0.2876      Ca A 1.875m  -0.887   0.2734      H  1  9015A  -1.852   0.0296      Fe 2 1.372m  -2.190   0.0136            
 PAHC 6.900m  -0.733   0.3893      Ca A 1.282m  -1.199   0.1330      H  1 4.051m  -1.460   0.0730      Fe 2 1.294m  -1.951   0.0236            
 PAH  11.30m  -1.516   0.0642      Ca A 1.094m  -1.457   0.0735      H  1 2.625m  -1.678   0.0442      Fe 2  7687A  -2.103   0.0166            
 PAHC 10.90m  -1.522   0.0633      Ca A 1.005m  -1.670   0.0451      H  1 2.166m  -1.864   0.0288      Fe 2 1.328m  -2.196   0.0134            
 PAH  11.80m  -1.311   0.1029      Ca A  9546A  -1.848   0.0299      H  1 1.945m  -2.013   0.0204      Fe 2 1.279m  -2.056   0.0185            
 PAHC 12.65m  -1.013   0.2043      Ca A  9229A  -1.998   0.0211      H  1 1.817m  -2.131   0.0156      Fe 2 1.252m  -2.949   0.0024            
 PAH  13.30m  -1.286   0.1089      Ca A  9015A  -2.126   0.0157      H  1 1.736m  -2.221   0.0126      Fe 2  7665A  -2.464   0.0072            
 PAHC 14.10m  -1.295   0.1067      Ca A  8863A  -2.235   0.0122      H  1 7.458m  -1.984   0.0218      Fe 2 1.298m  -2.420   0.0080            
 Bcon  3640A   2.9671950.1564      Ca A  8750A  -2.330   0.0098      H  1 4.653m  -2.153   0.0148      Fe 2 1.270m  -2.236   0.0122            
 Pcon  5000A   2.170 311.5905      Ca A  8665A  -2.413   0.0081      H  1 3.740m  -2.302   0.0105      Fe 2  7874A  -2.961   0.0023            
 nFnu 122.4m  -1.996   0.0212      Ca A  8598A  -2.487   0.0069      H  1 3.296m  -2.420   0.0080      Fe 2  7733A  -2.980   0.0022            
 nInu 122.4m   0.369   4.9262      Ca A  8545A  -2.552   0.0059      H  1 3.038m  -2.510   0.0065      Fe 2 17.93m  -1.817   0.0321            
 nFnu 60.83m  -1.754   0.0371      Ca A  8502A  -2.608   0.0052      H  1 12.37m  -2.425   0.0079      Fe 2 1.644m  -1.461   0.0728            
 nInu 60.83m   0.322   4.4191      Ca A  8467A  -2.657   0.0046      H  1 7.500m  -2.550   0.0059      Fe 2 1.533m  -1.896   0.0268            
 nFnu 41.22m  -1.604   0.0524      Ca A  8438A  -2.701   0.0042      H  1 5.907m  -2.662   0.0046      Fe 2  8617A  -1.344   0.0954            
 nInu 41.22m   0.211   3.4181      Ca A  8413A  -2.742   0.0038      H  1 5.127m  -2.749   0.0037      Fe 2 24.51m  -2.292   0.0107            
 nFnu 30.87m  -1.499   0.0667      Ca A  8392A  -2.780   0.0035      H  1 19.06m  -2.790   0.0034      Fe 2 1.809m  -2.164   0.0144            
 nInu 30.87m   0.113   2.7320      Ca A  8374A  -2.818   0.0032      H  1 11.31m  -2.876   0.0028      Fe 2 1.677m  -2.035   0.0194            
 nFnu 24.78m  -1.419   0.0803      Ca A  8359A  -2.855   0.0029      H  1 8.758m  -2.956   0.0023      Fe 2 1.599m  -1.995   0.0213            
 nInu 24.78m   0.038   2.2989      Ca A  8346A  -2.891   0.0027      H  1 27.80m  -3.091   0.0017      Fe 2  9052A  -2.002   0.0210            
 nFnu 24.30m  -1.412   0.0815      Ca A  8334A  -2.927   0.0025      H  1 16.20m  -3.145   0.0015      Fe 2  8892A  -1.747   0.0377            
 nInu 24.30m   0.031   2.2631      Ca A 4.051m  -1.501   0.0664      He 2 303.8A  -3.236   0.0012      Fe 2 35.77m  -3.100   0.0017            
 nFnu 22.83m  -1.388   0.0861      Ca A 2.625m  -1.740   0.0383      He-like iso-sequence........      Fe 2 1.800m  -2.207   0.0131            
 nInu 22.83m   0.011   2.1590      Ca A 2.166m  -1.953   0.0234      Clin 506.0A  -1.302   0.1050      Fe 2 1.711m  -2.577   0.0056            
 nFnu 21.42m  -1.366   0.0906      Ca A 1.945m  -2.139   0.0153      Ca B  2945A  -2.870   0.0028      Fe 2 1.664m  -2.277   0.0111            
 nInu 21.42m  -0.011   2.0517      Ca A 1.817m  -2.300   0.0105      Ca B  3188A  -2.546   0.0060      Fe 2  9399A  -2.779   0.0035            
 nFnu 21.12m  -1.361   0.0916      Ca A 1.736m  -2.439   0.0077      Ca B  3889A  -2.126   0.0157      Fe 2  9227A  -2.002   0.0209            
 nInu 21.12m  -0.016   2.0277      Ca A 1.681m  -2.560   0.0058      Ca B  3965A  -3.134   0.0015      Fe 2  9033A  -2.213   0.0129            
 nFnu 19.62m  -1.334   0.0977      Ca A 1.641m  -2.664   0.0046      Ca B  4026A  -2.798   0.0033      Fe 2 1.797m  -2.350   0.0094            
 nInu 19.62m  -0.037   1.9329      Ca A 1.611m  -2.755   0.0037      Ca B  4471A  -2.467   0.0072      Fe 2 1.745m  -2.585   0.0055            
 nFnu 17.65m  -1.292   0.1076      Ca A 1.588m  -2.835   0.0031      Ca B  4922A  -3.030   0.0020      Fe 2  9471A  -2.568   0.0057            
 nInu 17.65m  -0.055   1.8547      Ca A 1.570m  -2.905   0.0026      Ca B  5016A  -2.725   0.0040      Fe 2  9268A  -2.108   0.0164            
 nFnu 17.37m  -1.287   0.1088      Ca A 1.556m  -2.965   0.0023      Ca B  5876A  -1.998   0.0211      Fe 2 22.90m  -3.121   0.0016            
 nInu 17.37m  -0.057   1.8443      Ca A 1.544m  -3.017   0.0020      Ca B  6678A  -2.546   0.0060      Fe 2 1.811m  -2.799   0.0033            
 nFnu 15.69m  -1.253   0.1175      Ca A 1.534m  -3.063   0.0018      Ca B  7065A  -2.692   0.0043      Fe 2 1.748m  -2.989   0.0022            
 nInu 15.69m  -0.074   1.7763      Ca A 1.526m  -3.105   0.0017      Ca B  7281A  -3.310   0.0010      Fe 2 1.813m  -3.234   0.0012            
 nFnu 14.60m  -1.224   0.1258      Ca A 1.519m  -3.144   0.0015      Ca B 1.083m  -1.075   0.1771      Fe2b  7000A  -1.614   0.0512            
 nInu 14.60m  -0.085   1.7302      Ca A 1.513m  -3.183   0.0014      Ca B 1.278m  -3.249   0.0012      Fe2b 10000A  -0.524   0.6292            
 nFnu 12.43m  -1.162   0.1451      Ca A 1.508m  -3.220   0.0013      Ca B 1.869m  -2.869   0.0028      Fe2b  7445A  -1.614   0.0512            
 nInu 12.43m  -0.112   1.6263      Ca A 1.504m  -3.257   0.0012      Ca B 2.058m  -2.407   0.0082      Fe2b  8625A  -1.001   0.2102            
 nFnu 11.40m  -1.135   0.1544      Ca A 1.500m  -3.293   0.0011      He 1 584.3A  -2.110   0.0163      Fe2b 1.033m  -2.568   0.0057            
 nInu 11.40m  -0.126   1.5752      Ca A 7.458m  -2.005   0.0208      He 1 537.0A  -2.976   0.0022      Fe2b 1.889m  -1.573   0.0563            
 nFnu 10.46m  -1.096   0.1686      Ca A 4.653m  -2.195   0.0134      He 1 522.2A  -3.009   0.0021      Fe 2  1786A  -1.424   0.0793            
 nInu 10.46m  -0.140   1.5257      Ca A 3.740m  -2.379   0.0088      He 1 515.6A  -3.052   0.0019      Fe 3  5271A  -2.947   0.0024            
 nFnu 9.480m  -1.066   0.1810      Ca A 3.296m  -2.544   0.0060      He 1 512.1A  -3.088   0.0017      Fe 3  5012A  -3.231   0.0012            
 nInu 9.480m  -0.136   1.5395      Ca A 3.038m  -2.689   0.0043      TOTL 1.083m  -1.109   0.1638      Fe 3  4659A  -2.785   0.0035            
 nFnu 9.325m  -1.061   0.1829      Ca A 2.872m  -2.816   0.0032      He 1 1.083m  -1.109   0.1638      Fe 3  4702A  -3.093   0.0017            
 nInu 9.325m  -0.132   1.5528      Ca A 2.758m  -2.927   0.0025      He 1 1.083m  -2.063   0.0182      Fe 3  1126A  -3.257   0.0012            
 nFnu 8.210m  -1.007   0.2074      Ca A 2.674m  -3.023   0.0020      He 1 1.083m  -1.586   0.0546      recombination...............            
 nInu 8.210m  -0.087   1.7246      Ca A 2.612m  -3.107   0.0016      He 1 1.083m  -1.364   0.0909      O  1  1357A  -2.584   0.0055            
 nFnu 7.580m  -0.983   0.2188      Ca A 2.564m  -3.180   0.0014      He 1  3889A  -2.154   0.0148      C  1  1140A  -2.162   0.0145            
 nInu 7.580m  -0.046   1.8926      Ca A 2.525m  -3.243   0.0012      He 1  3188A  -2.577   0.0056      N  1 980.7A  -2.831   0.0031            
 nFnu 7.050m  -0.942   0.2408      Ca A 2.495m  -3.297   0.0011      He 1  2945A  -2.903   0.0026      O  1  7950A  -3.058   0.0018            
 nInu 7.050m  -0.004   2.0864      Ca A 12.37m  -2.434   0.0078      He 1  2829A  -3.162   0.0014      level2 lines................            
 nFnu 4.114m  -0.729   0.3932      Ca A 7.500m  -2.592   0.0054      He 1 2.058m  -2.777   0.0035      C  1 943.9A  -2.045   0.0190            
 nInu 4.114m   0.518   6.9332      Ca A 5.907m  -2.753   0.0037      He 1  5016A  -2.770   0.0036      C  1  1248A  -1.989   0.0216            
 nFnu 2.324m  -0.573   0.5626      Ca A 5.127m  -2.900   0.0027      He 1  3965A  -3.150   0.0015      C  1  1561A  -2.249   0.0119            
 nInu 2.324m   1.117  27.5714      Ca A 4.671m  -3.030   0.0020      He 1  7065A  -2.725   0.0040      C  1  1315A  -2.158   0.0146            
 nFnu 1.643m  -0.442   0.7600      Ca A 4.375m  -3.144   0.0015      He 1  5876A  -2.011   0.0205      C  1  1166A  -2.338   0.0097            
 nInu 1.643m   1.518  69.3859      Ca A 4.170m  -3.244   0.0012      He 1  4471A  -2.494   0.0067      C  1  1233A  -2.345   0.0095            
 nFnu 1.480m  -0.453   0.7414      Ca A 19.06m  -2.807   0.0033      He 1  4026A  -2.830   0.0031      C  1  1132A  -2.606   0.0052            
 nInu 1.480m   1.582  80.4690      Ca A 11.31m  -2.942   0.0024      He 1  3820A  -3.090   0.0017      C  1  1251A  -2.617   0.0051            
 nFnu 1.436m  -0.191   1.3573      Ca A 8.758m  -3.085   0.0017      He 1  7281A  -3.319   0.0010      C  1  1112A  -2.743   0.0038            
 nInu 1.436m   1.607  85.1369      Ca A 7.506m  -3.215   0.0013      He 1  6678A  -2.559   0.0058      C  1  1115A  -2.792   0.0034            
 nFnu 1.119m  -0.241   1.2083      Ca A 27.80m  -3.139   0.0015      He 1  4922A  -3.056   0.0018      C  1  1162A  -2.868   0.0029            
 nInu 1.119m   1.774 125.1084      Ca A 16.20m  -3.256   0.0012      He 1 1.869m  -2.863   0.0029      C  1  1167A  -3.034   0.0019            
 nFnu  8330A  -0.359   0.9214      Ca B  6563A   0.118   2.7606      He 1 1.278m  -3.266   0.0011      C  1  1104A  -2.973   0.0022            
 nInu  8330A   1.931 179.4292      Ca B  4861A  -0.335   0.9740      Pho+  3889A  -1.094   0.1694      C  1  1109A  -2.987   0.0022            
 nFnu  8079A   0.210   3.4143      Ca B  4340A  -0.660   0.4605      database lines..............      C  1  1130A  -3.194   0.0013            
 nInu  8079A   1.956 190.4034      Ca B  4102A  -0.908   0.2601      level 1 lines...............      C  1  1098A  -3.137   0.0015            
 nFnu  6210A   0.010   2.1517      Ca B  3970A  -1.104   0.1656      C  1  1656A  -1.823   0.0317      C  1  1132A  -3.160   0.0015            
 nInu  6210A   2.143 292.5616      Ca B  3889A  -1.263   0.1148      REC   1656A  -2.558   0.0058      C  1  1106A  -3.221   0.0013            
 nFnu  4885A  -0.258   1.1633      Ca B  3835A  -1.395   0.0847      C  1  8727A  -2.252   0.0118      C  2 892.8A  -2.715   0.0041            
 nInu  4885A   2.293 413.6187      Ca B  3798A  -1.508   0.0654      TOTL  2326A  -1.078   0.1758      C  2 688.8A  -3.051   0.0019            
 nFnu  3704A  -0.668   0.4523      Ca B  3771A  -1.606   0.0521      C  2  2325A  -2.158   0.0146      C  2  1020A  -1.296   0.1064            
 nInu  3704A   2.394 521.3957      Ca B  3750A  -1.695   0.0425      C  2  2324A  -2.481   0.0070      N  1 942.3A  -1.621   0.0504            
 nFnu  3588A   0.924  17.6774      Ca B  3734A  -1.775   0.0353      C  2  2329A  -2.139   0.0153      N  1 952.1A  -1.566   0.0572            
 nInu  3588A   2.393 520.8606      Ca B  3722A  -1.849   0.0298      C  2  2328A  -1.619   0.0506      N  1  1131A  -1.585   0.0547            
 nFnu  2430A  -0.038   1.9278      Ca B  3712A  -1.916   0.0256      C  2  2327A  -1.378   0.0882      O  1 867.3A  -3.182   0.0014            
 nInu  2430A   2.666 975.3594      Ca B  3704A  -1.977   0.0222      C  2  1335A  -1.278   0.1109      O  1 787.5A  -3.300   0.0011            
 nFnu  2392A  -0.083   1.7404      Ca B  3697A  -2.034   0.0195      C  3 977.0A  -2.343   0.0096      O  1 976.8A  -1.817   0.0321            
 nInu  2392A   2.671 986.0406      Ca B  3692A  -2.087   0.0172      N  1 953.9A  -1.564   0.0574      O  1 969.0A  -1.558   0.0583            
 nFnu  2071A  -0.499   0.6676      Ca B  3687A  -2.136   0.0154      N  1 954.1A  -1.960   0.0231      O  1 946.4A  -1.583   0.0550            
 nInu  2071A   2.7721246.3937      Ca B  3683A  -2.184   0.0138      N  1 951.0A  -3.202   0.0013      O  1 934.5A  -1.718   0.0403            
 nFnu  2053A  -0.524   0.6304      Ca B  3679A  -2.231   0.0124      N  1  1200A  -1.416   0.0808      O  1 973.6A  -1.952   0.0235            
 nInu  2053A   2.7681233.7404      Ca B  3676A  -2.276   0.0112      N  1  3466A  -2.618   0.0051      O  1 927.5A  -1.834   0.0309            
 nFnu  1793A  -0.762   0.3645      Ca B  3674A  -2.320   0.0101      N  1  3468A  -3.298   0.0011      O  1 948.5A  -1.752   0.0373            
 nInu  1793A   2.8561511.4015      Ca B  3671A  -2.362   0.0091      TOTL  3467A  -2.536   0.0061      O  1 923.0A  -1.964   0.0229            
 nFnu  1585A  -0.780   0.3496      Ca B 1.875m  -0.814   0.3230      N  1 1.040m  -2.120   0.0160      O  1 919.9A  -2.128   0.0157            
 nInu  1585A   2.8491486.7235      Ca B 1.282m  -1.120   0.1596      N  1 1.040m  -2.654   0.0047      O  1 935.7A  -1.950   0.0236            
 nFnu  1458A  -0.712   0.4090      Ca B 1.094m  -1.371   0.0897      N  1 1.041m  -2.469   0.0071      O  1 917.7A  -2.197   0.0134            
 nInu  1458A   2.9501876.1763      Ca B 1.005m  -1.573   0.0562      N  1 1.041m  -2.471   0.0071      O  1 918.7A  -2.267   0.0114            
 nFnu  1357A  -0.646   0.4760      Ca B  9546A  -1.740   0.0383      TOTL 1.040m  -1.780   0.0349      O  1 928.2A  -2.142   0.0152            
 nInu  1357A   3.0132170.5493      Ca B  9229A  -1.879   0.0278      N  2  6584A  -1.957   0.0233      O  1 917.5A  -2.343   0.0096            
 nFnu  1297A  -0.569   0.5674      Ca B  9015A  -1.998   0.0212      N  2  6548A  -2.427   0.0079      O  1 923.4A  -2.348   0.0095            
 nInu  1297A   2.9842029.5094      Ca B  8863A  -2.102   0.0166      N  2  5755A  -2.192   0.0135      O  1 920.2A  -2.577   0.0056            
 nFnu  1263A  -0.402   0.8339      Ca B  8750A  -2.195   0.0134      N  2  2141A  -2.848   0.0030      O  1 918.0A  -2.697   0.0042            
 nInu  1263A   3.0112161.2859      Ca B  8665A  -2.279   0.0111      N  2  1085A  -1.471   0.0712      Mg 1  1817A  -2.995   0.0021            
 nFnu  1218A   1.863 153.6596      Ca B  8598A  -2.355   0.0093      O  1  6300A  -0.703   0.4170      Mg 2  1040A  -3.065   0.0018            
 nInu  1218A   2.8791594.9027      Ca B  8545A  -2.424   0.0079      O  1  6363A  -1.199   0.1330      Mg 2 959.3A  -2.618   0.0051            
 nFnu  1196A   0.089   2.5831      Ca B  8502A  -2.487   0.0069      O  1  5577A  -2.189   0.0136      Mg 2 919.2A  -3.158   0.0015            
 nInu  1196A   2.9431845.0654      Ca B  8467A  -2.545   0.0060      O  1 63.17m  -2.498   0.0067      Mg 2  1258A  -2.756   0.0037            
 nFnu  1175A  -0.414   0.8112      Ca B  8438A  -2.598   0.0053      TOTL  3727A  -2.895   0.0027      Al 2  1671A  -1.625   0.0499            
 nInu  1175A   2.8231399.9747      Ca B  8413A  -2.648   0.0047      TOTL  7325A  -1.764   0.0363      Si 1  1261A  -3.064   0.0018            
 nFnu  1144A  -0.477   0.7016      Ca B  8392A  -2.697   0.0042      O II  3726A  -3.038   0.0019      Si 1  1853A  -3.135   0.0015            
 nInu  1144A   3.0502362.5029      Ca B  8374A  -2.743   0.0038      O II  2471A  -1.860   0.0290      Si 2  1180A  -1.339   0.0963            
 nFnu  1113A  -0.499   0.6670      Ca B  8359A  -2.788   0.0034      O II  7323A  -2.015   0.0203      Si 2 993.4A  -1.690   0.0430            
 nInu  1113A   3.0362285.1240      Ca B  8346A  -2.832   0.0031      O II  7332A  -2.121   0.0159      Si 2  1024A  -1.871   0.0283            
 nFnu  1103A  -0.402   0.8333      Ca B  8334A  -2.875   0.0028      O  2 833.8A  -2.970   0.0023      S  2 750.3A  -3.239   0.0012            
 nInu  1103A   3.0602417.3677      Ca B 4.051m  -1.449   0.0749      Ne 2 12.81m  -1.345   0.0952      Ar 1  1096A  -1.764   0.0362            
 nFnu  1074A  -0.429   0.7839      Ca B 2.625m  -1.683   0.0437      Ne 3 15.55m  -3.229   0.0012      Ar 1 922.5A  -2.302   0.0105            
 nInu  1074A   3.0512368.8118      Ca B 2.166m  -1.889   0.0272      Na 1  5892A  -2.132   0.0155      Ar 1 918.5A  -2.427   0.0079            
 nFnu  1064A  -0.436   0.7722      Ca B 1.945m  -2.064   0.0182      Mg 1  4561A  -3.271   0.0011      P  2  1154A  -2.388   0.0086            
 nInu  1064A   3.0322267.9331      Ca B 1.817m  -2.212   0.0129      Mg 1  2853A  -1.897   0.0267      P  2 967.2A  -2.226   0.0125            
 nFnu  1036A  -0.443   0.7596      Ca B 1.736m  -2.338   0.0097      Mg 1  2026A  -2.423   0.0079      P  2 963.8A  -1.897   0.0267            
 nInu  1036A   2.9892052.5251      Ca B 1.681m  -2.449   0.0075      TOTL  2798A  -0.027   1.9789      Cl 2  1071A  -3.309   0.0010            
 nFnu  1000A  -0.435   0.7731      Ca B 1.641m  -2.547   0.0060      Mg 2  2796A  -0.208   1.3034      Ti 2  3366A  -1.974   0.0223            
 nInu  1000A   2.9862037.3317      Ca B 1.611m  -2.635   0.0049      Mg 2  2803A  -0.494   0.6754      Ti 2  3238A  -2.220   0.0127            
 nFnu 925.1A  -0.399   0.8400      Ca B 1.588m  -2.714   0.0041      totl  2665A  -1.749   0.0376      Ti 2  1904A  -3.292   0.0011            
 nInu 925.1A   2.7451169.5164      Ca B 1.570m  -2.786   0.0034      Al 2  2670A  -1.751   0.0374      Ti 2  1907A  -3.028   0.0020            
 nFnu 897.8A   1.171  31.2340      Ca B 1.556m  -2.850   0.0030      Si 1  2518A  -3.208   0.0013      Cr 2  2060A  -2.203   0.0132            
 nFnu 760.0A  -0.318   1.0116      Ca B 1.544m  -2.909   0.0026      Si 2 34.81m  -2.693   0.0043      Mn 2  2590A  -1.833   0.0309            
 nFnu 701.5A  -1.014   0.2039      Ca B 1.534m  -2.963   0.0023      TOTL  2335A  -1.639   0.0484      Mn 2  1199A  -2.301   0.0105            
 nFnu 608.2A  -2.729   0.0039      Ca B 1.526m  -3.014   0.0020      Si 2  2334A  -2.646   0.0048      Co 2  2019A  -3.286   0.0011            
 nFnu 575.1A  -2.627   0.0050      Ca B 1.519m  -3.063   0.0018      Si 2  2350A  -2.758   0.0037      Co 2  1950A  -3.280   0.0011            
 nInu 511.9A  -2.831   0.0031      Ca B 1.513m  -3.109   0.0016      Si 2  2344A  -2.114   0.0162      Co 2  1576A  -3.168   0.0014            
 nFnu 496.9A  -0.170   1.4242      Ca B 1.508m  -3.155   0.0015      Si 2  2336A  -1.951   0.0236      Co 2  1470A  -2.933   0.0025            
 nInu 399.2A  -3.027   0.0020      Ca B 1.504m  -3.199   0.0013      Si 2  1814A  -1.973   0.0224      Ni 2  1752A  -2.162   0.0145            
 RRC.........................      Ca B 1.500m  -3.242   0.0012      Si 2  1531A  -1.707   0.0414      Ni 2  1744A  -2.084   0.0174            
 grains......................      Ca B 7.458m  -1.956   0.0233      Si 2  1308A  -1.596   0.0533      Ni 2  1485A  -2.529   0.0062            
 H-like iso-sequence.........      Ca B 4.653m  -2.143   0.0151      Si 2  1263A  -1.250   0.1183      Ni 2  1473A  -2.223   0.0126            
 Clin 912.0A  -1.093   0.1699      Ca B 3.740m  -2.318   0.0101      Si 3  1207A  -2.803   0.0033      Ni 2  1400A  -2.397   0.0084            
 Cool  1216A  -1.304   0.1047      Ca B 3.296m  -2.471   0.0071      P  2 1.640m  -2.823   0.0032      Ni 2  1376A  -2.019   0.0201            
 Crst 960.0A  -1.502   0.0663      Ca B 3.038m  -2.603   0.0052      P  2  4669A  -3.312   0.0010      Ni 2  1324A  -1.976   0.0222            
 LA X  1216A  -3.090   0.0017      Ca B 2.872m  -2.719   0.0040      P  2 1.189m  -2.828   0.0031      Cu 2  1359A  -3.261   0.0012            
 Ca B  1216A   1.178  31.6969      Ca B 2.758m  -2.821   0.0032      P  2 1.147m  -3.305   0.0010      Zn 2  2038A  -2.723   0.0040            
 Q(H)  4861A  -0.298   1.0607      Ca B 2.674m  -2.912   0.0026      S  2  6720A  -2.203   0.0132      hyperfine structure.........            
 Q(H)  1216A   1.213  34.3971      Ca B 2.612m  -2.994   0.0021      S  2  4074A  -0.925   0.2503      inner shell.................            
 Ca A  1216A   1.061  24.2447      Ca B 2.564m  -3.067   0.0018      S  2 1.033m  -1.113   0.1624      molecules...................            
 Ca A  1026A   0.341   4.6170      Ca B 2.525m  -3.133   0.0015      S II  6731A  -2.361   0.0092      H-CT  6563A  -1.451   0.0745            



                                                                           
 Cooling:  HFBc     0 :0.124 HFFc     0 :0.070 CaF1  7291A:0.072 Fe2c     0 :0.276  
 Heating:  BFH1     0 :0.919 BFHe     0 :0.070  

 These are some of the most important databases used by Cloudy:
 Many recombination coefficients were taken from http://amdpp.phys.strath.ac.uk/tamoc/RR/ and http://amdpp.phys.strath.ac.uk/tamoc/DR/
      and are based on the following papers:
        Badnell N. R., et al., A&A 406, 1151 (2003) [http://adsabs.harvard.edu/abs/2003A%26A...406.1151B]
        Badnell N. R., ApJS 167, 334 (2006) [http://adsabs.harvard.edu/abs/2006ApJS..167..334B]
 Much of the molecular emission data is from LAMDA as accessed on Dec. 18, 2010. This database is described in:
        Schoeier F.L., et al., A&A 432, 369 (2005) [http://adsabs.harvard.edu/abs/2005A%26A...432..369S]
      This database is in part based on the work of the following groups:
        JPL: Pickett H. M. et al., JQSRT, 60, 883 (1998). [http://adsabs.harvard.edu/abs/1998JQSRT..60..883P]
        CDMS: Mueller H. S. et al., A&A 370, L49 (2001). [http://adsabs.harvard.edu/abs/2001A%26A...370L..49M]
              Mueller H. S. et al., J. Mol. Struct. 742, 215 (2005). [http://adsabs.harvard.edu/abs/2005JMoSt.742..215M]
 Much of the ionic emission data is from version 7.0 of CHIANTI. CHIANTI is a collaborative project involving the NRL (USA), the
      Universities of Florence (Italy) and Cambridge (UK), and George Mason University (USA). These papers describe Chianti:
        Dere K. P., et al., A&AS, 125, 149 (1997) [http://adsabs.harvard.edu/abs/1997A%26AS..125..149D]
        Landi E., et al., ApJ, 744, 99 (2012) [http://adsabs.harvard.edu/abs/2012ApJ...744...99L]
 Much of the H_2 data is from this web site: http://molat.obspm.fr/index.php?page=pages/Molecules/H2/H2can94.php. These data are
      described in:
        Abgrall H. et al., Can. J. Phys., 72, 856 (1994) [http://adsabs.harvard.edu/abs/1994CaJPh..72..856A]
        Wrathmall S. A. & Flower D. R., J. Phys. B, 40, 3221 (2007) [http://adsabs.harvard.edu/abs/2007JPhB...40.3221W]
 Please cite those papers that played a significant role in this calculation.

 IONIZE PARMET:  U(1-) -5.4768  U(4-): -8.0066  U(sp): -5.48  Q(ion):    9.227  L(ion) -0.741    Q(low): 14.573    L(low)  3.046
 ENERGY BUDGET:  Heat:   0.761  Coolg:   0.760  Error:  0.1%  Rec Lin:  -0.417  F-F  H  0.000    P(rad/tot)max     1.25E-04

     Col(Heff):      0.000E+00  snd travl time  1.25E+06 sec  Te-low: 3.98E+03  Te-hi: 7.22E+03  G0TH85: 4.26E+05  G0DB96:4.44E+05
  Emiss Measure    n(e)n(p) dl       2.629E+24  n(e)n(He+)dl         3.494E+22  En(e)n(He++) dl         1.433E+19  ne nC+:2.15E+21
 He/Ha:1.52E-02  =   0.18*true  Lthin:4.31E+01  itr/zn:10.60  H2 itr/zn:  0.00  File Opacity: F  MassTot 1.77e-05  (gm/cm^2)
   Temps(21 cm)   T(21cm/Ly a)  4.84E+03        T(<nH/Tkin>)  5.28E+03          T(<nH/Tspin>)    5.17E+03          TB21cm:2.33E-01
                   N(H0/Tspin)  1.35E+15        N(OH/Tkin)    8.27E+05          B(21cm)          0.00E+00
   <a>:7.05E-05  erdeFe0.0E+00  Tcompt7.11E+02  Tthr3.68E+07  <Tden>: 5.55E+03  <dens>:2.27E-17  <MolWgt>1.16E+00
     Mean Jeans  l(cm)8.76E+17  M(sun)4.01E+03  smallest:     len(cm):7.42E+17  M(sun):2.44E+03  a_ox tran:  0.00
 Rion:1.000E+30  Dist:0.00E+00  Diam:0.000E+00
 Hatom level 70  HatomType: add  HInducImp  F  He tot level: 63  He2 level:   70  ExecTime   412.9
 ConvrgError(%)  <eden>  0.273  MaxEden  0.910  <H-C>   0.15  Max(H-C)    0.48  <Press>   0.000  MaxPrs er  0.000
  Continuity(%)  chng Te   1.9  elec den   5.6  n(H2)    0.0  n(CO)        0.0

                                                        Averaged Quantities
             Te      Te(Ne)   Te(NeNp)  Te(NeHe+)Te(NeHe2+) Te(NeO+)  Te(NeO2+)  Te(H2)     N(H)     Ne(O2+)   Ne(Np)
 Radius:  5.55e+03  6.61e+03  6.90e+03  6.66e+03  6.21e+03  6.91e+03  6.97e+03  4.51e+03  1.00e+07  4.40e+06  3.36e+06

 Contin Optical Depths: COMP: 5.40e-07    H-: 1.19e-05 R(1300): 4.70e-05  H2+: 2.43e-07  Pfa:5.41E-07
                          Pa: 5.41e-07    Ba: 1.13e-05      Hb: 8.87e-06   La: 1.01e-01     1r:4.432E+01  1.8:1.35E+01 4.:2.036E+00

 Old, new H  1 continuum optical depths:
     1 4.44e+01     2 6.06e-06     3 1.19e-05     4 1.19e-05     5 1.19e-05     6 2.96e-06     7 2.96e-06     8 2.96e-06
     9 2.96e-06    10 8.90e-12    11 8.90e-12    12 8.90e-12    13 8.90e-12    14 8.90e-12    15 2.09e-11    16 2.09e-11
    17 2.09e-11    18 2.09e-11    19 2.09e-11    20 2.09e-11    21 4.36e-11    22 4.36e-11    23 4.36e-11    24 4.36e-11
    25 4.36e-11    26 4.36e-11    27 4.36e-11    28 8.20e-11    29 8.20e-11    30 8.20e-11    31 8.20e-11    32 8.20e-11
    33 8.20e-11    34 8.20e-11    35 8.20e-11    36 1.45e-10    37 1.45e-10    38 1.45e-10    39 1.45e-10    40 1.45e-10
    41 1.45e-10    42 1.45e-10    43 1.45e-10    44 1.45e-10    45 2.42e-10    46 2.42e-10    47 2.42e-10    48 2.42e-10
    49 2.42e-10    50 2.42e-10    51 2.42e-10    52 2.42e-10    53 2.42e-10    54 2.42e-10
     1 4.43e+01     2 6.05e-06     3 1.19e-05     4 1.19e-05     5 1.19e-05     6 2.96e-06     7 2.96e-06     8 2.96e-06
     9 2.96e-06    10 8.89e-12    11 8.89e-12    12 8.89e-12    13 8.89e-12    14 8.89e-12    15 2.09e-11    16 2.09e-11
    17 2.09e-11    18 2.09e-11    19 2.09e-11    20 2.09e-11    21 4.36e-11    22 4.36e-11    23 4.36e-11    24 4.36e-11
    25 4.36e-11    26 4.36e-11    27 4.36e-11    28 8.20e-11    29 8.20e-11    30 8.20e-11    31 8.20e-11    32 8.20e-11
    33 8.20e-11    34 8.20e-11    35 8.20e-11    36 1.45e-10    37 1.45e-10    38 1.45e-10    39 1.45e-10    40 1.45e-10
    41 1.45e-10    42 1.45e-10    43 1.45e-10    44 1.45e-10    45 2.42e-10    46 2.42e-10    47 2.42e-10    48 2.42e-10
    49 2.42e-10    50 2.42e-10    51 2.42e-10    52 2.42e-10    53 2.42e-10    54 2.42e-10

 Old, new H  1 mean line optical depths:
  2- 1 1.01e+06  3- 2 2.47e-04  4- 3 3.06e-08  5- 4 2.59e-08  6- 5 4.52e-08  7- 6 7.31e-08  8- 7 3.77e-08
  9- 8 1.60e-08 10- 9 8.47e-08
  2- 1 1.01e+06  3- 2 2.46e-04  4- 3 3.06e-08  5- 4 2.59e-08  6- 5 4.52e-08  7- 6 7.31e-08  8- 7 3.76e-08
  9- 8 1.60e-08 10- 9 8.47e-08

 Old, new He 2 continuum optical depths:
     1 2.04e+00     2 4.39e+01     3 4.75e-06     4 4.75e-06     5 4.75e-06     6 6.06e-06     7 6.06e-06     8 6.06e-06
     9 6.06e-06    10 9.65e-06    11 9.65e-06    12 9.65e-06    13 9.65e-06    14 9.65e-06    15 1.19e-05    16 1.19e-05
    17 1.19e-05    18 1.19e-05    19 1.19e-05    20 1.19e-05    21 1.01e-05    22 1.01e-05    23 1.01e-05    24 1.01e-05
    25 1.01e-05    26 1.01e-05    27 1.01e-05    28 2.96e-06    29 2.96e-06    30 2.96e-06    31 2.96e-06    32 2.96e-06
    33 2.96e-06    34 2.96e-06    35 2.96e-06    36 5.02e-12    37 5.02e-12    38 5.02e-12    39 5.02e-12    40 5.02e-12
    41 5.02e-12    42 5.02e-12    43 5.02e-12    44 5.02e-12    45 8.90e-12    46 8.90e-12    47 8.90e-12    48 8.90e-12
    49 8.90e-12    50 8.90e-12    51 8.90e-12    52 8.90e-12    53 8.90e-12    54 8.90e-12
     1 2.04e+00     2 4.38e+01     3 4.75e-06     4 4.75e-06     5 4.75e-06     6 6.05e-06     7 6.05e-06     8 6.05e-06
     9 6.05e-06    10 9.65e-06    11 9.65e-06    12 9.65e-06    13 9.65e-06    14 9.65e-06    15 1.19e-05    16 1.19e-05
    17 1.19e-05    18 1.19e-05    19 1.19e-05    20 1.19e-05    21 1.00e-05    22 1.00e-05    23 1.00e-05    24 1.00e-05
    25 1.00e-05    26 1.00e-05    27 1.00e-05    28 2.96e-06    29 2.96e-06    30 2.96e-06    31 2.96e-06    32 2.96e-06
    33 2.96e-06    34 2.96e-06    35 2.96e-06    36 5.02e-12    37 5.02e-12    38 5.02e-12    39 5.02e-12    40 5.02e-12
    41 5.02e-12    42 5.02e-12    43 5.02e-12    44 5.02e-12    45 8.89e-12    46 8.89e-12    47 8.89e-12    48 8.89e-12
    49 8.89e-12    50 8.89e-12    51 8.89e-12    52 8.89e-12    53 8.89e-12    54 8.89e-12

 Old, new He 2 mean line optical depths:
  2- 1 1.86e+03  3- 2 4.65e-09  4- 3 4.18e-14  5- 4 3.55e-14  6- 5 5.40e-14  7- 6 1.59e-13  8- 7 2.29e-13
  9- 8 2.81e-13 10- 9 3.17e-13
  2- 1 1.86e+03  3- 2 4.64e-09  4- 3 4.18e-14  5- 4 3.55e-14  6- 5 5.39e-14  7- 6 1.59e-13  8- 7 2.29e-13
  9- 8 2.81e-13 10- 9 3.16e-13

 Old He Is optical depths:    1 1.35e+01    2 6.08e-06    3 5.01e-06    4 5.64e-06    5 5.64e-06
 New He Is optical depths:    1 1.35e+01    2 6.08e-06    3 5.01e-06    4 5.63e-06    5 5.63e-06
          Old He Is Lines:  584 5.74e+04 3889 5.37e-02 5016 7.84e-05 5876 9.56e-09
          New He Is Lines:  584 5.73e+04 3889 5.36e-02 5016 7.84e-05 5876 9.54e-09

==== H      compounds ====           Log10 column densities [cm^-2}
   H2        : 12.079   H2*       : 12.034   H2+       : 10.541   H3+       :  5.358
==== He     compounds ====
   HeH+      : 11.201
==== Li     compounds ====
   LiH       : -1.146   LiH+      : -1.430
==== C      compounds ====
   CH        :  6.318   CH+       :  7.657   CH2       :  0.457   CH2+      :  1.470   CH3       : -5.514   CH3+      : -4.879   CH4       :-11.452   CH4+      :-13.347
   CH5+      :-17.881   C2        :  0.112   C2+       :  2.335   C2H       : -5.452   C2H+      : -3.691   C2H2      :-12.909   C2H2+     : -9.055   C2H3+     :-15.079
   C3        :-14.279   C3+       : -8.968   C3H       :-19.003   C3H+      :-14.755
==== N      compounds ====
   NH        :  8.507   NH+       :  7.903   NH2       :  1.552   NH2+      :  1.483   NH3       : -4.533   NH3+      : -5.335   NH4+      :-14.319   CN        :  5.431
   CN+       :  4.669   HCN       : -0.195   HCN+      : -0.964   HNC       : -5.932   HCNH+     : -7.390   HC3N      :-35.930   N2        :  5.604   N2+       :  4.391
   N2H+      : -6.936
==== O      compounds ====
   OH        :  9.575   OH+       :  8.948   H2O       :  3.350   H2O+      :  2.636   H3O+      : -3.883   CO        :  8.309   CO+       :  5.969   HCO+      :  1.995
   H2CO      :-35.930   CH3OH     :-35.930   ^13CO     :  6.832   NO        :  5.623   NO+       :  4.513   HNO       : -0.760   HNO+      : -2.040   OCN       : -2.698
   OCN+      : -2.682   N2O       : -4.307   O2        :  5.465   O2+       :  5.908   NO2       : -4.758   NO2+      : -4.717
==== Ne     compounds ====
   NeH+      :  7.370
==== Si     compounds ====
   SiH       : -0.430   SiH2+     : -1.136   SiC2      :-35.930   SiN       : -3.845   SiN+      :  4.111   SiO       :  2.749   SiO+      :  5.066   SiOH+     : -1.420
==== S      compounds ====
   HS        :  3.966   HS+       :  5.478   CS        : -2.698   CS+       :  1.315   HCS+      : -4.285   NS        :  0.340   NS+       :  3.522   SO        :  1.130
   SO+       :  4.657   OCS       : -8.710   OCS+      : -9.671   SO2       :-35.930   S2        : -8.064   S2+       : -9.368
==== Cl     compounds ====
   HCl       : -1.249   HCl+      :  5.596   H2Cl+     : -0.577   CCl       :-22.056   CCl+      : -4.696   H2CCl+    :-24.037   ClO       :-25.584   ClO+      :-28.878
==== Ar     compounds ====
   ArH+      :  8.810
==== Ti     compounds ====
   TiH       :-35.930   TiH+      :-35.930   TiH2      :-35.930   TiH2+     :-35.930   TiC       :-35.930   TiC+      :-35.930   HCTi      :-35.930   HCTi+     :-35.930
   TiC2      :-35.930   TiC2+     :-35.930   TiN       :-35.930   TiN+      :-35.930   HNTi      :-35.930   HNTi+     :-35.930   TiNC      :-35.930   TiNC+     :-35.930
   TiO       :-35.930   TiO+      :-35.930   TiOH+     :-35.930   TiO2      :-35.930   TiF+      :-35.930   TiS       :-35.930   TiS+      :-35.930   HTiS      :-35.930


               1      2      3      4      5      6      7      8      9     10     11     12     13     14     15     16     17

 Hydrogen   18.846 17.894 12.358 (H2)                Log10 Column density (cm^-2)
 Helium     17.803 16.435 13.429
 Lithium     5.576  7.939  0.807-30.000
 Beryllium   6.914  8.250  6.060-30.000-30.000
 Boron       7.017  9.590  5.495-30.000-30.000-30.000
 Carbon     13.034 15.319 12.393-30.000-30.000-30.000-30.000
 Nitrogen   14.661 13.839  9.067-30.000-30.000-30.000-30.000-30.000
 Oxygen     15.543 14.516  9.956-30.000-30.000-30.000-30.000-30.000-30.000
 Fluorine   11.317 10.872  9.011-30.000-30.000-30.000-30.000-30.000-30.000-30.000
 Neon       14.696 14.213 12.564-30.000-30.000-30.000-30.000-30.000-30.000-30.000-30.000
 Sodium     11.276 13.117 11.432-30.000-30.000-30.000-30.000-30.000-30.000-30.000-30.000-30.000
 Magnesium  12.527 14.483 12.473-30.000-30.000-30.000-30.000-30.000-30.000-30.000-30.000-30.000-30.000
 Aluminium   9.705 13.340 10.724 10.372-30.000-30.000-30.000-30.000-30.000-30.000-30.000-30.000-30.000-30.000
 Silicon    11.429 14.402 11.198-30.000-30.000-30.000-30.000-30.000-30.000-30.000-30.000-30.000-30.000-30.000-30.000
 Phosphorus  9.219 12.301  9.426-30.000-30.000-30.000-30.000-30.000-30.000-30.000-30.000-30.000-30.000-30.000-30.000-30.000
 Sulphur    11.238 14.009 11.837-30.000-30.000-30.000-30.000-30.000-30.000-30.000-30.000-30.000-30.000-30.000-30.000-30.000-30.000
 Chlorine    9.424 12.388 10.200-30.000-30.000-30.000-30.000-30.000-30.000-30.000-30.000-30.000-30.000-30.000-30.000-30.000-30.000
-30.000
 Argon      13.154 12.707 11.342-30.000-30.000-30.000-30.000-30.000-30.000-30.000-30.000-30.000-30.000-30.000-30.000-30.000-30.000
-30.000-30.000
 Potassium   9.381 11.918  9.647-30.000-30.000-30.000-30.000-30.000-30.000-30.000-30.000-30.000-30.000-30.000-30.000-30.000-30.000
-30.000-30.000-30.000
 Calcium    10.405 12.723 13.071  7.841-30.000-30.000-30.000-30.000-30.000-30.000-30.000-30.000-30.000-30.000-30.000-30.000-30.000
-30.000-30.000-30.000-30.000
 Scandium    7.285  9.784  9.689  6.544-30.000-30.000-30.000-30.000-30.000-30.000-30.000-30.000-30.000-30.000-30.000-30.000-30.000
-30.000-30.000-30.000-30.000-30.000
 Titanium    7.977 11.832 10.160  5.458-30.000-30.000-30.000-30.000-30.000-30.000-30.000-30.000-30.000-30.000-30.000-30.000-30.000
-30.000-30.000-30.000-30.000-30.000-30.000
 Vanadium    8.829 10.802  9.365  3.684-30.000-30.000-30.000-30.000-30.000-30.000-30.000-30.000-30.000-30.000-30.000-30.000-30.000
-30.000-30.000-30.000-30.000-30.000-30.000-30.000
 Chromium    9.719 12.527 10.506  2.053-30.000-30.000-30.000-30.000-30.000-30.000-30.000-30.000-30.000-30.000-30.000-30.000-30.000
-30.000-30.000-30.000-30.000-30.000-30.000-30.000-30.000
 Manganese   8.552 12.318 10.233  1.706-30.000-30.000-30.000-30.000-30.000-30.000-30.000-30.000-30.000-30.000-30.000-30.000-30.000
-30.000-30.000-30.000-30.000-30.000-30.000-30.000-30.000-30.000
 Iron       10.354 14.390 11.912  4.123-30.000-30.000-30.000-30.000-30.000-30.000-30.000-30.000-30.000-30.000-30.000-30.000-30.000
-30.000-30.000-30.000-30.000-30.000-30.000-30.000-30.000-30.000-30.000
 Cobalt     10.389 11.867  7.525  0.555-30.000-30.000-30.000-30.000-30.000-30.000-30.000-30.000-30.000-30.000-30.000-30.000-30.000
-30.000-30.000-30.000-30.000-30.000-30.000-30.000-30.000-30.000-30.000-30.000
 Nickel      9.571 13.112  8.547  1.067-30.000-30.000-30.000-30.000-30.000-30.000-30.000-30.000-30.000-30.000-30.000-30.000-30.000
-30.000-30.000-30.000-30.000-30.000-30.000-30.000-30.000-30.000-30.000-30.000-30.000
 Copper      8.998 11.076  8.881-30.000-30.000-30.000-30.000-30.000-30.000-30.000-30.000-30.000-30.000-30.000-30.000-30.000-30.000
-30.000-30.000-30.000-30.000-30.000-30.000-30.000-30.000-30.000-30.000-30.000-30.000-30.000
 Zinc       10.087 11.403 10.244  7.885-30.000-30.000-30.000-30.000-30.000-30.000-30.000-30.000-30.000-30.000-30.000-30.000-30.000
-30.000-30.000-30.000-30.000-30.000-30.000-30.000-30.000-30.000-30.000-30.000-30.000-30.000-30.000
 Exc state    He1* 11.586   CII* 15.140   C11* 12.082   C12* 12.558   C13* 12.777   O11* 15.298   O12* 15.055   O13* 14.571
              Si2* 14.214   C30*  6.495   C31*  4.887   C32*  7.286


 Hydrogen   -0.046 -0.998 -6.232 (H2)                 Log10 Mean Ionisation (over radius)
 Helium     -0.018 -1.387 -4.393
 Lithium    -2.365 -0.002 -7.134
 Beryllium  -1.358 -0.022 -2.212
 Boron      -2.574 -0.001 -4.097
 Carbon     -2.288 -0.003 -2.929
 Nitrogen   -0.061 -0.883 -5.654
 Oxygen     -0.039 -1.066 -5.626
 Fluorine   -0.135 -0.579 -2.440
 Neon       -0.126 -0.609 -2.257
 Sodium     -1.856 -0.015 -1.700
 Magnesium  -1.965 -0.009 -2.018
 Aluminium  -3.637 -0.002 -2.618 -2.970
 Silicon    -2.973 -0.001 -3.204
 Phosphorus -3.083 -0.001 -2.876
 Sulphur    -2.774 -0.004 -2.175
 Chlorine   -2.967 -0.003 -2.192
 Argon      -0.138 -0.584 -1.949
 Potassium  -2.540 -0.004 -2.274
 Calcium    -2.827 -0.510 -0.162 -5.391
 Scandium   -2.756 -0.257 -0.352 -3.497
 Titanium   -3.865 -0.009 -1.681 -6.383
 Vanadium   -1.993 -0.020 -1.457 -7.138
 Chromium   -2.813 -0.005 -2.026-10.479
 Manganese  -3.769 -0.004 -2.088-10.616
 Iron       -4.038 -0.001 -2.479-10.268
 Cobalt     -1.493 -0.014 -4.357-11.327
 Nickel     -3.541 -0.000 -4.565-12.045
 Copper     -2.084 -0.006 -2.201
 Zinc       -1.365 -0.048 -1.208 -3.567

               1      2      3      4      5      6      7      8      9     10     11     12     13     14     15     16     17

 Hydrogen   -0.170 -0.490 -7.096 (H2)         Log10 Mean Ionisation (over radius*electron density)
 Helium     -0.023 -1.297 -4.684
 Lithium    -1.941 -0.005 -6.975
 Beryllium  -0.859 -0.071 -1.887
 Boron      -2.097 -0.004 -3.603
 Carbon     -1.822 -0.008 -2.660
 Nitrogen   -0.194 -0.443 -5.041
 Oxygen     -0.144 -0.548 -5.001
 Fluorine   -0.230 -0.390 -2.484
 Neon       -0.144 -0.555 -2.484
 Sodium     -1.921 -0.009 -2.034
 Magnesium  -1.731 -0.014 -1.850
 Aluminium  -3.501 -0.001 -2.830 -3.523
 Silicon    -2.517 -0.002 -2.595
 Phosphorus -2.926 -0.002 -2.557
 Sulphur    -2.306 -0.007 -1.996
 Chlorine   -2.862 -0.004 -2.164
 Argon      -0.402 -0.237 -1.605
 Potassium  -2.593 -0.003 -2.451
 Calcium    -2.287 -0.206 -0.429 -5.422
 Scandium   -2.298 -0.139 -0.571 -3.258
 Titanium   -4.014 -0.017 -1.426 -5.740
 Vanadium   -1.609 -0.053 -1.046 -6.416
 Chromium   -2.372 -0.019 -1.419 -9.737
 Manganese  -3.952 -0.014 -1.490 -9.874
 Iron       -4.179 -0.006 -1.872 -9.526
 Cobalt     -1.060 -0.040 -3.756-10.585
 Nickel     -3.664 -0.000 -3.978-11.303
 Copper     -1.628 -0.019 -1.723
 Zinc       -0.919 -0.076 -1.389 -3.781

               1      2      3      4      5      6      7      8      9     10     11     12     13     14     15     16     17

 Hydrogen    3.734  3.822  3.655 (H2)                  Log10 Mean Temperature (over radius)
 Helium      3.743  3.766  3.731
 Lithium     3.808  3.744  3.760
 Beryllium   3.821  3.740  3.796
 Boron       3.816  3.744  3.819
 Carbon      3.815  3.744  3.791
 Nitrogen    3.733  3.811  3.837
 Oxygen      3.736  3.824  3.838
 Fluorine    3.733  3.773  3.753
 Neon        3.740  3.756  3.735
 Sodium      3.744  3.745  3.718
 Magnesium   3.784  3.743  3.766
 Aluminium   3.768  3.744  3.718  3.693
 Silicon     3.812  3.744  3.837
 Phosphorus  3.771  3.744  3.789
 Sulphur     3.815  3.744  3.776
 Chlorine    3.762  3.744  3.754
 Argon       3.720  3.803  3.807
 Potassium   3.749  3.744  3.733
 Calcium     3.829  3.792  3.721  3.741
 Scandium    3.817  3.766  3.715  3.779
 Titanium    3.726  3.744  3.770  3.842
 Vanadium    3.803  3.741  3.802  3.848
 Chromium    3.810  3.743  3.837  3.859
 Manganese   3.721  3.743  3.835  3.859
 Iron        3.726  3.744  3.837  3.859
 Cobalt      3.810  3.742  3.834  3.859
 Nickel      3.728  3.744  3.832  3.859
 Copper      3.813  3.743  3.812
 Zinc        3.812  3.741  3.734  3.730

               1      2      3      4      5      6      7      8      9     10     11     12     13     14     15     16     17

 Hydrogen    3.811  3.839  3.681 (H2)          Log10 Mean Temperature (over radius*electron density)
 Helium      3.820  3.823  3.793
 Lithium     3.837  3.820  3.829
 Beryllium   3.839  3.817  3.833
 Boron       3.838  3.820  3.839
 Carbon      3.838  3.820  3.831
 Nitrogen    3.810  3.837  3.843
 Oxygen      3.812  3.839  3.843
 Fluorine    3.814  3.829  3.815
 Neon        3.820  3.822  3.800
 Sodium      3.815  3.821  3.791
 Magnesium   3.830  3.820  3.829
 Aluminium   3.826  3.820  3.806  3.761
 Silicon     3.838  3.820  3.843
 Phosphorus  3.827  3.820  3.834
 Sulphur     3.838  3.820  3.827
 Chlorine    3.825  3.820  3.821
 Argon       3.799  3.834  3.833
 Potassium   3.815  3.820  3.807
 Calcium     3.840  3.833  3.799  3.819
 Scandium    3.837  3.825  3.807  3.832
 Titanium    3.811  3.820  3.833  3.843
 Vanadium    3.835  3.818  3.838  3.848
 Chromium    3.837  3.819  3.842  3.859
 Manganese   3.808  3.820  3.842  3.859
 Iron        3.812  3.820  3.842  3.859
 Cobalt      3.837  3.819  3.843  3.859
 Nickel      3.813  3.820  3.842  3.859
 Copper      3.838  3.819  3.839
 Zinc        3.837  3.818  3.806  3.803

               1      2      3      4      5      6      7      8      9     10     11     12     13     14     15     16     17
                                                                          

---------------Convergence statistics---------------
      1.56 mean iterations/state convergence
      2.96 mean cx acceleration loops/iteration
      1.15 mean iso convergence loops/ion solve
      1.01 mean steps/chemistry solve
         1 mean step length searches/chemistry step
----------------------------------------------------

 Cloudy ends: 116 zones, 3 iterations, 1 caution.  ExecTime(s) 412.93
 [Stop in cdMain at ../maincl.cpp:483, Cloudy exited OK]
 ************************************************** GRID_DELIMIT -- grid000000059
