                                                          Cloudy 13.03
                                                         www.nublado.org

                       **************************************13Feb20**************************************
                       *                                                                                 *
                       * c                                                                               *
                       * phi(h) 12.000000 LOG range -0.000232 6.866524                                   *
                       * grid from 8 to 23 in 1 dex steps                                                *
                       * HDEN=10.000000 LOG                                                              *
                       * grid from 0 to 12 in 1 dex steps                                                *
                       * set pres ionize 1e5                                                             *
                       * c                                                                               *
                       * c                                                                               *
                       * table star "inst_padova_agbtrack_z.mod" age 6.78                                *
                       * c<< inst_padova_ model    4 read.       Age =    6010000.00                 >>> *
                       * c<< inst_padova_ model    5 read.       Age =    8010000.00                 >>> *
                       * c<< FINAL:     Age =    6025595.86                                          >>> *
                       * c                                                                               *
                       * c                                                                               *
                       * abundances GASS10                                                               *
                       * c                                                                               *
                       * c                                                                               *
                       * iterate to convergence max = 7                                                  *
                       * stop column density = 23                                                        *
                       * c                                                                               *
                       * c                                                                               *
                       * print last                                                                      *
                       * set save prefix "padova_inst_6"                                                 *
                       * save grid ".grd" last no hash                                                   *
                       * save linelist "emissionlines_abs.txt" "LineList_HII.dat" absolute last no hash    *
                       *                                                                                 *
                       ***********************************************************************************



 NOTE Setcon: continuum has zero intensity starting at  1.0074e+01 Ryd.
     1 cells in the incident continuum have zero intensity.  Problems???

           !The plasma frequency is 2.99e-07 Ryd.  The incident continuum is set to 0 below this.
           4147CellPeak1.00E+00   Lo 1.00e-08=910.79cm   Hi-Con:1.01E+01 Ryd   E(hi):7.35E+06Ryd     E(hi):     100.01 MeV
           I(nu>1ryd):   1.4461   Average nu:1.281E+00   I( X-ray):   0.0000   I(BalC):   2.9565     Phi(BalmrC):  13.8871
           phi(1.0-1.8):11.9816   phi(1.8-4.0): 10.585   phi(4.0-20):  9.470   phi(20--):  0.000     Ion pht flx:1.000E+12
           I(gam ray):   0.0000   phi(gam r):   0.0000   I(Infred):   2.3045   Alf(ox):   0.0000     Total inten:   3.0547
           U(1.0----):3.336E-09   U(4.0----):9.850E-12   T(En-Den):4.729E+01   T(Comp):2.168E+04     nuJnu(912A):1.914E+02
           Occ(FarIR):0.000E+00   Occ(H n=6):4.632E-10   Occ(1Ryd):8.799E-15   Occ(4R):1.016E-19     Occ (Nu-hi):0.000E+00
           Tbr(FarIR):0.000E+00   Tbr(H n=6):2.030E-06   Tbr(1Ryd):1.391E-09   Tbr(4R):6.421E-14     Tbr (Nu-hi):0.000E+00
  
                                                  Gas Phase Chemical Composition
        H :  0.0000  He: -1.0701  Li:-10.9508  Be:-10.6198  B : -9.3002  C : -3.5702  N : -4.1701  O : -3.3098  F : -7.4401
        Ne: -4.0701  Na: -5.7595  Mg: -4.4001  Al: -5.5498  Si: -4.4895  P : -6.5901  S : -4.8794  Cl: -6.5003  Ar: -5.6003
        K : -6.9706  Ca: -5.6596  Sc: -8.8508  Ti: -7.0501  V : -8.0701  Cr: -6.3595  Mn: -6.5702  Fe: -4.5003  Co: -7.0101
                                               Ni: -5.7799  Cu: -7.8097  Zn: -7.4401
 
 ####  1  Te:4.989E+03 Hden:1.000E+10 Ne:2.444E+08 R:1.000E+30 R-R0:1.108E+02 dR:2.216E+02 NTR: 29 Htot:1.387E-07 T912: 1.37e-05###
 Hydrogen      9.76e-01 2.41e-02 H+o/Hden 1.00e+00 5.18e-08 H-    H2 2.00e-06 2.98e-09 H2+ HeH+ 4.15e-10 Ho+ ColD 2.16e+12 5.35e+10
 Helium        1.00e+00 3.72e-04 1.08e-09 HeI 2s3S 1.28e-08 Comp H,C 2.70e-18 6.20e-19 Fill Fac 1.00e+00 Gam1/tot 1.00e+00
 He singlet n  1.00e+00 2.76e-10 1.18e-15 9.18e-17 4.34e-16 5.79e-17 He tripl 1.28e-08 1.63e-14 6.33e-17 4.44e-16 1.50e-16
 Pressure      NgasTgas 5.54e+13 P(total) 7.65e-03 P( gas ) 7.65e-03 P(Radtn) 0.00e+00 Rad accl 6.02e-02 ForceMul 2.22e+08
 Texc(La)      4.06e+03 T(I con) 4.73e+01 T(D con) 8.54e-01 T(U tot) 4.73e+01 nT (c+d) 1.16e+07 Prad/Gas 0.00e+00 Pmag/Gas 0.00e+00
 Molecules     CH/Ctot: 9.72e-07 CH+/Ctot 4.70e-08 CO/Ctot: 3.57e-05 CO+/Ctot 5.74e-10 H2O/Otot 4.03e-12 OH/Ototl 4.29e-06
 Lithium       2.91e-01 7.09e-01 6.44e-11 0.00e+00 Berylliu 9.02e-01 9.83e-02 3.21e-05 0.00e+00 0.00e+00 sec ion: 9.81e-12
 Boron         4.69e-01 5.31e-01 1.60e-07 0.00e+00 0.00e+00 0.00e+00
 Carbon        6.38e-01 3.62e-01 4.22e-06 0.00e+00 0.00e+00 0.00e+00 0.00e+00 H2O+/O   1.43e-12 OH+/Otot 1.27e-06 Hex(tot) 0.00e+00
 Nitrogen      9.88e-01 1.22e-02 2.27e-10 0.00e+00 0.00e+00 0.00e+00 0.00e+00 0.00e+00 O2/Ototl 2.42e-10 O2+/Otot 6.91e-10
 Oxygen        9.81e-01 1.91e-02 5.25e-10 0.00e+00 0.00e+00 0.00e+00 0.00e+00 0.00e+00 0.00e+00
 Fluorine      9.86e-01 1.42e-02 1.25e-06 0.00e+00 0.00e+00 0.00e+00 0.00e+00 0.00e+00 0.00e+00 0.00e+00
 Neon          9.95e-01 4.95e-03 4.16e-07 0.00e+00 0.00e+00 0.00e+00 0.00e+00 0.00e+00 0.00e+00 0.00e+00 0.00e+00
 Sodium        6.33e-02 9.37e-01 4.95e-05 0.00e+00 0.00e+00 0.00e+00 0.00e+00 0.00e+00 0.00e+00 0.00e+00 0.00e+00 0.00e+00
 Magnesium     2.47e-02 9.75e-01 4.93e-04 0.00e+00 0.00e+00 0.00e+00 0.00e+00 0.00e+00 0.00e+00 0.00e+00 0.00e+00 0.00e+00 0.00e+00
 Aluminium  0  4.57e-04 1.00e+00 2.21e-05 0.00e+00 0.00e+00 0.00e+00 0.00e+00 0.00e+00 0.00e+00 0.00e+00 0.00e+00 0.00e+00 0.00e+00
 Silicon    0  9.77e-02 9.02e-01 1.71e-05 0.00e+00 0.00e+00 0.00e+00 0.00e+00 0.00e+00 0.00e+00 0.00e+00 0.00e+00 0.00e+00 0.00e+00
 Phosphorus 0  1.87e-03 9.98e-01 3.80e-05 0.00e+00 0.00e+00 0.00e+00 0.00e+00 0.00e+00 0.00e+00 0.00e+00 0.00e+00 0.00e+00 0.00e+00
 Sulphur    0  1.77e-01 8.23e-01 1.42e-04 0.00e+00 0.00e+00 0.00e+00 0.00e+00 0.00e+00 0.00e+00 0.00e+00 0.00e+00 0.00e+00 0.00e+00
 Chlorine   0  2.16e-03 9.98e-01 9.76e-05 0.00e+00 0.00e+00 0.00e+00 0.00e+00 0.00e+00 0.00e+00 0.00e+00 0.00e+00 0.00e+00 0.00e+00
 Argon      0  9.37e-01 6.24e-02 1.97e-05 0.00e+00 0.00e+00 0.00e+00 0.00e+00 0.00e+00 0.00e+00 0.00e+00 0.00e+00 0.00e+00 0.00e+00
 Potassium  0  7.36e-02 9.26e-01 3.74e-05 0.00e+00 0.00e+00 0.00e+00 0.00e+00 0.00e+00 0.00e+00 0.00e+00 0.00e+00 0.00e+00 0.00e+00
 Calcium    0  5.22e-01 4.76e-01 1.68e-03 0.00e+00 0.00e+00 0.00e+00 0.00e+00 0.00e+00 0.00e+00 0.00e+00 0.00e+00 0.00e+00 0.00e+00
 Scandium   0  5.06e-01 4.91e-01 3.05e-03 0.00e+00 0.00e+00 0.00e+00 0.00e+00 0.00e+00 0.00e+00 0.00e+00 0.00e+00 0.00e+00 0.00e+00
 Titanium   0  1.78e-04 9.99e-01 1.26e-03 6.86e-10 0.00e+00 0.00e+00 0.00e+00 0.00e+00 0.00e+00 0.00e+00 0.00e+00 0.00e+00 0.00e+00
 Vanadium   0  8.05e-01 1.95e-01 7.51e-04 0.00e+00 0.00e+00 0.00e+00 0.00e+00 0.00e+00 0.00e+00 0.00e+00 0.00e+00 0.00e+00 0.00e+00
 Chromium   0  3.87e-01 6.12e-01 1.54e-04 0.00e+00 0.00e+00 0.00e+00 0.00e+00 0.00e+00 0.00e+00 0.00e+00 0.00e+00 0.00e+00 0.00e+00
 Manganese  0  1.89e-04 9.99e-01 3.68e-04 0.00e+00 0.00e+00 0.00e+00 0.00e+00 0.00e+00 0.00e+00 0.00e+00 0.00e+00 0.00e+00 0.00e+00
 Iron       0  1.07e-04 1.00e+00 1.06e-04 0.00e+00 0.00e+00 0.00e+00 0.00e+00 0.00e+00 0.00e+00 0.00e+00 0.00e+00 0.00e+00 0.00e+00
 Cobalt     0  9.19e-01 8.05e-02 2.85e-08 0.00e+00 0.00e+00 0.00e+00 0.00e+00 0.00e+00 0.00e+00 0.00e+00 0.00e+00 0.00e+00 0.00e+00
 Nickel     0  3.03e-04 1.00e+00 1.48e-07 0.00e+00 0.00e+00 0.00e+00 0.00e+00 0.00e+00 0.00e+00 0.00e+00 0.00e+00 0.00e+00 0.00e+00
 Copper     0  7.31e-01 2.69e-01 1.80e-05 0.00e+00 0.00e+00 0.00e+00 0.00e+00 0.00e+00 0.00e+00 0.00e+00 0.00e+00 0.00e+00 0.00e+00
 Zinc       0  9.41e-01 5.89e-02 2.32e-05 0.00e+00 0.00e+00 0.00e+00 0.00e+00 0.00e+00 0.00e+00 0.00e+00 0.00e+00 0.00e+00 0.00e+00
 #### 94  Te:3.993E+03 Hden:1.000E+10 Ne:2.203E+07 R:1.000E+30 R-R0:1.613E+08 dR:3.505E+06 NTR: 10 Htot:5.205E-09 T912: 1.02e+01###
 Hydrogen      9.98e-01 1.84e-03 H+o/Hden 1.00e+00 6.44e-09 H-    H2 7.21e-05 4.92e-10 H2+ HeH+ 2.78e-10 Ho+ ColD 1.62e+18 1.38e+16
 Helium        1.00e+00 3.06e-04 3.27e-09 HeI 2s3S 9.63e-09 Comp H,C 2.30e-19 4.40e-20 Fill Fac 1.00e+00 Gam1/tot 1.00e+00
 He singlet n  1.00e+00 4.61e-11 1.96e-16 2.00e-18 8.09e-18 4.39e-18 He tripl 9.63e-09 7.69e-16 4.17e-18 3.57e-17 1.21e-17
 Pressure      NgasTgas 4.35e+13 P(total) 6.00e-03 P( gas ) 6.00e-03 P(Radtn) 1.46e-11 Rad accl 2.98e-05 ForceMul 1.24e+06
 Texc(La)      4.11e+03 T(I con) 4.70e+01 T(D con) 1.38e+01 T(U tot) 4.71e+01 nT (c+d) 1.47e+07 Prad/Gas 2.43e-09 Pmag/Gas 0.00e+00
 Molecules     CH/Ctot: 5.04e-06 CH+/Ctot 2.21e-06 CO/Ctot: 3.30e-03 CO+/Ctot 9.27e-08 H2O/Otot 1.91e-08 OH/Ototl 1.74e-04
 Lithium       1.62e-01 8.38e-01 7.78e-11 0.00e+00 Berylliu 4.77e-01 5.23e-01 5.06e-05 0.00e+00 0.00e+00 sec ion: 1.19e-11
 Boron         8.36e-02 9.16e-01 7.00e-08 0.00e+00 0.00e+00 0.00e+00
 Carbon        1.88e-01 8.09e-01 2.72e-06 0.00e+00 0.00e+00 0.00e+00 0.00e+00 H2O+/O   1.33e-08 OH+/Otot 3.67e-05 Hex(tot) 0.00e+00
 Nitrogen      9.98e-01 5.39e-04 3.43e-12 0.00e+00 0.00e+00 0.00e+00 0.00e+00 0.00e+00 O2/Ototl 2.67e-08 O2+/Otot 1.83e-07
 Oxygen        9.97e-01 1.43e-03 1.91e-11 0.00e+00 0.00e+00 0.00e+00 0.00e+00 0.00e+00 0.00e+00
 Fluorine      9.90e-01 1.01e-02 2.95e-06 0.00e+00 0.00e+00 0.00e+00 0.00e+00 0.00e+00 0.00e+00 0.00e+00
 Neon          9.91e-01 8.54e-03 2.24e-06 0.00e+00 0.00e+00 0.00e+00 0.00e+00 0.00e+00 0.00e+00 0.00e+00 0.00e+00
 Sodium        8.83e-02 9.12e-01 1.67e-04 0.00e+00 0.00e+00 0.00e+00 0.00e+00 0.00e+00 0.00e+00 0.00e+00 0.00e+00 0.00e+00
 Magnesium     7.68e-03 9.92e-01 4.37e-05 0.00e+00 0.00e+00 0.00e+00 0.00e+00 0.00e+00 0.00e+00 0.00e+00 0.00e+00 0.00e+00 0.00e+00
 Aluminium  0  5.75e-04 9.99e-01 3.26e-05 0.00e+00 0.00e+00 0.00e+00 0.00e+00 0.00e+00 0.00e+00 0.00e+00 0.00e+00 0.00e+00 0.00e+00
 Silicon    0  1.50e-02 9.85e-01 3.06e-07 0.00e+00 0.00e+00 0.00e+00 0.00e+00 0.00e+00 0.00e+00 0.00e+00 0.00e+00 0.00e+00 0.00e+00
 Phosphorus 0  2.51e-03 9.97e-01 1.15e-05 0.00e+00 0.00e+00 0.00e+00 0.00e+00 0.00e+00 0.00e+00 0.00e+00 0.00e+00 0.00e+00 0.00e+00
 Sulphur    0  1.50e-02 9.85e-01 2.12e-05 0.00e+00 0.00e+00 0.00e+00 0.00e+00 0.00e+00 0.00e+00 0.00e+00 0.00e+00 0.00e+00 0.00e+00
 Chlorine   0  3.97e-02 9.60e-01 1.04e-04 0.00e+00 0.00e+00 0.00e+00 0.00e+00 0.00e+00 0.00e+00 0.00e+00 0.00e+00 0.00e+00 0.00e+00
 Argon      0  9.99e-01 6.92e-04 1.80e-07 0.00e+00 0.00e+00 0.00e+00 0.00e+00 0.00e+00 0.00e+00 0.00e+00 0.00e+00 0.00e+00 0.00e+00
 Potassium  0  1.92e-01 8.08e-01 7.26e-05 0.00e+00 0.00e+00 0.00e+00 0.00e+00 0.00e+00 0.00e+00 0.00e+00 0.00e+00 0.00e+00 0.00e+00
 Calcium    0  1.10e-01 8.63e-01 2.74e-02 0.00e+00 0.00e+00 0.00e+00 0.00e+00 0.00e+00 0.00e+00 0.00e+00 0.00e+00 0.00e+00 0.00e+00
 Scandium   0  1.11e-01 8.82e-01 7.04e-03 0.00e+00 0.00e+00 0.00e+00 0.00e+00 0.00e+00 0.00e+00 0.00e+00 0.00e+00 0.00e+00 0.00e+00
 Titanium   0  2.50e-04 9.99e-01 4.30e-04 0.00e+00 0.00e+00 0.00e+00 0.00e+00 0.00e+00 0.00e+00 0.00e+00 0.00e+00 0.00e+00 0.00e+00
 Vanadium   0  3.74e-01 6.25e-01 3.74e-04 0.00e+00 0.00e+00 0.00e+00 0.00e+00 0.00e+00 0.00e+00 0.00e+00 0.00e+00 0.00e+00 0.00e+00
 Chromium   0  6.66e-02 9.33e-01 3.34e-06 0.00e+00 0.00e+00 0.00e+00 0.00e+00 0.00e+00 0.00e+00 0.00e+00 0.00e+00 0.00e+00 0.00e+00
 Manganese  0  2.67e-04 1.00e+00 8.47e-06 0.00e+00 0.00e+00 0.00e+00 0.00e+00 0.00e+00 0.00e+00 0.00e+00 0.00e+00 0.00e+00 0.00e+00
 Iron       0  1.43e-04 1.00e+00 1.83e-06 0.00e+00 0.00e+00 0.00e+00 0.00e+00 0.00e+00 0.00e+00 0.00e+00 0.00e+00 0.00e+00 0.00e+00
 Cobalt     0  5.87e-01 4.13e-01 8.99e-09 0.00e+00 0.00e+00 0.00e+00 0.00e+00 0.00e+00 0.00e+00 0.00e+00 0.00e+00 0.00e+00 0.00e+00
 Nickel     0  4.20e-04 1.00e+00 1.56e-08 0.00e+00 0.00e+00 0.00e+00 0.00e+00 0.00e+00 0.00e+00 0.00e+00 0.00e+00 0.00e+00 0.00e+00
 Copper     0  2.39e-01 7.61e-01 1.43e-05 0.00e+00 0.00e+00 0.00e+00 0.00e+00 0.00e+00 0.00e+00 0.00e+00 0.00e+00 0.00e+00 0.00e+00
 Zinc       0  6.50e-01 3.50e-01 2.28e-04 0.00e+00 0.00e+00 0.00e+00 0.00e+00 0.00e+00 0.00e+00 0.00e+00 0.00e+00 0.00e+00 0.00e+00
                                                                             
   Calculation stopped because lowest Te reached. Iteration 3 of 3
   The geometry is plane-parallel.
 C-Continuum zero at some energies.
  !The high electron density makes the Nussbaumer/Storey CNO recombination predictions unreliable.
  !Charge transfer ionization of H reached 39301.7% of the local H ionization rate.
  !The largest plasma frequency was 2.99e-07 Ryd = 3.05e+05 micron  The continuum is set to 0 below this.
  !AGE: Cloud age was not set.  Longest timescale was 1.66e+06 s = 1.93e+01 days.
  !The excitation temp of Lya exceeded the electron temp, largest value was 5.02e+03K (gas temp there was 4.77e+03K, zone  37)
  !Mutual neutralization production of H-alpha was significant.
  !The CMB was not included.  This is added with the CMB command.
   Continuum fluorescent production of H-beta was significant.
   H2 vib deexec heating reached 3.56% of the local heating.
   Charge transfer heating reached 4.28% of the local heating.
   The density is too low to l-mix the lowest He I collapsed level.  More resolved levels are needed for accurate line ratios.
   The largest continuum occupation number was 1.324e+00 at 2.991e-07 Ryd.
   Grains were not present but might survive in this environment (energy density temperature was 4.73e+01K)
   The continuum optical depth at the lowest energy considered (1.004e-08 Ryd) was 7.122e+02.
   The fraction of C  in CO reached 0.331% at some point in the cloud.

                       *********************************> Cloudy 13.03 <**********************************
                       * c                                                                               *
                       * phi(h) 12.000000 LOG range -0.000232 6.866524                                   *
                       * grid from 8 to 23 in 1 dex steps                                                *
                       * HDEN=10.000000 LOG                                                              *
                       * grid from 0 to 12 in 1 dex steps                                                *
                       * set pres ionize 1e5                                                             *
                       * c                                                                               *
                       * c                                                                               *
                       * table star "inst_padova_agbtrack_z.mod" age 6.78                                *
                       * c                                                                               *
                       * c                                                                               *
                       * abundances GASS10                                                               *
                       * c                                                                               *
                       * c                                                                               *
                       * iterate to convergence max = 7                                                  *
                       * stop column density = 23                                                        *
                       * c                                                                               *
                       * c                                                                               *
                       * print last                                                                      *
                       * set save prefix "padova_inst_6"                                                 *
                       * save grid ".grd" last no hash                                                   *
                       * save linelist "emissionlines_abs.txt" "LineList_HII.dat" absolute last no hash    *
                       *********************************> Log(U): -8.48 <*********************************
                       >>>>>>>>>> Cautions are present.

                     Emission Line Spectrum.   Constant  Density Model.    Open geometry.  Iteration 3 of 3.
                                                     Intensity (erg/s/cm^2).


                                                   Intrinsic line intensities
 general properties..........      H  1 2.279m  -1.609   0.0536      Ca B  3970A  -0.958   0.2397      Mg 1  4561A  -2.919   0.0026            
 TOTL  4861A  -0.338   1.0000      H  1 2.279m  -2.031   0.0203      Ca B  3889A  -1.092   0.1763      Mg 1  2853A  -2.066   0.0187            
 TOTL  1216A   1.207  35.0527      H  1 3.281m  -2.370   0.0093      Ca B  3835A  -1.203   0.1366      Mg 1  2026A  -2.824   0.0033            
 Inci     0    3.0552470.6509      H  1 3.281m  -1.918   0.0263      Ca B  3798A  -1.296   0.1102      TOTL  2798A  -0.173   1.4616            
 TotH     0    0.724  11.5504      H  1 3.281m  -1.788   0.0355      Ca B  3771A  -1.376   0.0916      Mg 2  2796A  -0.356   0.9601            
 TotC     0    0.724  11.5440      H  1 3.281m  -1.841   0.0314      Ca B  3750A  -1.447   0.0779      Mg 2  2803A  -0.638   0.5014            
 BFH1     0    0.693  10.7420      H  1 3.281m  -2.087   0.0178      Ca B  3734A  -1.510   0.0674      totl  2665A  -1.958   0.0240            
 BFHe     0   -0.694   0.4408      H  1 3.281m  -2.626   0.0052      Ca B  3722A  -1.569   0.0588      Al 2  2670A  -1.958   0.0240            
 TotM     0   -1.141   0.1575      H  1 4.466m  -2.616   0.0053      Ca B  3712A  -1.628   0.0513      Si 1  2518A  -2.416   0.0084            
 CT H     0   -1.261   0.1193      H  1 4.466m  -2.165   0.0149      Ca B  3704A  -1.688   0.0446      Si 1  2215A  -2.923   0.0026            
 H FB     0   -0.309   1.0682      H  1 4.466m  -2.029   0.0204      Ca B  3697A  -1.750   0.0387      TOTL  2335A  -2.096   0.0175            
 HFBc     0   -0.309   1.0682      H  1 4.466m  -2.055   0.0192      Ca B  3692A  -1.812   0.0336      Si 2  2334A  -3.084   0.0018            
 continua....................      H  1 4.466m  -2.228   0.0129      Ca B  3687A  -1.874   0.0291      Si 2  2350A  -3.196   0.0014            
 Bac   3646A   1.048  24.3312      H  1 4.466m  -2.572   0.0058      Ca B  3683A  -1.935   0.0253      Si 2  2344A  -2.578   0.0058            
 nFnu  3645A   1.054  24.6783      H  1 4.466m  -3.197   0.0014      Ca B  3679A  -1.995   0.0221      Si 2  2336A  -2.411   0.0085            
 nFnu  3647A  -0.798   0.3470      H  1 5.834m  -2.823   0.0033      Ca B  3676A  -2.053   0.0193      Si 2  1814A  -2.717   0.0042            
 cout  3646A   0.747  12.1656      H  1 5.834m  -2.374   0.0092      Ca B  3674A  -2.109   0.0170      Si 2  1531A  -1.908   0.0269            
 cref  3646A   0.747  12.1656      H  1 5.834m  -2.235   0.0127      Ca B  3671A  -2.163   0.0150      Si 2  1308A  -1.807   0.0339            
 thin  3646A   1.048  24.3313      H  1 5.834m  -2.248   0.0123      Ca B 1.875m  -0.791   0.3528      Si 2  1263A  -1.517   0.0662            
 Inci  4860A   2.273 408.4071      H  1 5.834m  -2.383   0.0090      Ca B 1.282m  -1.073   0.1843      P  2 1.640m  -3.086   0.0018            
 Inci  1215A   2.8811657.0098      H  1 5.834m  -2.642   0.0050      Ca B 1.094m  -1.292   0.1112      S 1R  1807A  -2.834   0.0032            
 Ba C     0    0.103   2.7628      H  1 5.834m  -3.059   0.0019      Ca B 1.005m  -1.463   0.0750      S  2  6720A  -3.334   0.0010            
 PA C     0   -0.287   1.1251      H  1 7.383m  -3.001   0.0022      Ca B  9546A  -1.601   0.0546      S  2  4074A  -2.103   0.0172            
 FIR  83.00m   0.544   7.6232      H  1 7.383m  -2.553   0.0061      Ca B  9229A  -1.714   0.0421      S  2 1.033m  -2.297   0.0110            
 TIR   1800m  -1.700   0.0435      H  1 7.383m  -2.414   0.0084      Ca B  9015A  -1.809   0.0338      S II  4070A  -2.184   0.0143            
 NIRa 2.850m   1.870 161.4017      H  1 7.383m  -2.418   0.0083      Ca B  8863A  -1.890   0.0281      S II  4078A  -2.873   0.0029            
 NIRb 3.000m   1.584  83.5946      H  1 7.383m  -2.531   0.0064      Ca B  8750A  -1.960   0.0239      S II 1.032m  -2.675   0.0046            
 MIRa 15.00m   0.242   3.8063      H  1 7.383m  -2.744   0.0039      Ca B  8665A  -2.023   0.0206      S II 1.029m  -2.811   0.0034            
 MIRb 22.50m   0.379   5.2192      H  1 7.383m  -3.066   0.0019      Ca B  8598A  -2.083   0.0180      S II 1.037m  -3.333   0.0010            
 NMIR 21.75m   1.870 161.4017      H  1 9.115m  -3.157   0.0015      Ca B  8545A  -2.142   0.0157      S II 1.034m  -3.036   0.0020            
 TFIR 611.2m   0.032   2.3454      H  1 9.115m  -2.711   0.0042      Ca B  8502A  -2.202   0.0137      S  2  1256A  -2.216   0.0133            
 TALL 10000A   3.0552473.4082      H  1 9.115m  -2.571   0.0059      Ca B  8467A  -2.264   0.0119      Cl 2  8579A  -2.713   0.0042            
 F12  12.00m  -0.301   1.0892      H  1 9.115m  -2.570   0.0059      Ca B  8438A  -2.326   0.0103      Cl 2  9124A  -3.291   0.0011            
 F25  25.00m  -0.286   1.1264      H  1 9.115m  -2.670   0.0047      Ca B  8413A  -2.388   0.0089      K  1  7676A  -1.523   0.0654            
 F60  60.00m   0.146   3.0488      H  1 9.115m  -2.855   0.0030      Ca B  8392A  -2.448   0.0078      Ca 1  4228A  -0.716   0.4188            
 F100 100.0m  -0.044   1.9675      H  1 9.115m  -3.122   0.0016      Ca B  8374A  -2.508   0.0068      Ca 2  3933A   0.158   3.1312            
 MIPS 24.00m  -0.600   0.5478      H  1 11.03m  -2.017   0.0209      Ca B  8359A  -2.566   0.0059      Ca 2  8579A  -0.838   0.3166            
 MIPS 70.00m  -0.213   1.3354      H  1 13.13m  -2.129   0.0162      Ca B  8346A  -2.622   0.0052      Ca 2  7306A  -0.502   0.6859            
 MIPS 160.0m  -0.440   0.7916      H  1 15.40m  -2.232   0.0128      Ca B  8334A  -2.677   0.0046      Ca2K  3934A  -0.035   2.0077            
 IRAC 3.600m   0.064   2.5236      H  1 17.87m  -2.328   0.0102      Ca B 4.051m  -1.435   0.0799      Ca2H  3969A  -0.288   1.1235            
 IRAC 4.500m  -0.186   1.4186      H  1 20.51m  -2.417   0.0083      Ca B 2.625m  -1.646   0.0492      Ca2X  8498A  -1.962   0.0238            
 IRAC 5.800m  -0.391   0.8846      H  1 23.33m  -2.500   0.0069      Ca B 2.166m  -1.822   0.0328      Ca2Y  8542A  -1.014   0.2111            
 IRAC 8.000m  -0.413   0.8416      H  1 26.34m  -2.579   0.0057      Ca B 1.945m  -1.964   0.0237      Ca2Z  8662A  -1.426   0.0818            
 SPR1 250.0m  -0.859   0.3017      H  1 29.53m  -2.653   0.0048      Ca B 1.817m  -2.080   0.0181      CaF1  7291A  -0.721   0.4140            
 SPR2 350.0m  -1.289   0.1120      H  1 32.91m  -2.723   0.0041      Ca B 1.736m  -2.176   0.0145      CaF2  7324A  -0.904   0.2720            
 SPR3 500.0m  -1.665   0.0471      H  1 36.46m  -2.789   0.0035      Ca B 1.681m  -2.257   0.0120      Fe2c     0   -0.223   1.3029            
 PAC1 70.00m  -0.150   1.5407      H  1 40.20m  -2.853   0.0031      Ca B 1.641m  -2.328   0.0102      Fe 2  4300A  -0.900   0.2739            
 PAC2 100.0m  -0.039   1.9901      H  1 44.12m  -2.913   0.0027      Ca B 1.611m  -2.391   0.0089      Fe 2  2400A  -0.352   0.9688            
 PAC3 160.0m  -0.183   1.4309      H  1 48.22m  -2.970   0.0023      Ca B 1.588m  -2.450   0.0077      Fe 2  6200A  -2.620   0.0052            
 PAH  3.300m  -0.716   0.4194      H  1 52.50m  -3.026   0.0021      Ca B 1.570m  -2.509   0.0067      Fe 2  1080A  -3.075   0.0018            
 PAHC 3.230m  -0.987   0.2244      H  1 56.97m  -1.836   0.0317      Ca B 1.556m  -2.570   0.0059      Fe 2 1.150m  -3.130   0.0016            
 PAHC 3.370m  -1.064   0.1879      He 1 504.3A  -2.028   0.0204      Ca B 1.544m  -2.631   0.0051      Fe 2  2500A  -3.253   0.0012            
 PAH  6.200m  -0.929   0.2565      He 1  2600A  -3.098   0.0017      Ca B 1.534m  -2.693   0.0044      Fe 2 25.98m  -2.854   0.0030            
 PAHC 5.650m  -0.843   0.3124      He 1  3421A  -3.055   0.0019      Ca B 1.526m  -2.755   0.0038      Fe 2 1.257m  -2.205   0.0136            
 PAH  7.900m  -0.855   0.3041      He 1  3421A  -2.833   0.0032      Ca B 1.519m  -2.816   0.0033      Fe 2 35.34m  -3.271   0.0012            
 PAHC 6.900m  -0.759   0.3796      He 1  3679A  -3.247   0.0012      Ca B 1.513m  -2.875   0.0029      Fe 2 1.321m  -2.783   0.0036            
 PAH  11.30m  -1.501   0.0687      C  1  1101A  -1.318   0.1047      Ca B 1.508m  -2.933   0.0025      Fe 2  7638A  -2.741   0.0040            
 PAHC 10.90m  -1.510   0.0674      Al 1  2071A  -2.825   0.0033      Ca B 1.504m  -2.989   0.0022      Fe 2 1.372m  -3.007   0.0021            
 PAH  11.80m  -1.300   0.1092      Si 1  1521A  -1.847   0.0310      Ca B 1.500m  -3.044   0.0020      Fe 2 1.294m  -2.770   0.0037            
 PAHC 12.65m  -1.279   0.1145      P  1  1182A  -2.857   0.0030      Ca B 7.458m  -1.947   0.0246      Fe 2  7687A  -2.934   0.0025            
 PAH  13.30m  -1.277   0.1151      S  1  1197A  -1.811   0.0336      Ca B 4.653m  -2.108   0.0170      Fe 2 1.328m  -3.016   0.0021            
 PAHC 14.10m  -1.292   0.1111      Cl 1 956.0A  -2.740   0.0040      Ca B 3.740m  -2.250   0.0123      Fe 2 1.279m  -2.883   0.0029            
 Bcon  3640A   2.9652011.6057      Fe 1  1569A  -2.802   0.0034      Ca B 3.296m  -2.366   0.0094      Fe 2  7665A  -3.301   0.0011            
 Pcon  5000A   2.173 324.1562      grains......................      Ca B 3.038m  -2.463   0.0075      Fe 2 1.298m  -3.247   0.0012            
 HFFc     0   -0.294   1.1079      H-like iso-sequence.........      Ca B 2.872m  -2.544   0.0062      Fe 2 1.270m  -3.070   0.0019            
 H FF     0   -0.645   0.4936      Hlin 912.0A  -2.063   0.0188      Ca B 2.758m  -2.615   0.0053      Fe 2 17.93m  -2.516   0.0066            
 HeFF     0   -3.288   0.0011      Hrst 960.0A  -3.074   0.0018      Ca B 2.674m  -2.678   0.0046      Fe 2 1.644m  -2.278   0.0115            
 MeFB     0   -1.784   0.0358      Hrst     0   -2.160   0.0151      Ca B 2.612m  -2.737   0.0040      Fe 2 1.533m  -2.715   0.0042            
 MeFF     0   -2.363   0.0094      Ca B  1216A   1.172  32.4036      Ca B 2.564m  -2.796   0.0035      Fe 2  8617A  -2.162   0.0150            
 ToFF     0   -0.636   0.5042      Q(H)  4861A  -0.229   1.2853      Ca B 2.525m  -2.856   0.0030      Fe 2 24.51m  -2.993   0.0022            
 nFnu 122.4m  -2.008   0.0214      Q(H)  1216A   1.213  35.5948      Ca B 2.495m  -2.918   0.0026      Fe 2 1.809m  -2.981   0.0023            
 nInu 122.4m   0.369   5.0977      CaBo  4861A  -0.336   1.0057      Ca B 2.469m  -2.980   0.0023      Fe 2 1.677m  -2.855   0.0030            
 nFnu 60.83m  -1.734   0.0402      Ca A  1216A   1.072  25.7106      Ca B 2.448m  -3.041   0.0020      Fe 2 1.599m  -2.822   0.0033            
 nInu 60.83m   0.322   4.5730      Ca A  1026A   0.387   5.3090      Ca B 2.431m  -3.102   0.0017      Fe 2  9052A  -2.820   0.0033            
 nFnu 41.22m  -1.559   0.0601      Ca A 972.5A   0.036   2.3675      Ca B 2.416m  -3.162   0.0015      Fe 2  8892A  -2.577   0.0058            
 nInu 41.22m   0.211   3.5371      Ca A 949.7A  -0.173   1.4618      Ca B 2.403m  -3.219   0.0013      Fe 2 1.800m  -3.026   0.0020            
 nFnu 30.87m  -1.438   0.0795      Ca A 937.8A  -0.302   1.0871      Ca B 2.392m  -3.276   0.0012      Fe 2 1.664m  -3.110   0.0017            
 nInu 30.87m   0.113   2.8272      Ca A 930.8A  -0.390   0.8877      Ca B 2.382m  -3.330   0.0010      Fe 2  9227A  -2.833   0.0032            
 nFnu 24.78m  -1.344   0.0986      Ca A 926.2A  -0.466   0.7449      Ca B 12.37m  -2.370   0.0093      Fe 2  9033A  -3.050   0.0019            
 nInu 24.78m   0.038   2.3790      Ca A 923.2A  -0.537   0.6331      Ca B 7.500m  -2.492   0.0070      Fe 2 1.797m  -3.177   0.0014            
 nFnu 24.30m  -1.336   0.1004      Ca A 921.0A  -0.600   0.5477      Ca B 5.907m  -2.605   0.0054      Fe 2  9268A  -2.944   0.0025            
 nInu 24.30m   0.031   2.3419      Ca A 919.4A  -0.654   0.4830      Ca B 5.127m  -2.700   0.0043      Fe2b  7000A  -2.439   0.0079            
 nFnu 22.83m  -1.309   0.1069      Ca A 918.1A  -0.702   0.4325      Ca B 4.671m  -2.781   0.0036      Fe2b 10000A  -1.346   0.0981            
 nInu 22.83m   0.011   2.2342      Ca A 917.2A  -0.744   0.3927      Ca B 4.375m  -2.851   0.0031      Fe2b  7445A  -2.439   0.0079            
 nFnu 21.42m  -1.283   0.1135      Ca A 916.4A  -0.784   0.3584      Ca B 4.170m  -2.914   0.0027      Fe2b  8625A  -1.825   0.0326            
 nInu 21.42m  -0.011   2.1231      Ca A 915.8A  -0.825   0.3257      Ca B 4.020m  -2.973   0.0023      Fe2b 1.889m  -2.396   0.0088            
 nFnu 21.12m  -1.277   0.1150      Ca A 915.3A  -0.872   0.2928      Ca B 3.906m  -3.032   0.0020      Fe 2  1786A  -1.736   0.0400            
 nInu 21.12m  -0.016   2.0983      Ca A 914.9A  -0.922   0.2605      Ca B 3.818m  -3.092   0.0018      recombination...............            
 nFnu 19.62m  -1.245   0.1238      Ca A 914.6A  -0.976   0.2302      Ca B 3.748m  -3.153   0.0015      C  1 1.069m  -2.838   0.0032            
 nInu 19.62m  -0.037   2.0002      Ca A 914.3A  -1.032   0.2025      Ca B 3.692m  -3.215   0.0013      C  1  1140A  -1.610   0.0535            
 nFnu 17.65m  -1.197   0.1384      Ca A 914.0A  -1.088   0.1779      Ca B 3.645m  -3.276   0.0012      level2 lines................            
 nInu 17.65m  -0.055   1.9193      Ca A 913.8A  -1.144   0.1563      Ca B 3.606m  -3.337   0.0010      C  1 943.9A  -1.587   0.0563            
 nFnu 17.37m  -1.191   0.1403      Ca A 913.6A  -1.200   0.1376      Ca B 19.06m  -2.725   0.0041      C  1  1248A  -1.531   0.0641            
 nInu 17.37m  -0.057   1.9085      Ca A 913.5A  -1.254   0.1214      Ca B 11.31m  -2.815   0.0033      C  1 841.0A  -3.078   0.0018            
 nFnu 15.69m  -1.152   0.1534      Ca A 913.3A  -1.307   0.1075      Ca B 8.758m  -2.905   0.0027      C  1  1561A  -1.737   0.0399            
 nInu 15.69m  -0.074   1.8382      Ca A  6563A  -0.096   1.7478      Ca B 7.506m  -2.984   0.0023      C  1  1315A  -1.558   0.0603            
 nFnu 14.60m  -1.119   0.1657      Ca A  4861A  -0.523   0.6532      Ca B 6.770m  -3.053   0.0019      C  1  1166A  -1.640   0.0499            
 nInu 14.60m  -0.085   1.7905      Ca A  4340A  -0.819   0.3307      Ca B 6.290m  -3.115   0.0017      C  1  1233A  -1.605   0.0540            
 nFnu 12.43m  -1.048   0.1950      Ca A  4102A  -1.025   0.2059      Ca B 5.955m  -3.173   0.0015      C  1  1132A  -1.724   0.0411            
 nInu 12.43m  -0.112   1.6829      Ca A  3970A  -1.173   0.1461      Ca B 5.710m  -3.232   0.0013      C  1  1251A  -1.725   0.0410            
 nFnu 11.40m  -1.017   0.2096      Ca A  3889A  -1.287   0.1125      Ca B 5.524m  -3.291   0.0011      C  1  1112A  -1.760   0.0379            
 nInu 11.40m  -0.126   1.6301      Ca A  3835A  -1.378   0.0913      Ca B 27.80m  -3.026   0.0021      C  1  1115A  -1.788   0.0355            
 nFnu 10.46m  -0.975   0.2308      Ca A  3798A  -1.451   0.0772      Ca B 16.20m  -3.091   0.0018      C  1  1162A  -1.856   0.0303            
 nInu 10.46m  -0.140   1.5788      Ca A  3771A  -1.511   0.0672      Ca B 12.38m  -3.163   0.0015      C  1  1167A  -1.990   0.0223            
 nFnu 9.480m  -0.940   0.2504      Ca A  3750A  -1.561   0.0598      Ca B 10.50m  -3.230   0.0013      C  1  1104A  -1.897   0.0276            
 nInu 9.480m  -0.136   1.5931      Ca A  3734A  -1.605   0.0541      Ca B 9.389m  -3.291   0.0011      C  1  1109A  -1.910   0.0268            
 nFnu 9.325m  -0.934   0.2534      Ca A  3722A  -1.645   0.0493      Ca B 38.86m  -3.284   0.0011      C  1  1130A  -2.080   0.0181            
 nInu 9.325m  -0.132   1.6068      Ca A  3712A  -1.687   0.0448      Ca B 22.33m  -3.331   0.0010      C  1  1098A  -2.018   0.0209            
 nFnu 8.210m  -0.876   0.2901      Ca A  3704A  -1.734   0.0402      H  1     0   -2.341   0.0099      C  1  1132A  -2.039   0.0199            
 nInu 8.210m  -0.087   1.7847      Ca A  3697A  -1.785   0.0358      H  1  1216A   1.207  35.0527      C  1  1106A  -2.090   0.0177            
 nFnu 7.580m  -0.849   0.3081      Ca A  3692A  -1.838   0.0316      H  1  1026A  -1.276   0.1154      C  1  1093A  -2.188   0.0141            
 nInu 7.580m  -0.046   1.9585      Ca A  3687A  -1.894   0.0278      H  1 972.5A  -1.769   0.0371      C  1  1110A  -2.234   0.0127            
 nFnu 7.050m  -0.807   0.3395      Ca A  3683A  -1.950   0.0244      H  1 949.7A  -1.832   0.0321      C  1  1114A  -2.251   0.0122            
 nInu 7.050m  -0.004   2.1591      Ca A  3679A  -2.007   0.0215      H  1 937.8A  -2.016   0.0210      C  1  1115A  -2.260   0.0120            
 nFnu 4.114m  -0.596   0.5518      Ca A  3676A  -2.062   0.0189      H  1 930.8A  -2.144   0.0156      C  1  1090A  -2.307   0.0107            
 nInu 4.114m   0.518   7.1746      Ca A  3674A  -2.116   0.0167      H  1 926.2A  -2.210   0.0134      C  1  1104A  -2.418   0.0083            
 nFnu 2.324m  -0.479   0.7224      Ca A  3671A  -2.169   0.0148      H  1 923.2A  -2.224   0.0130      C  1  1104A  -2.425   0.0082            
 nInu 2.324m   1.117  28.5315      Ca A 1.875m  -0.917   0.2635      H  1 921.0A  -2.231   0.0128      C  1  1098A  -2.570   0.0059            
 nFnu 1.643m  -0.399   0.8683      Ca A 1.282m  -1.220   0.1311      H  1  6563A   0.110   2.8067      C  1  1097A  -2.585   0.0057            
 nInu 1.643m   1.518  71.8020      Ca A 1.094m  -1.458   0.0759      H  1  4861A  -0.338   1.0000      C  1  1093A  -2.789   0.0035            
 nFnu 1.480m  -0.334   1.0100      Ca A 1.005m  -1.637   0.0502      H  1  4340A  -0.601   0.5464      C  1  1093A  -2.774   0.0037            
 nInu 1.480m   1.582  83.2713      Ca A  9546A  -1.773   0.0367      H  1  4102A  -0.801   0.3444      C  1  1090A  -2.923   0.0026            
 nFnu 1.436m  -0.059   1.9013      Ca A  9229A  -1.876   0.0290      H  1  3970A  -0.964   0.2368      C  1  1090A  -2.907   0.0027            
 nInu 1.436m   1.607  88.1020      Ca A  9015A  -1.956   0.0241      H  1  3889A  -1.083   0.1799      C  2 892.8A  -2.717   0.0042            
 nFnu 1.119m   0.054   2.4642      Ca A  8863A  -2.020   0.0208      H  1  3835A  -1.156   0.1521      C  2 688.8A  -3.139   0.0016            
 nInu 1.119m   1.774 129.4663      Ca A  8750A  -2.073   0.0184      H  1  3798A  -1.204   0.1363      C  2  1020A  -1.535   0.0636            
 nFnu  8330A   0.074   2.5853      Ca A  8665A  -2.117   0.0166      H  1 1.875m  -0.850   0.3076      N  1 942.3A  -1.861   0.0300            
 nInu  8330A   1.931 185.6791      Ca A  8598A  -2.158   0.0151      H  1 1.282m  -1.115   0.1673      N  1 952.1A  -1.814   0.0334            
 nFnu  8079A   0.428   5.8347      Ca A  8545A  -2.201   0.0137      H  1 1.094m  -1.320   0.1044      N  1  1131A  -1.848   0.0309            
 nInu  8079A   1.956 197.0355      Ca A  8502A  -2.247   0.0123      H  1 1.005m  -1.482   0.0718      O  1 867.3A  -2.901   0.0027            
 nFnu  6210A   0.168   3.2041      Ca A  8467A  -2.298   0.0110      H  1  9546A  -1.600   0.0547      O  1 787.5A  -3.043   0.0020            
 nInu  6210A   2.143 302.7523      Ca A  8438A  -2.352   0.0097      H  1  9229A  -1.672   0.0463      O  1 976.8A  -1.973   0.0232            
 nFnu  4885A  -0.188   1.4141      Ca A  8413A  -2.408   0.0085      H  1  9015A  -1.719   0.0416      O  1 767.7A  -3.295   0.0011            
 nInu  4885A   2.293 428.0258      Ca A  8392A  -2.464   0.0075      H  1 4.051m  -1.514   0.0667      O  1 969.0A  -1.732   0.0403            
 nFnu  3704A  -0.775   0.3658      Ca A  8374A  -2.520   0.0066      H  1 2.625m  -1.700   0.0434      O  1 946.4A  -1.802   0.0343            
 nInu  3704A   2.394 539.5557      Ca A  8359A  -2.575   0.0058      H  1 2.166m  -1.858   0.0302      O  1 934.5A  -1.989   0.0224            
 nFnu  3588A   1.009  22.2375      Ca A  8346A  -2.630   0.0051      H  1 1.945m  -1.973   0.0232      O  1 973.6A  -2.229   0.0128            
 nInu  3588A   2.393 539.0020      Ca A  8334A  -2.683   0.0045      H  1 1.817m  -2.043   0.0197      O  1 927.5A  -2.168   0.0148            
 nFnu  2430A  -0.526   0.6487      Ca A 4.051m  -1.549   0.0615      H  1 1.736m  -2.089   0.0177      O  1 948.5A  -2.142   0.0157            
 nInu  2430A   2.6661009.3327      Ca A 2.625m  -1.781   0.0361      H  1 7.458m  -2.028   0.0204      O  1 923.0A  -2.362   0.0095            
 nFnu  2392A  -0.597   0.5503      Ca A 2.166m  -1.974   0.0231      H  1 4.653m  -2.160   0.0151      O  1 919.9A  -2.583   0.0057            
 nInu  2392A   2.6711020.3859      Ca A 1.945m  -2.122   0.0164      H  1 3.740m  -2.268   0.0117      O  1 935.7A  -2.433   0.0080            
 nFnu  2071A  -1.134   0.1601      Ca A 1.817m  -2.234   0.0127      H  1 3.296m  -2.335   0.0101      O  1 917.7A  -2.697   0.0044            
 nInu  2071A   2.7721289.8051      Ca A 1.736m  -2.319   0.0105      H  1 3.038m  -2.379   0.0091      O  1 918.7A  -2.794   0.0035            
 nFnu  2053A  -1.181   0.1437      Ca A 1.681m  -2.385   0.0090      H  1 12.37m  -2.437   0.0080      O  1 928.2A  -2.682   0.0045            
 nInu  2053A   2.7681276.7111      Ca A 1.641m  -2.439   0.0079      H  1 7.500m  -2.519   0.0066      O  1 917.5A  -2.895   0.0028            
 nFnu  1793A  -1.621   0.0521      Ca A 1.611m  -2.484   0.0072      H  1 5.907m  -2.579   0.0057      O  1 923.4A  -2.922   0.0026            
 nInu  1793A   2.8561564.0282      Ca A 1.588m  -2.525   0.0065      H  1 5.127m  -2.620   0.0052      O  1 920.2A  -3.172   0.0015            
 nFnu  1585A  -1.565   0.0594      Ca A 1.570m  -2.568   0.0059      H  1 19.06m  -2.761   0.0038      O  1 918.0A  -3.305   0.0011            
 nInu  1585A   2.8491538.5051      Ca A 1.556m  -2.614   0.0053      H  1 11.31m  -2.794   0.0035      Mg 2 959.3A  -3.273   0.0012            
 nFnu  1458A  -0.841   0.3144      Ca A 1.544m  -2.665   0.0047      H  1 8.758m  -2.827   0.0032      Al 2  1671A  -1.825   0.0326            
 nInu  1458A   2.9501941.2804      Ca A 1.534m  -2.719   0.0042      H  1 27.80m  -3.009   0.0021      Si 1  1261A  -2.225   0.0130            
 nFnu  1357A  -1.237   0.1261      Ca A 1.526m  -2.775   0.0037      H  1 16.20m  -3.016   0.0021      Si 1  1853A  -2.331   0.0102            
 nInu  1357A   3.0132245.9001      Ca A 1.519m  -2.831   0.0032      H  1 38.86m  -3.212   0.0013      Si 1  1694A  -2.464   0.0075            
 nFnu  1297A  -1.317   0.1050      Ca A 1.513m  -2.887   0.0028      He-like iso-sequence........      Si 1  1626A  -2.719   0.0042            
 nInu  1297A   2.9842099.9963      Ca A 1.508m  -2.943   0.0025      Clin 506.0A  -3.096   0.0017      Si 1  1091A  -2.736   0.0040            
 nFnu  1263A  -1.154   0.1526      Ca A 1.504m  -2.997   0.0022      Hlin 506.0A  -3.147   0.0016      Si 1  2000A  -2.919   0.0026            
 nInu  1263A   3.0112236.3687      Ca A 1.500m  -3.050   0.0019      Ca B  3188A  -3.251   0.0012      Si 1  1591A  -2.934   0.0025            
 nFnu  1218A   1.242  38.0539      Ca A 7.458m  -2.066   0.0187      Ca B  3889A  -2.833   0.0032      Si 1  1668A  -3.073   0.0018            
 nInu  1218A   2.8791650.3246      Ca A 4.653m  -2.246   0.0124      Ca B  4471A  -3.144   0.0016      Si 1  1570A  -3.175   0.0015            
 nFnu  1196A  -0.236   1.2640      Ca A 3.740m  -2.398   0.0087      Ca B  5876A  -2.667   0.0047      Si 1  1616A  -3.158   0.0015            
 nInu  1196A   2.9431909.1136      Ca A 3.296m  -2.515   0.0067      Ca B  6678A  -3.211   0.0013      Si 1  1834A  -3.148   0.0015            
 nFnu  1175A  -0.522   0.6550      Ca A 3.038m  -2.602   0.0054      Ca B 1.083m  -1.640   0.0499      Si 2  1180A  -1.608   0.0538            
 nInu  1175A   2.8231448.5729      Ca A 2.872m  -2.670   0.0047      Ca B 2.058m  -2.590   0.0056      Si 2 993.4A  -1.885   0.0284            
 nFnu  1144A  -0.781   0.3608      Ca A 2.758m  -2.725   0.0041      He 1     0   -1.427   0.0814      Si 2  1024A  -2.308   0.0107            
 nInu  1144A   3.0502444.5308      Ca A 2.674m  -2.770   0.0037      He 1 584.3A  -2.106   0.0171      S  1  1356A  -2.613   0.0053            
 nFnu  1113A  -0.976   0.2304      Ca A 2.612m  -2.811   0.0034      He 1 537.0A  -3.208   0.0013      S  1  1227A  -2.779   0.0036            
 nInu  1113A   3.0362364.4761      Ca A 2.564m  -2.854   0.0030      He 1 522.2A  -3.220   0.0013      S  1  1662A  -2.865   0.0030            
 nFnu  1103A   0.111   2.8158      Ca A 2.525m  -2.901   0.0027      He 1 515.6A  -3.252   0.0012      S  1  1392A  -3.257   0.0012            
 nInu  1103A   3.0592493.7976      Ca A 2.495m  -2.952   0.0024      He 1 512.1A  -3.304   0.0011      S  1  1265A  -3.331   0.0010            
 nFnu  1074A  -0.157   1.5170      Ca A 2.469m  -3.006   0.0022      TOTL 1.083m  -1.875   0.0290      S  2 750.3A  -3.181   0.0014            
 nInu  1074A   3.0502443.8123      Ca A 2.448m  -3.061   0.0019      He 1 1.083m  -1.875   0.0290      S  2 888.4A  -3.318   0.0010            
 nFnu  1064A  -0.264   1.1852      Ca A 2.431m  -3.117   0.0017      He 1 1.083m  -2.830   0.0032      Ar 1  1096A  -2.020   0.0208            
 nInu  1064A   3.0312339.8796      Ca A 2.416m  -3.173   0.0015      He 1 1.083m  -2.353   0.0097      Ar 1 922.5A  -2.714   0.0042            
 nFnu  1036A  -0.527   0.6471      Ca A 2.403m  -3.229   0.0013      He 1 1.083m  -2.131   0.0161      Ar 1 918.5A  -2.853   0.0031            
 nInu  1036A   2.9882117.7451      Ca A 2.392m  -3.283   0.0011      He 1  3889A  -2.969   0.0023      P  2  1154A  -3.019   0.0021            
 nFnu  1000A  -0.861   0.3003      Ca A 2.382m  -3.336   0.0010      He 1 2.058m  -3.200   0.0014      P  2 967.2A  -2.814   0.0033            
 nInu  1000A   2.9852102.3711      Ca A 12.37m  -2.499   0.0069      He 1  5876A  -2.751   0.0039      P  2 963.8A  -2.398   0.0087            
 nFnu 925.1A  -1.135   0.1598      Ca A 7.500m  -2.634   0.0051      He 1  4471A  -3.246   0.0012      Ti 2  3366A  -1.904   0.0271            
 nInu 925.1A   2.7441207.0619      Ca A 5.907m  -2.749   0.0039      He 1  6678A  -3.290   0.0011      Ti 2  3238A  -2.219   0.0132            
 nFnu 897.8A   1.295  42.9342      Ca A 5.127m  -2.837   0.0032      Pho+  3889A  -1.157   0.1519      Cr 1  4271A  -2.578   0.0058            
 nInu 897.8A  -2.443   0.0079      Ca A 4.671m  -2.905   0.0027      database lines..............      Cr 1  3591A  -2.591   0.0056            
 nFnu 760.0A  -1.011   0.2122      Ca A 4.375m  -2.960   0.0024      level 1 lines...............      Cr 2  2060A  -2.771   0.0037            
 nInu 760.0A  -1.025   0.2057      Ca A 4.170m  -3.005   0.0022      C  1  1656A  -1.232   0.1277      Mn 2  2590A  -2.109   0.0170            
 nFnu 701.5A  -1.981   0.0227      Ca A 4.020m  -3.047   0.0020      REC   1656A  -1.485   0.0713      Mn 2  1199A  -2.878   0.0029            
 nInu 701.5A  -0.640   0.4992      Ca A 3.906m  -3.089   0.0018      C Ic  9850A  -2.562   0.0060      Ni 2  1752A  -2.631   0.0051            
 nInu 608.2A  -0.087   1.7841      Ca A 3.818m  -3.136   0.0016      TOTL  9850A  -2.562   0.0060      Ni 2  1744A  -2.474   0.0073            
 nFnu 575.1A  -2.617   0.0053      Ca A 3.748m  -3.187   0.0014      C  1  8727A  -1.240   0.1253      Ni 2  1485A  -3.153   0.0015            
 nInu 575.1A   0.106   2.7811      Ca A 3.692m  -3.241   0.0013      TOTL  2326A  -1.906   0.0270      Ni 2  1473A  -2.769   0.0037            
 nInu 511.9A   0.277   4.1208      Ca A 3.645m  -3.296   0.0011      C  2  2325A  -2.838   0.0032      Ni 2  1400A  -2.981   0.0023            
 nFnu 496.9A  -0.602   0.5450      Ca A 19.06m  -2.861   0.0030      C  2  2329A  -2.819   0.0033      Ni 2  1376A  -2.469   0.0074            
 nInu 496.9A  -0.801   0.3448      Ca A 11.31m  -2.955   0.0024      C  2  2328A  -2.654   0.0048      Ni 2  1324A  -2.401   0.0087            
 nInu 399.2A  -0.380   0.9081      Ca A 8.758m  -3.039   0.0020      C  2  2327A  -2.160   0.0151      Zn 1  2139A  -3.144   0.0016            
 RRC.........................      Ca A 7.506m  -3.106   0.0017      C  2  1335A  -1.482   0.0718      hyperfine structure.........            
 H  1 911.8A   0.056   2.4769      Ca A 6.770m  -3.160   0.0015      N  1 953.9A  -1.809   0.0338      inner shell.................            
 H  1  3646A  -0.395   0.8775      Ca A 6.290m  -3.206   0.0014      N  1 954.1A  -2.484   0.0071      molecules...................            
 H  1  3646A  -0.003   2.1635      Ca A 5.955m  -3.247   0.0012      N  1  1200A  -1.568   0.0589      H2dH     0   -2.889   0.0028            
 H  1  8204A  -1.161   0.1504      Ca A 5.710m  -3.289   0.0011      N  1 1.040m  -2.945   0.0025      H2vH     0   -1.521   0.0656            
 H  1  8204A  -0.717   0.4180      Ca A 5.524m  -3.336   0.0010      N  1 1.041m  -3.294   0.0011      H-FB     0   -0.431   0.8068            
 H  1  8204A  -0.746   0.3910      Ca A 27.80m  -3.163   0.0015      N  1 1.041m  -3.311   0.0011      H-FF     0   -0.557   0.6037            
 H  1 1.458m  -1.683   0.0452      Ca A 16.20m  -3.223   0.0013      TOTL 1.040m  -2.611   0.0053      H-CT  6563A  -0.134   1.5992            
 H  1 1.458m  -1.231   0.1281      Ca A 12.38m  -3.285   0.0011      N  2  1085A  -2.913   0.0027      H- H     0   -3.335   0.0010            
 H  1 1.458m  -1.149   0.1547      Ca A 10.50m  -3.337   0.0010      O  1  6300A  -1.328   0.1023      H2+      0   -0.697   0.4381            
 H  1 1.458m  -1.409   0.0849      Ca B  6563A   0.157   3.1265      O  1  6363A  -1.825   0.0326      HEH+     0   -3.040   0.0020            
 H  1 2.279m  -2.069   0.0186      Ca B  4861A  -0.276   1.1525      O  1  5577A  -2.414   0.0084            
 H  1 2.279m  -1.616   0.0528      Ca B  4340A  -0.576   0.5783      O  1 63.17m  -3.142   0.0016            
 H  1 2.279m  -1.499   0.0691      Ca B  4102A  -0.793   0.3509      Na 1  5892A  -0.856   0.3033            

                                                    Emergent line intensities
 general properties..........      Hlin 912.0A  -2.063   0.0188      Ca B 4.051m  -1.435   0.0799      Si 2  2336A  -2.411   0.0085            
 TOTL  4861A  -0.338   1.0000      Hrst 960.0A  -3.074   0.0018      Ca B 2.625m  -1.646   0.0492      Si 2  1814A  -2.718   0.0042            
 TOTL  1216A   1.206  35.0432      Ca B  1216A   1.172  32.4039      Ca B 2.166m  -1.822   0.0328      Si 2  1531A  -1.908   0.0269            
 continua....................      Q(H)  4861A  -0.229   1.2853      Ca B 1.945m  -1.964   0.0237      Si 2  1308A  -1.808   0.0339            
 Bac   3646A   1.048  24.3315      Q(H)  1216A   1.213  35.5952      Ca B 1.817m  -2.080   0.0181      Si 2  1263A  -1.517   0.0662            
 nFnu  3645A   1.054  24.6785      Ca A  1216A   1.072  25.6996      Ca B 1.736m  -2.176   0.0145      P  2 1.640m  -3.086   0.0018            
 nFnu  3647A  -0.798   0.3470      Ca A  1026A   0.382   5.2531      Ca B 1.681m  -2.257   0.0120      S 1R  1807A  -2.834   0.0032            
 cout  3646A   0.747  12.1658      Ca A 972.5A   0.032   2.3434      Ca B 1.641m  -2.328   0.0102      S  2  6720A  -3.334   0.0010            
 cref  3646A   0.747  12.1657      Ca A 949.7A  -0.178   1.4472      Ca B 1.611m  -2.391   0.0089      S  2  4074A  -2.103   0.0172            
 thin  3646A   1.048  24.3315      Ca A 937.8A  -0.306   1.0763      Ca B 1.588m  -2.450   0.0077      S  2 1.033m  -2.297   0.0110            
 Inci  4860A   2.273 408.4109      Ca A 930.8A  -0.394   0.8790      Ca B 1.570m  -2.509   0.0067      S II  4070A  -2.184   0.0143            
 Inci  1215A   2.8811657.0255      Ca A 926.2A  -0.470   0.7376      Ca B 1.556m  -2.570   0.0059      S II  4078A  -2.873   0.0029            
 FIR  83.00m   0.544   7.6233      Ca A 923.2A  -0.541   0.6269      Ca B 1.544m  -2.631   0.0051      S II 1.032m  -2.675   0.0046            
 TIR   1800m  -1.700   0.0435      Ca A 921.0A  -0.604   0.5424      Ca B 1.534m  -2.693   0.0044      S II 1.029m  -2.811   0.0034            
 NIRa 2.850m   1.870 161.4032      Ca A 919.4A  -0.658   0.4782      Ca B 1.526m  -2.755   0.0038      S II 1.037m  -3.333   0.0010            
 NIRb 3.000m   1.584  83.5954      Ca A 918.1A  -0.706   0.4282      Ca B 1.519m  -2.816   0.0033      S II 1.034m  -3.036   0.0020            
 MIRa 15.00m   0.242   3.8064      Ca A 917.2A  -0.748   0.3888      Ca B 1.513m  -2.875   0.0029      S  2  1256A  -2.216   0.0132            
 MIRb 22.50m   0.379   5.2193      Ca A 916.4A  -0.788   0.3549      Ca B 1.508m  -2.933   0.0025      Cl 2  8579A  -2.713   0.0042            
 NMIR 21.75m   1.870 161.4032      Ca A 915.8A  -0.830   0.3225      Ca B 1.504m  -2.989   0.0022      Cl 2  9124A  -3.291   0.0011            
 TFIR 611.2m   0.032   2.3454      Ca A 915.3A  -0.876   0.2899      Ca B 1.500m  -3.044   0.0020      K  1  7676A  -1.523   0.0654            
 TALL 10000A   3.0552473.3999      Ca A 914.9A  -0.927   0.2580      Ca B 7.458m  -1.947   0.0246      Ca 1  4228A  -0.716   0.4188            
 F12  12.00m  -0.301   1.0892      Ca A 914.6A  -0.980   0.2279      Ca B 4.653m  -2.108   0.0170      Ca 2  3933A   0.158   3.1312            
 F25  25.00m  -0.286   1.1264      Ca A 914.3A  -1.036   0.2005      Ca B 3.740m  -2.250   0.0123      Ca 2  8579A  -0.838   0.3166            
 F60  60.00m   0.146   3.0488      Ca A 914.0A  -1.092   0.1762      Ca B 3.296m  -2.366   0.0094      Ca 2  7306A  -0.502   0.6859            
 F100 100.0m  -0.044   1.9675      Ca A 913.8A  -1.148   0.1548      Ca B 3.038m  -2.463   0.0075      Ca2K  3934A  -0.035   2.0077            
 MIPS 24.00m  -0.600   0.5478      Ca A 913.6A  -1.204   0.1362      Ca B 2.872m  -2.544   0.0062      Ca2H  3969A  -0.288   1.1235            
 MIPS 70.00m  -0.213   1.3354      Ca A 913.5A  -1.258   0.1202      Ca B 2.758m  -2.615   0.0053      Ca2X  8498A  -1.962   0.0238            
 MIPS 160.0m  -0.440   0.7916      Ca A 913.3A  -1.311   0.1064      Ca B 2.674m  -2.678   0.0046      Ca2Y  8542A  -1.014   0.2111            
 IRAC 3.600m   0.064   2.5236      Ca A  6563A  -0.096   1.7478      Ca B 2.612m  -2.737   0.0040      Ca2Z  8662A  -1.426   0.0818            
 IRAC 4.500m  -0.186   1.4186      Ca A  4861A  -0.523   0.6532      Ca B 2.564m  -2.796   0.0035      CaF1  7291A  -0.721   0.4140            
 IRAC 5.800m  -0.391   0.8846      Ca A  4340A  -0.819   0.3307      Ca B 2.525m  -2.856   0.0030      CaF2  7324A  -0.904   0.2720            
 IRAC 8.000m  -0.413   0.8416      Ca A  4102A  -1.025   0.2059      Ca B 2.495m  -2.918   0.0026      Fe 2  4300A  -0.900   0.2739            
 SPR1 250.0m  -0.859   0.3017      Ca A  3970A  -1.173   0.1461      Ca B 2.469m  -2.980   0.0023      Fe 2  2400A  -0.352   0.9688            
 SPR2 350.0m  -1.289   0.1120      Ca A  3889A  -1.287   0.1125      Ca B 2.448m  -3.041   0.0020      Fe 2  6200A  -2.620   0.0052            
 SPR3 500.0m  -1.665   0.0471      Ca A  3835A  -1.378   0.0913      Ca B 2.431m  -3.102   0.0017      Fe 2  1080A  -3.079   0.0018            
 PAC1 70.00m  -0.150   1.5407      Ca A  3798A  -1.451   0.0772      Ca B 2.416m  -3.162   0.0015      Fe 2 1.150m  -3.130   0.0016            
 PAC2 100.0m  -0.039   1.9901      Ca A  3771A  -1.511   0.0672      Ca B 2.403m  -3.219   0.0013      Fe 2  2500A  -3.253   0.0012            
 PAC3 160.0m  -0.183   1.4309      Ca A  3750A  -1.561   0.0598      Ca B 2.392m  -3.276   0.0012      Fe 2 25.98m  -2.854   0.0030            
 PAH  3.300m  -0.716   0.4194      Ca A  3734A  -1.605   0.0541      Ca B 2.382m  -3.330   0.0010      Fe 2 1.257m  -2.205   0.0136            
 PAHC 3.230m  -0.987   0.2244      Ca A  3722A  -1.645   0.0493      Ca B 12.37m  -2.370   0.0093      Fe 2 35.34m  -3.271   0.0012            
 PAHC 3.370m  -1.064   0.1879      Ca A  3712A  -1.687   0.0448      Ca B 7.500m  -2.492   0.0070      Fe 2 1.321m  -2.783   0.0036            
 PAH  6.200m  -0.929   0.2565      Ca A  3704A  -1.734   0.0402      Ca B 5.907m  -2.605   0.0054      Fe 2  7638A  -2.741   0.0040            
 PAHC 5.650m  -0.843   0.3124      Ca A  3697A  -1.785   0.0358      Ca B 5.127m  -2.700   0.0043      Fe 2 1.372m  -3.007   0.0021            
 PAH  7.900m  -0.855   0.3041      Ca A  3692A  -1.838   0.0316      Ca B 4.671m  -2.781   0.0036      Fe 2 1.294m  -2.770   0.0037            
 PAHC 6.900m  -0.759   0.3796      Ca A  3687A  -1.894   0.0278      Ca B 4.375m  -2.851   0.0031      Fe 2  7687A  -2.934   0.0025            
 PAH  11.30m  -1.501   0.0687      Ca A  3683A  -1.950   0.0244      Ca B 4.170m  -2.914   0.0027      Fe 2 1.328m  -3.016   0.0021            
 PAHC 10.90m  -1.510   0.0674      Ca A  3679A  -2.007   0.0215      Ca B 4.020m  -2.973   0.0023      Fe 2 1.279m  -2.883   0.0029            
 PAH  11.80m  -1.300   0.1092      Ca A  3676A  -2.062   0.0189      Ca B 3.906m  -3.032   0.0020      Fe 2  7665A  -3.301   0.0011            
 PAHC 12.65m  -1.279   0.1145      Ca A  3674A  -2.116   0.0167      Ca B 3.818m  -3.092   0.0018      Fe 2 1.298m  -3.247   0.0012            
 PAH  13.30m  -1.277   0.1151      Ca A  3671A  -2.169   0.0148      Ca B 3.748m  -3.153   0.0015      Fe 2 1.270m  -3.070   0.0019            
 PAHC 14.10m  -1.292   0.1111      Ca A 1.875m  -0.917   0.2635      Ca B 3.692m  -3.215   0.0013      Fe 2 17.93m  -2.516   0.0066            
 Bcon  3640A   2.9652011.5540      Ca A 1.282m  -1.220   0.1311      Ca B 3.645m  -3.276   0.0012      Fe 2 1.644m  -2.278   0.0115            
 Pcon  5000A   2.173 324.1560      Ca A 1.094m  -1.458   0.0759      Ca B 3.606m  -3.337   0.0010      Fe 2 1.533m  -2.715   0.0042            
 nFnu 122.4m  -2.008   0.0214      Ca A 1.005m  -1.637   0.0502      Ca B 19.06m  -2.725   0.0041      Fe 2  8617A  -2.162   0.0150            
 nInu 122.4m   0.369   5.0978      Ca A  9546A  -1.773   0.0367      Ca B 11.31m  -2.815   0.0033      Fe 2 24.51m  -2.993   0.0022            
 nFnu 60.83m  -1.734   0.0402      Ca A  9229A  -1.876   0.0290      Ca B 8.758m  -2.905   0.0027      Fe 2 1.809m  -2.981   0.0023            
 nInu 60.83m   0.322   4.5731      Ca A  9015A  -1.956   0.0241      Ca B 7.506m  -2.984   0.0023      Fe 2 1.677m  -2.855   0.0030            
 nFnu 41.22m  -1.559   0.0601      Ca A  8863A  -2.020   0.0208      Ca B 6.770m  -3.053   0.0019      Fe 2 1.599m  -2.822   0.0033            
 nInu 41.22m   0.211   3.5372      Ca A  8750A  -2.073   0.0184      Ca B 6.290m  -3.115   0.0017      Fe 2  9052A  -2.820   0.0033            
 nFnu 30.87m  -1.438   0.0795      Ca A  8665A  -2.117   0.0166      Ca B 5.955m  -3.173   0.0015      Fe 2  8892A  -2.577   0.0058            
 nInu 30.87m   0.113   2.8272      Ca A  8598A  -2.158   0.0151      Ca B 5.710m  -3.232   0.0013      Fe 2 1.800m  -3.026   0.0020            
 nFnu 24.78m  -1.344   0.0986      Ca A  8545A  -2.201   0.0137      Ca B 5.524m  -3.291   0.0011      Fe 2 1.664m  -3.110   0.0017            
 nInu 24.78m   0.038   2.3790      Ca A  8502A  -2.247   0.0123      Ca B 27.80m  -3.026   0.0021      Fe 2  9227A  -2.833   0.0032            
 nFnu 24.30m  -1.336   0.1004      Ca A  8467A  -2.298   0.0110      Ca B 16.20m  -3.091   0.0018      Fe 2  9033A  -3.050   0.0019            
 nInu 24.30m   0.031   2.3419      Ca A  8438A  -2.352   0.0097      Ca B 12.38m  -3.163   0.0015      Fe 2 1.797m  -3.177   0.0014            
 nFnu 22.83m  -1.309   0.1069      Ca A  8413A  -2.408   0.0085      Ca B 10.50m  -3.230   0.0013      Fe 2  9268A  -2.944   0.0025            
 nInu 22.83m   0.011   2.2342      Ca A  8392A  -2.464   0.0075      Ca B 9.389m  -3.291   0.0011      Fe2b  7000A  -2.439   0.0079            
 nFnu 21.42m  -1.283   0.1135      Ca A  8374A  -2.520   0.0066      Ca B 38.86m  -3.284   0.0011      Fe2b 10000A  -1.346   0.0981            
 nInu 21.42m  -0.011   2.1232      Ca A  8359A  -2.575   0.0058      Ca B 22.33m  -3.331   0.0010      Fe2b  7445A  -2.439   0.0079            
 nFnu 21.12m  -1.277   0.1150      Ca A  8346A  -2.630   0.0051      H  1  1216A   1.206  35.0432      Fe2b  8625A  -1.825   0.0326            
 nInu 21.12m  -0.016   2.0983      Ca A  8334A  -2.683   0.0045      H  1  1026A  -1.276   0.1154      Fe2b 1.889m  -2.396   0.0088            
 nFnu 19.62m  -1.245   0.1238      Ca A 4.051m  -1.549   0.0615      H  1 972.5A  -1.769   0.0371      Fe 2  1786A  -1.736   0.0400            
 nInu 19.62m  -0.037   2.0003      Ca A 2.625m  -1.781   0.0361      H  1 949.7A  -1.832   0.0321      recombination...............            
 nFnu 17.65m  -1.197   0.1384      Ca A 2.166m  -1.974   0.0231      H  1 937.8A  -2.016   0.0210      C  1 1.069m  -2.838   0.0032            
 nInu 17.65m  -0.055   1.9193      Ca A 1.945m  -2.122   0.0164      H  1 930.8A  -2.144   0.0156      C  1  1140A  -1.610   0.0535            
 nFnu 17.37m  -1.191   0.1403      Ca A 1.817m  -2.234   0.0127      H  1 926.2A  -2.210   0.0134      level2 lines................            
 nInu 17.37m  -0.057   1.9085      Ca A 1.736m  -2.319   0.0105      H  1 923.2A  -2.224   0.0130      C  1 943.9A  -1.590   0.0560            
 nFnu 15.69m  -1.152   0.1534      Ca A 1.681m  -2.385   0.0090      H  1 921.0A  -2.232   0.0128      C  1  1248A  -1.531   0.0641            
 nInu 15.69m  -0.074   1.8382      Ca A 1.641m  -2.439   0.0079      H  1  6563A   0.110   2.8067      C  1  1561A  -1.737   0.0399            
 nFnu 14.60m  -1.119   0.1657      Ca A 1.611m  -2.484   0.0072      H  1  4861A  -0.338   1.0000      C  1  1315A  -1.558   0.0603            
 nInu 14.60m  -0.085   1.7905      Ca A 1.588m  -2.525   0.0065      H  1  4340A  -0.601   0.5464      C  1  1166A  -1.640   0.0499            
 nFnu 12.43m  -1.048   0.1950      Ca A 1.570m  -2.568   0.0059      H  1  4102A  -0.801   0.3444      C  1  1233A  -1.605   0.0540            
 nInu 12.43m  -0.112   1.6829      Ca A 1.556m  -2.614   0.0053      H  1  3970A  -0.964   0.2368      C  1  1132A  -1.724   0.0411            
 nFnu 11.40m  -1.017   0.2096      Ca A 1.544m  -2.665   0.0047      H  1  3889A  -1.083   0.1799      C  1  1251A  -1.725   0.0410            
 nInu 11.40m  -0.126   1.6301      Ca A 1.534m  -2.719   0.0042      H  1  3835A  -1.156   0.1521      C  1  1112A  -1.760   0.0379            
 nFnu 10.46m  -0.975   0.2308      Ca A 1.526m  -2.775   0.0037      H  1  3798A  -1.204   0.1363      C  1  1115A  -1.788   0.0355            
 nInu 10.46m  -0.140   1.5789      Ca A 1.519m  -2.831   0.0032      H  1 1.875m  -0.850   0.3076      C  1  1162A  -1.856   0.0303            
 nFnu 9.480m  -0.940   0.2504      Ca A 1.513m  -2.887   0.0028      H  1 1.282m  -1.115   0.1673      C  1  1167A  -1.990   0.0223            
 nInu 9.480m  -0.136   1.5931      Ca A 1.508m  -2.943   0.0025      H  1 1.094m  -1.320   0.1044      C  1  1104A  -1.901   0.0274            
 nFnu 9.325m  -0.934   0.2534      Ca A 1.504m  -2.997   0.0022      H  1 1.005m  -1.482   0.0718      C  1  1109A  -1.910   0.0268            
 nInu 9.325m  -0.132   1.6069      Ca A 1.500m  -3.050   0.0019      H  1  9546A  -1.600   0.0547      C  1  1130A  -2.080   0.0181            
 nFnu 8.210m  -0.876   0.2901      Ca A 7.458m  -2.066   0.0187      H  1  9229A  -1.672   0.0463      C  1  1098A  -2.022   0.0207            
 nInu 8.210m  -0.087   1.7847      Ca A 4.653m  -2.246   0.0124      H  1  9015A  -1.719   0.0416      C  1  1132A  -2.039   0.0199            
 nFnu 7.580m  -0.849   0.3081      Ca A 3.740m  -2.398   0.0087      H  1 4.051m  -1.514   0.0667      C  1  1106A  -2.090   0.0177            
 nInu 7.580m  -0.046   1.9585      Ca A 3.296m  -2.515   0.0067      H  1 2.625m  -1.700   0.0434      C  1  1093A  -2.193   0.0140            
 nFnu 7.050m  -0.807   0.3395      Ca A 3.038m  -2.602   0.0054      H  1 2.166m  -1.858   0.0302      C  1  1110A  -2.234   0.0127            
 nInu 7.050m  -0.004   2.1591      Ca A 2.872m  -2.670   0.0047      H  1 1.945m  -1.973   0.0232      C  1  1114A  -2.251   0.0122            
 nFnu 4.114m  -0.596   0.5518      Ca A 2.758m  -2.725   0.0041      H  1 1.817m  -2.043   0.0197      C  1  1115A  -2.260   0.0120            
 nInu 4.114m   0.518   7.1747      Ca A 2.674m  -2.770   0.0037      H  1 1.736m  -2.089   0.0177      C  1  1090A  -2.311   0.0106            
 nFnu 2.324m  -0.479   0.7224      Ca A 2.612m  -2.811   0.0034      H  1 7.458m  -2.028   0.0204      C  1  1104A  -2.422   0.0082            
 nInu 2.324m   1.117  28.5317      Ca A 2.564m  -2.854   0.0030      H  1 4.653m  -2.160   0.0151      C  1  1104A  -2.430   0.0081            
 nFnu 1.643m  -0.399   0.8683      Ca A 2.525m  -2.901   0.0027      H  1 3.740m  -2.268   0.0117      C  1  1098A  -2.574   0.0058            
 nInu 1.643m   1.518  71.8027      Ca A 2.495m  -2.952   0.0024      H  1 3.296m  -2.335   0.0101      C  1  1097A  -2.590   0.0056            
 nFnu 1.480m  -0.334   1.0100      Ca A 2.469m  -3.006   0.0022      H  1 3.038m  -2.379   0.0091      C  1  1093A  -2.793   0.0035            
 nInu 1.480m   1.582  83.2721      Ca A 2.448m  -3.061   0.0019      H  1 12.37m  -2.437   0.0080      C  1  1093A  -2.778   0.0036            
 nFnu 1.436m  -0.059   1.9013      Ca A 2.431m  -3.117   0.0017      H  1 7.500m  -2.519   0.0066      C  1  1090A  -2.927   0.0026            
 nInu 1.436m   1.607  88.1029      Ca A 2.416m  -3.173   0.0015      H  1 5.907m  -2.579   0.0057      C  1  1090A  -2.912   0.0027            
 nFnu 1.119m   0.054   2.4643      Ca A 2.403m  -3.229   0.0013      H  1 5.127m  -2.620   0.0052      C  2 892.8A  -3.062   0.0019            
 nInu 1.119m   1.774 129.4675      Ca A 2.392m  -3.283   0.0011      H  1 19.06m  -2.761   0.0038      C  2  1020A  -1.537   0.0632            
 nFnu  8330A   0.074   2.5854      Ca A 2.382m  -3.336   0.0010      H  1 11.31m  -2.794   0.0035      N  1 942.3A  -1.864   0.0298            
 nInu  8330A   1.931 185.6808      Ca A 12.37m  -2.499   0.0069      H  1 8.758m  -2.827   0.0032      N  1 952.1A  -1.818   0.0332            
 nFnu  8079A   0.428   5.8348      Ca A 7.500m  -2.634   0.0051      H  1 27.80m  -3.009   0.0021      N  1  1131A  -1.849   0.0309            
 nInu  8079A   1.956 197.0374      Ca A 5.907m  -2.749   0.0039      H  1 16.20m  -3.016   0.0021      O  1 867.3A  -3.212   0.0013            
 nFnu  6210A   0.168   3.2042      Ca A 5.127m  -2.837   0.0032      H  1 38.86m  -3.212   0.0013      O  1 976.8A  -1.975   0.0231            
 nInu  6210A   2.143 302.7552      Ca A 4.671m  -2.905   0.0027      He-like iso-sequence........      O  1 969.0A  -1.735   0.0401            
 nFnu  4885A  -0.188   1.4141      Ca A 4.375m  -2.960   0.0024      Clin 506.0A  -3.096   0.0017      O  1 946.4A  -1.806   0.0341            
 nInu  4885A   2.293 428.0298      Ca A 4.170m  -3.005   0.0022      Hlin 506.0A  -3.147   0.0016      O  1 934.5A  -1.992   0.0222            
 nFnu  3704A  -0.775   0.3658      Ca A 4.020m  -3.047   0.0020      Ca B  3188A  -3.251   0.0012      O  1 973.6A  -2.233   0.0127            
 nInu  3704A   2.394 539.5608      Ca A 3.906m  -3.089   0.0018      Ca B  3889A  -2.833   0.0032      O  1 927.5A  -2.172   0.0147            
 nFnu  3588A   1.009  22.2377      Ca A 3.818m  -3.136   0.0016      Ca B  4471A  -3.144   0.0016      O  1 948.5A  -2.146   0.0156            
 nInu  3588A   2.393 539.0071      Ca A 3.748m  -3.187   0.0014      Ca B  5876A  -2.667   0.0047      O  1 923.0A  -2.366   0.0094            
 nFnu  2430A  -0.526   0.6487      Ca A 3.692m  -3.241   0.0013      Ca B  6678A  -3.211   0.0013      O  1 919.9A  -2.587   0.0056            
 nInu  2430A   2.6661009.3423      Ca A 3.645m  -3.296   0.0011      Ca B 1.083m  -1.640   0.0499      O  1 935.7A  -2.437   0.0080            
 nFnu  2392A  -0.597   0.5504      Ca A 19.06m  -2.861   0.0030      Ca B 2.058m  -2.590   0.0056      O  1 917.7A  -2.701   0.0043            
 nInu  2392A   2.6711020.3956      Ca A 11.31m  -2.955   0.0024      He 1 584.3A  -2.290   0.0112      O  1 918.7A  -2.798   0.0035            
 nFnu  2071A  -1.134   0.1601      Ca A 8.758m  -3.039   0.0020      He 1 537.0A  -3.231   0.0013      O  1 928.2A  -2.686   0.0045            
 nInu  2071A   2.7721289.8174      Ca A 7.506m  -3.106   0.0017      He 1 522.2A  -3.246   0.0012      O  1 917.5A  -2.899   0.0027            
 nFnu  2053A  -1.181   0.1437      Ca A 6.770m  -3.160   0.0015      He 1 515.6A  -3.285   0.0011      O  1 923.4A  -2.926   0.0026            
 nInu  2053A   2.7681276.7231      Ca A 6.290m  -3.206   0.0014      TOTL 1.083m  -1.875   0.0290      O  1 920.2A  -3.176   0.0015            
 nFnu  1793A  -1.621   0.0521      Ca A 5.955m  -3.247   0.0012      He 1 1.083m  -1.875   0.0290      O  1 918.0A  -3.309   0.0011            
 nInu  1793A   2.8561564.0431      Ca A 5.710m  -3.289   0.0011      He 1 1.083m  -2.830   0.0032      Mg 2 959.3A  -3.278   0.0011            
 nFnu  1585A  -1.565   0.0594      Ca A 5.524m  -3.336   0.0010      He 1 1.083m  -2.353   0.0097      Al 2  1671A  -1.825   0.0326            
 nInu  1585A   2.8491538.5198      Ca A 27.80m  -3.163   0.0015      He 1 1.083m  -2.131   0.0161      Si 1  1261A  -2.225   0.0130            
 nFnu  1458A  -0.841   0.3144      Ca A 16.20m  -3.223   0.0013      He 1  3889A  -2.969   0.0023      Si 1  1853A  -2.331   0.0102            
 nInu  1458A   2.9501941.2988      Ca A 12.38m  -3.285   0.0011      He 1 2.058m  -3.200   0.0014      Si 1  1694A  -2.464   0.0075            
 nFnu  1357A  -1.237   0.1262      Ca A 10.50m  -3.337   0.0010      He 1  5876A  -2.751   0.0039      Si 1  1626A  -2.719   0.0042            
 nInu  1357A   3.0132245.9216      Ca B  6563A   0.157   3.1265      He 1  4471A  -3.246   0.0012      Si 1  1091A  -2.741   0.0040            
 nFnu  1297A  -1.317   0.1050      Ca B  4861A  -0.277   1.1525      He 1  6678A  -3.290   0.0011      Si 1  2000A  -2.919   0.0026            
 nInu  1297A   2.9842100.0164      Ca B  4340A  -0.576   0.5783      Pho+  3889A  -1.157   0.1519      Si 1  1591A  -2.934   0.0025            
 nFnu  1263A  -1.154   0.1526      Ca B  4102A  -0.793   0.3509      database lines..............      Si 1  1668A  -3.073   0.0018            
 nInu  1263A   3.0112236.3899      Ca B  3970A  -0.958   0.2397      level 1 lines...............      Si 1  1570A  -3.175   0.0015            
 nFnu  1218A   1.242  38.0543      Ca B  3889A  -1.092   0.1763      C  1  1656A  -1.232   0.1277      Si 1  1616A  -3.158   0.0015            
 nInu  1218A   2.8791650.3402      Ca B  3835A  -1.203   0.1366      REC   1656A  -1.485   0.0713      Si 1  1834A  -3.148   0.0015            
 nFnu  1196A  -0.236   1.2640      Ca B  3798A  -1.296   0.1102      C Ic  9850A  -2.562   0.0060      Si 2  1180A  -1.608   0.0538            
 nInu  1196A   2.9431909.1317      Ca B  3771A  -1.376   0.0916      TOTL  9850A  -2.562   0.0060      Si 2 993.4A  -1.887   0.0282            
 nFnu  1175A  -0.522   0.6550      Ca B  3750A  -1.447   0.0779      C  1  8727A  -1.240   0.1253      Si 2  1024A  -2.312   0.0106            
 nInu  1175A   2.8231448.5867      Ca B  3734A  -1.510   0.0674      TOTL  2326A  -1.906   0.0270      S  1  1356A  -2.613   0.0053            
 nFnu  1144A  -0.781   0.3608      Ca B  3722A  -1.569   0.0588      C  2  2325A  -2.838   0.0032      S  1  1227A  -2.780   0.0036            
 nInu  1144A   3.0502444.5540      Ca B  3712A  -1.628   0.0513      C  2  2329A  -2.819   0.0033      S  1  1662A  -2.865   0.0030            
 nFnu  1113A  -0.976   0.2304      Ca B  3704A  -1.688   0.0446      C  2  2328A  -2.654   0.0048      S  1  1392A  -3.257   0.0012            
 nInu  1113A   3.0362364.4985      Ca B  3697A  -1.750   0.0387      C  2  2327A  -2.160   0.0151      S  1  1265A  -3.332   0.0010            
 nFnu  1103A   0.111   2.8159      Ca B  3692A  -1.812   0.0336      C  2  1335A  -1.482   0.0717      Ar 1  1096A  -2.024   0.0206            
 nInu  1103A   3.0592493.8210      Ca B  3687A  -1.874   0.0291      N  1 953.9A  -1.812   0.0336      Ar 1 922.5A  -2.718   0.0042            
 nFnu  1074A  -0.157   1.5171      Ca B  3683A  -1.935   0.0253      N  1 954.1A  -2.488   0.0071      Ar 1 918.5A  -2.857   0.0030            
 nInu  1074A   3.0502443.8354      Ca B  3679A  -1.995   0.0221      N  1  1200A  -1.568   0.0589      P  2  1154A  -3.019   0.0021            
 nFnu  1064A  -0.264   1.1853      Ca B  3676A  -2.053   0.0193      N  1 1.040m  -2.945   0.0025      P  2 967.2A  -2.819   0.0033            
 nInu  1064A   3.0312339.9019      Ca B  3674A  -2.109   0.0170      N  1 1.041m  -3.294   0.0011      P  2 963.8A  -2.402   0.0086            
 nFnu  1036A  -0.527   0.6471      Ca B  3671A  -2.163   0.0150      N  1 1.041m  -3.311   0.0011      Ti 2  3366A  -1.904   0.0271            
 nInu  1036A   2.9882117.7654      Ca B 1.875m  -0.791   0.3528      TOTL 1.040m  -2.611   0.0053      Ti 2  3238A  -2.219   0.0132            
 nFnu  1000A  -0.861   0.3003      Ca B 1.282m  -1.073   0.1843      N  2  1085A  -2.917   0.0026      Cr 1  4271A  -2.578   0.0058            
 nInu  1000A   2.9852102.3911      Ca B 1.094m  -1.292   0.1112      O  1  6300A  -1.328   0.1023      Cr 1  3591A  -2.591   0.0056            
 nFnu 925.1A  -1.135   0.1598      Ca B 1.005m  -1.463   0.0750      O  1  6363A  -1.825   0.0326      Cr 2  2060A  -2.771   0.0037            
 nInu 925.1A   2.7441207.0734      Ca B  9546A  -1.601   0.0546      O  1  5577A  -2.414   0.0084      Mn 2  2590A  -2.109   0.0170            
 nFnu 897.8A   1.295  42.9346      Ca B  9229A  -1.714   0.0421      O  1 63.17m  -3.142   0.0016      Mn 2  1199A  -2.878   0.0029            
 nInu 897.8A  -2.443   0.0079      Ca B  9015A  -1.809   0.0338      Na 1  5892A  -0.856   0.3033      Ni 2  1752A  -2.631   0.0051            
 nFnu 760.0A  -1.011   0.2122      Ca B  8863A  -1.890   0.0281      Mg 1  4561A  -2.919   0.0026      Ni 2  1744A  -2.474   0.0073            
 nInu 760.0A  -1.025   0.2057      Ca B  8750A  -1.960   0.0239      Mg 1  2853A  -2.066   0.0187      Ni 2  1485A  -3.153   0.0015            
 nFnu 701.5A  -1.981   0.0227      Ca B  8665A  -2.023   0.0206      Mg 1  2026A  -2.824   0.0033      Ni 2  1473A  -2.769   0.0037            
 nInu 701.5A  -0.640   0.4992      Ca B  8598A  -2.083   0.0180      TOTL  2798A  -0.173   1.4616      Ni 2  1400A  -2.981   0.0023            
 nInu 608.2A  -0.087   1.7841      Ca B  8545A  -2.142   0.0157      Mg 2  2796A  -0.356   0.9601      Ni 2  1376A  -2.470   0.0074            
 nFnu 575.1A  -2.617   0.0053      Ca B  8502A  -2.202   0.0137      Mg 2  2803A  -0.638   0.5015      Ni 2  1324A  -2.401   0.0087            
 nInu 575.1A   0.106   2.7812      Ca B  8467A  -2.264   0.0119      totl  2665A  -1.958   0.0240      Zn 1  2139A  -3.144   0.0016            
 nInu 511.9A   0.277   4.1209      Ca B  8438A  -2.326   0.0103      Al 2  2670A  -1.958   0.0240      hyperfine structure.........            
 nFnu 496.9A  -0.602   0.5450      Ca B  8413A  -2.388   0.0089      Si 1  2518A  -2.416   0.0084      inner shell.................            
 nInu 496.9A  -0.801   0.3448      Ca B  8392A  -2.448   0.0078      Si 1  2215A  -2.923   0.0026      molecules...................            
 nInu 399.2A  -0.380   0.9081      Ca B  8374A  -2.508   0.0068      TOTL  2335A  -2.096   0.0175      H-CT  6563A  -0.134   1.5993            
 RRC.........................      Ca B  8359A  -2.566   0.0059      Si 2  2334A  -3.084   0.0018            
 grains......................      Ca B  8346A  -2.622   0.0052      Si 2  2350A  -3.196   0.0014            
 H-like iso-sequence.........      Ca B  8334A  -2.677   0.0046      Si 2  2344A  -2.578   0.0058            



                                                                           
 Cooling:  HFBc     0 :0.093 HFFc     0 :0.096 Ca2K  3934A:0.174 Ca2H  3969A:0.097 Fe2c     0 :0.113 H-FB     0 :0.070  
 Heating:  BFH1     0 :0.930  

 These are some of the most important databases used by Cloudy:
 Many recombination coefficients were taken from http://amdpp.phys.strath.ac.uk/tamoc/RR/ and http://amdpp.phys.strath.ac.uk/tamoc/DR/
      and are based on the following papers:
        Badnell N. R., et al., A&A 406, 1151 (2003) [http://adsabs.harvard.edu/abs/2003A%26A...406.1151B]
        Badnell N. R., ApJS 167, 334 (2006) [http://adsabs.harvard.edu/abs/2006ApJS..167..334B]
 Much of the molecular emission data is from LAMDA as accessed on Dec. 18, 2010. This database is described in:
        Schoeier F.L., et al., A&A 432, 369 (2005) [http://adsabs.harvard.edu/abs/2005A%26A...432..369S]
      This database is in part based on the work of the following groups:
        JPL: Pickett H. M. et al., JQSRT, 60, 883 (1998). [http://adsabs.harvard.edu/abs/1998JQSRT..60..883P]
        CDMS: Mueller H. S. et al., A&A 370, L49 (2001). [http://adsabs.harvard.edu/abs/2001A%26A...370L..49M]
              Mueller H. S. et al., J. Mol. Struct. 742, 215 (2005). [http://adsabs.harvard.edu/abs/2005JMoSt.742..215M]
 Much of the ionic emission data is from version 7.0 of CHIANTI. CHIANTI is a collaborative project involving the NRL (USA), the
      Universities of Florence (Italy) and Cambridge (UK), and George Mason University (USA). These papers describe Chianti:
        Dere K. P., et al., A&AS, 125, 149 (1997) [http://adsabs.harvard.edu/abs/1997A%26AS..125..149D]
        Landi E., et al., ApJ, 744, 99 (2012) [http://adsabs.harvard.edu/abs/2012ApJ...744...99L]
 Much of the H_2 data is from this web site: http://molat.obspm.fr/index.php?page=pages/Molecules/H2/H2can94.php. These data are
      described in:
        Abgrall H. et al., Can. J. Phys., 72, 856 (1994) [http://adsabs.harvard.edu/abs/1994CaJPh..72..856A]
        Wrathmall S. A. & Flower D. R., J. Phys. B, 40, 3221 (2007) [http://adsabs.harvard.edu/abs/2007JPhB...40.3221W]
 Please cite those papers that played a significant role in this calculation.

 IONIZE PARMET:  U(1-) -8.4768  U(4-):-11.0066  U(sp): -8.48  Q(ion):   10.361  L(ion)  0.111    Q(low): 14.572    L(low)  3.047
 ENERGY BUDGET:  Heat:   0.724  Coolg:   0.724  Error:  0.1%  Rec Lin:  -1.111  F-F  H  0.000    P(rad/tot)max     2.09E-07

     Col(Heff):      0.000E+00  snd travl time  3.01E+02 sec  Te-low: 3.99E+03  Te-hi: 4.99E+03  G0TH85: 4.26E+05  G0DB96:4.44E+05
  Emiss Measure    n(e)n(p) dl       1.929E+24  n(e)n(He+)dl         4.455E+21  En(e)n(He++) dl         2.282E+16  ne nC+:1.93E+22
 He/Ha:2.86E-03  =   0.03*true  Lthin:3.88E+01  itr/zn:13.41  H2 itr/zn:  0.00  File Opacity: F  MassTot 3.70e-06  (gm/cm^2)
   Temps(21 cm)   T(21cm/Ly a)  4.17E+03        T(<nH/Tkin>)  4.41E+03          T(<nH/Tspin>)    4.42E+03          TB21cm:5.85E-02
                   N(H0/Tspin)  3.66E+14        N(OH/Tkin)    1.48E+07          B(21cm)          0.00E+00
   <a>:2.94E-04  erdeFe0.0E+00  Tcompt1.68E+01  Tthr1.66E+06  <Tden>: 4.43E+03  <dens>:2.27E-14  <MolWgt>1.25E+00
     Mean Jeans  l(cm)2.47E+16  M(sun)8.96E+01  smallest:     len(cm):2.34E+16  M(sun):7.68E+01  a_ox tran:  0.00
 Rion:1.000E+30  Dist:0.00E+00  Diam:0.000E+00
 Hatom level 70  HatomType: add  HInducImp  F  He tot level: 63  He2 level:   70  ExecTime   348.6
 ConvrgError(%)  <eden>  0.263  MaxEden  0.868  <H-C>   0.18  Max(H-C)    0.49  <Press>   0.000  MaxPrs er  0.000
  Continuity(%)  chng Te   0.5  elec den   5.2  n(H2)    0.0  n(CO)        6.4

                                                        Averaged Quantities
             Te      Te(Ne)   Te(NeNp)  Te(NeHe+)Te(NeHe2+) Te(NeO+)  Te(NeO2+)  Te(H2)     N(H)     Ne(O2+)   Ne(Np)
 Radius:  4.43e+03  4.62e+03  4.74e+03  4.61e+03  4.51e+03  4.74e+03  4.76e+03  4.24e+03  1.00e+10  1.51e+08  1.39e+08

 Contin Optical Depths: COMP: 9.55e-09    H-: 1.88e-06 R(1300): 1.09e-05  H2+: 1.68e-08  Pfa:9.60E-09
                          Pa: 9.56e-09    Ba: 1.72e-06      Hb: 1.33e-06   La: 2.34e-02     1r:1.022E+01  1.8:3.05E+00 4.:4.453E-01

 Old, new H  1 continuum optical depths:
     1 1.02e+01     2 9.61e-07     3 1.89e-06     4 1.89e-06     5 1.89e-06     6 4.69e-07     7 4.69e-07     8 4.69e-07
     9 4.69e-07    10 1.45e-11    11 1.45e-11    12 1.45e-11    13 1.45e-11    14 1.45e-11    15 3.28e-11    16 3.28e-11
    17 3.28e-11    18 3.28e-11    19 3.28e-11    20 3.28e-11    21 6.49e-11    22 6.49e-11    23 6.49e-11    24 6.49e-11
    25 6.49e-11    26 6.49e-11    27 6.49e-11    28 1.16e-10    29 1.16e-10    30 1.16e-10    31 1.16e-10    32 1.16e-10
    33 1.16e-10    34 1.16e-10    35 1.16e-10    36 1.93e-10    37 1.93e-10    38 1.93e-10    39 1.93e-10    40 1.93e-10
    41 1.93e-10    42 1.93e-10    43 1.93e-10    44 1.93e-10    45 3.03e-10    46 3.03e-10    47 3.03e-10    48 3.03e-10
    49 3.03e-10    50 3.03e-10    51 3.03e-10    52 3.03e-10    53 3.03e-10    54 3.03e-10
     1 1.02e+01     2 9.61e-07     3 1.89e-06     4 1.89e-06     5 1.89e-06     6 4.69e-07     7 4.69e-07     8 4.69e-07
     9 4.69e-07    10 1.45e-11    11 1.45e-11    12 1.45e-11    13 1.45e-11    14 1.45e-11    15 3.28e-11    16 3.28e-11
    17 3.28e-11    18 3.28e-11    19 3.28e-11    20 3.28e-11    21 6.49e-11    22 6.49e-11    23 6.49e-11    24 6.49e-11
    25 6.49e-11    26 6.49e-11    27 6.49e-11    28 1.16e-10    29 1.16e-10    30 1.16e-10    31 1.16e-10    32 1.16e-10
    33 1.16e-10    34 1.16e-10    35 1.16e-10    36 1.93e-10    37 1.93e-10    38 1.93e-10    39 1.93e-10    40 1.93e-10
    41 1.93e-10    42 1.93e-10    43 1.93e-10    44 1.93e-10    45 3.04e-10    46 3.04e-10    47 3.04e-10    48 3.04e-10
    49 3.04e-10    50 3.04e-10    51 3.04e-10    52 3.04e-10    53 3.04e-10    54 3.04e-10

 Old, new H  1 mean line optical depths:
  2- 1 2.54e+05  3- 2 1.75e-04  4- 3 2.13e-08  5- 4 1.32e-08  6- 5 4.17e-09  7- 6 6.92e-09  8- 7 1.09e-08
  9- 8 7.24e-09 10- 9 1.79e-08
  2- 1 2.54e+05  3- 2 1.72e-04  4- 3 2.13e-08  5- 4 1.32e-08  6- 5 4.17e-09  7- 6 6.92e-09  8- 7 1.09e-08
  9- 8 7.24e-09 10- 9 1.79e-08

 Old, new He 2 continuum optical depths:
     1 4.44e-01     2 1.01e+01     3 5.86e-07     4 5.86e-07     5 5.86e-07     6 9.61e-07     7 9.61e-07     8 9.61e-07
     9 9.61e-07    10 1.53e-06    11 1.53e-06    12 1.53e-06    13 1.53e-06    14 1.53e-06    15 1.89e-06    16 1.89e-06
    17 1.89e-06    18 1.89e-06    19 1.89e-06    20 1.89e-06    21 1.59e-06    22 1.59e-06    23 1.59e-06    24 1.59e-06
    25 1.59e-06    26 1.59e-06    27 1.59e-06    28 4.69e-07    29 4.69e-07    30 4.69e-07    31 4.69e-07    32 4.69e-07
    33 4.69e-07    34 4.69e-07    35 4.69e-07    36 8.67e-12    37 8.67e-12    38 8.67e-12    39 8.67e-12    40 8.67e-12
    41 8.67e-12    42 8.67e-12    43 8.67e-12    44 8.67e-12    45 1.45e-11    46 1.45e-11    47 1.45e-11    48 1.45e-11
    49 1.45e-11    50 1.45e-11    51 1.45e-11    52 1.45e-11    53 1.45e-11    54 1.45e-11
     1 4.45e-01     2 1.01e+01     3 5.86e-07     4 5.86e-07     5 5.86e-07     6 9.61e-07     7 9.61e-07     8 9.61e-07
     9 9.61e-07    10 1.53e-06    11 1.53e-06    12 1.53e-06    13 1.53e-06    14 1.53e-06    15 1.89e-06    16 1.89e-06
    17 1.89e-06    18 1.89e-06    19 1.89e-06    20 1.89e-06    21 1.59e-06    22 1.59e-06    23 1.59e-06    24 1.59e-06
    25 1.59e-06    26 1.59e-06    27 1.59e-06    28 4.69e-07    29 4.69e-07    30 4.69e-07    31 4.69e-07    32 4.69e-07
    33 4.69e-07    34 4.69e-07    35 4.69e-07    36 8.67e-12    37 8.67e-12    38 8.67e-12    39 8.67e-12    40 8.67e-12
    41 8.67e-12    42 8.67e-12    43 8.67e-12    44 8.67e-12    45 1.45e-11    46 1.45e-11    47 1.45e-11    48 1.45e-11
    49 1.45e-11    50 1.45e-11    51 1.45e-11    52 1.45e-11    53 1.45e-11    54 1.45e-11

 Old, new He 2 mean line optical depths:
  2- 1 3.92e+00  3- 2 3.19e-12  4- 3 4.70e-16  5- 4 1.45e-16  6- 5 2.00e-16  7- 6 8.83e-16  8- 7 1.35e-15
  9- 8 2.95e-16 10- 9 1.81e-18
  2- 1 3.92e+00  3- 2 2.91e-12  4- 3 4.31e-16  5- 4 1.39e-16  6- 5 1.94e-16  7- 6 8.71e-16  8- 7 1.34e-15
  9- 8 2.92e-16 10- 9 1.92e-18

 Old He Is optical depths:    1 3.05e+00    2 6.41e-07    3 7.95e-07    4 8.94e-07    5 8.94e-07
 New He Is optical depths:    1 3.05e+00    2 6.41e-07    3 7.95e-07    4 8.94e-07    5 8.94e-07
          Old He Is Lines:  584 1.38e+04 3889 2.63e-04 5016 1.02e-05 5876 1.29e-09
          New He Is Lines:  584 1.38e+04 3889 2.63e-04 5016 1.02e-05 5876 1.29e-09

==== H      compounds ====           Log10 column densities [cm^-2}
   H2        : 13.727   H2*       : 11.943   H2+       :  9.380   H3+       :  6.045
==== He     compounds ====
   HeH+      :  8.771
==== Li     compounds ====
   LiH       :  0.587   LiH+      : -0.720
==== C      compounds ====
   CH        :  9.300   CH+       :  8.596   CH2       :  5.591   CH2+      :  4.755   CH3       :  1.146   CH3+      :  1.067   CH4       : -2.639   CH4+      : -4.515
   CH5+      : -9.237   C2        :  5.985   C2+       :  5.859   C2H       :  2.749   C2H+      :  2.178   C2H2      : -3.335   C2H2+     : -1.465   C2H3+     : -5.812
   C3        : -2.583   C3+       : -0.331   C3H       : -6.152   C3H+      : -3.561
==== N      compounds ====
   NH        : 10.052   NH+       :  9.278   NH2       :  5.842   NH2+      :  5.729   NH3       :  2.752   NH3+      :  1.654   NH4+      : -4.766   CN        :  9.746
   CN+       :  6.498   HCN       :  7.078   HCN+      :  6.063   HNC       :  0.084   HCNH+     :  2.384   HC3N      :-35.930   N2        :  9.841   N2+       :  6.261
   N2H+      : -0.669
==== O      compounds ====
   OH        : 10.797   OH+       : 10.174   H2O       :  6.604   H2O+      :  6.408   H3O+      :  2.464   CO        : 11.698   CO+       :  7.168   HCO+      :  5.652
   H2CO      :-35.930   CH3OH     :-35.930   ^13CO     : 10.221   NO        :  7.950   NO+       :  6.467   HNO       :  3.359   HNO+      :  2.351   OCN       :  5.161
   OCN+      :  3.363   N2O       :  2.151   O2        :  6.892   O2+       :  7.661   NO2       :  2.329   NO2+      : -0.069
==== Ne     compounds ====
   NeH+      :  5.819
==== Si     compounds ====
   SiH       :  2.428   SiH2+     :  1.019   SiC2      :-35.930   SiN       : -0.400   SiN+      :  6.308   SiO       :  6.479   SiO+      :  6.824   SiOH+     :  2.797
==== S      compounds ====
   HS        :  8.159   HS+       :  7.405   CS        :  4.338   CS+       :  5.350   HCS+      :  2.413   NS        :  4.720   NS+       :  5.728   SO        :  6.183
   SO+       :  6.426   OCS       : -0.111   OCS+      : -1.683   SO2       :-35.930   S2        : -0.661   S2+       : -1.958
==== Cl     compounds ====
   HCl       :  3.554   HCl+      :  7.752   H2Cl+     :  4.238   CCl       : -9.463   CCl+      :  0.574   H2CCl+    :-12.215   ClO       :-11.773   ClO+      :-14.576
==== Ar     compounds ====
   ArH+      :  9.517
==== Ti     compounds ====
   TiH       :-35.930   TiH+      :-35.930   TiH2      :-35.930   TiH2+     :-35.930   TiC       :-35.930   TiC+      :-35.930   HCTi      :-35.930   HCTi+     :-35.930
   TiC2      :-35.930   TiC2+     :-35.930   TiN       :-35.930   TiN+      :-35.930   HNTi      :-35.930   HNTi+     :-35.930   TiNC      :-35.930   TiNC+     :-35.930
   TiO       :-35.930   TiO+      :-35.930   TiOH+     :-35.930   TiO2      :-35.930   TiF+      :-35.930   TiS       :-35.930   TiS+      :-35.930   HTiS      :-35.930


               1      2      3      4      5      6      7      8      9     10     11     12     13     14     15     16     17

 Hydrogen   18.209 16.141 13.734 (H2)                Log10 Column density (cm^-2)
 Helium     17.142 13.703  8.537
 Lithium     6.687  7.127 -2.909-30.000
 Beryllium   7.446  7.050  3.277-30.000-30.000
 Boron       8.288  8.795  1.960-30.000-30.000-30.000
 Carbon     14.243 14.420  9.205-30.000-30.000-30.000-30.000
 Nitrogen   14.041 11.597  3.749-30.000-30.000-30.000-30.000-30.000
 Oxygen     14.899 12.727  5.080-30.000-30.000-30.000-30.000-30.000-30.000
 Fluorine   10.768  8.797  5.074-30.000-30.000-30.000-30.000-30.000-30.000-30.000
 Neon       14.140 11.932  8.217-30.000-30.000-30.000-30.000-30.000-30.000-30.000-30.000
 Sodium     11.372 12.415  8.499-30.000-30.000-30.000-30.000-30.000-30.000-30.000-30.000-30.000
 Magnesium  12.080 13.804 10.049-30.000-30.000-30.000-30.000-30.000-30.000-30.000-30.000-30.000-30.000
 Aluminium   9.386 12.662  8.098-30.000-30.000-30.000-30.000-30.000-30.000-30.000-30.000-30.000-30.000-30.000
 Silicon    12.358 13.704  8.319-30.000-30.000-30.000-30.000-30.000-30.000-30.000-30.000-30.000-30.000-30.000-30.000
 Phosphorus  8.967 11.621  6.953-30.000-30.000-30.000-30.000-30.000-30.000-30.000-30.000-30.000-30.000-30.000-30.000-30.000
 Sulphur    12.151 13.303  9.256-30.000-30.000-30.000-30.000-30.000-30.000-30.000-30.000-30.000-30.000-30.000-30.000-30.000-30.000
 Chlorine    9.804 11.707  7.761-30.000-30.000-30.000-30.000-30.000-30.000-30.000-30.000-30.000-30.000-30.000-30.000-30.000-30.000
-30.000
 Argon      12.605 10.784  7.272-30.000-30.000-30.000-30.000-30.000-30.000-30.000-30.000-30.000-30.000-30.000-30.000-30.000-30.000
-30.000-30.000
 Potassium  10.467 11.162  7.006-30.000-30.000-30.000-30.000-30.000-30.000-30.000-30.000-30.000-30.000-30.000-30.000-30.000-30.000
-30.000-30.000-30.000
 Calcium    12.032 12.390 10.575-30.000-30.000-30.000-30.000-30.000-30.000-30.000-30.000-30.000-30.000-30.000-30.000-30.000-30.000
-30.000-30.000-30.000-30.000
 Scandium    8.835  9.206  6.926-30.000-30.000-30.000-30.000-30.000-30.000-30.000-30.000-30.000-30.000-30.000-30.000-30.000-30.000
-30.000-30.000-30.000-30.000-30.000
 Titanium    7.529 11.162  7.978 -3.868-30.000-30.000-30.000-30.000-30.000-30.000-30.000-30.000-30.000-30.000-30.000-30.000-30.000
-30.000-30.000-30.000-30.000-30.000-30.000
 Vanadium    9.941  9.712  6.787-30.000-30.000-30.000-30.000-30.000-30.000-30.000-30.000-30.000-30.000-30.000-30.000-30.000-30.000
-30.000-30.000-30.000-30.000-30.000-30.000-30.000
 Chromium   11.158 11.755  7.427-30.000-30.000-30.000-30.000-30.000-30.000-30.000-30.000-30.000-30.000-30.000-30.000-30.000-30.000
-30.000-30.000-30.000-30.000-30.000-30.000-30.000-30.000
 Manganese   8.033 11.642  7.598-30.000-30.000-30.000-30.000-30.000-30.000-30.000-30.000-30.000-30.000-30.000-30.000-30.000-30.000
-30.000-30.000-30.000-30.000-30.000-30.000-30.000-30.000-30.000
 Iron        9.847 13.712  9.095-30.000-30.000-30.000-30.000-30.000-30.000-30.000-30.000-30.000-30.000-30.000-30.000-30.000-30.000
-30.000-30.000-30.000-30.000-30.000-30.000-30.000-30.000-30.000-30.000
 Cobalt     11.099 10.528  3.349-30.000-30.000-30.000-30.000-30.000-30.000-30.000-30.000-30.000-30.000-30.000-30.000-30.000-30.000
-30.000-30.000-30.000-30.000-30.000-30.000-30.000-30.000-30.000-30.000-30.000
 Nickel      9.008 12.432  5.157-30.000-30.000-30.000-30.000-30.000-30.000-30.000-30.000-30.000-30.000-30.000-30.000-30.000-30.000
-30.000-30.000-30.000-30.000-30.000-30.000-30.000-30.000-30.000-30.000-30.000-30.000
 Copper     10.088 10.115  5.621-30.000-30.000-30.000-30.000-30.000-30.000-30.000-30.000-30.000-30.000-30.000-30.000-30.000-30.000
-30.000-30.000-30.000-30.000-30.000-30.000-30.000-30.000-30.000-30.000-30.000-30.000-30.000
 Zinc       10.689 10.012  6.808-30.000-30.000-30.000-30.000-30.000-30.000-30.000-30.000-30.000-30.000-30.000-30.000-30.000-30.000
-30.000-30.000-30.000-30.000-30.000-30.000-30.000-30.000-30.000-30.000-30.000-30.000-30.000-30.000
 Exc state    He1*  9.230   CII* 14.241   C11* 13.293   C12* 13.768   C13* 13.986   O11* 14.655   O12* 14.411   O13* 13.924
              Si2* 13.514   C30*  1.302   C31*  1.264   C32*  2.072


 Hydrogen   -0.004 -2.071 -4.178 (H2)                 Log10 Mean Ionisation (over radius)
 Helium     -0.000 -3.439 -8.605
 Lithium    -0.575 -0.134-10.171
 Beryllium  -0.147 -0.543 -4.316
 Boron      -0.625 -0.118 -6.952
 Carbon     -0.399 -0.222 -5.437
 Nitrogen   -0.002 -2.446-10.293
 Oxygen     -0.003 -2.176 -9.823
 Fluorine   -0.005 -1.975 -5.698
 Neon       -0.003 -2.211 -5.925
 Sodium     -1.081 -0.038 -3.954
 Magnesium  -1.733 -0.008 -3.763
 Aluminium  -3.277 -0.000 -4.564
 Silicon    -1.365 -0.019 -5.404
 Phosphorus -2.656 -0.001 -4.669
 Sulphur    -1.182 -0.030 -4.077
 Chlorine   -1.908 -0.005 -3.951
 Argon      -0.007 -1.829 -5.340
 Potassium  -0.775 -0.080 -4.236
 Calcium    -0.521 -0.163 -1.978
 Scandium   -0.526 -0.156 -2.436
 Titanium   -3.633 -0.000 -3.184-15.030
 Vanadium   -0.202 -0.430 -3.356
 Chromium   -0.695 -0.098 -4.426
 Manganese  -3.609 -0.000 -4.044
 Iron       -3.865 -0.000 -4.617
 Cobalt     -0.103 -0.674 -7.853
 Nickel     -3.425 -0.000 -7.276
 Copper     -0.315 -0.288 -4.781
 Zinc       -0.083 -0.760 -3.965

               1      2      3      4      5      6      7      8      9     10     11     12     13     14     15     16     17

 Hydrogen   -0.006 -1.872 -4.445 (H2)         Log10 Mean Ionisation (over radius*electron density)
 Helium     -0.000 -3.438 -8.729
 Lithium    -0.531 -0.151-10.189
 Beryllium  -0.096 -0.704 -4.382
 Boron      -0.487 -0.171 -6.888
 Carbon     -0.300 -0.302 -5.409
 Nitrogen   -0.003 -2.220-10.025
 Oxygen     -0.005 -1.976 -9.588
 Fluorine   -0.005 -1.951 -5.801
 Neon       -0.002 -2.270 -6.100
 Sodium     -1.114 -0.035 -4.078
 Magnesium  -1.647 -0.010 -3.578
 Aluminium  -3.299 -0.000 -4.613
 Silicon    -1.201 -0.028 -5.146
 Phosphorus -2.682 -0.001 -4.568
 Sulphur    -0.987 -0.047 -3.951
 Chlorine   -2.199 -0.003 -3.973
 Argon      -0.012 -1.564 -5.079
 Potassium  -0.857 -0.065 -4.309
 Calcium    -0.401 -0.224 -2.239
 Scandium   -0.409 -0.217 -2.543
 Titanium   -3.669 -0.000 -3.098-14.587
 Vanadium   -0.143 -0.553 -3.317
 Chromium   -0.560 -0.140 -4.179
 Manganese  -3.644 -0.000 -3.794
 Iron       -3.896 -0.000 -4.356
 Cobalt     -0.068 -0.838 -7.760
 Nickel     -3.456 -0.000 -7.098
 Copper     -0.226 -0.392 -4.766
 Zinc       -0.054 -0.935 -4.186

               1      2      3      4      5      6      7      8      9     10     11     12     13     14     15     16     17

 Hydrogen    3.646  3.665  3.628 (H2)                  Log10 Mean Temperature (over radius)
 Helium      3.646  3.647  3.637
 Lithium     3.651  3.644  3.644
 Beryllium   3.651  3.634  3.642
 Boron       3.659  3.642  3.652
 Carbon      3.655  3.640  3.649
 Nitrogen    3.646  3.668  3.672
 Oxygen      3.646  3.665  3.669
 Fluorine    3.646  3.648  3.638
 Neon        3.646  3.641  3.633
 Sodium      3.644  3.646  3.637
 Magnesium   3.655  3.646  3.664
 Aluminium   3.644  3.646  3.642
 Silicon     3.661  3.645  3.671
 Phosphorus  3.644  3.646  3.655
 Sulphur     3.665  3.645  3.659
 Chlorine    3.624  3.646  3.645
 Argon       3.646  3.672  3.672
 Potassium   3.640  3.647  3.641
 Calcium     3.657  3.641  3.627
 Scandium    3.657  3.641  3.636
 Titanium    3.644  3.646  3.654  3.698
 Vanadium    3.652  3.636  3.649
 Chromium    3.659  3.643  3.670
 Manganese   3.644  3.646  3.671
 Iron        3.644  3.646  3.672
 Cobalt      3.649  3.633  3.654
 Nickel      3.644  3.646  3.663
 Copper      3.654  3.638  3.648
 Zinc        3.649  3.633  3.630

               1      2      3      4      5      6      7      8      9     10     11     12     13     14     15     16     17

 Hydrogen    3.664  3.676  3.641 (H2)          Log10 Mean Temperature (over radius*electron density)
 Helium      3.664  3.664  3.654
 Lithium     3.666  3.663  3.663
 Beryllium   3.667  3.652  3.659
 Boron       3.672  3.660  3.668
 Carbon      3.670  3.658  3.666
 Nitrogen    3.664  3.677  3.680
 Oxygen      3.664  3.676  3.678
 Fluorine    3.664  3.666  3.657
 Neon        3.664  3.660  3.651
 Sodium      3.662  3.664  3.655
 Magnesium   3.669  3.664  3.675
 Aluminium   3.663  3.664  3.661
 Silicon     3.674  3.664  3.679
 Phosphorus  3.662  3.664  3.670
 Sulphur     3.676  3.663  3.671
 Chlorine    3.640  3.664  3.662
 Argon       3.664  3.679  3.679
 Potassium   3.658  3.665  3.659
 Calcium     3.671  3.660  3.642
 Scandium    3.671  3.660  3.658
 Titanium    3.661  3.664  3.670  3.698
 Vanadium    3.668  3.655  3.667
 Chromium    3.672  3.661  3.678
 Manganese   3.661  3.664  3.679
 Iron        3.662  3.664  3.679
 Cobalt      3.666  3.652  3.670
 Nickel      3.662  3.664  3.675
 Copper      3.669  3.657  3.665
 Zinc        3.666  3.651  3.646

               1      2      3      4      5      6      7      8      9     10     11     12     13     14     15     16     17
                                                                          

---------------Convergence statistics---------------
      1.31 mean iterations/state convergence
      2.95 mean cx acceleration loops/iteration
      1.04 mean iso convergence loops/ion solve
      1.02 mean steps/chemistry solve
      1.03 mean step length searches/chemistry step
----------------------------------------------------

 Cloudy ends: 94 zones, 3 iterations, 1 caution.  ExecTime(s) 348.59
 [Stop in cdMain at ../maincl.cpp:483, Cloudy exited OK]
 ************************************************** GRID_DELIMIT -- grid000000062
