                                                          Cloudy 13.03
                                                         www.nublado.org

                       **************************************13Feb20**************************************
                       *                                                                                 *
                       * c                                                                               *
                       * phi(h) 10.000000 LOG range -0.000232 6.866524                                   *
                       * grid from 8 to 23 in 1 dex steps                                                *
                       * HDEN=9.000000 LOG                                                               *
                       * grid from 0 to 12 in 1 dex steps                                                *
                       * set pres ionize 1e5                                                             *
                       * c                                                                               *
                       * c                                                                               *
                       * table star "inst_padova_agbtrack_z.mod" age 6.78                                *
                       * c<< inst_padova_ model    4 read.       Age =    6010000.00                 >>> *
                       * c<< inst_padova_ model    5 read.       Age =    8010000.00                 >>> *
                       * c<< FINAL:     Age =    6025595.86                                          >>> *
                       * c                                                                               *
                       * c                                                                               *
                       * abundances GASS10                                                               *
                       * c                                                                               *
                       * c                                                                               *
                       * iterate to convergence max = 7                                                  *
                       * stop column density = 23                                                        *
                       * c                                                                               *
                       * c                                                                               *
                       * print last                                                                      *
                       * set save prefix "padova_inst_6"                                                 *
                       * save grid ".grd" last no hash                                                   *
                       * save linelist "emissionlines_abs.txt" "LineList_HII.dat" absolute last no hash    *
                       *                                                                                 *
                       ***********************************************************************************



 NOTE Setcon: continuum has zero intensity starting at  1.0074e+01 Ryd.
     1 cells in the incident continuum have zero intensity.  Problems???

           !The plasma frequency is 9.45e-08 Ryd.  The incident continuum is set to 0 below this.
           4147CellPeak1.00E+00   Lo 1.00e-08=910.79cm   Hi-Con:1.01E+01 Ryd   E(hi):7.35E+06Ryd     E(hi):     100.01 MeV
           I(nu>1ryd):  -0.5539   Average nu:1.281E+00   I( X-ray):   0.0000   I(BalC):   0.9565     Phi(BalmrC):  11.8871
           phi(1.0-1.8): 9.9816   phi(1.8-4.0):  8.585   phi(4.0-20):  7.470   phi(20--):  0.000     Ion pht flx:1.000E+10
           I(gam ray):   0.0000   phi(gam r):   0.0000   I(Infred):   0.3045   Alf(ox):   0.0000     Total inten:   1.0547
           U(1.0----):3.336E-10   U(4.0----):9.850E-13   T(En-Den):1.495E+01   T(Comp):2.168E+04     nuJnu(912A):1.914E+00
           Occ(FarIR):0.000E+00   Occ(H n=6):4.632E-12   Occ(1Ryd):8.799E-17   Occ(4R):1.016E-21     Occ (Nu-hi):0.000E+00
           Tbr(FarIR):0.000E+00   Tbr(H n=6):2.030E-08   Tbr(1Ryd):1.391E-11   Tbr(4R):6.421E-16     Tbr (Nu-hi):0.000E+00
  
                                                  Gas Phase Chemical Composition
        H :  0.0000  He: -1.0701  Li:-10.9508  Be:-10.6198  B : -9.3002  C : -3.5702  N : -4.1701  O : -3.3098  F : -7.4401
        Ne: -4.0701  Na: -5.7595  Mg: -4.4001  Al: -5.5498  Si: -4.4895  P : -6.5901  S : -4.8794  Cl: -6.5003  Ar: -5.6003
        K : -6.9706  Ca: -5.6596  Sc: -8.8508  Ti: -7.0501  V : -8.0701  Cr: -6.3595  Mn: -6.5702  Fe: -4.5003  Co: -7.0101
                                               Ni: -5.7799  Cu: -7.8097  Zn: -7.4401
 
 ####  1  Te:3.780E+03 Hden:1.000E+09 Ne:6.634E+06 R:1.000E+30 R-R0:8.937E+01 dR:1.787E+02 NTR: 59 Htot:1.454E-10 T912: 1.12e-06###
 Hydrogen      9.93e-01 6.48e-03 H+o/Hden 1.00e+00 1.84e-08 H-    H2 1.96e-04 2.20e-09 H2+ HeH+ 1.05e-10 Ho+ ColD 1.78e+11 1.16e+09
 Helium        1.00e+00 1.98e-05 1.44e-11 HeI 2s3S 9.80e-10 Comp H,C 7.32e-22 1.28e-22 Fill Fac 1.00e+00 Gam1/tot 1.00e+00
 He singlet n  1.00e+00 2.46e-12 5.78e-18 4.17e-19 2.20e-18 1.77e-19 He tripl 9.80e-10 1.99e-17 1.02e-19 9.03e-19 4.41e-19
 Pressure      NgasTgas 4.13e+12 P(total) 5.70e-04 P( gas ) 5.70e-04 P(Radtn) 0.00e+00 Rad accl 6.50e-04 ForceMul 8.85e+08
 Texc(La)      3.44e+03 T(I con) 1.50e+01 T(D con) 3.61e-01 T(U tot) 1.50e+01 nT (c+d) 3.70e+06 Prad/Gas 0.00e+00 Pmag/Gas 0.00e+00
 Molecules     CH/Ctot: 5.10e-05 CH+/Ctot 1.25e-06 CO/Ctot: 3.67e-02 CO+/Ctot 2.95e-08 H2O/Otot 6.52e-08 OH/Ototl 3.85e-04
 Lithium       5.09e-01 4.91e-01 5.42e-12 0.00e+00 Berylliu 9.64e-01 3.58e-02 3.39e-06 0.00e+00 0.00e+00 sec ion: 1.16e-13
 Boron         7.33e-01 2.67e-01 7.96e-09 0.00e+00 0.00e+00 0.00e+00
 Carbon        8.47e-01 1.16e-01 1.54e-07 0.00e+00 0.00e+00 0.00e+00 0.00e+00 H2O+/O   3.27e-08 OH+/Otot 9.71e-05 Hex(tot) 0.00e+00
 Nitrogen      9.93e-01 1.48e-03 2.60e-12 0.00e+00 0.00e+00 0.00e+00 0.00e+00 0.00e+00 O2/Ototl 5.21e-08 O2+/Otot 1.54e-07
 Oxygen        9.74e-01 4.93e-03 1.51e-11 0.00e+00 0.00e+00 0.00e+00 0.00e+00 0.00e+00 0.00e+00
 Fluorine      9.96e-01 4.47e-03 1.22e-07 0.00e+00 0.00e+00 0.00e+00 0.00e+00 0.00e+00 0.00e+00 0.00e+00
 Neon          9.98e-01 1.54e-03 3.63e-08 0.00e+00 0.00e+00 0.00e+00 0.00e+00 0.00e+00 0.00e+00 0.00e+00 0.00e+00
 Sodium        7.71e-02 9.23e-01 1.35e-05 0.00e+00 0.00e+00 0.00e+00 0.00e+00 0.00e+00 0.00e+00 0.00e+00 0.00e+00 0.00e+00
 Magnesium     4.14e-02 9.59e-01 6.89e-05 0.00e+00 0.00e+00 0.00e+00 0.00e+00 0.00e+00 0.00e+00 0.00e+00 0.00e+00 0.00e+00 0.00e+00
 Aluminium  0  4.95e-04 9.99e-01 6.65e-06 0.00e+00 0.00e+00 0.00e+00 0.00e+00 0.00e+00 0.00e+00 0.00e+00 0.00e+00 0.00e+00 0.00e+00
 Silicon    0  2.83e-01 7.17e-01 5.16e-07 0.00e+00 0.00e+00 0.00e+00 0.00e+00 0.00e+00 0.00e+00 0.00e+00 0.00e+00 0.00e+00 0.00e+00
 Phosphorus 0  2.24e-03 9.98e-01 9.72e-06 0.00e+00 0.00e+00 0.00e+00 0.00e+00 0.00e+00 0.00e+00 0.00e+00 0.00e+00 0.00e+00 0.00e+00
 Sulphur    0  3.69e-01 6.31e-01 3.75e-06 0.00e+00 0.00e+00 0.00e+00 0.00e+00 0.00e+00 0.00e+00 0.00e+00 0.00e+00 0.00e+00 0.00e+00
 Chlorine   0  3.15e-02 9.68e-01 2.72e-05 0.00e+00 0.00e+00 0.00e+00 0.00e+00 0.00e+00 0.00e+00 0.00e+00 0.00e+00 0.00e+00 0.00e+00
 Argon      0  9.98e-01 9.71e-04 1.66e-08 0.00e+00 0.00e+00 0.00e+00 0.00e+00 0.00e+00 0.00e+00 0.00e+00 0.00e+00 0.00e+00 0.00e+00
 Potassium  0  2.76e-01 7.24e-01 8.53e-06 0.00e+00 0.00e+00 0.00e+00 0.00e+00 0.00e+00 0.00e+00 0.00e+00 0.00e+00 0.00e+00 0.00e+00
 Calcium    0  7.92e-01 2.08e-01 2.76e-04 0.00e+00 0.00e+00 0.00e+00 0.00e+00 0.00e+00 0.00e+00 0.00e+00 0.00e+00 0.00e+00 0.00e+00
 Scandium   0  7.86e-01 2.14e-01 5.17e-04 0.00e+00 0.00e+00 0.00e+00 0.00e+00 0.00e+00 0.00e+00 0.00e+00 0.00e+00 0.00e+00 0.00e+00
 Titanium   0  2.12e-04 9.99e-01 3.87e-04 6.53e-11 0.00e+00 0.00e+00 0.00e+00 0.00e+00 0.00e+00 0.00e+00 0.00e+00 0.00e+00 0.00e+00
 Vanadium   0  9.37e-01 6.26e-02 7.01e-05 0.00e+00 0.00e+00 0.00e+00 0.00e+00 0.00e+00 0.00e+00 0.00e+00 0.00e+00 0.00e+00 0.00e+00
 Chromium   0  6.74e-01 3.26e-01 2.58e-06 0.00e+00 0.00e+00 0.00e+00 0.00e+00 0.00e+00 0.00e+00 0.00e+00 0.00e+00 0.00e+00 0.00e+00
 Manganese  0  2.27e-04 1.00e+00 2.13e-05 0.00e+00 0.00e+00 0.00e+00 0.00e+00 0.00e+00 0.00e+00 0.00e+00 0.00e+00 0.00e+00 0.00e+00
 Iron       0  1.29e-04 1.00e+00 4.25e-06 0.00e+00 0.00e+00 0.00e+00 0.00e+00 0.00e+00 0.00e+00 0.00e+00 0.00e+00 0.00e+00 0.00e+00
 Cobalt     0  9.74e-01 2.60e-02 8.84e-10 0.00e+00 0.00e+00 0.00e+00 0.00e+00 0.00e+00 0.00e+00 0.00e+00 0.00e+00 0.00e+00 0.00e+00
 Nickel     0  3.63e-04 1.00e+00 1.77e-08 0.00e+00 0.00e+00 0.00e+00 0.00e+00 0.00e+00 0.00e+00 0.00e+00 0.00e+00 0.00e+00 0.00e+00
 Copper     0  8.98e-01 1.02e-01 1.62e-06 0.00e+00 0.00e+00 0.00e+00 0.00e+00 0.00e+00 0.00e+00 0.00e+00 0.00e+00 0.00e+00 0.00e+00
 Zinc       0  9.81e-01 1.90e-02 2.06e-06 0.00e+00 0.00e+00 0.00e+00 0.00e+00 0.00e+00 0.00e+00 0.00e+00 0.00e+00 0.00e+00 0.00e+00
                                                                             
   Calculation stopped because lowest Te reached. Iteration 3 of 3
   The geometry is plane-parallel.
 C-Continuum zero at some energies.
  !Continuum fluorescent production of H-beta was very important.
  !Charge transfer ionization of H reached 8499.1% of the local H ionization rate.
  !The largest plasma frequency was 9.45e-08 Ryd = 9.64e+05 micron  The continuum is set to 0 below this.
  !AGE: Cloud age was not set.  Longest timescale was 5.88e+06 s = 2.24e+00 months.
  !Mutual neutralization production of H-alpha was significant.
  !The CMB was not included.  This is added with the CMB command.
   H2 vib deexec heating reached 2.63% of the local heating.
   The density is too low to l-mix the lowest He I collapsed level.  More resolved levels are needed for accurate line ratios.
   Grains were not present but might survive in this environment (energy density temperature was 1.50e+01K)
   The fraction of N  in N2 reached 0.511% at some point in the cloud.
   The fraction of C  in CO reached 3.66% at some point in the cloud.

                       *********************************> Cloudy 13.03 <**********************************
                       * c                                                                               *
                       * phi(h) 10.000000 LOG range -0.000232 6.866524                                   *
                       * grid from 8 to 23 in 1 dex steps                                                *
                       * HDEN=9.000000 LOG                                                               *
                       * grid from 0 to 12 in 1 dex steps                                                *
                       * set pres ionize 1e5                                                             *
                       * c                                                                               *
                       * c                                                                               *
                       * table star "inst_padova_agbtrack_z.mod" age 6.78                                *
                       * c                                                                               *
                       * c                                                                               *
                       * abundances GASS10                                                               *
                       * c                                                                               *
                       * c                                                                               *
                       * iterate to convergence max = 7                                                  *
                       * stop column density = 23                                                        *
                       * c                                                                               *
                       * c                                                                               *
                       * print last                                                                      *
                       * set save prefix "padova_inst_6"                                                 *
                       * save grid ".grd" last no hash                                                   *
                       * save linelist "emissionlines_abs.txt" "LineList_HII.dat" absolute last no hash    *
                       *********************************> Log(U): -9.48 <*********************************
                       >>>>>>>>>> Cautions are present.

                     Emission Line Spectrum.   Constant  Density Model.    Open geometry.  Iteration 3 of 3.
                                                     Intensity (erg/s/cm^2).


                                                   Intrinsic line intensities
 general properties..........      nInu  1357A   1.013*********      Ca A  8467A -10.825   0.0018      TOTL 1.040m -10.585   0.0032            
 TOTL  4861A  -8.086   1.0000      nFnu  1297A  -9.950   0.0137      Ca A  8438A -10.856   0.0017      O  1  6300A  -8.840   0.1761            
 TOTL  1216A  -5.201 766.5688      nInu  1297A   0.984*********      Ca A  8413A -10.884   0.0016      O  1  6363A  -9.336   0.0562            
 Inci     0    1.055*********      nFnu  1263A  -9.945   0.0138      Ca A  8392A -10.912   0.0015      O  1 63.17m -10.112   0.0094            
 TotH     0   -7.585   3.1675      nInu  1263A   1.011*********      Ca A  8374A -10.941   0.0014      Ne 2 12.81m -11.079   0.0010            
 TotC     0   -7.585   3.1680      nFnu  1218A  -7.711   2.3685      Ca A  8359A -10.972   0.0013      Na 1  5892A  -9.457   0.0425            
 BFH1     0   -7.609   2.9950      nInu  1218A   0.879*********      Ca A  8346A -11.005   0.0012      Mg 1  2853A -10.312   0.0059            
 BFHe     0   -9.452   0.0431      nFnu  1196A  -8.546   0.3470      Ca A  8334A -11.039   0.0011      TOTL  2798A  -8.989   0.1250            
 TotM     0   -9.590   0.0313      nInu  1196A   0.943*********      Ca A 4.051m  -9.758   0.0213      Mg 2  2796A  -9.168   0.0828            
 CT H     0  -10.013   0.0118      nFnu  1175A  -8.721   0.2316      Ca A 2.625m -10.005   0.0120      Mg 2  2803A  -9.460   0.0423            
 H FB     0   -8.576   0.3232      nInu  1175A   0.823*********      Ca A 2.166m -10.222   0.0073      Si 1  2518A -10.429   0.0045            
 HFBc     0   -8.576   0.3232      nFnu  1144A  -9.081   0.1011      Ca A 1.945m -10.408   0.0048      Si 1  2215A -11.038   0.0011            
 OH       0   -9.912   0.0149      nInu  1144A   1.050*********      Ca A 1.817m -10.565   0.0033      Si 2 34.81m -10.480   0.0040            
 CO       0   -9.743   0.0220      nFnu  1113A  -9.373   0.0516      Ca A 1.736m -10.696   0.0025      Si 2  1531A -10.299   0.0061            
 continua....................      nInu  1113A   1.036*********      Ca A 1.681m -10.806   0.0019      Si 2  1308A -10.379   0.0051            
 Bac   3646A  -7.208   7.5429      nFnu  1103A  -8.471   0.4118      Ca A 1.641m -10.899   0.0015      Si 2  1263A  -9.253   0.0681            
 nFnu  3645A  -7.206   7.5862      nInu  1103A   1.060*********      Ca A 1.611m -10.979   0.0013      P  2 1.640m -10.653   0.0027            
 nFnu  3647A  -9.449   0.0433      nFnu  1074A  -8.804   0.1915      Ca A 1.588m -11.047   0.0011      P  2 1.189m -10.663   0.0026            
 cout  3646A  -7.509   3.7714      nInu  1074A   1.051*********      Ca A 7.458m -10.257   0.0067      S  1 25.19m -10.532   0.0036            
 cref  3646A  -7.509   3.7714      nFnu  1064A  -8.937   0.1409      Ca A 4.653m -10.455   0.0043      S 1R  1807A -11.016   0.0012            
 thin  3646A  -7.208   7.5429      nInu  1064A   1.032*********      Ca A 3.740m -10.642   0.0028      S  2  6720A -10.823   0.0018            
 Inci  4860A   0.273*********      nFnu  1036A  -9.264   0.0664      Ca A 3.296m -10.807   0.0019      S  2  4074A  -9.902   0.0153            
 Inci  1215A   0.881*********      nInu  1036A   0.989*********      Ca A 3.038m -10.948   0.0014      S  2 1.033m -10.094   0.0098            
 Ba C     0   -8.241   0.7000      nFnu  1000A  -9.673   0.0259      Ca A 2.872m -11.067   0.0010      S II  6731A -10.981   0.0013            
 PA C     0   -8.625   0.2892      nInu  1000A   0.986*********      Ca A 12.37m -10.683   0.0025      S II  4070A  -9.985   0.0126            
 FIR  83.00m  -1.4604227186.0      nFnu 925.1A  -9.590   0.0313      Ca A 7.500m -10.849   0.0017      S II  4078A -10.660   0.0027            
 TIR   1800m  -3.76321053.533      nInu 925.1A   0.745*********      Ca A 5.907m -11.013   0.0012      S II 1.032m -10.477   0.0041            
 NIRa 2.850m  -0.147*********      nFnu 897.8A  -6.024 115.3113      Ca A 19.06m -11.057   0.0011      S II 1.029m -10.612   0.0030            
 NIRb 3.000m  -0.431*********      nInu 897.8A  -0.108*********      Ca B  6563A  -8.175   0.8150      S II 1.034m -10.822   0.0018            
 MIRa 15.00m  -1.8151865650.5      nFnu 760.0A  -9.179   0.0807      Ca B  4861A  -8.637   0.2811      Cl 2 14.40m -10.783   0.0020            
 MIRb 22.50m  -1.6662628350.8      nInu 760.0A  -0.251*********      Ca B  4340A  -8.964   0.1325      Cl 2  8579A  -9.979   0.0128            
 NMIR 21.75m  -0.147*********      nFnu 701.5A -10.069   0.0104      Ca B  4102A  -9.207   0.0757      Cl 2  9124A -10.557   0.0034            
 TFIR 611.2m  -1.9721299899.6      nInu 701.5A  -0.409*********      Ca B  3970A  -9.392   0.0495      K  1  7676A  -9.722   0.0231            
 TALL 10000A   1.055*********      nInu 608.2A  -0.590*********      Ca B  3889A  -9.535   0.0355      Ca 1  4228A  -9.226   0.0724            
 F12  12.00m  -2.363528002.50      nFnu 575.1A -10.507   0.0038      Ca B  3835A  -9.650   0.0273      Ca 2  3933A  -9.159   0.0846            
 F25  25.00m  -2.311594907.19      nInu 575.1A  -0.609*********      Ca B  3798A  -9.748   0.0218      Ca 2  8579A -10.730   0.0023            
 F60  60.00m  -1.8591685394.9      nInu 511.9A  -0.791*********      Ca B  3771A  -9.834   0.0179      Ca 2  7306A  -8.467   0.4162            
 F100 100.0m  -2.0471094442.6      nFnu 496.9A  -9.281   0.0638      Ca B  3750A  -9.912   0.0149      Ca2K  3934A  -9.343   0.0553            
 MIPS 24.00m  -2.626288581.53      nInu 496.9A  -1.5013849332.8      Ca B  3734A  -9.984   0.0126      Ca2H  3969A  -9.619   0.0293            
 MIPS 70.00m  -2.217740017.94      nInu 399.2A  -1.6102991064.5      Ca B  3722A -10.049   0.0109      Ca2Y  8542A -10.952   0.0014            
 MIPS 160.0m  -2.442440580.91      RRC.........................      Ca B  3712A -10.107   0.0095      CaF1  7291A  -8.687   0.2503            
 IRAC 3.600m  -1.9641323909.2      H  1 911.8A  -7.347   5.4840      Ca B  3704A -10.159   0.0085      CaF2  7324A  -8.866   0.1659            
 IRAC 4.500m  -2.254679397.44      H  1  3646A  -8.755   0.2144      Ca B  3697A -10.205   0.0076      Fe2c     0   -8.199   0.7704            
 IRAC 5.800m  -2.453429280.91      H  1  3646A  -8.354   0.5399      Ca B  3692A -10.246   0.0069      Fe 2  4300A  -8.709   0.2383            
 IRAC 8.000m  -2.496388655.44      H  1  8204A  -9.527   0.0362      Ca B  3687A -10.286   0.0063      Fe 2  2400A  -9.319   0.0585            
 SPR1 250.0m  -2.864166732.67      H  1  8204A  -9.074   0.1028      Ca B  3683A -10.325   0.0058      Fe 2 25.98m  -9.794   0.0196            
 SPR2 350.0m  -3.30061094.465      H  1  8204A  -9.087   0.0998      Ca B  3679A -10.365   0.0053      Fe 2 5.339m -10.838   0.0018            
 SPR3 500.0m  -3.68825008.916      H  1 1.458m -10.059   0.0106      Ca B  3676A -10.405   0.0048      Fe 2 1.257m  -9.330   0.0571            
 PAC1 70.00m  -2.154854052.12      H  1 1.458m  -9.596   0.0309      Ca B  3674A -10.446   0.0044      Fe 2 35.34m -10.219   0.0074            
 PAC2 100.0m  -2.0421107050.2      H  1 1.458m  -9.497   0.0388      Ca B  3671A -10.487   0.0040      Fe 2 1.321m  -9.907   0.0151            
 PAC3 160.0m  -2.185796228.75      H  1 1.458m  -9.738   0.0223      Ca B 1.875m  -9.080   0.1014      Fe 2 1.249m -10.574   0.0032            
 PAH  3.300m  -2.747218103.33      H  1 2.279m -10.453   0.0043      Ca B 1.282m  -9.396   0.0489      Fe 2  7638A -10.022   0.0116            
 PAHC 3.230m  -3.009119403.34      H  1 2.279m  -9.989   0.0125      Ca B 1.094m  -9.648   0.0274      Fe 2 51.29m -10.920   0.0015            
 PAHC 3.370m  -3.085100209.16      H  1 2.279m  -9.855   0.0170      Ca B 1.005m  -9.846   0.0174      Fe 2 1.372m -10.131   0.0090            
 PAH  6.200m  -2.998122376.95      H  1 2.279m  -9.944   0.0139      Ca B  9546A -10.003   0.0121      Fe 2 1.294m  -9.906   0.0151            
 PAHC 5.650m  -2.900153362.22      H  1 2.279m -10.346   0.0055      Ca B  9229A -10.130   0.0090      Fe 2  7687A -10.220   0.0073            
 PAH  7.900m  -2.964132418.92      H  1 3.281m -10.761   0.0021      Ca B  9015A -10.237   0.0071      Fe 2 1.328m -10.151   0.0086            
 PAHC 6.900m  -2.824182673.56      H  1 3.281m -10.298   0.0061      Ca B  8863A -10.331   0.0057      Fe 2 1.279m -10.026   0.0115            
 PAH  11.30m  -3.57832177.373      H  1 3.281m -10.150   0.0086      Ca B  8750A -10.414   0.0047      Fe 2 1.252m -10.929   0.0014            
 PAHC 10.90m  -3.56932909.297      H  1 3.281m -10.181   0.0080      Ca B  8665A -10.490   0.0039      Fe 2  7665A -10.593   0.0031            
 PAH  11.80m  -3.35054384.691      H  1 3.281m -10.406   0.0048      Ca B  8598A -10.557   0.0034      Fe 2 1.298m -10.389   0.0050            
 PAHC 12.65m  -3.36652481.027      H  1 3.281m -10.927   0.0014      Ca B  8545A -10.617   0.0029      Fe 2 1.270m -10.216   0.0074            
 PAH  13.30m  -3.32158132.895      H  1 4.466m -11.012   0.0012      Ca B  8502A -10.670   0.0026      Fe 2  7874A -11.077   0.0010            
 PAHC 14.10m  -3.33756050.340      H  1 4.466m -10.551   0.0034      Ca B  8467A -10.716   0.0023      Fe 2 17.93m  -9.504   0.0382            
 Bcon  3640A   0.957*********      H  1 4.466m -10.396   0.0049      Ca B  8438A -10.759   0.0021      Fe 2 1.644m  -9.402   0.0483            
 Pcon  5000A   0.156*********      H  1 4.466m -10.400   0.0049      Ca B  8413A -10.799   0.0019      Fe 2 1.533m  -9.851   0.0172            
 HFFc     0   -8.570   0.3278      H  1 4.466m -10.550   0.0034      Ca B  8392A -10.838   0.0018      Fe 2  8617A  -9.444   0.0439            
 H FF     0   -9.098   0.0972      H  1 4.466m -10.876   0.0016      Ca B  8374A -10.878   0.0016      Fe 2 24.51m  -9.992   0.0124            
 MeFB     0  -10.202   0.0077      H  1 5.834m -10.765   0.0021      Ca B  8359A -10.918   0.0015      Fe 2 1.809m -10.105   0.0096            
 MeFF     0  -10.755   0.0021      H  1 5.834m -10.607   0.0030      Ca B  8346A -10.959   0.0013      Fe 2 1.677m  -9.990   0.0125            
 ToFF     0   -9.088   0.0994      H  1 5.834m -10.596   0.0031      Ca B  8334A -11.000   0.0012      Fe 2 1.599m  -9.965   0.0132            
 nInu 6.611c  -9.645   0.0276      H  1 5.834m -10.709   0.0024      Ca B 4.051m  -9.701   0.0242      Fe 2  9052A -10.102   0.0096            
 nInu 6.137c  -9.548   0.0345      H  1 5.834m -10.948   0.0014      Ca B 2.625m  -9.944   0.0139      Fe 2  8892A  -9.863   0.0167            
 nInu 3.554c  -8.838   0.1771      H  1 7.383m -10.948   0.0014      Ca B 2.166m -10.151   0.0086      Fe 2 35.77m -10.813   0.0019            
 nInu 3.432c  -8.792   0.1967      H  1 7.383m -10.789   0.0020      Ca B 1.945m -10.322   0.0058      Fe 2 1.800m -10.162   0.0084            
 nInu 3.400c  -8.779   0.2027      H  1 7.383m -10.770   0.0021      Ca B 1.817m -10.462   0.0042      Fe 2 1.711m -10.546   0.0035            
 nInu 2.003c  -8.095   0.9791      H  1 7.383m -10.860   0.0017      Ca B 1.736m -10.580   0.0032      Fe 2 1.664m -10.257   0.0067            
 nInu 1.335c  -7.561   3.3493      H  1 7.383m -11.053   0.0011      Ca B 1.681m -10.681   0.0025      Fe 2  9399A -10.879   0.0016            
 nInu  9993m  -7.183   7.9935      H  1 9.115m -10.949   0.0014      Ca B 1.641m -10.770   0.0021      Fe 2  9227A -10.119   0.0093            
 nInu  6917m  -6.708  23.8904      H  1 9.115m -10.925   0.0014      Ca B 1.611m -10.849   0.0017      Fe 2  9033A -10.342   0.0055            
 nFnu 122.4m -10.307   0.0060      H  1 9.115m -11.002   0.0012      Ca B 1.588m -10.919   0.0015      Fe 2 1.797m -10.320   0.0058            
 nInu 122.4m  -1.6312851889.2      H  1 11.03m -10.370   0.0052      Ca B 1.570m -10.981   0.0013      Fe 2 1.745m -10.565   0.0033            
 nFnu 60.83m -10.011   0.0119      H  1 13.13m -10.482   0.0040      Ca B 1.556m -11.035   0.0011      Fe 2  9471A -10.685   0.0025            
 nInu 60.83m  -1.6782558362.2      H  1 15.40m -10.585   0.0032      Ca B 1.544m -11.082   0.0010      Fe 2  9268A -10.236   0.0071            
 nFnu 41.22m  -9.823   0.0183      H  1 17.87m -10.681   0.0025      Ca B 7.458m -10.202   0.0076      Fe 2 22.90m -11.076   0.0010            
 nInu 41.22m  -1.7891978832.0      H  1 20.51m -10.769   0.0021      Ca B 4.653m -10.396   0.0049      Fe 2 1.811m -10.899   0.0015            
 nFnu 30.87m  -9.692   0.0248      H  1 23.33m -10.853   0.0017      Ca B 3.740m -10.571   0.0033      Fe2b  7000A  -9.724   0.0230            
 nInu 30.87m  -1.8871581643.8      H  1 26.34m -10.931   0.0014      Ca B 3.296m -10.720   0.0023      Fe2b 10000A  -8.526   0.3630            
 nFnu 24.78m  -9.592   0.0312      H  1 29.53m -11.005   0.0012      Ca B 3.038m -10.846   0.0017      Fe2b  7445A  -9.724   0.0230            
 nInu 24.78m  -1.9621330896.9      H  1 32.91m -11.075   0.0010      Ca B 2.872m -10.953   0.0014      Fe2b  8625A  -9.109   0.0948            
 nFnu 24.30m  -9.583   0.0318      H  1 56.97m -10.182   0.0080      Ca B 2.758m -11.047   0.0011      Fe2b 1.033m -10.684   0.0025            
 nInu 24.30m  -1.9691310177.2      He 1 504.3A -10.599   0.0031      Ca B 12.37m -10.627   0.0029      Fe2b 1.889m  -9.550   0.0343            
 nFnu 22.83m  -9.554   0.0340      C  1  1101A  -9.989   0.0125      Ca B 7.500m -10.785   0.0020      Fe 2  1786A  -9.000   0.1219            
 nInu 22.83m  -1.9891249927.5      Al 1  2071A -10.862   0.0017      Ca B 5.907m -10.935   0.0014      recombination...............            
 nFnu 21.42m  -9.527   0.0362      Si 1  1521A  -9.999   0.0122      Ca B 5.127m -11.066   0.0010      O  1  1357A -10.954   0.0014            
 nInu 21.42m  -2.0111187777.8      P  1  1182A -10.887   0.0016      Ca B 19.06m -10.996   0.0012      C  1  1140A -10.057   0.0107            
 nFnu 21.12m  -9.520   0.0368      S  1  1197A -10.010   0.0119      H  1     0  -10.634   0.0028      level2 lines................            
 nInu 21.12m  -2.0161173884.4      Cl 1 956.0A -10.702   0.0024      H  1  1216A  -5.201 766.5688      C  1 943.9A  -9.363   0.0528            
 nFnu 19.62m  -9.487   0.0397      Fe 1  1569A -10.820   0.0018      H  1  1026A  -6.003 120.9385      C  1  1248A  -9.312   0.0594            
 nInu 19.62m  -2.0371119030.4      grains......................      H  1 972.5A  -6.765  20.9519      C  1 841.0A -10.718   0.0023            
 nFnu 17.65m  -9.436   0.0447      H-like iso-sequence.........      H  1 949.7A  -6.832  17.9522      C  1  1561A  -9.590   0.0313            
 nInu 17.65m  -2.0551073746.0      Ca B  1216A  -7.152   8.5926      H  1 937.8A  -7.200   7.6824      C  1  1315A  -9.521   0.0367            
 nFnu 17.37m  -9.430   0.0453      Q(H)  4861A  -2.270653772.81      H  1 930.8A  -7.614   2.9643      C  1  1166A  -9.718   0.0233            
 nInu 17.37m  -2.0571067717.0      Q(H)  1216A  -0.787*********      H  1 926.2A  -7.948   1.3733      C  1  1233A  -9.732   0.0226            
 nFnu 15.69m  -9.389   0.0498      CaBo  4861A  -8.654   0.2705      H  1 923.2A  -8.164   0.8355      C  1  1132A -10.008   0.0120            
 nInu 15.69m  -2.0741028365.1      Ca A  1216A  -7.252   6.8158      H  1 921.0A  -8.396   0.4893      C  1  1251A -10.020   0.0116            
 nFnu 14.60m  -9.354   0.0539      Ca A  1026A  -7.985   1.2614      H  1  6563A  -7.485   3.9917      C  1  1112A -10.153   0.0086            
 nInu 14.60m  -2.0851001684.2      Ca A 972.5A  -8.398   0.4873      H  1  4861A  -8.086   1.0000      C  1  1115A -10.203   0.0076            
 nFnu 12.43m  -9.281   0.0638      Ca A 949.7A  -8.679   0.2553      H  1  4340A  -8.195   0.7785      C  1  1162A -10.280   0.0064            
 nInu 12.43m  -2.112941506.06      Ca A 937.8A  -8.874   0.1630      H  1  4102A  -8.444   0.4379      C  1  1167A -10.448   0.0043            
 nFnu 11.40m  -9.248   0.0688      Ca A 930.8A  -9.007   0.1199      H  1  3970A  -8.684   0.2520      C  1  1104A -10.389   0.0050            
 nInu 11.40m  -2.126911925.88      Ca A 926.2A  -9.090   0.0990      H  1  3889A  -8.901   0.1531      C  1  1109A -10.403   0.0048            
 nFnu 10.46m  -9.206   0.0758      Ca A 923.2A  -9.143   0.0877      H  1  3835A  -9.066   0.1047      C  1  1130A -10.612   0.0030            
 nInu 10.46m  -2.140883278.69      Ca A 921.0A  -9.184   0.0797      H  1  3798A  -9.275   0.0647      C  1  1098A -10.555   0.0034            
 nFnu 9.480m  -9.170   0.0824      Ca A 919.4A  -9.226   0.0725      H  1 1.875m  -8.641   0.2787      C  1  1132A -10.579   0.0032            
 nInu 9.480m  -2.136891253.06      Ca A 918.1A  -9.269   0.0656      H  1 1.282m  -8.838   0.1768      C  1  1106A -10.641   0.0028            
 nFnu 9.325m  -9.165   0.0834      Ca A 917.2A  -9.313   0.0593      H  1 1.094m  -9.033   0.1128      C  1  1093A -10.743   0.0022            
 nInu 9.325m  -2.132898942.12      Ca A 916.4A  -9.356   0.0537      H  1 1.005m  -9.229   0.0720      C  1  1110A -10.809   0.0019            
 nFnu 8.210m  -9.107   0.0953      Ca A 915.8A  -9.397   0.0489      H  1  9546A  -9.427   0.0456      C  1  1114A -10.828   0.0018            
 nInu 8.210m  -2.087998439.88      Ca A 915.3A  -9.432   0.0450      H  1  9229A  -9.586   0.0316      C  1  1115A -10.837   0.0018            
 nFnu 7.580m  -9.081   0.1012      Ca A 914.9A  -9.463   0.0420      H  1  9015A  -9.792   0.0197      C  1  1090A -10.878   0.0016            
 nInu 7.580m  -2.0461095660.4      Ca A 914.6A  -9.489   0.0395      H  1 4.051m  -9.215   0.0742      C  1  1104A -11.015   0.0012            
 nFnu 7.050m  -9.040   0.1112      Ca A 914.3A  -9.515   0.0373      H  1 2.625m  -9.410   0.0474      C  1  1104A -11.023   0.0012            
 nInu 7.050m  -2.0041207896.0      Ca A 914.0A  -9.541   0.0351      H  1 2.166m  -9.603   0.0304      C  2 892.8A -10.757   0.0021            
 nFnu 4.114m  -8.845   0.1743      Ca A 913.8A  -9.569   0.0329      H  1 1.945m  -9.800   0.0193      C  2  1020A -10.244   0.0070            
 nInu 4.114m  -1.4824013796.0      Ca A 913.6A  -9.599   0.0307      H  1 1.817m  -9.957   0.0134      N  1 942.3A -10.530   0.0036            
 nFnu 2.324m  -8.770   0.2069      Ca A 913.5A  -9.631   0.0285      H  1 1.736m -10.162   0.0084      N  1 952.1A -10.504   0.0038            
 nInu 2.324m  -0.883*********      Ca A 913.3A  -9.665   0.0264      H  1 7.458m  -9.709   0.0238      N  1  1131A -10.571   0.0033            
 nFnu 1.643m  -8.730   0.2270      Ca A  6563A  -8.370   0.5200      H  1 4.653m  -9.897   0.0154      O  1 867.3A -10.427   0.0046            
 nInu 1.643m  -0.482*********      Ca A  4861A  -8.825   0.1825      H  1 3.740m -10.093   0.0098      O  1 787.5A -10.658   0.0027            
 nFnu 1.480m  -8.574   0.3253      Ca A  4340A  -9.153   0.0857      H  1 3.296m -10.249   0.0069      O  1 976.8A  -9.828   0.0181            
 nInu 1.480m  -0.418*********      Ca A  4102A  -9.401   0.0485      H  1 3.038m -10.452   0.0043      O  1 969.0A -10.036   0.0112            
 nFnu 1.436m  -8.290   0.6251      Ca A  3970A  -9.589   0.0314      H  1 12.37m -10.164   0.0084      O  1 946.4A -10.393   0.0049            
 nInu 1.436m  -0.393*********      Ca A  3889A  -9.733   0.0225      H  1 7.500m -10.341   0.0056      O  1 934.5A -10.718   0.0023            
 nFnu 1.119m  -8.107   0.9515      Ca A  3835A  -9.845   0.0174      H  1 5.907m -10.491   0.0039      O  1 973.6A -10.970   0.0013            
 nInu 1.119m  -0.226*********      Ca A  3798A  -9.934   0.0142      H  1 5.127m -10.692   0.0025      O  1 927.5A -10.980   0.0013            
 nFnu  8330A  -8.114   0.9380      Ca A  3771A -10.011   0.0119      H  1 19.06m -10.579   0.0032      O  1 948.5A -10.998   0.0012            
 nInu  8330A  -0.069*********      Ca A  3750A -10.079   0.0102      H  1 11.31m -10.706   0.0024      Al 2  1671A  -9.996   0.0123            
 nFnu  8079A  -7.803   1.9200      Ca A  3734A -10.140   0.0088      H  1 8.758m -10.899   0.0015      Si 1  1261A -10.268   0.0066            
 nInu  8079A  -0.044*********      Ca A  3722A -10.195   0.0078      H  1 27.80m -10.920   0.0015      Si 1  1853A -10.337   0.0056            
 nFnu  6210A  -8.159   0.8458      Ca A  3712A -10.243   0.0070      He-like iso-sequence........      Si 1  1694A -10.533   0.0036            
 nInu  6210A   0.143*********      Ca A  3704A -10.284   0.0063      He 1     0  -10.200   0.0077      Si 1  1626A -10.824   0.0018            
 nFnu  4885A  -8.633   0.2837      Ca A  3697A -10.318   0.0059      He 1 584.3A  -8.269   0.6552      Si 1  1091A -10.854   0.0017            
 nInu  4885A   0.293*********      Ca A  3692A -10.346   0.0055      He 1 537.0A  -9.154   0.0856      Si 1  2000A -11.032   0.0011            
 nFnu  3704A  -9.405   0.0480      Ca A  3687A -10.373   0.0052      He 1 522.2A  -9.498   0.0387      Si 1  1591A -11.055   0.0011            
 nInu  3704A   0.394*********      Ca A  3683A -10.400   0.0048      He 1 515.6A  -9.791   0.0197      Si 2  1180A  -9.479   0.0404            
 nFnu  3588A  -7.265   6.6235      Ca A  3679A -10.429   0.0045      He 1 512.1A -10.034   0.0113      Si 2 993.4A -10.324   0.0058            
 nInu  3588A   0.393*********      Ca A  3676A -10.460   0.0042      Pho+  3889A  -8.997   0.1228      S  1  1356A -10.784   0.0020            
 nFnu  2430A  -9.246   0.0692      Ca A  3674A -10.492   0.0039      database lines..............      S  1  1227A -10.962   0.0013            
 nInu  2430A   0.666*********      Ca A  3671A -10.526   0.0036      OH   84.57m -10.811   0.0019      S  1  1662A -11.046   0.0011            
 nFnu  2392A  -9.336   0.0562      Ca A 1.875m  -9.154   0.0855      OH   84.57m -10.942   0.0014      S  2 750.3A -10.913   0.0015            
 nInu  2392A   0.671*********      Ca A 1.282m  -9.478   0.0406      OH   84.40m -10.861   0.0017      Ar 1  1096A -10.761   0.0021            
 nFnu  2071A  -9.505   0.0381      Ca A 1.094m  -9.739   0.0222      OH   84.40m -10.992   0.0012      Ti 2  3366A -10.863   0.0017            
 nInu  2071A   0.772*********      Ca A 1.005m  -9.949   0.0137      level 1 lines...............      Cr 1  4271A -11.081   0.0010            
 nFnu  2053A  -9.568   0.0329      Ca A  9546A -10.121   0.0092      C  1  1656A  -9.122   0.0921      hyperfine structure.........            
 nInu  2053A   0.768*********      Ca A  9229A -10.261   0.0067      REC   1656A -10.143   0.0088      inner shell.................            
 nFnu  1793A -10.190   0.0079      Ca A  9015A -10.377   0.0051      C Ic  9850A  -9.458   0.0424      molecules...................            
 nInu  1793A   0.856*********      Ca A  8863A -10.474   0.0041      TOTL  9850A  -9.458   0.0424      H2vH     0   -9.165   0.0833            
 nFnu  1585A  -9.965   0.0132      Ca A  8750A -10.557   0.0034      C  1  8727A  -8.757   0.2131      H-FB     0   -8.633   0.2837            
 nInu  1585A   0.849*********      Ca A  8665A -10.629   0.0029      C  2  1335A -10.083   0.0101      H-FF     0   -8.727   0.2284            
 nFnu  1458A  -9.050   0.1086      Ca A  8598A -10.692   0.0025      N  1 953.9A -10.489   0.0040      H-CT  6563A  -8.523   0.3655            
 nInu  1458A   0.950*********      Ca A  8545A -10.745   0.0022      N  1  1200A  -9.441   0.0441      H2+      0   -8.879   0.1609            
 nFnu  1357A  -9.691   0.0248      Ca A  8502A -10.789   0.0020      N  1 1.040m -10.923   0.0015            

                                                    Emergent line intensities
 general properties..........      nFnu  1458A  -9.050   0.1086      Ca B  3835A  -9.650   0.0273      Si 2  1263A  -9.253   0.0681            
 TOTL  4861A  -8.086   1.0000      nInu  1458A   0.950*********      Ca B  3798A  -9.748   0.0218      P  2 1.640m -10.653   0.0027            
 TOTL  1216A  -5.201 766.5688      nFnu  1357A  -9.691   0.0248      Ca B  3771A  -9.834   0.0179      P  2 1.189m -10.663   0.0026            
 continua....................      nInu  1357A   1.013*********      Ca B  3750A  -9.912   0.0149      S  1 25.19m -10.532   0.0036            
 Bac   3646A  -7.208   7.5429      nFnu  1297A  -9.950   0.0137      Ca B  3734A  -9.984   0.0126      S 1R  1807A -11.016   0.0012            
 nFnu  3645A  -7.206   7.5862      nInu  1297A   0.984*********      Ca B  3722A -10.049   0.0109      S  2  6720A -10.823   0.0018            
 nFnu  3647A  -9.449   0.0433      nFnu  1263A  -9.945   0.0138      Ca B  3712A -10.107   0.0095      S  2  4074A  -9.902   0.0153            
 cout  3646A  -7.509   3.7714      nInu  1263A   1.011*********      Ca B  3704A -10.159   0.0085      S  2 1.033m -10.094   0.0098            
 cref  3646A  -7.509   3.7714      nFnu  1218A  -7.711   2.3685      Ca B  3697A -10.205   0.0076      S II  6731A -10.981   0.0013            
 thin  3646A  -7.208   7.5429      nInu  1218A   0.879*********      Ca B  3692A -10.246   0.0069      S II  4070A  -9.985   0.0126            
 Inci  4860A   0.273*********      nFnu  1196A  -8.546   0.3470      Ca B  3687A -10.286   0.0063      S II  4078A -10.660   0.0027            
 Inci  1215A   0.881*********      nInu  1196A   0.943*********      Ca B  3683A -10.325   0.0058      S II 1.032m -10.477   0.0041            
 FIR  83.00m  -1.4604227186.0      nFnu  1175A  -8.721   0.2316      Ca B  3679A -10.365   0.0053      S II 1.029m -10.612   0.0030            
 TIR   1800m  -3.76321053.533      nInu  1175A   0.823*********      Ca B  3676A -10.405   0.0048      S II 1.034m -10.822   0.0018            
 NIRa 2.850m  -0.147*********      nFnu  1144A  -9.081   0.1011      Ca B  3674A -10.446   0.0044      Cl 2 14.40m -10.783   0.0020            
 NIRb 3.000m  -0.431*********      nInu  1144A   1.050*********      Ca B  3671A -10.487   0.0040      Cl 2  8579A  -9.979   0.0128            
 MIRa 15.00m  -1.8151865650.5      nFnu  1113A  -9.373   0.0516      Ca B 1.875m  -9.080   0.1014      Cl 2  9124A -10.557   0.0034            
 MIRb 22.50m  -1.6662628350.8      nInu  1113A   1.036*********      Ca B 1.282m  -9.396   0.0489      K  1  7676A  -9.722   0.0231            
 NMIR 21.75m  -0.147*********      nFnu  1103A  -8.471   0.4118      Ca B 1.094m  -9.648   0.0274      Ca 1  4228A  -9.226   0.0724            
 TFIR 611.2m  -1.9721299899.6      nInu  1103A   1.060*********      Ca B 1.005m  -9.846   0.0174      Ca 2  3933A  -9.159   0.0846            
 TALL 10000A   1.055*********      nFnu  1074A  -8.804   0.1915      Ca B  9546A -10.003   0.0121      Ca 2  8579A -10.730   0.0023            
 F12  12.00m  -2.363528002.50      nInu  1074A   1.051*********      Ca B  9229A -10.130   0.0090      Ca 2  7306A  -8.467   0.4162            
 F25  25.00m  -2.311594907.19      nFnu  1064A  -8.937   0.1409      Ca B  9015A -10.237   0.0071      Ca2K  3934A  -9.343   0.0553            
 F60  60.00m  -1.8591685394.9      nInu  1064A   1.032*********      Ca B  8863A -10.331   0.0057      Ca2H  3969A  -9.619   0.0293            
 F100 100.0m  -2.0471094442.6      nFnu  1036A  -9.264   0.0664      Ca B  8750A -10.414   0.0047      Ca2Y  8542A -10.952   0.0014            
 MIPS 24.00m  -2.626288581.53      nInu  1036A   0.989*********      Ca B  8665A -10.490   0.0039      CaF1  7291A  -8.687   0.2503            
 MIPS 70.00m  -2.217740017.94      nFnu  1000A  -9.673   0.0259      Ca B  8598A -10.557   0.0034      CaF2  7324A  -8.866   0.1659            
 MIPS 160.0m  -2.442440580.91      nInu  1000A   0.986*********      Ca B  8545A -10.617   0.0029      Fe 2  4300A  -8.709   0.2383            
 IRAC 3.600m  -1.9641323909.2      nFnu 925.1A  -9.590   0.0313      Ca B  8502A -10.670   0.0026      Fe 2  2400A  -9.319   0.0585            
 IRAC 4.500m  -2.254679397.44      nInu 925.1A   0.745*********      Ca B  8467A -10.716   0.0023      Fe 2 25.98m  -9.794   0.0196            
 IRAC 5.800m  -2.453429280.91      nFnu 897.8A  -6.024 115.3113      Ca B  8438A -10.759   0.0021      Fe 2 5.339m -10.838   0.0018            
 IRAC 8.000m  -2.496388655.44      nInu 897.8A  -0.108*********      Ca B  8413A -10.799   0.0019      Fe 2 1.257m  -9.330   0.0571            
 SPR1 250.0m  -2.864166732.67      nFnu 760.0A  -9.179   0.0807      Ca B  8392A -10.838   0.0018      Fe 2 35.34m -10.219   0.0074            
 SPR2 350.0m  -3.30061094.465      nInu 760.0A  -0.251*********      Ca B  8374A -10.878   0.0016      Fe 2 1.321m  -9.907   0.0151            
 SPR3 500.0m  -3.68825008.916      nFnu 701.5A -10.069   0.0104      Ca B  8359A -10.918   0.0015      Fe 2 1.249m -10.574   0.0032            
 PAC1 70.00m  -2.154854052.12      nInu 701.5A  -0.409*********      Ca B  8346A -10.959   0.0013      Fe 2  7638A -10.022   0.0116            
 PAC2 100.0m  -2.0421107050.2      nInu 608.2A  -0.590*********      Ca B  8334A -11.000   0.0012      Fe 2 51.29m -10.920   0.0015            
 PAC3 160.0m  -2.185796228.75      nFnu 575.1A -10.507   0.0038      Ca B 4.051m  -9.701   0.0242      Fe 2 1.372m -10.131   0.0090            
 PAH  3.300m  -2.747218103.33      nInu 575.1A  -0.609*********      Ca B 2.625m  -9.944   0.0139      Fe 2 1.294m  -9.906   0.0151            
 PAHC 3.230m  -3.009119403.34      nInu 511.9A  -0.791*********      Ca B 2.166m -10.151   0.0086      Fe 2  7687A -10.220   0.0073            
 PAHC 3.370m  -3.085100209.16      nFnu 496.9A  -9.281   0.0638      Ca B 1.945m -10.322   0.0058      Fe 2 1.328m -10.151   0.0086            
 PAH  6.200m  -2.998122376.95      nInu 496.9A  -1.5013849332.8      Ca B 1.817m -10.462   0.0042      Fe 2 1.279m -10.026   0.0115            
 PAHC 5.650m  -2.900153362.22      nInu 399.2A  -1.6102991064.5      Ca B 1.736m -10.580   0.0032      Fe 2 1.252m -10.929   0.0014            
 PAH  7.900m  -2.964132418.92      RRC.........................      Ca B 1.681m -10.681   0.0025      Fe 2  7665A -10.593   0.0031            
 PAHC 6.900m  -2.824182673.56      grains......................      Ca B 1.641m -10.770   0.0021      Fe 2 1.298m -10.389   0.0050            
 PAH  11.30m  -3.57832177.373      H-like iso-sequence.........      Ca B 1.611m -10.849   0.0017      Fe 2 1.270m -10.216   0.0074            
 PAHC 10.90m  -3.56932909.297      Ca B  1216A  -7.152   8.5926      Ca B 1.588m -10.919   0.0015      Fe 2  7874A -11.077   0.0010            
 PAH  11.80m  -3.35054384.691      Q(H)  4861A  -2.270653772.81      Ca B 1.570m -10.981   0.0013      Fe 2 17.93m  -9.504   0.0382            
 PAHC 12.65m  -3.36652481.027      Q(H)  1216A  -0.787*********      Ca B 1.556m -11.035   0.0011      Fe 2 1.644m  -9.402   0.0483            
 PAH  13.30m  -3.32158132.895      CaBo  4861A  -8.654   0.2705      Ca B 1.544m -11.082   0.0010      Fe 2 1.533m  -9.851   0.0172            
 PAHC 14.10m  -3.33756050.340      Ca A  1216A  -7.252   6.8158      Ca B 7.458m -10.202   0.0076      Fe 2  8617A  -9.444   0.0439            
 Bcon  3640A   0.957*********      Ca A  1026A  -7.985   1.2614      Ca B 4.653m -10.396   0.0049      Fe 2 24.51m  -9.992   0.0124            
 Pcon  5000A   0.156*********      Ca A 972.5A  -8.398   0.4873      Ca B 3.740m -10.571   0.0033      Fe 2 1.809m -10.105   0.0096            
 nInu 6.611c  -9.645   0.0276      Ca A 949.7A  -8.679   0.2553      Ca B 3.296m -10.720   0.0023      Fe 2 1.677m  -9.990   0.0125            
 nInu 6.137c  -9.548   0.0345      Ca A 937.8A  -8.874   0.1630      Ca B 3.038m -10.846   0.0017      Fe 2 1.599m  -9.965   0.0132            
 nInu 3.554c  -8.838   0.1771      Ca A 930.8A  -9.007   0.1199      Ca B 2.872m -10.953   0.0014      Fe 2  9052A -10.102   0.0096            
 nInu 3.432c  -8.792   0.1967      Ca A 926.2A  -9.090   0.0990      Ca B 2.758m -11.047   0.0011      Fe 2  8892A  -9.863   0.0167            
 nInu 3.400c  -8.779   0.2027      Ca A 923.2A  -9.143   0.0877      Ca B 12.37m -10.627   0.0029      Fe 2 35.77m -10.813   0.0019            
 nInu 2.003c  -8.095   0.9791      Ca A 921.0A  -9.184   0.0797      Ca B 7.500m -10.785   0.0020      Fe 2 1.800m -10.162   0.0084            
 nInu 1.335c  -7.561   3.3493      Ca A 919.4A  -9.226   0.0725      Ca B 5.907m -10.935   0.0014      Fe 2 1.711m -10.546   0.0035            
 nInu  9993m  -7.183   7.9935      Ca A 918.1A  -9.269   0.0656      Ca B 5.127m -11.066   0.0010      Fe 2 1.664m -10.257   0.0067            
 nInu  6917m  -6.708  23.8904      Ca A 917.2A  -9.313   0.0593      Ca B 19.06m -10.996   0.0012      Fe 2  9399A -10.879   0.0016            
 nFnu 122.4m -10.307   0.0060      Ca A 916.4A  -9.356   0.0537      H  1  1216A  -5.201 766.5688      Fe 2  9227A -10.119   0.0093            
 nInu 122.4m  -1.6312851889.2      Ca A 915.8A  -9.397   0.0489      H  1  1026A  -6.003 120.9385      Fe 2  9033A -10.342   0.0055            
 nFnu 60.83m -10.011   0.0119      Ca A 915.3A  -9.432   0.0450      H  1 972.5A  -6.765  20.9519      Fe 2 1.797m -10.320   0.0058            
 nInu 60.83m  -1.6782558362.2      Ca A 914.9A  -9.463   0.0420      H  1 949.7A  -6.832  17.9522      Fe 2 1.745m -10.565   0.0033            
 nFnu 41.22m  -9.823   0.0183      Ca A 914.6A  -9.489   0.0395      H  1 937.8A  -7.200   7.6824      Fe 2  9471A -10.685   0.0025            
 nInu 41.22m  -1.7891978832.0      Ca A 914.3A  -9.515   0.0373      H  1 930.8A  -7.614   2.9643      Fe 2  9268A -10.236   0.0071            
 nFnu 30.87m  -9.692   0.0248      Ca A 914.0A  -9.541   0.0351      H  1 926.2A  -7.948   1.3733      Fe 2 22.90m -11.076   0.0010            
 nInu 30.87m  -1.8871581643.8      Ca A 913.8A  -9.569   0.0329      H  1 923.2A  -8.164   0.8355      Fe 2 1.811m -10.899   0.0015            
 nFnu 24.78m  -9.592   0.0312      Ca A 913.6A  -9.599   0.0307      H  1 921.0A  -8.396   0.4893      Fe2b  7000A  -9.724   0.0230            
 nInu 24.78m  -1.9621330896.9      Ca A 913.5A  -9.631   0.0285      H  1  6563A  -7.485   3.9917      Fe2b 10000A  -8.526   0.3630            
 nFnu 24.30m  -9.583   0.0318      Ca A 913.3A  -9.665   0.0264      H  1  4861A  -8.086   1.0000      Fe2b  7445A  -9.724   0.0230            
 nInu 24.30m  -1.9691310177.2      Ca A  6563A  -8.370   0.5200      H  1  4340A  -8.195   0.7785      Fe2b  8625A  -9.109   0.0948            
 nFnu 22.83m  -9.554   0.0340      Ca A  4861A  -8.825   0.1825      H  1  4102A  -8.444   0.4379      Fe2b 1.033m -10.684   0.0025            
 nInu 22.83m  -1.9891249927.5      Ca A  4340A  -9.153   0.0857      H  1  3970A  -8.684   0.2520      Fe2b 1.889m  -9.550   0.0343            
 nFnu 21.42m  -9.527   0.0362      Ca A  4102A  -9.401   0.0485      H  1  3889A  -8.901   0.1531      Fe 2  1786A  -9.000   0.1219            
 nInu 21.42m  -2.0111187777.8      Ca A  3970A  -9.589   0.0314      H  1  3835A  -9.066   0.1047      recombination...............            
 nFnu 21.12m  -9.520   0.0368      Ca A  3889A  -9.733   0.0225      H  1  3798A  -9.275   0.0647      O  1  1357A -10.954   0.0014            
 nInu 21.12m  -2.0161173884.4      Ca A  3835A  -9.845   0.0174      H  1 1.875m  -8.641   0.2787      C  1  1140A -10.057   0.0107            
 nFnu 19.62m  -9.487   0.0397      Ca A  3798A  -9.934   0.0142      H  1 1.282m  -8.838   0.1768      level2 lines................            
 nInu 19.62m  -2.0371119030.4      Ca A  3771A -10.011   0.0119      H  1 1.094m  -9.033   0.1128      C  1 943.9A  -9.363   0.0528            
 nFnu 17.65m  -9.436   0.0447      Ca A  3750A -10.079   0.0102      H  1 1.005m  -9.229   0.0720      C  1  1248A  -9.312   0.0594            
 nInu 17.65m  -2.0551073746.0      Ca A  3734A -10.140   0.0088      H  1  9546A  -9.427   0.0456      C  1 841.0A -10.718   0.0023            
 nFnu 17.37m  -9.430   0.0453      Ca A  3722A -10.195   0.0078      H  1  9229A  -9.586   0.0316      C  1  1561A  -9.590   0.0313            
 nInu 17.37m  -2.0571067717.0      Ca A  3712A -10.243   0.0070      H  1  9015A  -9.792   0.0197      C  1  1315A  -9.521   0.0367            
 nFnu 15.69m  -9.389   0.0498      Ca A  3704A -10.284   0.0063      H  1 4.051m  -9.215   0.0742      C  1  1166A  -9.718   0.0233            
 nInu 15.69m  -2.0741028365.1      Ca A  3697A -10.318   0.0059      H  1 2.625m  -9.410   0.0474      C  1  1233A  -9.732   0.0226            
 nFnu 14.60m  -9.354   0.0539      Ca A  3692A -10.346   0.0055      H  1 2.166m  -9.603   0.0304      C  1  1132A -10.008   0.0120            
 nInu 14.60m  -2.0851001684.2      Ca A  3687A -10.373   0.0052      H  1 1.945m  -9.800   0.0193      C  1  1251A -10.020   0.0116            
 nFnu 12.43m  -9.281   0.0638      Ca A  3683A -10.400   0.0048      H  1 1.817m  -9.957   0.0134      C  1  1112A -10.153   0.0086            
 nInu 12.43m  -2.112941506.06      Ca A  3679A -10.429   0.0045      H  1 1.736m -10.162   0.0084      C  1  1115A -10.203   0.0076            
 nFnu 11.40m  -9.248   0.0688      Ca A  3676A -10.460   0.0042      H  1 7.458m  -9.709   0.0238      C  1  1162A -10.280   0.0064            
 nInu 11.40m  -2.126911925.88      Ca A  3674A -10.492   0.0039      H  1 4.653m  -9.897   0.0154      C  1  1167A -10.448   0.0043            
 nFnu 10.46m  -9.206   0.0758      Ca A  3671A -10.526   0.0036      H  1 3.740m -10.093   0.0098      C  1  1104A -10.389   0.0050            
 nInu 10.46m  -2.140883278.69      Ca A 1.875m  -9.154   0.0855      H  1 3.296m -10.249   0.0069      C  1  1109A -10.403   0.0048            
 nFnu 9.480m  -9.170   0.0824      Ca A 1.282m  -9.478   0.0406      H  1 3.038m -10.452   0.0043      C  1  1130A -10.612   0.0030            
 nInu 9.480m  -2.136891253.06      Ca A 1.094m  -9.739   0.0222      H  1 12.37m -10.164   0.0084      C  1  1098A -10.555   0.0034            
 nFnu 9.325m  -9.165   0.0834      Ca A 1.005m  -9.949   0.0137      H  1 7.500m -10.341   0.0056      C  1  1132A -10.579   0.0032            
 nInu 9.325m  -2.132898942.12      Ca A  9546A -10.121   0.0092      H  1 5.907m -10.491   0.0039      C  1  1106A -10.641   0.0028            
 nFnu 8.210m  -9.107   0.0953      Ca A  9229A -10.261   0.0067      H  1 5.127m -10.692   0.0025      C  1  1093A -10.743   0.0022            
 nInu 8.210m  -2.087998439.88      Ca A  9015A -10.377   0.0051      H  1 19.06m -10.579   0.0032      C  1  1110A -10.809   0.0019            
 nFnu 7.580m  -9.081   0.1012      Ca A  8863A -10.474   0.0041      H  1 11.31m -10.706   0.0024      C  1  1114A -10.828   0.0018            
 nInu 7.580m  -2.0461095660.4      Ca A  8750A -10.557   0.0034      H  1 8.758m -10.899   0.0015      C  1  1115A -10.837   0.0018            
 nFnu 7.050m  -9.040   0.1112      Ca A  8665A -10.629   0.0029      H  1 27.80m -10.920   0.0015      C  1  1090A -10.878   0.0016            
 nInu 7.050m  -2.0041207896.0      Ca A  8598A -10.692   0.0025      He-like iso-sequence........      C  1  1104A -11.015   0.0012            
 nFnu 4.114m  -8.845   0.1743      Ca A  8545A -10.745   0.0022      He 1 584.3A  -8.269   0.6552      C  1  1104A -11.023   0.0012            
 nInu 4.114m  -1.4824013796.0      Ca A  8502A -10.789   0.0020      He 1 537.0A  -9.154   0.0856      C  2 892.8A -10.757   0.0021            
 nFnu 2.324m  -8.770   0.2069      Ca A  8467A -10.825   0.0018      He 1 522.2A  -9.498   0.0387      C  2  1020A -10.244   0.0070            
 nInu 2.324m  -0.883*********      Ca A  8438A -10.856   0.0017      He 1 515.6A  -9.791   0.0197      N  1 942.3A -10.530   0.0036            
 nFnu 1.643m  -8.730   0.2270      Ca A  8413A -10.884   0.0016      He 1 512.1A -10.034   0.0113      N  1 952.1A -10.504   0.0038            
 nInu 1.643m  -0.482*********      Ca A  8392A -10.912   0.0015      Pho+  3889A  -8.997   0.1228      N  1  1131A -10.571   0.0033            
 nFnu 1.480m  -8.574   0.3253      Ca A  8374A -10.941   0.0014      database lines..............      O  1 867.3A -10.427   0.0046            
 nInu 1.480m  -0.418*********      Ca A  8359A -10.972   0.0013      OH   84.57m -10.811   0.0019      O  1 787.5A -10.658   0.0027            
 nFnu 1.436m  -8.290   0.6251      Ca A  8346A -11.005   0.0012      OH   84.57m -10.942   0.0014      O  1 976.8A  -9.828   0.0181            
 nInu 1.436m  -0.393*********      Ca A  8334A -11.039   0.0011      OH   84.40m -10.861   0.0017      O  1 969.0A -10.036   0.0112            
 nFnu 1.119m  -8.107   0.9515      Ca A 4.051m  -9.758   0.0213      OH   84.40m -10.992   0.0012      O  1 946.4A -10.393   0.0049            
 nInu 1.119m  -0.226*********      Ca A 2.625m -10.005   0.0120      level 1 lines...............      O  1 934.5A -10.718   0.0023            
 nFnu  8330A  -8.114   0.9380      Ca A 2.166m -10.222   0.0073      C  1  1656A  -9.122   0.0921      O  1 973.6A -10.970   0.0013            
 nInu  8330A  -0.069*********      Ca A 1.945m -10.408   0.0048      REC   1656A -10.143   0.0088      O  1 927.5A -10.980   0.0013            
 nFnu  8079A  -7.803   1.9200      Ca A 1.817m -10.565   0.0033      C Ic  9850A  -9.458   0.0424      O  1 948.5A -10.998   0.0012            
 nInu  8079A  -0.044*********      Ca A 1.736m -10.696   0.0025      TOTL  9850A  -9.458   0.0424      Al 2  1671A  -9.996   0.0123            
 nFnu  6210A  -8.159   0.8458      Ca A 1.681m -10.806   0.0019      C  1  8727A  -8.757   0.2131      Si 1  1261A -10.268   0.0066            
 nInu  6210A   0.143*********      Ca A 1.641m -10.899   0.0015      C  2  1335A -10.083   0.0101      Si 1  1853A -10.337   0.0056            
 nFnu  4885A  -8.633   0.2837      Ca A 1.611m -10.979   0.0013      N  1 953.9A -10.489   0.0040      Si 1  1694A -10.533   0.0036            
 nInu  4885A   0.293*********      Ca A 1.588m -11.047   0.0011      N  1  1200A  -9.441   0.0441      Si 1  1626A -10.824   0.0018            
 nFnu  3704A  -9.405   0.0480      Ca A 7.458m -10.257   0.0067      N  1 1.040m -10.923   0.0015      Si 1  1091A -10.854   0.0017            
 nInu  3704A   0.394*********      Ca A 4.653m -10.455   0.0043      TOTL 1.040m -10.585   0.0032      Si 1  2000A -11.032   0.0011            
 nFnu  3588A  -7.265   6.6235      Ca A 3.740m -10.642   0.0028      O  1  6300A  -8.840   0.1761      Si 1  1591A -11.055   0.0011            
 nInu  3588A   0.393*********      Ca A 3.296m -10.807   0.0019      O  1  6363A  -9.336   0.0562      Si 2  1180A  -9.479   0.0404            
 nFnu  2430A  -9.246   0.0692      Ca A 3.038m -10.948   0.0014      O  1 63.17m -10.112   0.0094      Si 2 993.4A -10.324   0.0058            
 nInu  2430A   0.666*********      Ca A 2.872m -11.067   0.0010      Ne 2 12.81m -11.079   0.0010      S  1  1356A -10.784   0.0020            
 nFnu  2392A  -9.336   0.0562      Ca A 12.37m -10.683   0.0025      Na 1  5892A  -9.457   0.0425      S  1  1227A -10.962   0.0013            
 nInu  2392A   0.671*********      Ca A 7.500m -10.849   0.0017      Mg 1  2853A -10.312   0.0059      S  1  1662A -11.046   0.0011            
 nFnu  2071A  -9.505   0.0381      Ca A 5.907m -11.013   0.0012      TOTL  2798A  -8.989   0.1250      S  2 750.3A -10.913   0.0015            
 nInu  2071A   0.772*********      Ca A 19.06m -11.057   0.0011      Mg 2  2796A  -9.168   0.0828      Ar 1  1096A -10.761   0.0021            
 nFnu  2053A  -9.568   0.0329      Ca B  6563A  -8.175   0.8150      Mg 2  2803A  -9.460   0.0423      Ti 2  3366A -10.863   0.0017            
 nInu  2053A   0.768*********      Ca B  4861A  -8.637   0.2811      Si 1  2518A -10.429   0.0045      Cr 1  4271A -11.081   0.0010            
 nFnu  1793A -10.190   0.0079      Ca B  4340A  -8.964   0.1325      Si 1  2215A -11.038   0.0011      hyperfine structure.........            
 nInu  1793A   0.856*********      Ca B  4102A  -9.207   0.0757      Si 2 34.81m -10.480   0.0040      inner shell.................            
 nFnu  1585A  -9.965   0.0132      Ca B  3970A  -9.392   0.0495      Si 2  1531A -10.299   0.0061      molecules...................            
 nInu  1585A   0.849*********      Ca B  3889A  -9.535   0.0355      Si 2  1308A -10.379   0.0051      H-CT  6563A  -8.523   0.3655            



                                                                           
 Cooling:  HFBc     0 :0.102 HFFc     0 :0.103 C  1  8727A:0.067 O  1  6300A:0.056 CaF1  7291A:0.079 CaF2  7324A:0.052 Fe2c     0 :0.243  
 Heating:  BFH1     0 :0.946  

 These are some of the most important databases used by Cloudy:
 Many recombination coefficients were taken from http://amdpp.phys.strath.ac.uk/tamoc/RR/ and http://amdpp.phys.strath.ac.uk/tamoc/DR/
      and are based on the following papers:
        Badnell N. R., et al., A&A 406, 1151 (2003) [http://adsabs.harvard.edu/abs/2003A%26A...406.1151B]
        Badnell N. R., ApJS 167, 334 (2006) [http://adsabs.harvard.edu/abs/2006ApJS..167..334B]
 Much of the molecular emission data is from LAMDA as accessed on Dec. 18, 2010. This database is described in:
        Schoeier F.L., et al., A&A 432, 369 (2005) [http://adsabs.harvard.edu/abs/2005A%26A...432..369S]
      This database is in part based on the work of the following groups:
        JPL: Pickett H. M. et al., JQSRT, 60, 883 (1998). [http://adsabs.harvard.edu/abs/1998JQSRT..60..883P]
        CDMS: Mueller H. S. et al., A&A 370, L49 (2001). [http://adsabs.harvard.edu/abs/2001A%26A...370L..49M]
              Mueller H. S. et al., J. Mol. Struct. 742, 215 (2005). [http://adsabs.harvard.edu/abs/2005JMoSt.742..215M]
 Much of the ionic emission data is from version 7.0 of CHIANTI. CHIANTI is a collaborative project involving the NRL (USA), the
      Universities of Florence (Italy) and Cambridge (UK), and George Mason University (USA). These papers describe Chianti:
        Dere K. P., et al., A&AS, 125, 149 (1997) [http://adsabs.harvard.edu/abs/1997A%26AS..125..149D]
        Landi E., et al., ApJ, 744, 99 (2012) [http://adsabs.harvard.edu/abs/2012ApJ...744...99L]
 Much of the H_2 data is from this web site: http://molat.obspm.fr/index.php?page=pages/Molecules/H2/H2can94.php. These data are
      described in:
        Abgrall H. et al., Can. J. Phys., 72, 856 (1994) [http://adsabs.harvard.edu/abs/1994CaJPh..72..856A]
        Wrathmall S. A. & Flower D. R., J. Phys. B, 40, 3221 (2007) [http://adsabs.harvard.edu/abs/2007JPhB...40.3221W]
 Please cite those papers that played a significant role in this calculation.

 IONIZE PARMET:  U(1-) -9.4768  U(4-):-12.0066  U(sp): -9.48  Q(ion):   10.000  L(ion) -0.554    Q(low): 12.564    L(low)  1.044
 ENERGY BUDGET:  Heat:  -7.585  Coolg:  -7.585  Error:  0.0%  Rec Lin:  -7.714  F-F  H  0.000    P(rad/tot)max     0.00E+00

     Col(Heff):      0.000E+00  snd travl time  3.57E-04 sec  Te-low: 3.78E+03  Te-hi: 3.78E+03  G0TH85: 4.26E+03  G0DB96:4.44E+03
  Emiss Measure    n(e)n(p) dl       7.684E+15  n(e)n(He+)dl         1.993E+12  En(e)n(He++) dl         1.450E+06  ne nC+:3.69E+13
 He/Ha:1.45E-04  =   0.00*true  Lthin:1.30E+03  itr/zn:59.00  H2 itr/zn:  0.00  File Opacity: F  MassTot 4.06e-13  (gm/cm^2)
   Temps(21 cm)   T(21cm/Ly a)  3.58E+03        T(<nH/Tkin>)  3.78E+03          T(<nH/Tspin>)    3.79E+03          TB21cm:0.00E+00
                   N(H0/Tspin)  4.69E+07        N(OH/Tkin)    8.93E+00          B(21cm)          0.00E+00
   <a>:6.50E-04  erdeFe0.0E+00  Tcompt6.18E+04  Tthr5.88E+06  <Tden>: 3.78E+03  <dens>:2.27E-15  <MolWgt>1.25E+00
     Mean Jeans  l(cm)7.22E+16  M(sun)2.25E+02  smallest:     len(cm):7.22E+16  M(sun):2.25E+02  a_ox tran:  0.00
 Rion:1.000E+30  Dist:0.00E+00  Diam:0.000E+00
 Hatom level 70  HatomType: add  HInducImp  F  He tot level: 63  He2 level:   70  ExecTime    46.0
 ConvrgError(%)  <eden>  0.149  MaxEden  0.149  <H-C>   0.00  Max(H-C)    0.00  <Press>   0.000  MaxPrs er  0.000
  Continuity(%)  chng Te   0.0  elec den   0.0  n(H2)    0.0  n(CO)        0.0

                                                        Averaged Quantities
             Te      Te(Ne)   Te(NeNp)  Te(NeHe+)Te(NeHe2+) Te(NeO+)  Te(NeO2+)  Te(H2)     N(H)     Ne(O2+)   Ne(Np)
 Radius:  3.78e+03  3.78e+03  3.78e+03  3.78e+03  3.78e+03  3.78e+03  3.78e+03  3.78e+03  1.00e+09  6.63e+06  6.63e+06

 Contin Optical Depths: COMP: 7.89e-16    H-: 1.28e-13 R(1300): 1.19e-12  H2+: 2.75e-15  Pfa:7.89E-16
                          Pa: 7.90e-16    Ba: 1.17e-13      Hb: 9.10e-14   La: 2.62e-09     1r:1.123E-06  1.8:3.35E-07 4.:4.886E-08

 Old, new H  1 continuum optical depths:
     1 1.12e-06     2 6.55e-14     3 1.29e-13     4 1.29e-13     5 1.29e-13     6 3.20e-14     7 3.20e-14     8 3.20e-14
     9 3.20e-14    10 1.57e-19    11 1.57e-19    12 1.57e-19    13 1.57e-19    14 1.57e-19    15 3.18e-19    16 3.18e-19
    17 3.18e-19    18 3.18e-19    19 3.18e-19    20 3.18e-19    21 5.87e-19    22 5.87e-19    23 5.87e-19    24 5.87e-19
    25 5.87e-19    26 5.87e-19    27 5.87e-19    28 9.95e-19    29 9.95e-19    30 9.95e-19    31 9.95e-19    32 9.95e-19
    33 9.95e-19    34 9.95e-19    35 9.95e-19    36 1.60e-18    37 1.60e-18    38 1.60e-18    39 1.60e-18    40 1.60e-18
    41 1.60e-18    42 1.60e-18    43 1.60e-18    44 1.60e-18    45 2.46e-18    46 2.46e-18    47 2.46e-18    48 2.46e-18
    49 2.46e-18    50 2.46e-18    51 2.46e-18    52 2.46e-18    53 2.46e-18    54 2.46e-18
     1 1.12e-06     2 6.55e-14     3 1.29e-13     4 1.29e-13     5 1.29e-13     6 3.20e-14     7 3.20e-14     8 3.20e-14
     9 3.20e-14    10 1.57e-19    11 1.57e-19    12 1.57e-19    13 1.57e-19    14 1.57e-19    15 3.18e-19    16 3.18e-19
    17 3.18e-19    18 3.18e-19    19 3.18e-19    20 3.18e-19    21 5.86e-19    22 5.86e-19    23 5.86e-19    24 5.86e-19
    25 5.86e-19    26 5.86e-19    27 5.86e-19    28 9.95e-19    29 9.95e-19    30 9.95e-19    31 9.95e-19    32 9.95e-19
    33 9.95e-19    34 9.95e-19    35 9.95e-19    36 1.60e-18    37 1.60e-18    38 1.60e-18    39 1.60e-18    40 1.60e-18
    41 1.60e-18    42 1.60e-18    43 1.60e-18    44 1.60e-18    45 2.46e-18    46 2.46e-18    47 2.46e-18    48 2.46e-18
    49 2.46e-18    50 2.46e-18    51 2.46e-18    52 2.46e-18    53 2.46e-18    54 2.46e-18

 Old, new H  1 mean line optical depths:
  2- 1 3.02e-02  3- 2 1.85e-13  4- 3 1.70e-15  5- 4 9.52e-16  6- 5 3.06e-15  7- 6 4.78e-15  8- 7 9.65e-15
  9- 8 6.57e-15 10- 9 5.47e-14
  2- 1 3.02e-02  3- 2 1.66e-13  4- 3 1.51e-15  5- 4 8.86e-16  6- 5 2.95e-15  7- 6 4.61e-15  8- 7 9.36e-15
  9- 8 6.25e-15 10- 9 5.44e-14

 Old, new He 2 continuum optical depths:
     1 4.89e-08     2 1.11e-06     3 4.45e-14     4 4.45e-14     5 4.45e-14     6 6.55e-14     7 6.55e-14     8 6.55e-14
     9 6.55e-14    10 1.04e-13    11 1.04e-13    12 1.04e-13    13 1.04e-13    14 1.04e-13    15 1.29e-13    16 1.29e-13
    17 1.29e-13    18 1.29e-13    19 1.29e-13    20 1.29e-13    21 1.09e-13    22 1.09e-13    23 1.09e-13    24 1.09e-13
    25 1.09e-13    26 1.09e-13    27 1.09e-13    28 3.20e-14    29 3.20e-14    30 3.20e-14    31 3.20e-14    32 3.20e-14
    33 3.20e-14    34 3.20e-14    35 3.20e-14    36 9.71e-20    37 9.71e-20    38 9.71e-20    39 9.71e-20    40 9.71e-20
    41 9.71e-20    42 9.71e-20    43 9.71e-20    44 9.71e-20    45 1.57e-19    46 1.57e-19    47 1.57e-19    48 1.57e-19
    49 1.57e-19    50 1.57e-19    51 1.57e-19    52 1.57e-19    53 1.57e-19    54 1.57e-19
     1 4.89e-08     2 1.11e-06     3 4.45e-14     4 4.45e-14     5 4.45e-14     6 6.55e-14     7 6.55e-14     8 6.55e-14
     9 6.55e-14    10 1.04e-13    11 1.04e-13    12 1.04e-13    13 1.04e-13    14 1.04e-13    15 1.29e-13    16 1.29e-13
    17 1.29e-13    18 1.29e-13    19 1.29e-13    20 1.29e-13    21 1.09e-13    22 1.09e-13    23 1.09e-13    24 1.09e-13
    25 1.09e-13    26 1.09e-13    27 1.09e-13    28 3.20e-14    29 3.20e-14    30 3.20e-14    31 3.20e-14    32 3.20e-14
    33 3.20e-14    34 3.20e-14    35 3.20e-14    36 9.67e-20    37 9.67e-20    38 9.67e-20    39 9.67e-20    40 9.67e-20
    41 9.67e-20    42 9.67e-20    43 9.67e-20    44 9.67e-20    45 1.57e-19    46 1.57e-19    47 1.57e-19    48 1.57e-19
    49 1.57e-19    50 1.57e-19    51 1.57e-19    52 1.57e-19    53 1.57e-19    54 1.57e-19

 Old, new He 2 mean line optical depths:
  2- 1 2.53e-08  3- 2 1.14e-20  4- 3 4.43e-21  5- 4 4.43e-21  6- 5 4.43e-21  7- 6 4.43e-21  8- 7 4.43e-21
  9- 8 4.43e-21 10- 9 4.43e-21
  2- 1 2.53e-08  3- 2 7.19e-21  4- 3 2.22e-21  5- 4 2.22e-21  6- 5 2.22e-21  7- 6 2.22e-21  8- 7 2.22e-21
  9- 8 2.22e-21 10- 9 2.22e-21

 Old He Is optical depths:    1 3.35e-07    2 4.35e-14    3 5.42e-14    4 6.09e-14    5 6.09e-14
 New He Is optical depths:    1 3.35e-07    2 4.35e-14    3 5.42e-14    4 6.09e-14    5 6.09e-14
          Old He Is Lines:  584 1.64e-03 3889 2.50e-12 5016 1.89e-14 5876 6.14e-19
          New He Is Lines:  584 1.64e-03 3889 2.50e-12 5016 1.89e-14 5876 6.14e-19

==== H      compounds ====           Log10 column densities [cm^-2}
   H2        :  7.541   H2*       :  5.346   H2+       :  2.594   H3+       : -0.093
==== He     compounds ====
   HeH+      :  1.274
==== Li     compounds ====
   LiH       : -6.112   LiH+      : -7.495
==== C      compounds ====
   CH        :  3.390   CH+       :  1.780   CH2       :  0.304   CH2+      : -1.510   CH3       : -3.772   CH3+      : -4.863   CH4       : -7.558   CH4+      : -9.393
   CH5+      :-14.787   C2        :  0.280   C2+       : -0.766   C2H       : -2.348   C2H+      : -3.747   C2H2      : -8.428   C2H2+     : -7.322   C2H3+     :-11.948
   C3        : -8.607   C3+       : -6.479   C3H       :-11.055   C3H+      : -9.556
==== N      compounds ====
   NH        :  3.380   NH+       :  2.645   NH2       : -0.724   NH2+      : -0.694   NH3       : -3.858   NH3+      : -4.697   NH4+      :-11.295   CN        :  3.419
   CN+       : -1.135   HCN       :  0.729   HCN+      : -0.195   HNC       : -5.402   HCNH+     : -3.779   HC3N      :-35.930   N2        :  4.491   N2+       : -0.447
   N2H+      : -5.859
==== O      compounds ====
   OH        :  4.528   OH+       :  3.930   H2O       :  0.757   H2O+      :  0.456   H3O+      : -3.359   CO        :  6.247   CO+       :  0.152   HCO+      : -0.211
   H2CO      :-35.930   CH3OH     :-35.930   ^13CO     :  4.770   NO        :  1.027   NO+       : -0.177   HNO       : -3.237   HNO+      : -4.107   OCN       : -0.405
   OCN+      : -2.377   N2O       : -3.861   O2        :  0.659   O2+       :  1.131   NO2       : -3.501   NO2+      : -6.985
==== Ne     compounds ====
   NeH+      : -1.285
==== Si     compounds ====
   SiH       : -4.184   SiH2+     : -5.586   SiC2      :-35.930   SiN       : -7.399   SiN+      : -0.827   SiO       :  1.011   SiO+      :  0.280   SiOH+     : -3.574
==== S      compounds ====
   HS        :  2.619   HS+       :  1.140   CS        : -1.065   CS+       : -1.055   HCS+      : -3.788   NS        : -1.099   NS+       : -1.338   SO        :  0.438
   SO+       : -0.178   OCS       : -4.769   OCS+      : -6.383   SO2       :-35.930   S2        : -5.697   S2+       : -6.981
==== Cl     compounds ====
   HCl       : -2.750   HCl+      :  1.278   H2Cl+     : -2.068   CCl       :-14.683   CCl+      : -6.964   H2CCl+    :-18.500   ClO       :-16.417   ClO+      :-20.497
==== Ar     compounds ====
   ArH+      :  2.610
==== Ti     compounds ====
   TiH       :-35.930   TiH+      :-35.930   TiH2      :-35.930   TiH2+     :-35.930   TiC       :-35.930   TiC+      :-35.930   HCTi      :-35.930   HCTi+     :-35.930
   TiC2      :-35.930   TiC2+     :-35.930   TiN       :-35.930   TiN+      :-35.930   HNTi      :-35.930   HNTi+     :-35.930   TiNC      :-35.930   TiNC+     :-35.930
   TiO       :-35.930   TiO+      :-35.930   TiOH+     :-35.930   TiO2      :-35.930   TiF+      :-35.930   TiS       :-35.930   TiS+      :-35.930   HTiS      :-35.930


               1      2      3      4      5      6      7      8      9     10     11     12     13     14     15     16     17

 Hydrogen   11.249  9.064  7.544 (H2)                Log10 Column density (cm^-2)
 Helium     10.182  5.478 -0.661
 Lithium     0.008 -0.008-10.965-30.000
 Beryllium   0.617 -0.814 -4.837-30.000-30.000
 Boron       1.817  1.379 -6.147-30.000-30.000-30.000
 Carbon      7.610  6.746  0.869-30.000-30.000-30.000-30.000
 Nitrogen    7.079  4.251 -4.502-30.000-30.000-30.000-30.000-30.000
 Oxygen      7.931  5.635 -2.879-30.000-30.000-30.000-30.000-30.000-30.000
 Fluorine    3.810  1.463 -3.102-30.000-30.000-30.000-30.000-30.000-30.000-30.000
 Neon        7.182  4.369 -0.258-30.000-30.000-30.000-30.000-30.000-30.000-30.000-30.000
 Sodium      4.380  5.458  0.625-30.000-30.000-30.000-30.000-30.000-30.000-30.000-30.000-30.000
 Magnesium   5.469  6.834  2.691-30.000-30.000-30.000-30.000-30.000-30.000-30.000-30.000-30.000-30.000
 Aluminium   2.397  5.702  0.525-30.000-30.000-30.000-30.000-30.000-30.000-30.000-30.000-30.000-30.000-30.000
 Silicon     6.214  6.619  0.475-30.000-30.000-30.000-30.000-30.000-30.000-30.000-30.000-30.000-30.000-30.000-30.000
 Phosphorus  2.013  4.661 -0.350-30.000-30.000-30.000-30.000-30.000-30.000-30.000-30.000-30.000-30.000-30.000-30.000-30.000
 Sulphur     5.940  6.173  0.946-30.000-30.000-30.000-30.000-30.000-30.000-30.000-30.000-30.000-30.000-30.000-30.000-30.000-30.000
 Chlorine    3.250  4.738  0.187-30.000-30.000-30.000-30.000-30.000-30.000-30.000-30.000-30.000-30.000-30.000-30.000-30.000-30.000
-30.000
 Argon       5.651  2.639 -2.129-30.000-30.000-30.000-30.000-30.000-30.000-30.000-30.000-30.000-30.000-30.000-30.000-30.000-30.000
-30.000-30.000
 Potassium   3.723  4.141 -0.787-30.000-30.000-30.000-30.000-30.000-30.000-30.000-30.000-30.000-30.000-30.000-30.000-30.000-30.000
-30.000-30.000-30.000
 Calcium     5.491  4.911  2.034-30.000-30.000-30.000-30.000-30.000-30.000-30.000-30.000-30.000-30.000-30.000-30.000-30.000-30.000
-30.000-30.000-30.000-30.000
 Scandium    2.297  1.732 -0.885-30.000-30.000-30.000-30.000-30.000-30.000-30.000-30.000-30.000-30.000-30.000-30.000-30.000-30.000
-30.000-30.000-30.000-30.000-30.000
 Titanium    0.529  4.202  0.789 -5.983-30.000-30.000-30.000-30.000-30.000-30.000-30.000-30.000-30.000-30.000-30.000-30.000-30.000
-30.000-30.000-30.000-30.000-30.000-30.000
 Vanadium    3.154  1.979 -0.972-30.000-30.000-30.000-30.000-30.000-30.000-30.000-30.000-30.000-30.000-30.000-30.000-30.000-30.000
-30.000-30.000-30.000-30.000-30.000-30.000-30.000
 Chromium    4.722  4.405 -0.695-30.000-30.000-30.000-30.000-30.000-30.000-30.000-30.000-30.000-30.000-30.000-30.000-30.000-30.000
-30.000-30.000-30.000-30.000-30.000-30.000-30.000-30.000
 Manganese   1.039  4.682  0.011-30.000-30.000-30.000-30.000-30.000-30.000-30.000-30.000-30.000-30.000-30.000-30.000-30.000-30.000
-30.000-30.000-30.000-30.000-30.000-30.000-30.000-30.000-30.000
 Iron        2.862  6.752  1.381-30.000-30.000-30.000-30.000-30.000-30.000-30.000-30.000-30.000-30.000-30.000-30.000-30.000-30.000
-30.000-30.000-30.000-30.000-30.000-30.000-30.000-30.000-30.000-30.000
 Cobalt      4.231  2.657 -4.811-30.000-30.000-30.000-30.000-30.000-30.000-30.000-30.000-30.000-30.000-30.000-30.000-30.000-30.000
-30.000-30.000-30.000-30.000-30.000-30.000-30.000-30.000-30.000-30.000-30.000
 Nickel      2.032  5.472 -2.281-30.000-30.000-30.000-30.000-30.000-30.000-30.000-30.000-30.000-30.000-30.000-30.000-30.000-30.000
-30.000-30.000-30.000-30.000-30.000-30.000-30.000-30.000-30.000-30.000-30.000-30.000
 Copper      3.396  2.451 -2.349-30.000-30.000-30.000-30.000-30.000-30.000-30.000-30.000-30.000-30.000-30.000-30.000-30.000-30.000
-30.000-30.000-30.000-30.000-30.000-30.000-30.000-30.000-30.000-30.000-30.000-30.000-30.000
 Zinc        3.804  2.090 -1.874-30.000-30.000-30.000-30.000-30.000-30.000-30.000-30.000-30.000-30.000-30.000-30.000-30.000-30.000
-30.000-30.000-30.000-30.000-30.000-30.000-30.000-30.000-30.000-30.000-30.000-30.000-30.000-30.000
 Exc state    He1*  1.173   CII*  6.566   C11*  6.661   C12*  7.135   C13*  7.352   O11*  7.689   O12*  7.441   O13*  6.952
              Si2*  6.426   C30* -8.640   C31* -9.831   C32* -7.846


 Hydrogen   -0.003 -2.188 -3.407 (H2)                 Log10 Mean Ionisation (over radius)
 Helium     -0.000 -4.704-10.843
 Lithium    -0.293 -0.309-11.266
 Beryllium  -0.016 -1.446 -5.470
 Boron      -0.135 -0.573 -8.099
 Carbon     -0.072 -0.936 -6.813
 Nitrogen   -0.003 -2.831-11.584
 Oxygen     -0.011 -2.307-10.821
 Fluorine   -0.002 -2.349 -6.914
 Neon       -0.001 -2.813 -7.440
 Sodium     -1.113 -0.035 -4.868
 Magnesium  -1.383 -0.018 -4.162
 Aluminium  -3.306 -0.000 -5.177
 Silicon    -0.549 -0.144 -6.288
 Phosphorus -2.649 -0.001 -5.012
 Sulphur    -0.433 -0.200 -5.427
 Chlorine   -1.502 -0.014 -4.565
 Argon      -0.001 -3.013 -7.781
 Potassium  -0.558 -0.141 -5.069
 Calcium    -0.101 -0.682 -3.559
 Scandium   -0.105 -0.670 -3.286
 Titanium   -3.673 -0.000 -3.413-10.185
 Vanadium   -0.028 -1.203 -4.154
 Chromium   -0.171 -0.487 -5.588
 Manganese  -3.643 -0.000 -4.671
 Iron       -3.889 -0.000 -5.371
 Cobalt     -0.011 -1.585 -9.053
 Nickel     -3.440 -0.000 -7.753
 Copper     -0.047 -0.992 -5.791
 Zinc       -0.008 -1.722 -5.686

               1      2      3      4      5      6      7      8      9     10     11     12     13     14     15     16     17

 Hydrogen   -0.003 -2.188 -3.407 (H2)         Log10 Mean Ionisation (over radius*electron density)
 Helium     -0.000 -4.704-10.843
 Lithium    -0.293 -0.309-11.266
 Beryllium  -0.016 -1.446 -5.470
 Boron      -0.135 -0.573 -8.099
 Carbon     -0.072 -0.936 -6.813
 Nitrogen   -0.003 -2.831-11.584
 Oxygen     -0.011 -2.307-10.821
 Fluorine   -0.002 -2.349 -6.914
 Neon       -0.001 -2.813 -7.440
 Sodium     -1.113 -0.035 -4.868
 Magnesium  -1.383 -0.018 -4.162
 Aluminium  -3.306 -0.000 -5.177
 Silicon    -0.549 -0.144 -6.288
 Phosphorus -2.649 -0.001 -5.012
 Sulphur    -0.433 -0.200 -5.427
 Chlorine   -1.502 -0.014 -4.565
 Argon      -0.001 -3.013 -7.781
 Potassium  -0.558 -0.141 -5.069
 Calcium    -0.101 -0.682 -3.559
 Scandium   -0.105 -0.670 -3.286
 Titanium   -3.673 -0.000 -3.413-10.185
 Vanadium   -0.028 -1.203 -4.154
 Chromium   -0.171 -0.487 -5.588
 Manganese  -3.643 -0.000 -4.671
 Iron       -3.889 -0.000 -5.371
 Cobalt     -0.011 -1.585 -9.053
 Nickel     -3.440 -0.000 -7.753
 Copper     -0.047 -0.992 -5.791
 Zinc       -0.008 -1.722 -5.686

               1      2      3      4      5      6      7      8      9     10     11     12     13     14     15     16     17

 Hydrogen    3.577  3.577  3.577 (H2)                  Log10 Mean Temperature (over radius)
 Helium      3.577  3.577  3.577
 Lithium     3.577  3.577  3.577
 Beryllium   3.577  3.577  3.577
 Boron       3.577  3.577  3.577
 Carbon      3.577  3.577  3.577
 Nitrogen    3.577  3.577  3.577
 Oxygen      3.577  3.577  3.577
 Fluorine    3.577  3.577  3.577
 Neon        3.577  3.577  3.577
 Sodium      3.577  3.577  3.577
 Magnesium   3.577  3.577  3.577
 Aluminium   3.577  3.577  3.577
 Silicon     3.577  3.577  3.577
 Phosphorus  3.577  3.577  3.577
 Sulphur     3.577  3.577  3.577
 Chlorine    3.577  3.577  3.577
 Argon       3.577  3.577  3.577
 Potassium   3.577  3.577  3.577
 Calcium     3.577  3.577  3.577
 Scandium    3.577  3.577  3.577
 Titanium    3.577  3.577  3.577  3.577
 Vanadium    3.577  3.577  3.577
 Chromium    3.577  3.577  3.577
 Manganese   3.577  3.577  3.577
 Iron        3.577  3.577  3.577
 Cobalt      3.577  3.577  3.577
 Nickel      3.577  3.577  3.577
 Copper      3.577  3.577  3.577
 Zinc        3.577  3.577  3.577

               1      2      3      4      5      6      7      8      9     10     11     12     13     14     15     16     17

 Hydrogen    3.577  3.577  3.577 (H2)          Log10 Mean Temperature (over radius*electron density)
 Helium      3.577  3.577  3.577
 Lithium     3.577  3.577  3.577
 Beryllium   3.577  3.577  3.577
 Boron       3.577  3.577  3.577
 Carbon      3.577  3.577  3.577
 Nitrogen    3.577  3.577  3.577
 Oxygen      3.577  3.577  3.577
 Fluorine    3.577  3.577  3.577
 Neon        3.577  3.577  3.577
 Sodium      3.577  3.577  3.577
 Magnesium   3.577  3.577  3.577
 Aluminium   3.577  3.577  3.577
 Silicon     3.577  3.577  3.577
 Phosphorus  3.577  3.577  3.577
 Sulphur     3.577  3.577  3.577
 Chlorine    3.577  3.577  3.577
 Argon       3.577  3.577  3.577
 Potassium   3.577  3.577  3.577
 Calcium     3.577  3.577  3.577
 Scandium    3.577  3.577  3.577
 Titanium    3.577  3.577  3.577  3.577
 Vanadium    3.577  3.577  3.577
 Chromium    3.577  3.577  3.577
 Manganese   3.577  3.577  3.577
 Iron        3.577  3.577  3.577
 Cobalt      3.577  3.577  3.577
 Nickel      3.577  3.577  3.577
 Copper      3.577  3.577  3.577
 Zinc        3.577  3.577  3.577

               1      2      3      4      5      6      7      8      9     10     11     12     13     14     15     16     17
                                                                          

---------------Convergence statistics---------------
      2.02 mean iterations/state convergence
      2.99 mean cx acceleration loops/iteration
      1.07 mean iso convergence loops/ion solve
      1.13 mean steps/chemistry solve
      1.15 mean step length searches/chemistry step
----------------------------------------------------

 Cloudy ends: 1 zone, 3 iterations, 1 caution.  ExecTime(s) 46.03
 [Stop in cdMain at ../maincl.cpp:483, Cloudy exited OK]
 ************************************************** GRID_DELIMIT -- grid000000035
