                                                          Cloudy 13.03
                                                         www.nublado.org

                       **************************************13Feb20**************************************
                       *                                                                                 *
                       * c                                                                               *
                       * phi(h) 13.000000 LOG range -0.000232 6.866524                                   *
                       * grid from 8 to 23 in 1 dex steps                                                *
                       * HDEN=11.000000 LOG                                                              *
                       * grid from 0 to 12 in 1 dex steps                                                *
                       * set pres ionize 1e5                                                             *
                       * c                                                                               *
                       * c                                                                               *
                       * table star "inst_padova_agbtrack_z.mod" age 6.78                                *
                       * c<< inst_padova_ model    4 read.       Age =    6010000.00                 >>> *
                       * c<< inst_padova_ model    5 read.       Age =    8010000.00                 >>> *
                       * c<< FINAL:     Age =    6025595.86                                          >>> *
                       * c                                                                               *
                       * c                                                                               *
                       * abundances GASS10                                                               *
                       * c                                                                               *
                       * c                                                                               *
                       * iterate to convergence max = 7                                                  *
                       * stop column density = 23                                                        *
                       * c                                                                               *
                       * c                                                                               *
                       * print last                                                                      *
                       * set save prefix "padova_inst_6"                                                 *
                       * save grid ".grd" last no hash                                                   *
                       * save linelist "emissionlines_abs.txt" "LineList_HII.dat" absolute last no hash    *
                       *                                                                                 *
                       ***********************************************************************************



 NOTE Setcon: continuum has zero intensity starting at  1.0074e+01 Ryd.
     1 cells in the incident continuum have zero intensity.  Problems???

           !The plasma frequency is 9.45e-07 Ryd.  The incident continuum is set to 0 below this.
           4147CellPeak1.00E+00   Lo 1.00e-08=910.79cm   Hi-Con:1.01E+01 Ryd   E(hi):7.35E+06Ryd     E(hi):     100.01 MeV
           I(nu>1ryd):   2.4461   Average nu:1.281E+00   I( X-ray):   0.0000   I(BalC):   3.9565     Phi(BalmrC):  14.8871
           phi(1.0-1.8):12.9816   phi(1.8-4.0): 11.585   phi(4.0-20): 10.470   phi(20--):  0.000     Ion pht flx:1.000E+13
           I(gam ray):   0.0000   phi(gam r):   0.0000   I(Infred):   3.3045   Alf(ox):   0.0000     Total inten:   4.0547
           U(1.0----):3.336E-09   U(4.0----):9.850E-12   T(En-Den):8.409E+01   T(Comp):2.168E+04     nuJnu(912A):1.914E+03
           Occ(FarIR):0.000E+00   Occ(H n=6):4.632E-09   Occ(1Ryd):8.799E-14   Occ(4R):1.016E-18     Occ (Nu-hi):0.000E+00
           Tbr(FarIR):0.000E+00   Tbr(H n=6):2.030E-05   Tbr(1Ryd):1.391E-08   Tbr(4R):6.421E-13     Tbr (Nu-hi):0.000E+00
  
                                                  Gas Phase Chemical Composition
        H :  0.0000  He: -1.0701  Li:-10.9508  Be:-10.6198  B : -9.3002  C : -3.5702  N : -4.1701  O : -3.3098  F : -7.4401
        Ne: -4.0701  Na: -5.7595  Mg: -4.4001  Al: -5.5498  Si: -4.4895  P : -6.5901  S : -4.8794  Cl: -6.5003  Ar: -5.6003
        K : -6.9706  Ca: -5.6596  Sc: -8.8508  Ti: -7.0501  V : -8.0701  Cr: -6.3595  Mn: -6.5702  Fe: -4.5003  Co: -7.0101
                                               Ni: -5.7799  Cu: -7.8097  Zn: -7.4401
 
 ####  1  Te:5.028E+03 Hden:1.000E+11 Ne:2.474E+09 R:1.000E+30 R-R0:1.117E+01 dR:2.234E+01 NTR: 50 Htot:1.387E-05 T912: 1.38e-05###
 Hydrogen      9.76e-01 2.45e-02 H+o/Hden 1.00e+00 5.20e-08 H-    H2 1.78e-06 3.01e-09 H2+ HeH+ 4.14e-10 Ho+ ColD 2.18e+12 5.47e+10
 Helium        1.00e+00 3.67e-04 1.07e-09 HeI 2s3S 1.52e-08 Comp H,C 2.73e-16 6.33e-17 Fill Fac 1.00e+00 Gam1/tot 1.00e+00
 He singlet n  1.00e+00 3.98e-10 1.20e-14 8.93e-16 4.36e-15 6.98e-16 He tripl 1.52e-08 1.98e-13 6.91e-16 4.77e-15 1.50e-15
 Pressure      NgasTgas 5.59e+14 P(total) 7.71e-02 P( gas ) 7.71e-02 P(Radtn) 0.00e+00 Rad accl 6.01e-01 ForceMul 2.19e+08
 Texc(La)      4.42e+03 T(I con) 8.41e+01 T(D con) 1.57e+00 T(U tot) 8.41e+01 nT (c+d) 2.07e+07 Prad/Gas 0.00e+00 Pmag/Gas 0.00e+00
 Molecules     CH/Ctot: 9.34e-07 CH+/Ctot 4.35e-08 CO/Ctot: 3.20e-05 CO+/Ctot 4.84e-10 H2O/Otot 3.24e-12 OH/Ototl 3.87e-06
 Lithium       3.19e-01 6.81e-01 6.15e-11 0.00e+00 Berylliu 9.09e-01 9.09e-02 2.37e-05 0.00e+00 0.00e+00 sec ion: 9.78e-11
 Boron         4.92e-01 5.08e-01 1.53e-07 0.00e+00 0.00e+00 0.00e+00
 Carbon        6.61e-01 3.39e-01 3.85e-06 0.00e+00 0.00e+00 0.00e+00 0.00e+00 H2O+/O   1.14e-12 OH+/Otot 1.15e-06 Hex(tot) 0.00e+00
 Nitrogen      9.87e-01 1.25e-02 2.34e-10 0.00e+00 0.00e+00 0.00e+00 0.00e+00 0.00e+00 O2/Ototl 2.17e-10 O2+/Otot 6.22e-10
 Oxygen        9.81e-01 1.94e-02 5.31e-10 0.00e+00 0.00e+00 0.00e+00 0.00e+00 0.00e+00 0.00e+00
 Fluorine      9.88e-01 1.23e-02 9.47e-07 0.00e+00 0.00e+00 0.00e+00 0.00e+00 0.00e+00 0.00e+00 0.00e+00
 Neon          9.96e-01 4.20e-03 2.88e-07 0.00e+00 0.00e+00 0.00e+00 0.00e+00 0.00e+00 0.00e+00 0.00e+00 0.00e+00
 Sodium        7.49e-02 9.25e-01 3.88e-05 0.00e+00 0.00e+00 0.00e+00 0.00e+00 0.00e+00 0.00e+00 0.00e+00 0.00e+00 0.00e+00
 Magnesium     2.71e-02 9.72e-01 4.34e-04 0.00e+00 0.00e+00 0.00e+00 0.00e+00 0.00e+00 0.00e+00 0.00e+00 0.00e+00 0.00e+00 0.00e+00
 Aluminium  0  4.88e-04 9.99e-01 1.98e-05 0.00e+00 0.00e+00 0.00e+00 0.00e+00 0.00e+00 0.00e+00 0.00e+00 0.00e+00 0.00e+00 0.00e+00
 Silicon    0  9.85e-02 9.01e-01 1.82e-05 0.00e+00 0.00e+00 0.00e+00 0.00e+00 0.00e+00 0.00e+00 0.00e+00 0.00e+00 0.00e+00 0.00e+00
 Phosphorus 0  1.95e-03 9.98e-01 3.67e-05 0.00e+00 0.00e+00 0.00e+00 0.00e+00 0.00e+00 0.00e+00 0.00e+00 0.00e+00 0.00e+00 0.00e+00
 Sulphur    0  1.96e-01 8.04e-01 1.16e-04 0.00e+00 0.00e+00 0.00e+00 0.00e+00 0.00e+00 0.00e+00 0.00e+00 0.00e+00 0.00e+00 0.00e+00
 Chlorine   0  2.22e-03 9.98e-01 8.04e-05 0.00e+00 0.00e+00 0.00e+00 0.00e+00 0.00e+00 0.00e+00 0.00e+00 0.00e+00 0.00e+00 0.00e+00
 Argon      0  9.42e-01 5.82e-02 1.81e-05 0.00e+00 0.00e+00 0.00e+00 0.00e+00 0.00e+00 0.00e+00 0.00e+00 0.00e+00 0.00e+00 0.00e+00
 Potassium  0  8.41e-02 9.16e-01 3.06e-05 0.00e+00 0.00e+00 0.00e+00 0.00e+00 0.00e+00 0.00e+00 0.00e+00 0.00e+00 0.00e+00 0.00e+00
 Calcium    0  5.69e-01 4.30e-01 1.17e-03 0.00e+00 0.00e+00 0.00e+00 0.00e+00 0.00e+00 0.00e+00 0.00e+00 0.00e+00 0.00e+00 0.00e+00
 Scandium   0  5.51e-01 4.47e-01 2.01e-03 0.00e+00 0.00e+00 0.00e+00 0.00e+00 0.00e+00 0.00e+00 0.00e+00 0.00e+00 0.00e+00 0.00e+00
 Titanium   0  2.12e-04 9.99e-01 1.15e-03 6.84e-10 0.00e+00 0.00e+00 0.00e+00 0.00e+00 0.00e+00 0.00e+00 0.00e+00 0.00e+00 0.00e+00
 Vanadium   0  8.30e-01 1.69e-01 5.82e-04 0.00e+00 0.00e+00 0.00e+00 0.00e+00 0.00e+00 0.00e+00 0.00e+00 0.00e+00 0.00e+00 0.00e+00
 Chromium   0  4.31e-01 5.69e-01 1.53e-04 0.00e+00 0.00e+00 0.00e+00 0.00e+00 0.00e+00 0.00e+00 0.00e+00 0.00e+00 0.00e+00 0.00e+00
 Manganese  0  2.22e-04 9.99e-01 3.88e-04 0.00e+00 0.00e+00 0.00e+00 0.00e+00 0.00e+00 0.00e+00 0.00e+00 0.00e+00 0.00e+00 0.00e+00
 Iron       0  1.25e-04 1.00e+00 1.13e-04 0.00e+00 0.00e+00 0.00e+00 0.00e+00 0.00e+00 0.00e+00 0.00e+00 0.00e+00 0.00e+00 0.00e+00
 Cobalt     0  9.29e-01 7.11e-02 2.57e-08 0.00e+00 0.00e+00 0.00e+00 0.00e+00 0.00e+00 0.00e+00 0.00e+00 0.00e+00 0.00e+00 0.00e+00
 Nickel     0  3.35e-04 1.00e+00 1.48e-07 0.00e+00 0.00e+00 0.00e+00 0.00e+00 0.00e+00 0.00e+00 0.00e+00 0.00e+00 0.00e+00 0.00e+00
 Copper     0  7.53e-01 2.47e-01 1.60e-05 0.00e+00 0.00e+00 0.00e+00 0.00e+00 0.00e+00 0.00e+00 0.00e+00 0.00e+00 0.00e+00 0.00e+00
 Zinc       0  9.47e-01 5.30e-02 1.50e-05 0.00e+00 0.00e+00 0.00e+00 0.00e+00 0.00e+00 0.00e+00 0.00e+00 0.00e+00 0.00e+00 0.00e+00
 ####114  Te:3.997E+03 Hden:1.000E+11 Ne:9.796E+07 R:1.000E+30 R-R0:2.897E+07 dR:4.857E+05 NTR: 18 Htot:1.632E-07 T912: 1.84e+01###
 Hydrogen      9.99e-01 5.96e-04 H+o/Hden 1.00e+00 2.30e-09 H-    H2 3.78e-05 1.34e-10 H2+ HeH+ 1.39e-10 Ho+ ColD 2.91e+18 1.49e+16
 Helium        1.00e+00 1.58e-04 1.80e-09 HeI 2s3S 6.38e-09 Comp H,C 1.02e-17 1.96e-18 Fill Fac 1.00e+00 Gam1/tot 9.96e-01
 He singlet n  1.00e+00 8.28e-11 1.07e-15 4.93e-18 2.01e-17 1.05e-17 He tripl 6.38e-09 2.36e-15 9.97e-18 8.41e-17 2.90e-17
 Pressure      NgasTgas 4.34e+14 P(total) 6.00e-02 P( gas ) 6.00e-02 P(Radtn) 1.54e-10 Rad accl 1.22e-04 ForceMul 1.15e+06
 Texc(La)      4.54e+03 T(I con) 8.36e+01 T(D con) 2.40e+01 T(U tot) 8.37e+01 nT (c+d) 2.60e+07 Prad/Gas 2.56e-09 Pmag/Gas 0.00e+00
 Molecules     CH/Ctot: 1.31e-06 CH+/Ctot 1.40e-06 CO/Ctot: 3.65e-03 CO+/Ctot 5.91e-08 H2O/Otot 6.72e-09 OH/Ototl 9.49e-05
 Lithium       8.95e-02 9.10e-01 7.65e-11 0.00e+00 Berylliu 2.91e-01 7.09e-01 2.00e-05 0.00e+00 0.00e+00 sec ion: 1.18e-10
 Boron         3.95e-02 9.60e-01 3.34e-08 0.00e+00 0.00e+00 0.00e+00
 Carbon        9.22e-02 9.04e-01 1.34e-06 0.00e+00 0.00e+00 0.00e+00 0.00e+00 H2O+/O   5.93e-09 OH+/Otot 1.44e-05 Hex(tot) 0.00e+00
 Nitrogen      9.98e-01 1.90e-04 5.97e-13 0.00e+00 0.00e+00 0.00e+00 0.00e+00 0.00e+00 O2/Ototl 1.56e-08 O2+/Otot 1.61e-07
 Oxygen        9.97e-01 4.63e-04 3.44e-12 0.00e+00 0.00e+00 0.00e+00 0.00e+00 0.00e+00 0.00e+00
 Fluorine      9.93e-01 7.15e-03 1.81e-06 0.00e+00 0.00e+00 0.00e+00 0.00e+00 0.00e+00 0.00e+00 0.00e+00
 Neon          9.92e-01 7.85e-03 1.79e-06 0.00e+00 0.00e+00 0.00e+00 0.00e+00 0.00e+00 0.00e+00 0.00e+00 0.00e+00
 Sodium        1.15e-01 8.85e-01 1.53e-04 0.00e+00 0.00e+00 0.00e+00 0.00e+00 0.00e+00 0.00e+00 0.00e+00 0.00e+00 0.00e+00
 Magnesium     3.44e-03 9.97e-01 2.20e-05 0.00e+00 0.00e+00 0.00e+00 0.00e+00 0.00e+00 0.00e+00 0.00e+00 0.00e+00 0.00e+00 0.00e+00
 Aluminium  0  7.67e-04 9.99e-01 3.09e-05 0.00e+00 0.00e+00 0.00e+00 0.00e+00 0.00e+00 0.00e+00 0.00e+00 0.00e+00 0.00e+00 0.00e+00
 Silicon    0  8.88e-03 9.91e-01 1.00e-07 0.00e+00 0.00e+00 0.00e+00 0.00e+00 0.00e+00 0.00e+00 0.00e+00 0.00e+00 0.00e+00 0.00e+00
 Phosphorus 0  3.29e-03 9.97e-01 4.61e-06 0.00e+00 0.00e+00 0.00e+00 0.00e+00 0.00e+00 0.00e+00 0.00e+00 0.00e+00 0.00e+00 0.00e+00
 Sulphur    0  6.51e-03 9.93e-01 1.08e-05 0.00e+00 0.00e+00 0.00e+00 0.00e+00 0.00e+00 0.00e+00 0.00e+00 0.00e+00 0.00e+00 0.00e+00
 Chlorine   0  6.03e-02 9.39e-01 5.64e-05 0.00e+00 0.00e+00 0.00e+00 0.00e+00 0.00e+00 0.00e+00 0.00e+00 0.00e+00 0.00e+00 0.00e+00
 Argon      0  1.00e+00 1.83e-04 2.44e-08 0.00e+00 0.00e+00 0.00e+00 0.00e+00 0.00e+00 0.00e+00 0.00e+00 0.00e+00 0.00e+00 0.00e+00
 Potassium  0  1.49e-01 8.51e-01 5.50e-05 0.00e+00 0.00e+00 0.00e+00 0.00e+00 0.00e+00 0.00e+00 0.00e+00 0.00e+00 0.00e+00 0.00e+00
 Calcium    0  5.13e-02 8.93e-01 5.59e-02 0.00e+00 0.00e+00 0.00e+00 0.00e+00 0.00e+00 0.00e+00 0.00e+00 0.00e+00 0.00e+00 0.00e+00
 Scandium   0  5.30e-02 9.34e-01 1.29e-02 0.00e+00 0.00e+00 0.00e+00 0.00e+00 0.00e+00 0.00e+00 0.00e+00 0.00e+00 0.00e+00 0.00e+00
 Titanium   0  3.45e-04 9.99e-01 3.43e-04 0.00e+00 0.00e+00 0.00e+00 0.00e+00 0.00e+00 0.00e+00 0.00e+00 0.00e+00 0.00e+00 0.00e+00
 Vanadium   0  2.13e-01 7.87e-01 2.04e-04 0.00e+00 0.00e+00 0.00e+00 0.00e+00 0.00e+00 0.00e+00 0.00e+00 0.00e+00 0.00e+00 0.00e+00
 Chromium   0  3.11e-02 9.69e-01 1.13e-06 0.00e+00 0.00e+00 0.00e+00 0.00e+00 0.00e+00 0.00e+00 0.00e+00 0.00e+00 0.00e+00 0.00e+00
 Manganese  0  3.68e-04 1.00e+00 2.77e-06 0.00e+00 0.00e+00 0.00e+00 0.00e+00 0.00e+00 0.00e+00 0.00e+00 0.00e+00 0.00e+00 0.00e+00
 Iron       0  1.74e-04 1.00e+00 5.98e-07 0.00e+00 0.00e+00 0.00e+00 0.00e+00 0.00e+00 0.00e+00 0.00e+00 0.00e+00 0.00e+00 0.00e+00
 Cobalt     0  3.90e-01 6.10e-01 4.54e-09 0.00e+00 0.00e+00 0.00e+00 0.00e+00 0.00e+00 0.00e+00 0.00e+00 0.00e+00 0.00e+00 0.00e+00
 Nickel     0  5.77e-04 9.99e-01 5.69e-09 0.00e+00 0.00e+00 0.00e+00 0.00e+00 0.00e+00 0.00e+00 0.00e+00 0.00e+00 0.00e+00 0.00e+00
 Copper     0  1.23e-01 8.77e-01 6.47e-06 0.00e+00 0.00e+00 0.00e+00 0.00e+00 0.00e+00 0.00e+00 0.00e+00 0.00e+00 0.00e+00 0.00e+00
 Zinc       0  4.55e-01 5.45e-01 2.37e-04 0.00e+00 0.00e+00 0.00e+00 0.00e+00 0.00e+00 0.00e+00 0.00e+00 0.00e+00 0.00e+00 0.00e+00
                                                                             
   Calculation stopped because lowest Te reached. Iteration 3 of 3
   The geometry is plane-parallel.
 C-Continuum zero at some energies.
  !The high electron density makes the Nussbaumer/Storey CNO recombination predictions unreliable.
  !H2 vib deexec heating reached 5.37% of the local heating.
  !Charge transfer ionization of H reached 98283.1% of the local H ionization rate.
  !Charge transfer heating reached 7.00% of the local heating.
  !The largest plasma frequency was 9.45e-07 Ryd = 9.64e+04 micron  The continuum is set to 0 below this.
  !AGE: Cloud age was not set.  Longest timescale was 5.36e+05 s = 6.20e+00 days.
  !The excitation temp of Lya exceeded the electron temp, largest value was 5.58e+03K (gas temp there was 4.88e+03K, zone  38)
  !Mutual neutralization production of H-alpha was significant.
  !The CMB was not included.  This is added with the CMB command.
   Continuum fluorescent production of H-beta was significant.
   The density is too low to l-mix the lowest He I collapsed level.  More resolved levels are needed for accurate line ratios.
   The largest continuum occupation number was 4.194e+00 at 9.443e-07 Ryd.
   Grains were not present but might survive in this environment (energy density temperature was 8.41e+01K)
   Stimulated emission was   3.1% of the total for H transition 69 - 68
   The continuum optical depth at the lowest energy considered (1.004e-08 Ryd) was 6.447e+03.
   The fraction of N  in N2 reached 0.117% at some point in the cloud.
   The fraction of C  in CO reached 0.365% at some point in the cloud.

                       *********************************> Cloudy 13.03 <**********************************
                       * c                                                                               *
                       * phi(h) 13.000000 LOG range -0.000232 6.866524                                   *
                       * grid from 8 to 23 in 1 dex steps                                                *
                       * HDEN=11.000000 LOG                                                              *
                       * grid from 0 to 12 in 1 dex steps                                                *
                       * set pres ionize 1e5                                                             *
                       * c                                                                               *
                       * c                                                                               *
                       * table star "inst_padova_agbtrack_z.mod" age 6.78                                *
                       * c                                                                               *
                       * c                                                                               *
                       * abundances GASS10                                                               *
                       * c                                                                               *
                       * c                                                                               *
                       * iterate to convergence max = 7                                                  *
                       * stop column density = 23                                                        *
                       * c                                                                               *
                       * c                                                                               *
                       * print last                                                                      *
                       * set save prefix "padova_inst_6"                                                 *
                       * save grid ".grd" last no hash                                                   *
                       * save linelist "emissionlines_abs.txt" "LineList_HII.dat" absolute last no hash    *
                       *********************************> Log(U): -8.48 <*********************************
                       >>>>>>>>>> Cautions are present.

                     Emission Line Spectrum.   Constant  Density Model.    Open geometry.  Iteration 3 of 3.
                                                     Intensity (erg/s/cm^2).


                                                   Intrinsic line intensities
 general properties..........      H  1  8204A   0.247   0.3583      Ca A 3.748m  -2.155   0.0014      He 1 1.083m  -1.157   0.0141            
 TOTL  4861A   0.693   1.0000      H  1  8204A   0.216   0.3337      Ca A 3.692m  -2.227   0.0012      He 1 1.083m  -0.935   0.0236            
 TOTL  1216A   2.223  33.8946      H  1 1.458m  -0.717   0.0389      Ca A 3.645m  -2.297   0.0010      He 1  3889A  -1.912   0.0025            
 Inci     0    4.0552299.4932      H  1 1.458m  -0.265   0.1100      Ca A 19.06m  -1.825   0.0030      He 1 2.058m  -1.893   0.0026            
 TotH     0    1.759  11.6356      H  1 1.458m  -0.185   0.1323      Ca A 11.31m  -1.858   0.0028      He 1  5876A  -1.715   0.0039            
 TotC     0    1.759  11.6310      H  1 1.458m  -0.448   0.0723      Ca A 8.758m  -1.898   0.0026      He 1  4471A  -2.195   0.0013            
 BFH1     0    1.714  10.4876      H  1 2.279m  -1.101   0.0161      Ca A 7.506m  -1.941   0.0023      He 1  6678A  -2.246   0.0011            
 BFHe     0    0.439   0.5567      H  1 2.279m  -0.650   0.0454      Ca A 6.770m  -1.995   0.0020      Pho+  3889A  -0.018   0.1946            
 TotM     0   -0.055   0.1787      H  1 2.279m  -0.535   0.0592      Ca A 6.290m  -2.060   0.0018      database lines..............            
 CT H     0   -0.094   0.1634      H  1 2.279m  -0.647   0.0457      Ca A 5.955m  -2.132   0.0015      level 1 lines...............            
 H FB     0    0.660   0.9265      H  1 2.279m  -1.072   0.0172      Ca A 5.710m  -2.206   0.0013      C  1  1656A  -0.181   0.1337            
 HFBc     0    0.660   0.9265      H  1 3.281m  -1.402   0.0080      Ca A 5.524m  -2.281   0.0011      REC   1656A  -0.412   0.0786            
 continua....................      H  1 3.281m  -0.951   0.0227      Ca A 27.80m  -2.072   0.0017      C  1  8727A  -1.057   0.0178            
 Bac   3646A   2.001  20.3400      H  1 3.281m  -0.823   0.0305      Ca A 16.20m  -2.086   0.0017      TOTL  2326A  -0.926   0.0240            
 nFnu  3645A   2.009  20.7065      H  1 3.281m  -0.879   0.0268      Ca A 12.38m  -2.122   0.0015      C  2  2325A  -1.695   0.0041            
 nFnu  3647A   0.257   0.3665      H  1 3.281m  -1.127   0.0151      Ca A 10.50m  -2.173   0.0014      C  2  2329A  -1.677   0.0043            
 cout  3646A   1.700  10.1700      H  1 3.281m  -1.668   0.0044      Ca A 9.389m  -2.236   0.0012      C  2  2328A  -1.906   0.0025            
 cref  3646A   1.700  10.1700      H  1 4.466m  -1.647   0.0046      Ca A 8.662m  -2.307   0.0010      C  2  2327A  -1.200   0.0128            
 thin  3646A   2.001  20.3400      H  1 4.466m  -1.198   0.0128      Ca A 38.86m  -2.280   0.0011      C  2  1335A  -0.435   0.0745            
 Inci  4860A   3.273 380.1143      H  1 4.466m  -1.064   0.0175      Ca A 22.33m  -2.290   0.0010      N  1 953.9A  -0.712   0.0394            
 Inci  1215A   3.8811542.2190      H  1 4.466m  -1.093   0.0164      Ca B  6563A   1.157   2.9085      N  1 954.1A  -1.260   0.0111            
 Ba C     0    1.066   2.3599      H  1 4.466m  -1.268   0.0109      Ca B  4861A   0.742   1.1190      N  1  1200A  -0.529   0.0600            
 PA C     0    0.675   0.9595      H  1 4.466m  -1.614   0.0049      Ca B  4340A   0.460   0.5849      N  2  1085A  -1.865   0.0028            
 FIR  83.00m   1.544   7.0905      H  1 4.466m  -2.241   0.0012      Ca B  4102A   0.260   0.3686      O  1  6300A  -1.067   0.0174            
 TIR   1800m  -0.703   0.0402      H  1 5.834m  -1.854   0.0028      Ca B  3970A   0.110   0.2611      O  1  6363A  -1.563   0.0055            
 NIRa 2.850m   2.869 149.8780      H  1 5.834m  -1.406   0.0080      Ca B  3889A  -0.006   0.2001      O  1  5577A  -1.923   0.0024            
 NIRb 3.000m   2.584  77.8407      H  1 5.834m  -1.270   0.0109      Ca B  3835A  -0.099   0.1614      Na 1  5892A   0.297   0.4018            
 MIRa 15.00m   1.242   3.5411      H  1 5.834m  -1.284   0.0105      Ca B  3798A  -0.179   0.1344      Mg 1  4561A  -1.823   0.0030            
 MIRb 22.50m   1.379   4.8513      H  1 5.834m  -1.422   0.0077      Ca B  3771A  -0.255   0.1128      Mg 1  2853A  -0.998   0.0204            
 NMIR 21.75m   2.869 149.8780      H  1 5.834m  -1.683   0.0042      Ca B  3750A  -0.334   0.0940      Mg 1  2026A  -1.720   0.0039            
 TFIR 611.2m   1.032   2.1819      H  1 5.834m  -2.102   0.0016      Ca B  3734A  -0.417   0.0776      TOTL  2798A   0.948   1.7990            
 TALL 10000A   4.0552302.4714      H  1 7.383m  -2.031   0.0019      Ca B  3722A  -0.501   0.0639      Mg 2  2796A   0.766   1.1832            
 F12  12.00m   0.699   1.0146      H  1 7.383m  -1.585   0.0053      Ca B  3712A  -0.584   0.0528      Mg 2  2803A   0.482   0.6157            
 F25  25.00m   0.712   1.0446      H  1 7.383m  -1.448   0.0072      Ca B  3704A  -0.665   0.0438      totl  2665A  -0.852   0.0285            
 F60  60.00m   1.146   2.8348      H  1 7.383m  -1.454   0.0071      Ca B  3697A  -0.743   0.0366      Al 2  2670A  -0.852   0.0285            
 F100 100.0m   0.956   1.8302      H  1 7.383m  -1.570   0.0055      Ca B  3692A  -0.818   0.0308      Si 1  2518A  -1.380   0.0085            
 MIPS 24.00m   0.396   0.5048      H  1 7.383m  -1.785   0.0033      Ca B  3687A  -0.890   0.0261      Si 1  2215A  -1.877   0.0027            
 MIPS 70.00m   0.787   1.2412      H  1 7.383m  -2.109   0.0016      Ca B  3683A  -0.958   0.0223      TOTL  2335A  -0.963   0.0221            
 MIPS 160.0m   0.560   0.7365      H  1 9.115m  -2.187   0.0013      Ca B  3679A  -1.023   0.0192      Si 2  2334A  -1.877   0.0027            
 IRAC 3.600m   1.065   2.3548      H  1 9.115m  -1.742   0.0037      Ca B  3676A  -1.085   0.0167      Si 2  2350A  -1.989   0.0021            
 IRAC 4.500m   0.815   1.3256      H  1 9.115m  -1.604   0.0050      Ca B  3674A  -1.145   0.0145      Si 2  2344A  -1.498   0.0064            
 IRAC 5.800m   0.609   0.8243      H  1 9.115m  -1.606   0.0050      Ca B  3671A  -1.202   0.0127      Si 2  2336A  -1.273   0.0108            
 IRAC 8.000m   0.589   0.7870      H  1 9.115m  -1.709   0.0040      Ca B 1.875m   0.194   0.3166      Si 2  1814A  -1.499   0.0064            
 SPR1 250.0m   0.141   0.2806      H  1 9.115m  -1.896   0.0026      Ca B 1.282m  -0.060   0.1765      Si 2  1531A  -0.852   0.0285            
 SPR2 350.0m  -0.290   0.1041      H  1 9.115m  -2.165   0.0014      Ca B 1.094m  -0.257   0.1122      Si 2  1308A  -0.741   0.0368            
 SPR3 500.0m  -0.666   0.0437      H  1 11.03m  -1.053   0.0179      Ca B 1.005m  -0.406   0.0795      Si 2  1263A  -0.442   0.0732            
 PAC1 70.00m   0.849   1.4322      H  1 13.13m  -1.165   0.0139      Ca B  9546A  -0.522   0.0610      S 1R  1807A  -1.789   0.0033            
 PAC2 100.0m   0.961   1.8512      H  1 15.40m  -1.269   0.0109      Ca B  9229A  -0.615   0.0492      S  2  4074A  -1.841   0.0029            
 PAC3 160.0m   0.817   1.3314      H  1 17.87m  -1.364   0.0088      Ca B  9015A  -0.694   0.0410      S  2 1.033m  -2.035   0.0019            
 PAH  3.300m   0.287   0.3930      H  1 20.51m  -1.453   0.0071      Ca B  8863A  -0.769   0.0345      S II  4070A  -1.922   0.0024            
 PAHC 3.230m   0.013   0.2088      H  1 23.33m  -1.537   0.0059      Ca B  8750A  -0.849   0.0287      S  2  1256A  -1.044   0.0183            
 PAHC 3.370m  -0.064   0.1749      H  1 26.34m  -1.615   0.0049      Ca B  8665A  -0.931   0.0237      K  1  7676A  -0.435   0.0745            
 PAH  6.200m   0.073   0.2401      H  1 29.53m  -1.689   0.0041      Ca B  8598A  -1.015   0.0196      Ca 1  4228A   0.378   0.4836            
 PAHC 5.650m   0.156   0.2904      H  1 32.91m  -1.759   0.0035      Ca B  8545A  -1.098   0.0162      Ca 2  3933A   1.241   3.5351            
 PAH  7.900m   0.152   0.2876      H  1 36.46m  -1.825   0.0030      Ca B  8502A  -1.179   0.0134      Ca 2  8579A   0.385   0.4915            
 PAHC 6.900m   0.240   0.3523      H  1 40.20m  -1.889   0.0026      Ca B  8467A  -1.257   0.0112      Ca 2  7306A  -0.181   0.1337            
 PAH  11.30m  -0.495   0.0648      H  1 44.12m  -1.949   0.0023      Ca B  8438A  -1.332   0.0094      Ca2K  3934A   1.044   2.2450            
 PAHC 10.90m  -0.510   0.0626      H  1 48.22m  -2.007   0.0020      Ca B  8413A  -1.403   0.0080      Ca2H  3969A   0.804   1.2901            
 PAH  11.80m  -0.300   0.1015      H  1 52.50m  -2.062   0.0018      Ca B  8392A  -1.471   0.0068      Ca2X  8498A  -0.729   0.0378            
 PAHC 12.65m  -0.274   0.1079      H  1 56.97m  -0.873   0.0271      Ca B  8374A  -1.537   0.0059      Ca2Y  8542A   0.207   0.3264            
 PAH  13.30m  -0.278   0.1070      He 1 504.3A  -1.104   0.0160      Ca B  8359A  -1.599   0.0051      Ca2Z  8662A  -0.202   0.1273            
 PAHC 14.10m  -0.294   0.1029      He 1  2600A  -2.060   0.0018      Ca B  8346A  -1.658   0.0045      CaF1  7291A  -0.400   0.0807            
 Bcon  3640A   3.9661873.6171      He 1  3421A  -2.017   0.0019      Ca B  8334A  -1.715   0.0039      CaF2  7324A  -0.583   0.0530            
 Pcon  5000A   3.174 302.3763      He 1  3421A  -1.795   0.0032      Ca B 4.051m  -0.455   0.0712      Fe2c     0    0.779   1.2196            
 HFFc     0    0.725   1.0767      He 1  3679A  -2.210   0.0013      Ca B 2.625m  -0.633   0.0472      Fe 2  4300A  -0.622   0.0484            
 H FF     0    0.329   0.4329      C  1  1101A  -0.245   0.1153      Ca B 2.166m  -0.779   0.0337      Fe 2  2400A   0.782   1.2264            
 HeFF     0   -2.241   0.0012      Al 1  2071A  -1.785   0.0033      Ca B 1.945m  -0.893   0.0260      Fe 2  6200A  -1.312   0.0099            
 MeFB     0   -0.719   0.0387      Si 1  1521A  -0.801   0.0320      Ca B 1.817m  -0.985   0.0210      Fe 2  1080A  -1.951   0.0023            
 MeFF     0   -1.300   0.0102      P  1  1182A  -1.818   0.0031      Ca B 1.736m  -1.063   0.0175      Fe 2 1.150m  -1.980   0.0021            
 ToFF     0    0.341   0.4443      S  1  1197A  -0.765   0.0348      Ca B 1.681m  -1.139   0.0147      Fe 2  2500A  -2.028   0.0019            
 nFnu 122.4m  -1.024   0.0192      Cl 1 956.0A  -1.706   0.0040      Ca B 1.641m  -1.217   0.0123      Fe 2  2300A  -2.290   0.0010            
 nInu 122.4m   1.369   4.7446      Fe 1  1569A  -1.764   0.0035      Ca B 1.611m  -1.300   0.0102      Fe 2 1.257m  -1.956   0.0022            
 nFnu 60.83m  -0.746   0.0364      grains......................      Ca B 1.588m  -1.384   0.0084      Fe 2 17.93m  -2.263   0.0011            
 nInu 60.83m   1.322   4.2562      H-like iso-sequence.........      Ca B 1.570m  -1.466   0.0069      Fe 2 1.644m  -2.028   0.0019            
 nFnu 41.22m  -0.570   0.0546      Hlin 912.0A  -0.187   0.1318      Ca B 1.556m  -1.547   0.0058      Fe 2  8617A  -1.913   0.0025            
 nInu 41.22m   1.211   3.2921      Hrst 960.0A  -0.905   0.0253      Ca B 1.544m  -1.625   0.0048      Fe2b  7000A  -2.190   0.0013            
 nFnu 30.87m  -0.446   0.0725      Crst  4861A  -1.467   0.0069      Ca B 1.534m  -1.699   0.0041      Fe2b 10000A  -1.097   0.0162            
 nInu 30.87m   1.113   2.6313      Hrst     0   -0.450   0.0719      Ca B 1.526m  -1.771   0.0034      Fe2b  7445A  -2.190   0.0013            
 nFnu 24.78m  -0.352   0.0902      LA X  1216A  -2.253   0.0011      Ca B 1.519m  -1.839   0.0029      Fe2b  8625A  -1.576   0.0054            
 nInu 24.78m   1.038   2.2142      3bHt     0   -0.995   0.0205      Ca B 1.513m  -1.904   0.0025      Fe2b 1.889m  -2.146   0.0014            
 nFnu 24.30m  -0.344   0.0919      Ca B  1216A   2.133  27.5443      Ca B 1.508m  -1.966   0.0022      Fe 2  1786A  -0.655   0.0449            
 nInu 24.30m   1.031   2.1797      Q(H)  4861A   0.836   1.3903      Ca B 1.504m  -2.025   0.0019      recombination...............            
 nFnu 22.83m  -0.316   0.0980      Q(H)  1216A   2.213  33.1290      Ca B 1.500m  -2.082   0.0017      level2 lines................            
 nInu 22.83m   1.011   2.0794      CaBo  4861A   0.624   0.8535      Ca B 7.458m  -0.954   0.0225      C  1 943.9A  -0.564   0.0554            
 nFnu 21.42m  -0.290   0.1041      Ca A  1216A   2.048  22.6200      Ca B 4.653m  -1.078   0.0169      C  1  1248A  -0.509   0.0628            
 nInu 21.42m   0.989   1.9761      Ca A  1026A   1.440   5.5795      Ca B 3.740m  -1.186   0.0132      C  1 841.0A  -2.075   0.0017            
 nFnu 21.12m  -0.283   0.1056      Ca A 972.5A   1.145   2.8280      Ca B 3.296m  -1.276   0.0107      C  1  1561A  -0.714   0.0392            
 nInu 21.12m   0.984   1.9529      Ca A 949.7A   0.978   1.9272      Ca B 3.038m  -1.353   0.0090      C  1  1315A  -0.532   0.0596            
 nFnu 19.62m  -0.251   0.1137      Ca A 937.8A   0.859   1.4639      Ca B 2.872m  -1.427   0.0076      C  1  1166A  -0.610   0.0498            
 nInu 19.62m   0.963   1.8617      Ca A 930.8A   0.762   1.1718      Ca B 2.758m  -1.505   0.0063      C  1  1233A  -0.574   0.0541            
 nFnu 17.65m  -0.202   0.1272      Ca A 926.2A   0.687   0.9860      Ca B 2.674m  -1.587   0.0052      C  1  1132A  -0.683   0.0421            
 nInu 17.65m   0.945   1.7863      Ca A 923.2A   0.628   0.8616      Ca B 2.612m  -1.671   0.0043      C  1  1251A  -0.683   0.0421            
 nFnu 17.37m  -0.196   0.1290      Ca A 921.0A   0.581   0.7721      Ca B 2.564m  -1.753   0.0036      C  1  1112A  -0.706   0.0399            
 nInu 17.37m   0.943   1.7763      Ca A 919.4A   0.534   0.6931      Ca B 2.525m  -1.834   0.0030      C  1  1115A  -0.731   0.0377            
 nFnu 15.69m  -0.157   0.1414      Ca A 918.1A   0.477   0.6083      Ca B 2.495m  -1.912   0.0025      C  1  1162A  -0.797   0.0323            
 nInu 15.69m   0.926   1.7108      Ca A 917.2A   0.410   0.5216      Ca B 2.469m  -1.986   0.0021      C  1  1167A  -0.924   0.0242            
 nFnu 14.60m  -0.123   0.1527      Ca A 916.4A   0.337   0.4406      Ca B 2.448m  -2.057   0.0018      C  1  1104A  -0.823   0.0305            
 nInu 14.60m   0.915   1.6665      Ca A 915.8A   0.261   0.3701      Ca B 2.431m  -2.125   0.0015      C  1  1109A  -0.836   0.0296            
 nFnu 12.43m  -0.051   0.1801      Ca A 915.3A   0.185   0.3106      Ca B 2.416m  -2.190   0.0013      C  1  1130A  -0.997   0.0204            
 nInu 12.43m   0.888   1.5663      Ca A 914.9A   0.111   0.2616      Ca B 2.403m  -2.252   0.0011      C  1  1098A  -0.933   0.0236            
 nFnu 11.40m  -0.019   0.1940      Ca A 914.6A   0.038   0.2214      Ca B 12.37m  -1.351   0.0090      C  1  1132A  -0.954   0.0226            
 nInu 11.40m   0.874   1.5171      Ca A 914.3A  -0.032   0.1885      Ca B 7.500m  -1.435   0.0074      C  1  1106A  -1.002   0.0202            
 nFnu 10.46m   0.022   0.2135      Ca A 914.0A  -0.099   0.1615      Ca B 5.907m  -1.518   0.0062      C  1  1093A  -1.099   0.0161            
 nInu 10.46m   0.860   1.4695      Ca A 913.8A  -0.163   0.1393      Ca B 5.127m  -1.592   0.0052      C  1  1110A  -1.140   0.0147            
 nFnu 9.480m   0.059   0.2322      Ca A 913.6A  -0.225   0.1209      Ca B 4.671m  -1.665   0.0044      C  1  1114A  -1.156   0.0141            
 nInu 9.480m   0.864   1.4827      Ca A 913.5A  -0.284   0.1055      Ca B 4.375m  -1.742   0.0037      C  1  1115A  -1.165   0.0139            
 nFnu 9.325m   0.064   0.2351      Ca A 913.3A  -0.340   0.0926      Ca B 4.170m  -1.824   0.0030      C  1  1090A  -1.214   0.0124            
 nInu 9.325m   0.868   1.4955      Ca A  6563A   0.832   1.3772      Ca B 4.020m  -1.907   0.0025      C  1  1104A  -1.318   0.0098            
 nFnu 8.210m   0.123   0.2691      Ca A  4861A   0.444   0.5641      Ca B 3.906m  -1.989   0.0021      C  1  1104A  -1.325   0.0096            
 nInu 8.210m   0.913   1.6611      Ca A  4340A   0.195   0.3176      Ca B 3.818m  -2.069   0.0017      C  1  1098A  -1.467   0.0069            
 nFnu 7.580m   0.150   0.2864      Ca A  4102A   0.029   0.2168      Ca B 3.748m  -2.147   0.0014      C  1  1097A  -1.482   0.0067            
 nInu 7.580m   0.954   1.8228      Ca A  3970A  -0.088   0.1657      Ca B 3.692m  -2.221   0.0012      C  1  1093A  -1.696   0.0041            
 nFnu 7.050m   0.191   0.3147      Ca A  3889A  -0.171   0.1369      Ca B 3.645m  -2.292   0.0010      C  1  1093A  -1.669   0.0043            
 nInu 7.050m   0.996   2.0095      Ca A  3835A  -0.232   0.1187      Ca B 19.06m  -1.675   0.0043      C  1  1090A  -1.830   0.0030            
 nFnu 4.114m   0.402   0.5111      Ca A  3798A  -0.281   0.1061      Ca B 11.31m  -1.732   0.0038      C  1  1090A  -1.801   0.0032            
 nInu 4.114m   1.518   6.6776      Ca A  3771A  -0.329   0.0951      Ca B 8.758m  -1.799   0.0032      C  2 892.8A  -1.727   0.0038            
 nFnu 2.324m   0.521   0.6725      Ca A  3750A  -0.386   0.0834      Ca B 7.506m  -1.869   0.0027      C  2 688.8A  -2.139   0.0015            
 nInu 2.324m   2.117  26.5549      Ca A  3734A  -0.453   0.0715      Ca B 6.770m  -1.945   0.0023      C  2  1020A  -0.475   0.0678            
 nFnu 1.643m   0.595   0.7986      Ca A  3722A  -0.526   0.0604      Ca B 6.290m  -2.025   0.0019      N  1 942.3A  -0.766   0.0347            
 nInu 1.643m   2.518  66.8278      Ca A  3712A  -0.602   0.0507      Ca B 5.955m  -2.108   0.0016      N  1 952.1A  -0.715   0.0391            
 nFnu 1.480m   0.672   0.9525      Ca A  3704A  -0.677   0.0426      Ca B 5.710m  -2.189   0.0013      N  1  1131A  -0.739   0.0369            
 nInu 1.480m   2.582  77.5026      Ca A  3697A  -0.752   0.0359      Ca B 5.524m  -2.269   0.0011      O  1 867.3A  -1.902   0.0025            
 nFnu 1.436m   0.927   1.7147      Ca A  3692A  -0.825   0.0304      Ca B 27.80m  -1.946   0.0023      O  1 787.5A  -2.040   0.0018            
 nInu 1.436m   2.607  81.9987      Ca A  3687A  -0.894   0.0259      Ca B 16.20m  -1.988   0.0021      O  1 976.8A  -0.936   0.0235            
 nFnu 1.119m   1.068   2.3694      Ca A  3683A  -0.961   0.0222      Ca B 12.38m  -2.050   0.0018      O  1 767.7A  -2.293   0.0010            
 nInu 1.119m   2.774 120.4974      Ca A  3679A  -1.026   0.0191      Ca B 10.50m  -2.123   0.0015      O  1 969.0A  -0.681   0.0422            
 nFnu  8330A   1.108   2.6008      Ca A  3676A  -1.087   0.0166      Ca B 9.389m  -2.201   0.0013      O  1 946.4A  -0.724   0.0383            
 nInu  8330A   2.931 172.8159      Ca A  3674A  -1.146   0.0145      Ca B 8.662m  -2.283   0.0011      O  1 934.5A  -0.880   0.0268            
 nFnu  8079A   1.419   5.3214      Ca A  3671A  -1.203   0.0127      Ca B 38.86m  -2.182   0.0013      O  1 973.6A  -1.116   0.0155            
 nInu  8079A   2.956 183.3857      Ca A 1.875m  -0.006   0.1999      Ca B 22.33m  -2.219   0.0012      O  1 927.5A  -1.022   0.0193            
 nFnu  6210A   1.181   3.0755      Ca A 1.282m  -0.276   0.1075      Ca B 16.88m  -2.284   0.0011      O  1 948.5A  -0.970   0.0217            
 nInu  6210A   3.143 281.7789      Ca A 1.094m  -0.465   0.0694      H  1     0   -1.239   0.0117      O  1 923.0A  -1.186   0.0132            
 nFnu  4885A   0.846   1.4208      Ca A 1.005m  -0.594   0.0516      H  1  1216A   2.223  33.8946      O  1 919.9A  -1.386   0.0083            
 nInu  4885A   3.293 398.3739      Ca A  9546A  -0.682   0.0422      H  1  1026A  -0.374   0.0857      O  1 935.7A  -1.227   0.0120            
 nFnu  3704A   0.280   0.3862      Ca A  9229A  -0.746   0.0364      H  1 972.5A  -0.910   0.0250      O  1 917.7A  -1.485   0.0066            
 nInu  3704A   3.394 502.1775      Ca A  9015A  -0.795   0.0325      H  1 949.7A  -0.912   0.0248      O  1 918.7A  -1.574   0.0054            
 nFnu  3588A   1.965  18.7153      Ca A  8863A  -0.843   0.0291      H  1 937.8A  -1.030   0.0189      O  1 928.2A  -1.458   0.0071            
 nInu  3588A   3.393 501.6622      Ca A  8750A  -0.900   0.0255      H  1 930.8A  -1.118   0.0154      O  1 917.5A  -1.668   0.0044            
 nFnu  2430A   0.469   0.5973      Ca A  8665A  -0.967   0.0219      H  1 926.2A  -1.162   0.0139      O  1 923.4A  -1.688   0.0042            
 nInu  2430A   3.666 939.4103      Ca A  8598A  -1.040   0.0185      H  1 923.2A  -1.195   0.0129      O  1 920.2A  -1.932   0.0024            
 nFnu  2392A   0.399   0.5079      Ca A  8545A  -1.116   0.0155      H  1 921.0A  -1.230   0.0119      O  1 918.0A  -2.061   0.0018            
 nInu  2392A   3.671 949.6979      Ca A  8502A  -1.191   0.0130      H  1  6563A   1.121   2.6769      Mg 2  1040A  -2.272   0.0011            
 nFnu  2071A  -0.134   0.1488      Ca A  8467A  -1.266   0.0110      H  1  4861A   0.693   1.0000      Mg 2 959.3A  -2.024   0.0019            
 nInu  2071A   3.7721200.4529      Ca A  8438A  -1.338   0.0093      H  1  4340A   0.442   0.5614      Mg 2  1258A  -2.167   0.0014            
 nFnu  2053A  -0.184   0.1327      Ca A  8413A  -1.408   0.0079      H  1  4102A   0.263   0.3717      Al 2  1671A  -0.771   0.0343            
 nInu  2053A   3.7681188.2659      Ca A  8392A  -1.475   0.0068      H  1  3970A   0.151   0.2868      Si 1  1261A  -1.186   0.0132            
 nFnu  1793A  -0.716   0.0390      Ca A  8374A  -1.539   0.0059      H  1  3889A   0.060   0.2328      Si 1  1853A  -1.296   0.0103            
 nInu  1793A   3.8561455.6791      Ca A  8359A  -1.601   0.0051      H  1  3835A  -0.044   0.1831      Si 1  1694A  -1.423   0.0077            
 nFnu  1585A  -0.686   0.0418      Ca A  8346A  -1.660   0.0044      H  1  3798A  -0.162   0.1396      Si 1  1626A  -1.674   0.0043            
 nInu  1585A   3.8491431.9247      Ca A  8334A  -1.716   0.0039      H  1 1.875m   0.152   0.2874      Si 1  1091A  -1.690   0.0041            
 nFnu  1458A   0.173   0.3021      Ca A 4.051m  -0.642   0.0462      H  1 1.282m  -0.085   0.1666      Si 1  2000A  -1.873   0.0027            
 nInu  1458A   3.9501806.7609      Ca A 2.625m  -0.827   0.0302      H  1 1.094m  -0.259   0.1116      Si 1  1591A  -1.887   0.0026            
 nFnu  1357A  -0.270   0.1088      Ca A 2.166m  -0.960   0.0222      H  1 1.005m  -0.369   0.0867      Si 1  1668A  -2.026   0.0019            
 nInu  1357A   4.0132090.2827      Ca A 1.945m  -1.050   0.0181      H  1  9546A  -0.458   0.0707      Si 1  1570A  -2.127   0.0015            
 nFnu  1297A  -0.342   0.0923      Ca A 1.817m  -1.114   0.0156      H  1  9229A  -0.561   0.0557      Si 1  1616A  -2.110   0.0016            
 nInu  1297A   3.9841954.4933      Ca A 1.736m  -1.164   0.0139      H  1  9015A  -0.678   0.0426      Si 1  1834A  -2.101   0.0016            
 nFnu  1263A  -0.061   0.1762      Ca A 1.681m  -1.212   0.0125      H  1 4.051m  -0.494   0.0650      Si 2  1180A  -0.530   0.0598            
 nInu  1263A   4.0112081.4175      Ca A 1.641m  -1.268   0.0109      H  1 2.625m  -0.643   0.0462      Si 2 993.4A  -0.830   0.0300            
 nFnu  1218A   2.492  62.9738      Ca A 1.611m  -1.335   0.0094      H  1 2.166m  -0.745   0.0365      Si 2  1024A  -1.122   0.0153            
 nInu  1218A   3.8791535.9604      Ca A 1.588m  -1.408   0.0079      H  1 1.945m  -0.831   0.0300      S  1  1356A  -1.562   0.0056            
 nFnu  1196A   0.888   1.5666      Ca A 1.570m  -1.483   0.0067      H  1 1.817m  -0.932   0.0237      S  1  1227A  -1.727   0.0038            
 nInu  1196A   3.9431776.8264      Ca A 1.556m  -1.559   0.0056      H  1 1.736m  -1.048   0.0182      S  1  1662A  -1.812   0.0031            
 nFnu  1175A   0.518   0.6683      Ca A 1.544m  -1.633   0.0047      H  1 7.458m  -0.972   0.0216      S  1  1392A  -2.202   0.0013            
 nInu  1175A   3.8231348.1990      Ca A 1.534m  -1.706   0.0040      H  1 4.653m  -1.048   0.0182      S  1  1265A  -2.276   0.0011            
 nFnu  1144A   0.233   0.3468      Ca A 1.526m  -1.775   0.0034      H  1 3.740m  -1.126   0.0152      S  2 750.3A  -2.179   0.0013            
 nInu  1144A   4.0502275.1497      Ca A 1.519m  -1.842   0.0029      H  1 3.296m  -1.224   0.0121      Ar 1  1096A  -0.900   0.0255            
 nFnu  1113A  -0.001   0.2023      Ca A 1.513m  -1.906   0.0025      H  1 3.038m  -1.338   0.0093      Ar 1 922.5A  -1.512   0.0062            
 nInu  1113A   4.0362200.6448      Ca A 1.508m  -1.968   0.0022      H  1 12.37m  -1.326   0.0096      Ar 1 918.5A  -1.645   0.0046            
 nFnu  1103A   1.174   3.0247      Ca A 1.504m  -2.027   0.0019      H  1 7.500m  -1.377   0.0085      P  2  1154A  -1.778   0.0034            
 nInu  1103A   4.0582318.8557      Ca A 1.500m  -2.083   0.0017      H  1 5.907m  -1.467   0.0069      P  2 967.2A  -1.585   0.0053            
 nFnu  1074A   0.901   1.6156      Ca A 7.458m  -1.138   0.0148      H  1 5.127m  -1.578   0.0054      P  2 963.8A  -1.195   0.0130            
 nInu  1074A   4.0502272.4026      Ca A 4.653m  -1.254   0.0113      H  1 19.06m  -1.619   0.0049      Ti 2  3366A  -0.791   0.0328            
 nFnu  1064A   0.791   1.2533      Ca A 3.740m  -1.341   0.0093      H  1 11.31m  -1.683   0.0042      Ti 2  3238A  -1.100   0.0161            
 nInu  1064A   4.0312175.7476      Ca A 3.296m  -1.404   0.0080      H  1 8.758m  -1.786   0.0033      Cr 1  4271A  -1.476   0.0068            
 nFnu  1036A   0.514   0.6620      Ca A 3.038m  -1.453   0.0071      H  1 27.80m  -1.898   0.0026      Cr 1  3591A  -1.485   0.0066            
 nInu  1036A   3.9871969.2150      Ca A 2.872m  -1.500   0.0064      H  1 16.20m  -1.975   0.0021      Cr 2  2060A  -1.549   0.0057            
 nFnu  1000A   0.134   0.2763      Ca A 2.758m  -1.556   0.0056      H  1 38.86m  -2.170   0.0014      Mn 2  2590A  -0.974   0.0215            
 nInu  1000A   3.9841954.9551      Ca A 2.674m  -1.622   0.0048      He-like iso-sequence........      Mn 2  1199A  -1.651   0.0045            
 nFnu 925.1A  -0.284   0.1054      Ca A 2.612m  -1.695   0.0041      Clin 506.0A  -1.744   0.0037      Ni 2  1752A  -1.437   0.0074            
 nInu 925.1A   3.7431122.4861      Ca A 2.564m  -1.770   0.0034      Hlin 506.0A  -2.047   0.0018      Ni 2  1744A  -1.309   0.0099            
 nFnu 897.8A   2.233  34.6494      Ca A 2.525m  -1.846   0.0029      Ca B  3188A  -2.145   0.0015      Ni 2  1485A  -1.914   0.0025            
 nFnu 760.0A  -0.036   0.1864      Ca A 2.495m  -1.920   0.0024      Ca B  3889A  -1.700   0.0040      Ni 2  1473A  -1.551   0.0057            
 nInu 760.0A  -2.219   0.0012      Ca A 2.469m  -1.992   0.0021      Ca B  4026A  -2.301   0.0010      Ni 2  1400A  -1.753   0.0036            
 nFnu 701.5A  -1.229   0.0120      Ca A 2.448m  -2.062   0.0018      Ca B  4471A  -2.025   0.0019      Ni 2  1376A  -1.281   0.0106            
 nInu 701.5A  -1.404   0.0080      Ca A 2.431m  -2.129   0.0015      Ca B  5016A  -2.299   0.0010      Ni 2  1324A  -1.221   0.0122            
 nInu 608.2A  -0.270   0.1089      Ca A 2.416m  -2.193   0.0013      Ca B  5876A  -1.558   0.0056      Zn 1  2139A  -1.971   0.0022            
 nFnu 575.1A  -1.809   0.0031      Ca A 2.403m  -2.254   0.0011      Ca B  6678A  -2.093   0.0016      hyperfine structure.........            
 nInu 575.1A   0.090   0.2495      Ca A 12.37m  -1.523   0.0061      Ca B  7065A  -2.214   0.0012      inner shell.................            
 nInu 511.9A   0.540   0.7031      Ca A 7.500m  -1.588   0.0052      Ca B 1.083m  -0.184   0.1326      molecules...................            
 nFnu 496.9A   0.251   0.3617      Ca A 5.907m  -1.645   0.0046      Ca B 2.058m  -0.980   0.0213      H2dH     0   -1.737   0.0037            
 nInu 496.9A  -0.826   0.0302      Ca A 5.127m  -1.692   0.0041      He 1     0   -0.854   0.0284      H2vH     0   -0.366   0.0873            
 nInu 399.2A   0.013   0.2088      Ca A 4.671m  -1.738   0.0037      He 1 584.3A  -0.950   0.0227      H-FB     0    0.622   0.8499            
 RRC.........................      Ca A 4.375m  -1.793   0.0033      He 1 537.0A  -2.195   0.0013      H-FF     0    0.494   0.6324            
 H  1 911.8A   1.007   2.0600      Ca A 4.170m  -1.859   0.0028      He 1 522.2A  -2.233   0.0012      H-CT  6563A   0.870   1.5020            
 H  1  3646A   0.570   0.7526      Ca A 4.020m  -1.931   0.0024      TOTL 1.083m  -0.679   0.0424      H- H     0   -2.248   0.0011            
 H  1  3646A   0.960   1.8512      Ca A 3.906m  -2.006   0.0020      He 1 1.083m  -0.679   0.0424      H2+      0    0.345   0.4482            
 H  1  8204A  -0.195   0.1293      Ca A 3.818m  -2.081   0.0017      He 1 1.083m  -1.634   0.0047      HEH+     0   -1.854   0.0028            

                                                    Emergent line intensities
 general properties..........      nInu 575.1A   0.090   0.2495      Ca B 1.875m   0.194   0.3166      C  2  2327A  -1.200   0.0128            
 TOTL  4861A   0.693   1.0000      nInu 511.9A   0.540   0.7031      Ca B 1.282m  -0.060   0.1765      C  2  1335A  -0.435   0.0745            
 TOTL  1216A   2.223  33.8853      nFnu 496.9A   0.251   0.3617      Ca B 1.094m  -0.257   0.1122      N  1 953.9A  -0.716   0.0390            
 continua....................      nInu 496.9A  -0.826   0.0302      Ca B 1.005m  -0.406   0.0795      N  1 954.1A  -1.266   0.0110            
 Bac   3646A   2.001  20.3402      nInu 399.2A   0.013   0.2088      Ca B  9546A  -0.522   0.0610      N  1  1200A  -0.529   0.0600            
 nFnu  3645A   2.009  20.7068      RRC.........................      Ca B  9229A  -0.615   0.0492      N  2  1085A  -1.871   0.0027            
 nFnu  3647A   0.257   0.3665      grains......................      Ca B  9015A  -0.694   0.0410      O  1  6300A  -1.067   0.0174            
 cout  3646A   1.700  10.1701      H-like iso-sequence.........      Ca B  8863A  -0.769   0.0345      O  1  6363A  -1.563   0.0055            
 cref  3646A   1.700  10.1701      Hlin 912.0A  -0.187   0.1318      Ca B  8750A  -0.849   0.0287      O  1  5577A  -1.923   0.0024            
 thin  3646A   2.001  20.3403      Hrst 960.0A  -0.905   0.0253      Ca B  8665A  -0.931   0.0237      Na 1  5892A   0.297   0.4018            
 Inci  4860A   3.273 380.1187      Crst  4861A  -1.467   0.0069      Ca B  8598A  -1.015   0.0196      Mg 1  4561A  -1.823   0.0030            
 Inci  1215A   3.8811542.2365      LA X  1216A  -2.253   0.0011      Ca B  8545A  -1.098   0.0162      Mg 1  2853A  -0.998   0.0204            
 FIR  83.00m   1.544   7.0905      Ca B  1216A   2.133  27.5446      Ca B  8502A  -1.179   0.0134      Mg 1  2026A  -1.720   0.0039            
 TIR   1800m  -0.703   0.0402      Q(H)  4861A   0.836   1.3904      Ca B  8467A  -1.257   0.0112      TOTL  2798A   0.948   1.7990            
 NIRa 2.850m   2.869 149.8797      Q(H)  1216A   2.213  33.1294      Ca B  8438A  -1.332   0.0094      Mg 2  2796A   0.766   1.1832            
 NIRb 3.000m   2.584  77.8416      Ca A  1216A   2.047  22.6091      Ca B  8413A  -1.403   0.0080      Mg 2  2803A   0.482   0.6157            
 MIRa 15.00m   1.242   3.5411      Ca A  1026A   1.434   5.5065      Ca B  8392A  -1.471   0.0068      totl  2665A  -0.852   0.0285            
 MIRb 22.50m   1.379   4.8513      Ca A 972.5A   1.139   2.7922      Ca B  8374A  -1.537   0.0059      Al 2  2670A  -0.852   0.0285            
 NMIR 21.75m   2.869 149.8797      Ca A 949.7A   0.973   1.9032      Ca B  8359A  -1.599   0.0051      Si 1  2518A  -1.380   0.0085            
 TFIR 611.2m   1.032   2.1819      Ca A 937.8A   0.853   1.4458      Ca B  8346A  -1.658   0.0045      Si 1  2215A  -1.877   0.0027            
 TALL 10000A   4.0552302.4624      Ca A 930.8A   0.757   1.1574      Ca B  8334A  -1.715   0.0039      TOTL  2335A  -0.963   0.0221            
 F12  12.00m   0.699   1.0146      Ca A 926.2A   0.682   0.9740      Ca B 4.051m  -0.455   0.0712      Si 2  2334A  -1.877   0.0027            
 F25  25.00m   0.712   1.0447      Ca A 923.2A   0.623   0.8511      Ca B 2.625m  -0.633   0.0472      Si 2  2350A  -1.989   0.0021            
 F60  60.00m   1.146   2.8348      Ca A 921.0A   0.575   0.7627      Ca B 2.166m  -0.779   0.0337      Si 2  2344A  -1.498   0.0064            
 F100 100.0m   0.956   1.8303      Ca A 919.4A   0.528   0.6846      Ca B 1.945m  -0.893   0.0260      Si 2  2336A  -1.273   0.0108            
 MIPS 24.00m   0.396   0.5048      Ca A 918.1A   0.472   0.6009      Ca B 1.817m  -0.985   0.0210      Si 2  1814A  -1.499   0.0064            
 MIPS 70.00m   0.787   1.2412      Ca A 917.2A   0.405   0.5153      Ca B 1.736m  -1.063   0.0175      Si 2  1531A  -0.852   0.0285            
 MIPS 160.0m   0.560   0.7365      Ca A 916.4A   0.332   0.4352      Ca B 1.681m  -1.139   0.0147      Si 2  1308A  -0.741   0.0368            
 IRAC 3.600m   1.065   2.3548      Ca A 915.8A   0.256   0.3656      Ca B 1.641m  -1.217   0.0123      Si 2  1263A  -0.442   0.0732            
 IRAC 4.500m   0.815   1.3257      Ca A 915.3A   0.180   0.3069      Ca B 1.611m  -1.300   0.0102      S 1R  1807A  -1.789   0.0033            
 IRAC 5.800m   0.609   0.8243      Ca A 914.9A   0.105   0.2584      Ca B 1.588m  -1.384   0.0084      S  2  4074A  -1.841   0.0029            
 IRAC 8.000m   0.589   0.7870      Ca A 914.6A   0.033   0.2187      Ca B 1.570m  -1.466   0.0069      S  2 1.033m  -2.035   0.0019            
 SPR1 250.0m   0.141   0.2806      Ca A 914.3A  -0.037   0.1862      Ca B 1.556m  -1.547   0.0058      S II  4070A  -1.922   0.0024            
 SPR2 350.0m  -0.290   0.1041      Ca A 914.0A  -0.104   0.1596      Ca B 1.544m  -1.625   0.0048      S  2  1256A  -1.044   0.0183            
 SPR3 500.0m  -0.666   0.0437      Ca A 913.8A  -0.168   0.1376      Ca B 1.534m  -1.699   0.0041      K  1  7676A  -0.435   0.0745            
 PAC1 70.00m   0.849   1.4322      Ca A 913.6A  -0.230   0.1194      Ca B 1.526m  -1.771   0.0034      Ca 1  4228A   0.378   0.4836            
 PAC2 100.0m   0.961   1.8512      Ca A 913.5A  -0.289   0.1042      Ca B 1.519m  -1.839   0.0029      Ca 2  3933A   1.241   3.5351            
 PAC3 160.0m   0.817   1.3314      Ca A 913.3A  -0.346   0.0915      Ca B 1.513m  -1.904   0.0025      Ca 2  8579A   0.385   0.4915            
 PAH  3.300m   0.287   0.3930      Ca A  6563A   0.832   1.3772      Ca B 1.508m  -1.966   0.0022      Ca 2  7306A  -0.181   0.1337            
 PAHC 3.230m   0.013   0.2088      Ca A  4861A   0.444   0.5641      Ca B 1.504m  -2.025   0.0019      Ca2K  3934A   1.044   2.2450            
 PAHC 3.370m  -0.064   0.1749      Ca A  4340A   0.195   0.3176      Ca B 1.500m  -2.082   0.0017      Ca2H  3969A   0.804   1.2901            
 PAH  6.200m   0.073   0.2401      Ca A  4102A   0.029   0.2168      Ca B 7.458m  -0.954   0.0225      Ca2X  8498A  -0.729   0.0378            
 PAHC 5.650m   0.156   0.2905      Ca A  3970A  -0.088   0.1657      Ca B 4.653m  -1.078   0.0169      Ca2Y  8542A   0.207   0.3264            
 PAH  7.900m   0.152   0.2876      Ca A  3889A  -0.171   0.1369      Ca B 3.740m  -1.186   0.0132      Ca2Z  8662A  -0.202   0.1273            
 PAHC 6.900m   0.240   0.3523      Ca A  3835A  -0.232   0.1187      Ca B 3.296m  -1.276   0.0107      CaF1  7291A  -0.400   0.0807            
 PAH  11.30m  -0.495   0.0648      Ca A  3798A  -0.281   0.1061      Ca B 3.038m  -1.353   0.0090      CaF2  7324A  -0.583   0.0530            
 PAHC 10.90m  -0.510   0.0626      Ca A  3771A  -0.329   0.0951      Ca B 2.872m  -1.427   0.0076      Fe 2  4300A  -0.622   0.0484            
 PAH  11.80m  -0.300   0.1015      Ca A  3750A  -0.386   0.0834      Ca B 2.758m  -1.505   0.0063      Fe 2  2400A   0.782   1.2264            
 PAHC 12.65m  -0.274   0.1079      Ca A  3734A  -0.453   0.0715      Ca B 2.674m  -1.587   0.0052      Fe 2  6200A  -1.312   0.0099            
 PAH  13.30m  -0.278   0.1070      Ca A  3722A  -0.526   0.0604      Ca B 2.612m  -1.671   0.0043      Fe 2  1080A  -1.956   0.0022            
 PAHC 14.10m  -0.294   0.1029      Ca A  3712A  -0.602   0.0507      Ca B 2.564m  -1.753   0.0036      Fe 2 1.150m  -1.980   0.0021            
 Bcon  3640A   3.9661873.5531      Ca A  3704A  -0.677   0.0426      Ca B 2.525m  -1.834   0.0030      Fe 2  2500A  -2.028   0.0019            
 Pcon  5000A   3.174 302.3760      Ca A  3697A  -0.752   0.0359      Ca B 2.495m  -1.912   0.0025      Fe 2  2300A  -2.290   0.0010            
 nFnu 122.4m  -1.024   0.0192      Ca A  3692A  -0.825   0.0304      Ca B 2.469m  -1.986   0.0021      Fe 2 1.257m  -1.956   0.0022            
 nInu 122.4m   1.369   4.7446      Ca A  3687A  -0.894   0.0259      Ca B 2.448m  -2.057   0.0018      Fe 2 17.93m  -2.263   0.0011            
 nFnu 60.83m  -0.746   0.0364      Ca A  3683A  -0.961   0.0222      Ca B 2.431m  -2.125   0.0015      Fe 2 1.644m  -2.028   0.0019            
 nInu 60.83m   1.322   4.2563      Ca A  3679A  -1.026   0.0191      Ca B 2.416m  -2.190   0.0013      Fe 2  8617A  -1.913   0.0025            
 nFnu 41.22m  -0.570   0.0546      Ca A  3676A  -1.087   0.0166      Ca B 2.403m  -2.252   0.0011      Fe2b  7000A  -2.190   0.0013            
 nInu 41.22m   1.211   3.2921      Ca A  3674A  -1.146   0.0145      Ca B 12.37m  -1.351   0.0090      Fe2b 10000A  -1.097   0.0162            
 nFnu 30.87m  -0.446   0.0725      Ca A  3671A  -1.203   0.0127      Ca B 7.500m  -1.435   0.0074      Fe2b  7445A  -2.190   0.0013            
 nInu 30.87m   1.113   2.6313      Ca A 1.875m  -0.006   0.1999      Ca B 5.907m  -1.518   0.0062      Fe2b  8625A  -1.576   0.0054            
 nFnu 24.78m  -0.352   0.0902      Ca A 1.282m  -0.276   0.1075      Ca B 5.127m  -1.592   0.0052      Fe2b 1.889m  -2.146   0.0014            
 nInu 24.78m   1.038   2.2142      Ca A 1.094m  -0.465   0.0694      Ca B 4.671m  -1.665   0.0044      Fe 2  1786A  -0.655   0.0449            
 nFnu 24.30m  -0.344   0.0919      Ca A 1.005m  -0.594   0.0516      Ca B 4.375m  -1.742   0.0037      recombination...............            
 nInu 24.30m   1.031   2.1797      Ca A  9546A  -0.682   0.0422      Ca B 4.170m  -1.824   0.0030      level2 lines................            
 nFnu 22.83m  -0.316   0.0980      Ca A  9229A  -0.746   0.0364      Ca B 4.020m  -1.907   0.0025      C  1 943.9A  -0.566   0.0551            
 nInu 22.83m   1.011   2.0795      Ca A  9015A  -0.795   0.0325      Ca B 3.906m  -1.989   0.0021      C  1  1248A  -0.509   0.0628            
 nFnu 21.42m  -0.290   0.1041      Ca A  8863A  -0.843   0.0291      Ca B 3.818m  -2.069   0.0017      C  1  1561A  -0.714   0.0392            
 nInu 21.42m   0.989   1.9761      Ca A  8750A  -0.900   0.0255      Ca B 3.748m  -2.147   0.0014      C  1  1315A  -0.532   0.0596            
 nFnu 21.12m  -0.283   0.1056      Ca A  8665A  -0.967   0.0219      Ca B 3.692m  -2.221   0.0012      C  1  1166A  -0.610   0.0498            
 nInu 21.12m   0.984   1.9530      Ca A  8598A  -1.040   0.0185      Ca B 3.645m  -2.292   0.0010      C  1  1233A  -0.574   0.0541            
 nFnu 19.62m  -0.251   0.1137      Ca A  8545A  -1.116   0.0155      Ca B 19.06m  -1.675   0.0043      C  1  1132A  -0.683   0.0421            
 nInu 19.62m   0.963   1.8617      Ca A  8502A  -1.191   0.0130      Ca B 11.31m  -1.732   0.0038      C  1  1251A  -0.683   0.0421            
 nFnu 17.65m  -0.202   0.1272      Ca A  8467A  -1.266   0.0110      Ca B 8.758m  -1.799   0.0032      C  1  1112A  -0.706   0.0399            
 nInu 17.65m   0.945   1.7864      Ca A  8438A  -1.338   0.0093      Ca B 7.506m  -1.869   0.0027      C  1  1115A  -0.731   0.0377            
 nFnu 17.37m  -0.196   0.1290      Ca A  8413A  -1.408   0.0079      Ca B 6.770m  -1.945   0.0023      C  1  1162A  -0.797   0.0323            
 nInu 17.37m   0.943   1.7763      Ca A  8392A  -1.475   0.0068      Ca B 6.290m  -2.025   0.0019      C  1  1167A  -0.924   0.0242            
 nFnu 15.69m  -0.157   0.1414      Ca A  8374A  -1.539   0.0059      Ca B 5.955m  -2.108   0.0016      C  1  1104A  -0.828   0.0301            
 nInu 15.69m   0.926   1.7109      Ca A  8359A  -1.601   0.0051      Ca B 5.710m  -2.189   0.0013      C  1  1109A  -0.836   0.0296            
 nFnu 14.60m  -0.123   0.1527      Ca A  8346A  -1.660   0.0044      Ca B 5.524m  -2.269   0.0011      C  1  1130A  -0.997   0.0204            
 nInu 14.60m   0.915   1.6665      Ca A  8334A  -1.716   0.0039      Ca B 27.80m  -1.946   0.0023      C  1  1098A  -0.939   0.0234            
 nFnu 12.43m  -0.051   0.1801      Ca A 4.051m  -0.642   0.0462      Ca B 16.20m  -1.988   0.0021      C  1  1132A  -0.954   0.0225            
 nInu 12.43m   0.888   1.5664      Ca A 2.625m  -0.827   0.0302      Ca B 12.38m  -2.050   0.0018      C  1  1106A  -1.002   0.0202            
 nFnu 11.40m  -0.019   0.1940      Ca A 2.166m  -0.960   0.0222      Ca B 10.50m  -2.123   0.0015      C  1  1093A  -1.105   0.0159            
 nInu 11.40m   0.874   1.5171      Ca A 1.945m  -1.050   0.0181      Ca B 9.389m  -2.201   0.0013      C  1  1110A  -1.140   0.0147            
 nFnu 10.46m   0.022   0.2135      Ca A 1.817m  -1.114   0.0156      Ca B 8.662m  -2.283   0.0011      C  1  1114A  -1.157   0.0141            
 nInu 10.46m   0.860   1.4695      Ca A 1.736m  -1.164   0.0139      Ca B 38.86m  -2.182   0.0013      C  1  1115A  -1.165   0.0139            
 nFnu 9.480m   0.059   0.2322      Ca A 1.681m  -1.212   0.0125      Ca B 22.33m  -2.219   0.0012      C  1  1090A  -1.219   0.0122            
 nInu 9.480m   0.864   1.4828      Ca A 1.641m  -1.268   0.0109      Ca B 16.88m  -2.284   0.0011      C  1  1104A  -1.323   0.0096            
 nFnu 9.325m   0.064   0.2351      Ca A 1.611m  -1.335   0.0094      H  1  1216A   2.223  33.8853      C  1  1104A  -1.331   0.0095            
 nInu 9.325m   0.868   1.4955      Ca A 1.588m  -1.408   0.0079      H  1  1026A  -0.374   0.0857      C  1  1098A  -1.472   0.0068            
 nFnu 8.210m   0.123   0.2691      Ca A 1.570m  -1.483   0.0067      H  1 972.5A  -0.910   0.0250      C  1  1097A  -1.488   0.0066            
 nInu 8.210m   0.913   1.6611      Ca A 1.556m  -1.559   0.0056      H  1 949.7A  -0.912   0.0248      C  1  1093A  -1.701   0.0040            
 nFnu 7.580m   0.150   0.2864      Ca A 1.544m  -1.633   0.0047      H  1 937.8A  -1.030   0.0189      C  1  1093A  -1.674   0.0043            
 nInu 7.580m   0.954   1.8228      Ca A 1.534m  -1.706   0.0040      H  1 930.8A  -1.118   0.0154      C  1  1090A  -1.835   0.0030            
 nFnu 7.050m   0.191   0.3147      Ca A 1.526m  -1.775   0.0034      H  1 926.2A  -1.163   0.0139      C  1  1090A  -1.807   0.0032            
 nInu 7.050m   0.996   2.0095      Ca A 1.519m  -1.842   0.0029      H  1 923.2A  -1.196   0.0129      C  2 892.8A  -2.069   0.0017            
 nFnu 4.114m   0.402   0.5111      Ca A 1.513m  -1.906   0.0025      H  1 921.0A  -1.231   0.0119      C  2  1020A  -0.479   0.0673            
 nInu 4.114m   1.518   6.6776      Ca A 1.508m  -1.968   0.0022      H  1  6563A   1.121   2.6769      N  1 942.3A  -0.771   0.0344            
 nFnu 2.324m   0.521   0.6725      Ca A 1.504m  -2.027   0.0019      H  1  4861A   0.693   1.0000      N  1 952.1A  -0.719   0.0387            
 nInu 2.324m   2.117  26.5552      Ca A 1.500m  -2.083   0.0017      H  1  4340A   0.442   0.5614      N  1  1131A  -0.740   0.0369            
 nFnu 1.643m   0.595   0.7986      Ca A 7.458m  -1.138   0.0148      H  1  4102A   0.263   0.3717      O  1 867.3A  -2.207   0.0013            
 nInu 1.643m   2.518  66.8286      Ca A 4.653m  -1.254   0.0113      H  1  3970A   0.151   0.2868      O  1 976.8A  -0.939   0.0233            
 nFnu 1.480m   0.672   0.9525      Ca A 3.740m  -1.341   0.0093      H  1  3889A   0.060   0.2328      O  1 969.0A  -0.685   0.0419            
 nInu 1.480m   2.582  77.5035      Ca A 3.296m  -1.404   0.0080      H  1  3835A  -0.044   0.1831      O  1 946.4A  -0.728   0.0379            
 nFnu 1.436m   0.927   1.7148      Ca A 3.038m  -1.453   0.0071      H  1  3798A  -0.162   0.1396      O  1 934.5A  -0.884   0.0265            
 nInu 1.436m   2.607  81.9996      Ca A 2.872m  -1.500   0.0064      H  1 1.875m   0.152   0.2874      O  1 973.6A  -1.121   0.0153            
 nFnu 1.119m   1.068   2.3694      Ca A 2.758m  -1.556   0.0056      H  1 1.282m  -0.085   0.1666      O  1 927.5A  -1.027   0.0191            
 nInu 1.119m   2.774 120.4988      Ca A 2.674m  -1.622   0.0048      H  1 1.094m  -0.259   0.1116      O  1 948.5A  -0.974   0.0215            
 nFnu  8330A   1.108   2.6008      Ca A 2.612m  -1.695   0.0041      H  1 1.005m  -0.369   0.0867      O  1 923.0A  -1.191   0.0131            
 nInu  8330A   2.931 172.8179      Ca A 2.564m  -1.770   0.0034      H  1  9546A  -0.458   0.0707      O  1 919.9A  -1.391   0.0082            
 nFnu  8079A   1.419   5.3215      Ca A 2.525m  -1.846   0.0029      H  1  9229A  -0.561   0.0557      O  1 935.7A  -1.232   0.0119            
 nInu  8079A   2.956 183.3877      Ca A 2.495m  -1.920   0.0024      H  1  9015A  -0.678   0.0426      O  1 917.7A  -1.490   0.0066            
 nFnu  6210A   1.181   3.0755      Ca A 2.469m  -1.992   0.0021      H  1 4.051m  -0.494   0.0650      O  1 918.7A  -1.579   0.0053            
 nInu  6210A   3.143 281.7821      Ca A 2.448m  -2.062   0.0018      H  1 2.625m  -0.643   0.0462      O  1 928.2A  -1.463   0.0070            
 nFnu  4885A   0.846   1.4208      Ca A 2.431m  -2.129   0.0015      H  1 2.166m  -0.745   0.0365      O  1 917.5A  -1.673   0.0043            
 nInu  4885A   3.293 398.3784      Ca A 2.416m  -2.193   0.0013      H  1 1.945m  -0.831   0.0300      O  1 923.4A  -1.693   0.0041            
 nFnu  3704A   0.280   0.3862      Ca A 2.403m  -2.254   0.0011      H  1 1.817m  -0.932   0.0237      O  1 920.2A  -1.937   0.0023            
 nInu  3704A   3.394 502.1832      Ca A 12.37m  -1.523   0.0061      H  1 1.736m  -1.048   0.0182      O  1 918.0A  -2.067   0.0017            
 nFnu  3588A   1.965  18.7155      Ca A 7.500m  -1.588   0.0052      H  1 7.458m  -0.972   0.0216      Mg 2  1040A  -2.276   0.0011            
 nInu  3588A   3.393 501.6679      Ca A 5.907m  -1.645   0.0046      H  1 4.653m  -1.048   0.0182      Mg 2 959.3A  -2.030   0.0019            
 nFnu  2430A   0.469   0.5973      Ca A 5.127m  -1.692   0.0041      H  1 3.740m  -1.126   0.0152      Mg 2  1258A  -2.167   0.0014            
 nInu  2430A   3.666 939.4210      Ca A 4.671m  -1.738   0.0037      H  1 3.296m  -1.224   0.0121      Al 2  1671A  -0.771   0.0343            
 nFnu  2392A   0.399   0.5079      Ca A 4.375m  -1.793   0.0033      H  1 3.038m  -1.338   0.0093      Si 1  1261A  -1.186   0.0132            
 nInu  2392A   3.671 949.7087      Ca A 4.170m  -1.859   0.0028      H  1 12.37m  -1.326   0.0096      Si 1  1853A  -1.296   0.0103            
 nFnu  2071A  -0.134   0.1488      Ca A 4.020m  -1.931   0.0024      H  1 7.500m  -1.377   0.0085      Si 1  1694A  -1.423   0.0077            
 nInu  2071A   3.7721200.4666      Ca A 3.906m  -2.006   0.0020      H  1 5.907m  -1.467   0.0069      Si 1  1626A  -1.674   0.0043            
 nFnu  2053A  -0.184   0.1327      Ca A 3.818m  -2.081   0.0017      H  1 5.127m  -1.578   0.0054      Si 1  1091A  -1.695   0.0041            
 nInu  2053A   3.7681188.2793      Ca A 3.748m  -2.155   0.0014      H  1 19.06m  -1.619   0.0049      Si 1  2000A  -1.873   0.0027            
 nFnu  1793A  -0.716   0.0390      Ca A 3.692m  -2.227   0.0012      H  1 11.31m  -1.683   0.0042      Si 1  1591A  -1.887   0.0026            
 nInu  1793A   3.8561455.6957      Ca A 3.645m  -2.297   0.0010      H  1 8.758m  -1.786   0.0033      Si 1  1668A  -2.026   0.0019            
 nFnu  1585A  -0.686   0.0418      Ca A 19.06m  -1.825   0.0030      H  1 27.80m  -1.898   0.0026      Si 1  1570A  -2.127   0.0015            
 nInu  1585A   3.8491431.9409      Ca A 11.31m  -1.858   0.0028      H  1 16.20m  -1.975   0.0021      Si 1  1616A  -2.110   0.0016            
 nFnu  1458A   0.173   0.3021      Ca A 8.758m  -1.898   0.0026      H  1 38.86m  -2.170   0.0014      Si 1  1834A  -2.101   0.0016            
 nInu  1458A   3.9501806.7814      Ca A 7.506m  -1.941   0.0023      He-like iso-sequence........      Si 2  1180A  -0.531   0.0598            
 nFnu  1357A  -0.270   0.1088      Ca A 6.770m  -1.995   0.0020      Clin 506.0A  -1.744   0.0037      Si 2 993.4A  -0.833   0.0298            
 nInu  1357A   4.0132090.3064      Ca A 6.290m  -2.060   0.0018      Hlin 506.0A  -2.047   0.0018      Si 2  1024A  -1.127   0.0151            
 nFnu  1297A  -0.342   0.0923      Ca A 5.955m  -2.132   0.0015      Ca B  3188A  -2.145   0.0015      S  1  1356A  -1.562   0.0056            
 nInu  1297A   3.9841954.5155      Ca A 5.710m  -2.206   0.0013      Ca B  3889A  -1.700   0.0040      S  1  1227A  -1.727   0.0038            
 nFnu  1263A  -0.061   0.1762      Ca A 5.524m  -2.281   0.0011      Ca B  4026A  -2.301   0.0010      S  1  1662A  -1.812   0.0031            
 nInu  1263A   4.0112081.4412      Ca A 27.80m  -2.072   0.0017      Ca B  4471A  -2.025   0.0019      S  1  1392A  -2.202   0.0013            
 nFnu  1218A   2.492  62.9745      Ca A 16.20m  -2.086   0.0017      Ca B  5016A  -2.299   0.0010      S  1  1265A  -2.277   0.0011            
 nInu  1218A   3.8791535.9779      Ca A 12.38m  -2.122   0.0015      Ca B  5876A  -1.558   0.0056      Ar 1  1096A  -0.905   0.0252            
 nFnu  1196A   0.888   1.5666      Ca A 10.50m  -2.173   0.0014      Ca B  6678A  -2.093   0.0016      Ar 1 922.5A  -1.517   0.0062            
 nInu  1196A   3.9431776.8466      Ca A 9.389m  -2.236   0.0012      Ca B  7065A  -2.214   0.0012      Ar 1 918.5A  -1.650   0.0045            
 nFnu  1175A   0.518   0.6683      Ca A 8.662m  -2.307   0.0010      Ca B 1.083m  -0.184   0.1326      P  2  1154A  -1.779   0.0034            
 nInu  1175A   3.8231348.2142      Ca A 38.86m  -2.280   0.0011      Ca B 2.058m  -0.980   0.0213      P  2 967.2A  -1.591   0.0052            
 nFnu  1144A   0.233   0.3469      Ca A 22.33m  -2.290   0.0010      He 1 584.3A  -1.167   0.0138      P  2 963.8A  -1.200   0.0128            
 nInu  1144A   4.0502275.1755      Ca B  6563A   1.157   2.9085      He 1 537.0A  -2.217   0.0012      Ti 2  3366A  -0.791   0.0328            
 nFnu  1113A  -0.001   0.2023      Ca B  4861A   0.742   1.1190      He 1 522.2A  -2.257   0.0011      Ti 2  3238A  -1.100   0.0161            
 nInu  1113A   4.0362200.6697      Ca B  4340A   0.460   0.5849      TOTL 1.083m  -0.679   0.0424      Cr 1  4271A  -1.476   0.0068            
 nFnu  1103A   1.174   3.0248      Ca B  4102A   0.260   0.3686      He 1 1.083m  -0.679   0.0424      Cr 1  3591A  -1.485   0.0066            
 nInu  1103A   4.0582318.8821      Ca B  3970A   0.110   0.2611      He 1 1.083m  -1.634   0.0047      Cr 2  2060A  -1.549   0.0057            
 nFnu  1074A   0.901   1.6156      Ca B  3889A  -0.006   0.2001      He 1 1.083m  -1.157   0.0141      Mn 2  2590A  -0.974   0.0215            
 nInu  1074A   4.0502272.4282      Ca B  3835A  -0.099   0.1614      He 1 1.083m  -0.935   0.0236      Mn 2  1199A  -1.651   0.0045            
 nFnu  1064A   0.791   1.2533      Ca B  3798A  -0.179   0.1344      He 1  3889A  -1.912   0.0025      Ni 2  1752A  -1.437   0.0074            
 nInu  1064A   4.0312175.7725      Ca B  3771A  -0.255   0.1128      He 1 2.058m  -1.893   0.0026      Ni 2  1744A  -1.309   0.0099            
 nFnu  1036A   0.514   0.6620      Ca B  3750A  -0.334   0.0940      He 1  5876A  -1.715   0.0039      Ni 2  1485A  -1.914   0.0025            
 nInu  1036A   3.9871969.2373      Ca B  3734A  -0.417   0.0776      He 1  4471A  -2.195   0.0013      Ni 2  1473A  -1.552   0.0057            
 nFnu  1000A   0.134   0.2763      Ca B  3722A  -0.501   0.0639      He 1  6678A  -2.246   0.0011      Ni 2  1400A  -1.753   0.0036            
 nInu  1000A   3.9841954.9773      Ca B  3712A  -0.584   0.0528      Pho+  3889A  -0.018   0.1946      Ni 2  1376A  -1.281   0.0106            
 nFnu 925.1A  -0.284   0.1054      Ca B  3704A  -0.665   0.0438      database lines..............      Ni 2  1324A  -1.222   0.0122            
 nInu 925.1A   3.7431122.4989      Ca B  3697A  -0.743   0.0366      level 1 lines...............      Zn 1  2139A  -1.971   0.0022            
 nFnu 897.8A   2.233  34.6498      Ca B  3692A  -0.818   0.0308      C  1  1656A  -0.181   0.1337      hyperfine structure.........            
 nFnu 760.0A  -0.036   0.1864      Ca B  3687A  -0.890   0.0261      REC   1656A  -0.412   0.0786      inner shell.................            
 nInu 760.0A  -2.219   0.0012      Ca B  3683A  -0.958   0.0223      C  1  8727A  -1.057   0.0178      molecules...................            
 nFnu 701.5A  -1.229   0.0120      Ca B  3679A  -1.023   0.0192      TOTL  2326A  -0.926   0.0240      H-CT  6563A   0.870   1.5020            
 nInu 701.5A  -1.404   0.0080      Ca B  3676A  -1.085   0.0167      C  2  2325A  -1.695   0.0041            
 nInu 608.2A  -0.270   0.1089      Ca B  3674A  -1.145   0.0145      C  2  2329A  -1.677   0.0043            
 nFnu 575.1A  -1.809   0.0031      Ca B  3671A  -1.202   0.0127      C  2  2328A  -1.906   0.0025            



                                                                           
 Cooling:  HFBc     0 :0.080 HFFc     0 :0.093 Ca2K  3934A:0.193 Ca2H  3969A:0.111 Fe2c     0 :0.105 H-FB     0 :0.073  
 Heating:  BFH1     0 :0.901  

 These are some of the most important databases used by Cloudy:
 Many recombination coefficients were taken from http://amdpp.phys.strath.ac.uk/tamoc/RR/ and http://amdpp.phys.strath.ac.uk/tamoc/DR/
      and are based on the following papers:
        Badnell N. R., et al., A&A 406, 1151 (2003) [http://adsabs.harvard.edu/abs/2003A%26A...406.1151B]
        Badnell N. R., ApJS 167, 334 (2006) [http://adsabs.harvard.edu/abs/2006ApJS..167..334B]
 Much of the molecular emission data is from LAMDA as accessed on Dec. 18, 2010. This database is described in:
        Schoeier F.L., et al., A&A 432, 369 (2005) [http://adsabs.harvard.edu/abs/2005A%26A...432..369S]
      This database is in part based on the work of the following groups:
        JPL: Pickett H. M. et al., JQSRT, 60, 883 (1998). [http://adsabs.harvard.edu/abs/1998JQSRT..60..883P]
        CDMS: Mueller H. S. et al., A&A 370, L49 (2001). [http://adsabs.harvard.edu/abs/2001A%26A...370L..49M]
              Mueller H. S. et al., J. Mol. Struct. 742, 215 (2005). [http://adsabs.harvard.edu/abs/2005JMoSt.742..215M]
 Much of the ionic emission data is from version 7.0 of CHIANTI. CHIANTI is a collaborative project involving the NRL (USA), the
      Universities of Florence (Italy) and Cambridge (UK), and George Mason University (USA). These papers describe Chianti:
        Dere K. P., et al., A&AS, 125, 149 (1997) [http://adsabs.harvard.edu/abs/1997A%26AS..125..149D]
        Landi E., et al., ApJ, 744, 99 (2012) [http://adsabs.harvard.edu/abs/2012ApJ...744...99L]
 Much of the H_2 data is from this web site: http://molat.obspm.fr/index.php?page=pages/Molecules/H2/H2can94.php. These data are
      described in:
        Abgrall H. et al., Can. J. Phys., 72, 856 (1994) [http://adsabs.harvard.edu/abs/1994CaJPh..72..856A]
        Wrathmall S. A. & Flower D. R., J. Phys. B, 40, 3221 (2007) [http://adsabs.harvard.edu/abs/2007JPhB...40.3221W]
 Please cite those papers that played a significant role in this calculation.

 IONIZE PARMET:  U(1-) -8.4768  U(4-):-11.0066  U(sp): -8.48  Q(ion):   10.886  L(ion)  0.773    Q(low): 15.571    L(low)  4.046
 ENERGY BUDGET:  Heat:   1.759  Coolg:   1.759  Error:  0.0%  Rec Lin:  -0.530  F-F  H  0.000    P(rad/tot)max     2.21E-07

     Col(Heff):      0.000E+00  snd travl time  5.41E+01 sec  Te-low: 4.00E+03  Te-hi: 5.07E+03  G0TH85: 4.26E+06  G0DB96:4.44E+06
  Emiss Measure    n(e)n(p) dl       1.795E+25  n(e)n(He+)dl         4.908E+22  En(e)n(He++) dl         2.865E+17  ne nC+:2.30E+23
 He/Ha:2.89E-03  =   0.03*true  Lthin:1.34E+01  itr/zn:14.16  H2 itr/zn:  0.00  File Opacity: F  MassTot 6.63e-06  (gm/cm^2)
   Temps(21 cm)   T(21cm/Ly a)  4.16E+03        T(<nH/Tkin>)  4.39E+03          T(<nH/Tspin>)    4.40E+03          TB21cm:1.05E-01
                   N(H0/Tspin)  6.60E+14        N(OH/Tkin)    2.13E+07          B(21cm)          0.00E+00
   <a>:1.72E-03  erdeFe0.0E+00  Tcompt1.65E-01  Tthr5.36E+05  <Tden>: 4.41E+03  <dens>:2.27E-13  <MolWgt>1.25E+00
     Mean Jeans  l(cm)7.78E+15  M(sun)2.81E+01  smallest:     len(cm):7.40E+15  M(sun):2.43E+01  a_ox tran:  0.00
 Rion:1.000E+30  Dist:0.00E+00  Diam:0.000E+00
 Hatom level 70  HatomType: add  HInducImp  F  He tot level: 63  He2 level:   70  ExecTime   507.2
 ConvrgError(%)  <eden>  0.167  MaxEden  0.910  <H-C>   0.18  Max(H-C)    0.50  <Press>   0.000  MaxPrs er  0.000
  Continuity(%)  chng Te   0.5  elec den   4.9  n(H2)    0.0  n(CO)        5.8

                                                        Averaged Quantities
             Te      Te(Ne)   Te(NeNp)  Te(NeHe+)Te(NeHe2+) Te(NeO+)  Te(NeO2+)  Te(H2)     N(H)     Ne(O2+)   Ne(Np)
 Radius:  4.41e+03  4.69e+03  4.85e+03  4.71e+03  4.60e+03  4.86e+03  4.88e+03  4.29e+03  1.00e+11  1.38e+09  1.21e+09

 Contin Optical Depths: COMP: 1.06e-08    H-: 2.28e-06 R(1300): 1.95e-05  H2+: 1.83e-08  Pfa:1.11E-08
                          Pa: 1.07e-08    Ba: 2.08e-06      Hb: 1.61e-06   La: 4.20e-02     1r:1.837E+01  1.8:5.48E+00 4.:7.987E-01

 Old, new H  1 continuum optical depths:
     1 1.89e+01     2 1.19e-06     3 2.29e-06     4 2.29e-06     5 2.29e-06     6 5.71e-07     7 5.71e-07     8 5.71e-07
     9 5.71e-07    10 1.50e-10    11 1.50e-10    12 1.50e-10    13 1.50e-10    14 1.50e-10    15 3.36e-10    16 3.36e-10
    17 3.36e-10    18 3.36e-10    19 3.36e-10    20 3.36e-10    21 6.56e-10    22 6.56e-10    23 6.56e-10    24 6.56e-10
    25 6.56e-10    26 6.56e-10    27 6.56e-10    28 1.15e-09    29 1.15e-09    30 1.15e-09    31 1.15e-09    32 1.15e-09
    33 1.15e-09    34 1.15e-09    35 1.15e-09    36 1.86e-09    37 1.86e-09    38 1.86e-09    39 1.86e-09    40 1.86e-09
    41 1.86e-09    42 1.86e-09    43 1.86e-09    44 1.86e-09    45 2.86e-09    46 2.86e-09    47 2.86e-09    48 2.86e-09
    49 2.86e-09    50 2.86e-09    51 2.86e-09    52 2.86e-09    53 2.86e-09    54 2.86e-09
     1 1.84e+01     2 1.19e-06     3 2.29e-06     4 2.29e-06     5 2.29e-06     6 5.69e-07     7 5.69e-07     8 5.69e-07
     9 5.69e-07    10 1.50e-10    11 1.50e-10    12 1.50e-10    13 1.50e-10    14 1.50e-10    15 3.35e-10    16 3.35e-10
    17 3.35e-10    18 3.35e-10    19 3.35e-10    20 3.35e-10    21 6.54e-10    22 6.54e-10    23 6.54e-10    24 6.54e-10
    25 6.54e-10    26 6.54e-10    27 6.54e-10    28 1.14e-09    29 1.14e-09    30 1.14e-09    31 1.14e-09    32 1.14e-09
    33 1.14e-09    34 1.14e-09    35 1.14e-09    36 1.86e-09    37 1.86e-09    38 1.86e-09    39 1.86e-09    40 1.86e-09
    41 1.86e-09    42 1.86e-09    43 1.86e-09    44 1.86e-09    45 2.86e-09    46 2.86e-09    47 2.86e-09    48 2.86e-09
    49 2.86e-09    50 2.86e-09    51 2.86e-09    52 2.86e-09    53 2.86e-09    54 2.86e-09

 Old, new H  1 mean line optical depths:
  2- 1 4.72e+05  3- 2 2.23e-03  4- 3 1.24e-07  5- 4 1.52e-08  6- 5 1.84e-08  7- 6 6.72e-08  8- 7 1.08e-07
  9- 8 1.65e-07 10- 9 4.00e-07
  2- 1 4.58e+05  3- 2 2.17e-03  4- 3 1.23e-07  5- 4 1.51e-08  6- 5 1.83e-08  7- 6 6.72e-08  8- 7 1.08e-07
  9- 8 1.65e-07 10- 9 4.00e-07

 Old, new He 2 continuum optical depths:
     1 8.22e-01     2 1.87e+01     3 8.38e-07     4 8.38e-07     5 8.38e-07     6 1.19e-06     7 1.19e-06     8 1.19e-06
     9 1.19e-06    10 1.86e-06    11 1.86e-06    12 1.86e-06    13 1.86e-06    14 1.86e-06    15 2.29e-06    16 2.29e-06
    17 2.29e-06    18 2.29e-06    19 2.29e-06    20 2.29e-06    21 1.94e-06    22 1.94e-06    23 1.94e-06    24 1.94e-06
    25 1.94e-06    26 1.94e-06    27 1.94e-06    28 5.71e-07    29 5.71e-07    30 5.71e-07    31 5.71e-07    32 5.71e-07
    33 5.71e-07    34 5.71e-07    35 5.71e-07    36 8.99e-11    37 8.99e-11    38 8.99e-11    39 8.99e-11    40 8.99e-11
    41 8.99e-11    42 8.99e-11    43 8.99e-11    44 8.99e-11    45 1.50e-10    46 1.50e-10    47 1.50e-10    48 1.50e-10
    49 1.50e-10    50 1.50e-10    51 1.50e-10    52 1.50e-10    53 1.50e-10    54 1.50e-10
     1 7.99e-01     2 1.81e+01     3 8.26e-07     4 8.26e-07     5 8.26e-07     6 1.19e-06     7 1.19e-06     8 1.19e-06
     9 1.19e-06    10 1.86e-06    11 1.86e-06    12 1.86e-06    13 1.86e-06    14 1.86e-06    15 2.29e-06    16 2.29e-06
    17 2.29e-06    18 2.29e-06    19 2.29e-06    20 2.29e-06    21 1.93e-06    22 1.93e-06    23 1.93e-06    24 1.93e-06
    25 1.93e-06    26 1.93e-06    27 1.93e-06    28 5.69e-07    29 5.69e-07    30 5.69e-07    31 5.69e-07    32 5.69e-07
    33 5.69e-07    34 5.69e-07    35 5.69e-07    36 8.96e-11    37 8.96e-11    38 8.96e-11    39 8.96e-11    40 8.96e-11
    41 8.96e-11    42 8.96e-11    43 8.96e-11    44 8.96e-11    45 1.50e-10    46 1.50e-10    47 1.50e-10    48 1.50e-10
    49 1.50e-10    50 1.50e-10    51 1.50e-10    52 1.50e-10    53 1.50e-10    54 1.50e-10

 Old, new He 2 mean line optical depths:
  2- 1 6.08e+00  3- 2 8.01e-12  4- 3 6.52e-15  5- 4 1.71e-15  6- 5 2.19e-15  7- 6 1.64e-14  8- 7 2.36e-14
  9- 8 1.48e-15 10- 9 4.43e-21
  2- 1 5.99e+00  3- 2 7.08e-12  4- 3 5.98e-15  5- 4 1.61e-15  6- 5 2.09e-15  7- 6 1.60e-14  8- 7 2.32e-14
  9- 8 1.35e-15 10- 9 2.22e-21

 Old He Is optical depths:    1 5.64e+00    2 8.00e-07    3 9.82e-07    4 1.11e-06    5 1.11e-06
 New He Is optical depths:    1 5.48e+00    2 7.97e-07    3 9.78e-07    4 1.10e-06    5 1.10e-06
          Old He Is Lines:  584 2.56e+04 3889 5.77e-04 5016 3.87e-05 5876 2.03e-08
          New He Is Lines:  584 2.49e+04 3889 5.70e-04 5016 3.83e-05 5876 2.03e-08

==== H      compounds ====           Log10 column densities [cm^-2}
   H2        : 13.867   H2*       : 12.095   H2+       :  9.418   H3+       :  6.179
==== He     compounds ====
   HeH+      :  8.940
==== Li     compounds ====
   LiH       :  0.709   LiH+      : -0.682
==== C      compounds ====
   CH        :  9.316   CH+       :  8.824   CH2       :  5.429   CH2+      :  5.041   CH3       :  0.813   CH3+      :  1.333   CH4       : -2.948   CH4+      : -4.893
   CH5+      : -8.957   C2        :  6.271   C2+       :  6.133   C2H       :  2.663   C2H+      :  2.411   C2H2      : -3.438   C2H2+     : -1.254   C2H3+     : -5.811
   C3        : -2.277   C3+       : -0.136   C3H       : -6.173   C3H+      : -3.331
==== N      compounds ====
   NH        : 10.521   NH+       :  9.658   NH2       :  6.471   NH2+      :  6.193   NH3       :  3.507   NH3+      :  2.212   NH4+      : -4.010   CN        : 10.325
   CN+       :  7.141   HCN       :  7.952   HCN+      :  6.749   HNC       :  0.456   HCNH+     :  3.150   HC3N      :-35.930   N2        : 10.513   N2+       :  6.754
   N2H+      :  0.111
==== O      compounds ====
   OH        : 10.959   OH+       : 10.279   H2O       :  6.633   H2O+      :  6.539   H3O+      :  2.634   CO        : 12.041   CO+       :  7.405   HCO+      :  5.914
   H2CO      :-35.930   CH3OH     :-35.930   ^13CO     : 10.564   NO        :  8.791   NO+       :  7.070   HNO       :  4.032   HNO+      :  2.952   OCN       :  5.963
   OCN+      :  4.076   N2O       :  3.345   O2        :  7.079   O2+       :  8.029   NO2       :  3.006   NO2+      :  0.738
==== Ne     compounds ====
   NeH+      :  6.186
==== Si     compounds ====
   SiH       :  2.916   SiH2+     :  1.452   SiC2      :-35.930   SiN       :  0.485   SiN+      :  7.108   SiO       :  6.755   SiO+      :  7.274   SiOH+     :  3.298
==== S      compounds ====
   HS        :  8.333   HS+       :  7.684   CS        :  4.810   CS+       :  5.794   HCS+      :  2.948   NS        :  5.228   NS+       :  6.525   SO        :  6.669
   SO+       :  6.880   OCS       :  0.426   OCS+      : -1.139   SO2       :-35.930   S2        : -0.123   S2+       : -1.497
==== Cl     compounds ====
   HCl       :  4.154   HCl+      :  8.176   H2Cl+     :  4.747   CCl       : -8.972   CCl+      :  1.565   H2CCl+    :-11.399   ClO       :-11.299   ClO+      :-13.712
==== Ar     compounds ====
   ArH+      :  9.629
==== Ti     compounds ====
   TiH       :-35.930   TiH+      :-35.930   TiH2      :-35.930   TiH2+     :-35.930   TiC       :-35.930   TiC+      :-35.930   HCTi      :-35.930   HCTi+     :-35.930
   TiC2      :-35.930   TiC2+     :-35.930   TiN       :-35.930   TiN+      :-35.930   HNTi      :-35.930   HNTi+     :-35.930   TiNC      :-35.930   TiNC+     :-35.930
   TiO       :-35.930   TiO+      :-35.930   TiOH+     :-35.930   TiO2      :-35.930   TiF+      :-35.930   TiS       :-35.930   TiS+      :-35.930   HTiS      :-35.930


               1      2      3      4      5      6      7      8      9     10     11     12     13     14     15     16     17

 Hydrogen   18.463 16.172 13.874 (H2)                Log10 Column density (cm^-2)
 Helium     17.395 13.888  8.812
 Lithium     6.842  7.411 -2.648-30.000
 Beryllium   7.604  7.476  3.407-30.000-30.000
 Boron       8.378  9.088  2.083-30.000-30.000-30.000
 Carbon     14.352 14.748  9.350-30.000-30.000-30.000-30.000
 Nitrogen   14.294 11.646  3.775-30.000-30.000-30.000-30.000-30.000
 Oxygen     15.154 12.758  5.080-30.000-30.000-30.000-30.000-30.000-30.000
 Fluorine   11.022  8.972  5.299-30.000-30.000-30.000-30.000-30.000-30.000-30.000
 Neon       14.393 12.205  8.528-30.000-30.000-30.000-30.000-30.000-30.000-30.000-30.000
 Sodium     11.702 12.661  8.802-30.000-30.000-30.000-30.000-30.000-30.000-30.000-30.000-30.000
 Magnesium  12.193 14.059 10.109-30.000-30.000-30.000-30.000-30.000-30.000-30.000-30.000-30.000-30.000
 Aluminium   9.702 12.915  8.367-30.000-30.000-30.000-30.000-30.000-30.000-30.000-30.000-30.000-30.000-30.000
 Silicon    12.408 13.964  8.407-30.000-30.000-30.000-30.000-30.000-30.000-30.000-30.000-30.000-30.000-30.000-30.000
 Phosphorus  9.276 11.874  7.013-30.000-30.000-30.000-30.000-30.000-30.000-30.000-30.000-30.000-30.000-30.000-30.000-30.000
 Sulphur    12.207 13.568  9.374-30.000-30.000-30.000-30.000-30.000-30.000-30.000-30.000-30.000-30.000-30.000-30.000-30.000-30.000
 Chlorine   10.270 11.956  7.921-30.000-30.000-30.000-30.000-30.000-30.000-30.000-30.000-30.000-30.000-30.000-30.000-30.000-30.000
-30.000
 Argon      12.861 10.845  7.350-30.000-30.000-30.000-30.000-30.000-30.000-30.000-30.000-30.000-30.000-30.000-30.000-30.000-30.000
-30.000-30.000
 Potassium  10.709 11.417  7.255-30.000-30.000-30.000-30.000-30.000-30.000-30.000-30.000-30.000-30.000-30.000-30.000-30.000-30.000
-30.000-30.000-30.000
 Calcium    12.146 12.686 11.151-30.000-30.000-30.000-30.000-30.000-30.000-30.000-30.000-30.000-30.000-30.000-30.000-30.000-30.000
-30.000-30.000-30.000-30.000
 Scandium    8.950  9.506  7.367-30.000-30.000-30.000-30.000-30.000-30.000-30.000-30.000-30.000-30.000-30.000-30.000-30.000-30.000
-30.000-30.000-30.000-30.000-30.000
 Titanium    7.869 11.415  8.128 -3.866-30.000-30.000-30.000-30.000-30.000-30.000-30.000-30.000-30.000-30.000-30.000-30.000-30.000
-30.000-30.000-30.000-30.000-30.000-30.000
 Vanadium   10.092 10.097  6.921-30.000-30.000-30.000-30.000-30.000-30.000-30.000-30.000-30.000-30.000-30.000-30.000-30.000-30.000
-30.000-30.000-30.000-30.000-30.000-30.000-30.000
 Chromium   11.265 12.038  7.512-30.000-30.000-30.000-30.000-30.000-30.000-30.000-30.000-30.000-30.000-30.000-30.000-30.000-30.000
-30.000-30.000-30.000-30.000-30.000-30.000-30.000-30.000
 Manganese   8.372 11.895  7.668-30.000-30.000-30.000-30.000-30.000-30.000-30.000-30.000-30.000-30.000-30.000-30.000-30.000-30.000
-30.000-30.000-30.000-30.000-30.000-30.000-30.000-30.000-30.000
 Iron       10.166 13.965  9.176-30.000-30.000-30.000-30.000-30.000-30.000-30.000-30.000-30.000-30.000-30.000-30.000-30.000-30.000
-30.000-30.000-30.000-30.000-30.000-30.000-30.000-30.000-30.000-30.000
 Cobalt     11.278 10.980  3.460-30.000-30.000-30.000-30.000-30.000-30.000-30.000-30.000-30.000-30.000-30.000-30.000-30.000-30.000
-30.000-30.000-30.000-30.000-30.000-30.000-30.000-30.000-30.000-30.000-30.000
 Nickel      9.335 12.685  5.203-30.000-30.000-30.000-30.000-30.000-30.000-30.000-30.000-30.000-30.000-30.000-30.000-30.000-30.000
-30.000-30.000-30.000-30.000-30.000-30.000-30.000-30.000-30.000-30.000-30.000-30.000
 Copper     10.209 10.464  5.717-30.000-30.000-30.000-30.000-30.000-30.000-30.000-30.000-30.000-30.000-30.000-30.000-30.000-30.000
-30.000-30.000-30.000-30.000-30.000-30.000-30.000-30.000-30.000-30.000-30.000-30.000-30.000
 Zinc       10.878 10.485  7.199-30.000-30.000-30.000-30.000-30.000-30.000-30.000-30.000-30.000-30.000-30.000-30.000-30.000-30.000
-30.000-30.000-30.000-30.000-30.000-30.000-30.000-30.000-30.000-30.000-30.000-30.000-30.000-30.000
 Exc state    He1*  9.567   CII* 14.569   C11* 13.402   C12* 13.877   C13* 14.095   O11* 14.909   O12* 14.665   O13* 14.178
              Si2* 13.774   C30*  1.872   C31*  2.236   C32*  2.595


 Hydrogen   -0.002 -2.293 -4.291 (H2)                 Log10 Mean Ionisation (over radius)
 Helium     -0.000 -3.507 -8.584
 Lithium    -0.672 -0.104-10.163
 Beryllium  -0.241 -0.370 -4.439
 Boron      -0.787 -0.077 -7.082
 Carbon     -0.543 -0.147 -5.545
 Nitrogen   -0.001 -2.649-10.520
 Oxygen     -0.002 -2.398-10.076
 Fluorine   -0.004 -2.054 -5.727
 Neon       -0.003 -2.191 -5.868
 Sodium     -1.004 -0.045 -3.904
 Magnesium  -1.872 -0.006 -3.956
 Aluminium  -3.214 -0.000 -4.549
 Silicon    -1.568 -0.012 -5.570
 Phosphorus -2.599 -0.001 -4.863
 Sulphur    -1.379 -0.019 -4.212
 Chlorine   -1.695 -0.009 -4.044
 Argon      -0.004 -2.021 -5.515
 Potassium  -0.786 -0.078 -4.239
 Calcium    -0.660 -0.120 -1.655
 Scandium   -0.665 -0.109 -2.248
 Titanium   -3.546 -0.000 -3.287-15.281
 Vanadium   -0.304 -0.299 -3.474
 Chromium   -0.841 -0.068 -4.594
 Manganese  -3.524 -0.000 -4.227
 Iron       -3.799 -0.000 -4.789
 Cobalt     -0.177 -0.475 -7.995
 Nickel     -3.351 -0.000 -7.483
 Copper     -0.447 -0.192 -4.939
 Zinc       -0.147 -0.541 -3.826

               1      2      3      4      5      6      7      8      9     10     11     12     13     14     15     16     17

 Hydrogen   -0.005 -1.946 -4.554 (H2)         Log10 Mean Ionisation (over radius*electron density)
 Helium     -0.000 -3.439 -8.673
 Lithium    -0.543 -0.147-10.197
 Beryllium  -0.121 -0.614 -4.453
 Boron      -0.527 -0.153 -6.928
 Carbon     -0.336 -0.269 -5.444
 Nitrogen   -0.002 -2.273-10.080
 Oxygen     -0.004 -2.050 -9.672
 Fluorine   -0.004 -1.998 -5.833
 Neon       -0.002 -2.282 -6.096
 Sodium     -1.045 -0.041 -4.074
 Magnesium  -1.667 -0.010 -3.651
 Aluminium  -3.260 -0.000 -4.611
 Silicon    -1.289 -0.023 -5.153
 Phosphorus -2.654 -0.001 -4.638
 Sulphur    -1.036 -0.042 -3.995
 Chlorine   -2.092 -0.004 -4.025
 Argon      -0.011 -1.599 -5.092
 Potassium  -0.853 -0.066 -4.324
 Calcium    -0.421 -0.213 -2.062
 Scandium   -0.430 -0.204 -2.523
 Titanium   -3.593 -0.000 -3.137-14.623
 Vanadium   -0.164 -0.502 -3.384
 Chromium   -0.578 -0.133 -4.196
 Manganese  -3.573 -0.000 -3.819
 Iron       -3.831 -0.000 -4.369
 Cobalt     -0.087 -0.742 -7.811
 Nickel     -3.405 -0.000 -7.160
 Copper     -0.258 -0.349 -4.845
 Zinc       -0.071 -0.823 -4.132

               1      2      3      4      5      6      7      8      9     10     11     12     13     14     15     16     17

 Hydrogen    3.644  3.673  3.632 (H2)                  Log10 Mean Temperature (over radius)
 Helium      3.644  3.651  3.642
 Lithium     3.655  3.641  3.642
 Beryllium   3.654  3.631  3.646
 Boron       3.665  3.640  3.657
 Carbon      3.661  3.638  3.653
 Nitrogen    3.644  3.676  3.682
 Oxygen      3.644  3.673  3.679
 Fluorine    3.644  3.648  3.639
 Neon        3.644  3.639  3.633
 Sodium      3.642  3.645  3.636
 Magnesium   3.662  3.644  3.669
 Aluminium   3.641  3.644  3.641
 Silicon     3.666  3.644  3.680
 Phosphorus  3.641  3.644  3.662
 Sulphur     3.672  3.643  3.663
 Chlorine    3.623  3.645  3.648
 Argon       3.644  3.681  3.681
 Potassium   3.642  3.645  3.641
 Calcium     3.664  3.639  3.624
 Scandium    3.664  3.639  3.628
 Titanium    3.642  3.644  3.655  3.701
 Vanadium    3.656  3.633  3.651
 Chromium    3.666  3.641  3.678
 Manganese   3.642  3.644  3.679
 Iron        3.643  3.644  3.680
 Cobalt      3.652  3.630  3.658
 Nickel      3.641  3.644  3.671
 Copper      3.660  3.636  3.652
 Zinc        3.650  3.629  3.629

               1      2      3      4      5      6      7      8      9     10     11     12     13     14     15     16     17

 Hydrogen    3.671  3.686  3.650 (H2)          Log10 Mean Temperature (over radius*electron density)
 Helium      3.671  3.673  3.663
 Lithium     3.676  3.669  3.669
 Beryllium   3.676  3.654  3.668
 Boron       3.682  3.666  3.678
 Carbon      3.680  3.663  3.675
 Nitrogen    3.671  3.687  3.690
 Oxygen      3.671  3.686  3.688
 Fluorine    3.671  3.674  3.664
 Neon        3.671  3.666  3.655
 Sodium      3.668  3.671  3.659
 Magnesium   3.679  3.671  3.685
 Aluminium   3.668  3.671  3.667
 Silicon     3.684  3.670  3.689
 Phosphorus  3.668  3.671  3.681
 Sulphur     3.686  3.669  3.679
 Chlorine    3.642  3.671  3.671
 Argon       3.670  3.689  3.688
 Potassium   3.665  3.672  3.665
 Calcium     3.681  3.665  3.640
 Scandium    3.681  3.665  3.654
 Titanium    3.668  3.671  3.679  3.701
 Vanadium    3.677  3.658  3.676
 Chromium    3.682  3.667  3.688
 Manganese   3.668  3.671  3.689
 Iron        3.669  3.671  3.689
 Cobalt      3.675  3.653  3.680
 Nickel      3.668  3.671  3.685
 Copper      3.679  3.661  3.675
 Zinc        3.674  3.651  3.648

               1      2      3      4      5      6      7      8      9     10     11     12     13     14     15     16     17
                                                                          

---------------Convergence statistics---------------
      1.29 mean iterations/state convergence
      2.97 mean cx acceleration loops/iteration
      1.08 mean iso convergence loops/ion solve
      1.02 mean steps/chemistry solve
      1.04 mean step length searches/chemistry step
----------------------------------------------------

 Cloudy ends: 114 zones, 3 iterations, 1 caution.  ExecTime(s) 507.24
 [Stop in cdMain at ../maincl.cpp:483, Cloudy exited OK]
 ************************************************** GRID_DELIMIT -- grid000000076
