                                                          Cloudy 13.03
                                                         www.nublado.org

                       **************************************13Feb20**************************************
                       *                                                                                 *
                       * c                                                                               *
                       * phi(h) 11.000000 LOG range -0.000232 6.866524                                   *
                       * grid from 8 to 23 in 1 dex steps                                                *
                       * HDEN=11.000000 LOG                                                              *
                       * grid from 0 to 12 in 1 dex steps                                                *
                       * set pres ionize 1e5                                                             *
                       * c                                                                               *
                       * c                                                                               *
                       * table star "inst_padova_agbtrack_z.mod" age 6.78                                *
                       * c<< inst_padova_ model    4 read.       Age =    6010000.00                 >>> *
                       * c<< inst_padova_ model    5 read.       Age =    8010000.00                 >>> *
                       * c<< FINAL:     Age =    6025595.86                                          >>> *
                       * c                                                                               *
                       * c                                                                               *
                       * abundances GASS10                                                               *
                       * c                                                                               *
                       * c                                                                               *
                       * iterate to convergence max = 7                                                  *
                       * stop column density = 23                                                        *
                       * c                                                                               *
                       * c                                                                               *
                       * print last                                                                      *
                       * set save prefix "padova_inst_6"                                                 *
                       * save grid ".grd" last no hash                                                   *
                       * save linelist "emissionlines_abs.txt" "LineList_HII.dat" absolute last no hash    *
                       *                                                                                 *
                       ***********************************************************************************



 NOTE Setcon: continuum has zero intensity starting at  1.0074e+01 Ryd.
     1 cells in the incident continuum have zero intensity.  Problems???

           !The plasma frequency is 9.45e-07 Ryd.  The incident continuum is set to 0 below this.
           4147CellPeak1.00E+00   Lo 1.00e-08=910.79cm   Hi-Con:1.01E+01 Ryd   E(hi):7.35E+06Ryd     E(hi):     100.01 MeV
           I(nu>1ryd):   0.4461   Average nu:1.281E+00   I( X-ray):   0.0000   I(BalC):   1.9565     Phi(BalmrC):  12.8871
           phi(1.0-1.8):10.9816   phi(1.8-4.0):  9.585   phi(4.0-20):  8.470   phi(20--):  0.000     Ion pht flx:1.000E+11
           I(gam ray):   0.0000   phi(gam r):   0.0000   I(Infred):   1.3045   Alf(ox):   0.0000     Total inten:   2.0547
           U(1.0----):3.336E-11   U(4.0----):9.850E-14   T(En-Den):2.659E+01   T(Comp):2.168E+04     nuJnu(912A):1.914E+01
           Occ(FarIR):0.000E+00   Occ(H n=6):4.632E-11   Occ(1Ryd):8.799E-16   Occ(4R):1.016E-20     Occ (Nu-hi):0.000E+00
           Tbr(FarIR):0.000E+00   Tbr(H n=6):2.030E-07   Tbr(1Ryd):1.391E-10   Tbr(4R):6.421E-15     Tbr (Nu-hi):0.000E+00
  
                                                  Gas Phase Chemical Composition
        H :  0.0000  He: -1.0701  Li:-10.9508  Be:-10.6198  B : -9.3002  C : -3.5702  N : -4.1701  O : -3.3098  F : -7.4401
        Ne: -4.0701  Na: -5.7595  Mg: -4.4001  Al: -5.5498  Si: -4.4895  P : -6.5901  S : -4.8794  Cl: -6.5003  Ar: -5.6003
        K : -6.9706  Ca: -5.6596  Sc: -8.8508  Ti: -7.0501  V : -8.0701  Cr: -6.3595  Mn: -6.5702  Fe: -4.5003  Co: -7.0101
                                               Ni: -5.7799  Cu: -7.8097  Zn: -7.4401
 
 ####  1  Te:3.772E+03 Hden:1.000E+11 Ne:1.970E+08 R:1.000E+30 R-R0:1.188E+03 dR:2.376E+03 NTR:150 Htot:1.594E-07 T912: 1.50e-03###
 Hydrogen      9.98e-01 1.85e-03 H+o/Hden 1.00e+00 4.50e-09 H-    H2 1.37e-04 5.40e-10 H2+ HeH+ 2.35e-11 Ho+ ColD 2.37e+14 4.41e+11
 Helium        1.00e+00 8.32e-07 1.25e-13 HeI 2s3S 3.70e-10 Comp H,C 2.17e-19 3.78e-20 Fill Fac 1.00e+00 Gam1/tot 1.00e+00
 He singlet n  1.00e+00 7.90e-12 5.81e-17 4.16e-18 2.43e-17 1.12e-18 He tripl 3.70e-10 2.02e-16 3.61e-19 3.04e-18 2.47e-18
 Pressure      NgasTgas 4.10e+14 P(total) 5.67e-02 P( gas ) 5.67e-02 P(Radtn) 0.00e+00 Rad accl 1.62e-03 ForceMul 7.44e+08
 Texc(La)      3.57e+03 T(I con) 2.66e+01 T(D con) 1.81e+00 T(U tot) 2.66e+01 nT (c+d) 6.86e+06 Prad/Gas 0.00e+00 Pmag/Gas 0.00e+00
 Molecules     CH/Ctot: 2.95e-05 CH+/Ctot 2.50e-07 CO/Ctot: 3.02e-01 CO+/Ctot 1.21e-08 H2O/Otot 5.85e-08 OH/Ototl 2.71e-04
 Lithium       5.74e-01 4.26e-01 4.68e-13 0.00e+00 Berylliu 9.88e-01 1.17e-02 2.02e-07 0.00e+00 0.00e+00 sec ion: 1.27e-12
 Boron         8.97e-01 1.03e-01 3.06e-10 0.00e+00 0.00e+00 0.00e+00
 Carbon        6.79e-01 1.91e-02 2.61e-09 0.00e+00 0.00e+00 0.00e+00 0.00e+00 H2O+/O   4.64e-08 OH+/Otot 6.19e-05 Hex(tot) 0.00e+00
 Nitrogen      8.53e-01 3.50e-04 6.13e-14 0.00e+00 0.00e+00 0.00e+00 0.00e+00 0.00e+00 O2/Ototl 4.02e-08 O2+/Otot 2.78e-07
 Oxygen        8.33e-01 1.20e-03 3.66e-13 0.00e+00 0.00e+00 0.00e+00 0.00e+00 0.00e+00 0.00e+00
 Fluorine      9.99e-01 1.38e-03 8.33e-09 0.00e+00 0.00e+00 0.00e+00 0.00e+00 0.00e+00 0.00e+00 0.00e+00
 Neon          1.00e+00 4.67e-04 2.04e-09 0.00e+00 0.00e+00 0.00e+00 0.00e+00 0.00e+00 0.00e+00 0.00e+00 0.00e+00
 Sodium        9.13e-02 9.09e-01 2.40e-06 0.00e+00 0.00e+00 0.00e+00 0.00e+00 0.00e+00 0.00e+00 0.00e+00 0.00e+00 0.00e+00
 Magnesium     4.60e-02 9.54e-01 1.84e-05 0.00e+00 0.00e+00 0.00e+00 0.00e+00 0.00e+00 0.00e+00 0.00e+00 0.00e+00 0.00e+00 0.00e+00
 Aluminium  0  5.41e-04 9.99e-01 1.57e-06 0.00e+00 0.00e+00 0.00e+00 0.00e+00 0.00e+00 0.00e+00 0.00e+00 0.00e+00 0.00e+00 0.00e+00
 Silicon    0  3.11e-01 6.89e-01 1.39e-07 0.00e+00 0.00e+00 0.00e+00 0.00e+00 0.00e+00 0.00e+00 0.00e+00 0.00e+00 0.00e+00 0.00e+00
 Phosphorus 0  2.38e-03 9.98e-01 1.30e-06 0.00e+00 0.00e+00 0.00e+00 0.00e+00 0.00e+00 0.00e+00 0.00e+00 0.00e+00 0.00e+00 0.00e+00
 Sulphur    0  6.48e-01 3.51e-01 1.98e-07 0.00e+00 0.00e+00 0.00e+00 0.00e+00 0.00e+00 0.00e+00 0.00e+00 0.00e+00 0.00e+00 0.00e+00
 Chlorine   0  7.10e-02 9.28e-01 5.02e-06 0.00e+00 0.00e+00 0.00e+00 0.00e+00 0.00e+00 0.00e+00 0.00e+00 0.00e+00 0.00e+00 0.00e+00
 Argon      0  1.00e+00 1.39e-04 1.04e-10 0.00e+00 0.00e+00 0.00e+00 0.00e+00 0.00e+00 0.00e+00 0.00e+00 0.00e+00 0.00e+00 0.00e+00
 Potassium  0  3.20e-01 6.80e-01 1.54e-06 0.00e+00 0.00e+00 0.00e+00 0.00e+00 0.00e+00 0.00e+00 0.00e+00 0.00e+00 0.00e+00 0.00e+00
 Calcium    0  9.27e-01 7.31e-02 2.74e-05 0.00e+00 0.00e+00 0.00e+00 0.00e+00 0.00e+00 0.00e+00 0.00e+00 0.00e+00 0.00e+00 0.00e+00
 Scandium   0  9.24e-01 7.58e-02 5.01e-05 0.00e+00 0.00e+00 0.00e+00 0.00e+00 0.00e+00 0.00e+00 0.00e+00 0.00e+00 0.00e+00 0.00e+00
 Titanium   0  2.47e-04 1.00e+00 1.20e-04 0.00e+00 0.00e+00 0.00e+00 0.00e+00 0.00e+00 0.00e+00 0.00e+00 0.00e+00 0.00e+00 0.00e+00
 Vanadium   0  9.80e-01 1.99e-02 5.63e-06 0.00e+00 0.00e+00 0.00e+00 0.00e+00 0.00e+00 0.00e+00 0.00e+00 0.00e+00 0.00e+00 0.00e+00
 Chromium   0  8.72e-01 1.28e-01 2.79e-07 0.00e+00 0.00e+00 0.00e+00 0.00e+00 0.00e+00 0.00e+00 0.00e+00 0.00e+00 0.00e+00 0.00e+00
 Manganese  0  2.61e-04 1.00e+00 5.99e-06 0.00e+00 0.00e+00 0.00e+00 0.00e+00 0.00e+00 0.00e+00 0.00e+00 0.00e+00 0.00e+00 0.00e+00
 Iron       0  1.47e-04 1.00e+00 1.19e-06 0.00e+00 0.00e+00 0.00e+00 0.00e+00 0.00e+00 0.00e+00 0.00e+00 0.00e+00 0.00e+00 0.00e+00
 Cobalt     0  9.92e-01 8.29e-03 3.00e-11 0.00e+00 0.00e+00 0.00e+00 0.00e+00 0.00e+00 0.00e+00 0.00e+00 0.00e+00 0.00e+00 0.00e+00
 Nickel     0  4.00e-04 1.00e+00 1.76e-09 0.00e+00 0.00e+00 0.00e+00 0.00e+00 0.00e+00 0.00e+00 0.00e+00 0.00e+00 0.00e+00 0.00e+00
 Copper     0  9.65e-01 3.48e-02 5.62e-08 0.00e+00 0.00e+00 0.00e+00 0.00e+00 0.00e+00 0.00e+00 0.00e+00 0.00e+00 0.00e+00 0.00e+00
 Zinc       0  9.94e-01 6.12e-03 1.02e-07 0.00e+00 0.00e+00 0.00e+00 0.00e+00 0.00e+00 0.00e+00 0.00e+00 0.00e+00 0.00e+00 0.00e+00
                                                                             
   Calculation stopped because lowest Te reached. Iteration 3 of 3
   The geometry is plane-parallel.
 C-Continuum zero at some energies.
  !Continuum fluorescent production of H-beta was very important.
  !The high electron density makes the Nussbaumer/Storey CNO recombination predictions unreliable.
  !H2 vib deexec heating reached 10.14% of the local heating.
  !Charge transfer ionization of H reached 20687.4% of the local H ionization rate.
  !The largest plasma frequency was 9.45e-07 Ryd = 9.64e+04 micron  The continuum is set to 0 below this.
  !AGE: Cloud age was not set.  Longest timescale was 5.34e+05 s = 6.18e+00 days.
  !Mutual neutralization production of H-alpha was significant.
  !The CMB was not included.  This is added with the CMB command.
  !The fraction of N  in N2 reached 14.6% at some point in the cloud.
  !The fraction of C  in CO reached 30.1% at some point in the cloud.
   Charge transfer heating reached 0.86% of the local heating.
   The density is too low to l-mix the lowest He I collapsed level.  More resolved levels are needed for accurate line ratios.
   Grains were not present but might survive in this environment (energy density temperature was 2.66e+01K)

                       *********************************> Cloudy 13.03 <**********************************
                       * c                                                                               *
                       * phi(h) 11.000000 LOG range -0.000232 6.866524                                   *
                       * grid from 8 to 23 in 1 dex steps                                                *
                       * HDEN=11.000000 LOG                                                              *
                       * grid from 0 to 12 in 1 dex steps                                                *
                       * set pres ionize 1e5                                                             *
                       * c                                                                               *
                       * c                                                                               *
                       * table star "inst_padova_agbtrack_z.mod" age 6.78                                *
                       * c                                                                               *
                       * c                                                                               *
                       * abundances GASS10                                                               *
                       * c                                                                               *
                       * c                                                                               *
                       * iterate to convergence max = 7                                                  *
                       * stop column density = 23                                                        *
                       * c                                                                               *
                       * c                                                                               *
                       * print last                                                                      *
                       * set save prefix "padova_inst_6"                                                 *
                       * save grid ".grd" last no hash                                                   *
                       * save linelist "emissionlines_abs.txt" "LineList_HII.dat" absolute last no hash    *
                       *********************************> Log(U):-10.48 <*********************************
                       >>>>>>>>>> Cautions are present.

                     Emission Line Spectrum.   Constant  Density Model.    Open geometry.  Iteration 3 of 3.
                                                     Intensity (erg/s/cm^2).


                                                   Intrinsic line intensities
 general properties..........      nFnu  2430A  -5.206   0.0436      Ca A  3750A  -5.750   0.0124      H  1 2.625m  -5.118   0.0533            
 TOTL  4861A  -3.845   1.0000      nInu  2430A   1.666324295.97      Ca A  3734A  -5.789   0.0114      H  1 2.166m  -5.412   0.0271            
 TOTL  1216A  -1.818 106.4449      nFnu  2392A  -5.300   0.0351      Ca A  3722A  -5.826   0.0105      H  1 1.945m  -5.656   0.0154            
 Inci     0    2.055793813.69      nInu  2392A   1.671327847.38      Ca A  3712A  -5.866   0.0095      H  1 1.817m  -5.834   0.0103            
 TotH     0   -3.422   2.6515      nFnu  2071A  -5.005   0.0692      Ca A  3704A  -5.912   0.0086      H  1 1.736m  -6.004   0.0069            
 TotC     0   -3.422   2.6483      nInu  2071A   1.772414411.03      Ca A  3697A  -5.964   0.0076      H  1 7.458m  -5.445   0.0251            
 BFH1     0   -3.484   2.2966      nFnu  2053A  -5.077   0.0586      Ca A  3692A  -6.019   0.0067      H  1 4.653m  -5.715   0.0135            
 BFHe     0   -5.328   0.0329      nInu  2053A   1.768410203.91      Ca A  3687A  -6.076   0.0059      H  1 3.740m  -5.951   0.0078            
 TotM     0   -5.420   0.0266      nFnu  1793A  -6.113   0.0054      Ca A  3683A  -6.134   0.0051      H  1 3.296m  -6.126   0.0052            
 CT H     0   -5.497   0.0223      nInu  1793A   1.856502521.81      Ca A  3679A  -6.192   0.0045      H  1 3.038m  -6.294   0.0036            
 H FB     0   -4.524   0.2095      nFnu  1585A  -5.658   0.0154      Ca A  3676A  -6.249   0.0039      H  1 12.37m  -5.992   0.0071            
 HFBc     0   -4.524   0.2095      nInu  1585A   1.849494321.47      Ca A  3674A  -6.304   0.0035      H  1 7.500m  -6.202   0.0044            
 OH       0   -6.726   0.0013      nFnu  1458A  -4.500   0.2215      Ca A  3671A  -6.359   0.0031      H  1 5.907m  -6.370   0.0030            
 CO       0   -5.705   0.0138      nInu  1458A   1.950623817.81      Ca A 1.875m  -5.165   0.0479      H  1 5.127m  -6.534   0.0020            
 continua....................      nFnu  1357A  -5.272   0.0374      Ca A 1.282m  -5.467   0.0239      H  1 19.06m  -6.444   0.0025            
 Bac   3646A  -3.154   4.9050      nInu  1357A   2.013721689.38      Ca A 1.094m  -5.698   0.0140      H  1 11.31m  -6.585   0.0018            
 nFnu  3645A  -3.147   4.9850      nFnu  1297A  -5.741   0.0127      Ca A 1.005m  -5.870   0.0094      H  1 8.758m  -6.742   0.0013            
 nFnu  3647A  -4.942   0.0800      nInu  1297A   1.984674794.44      Ca A  9546A  -5.997   0.0071      H  1 27.80m  -6.800   0.0011            
 cout  3646A  -3.455   2.4525      nFnu  1263A  -5.865   0.0095      Ca A  9229A  -6.091   0.0057      He-like iso-sequence........            
 cref  3646A  -3.455   2.4525      nInu  1263A   2.011718608.31      Ca A  9015A  -6.162   0.0048      He 1     0   -6.570   0.0019            
 thin  3646A  -3.154   4.9050      nFnu  1218A  -3.586   1.8152      Ca A  8863A  -6.217   0.0043      He 1 584.3A  -4.330   0.3275            
 Inci  4860A   1.273131220.14      nInu  1218A   1.879530297.38      Ca A  8750A  -6.262   0.0038      He 1 537.0A  -5.092   0.0567            
 Inci  1215A   1.881532392.94      nFnu  1196A  -4.222   0.4195      Ca A  8665A  -6.301   0.0035      He 1 522.2A  -5.402   0.0277            
 Ba C     0   -4.187   0.4546      nInu  1196A   1.943613470.62      Ca A  8598A  -6.339   0.0032      He 1 515.6A  -5.684   0.0145            
 PA C     0   -4.571   0.1879      nFnu  1175A  -4.330   0.3273      Ca A  8545A  -6.380   0.0029      He 1 512.1A  -5.926   0.0083            
 FIR  83.00m  -0.4602427.7688      nInu  1175A   1.823465479.28      Ca A  8502A  -6.426   0.0026      Pho+  3889A  -4.861   0.0963            
 TIR   1800m  -2.763  12.0927      nFnu  1144A  -4.711   0.1362      Ca A  8467A  -6.477   0.0023      database lines..............            
 NIRa 2.850m   0.85349875.277      nInu  1144A   2.050785512.56      Ca A  8438A  -6.532   0.0021      level 1 lines...............            
 NIRb 3.000m   0.56925941.965      nFnu  1113A  -5.034   0.0648      Ca A  8413A  -6.590   0.0018      C  1  1656A  -5.112   0.0541            
 MIRa 15.00m  -0.8151071.7157      nInu  1113A   2.036759785.19      Ca A  8392A  -6.648   0.0016      REC   1656A  -6.327   0.0033            
 MIRb 22.50m  -0.6661509.7670      nFnu  1103A  -4.571   0.1879      Ca A  8374A  -6.705   0.0014      C Ic  9850A  -6.436   0.0026            
 NMIR 21.75m   0.85349875.277      nInu  1103A   2.060803912.25      Ca A  8359A  -6.762   0.0012      TOTL  9850A  -6.436   0.0026            
 TFIR 611.2m  -0.972 746.5566      nFnu  1074A  -4.908   0.0865      Ca A  8346A  -6.818   0.0011      C  1  8727A  -5.340   0.0320            
 TALL 10000A   2.055793975.75      nInu  1074A   2.051787763.69      Ca A 4.051m  -5.795   0.0112      C  2  1335A  -6.741   0.0013            
 F12  12.00m  -1.363 303.3128      nFnu  1064A  -5.044   0.0632      Ca A 2.625m  -6.024   0.0066      N  1 953.9A  -6.431   0.0026            
 F25  25.00m  -1.311 341.6926      nInu  1064A   2.032754255.06      Ca A 2.166m  -6.210   0.0043      N  1  1200A  -5.384   0.0289            
 F60  60.00m  -0.859 967.9711      nFnu  1036A  -5.384   0.0289      Ca A 1.945m  -6.349   0.0031      O  1  6300A  -5.625   0.0166            
 F100 100.0m  -1.047 628.5592      nInu  1036A   1.989682613.50      Ca A 1.817m  -6.451   0.0025      O  1  6363A  -6.121   0.0053            
 MIPS 24.00m  -1.626 165.7509      nFnu  1000A  -5.833   0.0103      Ca A 1.736m  -6.525   0.0021      Na 1  5892A  -4.770   0.1188            
 MIPS 70.00m  -1.217 425.0105      nInu  1000A   1.986677608.19      Ca A 1.681m  -6.582   0.0018      Mg 1  4561A  -6.820   0.0011            
 MIPS 160.0m  -1.442 253.0330      nFnu 925.1A  -5.151   0.0494      Ca A 1.641m  -6.629   0.0016      Mg 1  2853A  -6.095   0.0056            
 IRAC 3.600m  -0.964 760.4135      nInu 925.1A   1.745388967.22      Ca A 1.611m  -6.669   0.0015      TOTL  2798A  -4.593   0.1788            
 IRAC 4.500m  -1.254 390.3553      nFnu 897.8A  -1.973  74.5096      Ca A 1.588m  -6.706   0.0014      Mg 2  2796A  -4.773   0.1181            
 IRAC 5.800m  -1.453 246.5988      nInu 897.8A   0.89154488.738      Ca A 1.570m  -6.747   0.0013      Mg 2  2803A  -5.062   0.0607            
 IRAC 8.000m  -1.496 223.2983      nFnu 760.0A  -5.169   0.0474      Ca A 1.556m  -6.793   0.0011      totl  2665A  -6.561   0.0019            
 SPR1 250.0m  -1.864  95.7579      nInu 760.0A   0.74839216.520      Ca A 1.544m  -6.845   0.0010      Al 2  2670A  -6.561   0.0019            
 SPR2 350.0m  -2.300  35.0881      nFnu 701.5A  -6.367   0.0030      Ca A 7.458m  -6.310   0.0034      Si 1  2518A  -6.251   0.0039            
 SPR3 500.0m  -2.688  14.3636      nInu 701.5A   0.59027243.227      Ca A 4.653m  -6.484   0.0023      Si 2  1531A  -6.193   0.0045            
 PAC1 70.00m  -1.154 490.5028      nInu 608.2A   0.40917954.848      Ca A 3.740m  -6.627   0.0017      Si 2  1308A  -6.273   0.0037            
 PAC2 100.0m  -1.042 635.7999      nFnu 575.1A  -6.428   0.0026      Ca A 3.296m  -6.733   0.0013      Si 2  1263A  -5.148   0.0497            
 PAC3 160.0m  -1.185 457.2876      nInu 575.1A   0.39017196.762      Ca A 3.038m  -6.810   0.0011      S 1R  1807A  -6.674   0.0015            
 PAH  3.300m  -1.747 125.2737      nInu 511.9A   0.20811306.983      Ca A 12.37m  -6.737   0.0013      Cl 2  8579A  -6.844   0.0010            
 PAHC 3.230m  -2.009  68.5797      nFnu 496.9A  -6.061   0.0061      Ca B  6563A  -4.087   0.5730      K  1  7676A  -5.042   0.0635            
 PAHC 3.370m  -2.085  57.5556      nInu 496.9A  -0.5012209.1260      Ca B  4861A  -4.519   0.2118      Ca 1  4228A  -4.574   0.1866            
 PAH  6.200m  -1.998  70.3016      nInu 399.2A  -0.6101717.0740      Ca B  4340A  -4.814   0.1074      Ca 2  3933A  -4.826   0.1045            
 PAHC 5.650m  -1.900  88.0967      RRC.........................      Ca B  4102A  -5.025   0.0661      Ca 2  8579A  -6.397   0.0028            
 PAH  7.900m  -1.964  76.0995      H  1 911.8A  -3.296   3.5431      Ca B  3970A  -5.184   0.0459      Ca 2  7306A  -5.583   0.0183            
 PAHC 6.900m  -1.824 104.9378      H  1  3646A  -4.701   0.1392      Ca B  3889A  -5.311   0.0342      Ca2K  3934A  -5.010   0.0685            
 PAH  11.30m  -2.578  18.4856      H  1  3646A  -4.300   0.3505      Ca B  3835A  -5.415   0.0269      Ca2H  3969A  -5.288   0.0361            
 PAHC 10.90m  -2.568  18.9044      H  1  8204A  -5.474   0.0235      Ca B  3798A  -5.501   0.0221      Ca2Y  8542A  -6.619   0.0017            
 PAH  11.80m  -2.350  31.2398      H  1  8204A  -5.020   0.0668      Ca B  3771A  -5.574   0.0187      CaF1  7291A  -5.803   0.0110            
 PAHC 12.65m  -2.366  30.1534      H  1  8204A  -5.033   0.0648      Ca B  3750A  -5.638   0.0161      CaF2  7324A  -5.983   0.0073            
 PAH  13.30m  -2.321  33.3920      H  1 1.458m  -6.006   0.0069      Ca B  3734A  -5.697   0.0141      Fe2c     0   -4.705   0.1379            
 PAHC 14.10m  -2.337  32.1956      H  1 1.458m  -5.543   0.0200      Ca B  3722A  -5.753   0.0124      Fe 2  4300A  -5.298   0.0352            
 Bcon  3640A   1.957633405.50      H  1 1.458m  -5.444   0.0252      Ca B  3712A  -5.811   0.0108      Fe 2  2400A  -4.876   0.0932            
 Pcon  5000A   1.156100164.43      H  1 1.458m  -5.684   0.0145      Ca B  3704A  -5.871   0.0094      Fe 2 25.98m  -6.670   0.0015            
 HFFc     0   -4.077   0.5858      H  1 2.279m  -6.400   0.0028      Ca B  3697A  -5.933   0.0082      Fe 2 1.257m  -6.206   0.0044            
 H FF     0   -5.046   0.0630      H  1 2.279m  -5.936   0.0081      Ca B  3692A  -5.996   0.0071      Fe 2 1.321m  -6.784   0.0012            
 MeFB     0   -5.748   0.0125      H  1 2.279m  -5.801   0.0111      Ca B  3687A  -6.059   0.0061      Fe 2 1.294m  -6.782   0.0012            
 MeFF     0   -6.274   0.0037      H  1 2.279m  -5.890   0.0090      Ca B  3683A  -6.121   0.0053      Fe 2 17.93m  -6.381   0.0029            
 ToFF     0   -5.021   0.0667      H  1 2.279m  -6.292   0.0036      Ca B  3679A  -6.182   0.0046      Fe 2 1.644m  -6.279   0.0037            
 nInu 1.335c  -6.561   0.0019      H  1 3.281m  -6.708   0.0014      Ca B  3676A  -6.241   0.0040      Fe 2 1.533m  -6.727   0.0013            
 nInu  9993m  -6.183   0.0046      H  1 3.281m  -6.245   0.0040      Ca B  3674A  -6.298   0.0035      Fe 2  8617A  -6.303   0.0035            
 nInu  6917m  -5.708   0.0137      H  1 3.281m  -6.096   0.0056      Ca B  3671A  -6.354   0.0031      Fe 2 1.599m  -6.841   0.0010            
 nFnu 122.4m  -5.990   0.0072      H  1 3.281m  -6.127   0.0052      Ca B 1.875m  -5.030   0.0654      Fe 2  8892A  -6.723   0.0013            
 nInu 122.4m  -0.6311637.8789      H  1 3.281m  -6.352   0.0031      Ca B 1.282m  -5.309   0.0343      Fe2b  7000A  -6.583   0.0018            
 nFnu 60.83m  -5.649   0.0157      H  1 4.466m  -6.498   0.0022      Ca B 1.094m  -5.524   0.0209      Fe2b 10000A  -5.398   0.0280            
 nInu 60.83m  -0.6781469.3022      H  1 4.466m  -6.343   0.0032      Ca B 1.005m  -5.689   0.0143      Fe2b  7445A  -6.583   0.0018            
 nFnu 41.22m  -5.446   0.0250      H  1 4.466m  -6.346   0.0032      Ca B  9546A  -5.820   0.0106      Fe2b  8625A  -5.968   0.0075            
 nInu 41.22m  -0.7891136.4702      H  1 4.466m  -6.497   0.0022      Ca B  9229A  -5.927   0.0083      Fe2b 1.889m  -6.425   0.0026            
 nFnu 30.87m  -5.301   0.0350      H  1 4.466m  -6.822   0.0011      Ca B  9015A  -6.014   0.0068      Fe 2  1786A  -4.883   0.0917            
 nInu 30.87m  -0.887 908.3597      H  1 5.834m  -6.712   0.0014      Ca B  8863A  -6.087   0.0057      recombination...............            
 nFnu 24.78m  -5.191   0.0451      H  1 5.834m  -6.554   0.0020      Ca B  8750A  -6.152   0.0049      level2 lines................            
 nInu 24.78m  -0.962 764.3523      H  1 5.834m  -6.543   0.0020      Ca B  8665A  -6.211   0.0043      C  1 943.9A  -5.337   0.0322            
 nFnu 24.30m  -5.182   0.0461      H  1 5.834m  -6.655   0.0015      Ca B  8598A  -6.267   0.0038      C  1  1248A  -5.286   0.0362            
 nInu 24.30m  -0.969 752.4527      H  1 7.383m  -6.736   0.0013      Ca B  8545A  -6.325   0.0033      C  1 841.0A  -6.691   0.0014            
 nFnu 22.83m  -5.151   0.0494      H  1 7.383m  -6.717   0.0013      Ca B  8502A  -6.385   0.0029      C  1  1561A  -5.563   0.0191            
 nInu 22.83m  -0.989 717.8505      H  1 7.383m  -6.807   0.0011      Ca B  8467A  -6.446   0.0025      C  1  1315A  -5.494   0.0224            
 nFnu 21.42m  -5.120   0.0531      H  1 11.03m  -6.317   0.0034      Ca B  8438A  -6.509   0.0022      C  1  1166A  -5.691   0.0142            
 nInu 21.42m  -1.011 682.1570      H  1 13.13m  -6.429   0.0026      Ca B  8413A  -6.572   0.0019      C  1  1233A  -5.705   0.0138            
 nFnu 21.12m  -5.112   0.0540      H  1 15.40m  -6.532   0.0021      Ca B  8392A  -6.635   0.0016      C  1  1132A  -5.980   0.0073            
 nInu 21.12m  -1.016 674.1779      H  1 17.87m  -6.627   0.0017      Ca B  8374A  -6.695   0.0014      C  1  1251A  -5.993   0.0071            
 nFnu 19.62m  -5.077   0.0586      H  1 20.51m  -6.716   0.0013      Ca B  8359A  -6.755   0.0012      C  1  1112A  -6.126   0.0052            
 nInu 19.62m  -1.037 642.6745      H  1 23.33m  -6.800   0.0011      Ca B  8346A  -6.812   0.0011      C  1  1115A  -6.176   0.0047            
 nFnu 17.65m  -5.023   0.0664      H  1 56.97m  -6.128   0.0052      Ca B 4.051m  -5.672   0.0149      C  1  1162A  -6.253   0.0039            
 nInu 17.65m  -1.055 616.6670      C  1  1101A  -6.174   0.0047      Ca B 2.625m  -5.879   0.0093      C  1  1167A  -6.421   0.0027            
 nFnu 17.37m  -5.016   0.0675      Al 1  2071A  -6.266   0.0038      Ca B 2.166m  -6.049   0.0063      C  1  1104A  -6.361   0.0030            
 nInu 17.37m  -1.057 613.2045      Si 1  1521A  -5.420   0.0266      Ca B 1.945m  -6.185   0.0046      C  1  1109A  -6.376   0.0029            
 nFnu 15.69m  -4.969   0.0751      P  1  1182A  -6.290   0.0036      Ca B 1.817m  -6.293   0.0036      C  1  1130A  -6.585   0.0018            
 nInu 15.69m  -1.074 590.6041      S  1  1197A  -5.667   0.0151      Ca B 1.736m  -6.381   0.0029      C  1  1098A  -6.528   0.0021            
 nFnu 14.60m  -4.935   0.0814      Cl 1 956.0A  -6.124   0.0053      Ca B 1.681m  -6.455   0.0025      C  1  1132A  -6.551   0.0020            
 nInu 14.60m  -1.085 575.2810      Fe 1  1569A  -6.223   0.0042      Ca B 1.641m  -6.520   0.0021      C  1  1106A  -6.613   0.0017            
 nFnu 12.43m  -4.857   0.0973      grains......................      Ca B 1.611m  -6.579   0.0018      C  1  1093A  -6.716   0.0013            
 nInu 12.43m  -1.112 540.7198      H-like iso-sequence.........      Ca B 1.588m  -6.635   0.0016      C  1  1110A  -6.781   0.0012            
 nFnu 11.40m  -4.820   0.1059      Hlin 912.0A  -6.539   0.0020      Ca B 1.570m  -6.692   0.0014      C  1  1114A  -6.801   0.0011            
 nInu 11.40m  -1.126 523.7315      Hrst     0   -6.548   0.0020      Ca B 1.556m  -6.752   0.0012      C  1  1115A  -6.810   0.0011            
 nFnu 10.46m  -4.779   0.1163      Ca B  1216A  -3.098   5.5824      Ca B 1.544m  -6.814   0.0011      N  1 942.3A  -6.472   0.0024            
 nInu 10.46m  -1.140 507.2790      Q(H)  4861A  -1.206 435.4781      Ca B 7.458m  -6.180   0.0046      N  1 952.1A  -6.446   0.0025            
 nFnu 9.480m  -4.738   0.1280      Q(H)  1216A   0.21311436.534      Ca B 4.653m  -6.336   0.0032      N  1  1131A  -6.513   0.0021            
 nInu 9.480m  -1.136 511.8588      CaBo  4861A  -4.600   0.1758      Ca B 3.740m  -6.471   0.0024      O  1 867.3A  -6.373   0.0030            
 nFnu 9.325m  -4.732   0.1298      Ca A  1216A  -3.182   4.6029      Ca B 3.296m  -6.581   0.0018      O  1 787.5A  -6.604   0.0017            
 nInu 9.325m  -1.132 516.2748      Ca A  1026A  -3.863   0.9599      Ca B 3.038m  -6.669   0.0015      O  1 976.8A  -5.774   0.0118            
 nFnu 8.210m  -4.675   0.1479      Ca A 972.5A  -4.207   0.4344      Ca B 2.872m  -6.743   0.0013      O  1 969.0A  -5.981   0.0073            
 nInu 8.210m  -1.087 573.4177      Ca A 949.7A  -4.407   0.2744      Ca B 2.758m  -6.807   0.0011      O  1 946.4A  -6.337   0.0032            
 nFnu 7.580m  -4.645   0.1585      Ca A 937.8A  -4.526   0.2087      Ca B 12.37m  -6.599   0.0018      O  1 934.5A  -6.662   0.0015            
 nInu 7.580m  -1.046 629.2527      Ca A 930.8A  -4.607   0.1731      Ca B 7.500m  -6.715   0.0014      Al 2  1671A  -5.872   0.0094            
 nFnu 7.050m  -4.612   0.1712      Ca A 926.2A  -4.678   0.1468      Ca B 5.907m  -6.820   0.0011      Si 1  1261A  -6.103   0.0055            
 nInu 7.050m  -1.004 693.7112      Ca A 923.2A  -4.744   0.1263      H  1  1216A  -1.818 106.4449      Si 1  1853A  -6.172   0.0047            
 nFnu 4.114m  -4.430   0.2600      Ca A 921.0A  -4.800   0.1109      H  1  1026A  -2.278  36.8996      Si 1  1694A  -6.368   0.0030            
 nInu 4.114m  -0.4822305.1777      Ca A 919.4A  -4.848   0.0994      H  1 972.5A  -2.908   8.6529      Si 1  1626A  -6.658   0.0015            
 nFnu 2.324m  -4.368   0.3001      Ca A 918.1A  -4.890   0.0902      H  1 949.7A  -3.049   6.2464      Si 1  1091A  -6.689   0.0014            
 nInu 2.324m   0.1179167.0830      Ca A 917.2A  -4.927   0.0827      H  1 937.8A  -3.403   2.7693      Si 2  1180A  -5.375   0.0295            
 nFnu 1.643m  -4.386   0.2878      Ca A 916.4A  -4.964   0.0760      H  1 930.8A  -3.714   1.3522      Si 2 993.4A  -6.218   0.0042            
 nInu 1.643m   0.51823069.791      Ca A 915.8A  -5.004   0.0693      H  1 926.2A  -3.954   0.7774      S  1  1356A  -6.416   0.0027            
 nFnu 1.480m  -4.110   0.5433      Ca A 915.3A  -5.050   0.0624      H  1 923.2A  -4.125   0.5244      S  1  1227A  -6.594   0.0018            
 nInu 1.480m   0.58226754.867      Ca A 914.9A  -5.101   0.0554      H  1 921.0A  -4.289   0.3598      S  1  1662A  -6.678   0.0015            
 nFnu 1.436m  -3.929   0.8251      Ca A 914.6A  -5.156   0.0488      H  1  6563A  -3.370   2.9881      Ar 1  1096A  -6.637   0.0016            
 nInu 1.436m   0.60728306.949      Ca A 914.3A  -5.214   0.0428      H  1  4861A  -3.845   1.0000      Ti 2  3366A  -6.261   0.0038            
 nFnu 1.119m  -3.591   1.7965      Ca A 914.0A  -5.272   0.0374      H  1  4340A  -3.920   0.8420      Ti 2  3238A  -6.618   0.0017            
 nInu 1.119m   0.77441597.254      Ca A 913.8A  -5.329   0.0328      H  1  4102A  -4.209   0.4321      Cr 1  4271A  -6.404   0.0028            
 nFnu  8330A  -3.550   1.9735      Ca A 913.6A  -5.386   0.0288      H  1  3970A  -4.516   0.2135      Cr 1  3591A  -6.589   0.0018            
 nInu  8330A   0.93159658.352      Ca A 913.5A  -5.442   0.0253      H  1  3889A  -4.765   0.1202      Mn 2  2590A  -6.761   0.0012            
 nFnu  8079A  -3.434   2.5766      Ca A 913.3A  -5.496   0.0223      H  1  3835A  -4.946   0.0792      hyperfine structure.........            
 nInu  8079A   0.95663307.148      Ca A  6563A  -4.347   0.3149      H  1  3798A  -5.118   0.0533      inner shell.................            
 nFnu  6210A  -3.718   1.3394      Ca A  4861A  -4.773   0.1181      H  1 1.875m  -4.361   0.3050      molecules...................            
 nInu  6210A   1.14397273.680      Ca A  4340A  -5.062   0.0607      H  1 1.282m  -4.459   0.2434      H2vH     0   -4.415   0.2690            
 nFnu  4885A  -4.148   0.4974      Ca A  4102A  -5.259   0.0385      H  1 1.094m  -4.736   0.1286      H-FB     0   -4.036   0.6440            
 nInu  4885A   1.293137523.59      Ca A  3970A  -5.400   0.0278      H  1 1.005m  -5.036   0.0644      H-FF     0   -4.130   0.5191            
 nFnu  3704A  -4.895   0.0892      Ca A  3889A  -5.506   0.0218      H  1  9546A  -5.283   0.0365      H-CT  6563A  -4.555   0.1952            
 nInu  3704A   1.394173357.84      Ca A  3835A  -5.589   0.0180      H  1  9229A  -5.463   0.0241      H2+      0   -4.298   0.3522            
 nFnu  3588A  -3.206   4.3519      Ca A  3798A  -5.654   0.0155      H  1  9015A  -5.634   0.0163            
 nInu  3588A   1.393173179.97      Ca A  3771A  -5.706   0.0138      H  1 4.051m  -4.858   0.0971            

                                                    Emergent line intensities
 general properties..........      nFnu  2430A  -5.206   0.0436      Ca A  8392A  -6.648   0.0016      H  1 7.500m  -6.202   0.0044            
 TOTL  4861A  -3.845   1.0000      nInu  2430A   1.666324295.97      Ca A  8374A  -6.705   0.0014      H  1 5.907m  -6.370   0.0030            
 TOTL  1216A  -1.818 106.4448      nFnu  2392A  -5.300   0.0351      Ca A  8359A  -6.762   0.0012      H  1 5.127m  -6.534   0.0020            
 continua....................      nInu  2392A   1.671327847.38      Ca A  8346A  -6.818   0.0011      H  1 19.06m  -6.444   0.0025            
 Bac   3646A  -3.154   4.9050      nFnu  2071A  -5.005   0.0692      Ca A 4.051m  -5.795   0.0112      H  1 11.31m  -6.585   0.0018            
 nFnu  3645A  -3.147   4.9850      nInu  2071A   1.772414411.03      Ca A 2.625m  -6.024   0.0066      H  1 8.758m  -6.742   0.0013            
 nFnu  3647A  -4.942   0.0800      nFnu  2053A  -5.077   0.0586      Ca A 2.166m  -6.210   0.0043      H  1 27.80m  -6.800   0.0011            
 cout  3646A  -3.455   2.4525      nInu  2053A   1.768410203.91      Ca A 1.945m  -6.349   0.0031      He-like iso-sequence........            
 cref  3646A  -3.455   2.4525      nFnu  1793A  -6.113   0.0054      Ca A 1.817m  -6.451   0.0025      He 1 584.3A  -4.331   0.3266            
 thin  3646A  -3.154   4.9050      nInu  1793A   1.856502521.81      Ca A 1.736m  -6.525   0.0021      He 1 537.0A  -5.092   0.0566            
 Inci  4860A   1.273131220.14      nFnu  1585A  -5.658   0.0154      Ca A 1.681m  -6.582   0.0018      He 1 522.2A  -5.403   0.0277            
 Inci  1215A   1.881532392.94      nInu  1585A   1.849494321.47      Ca A 1.641m  -6.629   0.0016      He 1 515.6A  -5.685   0.0145            
 FIR  83.00m  -0.4602427.7688      nFnu  1458A  -4.500   0.2215      Ca A 1.611m  -6.669   0.0015      He 1 512.1A  -5.927   0.0083            
 TIR   1800m  -2.763  12.0927      nInu  1458A   1.950623817.81      Ca A 1.588m  -6.706   0.0014      Pho+  3889A  -4.861   0.0963            
 NIRa 2.850m   0.85349875.277      nFnu  1357A  -5.272   0.0374      Ca A 1.570m  -6.747   0.0013      database lines..............            
 NIRb 3.000m   0.56925941.965      nInu  1357A   2.013721689.38      Ca A 1.556m  -6.793   0.0011      level 1 lines...............            
 MIRa 15.00m  -0.8151071.7157      nFnu  1297A  -5.741   0.0127      Ca A 1.544m  -6.845   0.0010      C  1  1656A  -5.112   0.0541            
 MIRb 22.50m  -0.6661509.7670      nInu  1297A   1.984674794.44      Ca A 7.458m  -6.310   0.0034      REC   1656A  -6.327   0.0033            
 NMIR 21.75m   0.85349875.277      nFnu  1263A  -5.865   0.0095      Ca A 4.653m  -6.484   0.0023      C Ic  9850A  -6.436   0.0026            
 TFIR 611.2m  -0.972 746.5566      nInu  1263A   2.011718608.31      Ca A 3.740m  -6.627   0.0017      TOTL  9850A  -6.436   0.0026            
 TALL 10000A   2.055793975.75      nFnu  1218A  -3.586   1.8152      Ca A 3.296m  -6.733   0.0013      C  1  8727A  -5.340   0.0320            
 F12  12.00m  -1.363 303.3128      nInu  1218A   1.879530297.38      Ca A 3.038m  -6.810   0.0011      C  2  1335A  -6.741   0.0013            
 F25  25.00m  -1.311 341.6926      nFnu  1196A  -4.222   0.4195      Ca A 12.37m  -6.737   0.0013      N  1 953.9A  -6.431   0.0026            
 F60  60.00m  -0.859 967.9711      nInu  1196A   1.943613470.62      Ca B  6563A  -4.087   0.5730      N  1  1200A  -5.384   0.0289            
 F100 100.0m  -1.047 628.5592      nFnu  1175A  -4.330   0.3273      Ca B  4861A  -4.519   0.2118      O  1  6300A  -5.625   0.0166            
 MIPS 24.00m  -1.626 165.7509      nInu  1175A   1.823465479.28      Ca B  4340A  -4.814   0.1074      O  1  6363A  -6.121   0.0053            
 MIPS 70.00m  -1.217 425.0105      nFnu  1144A  -4.711   0.1362      Ca B  4102A  -5.025   0.0661      Na 1  5892A  -4.770   0.1188            
 MIPS 160.0m  -1.442 253.0330      nInu  1144A   2.050785512.56      Ca B  3970A  -5.184   0.0459      Mg 1  4561A  -6.820   0.0011            
 IRAC 3.600m  -0.964 760.4135      nFnu  1113A  -5.034   0.0648      Ca B  3889A  -5.311   0.0342      Mg 1  2853A  -6.095   0.0056            
 IRAC 4.500m  -1.254 390.3553      nInu  1113A   2.036759785.19      Ca B  3835A  -5.415   0.0269      TOTL  2798A  -4.593   0.1788            
 IRAC 5.800m  -1.453 246.5988      nFnu  1103A  -4.571   0.1879      Ca B  3798A  -5.501   0.0221      Mg 2  2796A  -4.773   0.1181            
 IRAC 8.000m  -1.496 223.2983      nInu  1103A   2.060803912.25      Ca B  3771A  -5.574   0.0187      Mg 2  2803A  -5.062   0.0607            
 SPR1 250.0m  -1.864  95.7579      nFnu  1074A  -4.908   0.0865      Ca B  3750A  -5.638   0.0161      totl  2665A  -6.561   0.0019            
 SPR2 350.0m  -2.300  35.0881      nInu  1074A   2.051787763.69      Ca B  3734A  -5.697   0.0141      Al 2  2670A  -6.561   0.0019            
 SPR3 500.0m  -2.688  14.3636      nFnu  1064A  -5.044   0.0632      Ca B  3722A  -5.753   0.0124      Si 1  2518A  -6.251   0.0039            
 PAC1 70.00m  -1.154 490.5028      nInu  1064A   2.032754255.06      Ca B  3712A  -5.811   0.0108      Si 2  1531A  -6.193   0.0045            
 PAC2 100.0m  -1.042 635.7999      nFnu  1036A  -5.384   0.0289      Ca B  3704A  -5.871   0.0094      Si 2  1308A  -6.273   0.0037            
 PAC3 160.0m  -1.185 457.2876      nInu  1036A   1.989682613.50      Ca B  3697A  -5.933   0.0082      Si 2  1263A  -5.148   0.0497            
 PAH  3.300m  -1.747 125.2737      nFnu  1000A  -5.833   0.0103      Ca B  3692A  -5.996   0.0071      S 1R  1807A  -6.674   0.0015            
 PAHC 3.230m  -2.009  68.5797      nInu  1000A   1.986677608.19      Ca B  3687A  -6.059   0.0061      Cl 2  8579A  -6.844   0.0010            
 PAHC 3.370m  -2.085  57.5556      nFnu 925.1A  -5.151   0.0494      Ca B  3683A  -6.121   0.0053      K  1  7676A  -5.042   0.0635            
 PAH  6.200m  -1.998  70.3016      nInu 925.1A   1.745388967.22      Ca B  3679A  -6.182   0.0046      Ca 1  4228A  -4.574   0.1866            
 PAHC 5.650m  -1.900  88.0967      nFnu 897.8A  -1.973  74.5096      Ca B  3676A  -6.241   0.0040      Ca 2  3933A  -4.826   0.1045            
 PAH  7.900m  -1.964  76.0995      nInu 897.8A   0.89154488.738      Ca B  3674A  -6.298   0.0035      Ca 2  8579A  -6.397   0.0028            
 PAHC 6.900m  -1.824 104.9378      nFnu 760.0A  -5.169   0.0474      Ca B  3671A  -6.354   0.0031      Ca 2  7306A  -5.583   0.0183            
 PAH  11.30m  -2.578  18.4856      nInu 760.0A   0.74839216.520      Ca B 1.875m  -5.030   0.0654      Ca2K  3934A  -5.010   0.0685            
 PAHC 10.90m  -2.568  18.9044      nFnu 701.5A  -6.367   0.0030      Ca B 1.282m  -5.309   0.0343      Ca2H  3969A  -5.288   0.0361            
 PAH  11.80m  -2.350  31.2398      nInu 701.5A   0.59027243.227      Ca B 1.094m  -5.524   0.0209      Ca2Y  8542A  -6.619   0.0017            
 PAHC 12.65m  -2.366  30.1534      nInu 608.2A   0.40917954.848      Ca B 1.005m  -5.689   0.0143      CaF1  7291A  -5.803   0.0110            
 PAH  13.30m  -2.321  33.3920      nFnu 575.1A  -6.428   0.0026      Ca B  9546A  -5.820   0.0106      CaF2  7324A  -5.983   0.0073            
 PAHC 14.10m  -2.337  32.1956      nInu 575.1A   0.39017196.762      Ca B  9229A  -5.927   0.0083      Fe 2  4300A  -5.298   0.0352            
 Bcon  3640A   1.957633405.44      nInu 511.9A   0.20811306.983      Ca B  9015A  -6.014   0.0068      Fe 2  2400A  -4.876   0.0932            
 Pcon  5000A   1.156100164.43      nFnu 496.9A  -6.061   0.0061      Ca B  8863A  -6.087   0.0057      Fe 2 25.98m  -6.670   0.0015            
 nInu 1.335c  -6.561   0.0019      nInu 496.9A  -0.5012209.1260      Ca B  8750A  -6.152   0.0049      Fe 2 1.257m  -6.206   0.0044            
 nInu  9993m  -6.183   0.0046      nInu 399.2A  -0.6101717.0740      Ca B  8665A  -6.211   0.0043      Fe 2 1.321m  -6.784   0.0012            
 nInu  6917m  -5.708   0.0137      RRC.........................      Ca B  8598A  -6.267   0.0038      Fe 2 1.294m  -6.782   0.0012            
 nFnu 122.4m  -5.990   0.0072      grains......................      Ca B  8545A  -6.325   0.0033      Fe 2 17.93m  -6.381   0.0029            
 nInu 122.4m  -0.6311637.8789      H-like iso-sequence.........      Ca B  8502A  -6.385   0.0029      Fe 2 1.644m  -6.279   0.0037            
 nFnu 60.83m  -5.649   0.0157      Hlin 912.0A  -6.539   0.0020      Ca B  8467A  -6.446   0.0025      Fe 2 1.533m  -6.727   0.0013            
 nInu 60.83m  -0.6781469.3022      Ca B  1216A  -3.098   5.5824      Ca B  8438A  -6.509   0.0022      Fe 2  8617A  -6.303   0.0035            
 nFnu 41.22m  -5.446   0.0250      Q(H)  4861A  -1.206 435.4781      Ca B  8413A  -6.572   0.0019      Fe 2 1.599m  -6.841   0.0010            
 nInu 41.22m  -0.7891136.4702      Q(H)  1216A   0.21311436.534      Ca B  8392A  -6.635   0.0016      Fe 2  8892A  -6.723   0.0013            
 nFnu 30.87m  -5.301   0.0350      CaBo  4861A  -4.637   0.1616      Ca B  8374A  -6.695   0.0014      Fe2b  7000A  -6.583   0.0018            
 nInu 30.87m  -0.887 908.3597      Ca A  1216A  -3.182   4.6029      Ca B  8359A  -6.755   0.0012      Fe2b 10000A  -5.398   0.0280            
 nFnu 24.78m  -5.191   0.0451      Ca A  1026A  -3.863   0.9599      Ca B  8346A  -6.812   0.0011      Fe2b  7445A  -6.583   0.0018            
 nInu 24.78m  -0.962 764.3523      Ca A 972.5A  -4.207   0.4344      Ca B 4.051m  -5.672   0.0149      Fe2b  8625A  -5.968   0.0075            
 nFnu 24.30m  -5.182   0.0461      Ca A 949.7A  -4.407   0.2744      Ca B 2.625m  -5.879   0.0093      Fe2b 1.889m  -6.425   0.0026            
 nInu 24.30m  -0.969 752.4527      Ca A 937.8A  -4.526   0.2087      Ca B 2.166m  -6.049   0.0063      Fe 2  1786A  -4.883   0.0917            
 nFnu 22.83m  -5.151   0.0494      Ca A 930.8A  -4.607   0.1731      Ca B 1.945m  -6.185   0.0046      recombination...............            
 nInu 22.83m  -0.989 717.8505      Ca A 926.2A  -4.678   0.1468      Ca B 1.817m  -6.293   0.0036      level2 lines................            
 nFnu 21.42m  -5.120   0.0531      Ca A 923.2A  -4.744   0.1263      Ca B 1.736m  -6.381   0.0029      C  1 943.9A  -5.337   0.0322            
 nInu 21.42m  -1.011 682.1570      Ca A 921.0A  -4.800   0.1109      Ca B 1.681m  -6.455   0.0025      C  1  1248A  -5.286   0.0362            
 nFnu 21.12m  -5.112   0.0540      Ca A 919.4A  -4.848   0.0994      Ca B 1.641m  -6.520   0.0021      C  1 841.0A  -6.693   0.0014            
 nInu 21.12m  -1.016 674.1779      Ca A 918.1A  -4.890   0.0902      Ca B 1.611m  -6.579   0.0018      C  1  1561A  -5.563   0.0191            
 nFnu 19.62m  -5.077   0.0586      Ca A 917.2A  -4.927   0.0827      Ca B 1.588m  -6.635   0.0016      C  1  1315A  -5.494   0.0224            
 nInu 19.62m  -1.037 642.6745      Ca A 916.4A  -4.964   0.0760      Ca B 1.570m  -6.692   0.0014      C  1  1166A  -5.691   0.0142            
 nFnu 17.65m  -5.023   0.0664      Ca A 915.8A  -5.004   0.0693      Ca B 1.556m  -6.752   0.0012      C  1  1233A  -5.705   0.0138            
 nInu 17.65m  -1.055 616.6670      Ca A 915.3A  -5.050   0.0624      Ca B 1.544m  -6.814   0.0011      C  1  1132A  -5.980   0.0073            
 nFnu 17.37m  -5.016   0.0675      Ca A 914.9A  -5.101   0.0554      Ca B 7.458m  -6.180   0.0046      C  1  1251A  -5.993   0.0071            
 nInu 17.37m  -1.057 613.2045      Ca A 914.6A  -5.156   0.0488      Ca B 4.653m  -6.336   0.0032      C  1  1112A  -6.126   0.0052            
 nFnu 15.69m  -4.969   0.0751      Ca A 914.3A  -5.214   0.0428      Ca B 3.740m  -6.471   0.0024      C  1  1115A  -6.176   0.0047            
 nInu 15.69m  -1.074 590.6041      Ca A 914.0A  -5.272   0.0374      Ca B 3.296m  -6.581   0.0018      C  1  1162A  -6.253   0.0039            
 nFnu 14.60m  -4.935   0.0814      Ca A 913.8A  -5.329   0.0328      Ca B 3.038m  -6.669   0.0015      C  1  1167A  -6.421   0.0027            
 nInu 14.60m  -1.085 575.2810      Ca A 913.6A  -5.386   0.0288      Ca B 2.872m  -6.743   0.0013      C  1  1104A  -6.361   0.0030            
 nFnu 12.43m  -4.857   0.0973      Ca A 913.5A  -5.442   0.0253      Ca B 2.758m  -6.807   0.0011      C  1  1109A  -6.376   0.0029            
 nInu 12.43m  -1.112 540.7198      Ca A 913.3A  -5.496   0.0223      Ca B 12.37m  -6.599   0.0018      C  1  1130A  -6.585   0.0018            
 nFnu 11.40m  -4.820   0.1059      Ca A  6563A  -4.347   0.3149      Ca B 7.500m  -6.715   0.0014      C  1  1098A  -6.528   0.0021            
 nInu 11.40m  -1.126 523.7315      Ca A  4861A  -4.773   0.1181      Ca B 5.907m  -6.820   0.0011      C  1  1132A  -6.551   0.0020            
 nFnu 10.46m  -4.779   0.1163      Ca A  4340A  -5.062   0.0607      H  1  1216A  -1.818 106.4448      C  1  1106A  -6.613   0.0017            
 nInu 10.46m  -1.140 507.2790      Ca A  4102A  -5.259   0.0385      H  1  1026A  -2.278  36.8990      C  1  1093A  -6.716   0.0013            
 nFnu 9.480m  -4.738   0.1280      Ca A  3970A  -5.400   0.0278      H  1 972.5A  -2.908   8.6528      C  1  1110A  -6.781   0.0012            
 nInu 9.480m  -1.136 511.8588      Ca A  3889A  -5.506   0.0218      H  1 949.7A  -3.049   6.2463      C  1  1114A  -6.801   0.0011            
 nFnu 9.325m  -4.732   0.1298      Ca A  3835A  -5.589   0.0180      H  1 937.8A  -3.403   2.7693      C  1  1115A  -6.810   0.0011            
 nInu 9.325m  -1.132 516.2748      Ca A  3798A  -5.654   0.0155      H  1 930.8A  -3.714   1.3521      N  1 942.3A  -6.472   0.0024            
 nFnu 8.210m  -4.675   0.1479      Ca A  3771A  -5.706   0.0138      H  1 926.2A  -3.954   0.7774      N  1 952.1A  -6.446   0.0025            
 nInu 8.210m  -1.087 573.4177      Ca A  3750A  -5.750   0.0124      H  1 923.2A  -4.125   0.5244      N  1  1131A  -6.513   0.0021            
 nFnu 7.580m  -4.645   0.1585      Ca A  3734A  -5.789   0.0114      H  1 921.0A  -4.289   0.3598      O  1 867.3A  -6.376   0.0029            
 nInu 7.580m  -1.046 629.2527      Ca A  3722A  -5.826   0.0105      H  1  6563A  -3.370   2.9881      O  1 787.5A  -6.605   0.0017            
 nFnu 7.050m  -4.612   0.1712      Ca A  3712A  -5.866   0.0095      H  1  4861A  -3.845   1.0000      O  1 976.8A  -5.774   0.0118            
 nInu 7.050m  -1.004 693.7112      Ca A  3704A  -5.912   0.0086      H  1  4340A  -3.920   0.8420      O  1 969.0A  -5.981   0.0073            
 nFnu 4.114m  -4.430   0.2600      Ca A  3697A  -5.964   0.0076      H  1  4102A  -4.209   0.4321      O  1 946.4A  -6.337   0.0032            
 nInu 4.114m  -0.4822305.1777      Ca A  3692A  -6.019   0.0067      H  1  3970A  -4.516   0.2135      O  1 934.5A  -6.662   0.0015            
 nFnu 2.324m  -4.368   0.3001      Ca A  3687A  -6.076   0.0059      H  1  3889A  -4.765   0.1202      Al 2  1671A  -5.872   0.0094            
 nInu 2.324m   0.1179167.0830      Ca A  3683A  -6.134   0.0051      H  1  3835A  -4.946   0.0792      Si 1  1261A  -6.103   0.0055            
 nFnu 1.643m  -4.386   0.2878      Ca A  3679A  -6.192   0.0045      H  1  3798A  -5.118   0.0533      Si 1  1853A  -6.172   0.0047            
 nInu 1.643m   0.51823069.791      Ca A  3676A  -6.249   0.0039      H  1 1.875m  -4.361   0.3050      Si 1  1694A  -6.368   0.0030            
 nFnu 1.480m  -4.110   0.5433      Ca A  3674A  -6.304   0.0035      H  1 1.282m  -4.459   0.2434      Si 1  1626A  -6.658   0.0015            
 nInu 1.480m   0.58226754.867      Ca A  3671A  -6.359   0.0031      H  1 1.094m  -4.736   0.1286      Si 1  1091A  -6.689   0.0014            
 nFnu 1.436m  -3.929   0.8251      Ca A 1.875m  -5.165   0.0479      H  1 1.005m  -5.036   0.0644      Si 2  1180A  -5.375   0.0295            
 nInu 1.436m   0.60728306.949      Ca A 1.282m  -5.467   0.0239      H  1  9546A  -5.283   0.0365      Si 2 993.4A  -6.218   0.0042            
 nFnu 1.119m  -3.591   1.7965      Ca A 1.094m  -5.698   0.0140      H  1  9229A  -5.463   0.0241      S  1  1356A  -6.416   0.0027            
 nInu 1.119m   0.77441597.254      Ca A 1.005m  -5.870   0.0094      H  1  9015A  -5.634   0.0163      S  1  1227A  -6.594   0.0018            
 nFnu  8330A  -3.550   1.9735      Ca A  9546A  -5.997   0.0071      H  1 4.051m  -4.858   0.0971      S  1  1662A  -6.678   0.0015            
 nInu  8330A   0.93159658.352      Ca A  9229A  -6.091   0.0057      H  1 2.625m  -5.118   0.0533      Ar 1  1096A  -6.637   0.0016            
 nFnu  8079A  -3.434   2.5766      Ca A  9015A  -6.162   0.0048      H  1 2.166m  -5.412   0.0271      Ti 2  3366A  -6.261   0.0038            
 nInu  8079A   0.95663307.148      Ca A  8863A  -6.217   0.0043      H  1 1.945m  -5.656   0.0154      Ti 2  3238A  -6.618   0.0017            
 nFnu  6210A  -3.718   1.3394      Ca A  8750A  -6.262   0.0038      H  1 1.817m  -5.834   0.0103      Cr 1  4271A  -6.404   0.0028            
 nInu  6210A   1.14397273.680      Ca A  8665A  -6.301   0.0035      H  1 1.736m  -6.004   0.0069      Cr 1  3591A  -6.589   0.0018            
 nFnu  4885A  -4.148   0.4974      Ca A  8598A  -6.339   0.0032      H  1 7.458m  -5.445   0.0251      Mn 2  2590A  -6.761   0.0012            
 nInu  4885A   1.293137523.59      Ca A  8545A  -6.380   0.0029      H  1 4.653m  -5.715   0.0135      hyperfine structure.........            
 nFnu  3704A  -4.895   0.0892      Ca A  8502A  -6.426   0.0026      H  1 3.740m  -5.951   0.0078      inner shell.................            
 nInu  3704A   1.394173357.84      Ca A  8467A  -6.477   0.0023      H  1 3.296m  -6.126   0.0052      molecules...................            
 nFnu  3588A  -3.206   4.3519      Ca A  8438A  -6.532   0.0021      H  1 3.038m  -6.294   0.0036      H-CT  6563A  -4.555   0.1952            
 nInu  3588A   1.393173179.97      Ca A  8413A  -6.590   0.0018      H  1 12.37m  -5.992   0.0071            



                                                                           
 Cooling:  HFBc     0 :0.079 HFFc     0 :0.221 Fe2c     0 :0.052 H-FB     0 :0.243 H2+      0 :0.133  
 Heating:  BFH1     0 :0.866 H2vH     0 :0.101  

 These are some of the most important databases used by Cloudy:
 Many recombination coefficients were taken from http://amdpp.phys.strath.ac.uk/tamoc/RR/ and http://amdpp.phys.strath.ac.uk/tamoc/DR/
      and are based on the following papers:
        Badnell N. R., et al., A&A 406, 1151 (2003) [http://adsabs.harvard.edu/abs/2003A%26A...406.1151B]
        Badnell N. R., ApJS 167, 334 (2006) [http://adsabs.harvard.edu/abs/2006ApJS..167..334B]
 Much of the molecular emission data is from LAMDA as accessed on Dec. 18, 2010. This database is described in:
        Schoeier F.L., et al., A&A 432, 369 (2005) [http://adsabs.harvard.edu/abs/2005A%26A...432..369S]
      This database is in part based on the work of the following groups:
        JPL: Pickett H. M. et al., JQSRT, 60, 883 (1998). [http://adsabs.harvard.edu/abs/1998JQSRT..60..883P]
        CDMS: Mueller H. S. et al., A&A 370, L49 (2001). [http://adsabs.harvard.edu/abs/2001A%26A...370L..49M]
              Mueller H. S. et al., J. Mol. Struct. 742, 215 (2005). [http://adsabs.harvard.edu/abs/2005JMoSt.742..215M]
 Much of the ionic emission data is from version 7.0 of CHIANTI. CHIANTI is a collaborative project involving the NRL (USA), the
      Universities of Florence (Italy) and Cambridge (UK), and George Mason University (USA). These papers describe Chianti:
        Dere K. P., et al., A&AS, 125, 149 (1997) [http://adsabs.harvard.edu/abs/1997A%26AS..125..149D]
        Landi E., et al., ApJ, 744, 99 (2012) [http://adsabs.harvard.edu/abs/2012ApJ...744...99L]
 Much of the H_2 data is from this web site: http://molat.obspm.fr/index.php?page=pages/Molecules/H2/H2can94.php. These data are
      described in:
        Abgrall H. et al., Can. J. Phys., 72, 856 (1994) [http://adsabs.harvard.edu/abs/1994CaJPh..72..856A]
        Wrathmall S. A. & Flower D. R., J. Phys. B, 40, 3221 (2007) [http://adsabs.harvard.edu/abs/2007JPhB...40.3221W]
 Please cite those papers that played a significant role in this calculation.

 IONIZE PARMET:  U(1-)-10.4768  U(4-):-13.0066  U(sp):-10.48  Q(ion):   11.000  L(ion)  0.446    Q(low): 13.564    L(low)  2.044
 ENERGY BUDGET:  Heat:  -3.422  Coolg:  -3.422  Error:  0.1%  Rec Lin:  -3.781  F-F  H  0.000    P(rad/tot)max     0.00E+00

     Col(Heff):      0.000E+00  snd travl time  4.76E-03 sec  Te-low: 3.77E+03  Te-hi: 3.77E+03  G0TH85: 4.26E+04  G0DB96:4.44E+04
  Emiss Measure    n(e)n(p) dl       8.679E+19  n(e)n(He+)dl         3.316E+15  En(e)n(He++) dl         4.994E+08  ne nC+:2.41E+17
 He/Ha:6.16E-05  =   0.00*true  Lthin:2.38E+02  itr/zn:150.00  H2 itr/zn:  0.00  File Opacity: F  MassTot 5.39e-10  (gm/cm^2)
   Temps(21 cm)   T(21cm/Ly a)  3.58E+03        T(<nH/Tkin>)  3.77E+03          T(<nH/Tspin>)    3.78E+03          TB21cm:0.00E+00
                   N(H0/Tspin)  6.27E+10        N(OH/Tkin)    8.35E+03          B(21cm)          0.00E+00
   <a>:1.62E-03  erdeFe0.0E+00  Tcompt2.08E+02  Tthr5.34E+05  <Tden>: 3.77E+03  <dens>:2.27E-13  <MolWgt>1.26E+00
     Mean Jeans  l(cm)7.20E+15  M(sun)2.23E+01  smallest:     len(cm):7.20E+15  M(sun):2.23E+01  a_ox tran:  0.00
 Rion:1.000E+30  Dist:0.00E+00  Diam:0.000E+00
 Hatom level 70  HatomType: add  HInducImp  F  He tot level: 63  He2 level:   70  ExecTime    65.7
 ConvrgError(%)  <eden>  0.289  MaxEden  0.289  <H-C>   0.12  Max(H-C)    0.12  <Press>   0.000  MaxPrs er  0.000
  Continuity(%)  chng Te   0.0  elec den   0.0  n(H2)    0.0  n(CO)        0.0

                                                        Averaged Quantities
             Te      Te(Ne)   Te(NeNp)  Te(NeHe+)Te(NeHe2+) Te(NeO+)  Te(NeO2+)  Te(H2)     N(H)     Ne(O2+)   Ne(Np)
 Radius:  3.77e+03  3.77e+03  3.77e+03  3.77e+03  3.77e+03  3.77e+03  3.77e+03  3.77e+03  1.00e+11  1.97e+08  1.97e+08

 Contin Optical Depths: COMP: 3.11e-13    H-: 4.17e-11 R(1300): 1.59e-09  H2+: 8.97e-13  Pfa:3.22E-13
                          Pa: 3.15e-13    Ba: 3.82e-11      Hb: 2.98e-11   La: 3.51e-06     1r:1.500E-03  1.8:4.47E-04 4.:6.508E-05

 Old, new H  1 continuum optical depths:
     1 1.50e-03     2 2.12e-11     3 4.17e-11     4 4.17e-11     5 4.17e-11     6 1.04e-11     7 1.04e-11     8 1.04e-11
     9 1.04e-11    10 3.73e-15    11 3.73e-15    12 3.73e-15    13 3.73e-15    14 3.73e-15    15 7.62e-15    16 7.62e-15
    17 7.62e-15    18 7.62e-15    19 7.62e-15    20 7.62e-15    21 1.37e-14    22 1.37e-14    23 1.37e-14    24 1.37e-14
    25 1.37e-14    26 1.37e-14    27 1.37e-14    28 2.26e-14    29 2.26e-14    30 2.26e-14    31 2.26e-14    32 2.26e-14
    33 2.26e-14    34 2.26e-14    35 2.26e-14    36 3.51e-14    37 3.51e-14    38 3.51e-14    39 3.51e-14    40 3.51e-14
    41 3.51e-14    42 3.51e-14    43 3.51e-14    44 3.51e-14    45 5.18e-14    46 5.18e-14    47 5.18e-14    48 5.18e-14
    49 5.18e-14    50 5.18e-14    51 5.18e-14    52 5.18e-14    53 5.18e-14    54 5.18e-14
     1 1.50e-03     2 2.13e-11     3 4.18e-11     4 4.18e-11     5 4.18e-11     6 1.04e-11     7 1.04e-11     8 1.04e-11
     9 1.04e-11    10 3.73e-15    11 3.73e-15    12 3.73e-15    13 3.73e-15    14 3.73e-15    15 7.63e-15    16 7.63e-15
    17 7.63e-15    18 7.63e-15    19 7.63e-15    20 7.63e-15    21 1.37e-14    22 1.37e-14    23 1.37e-14    24 1.37e-14
    25 1.37e-14    26 1.37e-14    27 1.37e-14    28 2.26e-14    29 2.26e-14    30 2.26e-14    31 2.26e-14    32 2.26e-14
    33 2.26e-14    34 2.26e-14    35 2.26e-14    36 3.51e-14    37 3.51e-14    38 3.51e-14    39 3.51e-14    40 3.51e-14
    41 3.51e-14    42 3.51e-14    43 3.51e-14    44 3.51e-14    45 5.18e-14    46 5.18e-14    47 5.18e-14    48 5.18e-14
    49 5.18e-14    50 5.18e-14    51 5.18e-14    52 5.18e-14    53 5.18e-14    54 5.18e-14

 Old, new H  1 mean line optical depths:
  2- 1 4.03e+01  3- 2 7.40e-11  4- 3 1.12e-11  5- 4 3.29e-12  6- 5 4.44e-11  7- 6 1.74e-10  8- 7 2.37e-10
  9- 8 1.67e-10 10- 9 3.67e-10
  2- 1 4.03e+01  3- 2 7.38e-11  4- 3 1.11e-11  5- 4 3.26e-12  6- 5 4.40e-11  7- 6 1.73e-10  8- 7 2.36e-10
  9- 8 1.66e-10 10- 9 3.65e-10

 Old, new He 2 continuum optical depths:
     1 6.51e-05     2 1.48e-03     3 2.97e-11     4 2.97e-11     5 2.97e-11     6 2.12e-11     7 2.12e-11     8 2.12e-11
     9 2.12e-11    10 3.39e-11    11 3.39e-11    12 3.39e-11    13 3.39e-11    14 3.39e-11    15 4.17e-11    16 4.17e-11
    17 4.17e-11    18 4.17e-11    19 4.17e-11    20 4.17e-11    21 3.53e-11    22 3.53e-11    23 3.53e-11    24 3.53e-11
    25 3.53e-11    26 3.53e-11    27 3.53e-11    28 1.04e-11    29 1.04e-11    30 1.04e-11    31 1.04e-11    32 1.04e-11
    33 1.04e-11    34 1.04e-11    35 1.04e-11    36 2.26e-15    37 2.26e-15    38 2.26e-15    39 2.26e-15    40 2.26e-15
    41 2.26e-15    42 2.26e-15    43 2.26e-15    44 2.26e-15    45 3.73e-15    46 3.73e-15    47 3.73e-15    48 3.73e-15
    49 3.73e-15    50 3.73e-15    51 3.73e-15    52 3.73e-15    53 3.73e-15    54 3.73e-15
     1 6.51e-05     2 1.48e-03     3 2.97e-11     4 2.97e-11     5 2.97e-11     6 2.13e-11     7 2.13e-11     8 2.13e-11
     9 2.13e-11    10 3.39e-11    11 3.39e-11    12 3.39e-11    13 3.39e-11    14 3.39e-11    15 4.18e-11    16 4.18e-11
    17 4.18e-11    18 4.18e-11    19 4.18e-11    20 4.18e-11    21 3.53e-11    22 3.53e-11    23 3.53e-11    24 3.53e-11
    25 3.53e-11    26 3.53e-11    27 3.53e-11    28 1.04e-11    29 1.04e-11    30 1.04e-11    31 1.04e-11    32 1.04e-11
    33 1.04e-11    34 1.04e-11    35 1.04e-11    36 2.26e-15    37 2.26e-15    38 2.26e-15    39 2.26e-15    40 2.26e-15
    41 2.26e-15    42 2.26e-15    43 2.26e-15    44 2.26e-15    45 3.73e-15    46 3.73e-15    47 3.73e-15    48 3.73e-15
    49 3.73e-15    50 3.73e-15    51 3.73e-15    52 3.73e-15    53 3.73e-15    54 3.73e-15

 Old, new He 2 mean line optical depths:
  2- 1 1.42e-06  3- 2 6.09e-20  4- 3 4.46e-21  5- 4 4.44e-21  6- 5 4.44e-21  7- 6 4.49e-21  8- 7 4.53e-21
  9- 8 4.46e-21 10- 9 4.43e-21
  2- 1 1.42e-06  3- 2 5.60e-20  4- 3 2.25e-21  5- 4 2.23e-21  6- 5 2.23e-21  7- 6 2.28e-21  8- 7 2.33e-21
  9- 8 2.24e-21 10- 9 2.22e-21

 Old He Is optical depths:    1 4.47e-04    2 1.48e-11    3 1.76e-11    4 1.98e-11    5 1.98e-11
 New He Is optical depths:    1 4.47e-04    2 1.48e-11    3 1.76e-11    4 1.98e-11    5 1.98e-11
          Old He Is Lines:  584 2.18e+00 3889 1.26e-09 5016 8.08e-11 5876 8.08e-15
          New He Is Lines:  584 2.18e+00 3889 1.26e-09 5016 8.08e-11 5876 8.08e-15

==== H      compounds ====           Log10 column densities [cm^-2}
   H2        : 10.512   H2*       :  8.109   H2+       :  5.108   H3+       :  2.983
==== He     compounds ====
   HeH+      :  3.746
==== Li     compounds ====
   LiH       : -3.134   LiH+      : -4.893
==== C      compounds ====
   CH        :  6.276   CH+       :  4.204   CH2       :  3.113   CH2+      :  1.285   CH3       : -0.869   CH3+      : -1.822   CH4       : -4.276   CH4+      : -6.144
   CH5+      :-11.259   C2        :  3.649   C2+       :  2.314   C2H       :  0.907   C2H+      : -0.515   C2H2      : -5.322   C2H2+     : -3.785   C2H3+     : -8.921
   C3        : -4.913   C3+       : -3.206   C3H       : -7.503   C3H+      : -5.876
==== N      compounds ====
   NH        :  6.812   NH+       :  6.018   NH2       :  3.097   NH2+      :  3.055   NH3       :  0.349   NH3+      : -0.568   NH4+      : -6.759   CN        :  6.862
   CN+       :  1.770   HCN       :  4.643   HCN+      :  3.618   HNC       : -1.903   HCNH+     :  0.409   HC3N      :-35.930   N2        :  9.069   N2+       :  2.959
   N2H+      : -0.802
==== O      compounds ====
   OH        :  7.498   OH+       :  6.858   H2O       :  3.833   H2O+      :  3.733   H3O+      :  0.292   CO        : 10.286   CO+       :  2.888   HCO+      :  3.942
   H2CO      :-35.930   CH3OH     :-35.930   ^13CO     :  8.809   NO        :  4.837   NO+       :  3.389   HNO       :  0.584   HNO+      : -0.248   OCN       :  3.678
   OCN+      :  2.438   N2O       :  0.636   O2        :  3.670   O2+       :  4.510   NO2       :  1.046   NO2+      : -2.771
==== Ne     compounds ====
   NeH+      :  1.751
==== Si     compounds ====
   SiH       : -0.693   SiH2+     : -2.106   SiC2      :-35.930   SiN       : -3.435   SiN+      :  3.113   SiO       :  4.566   SiO+      :  3.778   SiOH+     :  0.254
==== S      compounds ====
   HS        :  6.368   HS+       :  4.567   CS        :  3.137   CS+       :  2.532   HCS+      :  0.158   NS        :  3.122   NS+       :  2.536   SO        :  4.603
   SO+       :  3.508   OCS       :  0.434   OCS+      : -1.197   SO2       :-35.930   S2        : -0.750   S2+       : -2.050
==== Cl     compounds ====
   HCl       :  1.123   HCl+      :  4.757   H2Cl+     :  1.785   CCl       :-10.632   CCl+      : -3.346   H2CCl+    :-14.183   ClO       :-12.046   ClO+      :-16.380
==== Ar     compounds ====
   ArH+      :  5.282
==== Ti     compounds ====
   TiH       :-35.930   TiH+      :-35.930   TiH2      :-35.930   TiH2+     :-35.930   TiC       :-35.930   TiC+      :-35.930   HCTi      :-35.930   HCTi+     :-35.930
   TiC2      :-35.930   TiC2+     :-35.930   TiN       :-35.930   TiN+      :-35.930   HNTi      :-35.930   HNTi+     :-35.930   TiNC      :-35.930   TiNC+     :-35.930
   TiO       :-35.930   TiO+      :-35.930   TiOH+     :-35.930   TiO2      :-35.930   TiF+      :-35.930   TiS       :-35.930   TiS+      :-35.930   HTiS      :-35.930


               1      2      3      4      5      6      7      8      9     10     11     12     13     14     15     16     17

 Hydrogen   14.375 11.644 10.514 (H2)                Log10 Column density (cm^-2)
 Helium     13.306  7.226  0.404
 Lithium     3.184  3.054 -8.904-30.000
 Beryllium   3.751  1.823 -2.938-30.000-30.000
 Boron       5.029  4.089 -4.439-30.000-30.000-30.000
 Carbon     10.637  9.088  2.222-30.000-30.000-30.000-30.000
 Nitrogen   10.137  6.750 -3.007-30.000-30.000-30.000-30.000-30.000
 Oxygen     10.987  8.145 -1.371-30.000-30.000-30.000-30.000-30.000-30.000
 Fluorine    6.935  4.075 -1.144-30.000-30.000-30.000-30.000-30.000-30.000-30.000
 Neon       10.306  6.975  1.615-30.000-30.000-30.000-30.000-30.000-30.000-30.000-30.000
 Sodium      7.577  8.575  2.997-30.000-30.000-30.000-30.000-30.000-30.000-30.000-30.000-30.000
 Magnesium   8.639  9.955  5.241-30.000-30.000-30.000-30.000-30.000-30.000-30.000-30.000-30.000-30.000
 Aluminium   5.559  8.826  3.022-30.000-30.000-30.000-30.000-30.000-30.000-30.000-30.000-30.000-30.000-30.000
 Silicon     9.379  9.725  3.028-30.000-30.000-30.000-30.000-30.000-30.000-30.000-30.000-30.000-30.000-30.000-30.000
 Phosphorus  5.162  7.785  1.901-30.000-30.000-30.000-30.000-30.000-30.000-30.000-30.000-30.000-30.000-30.000-30.000-30.000
 Sulphur     9.308  9.042  2.792-30.000-30.000-30.000-30.000-30.000-30.000-30.000-30.000-30.000-30.000-30.000-30.000-30.000-30.000
 Chlorine    6.727  7.843  2.576-30.000-30.000-30.000-30.000-30.000-30.000-30.000-30.000-30.000-30.000-30.000-30.000-30.000-30.000
-30.000
 Argon       8.775  4.919 -1.208-30.000-30.000-30.000-30.000-30.000-30.000-30.000-30.000-30.000-30.000-30.000-30.000-30.000-30.000
-30.000-30.000
 Potassium   6.910  7.238  1.594-30.000-30.000-30.000-30.000-30.000-30.000-30.000-30.000-30.000-30.000-30.000-30.000-30.000-30.000
-30.000-30.000-30.000
 Calcium     8.683  7.580  4.154-30.000-30.000-30.000-30.000-30.000-30.000-30.000-30.000-30.000-30.000-30.000-30.000-30.000-30.000
-30.000-30.000-30.000-30.000
 Scandium    5.491  4.405  1.225-30.000-30.000-30.000-30.000-30.000-30.000-30.000-30.000-30.000-30.000-30.000-30.000-30.000-30.000
-30.000-30.000-30.000-30.000-30.000
 Titanium    3.718  7.326  3.404-30.000-30.000-30.000-30.000-30.000-30.000-30.000-30.000-30.000-30.000-30.000-30.000-30.000-30.000
-30.000-30.000-30.000-30.000-30.000-30.000
 Vanadium    6.297  4.604  1.056-30.000-30.000-30.000-30.000-30.000-30.000-30.000-30.000-30.000-30.000-30.000-30.000-30.000-30.000
-30.000-30.000-30.000-30.000-30.000-30.000-30.000
 Chromium    7.957  7.123  1.462-30.000-30.000-30.000-30.000-30.000-30.000-30.000-30.000-30.000-30.000-30.000-30.000-30.000-30.000
-30.000-30.000-30.000-30.000-30.000-30.000-30.000-30.000
 Manganese   4.222  7.806  2.583-30.000-30.000-30.000-30.000-30.000-30.000-30.000-30.000-30.000-30.000-30.000-30.000-30.000-30.000
-30.000-30.000-30.000-30.000-30.000-30.000-30.000-30.000-30.000
 Iron        6.044  9.876  3.951-30.000-30.000-30.000-30.000-30.000-30.000-30.000-30.000-30.000-30.000-30.000-30.000-30.000-30.000
-30.000-30.000-30.000-30.000-30.000-30.000-30.000-30.000-30.000-30.000
 Cobalt      7.362  5.285 -3.156-30.000-30.000-30.000-30.000-30.000-30.000-30.000-30.000-30.000-30.000-30.000-30.000-30.000-30.000
-30.000-30.000-30.000-30.000-30.000-30.000-30.000-30.000-30.000-30.000-30.000
 Nickel      5.198  8.596 -0.159-30.000-30.000-30.000-30.000-30.000-30.000-30.000-30.000-30.000-30.000-30.000-30.000-30.000-30.000
-30.000-30.000-30.000-30.000-30.000-30.000-30.000-30.000-30.000-30.000-30.000-30.000
 Copper      6.551  5.108 -0.684-30.000-30.000-30.000-30.000-30.000-30.000-30.000-30.000-30.000-30.000-30.000-30.000-30.000-30.000
-30.000-30.000-30.000-30.000-30.000-30.000-30.000-30.000-30.000-30.000-30.000-30.000-30.000
 Zinc        6.933  4.722 -0.056-30.000-30.000-30.000-30.000-30.000-30.000-30.000-30.000-30.000-30.000-30.000-30.000-30.000-30.000
-30.000-30.000-30.000-30.000-30.000-30.000-30.000-30.000-30.000-30.000-30.000-30.000-30.000-30.000
 Exc state    He1*  3.874   CII*  8.908   C11*  9.688   C12* 10.162   C13* 10.380   O11* 10.744   O12* 10.496   O13* 10.007
              Si2*  9.532   C30* -7.123   C31* -7.034   C32* -6.363


 Hydrogen   -0.001 -2.732 -3.561 (H2)                 Log10 Mean Ionisation (over radius)
 Helium     -0.000 -6.080-12.902
 Lithium    -0.241 -0.371-12.329
 Beryllium  -0.005 -1.933 -6.695
 Boron      -0.047 -0.987 -9.515
 Carbon     -0.168 -1.718 -8.584
 Nitrogen   -0.069 -3.455-13.213
 Oxygen     -0.080 -2.921-12.437
 Fluorine   -0.001 -2.861 -8.079
 Neon       -0.000 -3.331 -8.691
 Sodium     -1.040 -0.042 -5.619
 Magnesium  -1.337 -0.020 -4.735
 Aluminium  -3.267 -0.000 -5.804
 Silicon    -0.507 -0.162 -6.858
 Phosphorus -2.624 -0.001 -5.884
 Sulphur    -0.189 -0.454 -6.704
 Chlorine   -1.149 -0.032 -5.299
 Argon      -0.000 -3.857 -9.984
 Potassium  -0.495 -0.167 -5.812
 Calcium    -0.033 -1.136 -4.562
 Scandium   -0.034 -1.121 -4.300
 Titanium   -3.608 -0.000 -3.922
 Vanadium   -0.009 -1.701 -5.249
 Chromium   -0.059 -0.893 -6.555
 Manganese  -3.584 -0.000 -5.223
 Iron       -3.831 -0.000 -5.924
 Cobalt     -0.004 -2.081-10.522
 Nickel     -3.398 -0.000 -8.755
 Copper     -0.015 -1.458 -7.251
 Zinc       -0.003 -2.213 -6.992

               1      2      3      4      5      6      7      8      9     10     11     12     13     14     15     16     17

 Hydrogen   -0.001 -2.732 -3.561 (H2)         Log10 Mean Ionisation (over radius*electron density)
 Helium     -0.000 -6.080-12.902
 Lithium    -0.241 -0.371-12.329
 Beryllium  -0.005 -1.933 -6.695
 Boron      -0.047 -0.987 -9.515
 Carbon     -0.168 -1.718 -8.584
 Nitrogen   -0.069 -3.455-13.213
 Oxygen     -0.080 -2.921-12.437
 Fluorine   -0.001 -2.861 -8.079
 Neon       -0.000 -3.331 -8.691
 Sodium     -1.040 -0.042 -5.619
 Magnesium  -1.337 -0.020 -4.735
 Aluminium  -3.267 -0.000 -5.804
 Silicon    -0.507 -0.162 -6.858
 Phosphorus -2.624 -0.001 -5.884
 Sulphur    -0.189 -0.454 -6.704
 Chlorine   -1.149 -0.032 -5.299
 Argon      -0.000 -3.857 -9.984
 Potassium  -0.495 -0.167 -5.812
 Calcium    -0.033 -1.136 -4.562
 Scandium   -0.034 -1.121 -4.300
 Titanium   -3.608 -0.000 -3.922
 Vanadium   -0.009 -1.701 -5.249
 Chromium   -0.059 -0.893 -6.555
 Manganese  -3.584 -0.000 -5.223
 Iron       -3.831 -0.000 -5.924
 Cobalt     -0.004 -2.081-10.522
 Nickel     -3.398 -0.000 -8.755
 Copper     -0.015 -1.458 -7.251
 Zinc       -0.003 -2.213 -6.992

               1      2      3      4      5      6      7      8      9     10     11     12     13     14     15     16     17

 Hydrogen    3.577  3.577  3.577 (H2)                  Log10 Mean Temperature (over radius)
 Helium      3.577  3.577  3.577
 Lithium     3.577  3.577  3.577
 Beryllium   3.577  3.577  3.577
 Boron       3.577  3.577  3.577
 Carbon      3.577  3.577  3.577
 Nitrogen    3.577  3.577  3.577
 Oxygen      3.577  3.577  3.577
 Fluorine    3.577  3.577  3.577
 Neon        3.577  3.577  3.577
 Sodium      3.577  3.577  3.577
 Magnesium   3.577  3.577  3.577
 Aluminium   3.577  3.577  3.577
 Silicon     3.577  3.577  3.577
 Phosphorus  3.577  3.577  3.577
 Sulphur     3.577  3.577  3.577
 Chlorine    3.577  3.577  3.577
 Argon       3.577  3.577  3.577
 Potassium   3.577  3.577  3.577
 Calcium     3.577  3.577  3.577
 Scandium    3.577  3.577  3.577
 Titanium    3.577  3.577  3.577
 Vanadium    3.577  3.577  3.577
 Chromium    3.577  3.577  3.577
 Manganese   3.577  3.577  3.577
 Iron        3.577  3.577  3.577
 Cobalt      3.577  3.577  3.577
 Nickel      3.577  3.577  3.577
 Copper      3.577  3.577  3.577
 Zinc        3.577  3.577  3.577

               1      2      3      4      5      6      7      8      9     10     11     12     13     14     15     16     17

 Hydrogen    3.577  3.577  3.577 (H2)          Log10 Mean Temperature (over radius*electron density)
 Helium      3.577  3.577  3.577
 Lithium     3.577  3.577  3.577
 Beryllium   3.577  3.577  3.577
 Boron       3.577  3.577  3.577
 Carbon      3.577  3.577  3.577
 Nitrogen    3.577  3.577  3.577
 Oxygen      3.577  3.577  3.577
 Fluorine    3.577  3.577  3.577
 Neon        3.577  3.577  3.577
 Sodium      3.577  3.577  3.577
 Magnesium   3.577  3.577  3.577
 Aluminium   3.577  3.577  3.577
 Silicon     3.577  3.577  3.577
 Phosphorus  3.577  3.577  3.577
 Sulphur     3.577  3.577  3.577
 Chlorine    3.577  3.577  3.577
 Argon       3.577  3.577  3.577
 Potassium   3.577  3.577  3.577
 Calcium     3.577  3.577  3.577
 Scandium    3.577  3.577  3.577
 Titanium    3.577  3.577  3.577
 Vanadium    3.577  3.577  3.577
 Chromium    3.577  3.577  3.577
 Manganese   3.577  3.577  3.577
 Iron        3.577  3.577  3.577
 Cobalt      3.577  3.577  3.577
 Nickel      3.577  3.577  3.577
 Copper      3.577  3.577  3.577
 Zinc        3.577  3.577  3.577

               1      2      3      4      5      6      7      8      9     10     11     12     13     14     15     16     17
                                                                          

---------------Convergence statistics---------------
      2.08 mean iterations/state convergence
      2.98 mean cx acceleration loops/iteration
      1.02 mean iso convergence loops/ion solve
      1.09 mean steps/chemistry solve
      1.13 mean step length searches/chemistry step
----------------------------------------------------

 Cloudy ends: 1 zone, 3 iterations, 1 caution.  ExecTime(s) 65.73
 [Stop in cdMain at ../maincl.cpp:483, Cloudy exited OK]
 ************************************************** GRID_DELIMIT -- grid000000050
