                                                          Cloudy 13.03
                                                         www.nublado.org

                       **************************************13Feb20**************************************
                       *                                                                                 *
                       * c                                                                               *
                       * phi(h) 11.000000 LOG range -0.000232 6.866524                                   *
                       * grid from 8 to 23 in 1 dex steps                                                *
                       * HDEN=10.000000 LOG                                                              *
                       * grid from 0 to 12 in 1 dex steps                                                *
                       * set pres ionize 1e5                                                             *
                       * c                                                                               *
                       * c                                                                               *
                       * table star "inst_padova_agbtrack_z.mod" age 6.78                                *
                       * c<< inst_padova_ model    4 read.       Age =    6010000.00                 >>> *
                       * c<< inst_padova_ model    5 read.       Age =    8010000.00                 >>> *
                       * c<< FINAL:     Age =    6025595.86                                          >>> *
                       * c                                                                               *
                       * c                                                                               *
                       * abundances GASS10                                                               *
                       * c                                                                               *
                       * c                                                                               *
                       * iterate to convergence max = 7                                                  *
                       * stop column density = 23                                                        *
                       * c                                                                               *
                       * c                                                                               *
                       * print last                                                                      *
                       * set save prefix "padova_inst_6"                                                 *
                       * save grid ".grd" last no hash                                                   *
                       * save linelist "emissionlines_abs.txt" "LineList_HII.dat" absolute last no hash    *
                       *                                                                                 *
                       ***********************************************************************************



 NOTE Setcon: continuum has zero intensity starting at  1.0074e+01 Ryd.
     1 cells in the incident continuum have zero intensity.  Problems???

           !The plasma frequency is 2.99e-07 Ryd.  The incident continuum is set to 0 below this.
           4147CellPeak1.00E+00   Lo 1.00e-08=910.79cm   Hi-Con:1.01E+01 Ryd   E(hi):7.35E+06Ryd     E(hi):     100.01 MeV
           I(nu>1ryd):   0.4461   Average nu:1.281E+00   I( X-ray):   0.0000   I(BalC):   1.9565     Phi(BalmrC):  12.8871
           phi(1.0-1.8):10.9816   phi(1.8-4.0):  9.585   phi(4.0-20):  8.470   phi(20--):  0.000     Ion pht flx:1.000E+11
           I(gam ray):   0.0000   phi(gam r):   0.0000   I(Infred):   1.3045   Alf(ox):   0.0000     Total inten:   2.0547
           U(1.0----):3.336E-10   U(4.0----):9.850E-13   T(En-Den):2.659E+01   T(Comp):2.168E+04     nuJnu(912A):1.914E+01
           Occ(FarIR):0.000E+00   Occ(H n=6):4.632E-11   Occ(1Ryd):8.799E-16   Occ(4R):1.016E-20     Occ (Nu-hi):0.000E+00
           Tbr(FarIR):0.000E+00   Tbr(H n=6):2.030E-07   Tbr(1Ryd):1.391E-10   Tbr(4R):6.421E-15     Tbr (Nu-hi):0.000E+00
  
                                                  Gas Phase Chemical Composition
        H :  0.0000  He: -1.0701  Li:-10.9508  Be:-10.6198  B : -9.3002  C : -3.5702  N : -4.1701  O : -3.3098  F : -7.4401
        Ne: -4.0701  Na: -5.7595  Mg: -4.4001  Al: -5.5498  Si: -4.4895  P : -6.5901  S : -4.8794  Cl: -6.5003  Ar: -5.6003
        K : -6.9706  Ca: -5.6596  Sc: -8.8508  Ti: -7.0501  V : -8.0701  Cr: -6.3595  Mn: -6.5702  Fe: -4.5003  Co: -7.0101
                                               Ni: -5.7799  Cu: -7.8097  Zn: -7.4401
 
 ####  1  Te:4.308E+03 Hden:1.000E+10 Ne:7.261E+07 R:1.000E+30 R-R0:9.887E+00 dR:1.977E+01 NTR: 48 Htot:1.443E-08 T912: 1.24e-06###
 Hydrogen      9.93e-01 7.10e-03 H+o/Hden 1.00e+00 3.12e-08 H-    H2 4.31e-05 1.62e-09 H2+ HeH+ 1.01e-10 Ho+ ColD 1.96e+11 1.40e+09
 Helium        1.00e+00 2.44e-05 1.77e-11 HeI 2s3S 1.54e-09 Comp H,C 8.01e-20 1.59e-20 Fill Fac 1.00e+00 Gam1/tot 1.00e+00
 He singlet n  1.00e+00 2.74e-11 1.16e-16 7.80e-18 4.31e-17 2.33e-18 He tripl 1.54e-09 4.32e-16 1.43e-18 1.14e-17 5.49e-18
 Pressure      NgasTgas 4.71e+13 P(total) 6.50e-03 P( gas ) 6.50e-03 P(Radtn) 0.00e+00 Rad accl 6.49e-03 ForceMul 8.08e+08
 Texc(La)      3.77e+03 T(I con) 2.66e+01 T(D con) 2.62e-01 T(U tot) 2.66e+01 nT (c+d) 6.49e+06 Prad/Gas 0.00e+00 Pmag/Gas 0.00e+00
 Molecules     CH/Ctot: 1.68e-05 CH+/Ctot 3.64e-07 CO/Ctot: 8.01e-03 CO+/Ctot 6.60e-09 H2O/Otot 3.62e-09 OH/Ototl 9.57e-05
 Lithium       4.66e-01 5.34e-01 5.33e-12 0.00e+00 Berylliu 9.68e-01 3.22e-02 2.79e-06 0.00e+00 0.00e+00 sec ion: 1.15e-12
 Boron         7.55e-01 2.45e-01 7.30e-09 0.00e+00 0.00e+00 0.00e+00
 Carbon        8.92e-01 1.00e-01 1.35e-07 0.00e+00 0.00e+00 0.00e+00 0.00e+00 H2O+/O   1.83e-09 OH+/Otot 2.53e-05 Hex(tot) 0.00e+00
 Nitrogen      9.96e-01 2.46e-03 4.36e-12 0.00e+00 0.00e+00 0.00e+00 0.00e+00 0.00e+00 O2/Ototl 9.97e-09 O2+/Otot 4.08e-08
 Oxygen        9.90e-01 5.53e-03 1.60e-11 0.00e+00 0.00e+00 0.00e+00 0.00e+00 0.00e+00 0.00e+00
 Fluorine      9.96e-01 3.83e-03 9.65e-08 0.00e+00 0.00e+00 0.00e+00 0.00e+00 0.00e+00 0.00e+00 0.00e+00
 Neon          9.99e-01 1.29e-03 2.85e-08 0.00e+00 0.00e+00 0.00e+00 0.00e+00 0.00e+00 0.00e+00 0.00e+00 0.00e+00
 Sodium        8.62e-02 9.14e-01 1.25e-05 0.00e+00 0.00e+00 0.00e+00 0.00e+00 0.00e+00 0.00e+00 0.00e+00 0.00e+00 0.00e+00
 Magnesium     3.65e-02 9.63e-01 1.12e-04 0.00e+00 0.00e+00 0.00e+00 0.00e+00 0.00e+00 0.00e+00 0.00e+00 0.00e+00 0.00e+00 0.00e+00
 Aluminium  0  5.24e-04 9.99e-01 6.30e-06 0.00e+00 0.00e+00 0.00e+00 0.00e+00 0.00e+00 0.00e+00 0.00e+00 0.00e+00 0.00e+00 0.00e+00
 Silicon    0  2.58e-01 7.42e-01 1.56e-06 0.00e+00 0.00e+00 0.00e+00 0.00e+00 0.00e+00 0.00e+00 0.00e+00 0.00e+00 0.00e+00 0.00e+00
 Phosphorus 0  2.19e-03 9.98e-01 7.28e-06 0.00e+00 0.00e+00 0.00e+00 0.00e+00 0.00e+00 0.00e+00 0.00e+00 0.00e+00 0.00e+00 0.00e+00
 Sulphur    0  4.06e-01 5.94e-01 1.11e-05 0.00e+00 0.00e+00 0.00e+00 0.00e+00 0.00e+00 0.00e+00 0.00e+00 0.00e+00 0.00e+00 0.00e+00
 Chlorine   0  8.36e-03 9.92e-01 2.59e-05 0.00e+00 0.00e+00 0.00e+00 0.00e+00 0.00e+00 0.00e+00 0.00e+00 0.00e+00 0.00e+00 0.00e+00
 Argon      0  9.96e-01 3.76e-03 7.87e-08 0.00e+00 0.00e+00 0.00e+00 0.00e+00 0.00e+00 0.00e+00 0.00e+00 0.00e+00 0.00e+00 0.00e+00
 Potassium  0  2.26e-01 7.74e-01 8.46e-06 0.00e+00 0.00e+00 0.00e+00 0.00e+00 0.00e+00 0.00e+00 0.00e+00 0.00e+00 0.00e+00 0.00e+00
 Calcium    0  8.22e-01 1.78e-01 2.11e-04 0.00e+00 0.00e+00 0.00e+00 0.00e+00 0.00e+00 0.00e+00 0.00e+00 0.00e+00 0.00e+00 0.00e+00
 Scandium   0  8.15e-01 1.85e-01 3.91e-04 0.00e+00 0.00e+00 0.00e+00 0.00e+00 0.00e+00 0.00e+00 0.00e+00 0.00e+00 0.00e+00 0.00e+00
 Titanium   0  2.38e-04 9.99e-01 3.81e-04 6.55e-11 0.00e+00 0.00e+00 0.00e+00 0.00e+00 0.00e+00 0.00e+00 0.00e+00 0.00e+00 0.00e+00
 Vanadium   0  9.47e-01 5.34e-02 5.87e-05 0.00e+00 0.00e+00 0.00e+00 0.00e+00 0.00e+00 0.00e+00 0.00e+00 0.00e+00 0.00e+00 0.00e+00
 Chromium   0  7.14e-01 2.86e-01 7.21e-06 0.00e+00 0.00e+00 0.00e+00 0.00e+00 0.00e+00 0.00e+00 0.00e+00 0.00e+00 0.00e+00 0.00e+00
 Manganese  0  2.51e-04 1.00e+00 5.03e-05 0.00e+00 0.00e+00 0.00e+00 0.00e+00 0.00e+00 0.00e+00 0.00e+00 0.00e+00 0.00e+00 0.00e+00
 Iron       0  1.42e-04 1.00e+00 1.21e-05 0.00e+00 0.00e+00 0.00e+00 0.00e+00 0.00e+00 0.00e+00 0.00e+00 0.00e+00 0.00e+00 0.00e+00
 Cobalt     0  9.77e-01 2.27e-02 7.91e-10 0.00e+00 0.00e+00 0.00e+00 0.00e+00 0.00e+00 0.00e+00 0.00e+00 0.00e+00 0.00e+00 0.00e+00
 Nickel     0  3.76e-04 1.00e+00 1.61e-08 0.00e+00 0.00e+00 0.00e+00 0.00e+00 0.00e+00 0.00e+00 0.00e+00 0.00e+00 0.00e+00 0.00e+00
 Copper     0  9.09e-01 9.12e-02 9.63e-07 0.00e+00 0.00e+00 0.00e+00 0.00e+00 0.00e+00 0.00e+00 0.00e+00 0.00e+00 0.00e+00 0.00e+00
 Zinc       0  9.83e-01 1.68e-02 1.63e-06 0.00e+00 0.00e+00 0.00e+00 0.00e+00 0.00e+00 0.00e+00 0.00e+00 0.00e+00 0.00e+00 0.00e+00
 #### 70  Te:3.994E+03 Hden:1.000E+10 Ne:4.496E+07 R:1.000E+30 R-R0:2.768E+07 dR:1.599E+06 NTR: 13 Htot:6.554E-09 T912: 1.79e+00###
 Hydrogen      9.95e-01 4.34e-03 H+o/Hden 1.00e+00 1.52e-08 H-    H2 1.08e-04 1.30e-09 H2+ HeH+ 7.65e-11 Ho+ ColD 2.83e+17 1.67e+15
 Helium        1.00e+00 2.11e-05 1.95e-11 HeI 2s3S 7.83e-10 Comp H,C 4.82e-20 9.06e-21 Fill Fac 1.00e+00 Gam1/tot 1.00e+00
 He singlet n  1.00e+00 6.02e-12 2.84e-17 3.83e-19 1.48e-18 6.52e-19 He tripl 7.83e-10 1.20e-16 6.01e-19 5.11e-18 1.79e-18
 Pressure      NgasTgas 4.36e+13 P(total) 6.01e-03 P( gas ) 6.01e-03 P(Radtn) 1.38e-11 Rad accl 5.55e-05 ForceMul 1.12e+07
 Texc(La)      4.13e+03 T(I con) 2.65e+01 T(D con) 7.45e+00 T(U tot) 2.65e+01 nT (c+d) 8.20e+06 Prad/Gas 2.30e-09 Pmag/Gas 0.00e+00
 Molecules     CH/Ctot: 3.27e-05 CH+/Ctot 8.10e-07 CO/Ctot: 2.42e-02 CO+/Ctot 2.24e-08 H2O/Otot 2.87e-08 OH/Ototl 2.40e-04
 Lithium       4.86e-01 5.14e-01 5.31e-12 0.00e+00 Berylliu 9.50e-01 5.03e-02 3.34e-06 0.00e+00 0.00e+00 sec ion: 1.19e-12
 Boron         6.57e-01 3.43e-01 7.77e-09 0.00e+00 0.00e+00 0.00e+00
 Carbon        8.37e-01 1.39e-01 1.43e-07 0.00e+00 0.00e+00 0.00e+00 0.00e+00 H2O+/O   1.65e-08 OH+/Otot 5.98e-05 Hex(tot) 0.00e+00
 Nitrogen      9.93e-01 1.19e-03 1.73e-12 0.00e+00 0.00e+00 0.00e+00 0.00e+00 0.00e+00 O2/Ototl 3.23e-08 O2+/Otot 1.46e-07
 Oxygen        9.83e-01 3.34e-03 8.63e-12 0.00e+00 0.00e+00 0.00e+00 0.00e+00 0.00e+00 0.00e+00
 Fluorine      9.96e-01 3.61e-03 1.15e-07 0.00e+00 0.00e+00 0.00e+00 0.00e+00 0.00e+00 0.00e+00 0.00e+00
 Neon          9.98e-01 1.52e-03 4.10e-08 0.00e+00 0.00e+00 0.00e+00 0.00e+00 0.00e+00 0.00e+00 0.00e+00 0.00e+00
 Sodium        8.49e-02 9.15e-01 1.56e-05 0.00e+00 0.00e+00 0.00e+00 0.00e+00 0.00e+00 0.00e+00 0.00e+00 0.00e+00 0.00e+00
 Magnesium     3.37e-02 9.66e-01 5.57e-05 0.00e+00 0.00e+00 0.00e+00 0.00e+00 0.00e+00 0.00e+00 0.00e+00 0.00e+00 0.00e+00 0.00e+00
 Aluminium  0  5.20e-04 9.99e-01 6.29e-06 0.00e+00 0.00e+00 0.00e+00 0.00e+00 0.00e+00 0.00e+00 0.00e+00 0.00e+00 0.00e+00 0.00e+00
 Silicon    0  1.89e-01 8.11e-01 5.99e-07 0.00e+00 0.00e+00 0.00e+00 0.00e+00 0.00e+00 0.00e+00 0.00e+00 0.00e+00 0.00e+00 0.00e+00
 Phosphorus 0  2.26e-03 9.98e-01 6.09e-06 0.00e+00 0.00e+00 0.00e+00 0.00e+00 0.00e+00 0.00e+00 0.00e+00 0.00e+00 0.00e+00 0.00e+00
 Sulphur    0  2.65e-01 7.35e-01 5.16e-06 0.00e+00 0.00e+00 0.00e+00 0.00e+00 0.00e+00 0.00e+00 0.00e+00 0.00e+00 0.00e+00 0.00e+00
 Chlorine   0  2.66e-02 9.73e-01 2.52e-05 0.00e+00 0.00e+00 0.00e+00 0.00e+00 0.00e+00 0.00e+00 0.00e+00 0.00e+00 0.00e+00 0.00e+00
 Argon      0  9.99e-01 8.10e-04 1.47e-08 0.00e+00 0.00e+00 0.00e+00 0.00e+00 0.00e+00 0.00e+00 0.00e+00 0.00e+00 0.00e+00 0.00e+00
 Potassium  0  2.73e-01 7.27e-01 9.21e-06 0.00e+00 0.00e+00 0.00e+00 0.00e+00 0.00e+00 0.00e+00 0.00e+00 0.00e+00 0.00e+00 0.00e+00
 Calcium    0  7.36e-01 2.63e-01 4.31e-04 0.00e+00 0.00e+00 0.00e+00 0.00e+00 0.00e+00 0.00e+00 0.00e+00 0.00e+00 0.00e+00 0.00e+00
 Scandium   0  7.31e-01 2.69e-01 3.89e-04 0.00e+00 0.00e+00 0.00e+00 0.00e+00 0.00e+00 0.00e+00 0.00e+00 0.00e+00 0.00e+00 0.00e+00
 Titanium   0  2.32e-04 9.99e-01 2.68e-04 0.00e+00 0.00e+00 0.00e+00 0.00e+00 0.00e+00 0.00e+00 0.00e+00 0.00e+00 0.00e+00 0.00e+00
 Vanadium   0  9.23e-01 7.70e-02 4.88e-05 0.00e+00 0.00e+00 0.00e+00 0.00e+00 0.00e+00 0.00e+00 0.00e+00 0.00e+00 0.00e+00 0.00e+00
 Chromium   0  6.05e-01 3.95e-01 3.32e-06 0.00e+00 0.00e+00 0.00e+00 0.00e+00 0.00e+00 0.00e+00 0.00e+00 0.00e+00 0.00e+00 0.00e+00
 Manganese  0  2.46e-04 1.00e+00 2.00e-05 0.00e+00 0.00e+00 0.00e+00 0.00e+00 0.00e+00 0.00e+00 0.00e+00 0.00e+00 0.00e+00 0.00e+00
 Iron       0  1.39e-04 1.00e+00 4.32e-06 0.00e+00 0.00e+00 0.00e+00 0.00e+00 0.00e+00 0.00e+00 0.00e+00 0.00e+00 0.00e+00 0.00e+00
 Cobalt     0  9.66e-01 3.40e-02 6.36e-10 0.00e+00 0.00e+00 0.00e+00 0.00e+00 0.00e+00 0.00e+00 0.00e+00 0.00e+00 0.00e+00 0.00e+00
 Nickel     0  3.78e-04 1.00e+00 1.01e-08 0.00e+00 0.00e+00 0.00e+00 0.00e+00 0.00e+00 0.00e+00 0.00e+00 0.00e+00 0.00e+00 0.00e+00
 Copper     0  8.65e-01 1.35e-01 1.20e-06 0.00e+00 0.00e+00 0.00e+00 0.00e+00 0.00e+00 0.00e+00 0.00e+00 0.00e+00 0.00e+00 0.00e+00
 Zinc       0  9.74e-01 2.61e-02 2.67e-06 0.00e+00 0.00e+00 0.00e+00 0.00e+00 0.00e+00 0.00e+00 0.00e+00 0.00e+00 0.00e+00 0.00e+00
                                                                             
   Calculation stopped because lowest Te reached. Iteration 3 of 3
   The geometry is plane-parallel.
 C-Continuum zero at some energies.
  !Charge transfer ionization of H reached 18463.5% of the local H ionization rate.
  !The largest plasma frequency was 2.99e-07 Ryd = 3.05e+05 micron  The continuum is set to 0 below this.
  !AGE: Cloud age was not set.  Longest timescale was 1.33e+06 s = 1.53e+01 days.
  !The excitation temp of Lya exceeded the electron temp, largest value was 4.48e+03K (gas temp there was 4.15e+03K, zone  56)
  !Mutual neutralization production of H-alpha was significant.
  !The CMB was not included.  This is added with the CMB command.
   Continuum fluorescent production of H-beta was significant.
   H2 vib deexec heating reached 4.39% of the local heating.
   Charge transfer heating reached 0.65% of the local heating.
   The density is too low to l-mix the lowest He I collapsed level.  More resolved levels are needed for accurate line ratios.
   The largest continuum occupation number was 1.324e-01 at 2.991e-07 Ryd.
   Grains were not present but might survive in this environment (energy density temperature was 2.66e+01K)
   The continuum optical depth at the lowest energy considered (1.004e-08 Ryd) was 4.550e+01.
   The fraction of N  in N2 reached 0.552% at some point in the cloud.
   The fraction of C  in CO reached 2.43% at some point in the cloud.

                       *********************************> Cloudy 13.03 <**********************************
                       * c                                                                               *
                       * phi(h) 11.000000 LOG range -0.000232 6.866524                                   *
                       * grid from 8 to 23 in 1 dex steps                                                *
                       * HDEN=10.000000 LOG                                                              *
                       * grid from 0 to 12 in 1 dex steps                                                *
                       * set pres ionize 1e5                                                             *
                       * c                                                                               *
                       * c                                                                               *
                       * table star "inst_padova_agbtrack_z.mod" age 6.78                                *
                       * c                                                                               *
                       * c                                                                               *
                       * abundances GASS10                                                               *
                       * c                                                                               *
                       * c                                                                               *
                       * iterate to convergence max = 7                                                  *
                       * stop column density = 23                                                        *
                       * c                                                                               *
                       * c                                                                               *
                       * print last                                                                      *
                       * set save prefix "padova_inst_6"                                                 *
                       * save grid ".grd" last no hash                                                   *
                       * save linelist "emissionlines_abs.txt" "LineList_HII.dat" absolute last no hash    *
                       *********************************> Log(U): -9.48 <*********************************
                       >>>>>>>>>> Cautions are present.

                     Emission Line Spectrum.   Constant  Density Model.    Open geometry.  Iteration 3 of 3.
                                                     Intensity (erg/s/cm^2).


                                                   Intrinsic line intensities
 general properties..........      H  1 1.458m  -2.486   0.1194      Ca A 16.20m  -4.466   0.0012      Mg 2  2803A  -2.117   0.2790            
 TOTL  4861A  -1.563   1.0000      H  1 1.458m  -2.393   0.1478      Ca A 12.38m  -4.547   0.0010      totl  2665A  -3.479   0.0121            
 TOTL  1216A  -0.025  34.4963      H  1 1.458m  -2.642   0.0834      Ca B  6563A  -1.073   3.0904      Al 2  2670A  -3.479   0.0121            
 Inci     0    2.0554145.7246      H  1 2.279m  -3.335   0.0169      Ca B  4861A  -1.516   1.1143      Si 1  2518A  -3.448   0.0130            
 TotH     0   -0.554  10.2079      H  1 2.279m  -2.876   0.0487      Ca B  4340A  -1.822   0.5501      Si 1  2215A  -3.952   0.0041            
 TotC     0   -0.554  10.2046      H  1 2.279m  -2.748   0.0653      Ca B  4102A  -2.044   0.3300      Si 2 34.81m  -4.247   0.0021            
 BFH1     0   -0.585   9.5150      H  1 2.279m  -2.845   0.0522      Ca B  3970A  -2.212   0.2243      TOTL  2335A  -3.799   0.0058            
 BFHe     0   -2.291   0.1872      H  1 2.279m  -3.256   0.0203      Ca B  3889A  -2.347   0.1644      Si 2  2344A  -4.274   0.0019            
 TotM     0   -2.453   0.1289      H  1 3.281m  -3.640   0.0084      Ca B  3835A  -2.461   0.1265      Si 2  2336A  -4.116   0.0028            
 CT H     0   -2.768   0.0623      H  1 3.281m  -3.182   0.0240      Ca B  3798A  -2.559   0.1010      Si 2  1531A  -3.246   0.0208            
 H FB     0   -1.569   0.9858      H  1 3.281m  -3.040   0.0333      Ca B  3771A  -2.642   0.0833      Si 2  1308A  -3.253   0.0204            
 HFBc     0   -1.569   0.9858      H  1 3.281m  -3.080   0.0304      Ca B  3750A  -2.712   0.0710      Si 2  1263A  -2.733   0.0675            
 OH       0   -3.871   0.0049      H  1 3.281m  -3.314   0.0177      Ca B  3734A  -2.770   0.0620      P  2 1.640m  -3.999   0.0037            
 CO       0   -3.864   0.0050      H  1 3.281m  -3.843   0.0053      Ca B  3722A  -2.823   0.0550      P  2  4669A  -4.489   0.0012            
 continua....................      H  1 4.466m  -3.889   0.0047      Ca B  3712A  -2.874   0.0488      P  2 1.189m  -4.322   0.0017            
 Bac   3646A  -0.143  26.3100      H  1 4.466m  -3.432   0.0135      Ca B  3704A  -2.927   0.0433      S  1 25.19m  -4.355   0.0016            
 nFnu  3645A  -0.138  26.6186      H  1 4.466m  -3.285   0.0190      Ca B  3697A  -2.980   0.0382      S 1R  1807A  -3.871   0.0049            
 nFnu  3647A  -2.074   0.3086      H  1 4.466m  -3.297   0.0184      Ca B  3692A  -3.035   0.0337      S  2  6720A  -4.403   0.0014            
 cout  3646A  -0.444  13.1550      H  1 4.466m  -3.457   0.0128      Ca B  3687A  -3.090   0.0297      S  2  4074A  -3.293   0.0186            
 cref  3646A  -0.444  13.1550      H  1 4.466m  -3.790   0.0059      Ca B  3683A  -3.145   0.0262      S  2 1.033m  -3.487   0.0119            
 thin  3646A  -0.143  26.3100      H  1 4.466m  -4.407   0.0014      Ca B  3679A  -3.200   0.0230      S II  6731A  -4.561   0.0010            
 Inci  4860A   1.273 685.3026      H  1 5.834m  -4.099   0.0029      Ca B  3676A  -3.255   0.0203      S II  4070A  -3.374   0.0154            
 Inci  1215A   1.8812780.4441      H  1 5.834m  -3.644   0.0083      Ca B  3674A  -3.308   0.0180      S II  4078A  -4.063   0.0032            
 Ba C     0   -1.139   2.6549      H  1 5.834m  -3.494   0.0117      Ca B  3671A  -3.360   0.0160      S II 1.032m  -3.865   0.0050            
 PA C     0   -1.525   1.0907      H  1 5.834m  -3.492   0.0118      Ca B 1.875m  -2.007   0.3599      S II 1.029m  -4.001   0.0037            
 FIR  83.00m  -0.457  12.7691      H  1 5.834m  -3.614   0.0089      Ca B 1.282m  -2.301   0.1828      S II 1.037m  -4.522   0.0011            
 TIR   1800m  -2.724   0.0691      H  1 5.834m  -3.862   0.0050      Ca B 1.094m  -2.529   0.1081      S II 1.034m  -4.225   0.0022            
 NIRa 2.850m   0.865 268.1424      H  1 5.834m  -4.270   0.0020      Ca B 1.005m  -2.706   0.0720      S  2  1256A  -4.023   0.0035            
 NIRb 3.000m   0.580 139.1165      H  1 7.383m  -4.279   0.0019      Ca B  9546A  -2.848   0.0519      Cl 2  8579A  -3.589   0.0094            
 MIRa 15.00m  -0.769   6.2192      H  1 7.383m  -3.825   0.0055      Ca B  9229A  -2.967   0.0394      Cl 2  9124A  -4.167   0.0025            
 MIRb 22.50m  -0.630   8.5786      H  1 7.383m  -3.674   0.0077      Ca B  9015A  -3.068   0.0313      K  1  7676A  -2.389   0.1491            
 NMIR 21.75m   0.865 268.1424      H  1 7.383m  -3.664   0.0079      Ca B  8863A  -3.153   0.0257      Ca 1  4228A  -1.760   0.6345            
 TFIR 611.2m  -0.969   3.9227      H  1 7.383m  -3.764   0.0063      Ca B  8750A  -3.224   0.0218      Ca 2  3933A  -1.526   1.0875            
 TALL 10000A   2.0554149.3384      H  1 7.383m  -3.965   0.0040      Ca B  8665A  -3.283   0.0190      Ca 2  8579A  -3.003   0.0363            
 F12  12.00m  -1.314   1.7730      H  1 7.383m  -4.278   0.0019      Ca B  8598A  -3.336   0.0169      Ca 2  7306A  -1.893   0.4674            
 F25  25.00m  -1.290   1.8735      H  1 9.115m  -4.437   0.0013      Ca B  8545A  -3.388   0.0150      Ca2K  3934A  -1.710   0.7119            
 F60  60.00m  -0.855   5.1066      H  1 9.115m  -3.984   0.0038      Ca B  8502A  -3.440   0.0133      Ca2H  3969A  -1.988   0.3756            
 F100 100.0m  -1.044   3.2993      H  1 9.115m  -3.833   0.0054      Ca B  8467A  -3.494   0.0117      Ca2X  8498A  -4.166   0.0025            
 MIPS 24.00m  -1.601   0.9169      H  1 9.115m  -3.818   0.0056      Ca B  8438A  -3.549   0.0103      Ca2Y  8542A  -3.209   0.0226            
 MIPS 70.00m  -1.213   2.2385      H  1 9.115m  -3.904   0.0046      Ca B  8413A  -3.604   0.0091      Ca2Z  8662A  -3.515   0.0112            
 MIPS 160.0m  -1.440   1.3261      H  1 9.115m  -4.077   0.0031      Ca B  8392A  -3.659   0.0080      CaF1  7291A  -2.113   0.2817            
 IRAC 3.600m  -0.943   4.1682      H  1 9.115m  -4.335   0.0017      Ca B  8374A  -3.714   0.0071      CaF2  7324A  -2.294   0.1856            
 IRAC 4.500m  -1.204   2.2854      H  1 11.03m  -3.265   0.0199      Ca B  8359A  -3.768   0.0062      Fe2c     0   -1.499   1.1572            
 IRAC 5.800m  -1.404   1.4414      H  1 13.13m  -3.377   0.0154      Ca B  8346A  -3.821   0.0055      Fe 2  4300A  -1.927   0.4326            
 IRAC 8.000m  -1.432   1.3531      H  1 15.40m  -3.480   0.0121      Ca B  8334A  -3.873   0.0049      Fe 2  2400A  -1.898   0.4627            
 SPR1 250.0m  -1.860   0.5040      H  1 17.87m  -3.575   0.0097      Ca B 4.051m  -2.646   0.0827      Fe 2 25.98m  -3.603   0.0091            
 SPR2 350.0m  -2.293   0.1862      H  1 20.51m  -3.664   0.0079      Ca B 2.625m  -2.867   0.0496      Fe 2 1.257m  -3.032   0.0339            
 SPR3 500.0m  -2.674   0.0775      H  1 23.33m  -3.748   0.0065      Ca B 2.166m  -3.053   0.0324      Fe 2 35.34m  -4.023   0.0035            
 PAC1 70.00m  -1.151   2.5824      H  1 26.34m  -3.826   0.0055      Ca B 1.945m  -3.203   0.0229      Fe 2 1.321m  -3.610   0.0090            
 PAC2 100.0m  -1.040   3.3371      H  1 29.53m  -3.900   0.0046      Ca B 1.817m  -3.327   0.0172      Fe 2 1.249m  -4.270   0.0020            
 PAC3 160.0m  -1.183   2.3970      H  1 32.91m  -3.970   0.0039      Ca B 1.736m  -3.431   0.0135      Fe 2  7638A  -3.630   0.0086            
 PAH  3.300m  -1.725   0.6890      H  1 36.46m  -4.036   0.0034      Ca B 1.681m  -3.518   0.0111      Fe 2 1.372m  -3.834   0.0054            
 PAHC 3.230m  -1.992   0.3722      H  1 40.20m  -4.100   0.0029      Ca B 1.641m  -3.590   0.0094      Fe 2 1.294m  -3.602   0.0091            
 PAHC 3.370m  -2.069   0.3121      H  1 44.12m  -4.160   0.0025      Ca B 1.611m  -3.650   0.0082      Fe 2  7687A  -3.825   0.0055            
 PAH  6.200m  -1.944   0.4157      H  1 48.22m  -4.218   0.0022      Ca B 1.588m  -3.703   0.0072      Fe 2 1.328m  -3.848   0.0052            
 PAHC 5.650m  -1.854   0.5114      H  1 52.50m  -4.273   0.0020      Ca B 1.570m  -3.755   0.0064      Fe 2 1.279m  -3.718   0.0070            
 PAH  7.900m  -1.882   0.4792      H  1 56.97m  -3.079   0.0304      Ca B 1.556m  -3.807   0.0057      Fe 2  7665A  -4.195   0.0023            
 PAHC 6.900m  -1.771   0.6189      He 1 504.3A  -3.680   0.0076      Ca B 1.544m  -3.861   0.0050      Fe 2 1.298m  -4.082   0.0030            
 PAH  11.30m  -2.521   0.1102      C  1  1101A  -2.859   0.0505      Ca B 1.534m  -3.916   0.0044      Fe 2 1.270m  -3.906   0.0045            
 PAHC 10.90m  -2.521   0.1101      Mg 1  1622A  -4.389   0.0015      Ca B 1.526m  -3.971   0.0039      Fe 2 17.93m  -3.285   0.0190            
 PAH  11.80m  -2.310   0.1792      Al 1  2071A  -3.724   0.0069      Ca B 1.519m  -4.026   0.0034      Fe 2 1.644m  -3.105   0.0287            
 PAHC 12.65m  -2.303   0.1819      Si 1  1521A  -2.834   0.0536      Ca B 1.513m  -4.081   0.0030      Fe 2 1.533m  -3.547   0.0104            
 PAH  13.30m  -2.286   0.1892      P  1  1182A  -3.753   0.0065      Ca B 1.508m  -4.135   0.0027      Fe 2  8617A  -3.051   0.0325            
 PAHC 14.10m  -2.300   0.1831      S  1  1197A  -2.858   0.0507      Ca B 1.504m  -4.188   0.0024      Fe 2 24.51m  -3.766   0.0063            
 Bcon  3640A   1.9623346.2896      Cl 1 956.0A  -3.610   0.0090      Ca B 1.500m  -4.240   0.0021      Fe 2 1.809m  -3.808   0.0057            
 Pcon  5000A   1.165 534.2332      Fe 1  1569A  -3.691   0.0074      Ca B 7.458m  -3.156   0.0255      Fe 2 1.677m  -3.686   0.0075            
 HFFc     0   -1.385   1.5049      grains......................      Ca B 4.653m  -3.329   0.0171      Fe 2 1.599m  -3.657   0.0081            
 H FF     0   -1.951   0.4092      H-like iso-sequence.........      Ca B 3.740m  -3.481   0.0121      Fe 2  9052A  -3.710   0.0071            
 MeFB     0   -3.025   0.0345      Hlin 912.0A  -3.596   0.0093      Ca B 3.296m  -3.609   0.0090      Fe 2  8892A  -3.468   0.0124            
 MeFF     0   -3.571   0.0098      Hrst     0   -3.638   0.0084      Ca B 3.038m  -3.715   0.0070      Fe 2 1.800m  -3.858   0.0051            
 ToFF     0   -1.941   0.4192      CION     0   -4.490   0.0012      Ca B 2.872m  -3.803   0.0057      Fe 2 1.711m  -4.239   0.0021            
 nFnu 122.4m  -3.178   0.0242      Ca B  1216A  -0.058  31.9813      Ca B 2.758m  -3.876   0.0049      Fe 2 1.664m  -3.947   0.0041            
 nInu 122.4m  -0.631   8.5539      Q(H)  4861A  -1.244   2.0864      Ca B 2.674m  -3.936   0.0042      Fe 2  9399A  -4.486   0.0012            
 nFnu 60.83m  -2.880   0.0482      Q(H)  1216A   0.213  59.7278      Ca B 2.612m  -3.990   0.0037      Fe 2  9227A  -3.724   0.0069            
 nInu 60.83m  -0.678   7.6735      CaBo  4861A  -1.562   1.0011      Ca B 2.564m  -4.041   0.0033      Fe 2  9033A  -3.944   0.0042            
 nFnu 41.22m  -2.692   0.0743      Ca A  1216A  -0.155  25.5717      Ca B 2.525m  -4.094   0.0029      Fe 2 1.797m  -4.012   0.0036            
 nInu 41.22m  -0.789   5.9353      Ca A  1026A  -0.864   4.9999      Ca B 2.495m  -4.147   0.0026      Fe 2 1.745m  -4.255   0.0020            
 nFnu 30.87m  -2.560   0.1006      Ca A 972.5A  -1.237   2.1190      Ca B 2.469m  -4.202   0.0023      Fe 2  9471A  -4.290   0.0019            
 nInu 30.87m  -0.887   4.7439      Ca A 949.7A  -1.468   1.2437      Ca B 2.448m  -4.257   0.0020      Fe 2  9268A  -3.838   0.0053            
 nFnu 24.78m  -2.460   0.1268      Ca A 937.8A  -1.606   0.9050      Ca B 2.431m  -4.312   0.0018      Fe 2 1.811m  -4.506   0.0011            
 nInu 24.78m  -0.962   3.9919      Ca A 930.8A  -1.693   0.7413      Ca B 2.416m  -4.367   0.0016      Fe2b  7000A  -3.330   0.0171            
 nFnu 24.30m  -2.451   0.1294      Ca A 926.2A  -1.764   0.6299      Ca B 2.403m  -4.421   0.0014      Fe2b 10000A  -2.197   0.2323            
 nInu 24.30m  -0.969   3.9297      Ca A 923.2A  -1.830   0.5403      Ca B 2.392m  -4.474   0.0012      Fe2b  7445A  -3.330   0.0171            
 nFnu 22.83m  -2.422   0.1383      Ca A 921.0A  -1.894   0.4670      Ca B 2.382m  -4.526   0.0011      Fe2b  8625A  -2.716   0.0704            
 nInu 22.83m  -0.989   3.7490      Ca A 919.4A  -1.950   0.4100      Ca B 12.37m  -3.583   0.0095      Fe2b 1.033m  -4.290   0.0019            
 nFnu 21.42m  -2.394   0.1476      Ca A 918.1A  -1.997   0.3679      Ca B 7.500m  -3.718   0.0070      Fe2b 1.889m  -3.236   0.0212            
 nInu 21.42m  -1.011   3.5626      Ca A 917.2A  -2.034   0.3382      Ca B 5.907m  -3.843   0.0052      Fe 2  1786A  -2.935   0.0425            
 nFnu 21.12m  -2.387   0.1498      Ca A 916.4A  -2.065   0.3147      Ca B 5.127m  -3.950   0.0041      recombination...............            
 nInu 21.12m  -1.016   3.5209      Ca A 915.8A  -2.097   0.2925      Ca B 4.671m  -4.038   0.0033      C  1 1.069m  -4.059   0.0032            
 nFnu 19.62m  -2.354   0.1619      Ca A 915.3A  -2.132   0.2694      Ca B 4.375m  -4.111   0.0028      O  1  1357A  -3.856   0.0051            
 nInu 19.62m  -1.037   3.3564      Ca A 914.9A  -2.173   0.2457      Ca B 4.170m  -4.171   0.0025      C  1  1140A  -2.865   0.0499            
 nFnu 17.65m  -2.302   0.1822      Ca A 914.6A  -2.216   0.2222      Ca B 4.020m  -4.225   0.0022      O  1  7950A  -4.422   0.0014            
 nInu 17.65m  -1.055   3.2206      Ca A 914.3A  -2.262   0.1998      Ca B 3.906m  -4.276   0.0019      level2 lines................            
 nFnu 17.37m  -2.296   0.1849      Ca A 914.0A  -2.310   0.1789      Ca B 3.818m  -4.329   0.0017      C  1 943.9A  -2.703   0.0725            
 nInu 17.37m  -1.057   3.2025      Ca A 913.8A  -2.360   0.1597      Ca B 3.748m  -4.382   0.0015      C  1  1248A  -2.643   0.0831            
 nFnu 15.69m  -2.254   0.2037      Ca A 913.6A  -2.409   0.1424      Ca B 3.692m  -4.437   0.0013      C  1 841.0A  -4.056   0.0032            
 nInu 15.69m  -1.074   3.0845      Ca A 913.5A  -2.459   0.1270      Ca B 3.645m  -4.492   0.0012      C  1  1561A  -2.857   0.0508            
 nFnu 14.60m  -2.219   0.2205      Ca A 913.3A  -2.509   0.1133      Ca B 3.606m  -4.547   0.0010      C  1  1315A  -2.694   0.0740            
 nInu 14.60m  -1.085   3.0044      Ca A  6563A  -1.303   1.8212      Ca B 19.06m  -3.946   0.0041      C  1  1166A  -2.798   0.0581            
 nFnu 12.43m  -2.145   0.2616      Ca A  4861A  -1.742   0.6622      Ca B 11.31m  -4.050   0.0033      C  1  1233A  -2.777   0.0611            
 nInu 12.43m  -1.112   2.8239      Ca A  4340A  -2.051   0.3250      Ca B 8.758m  -4.152   0.0026      C  1  1132A  -2.953   0.0407            
 nFnu 11.40m  -2.112   0.2827      Ca A  4102A  -2.270   0.1963      Ca B 7.506m  -4.239   0.0021      C  1  1251A  -2.960   0.0401            
 nInu 11.40m  -1.126   2.7352      Ca A  3970A  -2.428   0.1364      Ca B 6.770m  -4.312   0.0018      C  1  1112A  -3.044   0.0331            
 nFnu 10.46m  -2.070   0.3113      Ca A  3889A  -2.549   0.1034      Ca B 6.290m  -4.372   0.0016      C  1  1115A  -3.084   0.0301            
 nInu 10.46m  -1.140   2.6493      Ca A  3835A  -2.647   0.0825      Ca B 5.955m  -4.425   0.0014      C  1  1162A  -3.157   0.0255            
 nFnu 9.480m  -2.032   0.3397      Ca A  3798A  -2.729   0.0682      Ca B 5.710m  -4.476   0.0012      C  1  1167A  -3.309   0.0179            
 nInu 9.480m  -1.136   2.6732      Ca A  3771A  -2.797   0.0583      Ca B 5.524m  -4.528   0.0011      C  1  1104A  -3.235   0.0213            
 nFnu 9.325m  -2.026   0.3441      Ca A  3750A  -2.851   0.0516      Ca B 27.80m  -4.257   0.0020      C  1  1109A  -3.249   0.0206            
 nInu 9.325m  -1.132   2.6963      Ca A  3734A  -2.891   0.0470      Ca B 16.20m  -4.336   0.0017      C  1  1130A  -3.441   0.0132            
 nFnu 8.210m  -1.968   0.3938      Ca A  3722A  -2.924   0.0435      Ca B 12.38m  -4.418   0.0014      C  1  1098A  -3.382   0.0152            
 nInu 8.210m  -1.087   2.9947      Ca A  3712A  -2.957   0.0403      Ca B 10.50m  -4.488   0.0012      C  1  1132A  -3.405   0.0144            
 nFnu 7.580m  -1.940   0.4198      Ca A  3704A  -2.994   0.0371      Ca B 9.389m  -4.547   0.0010      C  1  1106A  -3.462   0.0126            
 nInu 7.580m  -1.046   3.2863      Ca A  3697A  -3.034   0.0338      Ca B 38.86m  -4.526   0.0011      C  1  1093A  -3.562   0.0100            
 nFnu 7.050m  -1.901   0.4596      Ca A  3692A  -3.078   0.0305      H  1     0   -4.047   0.0033      C  1  1110A  -3.620   0.0088            
 nInu 7.050m  -1.004   3.6229      Ca A  3687A  -3.124   0.0274      H  1  1216A  -0.025  34.4963      C  1  1114A  -3.638   0.0084            
 nFnu 4.114m  -1.700   0.7290      Ca A  3683A  -3.173   0.0246      H  1  1026A  -2.373   0.1548      C  1  1115A  -3.647   0.0082            
 nInu 4.114m  -0.482  12.0389      Ca A  3679A  -3.222   0.0219      H  1 972.5A  -2.770   0.0621      C  1  1090A  -3.691   0.0074            
 nFnu 2.324m  -1.608   0.9016      Ca A  3676A  -3.272   0.0196      H  1 949.7A  -2.776   0.0612      C  1  1104A  -3.817   0.0056            
 nInu 2.324m   0.117  47.8755      Ca A  3674A  -3.321   0.0174      H  1 937.8A  -3.010   0.0357      C  1  1104A  -3.825   0.0055            
 nFnu 1.643m  -1.566   0.9939      Ca A  3671A  -3.371   0.0156      H  1 930.8A  -3.163   0.0251      C  1  1098A  -3.975   0.0039            
 nInu 1.643m   0.518 120.4829      Ca A 1.875m  -2.112   0.2823      H  1 926.2A  -3.237   0.0212      C  1  1097A  -3.992   0.0037            
 nFnu 1.480m  -1.422   1.3819      Ca A 1.282m  -2.424   0.1379      H  1 923.2A  -3.249   0.0206      C  1  1093A  -4.173   0.0025            
 nInu 1.480m   0.582 139.7284      Ca A 1.094m  -2.673   0.0777      H  1 921.0A  -3.235   0.0213      C  1  1093A  -4.184   0.0024            
 nFnu 1.436m  -1.173   2.4523      Ca A 1.005m  -2.865   0.0499      H  1  6563A  -1.111   2.8325      C  1  1090A  -4.307   0.0018            
 nInu 1.436m   0.607 147.8342      Ca A  9546A  -3.013   0.0355      H  1  4861A  -1.563   1.0000      C  1  1090A  -4.320   0.0017            
 nFnu 1.119m  -0.964   3.9701      Ca A  9229A  -3.130   0.0271      H  1  4340A  -1.827   0.5448      C  2 892.8A  -3.994   0.0037            
 nInu 1.119m   0.774 217.2434      Ca A  9015A  -3.224   0.0218      H  1  4102A  -2.021   0.3486      C  2 688.8A  -4.498   0.0012            
 nFnu  8330A  -0.928   4.3182      Ca A  8863A  -3.300   0.0183      H  1  3970A  -2.185   0.2389      C  2  1020A  -3.139   0.0265            
 nInu  8330A   0.931 311.5682      Ca A  8750A  -3.357   0.0160      H  1  3889A  -2.316   0.1766      N  1 942.3A  -3.388   0.0150            
 nFnu  8079A  -0.673   7.7688      Ca A  8665A  -3.400   0.0145      H  1  3835A  -2.400   0.1454      N  1 952.1A  -3.357   0.0161            
 nInu  8079A   0.956 330.6242      Ca A  8598A  -3.435   0.0134      H  1  3798A  -2.429   0.1362      N  1  1131A  -3.416   0.0140            
 nFnu  6210A  -0.958   4.0272      Ca A  8545A  -3.469   0.0124      H  1 1.875m  -2.062   0.3171      O  1 867.3A  -3.951   0.0041            
 nInu  6210A   1.143 508.0158      Ca A  8502A  -3.506   0.0114      H  1 1.282m  -2.329   0.1712      O  1 787.5A  -4.087   0.0030            
 nFnu  4885A  -1.358   1.6028      Ca A  8467A  -3.547   0.0104      H  1 1.094m  -2.535   0.1066      O  1 976.8A  -3.141   0.0264            
 nInu  4885A   1.293 718.2227      Ca A  8438A  -3.591   0.0094      H  1 1.005m  -2.702   0.0726      O  1 767.7A  -4.371   0.0016            
 nFnu  3704A  -2.033   0.3385      Ca A  8413A  -3.638   0.0084      H  1  9546A  -2.833   0.0537      O  1 969.0A  -3.025   0.0345            
 nInu  3704A   1.394 905.3685      Ca A  8392A  -3.686   0.0075      H  1  9229A  -2.917   0.0443      O  1 946.4A  -3.268   0.0197            
 nFnu  3588A  -0.191  23.5681      Ca A  8374A  -3.735   0.0067      H  1  9015A  -2.944   0.0415      O  1 934.5A  -3.558   0.0101            
 nInu  3588A   1.393 904.4395      Ca A  8359A  -3.785   0.0060      H  1 4.051m  -2.719   0.0698      O  1 973.6A  -3.808   0.0057            
 nFnu  2430A  -1.987   0.3763      Ca A  8346A  -3.835   0.0053      H  1 2.625m  -2.912   0.0447      O  1 927.5A  -3.803   0.0058            
 nInu  2430A   1.6661693.6490      Ca A  8334A  -3.884   0.0048      H  1 2.166m  -3.076   0.0307      O  1 948.5A  -3.812   0.0056            
 nFnu  2392A  -2.072   0.3096      Ca A 4.051m  -2.735   0.0672      H  1 1.945m  -3.205   0.0228      O  1 923.0A  -4.036   0.0034            
 nInu  2392A   1.6711712.1964      Ca A 2.625m  -2.977   0.0385      H  1 1.817m  -3.288   0.0188      O  1 919.9A  -4.282   0.0019            
 nFnu  2071A  -2.379   0.1529      Ca A 2.166m  -3.184   0.0239      H  1 1.736m  -3.314   0.0177      O  1 935.7A  -4.143   0.0026            
 nInu  2071A   1.7722164.2786      Ca A 1.945m  -3.348   0.0164      H  1 7.458m  -3.239   0.0211      O  1 917.7A  -4.411   0.0014            
 nFnu  2053A  -2.442   0.1322      Ca A 1.817m  -3.477   0.0122      H  1 4.653m  -3.378   0.0153      O  1 918.7A  -4.519   0.0011            
 nInu  2053A   1.7682142.3069      Ca A 1.736m  -3.579   0.0096      H  1 3.740m  -3.500   0.0116      O  1 928.2A  -4.411   0.0014            
 nFnu  1793A  -3.223   0.0219      Ca A 1.681m  -3.659   0.0080      H  1 3.296m  -3.579   0.0096      Ne 1 688.6A  -4.444   0.0013            
 nInu  1793A   1.8562624.4353      Ca A 1.641m  -3.720   0.0070      H  1 3.038m  -3.604   0.0091      Al 2  1671A  -3.072   0.0310            
 nFnu  1585A  -2.991   0.0373      Ca A 1.611m  -3.765   0.0063      H  1 12.37m  -3.655   0.0081      Si 1  1261A  -3.252   0.0205            
 nInu  1585A   1.8492581.6096      Ca A 1.588m  -3.801   0.0058      H  1 7.500m  -3.751   0.0065      Si 1  1853A  -3.358   0.0160            
 nFnu  1458A  -1.898   0.4620      Ca A 1.570m  -3.835   0.0053      H  1 5.907m  -3.823   0.0055      Si 1  1694A  -3.492   0.0118            
 nInu  1458A   1.9503257.4800      Ca A 1.556m  -3.873   0.0049      H  1 5.127m  -3.845   0.0052      Si 1  1626A  -3.747   0.0065            
 nFnu  1357A  -2.552   0.1024      Ca A 1.544m  -3.914   0.0045      H  1 19.06m  -3.993   0.0037      Si 1  1091A  -3.763   0.0063            
 nInu  1357A   2.0133768.6328      Ca A 1.534m  -3.958   0.0040      H  1 11.31m  -4.038   0.0033      Si 1  2000A  -3.946   0.0041            
 nFnu  1297A  -2.877   0.0485      Ca A 1.526m  -4.005   0.0036      H  1 8.758m  -4.052   0.0032      Si 1  1591A  -3.962   0.0040            
 nInu  1297A   1.9843523.8030      Ca A 1.519m  -4.053   0.0032      H  1 27.80m  -4.254   0.0020      Si 1  1668A  -4.101   0.0029            
 nFnu  1263A  -2.862   0.0502      Ca A 1.513m  -4.102   0.0029      H  1 16.20m  -4.241   0.0021      Si 1  1570A  -4.203   0.0023            
 nInu  1263A   2.0113752.6306      Ca A 1.508m  -4.152   0.0026      H  1 38.86m  -4.436   0.0013      Si 1  1616A  -4.185   0.0024            
 nFnu  1218A  -0.510  11.2861      Ca A 1.504m  -4.202   0.0023      He-like iso-sequence........      Si 1  1834A  -4.176   0.0024            
 nInu  1218A   1.8792769.2793      Ca A 1.500m  -4.251   0.0020      Hlin 506.0A  -4.459   0.0013      Si 1  1557A  -4.403   0.0014            
 nFnu  1196A  -1.427   1.3663      Ca A 7.458m  -3.250   0.0205      Ca B 1.083m  -3.848   0.0052      Si 1  1586A  -4.417   0.0014            
 nInu  1196A   1.9433203.5037      Ca A 4.653m  -3.445   0.0131      He 1     0   -3.330   0.0171      Si 1  1019A  -4.533   0.0011            
 nFnu  1175A  -1.594   0.9305      Ca A 3.740m  -3.614   0.0089      He 1 584.3A  -3.566   0.0099      Si 1  1768A  -4.545   0.0010            
 nInu  1175A   1.8232430.7124      Ca A 3.296m  -3.750   0.0065      He 1 537.0A  -4.286   0.0019      Si 1  1682A  -4.541   0.0011            
 nFnu  1144A  -1.926   0.4333      Ca A 3.038m  -3.857   0.0051      He 1 522.2A  -4.285   0.0019      Si 2  1180A  -2.838   0.0531            
 nInu  1144A   2.0504101.9365      Ca A 2.872m  -3.940   0.0042      He 1 515.6A  -4.302   0.0018      Si 2 993.4A  -3.247   0.0207            
 nFnu  1113A  -2.203   0.2288      Ca A 2.758m  -4.003   0.0036      He 1 512.1A  -4.324   0.0017      Si 2  1024A  -4.077   0.0031            
 nInu  1113A   2.0363967.6052      Ca A 2.674m  -4.049   0.0033      TOTL 1.083m  -4.015   0.0035      S  1  1356A  -3.649   0.0082            
 nFnu  1103A  -1.370   1.5606      Ca A 2.612m  -4.086   0.0030      He 1 1.083m  -4.015   0.0035      S  1  1227A  -3.815   0.0056            
 nInu  1103A   2.0604192.8569      Ca A 2.564m  -4.121   0.0028      He 1 1.083m  -4.492   0.0012      S  1  1662A  -3.901   0.0046            
 nFnu  1074A  -1.674   0.7736      Ca A 2.525m  -4.159   0.0025      He 1 1.083m  -4.271   0.0020      S  1  1392A  -4.293   0.0019            
 nInu  1074A   2.0514108.7173      Ca A 2.495m  -4.200   0.0023      Pho+  3889A  -2.409   0.1425      S  1  1015A  -4.463   0.0013            
 nFnu  1064A  -1.798   0.5825      Ca A 2.469m  -4.244   0.0021      database lines..............      S  1  1265A  -4.368   0.0016            
 nInu  1064A   2.0323933.9731      Ca A 2.448m  -4.291   0.0019      level 1 lines...............      S  1  1113A  -4.555   0.0010            
 nFnu  1036A  -2.106   0.2862      Ca A 2.431m  -4.339   0.0017      C  1  1656A  -2.522   0.1099      S  2 750.3A  -4.287   0.0019            
 nInu  1036A   1.9893560.3916      Ca A 2.416m  -4.388   0.0015      REC   1656A  -3.019   0.0350      S  2 888.4A  -4.536   0.0011            
 nFnu  1000A  -2.522   0.1098      Ca A 2.403m  -4.438   0.0013      C Ic  9850A  -3.112   0.0282      Ar 1  1096A  -3.602   0.0091            
 nInu  1000A   1.9853534.3972      Ca A 2.392m  -4.488   0.0012      TOTL  9850A  -3.112   0.0282      Ar 1 922.5A  -4.410   0.0014            
 nFnu 925.1A  -2.486   0.1195      Ca A 2.382m  -4.537   0.0011      C  1  8727A  -1.939   0.4203      Ar 1 918.5A  -4.554   0.0010            
 nInu 925.1A   1.7442029.0112      Ca A 12.37m  -3.689   0.0075      TOTL  2326A  -4.098   0.0029      P  2 967.2A  -4.547   0.0010            
 nFnu 897.8A   0.624 153.6193      Ca A 7.500m  -3.842   0.0053      C  2  2327A  -4.364   0.0016      P  2 963.8A  -4.102   0.0029            
 nInu 897.8A   0.116  47.7162      Ca A 5.907m  -3.978   0.0038      C  2  1335A  -3.007   0.0359      Ti 2  3366A  -3.299   0.0184            
 nFnu 760.0A  -2.145   0.2619      Ca A 5.127m  -4.087   0.0030      N  1 953.9A  -3.344   0.0166      Ti 2  3238A  -3.637   0.0084            
 nInu 760.0A   0.252  65.3204      Ca A 4.671m  -4.172   0.0025      N  1 954.1A  -4.211   0.0023      Cr 1  4271A  -3.592   0.0093            
 nFnu 701.5A  -3.300   0.0183      Ca A 4.375m  -4.236   0.0021      N  1  1200A  -2.743   0.0661      Cr 1  3591A  -3.706   0.0072            
 nInu 701.5A   0.191  56.7548      Ca A 4.170m  -4.283   0.0019      N  1  3466A  -4.554   0.0010      Mn 2  2590A  -3.678   0.0077            
 nInu 608.2A   0.141  50.6162      Ca A 4.020m  -4.320   0.0017      TOTL  3467A  -4.475   0.0012      Ni 2  1752A  -4.325   0.0017            
 nFnu 575.1A  -3.649   0.0082      Ca A 3.906m  -4.356   0.0016      N  1 1.040m  -4.056   0.0032      Ni 2  1744A  -4.132   0.0027            
 nInu 575.1A   0.160  52.8948      Ca A 3.818m  -4.393   0.0015      N  1 1.041m  -4.405   0.0014      Ni 2  1473A  -4.489   0.0012            
 nInu 511.9A   0.042  40.2224      Ca A 3.748m  -4.435   0.0013      N  1 1.041m  -4.422   0.0014      Ni 2  1376A  -4.156   0.0026            
 nFnu 496.9A  -2.271   0.1958      Ca A 3.692m  -4.479   0.0012      TOTL 1.040m  -3.722   0.0069      Ni 2  1324A  -4.076   0.0031            
 nInu 496.9A  -0.733   6.7567      Ca A 3.645m  -4.525   0.0011      O  1  6300A  -2.264   0.1991      hyperfine structure.........            
 nInu 399.2A  -0.748   6.5324      Ca A 19.06m  -4.064   0.0032      O  1  6363A  -2.760   0.0635      inner shell.................            
 RRC.........................      Ca A 11.31m  -4.179   0.0024      O  1  5577A  -3.758   0.0064      molecules...................            
 H  1 911.8A  -0.807   5.7043      Ca A 8.758m  -4.286   0.0019      O  1 63.17m  -3.903   0.0046      H2dH     0   -4.286   0.0019            
 H  1  3646A  -1.646   0.8249      Ca A 7.506m  -4.371   0.0016      Na 1  5892A  -1.999   0.3660      H2vH     0   -2.085   0.3004            
 H  1  3646A  -1.249   2.0601      Ca A 6.770m  -4.435   0.0013      Mg 1  4561A  -4.033   0.0034      H-FB     0   -1.419   1.3945            
 H  1  8204A  -2.417   0.1401      Ca A 6.290m  -4.482   0.0012      Mg 1  2853A  -3.303   0.0182      H-FF     0   -1.527   1.0857            
 H  1  8204A  -1.967   0.3945      Ca A 5.955m  -4.520   0.0011      Mg 1  2026A  -4.264   0.0020      H-CT  6563A  -1.266   1.9808            
 H  1  8204A  -1.986   0.3774      Ca A 5.710m  -4.555   0.0010      TOTL  2798A  -1.659   0.8013      H2+      0   -1.672   0.7784            
 H  1 1.458m  -2.944   0.0415      Ca A 27.80m  -4.383   0.0015      Mg 2  2796A  -1.845   0.5223            

                                                    Emergent line intensities
 general properties..........      RRC.........................      Ca B  8374A  -3.714   0.0071      S  2  6720A  -4.403   0.0014            
 TOTL  4861A  -1.563   1.0000      grains......................      Ca B  8359A  -3.768   0.0062      S  2  4074A  -3.293   0.0186            
 TOTL  1216A  -0.025  34.4870      H-like iso-sequence.........      Ca B  8346A  -3.821   0.0055      S  2 1.033m  -3.487   0.0119            
 continua....................      Hlin 912.0A  -3.596   0.0093      Ca B  8334A  -3.873   0.0049      S II  6731A  -4.561   0.0010            
 Bac   3646A  -0.143  26.3100      Ca B  1216A  -0.058  31.9813      Ca B 4.051m  -2.646   0.0827      S II  4070A  -3.374   0.0154            
 nFnu  3645A  -0.138  26.6186      Q(H)  4861A  -1.244   2.0864      Ca B 2.625m  -2.867   0.0496      S II  4078A  -4.063   0.0032            
 nFnu  3647A  -2.074   0.3086      Q(H)  1216A   0.213  59.7279      Ca B 2.166m  -3.053   0.0324      S II 1.032m  -3.865   0.0050            
 cout  3646A  -0.444  13.1550      CaBo  4861A  -3.203   0.0229      Ca B 1.945m  -3.203   0.0229      S II 1.029m  -4.001   0.0037            
 cref  3646A  -0.444  13.1550      Ca A  1216A  -0.155  25.5614      Ca B 1.817m  -3.327   0.0172      S II 1.037m  -4.522   0.0011            
 thin  3646A  -0.143  26.3100      Ca A  1026A  -0.866   4.9758      Ca B 1.736m  -3.431   0.0135      S II 1.034m  -4.225   0.0022            
 Inci  4860A   1.273 685.3036      Ca A 972.5A  -1.239   2.1092      Ca B 1.681m  -3.518   0.0111      S  2  1256A  -4.023   0.0035            
 Inci  1215A   1.8812780.4480      Ca A 949.7A  -1.470   1.2380      Ca B 1.641m  -3.590   0.0094      Cl 2  8579A  -3.589   0.0094            
 FIR  83.00m  -0.457  12.7691      Ca A 937.8A  -1.608   0.9009      Ca B 1.611m  -3.650   0.0082      Cl 2  9124A  -4.167   0.0025            
 TIR   1800m  -2.724   0.0691      Ca A 930.8A  -1.695   0.7379      Ca B 1.588m  -3.703   0.0072      K  1  7676A  -2.389   0.1491            
 NIRa 2.850m   0.865 268.1428      Ca A 926.2A  -1.766   0.6271      Ca B 1.570m  -3.755   0.0064      Ca 1  4228A  -1.760   0.6345            
 NIRb 3.000m   0.580 139.1167      Ca A 923.2A  -1.832   0.5379      Ca B 1.556m  -3.807   0.0057      Ca 2  3933A  -1.526   1.0875            
 MIRa 15.00m  -0.769   6.2192      Ca A 921.0A  -1.896   0.4650      Ca B 1.544m  -3.861   0.0050      Ca 2  8579A  -3.003   0.0363            
 MIRb 22.50m  -0.630   8.5786      Ca A 919.4A  -1.952   0.4082      Ca B 1.534m  -3.916   0.0044      Ca 2  7306A  -1.893   0.4674            
 NMIR 21.75m   0.865 268.1428      Ca A 918.1A  -1.999   0.3663      Ca B 1.526m  -3.971   0.0039      Ca2K  3934A  -1.710   0.7119            
 TFIR 611.2m  -0.969   3.9227      Ca A 917.2A  -2.036   0.3367      Ca B 1.519m  -4.026   0.0034      Ca2H  3969A  -1.988   0.3756            
 TALL 10000A   2.0554149.3359      Ca A 916.4A  -2.067   0.3133      Ca B 1.513m  -4.081   0.0030      Ca2X  8498A  -4.166   0.0025            
 F12  12.00m  -1.314   1.7730      Ca A 915.8A  -2.099   0.2912      Ca B 1.508m  -4.135   0.0027      Ca2Y  8542A  -3.209   0.0226            
 F25  25.00m  -1.290   1.8736      Ca A 915.3A  -2.134   0.2683      Ca B 1.504m  -4.188   0.0024      Ca2Z  8662A  -3.515   0.0112            
 F60  60.00m  -0.855   5.1066      Ca A 914.9A  -2.174   0.2446      Ca B 1.500m  -4.240   0.0021      CaF1  7291A  -2.113   0.2817            
 F100 100.0m  -1.044   3.2993      Ca A 914.6A  -2.218   0.2213      Ca B 7.458m  -3.156   0.0255      CaF2  7324A  -2.294   0.1856            
 MIPS 24.00m  -1.601   0.9169      Ca A 914.3A  -2.264   0.1989      Ca B 4.653m  -3.329   0.0171      Fe 2  4300A  -1.927   0.4326            
 MIPS 70.00m  -1.213   2.2385      Ca A 914.0A  -2.312   0.1781      Ca B 3.740m  -3.481   0.0121      Fe 2  2400A  -1.898   0.4627            
 MIPS 160.0m  -1.440   1.3261      Ca A 913.8A  -2.362   0.1590      Ca B 3.296m  -3.609   0.0090      Fe 2 25.98m  -3.603   0.0091            
 IRAC 3.600m  -0.943   4.1682      Ca A 913.6A  -2.411   0.1418      Ca B 3.038m  -3.715   0.0070      Fe 2 1.257m  -3.032   0.0339            
 IRAC 4.500m  -1.204   2.2854      Ca A 913.5A  -2.461   0.1264      Ca B 2.872m  -3.803   0.0057      Fe 2 35.34m  -4.023   0.0035            
 IRAC 5.800m  -1.404   1.4414      Ca A 913.3A  -2.511   0.1128      Ca B 2.758m  -3.876   0.0049      Fe 2 1.321m  -3.610   0.0090            
 IRAC 8.000m  -1.432   1.3531      Ca A  6563A  -1.303   1.8212      Ca B 2.674m  -3.936   0.0042      Fe 2 1.249m  -4.270   0.0020            
 SPR1 250.0m  -1.860   0.5040      Ca A  4861A  -1.742   0.6622      Ca B 2.612m  -3.990   0.0037      Fe 2  7638A  -3.630   0.0086            
 SPR2 350.0m  -2.293   0.1862      Ca A  4340A  -2.051   0.3250      Ca B 2.564m  -4.041   0.0033      Fe 2 1.372m  -3.834   0.0054            
 SPR3 500.0m  -2.674   0.0775      Ca A  4102A  -2.270   0.1963      Ca B 2.525m  -4.094   0.0029      Fe 2 1.294m  -3.602   0.0091            
 PAC1 70.00m  -1.151   2.5824      Ca A  3970A  -2.428   0.1364      Ca B 2.495m  -4.147   0.0026      Fe 2  7687A  -3.825   0.0055            
 PAC2 100.0m  -1.040   3.3371      Ca A  3889A  -2.549   0.1034      Ca B 2.469m  -4.202   0.0023      Fe 2 1.328m  -3.848   0.0052            
 PAC3 160.0m  -1.183   2.3970      Ca A  3835A  -2.647   0.0825      Ca B 2.448m  -4.257   0.0020      Fe 2 1.279m  -3.718   0.0070            
 PAH  3.300m  -1.725   0.6890      Ca A  3798A  -2.729   0.0682      Ca B 2.431m  -4.312   0.0018      Fe 2  7665A  -4.195   0.0023            
 PAHC 3.230m  -1.992   0.3722      Ca A  3771A  -2.797   0.0583      Ca B 2.416m  -4.367   0.0016      Fe 2 1.298m  -4.082   0.0030            
 PAHC 3.370m  -2.069   0.3121      Ca A  3750A  -2.851   0.0516      Ca B 2.403m  -4.421   0.0014      Fe 2 1.270m  -3.906   0.0045            
 PAH  6.200m  -1.944   0.4157      Ca A  3734A  -2.891   0.0470      Ca B 2.392m  -4.474   0.0012      Fe 2 17.93m  -3.285   0.0190            
 PAHC 5.650m  -1.854   0.5115      Ca A  3722A  -2.924   0.0435      Ca B 2.382m  -4.526   0.0011      Fe 2 1.644m  -3.105   0.0287            
 PAH  7.900m  -1.882   0.4792      Ca A  3712A  -2.957   0.0403      Ca B 12.37m  -3.583   0.0095      Fe 2 1.533m  -3.547   0.0104            
 PAHC 6.900m  -1.771   0.6189      Ca A  3704A  -2.994   0.0371      Ca B 7.500m  -3.718   0.0070      Fe 2  8617A  -3.051   0.0325            
 PAH  11.30m  -2.521   0.1102      Ca A  3697A  -3.034   0.0338      Ca B 5.907m  -3.843   0.0052      Fe 2 24.51m  -3.766   0.0063            
 PAHC 10.90m  -2.521   0.1101      Ca A  3692A  -3.078   0.0305      Ca B 5.127m  -3.950   0.0041      Fe 2 1.809m  -3.808   0.0057            
 PAH  11.80m  -2.310   0.1792      Ca A  3687A  -3.124   0.0274      Ca B 4.671m  -4.038   0.0033      Fe 2 1.677m  -3.686   0.0075            
 PAHC 12.65m  -2.303   0.1819      Ca A  3683A  -3.173   0.0246      Ca B 4.375m  -4.111   0.0028      Fe 2 1.599m  -3.657   0.0081            
 PAH  13.30m  -2.286   0.1892      Ca A  3679A  -3.222   0.0219      Ca B 4.170m  -4.171   0.0025      Fe 2  9052A  -3.710   0.0071            
 PAHC 14.10m  -2.300   0.1831      Ca A  3676A  -3.272   0.0196      Ca B 4.020m  -4.225   0.0022      Fe 2  8892A  -3.468   0.0124            
 Bcon  3640A   1.9623346.2402      Ca A  3674A  -3.321   0.0174      Ca B 3.906m  -4.276   0.0019      Fe 2 1.800m  -3.858   0.0051            
 Pcon  5000A   1.165 534.2331      Ca A  3671A  -3.371   0.0156      Ca B 3.818m  -4.329   0.0017      Fe 2 1.711m  -4.239   0.0021            
 nFnu 122.4m  -3.178   0.0242      Ca A 1.875m  -2.112   0.2823      Ca B 3.748m  -4.382   0.0015      Fe 2 1.664m  -3.947   0.0041            
 nInu 122.4m  -0.631   8.5539      Ca A 1.282m  -2.424   0.1379      Ca B 3.692m  -4.437   0.0013      Fe 2  9399A  -4.486   0.0012            
 nFnu 60.83m  -2.880   0.0482      Ca A 1.094m  -2.673   0.0777      Ca B 3.645m  -4.492   0.0012      Fe 2  9227A  -3.724   0.0069            
 nInu 60.83m  -0.678   7.6735      Ca A 1.005m  -2.865   0.0499      Ca B 3.606m  -4.547   0.0010      Fe 2  9033A  -3.944   0.0042            
 nFnu 41.22m  -2.692   0.0743      Ca A  9546A  -3.013   0.0355      Ca B 19.06m  -3.946   0.0041      Fe 2 1.797m  -4.012   0.0036            
 nInu 41.22m  -0.789   5.9353      Ca A  9229A  -3.130   0.0271      Ca B 11.31m  -4.050   0.0033      Fe 2 1.745m  -4.255   0.0020            
 nFnu 30.87m  -2.560   0.1006      Ca A  9015A  -3.224   0.0218      Ca B 8.758m  -4.152   0.0026      Fe 2  9471A  -4.290   0.0019            
 nInu 30.87m  -0.887   4.7440      Ca A  8863A  -3.300   0.0183      Ca B 7.506m  -4.239   0.0021      Fe 2  9268A  -3.838   0.0053            
 nFnu 24.78m  -2.460   0.1269      Ca A  8750A  -3.357   0.0160      Ca B 6.770m  -4.312   0.0018      Fe 2 1.811m  -4.506   0.0011            
 nInu 24.78m  -0.962   3.9919      Ca A  8665A  -3.400   0.0145      Ca B 6.290m  -4.372   0.0016      Fe2b  7000A  -3.330   0.0171            
 nFnu 24.30m  -2.451   0.1294      Ca A  8598A  -3.435   0.0134      Ca B 5.955m  -4.425   0.0014      Fe2b 10000A  -2.197   0.2323            
 nInu 24.30m  -0.969   3.9297      Ca A  8545A  -3.469   0.0124      Ca B 5.710m  -4.476   0.0012      Fe2b  7445A  -3.330   0.0171            
 nFnu 22.83m  -2.422   0.1383      Ca A  8502A  -3.506   0.0114      Ca B 5.524m  -4.528   0.0011      Fe2b  8625A  -2.716   0.0704            
 nInu 22.83m  -0.989   3.7490      Ca A  8467A  -3.547   0.0104      Ca B 27.80m  -4.257   0.0020      Fe2b 1.033m  -4.290   0.0019            
 nFnu 21.42m  -2.394   0.1476      Ca A  8438A  -3.591   0.0094      Ca B 16.20m  -4.336   0.0017      Fe2b 1.889m  -3.236   0.0212            
 nInu 21.42m  -1.011   3.5626      Ca A  8413A  -3.638   0.0084      Ca B 12.38m  -4.418   0.0014      Fe 2  1786A  -2.935   0.0425            
 nFnu 21.12m  -2.387   0.1498      Ca A  8392A  -3.686   0.0075      Ca B 10.50m  -4.488   0.0012      recombination...............            
 nInu 21.12m  -1.016   3.5209      Ca A  8374A  -3.735   0.0067      Ca B 9.389m  -4.547   0.0010      C  1 1.069m  -4.059   0.0032            
 nFnu 19.62m  -2.354   0.1619      Ca A  8359A  -3.785   0.0060      Ca B 38.86m  -4.526   0.0011      O  1  1357A  -3.856   0.0051            
 nInu 19.62m  -1.037   3.3564      Ca A  8346A  -3.835   0.0053      H  1  1216A  -0.025  34.4870      C  1  1140A  -2.865   0.0499            
 nFnu 17.65m  -2.302   0.1822      Ca A  8334A  -3.884   0.0048      H  1  1026A  -2.373   0.1548      O  1  7950A  -4.422   0.0014            
 nInu 17.65m  -1.055   3.2206      Ca A 4.051m  -2.735   0.0672      H  1 972.5A  -2.770   0.0620      level2 lines................            
 nFnu 17.37m  -2.296   0.1849      Ca A 2.625m  -2.977   0.0385      H  1 949.7A  -2.776   0.0612      C  1 943.9A  -2.704   0.0723            
 nInu 17.37m  -1.057   3.2025      Ca A 2.166m  -3.184   0.0239      H  1 937.8A  -3.011   0.0357      C  1  1248A  -2.643   0.0831            
 nFnu 15.69m  -2.254   0.2037      Ca A 1.945m  -3.348   0.0164      H  1 930.8A  -3.163   0.0251      C  1 841.0A  -4.392   0.0015            
 nInu 15.69m  -1.074   3.0845      Ca A 1.817m  -3.477   0.0122      H  1 926.2A  -3.237   0.0212      C  1  1561A  -2.857   0.0508            
 nFnu 14.60m  -2.219   0.2205      Ca A 1.736m  -3.579   0.0096      H  1 923.2A  -3.249   0.0206      C  1  1315A  -2.694   0.0740            
 nInu 14.60m  -1.085   3.0044      Ca A 1.681m  -3.659   0.0080      H  1 921.0A  -3.235   0.0213      C  1  1166A  -2.799   0.0581            
 nFnu 12.43m  -2.145   0.2616      Ca A 1.641m  -3.720   0.0070      H  1  6563A  -1.111   2.8325      C  1  1233A  -2.777   0.0611            
 nInu 12.43m  -1.112   2.8239      Ca A 1.611m  -3.765   0.0063      H  1  4861A  -1.563   1.0000      C  1  1132A  -2.953   0.0407            
 nFnu 11.40m  -2.112   0.2827      Ca A 1.588m  -3.801   0.0058      H  1  4340A  -1.827   0.5448      C  1  1251A  -2.960   0.0401            
 nInu 11.40m  -1.126   2.7352      Ca A 1.570m  -3.835   0.0053      H  1  4102A  -2.021   0.3486      C  1  1112A  -3.044   0.0330            
 nFnu 10.46m  -2.070   0.3113      Ca A 1.556m  -3.873   0.0049      H  1  3970A  -2.185   0.2389      C  1  1115A  -3.084   0.0301            
 nInu 10.46m  -1.140   2.6493      Ca A 1.544m  -3.914   0.0045      H  1  3889A  -2.316   0.1766      C  1  1162A  -3.157   0.0255            
 nFnu 9.480m  -2.032   0.3397      Ca A 1.534m  -3.958   0.0040      H  1  3835A  -2.400   0.1454      C  1  1167A  -3.310   0.0179            
 nInu 9.480m  -1.136   2.6732      Ca A 1.526m  -4.005   0.0036      H  1  3798A  -2.429   0.1362      C  1  1104A  -3.237   0.0212            
 nFnu 9.325m  -2.026   0.3441      Ca A 1.519m  -4.053   0.0032      H  1 1.875m  -2.062   0.3171      C  1  1109A  -3.249   0.0206            
 nInu 9.325m  -1.132   2.6963      Ca A 1.513m  -4.102   0.0029      H  1 1.282m  -2.329   0.1712      C  1  1130A  -3.441   0.0132            
 nFnu 8.210m  -1.968   0.3938      Ca A 1.508m  -4.152   0.0026      H  1 1.094m  -2.535   0.1066      C  1  1098A  -3.384   0.0151            
 nInu 8.210m  -1.087   2.9947      Ca A 1.504m  -4.202   0.0023      H  1 1.005m  -2.702   0.0726      C  1  1132A  -3.405   0.0144            
 nFnu 7.580m  -1.940   0.4198      Ca A 1.500m  -4.251   0.0020      H  1  9546A  -2.833   0.0537      C  1  1106A  -3.462   0.0126            
 nInu 7.580m  -1.046   3.2863      Ca A 7.458m  -3.250   0.0205      H  1  9229A  -2.917   0.0443      C  1  1093A  -3.565   0.0100            
 nFnu 7.050m  -1.901   0.4596      Ca A 4.653m  -3.445   0.0131      H  1  9015A  -2.944   0.0415      C  1  1110A  -3.620   0.0088            
 nInu 7.050m  -1.004   3.6229      Ca A 3.740m  -3.614   0.0089      H  1 4.051m  -2.719   0.0698      C  1  1114A  -3.638   0.0084            
 nFnu 4.114m  -1.700   0.7290      Ca A 3.296m  -3.750   0.0065      H  1 2.625m  -2.912   0.0447      C  1  1115A  -3.648   0.0082            
 nInu 4.114m  -0.482  12.0389      Ca A 3.038m  -3.857   0.0051      H  1 2.166m  -3.076   0.0307      C  1  1090A  -3.693   0.0074            
 nFnu 2.324m  -1.608   0.9016      Ca A 2.872m  -3.940   0.0042      H  1 1.945m  -3.205   0.0228      C  1  1104A  -3.819   0.0055            
 nInu 2.324m   0.117  47.8755      Ca A 2.758m  -4.003   0.0036      H  1 1.817m  -3.288   0.0188      C  1  1104A  -3.827   0.0054            
 nFnu 1.643m  -1.566   0.9939      Ca A 2.674m  -4.049   0.0033      H  1 1.736m  -3.314   0.0177      C  1  1098A  -3.978   0.0038            
 nInu 1.643m   0.518 120.4831      Ca A 2.612m  -4.086   0.0030      H  1 7.458m  -3.239   0.0211      C  1  1097A  -3.994   0.0037            
 nFnu 1.480m  -1.422   1.3819      Ca A 2.564m  -4.121   0.0028      H  1 4.653m  -3.378   0.0153      C  1  1093A  -4.175   0.0024            
 nInu 1.480m   0.582 139.7286      Ca A 2.525m  -4.159   0.0025      H  1 3.740m  -3.500   0.0116      C  1  1093A  -4.186   0.0024            
 nFnu 1.436m  -1.173   2.4523      Ca A 2.495m  -4.200   0.0023      H  1 3.296m  -3.579   0.0096      C  1  1090A  -4.309   0.0018            
 nInu 1.436m   0.607 147.8344      Ca A 2.469m  -4.244   0.0021      H  1 3.038m  -3.604   0.0091      C  1  1090A  -4.322   0.0017            
 nFnu 1.119m  -0.964   3.9701      Ca A 2.448m  -4.291   0.0019      H  1 12.37m  -3.655   0.0081      C  2 892.8A  -4.408   0.0014            
 nInu 1.119m   0.774 217.2437      Ca A 2.431m  -4.339   0.0017      H  1 7.500m  -3.751   0.0065      C  2  1020A  -3.141   0.0264            
 nFnu  8330A  -0.928   4.3182      Ca A 2.416m  -4.388   0.0015      H  1 5.907m  -3.823   0.0055      N  1 942.3A  -3.390   0.0149            
 nInu  8330A   0.931 311.5686      Ca A 2.403m  -4.438   0.0013      H  1 5.127m  -3.845   0.0052      N  1 952.1A  -3.359   0.0160            
 nFnu  8079A  -0.673   7.7688      Ca A 2.392m  -4.488   0.0012      H  1 19.06m  -3.993   0.0037      N  1  1131A  -3.417   0.0140            
 nInu  8079A   0.956 330.6247      Ca A 2.382m  -4.537   0.0011      H  1 11.31m  -4.038   0.0033      O  1 867.3A  -4.242   0.0021            
 nFnu  6210A  -0.958   4.0272      Ca A 12.37m  -3.689   0.0075      H  1 8.758m  -4.052   0.0032      O  1 787.5A  -4.365   0.0016            
 nInu  6210A   1.143 508.0165      Ca A 7.500m  -3.842   0.0053      H  1 27.80m  -4.254   0.0020      O  1 976.8A  -3.142   0.0263            
 nFnu  4885A  -1.358   1.6028      Ca A 5.907m  -3.978   0.0038      H  1 16.20m  -4.241   0.0021      O  1 969.0A  -3.027   0.0344            
 nInu  4885A   1.293 718.2237      Ca A 5.127m  -4.087   0.0030      H  1 38.86m  -4.436   0.0013      O  1 946.4A  -3.270   0.0196            
 nFnu  3704A  -2.033   0.3385      Ca A 4.671m  -4.172   0.0025      He-like iso-sequence........      O  1 934.5A  -3.560   0.0101            
 nInu  3704A   1.394 905.3698      Ca A 4.375m  -4.236   0.0021      Hlin 506.0A  -4.459   0.0013      O  1 973.6A  -3.810   0.0057            
 nFnu  3588A  -0.191  23.5681      Ca A 4.170m  -4.283   0.0019      Ca B 1.083m  -3.848   0.0052      O  1 927.5A  -3.804   0.0057            
 nInu  3588A   1.393 904.4408      Ca A 4.020m  -4.320   0.0017      He 1 584.3A  -3.623   0.0087      O  1 948.5A  -3.814   0.0056            
 nFnu  2430A  -1.987   0.3763      Ca A 3.906m  -4.356   0.0016      He 1 537.0A  -4.299   0.0018      O  1 923.0A  -4.038   0.0034            
 nInu  2430A   1.6661693.6516      Ca A 3.818m  -4.393   0.0015      He 1 522.2A  -4.304   0.0018      O  1 919.9A  -4.284   0.0019            
 nFnu  2392A  -2.072   0.3096      Ca A 3.748m  -4.435   0.0013      He 1 515.6A  -4.330   0.0017      O  1 935.7A  -4.144   0.0026            
 nInu  2392A   1.6711712.1989      Ca A 3.692m  -4.479   0.0012      He 1 512.1A  -4.362   0.0016      O  1 917.7A  -4.413   0.0014            
 nFnu  2071A  -2.379   0.1529      Ca A 3.645m  -4.525   0.0011      TOTL 1.083m  -4.015   0.0035      O  1 918.7A  -4.521   0.0011            
 nInu  2071A   1.7722164.2817      Ca A 19.06m  -4.064   0.0032      He 1 1.083m  -4.015   0.0035      O  1 928.2A  -4.413   0.0014            
 nFnu  2053A  -2.442   0.1322      Ca A 11.31m  -4.179   0.0024      He 1 1.083m  -4.492   0.0012      Al 2  1671A  -3.072   0.0310            
 nInu  2053A   1.7682142.3101      Ca A 8.758m  -4.286   0.0019      He 1 1.083m  -4.271   0.0020      Si 1  1261A  -3.252   0.0205            
 nFnu  1793A  -3.223   0.0219      Ca A 7.506m  -4.371   0.0016      Pho+  3889A  -2.409   0.1425      Si 1  1853A  -3.358   0.0160            
 nInu  1793A   1.8562624.4392      Ca A 6.770m  -4.435   0.0013      database lines..............      Si 1  1694A  -3.492   0.0118            
 nFnu  1585A  -2.991   0.0373      Ca A 6.290m  -4.482   0.0012      level 1 lines...............      Si 1  1626A  -3.747   0.0065            
 nInu  1585A   1.8492581.6135      Ca A 5.955m  -4.520   0.0011      C  1  1656A  -2.522   0.1099      Si 1  1091A  -3.765   0.0063            
 nFnu  1458A  -1.898   0.4620      Ca A 5.710m  -4.555   0.0010      REC   1656A  -3.019   0.0350      Si 1  2000A  -3.946   0.0041            
 nInu  1458A   1.9503257.4846      Ca A 27.80m  -4.383   0.0015      C Ic  9850A  -3.112   0.0282      Si 1  1591A  -3.962   0.0040            
 nFnu  1357A  -2.552   0.1024      Ca A 16.20m  -4.466   0.0012      TOTL  9850A  -3.112   0.0282      Si 1  1668A  -4.101   0.0029            
 nInu  1357A   2.0133768.6382      Ca A 12.38m  -4.547   0.0010      C  1  8727A  -1.939   0.4203      Si 1  1570A  -4.203   0.0023            
 nFnu  1297A  -2.877   0.0485      Ca B  6563A  -1.073   3.0904      TOTL  2326A  -4.098   0.0029      Si 1  1616A  -4.185   0.0024            
 nInu  1297A   1.9843523.8081      Ca B  4861A  -1.516   1.1143      C  2  2327A  -4.364   0.0016      Si 1  1834A  -4.176   0.0024            
 nFnu  1263A  -2.862   0.0502      Ca B  4340A  -1.822   0.5501      C  2  1335A  -3.008   0.0359      Si 1  1557A  -4.403   0.0014            
 nInu  1263A   2.0113752.6360      Ca B  4102A  -2.044   0.3300      N  1 953.9A  -3.346   0.0165      Si 1  1586A  -4.417   0.0014            
 nFnu  1218A  -0.510  11.2861      Ca B  3970A  -2.212   0.2243      N  1 954.1A  -4.213   0.0022      Si 1  1019A  -4.535   0.0011            
 nInu  1218A   1.8792769.2834      Ca B  3889A  -2.347   0.1644      N  1  1200A  -2.743   0.0661      Si 1  1768A  -4.545   0.0010            
 nFnu  1196A  -1.427   1.3663      Ca B  3835A  -2.461   0.1265      N  1  3466A  -4.554   0.0010      Si 1  1682A  -4.541   0.0011            
 nInu  1196A   1.9433203.5083      Ca B  3798A  -2.559   0.1010      TOTL  3467A  -4.475   0.0012      Si 2  1180A  -2.838   0.0530            
 nFnu  1175A  -1.594   0.9305      Ca B  3771A  -2.642   0.0833      N  1 1.040m  -4.056   0.0032      Si 2 993.4A  -3.248   0.0206            
 nInu  1175A   1.8232430.7161      Ca B  3750A  -2.712   0.0710      N  1 1.041m  -4.405   0.0014      Si 2  1024A  -4.079   0.0030            
 nFnu  1144A  -1.926   0.4333      Ca B  3734A  -2.770   0.0620      N  1 1.041m  -4.422   0.0014      S  1  1356A  -3.649   0.0082            
 nInu  1144A   2.0504101.9429      Ca B  3722A  -2.823   0.0550      TOTL 1.040m  -3.722   0.0069      S  1  1227A  -3.816   0.0056            
 nFnu  1113A  -2.203   0.2288      Ca B  3712A  -2.874   0.0488      O  1  6300A  -2.264   0.1991      S  1  1662A  -3.901   0.0046            
 nInu  1113A   2.0363967.6111      Ca B  3704A  -2.927   0.0433      O  1  6363A  -2.760   0.0635      S  1  1392A  -4.293   0.0019            
 nFnu  1103A  -1.370   1.5607      Ca B  3697A  -2.980   0.0382      O  1  5577A  -3.758   0.0064      S  1  1015A  -4.465   0.0013            
 nInu  1103A   2.0604192.8633      Ca B  3692A  -3.035   0.0337      O  1 63.17m  -3.903   0.0046      S  1  1265A  -4.368   0.0016            
 nFnu  1074A  -1.674   0.7736      Ca B  3687A  -3.090   0.0297      Na 1  5892A  -1.999   0.3660      S  1  1113A  -4.555   0.0010            
 nInu  1074A   2.0514108.7231      Ca B  3683A  -3.145   0.0262      Mg 1  4561A  -4.033   0.0034      S  2 750.3A  -4.553   0.0010            
 nFnu  1064A  -1.798   0.5825      Ca B  3679A  -3.200   0.0230      Mg 1  2853A  -3.303   0.0182      Ar 1  1096A  -3.604   0.0091            
 nInu  1064A   2.0323933.9790      Ca B  3676A  -3.255   0.0203      Mg 1  2026A  -4.264   0.0020      Ar 1 922.5A  -4.411   0.0014            
 nFnu  1036A  -2.106   0.2862      Ca B  3674A  -3.308   0.0180      TOTL  2798A  -1.659   0.8013      Ar 1 918.5A  -4.556   0.0010            
 nInu  1036A   1.9893560.3970      Ca B  3671A  -3.360   0.0160      Mg 2  2796A  -1.845   0.5223      P  2 967.2A  -4.549   0.0010            
 nFnu  1000A  -2.522   0.1098      Ca B 1.875m  -2.007   0.3599      Mg 2  2803A  -2.117   0.2790      P  2 963.8A  -4.104   0.0029            
 nInu  1000A   1.9853534.4023      Ca B 1.282m  -2.301   0.1828      totl  2665A  -3.479   0.0121      Ti 2  3366A  -3.299   0.0184            
 nFnu 925.1A  -2.486   0.1195      Ca B 1.094m  -2.529   0.1081      Al 2  2670A  -3.479   0.0121      Ti 2  3238A  -3.637   0.0084            
 nInu 925.1A   1.7442029.0143      Ca B 1.005m  -2.706   0.0720      Si 1  2518A  -3.448   0.0130      Cr 1  4271A  -3.592   0.0093            
 nFnu 897.8A   0.624 153.6196      Ca B  9546A  -2.848   0.0519      Si 1  2215A  -3.952   0.0041      Cr 1  3591A  -3.706   0.0072            
 nInu 897.8A   0.116  47.7162      Ca B  9229A  -2.967   0.0394      Si 2 34.81m  -4.247   0.0021      Mn 2  2590A  -3.678   0.0077            
 nFnu 760.0A  -2.145   0.2619      Ca B  9015A  -3.068   0.0313      TOTL  2335A  -3.799   0.0058      Ni 2  1752A  -4.325   0.0017            
 nInu 760.0A   0.252  65.3205      Ca B  8863A  -3.153   0.0257      Si 2  2344A  -4.274   0.0019      Ni 2  1744A  -4.132   0.0027            
 nFnu 701.5A  -3.300   0.0183      Ca B  8750A  -3.224   0.0218      Si 2  2336A  -4.116   0.0028      Ni 2  1473A  -4.490   0.0012            
 nInu 701.5A   0.191  56.7549      Ca B  8665A  -3.283   0.0190      Si 2  1531A  -3.246   0.0208      Ni 2  1376A  -4.156   0.0026            
 nInu 608.2A   0.141  50.6163      Ca B  8598A  -3.336   0.0169      Si 2  1308A  -3.254   0.0204      Ni 2  1324A  -4.077   0.0031            
 nFnu 575.1A  -3.649   0.0082      Ca B  8545A  -3.388   0.0150      Si 2  1263A  -2.733   0.0675      hyperfine structure.........            
 nInu 575.1A   0.160  52.8949      Ca B  8502A  -3.440   0.0133      P  2 1.640m  -3.999   0.0037      inner shell.................            
 nInu 511.9A   0.042  40.2225      Ca B  8467A  -3.494   0.0117      P  2  4669A  -4.489   0.0012      molecules...................            
 nFnu 496.9A  -2.271   0.1958      Ca B  8438A  -3.549   0.0103      P  2 1.189m  -4.322   0.0017      H-CT  6563A  -1.266   1.9808            
 nInu 496.9A  -0.733   6.7567      Ca B  8413A  -3.604   0.0091      S  1 25.19m  -4.355   0.0016            
 nInu 399.2A  -0.748   6.5325      Ca B  8392A  -3.659   0.0080      S 1R  1807A  -3.871   0.0049            



                                                                           
 Cooling:  HFBc     0 :0.097 HFFc     0 :0.147 Ca2K  3934A:0.070 Fe2c     0 :0.113 H-FB     0 :0.137 H2+      0 :0.076  
 Heating:  BFH1     0 :0.932  

 These are some of the most important databases used by Cloudy:
 Many recombination coefficients were taken from http://amdpp.phys.strath.ac.uk/tamoc/RR/ and http://amdpp.phys.strath.ac.uk/tamoc/DR/
      and are based on the following papers:
        Badnell N. R., et al., A&A 406, 1151 (2003) [http://adsabs.harvard.edu/abs/2003A%26A...406.1151B]
        Badnell N. R., ApJS 167, 334 (2006) [http://adsabs.harvard.edu/abs/2006ApJS..167..334B]
 Much of the molecular emission data is from LAMDA as accessed on Dec. 18, 2010. This database is described in:
        Schoeier F.L., et al., A&A 432, 369 (2005) [http://adsabs.harvard.edu/abs/2005A%26A...432..369S]
      This database is in part based on the work of the following groups:
        JPL: Pickett H. M. et al., JQSRT, 60, 883 (1998). [http://adsabs.harvard.edu/abs/1998JQSRT..60..883P]
        CDMS: Mueller H. S. et al., A&A 370, L49 (2001). [http://adsabs.harvard.edu/abs/2001A%26A...370L..49M]
              Mueller H. S. et al., J. Mol. Struct. 742, 215 (2005). [http://adsabs.harvard.edu/abs/2005JMoSt.742..215M]
 Much of the ionic emission data is from version 7.0 of CHIANTI. CHIANTI is a collaborative project involving the NRL (USA), the
      Universities of Florence (Italy) and Cambridge (UK), and George Mason University (USA). These papers describe Chianti:
        Dere K. P., et al., A&AS, 125, 149 (1997) [http://adsabs.harvard.edu/abs/1997A%26AS..125..149D]
        Landi E., et al., ApJ, 744, 99 (2012) [http://adsabs.harvard.edu/abs/2012ApJ...744...99L]
 Much of the H_2 data is from this web site: http://molat.obspm.fr/index.php?page=pages/Molecules/H2/H2can94.php. These data are
      described in:
        Abgrall H. et al., Can. J. Phys., 72, 856 (1994) [http://adsabs.harvard.edu/abs/1994CaJPh..72..856A]
        Wrathmall S. A. & Flower D. R., J. Phys. B, 40, 3221 (2007) [http://adsabs.harvard.edu/abs/2007JPhB...40.3221W]
 Please cite those papers that played a significant role in this calculation.

 IONIZE PARMET:  U(1-) -9.4768  U(4-):-12.0066  U(sp): -9.48  Q(ion):   10.567  L(ion)  0.059    Q(low): 13.570    L(low)  2.046
 ENERGY BUDGET:  Heat:  -0.554  Coolg:  -0.554  Error:  0.0%  Rec Lin:  -2.529  F-F  H  0.000    P(rad/tot)max     1.26E-08

     Col(Heff):      0.000E+00  snd travl time  5.44E+01 sec  Te-low: 3.99E+03  Te-hi: 4.31E+03  G0TH85: 4.26E+04  G0DB96:4.44E+04
  Emiss Measure    n(e)n(p) dl       1.024E+23  n(e)n(He+)dl         3.197E+19  En(e)n(He++) dl         2.522E+13  ne nC+:5.24E+20
 He/Ha:4.48E-04  =   0.01*true  Lthin:1.45E+02  itr/zn: 9.23  H2 itr/zn:  0.00  File Opacity: F  MassTot 6.46e-07  (gm/cm^2)
   Temps(21 cm)   T(21cm/Ly a)  3.91E+03        T(<nH/Tkin>)  4.12E+03          T(<nH/Tspin>)    4.13E+03          TB21cm:1.06E-02
                   N(H0/Tspin)  6.85E+13        N(OH/Tkin)    5.85E+06          B(21cm)          0.00E+00
   <a>:1.04E-04  erdeFe0.0E+00  Tcompt5.65E+02  Tthr1.33E+06  <Tden>: 4.12E+03  <dens>:2.27E-14  <MolWgt>1.25E+00
     Mean Jeans  l(cm)2.38E+16  M(sun)8.08E+01  smallest:     len(cm):2.34E+16  M(sun):7.70E+01  a_ox tran:  0.00
 Rion:1.000E+30  Dist:0.00E+00  Diam:0.000E+00
 Hatom level 70  HatomType: add  HInducImp  F  He tot level: 63  He2 level:   70  ExecTime   232.3
 ConvrgError(%)  <eden>  0.055  MaxEden  0.573  <H-C>   0.07  Max(H-C)    0.30  <Press>   0.000  MaxPrs er  0.000
  Continuity(%)  chng Te   0.4  elec den   3.6  n(H2)    0.0  n(CO)        5.3

                                                        Averaged Quantities
             Te      Te(Ne)   Te(NeNp)  Te(NeHe+)Te(NeHe2+) Te(NeO+)  Te(NeO2+)  Te(H2)     N(H)     Ne(O2+)   Ne(Np)
 Radius:  4.12e+03  4.14e+03  4.15e+03  4.14e+03  4.13e+03  4.15e+03  4.15e+03  4.10e+03  1.00e+10  6.18e+07  6.15e+07

 Contin Optical Depths: COMP: 1.14e-09    H-: 2.57e-07 R(1300): 1.90e-06  H2+: 3.10e-09  Pfa:1.14E-09
                          Pa: 1.14e-09    Ba: 2.34e-07      Hb: 1.82e-07   La: 4.16e-03     1r:1.790E+00  1.8:5.34E-01 4.:7.785E-02

 Old, new H  1 continuum optical depths:
     1 1.77e+00     2 1.30e-07     3 2.56e-07     4 2.56e-07     5 2.56e-07     6 6.36e-08     7 6.36e-08     8 6.36e-08
     9 6.36e-08    10 1.35e-12    11 1.35e-12    12 1.35e-12    13 1.35e-12    14 1.35e-12    15 3.01e-12    16 3.01e-12
    17 3.01e-12    18 3.01e-12    19 3.01e-12    20 3.01e-12    21 5.83e-12    22 5.83e-12    23 5.83e-12    24 5.83e-12
    25 5.83e-12    26 5.83e-12    27 5.83e-12    28 1.02e-11    29 1.02e-11    30 1.02e-11    31 1.02e-11    32 1.02e-11
    33 1.02e-11    34 1.02e-11    35 1.02e-11    36 1.67e-11    37 1.67e-11    38 1.67e-11    39 1.67e-11    40 1.67e-11
    41 1.67e-11    42 1.67e-11    43 1.67e-11    44 1.67e-11    45 2.60e-11    46 2.60e-11    47 2.60e-11    48 2.60e-11
    49 2.60e-11    50 2.60e-11    51 2.60e-11    52 2.60e-11    53 2.60e-11    54 2.60e-11
     1 1.79e+00     2 1.31e-07     3 2.58e-07     4 2.58e-07     5 2.58e-07     6 6.41e-08     7 6.41e-08     8 6.41e-08
     9 6.41e-08    10 1.36e-12    11 1.36e-12    12 1.36e-12    13 1.36e-12    14 1.36e-12    15 3.03e-12    16 3.03e-12
    17 3.03e-12    18 3.03e-12    19 3.03e-12    20 3.03e-12    21 5.88e-12    22 5.88e-12    23 5.88e-12    24 5.88e-12
    25 5.88e-12    26 5.88e-12    27 5.88e-12    28 1.03e-11    29 1.03e-11    30 1.03e-11    31 1.03e-11    32 1.03e-11
    33 1.03e-11    34 1.03e-11    35 1.03e-11    36 1.69e-11    37 1.69e-11    38 1.69e-11    39 1.69e-11    40 1.69e-11
    41 1.69e-11    42 1.69e-11    43 1.69e-11    44 1.69e-11    45 2.62e-11    46 2.62e-11    47 2.62e-11    48 2.62e-11
    49 2.62e-11    50 2.62e-11    51 2.62e-11    52 2.62e-11    53 2.62e-11    54 2.62e-11

 Old, new H  1 mean line optical depths:
  2- 1 4.56e+04  3- 2 3.47e-06  4- 3 1.56e-09  5- 4 1.04e-09  6- 5 7.47e-10  7- 6 6.78e-10  8- 7 1.14e-09
  9- 8 6.18e-10 10- 9 2.04e-09
  2- 1 4.61e+04  3- 2 3.44e-06  4- 3 1.57e-09  5- 4 1.05e-09  6- 5 7.53e-10  7- 6 6.78e-10  8- 7 1.14e-09
  9- 8 6.18e-10 10- 9 2.04e-09

 Old, new He 2 continuum optical depths:
     1 7.70e-02     2 1.75e+00     3 8.36e-08     4 8.36e-08     5 8.36e-08     6 1.30e-07     7 1.30e-07     8 1.30e-07
     9 1.30e-07    10 2.07e-07    11 2.07e-07    12 2.07e-07    13 2.07e-07    14 2.07e-07    15 2.56e-07    16 2.56e-07
    17 2.56e-07    18 2.56e-07    19 2.56e-07    20 2.56e-07    21 2.16e-07    22 2.16e-07    23 2.16e-07    24 2.16e-07
    25 2.16e-07    26 2.16e-07    27 2.16e-07    28 6.36e-08    29 6.36e-08    30 6.36e-08    31 6.36e-08    32 6.36e-08
    33 6.36e-08    34 6.36e-08    35 6.36e-08    36 8.20e-13    37 8.20e-13    38 8.20e-13    39 8.20e-13    40 8.20e-13
    41 8.20e-13    42 8.20e-13    43 8.20e-13    44 8.20e-13    45 1.35e-12    46 1.35e-12    47 1.35e-12    48 1.35e-12
    49 1.35e-12    50 1.35e-12    51 1.35e-12    52 1.35e-12    53 1.35e-12    54 1.35e-12
     1 7.78e-02     2 1.77e+00     3 8.44e-08     4 8.44e-08     5 8.44e-08     6 1.31e-07     7 1.31e-07     8 1.31e-07
     9 1.31e-07    10 2.09e-07    11 2.09e-07    12 2.09e-07    13 2.09e-07    14 2.09e-07    15 2.58e-07    16 2.58e-07
    17 2.58e-07    18 2.58e-07    19 2.58e-07    20 2.58e-07    21 2.18e-07    22 2.18e-07    23 2.18e-07    24 2.18e-07
    25 2.18e-07    26 2.18e-07    27 2.18e-07    28 6.41e-08    29 6.41e-08    30 6.41e-08    31 6.41e-08    32 6.41e-08
    33 6.41e-08    34 6.41e-08    35 6.41e-08    36 8.27e-13    37 8.27e-13    38 8.27e-13    39 8.27e-13    40 8.27e-13
    41 8.27e-13    42 8.27e-13    43 8.27e-13    44 8.27e-13    45 1.36e-12    46 1.36e-12    47 1.36e-12    48 1.36e-12
    49 1.36e-12    50 1.36e-12    51 1.36e-12    52 1.36e-12    53 1.36e-12    54 1.36e-12

 Old, new He 2 mean line optical depths:
  2- 1 4.22e-02  3- 2 4.10e-15  4- 3 5.75e-19  5- 4 1.98e-19  6- 5 2.75e-19  7- 6 1.10e-18  8- 7 1.71e-18
  9- 8 4.24e-19 10- 9 4.43e-21
  2- 1 4.27e-02  3- 2 3.69e-15  4- 3 5.13e-19  5- 4 1.89e-19  6- 5 2.67e-19  7- 6 1.08e-18  8- 7 1.71e-18
  9- 8 4.18e-19 10- 9 2.22e-21

 Old He Is optical depths:    1 5.29e-01    2 8.60e-08    3 1.08e-07    4 1.21e-07    5 1.21e-07
 New He Is optical depths:    1 5.34e-01    2 8.68e-08    3 1.08e-07    4 1.22e-07    5 1.22e-07
          Old He Is Lines:  584 2.48e+03 3889 3.69e-06 5016 1.33e-07 5876 9.73e-12
          New He Is Lines:  584 2.50e+03 3889 3.72e-06 5016 1.34e-07 5876 9.78e-12

==== H      compounds ====           Log10 column densities [cm^-2}
   H2        : 13.343   H2*       : 11.399   H2+       :  8.646   H3+       :  5.629
==== He     compounds ====
   HeH+      :  7.416
==== Li     compounds ====
   LiH       :  0.102   LiH+      : -1.346
==== C      compounds ====
   CH        :  9.300   CH+       :  7.661   CH2       :  5.866   CH2+      :  4.082   CH3       :  1.528   CH3+      :  0.464   CH4       : -2.362   CH4+      : -4.187
   CH5+      : -9.736   C2        :  6.277   C2+       :  5.237   C2H       :  3.320   C2H+      :  1.948   C2H2      : -2.806   C2H2+     : -1.858   C2H3+     : -6.586
   C3        : -3.021   C3+       : -0.675   C3H       : -5.337   C3H+      : -3.958
==== N      compounds ====
   NH        :  9.414   NH+       :  8.686   NH2       :  5.096   NH2+      :  5.080   NH3       :  1.861   NH3+      :  0.876   NH4+      : -5.758   CN        :  9.456
   CN+       :  4.968   HCN       :  6.602   HCN+      :  5.677   HNC       :  0.008   HCNH+     :  1.871   HC3N      :-35.930   N2        : 10.511   N2+       :  5.633
   N2H+      : -0.162
==== O      compounds ====
   OH        : 10.380   OH+       :  9.788   H2O       :  6.299   H2O+      :  6.035   H3O+      :  1.993   CO        : 12.095   CO+       :  6.025   HCO+      :  5.636
   H2CO      :-35.930   CH3OH     :-35.930   ^13CO     : 10.618   NO        :  7.092   NO+       :  5.806   HNO       :  2.570   HNO+      :  1.620   OCN       :  5.440
   OCN+      :  3.449   N2O       :  2.004   O2        :  6.464   O2+       :  7.085   NO2       :  2.365   NO2+      : -1.042
==== Ne     compounds ====
   NeH+      :  4.854
==== Si     compounds ====
   SiH       :  1.724   SiH2+     :  0.338   SiC2      :-35.930   SiN       : -1.390   SiN+      :  5.334   SiO       :  6.849   SiO+      :  6.220   SiOH+     :  2.113
==== S      compounds ====
   HS        :  8.599   HS+       :  7.117   CS        :  4.996   CS+       :  4.999   HCS+      :  2.016   NS        :  4.968   NS+       :  4.797   SO        :  6.460
   SO+       :  5.802   OCS       :  1.070   OCS+      : -0.529   SO2       :-35.930   S2        :  0.465   S2+       : -0.803
==== Cl     compounds ====
   HCl       :  2.847   HCl+      :  7.173   H2Cl+     :  3.573   CCl       : -9.796   CCl+      : -1.213   H2CCl+    :-13.448   ClO       :-11.441   ClO+      :-15.334
==== Ar     compounds ====
   ArH+      :  8.679
==== Ti     compounds ====
   TiH       :-35.930   TiH+      :-35.930   TiH2      :-35.930   TiH2+     :-35.930   TiC       :-35.930   TiC+      :-35.930   HCTi      :-35.930   HCTi+     :-35.930
   TiC2      :-35.930   TiC2+     :-35.930   TiN       :-35.930   TiN+      :-35.930   HNTi      :-35.930   HNTi+     :-35.930   TiNC      :-35.930   TiNC+     :-35.930
   TiO       :-35.930   TiO+      :-35.930   TiOH+     :-35.930   TiO2      :-35.930   TiF+      :-35.930   TiS       :-35.930   TiS+      :-35.930   HTiS      :-35.930


               1      2      3      4      5      6      7      8      9     10     11     12     13     14     15     16     17

 Hydrogen   17.452 15.222 13.348 (H2)                Log10 Column density (cm^-2)
 Helium     16.384 11.724  5.627
 Lithium     6.187  6.218 -4.774-30.000
 Beryllium   6.817  5.429  1.288-30.000-30.000
 Boron       8.009  7.609  0.019-30.000-30.000-30.000
 Carbon     13.823 12.948  7.013-30.000-30.000-30.000-30.000
 Nitrogen   13.282 10.539  1.748-30.000-30.000-30.000-30.000-30.000
 Oxygen     14.139 11.801  3.241-30.000-30.000-30.000-30.000-30.000-30.000
 Fluorine   10.013  7.561  2.999-30.000-30.000-30.000-30.000-30.000-30.000-30.000
 Neon       13.384 10.510  5.887-30.000-30.000-30.000-30.000-30.000-30.000-30.000-30.000
 Sodium     10.629 11.656  6.827-30.000-30.000-30.000-30.000-30.000-30.000-30.000-30.000-30.000
 Magnesium  11.617 13.038  8.963-30.000-30.000-30.000-30.000-30.000-30.000-30.000-30.000-30.000-30.000
 Aluminium   8.622 11.904  6.685-30.000-30.000-30.000-30.000-30.000-30.000-30.000-30.000-30.000-30.000-30.000
 Silicon    12.331 12.850  6.962-30.000-30.000-30.000-30.000-30.000-30.000-30.000-30.000-30.000-30.000-30.000-30.000
 Phosphorus  8.212 10.863  5.688-30.000-30.000-30.000-30.000-30.000-30.000-30.000-30.000-30.000-30.000-30.000-30.000-30.000
 Sulphur    12.114 12.390  7.429-30.000-30.000-30.000-30.000-30.000-30.000-30.000-30.000-30.000-30.000-30.000-30.000-30.000-30.000
 Chlorine    9.167 10.947  6.347-30.000-30.000-30.000-30.000-30.000-30.000-30.000-30.000-30.000-30.000-30.000-30.000-30.000-30.000
-30.000
 Argon      11.853  9.096  4.378-30.000-30.000-30.000-30.000-30.000-30.000-30.000-30.000-30.000-30.000-30.000-30.000-30.000-30.000
-30.000-30.000
 Potassium   9.895 10.355  5.412-30.000-30.000-30.000-30.000-30.000-30.000-30.000-30.000-30.000-30.000-30.000-30.000-30.000-30.000
-30.000-30.000-30.000
 Calcium    11.692 11.120  8.254-30.000-30.000-30.000-30.000-30.000-30.000-30.000-30.000-30.000-30.000-30.000-30.000-30.000-30.000
-30.000-30.000-30.000-30.000
 Scandium    8.497  7.941  5.151-30.000-30.000-30.000-30.000-30.000-30.000-30.000-30.000-30.000-30.000-30.000-30.000-30.000-30.000
-30.000-30.000-30.000-30.000-30.000
 Titanium    6.777 10.404  6.886 -5.938-30.000-30.000-30.000-30.000-30.000-30.000-30.000-30.000-30.000-30.000-30.000-30.000-30.000
-30.000-30.000-30.000-30.000-30.000-30.000
 Vanadium    9.357  8.175  5.069-30.000-30.000-30.000-30.000-30.000-30.000-30.000-30.000-30.000-30.000-30.000-30.000-30.000-30.000
-30.000-30.000-30.000-30.000-30.000-30.000-30.000
 Chromium   10.921 10.614  5.784-30.000-30.000-30.000-30.000-30.000-30.000-30.000-30.000-30.000-30.000-30.000-30.000-30.000-30.000
-30.000-30.000-30.000-30.000-30.000-30.000-30.000-30.000
 Manganese   7.281 10.884  6.406-30.000-30.000-30.000-30.000-30.000-30.000-30.000-30.000-30.000-30.000-30.000-30.000-30.000-30.000
-30.000-30.000-30.000-30.000-30.000-30.000-30.000-30.000-30.000
 Iron        9.102 12.954  7.834-30.000-30.000-30.000-30.000-30.000-30.000-30.000-30.000-30.000-30.000-30.000-30.000-30.000-30.000
-30.000-30.000-30.000-30.000-30.000-30.000-30.000-30.000-30.000-30.000
 Cobalt     10.433  8.872  1.270-30.000-30.000-30.000-30.000-30.000-30.000-30.000-30.000-30.000-30.000-30.000-30.000-30.000-30.000
-30.000-30.000-30.000-30.000-30.000-30.000-30.000-30.000-30.000-30.000-30.000
 Nickel      8.252 11.674  3.782-30.000-30.000-30.000-30.000-30.000-30.000-30.000-30.000-30.000-30.000-30.000-30.000-30.000-30.000
-30.000-30.000-30.000-30.000-30.000-30.000-30.000-30.000-30.000-30.000-30.000-30.000
 Copper      9.595  8.677  3.667-30.000-30.000-30.000-30.000-30.000-30.000-30.000-30.000-30.000-30.000-30.000-30.000-30.000-30.000
-30.000-30.000-30.000-30.000-30.000-30.000-30.000-30.000-30.000-30.000-30.000-30.000-30.000
 Zinc       10.005  8.324  4.312-30.000-30.000-30.000-30.000-30.000-30.000-30.000-30.000-30.000-30.000-30.000-30.000-30.000-30.000
-30.000-30.000-30.000-30.000-30.000-30.000-30.000-30.000-30.000-30.000-30.000-30.000-30.000-30.000
 Exc state    He1*  7.365   CII* 12.769   C11* 12.873   C12* 13.348   C13* 13.565   O11* 13.895   O12* 13.649   O13* 13.162
              Si2* 12.659   C30* -1.688   C31* -1.990   C32* -0.905


 Hydrogen   -0.003 -2.233 -3.805 (H2)                 Log10 Mean Ionisation (over radius)
 Helium     -0.000 -4.660-10.758
 Lithium    -0.317 -0.286-11.278
 Beryllium  -0.017 -1.405 -5.547
 Boron      -0.146 -0.546 -8.136
 Carbon     -0.062 -0.936 -6.871
 Nitrogen   -0.002 -2.746-11.536
 Oxygen     -0.006 -2.344-10.904
 Fluorine   -0.002 -2.453 -7.015
 Neon       -0.001 -2.874 -7.498
 Sodium     -1.066 -0.039 -4.868
 Magnesium  -1.437 -0.016 -4.091
 Aluminium  -3.282 -0.000 -5.220
 Silicon    -0.634 -0.115 -6.003
 Phosphorus -2.653 -0.001 -5.177
 Sulphur    -0.461 -0.185 -5.146
 Chlorine   -1.788 -0.007 -4.607
 Argon      -0.001 -2.758 -7.476
 Potassium  -0.589 -0.129 -5.072
 Calcium    -0.103 -0.675 -3.541
 Scandium   -0.107 -0.663 -3.452
 Titanium   -3.628 -0.000 -3.518-16.342
 Vanadium   -0.028 -1.209 -4.315
 Chromium   -0.174 -0.481 -5.311
 Manganese  -3.604 -0.000 -4.479
 Iron       -3.852 -0.000 -5.120
 Cobalt     -0.012 -1.572 -9.174
 Nickel     -3.423 -0.000 -7.893
 Copper     -0.050 -0.967 -5.978
 Zinc       -0.009 -1.690 -5.703

               1      2      3      4      5      6      7      8      9     10     11     12     13     14     15     16     17

 Hydrogen   -0.003 -2.222 -3.822 (H2)         Log10 Mean Ionisation (over radius*electron density)
 Helium     -0.000 -4.658-10.761
 Lithium    -0.317 -0.285-11.278
 Beryllium  -0.017 -1.415 -5.552
 Boron      -0.143 -0.553 -8.138
 Carbon     -0.060 -0.943 -6.873
 Nitrogen   -0.002 -2.732-11.518
 Oxygen     -0.006 -2.334-10.892
 Fluorine   -0.002 -2.453 -7.021
 Neon       -0.001 -2.878 -7.507
 Sodium     -1.066 -0.039 -4.873
 Magnesium  -1.435 -0.016 -4.078
 Aluminium  -3.282 -0.000 -5.221
 Silicon    -0.627 -0.117 -5.985
 Phosphorus -2.653 -0.001 -5.173
 Sulphur    -0.452 -0.189 -5.132
 Chlorine   -1.810 -0.007 -4.608
 Argon      -0.001 -2.730 -7.447
 Potassium  -0.592 -0.128 -5.075
 Calcium    -0.101 -0.683 -3.556
 Scandium   -0.104 -0.671 -3.454
 Titanium   -3.627 -0.000 -3.512-16.260
 Vanadium   -0.027 -1.217 -4.313
 Chromium   -0.171 -0.488 -5.297
 Manganese  -3.603 -0.000 -4.461
 Iron       -3.852 -0.000 -5.101
 Cobalt     -0.012 -1.581 -9.171
 Nickel     -3.423 -0.000 -7.884
 Copper     -0.049 -0.976 -5.983
 Zinc       -0.009 -1.699 -5.714

               1      2      3      4      5      6      7      8      9     10     11     12     13     14     15     16     17

 Hydrogen    3.615  3.617  3.613 (H2)                  Log10 Mean Temperature (over radius)
 Helium      3.615  3.616  3.615
 Lithium     3.615  3.615  3.615
 Beryllium   3.615  3.614  3.615
 Boron       3.616  3.614  3.615
 Carbon      3.616  3.614  3.615
 Nitrogen    3.615  3.617  3.618
 Oxygen      3.615  3.617  3.617
 Fluorine    3.615  3.615  3.615
 Neon        3.615  3.615  3.614
 Sodium      3.615  3.615  3.615
 Magnesium   3.616  3.615  3.617
 Aluminium   3.615  3.615  3.615
 Silicon     3.616  3.615  3.618
 Phosphorus  3.615  3.615  3.616
 Sulphur     3.617  3.615  3.617
 Chlorine    3.612  3.615  3.615
 Argon       3.615  3.619  3.620
 Potassium   3.615  3.616  3.615
 Calcium     3.616  3.614  3.613
 Scandium    3.616  3.614  3.615
 Titanium    3.615  3.615  3.616  3.634
 Vanadium    3.615  3.614  3.616
 Chromium    3.616  3.614  3.617
 Manganese   3.615  3.615  3.618
 Iron        3.615  3.615  3.618
 Cobalt      3.615  3.614  3.616
 Nickel      3.615  3.615  3.617
 Copper      3.615  3.614  3.615
 Zinc        3.615  3.614  3.614

               1      2      3      4      5      6      7      8      9     10     11     12     13     14     15     16     17

 Hydrogen    3.617  3.618  3.614 (H2)          Log10 Mean Temperature (over radius*electron density)
 Helium      3.617  3.617  3.616
 Lithium     3.617  3.617  3.617
 Beryllium   3.617  3.615  3.616
 Boron       3.617  3.616  3.616
 Carbon      3.617  3.616  3.617
 Nitrogen    3.617  3.619  3.619
 Oxygen      3.617  3.618  3.618
 Fluorine    3.617  3.617  3.616
 Neon        3.617  3.616  3.616
 Sodium      3.617  3.617  3.616
 Magnesium   3.617  3.617  3.619
 Aluminium   3.617  3.617  3.617
 Silicon     3.618  3.616  3.619
 Phosphorus  3.617  3.617  3.617
 Sulphur     3.618  3.616  3.619
 Chlorine    3.614  3.617  3.617
 Argon       3.617  3.621  3.621
 Potassium   3.616  3.617  3.616
 Calcium     3.617  3.616  3.615
 Scandium    3.617  3.616  3.617
 Titanium    3.617  3.617  3.618  3.634
 Vanadium    3.617  3.616  3.617
 Chromium    3.617  3.616  3.619
 Manganese   3.617  3.617  3.619
 Iron        3.617  3.617  3.619
 Cobalt      3.617  3.616  3.617
 Nickel      3.617  3.617  3.618
 Copper      3.617  3.616  3.616
 Zinc        3.617  3.615  3.615

               1      2      3      4      5      6      7      8      9     10     11     12     13     14     15     16     17
                                                                          

---------------Convergence statistics---------------
      1.21 mean iterations/state convergence
      2.92 mean cx acceleration loops/iteration
      1.02 mean iso convergence loops/ion solve
      1.06 mean steps/chemistry solve
      1.09 mean step length searches/chemistry step
----------------------------------------------------

 Cloudy ends: 70 zones, 3 iterations, 1 caution.  ExecTime(s) 232.28
 [Stop in cdMain at ../maincl.cpp:483, Cloudy exited OK]
 ************************************************** GRID_DELIMIT -- grid000000049
