                                                          Cloudy 13.03
                                                         www.nublado.org

                       **************************************13Feb20**************************************
                       *                                                                                 *
                       * c                                                                               *
                       * phi(h) 15.000000 LOG range -0.000232 6.866524                                   *
                       * grid from 8 to 23 in 1 dex steps                                                *
                       * HDEN=12.000000 LOG                                                              *
                       * grid from 0 to 12 in 1 dex steps                                                *
                       * set pres ionize 1e5                                                             *
                       * c                                                                               *
                       * c                                                                               *
                       * table star "inst_padova_agbtrack_z.mod" age 6.3                                 *
                       * c<< inst_padova_ model    1 read.       Age =      10000.00                 >>> *
                       * c<< inst_padova_ model    2 read.       Age =    2010000.00                 >>> *
                       * c<< FINAL:     Age =    1995262.31                                          >>> *
                       * c                                                                               *
                       * c                                                                               *
                       * abundances GASS10                                                               *
                       * c                                                                               *
                       * c                                                                               *
                       * iterate to convergence max = 7                                                  *
                       * stop column density = 23                                                        *
                       * c                                                                               *
                       * c                                                                               *
                       * print last                                                                      *
                       * set save prefix "padova_inst_2"                                                 *
                       * save grid ".grd" last no hash                                                   *
                       * save linelist "emissionlines_abs.txt" "LineList_HII.dat" absolute last no hash    *
                       *                                                                                 *
                       ***********************************************************************************



           !The plasma frequency is 2.99e-06 Ryd.  The incident continuum is set to 0 below this.
           4049CellPeak1.00E+00   Lo 1.00e-08=910.79cm   Hi-Con:6.19E+00 Ryd   E(hi):7.35E+06Ryd     E(hi):     100.01 MeV
           I(nu>1ryd):   4.4715   Average nu:1.358E+00   I( X-ray):   0.0000   I(BalC):   4.9940     Phi(BalmrC):  15.8965
           phi(1.0-1.8):14.9535   phi(1.8-4.0): 14.007   phi(4.0-20):  9.227   phi(20--):  0.000     Ion pht flx:1.000E+15
           I(gam ray):   0.0000   phi(gam r):   0.0000   I(Infred):   4.1331   Alf(ox):   0.0000     Total inten:   5.1518
           U(1.0----):3.336E-08   U(4.0----):5.625E-14   T(En-Den):1.581E+02   T(Comp):3.012E+04     nuJnu(912A):9.683E+04
           Occ(FarIR):0.000E+00   Occ(H n=6):2.633E-08   Occ(1Ryd):4.451E-12   Occ(4R):3.399E-19     Occ (Nu-hi):3.050E-25
           Tbr(FarIR):0.000E+00   Tbr(H n=6):1.154E-04   Tbr(1Ryd):7.036E-07   Tbr(4R):2.148E-13     Tbr (Nu-hi):2.972E-19
  
                                                  Gas Phase Chemical Composition
        H :  0.0000  He: -1.0701  Li:-10.9508  Be:-10.6198  B : -9.3002  C : -3.5702  N : -4.1701  O : -3.3098  F : -7.4401
        Ne: -4.0701  Na: -5.7595  Mg: -4.4001  Al: -5.5498  Si: -4.4895  P : -6.5901  S : -4.8794  Cl: -6.5003  Ar: -5.6003
        K : -6.9706  Ca: -5.6596  Sc: -8.8508  Ti: -7.0501  V : -8.0701  Cr: -6.3595  Mn: -6.5702  Fe: -4.5003  Co: -7.0101
                                               Ni: -5.7799  Cu: -7.8097  Zn: -7.4401
 
 ####  1  Te:6.227E+03 Hden:1.000E+12 Ne:6.608E+10 R:1.000E+30 R-R0:1.326E+01 dR:2.651E+01 NTR: 50 Htot:1.570E-02 T912: 1.57e-04###
 Hydrogen      9.35e-01 6.50e-02 H+o/Hden 1.00e+00 5.61e-08 H-    H2 5.27e-08 4.84e-09 H2+ HeH+ 5.53e-09 Ho+ ColD 2.48e+13 1.72e+12
 Helium        9.89e-01 1.06e-02 1.13e-10 HeI 2s3S 2.83e-07 Comp H,C 1.27e-13 2.62e-14 Fill Fac 1.00e+00 Gam1/tot 1.00e+00
 He singlet n  9.89e-01 7.41e-09 2.35e-12 2.73e-13 3.18e-13 4.84e-13 He tripl 2.83e-07 1.75e-10 6.61e-13 3.90e-12 1.14e-12
 Pressure      NgasTgas 7.18e+15 P(total) 9.91e-01 P( gas ) 9.91e-01 P(Radtn) 0.00e+00 Rad accl 7.36e+00 ForceMul 8.05e+07
 Texc(La)      4.84e+03 T(I con) 1.58e+02 T(D con) 7.24e+00 T(U tot) 1.58e+02 nT (c+d) 4.00e+07 Prad/Gas 0.00e+00 Pmag/Gas 0.00e+00
 Molecules     CH/Ctot: 1.91e-07 CH+/Ctot 1.08e-08 CO/Ctot: 9.24e-08 CO+/Ctot 1.64e-11 H2O/Otot 6.28e-15 OH/Ototl 2.49e-07
 Lithium       1.96e-01 8.04e-01 1.16e-15 0.00e+00 Berylliu 9.53e-01 4.67e-02 5.99e-05 0.00e+00 0.00e+00 sec ion: 0.00e+00
 Boron         6.60e-01 3.40e-01 3.05e-06 0.00e+00 0.00e+00 0.00e+00
 Carbon        6.98e-01 3.02e-01 7.60e-05 0.00e+00 0.00e+00 0.00e+00 0.00e+00 H2O+/O   1.37e-15 OH+/Otot 8.36e-08 Hex(tot) 0.00e+00
 Nitrogen      9.48e-01 5.19e-02 2.13e-08 0.00e+00 0.00e+00 0.00e+00 0.00e+00 0.00e+00 O2/Ototl 1.86e-11 O2+/Otot 2.09e-11
 Oxygen        9.48e-01 5.23e-02 4.62e-09 0.00e+00 0.00e+00 0.00e+00 0.00e+00 0.00e+00 0.00e+00
 Fluorine      9.33e-01 6.69e-02 5.61e-06 0.00e+00 0.00e+00 0.00e+00 0.00e+00 0.00e+00 0.00e+00 0.00e+00
 Neon          9.71e-01 2.92e-02 6.80e-07 0.00e+00 0.00e+00 0.00e+00 0.00e+00 0.00e+00 0.00e+00 0.00e+00 0.00e+00
 Sodium        5.19e-02 9.48e-01 2.12e-06 0.00e+00 0.00e+00 0.00e+00 0.00e+00 0.00e+00 0.00e+00 0.00e+00 0.00e+00 0.00e+00
 Magnesium     2.48e-02 9.74e-01 1.16e-03 0.00e+00 0.00e+00 0.00e+00 0.00e+00 0.00e+00 0.00e+00 0.00e+00 0.00e+00 0.00e+00 0.00e+00
 Aluminium  0  4.84e-04 9.99e-01 1.27e-04 0.00e+00 0.00e+00 0.00e+00 0.00e+00 0.00e+00 0.00e+00 0.00e+00 0.00e+00 0.00e+00 0.00e+00
 Silicon    0  1.45e-02 9.85e-01 1.76e-04 0.00e+00 0.00e+00 0.00e+00 0.00e+00 0.00e+00 0.00e+00 0.00e+00 0.00e+00 0.00e+00 0.00e+00
 Phosphorus 0  1.83e-03 9.98e-01 2.66e-04 0.00e+00 0.00e+00 0.00e+00 0.00e+00 0.00e+00 0.00e+00 0.00e+00 0.00e+00 0.00e+00 0.00e+00
 Sulphur    0  2.96e-01 7.03e-01 1.08e-03 0.00e+00 0.00e+00 0.00e+00 0.00e+00 0.00e+00 0.00e+00 0.00e+00 0.00e+00 0.00e+00 0.00e+00
 Chlorine   0  1.97e-03 9.97e-01 8.50e-04 0.00e+00 0.00e+00 0.00e+00 0.00e+00 0.00e+00 0.00e+00 0.00e+00 0.00e+00 0.00e+00 0.00e+00
 Argon      0  7.60e-01 2.38e-01 2.09e-03 0.00e+00 0.00e+00 0.00e+00 0.00e+00 0.00e+00 0.00e+00 0.00e+00 0.00e+00 0.00e+00 0.00e+00
 Potassium  0  1.65e-02 9.83e-01 1.20e-04 0.00e+00 0.00e+00 0.00e+00 0.00e+00 0.00e+00 0.00e+00 0.00e+00 0.00e+00 0.00e+00 0.00e+00
 Calcium    0  4.24e-01 5.74e-01 1.39e-03 0.00e+00 0.00e+00 0.00e+00 0.00e+00 0.00e+00 0.00e+00 0.00e+00 0.00e+00 0.00e+00 0.00e+00
 Scandium   0  3.18e-01 6.74e-01 7.77e-03 0.00e+00 0.00e+00 0.00e+00 0.00e+00 0.00e+00 0.00e+00 0.00e+00 0.00e+00 0.00e+00 0.00e+00
 Titanium   0  2.24e-04 9.94e-01 5.30e-03 0.00e+00 0.00e+00 0.00e+00 0.00e+00 0.00e+00 0.00e+00 0.00e+00 0.00e+00 0.00e+00 0.00e+00
 Vanadium   0  5.73e-01 4.21e-01 5.68e-03 0.00e+00 0.00e+00 0.00e+00 0.00e+00 0.00e+00 0.00e+00 0.00e+00 0.00e+00 0.00e+00 0.00e+00
 Chromium   0  4.74e-01 5.25e-01 1.41e-03 0.00e+00 0.00e+00 0.00e+00 0.00e+00 0.00e+00 0.00e+00 0.00e+00 0.00e+00 0.00e+00 0.00e+00
 Manganese  0  2.33e-04 9.97e-01 2.66e-03 0.00e+00 0.00e+00 0.00e+00 0.00e+00 0.00e+00 0.00e+00 0.00e+00 0.00e+00 0.00e+00 0.00e+00
 Iron       0  1.31e-04 9.99e-01 9.69e-04 0.00e+00 0.00e+00 0.00e+00 0.00e+00 0.00e+00 0.00e+00 0.00e+00 0.00e+00 0.00e+00 0.00e+00
 Cobalt     0  9.04e-01 9.56e-02 5.00e-07 0.00e+00 0.00e+00 0.00e+00 0.00e+00 0.00e+00 0.00e+00 0.00e+00 0.00e+00 0.00e+00 0.00e+00
 Nickel     0  3.33e-04 1.00e+00 2.14e-06 0.00e+00 0.00e+00 0.00e+00 0.00e+00 0.00e+00 0.00e+00 0.00e+00 0.00e+00 0.00e+00 0.00e+00
 Copper     0  7.88e-01 2.12e-01 1.38e-04 0.00e+00 0.00e+00 0.00e+00 0.00e+00 0.00e+00 0.00e+00 0.00e+00 0.00e+00 0.00e+00 0.00e+00
 Zinc       0  9.48e-01 5.15e-02 5.69e-05 0.00e+00 0.00e+00 0.00e+00 0.00e+00 0.00e+00 0.00e+00 0.00e+00 0.00e+00 0.00e+00 0.00e+00
 ####131  Te:3.998E+03 Hden:1.000E+12 Ne:9.394E+08 R:1.000E+30 R-R0:5.238E+06 dR:3.910E+04 NTR: 17 Htot:1.355E-05 T912: 3.29e+01###
 Hydrogen      9.99e-01 5.48e-04 H+o/Hden 1.00e+00 2.20e-09 H-    H2 3.54e-05 1.25e-10 H2+ HeH+ 1.51e-10 Ho+ ColD 5.21e+18 4.99e+16
 Helium        1.00e+00 1.73e-04 8.16e-12 HeI 2s3S 1.11e-08 Comp H,C 1.12e-15 1.99e-16 Fill Fac 1.00e+00 Gam1/tot 1.00e+00
 He singlet n  1.00e+00 2.28e-10 2.19e-14 5.31e-17 2.18e-16 1.14e-16 He tripl 1.11e-08 4.04e-14 1.13e-16 9.39e-16 3.14e-16
 Pressure      NgasTgas 4.35e+15 P(total) 6.00e-01 P( gas ) 6.00e-01 P(Radtn) 2.11e-09 Rad accl 1.56e-03 ForceMul 1.43e+06
 Texc(La)      5.03e+03 T(I con) 1.49e+02 T(D con) 7.27e+01 T(U tot) 1.51e+02 nT (c+d) 5.36e+07 Prad/Gas 3.52e-09 Pmag/Gas 0.00e+00
 Molecules     CH/Ctot: 9.11e-07 CH+/Ctot 1.35e-06 CO/Ctot: 3.15e-03 CO+/Ctot 5.70e-08 H2O/Otot 5.95e-09 OH/Ototl 8.90e-05
 Lithium       9.25e-02 9.07e-01 9.64e-16 0.00e+00 Berylliu 2.51e-01 7.49e-01 1.56e-05 0.00e+00 0.00e+00 sec ion: 0.00e+00
 Boron         3.48e-02 9.65e-01 3.12e-08 0.00e+00 0.00e+00 0.00e+00
 Carbon        6.78e-02 9.29e-01 1.34e-06 0.00e+00 0.00e+00 0.00e+00 0.00e+00 H2O+/O   5.20e-09 OH+/Otot 1.29e-05 Hex(tot) 0.00e+00
 Nitrogen      9.98e-01 1.81e-04 5.49e-13 0.00e+00 0.00e+00 0.00e+00 0.00e+00 0.00e+00 O2/Ototl 1.47e-08 O2+/Otot 1.51e-07
 Oxygen        9.98e-01 4.25e-04 1.90e-12 0.00e+00 0.00e+00 0.00e+00 0.00e+00 0.00e+00 0.00e+00
 Fluorine      9.95e-01 5.21e-03 6.55e-07 0.00e+00 0.00e+00 0.00e+00 0.00e+00 0.00e+00 0.00e+00 0.00e+00
 Neon          9.95e-01 5.20e-03 2.76e-07 0.00e+00 0.00e+00 0.00e+00 0.00e+00 0.00e+00 0.00e+00 0.00e+00 0.00e+00
 Sodium        1.37e-01 8.63e-01 7.36e-06 0.00e+00 0.00e+00 0.00e+00 0.00e+00 0.00e+00 0.00e+00 0.00e+00 0.00e+00 0.00e+00
 Magnesium     3.63e-03 9.96e-01 7.86e-06 0.00e+00 0.00e+00 0.00e+00 0.00e+00 0.00e+00 0.00e+00 0.00e+00 0.00e+00 0.00e+00 0.00e+00
 Aluminium  0  8.60e-04 9.99e-01 7.73e-06 0.00e+00 0.00e+00 0.00e+00 0.00e+00 0.00e+00 0.00e+00 0.00e+00 0.00e+00 0.00e+00 0.00e+00
 Silicon    0  7.51e-03 9.92e-01 9.26e-08 0.00e+00 0.00e+00 0.00e+00 0.00e+00 0.00e+00 0.00e+00 0.00e+00 0.00e+00 0.00e+00 0.00e+00
 Phosphorus 0  3.50e-03 9.96e-01 3.02e-06 0.00e+00 0.00e+00 0.00e+00 0.00e+00 0.00e+00 0.00e+00 0.00e+00 0.00e+00 0.00e+00 0.00e+00
 Sulphur    0  5.93e-03 9.94e-01 9.08e-06 0.00e+00 0.00e+00 0.00e+00 0.00e+00 0.00e+00 0.00e+00 0.00e+00 0.00e+00 0.00e+00 0.00e+00
 Chlorine   0  5.85e-02 9.41e-01 3.59e-05 0.00e+00 0.00e+00 0.00e+00 0.00e+00 0.00e+00 0.00e+00 0.00e+00 0.00e+00 0.00e+00 0.00e+00
 Argon      0  1.00e+00 1.91e-04 2.80e-08 0.00e+00 0.00e+00 0.00e+00 0.00e+00 0.00e+00 0.00e+00 0.00e+00 0.00e+00 0.00e+00 0.00e+00
 Potassium  0  1.65e-01 8.35e-01 3.70e-05 0.00e+00 0.00e+00 0.00e+00 0.00e+00 0.00e+00 0.00e+00 0.00e+00 0.00e+00 0.00e+00 0.00e+00
 Calcium    0  5.61e-02 8.72e-01 7.21e-02 0.00e+00 0.00e+00 0.00e+00 0.00e+00 0.00e+00 0.00e+00 0.00e+00 0.00e+00 0.00e+00 0.00e+00
 Scandium   0  5.08e-02 9.30e-01 1.87e-02 0.00e+00 0.00e+00 0.00e+00 0.00e+00 0.00e+00 0.00e+00 0.00e+00 0.00e+00 0.00e+00 0.00e+00
 Titanium   0  4.27e-04 9.99e-01 5.39e-04 0.00e+00 0.00e+00 0.00e+00 0.00e+00 0.00e+00 0.00e+00 0.00e+00 0.00e+00 0.00e+00 0.00e+00
 Vanadium   0  1.65e-01 8.35e-01 1.52e-04 0.00e+00 0.00e+00 0.00e+00 0.00e+00 0.00e+00 0.00e+00 0.00e+00 0.00e+00 0.00e+00 0.00e+00
 Chromium   0  2.81e-02 9.72e-01 1.04e-06 0.00e+00 0.00e+00 0.00e+00 0.00e+00 0.00e+00 0.00e+00 0.00e+00 0.00e+00 0.00e+00 0.00e+00
 Manganese  0  4.51e-04 1.00e+00 2.54e-06 0.00e+00 0.00e+00 0.00e+00 0.00e+00 0.00e+00 0.00e+00 0.00e+00 0.00e+00 0.00e+00 0.00e+00
 Iron       0  2.08e-04 1.00e+00 5.49e-07 0.00e+00 0.00e+00 0.00e+00 0.00e+00 0.00e+00 0.00e+00 0.00e+00 0.00e+00 0.00e+00 0.00e+00
 Cobalt     0  3.86e-01 6.14e-01 3.18e-09 0.00e+00 0.00e+00 0.00e+00 0.00e+00 0.00e+00 0.00e+00 0.00e+00 0.00e+00 0.00e+00 0.00e+00
 Nickel     0  6.67e-04 9.99e-01 3.84e-09 0.00e+00 0.00e+00 0.00e+00 0.00e+00 0.00e+00 0.00e+00 0.00e+00 0.00e+00 0.00e+00 0.00e+00
 Copper     0  9.94e-02 9.01e-01 4.30e-06 0.00e+00 0.00e+00 0.00e+00 0.00e+00 0.00e+00 0.00e+00 0.00e+00 0.00e+00 0.00e+00 0.00e+00
 Zinc       0  4.27e-01 5.73e-01 1.25e-04 0.00e+00 0.00e+00 0.00e+00 0.00e+00 0.00e+00 0.00e+00 0.00e+00 0.00e+00 0.00e+00 0.00e+00
                                                                             
   Calculation stopped because lowest Te reached. Iteration 3 of 3
   The geometry is plane-parallel.
  !The high electron density makes the Nussbaumer/Storey CNO recombination predictions unreliable.
  !H2 vib deexec heating reached 6.36% of the local heating.
  !Charge transfer ionization of H reached 112291.7% of the local H ionization rate.
  !Charge transfer heating reached 10.14% of the local heating.
  !The largest plasma frequency was 2.99e-06 Ryd = 3.05e+04 micron  The continuum is set to 0 below this.
  !AGE: Cloud age was not set.  Longest timescale was 6.46e+04 s = 1.80e+01 hours.
  !The excitation temp of Lya exceeded the electron temp, largest value was 7.05e+03K (gas temp there was 6.21e+03K, zone  20)
  !Mutual neutralization production of H-alpha was significant.
  !The CMB was not included.  This is added with the CMB command.
   The density is too low to l-mix the lowest He I collapsed level.  More resolved levels are needed for accurate line ratios.
   The largest continuum occupation number was 1.387e+02 at 2.997e-06 Ryd.
   Grains were not present but might survive in this environment (energy density temperature was 1.58e+02K)
   Stimulated emission was  76.8% of the total for H transition 69 - 68
   The continuum optical depth at the lowest energy considered (1.004e-08 Ryd) was 3.826e+05.
   The fraction of N  in N2 reached 0.100% at some point in the cloud.
   The fraction of C  in CO reached 0.315% at some point in the cloud.

                       *********************************> Cloudy 13.03 <**********************************
                       * c                                                                               *
                       * phi(h) 15.000000 LOG range -0.000232 6.866524                                   *
                       * grid from 8 to 23 in 1 dex steps                                                *
                       * HDEN=12.000000 LOG                                                              *
                       * grid from 0 to 12 in 1 dex steps                                                *
                       * set pres ionize 1e5                                                             *
                       * c                                                                               *
                       * c                                                                               *
                       * table star "inst_padova_agbtrack_z.mod" age 6.3                                 *
                       * c                                                                               *
                       * c                                                                               *
                       * abundances GASS10                                                               *
                       * c                                                                               *
                       * c                                                                               *
                       * iterate to convergence max = 7                                                  *
                       * stop column density = 23                                                        *
                       * c                                                                               *
                       * c                                                                               *
                       * print last                                                                      *
                       * set save prefix "padova_inst_2"                                                 *
                       * save grid ".grd" last no hash                                                   *
                       * save linelist "emissionlines_abs.txt" "LineList_HII.dat" absolute last no hash    *
                       *********************************> Log(U): -7.48 <*********************************

                     Emission Line Spectrum.   Constant  Density Model.    Open geometry.  Iteration 3 of 3.
                                                     Intensity (erg/s/cm^2).


                                                   Intrinsic line intensities
 general properties..........      nInu  1175A   5.019 187.9257      Ca B  6563A   3.071   2.1161      He 1 537.0A  -0.013   0.0017            
 TOTL  4861A   2.745   1.0000      nFnu  1144A   1.685   0.0871      Ca B  4861A   2.671   0.8440      He 1 522.2A   0.080   0.0022            
 TOTL  1216A   4.177  27.0034      nInu  1144A   5.120 237.2325      Ca B  4340A   2.431   0.4846      He 1 515.6A  -0.092   0.0015            
 Inci     0    5.152 255.0594      nFnu  1113A   1.490   0.0556      Ca B  4102A   2.277   0.3406      He 1 512.1A  -0.224   0.0011            
 TotH     0    3.913  14.7085      nInu  1113A   5.036 195.4061      Ca B  3970A   2.146   0.2516      TOTL 1.083m   2.247   0.3174            
 TotC     0    3.912  14.7004      nFnu  1103A   2.540   0.6239      Ca B  3889A   2.014   0.1856      He 1 1.083m   2.247   0.3174            
 BFH1     0    3.844  12.5656      nInu  1103A   5.129 242.2307      Ca B  3835A   1.880   0.1364      He 1 1.083m   1.293   0.0353            
 BFHe     0    2.417   0.4694      nFnu  1074A   2.318   0.3743      Ca B  3798A   1.748   0.1006      He 1 1.083m   1.770   0.1058            
 TotM     0    1.748   0.1007      nInu  1074A   5.114 234.0565      Ca B  3771A   1.621   0.0752      He 1 1.083m   1.992   0.1764            
 CT H     0    2.226   0.3029      nFnu  1064A   2.229   0.3048      Ca B  3750A   1.502   0.0572      He 1  3889A   0.945   0.0159            
 H FB     0    2.581   0.6850      nInu  1064A   5.140 248.3710      Ca B  3734A   1.392   0.0444      He 1  3188A   0.401   0.0045            
 HFBc     0    2.581   0.6849      nFnu  1036A   2.004   0.1817      Ca B  3722A   1.290   0.0350      He 1  2945A   0.015   0.0019            
 continua....................      nInu  1036A   5.099 225.9843      Ca B  3712A   1.194   0.0281      He 1  2829A  -0.191   0.0012            
 Bac   3646A   3.763  10.4221      nFnu  1000A   1.693   0.0887      Ca B  3704A   1.105   0.0229      He 1 2.058m   1.049   0.0201            
 nFnu  3645A   3.778  10.7950      nInu  1000A   5.058 205.4571      Ca B  3697A   1.022   0.0189      He 1  5016A   0.248   0.0032            
 nFnu  3647A   2.317   0.3728      nFnu 925.1A   1.273   0.0337      Ca B  3692A   0.944   0.0158      He 1  3965A  -0.240   0.0010            
 cout  3646A   3.462   5.2111      nInu 925.1A   5.077 214.5486      Ca B  3687A   0.870   0.0133      He 1  7065A   0.431   0.0049            
 cref  3646A   3.462   5.2110      nFnu 897.8A   3.965  16.6058      Ca B  3683A   0.801   0.0114      He 1  5876A   1.055   0.0204            
 thin  3646A   3.763  10.4222      nFnu 760.0A   2.213   0.2936      Ca B  3679A   0.735   0.0098      He 1  4471A   0.743   0.0100            
 Inci  4860A   3.957  16.2806      nFnu 701.5A   1.232   0.0307      Ca B  3676A   0.672   0.0085      He 1  4026A   0.558   0.0065            
 Inci  1215A   5.038 196.3993      nInu 608.2A  -0.140   0.0013      Ca B  3674A   0.612   0.0074      He 1  3820A   0.399   0.0045            
 Ba C     0    2.916   1.4837      nFnu 575.1A   0.189   0.0028      Ca B  3671A   0.555   0.0065      He 1  7281A  -0.221   0.0011            
 PA C     0    2.518   0.5931      nInu 575.1A   0.538   0.0062      Ca B 1.875m   2.114   0.2339      He 1  6678A   0.555   0.0065            
 FIR  83.00m   3.563   6.5761      nInu 511.9A   1.619   0.0747      Ca B 1.282m   1.901   0.1432      He 1  4922A   0.206   0.0029            
 TIR   1800m   1.304   0.0362      nFnu 496.9A   3.004   1.8158      Ca B 1.094m   1.755   0.1023      He 1  4388A  -0.048   0.0016            
 NIRa 2.850m   3.783  10.9162      nInu 496.9A   0.260   0.0033      Ca B 1.005m   1.627   0.0761      He 1 1.869m   0.147   0.0025            
 NIRb 3.000m   3.388   4.3969      nInu 399.2A   1.664   0.0830      Ca B  9546A   1.496   0.0564      He 1 1.278m  -0.162   0.0012            
 MIRa 15.00m   3.046   2.0001      RRC.........................      Ca B  9229A   1.364   0.0415      Pho+  3889A   2.079   0.2155            
 MIRb 22.50m   3.249   3.1894      H  1 911.8A   2.835   1.2302      Ca B  9015A   1.232   0.0307      database lines..............            
 NMIR 21.75m   3.783  10.9162      H  1  3646A   2.439   0.4945      Ca B  8863A   1.106   0.0230      level 1 lines...............            
 TFIR 611.2m   3.052   2.0261      H  1  3646A   2.819   1.1847      Ca B  8750A   0.988   0.0175      C  1  1656A   1.262   0.0328            
 TALL 10000A   5.151 254.6028      H  1  8204A   1.683   0.0867      Ca B  8665A   0.878   0.0136      REC   1656A   1.005   0.0182            
 F12  12.00m   2.561   0.6541      H  1  8204A   2.113   0.2335      Ca B  8598A   0.775   0.0107      TOTL  2326A   0.782   0.0109            
 F25  25.00m   2.713   0.9289      H  1  8204A   2.063   0.2080      Ca B  8545A   0.680   0.0086      C  2  2325A   0.110   0.0023            
 F60  60.00m   3.164   2.6242      H  1 1.458m   1.172   0.0267      Ca B  8502A   0.591   0.0070      C  2  2329A   0.128   0.0024            
 F100 100.0m   2.976   1.6998      H  1 1.458m   1.610   0.0733      Ca B  8467A   0.508   0.0058      C  2  2327A   0.462   0.0052            
 MIPS 24.00m   2.396   0.4480      H  1 1.458m   1.670   0.0841      Ca B  8438A   0.430   0.0048      C  2  1335A   0.677   0.0086            
 MIPS 70.00m   2.806   1.1509      H  1 1.458m   1.385   0.0436      Ca B  8413A   0.357   0.0041      N  1 953.9A   0.572   0.0067            
 MIPS 160.0m   2.580   0.6843      H  1 2.279m   0.796   0.0112      Ca B  8392A   0.287   0.0035      N  1 954.1A   0.132   0.0024            
 IRAC 3.600m   2.074   0.2135      H  1 2.279m   1.235   0.0309      Ca B  8374A   0.221   0.0030      N  1  1200A   0.649   0.0080            
 IRAC 4.500m   2.176   0.2696      H  1 2.279m   1.328   0.0382      Ca B  8359A   0.159   0.0026      N  2  1085A  -0.130   0.0013            
 IRAC 5.800m   2.025   0.1906      H  1 2.279m   1.191   0.0279      Ca B  8346A   0.099   0.0023      Na 1  5892A   2.132   0.2438            
 IRAC 8.000m   2.290   0.3503      H  1 2.279m   0.745   0.0100      Ca B  8334A   0.042   0.0020      Mg 1  4561A   0.268   0.0033            
 SPR1 250.0m   2.160   0.2602      H  1 3.281m   0.502   0.0057      Ca B 4.051m   1.492   0.0558      Mg 1  2853A   1.052   0.0203            
 SPR2 350.0m   1.728   0.0962      H  1 3.281m   0.940   0.0156      Ca B 2.625m   1.372   0.0423      TOTL  2798A   3.354   4.0619            
 SPR3 500.0m   1.348   0.0401      H  1 3.281m   1.046   0.0200      Ca B 2.166m   1.251   0.0320      Mg 2  2796A   3.175   2.6880            
 PAC1 70.00m   2.868   1.3282      H  1 3.281m   0.965   0.0166      Ca B 1.945m   1.123   0.0239      Mg 2  2803A   2.883   1.3739            
 PAC2 100.0m   2.980   1.7193      H  1 3.281m   0.694   0.0089      Ca B 1.817m   0.993   0.0177      totl  2665A   1.301   0.0360            
 PAC3 160.0m   2.837   1.2369      H  1 3.281m   0.135   0.0025      Ca B 1.736m   0.862   0.0131      Al 2  2670A   1.301   0.0360            
 PAH  3.300m   1.315   0.0372      H  1 4.466m   0.263   0.0033      Ca B 1.681m   0.737   0.0098      TOTL  2335A   1.487   0.0552            
 PAHC 3.230m   0.939   0.0156      H  1 4.466m   0.698   0.0090      Ca B 1.641m   0.619   0.0075      Si 2  2334A   0.837   0.0124            
 PAHC 3.370m   0.854   0.0128      H  1 4.466m   0.810   0.0116      Ca B 1.611m   0.509   0.0058      Si 2  2350A   0.725   0.0095            
 PAH  6.200m   1.572   0.0671      H  1 4.466m   0.756   0.0102      Ca B 1.588m   0.407   0.0046      Si 2  2344A   0.751   0.0101            
 PAHC 5.650m   1.558   0.0650      H  1 4.466m   0.557   0.0065      Ca B 1.570m   0.312   0.0037      Si 2  2336A   1.107   0.0230            
 PAH  7.900m   1.913   0.1473      H  1 4.466m   0.191   0.0028      Ca B 1.556m   0.224   0.0030      Si 2  1814A   0.914   0.0147            
 PAHC 6.900m   1.814   0.1173      H  1 5.834m   0.061   0.0021      Ca B 1.544m   0.141   0.0025      Si 2  1531A   0.364   0.0042            
 PAH  11.30m   1.373   0.0425      H  1 5.834m   0.495   0.0056      Ca B 1.534m   0.063   0.0021      Si 2  1308A   0.389   0.0044            
 PAHC 10.90m   1.344   0.0397      H  1 5.834m   0.609   0.0073      Ca B 1.526m  -0.011   0.0018      Si 2  1263A   0.685   0.0087            
 PAH  11.80m   1.575   0.0676      H  1 5.834m   0.568   0.0066      Ca B 1.519m  -0.080   0.0015      S  2  1256A   0.093   0.0022            
 PAHC 12.65m   1.638   0.0782      H  1 5.834m   0.406   0.0046      Ca B 1.513m  -0.146   0.0013      K  1  7676A   0.857   0.0129            
 PAH  13.30m   1.622   0.0753      H  1 5.834m   0.125   0.0024      Ca B 1.508m  -0.209   0.0011      Ca 1  4228A   2.476   0.5383            
 PAHC 14.10m   1.618   0.0747      H  1 7.383m  -0.114   0.0014      Ca B 7.458m   1.043   0.0199      Ca 2  3933A   3.331   3.8542            
 Bcon  3640A   5.075 213.7389      H  1 7.383m   0.319   0.0037      Ca B 4.653m   0.948   0.0160      Ca 2  8579A   2.485   0.5495            
 Pcon  5000A   4.118  23.5918      H  1 7.383m   0.434   0.0049      Ca B 3.740m   0.828   0.0121      Ca 2  7306A   0.264   0.0033            
 HFFc     0    2.519   0.5947      H  1 7.383m   0.401   0.0045      Ca B 3.296m   0.701   0.0090      Ca2K  3934A   3.137   2.4643            
 H FF     0    2.293   0.3531      H  1 7.383m   0.260   0.0033      Ca B 3.038m   0.572   0.0067      Ca2H  3969A   2.888   1.3899            
 HeFF     0    0.675   0.0085      H  1 7.383m   0.025   0.0019      Ca B 2.872m   0.448   0.0050      Ca2X  8498A   1.397   0.0448            
 MeFB     0    0.822   0.0119      H  1 9.115m   0.165   0.0026      Ca B 2.758m   0.331   0.0039      Ca2Y  8542A   2.303   0.3610            
 MeFF     0    0.267   0.0033      H  1 9.115m   0.280   0.0034      Ca B 2.674m   0.221   0.0030      Ca2Z  8662A   1.902   0.1436            
 ToFF     0    2.307   0.3649      H  1 9.115m   0.252   0.0032      Ca B 2.612m   0.120   0.0024      CaF1  7291A   0.046   0.0020            
 nFnu 122.4m   0.808   0.0116      H  1 9.115m   0.124   0.0024      Ca B 2.564m   0.025   0.0019      CaF2  7324A  -0.139   0.0013            
 nInu 122.4m   3.390   4.4149      H  1 9.115m  -0.083   0.0015      Ca B 2.525m  -0.063   0.0016      Fe2c     0    3.245   3.1579            
 nFnu 60.83m   1.066   0.0210      H  1 11.03m   0.808   0.0116      Ca B 2.495m  -0.146   0.0013      Fe 2  4300A   0.096   0.0022            
 nInu 60.83m   3.343   3.9586      H  1 13.13m   0.696   0.0089      Ca B 2.469m  -0.224   0.0011      Fe 2  2400A   3.262   3.2894            
 nFnu 41.22m   1.228   0.0304      H  1 15.40m   0.592   0.0070      Ca B 12.37m   0.671   0.0084      Fe 2  6200A   1.293   0.0353            
 nInu 41.22m   3.230   3.0564      H  1 17.87m   0.497   0.0056      Ca B 7.500m   0.577   0.0068      Fe 2 1.150m   0.439   0.0049            
 nFnu 30.87m   1.342   0.0395      H  1 20.51m   0.408   0.0046      Ca B 5.907m   0.457   0.0052      Fe 2  1786A   0.879   0.0136            
 nInu 30.87m   3.128   2.4145      H  1 23.33m   0.324   0.0038      Ca B 5.127m   0.332   0.0039      recombination...............            
 nFnu 24.78m   1.430   0.0484      H  1 26.34m   0.246   0.0032      Ca B 4.671m   0.209   0.0029      level2 lines................            
 nInu 24.78m   3.049   2.0119      H  1 29.53m   0.172   0.0027      Ca B 4.375m   0.093   0.0022      C  1 943.9A   0.871   0.0133            
 nFnu 24.30m   1.437   0.0492      H  1 32.91m   0.102   0.0023      Ca B 4.170m  -0.015   0.0017      C  1  1248A   0.625   0.0076            
 nInu 24.30m   3.042   1.9788      H  1 36.46m   0.035   0.0020      Ca B 4.020m  -0.116   0.0014      C  1 841.0A  -0.178   0.0012            
 nFnu 22.83m   1.463   0.0522      H  1 40.20m  -0.028   0.0017      Ca B 3.906m  -0.211   0.0011      C  1  1561A   0.426   0.0048            
 nInu 22.83m   3.020   1.8828      H  1 44.12m  -0.088   0.0015      Ca B 19.06m   0.336   0.0039      C  1  1315A   0.556   0.0065            
 nFnu 21.42m   1.487   0.0552      H  1 48.22m  -0.146   0.0013      Ca B 11.31m   0.242   0.0031      C  1  1166A   0.513   0.0059            
 nInu 21.42m   2.997   1.7840      H  1 52.50m  -0.201   0.0011      Ca B 8.758m   0.124   0.0024      C  1  1233A   0.391   0.0044            
 nFnu 21.12m   1.493   0.0559      H  1 56.97m   0.980   0.0172      Ca B 7.506m   0.005   0.0018      C  1  1132A   0.485   0.0055            
 nInu 21.12m   2.991   1.7619      He 1 504.3A   1.722   0.0948      Ca B 6.770m  -0.109   0.0014      C  1  1251A   0.477   0.0054            
 nFnu 19.62m   1.523   0.0599      He 1  2600A   0.760   0.0103      Ca B 6.290m  -0.217   0.0011      C  1  1112A   0.423   0.0048            
 nInu 19.62m   2.965   1.6603      He 1  3121A   0.248   0.0032      Ca B 27.80m   0.027   0.0019      C  1  1115A   0.403   0.0045            
 nFnu 17.65m   1.568   0.0666      He 1  3421A   0.308   0.0037      Ca B 16.20m  -0.065   0.0015      C  1  1162A   0.368   0.0042            
 nInu 17.65m   2.922   1.5025      He 1  3421A   0.786   0.0110      Ca B 12.38m  -0.176   0.0012      C  1  1167A   0.339   0.0039            
 nFnu 17.37m   1.574   0.0674      He 1  3421A   1.007   0.0183      H  1     0    0.761   0.0104      C  1  1104A   0.412   0.0046            
 nInu 17.37m   2.916   1.4821      He 1  3679A   0.591   0.0070      H  1  1216A   4.177  27.0034      C  1  1109A   0.383   0.0043            
 nFnu 15.69m   1.611   0.0734      He 1  6632A  -0.200   0.0011      H  1  1026A   0.953   0.0162      C  1  1130A   0.249   0.0032            
 nInu 15.69m   2.877   1.3534      He 1  7843A   0.496   0.0056      H  1 972.5A   0.816   0.0118      C  1  1098A   0.324   0.0038            
 nFnu 14.60m   1.643   0.0790      He 1  8188A   0.337   0.0039      H  1 949.7A   0.871   0.0134      C  1  1132A   0.300   0.0036            
 nInu 14.60m   2.849   1.2701      He 1  8191A  -0.152   0.0013      H  1 937.8A   0.835   0.0123      C  1  1106A   0.252   0.0032            
 nFnu 12.43m   1.710   0.0923      He 1  8261A  -0.102   0.0014      H  1 930.8A   0.775   0.0107      C  1  1093A   0.166   0.0026            
 nInu 12.43m   2.784   1.0933      He 1 1.409m  -0.030   0.0017      H  1 926.2A   0.717   0.0094      C  1  1110A   0.077   0.0021            
 nFnu 11.40m   1.740   0.0989      He 1 1.456m  -0.053   0.0016      H  1 923.2A   0.667   0.0083      C  1  1114A   0.062   0.0021            
 nInu 11.40m   2.750   1.0121      He 1 4.465m  -0.223   0.0011      H  1 921.0A   0.623   0.0076      C  1  1115A   0.054   0.0020            
 nFnu 10.46m   1.781   0.1085      C  1  1101A   1.189   0.0278      H  1  6563A   3.174   2.6841      C  1  1090A   0.065   0.0021            
 nInu 10.46m   2.717   0.9369      Si 1  1521A   0.694   0.0089      H  1  4861A   2.745   1.0000      C  1  1104A  -0.012   0.0017            
 nFnu 9.480m   1.815   0.1175      S  1  1197A   0.698   0.0090      H  1  4340A   2.600   0.7163      C  1  1104A  -0.019   0.0017            
 nInu 9.480m   2.677   0.8556      grains......................      H  1  4102A   2.435   0.4896      C  1  1098A  -0.157   0.0013            
 nFnu 9.325m   1.820   0.1189      H-like iso-sequence.........      H  1  3970A   2.251   0.3202      C  1  1097A  -0.172   0.0012            
 nInu 9.325m   2.671   0.8440      Hlin 912.0A   2.821   1.1896      H  1  3889A   2.066   0.2093      C  2 892.8A   0.143   0.0025            
 nFnu 8.210m   1.878   0.1357      Cool  1216A   0.055   0.0020      H  1  3835A   1.895   0.1411      C  2 688.8A  -0.074   0.0015            
 nInu 8.210m   2.620   0.7494      Crst 960.0A  -0.132   0.0013      H  1  3798A   1.740   0.0987      C  2  1020A   0.756   0.0103            
 nFnu 7.580m   1.904   0.1441      Hrst 960.0A   2.419   0.4720      H  1 1.875m   2.197   0.2829      C  2 596.6A  -0.095   0.0014            
 nInu 7.580m   2.588   0.6963      Crst  4861A   2.344   0.3975      H  1 1.282m   2.070   0.2111      N  1 942.3A   0.681   0.0086            
 nFnu 7.050m   1.945   0.1584      Hrst     0    2.266   0.3317      H  1 1.094m   1.912   0.1468      N  1 952.1A   0.571   0.0067            
 nInu 7.050m   2.560   0.6527      3bHt     0    1.578   0.0681      H  1 1.005m   1.731   0.0968      N  1  1131A   0.427   0.0048            
 nFnu 4.114m   2.162   0.2611      Ca B  1216A   3.963  16.5320      H  1  9546A   1.548   0.0635      O  1 867.3A  -0.006   0.0018            
 nInu 4.114m   2.456   0.5134      Q(H)  4861A   2.951   1.6055      H  1  9229A   1.378   0.0430      O  1 976.8A   0.645   0.0079            
 nFnu 2.324m   2.311   0.3677      Q(H)  1216A   4.213  29.3855      H  1  9015A   1.224   0.0301      O  1 969.0A   0.620   0.0075            
 nInu 2.324m   2.681   0.8628      CaBo  4861A   2.447   0.5039      H  1 4.051m   1.659   0.0820      O  1 946.4A   0.643   0.0079            
 nFnu 1.643m   2.417   0.4703      Ca A  1216A   2.545   0.6312      H  1 2.625m   1.528   0.0606      O  1 934.5A   0.631   0.0077            
 nInu 1.643m   2.914   1.4744      Ca A  1026A   1.994   0.1775      H  1 2.166m   1.355   0.0407      O  1 973.6A   0.481   0.0054            
 nFnu 1.480m   2.443   0.4986      Ca A 972.5A   1.731   0.0968      H  1 1.945m   1.175   0.0269      O  1 927.5A   0.462   0.0052            
 nInu 1.480m   2.958   1.6322      Ca A 949.7A   1.563   0.0657      H  1 1.817m   1.007   0.0183      O  1 948.5A   0.452   0.0051            
 nFnu 1.436m   2.685   0.8703      Ca A 937.8A   1.441   0.0496      H  1 1.736m   0.854   0.0128      O  1 923.0A   0.300   0.0036            
 nInu 1.436m   3.085   2.1853      Ca A 930.8A   1.364   0.0416      H  1 7.458m   1.198   0.0284      O  1 919.9A   0.228   0.0030            
 nFnu 1.119m   2.745   1.0002      Ca A 926.2A   1.319   0.0375      H  1 4.653m   1.052   0.0203      O  1 935.7A   0.363   0.0041            
 nInu 1.119m   3.234   3.0815      Ca A 923.2A   1.268   0.0334      H  1 3.740m   0.880   0.0136      O  1 917.7A   0.148   0.0025            
 nFnu  8330A   2.767   1.0514      Ca A 921.0A   1.198   0.0284      H  1 3.296m   0.715   0.0093      O  1 918.7A   0.071   0.0021            
 nInu  8330A   3.419   4.7167      Ca A 919.4A   1.114   0.0234      H  1 3.038m   0.564   0.0066      O  1 928.2A   0.110   0.0023            
 nFnu  8079A   3.140   2.4812      Ca A 918.1A   1.024   0.0190      H  1 12.37m   0.774   0.0107      O  1 917.5A  -0.013   0.0017            
 nInu  8079A   3.574   6.7472      Ca A 917.2A   0.932   0.0154      H  1 7.500m   0.629   0.0076      O  1 923.4A  -0.128   0.0013            
 nFnu  6210A   2.965   1.6588      Ca A 916.4A   0.840   0.0124      H  1 5.907m   0.471   0.0053      Al 2  1671A   0.374   0.0043            
 nInu  6210A   3.751  10.1284      Ca A 915.8A   0.752   0.0102      H  1 5.127m   0.323   0.0038      Si 2  1180A   0.714   0.0093            
 nFnu  4885A   2.713   0.9291      Ca A 915.3A   0.667   0.0084      H  1 19.06m   0.387   0.0044      Si 2 993.4A   0.390   0.0044            
 nInu  4885A   3.958  16.3307      Ca A 914.9A   0.586   0.0069      H  1 11.31m   0.256   0.0032      Si 2  1024A   0.192   0.0028            
 nFnu  3704A   2.287   0.3479      Ca A 914.6A   0.510   0.0058      H  1 8.758m   0.116   0.0023      S  1  1356A  -0.221   0.0011            
 nInu  3704A   4.192  27.9566      Ca A 914.3A   0.437   0.0049      H  1 27.80m   0.041   0.0020      S  2 750.3A  -0.147   0.0013            
 nFnu  3588A   3.745  10.0059      Ca A 914.0A   0.368   0.0042      H  1 16.20m  -0.073   0.0015      Ar 1  1096A   0.273   0.0034            
 nInu  3588A   4.356  40.8068      Ca A 913.8A   0.302   0.0036      He-like iso-sequence........      Ar 1 922.5A  -0.009   0.0018            
 nFnu  2430A   2.632   0.7701      Ca A 913.6A   0.239   0.0031      Clin 506.0A   1.996   0.1784      Ar 1 918.5A  -0.031   0.0017            
 nInu  2430A   4.601  71.8226      Ca A 913.5A   0.180   0.0027      Ca B  2945A   0.363   0.0041      P  2 967.2A  -0.144   0.0013            
 nFnu  2392A   2.577   0.6794      Ca A 913.3A   0.123   0.0024      Ca B  3188A   0.729   0.0096      P  2 963.8A   0.106   0.0023            
 nInu  2392A   4.612  73.5886      Ca A  6563A   1.294   0.0354      Ca B  3614A  -0.206   0.0011      Sc 2  3628A  -0.160   0.0012            
 nFnu  2071A   2.036   0.1955      Ca A  4861A   0.944   0.0158      Ca B  3889A   1.349   0.0401      Ti 2  3366A   1.442   0.0498            
 nInu  2071A   4.728  96.1519      Ca A  4340A   0.728   0.0096      Ca B  3965A   0.089   0.0022      Ti 2  3238A   1.155   0.0257            
 nFnu  2053A   1.995   0.1779      Ca A  4102A   0.587   0.0069      Ca B  4026A   0.891   0.0140      Cr 1  4271A   0.743   0.0100            
 nInu  2053A   4.729  96.3463      Ca A  3970A   0.503   0.0057      Ca B  4388A   0.277   0.0034      Cr 1  3591A   0.754   0.0102            
 nFnu  1793A   1.458   0.0516      Ca A  3889A   0.456   0.0051      Ca B  4471A   1.081   0.0217      Cr 2  2060A   0.070   0.0021            
 nInu  1793A   4.833 122.3159      Ca A  3835A   0.405   0.0046      Ca B  4713A   0.032   0.0019      Mn 2  2590A   1.355   0.0407            
 nFnu  1585A   1.182   0.0273      Ca A  3798A   0.334   0.0039      Ca B  4922A   0.535   0.0062      Ni 2  1752A  -0.235   0.0010            
 nInu  1585A   4.858 129.7489      Ca A  3771A   0.251   0.0032      Ca B  5016A   0.621   0.0075      Ni 2  1744A  -0.124   0.0014            
 nFnu  1458A   1.713   0.0928      Ca A  3750A   0.161   0.0026      Ca B  5876A   1.443   0.0499      Ni 2  1376A  -0.092   0.0015            
 nInu  1458A   4.959 163.8026      Ca A  3734A   0.068   0.0021      Ca B  6678A   0.983   0.0173      Ni 2  1324A  -0.063   0.0016            
 nFnu  1357A   1.372   0.0423      Ca A  3722A  -0.023   0.0017      Ca B  7065A   1.178   0.0271      hyperfine structure.........            
 nInu  1357A   5.028 191.6241      Ca A  3712A  -0.111   0.0014      Ca B  7281A   0.451   0.0051      inner shell.................            
 nFnu  1297A   1.247   0.0318      Ca A  3704A  -0.196   0.0011      Ca B 1.083m   3.159   2.5924      molecules...................            
 nInu  1297A   5.035 195.1130      Ca A 1.875m   0.450   0.0051      Ca B 1.197m  -0.106   0.0014      H2vH     0    0.736   0.0098            
 nFnu  1263A   1.340   0.0394      Ca A 1.282m   0.224   0.0030      Ca B 1.278m   0.183   0.0027      H-FB     0    2.269   0.3338            
 nInu  1263A   5.023 189.6485      Ca A 1.094m   0.075   0.0021      Ca B 1.700m  -0.070   0.0015      H-FF     0    2.107   0.2300            
 nFnu  1218A   3.896  14.1437      Ca A 1.005m  -0.012   0.0018      Ca B 1.869m   0.500   0.0057      H-CT  6563A   2.499   0.5674            
 nInu  1218A   5.037 195.6117      Ca A  9546A  -0.059   0.0016      Ca B 1.870m   0.035   0.0019      H2+      0    1.973   0.1689            
 nFnu  1196A   2.252   0.3211      Ca A  9229A  -0.111   0.0014      Ca B 2.058m   2.436   0.4911      HEH+     0    0.436   0.0049            
 nInu  1196A   5.042 198.3001      Ca A  9015A  -0.181   0.0012      He 1     0    0.550   0.0064            
 nFnu  1175A   1.935   0.1550      Ca A 4.051m  -0.165   0.0012      He 1 584.3A   1.922   0.1504            

                                                    Emergent line intensities
 general properties..........      nFnu  1357A   1.372   0.0423      Ca B  8346A   0.099   0.0023      He 1  7065A   0.431   0.0049            
 TOTL  4861A   2.745   1.0000      nInu  1357A   5.028 191.6296      Ca B  8334A   0.042   0.0020      He 1  5876A   1.055   0.0204            
 TOTL  1216A   4.176  27.0014      nFnu  1297A   1.247   0.0318      Ca B 4.051m   1.492   0.0558      He 1  4471A   0.743   0.0100            
 continua....................      nInu  1297A   5.035 195.1185      Ca B 2.625m   1.372   0.0423      He 1  4026A   0.558   0.0065            
 Bac   3646A   3.763  10.4224      nFnu  1263A   1.340   0.0394      Ca B 2.166m   1.251   0.0320      He 1  3820A   0.399   0.0045            
 nFnu  3645A   3.778  10.7953      nInu  1263A   5.023 189.6538      Ca B 1.945m   1.123   0.0239      He 1  7281A  -0.221   0.0011            
 nFnu  3647A   2.317   0.3729      nFnu  1218A   3.896  14.1441      Ca B 1.817m   0.993   0.0177      He 1  6678A   0.555   0.0065            
 cout  3646A   3.462   5.2112      nInu  1218A   5.037 195.6172      Ca B 1.736m   0.862   0.0131      He 1  4922A   0.206   0.0029            
 cref  3646A   3.462   5.2112      nFnu  1196A   2.252   0.3211      Ca B 1.681m   0.737   0.0098      He 1  4388A  -0.048   0.0016            
 thin  3646A   3.763  10.4225      nInu  1196A   5.042 198.3057      Ca B 1.641m   0.619   0.0075      He 1 1.869m   0.147   0.0025            
 Inci  4860A   3.957  16.2811      nFnu  1175A   1.935   0.1550      Ca B 1.611m   0.509   0.0058      He 1 1.278m  -0.162   0.0012            
 Inci  1215A   5.038 196.4049      nInu  1175A   5.019 187.9310      Ca B 1.588m   0.407   0.0046      Pho+  3889A   2.079   0.2155            
 FIR  83.00m   3.563   6.5753      nFnu  1144A   1.685   0.0871      Ca B 1.570m   0.312   0.0037      database lines..............            
 TIR   1800m   1.300   0.0359      nInu  1144A   5.120 237.2392      Ca B 1.556m   0.224   0.0030      level 1 lines...............            
 NIRa 2.850m   3.783  10.9165      nFnu  1113A   1.490   0.0556      Ca B 1.544m   0.141   0.0025      C  1  1656A   1.262   0.0328            
 NIRb 3.000m   3.388   4.3971      nInu  1113A   5.036 195.4116      Ca B 1.534m   0.063   0.0021      REC   1656A   1.005   0.0182            
 MIRa 15.00m   3.046   2.0002      nFnu  1103A   2.540   0.6239      Ca B 1.526m  -0.011   0.0018      TOTL  2326A   0.782   0.0109            
 MIRb 22.50m   3.249   3.1895      nInu  1103A   5.129 242.2375      Ca B 1.519m  -0.080   0.0015      C  2  2325A   0.110   0.0023            
 NMIR 21.75m   3.783  10.9165      nFnu  1074A   2.318   0.3743      Ca B 1.513m  -0.146   0.0013      C  2  2329A   0.128   0.0024            
 TFIR 611.2m   3.051   2.0243      nInu  1074A   5.114 234.0632      Ca B 1.508m  -0.209   0.0011      C  2  2327A   0.462   0.0052            
 TALL 10000A   5.151 254.6001      nFnu  1064A   2.229   0.3048      Ca B 7.458m   1.043   0.0199      C  2  1335A   0.677   0.0086            
 F12  12.00m   2.561   0.6541      nInu  1064A   5.140 248.3780      Ca B 4.653m   0.948   0.0160      N  1 953.9A   0.565   0.0066            
 F25  25.00m   2.713   0.9289      nFnu  1036A   2.004   0.1817      Ca B 3.740m   0.828   0.0121      N  1 954.1A   0.124   0.0024            
 F60  60.00m   3.164   2.6242      nInu  1036A   5.099 225.9906      Ca B 3.296m   0.701   0.0090      N  1  1200A   0.649   0.0080            
 F100 100.0m   2.975   1.6997      nFnu  1000A   1.693   0.0887      Ca B 3.038m   0.572   0.0067      N  2  1085A  -0.139   0.0013            
 MIPS 24.00m   2.396   0.4480      nInu  1000A   5.058 205.4629      Ca B 2.872m   0.448   0.0050      Na 1  5892A   2.132   0.2438            
 MIPS 70.00m   2.806   1.1509      nFnu 925.1A   1.273   0.0337      Ca B 2.758m   0.331   0.0039      Mg 1  4561A   0.268   0.0033            
 MIPS 160.0m   2.580   0.6842      nInu 925.1A   5.077 214.5547      Ca B 2.674m   0.221   0.0030      Mg 1  2853A   1.052   0.0203            
 IRAC 3.600m   2.074   0.2135      nFnu 897.8A   3.965  16.6063      Ca B 2.612m   0.120   0.0024      TOTL  2798A   3.354   4.0620            
 IRAC 4.500m   2.176   0.2696      nFnu 760.0A   2.213   0.2936      Ca B 2.564m   0.025   0.0019      Mg 2  2796A   3.175   2.6880            
 IRAC 5.800m   2.025   0.1906      nFnu 701.5A   1.232   0.0307      Ca B 2.525m  -0.063   0.0016      Mg 2  2803A   2.883   1.3739            
 IRAC 8.000m   2.290   0.3503      nInu 608.2A  -0.140   0.0013      Ca B 2.495m  -0.146   0.0013      totl  2665A   1.301   0.0360            
 SPR1 250.0m   2.160   0.2601      nFnu 575.1A   0.189   0.0028      Ca B 2.469m  -0.224   0.0011      Al 2  2670A   1.301   0.0360            
 SPR2 350.0m   1.728   0.0961      nInu 575.1A   0.538   0.0062      Ca B 12.37m   0.671   0.0084      TOTL  2335A   1.487   0.0552            
 SPR3 500.0m   1.348   0.0400      nInu 511.9A   1.619   0.0747      Ca B 7.500m   0.577   0.0068      Si 2  2334A   0.837   0.0124            
 PAC1 70.00m   2.868   1.3282      nFnu 496.9A   3.004   1.8159      Ca B 5.907m   0.457   0.0052      Si 2  2350A   0.725   0.0095            
 PAC2 100.0m   2.980   1.7193      nInu 496.9A   0.260   0.0033      Ca B 5.127m   0.332   0.0039      Si 2  2344A   0.751   0.0101            
 PAC3 160.0m   2.837   1.2368      nInu 399.2A   1.664   0.0830      Ca B 4.671m   0.209   0.0029      Si 2  2336A   1.107   0.0230            
 PAH  3.300m   1.315   0.0372      RRC.........................      Ca B 4.375m   0.093   0.0022      Si 2  1814A   0.914   0.0147            
 PAHC 3.230m   0.939   0.0156      grains......................      Ca B 4.170m  -0.015   0.0017      Si 2  1531A   0.364   0.0042            
 PAHC 3.370m   0.854   0.0128      H-like iso-sequence.........      Ca B 4.020m  -0.116   0.0014      Si 2  1308A   0.389   0.0044            
 PAH  6.200m   1.572   0.0671      Hlin 912.0A   2.821   1.1896      Ca B 3.906m  -0.211   0.0011      Si 2  1263A   0.685   0.0087            
 PAHC 5.650m   1.558   0.0650      Cool  1216A   0.055   0.0020      Ca B 19.06m   0.336   0.0039      S  2  1256A   0.093   0.0022            
 PAH  7.900m   1.913   0.1473      Crst 960.0A  -0.132   0.0013      Ca B 11.31m   0.242   0.0031      K  1  7676A   0.857   0.0129            
 PAHC 6.900m   1.814   0.1173      Hrst 960.0A   2.419   0.4720      Ca B 8.758m   0.124   0.0024      Ca 1  4228A   2.476   0.5383            
 PAH  11.30m   1.373   0.0425      Crst  4861A   2.344   0.3975      Ca B 7.506m   0.005   0.0018      Ca 2  3933A   3.331   3.8543            
 PAHC 10.90m   1.344   0.0397      Ca B  1216A   3.963  16.5324      Ca B 6.770m  -0.109   0.0014      Ca 2  8579A   2.485   0.5495            
 PAH  11.80m   1.575   0.0676      Q(H)  4861A   2.951   1.6055      Ca B 6.290m  -0.217   0.0011      Ca 2  7306A   0.264   0.0033            
 PAHC 12.65m   1.638   0.0782      Q(H)  1216A   4.213  29.3863      Ca B 27.80m   0.027   0.0019      Ca2K  3934A   3.137   2.4643            
 PAH  13.30m   1.622   0.0753      Ca A  1216A   2.545   0.6310      Ca B 16.20m  -0.065   0.0015      Ca2H  3969A   2.888   1.3899            
 PAHC 14.10m   1.618   0.0747      Ca A  1026A   1.985   0.1736      Ca B 12.38m  -0.176   0.0012      Ca2X  8498A   1.397   0.0448            
 Bcon  3640A   5.075 213.7250      Ca A 972.5A   1.721   0.0947      H  1  1216A   4.176  27.0014      Ca2Y  8542A   2.303   0.3610            
 Pcon  5000A   4.118  23.5917      Ca A 949.7A   1.553   0.0643      H  1  1026A   0.953   0.0161      Ca2Z  8662A   1.902   0.1436            
 nFnu 122.4m   0.808   0.0116      Ca A 937.8A   1.432   0.0486      H  1 972.5A   0.816   0.0118      CaF1  7291A   0.046   0.0020            
 nInu 122.4m   3.390   4.4150      Ca A 930.8A   1.355   0.0407      H  1 949.7A   0.871   0.0134      CaF2  7324A  -0.139   0.0013            
 nFnu 60.83m   1.066   0.0210      Ca A 926.2A   1.310   0.0367      H  1 937.8A   0.834   0.0123      Fe 2  4300A   0.096   0.0022            
 nInu 60.83m   3.343   3.9587      Ca A 923.2A   1.259   0.0327      H  1 930.8A   0.775   0.0107      Fe 2  2400A   3.262   3.2894            
 nFnu 41.22m   1.228   0.0304      Ca A 921.0A   1.189   0.0278      H  1 926.2A   0.717   0.0094      Fe 2  6200A   1.293   0.0353            
 nInu 41.22m   3.230   3.0565      Ca A 919.4A   1.105   0.0229      H  1 923.2A   0.666   0.0083      Fe 2 1.150m   0.439   0.0049            
 nFnu 30.87m   1.342   0.0395      Ca A 918.1A   1.015   0.0186      H  1 921.0A   0.623   0.0075      Fe 2  1786A   0.879   0.0136            
 nInu 30.87m   3.128   2.4145      Ca A 917.2A   0.923   0.0150      H  1  6563A   3.174   2.6841      recombination...............            
 nFnu 24.78m   1.430   0.0484      Ca A 916.4A   0.831   0.0122      H  1  4861A   2.745   1.0000      level2 lines................            
 nInu 24.78m   3.049   2.0119      Ca A 915.8A   0.743   0.0099      H  1  4340A   2.600   0.7163      C  1 943.9A   0.867   0.0132            
 nFnu 24.30m   1.437   0.0492      Ca A 915.3A   0.658   0.0082      H  1  4102A   2.435   0.4896      C  1  1248A   0.625   0.0076            
 nInu 24.30m   3.042   1.9788      Ca A 914.9A   0.577   0.0068      H  1  3970A   2.251   0.3202      C  1  1561A   0.426   0.0048            
 nFnu 22.83m   1.463   0.0522      Ca A 914.6A   0.501   0.0057      H  1  3889A   2.066   0.2093      C  1  1315A   0.556   0.0065            
 nInu 22.83m   3.020   1.8828      Ca A 914.3A   0.428   0.0048      H  1  3835A   1.895   0.1411      C  1  1166A   0.513   0.0059            
 nFnu 21.42m   1.487   0.0552      Ca A 914.0A   0.359   0.0041      H  1  3798A   1.740   0.0987      C  1  1233A   0.391   0.0044            
 nInu 21.42m   2.997   1.7840      Ca A 913.8A   0.293   0.0035      H  1 1.875m   2.197   0.2829      C  1  1132A   0.485   0.0055            
 nFnu 21.12m   1.493   0.0559      Ca A 913.6A   0.230   0.0031      H  1 1.282m   2.070   0.2111      C  1  1251A   0.477   0.0054            
 nInu 21.12m   2.991   1.7620      Ca A 913.5A   0.171   0.0027      H  1 1.094m   1.912   0.1468      C  1  1112A   0.422   0.0048            
 nFnu 19.62m   1.523   0.0599      Ca A 913.3A   0.114   0.0023      H  1 1.005m   1.731   0.0968      C  1  1115A   0.403   0.0045            
 nInu 19.62m   2.965   1.6604      Ca A  6563A   1.294   0.0354      H  1  9546A   1.548   0.0635      C  1  1162A   0.368   0.0042            
 nFnu 17.65m   1.568   0.0666      Ca A  4861A   0.944   0.0158      H  1  9229A   1.378   0.0430      C  1  1167A   0.338   0.0039            
 nInu 17.65m   2.922   1.5025      Ca A  4340A   0.728   0.0096      H  1  9015A   1.224   0.0301      C  1  1104A   0.404   0.0046            
 nFnu 17.37m   1.574   0.0674      Ca A  4102A   0.587   0.0069      H  1 4.051m   1.659   0.0820      C  1  1109A   0.382   0.0043            
 nInu 17.37m   2.916   1.4822      Ca A  3970A   0.503   0.0057      H  1 2.625m   1.528   0.0606      C  1  1130A   0.248   0.0032            
 nFnu 15.69m   1.611   0.0734      Ca A  3889A   0.456   0.0051      H  1 2.166m   1.355   0.0407      C  1  1098A   0.316   0.0037            
 nInu 15.69m   2.877   1.3535      Ca A  3835A   0.405   0.0046      H  1 1.945m   1.175   0.0269      C  1  1132A   0.300   0.0036            
 nFnu 14.60m   1.643   0.0790      Ca A  3798A   0.334   0.0039      H  1 1.817m   1.007   0.0183      C  1  1106A   0.251   0.0032            
 nInu 14.60m   2.849   1.2701      Ca A  3771A   0.251   0.0032      H  1 1.736m   0.854   0.0128      C  1  1093A   0.158   0.0026            
 nFnu 12.43m   1.710   0.0923      Ca A  3750A   0.161   0.0026      H  1 7.458m   1.198   0.0284      C  1  1110A   0.077   0.0021            
 nInu 12.43m   2.784   1.0934      Ca A  3734A   0.068   0.0021      H  1 4.653m   1.052   0.0203      C  1  1114A   0.062   0.0021            
 nFnu 11.40m   1.740   0.0989      Ca A  3722A  -0.023   0.0017      H  1 3.740m   0.880   0.0136      C  1  1115A   0.054   0.0020            
 nInu 11.40m   2.750   1.0121      Ca A  3712A  -0.111   0.0014      H  1 3.296m   0.715   0.0093      C  1  1090A   0.057   0.0020            
 nFnu 10.46m   1.781   0.1085      Ca A  3704A  -0.196   0.0011      H  1 3.038m   0.564   0.0066      C  1  1104A  -0.021   0.0017            
 nInu 10.46m   2.717   0.9369      Ca A 1.875m   0.450   0.0051      H  1 12.37m   0.774   0.0107      C  1  1104A  -0.028   0.0017            
 nFnu 9.480m   1.815   0.1175      Ca A 1.282m   0.224   0.0030      H  1 7.500m   0.629   0.0076      C  1  1098A  -0.167   0.0012            
 nInu 9.480m   2.677   0.8557      Ca A 1.094m   0.075   0.0021      H  1 5.907m   0.471   0.0053      C  1  1097A  -0.181   0.0012            
 nFnu 9.325m   1.820   0.1189      Ca A 1.005m  -0.012   0.0018      H  1 5.127m   0.323   0.0038      C  2 892.8A  -0.217   0.0011            
 nInu 9.325m   2.671   0.8441      Ca A  9546A  -0.059   0.0016      H  1 19.06m   0.387   0.0044      C  2  1020A   0.751   0.0101            
 nFnu 8.210m   1.878   0.1357      Ca A  9229A  -0.111   0.0014      H  1 11.31m   0.256   0.0032      N  1 942.3A   0.674   0.0085            
 nInu 8.210m   2.620   0.7495      Ca A  9015A  -0.181   0.0012      H  1 8.758m   0.116   0.0023      N  1 952.1A   0.564   0.0066            
 nFnu 7.580m   1.904   0.1441      Ca A 4.051m  -0.165   0.0012      H  1 27.80m   0.041   0.0020      N  1  1131A   0.426   0.0048            
 nInu 7.580m   2.588   0.6963      Ca B  6563A   3.071   2.1161      H  1 16.20m  -0.073   0.0015      O  1 976.8A   0.641   0.0079            
 nFnu 7.050m   1.945   0.1584      Ca B  4861A   2.671   0.8440      He-like iso-sequence........      O  1 969.0A   0.615   0.0074            
 nInu 7.050m   2.560   0.6528      Ca B  4340A   2.431   0.4846      Clin 506.0A   1.996   0.1784      O  1 946.4A   0.636   0.0078            
 nFnu 4.114m   2.162   0.2611      Ca B  4102A   2.277   0.3406      Ca B  2945A   0.363   0.0041      O  1 934.5A   0.624   0.0076            
 nInu 4.114m   2.456   0.5134      Ca B  3970A   2.146   0.2516      Ca B  3188A   0.729   0.0096      O  1 973.6A   0.474   0.0054            
 nFnu 2.324m   2.311   0.3677      Ca B  3889A   2.014   0.1856      Ca B  3614A  -0.206   0.0011      O  1 927.5A   0.455   0.0051            
 nInu 2.324m   2.681   0.8629      Ca B  3835A   1.880   0.1364      Ca B  3889A   1.349   0.0401      O  1 948.5A   0.445   0.0050            
 nFnu 1.643m   2.417   0.4703      Ca B  3798A   1.748   0.1006      Ca B  3965A   0.089   0.0022      O  1 923.0A   0.292   0.0035            
 nInu 1.643m   2.914   1.4744      Ca B  3771A   1.621   0.0752      Ca B  4026A   0.891   0.0140      O  1 919.9A   0.221   0.0030            
 nFnu 1.480m   2.443   0.4987      Ca B  3750A   1.502   0.0572      Ca B  4388A   0.277   0.0034      O  1 935.7A   0.355   0.0041            
 nInu 1.480m   2.958   1.6322      Ca B  3734A   1.392   0.0444      Ca B  4471A   1.081   0.0217      O  1 917.7A   0.140   0.0025            
 nFnu 1.436m   2.685   0.8704      Ca B  3722A   1.290   0.0350      Ca B  4713A   0.032   0.0019      O  1 918.7A   0.063   0.0021            
 nInu 1.436m   3.085   2.1854      Ca B  3712A   1.194   0.0281      Ca B  4922A   0.535   0.0062      O  1 928.2A   0.102   0.0023            
 nFnu 1.119m   2.745   1.0002      Ca B  3704A   1.105   0.0229      Ca B  5016A   0.621   0.0075      O  1 917.5A  -0.021   0.0017            
 nInu 1.119m   3.234   3.0816      Ca B  3697A   1.022   0.0189      Ca B  5876A   1.443   0.0499      O  1 923.4A  -0.137   0.0013            
 nFnu  8330A   2.767   1.0514      Ca B  3692A   0.944   0.0158      Ca B  6678A   0.983   0.0173      Al 2  1671A   0.374   0.0043            
 nInu  8330A   3.419   4.7168      Ca B  3687A   0.870   0.0133      Ca B  7065A   1.178   0.0271      Si 2  1180A   0.714   0.0093            
 nFnu  8079A   3.140   2.4812      Ca B  3683A   0.801   0.0114      Ca B  7281A   0.451   0.0051      Si 2 993.4A   0.385   0.0044            
 nInu  8079A   3.574   6.7474      Ca B  3679A   0.735   0.0098      Ca B 1.083m   3.159   2.5925      Si 2  1024A   0.184   0.0027            
 nFnu  6210A   2.965   1.6588      Ca B  3676A   0.672   0.0085      Ca B 1.197m  -0.106   0.0014      S  1  1356A  -0.221   0.0011            
 nInu  6210A   3.751  10.1287      Ca B  3674A   0.612   0.0074      Ca B 1.278m   0.183   0.0027      Ar 1  1096A   0.265   0.0033            
 nFnu  4885A   2.713   0.9291      Ca B  3671A   0.555   0.0065      Ca B 1.700m  -0.070   0.0015      Ar 1 922.5A  -0.017   0.0017            
 nInu  4885A   3.958  16.3312      Ca B 1.875m   2.114   0.2339      Ca B 1.869m   0.500   0.0057      Ar 1 918.5A  -0.039   0.0016            
 nFnu  3704A   2.287   0.3479      Ca B 1.282m   1.901   0.1432      Ca B 1.870m   0.035   0.0019      P  2 967.2A  -0.152   0.0013            
 nInu  3704A   4.192  27.9573      Ca B 1.094m   1.755   0.1023      Ca B 2.058m   2.436   0.4911      P  2 963.8A   0.098   0.0023            
 nFnu  3588A   3.745  10.0062      Ca B 1.005m   1.627   0.0761      He 1 584.3A   1.667   0.0836      Sc 2  3628A  -0.160   0.0012            
 nInu  3588A   4.356  40.8079      Ca B  9546A   1.496   0.0564      He 1 537.0A  -0.072   0.0015      Ti 2  3366A   1.442   0.0498            
 nFnu  2430A   2.632   0.7702      Ca B  9229A   1.364   0.0415      He 1 522.2A   0.045   0.0020      Ti 2  3238A   1.155   0.0257            
 nInu  2430A   4.601  71.8246      Ca B  9015A   1.232   0.0307      He 1 515.6A  -0.140   0.0013      Cr 1  4271A   0.743   0.0100            
 nFnu  2392A   2.577   0.6794      Ca B  8863A   1.106   0.0230      TOTL 1.083m   2.247   0.3175      Cr 1  3591A   0.754   0.0102            
 nInu  2392A   4.612  73.5907      Ca B  8750A   0.988   0.0175      He 1 1.083m   2.247   0.3175      Cr 2  2060A   0.070   0.0021            
 nFnu  2071A   2.036   0.1955      Ca B  8665A   0.878   0.0136      He 1 1.083m   1.293   0.0353      Mn 2  2590A   1.355   0.0407            
 nInu  2071A   4.728  96.1546      Ca B  8598A   0.775   0.0107      He 1 1.083m   1.770   0.1058      Ni 2  1752A  -0.235   0.0010            
 nFnu  2053A   1.995   0.1779      Ca B  8545A   0.680   0.0086      He 1 1.083m   1.992   0.1764      Ni 2  1744A  -0.124   0.0014            
 nInu  2053A   4.729  96.3490      Ca B  8502A   0.591   0.0070      He 1  3889A   0.945   0.0159      Ni 2  1376A  -0.092   0.0015            
 nFnu  1793A   1.458   0.0516      Ca B  8467A   0.508   0.0058      He 1  3188A   0.401   0.0045      Ni 2  1324A  -0.063   0.0016            
 nInu  1793A   4.833 122.3194      Ca B  8438A   0.430   0.0048      He 1  2945A   0.015   0.0019      hyperfine structure.........            
 nFnu  1585A   1.182   0.0273      Ca B  8413A   0.357   0.0041      He 1  2829A  -0.191   0.0012      inner shell.................            
 nInu  1585A   4.858 129.7525      Ca B  8392A   0.287   0.0035      He 1 2.058m   1.049   0.0201      molecules...................            
 nFnu  1458A   1.713   0.0928      Ca B  8374A   0.221   0.0030      He 1  5016A   0.248   0.0032      H-CT  6563A   2.499   0.5674            
 nInu  1458A   4.959 163.8072      Ca B  8359A   0.159   0.0026      He 1  3965A  -0.240   0.0010            



                                                                           
 Cooling:  Ca2K  3934A:0.168 Ca2H  3969A:0.095 Fe2c     0 :0.215  
 Heating:  BFH1     0 :0.854 Hlin 912.0A:0.081  

 These are some of the most important databases used by Cloudy:
 Many recombination coefficients were taken from http://amdpp.phys.strath.ac.uk/tamoc/RR/ and http://amdpp.phys.strath.ac.uk/tamoc/DR/
      and are based on the following papers:
        Badnell N. R., et al., A&A 406, 1151 (2003) [http://adsabs.harvard.edu/abs/2003A%26A...406.1151B]
        Badnell N. R., ApJS 167, 334 (2006) [http://adsabs.harvard.edu/abs/2006ApJS..167..334B]
 Much of the molecular emission data is from LAMDA as accessed on Dec. 18, 2010. This database is described in:
        Schoeier F.L., et al., A&A 432, 369 (2005) [http://adsabs.harvard.edu/abs/2005A%26A...432..369S]
      This database is in part based on the work of the following groups:
        JPL: Pickett H. M. et al., JQSRT, 60, 883 (1998). [http://adsabs.harvard.edu/abs/1998JQSRT..60..883P]
        CDMS: Mueller H. S. et al., A&A 370, L49 (2001). [http://adsabs.harvard.edu/abs/2001A%26A...370L..49M]
              Mueller H. S. et al., J. Mol. Struct. 742, 215 (2005). [http://adsabs.harvard.edu/abs/2005JMoSt.742..215M]
 Much of the ionic emission data is from version 7.0 of CHIANTI. CHIANTI is a collaborative project involving the NRL (USA), the
      Universities of Florence (Italy) and Cambridge (UK), and George Mason University (USA). These papers describe Chianti:
        Dere K. P., et al., A&AS, 125, 149 (1997) [http://adsabs.harvard.edu/abs/1997A%26AS..125..149D]
        Landi E., et al., ApJ, 744, 99 (2012) [http://adsabs.harvard.edu/abs/2012ApJ...744...99L]
 Much of the H_2 data is from this web site: http://molat.obspm.fr/index.php?page=pages/Molecules/H2/H2can94.php. These data are
      described in:
        Abgrall H. et al., Can. J. Phys., 72, 856 (1994) [http://adsabs.harvard.edu/abs/1994CaJPh..72..856A]
        Wrathmall S. A. & Flower D. R., J. Phys. B, 40, 3221 (2007) [http://adsabs.harvard.edu/abs/2007JPhB...40.3221W]
 Please cite those papers that played a significant role in this calculation.

 IONIZE PARMET:  U(1-) -7.4768  U(4-):-13.2499  U(sp): -7.48  Q(ion):   11.691  L(ion)  1.453    Q(low): 17.374    L(low)  5.073
 ENERGY BUDGET:  Heat:   3.913  Coolg:   3.912  Error:  0.1%  Rec Lin:   1.109  F-F  H  0.000    P(rad/tot)max     1.83E-06

     Col(Heff):      0.000E+00  snd travl time  9.14E+00 sec  Te-low: 4.00E+03  Te-hi: 6.30E+03  G0TH85: 4.96E+07  G0DB96:6.42E+07
  Emiss Measure    n(e)n(p) dl       1.455E+27  n(e)n(He+)dl         3.533E+25  En(e)n(He++) dl         7.305E+17  ne nC+:6.94E+24
 He/Ha:1.51E-02  =   0.18*true  Lthin:1.94E+00  itr/zn:17.02  H2 itr/zn:  0.00  File Opacity: F  MassTot 1.19e-05  (gm/cm^2)
   Temps(21 cm)   T(21cm/Ly a)  5.08E+03        T(<nH/Tkin>)  4.93E+03          T(<nH/Tspin>)    4.94E+03          TB21cm:1.63E-01
                   N(H0/Tspin)  1.05E+15        N(OH/Tkin)    1.73E+07          B(21cm)          0.00E+00
   <a>:8.85E-02  erdeFe0.0E+00  Tcompt9.74E-05  Tthr6.46E+04  <Tden>: 5.03E+03  <dens>:2.27E-12  <MolWgt>1.25E+00
     Mean Jeans  l(cm)2.63E+15  M(sun)1.08E+01  smallest:     len(cm):2.34E+15  M(sun):7.68E+00  a_ox tran:  0.00
 Rion:1.000E+30  Dist:0.00E+00  Diam:0.000E+00
 Hatom level 70  HatomType: add  HInducImp  T  He tot level: 63  He2 level:   70  ExecTime   507.2
 ConvrgError(%)  <eden>  0.222  MaxEden  0.985  <H-C>   0.20  Max(H-C)    0.50  <Press>   0.000  MaxPrs er  0.000
  Continuity(%)  chng Te   0.6  elec den   5.5  n(H2)    0.0  n(CO)        6.6

                                                        Averaged Quantities
             Te      Te(Ne)   Te(NeNp)  Te(NeHe+)Te(NeHe2+) Te(NeO+)  Te(NeO2+)  Te(H2)     N(H)     Ne(O2+)   Ne(Np)
 Radius:  5.03e+03  5.80e+03  6.11e+03  6.03e+03  5.90e+03  6.11e+03  6.17e+03  4.43e+03  1.00e+12  3.66e+10  2.91e+10

 Contin Optical Depths: COMP: 3.53e-08    H-: 6.23e-06 R(1300): 3.49e-05  H2+: 5.87e-08  Pfa:5.48E-08
                          Pa: 3.94e-08    Ba: 5.68e-06      Hb: 4.41e-06   La: 7.51e-02     1r:3.292E+01  1.8:9.83E+00 4.:1.435E+00

 Old, new H  1 continuum optical depths:
     1 3.36e+01     2 5.58e-06     3 6.26e-06     4 6.26e-06     5 6.26e-06     6 1.56e-06     7 1.56e-06     8 1.56e-06
     9 1.56e-06    10 6.17e-09    11 6.17e-09    12 6.17e-09    13 6.17e-09    14 6.17e-09    15 1.31e-08    16 1.31e-08
    17 1.31e-08    18 1.31e-08    19 1.31e-08    20 1.31e-08    21 2.40e-08    22 2.40e-08    23 2.40e-08    24 2.40e-08
    25 2.40e-08    26 2.40e-08    27 2.40e-08    28 3.97e-08    29 3.97e-08    30 3.97e-08    31 3.97e-08    32 3.97e-08
    33 3.97e-08    34 3.97e-08    35 3.97e-08    36 6.22e-08    37 6.22e-08    38 6.22e-08    39 6.22e-08    40 6.22e-08
    41 6.22e-08    42 6.22e-08    43 6.22e-08    44 6.22e-08    45 9.32e-08    46 9.32e-08    47 9.32e-08    48 9.32e-08
    49 9.32e-08    50 9.32e-08    51 9.32e-08    52 9.32e-08    53 9.32e-08    54 9.32e-08
     1 3.29e+01     2 5.54e-06     3 6.24e-06     4 6.24e-06     5 6.24e-06     6 1.55e-06     7 1.55e-06     8 1.55e-06
     9 1.55e-06    10 6.16e-09    11 6.16e-09    12 6.16e-09    13 6.16e-09    14 6.16e-09    15 1.31e-08    16 1.31e-08
    17 1.31e-08    18 1.31e-08    19 1.31e-08    20 1.31e-08    21 2.40e-08    22 2.40e-08    23 2.40e-08    24 2.40e-08
    25 2.40e-08    26 2.40e-08    27 2.40e-08    28 3.97e-08    29 3.97e-08    30 3.97e-08    31 3.97e-08    32 3.97e-08
    33 3.97e-08    34 3.97e-08    35 3.97e-08    36 6.21e-08    37 6.21e-08    38 6.21e-08    39 6.21e-08    40 6.21e-08
    41 6.21e-08    42 6.21e-08    43 6.21e-08    44 6.21e-08    45 9.31e-08    46 9.31e-08    47 9.31e-08    48 9.31e-08
    49 9.31e-08    50 9.31e-08    51 9.31e-08    52 9.31e-08    53 9.31e-08    54 9.31e-08

 Old, new H  1 mean line optical depths:
  2- 1 7.91e+05  3- 2 1.97e-01  4- 3 1.62e-05  5- 4 2.38e-08  6- 5 1.55e-07  7- 6 1.30e-05  8- 7 2.25e-04
  9- 8 5.93e-04 10- 9 1.07e-03
  2- 1 7.73e+05  3- 2 1.94e-01  4- 3 1.49e-05  5- 4 2.12e-08  6- 5 1.52e-07  7- 6 1.29e-05  8- 7 2.25e-04
  9- 8 5.93e-04 10- 9 1.07e-03

 Old, new He 2 continuum optical depths:
     1 1.46e+00     2 3.32e+01     3 2.73e-06     4 2.73e-06     5 2.73e-06     6 5.58e-06     7 5.58e-06     8 5.58e-06
     9 5.58e-06    10 5.08e-06    11 5.08e-06    12 5.08e-06    13 5.08e-06    14 5.08e-06    15 6.26e-06    16 6.26e-06
    17 6.26e-06    18 6.26e-06    19 6.26e-06    20 6.26e-06    21 5.29e-06    22 5.29e-06    23 5.29e-06    24 5.29e-06
    25 5.29e-06    26 5.29e-06    27 5.29e-06    28 1.56e-06    29 1.56e-06    30 1.56e-06    31 1.56e-06    32 1.56e-06
    33 1.56e-06    34 1.56e-06    35 1.56e-06    36 3.94e-09    37 3.94e-09    38 3.94e-09    39 3.94e-09    40 3.94e-09
    41 3.94e-09    42 3.94e-09    43 3.94e-09    44 3.94e-09    45 6.17e-09    46 6.17e-09    47 6.17e-09    48 6.17e-09
    49 6.17e-09    50 6.17e-09    51 6.17e-09    52 6.17e-09    53 6.17e-09    54 6.17e-09
     1 1.43e+00     2 3.25e+01     3 2.71e-06     4 2.71e-06     5 2.71e-06     6 5.54e-06     7 5.54e-06     8 5.54e-06
     9 5.54e-06    10 5.06e-06    11 5.06e-06    12 5.06e-06    13 5.06e-06    14 5.06e-06    15 6.24e-06    16 6.24e-06
    17 6.24e-06    18 6.24e-06    19 6.24e-06    20 6.24e-06    21 5.28e-06    22 5.28e-06    23 5.28e-06    24 5.28e-06
    25 5.28e-06    26 5.28e-06    27 5.28e-06    28 1.55e-06    29 1.55e-06    30 1.55e-06    31 1.55e-06    32 1.55e-06
    33 1.55e-06    34 1.55e-06    35 1.55e-06    36 3.94e-09    37 3.94e-09    38 3.94e-09    39 3.94e-09    40 3.94e-09
    41 3.94e-09    42 3.94e-09    43 3.94e-09    44 3.94e-09    45 6.16e-09    46 6.16e-09    47 6.16e-09    48 6.16e-09
    49 6.16e-09    50 6.16e-09    51 6.16e-09    52 6.16e-09    53 6.16e-09    54 6.16e-09

 Old, new He 2 mean line optical depths:
  2- 1 1.04e+02  3- 2 5.02e-12  4- 3 2.81e-13  5- 4 5.15e-15  6- 5 8.41e-14  7- 6 5.60e-13  8- 7 5.46e-13
  9- 8 1.31e-13 10- 9 4.43e-21
  2- 1 1.04e+02  3- 2 4.95e-12  4- 3 2.80e-13  5- 4 5.08e-15  6- 5 8.37e-14  7- 6 5.58e-13  8- 7 5.44e-13
  9- 8 1.30e-13 10- 9 2.22e-21

 Old He Is optical depths:    1 1.00e+01    2 3.36e-06    3 4.20e-06    4 4.99e-06    5 4.99e-06
 New He Is optical depths:    1 9.83e+00    2 3.35e-06    3 4.17e-06    4 4.95e-06    5 4.95e-06
          Old He Is Lines:  584 4.29e+04 3889 8.28e-03 5016 8.75e-04 5876 1.69e-05
          New He Is Lines:  584 4.20e+04 3889 8.27e-03 5016 8.73e-04 5876 1.69e-05

==== H      compounds ====           Log10 column densities [cm^-2}
   H2        : 13.771   H2*       : 12.172   H2+       :  9.924   H3+       :  6.163
==== He     compounds ====
   HeH+      : 10.114
==== Li     compounds ====
   LiH       :  0.980   LiH+      : -0.377
==== C      compounds ====
   CH        :  9.131   CH+       :  8.805   CH2       :  5.006   CH2+      :  4.942   CH3       :  0.293   CH3+      :  1.181   CH4       : -3.413   CH4+      : -5.414
   CH5+      : -9.133   C2        :  6.073   C2+       :  6.035   C2H       :  2.188   C2H+      :  2.185   C2H2      : -3.906   C2H2+     : -1.529   C2H3+     : -6.152
   C3        : -2.635   C3+       : -0.474   C3H       : -6.702   C3H+      : -3.713
==== N      compounds ====
   NH        : 10.561   NH+       :  9.683   NH2       :  6.446   NH2+      :  6.122   NH3       :  3.454   NH3+      :  2.107   NH4+      : -4.112   CN        : 10.287
   CN+       :  7.214   HCN       :  7.914   HCN+      :  6.672   HNC       :  0.271   HCNH+     :  3.038   HC3N      :-35.930   N2        : 10.367   N2+       :  6.786
   N2H+      : -0.047
==== O      compounds ====
   OH        : 10.883   OH+       : 10.179   H2O       :  6.428   H2O+      :  6.367   H3O+      :  2.437   CO        : 11.818   CO+       :  7.369   HCO+      :  5.782
   H2CO      :-35.930   CH3OH     :-35.930   ^13CO     : 10.341   NO        :  8.864   NO+       :  7.107   HNO       :  4.010   HNO+      :  2.898   OCN       :  5.897
   OCN+      :  3.916   N2O       :  3.282   O2        :  6.990   O2+       :  8.007   NO2       :  2.917   NO2+      :  0.720
==== Ne     compounds ====
   NeH+      :  6.865
==== Si     compounds ====
   SiH       :  2.907   SiH2+     :  1.438   SiC2      :-35.930   SiN       :  0.530   SiN+      :  7.182   SiO       :  6.553   SiO+      :  7.269   SiOH+     :  3.220
==== S      compounds ====
   HS        :  8.253   HS+       :  7.661   CS        :  4.718   CS+       :  5.788   HCS+      :  2.864   NS        :  5.237   NS+       :  6.597   SO        :  6.665
   SO+       :  6.876   OCS       :  0.219   OCS+      : -1.311   SO2       :-35.930   S2        : -0.121   S2+       : -1.510
==== Cl     compounds ====
   HCl       :  4.097   HCl+      :  8.162   H2Cl+     :  4.670   CCl       : -9.149   CCl+      :  1.567   H2CCl+    :-11.515   ClO       :-11.491   ClO+      :-13.847
==== Ar     compounds ====
   ArH+      :  9.818
==== Ti     compounds ====
   TiH       :-35.930   TiH+      :-35.930   TiH2      :-35.930   TiH2+     :-35.930   TiC       :-35.930   TiC+      :-35.930   HCTi      :-35.930   HCTi+     :-35.930
   TiC2      :-35.930   TiC2+     :-35.930   TiN       :-35.930   TiN+      :-35.930   HNTi      :-35.930   HNTi+     :-35.930   TiNC      :-35.930   TiNC+     :-35.930
   TiO       :-35.930   TiO+      :-35.930   TiOH+     :-35.930   TiO2      :-35.930   TiF+      :-35.930   TiS       :-35.930   TiS+      :-35.930   HTiS      :-35.930


               1      2      3      4      5      6      7      8      9     10     11     12     13     14     15     16     17

 Hydrogen   18.717 16.699 13.782 (H2)                Log10 Column density (cm^-2)
 Helium     17.649 15.182  7.657
 Lithium     7.083  7.670 -7.250-30.000
 Beryllium   7.885  7.694  3.961-30.000-30.000
 Boron       8.731  9.321  3.287-30.000-30.000-30.000
 Carbon     14.614 15.001 10.532-30.000-30.000-30.000-30.000
 Nitrogen   14.548 12.370  5.759-30.000-30.000-30.000-30.000-30.000
 Oxygen     15.408 13.289  6.037-30.000-30.000-30.000-30.000-30.000-30.000
 Fluorine   11.270  9.667  5.905-30.000-30.000-30.000-30.000-30.000-30.000-30.000
 Neon       14.644 12.848  8.643-30.000-30.000-30.000-30.000-30.000-30.000-30.000-30.000
 Sodium     11.978 12.914  7.854-30.000-30.000-30.000-30.000-30.000-30.000-30.000-30.000-30.000
 Magnesium  12.503 14.314 10.726-30.000-30.000-30.000-30.000-30.000-30.000-30.000-30.000-30.000-30.000
 Aluminium   9.982 13.171  8.939-30.000-30.000-30.000-30.000-30.000-30.000-30.000-30.000-30.000-30.000-30.000
 Silicon    12.083 14.228  9.511-30.000-30.000-30.000-30.000-30.000-30.000-30.000-30.000-30.000-30.000-30.000-30.000
 Phosphorus  9.531 12.130  7.829-30.000-30.000-30.000-30.000-30.000-30.000-30.000-30.000-30.000-30.000-30.000-30.000-30.000
 Sulphur    12.581 13.817 10.610-30.000-30.000-30.000-30.000-30.000-30.000-30.000-30.000-30.000-30.000-30.000-30.000-30.000-30.000
 Chlorine   10.305 12.215  8.852-30.000-30.000-30.000-30.000-30.000-30.000-30.000-30.000-30.000-30.000-30.000-30.000-30.000-30.000
-30.000
 Argon      13.096 11.848  9.680-30.000-30.000-30.000-30.000-30.000-30.000-30.000-30.000-30.000-30.000-30.000-30.000-30.000-30.000
-30.000-30.000
 Potassium  10.796 11.699  7.867-30.000-30.000-30.000-30.000-30.000-30.000-30.000-30.000-30.000-30.000-30.000-30.000-30.000-30.000
-30.000-30.000-30.000
 Calcium    12.467 12.920 11.430-30.000-30.000-30.000-30.000-30.000-30.000-30.000-30.000-30.000-30.000-30.000-30.000-30.000-30.000
-30.000-30.000-30.000-30.000
 Scandium    9.208  9.759  7.748-30.000-30.000-30.000-30.000-30.000-30.000-30.000-30.000-30.000-30.000-30.000-30.000-30.000-30.000
-30.000-30.000-30.000-30.000-30.000
 Titanium    8.188 11.670  8.829-30.000-30.000-30.000-30.000-30.000-30.000-30.000-30.000-30.000-30.000-30.000-30.000-30.000-30.000
-30.000-30.000-30.000-30.000-30.000-30.000
 Vanadium   10.311 10.385  7.697-30.000-30.000-30.000-30.000-30.000-30.000-30.000-30.000-30.000-30.000-30.000-30.000-30.000-30.000
-30.000-30.000-30.000-30.000-30.000-30.000-30.000
 Chromium   11.597 12.279  8.608-30.000-30.000-30.000-30.000-30.000-30.000-30.000-30.000-30.000-30.000-30.000-30.000-30.000-30.000
-30.000-30.000-30.000-30.000-30.000-30.000-30.000-30.000
 Manganese   8.685 12.150  8.628-30.000-30.000-30.000-30.000-30.000-30.000-30.000-30.000-30.000-30.000-30.000-30.000-30.000-30.000
-30.000-30.000-30.000-30.000-30.000-30.000-30.000-30.000-30.000
 Iron       10.480 14.220 10.241-30.000-30.000-30.000-30.000-30.000-30.000-30.000-30.000-30.000-30.000-30.000-30.000-30.000-30.000
-30.000-30.000-30.000-30.000-30.000-30.000-30.000-30.000-30.000-30.000
 Cobalt     11.560 11.177  4.513-30.000-30.000-30.000-30.000-30.000-30.000-30.000-30.000-30.000-30.000-30.000-30.000-30.000-30.000
-30.000-30.000-30.000-30.000-30.000-30.000-30.000-30.000-30.000-30.000-30.000
 Nickel      9.621 12.941  6.343-30.000-30.000-30.000-30.000-30.000-30.000-30.000-30.000-30.000-30.000-30.000-30.000-30.000-30.000
-30.000-30.000-30.000-30.000-30.000-30.000-30.000-30.000-30.000-30.000-30.000-30.000
 Copper     10.491 10.703  6.481-30.000-30.000-30.000-30.000-30.000-30.000-30.000-30.000-30.000-30.000-30.000-30.000-30.000-30.000
-30.000-30.000-30.000-30.000-30.000-30.000-30.000-30.000-30.000-30.000-30.000-30.000-30.000
 Zinc       11.149 10.698  7.512-30.000-30.000-30.000-30.000-30.000-30.000-30.000-30.000-30.000-30.000-30.000-30.000-30.000-30.000
-30.000-30.000-30.000-30.000-30.000-30.000-30.000-30.000-30.000-30.000-30.000-30.000-30.000-30.000
 Exc state    He1* 10.776   CII* 14.822   C11* 13.663   C12* 14.138   C13* 14.357   O11* 15.162   O12* 14.920   O13* 14.434
              Si2* 14.040   C30*  4.938   C31*  5.409   C32*  5.639


 Hydrogen   -0.004 -2.022 -4.638 (H2)                 Log10 Mean Ionisation (over radius)
 Helium     -0.001 -2.469 -9.993
 Lithium    -0.687 -0.100-15.020
 Beryllium  -0.216 -0.407 -4.140
 Boron      -0.689 -0.099 -6.133
 Carbon     -0.537 -0.149 -4.618
 Nitrogen   -0.003 -2.181 -8.792
 Oxygen     -0.003 -2.122 -9.374
 Fluorine   -0.011 -1.614 -5.376
 Neon       -0.007 -1.803 -6.008
 Sodium     -0.983 -0.048 -5.107
 Magnesium  -1.818 -0.007 -3.594
 Aluminium  -3.189 -0.000 -4.232
 Silicon    -2.149 -0.003 -4.720
 Phosphorus -2.600 -0.001 -4.302
 Sulphur    -1.260 -0.025 -3.231
 Chlorine   -1.915 -0.006 -3.369
 Argon      -0.024 -1.272 -3.440
 Potassium  -0.954 -0.051 -3.883
 Calcium    -0.594 -0.141 -1.631
 Scandium   -0.662 -0.111 -2.122
 Titanium   -3.483 -0.001 -2.842
 Vanadium   -0.340 -0.266 -2.954
 Chromium   -0.765 -0.082 -3.753
 Manganese  -3.466 -0.000 -3.523
 Iron       -3.740 -0.000 -3.979
 Cobalt     -0.150 -0.533 -7.198
 Nickel     -3.320 -0.000 -6.598
 Copper     -0.420 -0.208 -4.430
 Zinc       -0.132 -0.582 -3.769

               1      2      3      4      5      6      7      8      9     10     11     12     13     14     15     16     17

 Hydrogen   -0.012 -1.562 -5.302 (H2)         Log10 Mean Ionisation (over radius*electron density)
 Helium     -0.003 -2.107 -9.792
 Lithium    -0.661 -0.107-14.989
 Beryllium  -0.076 -0.792 -4.040
 Boron      -0.378 -0.236 -5.731
 Carbon     -0.288 -0.314 -4.262
 Nitrogen   -0.009 -1.682 -8.184
 Oxygen     -0.010 -1.660 -8.814
 Fluorine   -0.022 -1.308 -5.169
 Neon       -0.012 -1.580 -5.921
 Sodium     -1.142 -0.032 -5.284
 Magnesium  -1.651 -0.010 -3.171
 Aluminium  -3.267 -0.000 -3.959
 Silicon    -2.094 -0.004 -4.172
 Phosphorus -2.686 -0.001 -3.862
 Sulphur    -0.840 -0.068 -2.937
 Chlorine   -2.439 -0.002 -3.096
 Argon      -0.068 -0.842 -2.930
 Potassium  -1.345 -0.020 -3.788
 Calcium    -0.423 -0.211 -2.191
 Scandium   -0.515 -0.162 -2.261
 Titanium   -3.582 -0.001 -2.508
 Vanadium   -0.241 -0.374 -2.546
 Chromium   -0.486 -0.172 -3.224
 Manganese  -3.565 -0.001 -2.988
 Iron       -3.821 -0.000 -3.433
 Cobalt     -0.069 -0.834 -6.691
 Nickel     -3.417 -0.000 -6.074
 Copper     -0.206 -0.422 -4.078
 Zinc       -0.052 -0.946 -3.897

               1      2      3      4      5      6      7      8      9     10     11     12     13     14     15     16     17

 Hydrogen    3.701  3.766  3.646 (H2)                  Log10 Mean Temperature (over radius)
 Helium      3.701  3.757  3.740
 Lithium     3.712  3.699  3.703
 Beryllium   3.723  3.666  3.725
 Boron       3.746  3.689  3.761
 Carbon      3.738  3.686  3.756
 Nitrogen    3.701  3.772  3.786
 Oxygen      3.701  3.766  3.780
 Fluorine    3.700  3.746  3.737
 Neon        3.701  3.734  3.723
 Sodium      3.687  3.703  3.689
 Magnesium   3.730  3.701  3.764
 Aluminium   3.693  3.702  3.744
 Silicon     3.702  3.702  3.779
 Phosphorus  3.691  3.702  3.765
 Sulphur     3.760  3.698  3.753
 Chlorine    3.644  3.702  3.746
 Argon       3.697  3.768  3.778
 Potassium   3.669  3.705  3.723
 Calcium     3.731  3.692  3.649
 Scandium    3.729  3.694  3.674
 Titanium    3.692  3.701  3.746
 Vanadium    3.721  3.685  3.756
 Chromium    3.743  3.692  3.777
 Manganese   3.691  3.701  3.777
 Iron        3.694  3.702  3.779
 Cobalt      3.715  3.668  3.771
 Nickel      3.691  3.702  3.776
 Copper      3.734  3.681  3.752
 Zinc        3.714  3.664  3.695

               1      2      3      4      5      6      7      8      9     10     11     12     13     14     15     16     17

 Hydrogen    3.762  3.786  3.673 (H2)          Log10 Mean Temperature (over radius*electron density)
 Helium      3.763  3.781  3.771
 Lithium     3.762  3.764  3.766
 Beryllium   3.770  3.724  3.765
 Boron       3.779  3.751  3.783
 Carbon      3.776  3.749  3.780
 Nitrogen    3.763  3.788  3.792
 Oxygen      3.763  3.786  3.790
 Fluorine    3.762  3.779  3.772
 Neon        3.763  3.775  3.764
 Sodium      3.749  3.764  3.745
 Magnesium   3.771  3.763  3.784
 Aluminium   3.758  3.763  3.776
 Silicon     3.769  3.763  3.789
 Phosphorus  3.757  3.763  3.785
 Sulphur     3.784  3.759  3.776
 Chlorine    3.716  3.763  3.776
 Argon       3.760  3.784  3.787
 Potassium   3.721  3.765  3.765
 Calcium     3.771  3.759  3.701
 Scandium    3.769  3.761  3.760
 Titanium    3.755  3.763  3.781
 Vanadium    3.767  3.758  3.785
 Chromium    3.777  3.756  3.789
 Manganese   3.755  3.763  3.789
 Iron        3.756  3.763  3.789
 Cobalt      3.767  3.739  3.788
 Nickel      3.756  3.763  3.788
 Copper      3.774  3.745  3.781
 Zinc        3.767  3.730  3.749

               1      2      3      4      5      6      7      8      9     10     11     12     13     14     15     16     17
                                                                          

---------------Convergence statistics---------------
      1.33 mean iterations/state convergence
      2.94 mean cx acceleration loops/iteration
      1.05 mean iso convergence loops/ion solve
      1.02 mean steps/chemistry solve
      1.01 mean step length searches/chemistry step
----------------------------------------------------

 Cloudy ends: 131 zones, 3 iterations.  ExecTime(s) 507.19
 [Stop in cdMain at ../maincl.cpp:483, Cloudy exited OK]
 ************************************************** GRID_DELIMIT -- grid000000103
