                                                          Cloudy 13.03
                                                         www.nublado.org

                       **************************************13Feb20**************************************
                       *                                                                                 *
                       * c                                                                               *
                       * phi(h) 8.000000 LOG range -0.000232 6.866524                                    *
                       * grid from 8 to 23 in 1 dex steps                                                *
                       * HDEN=10.000000 LOG                                                              *
                       * grid from 0 to 12 in 1 dex steps                                                *
                       * set pres ionize 1e5                                                             *
                       * c                                                                               *
                       * c                                                                               *
                       * table star "inst_padova_agbtrack_z.mod" age 6.3                                 *
                       * c<< inst_padova_ model    1 read.       Age =      10000.00                 >>> *
                       * c<< inst_padova_ model    2 read.       Age =    2010000.00                 >>> *
                       * c<< FINAL:     Age =    1995262.31                                          >>> *
                       * c                                                                               *
                       * c                                                                               *
                       * abundances GASS10                                                               *
                       * c                                                                               *
                       * c                                                                               *
                       * iterate to convergence max = 7                                                  *
                       * stop column density = 23                                                        *
                       * c                                                                               *
                       * c                                                                               *
                       * print last                                                                      *
                       * set save prefix "padova_inst_2"                                                 *
                       * save grid ".grd" last no hash                                                   *
                       * save linelist "emissionlines_abs.txt" "LineList_HII.dat" absolute last no hash    *
                       *                                                                                 *
                       ***********************************************************************************



           !The plasma frequency is 2.99e-07 Ryd.  The incident continuum is set to 0 below this.
           4049CellPeak1.00E+00   Lo 1.00e-08=910.79cm   Hi-Con:6.19E+00 Ryd   E(hi):7.35E+06Ryd     E(hi):     100.01 MeV
           I(nu>1ryd):  -2.5285   Average nu:1.358E+00   I( X-ray):   0.0000   I(BalC):  -2.0060     Phi(BalmrC):   8.8965
           phi(1.0-1.8): 7.9535   phi(1.8-4.0):  7.007   phi(4.0-20):  2.227   phi(20--):  0.000     Ion pht flx:1.000E+08
           I(gam ray):   0.0000   phi(gam r):   0.0000   I(Infred):  -2.8669   Alf(ox):   0.0000     Total inten:  -1.8482
           U(1.0----):3.336E-13   U(4.0----):5.625E-19   T(En-Den):2.812E+00   T(Comp):3.012E+04     nuJnu(912A):9.683E-03
           Occ(FarIR):0.000E+00   Occ(H n=6):2.633E-15   Occ(1Ryd):4.451E-19   Occ(4R):3.399E-26     Occ (Nu-hi):3.050E-32
           Tbr(FarIR):0.000E+00   Tbr(H n=6):1.154E-11   Tbr(1Ryd):7.036E-14   Tbr(4R):2.148E-20     Tbr (Nu-hi):2.972E-26
  
                                                  Gas Phase Chemical Composition
        H :  0.0000  He: -1.0701  Li:-10.9508  Be:-10.6198  B : -9.3002  C : -3.5702  N : -4.1701  O : -3.3098  F : -7.4401
        Ne: -4.0701  Na: -5.7595  Mg: -4.4001  Al: -5.5498  Si: -4.4895  P : -6.5901  S : -4.8794  Cl: -6.5003  Ar: -5.6003
        K : -6.9706  Ca: -5.6596  Sc: -8.8508  Ti: -7.0501  V : -8.0701  Cr: -6.3595  Mn: -6.5702  Fe: -4.5003  Co: -7.0101
                                               Ni: -5.7799  Cu: -7.8097  Zn: -7.4401
 
 ####  1  Te:3.347E+02 Hden:1.000E+10 Ne:6.184E+05 R:1.000E+30 R-R0:4.345E+03 dR:8.690E+03 NTR: 29 Htot:1.711E-11 T912: 5.48e-04###
 Hydrogen      9.97e-01 2.20e-05 H+o/Hden 9.97e-01 1.12e-11 H-    H2 1.59e-03 1.03e-13 H2+ HeH+ 8.17e-15 Ho+ ColD 8.66e+13 1.91e+09
 Helium        1.00e+00 9.60e-09 2.04e-20 HeI 2s3S 4.26e-11 Comp H,C 1.19e-25 1.32e-27 Fill Fac 1.00e+00 Gam1/tot 1.00e+00
 He singlet n  1.00e+00 2.11e-14 1.03e-19 9.12e-21 1.51e-20 3.09e-21 He tripl 4.26e-11 7.39e-20 7.26e-22 7.11e-21 7.31e-21
 Pressure      NgasTgas 3.63e+12 P(total) 5.01e-04 P( gas ) 5.01e-04 P(Radtn) 0.00e+00 Rad accl 3.69e-07 ForceMul 4.29e+10
 Texc(La)      2.81e+03 T(I con) 2.81e+00 T(D con) 1.89e-01 T(U tot) 2.81e+00 nT (c+d) 7.25e+05 Prad/Gas 0.00e+00 Pmag/Gas 0.00e+00
 Molecules     CH/Ctot: 3.89e-05 CH+/Ctot 2.36e-09 CO/Ctot: 9.32e-01 CO+/Ctot 9.74e-12 H2O/Otot 6.48e-07 OH/Ototl 3.00e-05
 Lithium       9.79e-01 2.08e-02 0.00e+00 0.00e+00 Berylliu 1.00e+00 1.35e-04 4.66e-11 0.00e+00 0.00e+00 sec ion: 0.00e+00
 Boron         9.99e-01 9.77e-04 8.45e-14 0.00e+00 0.00e+00 0.00e+00
 Carbon        6.78e-02 5.50e-05 2.07e-13 0.00e+00 0.00e+00 0.00e+00 0.00e+00 H2O+/O   2.77e-07 OH+/Otot 3.80e-06 Hex(tot) 0.00e+00
 Nitrogen      6.78e-01 8.82e-08 3.64e-19 0.00e+00 0.00e+00 0.00e+00 0.00e+00 0.00e+00 O2/Ototl 6.07e-06 O2+/Otot 8.13e-08
 Oxygen        4.88e-01 5.56e-06 6.38e-18 0.00e+00 0.00e+00 0.00e+00 0.00e+00 0.00e+00 0.00e+00
 Fluorine      1.00e+00 9.31e-05 3.17e-12 0.00e+00 0.00e+00 0.00e+00 0.00e+00 0.00e+00 0.00e+00 0.00e+00
 Neon          1.00e+00 3.90e-05 2.29e-13 0.00e+00 0.00e+00 0.00e+00 0.00e+00 0.00e+00 0.00e+00 0.00e+00 0.00e+00
 Sodium        6.53e-01 3.47e-01 1.93e-10 0.00e+00 0.00e+00 0.00e+00 0.00e+00 0.00e+00 0.00e+00 0.00e+00 0.00e+00 0.00e+00
 Magnesium     9.29e-01 7.14e-02 1.43e-09 0.00e+00 0.00e+00 0.00e+00 0.00e+00 0.00e+00 0.00e+00 0.00e+00 0.00e+00 0.00e+00 0.00e+00
 Aluminium  0  4.77e-03 9.95e-01 5.58e-08 0.00e+00 0.00e+00 0.00e+00 0.00e+00 0.00e+00 0.00e+00 0.00e+00 0.00e+00 0.00e+00 0.00e+00
 Silicon    0  9.99e-01 1.17e-03 2.01e-15 0.00e+00 0.00e+00 0.00e+00 0.00e+00 0.00e+00 0.00e+00 0.00e+00 0.00e+00 0.00e+00 0.00e+00
 Phosphorus 0  2.93e-02 9.71e-01 3.86e-07 0.00e+00 0.00e+00 0.00e+00 0.00e+00 0.00e+00 0.00e+00 0.00e+00 0.00e+00 0.00e+00 0.00e+00
 Sulphur    0  1.00e+00 2.91e-04 6.49e-13 0.00e+00 0.00e+00 0.00e+00 0.00e+00 0.00e+00 0.00e+00 0.00e+00 0.00e+00 0.00e+00 0.00e+00
 Chlorine   0  9.82e-01 1.35e-02 3.23e-09 0.00e+00 0.00e+00 0.00e+00 0.00e+00 0.00e+00 0.00e+00 0.00e+00 0.00e+00 0.00e+00 0.00e+00
 Argon      0  1.00e+00 1.53e-07 1.42e-15 0.00e+00 0.00e+00 0.00e+00 0.00e+00 0.00e+00 0.00e+00 0.00e+00 0.00e+00 0.00e+00 0.00e+00
 Potassium  0  9.06e-01 9.43e-02 3.33e-09 0.00e+00 0.00e+00 0.00e+00 0.00e+00 0.00e+00 0.00e+00 0.00e+00 0.00e+00 0.00e+00 0.00e+00
 Calcium    0  1.00e+00 3.51e-04 3.67e-08 0.00e+00 0.00e+00 0.00e+00 0.00e+00 0.00e+00 0.00e+00 0.00e+00 0.00e+00 0.00e+00 0.00e+00
 Scandium   0  9.99e-01 5.03e-04 1.25e-07 0.00e+00 0.00e+00 0.00e+00 0.00e+00 0.00e+00 0.00e+00 0.00e+00 0.00e+00 0.00e+00 0.00e+00
 Titanium   0  4.81e-03 9.95e-01 4.00e-06 0.00e+00 0.00e+00 0.00e+00 0.00e+00 0.00e+00 0.00e+00 0.00e+00 0.00e+00 0.00e+00 0.00e+00
 Vanadium   0  1.00e+00 2.71e-04 1.51e-09 0.00e+00 0.00e+00 0.00e+00 0.00e+00 0.00e+00 0.00e+00 0.00e+00 0.00e+00 0.00e+00 0.00e+00
 Chromium   0  9.99e-01 1.02e-03 1.37e-12 0.00e+00 0.00e+00 0.00e+00 0.00e+00 0.00e+00 0.00e+00 0.00e+00 0.00e+00 0.00e+00 0.00e+00
 Manganese  0  5.07e-03 9.95e-01 1.09e-10 0.00e+00 0.00e+00 0.00e+00 0.00e+00 0.00e+00 0.00e+00 0.00e+00 0.00e+00 0.00e+00 0.00e+00
 Iron       0  2.87e-03 9.97e-01 1.82e-11 0.00e+00 0.00e+00 0.00e+00 0.00e+00 0.00e+00 0.00e+00 0.00e+00 0.00e+00 0.00e+00 0.00e+00
 Cobalt     0  1.00e+00 1.14e-04 1.34e-14 0.00e+00 0.00e+00 0.00e+00 0.00e+00 0.00e+00 0.00e+00 0.00e+00 0.00e+00 0.00e+00 0.00e+00
 Nickel     0  6.05e-03 9.94e-01 9.99e-11 0.00e+00 0.00e+00 0.00e+00 0.00e+00 0.00e+00 0.00e+00 0.00e+00 0.00e+00 0.00e+00 0.00e+00
 Copper     0  1.00e+00 4.18e-04 7.42e-10 0.00e+00 0.00e+00 0.00e+00 0.00e+00 0.00e+00 0.00e+00 0.00e+00 0.00e+00 0.00e+00 0.00e+00
 Zinc       0  1.00e+00 8.69e-05 2.01e-11 0.00e+00 0.00e+00 0.00e+00 0.00e+00 0.00e+00 0.00e+00 0.00e+00 0.00e+00 0.00e+00 0.00e+00
                                                                             
   Calculation stopped because lowest Te reached. Iteration 3 of 3
   The geometry is plane-parallel.
  !Continuum fluorescent production of H-beta was very important.
  !Charge transfer ionization of H reached 4651.2% of the local H ionization rate.
  !The largest plasma frequency was 2.99e-07 Ryd = 3.05e+05 micron  The continuum is set to 0 below this.
  !AGE: Cloud age was not set.  Longest timescale was 4.40e+07 s = 1.39e+00 years.
  !The excitation temp of Lya exceeded the electron temp, largest value was 2.81e+03K (gas temp there was 3.35e+02K, zone   1)
  !The CMB was not included.  This is added with the CMB command.
  !The intensity of the incident radiation field is less than 10 times the Habing diffuse ISM field.  Is this OK?
  !   Consider adding diffuse ISM emission with TABLE ISM command.
  !The fraction of N  in N2 reached 32.2% at some point in the cloud.
  !The fraction of C  in CO reached 93.2% at some point in the cloud.
   Te-ne bounds of Case B lookup table exceeded, H I Case B line intensities set to zero.
   Te-ne bounds of Case B lookup table exceeded, He II Case B line intensities set to zero.
   H2 vib deexec heating reached 4.22% of the local heating.
   The density is too low to l-mix the lowest H  I collapsed level.  More resolved levels are needed for accurate line ratios.
   The density is too low to l-mix the lowest He I collapsed level.  More resolved levels are needed for accurate line ratios.
   Grains were not present but might survive in this environment (energy density temperature was 2.81e+00K)
   The fraction of H  in H2 reached 0.319% at some point in the cloud.
   The fraction of Cl in HCl reached 0.311% at some point in the cloud.
   The fraction of Cl in HCl+ reached 0.110% at some point in the cloud.

                       *********************************> Cloudy 13.03 <**********************************
                       * c                                                                               *
                       * phi(h) 8.000000 LOG range -0.000232 6.866524                                    *
                       * grid from 8 to 23 in 1 dex steps                                                *
                       * HDEN=10.000000 LOG                                                              *
                       * grid from 0 to 12 in 1 dex steps                                                *
                       * set pres ionize 1e5                                                             *
                       * c                                                                               *
                       * c                                                                               *
                       * table star "inst_padova_agbtrack_z.mod" age 6.3                                 *
                       * c                                                                               *
                       * c                                                                               *
                       * abundances GASS10                                                               *
                       * c                                                                               *
                       * c                                                                               *
                       * iterate to convergence max = 7                                                  *
                       * stop column density = 23                                                        *
                       * c                                                                               *
                       * c                                                                               *
                       * print last                                                                      *
                       * set save prefix "padova_inst_2"                                                 *
                       * save grid ".grd" last no hash                                                   *
                       * save linelist "emissionlines_abs.txt" "LineList_HII.dat" absolute last no hash    *
                       *********************************> Log(U):-12.48 <*********************************

                     Emission Line Spectrum.   Constant  Density Model.    Open geometry.  Iteration 3 of 3.
                                                     Intensity (erg/s/cm^2).


                                                   Intrinsic line intensities
 general properties..........      nInu 9.480m  -4.3234974.6099      Q(H)  4861A  -4.3234966.3213      CO   173.6m  -8.531   0.3075            
 TOTL  4861A  -8.019   1.0000      nFnu 9.325m  -9.060   0.0910      Q(H)  1216A  -2.787170843.75      CO   162.8m  -8.509   0.3237            
 TOTL  1216A  -6.141  75.4985      nInu 9.325m  -4.3294907.1240      CaBo  4861A  -8.715   0.2013      CO   153.2m  -8.503   0.3285            
 Inci     0   -1.8481482886.2      nFnu 8.210m  -9.193   0.0670      H  1     0   -9.931   0.0123      CO   144.7m  -8.511   0.3222            
 TotH     0   -6.828  15.5440      nInu 8.210m  -4.3804357.1787      H  1  1216A  -6.141  75.4985      CO   137.2m  -8.534   0.3059            
 TotC     0   -6.828  15.5206      nFnu 7.580m  -9.334   0.0484      H  1  1026A  -6.610  25.6698      CO   130.3m  -8.570   0.2816            
 BFH1     0   -6.859  14.4714      nInu 7.580m  -4.4124048.0166      H  1 972.5A  -6.857  14.5181      CO   124.2m  -8.618   0.2517            
 BFHe     0   -8.627   0.2468      nFnu 7.050m  -9.289   0.0538      H  1 949.7A  -7.013  10.1397      CO   118.5m  -8.680   0.2187            
 TotM     0   -9.028   0.0979      nInu 7.050m  -4.4403795.0093      H  1 937.8A  -7.166   7.1353      CO   113.4m  -8.752   0.1850            
 CT C     0   -9.198   0.0663      nFnu 4.114m  -9.395   0.0421      H  1 930.8A  -7.508   3.2444      CO   108.7m  -8.836   0.1524            
 H FB     0   -9.741   0.0190      nInu 4.114m  -4.5442984.5859      H  1 926.2A  -7.828   1.5524      CO   104.4m  -8.932   0.1224            
 HFBc     0   -9.741   0.0190      nFnu 2.324m -10.945   0.0012      H  1 923.2A  -8.055   0.9207      CO   100.4m  -9.038   0.0958            
 H2O      0   -9.605   0.0260      nInu 2.324m  -4.3195016.4326      H  1 921.0A  -8.249   0.5894      CO   96.75m  -9.155   0.0732            
 H2O      0  -10.083   0.0086      nInu 1.643m  -4.0868571.7773      H  1  6563A  -7.685   2.1570      CO   93.32m  -9.282   0.0547            
 OH       0   -8.275   0.5548      nFnu 1.480m  -6.894  13.3505      H  1  4861A  -8.019   1.0000      CO   90.14m  -9.419   0.0398            
 HCl      0  -10.476   0.0035      nInu 1.480m  -4.0429489.2354      H  1  4340A  -8.248   0.5905      CO   87.17m  -9.566   0.0284            
 SiO      0  -10.574   0.0028      nFnu 1.436m  -7.043   9.4680      H  1  4102A  -8.435   0.3842      CO   84.39m  -9.723   0.0198            
 CO       0   -7.379   4.3673      nInu 1.436m  -3.91512705.272      H  1  3970A  -8.727   0.1960      CO   81.78m  -9.889   0.0135            
 13CO     0   -8.895   0.1332      nFnu 1.119m  -9.859   0.0145      H  1  3889A  -8.935   0.1215      CO   79.34m -10.065   0.0090            
 CN       0  -10.895   0.0013      nInu 1.119m  -3.76617915.791      H  1  3835A  -9.052   0.0928      CO   77.04m -10.250   0.0059            
 continua....................      nInu  8330A  -3.58127422.539      H  1  3798A  -9.167   0.0712      CO   74.87m -10.444   0.0038            
 Bac   3646A  -6.601  26.1961      nFnu  8079A  -7.614   2.5431      H  1 1.875m  -8.664   0.2268      CO   72.82m -10.648   0.0024            
 nFnu  3645A  -6.601  26.2009      nInu  8079A  -3.42639227.512      H  1 1.282m  -8.929   0.1233      CO   70.89m -10.860   0.0014            
 nFnu  3647A -10.336   0.0048      nFnu  6210A -10.917   0.0013      H  1 1.094m  -9.118   0.0797      13CO 340.1m -10.841   0.0015            
 cout  3646A  -6.902  13.0980      nInu  6210A  -3.24958885.855      H  1 1.005m  -9.345   0.0473      13CO 302.3m -10.649   0.0023            
 cref  3646A  -6.902  13.0980      nFnu  4885A -10.655   0.0023      H  1  9546A  -9.497   0.0333      13CO 272.1m -10.490   0.0034            
 thin  3646A  -6.601  26.1961      nInu  4885A  -3.04294945.445      H  1  9229A  -9.591   0.0268      13CO 247.4m -10.361   0.0046            
 Inci  4860A  -3.04394653.477      nFnu  3704A -10.365   0.0045      H  1  9015A  -9.693   0.0212      13CO 226.8m -10.257   0.0058            
 Inci  1215A  -1.9621141842.9      nInu  3704A  -2.808162536.94      H  1 4.051m  -9.300   0.0525      13CO 209.4m -10.174   0.0070            
 Ba C     0   -8.500   0.3303      nFnu  3588A  -7.364   4.5263      H  1 2.625m  -9.509   0.0324      13CO 194.5m -10.112   0.0081            
 PA C     0   -8.854   0.1464      nInu  3588A  -2.644237247.66      H  1 2.166m  -9.716   0.0201      13CO 181.6m -10.068   0.0089            
 FIR  83.00m  -3.43938038.930      nFnu  2430A  -9.944   0.0119      H  1 1.945m  -9.864   0.0143      13CO 170.2m -10.040   0.0095            
 TIR   1800m  -5.742 189.5243      nInu  2430A  -2.399417570.09      H  1 1.817m  -9.960   0.0115      13CO 160.3m -10.029   0.0098            
 NIRa 2.850m  -3.40541156.875      nFnu  2392A  -9.930   0.0123      H  1 1.736m -10.063   0.0091      13CO 151.4m -10.031   0.0097            
 NIRb 3.000m  -3.92012576.215      nInu  2392A  -2.388427837.50      H  1 7.458m  -9.788   0.0170      13CO 143.5m -10.048   0.0094            
 MIRa 15.00m  -4.01410127.859      nFnu  2071A  -9.798   0.0167      H  1 4.653m  -9.985   0.0108      13CO 136.3m -10.077   0.0087            
 MIRb 22.50m  -3.79116916.965      nInu  2071A  -2.272559017.69      H  1 3.740m -10.142   0.0075      13CO 129.9m -10.119   0.0079            
 NMIR 21.75m  -3.40541156.875      nFnu  2053A  -9.789   0.0170      H  1 3.296m -10.245   0.0059      13CO 124.0m -10.173   0.0070            
 TFIR 611.2m  -3.95111703.551      nInu  2053A  -2.271560147.31      H  1 3.038m -10.350   0.0047      13CO 118.6m -10.239   0.0060            
 TALL 10000A  -1.8481482970.8      nFnu  1793A  -9.676   0.0220      H  1 12.37m -10.224   0.0062      13CO 113.7m -10.316   0.0051            
 F12  12.00m  -4.4943350.5354      nInu  1793A  -2.167711142.19      H  1 7.500m -10.375   0.0044      13CO 109.2m -10.403   0.0041            
 F25  25.00m  -4.3015224.3125      nFnu  1585A  -9.590   0.0269      H  1 5.907m -10.481   0.0035      13CO 105.0m -10.501   0.0033            
 F60  60.00m  -3.83915157.117      nInu  1585A  -2.142754354.50      H  1 5.127m -10.587   0.0027      13CO 101.2m -10.609   0.0026            
 F100 100.0m  -4.0269851.3369      nFnu  1458A  -9.548   0.0296      H  1 19.06m -10.599   0.0026      13CO 97.60m -10.727   0.0020            
 MIPS 24.00m  -4.6152536.9163      nInu  1458A  -2.041952410.19      H  1 11.31m -10.690   0.0021      13CO 94.26m -10.855   0.0015            
 MIPS 70.00m  -4.1966659.7959      nFnu  1357A  -9.536   0.0305      H  1 8.758m -10.792   0.0017      13CO 91.15m -10.992   0.0011            
 MIPS 160.0m  -4.4213966.8220      nInu  1357A  -1.9721114165.6      H  1 27.80m -10.899   0.0013      level 1 lines...............            
 IRAC 3.600m  -5.157 728.9423      nFnu  1297A  -9.553   0.0292      H  1 16.20m -10.979   0.0011      C  1  1656A -10.453   0.0037            
 IRAC 4.500m  -5.221 628.7209      nInu  1297A  -1.9651134444.1      He-like iso-sequence........      N  1 953.9A -10.785   0.0017            
 IRAC 5.800m  -5.135 765.9143      nFnu  1263A  -9.580   0.0275      Hlin 506.0A  -9.646   0.0236      N  1  1200A  -9.821   0.0158            
 IRAC 8.000m  -4.8451493.5015      nInu  1263A  -1.9771102662.0      He 1     0   -9.581   0.0275      O  1 63.17m  -7.892   1.3413            
 SPR1 250.0m  -4.8431501.2407      nFnu  1218A  -7.861   1.4392      He 1 584.3A  -7.537   3.0342      O  1 145.5m  -9.566   0.0284            
 SPR2 350.0m  -5.279 549.9999      nInu  1218A  -1.9631137348.4      He 1 537.0A  -8.748   0.1869      Mg 1  2853A  -9.388   0.0428            
 SPR3 500.0m  -5.667 225.1325      nFnu  1196A  -9.470   0.0354      He 1 522.2A  -8.505   0.3271      Mg 1  2026A -10.413   0.0040            
 PAC1 70.00m  -4.1347685.8682      nInu  1196A  -1.9571153095.6      He 1 515.6A  -8.742   0.1893      Si 1 129.6m  -9.813   0.0161            
 PAC2 100.0m  -4.0219964.8584      nFnu  1175A  -9.660   0.0228      He 1 512.1A  -8.976   0.1105      Si 1 68.40m  -8.888   0.1355            
 PAC3 160.0m  -4.1647168.7896      nInu  1175A  -1.9811092767.1      TOTL 1.083m -10.989   0.0011      Si 1  2518A -10.264   0.0057            
 PAH  3.300m  -5.990 106.8728      nFnu  1144A  -9.667   0.0225      He 1 1.083m -10.989   0.0011      Si 1  2215A -10.867   0.0014            
 PAHC 3.230m  -6.240  60.1493      nInu  1144A  -1.8801379482.1      He 1  3965A -10.866   0.0014      Si 2 34.81m -10.822   0.0016            
 PAHC 3.370m  -6.320  50.0327      nFnu  1113A  -9.656   0.0231      He 1  5876A -10.889   0.0014      P  2 60.64m -10.557   0.0029            
 PAH  6.200m  -5.585 271.8131      nInu  1113A  -1.9641136264.0      Pho+  3889A  -9.023   0.0992      P  2 32.87m  -9.979   0.0110            
 PAHC 5.650m  -5.582 273.6585      nFnu  1103A  -9.648   0.0235      database lines..............      S  1 25.19m  -7.915   1.2713            
 PAH  7.900m  -5.292 533.3074      nInu  1103A  -1.8671419175.0      H2O  75.36m -10.922   0.0013      S  1 56.29m  -9.736   0.0192            
 PAHC 6.900m  -5.288 538.9323      nFnu  1074A  -9.630   0.0245      H2O  66.42m -10.560   0.0029      Cl 1 11.33m  -9.186   0.0682            
 PAH  11.30m  -5.704 206.7291      nInu  1074A  -1.8821371157.4      H2O  78.72m -10.902   0.0013      Cl 2 14.40m -10.948   0.0012            
 PAHC 10.90m  -5.703 207.3386      nFnu  1064A  -9.623   0.0249      H2O  58.68m -10.671   0.0022      Ca 1  4228A -10.765   0.0018            
 PAH  11.80m  -5.463 359.8252      nInu  1064A  -1.8561455068.9      H2O  49.32m -10.671   0.0022      Fe 1 24.04m  -9.738   0.0191            
 PAHC 12.65m  -5.466 357.9268      nFnu  1036A  -9.605   0.0260      H2O  47.96m -10.815   0.0016      Fe 1 34.70m -10.775   0.0018            
 PAH  13.30m  -5.410 407.1852      nInu  1036A  -1.8981323767.9      H2O  43.88m -10.950   0.0012      Fe2c     0   -7.207   6.4896            
 PAHC 14.10m  -5.412 405.0164      nFnu  1000A  -9.579   0.0276      H2O  82.01m -10.921   0.0013      Fe 2  2400A  -9.927   0.0124            
 Bcon  3640A  -2.0061032224.8      nInu  1000A  -1.9391203361.6      OH   119.4m -10.786   0.0017      Fe 2 25.98m  -7.265   5.6853            
 Pcon  5000A  -3.17769615.234      nFnu 925.1A  -9.525   0.0312      OH   119.4m  -9.831   0.0154      Fe 2 14.97m -10.991   0.0011            
 HFFc     0   -8.146   0.7464      nInu 925.1A  -1.9201256054.0      OH   119.4m  -9.639   0.0240      Fe 2 5.339m -10.840   0.0015            
 H FF     0  -10.476   0.0035      nFnu 897.8A  -8.394   0.4218      OH   119.2m -10.786   0.0017      Fe 2 35.34m  -8.171   0.7059            
 MeFB     0   -9.524   0.0313      nInu 897.8A  -2.235608883.12      OH   119.2m  -9.832   0.0154      Fe 2 51.29m  -9.203   0.0655            
 MeFF     0  -10.215   0.0064      nFnu 760.0A  -9.458   0.0364      OH   119.2m  -9.640   0.0239      Fe 2 87.36m -10.523   0.0031            
 ToFF     0  -10.026   0.0099      nInu 760.0A  -2.355461510.72      OH   79.16m -10.978   0.0011      Fe 2 17.93m -10.459   0.0036            
 nInu 3.554c -10.817   0.0016      nFnu 701.5A  -9.504   0.0328      OH   79.16m -10.580   0.0027      Fe 2  1786A  -9.346   0.0472            
 nInu 3.432c -10.771   0.0018      nInu 701.5A  -2.463359830.88      OH   79.10m -10.984   0.0011      recombination...............            
 nInu 3.400c -10.758   0.0018      nInu 608.2A  -2.368447757.94      OH   79.10m -10.586   0.0027      level2 lines................            
 nInu 2.003c -10.074   0.0088      nInu 575.1A  -2.365451187.56      OH   163.4m -10.854   0.0015      C  1 943.9A -10.426   0.0039            
 nInu 1.335c  -9.540   0.0301      nInu 511.9A  -2.410406889.91      OH   53.34m -10.422   0.0040      C  1  1248A -10.674   0.0022            
 nInu  9993m  -9.162   0.0719      nInu 496.9A  -2.596264857.66      OH   163.4m -10.456   0.0037      C  1  1561A -10.952   0.0012            
 nInu  6917m  -8.687   0.2150      nInu 399.2A  -2.882137277.81      OH   53.34m -10.167   0.0071      C  1  1315A -10.932   0.0012            
 nFnu 122.4m  -8.917   0.1265      RRC.........................      OH   163.1m -10.860   0.0014      N  1 942.3A -10.662   0.0023            
 nInu 122.4m  -3.61025667.996      H  1 911.8A  -7.766   1.7901      OH   53.25m -10.438   0.0038      N  1 952.1A -10.800   0.0017            
 nFnu 60.83m  -8.628   0.2463      H  1  3646A  -9.121   0.0791      OH   163.1m -10.462   0.0036      N  1  1131A -10.992   0.0011            
 nInu 60.83m  -3.65723014.777      H  1  3646A  -8.686   0.2156      OH   53.25m -10.183   0.0069      O  1 867.3A -10.180   0.0069            
 nFnu 41.22m  -8.519   0.3165      H  1  8204A  -9.825   0.0157      OH   84.57m  -9.098   0.0835      O  1 787.5A -10.925   0.0012            
 nInu 41.22m  -3.77017769.746      H  1  8204A  -9.336   0.0483      OH   84.57m -10.529   0.0031      O  1 976.8A  -9.934   0.0122            
 nFnu 30.87m  -8.484   0.3432      H  1  8204A  -9.279   0.0550      OH   84.57m  -9.228   0.0618      O  1 767.7A -10.957   0.0012            
 nInu 30.87m  -3.87214037.454      H  1 1.458m -10.430   0.0039      OH   84.40m  -9.103   0.0824      O  1 969.0A -10.428   0.0039            
 nFnu 24.78m  -8.489   0.3387      H  1 1.458m  -9.932   0.0122      OH   84.40m -10.535   0.0031      O  1 946.4A -10.732   0.0019            
 nInu 24.78m  -3.95111696.796      H  1 1.458m  -9.760   0.0182      OH   84.40m  -9.234   0.0610      O  1 934.5A -10.928   0.0012            
 nFnu 24.30m  -8.492   0.3369      H  1 1.458m  -9.899   0.0132      OH   98.71m -10.755   0.0018      Ne 1 688.6A -10.492   0.0034            
 nInu 24.30m  -3.95811504.435      H  1 2.279m -10.891   0.0013      OH   98.71m  -9.801   0.0166      Mg 1  1817A -11.010   0.0010            
 nFnu 22.83m  -8.499   0.3312      H  1 2.279m -10.392   0.0042      OH   48.80m -10.271   0.0056      Al 2  1671A -10.304   0.0052            
 nInu 22.83m  -3.98010946.127      H  1 2.279m -10.182   0.0069      OH   34.62m -10.647   0.0024      Si 1  1261A -10.022   0.0099            
 nFnu 21.42m  -8.513   0.3212      H  1 2.279m -10.164   0.0072      OH   98.71m  -9.609   0.0257      Si 1  1853A -10.099   0.0083            
 nInu 21.42m  -4.00310371.839      H  1 2.279m -10.445   0.0038      OH   48.80m -10.116   0.0080      Si 1  1694A -10.304   0.0052            
 nFnu 21.12m  -8.516   0.3186      H  1 3.281m -10.748   0.0019      OH   34.62m -10.455   0.0037      Si 1  1626A -10.559   0.0029            
 nInu 21.12m  -4.00910243.635      H  1 3.281m -10.522   0.0031      OH   98.70m -10.755   0.0018      Si 1  1091A -10.554   0.0029            
 nFnu 19.62m  -8.533   0.3064      H  1 3.281m -10.443   0.0038      OH   98.70m  -9.801   0.0165      Si 1  2000A -10.830   0.0015            
 nInu 19.62m  -4.0359652.8213      H  1 3.281m -10.540   0.0030      OH   48.69m -10.281   0.0055      Si 1  1591A -10.794   0.0017            
 nFnu 17.65m  -8.569   0.2820      H  1 3.281m -10.931   0.0012      OH   34.59m -10.659   0.0023      Si 1  1668A -10.959   0.0011            
 nInu 17.65m  -4.0788735.1025      H  1 4.466m -10.808   0.0016      OH   98.70m  -9.609   0.0257      Si 1  1616A -11.019   0.0010            
 nFnu 17.37m  -8.576   0.2778      H  1 4.466m -10.698   0.0021      OH   48.69m -10.126   0.0078      S  1  1356A -10.651   0.0023            
 nInu 17.37m  -4.0848616.9053      H  1 4.466m -10.716   0.0020      OH   34.59m -10.467   0.0036      S  1  1227A -10.875   0.0014            
 nFnu 15.69m  -8.625   0.2482      H  1 4.466m -10.904   0.0013      CO   650.1m -10.591   0.0027      S  1  1662A -10.924   0.0012            
 nInu 15.69m  -4.1237868.7598      H  1 5.834m -10.942   0.0012      CO   520.1m -10.144   0.0075      Ar 1  1096A -11.005   0.0010            
 nFnu 14.60m  -8.660   0.2290      H  1 5.834m -10.917   0.0013      CO   433.4m  -9.792   0.0169      hyperfine structure.........            
 nInu 14.60m  -4.1517384.0815      H  1 5.834m -11.014   0.0010      CO   371.5m  -9.509   0.0324      inner shell.................            
 nFnu 12.43m  -8.771   0.1774      H  1 11.03m -10.674   0.0022      CO   325.1m  -9.278   0.0552      molecules...................            
 nInu 12.43m  -4.2166356.4839      H  1 13.13m -10.785   0.0017      CO   289.0m  -9.088   0.0854      H2dH     0  -10.399   0.0042            
 nFnu 11.40m  -8.850   0.1478      H  1 15.40m -10.888   0.0014      CO   260.2m  -8.933   0.1219      H2vH     0   -8.203   0.6556            
 nInu 11.40m  -4.2505884.2158      H  1 17.87m -10.982   0.0011      CO   236.5m  -8.807   0.1630      H-FB     0   -8.841   0.1508            
 nFnu 10.46m  -8.915   0.1271      H  1 56.97m -10.352   0.0046      CO   216.9m  -8.707   0.2054      H-FF     0   -8.152   0.7365            
 nInu 10.46m  -4.2835447.0825      grains......................      CO   200.2m  -8.629   0.2458      H-CT  6563A -10.059   0.0091            
 nFnu 9.480m  -9.040   0.0954      H-like iso-sequence.........      CO   185.9m  -8.571   0.2809      COdh     0  -10.885   0.0014            

                                                    Emergent line intensities
 general properties..........      nInu 7.050m  -4.4403795.0093      H  1  9546A  -9.497   0.0333      CO   104.4m  -8.932   0.1224            
 TOTL  4861A  -8.019   1.0000      nFnu 4.114m  -9.395   0.0421      H  1  9229A  -9.591   0.0268      CO   100.4m  -9.038   0.0958            
 TOTL  1216A  -6.141  75.4983      nInu 4.114m  -4.5442984.5859      H  1  9015A  -9.693   0.0212      CO   96.75m  -9.155   0.0732            
 continua....................      nFnu 2.324m -10.945   0.0012      H  1 4.051m  -9.300   0.0525      CO   93.32m  -9.282   0.0547            
 Bac   3646A  -6.601  26.1961      nInu 2.324m  -4.3195016.4326      H  1 2.625m  -9.509   0.0324      CO   90.14m  -9.419   0.0398            
 nFnu  3645A  -6.601  26.2009      nInu 1.643m  -4.0868571.7773      H  1 2.166m  -9.716   0.0201      CO   87.17m  -9.566   0.0284            
 nFnu  3647A -10.336   0.0048      nFnu 1.480m  -6.894  13.3505      H  1 1.945m  -9.864   0.0143      CO   84.39m  -9.723   0.0198            
 cout  3646A  -6.902  13.0980      nInu 1.480m  -4.0429489.2354      H  1 1.817m  -9.960   0.0115      CO   81.78m  -9.889   0.0135            
 cref  3646A  -6.902  13.0980      nFnu 1.436m  -7.043   9.4680      H  1 1.736m -10.063   0.0091      CO   79.34m -10.065   0.0090            
 thin  3646A  -6.601  26.1961      nInu 1.436m  -3.91512705.272      H  1 7.458m  -9.788   0.0170      CO   77.04m -10.250   0.0059            
 Inci  4860A  -3.04394653.477      nFnu 1.119m  -9.859   0.0145      H  1 4.653m  -9.985   0.0108      CO   74.87m -10.444   0.0038            
 Inci  1215A  -1.9621141842.9      nInu 1.119m  -3.76617915.791      H  1 3.740m -10.142   0.0075      CO   72.82m -10.648   0.0024            
 FIR  83.00m  -3.43938038.930      nInu  8330A  -3.58127422.539      H  1 3.296m -10.245   0.0059      CO   70.89m -10.860   0.0014            
 TIR   1800m  -5.742 189.5243      nFnu  8079A  -7.614   2.5431      H  1 3.038m -10.350   0.0047      13CO 340.1m -10.841   0.0015            
 NIRa 2.850m  -3.40541156.875      nInu  8079A  -3.42639227.512      H  1 12.37m -10.224   0.0062      13CO 302.3m -10.649   0.0023            
 NIRb 3.000m  -3.92012576.215      nFnu  6210A -10.917   0.0013      H  1 7.500m -10.375   0.0044      13CO 272.1m -10.490   0.0034            
 MIRa 15.00m  -4.01410127.859      nInu  6210A  -3.24958885.855      H  1 5.907m -10.481   0.0035      13CO 247.4m -10.361   0.0046            
 MIRb 22.50m  -3.79116916.965      nFnu  4885A -10.655   0.0023      H  1 5.127m -10.587   0.0027      13CO 226.8m -10.257   0.0058            
 NMIR 21.75m  -3.40541156.875      nInu  4885A  -3.04294945.445      H  1 19.06m -10.599   0.0026      13CO 209.4m -10.174   0.0070            
 TFIR 611.2m  -3.95111703.551      nFnu  3704A -10.365   0.0045      H  1 11.31m -10.690   0.0021      13CO 194.5m -10.112   0.0081            
 TALL 10000A  -1.8481482970.8      nInu  3704A  -2.808162536.94      H  1 8.758m -10.792   0.0017      13CO 181.6m -10.068   0.0089            
 F12  12.00m  -4.4943350.5354      nFnu  3588A  -7.364   4.5263      H  1 27.80m -10.899   0.0013      13CO 170.2m -10.040   0.0095            
 F25  25.00m  -4.3015224.3125      nInu  3588A  -2.644237247.66      H  1 16.20m -10.979   0.0011      13CO 160.3m -10.029   0.0098            
 F60  60.00m  -3.83915157.117      nFnu  2430A  -9.944   0.0119      He-like iso-sequence........      13CO 151.4m -10.031   0.0097            
 F100 100.0m  -4.0269851.3369      nInu  2430A  -2.399417570.09      Hlin 506.0A  -9.646   0.0236      13CO 143.5m -10.048   0.0094            
 MIPS 24.00m  -4.6152536.9163      nFnu  2392A  -9.930   0.0123      He 1 584.3A  -7.538   3.0306      13CO 136.3m -10.077   0.0087            
 MIPS 70.00m  -4.1966659.7959      nInu  2392A  -2.388427837.50      He 1 537.0A  -8.748   0.1867      13CO 129.9m -10.119   0.0079            
 MIPS 160.0m  -4.4213966.8220      nFnu  2071A  -9.798   0.0167      He 1 522.2A  -8.505   0.3269      13CO 124.0m -10.173   0.0070            
 IRAC 3.600m  -5.157 728.9423      nInu  2071A  -2.272559017.69      He 1 515.6A  -8.742   0.1892      13CO 118.6m -10.239   0.0060            
 IRAC 4.500m  -5.221 628.7209      nFnu  2053A  -9.789   0.0170      He 1 512.1A  -8.976   0.1104      13CO 113.7m -10.316   0.0051            
 IRAC 5.800m  -5.135 765.9143      nInu  2053A  -2.271560147.31      TOTL 1.083m -10.989   0.0011      13CO 109.2m -10.403   0.0041            
 IRAC 8.000m  -4.8451493.5015      nFnu  1793A  -9.676   0.0220      He 1 1.083m -10.989   0.0011      13CO 105.0m -10.501   0.0033            
 SPR1 250.0m  -4.8431501.2407      nInu  1793A  -2.167711142.19      He 1  3965A -10.866   0.0014      13CO 101.2m -10.609   0.0026            
 SPR2 350.0m  -5.279 549.9999      nFnu  1585A  -9.590   0.0269      He 1  5876A -10.889   0.0014      13CO 97.60m -10.727   0.0020            
 SPR3 500.0m  -5.667 225.1325      nInu  1585A  -2.142754354.50      Pho+  3889A  -9.023   0.0992      13CO 94.26m -10.855   0.0015            
 PAC1 70.00m  -4.1347685.8682      nFnu  1458A  -9.548   0.0296      database lines..............      13CO 91.15m -10.992   0.0011            
 PAC2 100.0m  -4.0219964.8584      nInu  1458A  -2.041952410.19      H2O  75.36m -10.922   0.0013      level 1 lines...............            
 PAC3 160.0m  -4.1647168.7896      nFnu  1357A  -9.536   0.0305      H2O  66.42m -10.560   0.0029      C  1  1656A -10.453   0.0037            
 PAH  3.300m  -5.990 106.8728      nInu  1357A  -1.9721114165.6      H2O  78.72m -10.902   0.0013      N  1 953.9A -10.785   0.0017            
 PAHC 3.230m  -6.240  60.1493      nFnu  1297A  -9.553   0.0292      H2O  58.68m -10.671   0.0022      N  1  1200A  -9.821   0.0158            
 PAHC 3.370m  -6.320  50.0327      nInu  1297A  -1.9651134444.1      H2O  49.32m -10.671   0.0022      O  1 63.17m  -7.892   1.3413            
 PAH  6.200m  -5.585 271.8131      nFnu  1263A  -9.580   0.0275      H2O  47.96m -10.815   0.0016      O  1 145.5m  -9.566   0.0284            
 PAHC 5.650m  -5.582 273.6585      nInu  1263A  -1.9771102662.0      H2O  43.88m -10.950   0.0012      Mg 1  2853A  -9.388   0.0428            
 PAH  7.900m  -5.292 533.3074      nFnu  1218A  -7.861   1.4392      H2O  82.01m -10.921   0.0013      Mg 1  2026A -10.413   0.0040            
 PAHC 6.900m  -5.288 538.9323      nInu  1218A  -1.9631137348.4      OH   119.4m -10.786   0.0017      Si 1 129.6m  -9.813   0.0161            
 PAH  11.30m  -5.704 206.7291      nFnu  1196A  -9.470   0.0354      OH   119.4m  -9.831   0.0154      Si 1 68.40m  -8.888   0.1355            
 PAHC 10.90m  -5.703 207.3386      nInu  1196A  -1.9571153095.6      OH   119.4m  -9.639   0.0240      Si 1  2518A -10.264   0.0057            
 PAH  11.80m  -5.463 359.8252      nFnu  1175A  -9.660   0.0228      OH   119.2m -10.786   0.0017      Si 1  2215A -10.867   0.0014            
 PAHC 12.65m  -5.466 357.9268      nInu  1175A  -1.9811092767.1      OH   119.2m  -9.832   0.0154      Si 2 34.81m -10.822   0.0016            
 PAH  13.30m  -5.410 407.1852      nFnu  1144A  -9.667   0.0225      OH   119.2m  -9.640   0.0239      P  2 60.64m -10.557   0.0029            
 PAHC 14.10m  -5.412 405.0164      nInu  1144A  -1.8801379482.1      OH   79.16m -10.978   0.0011      P  2 32.87m  -9.979   0.0110            
 Bcon  3640A  -2.0061032224.8      nFnu  1113A  -9.656   0.0231      OH   79.16m -10.580   0.0027      S  1 25.19m  -7.915   1.2713            
 Pcon  5000A  -3.17769615.234      nInu  1113A  -1.9641136264.0      OH   79.10m -10.984   0.0011      S  1 56.29m  -9.736   0.0192            
 nInu 3.554c -10.817   0.0016      nFnu  1103A  -9.648   0.0235      OH   79.10m -10.586   0.0027      Cl 1 11.33m  -9.186   0.0682            
 nInu 3.432c -10.771   0.0018      nInu  1103A  -1.8671419175.0      OH   163.4m -10.854   0.0015      Cl 2 14.40m -10.948   0.0012            
 nInu 3.400c -10.758   0.0018      nFnu  1074A  -9.630   0.0245      OH   53.34m -10.422   0.0040      Ca 1  4228A -10.765   0.0018            
 nInu 2.003c -10.074   0.0088      nInu  1074A  -1.8821371157.4      OH   163.4m -10.456   0.0037      Fe 1 24.04m  -9.738   0.0191            
 nInu 1.335c  -9.540   0.0301      nFnu  1064A  -9.623   0.0249      OH   53.34m -10.167   0.0071      Fe 1 34.70m -10.775   0.0018            
 nInu  9993m  -9.162   0.0719      nInu  1064A  -1.8561455068.9      OH   163.1m -10.860   0.0014      Fe 2  2400A  -9.927   0.0124            
 nInu  6917m  -8.687   0.2150      nFnu  1036A  -9.605   0.0260      OH   53.25m -10.438   0.0038      Fe 2 25.98m  -7.265   5.6853            
 nFnu 122.4m  -8.917   0.1265      nInu  1036A  -1.8981323767.9      OH   163.1m -10.462   0.0036      Fe 2 14.97m -10.991   0.0011            
 nInu 122.4m  -3.61025667.996      nFnu  1000A  -9.579   0.0276      OH   53.25m -10.183   0.0069      Fe 2 5.339m -10.840   0.0015            
 nFnu 60.83m  -8.628   0.2463      nInu  1000A  -1.9391203361.6      OH   84.57m  -9.098   0.0835      Fe 2 35.34m  -8.171   0.7059            
 nInu 60.83m  -3.65723014.777      nFnu 925.1A  -9.525   0.0312      OH   84.57m -10.529   0.0031      Fe 2 51.29m  -9.203   0.0655            
 nFnu 41.22m  -8.519   0.3165      nInu 925.1A  -1.9201256054.0      OH   84.57m  -9.228   0.0618      Fe 2 87.36m -10.523   0.0031            
 nInu 41.22m  -3.77017769.746      nFnu 897.8A  -8.394   0.4218      OH   84.40m  -9.103   0.0824      Fe 2 17.93m -10.459   0.0036            
 nFnu 30.87m  -8.484   0.3432      nInu 897.8A  -2.235608883.12      OH   84.40m -10.535   0.0031      Fe 2  1786A  -9.346   0.0472            
 nInu 30.87m  -3.87214037.454      nFnu 760.0A  -9.458   0.0364      OH   84.40m  -9.234   0.0610      recombination...............            
 nFnu 24.78m  -8.489   0.3387      nInu 760.0A  -2.355461510.72      OH   98.71m -10.755   0.0018      level2 lines................            
 nInu 24.78m  -3.95111696.796      nFnu 701.5A  -9.504   0.0328      OH   98.71m  -9.801   0.0166      C  1 943.9A -10.426   0.0039            
 nFnu 24.30m  -8.492   0.3369      nInu 701.5A  -2.463359830.88      OH   48.80m -10.271   0.0056      C  1  1248A -10.674   0.0022            
 nInu 24.30m  -3.95811504.435      nInu 608.2A  -2.368447757.94      OH   34.62m -10.647   0.0024      C  1  1561A -10.952   0.0012            
 nFnu 22.83m  -8.499   0.3312      nInu 575.1A  -2.365451187.56      OH   98.71m  -9.609   0.0257      C  1  1315A -10.932   0.0012            
 nInu 22.83m  -3.98010946.127      nInu 511.9A  -2.410406889.91      OH   48.80m -10.116   0.0080      N  1 942.3A -10.662   0.0023            
 nFnu 21.42m  -8.513   0.3212      nInu 496.9A  -2.596264857.66      OH   34.62m -10.455   0.0037      N  1 952.1A -10.800   0.0017            
 nInu 21.42m  -4.00310371.839      nInu 399.2A  -2.882137277.81      OH   98.70m -10.755   0.0018      N  1  1131A -10.992   0.0011            
 nFnu 21.12m  -8.516   0.3186      RRC.........................      OH   98.70m  -9.801   0.0165      O  1 867.3A -10.181   0.0069            
 nInu 21.12m  -4.00910243.635      grains......................      OH   48.69m -10.281   0.0055      O  1 787.5A -10.926   0.0012            
 nFnu 19.62m  -8.533   0.3064      H-like iso-sequence.........      OH   34.59m -10.659   0.0023      O  1 976.8A  -9.934   0.0122            
 nInu 19.62m  -4.0359652.8213      Q(H)  4861A  -4.3234966.3213      OH   98.70m  -9.609   0.0257      O  1 767.7A -10.957   0.0012            
 nFnu 17.65m  -8.569   0.2820      Q(H)  1216A  -2.787170843.75      OH   48.69m -10.126   0.0078      O  1 969.0A -10.428   0.0039            
 nInu 17.65m  -4.0788735.1025      CaBo  4861A  -8.716   0.2013      OH   34.59m -10.467   0.0036      O  1 946.4A -10.732   0.0019            
 nFnu 17.37m  -8.576   0.2778      H  1  1216A  -6.141  75.4983      CO   650.1m -10.591   0.0027      O  1 934.5A -10.928   0.0012            
 nInu 17.37m  -4.0848616.9053      H  1  1026A  -6.610  25.6697      CO   520.1m -10.144   0.0075      Ne 1 688.6A -10.492   0.0034            
 nFnu 15.69m  -8.625   0.2482      H  1 972.5A  -6.857  14.5181      CO   433.4m  -9.792   0.0169      Mg 1  1817A -11.010   0.0010            
 nInu 15.69m  -4.1237868.7598      H  1 949.7A  -7.013  10.1397      CO   371.5m  -9.509   0.0324      Al 2  1671A -10.304   0.0052            
 nFnu 14.60m  -8.660   0.2290      H  1 937.8A  -7.166   7.1353      CO   325.1m  -9.278   0.0552      Si 1  1261A -10.022   0.0099            
 nInu 14.60m  -4.1517384.0815      H  1 930.8A  -7.508   3.2444      CO   289.0m  -9.088   0.0854      Si 1  1853A -10.099   0.0083            
 nFnu 12.43m  -8.771   0.1774      H  1 926.2A  -7.828   1.5524      CO   260.2m  -8.933   0.1219      Si 1  1694A -10.304   0.0052            
 nInu 12.43m  -4.2166356.4839      H  1 923.2A  -8.055   0.9207      CO   236.5m  -8.807   0.1630      Si 1  1626A -10.559   0.0029            
 nFnu 11.40m  -8.850   0.1478      H  1 921.0A  -8.249   0.5894      CO   216.9m  -8.707   0.2054      Si 1  1091A -10.554   0.0029            
 nInu 11.40m  -4.2505884.2158      H  1  6563A  -7.685   2.1570      CO   200.2m  -8.629   0.2458      Si 1  2000A -10.830   0.0015            
 nFnu 10.46m  -8.915   0.1271      H  1  4861A  -8.019   1.0000      CO   185.9m  -8.571   0.2809      Si 1  1591A -10.794   0.0017            
 nInu 10.46m  -4.2835447.0825      H  1  4340A  -8.248   0.5905      CO   173.6m  -8.531   0.3075      Si 1  1668A -10.959   0.0011            
 nFnu 9.480m  -9.040   0.0954      H  1  4102A  -8.435   0.3842      CO   162.8m  -8.509   0.3237      Si 1  1616A -11.019   0.0010            
 nInu 9.480m  -4.3234974.6099      H  1  3970A  -8.727   0.1960      CO   153.2m  -8.503   0.3285      S  1  1356A -10.651   0.0023            
 nFnu 9.325m  -9.060   0.0910      H  1  3889A  -8.935   0.1215      CO   144.7m  -8.511   0.3222      S  1  1227A -10.875   0.0014            
 nInu 9.325m  -4.3294907.1240      H  1  3835A  -9.052   0.0928      CO   137.2m  -8.534   0.3059      S  1  1662A -10.924   0.0012            
 nFnu 8.210m  -9.193   0.0670      H  1  3798A  -9.167   0.0712      CO   130.3m  -8.570   0.2816      Ar 1  1096A -11.005   0.0010            
 nInu 8.210m  -4.3804357.1787      H  1 1.875m  -8.664   0.2268      CO   124.2m  -8.618   0.2517      hyperfine structure.........            
 nFnu 7.580m  -9.334   0.0484      H  1 1.282m  -8.929   0.1233      CO   118.5m  -8.680   0.2187      inner shell.................            
 nInu 7.580m  -4.4124048.0166      H  1 1.094m  -9.118   0.0797      CO   113.4m  -8.752   0.1850      molecules...................            
 nFnu 7.050m  -9.289   0.0538      H  1 1.005m  -9.345   0.0473      CO   108.7m  -8.836   0.1524      H-CT  6563A -10.059   0.0091            



                                                                           
 Cooling:  Fe2c     0 :0.418  
 Heating:  BFH1     0 :0.931  

 These are some of the most important databases used by Cloudy:
 Many recombination coefficients were taken from http://amdpp.phys.strath.ac.uk/tamoc/RR/ and http://amdpp.phys.strath.ac.uk/tamoc/DR/
      and are based on the following papers:
        Badnell N. R., et al., A&A 406, 1151 (2003) [http://adsabs.harvard.edu/abs/2003A%26A...406.1151B]
        Badnell N. R., ApJS 167, 334 (2006) [http://adsabs.harvard.edu/abs/2006ApJS..167..334B]
 Much of the molecular emission data is from LAMDA as accessed on Dec. 18, 2010. This database is described in:
        Schoeier F.L., et al., A&A 432, 369 (2005) [http://adsabs.harvard.edu/abs/2005A%26A...432..369S]
      This database is in part based on the work of the following groups:
        JPL: Pickett H. M. et al., JQSRT, 60, 883 (1998). [http://adsabs.harvard.edu/abs/1998JQSRT..60..883P]
        CDMS: Mueller H. S. et al., A&A 370, L49 (2001). [http://adsabs.harvard.edu/abs/2001A%26A...370L..49M]
              Mueller H. S. et al., J. Mol. Struct. 742, 215 (2005). [http://adsabs.harvard.edu/abs/2005JMoSt.742..215M]
 Much of the ionic emission data is from version 7.0 of CHIANTI. CHIANTI is a collaborative project involving the NRL (USA), the
      Universities of Florence (Italy) and Cambridge (UK), and George Mason University (USA). These papers describe Chianti:
        Dere K. P., et al., A&AS, 125, 149 (1997) [http://adsabs.harvard.edu/abs/1997A%26AS..125..149D]
        Landi E., et al., ApJ, 744, 99 (2012) [http://adsabs.harvard.edu/abs/2012ApJ...744...99L]
 Much of the H_2 data is from this web site: http://molat.obspm.fr/index.php?page=pages/Molecules/H2/H2can94.php. These data are
      described in:
        Abgrall H. et al., Can. J. Phys., 72, 856 (1994) [http://adsabs.harvard.edu/abs/1994CaJPh..72..856A]
        Wrathmall S. A. & Flower D. R., J. Phys. B, 40, 3221 (2007) [http://adsabs.harvard.edu/abs/2007JPhB...40.3221W]
 Please cite those papers that played a significant role in this calculation.

 IONIZE PARMET:  U(1-)-12.4768  U(4-):-18.2499  U(sp):-12.48  Q(ion):    8.000  L(ion) -2.529    Q(low): 10.367    L(low) -1.950
 ENERGY BUDGET:  Heat:  -6.828  Coolg:  -6.828  Error:  0.2%  Rec Lin:  -7.752  F-F  H  0.000    P(rad/tot)max     0.00E+00

     Col(Heff):      0.000E+00  snd travl time  5.85E-02 sec  Te-low: 3.35E+02  Te-hi: 3.35E+02  G0TH85: 4.96E+00  G0DB96:6.42E+00
  Emiss Measure    n(e)n(p) dl       1.181E+15  n(e)n(He+)dl         4.390E+10  En(e)n(He++) dl         9.333E-02  ne nC+:7.95E+11
 He/Ha:9.98E-04  =   0.01*true  Lthin:4.24E+03  itr/zn:29.00  H2 itr/zn:  0.00  File Opacity: F  MassTot 1.97e-10  (gm/cm^2)
   Temps(21 cm)   T(21cm/Ly a)  3.17E+02        T(<nH/Tkin>)  3.35E+02          T(<nH/Tspin>)    3.35E+02          TB21cm:2.00E-05
                   N(H0/Tspin)  2.58E+11        N(OH/Tkin)    3.81E+03          B(21cm)          0.00E+00
   <a>:3.69E-07  erdeFe0.0E+00  Tcompt1.04E+08  Tthr4.40E+07  <Tden>: 3.35E+02  <dens>:2.27E-14  <MolWgt>1.26E+00
     Mean Jeans  l(cm)6.77E+15  M(sun)1.85E+00  smallest:     len(cm):6.77E+15  M(sun):1.85E+00  a_ox tran:  0.00
 Rion:1.000E+30  Dist:0.00E+00  Diam:0.000E+00
 Hatom level 70  HatomType: add  HInducImp  F  He tot level: 63  He2 level:   70  ExecTime   814.9
 ConvrgError(%)  <eden>  0.391  MaxEden  0.391  <H-C>   0.15  Max(H-C)    0.15  <Press>   0.000  MaxPrs er  0.000
  Continuity(%)  chng Te   0.0  elec den   0.0  n(H2)    0.0  n(CO)        0.0

                                                        Averaged Quantities
             Te      Te(Ne)   Te(NeNp)  Te(NeHe+)Te(NeHe2+) Te(NeO+)  Te(NeO2+)  Te(H2)     N(H)     Ne(O2+)   Ne(Np)
 Radius:  3.35e+02  3.35e+02  3.35e+02  3.35e+02  3.35e+02  3.35e+02  3.35e+02  3.35e+02  1.00e+10  6.18e+05  6.18e+05

 Contin Optical Depths: COMP: 3.57e-15    H-: 3.80e-14 R(1300): 5.81e-10  H2+: 6.25e-17  Pfa:3.64E-15
                          Pa: 3.99e-15    Ba: 6.72e-14      Hb: 1.33e-13   La: 1.35e-06     1r:5.480E-04  1.8:1.64E-04 4.:2.383E-05

 Old, new H  1 continuum optical depths:
     1 5.48e-04     2 1.94e-14     3 3.82e-14     4 3.82e-14     5 3.82e-14     6 9.50e-15     7 9.50e-15     8 9.50e-15
     9 9.50e-15    10 1.17e-17    11 1.17e-17    12 1.17e-17    13 1.17e-17    14 1.17e-17    15 2.91e-17    16 2.91e-17
    17 2.91e-17    18 2.91e-17    19 2.91e-17    20 2.91e-17    21 6.31e-17    22 6.31e-17    23 6.31e-17    24 6.31e-17
    25 6.31e-17    26 6.31e-17    27 6.31e-17    28 1.22e-16    29 1.22e-16    30 1.22e-16    31 1.22e-16    32 1.22e-16
    33 1.22e-16    34 1.22e-16    35 1.22e-16    36 2.19e-16    37 2.19e-16    38 2.19e-16    39 2.19e-16    40 2.19e-16
    41 2.19e-16    42 2.19e-16    43 2.19e-16    44 2.19e-16    45 3.69e-16    46 3.69e-16    47 3.69e-16    48 3.69e-16
    49 3.69e-16    50 3.69e-16    51 3.69e-16    52 3.69e-16    53 3.69e-16    54 3.69e-16
     1 5.48e-04     2 1.94e-14     3 3.82e-14     4 3.82e-14     5 3.82e-14     6 9.50e-15     7 9.50e-15     8 9.50e-15
     9 9.50e-15    10 1.17e-17    11 1.17e-17    12 1.17e-17    13 1.17e-17    14 1.17e-17    15 2.91e-17    16 2.91e-17
    17 2.91e-17    18 2.91e-17    19 2.91e-17    20 2.91e-17    21 6.31e-17    22 6.31e-17    23 6.31e-17    24 6.31e-17
    25 6.31e-17    26 6.31e-17    27 6.31e-17    28 1.22e-16    29 1.22e-16    30 1.22e-16    31 1.22e-16    32 1.22e-16
    33 1.22e-16    34 1.22e-16    35 1.22e-16    36 2.19e-16    37 2.19e-16    38 2.19e-16    39 2.19e-16    40 2.19e-16
    41 2.19e-16    42 2.19e-16    43 2.19e-16    44 2.19e-16    45 3.69e-16    46 3.69e-16    47 3.69e-16    48 3.69e-16
    49 3.69e-16    50 3.69e-16    51 3.69e-16    52 3.69e-16    53 3.69e-16    54 3.69e-16

 Old, new H  1 mean line optical depths:
  2- 1 4.94e+01  3- 2 2.80e-12  4- 3 3.20e-15  5- 4 4.75e-15  6- 5 1.08e-14  7- 6 2.12e-14  8- 7 2.45e-14
  9- 8 1.47e-14 10- 9 1.18e-14
  2- 1 4.94e+01  3- 2 2.80e-12  4- 3 3.19e-15  5- 4 4.73e-15  6- 5 1.07e-14  7- 6 2.11e-14  8- 7 2.44e-14
  9- 8 1.47e-14 10- 9 1.18e-14

 Old, new He 2 continuum optical depths:
     1 2.38e-05     2 5.41e-04     3 5.84e-11     4 5.84e-11     5 5.84e-11     6 1.94e-14     7 1.94e-14     8 1.94e-14
     9 1.94e-14    10 3.10e-14    11 3.10e-14    12 3.10e-14    13 3.10e-14    14 3.10e-14    15 3.82e-14    16 3.82e-14
    17 3.82e-14    18 3.82e-14    19 3.82e-14    20 3.82e-14    21 3.23e-14    22 3.23e-14    23 3.23e-14    24 3.23e-14
    25 3.23e-14    26 3.23e-14    27 3.23e-14    28 9.50e-15    29 9.50e-15    30 9.50e-15    31 9.50e-15    32 9.50e-15
    33 9.50e-15    34 9.50e-15    35 9.50e-15    36 6.97e-18    37 6.97e-18    38 6.97e-18    39 6.97e-18    40 6.97e-18
    41 6.97e-18    42 6.97e-18    43 6.97e-18    44 6.97e-18    45 1.17e-17    46 1.17e-17    47 1.17e-17    48 1.17e-17
    49 1.17e-17    50 1.17e-17    51 1.17e-17    52 1.17e-17    53 1.17e-17    54 1.17e-17
     1 2.38e-05     2 5.41e-04     3 5.84e-11     4 5.84e-11     5 5.84e-11     6 1.94e-14     7 1.94e-14     8 1.94e-14
     9 1.94e-14    10 3.10e-14    11 3.10e-14    12 3.10e-14    13 3.10e-14    14 3.10e-14    15 3.82e-14    16 3.82e-14
    17 3.82e-14    18 3.82e-14    19 3.82e-14    20 3.82e-14    21 3.23e-14    22 3.23e-14    23 3.23e-14    24 3.23e-14
    25 3.23e-14    26 3.23e-14    27 3.23e-14    28 9.50e-15    29 9.50e-15    30 9.50e-15    31 9.50e-15    32 9.50e-15
    33 9.50e-15    34 9.50e-15    35 9.50e-15    36 6.97e-18    37 6.97e-18    38 6.97e-18    39 6.97e-18    40 6.97e-18
    41 6.97e-18    42 6.97e-18    43 6.97e-18    44 6.97e-18    45 1.17e-17    46 1.17e-17    47 1.17e-17    48 1.17e-17
    49 1.17e-17    50 1.17e-17    51 1.17e-17    52 1.17e-17    53 1.17e-17    54 1.17e-17

 Old, new He 2 mean line optical depths:
  2- 1 1.97e-08  3- 2 8.86e-21  4- 3 4.43e-21  5- 4 4.43e-21  6- 5 4.43e-21  7- 6 4.43e-21  8- 7 4.43e-21
  9- 8 4.43e-21 10- 9 4.43e-21
  2- 1 1.97e-08  3- 2 4.43e-21  4- 3 2.22e-21  5- 4 2.22e-21  6- 5 2.22e-21  7- 6 2.22e-21  8- 7 2.22e-21
  9- 8 2.22e-21 10- 9 2.22e-21

 Old He Is optical depths:    1 1.64e-04    2 9.22e-13    3 1.61e-14    4 1.81e-14    5 1.81e-14
 New He Is optical depths:    1 1.64e-04    2 9.22e-13    3 1.61e-14    4 1.81e-14    5 1.81e-14
          Old He Is Lines:  584 2.67e+00 3889 1.78e-10 5016 2.61e-13 5876 2.48e-18
          New He Is Lines:  584 2.67e+00 3889 1.78e-10 5016 2.61e-13 5876 2.48e-18

==== H      compounds ====           Log10 column densities [cm^-2}
   H2        : 11.140   H2*       :  6.989   H2+       :  0.950   H3+       :  1.797
==== He     compounds ====
   HeH+      : -0.149
==== Li     compounds ====
   LiH       : -5.195   LiH+      : -6.667
==== C      compounds ====
   CH        :  5.958   CH+       :  1.742   CH2       :  2.047   CH2+      :  0.436   CH3       : -0.942   CH3+      : -0.663   CH4       : -4.730   CH4+      : -7.304
   CH5+      : -7.330   C2        :  4.129   C2+       :  1.710   C2H       :  1.336   C2H+      :  0.121   C2H2      : -5.668   C2H2+     : -1.119   C2H3+     :-10.644
   C3        : -1.565   C3+       : -2.848   C3H       : -6.989   C3H+      : -3.433
==== N      compounds ====
   NH        :  3.342   NH+       :  2.128   NH2       :  1.686   NH2+      :  1.185   NH3       : -0.036   NH3+      : -0.442   NH4+      : -5.808   CN        :  4.725
   CN+       : -2.606   HCN       :  1.905   HCN+      : -0.435   HNC       :  0.370   HCNH+     : -1.603   HC3N      :-35.930   N2        :  8.976   N2+       :  0.616
   N2H+      : -0.678
==== O      compounds ====
   OH        :  6.106   OH+       :  5.209   H2O       :  4.441   H2O+      :  4.071   H3O+      :  2.671   CO        : 10.338   CO+       : -0.643   HCO+      :  3.554
   H2CO      :-35.930   CH3OH     :-35.930   ^13CO     :  8.861   NO        :  4.681   NO+       :  2.579   HNO       : -1.981   HNO+      :  0.766   OCN       :  0.496
   OCN+      :  0.014   N2O       :  0.999   O2        :  5.412   O2+       :  3.539   NO2       :  0.157   NO2+      : -4.097
==== Ne     compounds ====
   NeH+      : -0.428
==== Si     compounds ====
   SiH       : -1.026   SiH2+     : -3.272   SiC2      :-35.930   SiN       : -2.545   SiN+      : -2.155   SiO       :  5.089   SiO+      :  2.861   SiOH+     :  1.323
==== S      compounds ====
   HS        :  3.941   HS+       :  1.033   CS        :  2.499   CS+       :  0.476   HCS+      : -0.114   NS        :  1.826   NS+       : -0.120   SO        :  4.352
   SO+       :  2.334   OCS       :  1.626   OCS+      : -0.954   SO2       :-35.930   S2        :-13.038   S2+       :-15.287
==== Cl     compounds ====
   HCl       :  4.930   HCl+      :  4.483   H2Cl+     :  3.548   CCl       : -4.935   CCl+      : -1.103   H2CCl+    : -7.802   ClO       :-25.203   ClO+      :-31.101
==== Ar     compounds ====
   ArH+      :  3.899
==== Ti     compounds ====
   TiH       :-35.930   TiH+      :-35.930   TiH2      :-35.930   TiH2+     :-35.930   TiC       :-35.930   TiC+      :-35.930   HCTi      :-35.930   HCTi+     :-35.930
   TiC2      :-35.930   TiC2+     :-35.930   TiN       :-35.930   TiN+      :-35.930   HNTi      :-35.930   HNTi+     :-35.930   TiNC      :-35.930   TiNC+     :-35.930
   TiO       :-35.930   TiO+      :-35.930   TiOH+     :-35.930   TiO2      :-35.930   TiF+      :-35.930   TiS       :-35.930   TiS+      :-35.930   HTiS      :-35.930


               1      2      3      4      5      6      7      8      9     10     11     12     13     14     15     16     17

 Hydrogen   13.938  9.281 11.140 (H2)                Log10 Column density (cm^-2)
 Helium     12.869  4.851 -6.821
 Lithium     2.979  1.306-30.000-30.000
 Beryllium   3.319 -0.551 -7.012-30.000-30.000
 Boron       4.638  1.629 -8.434-30.000-30.000-30.000
 Carbon      9.200  6.109 -2.316-30.000-30.000-30.000-30.000
 Nitrogen    9.600  2.714 -8.670-30.000-30.000-30.000-30.000-30.000
 Oxygen     10.318  5.374 -6.566-30.000-30.000-30.000-30.000-30.000-30.000
 Fluorine    6.499  2.468 -5.001-30.000-30.000-30.000-30.000-30.000-30.000-30.000
 Neon        9.869  5.460 -2.771-30.000-30.000-30.000-30.000-30.000-30.000-30.000-30.000
 Sodium      7.994  7.720 -1.535-30.000-30.000-30.000-30.000-30.000-30.000-30.000-30.000-30.000
 Magnesium   9.507  8.393  0.693-30.000-30.000-30.000-30.000-30.000-30.000-30.000-30.000-30.000-30.000
 Aluminium   6.068  8.387  1.136-30.000-30.000-30.000-30.000-30.000-30.000-30.000-30.000-30.000-30.000-30.000
 Silicon     9.449  6.519 -5.247-30.000-30.000-30.000-30.000-30.000-30.000-30.000-30.000-30.000-30.000-30.000-30.000
 Phosphorus  5.815  7.336  0.936-30.000-30.000-30.000-30.000-30.000-30.000-30.000-30.000-30.000-30.000-30.000-30.000-30.000
 Sulphur     9.059  5.523 -3.128-30.000-30.000-30.000-30.000-30.000-30.000-30.000-30.000-30.000-30.000-30.000-30.000-30.000-30.000
 Chlorine    7.431  5.570 -1.052-30.000-30.000-30.000-30.000-30.000-30.000-30.000-30.000-30.000-30.000-30.000-30.000-30.000-30.000
-30.000
 Argon       8.339  1.525 -6.508-30.000-30.000-30.000-30.000-30.000-30.000-30.000-30.000-30.000-30.000-30.000-30.000-30.000-30.000
-30.000-30.000
 Potassium   6.925  5.943 -1.509-30.000-30.000-30.000-30.000-30.000-30.000-30.000-30.000-30.000-30.000-30.000-30.000-30.000-30.000
-30.000-30.000-30.000
 Calcium     8.279  4.824  0.844-30.000-30.000-30.000-30.000-30.000-30.000-30.000-30.000-30.000-30.000-30.000-30.000-30.000-30.000
-30.000-30.000-30.000-30.000
 Scandium    5.088  1.790 -1.813-30.000-30.000-30.000-30.000-30.000-30.000-30.000-30.000-30.000-30.000-30.000-30.000-30.000-30.000
-30.000-30.000-30.000-30.000-30.000
 Titanium    4.571  6.887  1.490-30.000-30.000-30.000-30.000-30.000-30.000-30.000-30.000-30.000-30.000-30.000-30.000-30.000-30.000
-30.000-30.000-30.000-30.000-30.000-30.000
 Vanadium    5.869  2.302 -2.952-30.000-30.000-30.000-30.000-30.000-30.000-30.000-30.000-30.000-30.000-30.000-30.000-30.000-30.000
-30.000-30.000-30.000-30.000-30.000-30.000-30.000
 Chromium    7.579  4.587 -4.284-30.000-30.000-30.000-30.000-30.000-30.000-30.000-30.000-30.000-30.000-30.000-30.000-30.000-30.000
-30.000-30.000-30.000-30.000-30.000-30.000-30.000-30.000
 Manganese   5.074  7.367 -2.592-30.000-30.000-30.000-30.000-30.000-30.000-30.000-30.000-30.000-30.000-30.000-30.000-30.000-30.000
-30.000-30.000-30.000-30.000-30.000-30.000-30.000-30.000-30.000
 Iron        6.896  9.437 -1.302-30.000-30.000-30.000-30.000-30.000-30.000-30.000-30.000-30.000-30.000-30.000-30.000-30.000-30.000
-30.000-30.000-30.000-30.000-30.000-30.000-30.000-30.000-30.000-30.000
 Cobalt      6.929  2.987 -6.945-30.000-30.000-30.000-30.000-30.000-30.000-30.000-30.000-30.000-30.000-30.000-30.000-30.000-30.000
-30.000-30.000-30.000-30.000-30.000-30.000-30.000-30.000-30.000-30.000-30.000
 Nickel      5.941  8.157 -1.841-30.000-30.000-30.000-30.000-30.000-30.000-30.000-30.000-30.000-30.000-30.000-30.000-30.000-30.000
-30.000-30.000-30.000-30.000-30.000-30.000-30.000-30.000-30.000-30.000-30.000-30.000
 Copper      6.129  2.750 -3.000-30.000-30.000-30.000-30.000-30.000-30.000-30.000-30.000-30.000-30.000-30.000-30.000-30.000-30.000
-30.000-30.000-30.000-30.000-30.000-30.000-30.000-30.000-30.000-30.000-30.000-30.000-30.000
 Zinc        6.499  2.438 -4.198-30.000-30.000-30.000-30.000-30.000-30.000-30.000-30.000-30.000-30.000-30.000-30.000-30.000-30.000
-30.000-30.000-30.000-30.000-30.000-30.000-30.000-30.000-30.000-30.000-30.000-30.000-30.000-30.000
 Exc state    He1*  2.498   CII*  5.890   C11*  8.300   C12*  8.746   C13*  8.918   O11* 10.178   O12*  9.661   O13*  9.055
              Si2*  6.085   C30*-35.930   C31*-35.930   C32*-35.930


 Hydrogen   -0.001 -4.658 -2.498 (H2)                 Log10 Mean Ionisation (over radius)
 Helium      0.000 -8.018-19.690
 Lithium    -0.009 -1.682
 Beryllium  -0.000 -3.870-10.331
 Boron      -0.000 -3.010-13.073
 Carbon     -1.169 -4.260-12.684
 Nitrogen   -0.169 -7.055-18.439
 Oxygen     -0.311 -5.255-17.195
 Fluorine   -0.000 -4.031-11.499
 Neon       -0.000 -4.409-12.640
 Sodium     -0.185 -0.460 -9.715
 Magnesium  -0.032 -1.146 -8.846
 Aluminium  -2.321 -0.002 -7.253
 Silicon    -0.001 -2.930-14.697
 Phosphorus -1.534 -0.013 -6.413
 Sulphur    -0.000 -3.537-12.188
 Chlorine   -0.008 -1.868 -8.491
 Argon      -0.000 -6.814-14.846
 Potassium  -0.043 -1.025 -8.477
 Calcium    -0.000 -3.455 -7.435
 Scandium   -0.000 -3.298 -6.902
 Titanium   -2.318 -0.002 -5.398
 Vanadium   -0.000 -3.567 -8.821
 Chromium   -0.000 -2.992-11.864
 Manganese  -2.295 -0.002 -9.961
 Iron       -2.543 -0.001-10.741
 Cobalt     -0.000 -3.942-13.874
 Nickel     -2.218 -0.003-10.000
 Copper     -0.000 -3.379 -9.129
 Zinc       -0.000 -4.061-10.697

               1      2      3      4      5      6      7      8      9     10     11     12     13     14     15     16     17

 Hydrogen   -0.001 -4.658 -2.498 (H2)         Log10 Mean Ionisation (over radius*electron density)
 Helium      0.000 -8.018-19.690
 Lithium    -0.009 -1.682
 Beryllium  -0.000 -3.870-10.331
 Boron      -0.000 -3.010-13.073
 Carbon     -1.169 -4.260-12.684
 Nitrogen   -0.169 -7.055-18.439
 Oxygen     -0.311 -5.255-17.195
 Fluorine   -0.000 -4.031-11.499
 Neon       -0.000 -4.409-12.640
 Sodium     -0.185 -0.460 -9.715
 Magnesium  -0.032 -1.146 -8.846
 Aluminium  -2.321 -0.002 -7.253
 Silicon    -0.001 -2.930-14.697
 Phosphorus -1.534 -0.013 -6.413
 Sulphur    -0.000 -3.537-12.188
 Chlorine   -0.008 -1.868 -8.491
 Argon      -0.000 -6.814-14.846
 Potassium  -0.043 -1.025 -8.477
 Calcium    -0.000 -3.455 -7.435
 Scandium   -0.000 -3.298 -6.902
 Titanium   -2.318 -0.002 -5.398
 Vanadium   -0.000 -3.567 -8.821
 Chromium   -0.000 -2.992-11.864
 Manganese  -2.295 -0.002 -9.961
 Iron       -2.543 -0.001-10.741
 Cobalt     -0.000 -3.942-13.874
 Nickel     -2.218 -0.003-10.000
 Copper     -0.000 -3.379 -9.129
 Zinc       -0.000 -4.061-10.697

               1      2      3      4      5      6      7      8      9     10     11     12     13     14     15     16     17

 Hydrogen    2.525  2.525  2.525 (H2)                  Log10 Mean Temperature (over radius)
 Helium      2.525  2.525  2.525
 Lithium     2.525  2.525
 Beryllium   2.525  2.525  2.525
 Boron       2.525  2.525  2.525
 Carbon      2.525  2.525  2.525
 Nitrogen    2.525  2.525  2.525
 Oxygen      2.525  2.525  2.525
 Fluorine    2.525  2.525  2.525
 Neon        2.525  2.525  2.525
 Sodium      2.525  2.525  2.525
 Magnesium   2.525  2.525  2.525
 Aluminium   2.525  2.525  2.525
 Silicon     2.525  2.525  2.525
 Phosphorus  2.525  2.525  2.525
 Sulphur     2.525  2.525  2.525
 Chlorine    2.525  2.525  2.525
 Argon       2.525  2.525  2.525
 Potassium   2.525  2.525  2.525
 Calcium     2.525  2.525  2.525
 Scandium    2.525  2.525  2.525
 Titanium    2.525  2.525  2.525
 Vanadium    2.525  2.525  2.525
 Chromium    2.525  2.525  2.525
 Manganese   2.525  2.525  2.525
 Iron        2.525  2.525  2.525
 Cobalt      2.525  2.525  2.525
 Nickel      2.525  2.525  2.525
 Copper      2.525  2.525  2.525
 Zinc        2.525  2.525  2.525

               1      2      3      4      5      6      7      8      9     10     11     12     13     14     15     16     17

 Hydrogen    2.525  2.525  2.525 (H2)          Log10 Mean Temperature (over radius*electron density)
 Helium      2.525  2.525  2.525
 Lithium     2.525  2.525
 Beryllium   2.525  2.525  2.525
 Boron       2.525  2.525  2.525
 Carbon      2.525  2.525  2.525
 Nitrogen    2.525  2.525  2.525
 Oxygen      2.525  2.525  2.525
 Fluorine    2.525  2.525  2.525
 Neon        2.525  2.525  2.525
 Sodium      2.525  2.525  2.525
 Magnesium   2.525  2.525  2.525
 Aluminium   2.525  2.525  2.525
 Silicon     2.525  2.525  2.525
 Phosphorus  2.525  2.525  2.525
 Sulphur     2.525  2.525  2.525
 Chlorine    2.525  2.525  2.525
 Argon       2.525  2.525  2.525
 Potassium   2.525  2.525  2.525
 Calcium     2.525  2.525  2.525
 Scandium    2.525  2.525  2.525
 Titanium    2.525  2.525  2.525
 Vanadium    2.525  2.525  2.525
 Chromium    2.525  2.525  2.525
 Manganese   2.525  2.525  2.525
 Iron        2.525  2.525  2.525
 Cobalt      2.525  2.525  2.525
 Nickel      2.525  2.525  2.525
 Copper      2.525  2.525  2.525
 Zinc        2.525  2.525  2.525

               1      2      3      4      5      6      7      8      9     10     11     12     13     14     15     16     17
                                                                          

---------------Convergence statistics---------------
       2.2 mean iterations/state convergence
         3 mean cx acceleration loops/iteration
         1 mean iso convergence loops/ion solve
         1 mean steps/chemistry solve
      1.01 mean step length searches/chemistry step
----------------------------------------------------

 Cloudy ends: 1 zone, 3 iterations.  ExecTime(s) 814.91
 [Stop in cdMain at ../maincl.cpp:483, Cloudy exited OK]
 ************************************************** GRID_DELIMIT -- grid000000010
