                                                          Cloudy 13.03
                                                         www.nublado.org

                       **************************************13Feb20**************************************
                       *                                                                                 *
                       * c                                                                               *
                       * phi(h) 8.000000 LOG range -0.000232 6.866524                                    *
                       * grid from 8 to 23 in 1 dex steps                                                *
                       * HDEN=2.000000 LOG                                                               *
                       * grid from 0 to 12 in 1 dex steps                                                *
                       * set pres ionize 1e5                                                             *
                       * c                                                                               *
                       * c                                                                               *
                       * table star "inst_padova_agbtrack_z.mod" age 6.3                                 *
                       * c<< inst_padova_ model    1 read.       Age =      10000.00                 >>> *
                       * c<< inst_padova_ model    2 read.       Age =    2010000.00                 >>> *
                       * c<< FINAL:     Age =    1995262.31                                          >>> *
                       * c                                                                               *
                       * c                                                                               *
                       * abundances GASS10                                                               *
                       * c                                                                               *
                       * c                                                                               *
                       * iterate to convergence max = 7                                                  *
                       * stop column density = 23                                                        *
                       * c                                                                               *
                       * c                                                                               *
                       * print last                                                                      *
                       * set save prefix "padova_inst_2"                                                 *
                       * save grid ".grd" last no hash                                                   *
                       * save linelist "emissionlines_abs.txt" "LineList_HII.dat" absolute last no hash    *
                       *                                                                                 *
                       ***********************************************************************************



           4049CellPeak1.00E+00   Lo 1.00e-08=910.79cm   Hi-Con:6.19E+00 Ryd   E(hi):7.35E+06Ryd     E(hi):     100.01 MeV
           I(nu>1ryd):  -2.5285   Average nu:1.358E+00   I( X-ray):   0.0000   I(BalC):  -2.0060     Phi(BalmrC):   8.8965
           phi(1.0-1.8): 7.9535   phi(1.8-4.0):  7.007   phi(4.0-20):  2.227   phi(20--):  0.000     Ion pht flx:1.000E+08
           I(gam ray):   0.0000   phi(gam r):   0.0000   I(Infred):  -2.8669   Alf(ox):   0.0000     Total inten:  -1.8482
           U(1.0----):3.336E-05   U(4.0----):5.625E-11   T(En-Den):2.812E+00   T(Comp):3.012E+04     nuJnu(912A):9.683E-03
           Occ(FarIR):4.141E-03   Occ(H n=6):2.633E-15   Occ(1Ryd):4.451E-19   Occ(4R):3.399E-26     Occ (Nu-hi):3.050E-32
           Tbr(FarIR):6.561E-06   Tbr(H n=6):1.154E-11   Tbr(1Ryd):7.036E-14   Tbr(4R):2.148E-20     Tbr (Nu-hi):2.972E-26
  
                                                  Gas Phase Chemical Composition
        H :  0.0000  He: -1.0701  Li:-10.9508  Be:-10.6198  B : -9.3002  C : -3.5702  N : -4.1701  O : -3.3098  F : -7.4401
        Ne: -4.0701  Na: -5.7595  Mg: -4.4001  Al: -5.5498  Si: -4.4895  P : -6.5901  S : -4.8794  Cl: -6.5003  Ar: -5.6003
        K : -6.9706  Ca: -5.6596  Sc: -8.8508  Ti: -7.0501  V : -8.0701  Cr: -6.3595  Mn: -6.5702  Fe: -4.5003  Co: -7.0101
                                               Ni: -5.7799  Cu: -7.8097  Zn: -7.4401
 
 ####  1  Te:4.560E+03 Hden:1.000E+02 Ne:8.847E+01 R:1.000E+30 R-R0:7.550E+12 dR:1.510E+13 NTR: 16 Htot:2.665E-20 T912: 1.50e-03###
 Hydrogen      1.57e-01 8.43e-01 H+o/Hden 1.00e+00 7.69e-09 H-    H2 7.27e-09 1.02e-09 H2+ HeH+ 7.06e-09 Ho+ ColD 2.37e+14 1.27e+15
 Helium        5.19e-01 4.81e-01 3.50e-07 HeI 2s3S 1.23e-07 Comp H,C 1.70e-29 2.57e-30 Fill Fac 1.00e+00 Gam1/tot 1.00e+00
 He singlet n  5.19e-01 2.91e-14 4.94e-20 1.47e-20 1.21e-20 2.44e-20 He tripl 1.23e-07 1.23e-18 2.28e-20 2.02e-19 6.68e-20
 Pressure      NgasTgas 8.99e+05 P(total) 1.24e-10 P( gas ) 1.24e-10 P(Radtn) 0.00e+00 Rad accl 6.66e-08 ForceMul 5.43e+05
 Texc(La)      2.83e+03 T(I con) 2.81e+00 T(D con) 2.56e-01 T(U tot) 2.81e+00 nT (c+d) 7.41e+05 Prad/Gas 0.00e+00 Pmag/Gas 0.00e+00
 Molecules     CH/Ctot: 1.35e-10 CH+/Ctot 7.13e-11 CO/Ctot: 6.80e-12 CO+/Ctot 2.80e-14 H2O/Otot 2.40e-19 OH/Ototl 9.94e-10
 Lithium       3.97e-02 9.60e-01 1.02e-11 0.00e+00 Berylliu 1.30e-01 7.19e-01 1.51e-01 0.00e+00 0.00e+00 sec ion: 0.00e+00
 Boron         1.96e-02 9.56e-01 2.40e-02 1.43e-05 0.00e+00 0.00e+00
 Carbon        2.41e-02 9.32e-01 4.41e-02 0.00e+00 0.00e+00 0.00e+00 0.00e+00 H2O+/O   1.50e-19 OH+/Otot 1.41e-09 Hex(tot) 0.00e+00
 Nitrogen      1.16e-01 8.82e-01 1.61e-03 0.00e+00 0.00e+00 0.00e+00 0.00e+00 0.00e+00 O2/Ototl 3.75e-14 O2+/Otot 1.17e-14
 Oxygen        1.91e-01 8.08e-01 4.58e-04 0.00e+00 0.00e+00 0.00e+00 0.00e+00 0.00e+00 0.00e+00
 Fluorine      1.03e-01 8.89e-01 8.08e-03 0.00e+00 0.00e+00 0.00e+00 0.00e+00 0.00e+00 0.00e+00 0.00e+00
 Neon          2.01e-01 7.97e-01 2.65e-03 0.00e+00 0.00e+00 0.00e+00 0.00e+00 0.00e+00 0.00e+00 0.00e+00 0.00e+00
 Sodium        3.14e-02 9.68e-01 3.47e-04 0.00e+00 0.00e+00 0.00e+00 0.00e+00 0.00e+00 0.00e+00 0.00e+00 0.00e+00 0.00e+00
 Magnesium     2.20e-02 8.82e-01 9.59e-02 0.00e+00 0.00e+00 0.00e+00 0.00e+00 0.00e+00 0.00e+00 0.00e+00 0.00e+00 0.00e+00 0.00e+00
 Aluminium  0  4.36e-04 9.89e-01 1.10e-02 2.86e-05 0.00e+00 0.00e+00 0.00e+00 0.00e+00 0.00e+00 0.00e+00 0.00e+00 0.00e+00 0.00e+00
 Silicon    0  6.55e-03 9.90e-01 3.12e-03 0.00e+00 0.00e+00 0.00e+00 0.00e+00 0.00e+00 0.00e+00 0.00e+00 0.00e+00 0.00e+00 0.00e+00
 Phosphorus 0  1.86e-03 9.78e-01 2.05e-02 3.16e-06 0.00e+00 0.00e+00 0.00e+00 0.00e+00 0.00e+00 0.00e+00 0.00e+00 0.00e+00 0.00e+00
 Sulphur    0  7.67e-03 8.54e-01 1.38e-01 0.00e+00 0.00e+00 0.00e+00 0.00e+00 0.00e+00 0.00e+00 0.00e+00 0.00e+00 0.00e+00 0.00e+00
 Chlorine   0  1.83e-03 9.05e-01 9.36e-02 0.00e+00 0.00e+00 0.00e+00 0.00e+00 0.00e+00 0.00e+00 0.00e+00 0.00e+00 0.00e+00 0.00e+00
 Argon      0  2.60e-02 6.25e-01 3.49e-01 0.00e+00 0.00e+00 0.00e+00 0.00e+00 0.00e+00 0.00e+00 0.00e+00 0.00e+00 0.00e+00 0.00e+00
 Potassium  0  3.02e-02 9.56e-01 1.34e-02 0.00e+00 0.00e+00 0.00e+00 0.00e+00 0.00e+00 0.00e+00 0.00e+00 0.00e+00 0.00e+00 0.00e+00
 Calcium    0  2.62e-02 6.93e-01 2.81e-01 0.00e+00 0.00e+00 0.00e+00 0.00e+00 0.00e+00 0.00e+00 0.00e+00 0.00e+00 0.00e+00 0.00e+00
 Scandium   0  9.35e-03 3.51e-01 5.98e-01 4.18e-02 0.00e+00 0.00e+00 0.00e+00 0.00e+00 0.00e+00 0.00e+00 0.00e+00 0.00e+00 0.00e+00
 Titanium   0  1.22e-04 7.11e-01 2.88e-01 6.36e-04 0.00e+00 0.00e+00 0.00e+00 0.00e+00 0.00e+00 0.00e+00 0.00e+00 0.00e+00 0.00e+00
 Vanadium   0  2.33e-02 4.58e-01 5.18e-01 1.95e-04 0.00e+00 0.00e+00 0.00e+00 0.00e+00 0.00e+00 0.00e+00 0.00e+00 0.00e+00 0.00e+00
 Chromium   0  1.17e-02 8.52e-01 1.36e-01 1.67e-05 0.00e+00 0.00e+00 0.00e+00 0.00e+00 0.00e+00 0.00e+00 0.00e+00 0.00e+00 0.00e+00
 Manganese  0  1.71e-04 9.05e-01 9.53e-02 5.88e-06 0.00e+00 0.00e+00 0.00e+00 0.00e+00 0.00e+00 0.00e+00 0.00e+00 0.00e+00 0.00e+00
 Iron       0  1.06e-04 9.79e-01 2.08e-02 9.95e-06 0.00e+00 0.00e+00 0.00e+00 0.00e+00 0.00e+00 0.00e+00 0.00e+00 0.00e+00 0.00e+00
 Cobalt     0  1.26e-01 8.53e-01 2.16e-02 6.15e-06 0.00e+00 0.00e+00 0.00e+00 0.00e+00 0.00e+00 0.00e+00 0.00e+00 0.00e+00 0.00e+00
 Nickel     0  3.13e-04 9.85e-01 1.49e-02 0.00e+00 0.00e+00 0.00e+00 0.00e+00 0.00e+00 0.00e+00 0.00e+00 0.00e+00 0.00e+00 0.00e+00
 Copper     0  2.05e-02 4.26e-01 5.54e-01 2.36e-05 0.00e+00 0.00e+00 0.00e+00 0.00e+00 0.00e+00 0.00e+00 0.00e+00 0.00e+00 0.00e+00
 Zinc       0  1.65e-01 7.05e-01 1.30e-01 2.91e-04 0.00e+00 0.00e+00 0.00e+00 0.00e+00 0.00e+00 0.00e+00 0.00e+00 0.00e+00 0.00e+00
 #### 41  Te:3.997E+03 Hden:1.000E+02 Ne:4.702E+01 R:1.000E+30 R-R0:2.928E+16 dR:4.268E+14 NTR: 11 Htot:1.219E-20 T912: 5.45e+00###
 Hydrogen      5.52e-01 4.48e-01 H+o/Hden 1.00e+00 2.45e-08 H-    H2 4.79e-07 3.07e-09 H2+ HeH+ 2.26e-08 Ho+ ColD 8.63e+17 2.09e+18
 Helium        7.47e-01 2.53e-01 2.02e-07 HeI 2s3S 3.88e-08 Comp H,C 6.27e-30 1.06e-30 Fill Fac 1.00e+00 Gam1/tot 1.00e+00
 He singlet n  7.47e-01 1.66e-14 2.08e-19 3.39e-21 1.37e-20 7.92e-21 He tripl 3.88e-08 3.82e-19 6.93e-21 6.23e-20 2.19e-20
 Pressure      NgasTgas 6.22e+05 P(total) 8.59e-11 P( gas ) 8.59e-11 P(Radtn) 3.78e-15 Rad accl 5.81e-09 ForceMul 1.01e+05
 Texc(La)      3.21e+03 T(I con) 2.67e+00 T(D con) 1.46e+00 T(U tot) 2.73e+00 nT (c+d) 9.99e+05 Prad/Gas 4.41e-05 Pmag/Gas 0.00e+00
 Molecules     CH/Ctot: 1.10e-09 CH+/Ctot 1.05e-09 CO/Ctot: 8.05e-10 CO+/Ctot 2.21e-12 H2O/Otot 6.91e-16 OH/Ototl 6.13e-08
 Lithium       2.55e-02 9.74e-01 2.64e-12 0.00e+00 Berylliu 1.00e-01 8.41e-01 5.87e-02 0.00e+00 0.00e+00 sec ion: 0.00e+00
 Boron         1.20e-02 9.85e-01 2.60e-03 1.22e-06 0.00e+00 0.00e+00
 Carbon        2.03e-02 9.64e-01 1.59e-02 0.00e+00 0.00e+00 0.00e+00 0.00e+00 H2O+/O   8.43e-16 OH+/Otot 7.79e-08 Hex(tot) 0.00e+00
 Nitrogen      5.07e-01 4.93e-01 7.67e-05 0.00e+00 0.00e+00 0.00e+00 0.00e+00 0.00e+00 O2/Ototl 7.87e-13 O2+/Otot 1.44e-12
 Oxygen        6.13e-01 3.87e-01 3.10e-05 0.00e+00 0.00e+00 0.00e+00 0.00e+00 0.00e+00 0.00e+00
 Fluorine      2.57e-01 7.38e-01 5.25e-03 0.00e+00 0.00e+00 0.00e+00 0.00e+00 0.00e+00 0.00e+00 0.00e+00
 Neon          3.80e-01 6.18e-01 1.86e-03 0.00e+00 0.00e+00 0.00e+00 0.00e+00 0.00e+00 0.00e+00 0.00e+00 0.00e+00
 Sodium        3.75e-02 9.62e-01 3.48e-04 0.00e+00 0.00e+00 0.00e+00 0.00e+00 0.00e+00 0.00e+00 0.00e+00 0.00e+00 0.00e+00
 Magnesium     2.86e-02 9.50e-01 2.16e-02 0.00e+00 0.00e+00 0.00e+00 0.00e+00 0.00e+00 0.00e+00 0.00e+00 0.00e+00 0.00e+00 0.00e+00
 Aluminium  0  4.24e-04 9.95e-01 4.53e-03 5.54e-06 0.00e+00 0.00e+00 0.00e+00 0.00e+00 0.00e+00 0.00e+00 0.00e+00 0.00e+00 0.00e+00
 Silicon    0  5.81e-03 9.94e-01 1.65e-04 0.00e+00 0.00e+00 0.00e+00 0.00e+00 0.00e+00 0.00e+00 0.00e+00 0.00e+00 0.00e+00 0.00e+00
 Phosphorus 0  1.94e-03 9.90e-01 8.02e-03 0.00e+00 0.00e+00 0.00e+00 0.00e+00 0.00e+00 0.00e+00 0.00e+00 0.00e+00 0.00e+00 0.00e+00
 Sulphur    0  6.88e-03 9.26e-01 6.73e-02 0.00e+00 0.00e+00 0.00e+00 0.00e+00 0.00e+00 0.00e+00 0.00e+00 0.00e+00 0.00e+00 0.00e+00
 Chlorine   0  2.09e-03 9.54e-01 4.37e-02 0.00e+00 0.00e+00 0.00e+00 0.00e+00 0.00e+00 0.00e+00 0.00e+00 0.00e+00 0.00e+00 0.00e+00
 Argon      0  1.14e-01 7.11e-01 1.75e-01 0.00e+00 0.00e+00 0.00e+00 0.00e+00 0.00e+00 0.00e+00 0.00e+00 0.00e+00 0.00e+00 0.00e+00
 Potassium  0  3.55e-02 9.57e-01 7.84e-03 0.00e+00 0.00e+00 0.00e+00 0.00e+00 0.00e+00 0.00e+00 0.00e+00 0.00e+00 0.00e+00 0.00e+00
 Calcium    0  1.50e-02 7.11e-01 2.74e-01 0.00e+00 0.00e+00 0.00e+00 0.00e+00 0.00e+00 0.00e+00 0.00e+00 0.00e+00 0.00e+00 0.00e+00
 Scandium   0  1.31e-02 7.36e-01 2.47e-01 3.79e-03 0.00e+00 0.00e+00 0.00e+00 0.00e+00 0.00e+00 0.00e+00 0.00e+00 0.00e+00 0.00e+00
 Titanium   0  1.71e-04 9.17e-01 8.28e-02 1.47e-05 0.00e+00 0.00e+00 0.00e+00 0.00e+00 0.00e+00 0.00e+00 0.00e+00 0.00e+00 0.00e+00
 Vanadium   0  4.71e-02 7.89e-01 1.63e-01 5.18e-06 0.00e+00 0.00e+00 0.00e+00 0.00e+00 0.00e+00 0.00e+00 0.00e+00 0.00e+00 0.00e+00
 Chromium   0  9.59e-03 9.82e-01 8.61e-03 0.00e+00 0.00e+00 0.00e+00 0.00e+00 0.00e+00 0.00e+00 0.00e+00 0.00e+00 0.00e+00 0.00e+00
 Manganese  0  2.04e-04 9.92e-01 8.12e-03 0.00e+00 0.00e+00 0.00e+00 0.00e+00 0.00e+00 0.00e+00 0.00e+00 0.00e+00 0.00e+00 0.00e+00
 Iron       0  1.17e-04 9.99e-01 1.34e-03 0.00e+00 0.00e+00 0.00e+00 0.00e+00 0.00e+00 0.00e+00 0.00e+00 0.00e+00 0.00e+00 0.00e+00
 Cobalt     0  1.56e-01 8.43e-01 1.24e-03 0.00e+00 0.00e+00 0.00e+00 0.00e+00 0.00e+00 0.00e+00 0.00e+00 0.00e+00 0.00e+00 0.00e+00
 Nickel     0  3.43e-04 9.99e-01 9.90e-04 0.00e+00 0.00e+00 0.00e+00 0.00e+00 0.00e+00 0.00e+00 0.00e+00 0.00e+00 0.00e+00 0.00e+00
 Copper     0  2.98e-02 7.01e-01 2.70e-01 1.57e-06 0.00e+00 0.00e+00 0.00e+00 0.00e+00 0.00e+00 0.00e+00 0.00e+00 0.00e+00 0.00e+00
 Zinc       0  1.79e-01 7.56e-01 6.47e-02 1.30e-04 0.00e+00 0.00e+00 0.00e+00 0.00e+00 0.00e+00 0.00e+00 0.00e+00 0.00e+00 0.00e+00
                                                                             
   Calculation stopped because lowest Te reached. Iteration 3 of 3
   The geometry is plane-parallel.
  !Charge transfer ionization of H reached 133.0% of the local H ionization rate.
  !AGE: Cloud age was not set.  Longest timescale was 4.28e+10 s = 1.36e+03 years.
  !The CMB was not included.  This is added with the CMB command.
  !The intensity of the incident radiation field is less than 10 times the Habing diffuse ISM field.  Is this OK?
  !   Consider adding diffuse ISM emission with TABLE ISM command.
   The density is too low to l-mix the lowest H  I collapsed level.  More resolved levels are needed for accurate line ratios.
   The density is too low to l-mix the lowest He I collapsed level.  More resolved levels are needed for accurate line ratios.
   Grains were not present but might survive in this environment (energy density temperature was 2.81e+00K)

                       *********************************> Cloudy 13.03 <**********************************
                       * c                                                                               *
                       * phi(h) 8.000000 LOG range -0.000232 6.866524                                    *
                       * grid from 8 to 23 in 1 dex steps                                                *
                       * HDEN=2.000000 LOG                                                               *
                       * grid from 0 to 12 in 1 dex steps                                                *
                       * set pres ionize 1e5                                                             *
                       * c                                                                               *
                       * c                                                                               *
                       * table star "inst_padova_agbtrack_z.mod" age 6.3                                 *
                       * c                                                                               *
                       * c                                                                               *
                       * abundances GASS10                                                               *
                       * c                                                                               *
                       * c                                                                               *
                       * iterate to convergence max = 7                                                  *
                       * stop column density = 23                                                        *
                       * c                                                                               *
                       * c                                                                               *
                       * print last                                                                      *
                       * set save prefix "padova_inst_2"                                                 *
                       * save grid ".grd" last no hash                                                   *
                       * save linelist "emissionlines_abs.txt" "LineList_HII.dat" absolute last no hash    *
                       *********************************> Log(U): -4.48 <*********************************

                     Emission Line Spectrum.   Constant  Density Model.    Open geometry.  Iteration 3 of 3.
                                                     Intensity (erg/s/cm^2).


                                                   Intrinsic line intensities
 general properties..........      H  1 2.279m  -5.685   0.0513      Ca A 9.389m  -7.380   0.0010      He 1 1.869m  -6.320   0.0119            
 TOTL  4861A  -4.395   1.0000      H  1 2.279m  -5.558   0.0688      Ca A 38.86m  -7.172   0.0017      He 1 1.278m  -6.748   0.0044            
 TOTL  1216A  -2.990  25.4247      H  1 2.279m  -5.655   0.0549      Ca A 22.33m  -7.276   0.0013      He 1 1.091m  -7.057   0.0022            
 Inci     0   -1.848 352.3282      H  1 2.279m  -6.066   0.0213      Ca A 16.88m  -7.391   0.0010      He 1 1.870m  -6.798   0.0040            
 TotH     0   -3.230  14.6246      H  1 3.281m  -6.450   0.0088      Ca B  6563A  -3.903   3.1057      He 1 1.279m  -7.226   0.0015            
 TotC     0   -3.230  14.6251      H  1 3.281m  -5.992   0.0253      Ca B  4861A  -4.395   1.0013      He 1 4.048m  -6.933   0.0029            
 BFH1     0   -3.254  13.8376      H  1 3.281m  -5.850   0.0351      Ca B  4340A  -4.736   0.4558      He 1 2.623m  -7.315   0.0012            
 BFHe     0   -4.545   0.7081      H  1 3.281m  -5.890   0.0320      Ca B  4102A  -4.998   0.2494      Pho+  3889A  -5.025   0.2345            
 TotM     0   -5.556   0.0691      H  1 3.281m  -6.124   0.0187      Ca B  3970A  -5.211   0.1527      database lines..............            
 CT H     0   -6.454   0.0087      H  1 3.281m  -6.653   0.0055      Ca B  3889A  -5.392   0.1008      level 1 lines...............            
 H FB     0   -4.406   0.9760      H  1 4.466m  -6.699   0.0050      Ca B  3835A  -5.548   0.0703      C  1  1656A  -6.603   0.0062            
 HFBc     0   -4.406   0.9760      H  1 4.466m  -6.242   0.0142      Ca B  3798A  -5.687   0.0511      REC   1656A  -6.996   0.0025            
 continua....................      H  1 4.466m  -6.095   0.0200      Ca B  3771A  -5.811   0.0384      C Ic  9850A  -6.122   0.0187            
 Bac   3646A  -2.953  27.6981      H  1 4.466m  -6.107   0.0194      Ca B  3750A  -5.924   0.0296      TOTL  9850A  -6.121   0.0188            
 nFnu  3645A  -2.913  30.3573      H  1 4.466m  -6.267   0.0134      Ca B  3734A  -6.027   0.0233      C  2 157.6m  -4.922   0.2971            
 nFnu  3647A  -3.970   2.6592      H  1 4.466m  -6.600   0.0062      Ca B  3722A  -6.123   0.0187      C  2  1335A  -6.200   0.0157            
 cout  3646A  -3.254  13.8491      H  1 4.466m  -7.217   0.0015      Ca B  3712A  -6.211   0.0153      REC   1335A  -6.651   0.0055            
 cref  3646A  -3.254  13.8490      H  1 5.834m  -6.909   0.0031      Ca B  3704A  -6.294   0.0126      C  3 977.0A  -6.488   0.0081            
 thin  3646A  -2.953  27.6981      H  1 5.834m  -6.454   0.0087      Ca B  3697A  -6.371   0.0106      N  1 953.9A  -6.824   0.0037            
 Inci  4860A  -3.043  22.4893      H  1 5.834m  -6.303   0.0124      Ca B  3692A  -6.444   0.0089      N  1  1200A  -6.546   0.0071            
 Inci  1215A  -1.962 271.2976      H  1 5.834m  -6.302   0.0124      Ca B  3687A  -6.513   0.0076      N  1  5200A  -7.018   0.0024            
 Ba C     0   -3.949   2.7948      H  1 5.834m  -6.424   0.0094      Ca B  3683A  -6.578   0.0066      N  1  5198A  -7.136   0.0018            
 PA C     0   -4.335   1.1481      H  1 5.834m  -6.672   0.0053      Ca B  3679A  -6.640   0.0057      TOTL  5199A  -6.772   0.0042            
 FIR  83.00m  -3.405   9.7689      H  1 5.834m  -7.080   0.0021      Ca B  3676A  -6.698   0.0050      N  2  6584A  -5.283   0.1296            
 TIR   1800m  -5.692   0.0505      H  1 7.383m  -7.089   0.0020      Ca B  3674A  -6.753   0.0044      N  2  6548A  -5.753   0.0439            
 NIRa 2.850m  -2.988  25.5162      H  1 7.383m  -6.635   0.0058      Ca B  3671A  -6.806   0.0039      N  2 121.7m  -5.357   0.1092            
 NIRb 3.000m  -3.472   8.3837      H  1 7.383m  -6.484   0.0082      Ca B 1.875m  -4.758   0.4335      N  2 205.4m  -5.840   0.0359            
 MIRa 15.00m  -3.581   6.5152      H  1 7.383m  -6.474   0.0083      Ca B 1.282m  -5.117   0.1899      N  2  1085A  -6.430   0.0092            
 MIRb 22.50m  -3.281  13.0115      H  1 7.383m  -6.574   0.0066      Ca B 1.094m  -5.391   0.1009      O  1  6300A  -6.346   0.0112            
 NMIR 21.75m  -2.988  25.5162      H  1 7.383m  -6.775   0.0042      Ca B 1.005m  -5.612   0.0606      O  1  6363A  -6.842   0.0036            
 TFIR 611.2m  -3.898   3.1433      H  1 7.383m  -7.088   0.0020      Ca B  9546A  -5.798   0.0396      O  1 63.17m  -5.324   0.1179            
 TALL 10000A  -1.849 352.0890      H  1 9.115m  -7.247   0.0014      Ca B  9229A  -5.958   0.0274      O  1 145.5m  -6.416   0.0095            
 F12  12.00m  -4.239   1.4317      H  1 9.115m  -6.794   0.0040      Ca B  9015A  -6.099   0.0198      TOTL  3727A  -5.694   0.0503            
 F25  25.00m  -3.964   2.6960      H  1 9.115m  -6.643   0.0057      Ca B  8863A  -6.226   0.0148      IONZ  3727A  -6.435   0.0091            
 F60  60.00m  -3.811   3.8397      H  1 9.115m  -6.628   0.0059      Ca B  8750A  -6.340   0.0114      IONZ  7325A  -7.107   0.0019            
 F100 100.0m  -4.022   2.3637      H  1 9.115m  -6.714   0.0048      Ca B  8665A  -6.445   0.0089      O II  3729A  -6.022   0.0236            
 MIPS 24.00m  -4.089   2.0251      H  1 9.115m  -6.887   0.0032      Ca B  8598A  -6.541   0.0071      O II  3726A  -6.150   0.0176            
 MIPS 70.00m  -4.162   1.7102      H  1 9.115m  -7.145   0.0018      Ca B  8545A  -6.630   0.0058      O  2 833.8A  -6.872   0.0033            
 MIPS 160.0m  -4.297   1.2528      H  1 11.03m  -6.075   0.0209      Ca B  8502A  -6.714   0.0048      Ne 2 12.81m  -4.810   0.3847            
 IRAC 3.600m  -4.932   0.2904      H  1 13.13m  -6.186   0.0162      Ca B  8467A  -6.792   0.0040      Ne 3 15.55m  -7.047   0.0022            
 IRAC 4.500m  -4.792   0.4009      H  1 15.40m  -6.290   0.0128      Ca B  8438A  -6.866   0.0034      Na 1  5892A  -7.247   0.0014            
 IRAC 5.800m  -3.975   2.6333      H  1 17.87m  -6.385   0.0102      Ca B  8413A  -6.935   0.0029      Mg 1  2853A  -7.206   0.0015            
 IRAC 8.000m  -4.504   0.7781      H  1 20.51m  -6.474   0.0083      Ca B  8392A  -7.001   0.0025      TOTL  2798A  -6.352   0.0110            
 SPR1 250.0m  -4.839   0.3597      H  1 23.33m  -6.558   0.0069      Ca B  8374A  -7.063   0.0021      Mg 2  2796A  -6.570   0.0067            
 SPR2 350.0m  -5.270   0.1335      H  1 26.34m  -6.636   0.0057      Ca B  8359A  -7.122   0.0019      Mg 2  2803A  -6.757   0.0043            
 SPR3 500.0m  -5.650   0.0556      H  1 29.53m  -6.710   0.0048      Ca B  8346A  -7.178   0.0016      Si 1 68.40m  -7.348   0.0011            
 PAC1 70.00m  -4.102   1.9654      H  1 32.91m  -6.780   0.0041      Ca B  8334A  -7.232   0.0015      Si 2 34.81m  -3.928   2.9320            
 PAC2 100.0m  -4.004   2.4629      H  1 36.46m  -6.846   0.0035      Ca B 4.051m  -5.344   0.1124      Si 2  1531A  -6.781   0.0041            
 PAC3 160.0m  -4.091   2.0167      H  1 40.20m  -6.910   0.0031      Ca B 2.625m  -5.626   0.0587      Si 2  1308A  -6.716   0.0048            
 PAH  3.300m  -5.714   0.0480      H  1 44.12m  -6.970   0.0027      Ca B 2.166m  -5.858   0.0345      Si 2  1263A  -6.415   0.0096            
 PAHC 3.230m  -6.052   0.0221      H  1 48.22m  -7.027   0.0023      Ca B 1.945m  -6.051   0.0221      P  2 60.64m  -6.387   0.0102            
 PAHC 3.370m  -6.157   0.0173      H  1 52.50m  -7.083   0.0021      Ca B 1.817m  -6.216   0.0151      P  2 32.87m  -6.418   0.0095            
 PAH  6.200m  -5.429   0.0926      H  1 56.97m  -5.889   0.0321      Ca B 1.736m  -6.361   0.0108      P  2 1.189m  -7.232   0.0015            
 PAHC 5.650m  -5.407   0.0973      He 1 504.3A  -4.716   0.4776      Ca B 1.681m  -6.490   0.0080      S  1 25.19m  -7.361   0.0011            
 PAH  7.900m  -5.017   0.2386      He 1  2600A  -5.884   0.0325      Ca B 1.641m  -6.607   0.0061      S  2  6720A  -4.951   0.2783            
 PAHC 6.900m  -4.832   0.3660      He 1  3121A  -6.396   0.0100      Ca B 1.611m  -6.713   0.0048      S  2  4074A  -6.898   0.0031            
 PAH  11.30m  -5.488   0.0807      He 1  3421A  -6.311   0.0121      Ca B 1.588m  -6.811   0.0038      S  2 1.033m  -7.066   0.0021            
 PAHC 10.90m  -5.650   0.0556      He 1  3421A  -5.834   0.0364      Ca B 1.570m  -6.902   0.0031      S II  6731A  -5.311   0.1213            
 PAH  11.80m  -5.425   0.0933      He 1  3421A  -5.612   0.0607      Ca B 1.556m  -6.987   0.0026      S II  6716A  -5.199   0.1570            
 PAHC 12.65m  -4.697   0.4994      He 1  3679A  -6.026   0.0234      Ca B 1.544m  -7.066   0.0021      S II  4070A  -7.024   0.0024            
 PAH  13.30m  -5.375   0.1048      He 1  6632A  -6.874   0.0033      Ca B 1.534m  -7.140   0.0018      S  2  1256A  -7.072   0.0021            
 PAHC 14.10m  -5.265   0.1349      He 1  7435A  -7.267   0.0013      Ca B 1.526m  -7.210   0.0015      S  3 18.67m  -5.298   0.1252            
 Bcon  3640A  -1.945 282.0376      He 1  7843A  -6.142   0.0179      Ca B 1.519m  -7.276   0.0013      S  3 33.47m  -4.975   0.2631            
 Pcon  5000A  -2.998  24.9794      He 1  8188A  -6.268   0.0134      Ca B 1.513m  -7.339   0.0011      S  3  9532A  -5.930   0.0292            
 HFFc     0   -4.739   0.4532      He 1  8191A  -6.756   0.0044      Ca B 7.458m  -5.818   0.0378      S  3  9069A  -6.324   0.0118            
 H FF     0   -4.761   0.4310      He 1  8261A  -6.733   0.0046      Ca B 4.653m  -6.044   0.0224      Cl 2 33.30m  -7.004   0.0025            
 HeFF     0   -6.115   0.0191      He 1 1.409m  -6.686   0.0051      Ca B 3.740m  -6.242   0.0142      Cl 2 14.40m  -5.906   0.0309            
 MeFB     0   -7.146   0.0018      He 1 1.456m  -6.670   0.0053      Ca B 3.296m  -6.412   0.0096      Cl 2  8579A  -6.483   0.0082            
 ToFF     0   -4.741   0.4506      He 1 1.456m  -7.161   0.0017      Ca B 3.038m  -6.561   0.0068      Cl 2  9124A  -7.061   0.0022            
 nFnu 122.4m  -6.160   0.0172      He 1 1.458m  -6.928   0.0029      Ca B 2.872m  -6.693   0.0050      Ar 2 6.980m  -5.174   0.1663            
 nInu 122.4m  -3.610   6.0986      He 1 1.466m  -7.240   0.0014      Ca B 2.758m  -6.811   0.0038      Ar 3  7135A  -6.686   0.0051            
 nFnu 60.83m  -5.919   0.0300      He 1 2.217m  -7.088   0.0020      Ca B 2.674m  -6.920   0.0030      Ar 3  7751A  -7.304   0.0012            
 nInu 60.83m  -3.657   5.4682      He 1 2.275m  -7.020   0.0024      Ca B 2.612m  -7.019   0.0024      Ar 3 21.83m  -6.862   0.0034            
 nFnu 41.22m  -5.754   0.0438      He 1 2.278m  -7.132   0.0018      Ca B 2.564m  -7.111   0.0019      Ar 3 9.000m  -5.669   0.0533            
 nInu 41.22m  -3.770   4.2220      He 1 3.277m  -7.311   0.0012      Ca B 2.525m  -7.196   0.0016      Ca 2  3933A  -6.745   0.0045            
 nFnu 30.87m  -5.647   0.0560      He 1 3.280m  -7.367   0.0011      Ca B 2.495m  -7.276   0.0013      Ca 2  7306A  -5.099   0.1980            
 nInu 30.87m  -3.872   3.3352      He 1 4.465m  -6.847   0.0035      Ca B 2.469m  -7.352   0.0011      Ca2K  3934A  -6.962   0.0027            
 nFnu 24.78m  -5.564   0.0678      He 1 5.831m  -7.019   0.0024      Ca B 12.37m  -6.220   0.0150      Ca2H  3969A  -7.151   0.0018            
 nInu 24.78m  -3.951   2.7791      He 1 7.380m  -7.170   0.0017      Ca B 7.500m  -6.404   0.0098      CaF1  7291A  -5.325   0.1175            
 nFnu 24.30m  -5.557   0.0688      He 1 9.111m  -7.306   0.0012      Ca B 5.907m  -6.575   0.0066      CaF2  7324A  -5.489   0.0805            
 nInu 24.30m  -3.958   2.7334      He 1 61.59m  -7.291   0.0013      Ca B 5.127m  -6.726   0.0047      Fe2c     0   -3.506   7.7561            
 nFnu 22.83m  -5.532   0.0730      C  1  1101A  -6.835   0.0036      Ca B 4.671m  -6.861   0.0034      Fe 2  4300A  -5.838   0.0361            
 nInu 22.83m  -3.980   2.6008      N  1 853.4A  -7.276   0.0013      Ca B 4.375m  -6.981   0.0026      Fe 2  2400A  -6.665   0.0054            
 nFnu 21.42m  -5.510   0.0767      grains......................      Ca B 4.170m  -7.091   0.0020      Fe 2 25.98m  -4.275   1.3177            
 nInu 21.42m  -4.003   2.4643      H-like iso-sequence.........      Ca B 4.020m  -7.192   0.0016      Fe 2 5.339m  -4.023   2.3585            
 nFnu 21.12m  -5.506   0.0776      Ca B  1216A  -2.868  33.6665      Ca B 3.906m  -7.284   0.0013      Fe 2 4.114m  -6.721   0.0047            
 nInu 21.12m  -4.009   2.4338      Q(H)  4861A  -4.312   1.2117      Ca B 3.818m  -7.371   0.0011      Fe 2 1.257m  -4.344   1.1238            
 nFnu 19.62m  -5.475   0.0831      Q(H)  1216A  -2.787  40.5918      Ca B 19.06m  -6.571   0.0067      Fe 2 35.34m  -4.913   0.3038            
 nInu 19.62m  -4.035   2.2935      CaBo  4861A  -4.372   1.0539      Ca B 11.31m  -6.723   0.0047      Fe 2 6.719m  -5.851   0.0350            
 nFnu 17.65m  -5.431   0.0921      Ca A  1216A  -3.033  23.0299      Ca B 8.758m  -6.872   0.0033      Fe 2 4.888m  -7.175   0.0017            
 nInu 17.65m  -4.078   2.0754      Ca A  1026A  -3.733   4.5941      Ca B 7.506m  -7.007   0.0024      Fe 2 4.075m  -7.245   0.0014            
 nFnu 17.37m  -5.426   0.0931      Ca A 972.5A  -4.158   1.7282      Ca B 6.770m  -7.129   0.0018      Fe 2 1.321m  -4.922   0.2973            
 nInu 17.37m  -4.084   2.0473      Ca A 949.7A  -4.465   0.8519      Ca B 6.290m  -7.240   0.0014      Fe 2 1.249m  -6.720   0.0047            
 nFnu 15.69m  -5.395   0.1000      Ca A 937.8A  -4.707   0.4877      Ca B 5.955m  -7.341   0.0011      Fe 2  7638A  -6.497   0.0079            
 nInu 15.69m  -4.123   1.8696      Ca A 930.8A  -4.908   0.3072      Ca B 27.80m  -6.882   0.0033      Fe 2 51.29m  -5.496   0.0794            
 nFnu 14.60m  -5.362   0.1080      Ca A 926.2A  -5.080   0.2068      Ca B 16.20m  -7.008   0.0024      Fe 2 8.297m  -5.942   0.0284            
 nInu 14.60m  -4.151   1.7544      Ca A 923.2A  -5.230   0.1462      Ca B 12.38m  -7.140   0.0018      Fe 2 5.672m  -6.549   0.0070            
 nFnu 12.43m  -5.298   0.1252      Ca A 921.0A  -5.364   0.1074      Ca B 10.50m  -7.261   0.0014      Fe 2 4.606m  -7.057   0.0022            
 nInu 12.43m  -4.216   1.5103      Ca A 919.4A  -5.485   0.0813      Ca B 9.389m  -7.372   0.0011      Fe 2 4.081m  -7.182   0.0016            
 nFnu 11.40m  -5.273   0.1323      Ca A 918.1A  -5.595   0.0631      Ca B 38.86m  -7.162   0.0017      Fe 2 1.372m  -5.146   0.1775            
 nInu 11.40m  -4.250   1.3981      Ca A 917.2A  -5.697   0.0500      Ca B 22.33m  -7.268   0.0013      Fe 2 1.294m  -6.052   0.0221            
 nFnu 10.46m  -5.229   0.1465      Ca A 916.4A  -5.790   0.0403      Ca B 16.88m  -7.384   0.0010      Fe 2  7687A  -6.806   0.0039            
 nInu 10.46m  -4.283   1.2942      Ca A 915.8A  -5.877   0.0330      H  1     0   -3.460   8.6220      Fe 2 87.36m  -6.266   0.0135            
 nFnu 9.480m  -5.203   0.1557      Ca A 915.3A  -5.958   0.0274      H  1  1216A  -2.990  25.4247      Fe 2 9.898m  -6.019   0.0238            
 nInu 9.480m  -4.323   1.1819      Ca A 914.9A  -6.034   0.0230      H  1  1026A  -5.888   0.0321      Fe 2 4.434m  -7.063   0.0021            
 nFnu 9.325m  -5.199   0.1571      Ca A 914.6A  -6.105   0.0195      H  1 972.5A  -5.983   0.0258      Fe 2 1.328m  -6.297   0.0125            
 nInu 9.325m  -4.329   1.1659      Ca A 914.3A  -6.172   0.0167      H  1 949.7A  -5.986   0.0257      Fe 2 1.279m  -6.425   0.0093            
 nFnu 8.210m  -5.139   0.1803      Ca A 914.0A  -6.234   0.0145      H  1 937.8A  -5.964   0.0270      Fe 2 11.16m  -6.071   0.0211            
 nInu 8.210m  -4.380   1.0352      Ca A 913.8A  -6.293   0.0127      H  1 930.8A  -6.084   0.0205      Fe 2 1.298m  -6.789   0.0040            
 nFnu 7.580m  -5.121   0.1882      Ca A 913.6A  -6.348   0.0112      H  1 926.2A  -6.177   0.0165      Fe 2 1.270m  -6.721   0.0047            
 nInu 7.580m  -4.412   0.9618      Ca A 913.5A  -6.399   0.0099      H  1 923.2A  -6.191   0.0160      Fe 2 17.93m  -4.802   0.3921            
 nFnu 7.050m  -5.066   0.2132      Ca A 913.3A  -6.446   0.0089      H  1 921.0A  -6.202   0.0156      Fe 2 1.644m  -4.417   0.9505            
 nInu 7.050m  -4.440   0.9017      Ca A  6563A  -4.053   2.2010      H  1  6563A  -3.897   3.1514      Fe 2 1.533m  -5.996   0.0251            
 nFnu 4.114m  -4.842   0.3573      Ca A  4861A  -4.548   0.7032      H  1  4861A  -4.395   1.0000      Fe 2  8617A  -5.919   0.0299            
 nInu 4.114m  -4.544   0.7091      Ca A  4340A  -4.890   0.3202      H  1  4340A  -4.733   0.4594      Fe 2 24.51m  -5.538   0.0720            
 nFnu 2.324m  -4.718   0.4752      Ca A  4102A  -5.151   0.1756      H  1  4102A  -4.988   0.2555      Fe 2 1.809m  -5.120   0.1883            
 nInu 2.324m  -4.319   1.1919      Ca A  3970A  -5.362   0.1078      H  1  3970A  -5.199   0.1569      Fe 2 1.677m  -6.136   0.0182            
 nFnu 1.643m  -4.571   0.6670      Ca A  3889A  -5.541   0.0714      H  1  3889A  -5.378   0.1041      Fe 2 1.599m  -6.365   0.0107            
 nInu 1.643m  -4.086   2.0366      Ca A  3835A  -5.697   0.0499      H  1  3835A  -5.527   0.0738      Fe 2  9052A  -6.577   0.0066            
 nFnu 1.480m  -4.605   0.6166      Ca A  3798A  -5.834   0.0364      H  1  3798A  -5.657   0.0547      Fe 2  8892A  -6.449   0.0088            
 nInu 1.480m  -4.042   2.2546      Ca A  3771A  -5.958   0.0274      H  1 1.875m  -4.739   0.4527      Fe 2 35.77m  -6.388   0.0102            
 nFnu 1.436m  -4.202   1.5590      Ca A  3750A  -6.070   0.0211      H  1 1.282m  -5.118   0.1893      Fe 2 1.800m  -6.308   0.0122            
 nInu 1.436m  -3.915   3.0187      Ca A  3734A  -6.173   0.0167      H  1 1.094m  -5.391   0.1009      Fe 2 1.711m  -6.946   0.0028            
 nFnu 1.119m  -4.335   1.1491      Ca A  3722A  -6.268   0.0134      H  1 1.005m  -5.612   0.0607      Fe 2 1.664m  -6.761   0.0043            
 nInu 1.119m  -3.766   4.2567      Ca A  3712A  -6.356   0.0109      H  1  9546A  -5.796   0.0397      Fe 2  9399A  -7.354   0.0011            
 nFnu  8330A  -4.486   0.8109      Ca A  3704A  -6.439   0.0091      H  1  9229A  -5.953   0.0277      Fe 2  9227A  -6.705   0.0049            
 nInu  8330A  -3.581   6.5155      Ca A  3697A  -6.516   0.0076      H  1  9015A  -6.090   0.0202      Fe 2 1.797m  -6.719   0.0047            
 nFnu  8079A  -3.730   4.6223      Ca A  3692A  -6.589   0.0064      H  1 4.051m  -5.309   0.1219      Fe 2 1.745m  -7.069   0.0021            
 nInu  8079A  -3.426   9.3203      Ca A  3687A  -6.658   0.0055      H  1 2.625m  -5.625   0.0589      Fe 2  9471A  -7.271   0.0013            
 nFnu  6210A  -4.033   2.3012      Ca A  3683A  -6.723   0.0047      H  1 2.166m  -5.861   0.0342      Fe 2 22.90m  -7.221   0.0015            
 nInu  6210A  -3.249  13.9910      Ca A  3679A  -6.785   0.0041      H  1 1.945m  -6.054   0.0219      Fe 2 1.811m  -7.374   0.0010            
 nFnu  4885A  -4.168   1.6887      Ca A  3676A  -6.844   0.0036      H  1 1.817m  -6.218   0.0151      Fe2b  7000A  -6.313   0.0121            
 nInu  4885A  -3.042  22.5586      Ca A  3674A  -6.900   0.0031      H  1 1.736m  -6.360   0.0108      Fe2b 10000A  -3.928   2.9327            
 nFnu  3704A  -4.022   2.3625      Ca A  3671A  -6.954   0.0028      H  1 7.458m  -5.763   0.0429      Fe2b  7445A  -6.313   0.0121            
 nInu  3704A  -2.808  38.6181      Ca A 1.875m  -4.792   0.4013      H  1 4.653m  -6.037   0.0228      Fe2b  8625A  -5.672   0.0528            
 nFnu  3588A  -2.960  27.2355      Ca A 1.282m  -5.160   0.1719      H  1 3.740m  -6.245   0.0141      Fe2b 1.033m  -7.270   0.0013            
 nInu  3588A  -2.644  56.3691      Ca A 1.094m  -5.440   0.0903      H  1 3.296m  -6.416   0.0095      Fe2b 1.889m  -5.068   0.2124            
 nFnu  2430A  -3.598   6.2722      Ca A 1.005m  -5.663   0.0539      H  1 3.038m  -6.564   0.0068      Fe 2  1786A  -6.675   0.0053            
 nInu  2430A  -2.399  99.2130      Ca A  9546A  -5.851   0.0350      H  1 12.37m  -6.142   0.0179      Fe3c     0   -6.405   0.0098            
 nFnu  2392A  -3.593   6.3411      Ca A  9229A  -6.012   0.0242      H  1 7.500m  -6.384   0.0103      Fe 3 22.92m  -6.540   0.0072            
 nInu  2392A  -2.388 101.6525      Ca A  9015A  -6.153   0.0175      H  1 5.907m  -6.574   0.0066      Fe 3 33.03m  -7.123   0.0019            
 nFnu  2071A  -3.503   7.8020      Ca A  8863A  -6.280   0.0130      H  1 5.127m  -6.729   0.0046      recombination...............            
 nInu  2071A  -2.272 132.8204      Ca A  8750A  -6.395   0.0100      H  1 19.06m  -6.470   0.0084      O  1  7773A  -7.393   0.0010            
 nFnu  2053A  -3.496   7.9349      Ca A  8665A  -6.500   0.0079      H  1 11.31m  -6.684   0.0051      O  1  1357A  -6.584   0.0065            
 nInu  2053A  -2.271 133.0888      Ca A  8598A  -6.596   0.0063      H  1 8.758m  -6.862   0.0034      C  1  1140A  -6.838   0.0036            
 nFnu  1793A  -3.400   9.8891      Ca A  8545A  -6.686   0.0051      H  1 27.80m  -6.759   0.0043      C  2 799.8A  -6.452   0.0088            
 nInu  1793A  -2.167 168.9644      Ca A  8502A  -6.769   0.0042      H  1 16.20m  -6.945   0.0028      N  1 980.7A  -6.980   0.0026            
 nFnu  1585A  -3.336  11.4724      Ca A  8467A  -6.848   0.0035      H  1 38.86m  -7.020   0.0024      O  1  7950A  -7.150   0.0018            
 nInu  1585A  -2.142 179.2307      Ca A  8438A  -6.921   0.0030      He-like iso-sequence........      level2 lines................            
 nFnu  1458A  -3.322  11.8471      Ca A  8413A  -6.991   0.0025      Ca B  2945A  -6.451   0.0088      C  1 943.9A  -6.556   0.0069            
 nInu  1458A  -2.041 226.2786      Ca A  8392A  -7.057   0.0022      Ca B  3188A  -6.131   0.0184      C  1  1248A  -6.795   0.0040            
 nFnu  1357A  -3.359  10.8583      Ca A  8374A  -7.120   0.0019      Ca B  3614A  -7.020   0.0024      C  1  1561A  -7.031   0.0023            
 nInu  1357A  -1.972 264.7117      Ca A  8359A  -7.179   0.0016      Ca B  3889A  -5.723   0.0470      C  1  1315A  -6.966   0.0027            
 nFnu  1297A  -3.458   8.6513      Ca A  8346A  -7.236   0.0014      Ca B  3965A  -6.709   0.0049      C  1  1166A  -7.098   0.0020            
 nInu  1297A  -1.965 269.5309      Ca A  8334A  -7.291   0.0013      Ca B  4026A  -6.343   0.0113      C  1  1233A  -7.258   0.0014            
 nFnu  1263A  -3.643   5.6510      Ca A 4.051m  -5.360   0.1085      Ca B  4388A  -6.915   0.0030      C  1  1132A  -7.311   0.0012            
 nInu  1263A  -1.977 261.9806      Ca A 2.625m  -5.646   0.0561      Ca B  4471A  -6.006   0.0245      C  1  1251A  -7.329   0.0012            
 nFnu  1218A  -3.827   3.6989      Ca A 2.166m  -5.880   0.0327      Ca B  4713A  -7.125   0.0019      C  2 892.8A  -6.593   0.0063            
 nInu  1218A  -1.963 270.2222      Ca A 1.945m  -6.075   0.0209      Ca B  4922A  -6.571   0.0067      C  2 688.8A  -6.818   0.0038            
 nFnu  1196A  -4.768   0.4243      Ca A 1.817m  -6.242   0.0142      Ca B  5016A  -6.300   0.0124      C  2  1020A  -6.294   0.0126            
 nInu  1196A  -1.957 273.9617      Ca A 1.736m  -6.388   0.0102      Ca B  5876A  -5.530   0.0733      C  2 596.6A  -6.800   0.0039            
 nFnu  1175A  -4.789   0.4036      Ca A 1.681m  -6.517   0.0075      Ca B  6678A  -6.073   0.0210      C  2 562.0A  -6.935   0.0029            
 nInu  1175A  -1.981 259.6287      Ca A 1.641m  -6.635   0.0058      Ca B  7065A  -6.445   0.0089      C  2 530.7A  -7.314   0.0012            
 nFnu  1144A  -4.774   0.4179      Ca A 1.611m  -6.741   0.0045      Ca B  7281A  -6.949   0.0028      C  2 858.2A  -7.177   0.0017            
 nInu  1144A  -1.880 327.7492      Ca A 1.588m  -6.840   0.0036      Ca B 1.083m  -5.369   0.1063      N  1 942.3A  -6.707   0.0049            
 nFnu  1113A  -4.757   0.4345      Ca A 1.570m  -6.931   0.0029      Ca B 1.197m  -7.340   0.0011      N  1 952.1A  -6.834   0.0036            
 nInu  1113A  -1.964 269.9642      Ca A 1.556m  -7.015   0.0024      Ca B 1.278m  -6.763   0.0043      N  1  1131A  -7.007   0.0024            
 nFnu  1103A  -4.662   0.5408      Ca A 1.544m  -7.095   0.0020      Ca B 1.279m  -7.240   0.0014      N  2 532.2A  -7.269   0.0013            
 nInu  1103A  -1.867 337.0581      Ca A 1.534m  -7.169   0.0017      Ca B 1.700m  -7.157   0.0017      N  2 634.4A  -7.133   0.0018            
 nFnu  1074A  -4.688   0.5100      Ca A 1.526m  -7.240   0.0014      Ca B 1.869m  -6.367   0.0107      N  2 907.1A  -6.805   0.0039            
 nInu  1074A  -1.882 325.6556      Ca A 1.519m  -7.306   0.0012      Ca B 1.870m  -6.845   0.0035      N  2 528.1A  -7.305   0.0012            
 nFnu  1064A  -4.691   0.5060      Ca A 1.513m  -7.369   0.0011      Ca B 2.058m  -6.202   0.0156      O  1 867.3A  -7.035   0.0023            
 nInu  1064A  -1.857 345.5859      Ca A 7.458m  -5.829   0.0369      He 1     0   -4.679   0.5200      O  1 976.8A  -6.514   0.0076            
 nFnu  1036A  -4.689   0.5078      Ca A 4.653m  -6.056   0.0218      He 1 584.3A  -5.569   0.0670      O  1 969.0A  -6.578   0.0066            
 nInu  1036A  -1.898 314.4025      Ca A 3.740m  -6.256   0.0138      He 1 537.0A  -6.860   0.0034      O  1 946.4A  -6.625   0.0059            
 nFnu  1000A  -4.674   0.5266      Ca A 3.296m  -6.427   0.0093      He 1 522.2A  -6.673   0.0053      O  1 934.5A  -6.715   0.0048            
 nInu  1000A  -1.939 285.8083      Ca A 3.038m  -6.576   0.0066      He 1 515.6A  -6.682   0.0052      O  1 973.6A  -6.874   0.0033            
 nFnu 925.1A  -4.623   0.5912      Ca A 2.872m  -6.709   0.0049      He 1 512.1A  -6.716   0.0048      O  1 927.5A  -6.964   0.0027            
 nInu 925.1A  -1.920 298.3301      Ca A 2.758m  -6.828   0.0037      He 1 625.6A  -4.040   2.2640      O  1 948.5A  -7.036   0.0023            
 nFnu 897.8A  -2.640  56.8907      Ca A 2.674m  -6.937   0.0029      TOTL 1.083m  -5.393   0.1004      O  1 923.0A  -7.196   0.0016            
 nInu 897.8A  -4.555   0.6914      Ca A 2.612m  -7.036   0.0023      He 1 1.083m  -5.393   0.1004      O  1 919.9A  -7.323   0.0012            
 nFnu 760.0A  -4.986   0.2568      Ca A 2.564m  -7.129   0.0018      He 1 1.083m  -6.348   0.0112      O  1 935.7A  -7.214   0.0015            
 nInu 760.0A  -3.840   3.5924      Ca A 2.525m  -7.214   0.0015      He 1 1.083m  -5.871   0.0335      O  2 530.8A  -7.191   0.0016            
 nFnu 701.5A  -5.194   0.1588      Ca A 2.495m  -7.295   0.0013      He 1 1.083m  -5.649   0.0558      Ne 1 688.6A  -7.299   0.0012            
 nInu 701.5A  -3.657   5.4699      Ca A 2.469m  -7.370   0.0011      He 1  3889A  -5.757   0.0434      Al 2  1671A  -6.778   0.0041            
 nFnu 608.2A  -6.800   0.0039      Ca A 12.37m  -6.230   0.0146      He 1  3188A  -6.168   0.0169      Si 2  1180A  -6.391   0.0101            
 nInu 608.2A  -3.169  16.8225      Ca A 7.500m  -6.414   0.0096      He 1  2945A  -6.491   0.0080      Si 2 993.4A  -6.705   0.0049            
 nFnu 575.1A  -6.036   0.0229      Ca A 5.907m  -6.585   0.0065      He 1  2829A  -6.748   0.0044      Si 2 893.6A  -7.310   0.0012            
 nInu 575.1A  -3.053  22.0003      Ca A 5.127m  -6.737   0.0046      He 1 2.058m  -6.468   0.0084      Si 2  1024A  -6.968   0.0027            
 nFnu 511.9A  -7.108   0.0019      Ca A 4.671m  -6.872   0.0033      He 1  5016A  -6.351   0.0111      S  2 750.3A  -6.938   0.0029            
 nInu 511.9A  -2.909  30.6403      Ca A 4.375m  -6.993   0.0025      He 1  3965A  -6.734   0.0046      S  2 888.4A  -7.141   0.0018            
 nFnu 496.9A  -3.281  13.0199      Ca A 4.170m  -7.103   0.0020      He 1  3614A  -7.019   0.0024      S  2 587.6A  -7.340   0.0011            
 nInu 496.9A  -3.562   6.8089      Ca A 4.020m  -7.204   0.0016      He 1  3448A  -7.242   0.0014      P  2 967.2A  -7.367   0.0011            
 nInu 399.2A  -3.484   8.1566      Ca A 3.906m  -7.297   0.0013      He 1  7065A  -6.500   0.0079      P  2 963.8A  -7.087   0.0020            
 RRC.........................      Ca A 3.818m  -7.384   0.0010      He 1  5876A  -5.512   0.0764      Ni 2  1744A  -7.318   0.0012            
 H  1 911.8A  -3.961   2.7164      Ca A 19.06m  -6.580   0.0065      He 1  4713A  -7.203   0.0016      Ni 2  1376A  -7.262   0.0014            
 H  1  3646A  -4.456   0.8685      Ca A 11.31m  -6.731   0.0046      He 1  4471A  -6.015   0.0240      Ni 2  1324A  -7.223   0.0015            
 H  1  3646A  -4.059   2.1687      Ca A 8.758m  -6.880   0.0033      He 1  4026A  -6.360   0.0108      hyperfine structure.........            
 H  1  8204A  -5.226   0.1475      Ca A 7.506m  -7.015   0.0024      He 1  3820A  -6.625   0.0059      inner shell.................            
 H  1  8204A  -4.777   0.4154      Ca A 6.770m  -7.138   0.0018      He 1  7281A  -6.968   0.0027      molecules...................            
 H  1  8204A  -4.796   0.3973      Ca A 6.290m  -7.249   0.0014      He 1  6678A  -6.053   0.0220      H-FB     0   -6.874   0.0033            
 H  1 1.458m  -5.754   0.0437      Ca A 5.955m  -7.351   0.0011      He 1  4922A  -6.576   0.0066      H-FF     0   -6.982   0.0026            
 H  1 1.458m  -5.296   0.1257      Ca A 27.80m  -6.892   0.0032      He 1  4388A  -6.927   0.0029      H-CT  6563A  -6.451   0.0088            
 H  1 1.458m  -5.203   0.1556      Ca A 16.20m  -7.016   0.0024      He 1  4144A  -7.195   0.0016      H2+      0   -7.135   0.0018            
 H  1 1.458m  -5.452   0.0878      Ca A 12.38m  -7.147   0.0018      He 1 1.700m  -7.166   0.0017            
 H  1 2.279m  -6.145   0.0178      Ca A 10.50m  -7.269   0.0013      He 1 1.197m  -7.356   0.0011            

                                                    Emergent line intensities
 general properties..........      nFnu 496.9A  -3.281  13.0200      Ca B 2.625m  -5.626   0.0587      N  1  1200A  -6.546   0.0071            
 TOTL  4861A  -4.395   1.0000      nInu 496.9A  -3.562   6.8090      Ca B 2.166m  -5.858   0.0345      N  1  5200A  -7.018   0.0024            
 TOTL  1216A  -2.990  25.4221      nInu 399.2A  -3.484   8.1566      Ca B 1.945m  -6.051   0.0221      N  1  5198A  -7.136   0.0018            
 continua....................      RRC.........................      Ca B 1.817m  -6.216   0.0151      TOTL  5199A  -6.772   0.0042            
 Bac   3646A  -2.953  27.6983      grains......................      Ca B 1.736m  -6.361   0.0108      N  2  6584A  -5.283   0.1296            
 nFnu  3645A  -2.913  30.3575      H-like iso-sequence.........      Ca B 1.681m  -6.490   0.0080      N  2  6548A  -5.753   0.0439            
 nFnu  3647A  -3.970   2.6592      Ca B  1216A  -2.868  33.6667      Ca B 1.641m  -6.607   0.0061      N  2 121.7m  -5.357   0.1092            
 cout  3646A  -3.254  13.8492      Q(H)  4861A  -4.312   1.2117      Ca B 1.611m  -6.713   0.0048      N  2 205.4m  -5.840   0.0359            
 cref  3646A  -3.254  13.8491      Q(H)  1216A  -2.787  40.5922      Ca B 1.588m  -6.811   0.0038      N  2  1085A  -6.430   0.0092            
 thin  3646A  -2.953  27.6984      CaBo  4861A  -4.432   0.9184      Ca B 1.570m  -6.902   0.0031      O  1  6300A  -6.346   0.0112            
 Inci  4860A  -3.043  22.4895      Ca A  1216A  -3.033  23.0267      Ca B 1.556m  -6.987   0.0026      O  1  6363A  -6.842   0.0036            
 Inci  1215A  -1.962 271.2997      Ca A  1026A  -3.734   4.5865      Ca B 1.544m  -7.066   0.0021      O  1 63.17m  -5.324   0.1179            
 FIR  83.00m  -3.405   9.7689      Ca A 972.5A  -4.158   1.7255      Ca B 1.534m  -7.140   0.0018      O  1 145.5m  -6.416   0.0095            
 TIR   1800m  -5.692   0.0505      Ca A 949.7A  -4.465   0.8506      Ca B 1.526m  -7.210   0.0015      TOTL  3727A  -5.694   0.0503            
 NIRa 2.850m  -2.988  25.5164      Ca A 937.8A  -4.708   0.4870      Ca B 1.519m  -7.276   0.0013      IONZ  3727A  -6.435   0.0091            
 NIRb 3.000m  -3.472   8.3837      Ca A 930.8A  -4.908   0.3067      Ca B 1.513m  -7.339   0.0011      IONZ  7325A  -7.107   0.0019            
 MIRa 15.00m  -3.581   6.5152      Ca A 926.2A  -5.080   0.2065      Ca B 7.458m  -5.818   0.0378      O II  3729A  -6.022   0.0236            
 MIRb 22.50m  -3.281  13.0116      Ca A 923.2A  -5.231   0.1460      Ca B 4.653m  -6.044   0.0224      O II  3726A  -6.150   0.0176            
 NMIR 21.75m  -2.988  25.5164      Ca A 921.0A  -5.365   0.1072      Ca B 3.740m  -6.242   0.0142      O  2 833.8A  -6.999   0.0025            
 TFIR 611.2m  -3.898   3.1433      Ca A 919.4A  -5.486   0.0812      Ca B 3.296m  -6.412   0.0096      Ne 2 12.81m  -4.810   0.3847            
 TALL 10000A  -1.849 352.0880      Ca A 918.1A  -5.596   0.0630      Ca B 3.038m  -6.561   0.0068      Ne 3 15.55m  -7.047   0.0022            
 F12  12.00m  -4.239   1.4318      Ca A 917.2A  -5.697   0.0499      Ca B 2.872m  -6.693   0.0050      Na 1  5892A  -7.247   0.0014            
 F25  25.00m  -3.964   2.6961      Ca A 916.4A  -5.791   0.0402      Ca B 2.758m  -6.811   0.0038      Mg 1  2853A  -7.206   0.0015            
 F60  60.00m  -3.811   3.8398      Ca A 915.8A  -5.878   0.0329      Ca B 2.674m  -6.920   0.0030      TOTL  2798A  -6.352   0.0110            
 F100 100.0m  -4.022   2.3637      Ca A 915.3A  -5.959   0.0273      Ca B 2.612m  -7.019   0.0024      Mg 2  2796A  -6.570   0.0067            
 MIPS 24.00m  -4.089   2.0252      Ca A 914.9A  -6.035   0.0229      Ca B 2.564m  -7.111   0.0019      Mg 2  2803A  -6.757   0.0043            
 MIPS 70.00m  -4.162   1.7102      Ca A 914.6A  -6.106   0.0195      Ca B 2.525m  -7.196   0.0016      Si 1 68.40m  -7.348   0.0011            
 MIPS 160.0m  -4.297   1.2528      Ca A 914.3A  -6.173   0.0167      Ca B 2.495m  -7.276   0.0013      Si 2 34.81m  -3.928   2.9320            
 IRAC 3.600m  -4.932   0.2904      Ca A 914.0A  -6.235   0.0145      Ca B 2.469m  -7.352   0.0011      Si 2  1531A  -6.781   0.0041            
 IRAC 4.500m  -4.792   0.4009      Ca A 913.8A  -6.294   0.0126      Ca B 12.37m  -6.220   0.0150      Si 2  1308A  -6.716   0.0048            
 IRAC 5.800m  -3.975   2.6334      Ca A 913.6A  -6.348   0.0111      Ca B 7.500m  -6.404   0.0098      Si 2  1263A  -6.415   0.0096            
 IRAC 8.000m  -4.504   0.7781      Ca A 913.5A  -6.399   0.0099      Ca B 5.907m  -6.575   0.0066      P  2 60.64m  -6.387   0.0102            
 SPR1 250.0m  -4.839   0.3597      Ca A 913.3A  -6.447   0.0089      Ca B 5.127m  -6.726   0.0047      P  2 32.87m  -6.418   0.0095            
 SPR2 350.0m  -5.270   0.1335      Ca A  6563A  -4.053   2.2010      Ca B 4.671m  -6.861   0.0034      P  2 1.189m  -7.232   0.0015            
 SPR3 500.0m  -5.650   0.0556      Ca A  4861A  -4.548   0.7032      Ca B 4.375m  -6.981   0.0026      S  1 25.19m  -7.361   0.0011            
 PAC1 70.00m  -4.102   1.9654      Ca A  4340A  -4.890   0.3202      Ca B 4.170m  -7.091   0.0020      S  2  6720A  -4.951   0.2783            
 PAC2 100.0m  -4.004   2.4629      Ca A  4102A  -5.151   0.1756      Ca B 4.020m  -7.192   0.0016      S  2  4074A  -6.898   0.0031            
 PAC3 160.0m  -4.091   2.0167      Ca A  3970A  -5.362   0.1078      Ca B 3.906m  -7.284   0.0013      S  2 1.033m  -7.066   0.0021            
 PAH  3.300m  -5.714   0.0480      Ca A  3889A  -5.541   0.0714      Ca B 3.818m  -7.371   0.0011      S II  6731A  -5.311   0.1213            
 PAHC 3.230m  -6.052   0.0221      Ca A  3835A  -5.697   0.0499      Ca B 19.06m  -6.571   0.0067      S II  6716A  -5.199   0.1570            
 PAHC 3.370m  -6.157   0.0173      Ca A  3798A  -5.834   0.0364      Ca B 11.31m  -6.723   0.0047      S II  4070A  -7.024   0.0024            
 PAH  6.200m  -5.429   0.0926      Ca A  3771A  -5.958   0.0274      Ca B 8.758m  -6.872   0.0033      S  2  1256A  -7.072   0.0021            
 PAHC 5.650m  -5.407   0.0973      Ca A  3750A  -6.070   0.0211      Ca B 7.506m  -7.007   0.0024      S  3 18.67m  -5.298   0.1252            
 PAH  7.900m  -5.017   0.2387      Ca A  3734A  -6.173   0.0167      Ca B 6.770m  -7.129   0.0018      S  3 33.47m  -4.975   0.2631            
 PAHC 6.900m  -4.832   0.3660      Ca A  3722A  -6.268   0.0134      Ca B 6.290m  -7.240   0.0014      S  3  9532A  -5.930   0.0292            
 PAH  11.30m  -5.488   0.0807      Ca A  3712A  -6.356   0.0109      Ca B 5.955m  -7.341   0.0011      S  3  9069A  -6.324   0.0118            
 PAHC 10.90m  -5.650   0.0556      Ca A  3704A  -6.439   0.0091      Ca B 27.80m  -6.882   0.0033      Cl 2 33.30m  -7.004   0.0025            
 PAH  11.80m  -5.425   0.0933      Ca A  3697A  -6.516   0.0076      Ca B 16.20m  -7.008   0.0024      Cl 2 14.40m  -5.906   0.0309            
 PAHC 12.65m  -4.697   0.4994      Ca A  3692A  -6.589   0.0064      Ca B 12.38m  -7.140   0.0018      Cl 2  8579A  -6.483   0.0082            
 PAH  13.30m  -5.375   0.1048      Ca A  3687A  -6.658   0.0055      Ca B 10.50m  -7.261   0.0014      Cl 2  9124A  -7.061   0.0022            
 PAHC 14.10m  -5.265   0.1349      Ca A  3683A  -6.723   0.0047      Ca B 9.389m  -7.372   0.0011      Ar 2 6.980m  -5.174   0.1663            
 Bcon  3640A  -1.945 282.0374      Ca A  3679A  -6.785   0.0041      Ca B 38.86m  -7.162   0.0017      Ar 3  7135A  -6.686   0.0051            
 Pcon  5000A  -2.998  24.9794      Ca A  3676A  -6.844   0.0036      Ca B 22.33m  -7.268   0.0013      Ar 3  7751A  -7.304   0.0012            
 nFnu 122.4m  -6.160   0.0172      Ca A  3674A  -6.900   0.0031      Ca B 16.88m  -7.384   0.0010      Ar 3 21.83m  -6.862   0.0034            
 nInu 122.4m  -3.610   6.0987      Ca A  3671A  -6.954   0.0028      H  1  1216A  -2.990  25.4221      Ar 3 9.000m  -5.669   0.0533            
 nFnu 60.83m  -5.919   0.0300      Ca A 1.875m  -4.792   0.4013      H  1  1026A  -5.889   0.0321      Ca 2  3933A  -6.745   0.0045            
 nInu 60.83m  -3.657   5.4683      Ca A 1.282m  -5.160   0.1719      H  1 972.5A  -5.983   0.0258      Ca 2  7306A  -5.099   0.1980            
 nFnu 41.22m  -5.754   0.0438      Ca A 1.094m  -5.440   0.0903      H  1 949.7A  -5.986   0.0257      Ca2K  3934A  -6.962   0.0027            
 nInu 41.22m  -3.770   4.2221      Ca A 1.005m  -5.663   0.0539      H  1 937.8A  -5.964   0.0270      Ca2H  3969A  -7.151   0.0018            
 nFnu 30.87m  -5.647   0.0560      Ca A  9546A  -5.851   0.0350      H  1 930.8A  -6.084   0.0205      CaF1  7291A  -5.325   0.1175            
 nInu 30.87m  -3.872   3.3353      Ca A  9229A  -6.012   0.0242      H  1 926.2A  -6.177   0.0165      CaF2  7324A  -5.489   0.0805            
 nFnu 24.78m  -5.564   0.0678      Ca A  9015A  -6.153   0.0175      H  1 923.2A  -6.191   0.0160      Fe 2  4300A  -5.838   0.0361            
 nInu 24.78m  -3.951   2.7791      Ca A  8863A  -6.280   0.0130      H  1 921.0A  -6.202   0.0156      Fe 2  2400A  -6.665   0.0054            
 nFnu 24.30m  -5.557   0.0688      Ca A  8750A  -6.395   0.0100      H  1  6563A  -3.897   3.1514      Fe 2 25.98m  -4.275   1.3177            
 nInu 24.30m  -3.958   2.7334      Ca A  8665A  -6.500   0.0079      H  1  4861A  -4.395   1.0000      Fe 2 5.339m  -4.023   2.3585            
 nFnu 22.83m  -5.532   0.0730      Ca A  8598A  -6.596   0.0063      H  1  4340A  -4.733   0.4594      Fe 2 4.114m  -6.721   0.0047            
 nInu 22.83m  -3.980   2.6008      Ca A  8545A  -6.686   0.0051      H  1  4102A  -4.988   0.2555      Fe 2 1.257m  -4.344   1.1238            
 nFnu 21.42m  -5.510   0.0767      Ca A  8502A  -6.769   0.0042      H  1  3970A  -5.199   0.1569      Fe 2 35.34m  -4.913   0.3038            
 nInu 21.42m  -4.003   2.4643      Ca A  8467A  -6.848   0.0035      H  1  3889A  -5.378   0.1041      Fe 2 6.719m  -5.851   0.0350            
 nFnu 21.12m  -5.506   0.0776      Ca A  8438A  -6.921   0.0030      H  1  3835A  -5.527   0.0738      Fe 2 4.888m  -7.175   0.0017            
 nInu 21.12m  -4.009   2.4339      Ca A  8413A  -6.991   0.0025      H  1  3798A  -5.657   0.0547      Fe 2 4.075m  -7.245   0.0014            
 nFnu 19.62m  -5.475   0.0831      Ca A  8392A  -7.057   0.0022      H  1 1.875m  -4.739   0.4527      Fe 2 1.321m  -4.922   0.2973            
 nInu 19.62m  -4.035   2.2935      Ca A  8374A  -7.120   0.0019      H  1 1.282m  -5.118   0.1893      Fe 2 1.249m  -6.720   0.0047            
 nFnu 17.65m  -5.431   0.0921      Ca A  8359A  -7.179   0.0016      H  1 1.094m  -5.391   0.1009      Fe 2  7638A  -6.497   0.0079            
 nInu 17.65m  -4.078   2.0754      Ca A  8346A  -7.236   0.0014      H  1 1.005m  -5.612   0.0607      Fe 2 51.29m  -5.496   0.0794            
 nFnu 17.37m  -5.426   0.0931      Ca A  8334A  -7.291   0.0013      H  1  9546A  -5.796   0.0397      Fe 2 8.297m  -5.942   0.0284            
 nInu 17.37m  -4.084   2.0474      Ca A 4.051m  -5.360   0.1085      H  1  9229A  -5.953   0.0277      Fe 2 5.672m  -6.549   0.0070            
 nFnu 15.69m  -5.395   0.1000      Ca A 2.625m  -5.646   0.0561      H  1  9015A  -6.091   0.0202      Fe 2 4.606m  -7.057   0.0022            
 nInu 15.69m  -4.123   1.8696      Ca A 2.166m  -5.880   0.0327      H  1 4.051m  -5.309   0.1219      Fe 2 4.081m  -7.182   0.0016            
 nFnu 14.60m  -5.362   0.1080      Ca A 1.945m  -6.075   0.0209      H  1 2.625m  -5.625   0.0589      Fe 2 1.372m  -5.146   0.1775            
 nInu 14.60m  -4.151   1.7544      Ca A 1.817m  -6.242   0.0142      H  1 2.166m  -5.861   0.0342      Fe 2 1.294m  -6.052   0.0221            
 nFnu 12.43m  -5.298   0.1252      Ca A 1.736m  -6.388   0.0102      H  1 1.945m  -6.054   0.0219      Fe 2  7687A  -6.806   0.0039            
 nInu 12.43m  -4.216   1.5103      Ca A 1.681m  -6.517   0.0075      H  1 1.817m  -6.218   0.0151      Fe 2 87.36m  -6.266   0.0135            
 nFnu 11.40m  -5.273   0.1323      Ca A 1.641m  -6.635   0.0058      H  1 1.736m  -6.360   0.0108      Fe 2 9.898m  -6.019   0.0238            
 nInu 11.40m  -4.250   1.3981      Ca A 1.611m  -6.741   0.0045      H  1 7.458m  -5.763   0.0429      Fe 2 4.434m  -7.063   0.0021            
 nFnu 10.46m  -5.229   0.1465      Ca A 1.588m  -6.840   0.0036      H  1 4.653m  -6.037   0.0228      Fe 2 1.328m  -6.297   0.0125            
 nInu 10.46m  -4.283   1.2942      Ca A 1.570m  -6.931   0.0029      H  1 3.740m  -6.245   0.0141      Fe 2 1.279m  -6.425   0.0093            
 nFnu 9.480m  -5.203   0.1557      Ca A 1.556m  -7.015   0.0024      H  1 3.296m  -6.416   0.0095      Fe 2 11.16m  -6.071   0.0211            
 nInu 9.480m  -4.323   1.1820      Ca A 1.544m  -7.095   0.0020      H  1 3.038m  -6.564   0.0068      Fe 2 1.298m  -6.789   0.0040            
 nFnu 9.325m  -5.199   0.1571      Ca A 1.534m  -7.169   0.0017      H  1 12.37m  -6.142   0.0179      Fe 2 1.270m  -6.721   0.0047            
 nInu 9.325m  -4.329   1.1659      Ca A 1.526m  -7.240   0.0014      H  1 7.500m  -6.384   0.0103      Fe 2 17.93m  -4.802   0.3921            
 nFnu 8.210m  -5.139   0.1803      Ca A 1.519m  -7.306   0.0012      H  1 5.907m  -6.574   0.0066      Fe 2 1.644m  -4.417   0.9505            
 nInu 8.210m  -4.380   1.0353      Ca A 1.513m  -7.369   0.0011      H  1 5.127m  -6.729   0.0046      Fe 2 1.533m  -5.996   0.0251            
 nFnu 7.580m  -5.121   0.1882      Ca A 7.458m  -5.829   0.0369      H  1 19.06m  -6.470   0.0084      Fe 2  8617A  -5.919   0.0299            
 nInu 7.580m  -4.412   0.9618      Ca A 4.653m  -6.056   0.0218      H  1 11.31m  -6.684   0.0051      Fe 2 24.51m  -5.538   0.0720            
 nFnu 7.050m  -5.066   0.2132      Ca A 3.740m  -6.256   0.0138      H  1 8.758m  -6.862   0.0034      Fe 2 1.809m  -5.120   0.1883            
 nInu 7.050m  -4.440   0.9017      Ca A 3.296m  -6.427   0.0093      H  1 27.80m  -6.759   0.0043      Fe 2 1.677m  -6.136   0.0182            
 nFnu 4.114m  -4.842   0.3573      Ca A 3.038m  -6.576   0.0066      H  1 16.20m  -6.945   0.0028      Fe 2 1.599m  -6.365   0.0107            
 nInu 4.114m  -4.544   0.7091      Ca A 2.872m  -6.709   0.0049      H  1 38.86m  -7.020   0.0024      Fe 2  9052A  -6.577   0.0066            
 nFnu 2.324m  -4.718   0.4752      Ca A 2.758m  -6.828   0.0037      He-like iso-sequence........      Fe 2  8892A  -6.449   0.0088            
 nInu 2.324m  -4.319   1.1919      Ca A 2.674m  -6.937   0.0029      Ca B  2945A  -6.451   0.0088      Fe 2 35.77m  -6.388   0.0102            
 nFnu 1.643m  -4.571   0.6670      Ca A 2.612m  -7.036   0.0023      Ca B  3188A  -6.131   0.0184      Fe 2 1.800m  -6.308   0.0122            
 nInu 1.643m  -4.086   2.0366      Ca A 2.564m  -7.129   0.0018      Ca B  3614A  -7.020   0.0024      Fe 2 1.711m  -6.946   0.0028            
 nFnu 1.480m  -4.605   0.6166      Ca A 2.525m  -7.214   0.0015      Ca B  3889A  -5.723   0.0470      Fe 2 1.664m  -6.761   0.0043            
 nInu 1.480m  -4.042   2.2546      Ca A 2.495m  -7.295   0.0013      Ca B  3965A  -6.709   0.0049      Fe 2  9399A  -7.354   0.0011            
 nFnu 1.436m  -4.202   1.5590      Ca A 2.469m  -7.370   0.0011      Ca B  4026A  -6.343   0.0113      Fe 2  9227A  -6.705   0.0049            
 nInu 1.436m  -3.915   3.0187      Ca A 12.37m  -6.230   0.0146      Ca B  4388A  -6.915   0.0030      Fe 2 1.797m  -6.719   0.0047            
 nFnu 1.119m  -4.335   1.1492      Ca A 7.500m  -6.414   0.0096      Ca B  4471A  -6.006   0.0245      Fe 2 1.745m  -7.069   0.0021            
 nInu 1.119m  -3.766   4.2568      Ca A 5.907m  -6.585   0.0065      Ca B  4713A  -7.125   0.0019      Fe 2  9471A  -7.271   0.0013            
 nFnu  8330A  -4.486   0.8109      Ca A 5.127m  -6.737   0.0046      Ca B  4922A  -6.571   0.0067      Fe 2 22.90m  -7.221   0.0015            
 nInu  8330A  -3.581   6.5155      Ca A 4.671m  -6.872   0.0033      Ca B  5016A  -6.300   0.0124      Fe 2 1.811m  -7.374   0.0010            
 nFnu  8079A  -3.730   4.6224      Ca A 4.375m  -6.993   0.0025      Ca B  5876A  -5.530   0.0733      Fe2b  7000A  -6.313   0.0121            
 nInu  8079A  -3.426   9.3204      Ca A 4.170m  -7.103   0.0020      Ca B  6678A  -6.073   0.0210      Fe2b 10000A  -3.928   2.9327            
 nFnu  6210A  -4.033   2.3012      Ca A 4.020m  -7.204   0.0016      Ca B  7065A  -6.445   0.0089      Fe2b  7445A  -6.313   0.0121            
 nInu  6210A  -3.249  13.9911      Ca A 3.906m  -7.297   0.0013      Ca B  7281A  -6.949   0.0028      Fe2b  8625A  -5.672   0.0528            
 nFnu  4885A  -4.168   1.6887      Ca A 3.818m  -7.384   0.0010      Ca B 1.083m  -5.369   0.1063      Fe2b 1.033m  -7.270   0.0013            
 nInu  4885A  -3.042  22.5588      Ca A 19.06m  -6.580   0.0065      Ca B 1.197m  -7.340   0.0011      Fe2b 1.889m  -5.068   0.2124            
 nFnu  3704A  -4.022   2.3625      Ca A 11.31m  -6.731   0.0046      Ca B 1.278m  -6.763   0.0043      Fe 2  1786A  -6.675   0.0053            
 nInu  3704A  -2.808  38.6184      Ca A 8.758m  -6.880   0.0033      Ca B 1.279m  -7.240   0.0014      Fe 3 22.92m  -6.540   0.0072            
 nFnu  3588A  -2.960  27.2357      Ca A 7.506m  -7.015   0.0024      Ca B 1.700m  -7.157   0.0017      Fe 3 33.03m  -7.123   0.0019            
 nInu  3588A  -2.644  56.3696      Ca A 6.770m  -7.138   0.0018      Ca B 1.869m  -6.367   0.0107      recombination...............            
 nFnu  2430A  -3.598   6.2722      Ca A 6.290m  -7.249   0.0014      Ca B 1.870m  -6.845   0.0035      O  1  7773A  -7.393   0.0010            
 nInu  2430A  -2.399  99.2138      Ca A 5.955m  -7.351   0.0011      Ca B 2.058m  -6.202   0.0156      O  1  1357A  -6.584   0.0065            
 nFnu  2392A  -3.593   6.3412      Ca A 27.80m  -6.892   0.0032      He 1 584.3A  -5.756   0.0435      C  1  1140A  -6.838   0.0036            
 nInu  2392A  -2.388 101.6533      Ca A 16.20m  -7.016   0.0024      He 1 537.0A  -6.920   0.0030      C  2 799.8A  -7.261   0.0014            
 nFnu  2071A  -3.503   7.8020      Ca A 12.38m  -7.147   0.0018      He 1 522.2A  -6.707   0.0049      N  1 980.7A  -6.981   0.0026            
 nInu  2071A  -2.272 132.8215      Ca A 10.50m  -7.269   0.0013      He 1 515.6A  -6.718   0.0048      O  1  7950A  -7.150   0.0018            
 nFnu  2053A  -3.496   7.9349      Ca A 9.389m  -7.380   0.0010      He 1 512.1A  -6.758   0.0043      level2 lines................            
 nInu  2053A  -2.271 133.0899      Ca A 38.86m  -7.172   0.0017      He 1 625.6A  -4.634   0.5774      C  1 943.9A  -6.556   0.0069            
 nFnu  1793A  -3.400   9.8891      Ca A 22.33m  -7.276   0.0013      TOTL 1.083m  -5.393   0.1004      C  1  1248A  -6.795   0.0040            
 nInu  1793A  -2.167 168.9657      Ca A 16.88m  -7.391   0.0010      He 1 1.083m  -5.393   0.1004      C  1  1561A  -7.031   0.0023            
 nFnu  1585A  -3.336  11.4725      Ca B  6563A  -3.903   3.1057      He 1 1.083m  -6.348   0.0112      C  1  1315A  -6.966   0.0027            
 nInu  1585A  -2.142 179.2321      Ca B  4861A  -4.395   1.0013      He 1 1.083m  -5.871   0.0335      C  1  1166A  -7.098   0.0020            
 nFnu  1458A  -3.322  11.8472      Ca B  4340A  -4.736   0.4558      He 1 1.083m  -5.649   0.0558      C  1  1233A  -7.258   0.0014            
 nInu  1458A  -2.041 226.2804      Ca B  4102A  -4.998   0.2494      He 1  3889A  -5.757   0.0434      C  1  1132A  -7.311   0.0012            
 nFnu  1357A  -3.359  10.8584      Ca B  3970A  -5.211   0.1527      He 1  3188A  -6.168   0.0169      C  1  1251A  -7.329   0.0012            
 nInu  1357A  -1.972 264.7137      Ca B  3889A  -5.392   0.1008      He 1  2945A  -6.491   0.0080      C  2 892.8A  -6.781   0.0041            
 nFnu  1297A  -3.458   8.6514      Ca B  3835A  -5.548   0.0703      He 1  2829A  -6.748   0.0044      C  2 688.8A  -6.942   0.0028            
 nInu  1297A  -1.965 269.5331      Ca B  3798A  -5.687   0.0511      He 1 2.058m  -6.468   0.0084      C  2  1020A  -6.294   0.0126            
 nFnu  1263A  -3.643   5.6511      Ca B  3771A  -5.811   0.0384      He 1  5016A  -6.351   0.0111      C  2 596.6A  -6.946   0.0028            
 nInu  1263A  -1.977 261.9827      Ca B  3750A  -5.924   0.0296      He 1  3965A  -6.734   0.0046      C  2 562.0A  -7.114   0.0019            
 nFnu  1218A  -3.827   3.6989      Ca B  3734A  -6.027   0.0233      He 1  3614A  -7.019   0.0024      N  1 942.3A  -6.708   0.0049            
 nInu  1218A  -1.963 270.2243      Ca B  3722A  -6.123   0.0187      He 1  3448A  -7.242   0.0014      N  1 952.1A  -6.834   0.0036            
 nFnu  1196A  -4.768   0.4243      Ca B  3712A  -6.211   0.0153      He 1  7065A  -6.500   0.0079      N  1  1131A  -7.007   0.0024            
 nInu  1196A  -1.957 273.9639      Ca B  3704A  -6.294   0.0126      He 1  5876A  -5.512   0.0764      N  2 634.4A  -7.341   0.0011            
 nFnu  1175A  -4.789   0.4036      Ca B  3697A  -6.371   0.0106      He 1  4713A  -7.203   0.0016      N  2 907.1A  -7.158   0.0017            
 nInu  1175A  -1.981 259.6308      Ca B  3692A  -6.444   0.0089      He 1  4471A  -6.015   0.0240      O  1 867.3A  -7.346   0.0011            
 nFnu  1144A  -4.774   0.4179      Ca B  3687A  -6.513   0.0076      He 1  4026A  -6.360   0.0108      O  1 976.8A  -6.514   0.0076            
 nInu  1144A  -1.880 327.7518      Ca B  3683A  -6.578   0.0066      He 1  3820A  -6.626   0.0059      O  1 969.0A  -6.578   0.0066            
 nFnu  1113A  -4.757   0.4345      Ca B  3679A  -6.640   0.0057      He 1  7281A  -6.968   0.0027      O  1 946.4A  -6.626   0.0059            
 nInu  1113A  -1.964 269.9663      Ca B  3676A  -6.698   0.0050      He 1  6678A  -6.053   0.0220      O  1 934.5A  -6.715   0.0048            
 nFnu  1103A  -4.662   0.5408      Ca B  3674A  -6.753   0.0044      He 1  4922A  -6.576   0.0066      O  1 973.6A  -6.874   0.0033            
 nInu  1103A  -1.867 337.0608      Ca B  3671A  -6.806   0.0039      He 1  4388A  -6.927   0.0029      O  1 927.5A  -6.964   0.0027            
 nFnu  1074A  -4.688   0.5100      Ca B 1.875m  -4.758   0.4335      He 1  4144A  -7.195   0.0016      O  1 948.5A  -7.037   0.0023            
 nInu  1074A  -1.882 325.6582      Ca B 1.282m  -5.117   0.1899      He 1 1.700m  -7.166   0.0017      O  1 923.0A  -7.197   0.0016            
 nFnu  1064A  -4.691   0.5060      Ca B 1.094m  -5.391   0.1009      He 1 1.197m  -7.356   0.0011      O  1 919.9A  -7.324   0.0012            
 nInu  1064A  -1.857 345.5886      Ca B 1.005m  -5.612   0.0606      He 1 1.869m  -6.320   0.0119      O  1 935.7A  -7.215   0.0015            
 nFnu  1036A  -4.689   0.5078      Ca B  9546A  -5.798   0.0396      He 1 1.278m  -6.748   0.0044      O  2 530.8A  -7.295   0.0013            
 nInu  1036A  -1.898 314.4050      Ca B  9229A  -5.958   0.0274      He 1 1.091m  -7.057   0.0022      Al 2  1671A  -6.778   0.0041            
 nFnu  1000A  -4.674   0.5266      Ca B  9015A  -6.099   0.0198      He 1 1.870m  -6.798   0.0040      Si 2  1180A  -6.392   0.0101            
 nInu  1000A  -1.939 285.8105      Ca B  8863A  -6.226   0.0148      He 1 1.279m  -7.226   0.0015      Si 2 993.4A  -6.705   0.0049            
 nFnu 925.1A  -4.623   0.5912      Ca B  8750A  -6.340   0.0114      He 1 4.048m  -6.933   0.0029      Si 2  1024A  -6.968   0.0027            
 nInu 925.1A  -1.920 298.3325      Ca B  8665A  -6.445   0.0089      He 1 2.623m  -7.315   0.0012      S  2 750.3A  -7.132   0.0018            
 nFnu 897.8A  -2.640  56.8912      Ca B  8598A  -6.541   0.0071      Pho+  3889A  -5.025   0.2345      P  2 967.2A  -7.367   0.0011            
 nInu 897.8A  -4.555   0.6914      Ca B  8545A  -6.630   0.0058      database lines..............      P  2 963.8A  -7.088   0.0020            
 nFnu 760.0A  -4.986   0.2568      Ca B  8502A  -6.714   0.0048      level 1 lines...............      Ni 2  1744A  -7.318   0.0012            
 nInu 760.0A  -3.840   3.5924      Ca B  8467A  -6.792   0.0040      C  1  1656A  -6.603   0.0062      Ni 2  1376A  -7.262   0.0014            
 nFnu 701.5A  -5.194   0.1588      Ca B  8438A  -6.866   0.0034      REC   1656A  -6.996   0.0025      Ni 2  1324A  -7.223   0.0015            
 nInu 701.5A  -3.657   5.4700      Ca B  8413A  -6.935   0.0029      C Ic  9850A  -6.122   0.0187      hyperfine structure.........            
 nFnu 608.2A  -6.800   0.0039      Ca B  8392A  -7.001   0.0025      TOTL  9850A  -6.121   0.0188      inner shell.................            
 nInu 608.2A  -3.169  16.8226      Ca B  8374A  -7.063   0.0021      C  2 157.6m  -4.922   0.2971      molecules...................            
 nFnu 575.1A  -6.036   0.0229      Ca B  8359A  -7.122   0.0019      C  2  1335A  -6.200   0.0157      H-CT  6563A  -6.451   0.0088            
 nInu 575.1A  -3.053  22.0004      Ca B  8346A  -7.178   0.0016      REC   1335A  -6.651   0.0055            
 nFnu 511.9A  -7.108   0.0019      Ca B  8334A  -7.232   0.0015      C  3 977.0A  -6.488   0.0081            
 nInu 511.9A  -2.909  30.6406      Ca B 4.051m  -5.344   0.1124      N  1 953.9A  -6.825   0.0037            



                                                                           
 Cooling:  HFBc     0 :0.067 Fe2c     0 :0.530  
 Heating:  BFH1     0 :0.946  

 These are some of the most important databases used by Cloudy:
 Many recombination coefficients were taken from http://amdpp.phys.strath.ac.uk/tamoc/RR/ and http://amdpp.phys.strath.ac.uk/tamoc/DR/
      and are based on the following papers:
        Badnell N. R., et al., A&A 406, 1151 (2003) [http://adsabs.harvard.edu/abs/2003A%26A...406.1151B]
        Badnell N. R., ApJS 167, 334 (2006) [http://adsabs.harvard.edu/abs/2006ApJS..167..334B]
 Much of the molecular emission data is from LAMDA as accessed on Dec. 18, 2010. This database is described in:
        Schoeier F.L., et al., A&A 432, 369 (2005) [http://adsabs.harvard.edu/abs/2005A%26A...432..369S]
      This database is in part based on the work of the following groups:
        JPL: Pickett H. M. et al., JQSRT, 60, 883 (1998). [http://adsabs.harvard.edu/abs/1998JQSRT..60..883P]
        CDMS: Mueller H. S. et al., A&A 370, L49 (2001). [http://adsabs.harvard.edu/abs/2001A%26A...370L..49M]
              Mueller H. S. et al., J. Mol. Struct. 742, 215 (2005). [http://adsabs.harvard.edu/abs/2005JMoSt.742..215M]
 Much of the ionic emission data is from version 7.0 of CHIANTI. CHIANTI is a collaborative project involving the NRL (USA), the
      Universities of Florence (Italy) and Cambridge (UK), and George Mason University (USA). These papers describe Chianti:
        Dere K. P., et al., A&AS, 125, 149 (1997) [http://adsabs.harvard.edu/abs/1997A%26AS..125..149D]
        Landi E., et al., ApJ, 744, 99 (2012) [http://adsabs.harvard.edu/abs/2012ApJ...744...99L]
 Much of the H_2 data is from this web site: http://molat.obspm.fr/index.php?page=pages/Molecules/H2/H2can94.php. These data are
      described in:
        Abgrall H. et al., Can. J. Phys., 72, 856 (1994) [http://adsabs.harvard.edu/abs/1994CaJPh..72..856A]
        Wrathmall S. A. & Flower D. R., J. Phys. B, 40, 3221 (2007) [http://adsabs.harvard.edu/abs/2007JPhB...40.3221W]
 Please cite those papers that played a significant role in this calculation.

 IONIZE PARMET:  U(1-) -4.4768  U(4-):-10.2499  U(sp): -4.48  Q(ion):    6.989  L(ion) -3.457    Q(low): 10.431    L(low) -1.912
 ENERGY BUDGET:  Heat:  -3.230  Coolg:  -3.230  Error:  0.0%  Rec Lin:  -3.432  F-F  H  0.000    P(rad/tot)max     8.06E-04

     Col(Heff):      0.000E+00  snd travl time  4.35E+10 sec  Te-low: 4.00E+03  Te-hi: 4.56E+03  G0TH85: 4.96E+00  G0DB96:6.42E+00
  Emiss Measure    n(e)n(p) dl       1.587E+20  n(e)n(He+)dl         7.023E+18  En(e)n(He++) dl         4.721E+12  ne nC+:5.55E+16
 He/Ha:5.65E-02  =   0.66*true  Lthin:4.87E+05  itr/zn:10.49  H2 itr/zn:  0.00  File Opacity: F  MassTot 6.69e-06  (gm/cm^2)
   Temps(21 cm)   T(21cm/Ly a)  3.65E+03        T(<nH/Tkin>)  4.14E+03          T(<nH/Tspin>)    3.86E+03          TB21cm:3.20E-02
                   N(H0/Tspin)  2.23E+14        N(OH/Tkin)    3.68E+03          B(21cm)          0.00E+00
   <a>:1.38E-08  erdeFe0.0E+00  Tcompt7.26E+11  Tthr1.04E+10  <Tden>: 4.15E+03  <dens>:2.27E-22  <MolWgt>7.52E-01
     Mean Jeans  l(cm)2.85E+20  M(sun)1.39E+06  smallest:     len(cm):2.80E+20  M(sun):1.31E+06  a_ox tran:  0.00
 Rion:1.000E+30  Dist:0.00E+00  Diam:0.000E+00
 Hatom level 70  HatomType: add  HInducImp  F  He tot level: 63  He2 level:   70  ExecTime    97.3
 ConvrgError(%)  <eden>  0.017  MaxEden  0.121  <H-C>   0.10  Max(H-C)    0.38  <Press>   0.000  MaxPrs er  0.000
  Continuity(%)  chng Te   3.0  elec den   2.9  n(H2)    0.0  n(CO)        0.0

                                                        Averaged Quantities
             Te      Te(Ne)   Te(NeNp)  Te(NeHe+)Te(NeHe2+) Te(NeO+)  Te(NeO2+)  Te(H2)     N(H)     Ne(O2+)   Ne(Np)
 Radius:  4.15e+03  4.15e+03  4.15e+03  4.15e+03  4.16e+03  4.15e+03  4.17e+03  4.12e+03  1.00e+02  8.15e+01  7.60e+01
 
 Peimbert T(OIIIr)4.22E+03 T(Bac)4.02E+03 T(Hth)4.03E+03 t2(Hstrc) 7.14e-04 T(O3-BAC)4.06E+03 t2(O3-BC) 3.99e-03 t2(O3str) 1.03e-03

 Contin Optical Depths: COMP: 1.45e-06    H-: 1.54e-06 R(1300): 5.79e-06  H2+: 3.49e-08  Pfa:1.45E-06
                          Pa: 1.45e-06    Ba: 2.85e-06      Hb: 2.53e-06   La: 1.25e-02     1r:5.455E+00  1.8:2.26E+00 4.:5.396E-01

 Old, new H  1 continuum optical depths:
     1 5.46e+00     2 7.86e-07     3 1.54e-06     4 1.54e-06     5 1.54e-06     6 3.84e-07     7 3.84e-07     8 3.84e-07
     9 3.84e-07    10 1.09e-15    11 1.09e-15    12 1.09e-15    13 1.09e-15    14 1.09e-15    15 2.80e-15    16 2.80e-15
    17 2.80e-15    18 2.80e-15    19 2.80e-15    20 2.80e-15    21 6.26e-15    22 6.26e-15    23 6.26e-15    24 6.26e-15
    25 6.26e-15    26 6.26e-15    27 6.26e-15    28 1.24e-14    29 1.24e-14    30 1.24e-14    31 1.24e-14    32 1.24e-14
    33 1.24e-14    34 1.24e-14    35 1.24e-14    36 2.28e-14    37 2.28e-14    38 2.28e-14    39 2.28e-14    40 2.28e-14
    41 2.28e-14    42 2.28e-14    43 2.28e-14    44 2.28e-14    45 3.95e-14    46 3.95e-14    47 3.95e-14    48 3.95e-14
    49 3.95e-14    50 3.95e-14    51 3.95e-14    52 3.95e-14    53 3.95e-14    54 3.95e-14
     1 5.45e+00     2 7.85e-07     3 1.54e-06     4 1.54e-06     5 1.54e-06     6 3.84e-07     7 3.84e-07     8 3.84e-07
     9 3.84e-07    10 1.09e-15    11 1.09e-15    12 1.09e-15    13 1.09e-15    14 1.09e-15    15 2.80e-15    16 2.80e-15
    17 2.80e-15    18 2.80e-15    19 2.80e-15    20 2.80e-15    21 6.26e-15    22 6.26e-15    23 6.26e-15    24 6.26e-15
    25 6.26e-15    26 6.26e-15    27 6.26e-15    28 1.24e-14    29 1.24e-14    30 1.24e-14    31 1.24e-14    32 1.24e-14
    33 1.24e-14    34 1.24e-14    35 1.24e-14    36 2.28e-14    37 2.28e-14    38 2.28e-14    39 2.28e-14    40 2.28e-14
    41 2.28e-14    42 2.28e-14    43 2.28e-14    44 2.28e-14    45 3.95e-14    46 3.95e-14    47 3.95e-14    48 3.95e-14
    49 3.95e-14    50 3.95e-14    51 3.95e-14    52 3.95e-14    53 3.95e-14    54 3.95e-14

 Old, new H  1 mean line optical depths:
  2- 1 1.40e+05  3- 2 2.37e-06  4- 3 2.87e-12  5- 4 3.20e-12  6- 5 4.83e-12  7- 6 8.15e-12  8- 7 1.36e-11
  9- 8 2.24e-11 10- 9 3.69e-11
  2- 1 1.40e+05  3- 2 2.37e-06  4- 3 2.87e-12  5- 4 3.20e-12  6- 5 4.83e-12  7- 6 8.15e-12  8- 7 1.36e-11
  9- 8 2.23e-11 10- 9 3.69e-11

 Old, new He 2 continuum optical depths:
     1 5.40e-01     2 5.40e+00     3 6.43e-07     4 6.43e-07     5 6.43e-07     6 7.86e-07     7 7.86e-07     8 7.86e-07
     9 7.86e-07    10 1.25e-06    11 1.25e-06    12 1.25e-06    13 1.25e-06    14 1.25e-06    15 1.54e-06    16 1.54e-06
    17 1.54e-06    18 1.54e-06    19 1.54e-06    20 1.54e-06    21 1.31e-06    22 1.31e-06    23 1.31e-06    24 1.31e-06
    25 1.31e-06    26 1.31e-06    27 1.31e-06    28 3.84e-07    29 3.84e-07    30 3.84e-07    31 3.84e-07    32 3.84e-07
    33 3.84e-07    34 3.84e-07    35 3.84e-07    36 5.97e-16    37 5.97e-16    38 5.97e-16    39 5.97e-16    40 5.97e-16
    41 5.97e-16    42 5.97e-16    43 5.97e-16    44 5.97e-16    45 1.09e-15    46 1.09e-15    47 1.09e-15    48 1.09e-15
    49 1.09e-15    50 1.09e-15    51 1.09e-15    52 1.09e-15    53 1.09e-15    54 1.09e-15
     1 5.40e-01     2 5.39e+00     3 6.42e-07     4 6.42e-07     5 6.42e-07     6 7.85e-07     7 7.85e-07     8 7.85e-07
     9 7.85e-07    10 1.25e-06    11 1.25e-06    12 1.25e-06    13 1.25e-06    14 1.25e-06    15 1.54e-06    16 1.54e-06
    17 1.54e-06    18 1.54e-06    19 1.54e-06    20 1.54e-06    21 1.30e-06    22 1.30e-06    23 1.30e-06    24 1.30e-06
    25 1.30e-06    26 1.30e-06    27 1.30e-06    28 3.84e-07    29 3.84e-07    30 3.84e-07    31 3.84e-07    32 3.84e-07
    33 3.84e-07    34 3.84e-07    35 3.84e-07    36 5.97e-16    37 5.97e-16    38 5.97e-16    39 5.97e-16    40 5.97e-16
    41 5.97e-16    42 5.97e-16    43 5.97e-16    44 5.97e-16    45 1.09e-15    46 1.09e-15    47 1.09e-15    48 1.09e-15
    49 1.09e-15    50 1.09e-15    51 1.09e-15    52 1.09e-15    53 1.09e-15    54 1.09e-15

 Old, new He 2 mean line optical depths:
  2- 1 7.41e+03  3- 2 1.76e-14  4- 3 1.19e-19  5- 4 3.91e-20  6- 5 9.52e-20  7- 6 1.99e-19  8- 7 2.36e-19
  9- 8 2.81e-19 10- 9 3.99e-19
  2- 1 7.41e+03  3- 2 1.76e-14  4- 3 1.19e-19  5- 4 4.14e-20  6- 5 9.51e-20  7- 6 1.99e-19  8- 7 2.36e-19
  9- 8 2.80e-19 10- 9 3.98e-19

 Old He Is optical depths:    1 2.26e+00    2 6.39e-07    3 6.50e-07    4 7.31e-07    5 7.31e-07
 New He Is optical depths:    1 2.26e+00    2 6.39e-07    3 6.49e-07    4 7.30e-07    5 7.30e-07
          Old He Is Lines:  584 1.64e+04 3889 3.62e-03 5016 6.01e-09 5876 4.22e-13
          New He Is Lines:  584 1.64e+04 3889 3.62e-03 5016 6.00e-09 5876 4.21e-13

==== H      compounds ====           Log10 column densities [cm^-2}
   H2        : 11.433   H2*       :  9.795   H2+       :  9.698   H3+       :  3.247
==== He     compounds ====
   HeH+      : 10.537
==== Li     compounds ====
   LiH       : -1.959   LiH+      : -0.862
==== C      compounds ====
   CH        :  5.491   CH+       :  5.317   CH2       : -1.677   CH2+      : -1.104   CH3       : -9.500   CH3+      : -9.407   CH4       :-17.305   CH4+      :-19.126
   CH5+      :-24.308   C2        : -0.152   C2+       :  0.154   C2H       : -7.564   C2H+      : -7.358   C2H2      :-15.959   C2H2+     :-14.756   C2H3+     :-22.646
   C3        :-19.489   C3+       :-12.803   C3H       :-22.091   C3H+      :-20.408
==== N      compounds ====
   NH        :  5.871   NH+       :  6.244   NH2       : -2.755   NH2+      : -1.961   NH3       :-10.063   NH3+      :-10.636   NH4+      :-22.544   CN        :  1.871
   CN+       :  0.547   HCN       : -5.713   HCN+      : -6.492   HNC       : -8.065   HCNH+     :-14.779   HC3N      :-35.930   N2        :  1.534   N2+       :  1.085
   N2H+      :-14.074
==== O      compounds ====
   OH        :  7.180   OH+       :  7.358   H2O       : -1.094   H2O+      : -1.012   H3O+      : -9.466   CO        :  4.977   CO+       :  2.412   HCO+      : -0.761
   H2CO      :-35.930   CH3OH     :-35.930   ^13CO     :  3.500   NO        :  1.285   NO+       :  0.816   HNO       : -6.819   HNO+      : -7.704   OCN       : -9.349
   OCN+      : -8.716   N2O       :-11.662   O2        :  2.429   O2+       :  2.479   NO2       :-11.159   NO2+      :-11.820
==== Ne     compounds ====
   NeH+      :  4.819
==== Si     compounds ====
   SiH       : -2.145   SiH2+     : -3.484   SiC2      :-35.930   SiN       : -7.669   SiN+      : -0.124   SiO       :  0.272   SiO+      :  1.160   SiOH+     : -7.410
==== S      compounds ====
   HS        :  3.048   HS+       :  3.917   CS        : -3.263   CS+       : -1.097   HCS+      : -8.280   NS        : -2.598   NS+       : -0.730   SO        : -1.071
   SO+       :  0.563   OCS       :-11.909   OCS+      :-13.508   SO2       :-35.930   S2        :-10.694   S2+       :-11.969
==== Cl     compounds ====
   HCl       : -5.643   HCl+      :  3.228   H2Cl+     : -4.920   CCl       :-31.417   CCl+      :-10.810   H2CCl+    :-34.137   ClO       :-35.930   ClO+      :-35.930
==== Ar     compounds ====
   ArH+      :  7.421
==== Ti     compounds ====
   TiH       :-35.930   TiH+      :-35.930   TiH2      :-35.930   TiH2+     :-35.930   TiC       :-35.930   TiC+      :-35.930   HCTi      :-35.930   HCTi+     :-35.930
   TiC2      :-35.930   TiC2+     :-35.930   TiN       :-35.930   TiN+      :-35.930   HNTi      :-35.930   HNTi+     :-35.930   TiNC      :-35.930   TiNC+     :-35.930
   TiO       :-35.930   TiO+      :-35.930   TiOH+     :-35.930   TiO2      :-35.930   TiF+      :-35.930   TiS       :-35.930   TiS+      :-35.930   HTiS      :-35.930


               1      2      3      4      5      6      7      8      9     10     11     12     13     14     15     16     17

 Hydrogen   17.936 18.319 11.443 (H2)                Log10 Column density (cm^-2)
 Helium     17.201 16.965 10.795
 Lithium     6.086  7.503 -3.678-30.000
 Beryllium   6.960  7.737  6.849-30.000-30.000
 Boron       7.420  9.157  7.213  3.907-30.000-30.000
 Carbon     13.299 14.876 13.352-30.000-30.000-30.000-30.000
 Nitrogen   13.709 14.170 11.107-30.000-30.000-30.000-30.000-30.000
 Oxygen     14.694 14.978 11.481-30.000-30.000-30.000-30.000-30.000-30.000
 Fluorine   10.254 10.947  8.813-30.000-30.000-30.000-30.000-30.000-30.000-30.000
 Neon       13.856 14.252 11.705-30.000-30.000-30.000-30.000-30.000-30.000-30.000-30.000
 Sodium     11.263 12.694  9.198-30.000-30.000-30.000-30.000-30.000-30.000-30.000-30.000-30.000
 Magnesium  12.507 14.034 12.781-30.000-30.000-30.000-30.000-30.000-30.000-30.000-30.000-30.000-30.000
 Aluminium   9.554 12.917 10.790  8.039-30.000-30.000-30.000-30.000-30.000-30.000-30.000-30.000-30.000-30.000
 Silicon    11.828 13.977 10.979-30.000-30.000-30.000-30.000-30.000-30.000-30.000-30.000-30.000-30.000-30.000-30.000
 Phosphorus  9.169 11.873 10.014  5.927-30.000-30.000-30.000-30.000-30.000-30.000-30.000-30.000-30.000-30.000-30.000-30.000
 Sulphur    11.512 13.540 12.598-30.000-30.000-30.000-30.000-30.000-30.000-30.000-30.000-30.000-30.000-30.000-30.000-30.000-30.000
 Chlorine    9.272 11.938 10.802-30.000-30.000-30.000-30.000-30.000-30.000-30.000-30.000-30.000-30.000-30.000-30.000-30.000-30.000
-30.000
 Argon      11.632 12.705 12.280-30.000-30.000-30.000-30.000-30.000-30.000-30.000-30.000-30.000-30.000-30.000-30.000-30.000-30.000
-30.000-30.000
 Potassium  10.094 11.477  9.481-30.000-30.000-30.000-30.000-30.000-30.000-30.000-30.000-30.000-30.000-30.000-30.000-30.000-30.000
-30.000-30.000-30.000
 Calcium    11.179 12.671 12.211-30.000-30.000-30.000-30.000-30.000-30.000-30.000-30.000-30.000-30.000-30.000-30.000-30.000-30.000
-30.000-30.000-30.000-30.000
 Scandium    7.746  9.358  9.243  7.847-30.000-30.000-30.000-30.000-30.000-30.000-30.000-30.000-30.000-30.000-30.000-30.000-30.000
-30.000-30.000-30.000-30.000-30.000
 Titanium    7.591 11.337 10.659  7.717-30.000-30.000-30.000-30.000-30.000-30.000-30.000-30.000-30.000-30.000-30.000-30.000-30.000
-30.000-30.000-30.000-30.000-30.000-30.000
 Vanadium    8.995 10.200  9.917  6.208-30.000-30.000-30.000-30.000-30.000-30.000-30.000-30.000-30.000-30.000-30.000-30.000-30.000
-30.000-30.000-30.000-30.000-30.000-30.000-30.000
 Chromium   10.200 12.078 10.882  6.769-30.000-30.000-30.000-30.000-30.000-30.000-30.000-30.000-30.000-30.000-30.000-30.000-30.000
-30.000-30.000-30.000-30.000-30.000-30.000-30.000-30.000
 Manganese   8.178 11.881 10.509  6.080-30.000-30.000-30.000-30.000-30.000-30.000-30.000-30.000-30.000-30.000-30.000-30.000-30.000
-30.000-30.000-30.000-30.000-30.000-30.000-30.000-30.000-30.000
 Iron       10.020 13.966 11.841  8.317-30.000-30.000-30.000-30.000-30.000-30.000-30.000-30.000-30.000-30.000-30.000-30.000-30.000
-30.000-30.000-30.000-30.000-30.000-30.000-30.000-30.000-30.000-30.000
 Cobalt     10.653 11.381  9.432  5.710-30.000-30.000-30.000-30.000-30.000-30.000-30.000-30.000-30.000-30.000-30.000-30.000-30.000
-30.000-30.000-30.000-30.000-30.000-30.000-30.000-30.000-30.000-30.000-30.000
 Nickel      9.209 12.687 10.522-30.000-30.000-30.000-30.000-30.000-30.000-30.000-30.000-30.000-30.000-30.000-30.000-30.000-30.000
-30.000-30.000-30.000-30.000-30.000-30.000-30.000-30.000-30.000-30.000-30.000-30.000
 Copper      9.104 10.393 10.295  5.672-30.000-30.000-30.000-30.000-30.000-30.000-30.000-30.000-30.000-30.000-30.000-30.000-30.000
-30.000-30.000-30.000-30.000-30.000-30.000-30.000-30.000-30.000-30.000-30.000-30.000-30.000
 Zinc       10.313 10.887  9.973  7.269-30.000-30.000-30.000-30.000-30.000-30.000-30.000-30.000-30.000-30.000-30.000-30.000-30.000
-30.000-30.000-30.000-30.000-30.000-30.000-30.000-30.000-30.000-30.000-30.000-30.000-30.000-30.000
 Exc state    He1* 10.353   CII* 14.629   C11* 12.355   C12* 12.853   C13* 13.023   O11* 14.691   O12* 12.230   O13* 12.206
              Si2* 12.979   C30*  4.370   C31* -1.808   C32*  2.669


 Hydrogen   -0.534 -0.150 -6.726 (H2)                 Log10 Mean Ionisation (over radius)
 Helium     -0.199 -0.435 -6.604
 Lithium    -1.433 -0.016-11.197
 Beryllium  -0.890 -0.113 -1.001
 Boron      -1.750 -0.013 -1.957 -5.263
 Carbon     -1.600 -0.024 -1.548
 Nitrogen   -0.590 -0.129 -3.193
 Oxygen     -0.466 -0.182 -3.679
 Fluorine   -0.776 -0.083 -2.217
 Neon       -0.543 -0.148 -2.694
 Sodium     -1.447 -0.016 -3.513
 Magnesium  -1.563 -0.036 -1.289
 Aluminium  -3.366 -0.003 -2.130 -4.881
 Silicon    -2.152 -0.004 -3.002
 Phosphorus -2.711 -0.007 -1.866 -5.953
 Sulphur    -2.079 -0.051 -0.992
 Chlorine   -2.697 -0.032 -1.168
 Argon      -1.237 -0.165 -0.589
 Potassium  -1.405 -0.022 -2.018
 Calcium    -1.631 -0.140 -0.599
 Scandium   -1.873 -0.261 -0.376 -1.772
 Titanium   -3.828 -0.083 -0.761 -3.703
 Vanadium   -1.404 -0.199 -0.483 -4.192
 Chromium   -1.910 -0.032 -1.228 -5.341
 Manganese  -3.721 -0.018 -1.390 -5.820
 Iron       -3.949 -0.003 -2.128 -5.652
 Cobalt     -0.806 -0.079 -2.028 -5.750
 Nickel     -3.481 -0.003 -2.168
 Copper     -1.556 -0.267 -0.365 -4.988
 Zinc       -0.716 -0.143 -1.057 -3.761

               1      2      3      4      5      6      7      8      9     10     11     12     13     14     15     16     17

 Hydrogen   -0.565 -0.138 -6.808 (H2)         Log10 Mean Ionisation (over radius*electron density)
 Helium     -0.206 -0.422 -6.595
 Lithium    -1.422 -0.017-11.170
 Beryllium  -0.885 -0.116 -0.985
 Boron      -1.739 -0.013 -1.920 -5.223
 Carbon     -1.597 -0.025 -1.529
 Nitrogen   -0.623 -0.119 -3.147
 Oxygen     -0.494 -0.168 -3.637
 Fluorine   -0.794 -0.079 -2.209
 Neon       -0.555 -0.143 -2.689
 Sodium     -1.448 -0.016 -3.515
 Magnesium  -1.563 -0.037 -1.263
 Aluminium  -3.366 -0.004 -2.113 -4.853
 Silicon    -2.148 -0.004 -2.962
 Phosphorus -2.711 -0.007 -1.849 -5.897
 Sulphur    -2.076 -0.052 -0.978
 Chlorine   -2.699 -0.033 -1.153
 Argon      -1.269 -0.167 -0.576
 Potassium  -1.402 -0.022 -2.008
 Calcium    -1.620 -0.140 -0.599
 Scandium   -1.878 -0.276 -0.358 -1.734
 Titanium   -3.834 -0.088 -0.739 -3.651
 Vanadium   -1.418 -0.210 -0.462 -4.142
 Chromium   -1.905 -0.035 -1.186 -5.280
 Manganese  -3.723 -0.020 -1.353 -5.756
 Iron       -3.950 -0.004 -2.089 -5.589
 Cobalt     -0.810 -0.079 -1.983 -5.686
 Nickel     -3.482 -0.003 -2.125
 Copper     -1.564 -0.278 -0.351 -4.945
 Zinc       -0.717 -0.144 -1.043 -3.745

               1      2      3      4      5      6      7      8      9     10     11     12     13     14     15     16     17

 Hydrogen    3.617  3.618  3.615 (H2)                  Log10 Mean Temperature (over radius)
 Helium      3.618  3.618  3.618
 Lithium     3.618  3.618  3.619
 Beryllium   3.618  3.618  3.619
 Boron       3.618  3.618  3.620  3.620
 Carbon      3.618  3.618  3.619
 Nitrogen    3.617  3.618  3.620
 Oxygen      3.617  3.618  3.620
 Fluorine    3.617  3.618  3.618
 Neon        3.617  3.618  3.618
 Sodium      3.617  3.618  3.618
 Magnesium   3.617  3.618  3.619
 Aluminium   3.618  3.618  3.619  3.620
 Silicon     3.618  3.618  3.621
 Phosphorus  3.618  3.618  3.619  3.620
 Sulphur     3.618  3.618  3.618
 Chlorine    3.618  3.618  3.618
 Argon       3.617  3.618  3.618
 Potassium   3.617  3.618  3.618
 Calcium     3.618  3.618  3.618
 Scandium    3.617  3.617  3.618  3.620
 Titanium    3.617  3.618  3.619  3.622
 Vanadium    3.617  3.617  3.619  3.621
 Chromium    3.618  3.618  3.620  3.622
 Manganese   3.618  3.618  3.620  3.623
 Iron        3.618  3.618  3.621  3.624
 Cobalt      3.617  3.618  3.620  3.622
 Nickel      3.618  3.618  3.620
 Copper      3.617  3.617  3.618  3.620
 Zinc        3.618  3.618  3.619  3.619

               1      2      3      4      5      6      7      8      9     10     11     12     13     14     15     16     17

 Hydrogen    3.617  3.618  3.616 (H2)          Log10 Mean Temperature (over radius*electron density)
 Helium      3.618  3.619  3.619
 Lithium     3.618  3.618  3.619
 Beryllium   3.618  3.618  3.619
 Boron       3.618  3.618  3.620  3.621
 Carbon      3.618  3.618  3.619
 Nitrogen    3.617  3.618  3.621
 Oxygen      3.617  3.618  3.620
 Fluorine    3.617  3.618  3.619
 Neon        3.618  3.618  3.619
 Sodium      3.618  3.618  3.618
 Magnesium   3.617  3.618  3.620
 Aluminium   3.618  3.618  3.619  3.620
 Silicon     3.618  3.618  3.622
 Phosphorus  3.618  3.618  3.619  3.620
 Sulphur     3.618  3.618  3.619
 Chlorine    3.618  3.618  3.619
 Argon       3.617  3.618  3.619
 Potassium   3.617  3.618  3.619
 Calcium     3.618  3.618  3.618
 Scandium    3.617  3.617  3.619  3.621
 Titanium    3.618  3.618  3.619  3.622
 Vanadium    3.617  3.618  3.619  3.622
 Chromium    3.618  3.618  3.620  3.623
 Manganese   3.618  3.618  3.620  3.623
 Iron        3.618  3.618  3.621  3.624
 Cobalt      3.618  3.618  3.620  3.622
 Nickel      3.618  3.618  3.620
 Copper      3.618  3.618  3.618  3.620
 Zinc        3.618  3.618  3.619  3.619

               1      2      3      4      5      6      7      8      9     10     11     12     13     14     15     16     17
                                                                          

---------------Convergence statistics---------------
      1.36 mean iterations/state convergence
      2.87 mean cx acceleration loops/iteration
         1 mean iso convergence loops/ion solve
      1.03 mean steps/chemistry solve
      1.01 mean step length searches/chemistry step
----------------------------------------------------

 Cloudy ends: 41 zones, 3 iterations.  ExecTime(s) 97.34
 [Stop in cdMain at ../maincl.cpp:483, Cloudy exited OK]
 ************************************************** GRID_DELIMIT -- grid000000002
