                                                          Cloudy 13.03
                                                         www.nublado.org

                       **************************************13Feb20**************************************
                       *                                                                                 *
                       * c                                                                               *
                       * phi(h) 8.000000 LOG range -0.000232 6.866524                                    *
                       * grid from 8 to 23 in 1 dex steps                                                *
                       * HDEN=8.000000 LOG                                                               *
                       * grid from 0 to 12 in 1 dex steps                                                *
                       * set pres ionize 1e5                                                             *
                       * c                                                                               *
                       * c                                                                               *
                       * table star "inst_padova_agbtrack_z.mod" age 6.3                                 *
                       * c<< inst_padova_ model    1 read.       Age =      10000.00                 >>> *
                       * c<< inst_padova_ model    2 read.       Age =    2010000.00                 >>> *
                       * c<< FINAL:     Age =    1995262.31                                          >>> *
                       * c                                                                               *
                       * c                                                                               *
                       * abundances GASS10                                                               *
                       * c                                                                               *
                       * c                                                                               *
                       * iterate to convergence max = 7                                                  *
                       * stop column density = 23                                                        *
                       * c                                                                               *
                       * c                                                                               *
                       * print last                                                                      *
                       * set save prefix "padova_inst_2"                                                 *
                       * save grid ".grd" last no hash                                                   *
                       * save linelist "emissionlines_abs.txt" "LineList_HII.dat" absolute last no hash    *
                       *                                                                                 *
                       ***********************************************************************************



           !The plasma frequency is 2.99e-08 Ryd.  The incident continuum is set to 0 below this.
           4049CellPeak1.00E+00   Lo 1.00e-08=910.79cm   Hi-Con:6.19E+00 Ryd   E(hi):7.35E+06Ryd     E(hi):     100.01 MeV
           I(nu>1ryd):  -2.5285   Average nu:1.358E+00   I( X-ray):   0.0000   I(BalC):  -2.0060     Phi(BalmrC):   8.8965
           phi(1.0-1.8): 7.9535   phi(1.8-4.0):  7.007   phi(4.0-20):  2.227   phi(20--):  0.000     Ion pht flx:1.000E+08
           I(gam ray):   0.0000   phi(gam r):   0.0000   I(Infred):  -2.8669   Alf(ox):   0.0000     Total inten:  -1.8482
           U(1.0----):3.336E-11   U(4.0----):5.625E-17   T(En-Den):2.812E+00   T(Comp):3.012E+04     nuJnu(912A):9.683E-03
           Occ(FarIR):0.000E+00   Occ(H n=6):2.633E-15   Occ(1Ryd):4.451E-19   Occ(4R):3.399E-26     Occ (Nu-hi):3.050E-32
           Tbr(FarIR):0.000E+00   Tbr(H n=6):1.154E-11   Tbr(1Ryd):7.036E-14   Tbr(4R):2.148E-20     Tbr (Nu-hi):2.972E-26
  
                                                  Gas Phase Chemical Composition
        H :  0.0000  He: -1.0701  Li:-10.9508  Be:-10.6198  B : -9.3002  C : -3.5702  N : -4.1701  O : -3.3098  F : -7.4401
        Ne: -4.0701  Na: -5.7595  Mg: -4.4001  Al: -5.5498  Si: -4.4895  P : -6.5901  S : -4.8794  Cl: -6.5003  Ar: -5.6003
        K : -6.9706  Ca: -5.6596  Sc: -8.8508  Ti: -7.0501  V : -8.0701  Cr: -6.3595  Mn: -6.5702  Fe: -4.5003  Co: -7.0101
                                               Ni: -5.7799  Cu: -7.8097  Zn: -7.4401
 
 ####  1  Te:4.578E+02 Hden:1.000E+08 Ne:9.618E+04 R:1.000E+30 R-R0:1.188E+06 dR:2.376E+06 NTR: 24 Htot:1.703E-13 T912: 1.50e-03###
 Hydrogen      9.98e-01 8.95e-04 H+o/Hden 9.99e-01 2.20e-10 H-    H2 5.81e-04 4.11e-12 H2+ HeH+ 2.42e-12 Ho+ ColD 2.37e+14 2.13e+11
 Helium        1.00e+00 2.89e-06 2.72e-16 HeI 2s3S 1.25e-09 Comp H,C 1.84e-26 2.80e-28 Fill Fac 1.00e+00 Gam1/tot 1.00e+00
 He singlet n  1.00e+00 2.18e-14 8.12e-20 9.50e-21 1.49e-20 3.88e-21 He tripl 1.25e-09 1.06e-19 1.25e-21 1.21e-20 9.46e-21
 Pressure      NgasTgas 4.97e+10 P(total) 6.87e-06 P( gas ) 6.87e-06 P(Radtn) 0.00e+00 Rad accl 2.90e-07 ForceMul 2.18e+09
 Texc(La)      2.80e+03 T(I con) 2.81e+00 T(D con) 2.41e-01 T(U tot) 2.81e+00 nT (c+d) 7.38e+05 Prad/Gas 0.00e+00 Pmag/Gas 0.00e+00
 Molecules     CH/Ctot: 1.96e-04 CH+/Ctot 3.96e-07 CO/Ctot: 3.44e-02 CO+/Ctot 1.53e-10 H2O/Otot 1.04e-09 OH/Ototl 2.30e-06
 Lithium       9.18e-01 8.17e-02 5.02e-19 0.00e+00 Berylliu 9.99e-01 1.23e-03 1.52e-08 0.00e+00 0.00e+00 sec ion: 0.00e+00
 Boron         9.91e-01 9.15e-03 7.89e-11 0.00e+00 0.00e+00 0.00e+00
 Carbon        9.57e-01 8.75e-03 3.81e-09 0.00e+00 0.00e+00 0.00e+00 0.00e+00 H2O+/O   3.43e-08 OH+/Otot 1.65e-05 Hex(tot) 0.00e+00
 Nitrogen      9.94e-01 8.52e-06 3.33e-15 0.00e+00 0.00e+00 0.00e+00 0.00e+00 0.00e+00 O2/Ototl 2.17e-08 O2+/Otot 4.05e-08
 Oxygen        9.81e-01 5.04e-04 5.96e-14 0.00e+00 0.00e+00 0.00e+00 0.00e+00 0.00e+00 0.00e+00
 Fluorine      9.99e-01 9.16e-04 1.11e-09 0.00e+00 0.00e+00 0.00e+00 0.00e+00 0.00e+00 0.00e+00 0.00e+00
 Neon          1.00e+00 3.93e-04 7.79e-11 0.00e+00 0.00e+00 0.00e+00 0.00e+00 0.00e+00 0.00e+00 0.00e+00 0.00e+00
 Sodium        2.99e-01 7.01e-01 1.32e-08 0.00e+00 0.00e+00 0.00e+00 0.00e+00 0.00e+00 0.00e+00 0.00e+00 0.00e+00 0.00e+00
 Magnesium     4.90e-01 5.10e-01 8.01e-07 0.00e+00 0.00e+00 0.00e+00 0.00e+00 0.00e+00 0.00e+00 0.00e+00 0.00e+00 0.00e+00 0.00e+00
 Aluminium  0  1.11e-03 9.99e-01 2.07e-06 0.00e+00 0.00e+00 0.00e+00 0.00e+00 0.00e+00 0.00e+00 0.00e+00 0.00e+00 0.00e+00 0.00e+00
 Silicon    0  8.87e-01 1.13e-01 1.92e-11 0.00e+00 0.00e+00 0.00e+00 0.00e+00 0.00e+00 0.00e+00 0.00e+00 0.00e+00 0.00e+00 0.00e+00
 Phosphorus 0  8.32e-03 9.92e-01 6.09e-06 0.00e+00 0.00e+00 0.00e+00 0.00e+00 0.00e+00 0.00e+00 0.00e+00 0.00e+00 0.00e+00 0.00e+00
 Sulphur    0  9.57e-01 4.25e-02 2.91e-08 0.00e+00 0.00e+00 0.00e+00 0.00e+00 0.00e+00 0.00e+00 0.00e+00 0.00e+00 0.00e+00 0.00e+00
 Chlorine   0  3.96e-01 6.02e-01 5.02e-06 0.00e+00 0.00e+00 0.00e+00 0.00e+00 0.00e+00 0.00e+00 0.00e+00 0.00e+00 0.00e+00 0.00e+00
 Argon      0  1.00e+00 4.21e-05 1.08e-10 0.00e+00 0.00e+00 0.00e+00 0.00e+00 0.00e+00 0.00e+00 0.00e+00 0.00e+00 0.00e+00 0.00e+00
 Potassium  0  6.70e-01 3.30e-01 4.05e-07 0.00e+00 0.00e+00 0.00e+00 0.00e+00 0.00e+00 0.00e+00 0.00e+00 0.00e+00 0.00e+00 0.00e+00
 Calcium    0  9.96e-01 3.88e-03 7.10e-07 0.00e+00 0.00e+00 0.00e+00 0.00e+00 0.00e+00 0.00e+00 0.00e+00 0.00e+00 0.00e+00 0.00e+00
 Scandium   0  9.94e-01 5.53e-03 2.79e-06 0.00e+00 0.00e+00 0.00e+00 0.00e+00 0.00e+00 0.00e+00 0.00e+00 0.00e+00 0.00e+00 0.00e+00
 Titanium   0  1.08e-03 9.99e-01 4.48e-05 0.00e+00 0.00e+00 0.00e+00 0.00e+00 0.00e+00 0.00e+00 0.00e+00 0.00e+00 0.00e+00 0.00e+00
 Vanadium   0  9.97e-01 2.95e-03 3.24e-07 0.00e+00 0.00e+00 0.00e+00 0.00e+00 0.00e+00 0.00e+00 0.00e+00 0.00e+00 0.00e+00 0.00e+00
 Chromium   0  9.89e-01 1.09e-02 1.45e-09 0.00e+00 0.00e+00 0.00e+00 0.00e+00 0.00e+00 0.00e+00 0.00e+00 0.00e+00 0.00e+00 0.00e+00
 Manganese  0  1.16e-03 9.99e-01 1.10e-08 0.00e+00 0.00e+00 0.00e+00 0.00e+00 0.00e+00 0.00e+00 0.00e+00 0.00e+00 0.00e+00 0.00e+00
 Iron       0  6.57e-04 9.99e-01 1.82e-09 0.00e+00 0.00e+00 0.00e+00 0.00e+00 0.00e+00 0.00e+00 0.00e+00 0.00e+00 0.00e+00 0.00e+00
 Cobalt     0  9.99e-01 1.16e-03 1.35e-11 0.00e+00 0.00e+00 0.00e+00 0.00e+00 0.00e+00 0.00e+00 0.00e+00 0.00e+00 0.00e+00 0.00e+00
 Nickel     0  1.51e-03 9.98e-01 1.00e-08 0.00e+00 0.00e+00 0.00e+00 0.00e+00 0.00e+00 0.00e+00 0.00e+00 0.00e+00 0.00e+00 0.00e+00
 Copper     0  9.96e-01 4.10e-03 3.23e-07 0.00e+00 0.00e+00 0.00e+00 0.00e+00 0.00e+00 0.00e+00 0.00e+00 0.00e+00 0.00e+00 0.00e+00
 Zinc       0  9.99e-01 8.56e-04 8.64e-09 0.00e+00 0.00e+00 0.00e+00 0.00e+00 0.00e+00 0.00e+00 0.00e+00 0.00e+00 0.00e+00 0.00e+00
                                                                             
   Calculation stopped because lowest Te reached. Iteration 3 of 3
   The geometry is plane-parallel.
  !Continuum fluorescent production of H-beta was very important.
  !Charge transfer ionization of H reached 4674.7% of the local H ionization rate.
  !The largest plasma frequency was 2.99e-08 Ryd = 3.05e+06 micron  The continuum is set to 0 below this.
  !AGE: Cloud age was not set.  Longest timescale was 6.06e+07 s = 1.92e+00 years.
  !The excitation temp of Lya exceeded the electron temp, largest value was 2.80e+03K (gas temp there was 4.58e+02K, zone   1)
  !Mutual neutralization production of H-alpha was significant.
  !The CMB was not included.  This is added with the CMB command.
  !The intensity of the incident radiation field is less than 10 times the Habing diffuse ISM field.  Is this OK?
  !   Consider adding diffuse ISM emission with TABLE ISM command.
   Te-ne bounds of Case B lookup table exceeded, H I Case B line intensities set to zero.
   Te-ne bounds of Case B lookup table exceeded, He II Case B line intensities set to zero.
   H2 vib deexec heating reached 3.89% of the local heating.
   The density is too low to l-mix the lowest H  I collapsed level.  More resolved levels are needed for accurate line ratios.
   The density is too low to l-mix the lowest He I collapsed level.  More resolved levels are needed for accurate line ratios.
   Grains were not present but might survive in this environment (energy density temperature was 2.81e+00K)
   The fraction of H  in H2 reached 0.116% at some point in the cloud.
   The fraction of N  in N2 reached 0.603% at some point in the cloud.
   The fraction of C  in CO reached 3.44% at some point in the cloud.
   The fraction of Cl in HCl+ reached 0.149% at some point in the cloud.

                       *********************************> Cloudy 13.03 <**********************************
                       * c                                                                               *
                       * phi(h) 8.000000 LOG range -0.000232 6.866524                                    *
                       * grid from 8 to 23 in 1 dex steps                                                *
                       * HDEN=8.000000 LOG                                                               *
                       * grid from 0 to 12 in 1 dex steps                                                *
                       * set pres ionize 1e5                                                             *
                       * c                                                                               *
                       * c                                                                               *
                       * table star "inst_padova_agbtrack_z.mod" age 6.3                                 *
                       * c                                                                               *
                       * c                                                                               *
                       * abundances GASS10                                                               *
                       * c                                                                               *
                       * c                                                                               *
                       * iterate to convergence max = 7                                                  *
                       * stop column density = 23                                                        *
                       * c                                                                               *
                       * c                                                                               *
                       * print last                                                                      *
                       * set save prefix "padova_inst_2"                                                 *
                       * save grid ".grd" last no hash                                                   *
                       * save linelist "emissionlines_abs.txt" "LineList_HII.dat" absolute last no hash    *
                       *********************************> Log(U):-10.48 <*********************************

                     Emission Line Spectrum.   Constant  Density Model.    Open geometry.  Iteration 3 of 3.
                                                     Intensity (erg/s/cm^2).


                                                   Intrinsic line intensities
 general properties..........      nInu 9.480m  -4.3231339.7919      H  1 4.466m  -9.552   0.0079      CO   137.2m  -9.300   0.0141            
 TOTL  4861A  -7.450   1.0000      nFnu 9.325m  -8.579   0.0743      H  1 4.466m  -9.750   0.0050      CO   130.3m  -9.299   0.0142            
 TOTL  1216A  -5.765  48.3915      nInu 9.325m  -4.3291321.6162      H  1 4.466m -10.242   0.0016      CO   124.2m  -9.307   0.0139            
 Inci     0   -1.848399379.84      nFnu 8.210m  -8.521   0.0848      H  1 5.834m -10.120   0.0021      CO   118.5m  -9.327   0.0133            
 TotH     0   -6.393  11.3953      nInu 8.210m  -4.3801173.5016      H  1 5.834m  -9.887   0.0037      CO   113.4m  -9.356   0.0124            
 TotC     0   -6.393  11.3961      nFnu 7.580m  -8.620   0.0676      H  1 5.834m  -9.765   0.0048      CO   108.7m  -9.395   0.0113            
 BFH1     0   -6.422  10.6651      nInu 7.580m  -4.4121090.2362      H  1 5.834m  -9.747   0.0050      CO   104.4m  -9.444   0.0101            
 BFHe     0   -8.190   0.1817      nFnu 7.050m  -8.400   0.1122      H  1 5.834m  -9.854   0.0039      CO   100.4m  -9.501   0.0089            
 TotM     0   -8.594   0.0717      nInu 7.050m  -4.4401022.0948      H  1 5.834m -10.133   0.0021      CO   96.75m  -9.568   0.0076            
 CT C     0   -9.634   0.0065      nFnu 4.114m  -8.230   0.1657      H  1 7.383m -10.340   0.0013      CO   93.32m  -9.643   0.0064            
 H FB     0   -8.453   0.0993      nInu 4.114m  -4.544 803.8266      H  1 7.383m -10.105   0.0022      CO   90.14m  -9.726   0.0053            
 HFBc     0   -8.453   0.0993      nFnu 2.324m  -9.273   0.0150      H  1 7.383m  -9.973   0.0030      CO   87.17m  -9.818   0.0043            
 OH       0   -9.690   0.0058      nInu 2.324m  -4.3191351.0559      H  1 7.383m  -9.930   0.0033      CO   84.39m  -9.917   0.0034            
 CO       0   -8.111   0.2181      nFnu 1.643m  -9.493   0.0091      H  1 7.383m  -9.986   0.0029      CO   81.78m -10.025   0.0027            
 13CO     0   -9.628   0.0066      nInu 1.643m  -4.0862308.6025      H  1 7.383m -10.164   0.0019      CO   79.34m -10.140   0.0020            
 CN       0   -9.920   0.0034      nFnu 1.480m  -7.131   2.0827      H  1 9.115m -10.299   0.0014      CO   77.04m -10.263   0.0015            
 continua....................      nInu 1.480m  -4.0422555.6980      H  1 9.115m -10.160   0.0019      CO   74.87m -10.394   0.0011            
 Bac   3646A  -5.520  85.0640      nFnu 1.436m  -6.798   4.4795      H  1 9.115m -10.101   0.0022      level 1 lines...............            
 nFnu  3645A  -5.520  85.0765      nInu 1.436m  -3.9153421.8604      H  1 9.115m -10.124   0.0021      C  1  1656A  -8.829   0.0418            
 nFnu  3647A  -9.351   0.0125      nFnu 1.119m  -8.905   0.0351      H  1 9.115m -10.244   0.0016      REC   1656A  -9.332   0.0131            
 cout  3646A  -5.821  42.5320      nInu 1.119m  -3.7664825.1890      H  1 11.03m  -9.502   0.0089      C  1 369.7m -10.329   0.0013            
 cref  3646A  -5.821  42.5320      nFnu  8330A -10.337   0.0013      H  1 13.13m  -9.613   0.0069      N  1 953.9A -10.182   0.0019            
 thin  3646A  -5.520  85.0640      nInu  8330A  -3.5817385.6030      H  1 15.40m  -9.716   0.0054      N  1  1200A  -9.220   0.0170            
 Inci  4860A  -3.04325492.645      nFnu  8079A  -6.491   9.0895      H  1 17.87m  -9.811   0.0044      O  1 63.17m  -7.099   2.2412            
 Inci  1215A  -1.962307528.00      nInu  8079A  -3.42610564.989      H  1 20.51m  -9.898   0.0036      O  1 145.5m  -8.739   0.0514            
 Ba C     0   -7.331   1.3138      nFnu  6210A -10.001   0.0028      H  1 23.33m  -9.984   0.0029      Ne 2 12.81m  -9.410   0.0110            
 PA C     0   -7.686   0.5804      nInu  6210A  -3.24915859.492      H  1 26.34m -10.061   0.0024      Mg 1  2853A  -9.231   0.0165            
 FIR  83.00m  -3.43910245.822      nFnu  4885A  -9.766   0.0048      H  1 29.53m -10.136   0.0021      Mg 1  2026A -10.254   0.0016            
 TIR   1800m  -5.742  51.0400      nInu  4885A  -3.04225571.277      H  1 32.91m -10.205   0.0018      Si 1 129.6m  -9.450   0.0100            
 NIRa 2.850m  -3.40511092.609      nFnu  3704A  -9.487   0.0092      H  1 36.46m -10.271   0.0015      Si 1 68.40m  -8.451   0.0997            
 NIRb 3.000m  -3.9203388.1560      nInu  3704A  -2.80843775.426      H  1 40.20m -10.335   0.0013      Si 1  2518A  -9.880   0.0037            
 MIRa 15.00m  -4.0142728.0427      nFnu  3588A  -6.075  23.6977      H  1 44.12m -10.394   0.0011      Si 2 34.81m  -8.318   0.1353            
 MIRb 22.50m  -3.7904562.4956      nInu  3588A  -2.64463896.969      H  1 56.97m  -9.203   0.0176      Si 2  1263A  -9.923   0.0034            
 NMIR 21.75m  -3.40511092.609      nFnu  2430A  -9.083   0.0232      He 1 504.3A  -9.270   0.0151      P  2 60.64m -10.124   0.0021            
 TFIR 611.2m  -3.9513151.3120      nInu  2430A  -2.399112462.48      grains......................      P  2 32.87m  -9.398   0.0113            
 TALL 10000A  -1.848399437.44      nFnu  2392A  -9.070   0.0240      H-like iso-sequence.........      S  1 25.19m  -7.332   1.3112            
 F12  12.00m  -4.494 902.5637      nInu  2392A  -2.388115227.77      Q(H)  4861A  -4.3231337.5596      S  1 56.29m  -9.061   0.0245            
 F25  25.00m  -4.3001412.1162      nFnu  2071A  -8.945   0.0320      Q(H)  1216A  -2.78746012.664      S 1R  1807A -10.325   0.0013            
 F60  60.00m  -3.8394084.2261      nInu  2071A  -2.272150558.00      CaBo  4861A  -7.561   0.7739      Cl 1 11.33m  -8.752   0.0498            
 F100 100.0m  -4.0262652.9084      nFnu  2053A  -8.937   0.0326      H  1     0   -8.956   0.0311      Cl 2 14.40m  -8.554   0.0786            
 MIPS 24.00m  -4.612 688.3240      nInu  2053A  -2.271150862.25      H  1  1216A  -5.765  48.3915      Ca 1  4228A -10.331   0.0013            
 MIPS 70.00m  -4.1951795.5864      nFnu  1793A  -8.833   0.0414      H  1  1026A  -6.307  13.8738      Fe 1 24.04m  -9.779   0.0047            
 MIPS 160.0m  -4.4211068.1256      nInu  1793A  -2.167191529.09      H  1 972.5A  -6.542   8.0782      Fe2c     0   -6.614   6.8468            
 IRAC 3.600m  -5.157 196.3797      nFnu  1585A  -8.760   0.0489      H  1 949.7A  -6.672   5.9863      Fe 2  2400A  -9.494   0.0090            
 IRAC 4.500m  -5.221 169.4696      nInu  1585A  -2.142203167.30      H  1 937.8A  -6.788   4.5913      Fe 2 25.98m  -6.698   5.6388            
 IRAC 5.800m  -5.135 206.3278      nFnu  1458A  -8.735   0.0519      H  1 930.8A  -7.068   2.4062      Fe 2 14.97m -10.287   0.0015            
 IRAC 8.000m  -4.845 402.3128      nInu  1458A  -2.041256508.77      H  1 926.2A  -7.304   1.3978      Fe 2 5.339m  -9.512   0.0087            
 SPR1 250.0m  -4.843 404.1994      nFnu  1357A  -8.751   0.0499      H  1 923.2A  -7.443   1.0143      Fe 2 35.34m  -7.466   0.9621            
 SPR2 350.0m  -5.279 148.1067      nInu  1357A  -1.972300073.72      H  1 921.0A  -7.562   0.7715      Fe 2 51.29m  -8.401   0.1119            
 SPR3 500.0m  -5.667  60.6270      nFnu  1297A  -8.813   0.0433      H  1  6563A  -7.054   2.4873      Fe 2 87.36m  -9.662   0.0061            
 PAC1 70.00m  -4.1332071.9336      nInu  1297A  -1.965305535.25      H  1  4861A  -7.450   1.0000      Fe 2 17.93m  -8.890   0.0363            
 PAC2 100.0m  -4.0212683.4827      nFnu  1263A  -8.914   0.0343      H  1  4340A  -7.697   0.5658      Fe 2 24.51m  -9.870   0.0038            
 PAC3 160.0m  -4.1641930.2935      nInu  1263A  -1.977296975.50      H  1  4102A  -7.888   0.3643      Fe 2  1786A  -8.918   0.0340            
 PAH  3.300m  -5.990  28.7980      nFnu  1218A  -7.424   1.0614      H  1  3970A  -8.145   0.2018      recombination...............            
 PAHC 3.230m  -6.240  16.2063      nInu  1218A  -1.963306317.50      H  1  3889A  -8.317   0.1358      C  1 1.069m -10.303   0.0014            
 PAHC 3.370m  -6.320  13.4757      nFnu  1196A  -9.025   0.0266      H  1  3835A  -8.392   0.1142      O  1  1357A  -9.956   0.0031            
 PAH  6.200m  -5.585  73.2184      nInu  1196A  -1.957310558.56      H  1  3798A  -8.445   0.1011      level2 lines................            
 PAHC 5.650m  -5.582  73.7168      nFnu  1175A  -9.211   0.0173      H  1 1.875m  -7.881   0.3708      C  1 943.9A  -8.843   0.0404            
 PAH  7.900m  -5.292 143.6783      nInu  1175A  -1.981294310.56      H  1 1.282m  -8.190   0.1819      C  1  1248A  -9.091   0.0228            
 PAHC 6.900m  -5.288 145.1667      nFnu  1144A  -9.216   0.0171      H  1 1.094m  -8.425   0.1059      C  1 841.0A  -9.696   0.0057            
 PAH  11.30m  -5.704  55.7138      nInu  1144A  -1.880371530.34      H  1 1.005m  -8.651   0.0629      C  1  1561A  -9.369   0.0121            
 PAHC 10.90m  -5.703  55.8450      nFnu  1113A  -9.205   0.0176      H  1  9546A  -8.804   0.0442      C  1  1315A  -9.347   0.0127            
 PAH  11.80m  -5.463  96.9131      nInu  1113A  -1.964306025.38      H  1  9229A  -8.886   0.0366      C  1  1166A  -9.514   0.0086            
 PAHC 12.65m  -5.465  96.4245      nFnu  1103A  -9.197   0.0179      H  1  9015A  -8.946   0.0319      C  1  1233A  -9.688   0.0058            
 PAH  13.30m  -5.410 109.6690      nInu  1103A  -1.867382220.38      H  1 4.051m  -8.478   0.0938      C  1  1132A  -9.774   0.0047            
 PAHC 14.10m  -5.412 109.1628      nFnu  1074A  -9.179   0.0186      H  1 2.625m  -8.716   0.0542      C  1  1251A  -9.796   0.0045            
 Bcon  3640A  -2.005278058.50      nInu  1074A  -1.882369288.03      H  1 2.166m  -8.939   0.0324      C  1 798.5A -10.433   0.0010            
 Pcon  5000A  -3.17718753.611      nFnu  1064A  -9.172   0.0190      H  1 1.945m  -9.107   0.0220      C  1  1112A  -9.977   0.0030            
 HFFc     0   -8.313   0.1370      nInu  1064A  -1.856391887.56      H  1 1.817m  -9.217   0.0171      C  1  1115A -10.027   0.0026            
 H FF     0   -9.166   0.0192      nFnu  1036A  -9.154   0.0198      H  1 1.736m  -9.296   0.0142      C  1  1162A -10.075   0.0024            
 MeFB     0   -9.611   0.0069      nInu  1036A  -1.898356524.84      H  1 7.458m  -8.969   0.0303      C  1  1167A -10.158   0.0020            
 MeFF     0  -10.303   0.0014      nFnu  1000A  -9.128   0.0210      H  1 4.653m  -9.163   0.0194      C  1  1104A -10.140   0.0020            
 ToFF     0   -9.135   0.0206      nInu  1000A  -1.939324096.34      H  1 3.740m  -9.341   0.0129      C  1  1109A -10.173   0.0019            
 nInu 2.003c -10.074   0.0024      nFnu 925.1A  -9.073   0.0238      H  1 3.296m  -9.473   0.0095      C  1  1130A -10.378   0.0012            
 nInu 1.335c  -9.540   0.0081      nInu 925.1A  -1.920338287.75      H  1 3.038m  -9.568   0.0076      C  1  1098A -10.310   0.0014            
 nInu  9993m  -9.162   0.0194      nFnu 897.8A  -6.460   9.7734      H  1 12.37m  -9.399   0.0112      C  1  1132A -10.340   0.0013            
 nInu  6917m  -8.687   0.0579      nInu 897.8A  -2.235163736.55      H  1 7.500m  -9.550   0.0079      C  1  1106A -10.410   0.0011            
 nFnu 122.4m  -9.198   0.0178      nFnu 760.0A  -9.008   0.0276      H  1 5.907m  -9.689   0.0058      N  1 942.3A -10.059   0.0025            
 nInu 122.4m  -3.6106913.0596      nInu 760.0A  -2.356124174.84      H  1 5.127m  -9.794   0.0045      N  1 952.1A -10.197   0.0018            
 nFnu 60.83m  -8.899   0.0355      nFnu 701.5A  -9.054   0.0249      H  1 19.06m  -9.777   0.0047      N  1  1131A -10.389   0.0011            
 nInu 60.83m  -3.6576198.4785      nInu 701.5A  -2.46496835.305      H  1 11.31m  -9.888   0.0036      O  1 867.3A  -9.444   0.0101            
 nFnu 41.22m  -8.668   0.0605      nInu 608.2A  -2.369120528.99      H  1 8.758m  -9.991   0.0029      O  1 787.5A -10.188   0.0018            
 nInu 41.22m  -3.7704785.8550      nInu 575.1A  -2.365121461.29      H  1 27.80m -10.099   0.0022      O  1 976.8A  -9.196   0.0179            
 nFnu 30.87m  -8.587   0.0728      nInu 511.9A  -2.410109549.88      H  1 16.20m -10.174   0.0019      O  1 767.7A -10.218   0.0017            
 nInu 30.87m  -3.8723780.6516      nInu 496.9A  -2.59771300.328      H  1 38.86m -10.366   0.0012      O  1 969.0A  -9.689   0.0058            
 nFnu 24.78m  -8.542   0.0809      nInu 399.2A  -2.88236962.445      He-like iso-sequence........      O  1 754.4A -10.435   0.0010            
 nInu 24.78m  -3.9513150.2515      RRC.........................      Hlin 506.0A  -9.122   0.0213      O  1 946.4A  -9.993   0.0029            
 nFnu 24.30m  -8.542   0.0809      H  1 911.8A  -6.543   8.0673      Ca B 1.083m  -9.923   0.0034      O  1 934.5A -10.189   0.0018            
 nInu 24.30m  -3.9583098.4436      H  1  3646A  -7.934   0.3275      He 1     0   -9.129   0.0209      O  1 973.6A -10.356   0.0012            
 nFnu 22.83m  -8.522   0.0847      H  1  3646A  -7.500   0.8905      He 1 584.3A  -7.253   1.5719      Ne 1 688.6A -10.056   0.0025            
 nInu 22.83m  -3.9802948.0769      H  1  8204A  -8.669   0.0604      He 1 537.0A  -8.384   0.1164      Al 2  1671A  -9.867   0.0038            
 nFnu 21.42m  -8.525   0.0841      H  1  8204A  -8.181   0.1857      He 1 522.2A  -8.105   0.2210      Si 1  1261A  -9.638   0.0065            
 nInu 21.42m  -4.0032793.4060      H  1  8204A  -8.127   0.2104      He 1 515.6A  -8.326   0.1330      Si 1  1853A  -9.715   0.0054            
 nFnu 21.12m  -8.526   0.0838      H  1 1.458m  -9.264   0.0153      He 1 512.1A  -8.552   0.0791      Si 1  1694A  -9.920   0.0034            
 nInu 21.12m  -4.0092758.8772      H  1 1.458m  -8.767   0.0482      He 1 625.6A  -9.992   0.0029      Si 1  1626A -10.173   0.0019            
 nFnu 19.62m  -8.507   0.0877      H  1 1.458m  -8.597   0.0712      TOTL 1.083m -10.397   0.0011      Si 1  1091A -10.169   0.0019            
 nInu 19.62m  -4.0352599.7561      H  1 1.458m  -8.742   0.0511      He 1 1.083m -10.397   0.0011      Si 1  2000A -10.444   0.0010            
 nFnu 17.65m  -8.488   0.0915      H  1 2.279m  -9.716   0.0054      He 1  3965A -10.418   0.0011      Si 1  1591A -10.409   0.0011            
 nInu 17.65m  -4.0782352.5903      H  1 2.279m  -9.218   0.0170      He 1  5876A -10.340   0.0013      Si 2  1180A -10.030   0.0026            
 nFnu 17.37m  -8.492   0.0908      H  1 2.279m  -9.011   0.0275      Pho+  3889A  -8.405   0.1107      S  1  1356A -10.233   0.0016            
 nInu 17.37m  -4.0842320.7568      H  1 2.279m  -8.998   0.0283      database lines..............      hyperfine structure.........            
 nFnu 15.69m  -8.518   0.0854      H  1 2.279m  -9.286   0.0146      CO   325.1m -10.339   0.0013      inner shell.................            
 nInu 15.69m  -4.1232119.2617      H  1 3.281m -10.068   0.0024      CO   289.0m -10.132   0.0021      molecules...................            
 nFnu 14.60m  -8.490   0.0911      H  1 3.281m  -9.571   0.0076      CO   260.2m  -9.958   0.0031      H2dH     0  -10.398   0.0011            
 nInu 14.60m  -4.1511988.7253      H  1 3.281m  -9.348   0.0126      CO   236.5m  -9.811   0.0044      H2vH     0   -7.803   0.4430            
 nFnu 12.43m  -8.489   0.0914      H  1 3.281m  -9.274   0.0150      CO   216.9m  -9.687   0.0058      H2 v     0   -9.860   0.0039            
 nInu 12.43m  -4.2161711.9666      H  1 3.281m  -9.378   0.0118      CO   200.2m  -9.584   0.0073      H-FB     0   -8.957   0.0311            
 nFnu 11.40m  -8.540   0.0812      H  1 3.281m  -9.778   0.0047      CO   185.9m  -9.499   0.0089      H-FF     0   -8.384   0.1164            
 nInu 11.40m  -4.2501584.7725      H  1 4.466m -10.358   0.0012      CO   173.6m  -9.432   0.0104      H-CT  6563A  -8.785   0.0462            
 nFnu 10.46m  -8.480   0.0933      H  1 4.466m  -9.863   0.0039      CO   162.8m  -9.379   0.0118            
 nInu 10.46m  -4.2831467.0410      H  1 4.466m  -9.632   0.0066      CO   153.2m  -9.340   0.0129            
 nFnu 9.480m  -8.565   0.0767      H  1 4.466m  -9.527   0.0084      CO   144.7m  -9.314   0.0137            

                                                    Emergent line intensities
 general properties..........      nInu 10.46m  -4.2831467.0410      H-like iso-sequence.........      CO   77.04m -10.263   0.0015            
 TOTL  4861A  -7.450   1.0000      nFnu 9.480m  -8.565   0.0767      Q(H)  4861A  -4.3231337.5596      CO   74.87m -10.394   0.0011            
 TOTL  1216A  -5.765  48.3913      nInu 9.480m  -4.3231339.7919      Q(H)  1216A  -2.78746012.664      level 1 lines...............            
 continua....................      nFnu 9.325m  -8.579   0.0743      CaBo  4861A  -7.561   0.7733      C  1  1656A  -8.829   0.0418            
 Bac   3646A  -5.520  85.0640      nInu 9.325m  -4.3291321.6162      H  1  1216A  -5.765  48.3913      REC   1656A  -9.332   0.0131            
 nFnu  3645A  -5.520  85.0765      nFnu 8.210m  -8.521   0.0848      H  1  1026A  -6.307  13.8736      C  1 369.7m -10.329   0.0013            
 nFnu  3647A  -9.351   0.0125      nInu 8.210m  -4.3801173.5016      H  1 972.5A  -6.542   8.0780      N  1 953.9A -10.182   0.0019            
 cout  3646A  -5.821  42.5320      nFnu 7.580m  -8.620   0.0676      H  1 949.7A  -6.672   5.9862      N  1  1200A  -9.220   0.0170            
 cref  3646A  -5.821  42.5320      nInu 7.580m  -4.4121090.2362      H  1 937.8A  -6.788   4.5913      O  1 63.17m  -7.099   2.2412            
 thin  3646A  -5.520  85.0640      nFnu 7.050m  -8.400   0.1122      H  1 930.8A  -7.068   2.4062      O  1 145.5m  -8.739   0.0514            
 Inci  4860A  -3.04325492.645      nInu 7.050m  -4.4401022.0948      H  1 926.2A  -7.304   1.3977      Ne 2 12.81m  -9.410   0.0110            
 Inci  1215A  -1.962307528.00      nFnu 4.114m  -8.230   0.1657      H  1 923.2A  -7.443   1.0143      Mg 1  2853A  -9.231   0.0165            
 FIR  83.00m  -3.43910245.822      nInu 4.114m  -4.544 803.8266      H  1 921.0A  -7.562   0.7714      Mg 1  2026A -10.254   0.0016            
 TIR   1800m  -5.742  51.0400      nFnu 2.324m  -9.273   0.0150      H  1  6563A  -7.054   2.4873      Si 1 129.6m  -9.450   0.0100            
 NIRa 2.850m  -3.40511092.609      nInu 2.324m  -4.3191351.0559      H  1  4861A  -7.450   1.0000      Si 1 68.40m  -8.451   0.0997            
 NIRb 3.000m  -3.9203388.1560      nFnu 1.643m  -9.493   0.0091      H  1  4340A  -7.697   0.5658      Si 1  2518A  -9.880   0.0037            
 MIRa 15.00m  -4.0142728.0427      nInu 1.643m  -4.0862308.6025      H  1  4102A  -7.888   0.3643      Si 2 34.81m  -8.318   0.1353            
 MIRb 22.50m  -3.7904562.4956      nFnu 1.480m  -7.131   2.0827      H  1  3970A  -8.145   0.2018      Si 2  1263A  -9.923   0.0034            
 NMIR 21.75m  -3.40511092.609      nInu 1.480m  -4.0422555.6980      H  1  3889A  -8.317   0.1358      P  2 60.64m -10.124   0.0021            
 TFIR 611.2m  -3.9513151.3120      nFnu 1.436m  -6.798   4.4795      H  1  3835A  -8.392   0.1142      P  2 32.87m  -9.398   0.0113            
 TALL 10000A  -1.848399437.44      nInu 1.436m  -3.9153421.8604      H  1  3798A  -8.445   0.1011      S  1 25.19m  -7.332   1.3112            
 F12  12.00m  -4.494 902.5637      nFnu 1.119m  -8.905   0.0351      H  1 1.875m  -7.881   0.3708      S  1 56.29m  -9.061   0.0245            
 F25  25.00m  -4.3001412.1162      nInu 1.119m  -3.7664825.1890      H  1 1.282m  -8.190   0.1819      S 1R  1807A -10.325   0.0013            
 F60  60.00m  -3.8394084.2261      nFnu  8330A -10.337   0.0013      H  1 1.094m  -8.425   0.1059      Cl 1 11.33m  -8.752   0.0498            
 F100 100.0m  -4.0262652.9084      nInu  8330A  -3.5817385.6030      H  1 1.005m  -8.651   0.0629      Cl 2 14.40m  -8.554   0.0786            
 MIPS 24.00m  -4.612 688.3240      nFnu  8079A  -6.491   9.0895      H  1  9546A  -8.804   0.0442      Ca 1  4228A -10.331   0.0013            
 MIPS 70.00m  -4.1951795.5864      nInu  8079A  -3.42610564.989      H  1  9229A  -8.886   0.0366      Fe 1 24.04m  -9.779   0.0047            
 MIPS 160.0m  -4.4211068.1256      nFnu  6210A -10.001   0.0028      H  1  9015A  -8.946   0.0319      Fe 2  2400A  -9.494   0.0090            
 IRAC 3.600m  -5.157 196.3797      nInu  6210A  -3.24915859.492      H  1 4.051m  -8.478   0.0938      Fe 2 25.98m  -6.698   5.6388            
 IRAC 4.500m  -5.221 169.4696      nFnu  4885A  -9.766   0.0048      H  1 2.625m  -8.716   0.0542      Fe 2 14.97m -10.287   0.0015            
 IRAC 5.800m  -5.135 206.3278      nInu  4885A  -3.04225571.277      H  1 2.166m  -8.939   0.0324      Fe 2 5.339m  -9.512   0.0087            
 IRAC 8.000m  -4.845 402.3128      nFnu  3704A  -9.487   0.0092      H  1 1.945m  -9.107   0.0220      Fe 2 35.34m  -7.466   0.9621            
 SPR1 250.0m  -4.843 404.1994      nInu  3704A  -2.80843775.426      H  1 1.817m  -9.217   0.0171      Fe 2 51.29m  -8.401   0.1119            
 SPR2 350.0m  -5.279 148.1067      nFnu  3588A  -6.075  23.6977      H  1 1.736m  -9.296   0.0142      Fe 2 87.36m  -9.662   0.0061            
 SPR3 500.0m  -5.667  60.6270      nInu  3588A  -2.64463896.969      H  1 7.458m  -8.969   0.0303      Fe 2 17.93m  -8.890   0.0363            
 PAC1 70.00m  -4.1332071.9336      nFnu  2430A  -9.083   0.0232      H  1 4.653m  -9.163   0.0194      Fe 2 24.51m  -9.870   0.0038            
 PAC2 100.0m  -4.0212683.4827      nInu  2430A  -2.399112462.48      H  1 3.740m  -9.341   0.0129      Fe 2  1786A  -8.918   0.0340            
 PAC3 160.0m  -4.1641930.2935      nFnu  2392A  -9.070   0.0240      H  1 3.296m  -9.473   0.0095      recombination...............            
 PAH  3.300m  -5.990  28.7980      nInu  2392A  -2.388115227.77      H  1 3.038m  -9.568   0.0076      C  1 1.069m -10.303   0.0014            
 PAHC 3.230m  -6.240  16.2063      nFnu  2071A  -8.945   0.0320      H  1 12.37m  -9.399   0.0112      O  1  1357A  -9.956   0.0031            
 PAHC 3.370m  -6.320  13.4757      nInu  2071A  -2.272150558.00      H  1 7.500m  -9.550   0.0079      level2 lines................            
 PAH  6.200m  -5.585  73.2184      nFnu  2053A  -8.937   0.0326      H  1 5.907m  -9.689   0.0058      C  1 943.9A  -8.843   0.0404            
 PAHC 5.650m  -5.582  73.7168      nInu  2053A  -2.271150862.25      H  1 5.127m  -9.794   0.0045      C  1  1248A  -9.091   0.0228            
 PAH  7.900m  -5.292 143.6783      nFnu  1793A  -8.833   0.0414      H  1 19.06m  -9.777   0.0047      C  1 841.0A  -9.698   0.0056            
 PAHC 6.900m  -5.288 145.1667      nInu  1793A  -2.167191529.09      H  1 11.31m  -9.888   0.0036      C  1  1561A  -9.369   0.0121            
 PAH  11.30m  -5.704  55.7138      nFnu  1585A  -8.760   0.0489      H  1 8.758m  -9.991   0.0029      C  1  1315A  -9.347   0.0127            
 PAHC 10.90m  -5.703  55.8450      nInu  1585A  -2.142203167.30      H  1 27.80m -10.099   0.0022      C  1  1166A  -9.514   0.0086            
 PAH  11.80m  -5.463  96.9131      nFnu  1458A  -8.735   0.0519      H  1 16.20m -10.174   0.0019      C  1  1233A  -9.688   0.0058            
 PAHC 12.65m  -5.465  96.4245      nInu  1458A  -2.041256508.77      H  1 38.86m -10.366   0.0012      C  1  1132A  -9.774   0.0047            
 PAH  13.30m  -5.410 109.6690      nFnu  1357A  -8.751   0.0499      He-like iso-sequence........      C  1  1251A  -9.796   0.0045            
 PAHC 14.10m  -5.412 109.1628      nInu  1357A  -1.972300073.72      Hlin 506.0A  -9.122   0.0213      C  1 798.5A -10.434   0.0010            
 Bcon  3640A  -2.005278058.50      nFnu  1297A  -8.813   0.0433      Ca B 1.083m  -9.923   0.0034      C  1  1112A  -9.977   0.0030            
 Pcon  5000A  -3.17718753.611      nInu  1297A  -1.965305535.25      He 1 584.3A  -7.255   1.5667      C  1  1115A -10.027   0.0026            
 nInu 2.003c -10.074   0.0024      nFnu  1263A  -8.914   0.0343      He 1 537.0A  -8.385   0.1161      C  1  1162A -10.075   0.0024            
 nInu 1.335c  -9.540   0.0081      nInu  1263A  -1.977296975.50      He 1 522.2A  -8.106   0.2206      C  1  1167A -10.158   0.0020            
 nInu  9993m  -9.162   0.0194      nFnu  1218A  -7.424   1.0614      He 1 515.6A  -8.327   0.1327      C  1  1104A -10.140   0.0020            
 nInu  6917m  -8.687   0.0579      nInu  1218A  -1.963306317.50      He 1 512.1A  -8.552   0.0790      C  1  1109A -10.173   0.0019            
 nFnu 122.4m  -9.198   0.0178      nFnu  1196A  -9.025   0.0266      He 1 625.6A  -9.992   0.0029      C  1  1130A -10.378   0.0012            
 nInu 122.4m  -3.6106913.0596      nInu  1196A  -1.957310558.56      TOTL 1.083m -10.397   0.0011      C  1  1098A -10.310   0.0014            
 nFnu 60.83m  -8.899   0.0355      nFnu  1175A  -9.211   0.0173      He 1 1.083m -10.397   0.0011      C  1  1132A -10.340   0.0013            
 nInu 60.83m  -3.6576198.4785      nInu  1175A  -1.981294310.56      He 1  3965A -10.418   0.0011      C  1  1106A -10.410   0.0011            
 nFnu 41.22m  -8.668   0.0605      nFnu  1144A  -9.216   0.0171      He 1  5876A -10.340   0.0013      N  1 942.3A -10.059   0.0025            
 nInu 41.22m  -3.7704785.8550      nInu  1144A  -1.880371530.34      Pho+  3889A  -8.405   0.1107      N  1 952.1A -10.197   0.0018            
 nFnu 30.87m  -8.587   0.0728      nFnu  1113A  -9.205   0.0176      database lines..............      N  1  1131A -10.389   0.0011            
 nInu 30.87m  -3.8723780.6516      nInu  1113A  -1.964306025.38      CO   325.1m -10.339   0.0013      O  1 867.3A  -9.446   0.0101            
 nFnu 24.78m  -8.542   0.0809      nFnu  1103A  -9.197   0.0179      CO   289.0m -10.132   0.0021      O  1 787.5A -10.189   0.0018            
 nInu 24.78m  -3.9513150.2515      nInu  1103A  -1.867382220.38      CO   260.2m  -9.958   0.0031      O  1 976.8A  -9.196   0.0179            
 nFnu 24.30m  -8.542   0.0809      nFnu  1074A  -9.179   0.0186      CO   236.5m  -9.811   0.0044      O  1 767.7A -10.219   0.0017            
 nInu 24.30m  -3.9583098.4436      nInu  1074A  -1.882369288.03      CO   216.9m  -9.687   0.0058      O  1 969.0A  -9.689   0.0058            
 nFnu 22.83m  -8.522   0.0847      nFnu  1064A  -9.172   0.0190      CO   200.2m  -9.584   0.0073      O  1 754.4A -10.437   0.0010            
 nInu 22.83m  -3.9802948.0769      nInu  1064A  -1.856391887.56      CO   185.9m  -9.499   0.0089      O  1 946.4A  -9.993   0.0029            
 nFnu 21.42m  -8.525   0.0841      nFnu  1036A  -9.154   0.0198      CO   173.6m  -9.432   0.0104      O  1 934.5A -10.189   0.0018            
 nInu 21.42m  -4.0032793.4060      nInu  1036A  -1.898356524.84      CO   162.8m  -9.379   0.0118      O  1 973.6A -10.356   0.0012            
 nFnu 21.12m  -8.526   0.0838      nFnu  1000A  -9.128   0.0210      CO   153.2m  -9.340   0.0129      Ne 1 688.6A -10.057   0.0025            
 nInu 21.12m  -4.0092758.8772      nInu  1000A  -1.939324096.34      CO   144.7m  -9.314   0.0137      Al 2  1671A  -9.867   0.0038            
 nFnu 19.62m  -8.507   0.0877      nFnu 925.1A  -9.073   0.0238      CO   137.2m  -9.300   0.0141      Si 1  1261A  -9.638   0.0065            
 nInu 19.62m  -4.0352599.7561      nInu 925.1A  -1.920338287.75      CO   130.3m  -9.299   0.0142      Si 1  1853A  -9.715   0.0054            
 nFnu 17.65m  -8.488   0.0915      nFnu 897.8A  -6.460   9.7734      CO   124.2m  -9.307   0.0139      Si 1  1694A  -9.920   0.0034            
 nInu 17.65m  -4.0782352.5903      nInu 897.8A  -2.235163736.55      CO   118.5m  -9.327   0.0133      Si 1  1626A -10.173   0.0019            
 nFnu 17.37m  -8.492   0.0908      nFnu 760.0A  -9.008   0.0276      CO   113.4m  -9.356   0.0124      Si 1  1091A -10.169   0.0019            
 nInu 17.37m  -4.0842320.7568      nInu 760.0A  -2.356124174.84      CO   108.7m  -9.395   0.0113      Si 1  2000A -10.444   0.0010            
 nFnu 15.69m  -8.518   0.0854      nFnu 701.5A  -9.054   0.0249      CO   104.4m  -9.444   0.0101      Si 1  1591A -10.409   0.0011            
 nInu 15.69m  -4.1232119.2617      nInu 701.5A  -2.46496835.305      CO   100.4m  -9.501   0.0089      Si 2  1180A -10.030   0.0026            
 nFnu 14.60m  -8.490   0.0911      nInu 608.2A  -2.369120528.99      CO   96.75m  -9.568   0.0076      S  1  1356A -10.233   0.0016            
 nInu 14.60m  -4.1511988.7253      nInu 575.1A  -2.365121461.29      CO   93.32m  -9.643   0.0064      hyperfine structure.........            
 nFnu 12.43m  -8.489   0.0914      nInu 511.9A  -2.410109549.88      CO   90.14m  -9.726   0.0053      inner shell.................            
 nInu 12.43m  -4.2161711.9666      nInu 496.9A  -2.59771300.328      CO   87.17m  -9.818   0.0043      molecules...................            
 nFnu 11.40m  -8.540   0.0812      nInu 399.2A  -2.88236962.445      CO   84.39m  -9.917   0.0034      H-CT  6563A  -8.785   0.0462            
 nInu 11.40m  -4.2501584.7725      RRC.........................      CO   81.78m -10.025   0.0027            
 nFnu 10.46m  -8.480   0.0933      grains......................      CO   79.34m -10.140   0.0020            



                                                                           
 Cooling:  Fe2c     0 :0.601  
 Heating:  BFH1     0 :0.936  

 These are some of the most important databases used by Cloudy:
 Many recombination coefficients were taken from http://amdpp.phys.strath.ac.uk/tamoc/RR/ and http://amdpp.phys.strath.ac.uk/tamoc/DR/
      and are based on the following papers:
        Badnell N. R., et al., A&A 406, 1151 (2003) [http://adsabs.harvard.edu/abs/2003A%26A...406.1151B]
        Badnell N. R., ApJS 167, 334 (2006) [http://adsabs.harvard.edu/abs/2006ApJS..167..334B]
 Much of the molecular emission data is from LAMDA as accessed on Dec. 18, 2010. This database is described in:
        Schoeier F.L., et al., A&A 432, 369 (2005) [http://adsabs.harvard.edu/abs/2005A%26A...432..369S]
      This database is in part based on the work of the following groups:
        JPL: Pickett H. M. et al., JQSRT, 60, 883 (1998). [http://adsabs.harvard.edu/abs/1998JQSRT..60..883P]
        CDMS: Mueller H. S. et al., A&A 370, L49 (2001). [http://adsabs.harvard.edu/abs/2001A%26A...370L..49M]
              Mueller H. S. et al., J. Mol. Struct. 742, 215 (2005). [http://adsabs.harvard.edu/abs/2005JMoSt.742..215M]
 Much of the ionic emission data is from version 7.0 of CHIANTI. CHIANTI is a collaborative project involving the NRL (USA), the
      Universities of Florence (Italy) and Cambridge (UK), and George Mason University (USA). These papers describe Chianti:
        Dere K. P., et al., A&AS, 125, 149 (1997) [http://adsabs.harvard.edu/abs/1997A%26AS..125..149D]
        Landi E., et al., ApJ, 744, 99 (2012) [http://adsabs.harvard.edu/abs/2012ApJ...744...99L]
 Much of the H_2 data is from this web site: http://molat.obspm.fr/index.php?page=pages/Molecules/H2/H2can94.php. These data are
      described in:
        Abgrall H. et al., Can. J. Phys., 72, 856 (1994) [http://adsabs.harvard.edu/abs/1994CaJPh..72..856A]
        Wrathmall S. A. & Flower D. R., J. Phys. B, 40, 3221 (2007) [http://adsabs.harvard.edu/abs/2007JPhB...40.3221W]
 Please cite those papers that played a significant role in this calculation.

 IONIZE PARMET:  U(1-)-10.4768  U(4-):-16.2499  U(sp):-10.48  Q(ion):    8.000  L(ion) -2.529    Q(low): 10.367    L(low) -1.950
 ENERGY BUDGET:  Heat:  -6.393  Coolg:  -6.393  Error:  0.0%  Rec Lin:  -7.454  F-F  H  0.000    P(rad/tot)max     0.00E+00

     Col(Heff):      0.000E+00  snd travl time  1.37E+01 sec  Te-low: 4.58E+02  Te-hi: 4.58E+02  G0TH85: 4.96E+00  G0DB96:6.42E+00
  Emiss Measure    n(e)n(p) dl       2.045E+16  n(e)n(He+)dl         5.625E+12  En(e)n(He++) dl         5.292E+02  ne nC+:5.38E+13
 He/Ha:9.51E-04  =   0.01*true  Lthin:1.08E+04  itr/zn:24.00  H2 itr/zn:  0.00  File Opacity: F  MassTot 5.39e-10  (gm/cm^2)
   Temps(21 cm)   T(21cm/Ly a)  4.33E+02        T(<nH/Tkin>)  4.58E+02          T(<nH/Tspin>)    4.59E+02          TB21cm:2.74E-05
                   N(H0/Tspin)  5.17E+11        N(OH/Tkin)    5.85E+02          B(21cm)          0.00E+00
   <a>:2.90E-07  erdeFe0.0E+00  Tcompt6.69E+08  Tthr6.06E+07  <Tden>: 4.58E+02  <dens>:2.27E-16  <MolWgt>1.26E+00
     Mean Jeans  l(cm)7.92E+16  M(sun)2.97E+01  smallest:     len(cm):7.92E+16  M(sun):2.97E+01  a_ox tran:  0.00
 Rion:1.000E+30  Dist:0.00E+00  Diam:0.000E+00
 Hatom level 70  HatomType: add  HInducImp  F  He tot level: 63  He2 level:   70  ExecTime    49.3
 ConvrgError(%)  <eden>  0.118  MaxEden  0.118  <H-C>   0.14  Max(H-C)    0.14  <Press>   0.000  MaxPrs er  0.000
  Continuity(%)  chng Te   0.0  elec den   0.0  n(H2)    0.0  n(CO)        0.0

                                                        Averaged Quantities
             Te      Te(Ne)   Te(NeNp)  Te(NeHe+)Te(NeHe2+) Te(NeO+)  Te(NeO2+)  Te(H2)     N(H)     Ne(O2+)   Ne(Np)
 Radius:  4.58e+02  4.58e+02  4.58e+02  4.58e+02  4.58e+02  4.58e+02  4.58e+02  4.58e+02  1.00e+08  9.62e+04  9.62e+04

 Contin Optical Depths: COMP: 1.52e-13    H-: 2.04e-12 R(1300): 1.59e-09  H2+: 6.84e-15  Pfa:1.52E-13
                          Pa: 1.53e-13    Ba: 2.08e-12      Hb: 1.86e-12   La: 3.67e-06     1r:1.500E-03  1.8:4.48E-04 4.:6.512E-05

 Old, new H  1 continuum optical depths:
     1 1.50e-03     2 1.04e-12     3 2.04e-12     4 2.04e-12     5 2.04e-12     6 5.08e-13     7 5.08e-13     8 5.08e-13
     9 5.08e-13    10 5.35e-18    11 5.35e-18    12 5.35e-18    13 5.35e-18    14 5.35e-18    15 1.36e-17    16 1.36e-17
    17 1.36e-17    18 1.36e-17    19 1.36e-17    20 1.36e-17    21 3.00e-17    22 3.00e-17    23 3.00e-17    24 3.00e-17
    25 3.00e-17    26 3.00e-17    27 3.00e-17    28 5.94e-17    29 5.94e-17    30 5.94e-17    31 5.94e-17    32 5.94e-17
    33 5.94e-17    34 5.94e-17    35 5.94e-17    36 1.09e-16    37 1.09e-16    38 1.09e-16    39 1.09e-16    40 1.09e-16
    41 1.09e-16    42 1.09e-16    43 1.09e-16    44 1.09e-16    45 1.85e-16    46 1.85e-16    47 1.85e-16    48 1.85e-16
    49 1.85e-16    50 1.85e-16    51 1.85e-16    52 1.85e-16    53 1.85e-16    54 1.85e-16
     1 1.50e-03     2 1.04e-12     3 2.04e-12     4 2.04e-12     5 2.04e-12     6 5.08e-13     7 5.08e-13     8 5.08e-13
     9 5.08e-13    10 5.35e-18    11 5.35e-18    12 5.35e-18    13 5.35e-18    14 5.35e-18    15 1.36e-17    16 1.36e-17
    17 1.36e-17    18 1.36e-17    19 1.36e-17    20 1.36e-17    21 3.00e-17    22 3.00e-17    23 3.00e-17    24 3.00e-17
    25 3.00e-17    26 3.00e-17    27 3.00e-17    28 5.94e-17    29 5.94e-17    30 5.94e-17    31 5.94e-17    32 5.94e-17
    33 5.94e-17    34 5.94e-17    35 5.94e-17    36 1.09e-16    37 1.09e-16    38 1.09e-16    39 1.09e-16    40 1.09e-16
    41 1.09e-16    42 1.09e-16    43 1.09e-16    44 1.09e-16    45 1.85e-16    46 1.85e-16    47 1.85e-16    48 1.85e-16
    49 1.85e-16    50 1.85e-16    51 1.85e-16    52 1.85e-16    53 1.85e-16    54 1.85e-16

 Old, new H  1 mean line optical depths:
  2- 1 1.16e+02  3- 2 2.26e-11  4- 3 6.71e-15  5- 4 9.92e-15  6- 5 2.01e-14  7- 6 5.89e-14  8- 7 1.04e-13
  9- 8 8.72e-14 10- 9 3.06e-14
  2- 1 1.16e+02  3- 2 2.26e-11  4- 3 6.70e-15  5- 4 9.91e-15  6- 5 2.01e-14  7- 6 5.88e-14  8- 7 1.04e-13
  9- 8 8.72e-14 10- 9 3.05e-14

 Old, new He 2 continuum optical depths:
     1 6.51e-05     2 1.48e-03     3 4.08e-11     4 4.08e-11     5 4.08e-11     6 1.04e-12     7 1.04e-12     8 1.04e-12
     9 1.04e-12    10 1.65e-12    11 1.65e-12    12 1.65e-12    13 1.65e-12    14 1.65e-12    15 2.04e-12    16 2.04e-12
    17 2.04e-12    18 2.04e-12    19 2.04e-12    20 2.04e-12    21 1.72e-12    22 1.72e-12    23 1.72e-12    24 1.72e-12
    25 1.72e-12    26 1.72e-12    27 1.72e-12    28 5.08e-13    29 5.08e-13    30 5.08e-13    31 5.08e-13    32 5.08e-13
    33 5.08e-13    34 5.08e-13    35 5.08e-13    36 3.11e-18    37 3.11e-18    38 3.11e-18    39 3.11e-18    40 3.11e-18
    41 3.11e-18    42 3.11e-18    43 3.11e-18    44 3.11e-18    45 5.35e-18    46 5.35e-18    47 5.35e-18    48 5.35e-18
    49 5.35e-18    50 5.35e-18    51 5.35e-18    52 5.35e-18    53 5.35e-18    54 5.35e-18
     1 6.51e-05     2 1.48e-03     3 4.08e-11     4 4.08e-11     5 4.08e-11     6 1.04e-12     7 1.04e-12     8 1.04e-12
     9 1.04e-12    10 1.65e-12    11 1.65e-12    12 1.65e-12    13 1.65e-12    14 1.65e-12    15 2.04e-12    16 2.04e-12
    17 2.04e-12    18 2.04e-12    19 2.04e-12    20 2.04e-12    21 1.72e-12    22 1.72e-12    23 1.72e-12    24 1.72e-12
    25 1.72e-12    26 1.72e-12    27 1.72e-12    28 5.08e-13    29 5.08e-13    30 5.08e-13    31 5.08e-13    32 5.08e-13
    33 5.08e-13    34 5.08e-13    35 5.08e-13    36 3.11e-18    37 3.11e-18    38 3.11e-18    39 3.11e-18    40 3.11e-18
    41 3.11e-18    42 3.11e-18    43 3.11e-18    44 3.11e-18    45 5.35e-18    46 5.35e-18    47 5.35e-18    48 5.35e-18
    49 5.35e-18    50 5.35e-18    51 5.35e-18    52 5.35e-18    53 5.35e-18    54 5.35e-18

 Old, new He 2 mean line optical depths:
  2- 1 1.40e-05  3- 2 1.02e-20  4- 3 4.43e-21  5- 4 4.43e-21  6- 5 4.43e-21  7- 6 4.43e-21  8- 7 4.43e-21
  9- 8 4.43e-21 10- 9 4.43e-21
  2- 1 1.40e-05  3- 2 5.87e-21  4- 3 2.22e-21  5- 4 2.22e-21  6- 5 2.22e-21  7- 6 2.22e-21  8- 7 2.22e-21
  9- 8 2.22e-21 10- 9 2.22e-21

 Old He Is optical depths:    1 4.48e-04    2 2.65e-12    3 8.58e-13    4 9.66e-13    5 9.66e-13
 New He Is optical depths:    1 4.48e-04    2 2.65e-12    3 8.58e-13    4 9.66e-13    5 9.66e-13
          Old He Is Lines:  584 6.24e+00 3889 1.22e-08 5016 6.32e-13 5876 8.73e-18
          New He Is Lines:  584 6.24e+00 3889 1.22e-08 5016 6.32e-13 5876 8.73e-18

==== H      compounds ====           Log10 column densities [cm^-2}
   H2        : 11.139   H2*       :  8.219   H2+       :  2.990   H3+       :  2.295
==== He     compounds ====
   HeH+      :  2.761
==== Li     compounds ====
   LiH       : -3.767   LiH+      : -4.732
==== C      compounds ====
   CH        :  7.099   CH+       :  4.403   CH2       :  3.286   CH2+      :  1.607   CH3       : -1.444   CH3+      : -1.049   CH4       : -7.171   CH4+      : -9.452
   CH5+      : -9.334   C2        :  4.880   C2+       :  3.001   C2H       :  1.092   C2H+      : -0.023   C2H2      : -5.885   C2H2+     : -2.823   C2H3+     :-11.594
   C3        : -3.598   C3+       : -2.860   C3H       : -7.603   C3H+      : -5.025
==== N      compounds ====
   NH        :  3.511   NH+       :  3.309   NH2       : -0.683   NH2+      :  0.811   NH3       : -3.633   NH3+      : -2.377   NH4+      : -9.215   CN        :  5.815
   CN+       : -0.000   HCN       :  1.135   HCN+      : -0.180   HNC       :  0.791   HCNH+     : -2.910   HC3N      :-35.930   N2        :  7.686   N2+       :  1.721
   N2H+      : -3.029
==== O      compounds ====
   OH        :  5.428   OH+       :  6.282   H2O       :  2.083   H2O+      :  3.601   H3O+      :  0.640   CO        :  9.343   CO+       :  0.990   HCO+      :  2.977
   H2CO      :-35.930   CH3OH     :-35.930   ^13CO     :  7.865   NO        :  2.626   NO+       :  2.516   HNO       : -4.473   HNO+      : -0.660   OCN       : -0.053
   OCN+      : -1.361   N2O       : -3.620   O2        :  3.402   O2+       :  3.673   NO2       : -3.923   NO2+      : -6.269
==== Ne     compounds ====
   NeH+      :  0.046
==== Si     compounds ====
   SiH       : -0.535   SiH2+     : -2.412   SiC2      :-35.930   SiN       : -3.352   SiN+      : -1.121   SiO       :  2.814   SiO+      :  1.211   SiOH+     : -1.873
==== S      compounds ====
   HS        :  1.882   HS+       :  1.607   CS        :  1.952   CS+       :  1.501   HCS+      : -0.590   NS        : -0.634   NS+       : -0.848   SO        :  1.905
   SO+       :  1.840   OCS       : -1.203   OCS+      : -3.295   SO2       :-35.930   S2        :-13.004   S2+       :-14.767
==== Cl     compounds ====
   HCl       :  3.272   HCl+      :  5.049   H2Cl+     :  2.558   CCl       : -7.747   CCl+      : -1.683   H2CCl+    :-11.407   ClO       :-22.470   ClO+      :-27.291
==== Ar     compounds ====
   ArH+      :  5.213
==== Ti     compounds ====
   TiH       :-35.930   TiH+      :-35.930   TiH2      :-35.930   TiH2+     :-35.930   TiC       :-35.930   TiC+      :-35.930   HCTi      :-35.930   HCTi+     :-35.930
   TiC2      :-35.930   TiC2+     :-35.930   TiN       :-35.930   TiN+      :-35.930   HNTi      :-35.930   HNTi+     :-35.930   TiNC      :-35.930   TiNC+     :-35.930
   TiO       :-35.930   TiO+      :-35.930   TiOH+     :-35.930   TiO2      :-35.930   TiF+      :-35.930   TiS       :-35.930   TiS+      :-35.930   HTiS      :-35.930


               1      2      3      4      5      6      7      8      9     10     11     12     13     14     15     16     17

 Hydrogen   14.375 11.328 11.140 (H2)                Log10 Column density (cm^-2)
 Helium     13.306  7.767 -2.259
 Lithium     3.388  2.337-14.874-30.000
 Beryllium   3.755  0.846 -4.062-30.000-30.000
 Boron       5.072  3.037 -5.027-30.000-30.000-30.000
 Carbon     10.786  8.748  2.386-30.000-30.000-30.000-30.000
 Nitrogen   10.203  5.136 -4.272-30.000-30.000-30.000-30.000-30.000
 Oxygen     11.057  7.769 -2.159-30.000-30.000-30.000-30.000-30.000-30.000
 Fluorine    6.935  3.898 -2.020-30.000-30.000-30.000-30.000-30.000-30.000-30.000
 Neon       10.306  6.900  0.197-30.000-30.000-30.000-30.000-30.000-30.000-30.000-30.000
 Sodium      8.092  8.462  0.737-30.000-30.000-30.000-30.000-30.000-30.000-30.000-30.000-30.000
 Magnesium   9.666  9.683  3.879-30.000-30.000-30.000-30.000-30.000-30.000-30.000-30.000-30.000-30.000
 Aluminium   5.870  8.826  3.142-30.000-30.000-30.000-30.000-30.000-30.000-30.000-30.000-30.000-30.000-30.000
 Silicon     9.835  8.938 -0.830-30.000-30.000-30.000-30.000-30.000-30.000-30.000-30.000-30.000-30.000-30.000-30.000
 Phosphorus  5.706  7.782  2.571-30.000-30.000-30.000-30.000-30.000-30.000-30.000-30.000-30.000-30.000-30.000-30.000-30.000
 Sulphur     9.478  8.125  1.961-30.000-30.000-30.000-30.000-30.000-30.000-30.000-30.000-30.000-30.000-30.000-30.000-30.000-30.000
 Chlorine    7.474  7.655  2.576-30.000-30.000-30.000-30.000-30.000-30.000-30.000-30.000-30.000-30.000-30.000-30.000-30.000-30.000
-30.000
 Argon       8.775  4.400 -1.193-30.000-30.000-30.000-30.000-30.000-30.000-30.000-30.000-30.000-30.000-30.000-30.000-30.000-30.000
-30.000-30.000
 Potassium   7.231  6.923  1.013-30.000-30.000-30.000-30.000-30.000-30.000-30.000-30.000-30.000-30.000-30.000-30.000-30.000-30.000
-30.000-30.000-30.000
 Calcium     8.715  6.306  2.568-30.000-30.000-30.000-30.000-30.000-30.000-30.000-30.000-30.000-30.000-30.000-30.000-30.000-30.000
-30.000-30.000-30.000-30.000
 Scandium    5.523  3.268 -0.029-30.000-30.000-30.000-30.000-30.000-30.000-30.000-30.000-30.000-30.000-30.000-30.000-30.000-30.000
-30.000-30.000-30.000-30.000-30.000
 Titanium    4.359  7.325  2.977-30.000-30.000-30.000-30.000-30.000-30.000-30.000-30.000-30.000-30.000-30.000-30.000-30.000-30.000
-30.000-30.000-30.000-30.000-30.000-30.000
 Vanadium    6.304  3.775 -0.184-30.000-30.000-30.000-30.000-30.000-30.000-30.000-30.000-30.000-30.000-30.000-30.000-30.000-30.000
-30.000-30.000-30.000-30.000-30.000-30.000-30.000
 Chromium    8.012  6.055 -0.823-30.000-30.000-30.000-30.000-30.000-30.000-30.000-30.000-30.000-30.000-30.000-30.000-30.000-30.000
-30.000-30.000-30.000-30.000-30.000-30.000-30.000-30.000
 Manganese   4.869  7.805 -0.154-30.000-30.000-30.000-30.000-30.000-30.000-30.000-30.000-30.000-30.000-30.000-30.000-30.000-30.000
-30.000-30.000-30.000-30.000-30.000-30.000-30.000-30.000-30.000
 Iron        6.693  9.875  1.135-30.000-30.000-30.000-30.000-30.000-30.000-30.000-30.000-30.000-30.000-30.000-30.000-30.000-30.000
-30.000-30.000-30.000-30.000-30.000-30.000-30.000-30.000-30.000-30.000
 Cobalt      7.365  4.430 -3.503-30.000-30.000-30.000-30.000-30.000-30.000-30.000-30.000-30.000-30.000-30.000-30.000-30.000-30.000
-30.000-30.000-30.000-30.000-30.000-30.000-30.000-30.000-30.000-30.000-30.000
 Nickel      5.775  8.595  0.597-30.000-30.000-30.000-30.000-30.000-30.000-30.000-30.000-30.000-30.000-30.000-30.000-30.000-30.000
-30.000-30.000-30.000-30.000-30.000-30.000-30.000-30.000-30.000-30.000-30.000-30.000
 Copper      6.564  4.179  0.076-30.000-30.000-30.000-30.000-30.000-30.000-30.000-30.000-30.000-30.000-30.000-30.000-30.000-30.000
-30.000-30.000-30.000-30.000-30.000-30.000-30.000-30.000-30.000-30.000-30.000-30.000-30.000
 Zinc        6.935  3.868 -1.128-30.000-30.000-30.000-30.000-30.000-30.000-30.000-30.000-30.000-30.000-30.000-30.000-30.000-30.000
-30.000-30.000-30.000-30.000-30.000-30.000-30.000-30.000-30.000-30.000-30.000-30.000-30.000-30.000
 Exc state    He1*  4.402   CII*  8.541   C11*  9.872   C12* 10.327   C13* 10.512   O11* 10.893   O12* 10.454   O13*  9.883
              Si2*  8.588   C30*-35.930   C31*-35.930   C32*-35.930


 Hydrogen   -0.001 -3.048 -2.935 (H2)                 Log10 Mean Ionisation (over radius)
 Helium     -0.000 -5.539-15.565
 Lithium    -0.037 -1.088-18.299
 Beryllium  -0.001 -2.910 -7.818
 Boron      -0.004 -2.038-10.103
 Carbon     -0.019 -2.058 -8.419
 Nitrogen   -0.003 -5.070-14.478
 Oxygen     -0.009 -3.297-13.225
 Fluorine   -0.000 -3.038 -8.955
 Neon       -0.000 -3.406-10.109
 Sodium     -0.524 -0.154 -7.880
 Magnesium  -0.310 -0.293 -6.096
 Aluminium  -2.956 -0.000 -5.684
 Silicon    -0.052 -0.949-10.716
 Phosphorus -2.080 -0.004 -5.215
 Sulphur    -0.019 -1.371 -7.536
 Chlorine   -0.402 -0.220 -5.299
 Argon      -0.000 -4.376 -9.968
 Potassium  -0.174 -0.482 -6.392
 Calcium    -0.002 -2.411 -6.149
 Scandium   -0.002 -2.257 -5.554
 Titanium   -2.966 -0.000 -4.349
 Vanadium   -0.001 -2.531 -6.489
 Chromium   -0.005 -1.961 -8.839
 Manganese  -2.936 -0.001 -7.960
 Iron       -3.182 -0.000 -8.741
 Cobalt     -0.001 -2.936-10.869
 Nickel     -2.820 -0.001 -7.999
 Copper     -0.002 -2.387 -6.490
 Zinc       -0.000 -3.067 -8.064

               1      2      3      4      5      6      7      8      9     10     11     12     13     14     15     16     17

 Hydrogen   -0.001 -3.048 -2.935 (H2)         Log10 Mean Ionisation (over radius*electron density)
 Helium     -0.000 -5.539-15.565
 Lithium    -0.037 -1.088-18.299
 Beryllium  -0.001 -2.910 -7.818
 Boron      -0.004 -2.038-10.103
 Carbon     -0.019 -2.058 -8.419
 Nitrogen   -0.003 -5.070-14.478
 Oxygen     -0.009 -3.297-13.225
 Fluorine   -0.000 -3.038 -8.955
 Neon       -0.000 -3.406-10.109
 Sodium     -0.524 -0.154 -7.880
 Magnesium  -0.310 -0.293 -6.096
 Aluminium  -2.956 -0.000 -5.684
 Silicon    -0.052 -0.949-10.716
 Phosphorus -2.080 -0.004 -5.215
 Sulphur    -0.019 -1.371 -7.536
 Chlorine   -0.402 -0.220 -5.299
 Argon      -0.000 -4.376 -9.968
 Potassium  -0.174 -0.482 -6.392
 Calcium    -0.002 -2.411 -6.149
 Scandium   -0.002 -2.257 -5.554
 Titanium   -2.966 -0.000 -4.349
 Vanadium   -0.001 -2.531 -6.489
 Chromium   -0.005 -1.961 -8.839
 Manganese  -2.936 -0.001 -7.960
 Iron       -3.182 -0.000 -8.741
 Cobalt     -0.001 -2.936-10.869
 Nickel     -2.820 -0.001 -7.999
 Copper     -0.002 -2.387 -6.490
 Zinc       -0.000 -3.067 -8.064

               1      2      3      4      5      6      7      8      9     10     11     12     13     14     15     16     17

 Hydrogen    2.661  2.661  2.661 (H2)                  Log10 Mean Temperature (over radius)
 Helium      2.661  2.661  2.661
 Lithium     2.661  2.661  2.661
 Beryllium   2.661  2.661  2.661
 Boron       2.661  2.661  2.661
 Carbon      2.661  2.661  2.661
 Nitrogen    2.661  2.661  2.661
 Oxygen      2.661  2.661  2.661
 Fluorine    2.661  2.661  2.661
 Neon        2.661  2.661  2.661
 Sodium      2.661  2.661  2.661
 Magnesium   2.661  2.661  2.661
 Aluminium   2.661  2.661  2.661
 Silicon     2.661  2.661  2.661
 Phosphorus  2.661  2.661  2.661
 Sulphur     2.661  2.661  2.661
 Chlorine    2.661  2.661  2.661
 Argon       2.661  2.661  2.661
 Potassium   2.661  2.661  2.661
 Calcium     2.661  2.661  2.661
 Scandium    2.661  2.661  2.661
 Titanium    2.661  2.661  2.661
 Vanadium    2.661  2.661  2.661
 Chromium    2.661  2.661  2.661
 Manganese   2.661  2.661  2.661
 Iron        2.661  2.661  2.661
 Cobalt      2.661  2.661  2.661
 Nickel      2.661  2.661  2.661
 Copper      2.661  2.661  2.661
 Zinc        2.661  2.661  2.661

               1      2      3      4      5      6      7      8      9     10     11     12     13     14     15     16     17

 Hydrogen    2.661  2.661  2.661 (H2)          Log10 Mean Temperature (over radius*electron density)
 Helium      2.661  2.661  2.661
 Lithium     2.661  2.661  2.661
 Beryllium   2.661  2.661  2.661
 Boron       2.661  2.661  2.661
 Carbon      2.661  2.661  2.661
 Nitrogen    2.661  2.661  2.661
 Oxygen      2.661  2.661  2.661
 Fluorine    2.661  2.661  2.661
 Neon        2.661  2.661  2.661
 Sodium      2.661  2.661  2.661
 Magnesium   2.661  2.661  2.661
 Aluminium   2.661  2.661  2.661
 Silicon     2.661  2.661  2.661
 Phosphorus  2.661  2.661  2.661
 Sulphur     2.661  2.661  2.661
 Chlorine    2.661  2.661  2.661
 Argon       2.661  2.661  2.661
 Potassium   2.661  2.661  2.661
 Calcium     2.661  2.661  2.661
 Scandium    2.661  2.661  2.661
 Titanium    2.661  2.661  2.661
 Vanadium    2.661  2.661  2.661
 Chromium    2.661  2.661  2.661
 Manganese   2.661  2.661  2.661
 Iron        2.661  2.661  2.661
 Cobalt      2.661  2.661  2.661
 Nickel      2.661  2.661  2.661
 Copper      2.661  2.661  2.661
 Zinc        2.661  2.661  2.661

               1      2      3      4      5      6      7      8      9     10     11     12     13     14     15     16     17
                                                                          

---------------Convergence statistics---------------
      1.93 mean iterations/state convergence
         3 mean cx acceleration loops/iteration
      1.01 mean iso convergence loops/ion solve
      1.04 mean steps/chemistry solve
      1.02 mean step length searches/chemistry step
----------------------------------------------------

 Cloudy ends: 1 zone, 3 iterations.  ExecTime(s) 49.33
 [Stop in cdMain at ../maincl.cpp:483, Cloudy exited OK]
 ************************************************** GRID_DELIMIT -- grid000000008
