                                                          Cloudy 13.03
                                                         www.nublado.org

                       **************************************13Feb20**************************************
                       *                                                                                 *
                       * c                                                                               *
                       * phi(h) 11.000000 LOG range -0.000232 6.866524                                   *
                       * grid from 8 to 23 in 1 dex steps                                                *
                       * HDEN=9.000000 LOG                                                               *
                       * grid from 0 to 12 in 1 dex steps                                                *
                       * set pres ionize 1e5                                                             *
                       * c                                                                               *
                       * c                                                                               *
                       * table star "Rotation_inst.mod" age 6.7                                          *
                       * c<< Rotation_ins model    3 read.       Age =    4010000.00                 >>> *
                       * c<< Rotation_ins model    4 read.       Age =    6010000.00                 >>> *
                       * c<< FINAL:     Age =    5011872.34                                          >>> *
                       * c                                                                               *
                       * c                                                                               *
                       * abundances GASS10                                                               *
                       * c                                                                               *
                       * c                                                                               *
                       * iterate to convergence max = 7                                                  *
                       * stop column density = 23                                                        *
                       * c                                                                               *
                       * c                                                                               *
                       * print last                                                                      *
                       * set save prefix "geneva_inst_rot_5"                                             *
                       * save grid ".grd" last no hash                                                   *
                       * save linelist "emissionlines_abs.txt" "LineList_HII.dat" absolute last no hash    *
                       *                                                                                 *
                       ***********************************************************************************



           !The plasma frequency is 9.45e-08 Ryd.  The incident continuum is set to 0 below this.
           4032CellPeak1.00E+00   Lo 1.00e-08=910.79cm   Hi-Con:5.68E+00 Ryd   E(hi):7.35E+06Ryd     E(hi):     100.01 MeV
           I(nu>1ryd):   0.4724   Average nu:1.361E+00   I( X-ray):   0.0000   I(BalC):   0.9963     Phi(BalmrC):  11.9038
           phi(1.0-1.8):10.9472   phi(1.8-4.0): 10.059   phi(4.0-20):  2.370   phi(20--):  0.000     Ion pht flx:1.000E+11
           I(gam ray):   0.0000   phi(gam r):   0.0000   I(Infred):   0.1569   Alf(ox):   0.0000     Total inten:   1.1559
           U(1.0----):3.336E-09   U(4.0----):7.823E-18   T(En-Den):1.585E+01   T(Comp):2.997E+04     nuJnu(912A):9.429E+00
           Occ(FarIR):0.000E+00   Occ(H n=6):2.787E-12   Occ(1Ryd):4.334E-16   Occ(4R):9.865E-26     Occ (Nu-hi):3.752E-29
           Tbr(FarIR):0.000E+00   Tbr(H n=6):1.221E-08   Tbr(1Ryd):6.851E-11   Tbr(4R):6.235E-20     Tbr (Nu-hi):3.359E-23
  
                                                  Gas Phase Chemical Composition
        H :  0.0000  He: -1.0701  Li:-10.9508  Be:-10.6198  B : -9.3002  C : -3.5702  N : -4.1701  O : -3.3098  F : -7.4401
        Ne: -4.0701  Na: -5.7595  Mg: -4.4001  Al: -5.5498  Si: -4.4895  P : -6.5901  S : -4.8794  Cl: -6.5003  Ar: -5.6003
        K : -6.9706  Ca: -5.6596  Sc: -8.8508  Ti: -7.0501  V : -8.0701  Cr: -6.3595  Mn: -6.5702  Fe: -4.5003  Co: -7.0101
                                               Ni: -5.7799  Cu: -7.8097  Zn: -7.4401
 
 ####  1  Te:5.085E+03 Hden:1.000E+09 Ne:2.289E+07 R:1.000E+30 R-R0:1.124E+03 dR:2.248E+03 NTR: 46 Htot:1.585E-09 T912: 1.39e-05###
 Hydrogen      9.78e-01 2.24e-02 H+o/Hden 1.00e+00 5.27e-08 H-    H2 1.72e-06 2.96e-09 H2+ HeH+ 1.62e-09 Ho+ ColD 2.20e+12 5.03e+10
 Helium        9.98e-01 2.11e-03 8.16e-15 HeI 2s3S 4.21e-08 Comp H,C 4.41e-21 7.48e-22 Fill Fac 1.00e+00 Gam1/tot 1.00e+00
 He singlet n  9.98e-01 2.64e-10 1.71e-16 1.98e-17 7.41e-17 2.50e-17 He tripl 4.21e-08 5.55e-15 2.92e-17 2.19e-16 6.86e-17
 Pressure      NgasTgas 5.64e+12 P(total) 7.79e-04 P( gas ) 7.79e-04 P(Radtn) 0.00e+00 Rad accl 1.06e-03 ForceMul 3.33e+08
 Texc(La)      3.56e+03 T(I con) 1.59e+01 T(D con) 4.00e-01 T(U tot) 1.59e+01 nT (c+d) 3.93e+06 Prad/Gas 0.00e+00 Pmag/Gas 0.00e+00
 Molecules     CH/Ctot: 1.28e-06 CH+/Ctot 4.02e-08 CO/Ctot: 4.80e-06 CO+/Ctot 1.59e-10 H2O/Otot 3.37e-12 OH/Ototl 3.87e-06
 Lithium       2.97e-01 7.03e-01 3.98e-19 0.00e+00 Berylliu 9.81e-01 1.88e-02 1.09e-05 0.00e+00 0.00e+00 sec ion: 0.00e+00
 Boron         8.58e-01 1.42e-01 1.46e-07 0.00e+00 0.00e+00 0.00e+00
 Carbon        8.94e-01 1.06e-01 4.46e-06 0.00e+00 0.00e+00 0.00e+00 0.00e+00 H2O+/O   1.18e-12 OH+/Otot 1.14e-06 Hex(tot) 0.00e+00
 Nitrogen      9.88e-01 1.18e-02 4.43e-10 0.00e+00 0.00e+00 0.00e+00 0.00e+00 0.00e+00 O2/Ototl 2.24e-10 O2+/Otot 6.68e-10
 Oxygen        9.82e-01 1.77e-02 4.37e-10 0.00e+00 0.00e+00 0.00e+00 0.00e+00 0.00e+00 0.00e+00
 Fluorine      9.75e-01 2.48e-02 1.82e-06 0.00e+00 0.00e+00 0.00e+00 0.00e+00 0.00e+00 0.00e+00 0.00e+00
 Neon          9.88e-01 1.16e-02 1.37e-07 0.00e+00 0.00e+00 0.00e+00 0.00e+00 0.00e+00 0.00e+00 0.00e+00 0.00e+00
 Sodium        5.59e-02 9.44e-01 1.74e-06 0.00e+00 0.00e+00 0.00e+00 0.00e+00 0.00e+00 0.00e+00 0.00e+00 0.00e+00 0.00e+00
 Magnesium     2.47e-02 9.75e-01 5.56e-04 0.00e+00 0.00e+00 0.00e+00 0.00e+00 0.00e+00 0.00e+00 0.00e+00 0.00e+00 0.00e+00 0.00e+00
 Aluminium  0  4.47e-04 1.00e+00 4.27e-05 0.00e+00 0.00e+00 0.00e+00 0.00e+00 0.00e+00 0.00e+00 0.00e+00 0.00e+00 0.00e+00 0.00e+00
 Silicon    0  2.99e-02 9.70e-01 1.91e-05 0.00e+00 0.00e+00 0.00e+00 0.00e+00 0.00e+00 0.00e+00 0.00e+00 0.00e+00 0.00e+00 0.00e+00
 Phosphorus 0  1.85e-03 9.98e-01 5.73e-05 0.00e+00 0.00e+00 0.00e+00 0.00e+00 0.00e+00 0.00e+00 0.00e+00 0.00e+00 0.00e+00 0.00e+00
 Sulphur    0  3.99e-01 6.01e-01 3.28e-04 0.00e+00 0.00e+00 0.00e+00 0.00e+00 0.00e+00 0.00e+00 0.00e+00 0.00e+00 0.00e+00 0.00e+00
 Chlorine   0  2.14e-03 9.98e-01 3.27e-04 0.00e+00 0.00e+00 0.00e+00 0.00e+00 0.00e+00 0.00e+00 0.00e+00 0.00e+00 0.00e+00 0.00e+00
 Argon      0  9.19e-01 8.05e-02 1.43e-04 0.00e+00 0.00e+00 0.00e+00 0.00e+00 0.00e+00 0.00e+00 0.00e+00 0.00e+00 0.00e+00 0.00e+00
 Potassium  0  5.63e-02 9.44e-01 7.06e-05 0.00e+00 0.00e+00 0.00e+00 0.00e+00 0.00e+00 0.00e+00 0.00e+00 0.00e+00 0.00e+00 0.00e+00
 Calcium    0  8.25e-01 1.75e-01 2.93e-04 0.00e+00 0.00e+00 0.00e+00 0.00e+00 0.00e+00 0.00e+00 0.00e+00 0.00e+00 0.00e+00 0.00e+00
 Scandium   0  7.72e-01 2.26e-01 1.87e-03 0.00e+00 0.00e+00 0.00e+00 0.00e+00 0.00e+00 0.00e+00 0.00e+00 0.00e+00 0.00e+00 0.00e+00
 Titanium   0  1.63e-04 9.98e-01 1.69e-03 0.00e+00 0.00e+00 0.00e+00 0.00e+00 0.00e+00 0.00e+00 0.00e+00 0.00e+00 0.00e+00 0.00e+00
 Vanadium   0  8.95e-01 1.04e-01 4.73e-04 0.00e+00 0.00e+00 0.00e+00 0.00e+00 0.00e+00 0.00e+00 0.00e+00 0.00e+00 0.00e+00 0.00e+00
 Chromium   0  7.58e-01 2.42e-01 6.41e-05 0.00e+00 0.00e+00 0.00e+00 0.00e+00 0.00e+00 0.00e+00 0.00e+00 0.00e+00 0.00e+00 0.00e+00
 Manganese  0  1.75e-04 9.99e-01 3.74e-04 0.00e+00 0.00e+00 0.00e+00 0.00e+00 0.00e+00 0.00e+00 0.00e+00 0.00e+00 0.00e+00 0.00e+00
 Iron       0  9.94e-05 1.00e+00 1.10e-04 0.00e+00 0.00e+00 0.00e+00 0.00e+00 0.00e+00 0.00e+00 0.00e+00 0.00e+00 0.00e+00 0.00e+00
 Cobalt     0  9.72e-01 2.78e-02 1.29e-08 0.00e+00 0.00e+00 0.00e+00 0.00e+00 0.00e+00 0.00e+00 0.00e+00 0.00e+00 0.00e+00 0.00e+00
 Nickel     0  2.90e-04 1.00e+00 2.23e-07 0.00e+00 0.00e+00 0.00e+00 0.00e+00 0.00e+00 0.00e+00 0.00e+00 0.00e+00 0.00e+00 0.00e+00
 Copper     0  9.21e-01 7.91e-02 9.17e-06 0.00e+00 0.00e+00 0.00e+00 0.00e+00 0.00e+00 0.00e+00 0.00e+00 0.00e+00 0.00e+00 0.00e+00
 Zinc       0  9.82e-01 1.75e-02 1.58e-05 0.00e+00 0.00e+00 0.00e+00 0.00e+00 0.00e+00 0.00e+00 0.00e+00 0.00e+00 0.00e+00 0.00e+00
 #### 78  Te:3.976E+03 Hden:1.000E+09 Ne:3.817E+06 R:1.000E+30 R-R0:1.224E+09 dR:2.849E+07 NTR: 11 Htot:1.337E-10 T912: 7.75e+00###
 Hydrogen      9.96e-01 3.54e-03 H+o/Hden 1.00e+00 1.25e-08 H-    H2 1.08e-04 1.17e-09 H2+ HeH+ 8.89e-10 Ho+ ColD 1.23e+18 1.31e+16
 Helium        9.99e-01 1.02e-03 1.01e-14 HeI 2s3S 2.96e-08 Comp H,C 4.96e-22 8.45e-23 Fill Fac 1.00e+00 Gam1/tot 1.00e+00
 He singlet n  9.99e-01 2.92e-11 8.58e-17 1.14e-18 4.61e-18 2.54e-18 He tripl 2.96e-08 4.04e-16 2.39e-18 2.06e-17 7.03e-18
 Pressure      NgasTgas 4.33e+12 P(total) 5.98e-04 P( gas ) 5.98e-04 P(Radtn) 2.38e-12 Rad accl 5.49e-06 ForceMul 1.19e+07
 Texc(La)      3.89e+03 T(I con) 1.50e+01 T(D con) 7.84e+00 T(U tot) 1.53e+01 nT (c+d) 5.52e+06 Prad/Gas 3.97e-09 Pmag/Gas 0.00e+00
 Molecules     CH/Ctot: 2.88e-05 CH+/Ctot 1.19e-06 CO/Ctot: 7.67e-04 CO+/Ctot 3.98e-08 H2O/Otot 3.24e-08 OH/Ototl 2.48e-04
 Lithium       4.61e-01 5.39e-01 3.17e-19 0.00e+00 Berylliu 9.20e-01 8.03e-02 1.79e-05 0.00e+00 0.00e+00 sec ion: 0.00e+00
 Boron         5.58e-01 4.42e-01 9.56e-08 0.00e+00 0.00e+00 0.00e+00
 Carbon        7.41e-01 2.58e-01 2.64e-06 0.00e+00 0.00e+00 0.00e+00 0.00e+00 H2O+/O   1.89e-08 OH+/Otot 5.86e-05 Hex(tot) 0.00e+00
 Nitrogen      9.98e-01 1.01e-03 1.13e-11 0.00e+00 0.00e+00 0.00e+00 0.00e+00 0.00e+00 O2/Ototl 3.53e-08 O2+/Otot 1.70e-07
 Oxygen        9.97e-01 2.75e-03 3.20e-11 0.00e+00 0.00e+00 0.00e+00 0.00e+00 0.00e+00 0.00e+00
 Fluorine      9.85e-01 1.53e-02 2.08e-06 0.00e+00 0.00e+00 0.00e+00 0.00e+00 0.00e+00 0.00e+00 0.00e+00
 Neon          9.89e-01 1.08e-02 2.63e-07 0.00e+00 0.00e+00 0.00e+00 0.00e+00 0.00e+00 0.00e+00 0.00e+00 0.00e+00
 Sodium        7.97e-02 9.20e-01 3.59e-06 0.00e+00 0.00e+00 0.00e+00 0.00e+00 0.00e+00 0.00e+00 0.00e+00 0.00e+00 0.00e+00
 Magnesium     2.35e-02 9.76e-01 5.28e-05 0.00e+00 0.00e+00 0.00e+00 0.00e+00 0.00e+00 0.00e+00 0.00e+00 0.00e+00 0.00e+00 0.00e+00
 Aluminium  0  5.24e-04 9.99e-01 3.08e-05 0.00e+00 0.00e+00 0.00e+00 0.00e+00 0.00e+00 0.00e+00 0.00e+00 0.00e+00 0.00e+00 0.00e+00
 Silicon    0  1.42e-02 9.86e-01 5.72e-07 0.00e+00 0.00e+00 0.00e+00 0.00e+00 0.00e+00 0.00e+00 0.00e+00 0.00e+00 0.00e+00 0.00e+00
 Phosphorus 0  2.32e-03 9.98e-01 2.23e-05 0.00e+00 0.00e+00 0.00e+00 0.00e+00 0.00e+00 0.00e+00 0.00e+00 0.00e+00 0.00e+00 0.00e+00
 Sulphur    0  7.55e-02 9.24e-01 4.84e-05 0.00e+00 0.00e+00 0.00e+00 0.00e+00 0.00e+00 0.00e+00 0.00e+00 0.00e+00 0.00e+00 0.00e+00
 Chlorine   0  3.19e-02 9.68e-01 2.17e-04 0.00e+00 0.00e+00 0.00e+00 0.00e+00 0.00e+00 0.00e+00 0.00e+00 0.00e+00 0.00e+00 0.00e+00
 Argon      0  9.97e-01 1.61e-03 1.39e-06 0.00e+00 0.00e+00 0.00e+00 0.00e+00 0.00e+00 0.00e+00 0.00e+00 0.00e+00 0.00e+00 0.00e+00
 Potassium  0  2.55e-01 7.45e-01 7.38e-05 0.00e+00 0.00e+00 0.00e+00 0.00e+00 0.00e+00 0.00e+00 0.00e+00 0.00e+00 0.00e+00 0.00e+00
 Calcium    0  6.75e-01 3.23e-01 1.24e-03 0.00e+00 0.00e+00 0.00e+00 0.00e+00 0.00e+00 0.00e+00 0.00e+00 0.00e+00 0.00e+00 0.00e+00
 Scandium   0  6.38e-01 3.61e-01 1.30e-03 0.00e+00 0.00e+00 0.00e+00 0.00e+00 0.00e+00 0.00e+00 0.00e+00 0.00e+00 0.00e+00 0.00e+00
 Titanium   0  2.24e-04 9.99e-01 6.09e-04 0.00e+00 0.00e+00 0.00e+00 0.00e+00 0.00e+00 0.00e+00 0.00e+00 0.00e+00 0.00e+00 0.00e+00
 Vanadium   0  8.62e-01 1.38e-01 1.49e-04 0.00e+00 0.00e+00 0.00e+00 0.00e+00 0.00e+00 0.00e+00 0.00e+00 0.00e+00 0.00e+00 0.00e+00
 Chromium   0  4.83e-01 5.17e-01 3.48e-06 0.00e+00 0.00e+00 0.00e+00 0.00e+00 0.00e+00 0.00e+00 0.00e+00 0.00e+00 0.00e+00 0.00e+00
 Manganese  0  2.40e-04 1.00e+00 1.60e-05 0.00e+00 0.00e+00 0.00e+00 0.00e+00 0.00e+00 0.00e+00 0.00e+00 0.00e+00 0.00e+00 0.00e+00
 Iron       0  1.35e-04 1.00e+00 3.42e-06 0.00e+00 0.00e+00 0.00e+00 0.00e+00 0.00e+00 0.00e+00 0.00e+00 0.00e+00 0.00e+00 0.00e+00
 Cobalt     0  9.49e-01 5.06e-02 2.60e-09 0.00e+00 0.00e+00 0.00e+00 0.00e+00 0.00e+00 0.00e+00 0.00e+00 0.00e+00 0.00e+00 0.00e+00
 Nickel     0  3.79e-04 1.00e+00 3.56e-08 0.00e+00 0.00e+00 0.00e+00 0.00e+00 0.00e+00 0.00e+00 0.00e+00 0.00e+00 0.00e+00 0.00e+00
 Copper     0  7.96e-01 2.04e-01 8.48e-06 0.00e+00 0.00e+00 0.00e+00 0.00e+00 0.00e+00 0.00e+00 0.00e+00 0.00e+00 0.00e+00 0.00e+00
 Zinc       0  9.56e-01 4.43e-02 3.08e-05 0.00e+00 0.00e+00 0.00e+00 0.00e+00 0.00e+00 0.00e+00 0.00e+00 0.00e+00 0.00e+00 0.00e+00
                                                                             
   Calculation stopped because lowest Te reached. Iteration 3 of 3
   The geometry is plane-parallel.
  !Charge transfer ionization of H reached 23156.4% of the local H ionization rate.
  !Charge transfer heating reached 5.57% of the local heating.
  !The largest plasma frequency was 9.45e-08 Ryd = 9.64e+05 micron  The continuum is set to 0 below this.
  !AGE: Cloud age was not set.  Longest timescale was 6.46e+06 s = 2.46e+00 months.
  !Mutual neutralization production of H-alpha was significant.
  !The CMB was not included.  This is added with the CMB command.
   H2 vib deexec heating reached 2.02% of the local heating.
   The density is too low to l-mix the lowest He I collapsed level.  More resolved levels are needed for accurate line ratios.
   The largest continuum occupation number was 4.421e-01 at 9.471e-08 Ryd.
   Grains were not present but might survive in this environment (energy density temperature was 1.59e+01K)
   The continuum optical depth at the lowest energy considered (1.004e-08 Ryd) was 6.772e+01.
   The fraction of Ar in ArH+ reached 0.146% at some point in the cloud.

                       *********************************> Cloudy 13.03 <**********************************
                       * c                                                                               *
                       * phi(h) 11.000000 LOG range -0.000232 6.866524                                   *
                       * grid from 8 to 23 in 1 dex steps                                                *
                       * HDEN=9.000000 LOG                                                               *
                       * grid from 0 to 12 in 1 dex steps                                                *
                       * set pres ionize 1e5                                                             *
                       * c                                                                               *
                       * c                                                                               *
                       * table star "Rotation_inst.mod" age 6.7                                          *
                       * c                                                                               *
                       * c                                                                               *
                       * abundances GASS10                                                               *
                       * c                                                                               *
                       * c                                                                               *
                       * iterate to convergence max = 7                                                  *
                       * stop column density = 23                                                        *
                       * c                                                                               *
                       * c                                                                               *
                       * print last                                                                      *
                       * set save prefix "geneva_inst_rot_5"                                             *
                       * save grid ".grd" last no hash                                                   *
                       * save linelist "emissionlines_abs.txt" "LineList_HII.dat" absolute last no hash    *
                       *********************************> Log(U): -8.48 <*********************************

                     Emission Line Spectrum.   Constant  Density Model.    Open geometry.  Iteration 3 of 3.
                                                     Intensity (erg/s/cm^2).


                                                   Intrinsic line intensities
 general properties..........      H  1 1.458m  -2.428   0.0894      Ca A 16.20m  -4.263   0.0013      C  1  8727A  -1.264   1.3048            
 TOTL  4861A  -1.380   1.0000      H  1 2.279m  -3.086   0.0197      Ca A 12.38m  -4.376   0.0010      TOTL  2326A  -3.391   0.0097            
 TOTL  1216A   0.151  33.9331      H  1 2.279m  -2.633   0.0558      Ca B  6563A  -0.882   3.1467      C  2  2328A  -3.962   0.0026            
 Inci     0    1.156 343.1024      H  1 2.279m  -2.517   0.0728      Ca B  4861A  -1.334   1.1101      C  2  2327A  -3.680   0.0050            
 TotH     0   -0.188  15.5559      H  1 2.279m  -2.628   0.0564      Ca B  4340A  -1.654   0.5317      C  2  1335A  -3.607   0.0059            
 TotC     0   -0.188  15.5479      H  1 2.279m  -3.051   0.0213      Ca B  4102A  -1.891   0.3079      N  1 953.9A  -3.737   0.0044            
 BFH1     0   -0.220  14.4402      H  1 3.281m  -3.387   0.0098      Ca B  3970A  -2.072   0.2028      N  1  1200A  -3.475   0.0080            
 BFHe     0   -1.627   0.5660      H  1 3.281m  -2.935   0.0278      Ca B  3889A  -2.216   0.1458      N  1  3466A  -3.638   0.0055            
 TotM     0   -2.319   0.1149      H  1 3.281m  -2.806   0.0375      Ca B  3835A  -2.333   0.1112      N  1  3468A  -4.328   0.0011            
 CT H     0   -1.805   0.3751      H  1 3.281m  -2.860   0.0331      Ca B  3798A  -2.434   0.0882      TOTL  3467A  -3.557   0.0066            
 H FB     0   -1.328   1.1264      H  1 3.281m  -3.107   0.0187      Ca B  3771A  -2.523   0.0719      N  1 1.040m  -3.140   0.0174            
 HFBc     0   -1.328   1.1264      H  1 3.281m  -3.647   0.0054      Ca B  3750A  -2.603   0.0598      N  1 1.040m  -3.684   0.0050            
 OH       0   -3.776   0.0040      H  1 4.466m  -3.632   0.0056      Ca B  3734A  -2.675   0.0506      N  1 1.041m  -3.489   0.0078            
 continua....................      H  1 4.466m  -3.182   0.0157      Ca B  3722A  -2.741   0.0435      N  1 1.041m  -3.501   0.0076            
 Bac   3646A   0.026  25.4372      H  1 4.466m  -3.047   0.0215      Ca B  3712A  -2.801   0.0379      TOTL 1.040m  -2.804   0.0377            
 nFnu  3645A   0.033  25.8747      H  1 4.466m  -3.074   0.0202      Ca B  3704A  -2.855   0.0334      O  1  6300A  -1.491   0.7739            
 nFnu  3647A  -1.739   0.4375      H  1 4.466m  -3.248   0.0135      Ca B  3697A  -2.906   0.0298      O  1  6363A  -1.987   0.2468            
 cout  3646A  -0.275  12.7186      H  1 4.466m  -3.593   0.0061      Ca B  3692A  -2.953   0.0267      O  1  5577A  -3.115   0.0184            
 cref  3646A  -0.275  12.7185      H  1 4.466m  -4.218   0.0014      Ca B  3687A  -2.998   0.0240      O  1 63.17m  -3.262   0.0131            
 thin  3646A   0.026  25.4372      H  1 5.834m  -3.839   0.0035      Ca B  3683A  -3.044   0.0217      Ne 2 12.81m  -3.399   0.0096            
 Inci  4860A  -0.002  23.8628      H  1 5.834m  -3.391   0.0097      Ca B  3679A  -3.089   0.0195      Na 1  5892A  -1.914   0.2921            
 Inci  1215A   1.067 279.7269      H  1 5.834m  -3.253   0.0134      Ca B  3676A  -3.135   0.0176      Mg 1  4561A  -3.847   0.0034            
 Ba C     0   -0.916   2.9109      H  1 5.834m  -3.266   0.0130      Ca B  3674A  -3.181   0.0158      Mg 1  2853A  -3.423   0.0090            
 PA C     0   -1.306   1.1847      H  1 5.834m  -3.402   0.0095      Ca B  3671A  -3.227   0.0142      TOTL  2798A  -1.153   1.6854            
 FIR  83.00m  -0.432   8.8716      H  1 5.834m  -3.662   0.0052      Ca B 1.875m  -1.806   0.3750      Mg 2  2796A  -1.333   1.1137            
 TIR   1800m  -2.681   0.0500      H  1 5.834m  -4.080   0.0020      Ca B 1.282m  -2.111   0.1855      Mg 2  2803A  -1.622   0.5717            
 NIRa 2.850m  -0.101  19.0028      H  1 7.383m  -4.017   0.0023      Ca B 1.094m  -2.355   0.1058      totl  2665A  -2.919   0.0289            
 NIRb 3.000m  -0.549   6.7619      H  1 7.383m  -3.570   0.0064      Ca B 1.005m  -2.547   0.0680      Al 2  2670A  -2.919   0.0289            
 MIRa 15.00m  -0.914   2.9244      H  1 7.383m  -3.431   0.0089      Ca B  9546A  -2.700   0.0478      Si 2 34.81m  -3.502   0.0075            
 MIRb 22.50m  -0.718   4.5858      H  1 7.383m  -3.436   0.0088      Ca B  9229A  -2.826   0.0357      TOTL  2335A  -3.023   0.0227            
 NMIR 21.75m  -0.101  19.0028      H  1 7.383m  -3.551   0.0067      Ca B  9015A  -2.934   0.0279      Si 2  2334A  -4.023   0.0023            
 TFIR 611.2m  -0.944   2.7255      H  1 7.383m  -3.764   0.0041      Ca B  8863A  -3.028   0.0225      Si 2  2350A  -4.135   0.0018            
 TALL 10000A   1.152 340.0055      H  1 7.383m  -4.087   0.0020      Ca B  8750A  -3.111   0.0185      Si 2  2344A  -3.497   0.0076            
 F12  12.00m  -1.407   0.9380      H  1 9.115m  -4.173   0.0016      Ca B  8665A  -3.186   0.0156      Si 2  2336A  -3.339   0.0110            
 F25  25.00m  -1.261   1.3146      H  1 9.115m  -3.727   0.0045      Ca B  8598A  -3.252   0.0134      Si 2  1814A  -4.072   0.0020            
 F60  60.00m  -0.829   3.5526      H  1 9.115m  -3.588   0.0062      Ca B  8545A  -3.313   0.0117      Si 2  1531A  -3.883   0.0031            
 F100 100.0m  -1.020   2.2892      H  1 9.115m  -3.588   0.0062      Ca B  8502A  -3.368   0.0103      Si 2  1308A  -3.790   0.0039            
 MIPS 24.00m  -1.559   0.6619      H  1 9.115m  -3.689   0.0049      Ca B  8467A  -3.419   0.0091      Si 2  1263A  -3.507   0.0075            
 MIPS 70.00m  -1.186   1.5627      H  1 9.115m  -3.875   0.0032      Ca B  8438A  -3.466   0.0082      P  2 1.640m  -3.351   0.0107            
 MIPS 160.0m  -1.416   0.9205      H  1 9.115m  -4.143   0.0017      Ca B  8413A  -3.512   0.0074      P  2  4669A  -3.841   0.0035            
 IRAC 3.600m  -1.852   0.3367      H  1 11.03m  -3.035   0.0221      Ca B  8392A  -3.557   0.0066      P  2  4737A  -4.318   0.0012            
 IRAC 4.500m  -1.811   0.3700      H  1 13.13m  -3.147   0.0171      Ca B  8374A  -3.602   0.0060      P  2 1.189m  -3.584   0.0062            
 IRAC 5.800m  -1.897   0.3034      H  1 15.40m  -3.251   0.0135      Ca B  8359A  -3.648   0.0054      P  2 1.147m  -4.061   0.0021            
 IRAC 8.000m  -1.675   0.5065      H  1 17.87m  -3.346   0.0108      Ca B  8346A  -3.694   0.0048      S  1 25.19m  -3.895   0.0031            
 SPR1 250.0m  -1.835   0.3504      H  1 20.51m  -3.435   0.0088      Ca B  8334A  -3.740   0.0044      S 1R  1807A  -3.964   0.0026            
 SPR2 350.0m  -2.266   0.1299      H  1 23.33m  -3.519   0.0073      Ca B 4.051m  -2.438   0.0874      S  2  6720A  -3.512   0.0074            
 SPR3 500.0m  -2.643   0.0545      H  1 26.34m  -3.597   0.0061      Ca B 2.625m  -2.671   0.0511      S  2  4074A  -2.300   0.1202            
 PAC1 70.00m  -1.124   1.8013      H  1 29.53m  -3.671   0.0051      Ca B 2.166m  -2.871   0.0322      S  2 1.033m  -2.492   0.0771            
 PAC2 100.0m  -1.015   2.3154      H  1 32.91m  -3.741   0.0043      Ca B 1.945m  -3.036   0.0221      S II  6731A  -3.670   0.0051            
 PAC3 160.0m  -1.158   1.6636      H  1 36.46m  -3.808   0.0037      Ca B 1.817m  -3.172   0.0161      S II  6716A  -4.028   0.0022            
 PAH  3.300m  -2.641   0.0547      H  1 40.20m  -3.871   0.0032      Ca B 1.736m  -3.287   0.0124      S II  4070A  -2.382   0.0995            
 PAHC 3.230m  -2.965   0.0260      H  1 44.12m  -3.931   0.0028      Ca B 1.681m  -3.387   0.0098      S II  4078A  -3.062   0.0208            
 PAHC 3.370m  -3.053   0.0212      H  1 48.22m  -3.989   0.0025      Ca B 1.641m  -3.473   0.0081      S II 1.032m  -2.873   0.0321            
 PAH  6.200m  -2.371   0.1020      H  1 52.50m  -4.044   0.0022      Ca B 1.611m  -3.550   0.0068      S II 1.029m  -3.008   0.0235            
 PAHC 5.650m  -2.358   0.1051      H  1 56.97m  -2.855   0.0335      Ca B 1.588m  -3.617   0.0058      S II 1.037m  -3.521   0.0072            
 PAH  7.900m  -2.092   0.1941      He 1 504.3A  -2.316   0.1158      Ca B 1.570m  -3.679   0.0050      S II 1.034m  -3.224   0.0143            
 PAHC 6.900m  -2.106   0.1878      He 1  2600A  -3.473   0.0081      Ca B 1.556m  -3.734   0.0044      S  2  1256A  -4.351   0.0011            
 PAH  11.30m  -2.610   0.0589      He 1  3121A  -3.985   0.0025      Ca B 1.544m  -3.785   0.0039      Cl 2 14.40m  -3.922   0.0029            
 PAHC 10.90m  -2.624   0.0569      He 1  3421A  -3.908   0.0030      Ca B 1.534m  -3.833   0.0035      Cl 2  8579A  -2.827   0.0357            
 PAH  11.80m  -2.399   0.0957      He 1  3421A  -3.431   0.0089      Ca B 1.526m  -3.879   0.0032      Cl 2  9124A  -3.405   0.0094            
 PAHC 12.65m  -2.324   0.1136      He 1  3421A  -3.209   0.0148      Ca B 1.519m  -3.924   0.0029      Ar 2 6.980m  -3.539   0.0069            
 PAH  13.30m  -2.355   0.1058      He 1  3679A  -3.623   0.0057      Ca B 1.513m  -3.969   0.0026      K  1  7676A  -2.587   0.0621            
 PAHC 14.10m  -2.347   0.1077      He 1  7843A  -3.733   0.0044      Ca B 1.508m  -4.015   0.0023      Ca 1  4228A  -1.430   0.8902            
 Bcon  3640A   1.065 278.1509      He 1  8188A  -3.869   0.0032      Ca B 1.504m  -4.061   0.0021      Ca 2  3933A  -1.423   0.9053            
 Pcon  5000A   0.093  29.7135      He 1  8191A  -4.357   0.0011      Ca B 1.500m  -4.107   0.0019      Ca 2  8579A  -2.742   0.0434            
 HFFc     0   -1.313   1.1649      He 1  8261A  -4.326   0.0011      Ca B 7.458m  -2.945   0.0272      Ca 2  7306A  -1.298   1.2062            
 H FF     0   -1.659   0.5256      He 1 1.409m  -4.271   0.0013      Ca B 4.653m  -3.130   0.0178      Ca2K  3934A  -1.608   0.5911            
 HeFF     0   -3.654   0.0053      He 1 1.456m  -4.267   0.0013      Ca B 3.740m  -3.299   0.0120      Ca2H  3969A  -1.882   0.3142            
 MeFB     0   -3.053   0.0212      C  1  1101A  -2.919   0.0288      Ca B 3.296m  -3.442   0.0087      Ca2X  8498A  -3.889   0.0031            
 MeFF     0   -3.597   0.0061      Al 1  2071A  -3.856   0.0033      Ca B 3.038m  -3.563   0.0066      Ca2Y  8542A  -2.933   0.0280            
 ToFF     0   -1.650   0.5370      Si 1  1521A  -2.861   0.0330      Ca B 2.872m  -3.666   0.0052      Ca2Z  8662A  -3.290   0.0123            
 nFnu 122.4m  -3.027   0.0225      P  1  1182A  -3.890   0.0031      Ca B 2.758m  -3.755   0.0042      CaF1  7291A  -1.518   0.7271            
 nInu 122.4m  -0.607   5.9276      S  1  1197A  -2.941   0.0274      Ca B 2.674m  -3.833   0.0035      CaF2  7324A  -1.699   0.4791            
 nFnu 60.83m  -2.755   0.0422      Cl 1 956.0A  -3.775   0.0040      Ca B 2.612m  -3.902   0.0030      Fe2c     0   -0.794   3.8521            
 nInu 60.83m  -0.654   5.3149      Fe 1  1569A  -3.834   0.0035      Ca B 2.564m  -3.964   0.0026      Fe 2  4300A  -1.133   1.7639            
 nFnu 41.22m  -2.580   0.0630      grains......................      Ca B 2.525m  -4.020   0.0023      Fe 2  2400A  -1.359   1.0485            
 nInu 41.22m  -0.766   4.1040      H-like iso-sequence.........      Ca B 2.495m  -4.071   0.0020      Fe 2  6200A  -3.723   0.0045            
 nFnu 30.87m  -2.459   0.0833      Cool  1216A  -4.021   0.0023      Ca B 2.469m  -4.119   0.0018      Fe 2 1.150m  -4.162   0.0017            
 nInu 30.87m  -0.869   3.2421      Crst 960.0A  -4.238   0.0014      Ca B 2.448m  -4.164   0.0016      Fe 2 25.98m  -2.976   0.0253            
 nFnu 24.78m  -2.366   0.1032      Hrst     0   -3.838   0.0035      Ca B 2.431m  -4.210   0.0015      Fe 2 5.339m  -3.981   0.0025            
 nInu 24.78m  -0.948   2.7016      CION     0   -4.233   0.0014      Ca B 2.416m  -4.255   0.0013      Fe 2 1.257m  -2.310   0.1174            
 nFnu 24.30m  -2.358   0.1051      Ca B  1216A   0.153  34.0791      Ca B 2.403m  -4.301   0.0012      Fe 2 35.34m  -3.393   0.0097            
 nInu 24.30m  -0.955   2.6572      Q(H)  4861A  -1.271   1.2847      Ca B 2.392m  -4.347   0.0011      Fe 2 1.321m  -2.888   0.0310            
 nFnu 22.83m  -2.331   0.1119      Q(H)  1216A   0.213  39.1565      Ca B 12.37m  -3.373   0.0102      Fe 2 1.249m  -3.542   0.0069            
 nInu 22.83m  -0.977   2.5283      CaBo  4861A  -1.355   1.0570      Ca B 7.500m  -3.523   0.0072      Fe 2  7638A  -2.844   0.0343            
 nFnu 21.42m  -2.305   0.1188      Ca A  1216A   0.046  26.6501      Ca B 5.907m  -3.666   0.0052      Fe 2 51.29m  -4.089   0.0020            
 nInu 21.42m  -1.000   2.3957      Ca A  1026A  -0.675   5.0665      Ca B 5.127m  -3.790   0.0039      Fe 2 1.372m  -3.112   0.0185            
 nFnu 21.12m  -2.299   0.1204      Ca A 972.5A  -1.075   2.0180      Ca B 4.671m  -3.896   0.0030      Fe 2 1.294m  -2.874   0.0320            
 nInu 21.12m  -1.006   2.3661      Ca A 949.7A  -1.340   1.0943      Ca B 4.375m  -3.987   0.0025      Fe 2  7687A  -3.036   0.0221            
 nFnu 19.62m  -2.267   0.1296      Ca A 937.8A  -1.518   0.7267      Ca B 4.170m  -4.066   0.0021      Fe 2 1.328m  -3.120   0.0182            
 nInu 19.62m  -1.031   2.2296      Ca A 930.8A  -1.638   0.5511      Ca B 4.020m  -4.136   0.0018      Fe 2 1.279m  -2.986   0.0247            
 nFnu 17.65m  -2.219   0.1449      Ca A 926.2A  -1.719   0.4577      Ca B 3.906m  -4.198   0.0015      Fe 2 1.252m  -3.885   0.0031            
 nInu 17.65m  -1.075   2.0178      Ca A 923.2A  -1.776   0.4012      Ca B 3.818m  -4.254   0.0013      Fe 2  7665A  -3.402   0.0095            
 nFnu 17.37m  -2.213   0.1468      Ca A 921.0A  -1.826   0.3580      Ca B 3.748m  -4.305   0.0012      Fe 2 1.298m  -3.350   0.0107            
 nInu 17.37m  -1.081   1.9905      Ca A 919.4A  -1.875   0.3196      Ca B 3.692m  -4.353   0.0011      Fe 2 1.270m  -3.172   0.0161            
 nFnu 15.69m  -2.174   0.1605      Ca A 918.1A  -1.925   0.2849      Ca B 19.06m  -3.742   0.0043      Fe 2  7874A  -3.894   0.0031            
 nInu 15.69m  -1.120   1.8178      Ca A 917.2A  -1.973   0.2547      Ca B 11.31m  -3.865   0.0033      Fe 2  7733A  -3.918   0.0029            
 nFnu 14.60m  -2.141   0.1734      Ca A 916.4A  -2.020   0.2290      Ca B 8.758m  -3.986   0.0025      Fe 2 17.93m  -2.633   0.0558            
 nInu 14.60m  -1.148   1.7059      Ca A 915.8A  -2.063   0.2073      Ca B 7.506m  -4.092   0.0019      Fe 2 1.644m  -2.383   0.0993            
 nFnu 12.43m  -2.070   0.2040      Ca A 915.3A  -2.103   0.1892      Ca B 6.770m  -4.184   0.0016      Fe 2 1.533m  -2.819   0.0363            
 nInu 12.43m  -1.213   1.4686      Ca A 914.9A  -2.139   0.1742      Ca B 6.290m  -4.264   0.0013      Fe 2  8617A  -2.265   0.1301            
 nFnu 11.40m  -2.039   0.2193      Ca A 914.6A  -2.172   0.1612      Ca B 5.955m  -4.334   0.0011      Fe 2 24.51m  -3.109   0.0186            
 nInu 11.40m  -1.246   1.3596      Ca A 914.3A  -2.205   0.1495      Ca B 27.80m  -4.065   0.0021      Fe 2 1.809m  -3.086   0.0197            
 nFnu 10.46m  -1.997   0.2414      Ca A 914.0A  -2.239   0.1383      Ca B 16.20m  -4.164   0.0016      Fe 2 1.677m  -2.959   0.0264            
 nInu 10.46m  -1.280   1.2586      Ca A 913.8A  -2.274   0.1275      Ca B 12.38m  -4.267   0.0013      Fe 2 1.599m  -2.925   0.0285            
 nFnu 9.480m  -1.961   0.2619      Ca A 913.6A  -2.311   0.1170      Ca B 10.50m  -4.358   0.0011      Fe 2  9052A  -2.924   0.0286            
 nInu 9.480m  -1.319   1.1495      Ca A 913.5A  -2.350   0.1070      Ca B 38.86m  -4.350   0.0011      Fe 2  8892A  -2.679   0.0502            
 nFnu 9.325m  -1.956   0.2651      Ca A 913.3A  -2.391   0.0975      H  1     0   -3.391   0.0097      Fe 2 35.77m  -3.924   0.0029            
 nInu 9.325m  -1.325   1.1340      Ca A  6563A  -1.090   1.9470      H  1  1216A   0.151  33.9331      Fe 2 1.800m  -3.130   0.0177            
 nFnu 8.210m  -1.897   0.3035      Ca A  4861A  -1.535   0.6997      H  1  1026A  -2.990   0.0245      Fe 2 1.711m  -3.507   0.0075            
 nInu 8.210m  -1.376   1.0077      Ca A  4340A  -1.856   0.3338      H  1 972.5A  -3.148   0.0170      Fe 2 1.664m  -3.213   0.0147            
 nFnu 7.580m  -1.871   0.3223      Ca A  4102A  -2.097   0.1918      H  1 949.7A  -3.253   0.0134      Fe 2  9399A  -3.700   0.0048            
 nInu 7.580m  -1.408   0.9375      Ca A  3970A  -2.278   0.1262      H  1 937.8A  -3.376   0.0101      Fe 2  9227A  -2.935   0.0278            
 nFnu 7.050m  -1.829   0.3553      Ca A  3889A  -2.417   0.0917      H  1 930.8A  -3.488   0.0078      Fe 2  9033A  -3.151   0.0169            
 nInu 7.050m  -1.435   0.8797      Ca A  3835A  -2.527   0.0713      H  1 926.2A  -3.530   0.0071      Fe 2 1.797m  -3.280   0.0126            
 nFnu 4.114m  -1.617   0.5787      Ca A  3798A  -2.616   0.0580      H  1 923.2A  -3.523   0.0072      Fe 2 1.745m  -3.521   0.0072            
 nInu 4.114m  -1.529   0.7096      Ca A  3771A  -2.693   0.0486      H  1 921.0A  -3.463   0.0082      Fe 2  9471A  -3.501   0.0076            
 nFnu 2.324m  -1.498   0.7610      Ca A  3750A  -2.759   0.0417      H  1  6563A  -0.927   2.8372      Fe 2  9268A  -3.046   0.0216            
 nInu 2.324m  -1.291   1.2262      Ca A  3734A  -2.818   0.0364      H  1  4861A  -1.380   1.0000      Fe 2 22.90m  -4.044   0.0022            
 nFnu 1.643m  -1.416   0.9189      Ca A  3722A  -2.871   0.0322      H  1  4340A  -1.686   0.4941      Fe 2 1.811m  -3.720   0.0046            
 nInu 1.643m  -1.054   2.1148      Ca A  3712A  -2.918   0.0289      H  1  4102A  -1.882   0.3142      Fe 2 1.748m  -3.921   0.0029            
 nFnu 1.480m  -1.354   1.0613      Ca A  3704A  -2.960   0.0263      H  1  3970A  -2.037   0.2201      Fe 2 1.813m  -4.173   0.0016            
 nInu 1.480m  -1.002   2.3858      Ca A  3697A  -2.998   0.0241      H  1  3889A  -2.170   0.1619      Fe2b  7000A  -2.542   0.0688            
 nFnu 1.436m  -1.079   1.9957      Ca A  3692A  -3.032   0.0222      H  1  3835A  -2.275   0.1273      Fe2b 10000A  -1.450   0.8503            
 nInu 1.436m  -0.884   3.1334      Ca A  3687A  -3.066   0.0206      H  1  3798A  -2.314   0.1163      Fe2b  7445A  -2.542   0.0688            
 nFnu 1.119m  -0.970   2.5657      Ca A  3683A  -3.100   0.0190      H  1 1.875m  -1.870   0.3233      Fe2b  8625A  -1.928   0.2830            
 nInu 1.119m  -0.731   4.4487      Ca A  3679A  -3.136   0.0175      H  1 1.282m  -2.159   0.1661      Fe2b 1.033m  -3.501   0.0076            
 nFnu  8330A  -0.949   2.6941      Ca A  3676A  -3.173   0.0161      H  1 1.094m  -2.377   0.1005      Fe2b 1.889m  -2.500   0.0759            
 nInu  8330A  -0.541   6.8884      Ca A  3674A  -3.212   0.0147      H  1 1.005m  -2.546   0.0681      Fe 2  1786A  -3.676   0.0051            
 nFnu  8079A  -0.593   6.1102      Ca A  3671A  -3.253   0.0134      H  1  9546A  -2.684   0.0496      recombination...............            
 nInu  8079A  -0.393   9.6973      Ca A 1.875m  -1.890   0.3089      H  1  9229A  -2.790   0.0389      C  1 1.069m  -4.129   0.0018            
 nFnu  6210A  -0.849   3.3945      Ca A 1.282m  -2.205   0.1494      H  1  9015A  -2.829   0.0355      O  1  1357A  -3.642   0.0055            
 nInu  6210A  -0.215  14.6055      Ca A 1.094m  -2.462   0.0827      H  1 4.051m  -2.529   0.0709      C  1  1140A  -2.861   0.0330            
 nFnu  4885A  -1.196   1.5246      Ca A 1.005m  -2.668   0.0515      H  1 2.625m  -2.740   0.0436      N  1 980.7A  -4.286   0.0012            
 nInu  4885A  -0.004  23.7385      Ca A  9546A  -2.835   0.0351      H  1 2.166m  -2.915   0.0292      O  1  7950A  -4.171   0.0016            
 nFnu  3704A  -1.755   0.4217      Ca A  9229A  -2.971   0.0256      H  1 1.945m  -3.055   0.0211      level2 lines................            
 nInu  3704A   0.213  39.1025      Ca A  9015A  -3.082   0.0198      H  1 1.817m  -3.160   0.0166      C  1 943.9A  -3.311   0.0117            
 nFnu  3588A  -0.011  23.3417      Ca A  8863A  -3.175   0.0160      H  1 1.736m  -3.199   0.0152      C  1  1248A  -3.459   0.0083            
 nInu  3588A   0.385  58.1114      Ca A  8750A  -3.253   0.0134      H  1 7.458m  -3.061   0.0208      C  1 841.0A  -4.101   0.0019            
 nFnu  2430A  -1.471   0.8102      Ca A  8665A  -3.319   0.0115      H  1 4.653m  -3.213   0.0147      C  1  1561A  -3.690   0.0049            
 nInu  2430A   0.625 101.0374      Ca A  8598A  -3.376   0.0101      H  1 3.740m  -3.348   0.0108      C  1  1315A  -3.516   0.0073            
 nFnu  2392A  -1.534   0.7010      Ca A  8545A  -3.426   0.0090      H  1 3.296m  -3.451   0.0085      C  1  1166A  -3.580   0.0063            
 nInu  2392A   0.638 104.1154      Ca A  8502A  -3.470   0.0081      H  1 3.038m  -3.489   0.0078      C  1  1233A  -3.603   0.0060            
 nFnu  2071A  -1.943   0.2734      Ca A  8467A  -3.509   0.0074      H  1 12.37m  -3.490   0.0078      C  1  1132A  -3.646   0.0054            
 nInu  2071A   0.747 133.7776      Ca A  8438A  -3.544   0.0068      H  1 7.500m  -3.598   0.0060      C  1  1251A  -3.618   0.0058            
 nFnu  2053A  -1.969   0.2574      Ca A  8413A  -3.578   0.0063      H  1 5.907m  -3.694   0.0048      C  1  1112A  -3.660   0.0052            
 nInu  2053A   0.746 133.6306      Ca A  8392A  -3.612   0.0058      H  1 5.127m  -3.729   0.0045      C  1  1115A  -3.683   0.0050            
 nFnu  1793A  -2.103   0.1892      Ca A  8374A  -3.648   0.0054      H  1 19.06m  -3.840   0.0035      C  1  1162A  -3.746   0.0043            
 nInu  1793A   0.850 169.6710      Ca A  8359A  -3.686   0.0049      H  1 11.31m  -3.909   0.0030      C  1  1167A  -3.759   0.0042            
 nFnu  1585A  -2.006   0.2364      Ca A  8346A  -3.725   0.0045      H  1 8.758m  -3.936   0.0028      C  1  1104A  -3.684   0.0050            
 nInu  1585A   0.829 161.6632      Ca A  8334A  -3.766   0.0041      H  1 27.80m  -4.125   0.0018      C  1  1109A  -3.712   0.0047            
 nFnu  1458A  -1.646   0.5419      Ca A 4.051m  -2.504   0.0750      H  1 16.20m  -4.125   0.0018      C  1  1130A  -3.924   0.0029            
 nInu  1458A   0.942 209.8017      Ca A 2.625m  -2.747   0.0430      H  1 38.86m  -4.320   0.0011      C  1  1098A  -3.795   0.0038            
 nFnu  1357A  -1.810   0.3713      Ca A 2.166m  -2.960   0.0262      He-like iso-sequence........      C  1  1132A  -3.830   0.0035            
 nInu  1357A   1.012 246.3612      Ca A 1.945m  -3.141   0.0173      Clin 506.0A  -3.377   0.0100      C  1  1106A  -3.863   0.0033            
 nFnu  1297A  -1.824   0.3592      Ca A 1.817m  -3.292   0.0122      Hlin 506.0A  -3.803   0.0038      C  1  1093A  -3.932   0.0028            
 nInu  1297A   1.041 263.3904      Ca A 1.736m  -3.417   0.0092      Ca B  2945A  -4.000   0.0024      C  1  1110A  -4.055   0.0021            
 nFnu  1263A  -1.811   0.3699      Ca A 1.681m  -3.520   0.0072      Ca B  3188A  -3.680   0.0050      C  1  1114A  -4.071   0.0020            
 nInu  1263A   1.046 266.5302      Ca A 1.641m  -3.606   0.0059      Ca B  3889A  -3.268   0.0129      C  1  1115A  -4.079   0.0020            
 nFnu  1218A  -0.660   5.2482      Ca A 1.611m  -3.677   0.0050      Ca B  3965A  -4.255   0.0013      C  1  1090A  -4.042   0.0022            
 nInu  1218A   1.065 278.6146      Ca A 1.588m  -3.737   0.0044      Ca B  4026A  -3.902   0.0030      C  1  1104A  -4.151   0.0017            
 nFnu  1196A  -1.371   1.0193      Ca A 1.570m  -3.789   0.0039      Ca B  4471A  -3.567   0.0065      C  1  1104A  -4.158   0.0017            
 nInu  1196A   1.051 269.5702      Ca A 1.556m  -3.835   0.0035      Ca B  4922A  -4.129   0.0018      C  1  1098A  -4.307   0.0012            
 nFnu  1175A  -1.448   0.8550      Ca A 1.544m  -3.874   0.0032      Ca B  5016A  -3.848   0.0034      C  1  1097A  -4.322   0.0011            
 nInu  1175A   1.047 266.9611      Ca A 1.534m  -3.910   0.0029      Ca B  5876A  -3.092   0.0194      C  2 892.8A  -3.973   0.0026            
 nFnu  1144A  -1.567   0.6497      Ca A 1.526m  -3.944   0.0027      Ca B  6678A  -3.638   0.0055      C  2  1020A  -3.547   0.0068            
 nInu  1144A   1.125 319.4695      Ca A 1.519m  -3.979   0.0025      Ca B  7065A  -3.937   0.0028      N  1 942.3A  -3.682   0.0050            
 nFnu  1113A  -1.625   0.5681      Ca A 1.513m  -4.015   0.0023      Ca B 1.083m  -2.274   0.1276      N  1 952.1A  -3.744   0.0043            
 nInu  1113A   1.042 263.9979      Ca A 1.508m  -4.053   0.0021      Ca B 1.278m  -4.325   0.0011      N  1  1131A  -3.908   0.0030            
 nFnu  1103A  -1.278   1.2649      Ca A 1.504m  -4.092   0.0019      Ca B 1.869m  -3.937   0.0028      O  1 867.3A  -3.959   0.0026            
 nInu  1103A   1.140 330.9677      Ca A 1.500m  -4.133   0.0018      Ca B 2.058m  -3.456   0.0084      O  1 976.8A  -3.583   0.0063            
 nFnu  1074A  -1.425   0.9007      Ca A 7.458m  -3.011   0.0234      He 1     0   -1.653   0.5324      O  1 767.7A  -4.324   0.0011            
 nInu  1074A   1.128 321.7371      Ca A 4.653m  -3.206   0.0149      He 1 584.3A  -2.827   0.0357      O  1 969.0A  -3.523   0.0072            
 nFnu  1064A  -1.471   0.8104      Ca A 3.740m  -3.389   0.0098      He 1 537.0A  -3.899   0.0030      O  1 946.4A  -3.664   0.0052            
 nInu  1064A   1.167 351.9250      Ca A 3.296m  -3.547   0.0068      He 1 522.2A  -4.020   0.0023      O  1 934.5A  -3.731   0.0045            
 nFnu  1036A  -1.553   0.6707      Ca A 3.038m  -3.680   0.0050      He 1 515.6A  -3.990   0.0025      O  1 973.6A  -3.872   0.0032            
 nInu  1036A   1.128 321.6688      Ca A 2.872m  -3.791   0.0039      He 1 512.1A  -3.949   0.0027      O  1 927.5A  -3.927   0.0028            
 nFnu  1000A  -1.605   0.5957      Ca A 2.758m  -3.881   0.0031      TOTL 1.083m  -2.394   0.0967      O  1 948.5A  -4.053   0.0021            
 nInu  1000A   1.130 323.4810      Ca A 2.674m  -3.956   0.0027      He 1 1.083m  -2.394   0.0967      O  1 923.0A  -4.120   0.0018            
 nFnu 925.1A  -1.565   0.6530      Ca A 2.612m  -4.019   0.0023      He 1 1.083m  -3.348   0.0107      O  1 919.9A  -4.259   0.0013            
 nInu 925.1A   1.080 287.9552      Ca A 2.564m  -4.072   0.0020      He 1 1.083m  -2.871   0.0322      O  1 935.7A  -4.214   0.0015            
 nFnu 897.8A   0.286  46.2673      Ca A 2.525m  -4.119   0.0018      He 1 1.083m  -2.649   0.0537      O  1 917.7A  -4.377   0.0010            
 nInu 897.8A  -2.490   0.0775      Ca A 2.495m  -4.159   0.0017      He 1  3889A  -3.355   0.0106      Al 2  1671A  -3.838   0.0035            
 nFnu 760.0A  -1.850   0.3387      Ca A 2.469m  -4.195   0.0015      He 1  3188A  -3.768   0.0041      Si 2  1180A  -3.480   0.0079            
 nInu 760.0A  -1.367   1.0300      Ca A 2.448m  -4.230   0.0014      He 1  2945A  -4.091   0.0019      Si 2 993.4A  -3.731   0.0044            
 nFnu 701.5A  -2.277   0.1265      Ca A 2.431m  -4.264   0.0013      He 1  2829A  -4.350   0.0011      Si 2  1024A  -4.243   0.0014            
 nInu 701.5A  -1.030   2.2384      Ca A 2.416m  -4.301   0.0012      He 1 2.058m  -3.929   0.0028      S  1  1356A  -4.255   0.0013            
 nFnu 608.2A  -3.903   0.0030      Ca A 2.403m  -4.339   0.0011      He 1  5016A  -3.924   0.0029      S  2 750.3A  -4.298   0.0012            
 nInu 608.2A  -0.587   6.2067      Ca A 2.392m  -4.378   0.0010      He 1  3965A  -4.302   0.0012      Ar 1  1096A  -4.023   0.0023            
 nFnu 575.1A  -3.279   0.0126      Ca A 12.37m  -3.443   0.0086      He 1  7065A  -4.045   0.0022      P  2 963.8A  -4.361   0.0010            
 nInu 575.1A  -0.420   9.1132      Ca A 7.500m  -3.604   0.0060      He 1  5876A  -3.140   0.0173      Ti 2  3366A  -2.897   0.0304            
 nInu 511.9A  -0.225  14.2790      Ca A 5.907m  -3.762   0.0041      He 1  4471A  -3.633   0.0056      Ti 2  3238A  -3.216   0.0146            
 nFnu 496.9A  -0.875   3.1981      Ca A 5.127m  -3.899   0.0030      He 1  4026A  -3.974   0.0025      Cr 1  4271A  -3.244   0.0137            
 nInu 496.9A  -0.706   4.7155      Ca A 4.671m  -4.014   0.0023      He 1  3820A  -4.234   0.0014      Cr 1  3591A  -3.353   0.0106            
 nInu 399.2A  -0.534   7.0133      Ca A 4.375m  -4.108   0.0019      He 1  6678A  -3.682   0.0050      Mn 2  2590A  -3.217   0.0145            
 RRC.........................      Ca A 4.170m  -4.186   0.0016      He 1  4922A  -4.192   0.0015      hyperfine structure.........            
 H  1 911.8A  -0.975   2.5386      Ca A 4.020m  -4.250   0.0013      He 1 1.869m  -3.963   0.0026      inner shell.................            
 H  1  3646A  -1.413   0.9260      Ca A 3.906m  -4.305   0.0012      He 1 1.278m  -4.378   0.0010      molecules...................            
 H  1  3646A  -1.021   2.2810      Ca A 3.818m  -4.352   0.0011      Pho+  3889A  -2.162   0.1652      H2vH     0   -2.644   0.0544            
 H  1  8204A  -2.178   0.1589      Ca A 19.06m  -3.819   0.0036      database lines..............      H-FB     0   -1.454   0.8427            
 H  1  8204A  -1.735   0.4410      Ca A 11.31m  -3.954   0.0027      level 1 lines...............      H-FF     0   -1.582   0.6279            
 H  1  8204A  -1.765   0.4118      Ca A 8.758m  -4.089   0.0020      C  1  1656A  -2.941   0.0274      H-CT  6563A  -1.138   1.7429            
 H  1 1.458m  -2.700   0.0478      Ca A 7.506m  -4.205   0.0015      REC   1656A  -3.085   0.0197      H2+      0   -1.716   0.4605            
 H  1 1.458m  -2.248   0.1352      Ca A 6.770m  -4.302   0.0012      C Ic  9850A  -2.354   0.1061      HEH+     0   -3.543   0.0069            
 H  1 1.458m  -2.167   0.1631      Ca A 27.80m  -4.151   0.0017      TOTL  9850A  -2.354   0.1061            

                                                    Emergent line intensities
 general properties..........      nInu 399.2A  -0.534   7.0134      Ca B 2.625m  -2.671   0.0511      Ne 2 12.81m  -3.399   0.0096            
 TOTL  4861A  -1.380   1.0000      RRC.........................      Ca B 2.166m  -2.871   0.0322      Na 1  5892A  -1.914   0.2921            
 TOTL  1216A   0.151  33.9289      grains......................      Ca B 1.945m  -3.036   0.0221      Mg 1  4561A  -3.847   0.0034            
 continua....................      H-like iso-sequence.........      Ca B 1.817m  -3.172   0.0161      Mg 1  2853A  -3.423   0.0090            
 Bac   3646A   0.026  25.4374      Cool  1216A  -4.021   0.0023      Ca B 1.736m  -3.287   0.0124      TOTL  2798A  -1.153   1.6854            
 nFnu  3645A   0.033  25.8749      Crst 960.0A  -4.238   0.0014      Ca B 1.681m  -3.387   0.0098      Mg 2  2796A  -1.333   1.1137            
 nFnu  3647A  -1.739   0.4375      Ca B  1216A   0.153  34.0794      Ca B 1.641m  -3.473   0.0081      Mg 2  2803A  -1.622   0.5717            
 cout  3646A  -0.275  12.7187      Q(H)  4861A  -1.271   1.2847      Ca B 1.611m  -3.550   0.0068      totl  2665A  -2.919   0.0289            
 cref  3646A  -0.275  12.7187      Q(H)  1216A   0.213  39.1569      Ca B 1.588m  -3.617   0.0058      Al 2  2670A  -2.919   0.0289            
 thin  3646A   0.026  25.4374      CaBo  4861A  -3.503   0.0075      Ca B 1.570m  -3.679   0.0050      Si 2 34.81m  -3.502   0.0075            
 Inci  4860A  -0.002  23.8630      Ca A  1216A   0.046  26.6449      Ca B 1.556m  -3.734   0.0044      TOTL  2335A  -3.023   0.0227            
 Inci  1215A   1.067 279.7293      Ca A  1026A  -0.682   4.9871      Ca B 1.544m  -3.785   0.0039      Si 2  2334A  -4.023   0.0023            
 FIR  83.00m  -0.432   8.8717      Ca A 972.5A  -1.081   1.9874      Ca B 1.534m  -3.833   0.0035      Si 2  2350A  -4.135   0.0018            
 TIR   1800m  -2.681   0.0500      Ca A 949.7A  -1.347   1.0780      Ca B 1.526m  -3.879   0.0032      Si 2  2344A  -3.497   0.0076            
 NIRa 2.850m  -0.101  19.0030      Ca A 937.8A  -1.525   0.7159      Ca B 1.519m  -3.924   0.0029      Si 2  2336A  -3.339   0.0110            
 NIRb 3.000m  -0.549   6.7620      Ca A 930.8A  -1.645   0.5430      Ca B 1.513m  -3.969   0.0026      Si 2  1814A  -4.072   0.0020            
 MIRa 15.00m  -0.914   2.9244      Ca A 926.2A  -1.725   0.4510      Ca B 1.508m  -4.015   0.0023      Si 2  1531A  -3.883   0.0031            
 MIRb 22.50m  -0.718   4.5858      Ca A 923.2A  -1.783   0.3953      Ca B 1.504m  -4.061   0.0021      Si 2  1308A  -3.790   0.0039            
 NMIR 21.75m  -0.101  19.0030      Ca A 921.0A  -1.832   0.3528      Ca B 1.500m  -4.107   0.0019      Si 2  1263A  -3.507   0.0075            
 TFIR 611.2m  -0.944   2.7255      Ca A 919.4A  -1.881   0.3149      Ca B 7.458m  -2.945   0.0272      P  2 1.640m  -3.351   0.0107            
 TALL 10000A   1.152 340.0045      Ca A 918.1A  -1.931   0.2807      Ca B 4.653m  -3.130   0.0178      P  2  4669A  -3.841   0.0035            
 F12  12.00m  -1.407   0.9380      Ca A 917.2A  -1.980   0.2510      Ca B 3.740m  -3.299   0.0120      P  2  4737A  -4.318   0.0012            
 F25  25.00m  -1.261   1.3146      Ca A 916.4A  -2.026   0.2256      Ca B 3.296m  -3.442   0.0087      P  2 1.189m  -3.584   0.0062            
 F60  60.00m  -0.829   3.5526      Ca A 915.8A  -2.069   0.2043      Ca B 3.038m  -3.563   0.0066      P  2 1.147m  -4.061   0.0021            
 F100 100.0m  -1.020   2.2892      Ca A 915.3A  -2.109   0.1865      Ca B 2.872m  -3.666   0.0052      S  1 25.19m  -3.895   0.0031            
 MIPS 24.00m  -1.559   0.6619      Ca A 914.9A  -2.145   0.1716      Ca B 2.758m  -3.755   0.0042      S 1R  1807A  -3.964   0.0026            
 MIPS 70.00m  -1.186   1.5628      Ca A 914.6A  -2.179   0.1589      Ca B 2.674m  -3.833   0.0035      S  2  6720A  -3.512   0.0074            
 MIPS 160.0m  -1.416   0.9205      Ca A 914.3A  -2.211   0.1473      Ca B 2.612m  -3.902   0.0030      S  2  4074A  -2.300   0.1202            
 IRAC 3.600m  -1.852   0.3367      Ca A 914.0A  -2.245   0.1363      Ca B 2.564m  -3.964   0.0026      S  2 1.033m  -2.492   0.0771            
 IRAC 4.500m  -1.811   0.3700      Ca A 913.8A  -2.280   0.1257      Ca B 2.525m  -4.020   0.0023      S II  6731A  -3.670   0.0051            
 IRAC 5.800m  -1.897   0.3034      Ca A 913.6A  -2.318   0.1153      Ca B 2.495m  -4.071   0.0020      S II  6716A  -4.028   0.0022            
 IRAC 8.000m  -1.675   0.5065      Ca A 913.5A  -2.357   0.1054      Ca B 2.469m  -4.119   0.0018      S II  4070A  -2.382   0.0995            
 SPR1 250.0m  -1.835   0.3504      Ca A 913.3A  -2.397   0.0961      Ca B 2.448m  -4.164   0.0016      S II  4078A  -3.062   0.0208            
 SPR2 350.0m  -2.266   0.1299      Ca A  6563A  -1.090   1.9470      Ca B 2.431m  -4.210   0.0015      S II 1.032m  -2.873   0.0321            
 SPR3 500.0m  -2.643   0.0545      Ca A  4861A  -1.535   0.6997      Ca B 2.416m  -4.255   0.0013      S II 1.029m  -3.008   0.0235            
 PAC1 70.00m  -1.124   1.8013      Ca A  4340A  -1.856   0.3338      Ca B 2.403m  -4.301   0.0012      S II 1.037m  -3.521   0.0072            
 PAC2 100.0m  -1.015   2.3155      Ca A  4102A  -2.097   0.1918      Ca B 2.392m  -4.347   0.0011      S II 1.034m  -3.224   0.0143            
 PAC3 160.0m  -1.158   1.6636      Ca A  3970A  -2.278   0.1262      Ca B 12.37m  -3.373   0.0102      S  2  1256A  -4.351   0.0011            
 PAH  3.300m  -2.641   0.0547      Ca A  3889A  -2.417   0.0917      Ca B 7.500m  -3.523   0.0072      Cl 2 14.40m  -3.922   0.0029            
 PAHC 3.230m  -2.965   0.0260      Ca A  3835A  -2.527   0.0713      Ca B 5.907m  -3.666   0.0052      Cl 2  8579A  -2.827   0.0357            
 PAHC 3.370m  -3.053   0.0212      Ca A  3798A  -2.616   0.0580      Ca B 5.127m  -3.790   0.0039      Cl 2  9124A  -3.405   0.0094            
 PAH  6.200m  -2.371   0.1020      Ca A  3771A  -2.693   0.0486      Ca B 4.671m  -3.896   0.0030      Ar 2 6.980m  -3.539   0.0069            
 PAHC 5.650m  -2.358   0.1051      Ca A  3750A  -2.759   0.0417      Ca B 4.375m  -3.987   0.0025      K  1  7676A  -2.587   0.0621            
 PAH  7.900m  -2.092   0.1941      Ca A  3734A  -2.818   0.0364      Ca B 4.170m  -4.066   0.0021      Ca 1  4228A  -1.430   0.8902            
 PAHC 6.900m  -2.106   0.1878      Ca A  3722A  -2.871   0.0322      Ca B 4.020m  -4.136   0.0018      Ca 2  3933A  -1.423   0.9053            
 PAH  11.30m  -2.610   0.0589      Ca A  3712A  -2.918   0.0289      Ca B 3.906m  -4.198   0.0015      Ca 2  8579A  -2.742   0.0434            
 PAHC 10.90m  -2.624   0.0569      Ca A  3704A  -2.960   0.0263      Ca B 3.818m  -4.254   0.0013      Ca 2  7306A  -1.298   1.2062            
 PAH  11.80m  -2.399   0.0957      Ca A  3697A  -2.998   0.0241      Ca B 3.748m  -4.305   0.0012      Ca2K  3934A  -1.608   0.5911            
 PAHC 12.65m  -2.324   0.1136      Ca A  3692A  -3.032   0.0222      Ca B 3.692m  -4.353   0.0011      Ca2H  3969A  -1.882   0.3142            
 PAH  13.30m  -2.355   0.1058      Ca A  3687A  -3.066   0.0206      Ca B 19.06m  -3.742   0.0043      Ca2X  8498A  -3.889   0.0031            
 PAHC 14.10m  -2.347   0.1077      Ca A  3683A  -3.100   0.0190      Ca B 11.31m  -3.865   0.0033      Ca2Y  8542A  -2.933   0.0280            
 Bcon  3640A   1.065 278.1354      Ca A  3679A  -3.136   0.0175      Ca B 8.758m  -3.986   0.0025      Ca2Z  8662A  -3.290   0.0123            
 Pcon  5000A   0.093  29.7135      Ca A  3676A  -3.173   0.0161      Ca B 7.506m  -4.092   0.0019      CaF1  7291A  -1.518   0.7271            
 nFnu 122.4m  -3.027   0.0225      Ca A  3674A  -3.212   0.0147      Ca B 6.770m  -4.184   0.0016      CaF2  7324A  -1.699   0.4791            
 nInu 122.4m  -0.607   5.9276      Ca A  3671A  -3.253   0.0134      Ca B 6.290m  -4.264   0.0013      Fe 2  4300A  -1.133   1.7639            
 nFnu 60.83m  -2.755   0.0422      Ca A 1.875m  -1.890   0.3089      Ca B 5.955m  -4.334   0.0011      Fe 2  2400A  -1.359   1.0485            
 nInu 60.83m  -0.654   5.3149      Ca A 1.282m  -2.205   0.1494      Ca B 27.80m  -4.065   0.0021      Fe 2  6200A  -3.723   0.0045            
 nFnu 41.22m  -2.580   0.0630      Ca A 1.094m  -2.462   0.0827      Ca B 16.20m  -4.164   0.0016      Fe 2 1.150m  -4.162   0.0017            
 nInu 41.22m  -0.766   4.1040      Ca A 1.005m  -2.668   0.0515      Ca B 12.38m  -4.267   0.0013      Fe 2 25.98m  -2.976   0.0253            
 nFnu 30.87m  -2.459   0.0833      Ca A  9546A  -2.835   0.0351      Ca B 10.50m  -4.358   0.0011      Fe 2 5.339m  -3.981   0.0025            
 nInu 30.87m  -0.869   3.2422      Ca A  9229A  -2.971   0.0256      Ca B 38.86m  -4.350   0.0011      Fe 2 1.257m  -2.310   0.1174            
 nFnu 24.78m  -2.366   0.1032      Ca A  9015A  -3.082   0.0198      H  1  1216A   0.151  33.9289      Fe 2 35.34m  -3.393   0.0097            
 nInu 24.78m  -0.948   2.7017      Ca A  8863A  -3.175   0.0160      H  1  1026A  -2.990   0.0245      Fe 2 1.321m  -2.888   0.0310            
 nFnu 24.30m  -2.358   0.1051      Ca A  8750A  -3.253   0.0134      H  1 972.5A  -3.148   0.0170      Fe 2 1.249m  -3.542   0.0069            
 nInu 24.30m  -0.955   2.6573      Ca A  8665A  -3.319   0.0115      H  1 949.7A  -3.253   0.0134      Fe 2  7638A  -2.844   0.0343            
 nFnu 22.83m  -2.331   0.1119      Ca A  8598A  -3.376   0.0101      H  1 937.8A  -3.377   0.0101      Fe 2 51.29m  -4.089   0.0020            
 nInu 22.83m  -0.977   2.5283      Ca A  8545A  -3.426   0.0090      H  1 930.8A  -3.489   0.0078      Fe 2 1.372m  -3.112   0.0185            
 nFnu 21.42m  -2.305   0.1188      Ca A  8502A  -3.470   0.0081      H  1 926.2A  -3.531   0.0071      Fe 2 1.294m  -2.874   0.0320            
 nInu 21.42m  -1.000   2.3957      Ca A  8467A  -3.509   0.0074      H  1 923.2A  -3.524   0.0072      Fe 2  7687A  -3.036   0.0221            
 nFnu 21.12m  -2.299   0.1204      Ca A  8438A  -3.544   0.0068      H  1 921.0A  -3.464   0.0082      Fe 2 1.328m  -3.120   0.0182            
 nInu 21.12m  -1.006   2.3661      Ca A  8413A  -3.578   0.0063      H  1  6563A  -0.927   2.8372      Fe 2 1.279m  -2.986   0.0247            
 nFnu 19.62m  -2.267   0.1296      Ca A  8392A  -3.612   0.0058      H  1  4861A  -1.380   1.0000      Fe 2 1.252m  -3.885   0.0031            
 nInu 19.62m  -1.031   2.2297      Ca A  8374A  -3.648   0.0054      H  1  4340A  -1.686   0.4941      Fe 2  7665A  -3.402   0.0095            
 nFnu 17.65m  -2.219   0.1449      Ca A  8359A  -3.686   0.0049      H  1  4102A  -1.882   0.3142      Fe 2 1.298m  -3.350   0.0107            
 nInu 17.65m  -1.075   2.0178      Ca A  8346A  -3.725   0.0045      H  1  3970A  -2.037   0.2201      Fe 2 1.270m  -3.172   0.0161            
 nFnu 17.37m  -2.213   0.1468      Ca A  8334A  -3.766   0.0041      H  1  3889A  -2.170   0.1619      Fe 2  7874A  -3.894   0.0031            
 nInu 17.37m  -1.081   1.9905      Ca A 4.051m  -2.504   0.0750      H  1  3835A  -2.275   0.1273      Fe 2  7733A  -3.918   0.0029            
 nFnu 15.69m  -2.174   0.1605      Ca A 2.625m  -2.747   0.0430      H  1  3798A  -2.314   0.1163      Fe 2 17.93m  -2.633   0.0558            
 nInu 15.69m  -1.120   1.8178      Ca A 2.166m  -2.960   0.0262      H  1 1.875m  -1.870   0.3233      Fe 2 1.644m  -2.383   0.0993            
 nFnu 14.60m  -2.141   0.1734      Ca A 1.945m  -3.141   0.0173      H  1 1.282m  -2.159   0.1661      Fe 2 1.533m  -2.819   0.0363            
 nInu 14.60m  -1.148   1.7059      Ca A 1.817m  -3.292   0.0122      H  1 1.094m  -2.377   0.1005      Fe 2  8617A  -2.265   0.1301            
 nFnu 12.43m  -2.070   0.2040      Ca A 1.736m  -3.417   0.0092      H  1 1.005m  -2.546   0.0681      Fe 2 24.51m  -3.109   0.0186            
 nInu 12.43m  -1.213   1.4686      Ca A 1.681m  -3.520   0.0072      H  1  9546A  -2.684   0.0496      Fe 2 1.809m  -3.086   0.0197            
 nFnu 11.40m  -2.039   0.2193      Ca A 1.641m  -3.606   0.0059      H  1  9229A  -2.790   0.0389      Fe 2 1.677m  -2.959   0.0264            
 nInu 11.40m  -1.246   1.3596      Ca A 1.611m  -3.677   0.0050      H  1  9015A  -2.829   0.0355      Fe 2 1.599m  -2.925   0.0285            
 nFnu 10.46m  -1.997   0.2414      Ca A 1.588m  -3.737   0.0044      H  1 4.051m  -2.529   0.0709      Fe 2  9052A  -2.924   0.0286            
 nInu 10.46m  -1.280   1.2586      Ca A 1.570m  -3.789   0.0039      H  1 2.625m  -2.740   0.0436      Fe 2  8892A  -2.679   0.0502            
 nFnu 9.480m  -1.961   0.2619      Ca A 1.556m  -3.835   0.0035      H  1 2.166m  -2.915   0.0292      Fe 2 35.77m  -3.924   0.0029            
 nInu 9.480m  -1.319   1.1495      Ca A 1.544m  -3.874   0.0032      H  1 1.945m  -3.055   0.0211      Fe 2 1.800m  -3.130   0.0177            
 nFnu 9.325m  -1.956   0.2651      Ca A 1.534m  -3.910   0.0029      H  1 1.817m  -3.160   0.0166      Fe 2 1.711m  -3.507   0.0075            
 nInu 9.325m  -1.325   1.1340      Ca A 1.526m  -3.944   0.0027      H  1 1.736m  -3.199   0.0152      Fe 2 1.664m  -3.213   0.0147            
 nFnu 8.210m  -1.897   0.3035      Ca A 1.519m  -3.979   0.0025      H  1 7.458m  -3.061   0.0208      Fe 2  9399A  -3.700   0.0048            
 nInu 8.210m  -1.376   1.0077      Ca A 1.513m  -4.015   0.0023      H  1 4.653m  -3.213   0.0147      Fe 2  9227A  -2.935   0.0278            
 nFnu 7.580m  -1.871   0.3223      Ca A 1.508m  -4.053   0.0021      H  1 3.740m  -3.348   0.0108      Fe 2  9033A  -3.151   0.0169            
 nInu 7.580m  -1.408   0.9375      Ca A 1.504m  -4.092   0.0019      H  1 3.296m  -3.451   0.0085      Fe 2 1.797m  -3.280   0.0126            
 nFnu 7.050m  -1.829   0.3553      Ca A 1.500m  -4.133   0.0018      H  1 3.038m  -3.489   0.0078      Fe 2 1.745m  -3.521   0.0072            
 nInu 7.050m  -1.435   0.8797      Ca A 7.458m  -3.011   0.0234      H  1 12.37m  -3.490   0.0078      Fe 2  9471A  -3.501   0.0076            
 nFnu 4.114m  -1.617   0.5787      Ca A 4.653m  -3.206   0.0149      H  1 7.500m  -3.598   0.0060      Fe 2  9268A  -3.046   0.0216            
 nInu 4.114m  -1.529   0.7096      Ca A 3.740m  -3.389   0.0098      H  1 5.907m  -3.694   0.0048      Fe 2 22.90m  -4.044   0.0022            
 nFnu 2.324m  -1.498   0.7610      Ca A 3.296m  -3.547   0.0068      H  1 5.127m  -3.729   0.0045      Fe 2 1.811m  -3.720   0.0046            
 nInu 2.324m  -1.291   1.2263      Ca A 3.038m  -3.680   0.0050      H  1 19.06m  -3.840   0.0035      Fe 2 1.748m  -3.921   0.0029            
 nFnu 1.643m  -1.416   0.9189      Ca A 2.872m  -3.791   0.0039      H  1 11.31m  -3.909   0.0030      Fe 2 1.813m  -4.173   0.0016            
 nInu 1.643m  -1.054   2.1148      Ca A 2.758m  -3.881   0.0031      H  1 8.758m  -3.936   0.0028      Fe2b  7000A  -2.542   0.0688            
 nFnu 1.480m  -1.354   1.0613      Ca A 2.674m  -3.956   0.0027      H  1 27.80m  -4.125   0.0018      Fe2b 10000A  -1.450   0.8503            
 nInu 1.480m  -1.002   2.3859      Ca A 2.612m  -4.019   0.0023      H  1 16.20m  -4.125   0.0018      Fe2b  7445A  -2.542   0.0688            
 nFnu 1.436m  -1.079   1.9957      Ca A 2.564m  -4.072   0.0020      H  1 38.86m  -4.320   0.0011      Fe2b  8625A  -1.928   0.2830            
 nInu 1.436m  -0.884   3.1334      Ca A 2.525m  -4.119   0.0018      He-like iso-sequence........      Fe2b 1.033m  -3.501   0.0076            
 nFnu 1.119m  -0.970   2.5657      Ca A 2.495m  -4.159   0.0017      Clin 506.0A  -3.377   0.0100      Fe2b 1.889m  -2.500   0.0759            
 nInu 1.119m  -0.731   4.4488      Ca A 2.469m  -4.195   0.0015      Hlin 506.0A  -3.803   0.0038      Fe 2  1786A  -3.676   0.0051            
 nFnu  8330A  -0.949   2.6941      Ca A 2.448m  -4.230   0.0014      Ca B  2945A  -4.000   0.0024      recombination...............            
 nInu  8330A  -0.541   6.8884      Ca A 2.431m  -4.264   0.0013      Ca B  3188A  -3.680   0.0050      C  1 1.069m  -4.129   0.0018            
 nFnu  8079A  -0.593   6.1102      Ca A 2.416m  -4.301   0.0012      Ca B  3889A  -3.268   0.0129      O  1  1357A  -3.642   0.0055            
 nInu  8079A  -0.393   9.6974      Ca A 2.403m  -4.339   0.0011      Ca B  3965A  -4.255   0.0013      C  1  1140A  -2.861   0.0330            
 nFnu  6210A  -0.849   3.3945      Ca A 2.392m  -4.378   0.0010      Ca B  4026A  -3.902   0.0030      N  1 980.7A  -4.292   0.0012            
 nInu  6210A  -0.215  14.6056      Ca A 12.37m  -3.443   0.0086      Ca B  4471A  -3.567   0.0065      O  1  7950A  -4.171   0.0016            
 nFnu  4885A  -1.196   1.5246      Ca A 7.500m  -3.604   0.0060      Ca B  4922A  -4.129   0.0018      level2 lines................            
 nInu  4885A  -0.004  23.7387      Ca A 5.907m  -3.762   0.0041      Ca B  5016A  -3.848   0.0034      C  1 943.9A  -3.314   0.0116            
 nFnu  3704A  -1.755   0.4217      Ca A 5.127m  -3.899   0.0030      Ca B  5876A  -3.092   0.0194      C  1  1248A  -3.459   0.0083            
 nInu  3704A   0.213  39.1028      Ca A 4.671m  -4.014   0.0023      Ca B  6678A  -3.638   0.0055      C  1  1561A  -3.690   0.0049            
 nFnu  3588A  -0.011  23.3419      Ca A 4.375m  -4.108   0.0019      Ca B  7065A  -3.937   0.0028      C  1  1315A  -3.516   0.0073            
 nInu  3588A   0.385  58.1119      Ca A 4.170m  -4.186   0.0016      Ca B 1.083m  -2.274   0.1276      C  1  1166A  -3.580   0.0063            
 nFnu  2430A  -1.471   0.8102      Ca A 4.020m  -4.250   0.0013      Ca B 1.278m  -4.325   0.0011      C  1  1233A  -3.603   0.0060            
 nInu  2430A   0.625 101.0383      Ca A 3.906m  -4.305   0.0012      Ca B 1.869m  -3.937   0.0028      C  1  1132A  -3.646   0.0054            
 nFnu  2392A  -1.534   0.7010      Ca A 3.818m  -4.352   0.0011      Ca B 2.058m  -3.456   0.0084      C  1  1251A  -3.618   0.0058            
 nInu  2392A   0.638 104.1164      Ca A 19.06m  -3.819   0.0036      He 1 584.3A  -3.028   0.0225      C  1  1112A  -3.660   0.0052            
 nFnu  2071A  -1.943   0.2734      Ca A 11.31m  -3.954   0.0027      He 1 537.0A  -3.938   0.0028      C  1  1115A  -3.683   0.0050            
 nInu  2071A   0.747 133.7788      Ca A 8.758m  -4.089   0.0020      He 1 522.2A  -4.062   0.0021      C  1  1162A  -3.746   0.0043            
 nFnu  2053A  -1.969   0.2574      Ca A 7.506m  -4.205   0.0015      He 1 515.6A  -4.035   0.0022      C  1  1167A  -3.759   0.0042            
 nInu  2053A   0.746 133.6318      Ca A 6.770m  -4.302   0.0012      He 1 512.1A  -4.002   0.0024      C  1  1104A  -3.690   0.0049            
 nFnu  1793A  -2.103   0.1892      Ca A 27.80m  -4.151   0.0017      TOTL 1.083m  -2.394   0.0967      C  1  1109A  -3.712   0.0047            
 nInu  1793A   0.850 169.6725      Ca A 16.20m  -4.263   0.0013      He 1 1.083m  -2.394   0.0967      C  1  1130A  -3.924   0.0029            
 nFnu  1585A  -2.006   0.2364      Ca A 12.38m  -4.376   0.0010      He 1 1.083m  -3.348   0.0107      C  1  1098A  -3.801   0.0038            
 nInu  1585A   0.829 161.6647      Ca B  6563A  -0.882   3.1467      He 1 1.083m  -2.871   0.0322      C  1  1132A  -3.830   0.0035            
 nFnu  1458A  -1.646   0.5419      Ca B  4861A  -1.334   1.1101      He 1 1.083m  -2.649   0.0537      C  1  1106A  -3.864   0.0033            
 nInu  1458A   0.942 209.8036      Ca B  4340A  -1.654   0.5317      He 1  3889A  -3.355   0.0106      C  1  1093A  -3.939   0.0028            
 nFnu  1357A  -1.810   0.3713      Ca B  4102A  -1.891   0.3079      He 1  3188A  -3.768   0.0041      C  1  1110A  -4.055   0.0021            
 nInu  1357A   1.012 246.3634      Ca B  3970A  -2.072   0.2028      He 1  2945A  -4.091   0.0019      C  1  1114A  -4.071   0.0020            
 nFnu  1297A  -1.824   0.3592      Ca B  3889A  -2.216   0.1458      He 1  2829A  -4.350   0.0011      C  1  1115A  -4.080   0.0020            
 nInu  1297A   1.041 263.3928      Ca B  3835A  -2.333   0.1112      He 1 2.058m  -3.929   0.0028      C  1  1090A  -4.048   0.0021            
 nFnu  1263A  -1.811   0.3699      Ca B  3798A  -2.434   0.0882      He 1  5016A  -3.924   0.0029      C  1  1104A  -4.157   0.0017            
 nInu  1263A   1.046 266.5325      Ca B  3771A  -2.523   0.0719      He 1  3965A  -4.302   0.0012      C  1  1104A  -4.164   0.0016            
 nFnu  1218A  -0.660   5.2482      Ca B  3750A  -2.603   0.0598      He 1  7065A  -4.045   0.0022      C  1  1098A  -4.314   0.0012            
 nInu  1218A   1.065 278.6171      Ca B  3734A  -2.675   0.0506      He 1  5876A  -3.140   0.0173      C  1  1097A  -4.329   0.0011            
 nFnu  1196A  -1.371   1.0193      Ca B  3722A  -2.741   0.0435      He 1  4471A  -3.633   0.0056      C  2  1020A  -3.552   0.0067            
 nInu  1196A   1.051 269.5726      Ca B  3712A  -2.801   0.0379      He 1  4026A  -3.974   0.0025      N  1 942.3A  -3.687   0.0049            
 nFnu  1175A  -1.448   0.8550      Ca B  3704A  -2.855   0.0334      He 1  3820A  -4.234   0.0014      N  1 952.1A  -3.750   0.0043            
 nInu  1175A   1.047 266.9634      Ca B  3697A  -2.906   0.0298      He 1  6678A  -3.682   0.0050      N  1  1131A  -3.908   0.0030            
 nFnu  1144A  -1.567   0.6497      Ca B  3692A  -2.953   0.0267      He 1  4922A  -4.192   0.0015      O  1 867.3A  -4.277   0.0013            
 nInu  1144A   1.125 319.4723      Ca B  3687A  -2.998   0.0240      He 1 1.869m  -3.963   0.0026      O  1 976.8A  -3.586   0.0062            
 nFnu  1113A  -1.625   0.5681      Ca B  3683A  -3.044   0.0217      He 1 1.278m  -4.378   0.0010      O  1 969.0A  -3.527   0.0071            
 nInu  1113A   1.042 264.0002      Ca B  3679A  -3.089   0.0195      Pho+  3889A  -2.162   0.1652      O  1 946.4A  -3.670   0.0051            
 nFnu  1103A  -1.278   1.2649      Ca B  3676A  -3.135   0.0176      database lines..............      O  1 934.5A  -3.736   0.0044            
 nInu  1103A   1.140 330.9707      Ca B  3674A  -3.181   0.0158      level 1 lines...............      O  1 973.6A  -3.878   0.0032            
 nFnu  1074A  -1.425   0.9007      Ca B  3671A  -3.227   0.0142      C  1  1656A  -2.941   0.0274      O  1 927.5A  -3.933   0.0028            
 nInu  1074A   1.128 321.7400      Ca B 1.875m  -1.806   0.3750      REC   1656A  -3.085   0.0197      O  1 948.5A  -4.059   0.0021            
 nFnu  1064A  -1.471   0.8104      Ca B 1.282m  -2.111   0.1855      C Ic  9850A  -2.354   0.1061      O  1 923.0A  -4.125   0.0018            
 nInu  1064A   1.167 351.9281      Ca B 1.094m  -2.355   0.1058      TOTL  9850A  -2.354   0.1061      O  1 919.9A  -4.265   0.0013            
 nFnu  1036A  -1.553   0.6707      Ca B 1.005m  -2.547   0.0680      C  1  8727A  -1.264   1.3048      O  1 935.7A  -4.221   0.0014            
 nInu  1036A   1.128 321.6717      Ca B  9546A  -2.700   0.0478      TOTL  2326A  -3.391   0.0097      Al 2  1671A  -3.838   0.0035            
 nFnu  1000A  -1.605   0.5957      Ca B  9229A  -2.826   0.0357      C  2  2328A  -3.962   0.0026      Si 2  1180A  -3.480   0.0079            
 nInu  1000A   1.130 323.4839      Ca B  9015A  -2.934   0.0279      C  2  2327A  -3.680   0.0050      Si 2 993.4A  -3.736   0.0044            
 nFnu 925.1A  -1.565   0.6530      Ca B  8863A  -3.028   0.0225      C  2  1335A  -3.607   0.0059      Si 2  1024A  -4.249   0.0014            
 nInu 925.1A   1.080 287.9578      Ca B  8750A  -3.111   0.0185      N  1 953.9A  -3.742   0.0043      S  1  1356A  -4.255   0.0013            
 nFnu 897.8A   0.286  46.2677      Ca B  8665A  -3.186   0.0156      N  1  1200A  -3.475   0.0080      Ar 1  1096A  -4.029   0.0022            
 nInu 897.8A  -2.490   0.0775      Ca B  8598A  -3.252   0.0134      N  1  3466A  -3.638   0.0055      P  2 963.8A  -4.368   0.0010            
 nFnu 760.0A  -1.850   0.3387      Ca B  8545A  -3.313   0.0117      N  1  3468A  -4.328   0.0011      Ti 2  3366A  -2.897   0.0304            
 nInu 760.0A  -1.367   1.0300      Ca B  8502A  -3.368   0.0103      TOTL  3467A  -3.557   0.0066      Ti 2  3238A  -3.216   0.0146            
 nFnu 701.5A  -2.277   0.1265      Ca B  8467A  -3.419   0.0091      N  1 1.040m  -3.140   0.0174      Cr 1  4271A  -3.244   0.0137            
 nInu 701.5A  -1.030   2.2384      Ca B  8438A  -3.466   0.0082      N  1 1.040m  -3.684   0.0050      Cr 1  3591A  -3.353   0.0106            
 nFnu 608.2A  -3.903   0.0030      Ca B  8413A  -3.512   0.0074      N  1 1.041m  -3.489   0.0078      Mn 2  2590A  -3.217   0.0145            
 nInu 608.2A  -0.587   6.2068      Ca B  8392A  -3.557   0.0066      N  1 1.041m  -3.501   0.0076      hyperfine structure.........            
 nFnu 575.1A  -3.279   0.0126      Ca B  8374A  -3.602   0.0060      TOTL 1.040m  -2.804   0.0377      inner shell.................            
 nInu 575.1A  -0.420   9.1133      Ca B  8359A  -3.648   0.0054      O  1  6300A  -1.491   0.7739      molecules...................            
 nInu 511.9A  -0.225  14.2791      Ca B  8346A  -3.694   0.0048      O  1  6363A  -1.987   0.2468      H-CT  6563A  -1.138   1.7429            
 nFnu 496.9A  -0.875   3.1981      Ca B  8334A  -3.740   0.0044      O  1  5577A  -3.115   0.0184            
 nInu 496.9A  -0.706   4.7155      Ca B 4.051m  -2.438   0.0874      O  1 63.17m  -3.262   0.0131            



                                                                           
 Cooling:  HFBc     0 :0.072 HFFc     0 :0.075 C  1  8727A:0.084 Fe2c     0 :0.248 H-FB     0 :0.054  
 Heating:  BFH1     0 :0.928  

 These are some of the most important databases used by Cloudy:
 Many recombination coefficients were taken from http://amdpp.phys.strath.ac.uk/tamoc/RR/ and http://amdpp.phys.strath.ac.uk/tamoc/DR/
      and are based on the following papers:
        Badnell N. R., et al., A&A 406, 1151 (2003) [http://adsabs.harvard.edu/abs/2003A%26A...406.1151B]
        Badnell N. R., ApJS 167, 334 (2006) [http://adsabs.harvard.edu/abs/2006ApJS..167..334B]
 Much of the molecular emission data is from LAMDA as accessed on Dec. 18, 2010. This database is described in:
        Schoeier F.L., et al., A&A 432, 369 (2005) [http://adsabs.harvard.edu/abs/2005A%26A...432..369S]
      This database is in part based on the work of the following groups:
        JPL: Pickett H. M. et al., JQSRT, 60, 883 (1998). [http://adsabs.harvard.edu/abs/1998JQSRT..60..883P]
        CDMS: Mueller H. S. et al., A&A 370, L49 (2001). [http://adsabs.harvard.edu/abs/2001A%26A...370L..49M]
              Mueller H. S. et al., J. Mol. Struct. 742, 215 (2005). [http://adsabs.harvard.edu/abs/2005JMoSt.742..215M]
 Much of the ionic emission data is from version 7.0 of CHIANTI. CHIANTI is a collaborative project involving the NRL (USA), the
      Universities of Florence (Italy) and Cambridge (UK), and George Mason University (USA). These papers describe Chianti:
        Dere K. P., et al., A&AS, 125, 149 (1997) [http://adsabs.harvard.edu/abs/1997A%26AS..125..149D]
        Landi E., et al., ApJ, 744, 99 (2012) [http://adsabs.harvard.edu/abs/2012ApJ...744...99L]
 Much of the H_2 data is from this web site: http://molat.obspm.fr/index.php?page=pages/Molecules/H2/H2can94.php. These data are
      described in:
        Abgrall H. et al., Can. J. Phys., 72, 856 (1994) [http://adsabs.harvard.edu/abs/1994CaJPh..72..856A]
        Wrathmall S. A. & Flower D. R., J. Phys. B, 40, 3221 (2007) [http://adsabs.harvard.edu/abs/2007JPhB...40.3221W]
 Please cite those papers that played a significant role in this calculation.

 IONIZE PARMET:  U(1-) -8.4768  U(4-):-17.1066  U(sp): -8.48  Q(ion):    9.737  L(ion) -0.650    Q(low): 13.387    L(low)  1.086
 ENERGY BUDGET:  Heat:  -0.188  Coolg:  -0.188  Error:  0.1%  Rec Lin:  -1.606  F-F  H  0.000    P(rad/tot)max     1.80E-07

     Col(Heff):      0.000E+00  snd travl time  2.26E+03 sec  Te-low: 3.98E+03  Te-hi: 5.09E+03  G0TH85: 4.92E+03  G0DB96:6.38E+03
  Emiss Measure    n(e)n(p) dl       1.858E+23  n(e)n(He+)dl         1.893E+21  En(e)n(He++) dl         1.023E+10  ne nC+:4.87E+20
 He/Ha:1.28E-02  =   0.15*true  Lthin:1.20E+02  itr/zn:10.54  H2 itr/zn:  0.00  File Opacity: F  MassTot 2.81e-06  (gm/cm^2)
   Temps(21 cm)   T(21cm/Ly a)  4.24E+03        T(<nH/Tkin>)  4.48E+03          T(<nH/Tspin>)    4.49E+03          TB21cm:4.39E-02
                   N(H0/Tspin)  2.73E+14        N(OH/Tkin)    1.09E+07          B(21cm)          0.00E+00
   <a>:3.48E-05  erdeFe0.0E+00  Tcompt2.79E+03  Tthr6.46E+06  <Tden>: 4.50E+03  <dens>:2.27E-15  <MolWgt>1.25E+00
     Mean Jeans  l(cm)7.87E+16  M(sun)2.91E+02  smallest:     len(cm):7.40E+16  M(sun):2.42E+02  a_ox tran:  0.00
 Rion:1.000E+30  Dist:0.00E+00  Diam:0.000E+00
 Hatom level 70  HatomType: add  HInducImp  F  He tot level: 63  He2 level:   70  ExecTime   246.4
 ConvrgError(%)  <eden>  0.367  MaxEden  0.969  <H-C>   0.17  Max(H-C)    0.48  <Press>   0.000  MaxPrs er  0.000
  Continuity(%)  chng Te   0.8  elec den   5.1  n(H2)    0.0  n(CO)        0.0

                                                        Averaged Quantities
             Te      Te(Ne)   Te(NeNp)  Te(NeHe+)Te(NeHe2+) Te(NeO+)  Te(NeO2+)  Te(H2)     N(H)     Ne(O2+)   Ne(Np)
 Radius:  4.50e+03  4.67e+03  4.79e+03  4.71e+03  4.63e+03  4.79e+03  4.82e+03  4.23e+03  1.00e+09  1.54e+07  1.42e+07

 Contin Optical Depths: COMP: 8.93e-09    H-: 1.75e-06 R(1300): 8.22e-06  H2+: 1.68e-08  Pfa:8.93E-09
                          Pa: 8.93e-09    Ba: 1.59e-06      Hb: 1.23e-06   La: 1.77e-02     1r:7.750E+00  1.8:2.32E+00 4.:3.378E-01

 Old, new H  1 continuum optical depths:
     1 7.77e+00     2 8.92e-07     3 1.75e-06     4 1.75e-06     5 1.75e-06     6 4.36e-07     7 4.36e-07     8 4.36e-07
     9 4.36e-07    10 1.40e-12    11 1.40e-12    12 1.40e-12    13 1.40e-12    14 1.40e-12    15 3.21e-12    16 3.21e-12
    17 3.21e-12    18 3.21e-12    19 3.21e-12    20 3.21e-12    21 6.43e-12    22 6.43e-12    23 6.43e-12    24 6.43e-12
    25 6.43e-12    26 6.43e-12    27 6.43e-12    28 1.16e-11    29 1.16e-11    30 1.16e-11    31 1.16e-11    32 1.16e-11
    33 1.16e-11    34 1.16e-11    35 1.16e-11    36 1.97e-11    37 1.97e-11    38 1.97e-11    39 1.97e-11    40 1.97e-11
    41 1.97e-11    42 1.97e-11    43 1.97e-11    44 1.97e-11    45 3.18e-11    46 3.18e-11    47 3.18e-11    48 3.18e-11
    49 3.18e-11    50 3.18e-11    51 3.18e-11    52 3.18e-11    53 3.18e-11    54 3.18e-11
     1 7.75e+00     2 8.91e-07     3 1.75e-06     4 1.75e-06     5 1.75e-06     6 4.36e-07     7 4.36e-07     8 4.36e-07
     9 4.36e-07    10 1.40e-12    11 1.40e-12    12 1.40e-12    13 1.40e-12    14 1.40e-12    15 3.21e-12    16 3.21e-12
    17 3.21e-12    18 3.21e-12    19 3.21e-12    20 3.21e-12    21 6.43e-12    22 6.43e-12    23 6.43e-12    24 6.43e-12
    25 6.43e-12    26 6.43e-12    27 6.43e-12    28 1.16e-11    29 1.16e-11    30 1.16e-11    31 1.16e-11    32 1.16e-11
    33 1.16e-11    34 1.16e-11    35 1.16e-11    36 1.97e-11    37 1.97e-11    38 1.97e-11    39 1.97e-11    40 1.97e-11
    41 1.97e-11    42 1.97e-11    43 1.97e-11    44 1.97e-11    45 3.18e-11    46 3.18e-11    47 3.18e-11    48 3.18e-11
    49 3.18e-11    50 3.18e-11    51 3.18e-11    52 3.18e-11    53 3.18e-11    54 3.18e-11

 Old, new H  1 mean line optical depths:
  2- 1 1.92e+05  3- 2 1.44e-05  4- 3 2.64e-09  5- 4 1.91e-09  6- 5 3.11e-09  7- 6 1.04e-09  8- 7 1.44e-10
  9- 8 2.57e-12 10- 9 4.43e-21
  2- 1 1.91e+05  3- 2 1.43e-05  4- 3 2.64e-09  5- 4 1.91e-09  6- 5 3.11e-09  7- 6 1.04e-09  8- 7 1.44e-10
  9- 8 2.57e-12 10- 9 2.22e-21

 Old, new He 2 continuum optical depths:
     1 3.39e-01     2 7.67e+00     3 5.28e-07     4 5.28e-07     5 5.28e-07     6 8.92e-07     7 8.92e-07     8 8.92e-07
     9 8.92e-07    10 1.42e-06    11 1.42e-06    12 1.42e-06    13 1.42e-06    14 1.42e-06    15 1.75e-06    16 1.75e-06
    17 1.75e-06    18 1.75e-06    19 1.75e-06    20 1.75e-06    21 1.48e-06    22 1.48e-06    23 1.48e-06    24 1.48e-06
    25 1.48e-06    26 1.48e-06    27 1.48e-06    28 4.36e-07    29 4.36e-07    30 4.36e-07    31 4.36e-07    32 4.36e-07
    33 4.36e-07    34 4.36e-07    35 4.36e-07    36 8.35e-13    37 8.35e-13    38 8.35e-13    39 8.35e-13    40 8.35e-13
    41 8.35e-13    42 8.35e-13    43 8.35e-13    44 8.35e-13    45 1.40e-12    46 1.40e-12    47 1.40e-12    48 1.40e-12
    49 1.40e-12    50 1.40e-12    51 1.40e-12    52 1.40e-12    53 1.40e-12    54 1.40e-12
     1 3.38e-01     2 7.65e+00     3 5.27e-07     4 5.27e-07     5 5.27e-07     6 8.91e-07     7 8.91e-07     8 8.91e-07
     9 8.91e-07    10 1.42e-06    11 1.42e-06    12 1.42e-06    13 1.42e-06    14 1.42e-06    15 1.75e-06    16 1.75e-06
    17 1.75e-06    18 1.75e-06    19 1.75e-06    20 1.75e-06    21 1.48e-06    22 1.48e-06    23 1.48e-06    24 1.48e-06
    25 1.48e-06    26 1.48e-06    27 1.48e-06    28 4.36e-07    29 4.36e-07    30 4.36e-07    31 4.36e-07    32 4.36e-07
    33 4.36e-07    34 4.36e-07    35 4.36e-07    36 8.34e-13    37 8.34e-13    38 8.34e-13    39 8.34e-13    40 8.34e-13
    41 8.34e-13    42 8.34e-13    43 8.34e-13    44 8.34e-13    45 1.40e-12    46 1.40e-12    47 1.40e-12    48 1.40e-12
    49 1.40e-12    50 1.40e-12    51 1.40e-12    52 1.40e-12    53 1.40e-12    54 1.40e-12

 Old, new He 2 mean line optical depths:
  2- 1 1.22e+01  3- 2 8.98e-14  4- 3 3.37e-18  5- 4 3.62e-19  6- 5 1.17e-19  7- 6 4.19e-20  8- 7 3.42e-20
  9- 8 3.02e-20 10- 9 1.36e-20
  2- 1 1.22e+01  3- 2 8.34e-14  4- 3 3.18e-18  5- 4 3.51e-19  6- 5 1.15e-19  7- 6 4.24e-20  8- 7 3.68e-20
  9- 8 3.22e-20 10- 9 1.29e-20

 Old He Is optical depths:    1 2.32e+00    2 6.07e-07    3 7.38e-07    4 8.30e-07    5 8.30e-07
 New He Is optical depths:    1 2.32e+00    2 6.06e-07    3 7.37e-07    4 8.29e-07    5 8.29e-07
          Old He Is Lines:  584 1.04e+04 3889 5.90e-04 5016 5.99e-06 5876 3.91e-10
          New He Is Lines:  584 1.04e+04 3889 5.89e-04 5016 5.99e-06 5876 3.90e-10

==== H      compounds ====           Log10 column densities [cm^-2}
   H2        : 13.608   H2*       : 11.820   H2+       :  9.381   H3+       :  6.042
==== He     compounds ====
   HeH+      :  9.190
==== Li     compounds ====
   LiH       :  0.666   LiH+      : -0.627
==== C      compounds ====
   CH        :  9.579   CH+       :  8.086   CH2       :  6.004   CH2+      :  4.338   CH3       :  1.654   CH3+      :  0.702   CH4       : -2.170   CH4+      : -4.013
   CH5+      : -9.458   C2        :  6.489   C2+       :  5.636   C2H       :  3.475   C2H+      :  2.198   C2H2      : -2.691   C2H2+     : -1.528   C2H3+     : -6.037
   C3        : -2.518   C3+       : -0.229   C3H       : -5.195   C3H+      : -3.469
==== N      compounds ====
   NH        :  9.752   NH+       :  9.016   NH2       :  5.416   NH2+      :  5.370   NH3       :  2.225   NH3+      :  1.215   NH4+      : -5.336   CN        :  9.323
   CN+       :  5.565   HCN       :  6.483   HCN+      :  5.534   HNC       : -0.012   HCNH+     :  1.778   HC3N      :-35.930   N2        :  8.998   N2+       :  5.925
   N2H+      : -1.484
==== O      compounds ====
   OH        : 10.662   OH+       : 10.063   H2O       :  6.505   H2O+      :  6.249   H3O+      :  2.254   CO        : 10.777   CO+       :  6.476   HCO+      :  5.733
   H2CO      :-35.930   CH3OH     :-35.930   ^13CO     :  9.300   NO        :  7.451   NO+       :  6.105   HNO       :  2.904   HNO+      :  1.930   OCN       :  4.674
   OCN+      :  2.200   N2O       :  1.035   O2        :  6.731   O2+       :  7.387   NO2       :  2.673   NO2+      : -0.658
==== Ne     compounds ====
   NeH+      :  5.958
==== Si     compounds ====
   SiH       :  2.117   SiH2+     :  0.732   SiC2      :-35.930   SiN       : -0.938   SiN+      :  5.809   SiO       :  6.023   SiO+      :  6.514   SiOH+     :  2.424
==== S      compounds ====
   HS        :  8.506   HS+       :  7.280   CS        :  4.788   CS+       :  5.233   HCS+      :  2.228   NS        :  4.882   NS+       :  5.211   SO        :  6.364
   SO+       :  6.115   OCS       : -0.666   OCS+      : -2.194   SO2       :-35.930   S2        : -0.015   S2+       : -1.286
==== Cl     compounds ====
   HCl       :  3.150   HCl+      :  7.464   H2Cl+     :  3.864   CCl       :-10.058   CCl+      : -0.559   H2CCl+    :-12.965   ClO       :-12.207   ClO+      :-15.735
==== Ar     compounds ====
   ArH+      :  9.538
==== Ti     compounds ====
   TiH       :-35.930   TiH+      :-35.930   TiH2      :-35.930   TiH2+     :-35.930   TiC       :-35.930   TiC+      :-35.930   HCTi      :-35.930   HCTi+     :-35.930
   TiC2      :-35.930   TiC2+     :-35.930   TiN       :-35.930   TiN+      :-35.930   HNTi      :-35.930   HNTi+     :-35.930   TiNC      :-35.930   TiNC+     :-35.930
   TiO       :-35.930   TiO+      :-35.930   TiOH+     :-35.930   TiO2      :-35.930   TiF+      :-35.930   TiS       :-35.930   TiS+      :-35.930   HTiS      :-35.930


               1      2      3      4      5      6      7      8      9     10     11     12     13     14     15     16     17

 Hydrogen   18.088 16.116 13.615 (H2)                Log10 Column density (cm^-2)
 Helium     17.022 14.201  3.003
 Lithium     6.749  6.917-11.324-30.000
 Beryllium   7.455  6.086  2.607-30.000-30.000
 Boron       8.658  8.219  1.857-30.000-30.000-30.000
 Carbon     14.448 13.720  9.029-30.000-30.000-30.000-30.000
 Nitrogen   13.921 11.583  4.007-30.000-30.000-30.000-30.000-30.000
 Oxygen     14.779 12.702  4.989-30.000-30.000-30.000-30.000-30.000-30.000
 Fluorine   10.645  8.901  4.907-30.000-30.000-30.000-30.000-30.000-30.000-30.000
 Neon       14.018 12.034  7.292-30.000-30.000-30.000-30.000-30.000-30.000-30.000-30.000
 Sodium     11.199 12.300  6.757-30.000-30.000-30.000-30.000-30.000-30.000-30.000-30.000-30.000
 Magnesium  12.145 13.680 10.036-30.000-30.000-30.000-30.000-30.000-30.000-30.000-30.000-30.000-30.000
 Aluminium   9.240 12.543  8.103-30.000-30.000-30.000-30.000-30.000-30.000-30.000-30.000-30.000-30.000-30.000
 Silicon    11.939 13.594  8.349-30.000-30.000-30.000-30.000-30.000-30.000-30.000-30.000-30.000-30.000-30.000-30.000
 Phosphorus  8.826 11.502  7.060-30.000-30.000-30.000-30.000-30.000-30.000-30.000-30.000-30.000-30.000-30.000-30.000-30.000
 Sulphur    12.571 13.101  9.533-30.000-30.000-30.000-30.000-30.000-30.000-30.000-30.000-30.000-30.000-30.000-30.000-30.000-30.000
 Chlorine    9.532 11.589  8.042-30.000-30.000-30.000-30.000-30.000-30.000-30.000-30.000-30.000-30.000-30.000-30.000-30.000-30.000
-30.000
 Argon      12.481 10.904  8.074-30.000-30.000-30.000-30.000-30.000-30.000-30.000-30.000-30.000-30.000-30.000-30.000-30.000-30.000
-30.000-30.000
 Potassium  10.334 11.045  6.992-30.000-30.000-30.000-30.000-30.000-30.000-30.000-30.000-30.000-30.000-30.000-30.000-30.000-30.000
-30.000-30.000-30.000
 Calcium    12.338 11.726  9.159-30.000-30.000-30.000-30.000-30.000-30.000-30.000-30.000-30.000-30.000-30.000-30.000-30.000-30.000
-30.000-30.000-30.000-30.000
 Scandium    9.128  8.605  6.290-30.000-30.000-30.000-30.000-30.000-30.000-30.000-30.000-30.000-30.000-30.000-30.000-30.000-30.000
-30.000-30.000-30.000-30.000-30.000
 Titanium    7.360 11.042  8.019-30.000-30.000-30.000-30.000-30.000-30.000-30.000-30.000-30.000-30.000-30.000-30.000-30.000-30.000
-30.000-30.000-30.000-30.000-30.000-30.000
 Vanadium    9.981  8.983  6.288-30.000-30.000-30.000-30.000-30.000-30.000-30.000-30.000-30.000-30.000-30.000-30.000-30.000-30.000
-30.000-30.000-30.000-30.000-30.000-30.000-30.000
 Chromium   11.554 11.262  7.033-30.000-30.000-30.000-30.000-30.000-30.000-30.000-30.000-30.000-30.000-30.000-30.000-30.000-30.000
-30.000-30.000-30.000-30.000-30.000-30.000-30.000-30.000
 Manganese   7.868 11.522  7.599-30.000-30.000-30.000-30.000-30.000-30.000-30.000-30.000-30.000-30.000-30.000-30.000-30.000-30.000
-30.000-30.000-30.000-30.000-30.000-30.000-30.000-30.000-30.000
 Iron        9.690 13.592  9.103-30.000-30.000-30.000-30.000-30.000-30.000-30.000-30.000-30.000-30.000-30.000-30.000-30.000-30.000
-30.000-30.000-30.000-30.000-30.000-30.000-30.000-30.000-30.000-30.000
 Cobalt     11.069  9.585  2.768-30.000-30.000-30.000-30.000-30.000-30.000-30.000-30.000-30.000-30.000-30.000-30.000-30.000-30.000
-30.000-30.000-30.000-30.000-30.000-30.000-30.000-30.000-30.000-30.000-30.000
 Nickel      8.853 12.313  5.306-30.000-30.000-30.000-30.000-30.000-30.000-30.000-30.000-30.000-30.000-30.000-30.000-30.000-30.000
-30.000-30.000-30.000-30.000-30.000-30.000-30.000-30.000-30.000-30.000-30.000-30.000
 Copper     10.228  9.361  5.172-30.000-30.000-30.000-30.000-30.000-30.000-30.000-30.000-30.000-30.000-30.000-30.000-30.000-30.000
-30.000-30.000-30.000-30.000-30.000-30.000-30.000-30.000-30.000-30.000-30.000-30.000-30.000
 Zinc       10.641  9.061  5.967-30.000-30.000-30.000-30.000-30.000-30.000-30.000-30.000-30.000-30.000-30.000-30.000-30.000-30.000
-30.000-30.000-30.000-30.000-30.000-30.000-30.000-30.000-30.000-30.000-30.000-30.000-30.000-30.000
 Exc state    He1*  9.584   CII* 13.541   C11* 13.498   C12* 13.973   C13* 14.191   O11* 14.535   O12* 14.291   O13* 13.804
              Si2* 13.404   C30*  1.185   C31*  0.335   C32*  1.978


 Hydrogen   -0.005 -1.977 -4.177 (H2)                 Log10 Mean Ionisation (over radius)
 Helium     -0.001 -2.822-14.020
 Lithium    -0.393 -0.225-18.466
 Beryllium  -0.018 -1.387 -4.866
 Boron      -0.135 -0.574 -6.936
 Carbon     -0.075 -0.803 -5.494
 Nitrogen   -0.002 -2.339 -9.916
 Oxygen     -0.004 -2.081 -9.794
 Fluorine   -0.008 -1.752 -5.746
 Neon       -0.004 -1.989 -6.731
 Sodium     -1.134 -0.033 -5.577
 Magnesium  -1.548 -0.013 -3.656
 Aluminium  -3.303 -0.000 -4.440
 Silicon    -1.664 -0.010 -5.254
 Phosphorus -2.677 -0.001 -4.443
 Sulphur    -0.643 -0.112 -3.680
 Chlorine   -2.060 -0.004 -3.551
 Argon      -0.012 -1.589 -4.419
 Potassium  -0.789 -0.077 -4.130
 Calcium    -0.095 -0.707 -3.274
 Scandium   -0.114 -0.637 -2.952
 Titanium   -3.683 -0.001 -3.023
 Vanadium   -0.042 -1.040 -3.735
 Chromium   -0.179 -0.471 -4.700
 Manganese  -3.655 -0.000 -3.924
 Iron       -3.902 -0.000 -4.490
 Cobalt     -0.014 -1.498 -8.315
 Nickel     -3.460 -0.000 -7.007
 Copper     -0.055 -0.922 -5.111
 Zinc       -0.011 -1.592 -4.686

               1      2      3      4      5      6      7      8      9     10     11     12     13     14     15     16     17

 Hydrogen   -0.006 -1.859 -4.421 (H2)         Log10 Mean Ionisation (over radius*electron density)
 Helium     -0.001 -2.781-14.048
 Lithium    -0.424 -0.205-18.447
 Beryllium  -0.014 -1.494 -4.914
 Boron      -0.108 -0.658 -6.914
 Carbon     -0.063 -0.870 -5.462
 Nitrogen   -0.003 -2.197 -9.730
 Oxygen     -0.005 -1.963 -9.641
 Fluorine   -0.008 -1.722 -5.768
 Neon       -0.004 -1.987 -6.789
 Sodium     -1.163 -0.031 -5.635
 Magnesium  -1.553 -0.012 -3.523
 Aluminium  -3.317 -0.000 -4.427
 Silicon    -1.604 -0.011 -5.077
 Phosphorus -2.695 -0.001 -4.381
 Sulphur    -0.543 -0.147 -3.595
 Chlorine   -2.268 -0.002 -3.533
 Argon      -0.017 -1.416 -4.230
 Potassium  -0.889 -0.060 -4.141
 Calcium    -0.083 -0.762 -3.394
 Scandium   -0.102 -0.680 -2.942
 Titanium   -3.711 -0.001 -2.964
 Vanadium   -0.039 -1.063 -3.662
 Chromium   -0.152 -0.530 -4.543
 Manganese  -3.682 -0.000 -3.757
 Iron       -3.929 -0.000 -4.313
 Cobalt     -0.013 -1.546 -8.210
 Nickel     -3.482 -0.000 -6.895
 Copper     -0.046 -0.994 -5.106
 Zinc       -0.010 -1.663 -4.746

               1      2      3      4      5      6      7      8      9     10     11     12     13     14     15     16     17

 Hydrogen    3.654  3.669  3.626 (H2)                  Log10 Mean Temperature (over radius)
 Helium      3.654  3.659  3.651
 Lithium     3.650  3.656  3.656
 Beryllium   3.654  3.641  3.648
 Boron       3.657  3.643  3.657
 Carbon      3.655  3.645  3.658
 Nitrogen    3.654  3.673  3.679
 Oxygen      3.654  3.670  3.674
 Fluorine    3.654  3.657  3.651
 Neon        3.654  3.654  3.647
 Sodium      3.650  3.654  3.647
 Magnesium   3.654  3.654  3.672
 Aluminium   3.652  3.654  3.656
 Silicon     3.661  3.654  3.678
 Phosphorus  3.652  3.654  3.662
 Sulphur     3.667  3.650  3.666
 Chlorine    3.628  3.654  3.656
 Argon       3.653  3.678  3.680
 Potassium   3.642  3.656  3.653
 Calcium     3.656  3.646  3.639
 Scandium    3.656  3.648  3.654
 Titanium    3.651  3.654  3.661
 Vanadium    3.654  3.650  3.662
 Chromium    3.657  3.646  3.675
 Manganese   3.651  3.654  3.677
 Iron        3.651  3.654  3.678
 Cobalt      3.654  3.647  3.667
 Nickel      3.651  3.654  3.669
 Copper      3.655  3.644  3.654
 Zinc        3.654  3.644  3.646

               1      2      3      4      5      6      7      8      9     10     11     12     13     14     15     16     17

 Hydrogen    3.669  3.680  3.637 (H2)          Log10 Mean Temperature (over radius*electron density)
 Helium      3.669  3.673  3.666
 Lithium     3.666  3.671  3.671
 Beryllium   3.669  3.657  3.664
 Boron       3.672  3.660  3.671
 Carbon      3.670  3.662  3.672
 Nitrogen    3.669  3.682  3.686
 Oxygen      3.669  3.680  3.683
 Fluorine    3.669  3.672  3.667
 Neon        3.669  3.669  3.663
 Sodium      3.666  3.669  3.663
 Magnesium   3.668  3.669  3.681
 Aluminium   3.667  3.669  3.670
 Silicon     3.675  3.669  3.685
 Phosphorus  3.667  3.669  3.675
 Sulphur     3.678  3.665  3.676
 Chlorine    3.644  3.669  3.671
 Argon       3.668  3.684  3.686
 Potassium   3.657  3.671  3.668
 Calcium     3.670  3.664  3.656
 Scandium    3.670  3.665  3.671
 Titanium    3.666  3.669  3.675
 Vanadium    3.669  3.667  3.677
 Chromium    3.672  3.663  3.684
 Manganese   3.666  3.669  3.684
 Iron        3.666  3.669  3.685
 Cobalt      3.669  3.664  3.680
 Nickel      3.667  3.669  3.680
 Copper      3.670  3.661  3.670
 Zinc        3.669  3.661  3.663

               1      2      3      4      5      6      7      8      9     10     11     12     13     14     15     16     17
                                                                          

---------------Convergence statistics---------------
      1.38 mean iterations/state convergence
      2.99 mean cx acceleration loops/iteration
      1.06 mean iso convergence loops/ion solve
      1.03 mean steps/chemistry solve
      1.05 mean step length searches/chemistry step
----------------------------------------------------

 Cloudy ends: 78 zones, 3 iterations.  ExecTime(s) 246.44
 [Stop in cdMain at ../maincl.cpp:483, Cloudy exited OK]
 ************************************************** GRID_DELIMIT -- grid000000048
