                                                          Cloudy 13.03
                                                         www.nublado.org

                       **************************************13Feb20**************************************
                       *                                                                                 *
                       * c                                                                               *
                       * phi(h) 12.000000 LOG range -0.000232 6.866524                                   *
                       * grid from 8 to 23 in 1 dex steps                                                *
                       * HDEN=6.000000 LOG                                                               *
                       * grid from 0 to 12 in 1 dex steps                                                *
                       * set pres ionize 1e5                                                             *
                       * c                                                                               *
                       * c                                                                               *
                       * table star "Rotation_inst.mod" age 6.7                                          *
                       * c<< Rotation_ins model    3 read.       Age =    4010000.00                 >>> *
                       * c<< Rotation_ins model    4 read.       Age =    6010000.00                 >>> *
                       * c<< FINAL:     Age =    5011872.34                                          >>> *
                       * c                                                                               *
                       * c                                                                               *
                       * abundances GASS10                                                               *
                       * c                                                                               *
                       * c                                                                               *
                       * iterate to convergence max = 7                                                  *
                       * stop column density = 23                                                        *
                       * c                                                                               *
                       * c                                                                               *
                       * print last                                                                      *
                       * set save prefix "geneva_inst_rot_5"                                             *
                       * save grid ".grd" last no hash                                                   *
                       * save linelist "emissionlines_abs.txt" "LineList_HII.dat" absolute last no hash    *
                       *                                                                                 *
                       ***********************************************************************************



           4032CellPeak1.00E+00   Lo 1.00e-08=910.79cm   Hi-Con:5.68E+00 Ryd   E(hi):7.35E+06Ryd     E(hi):     100.01 MeV
           I(nu>1ryd):   1.4724   Average nu:1.361E+00   I( X-ray):   0.0000   I(BalC):   1.9963     Phi(BalmrC):  12.9038
           phi(1.0-1.8):11.9472   phi(1.8-4.0): 11.059   phi(4.0-20):  3.370   phi(20--):  0.000     Ion pht flx:1.000E+12
           I(gam ray):   0.0000   phi(gam r):   0.0000   I(Infred):   1.1569   Alf(ox):   0.0000     Total inten:   2.1559
           U(1.0----):3.336E-05   U(4.0----):7.823E-14   T(En-Den):2.819E+01   T(Comp):2.997E+04     nuJnu(912A):9.429E+01
           Occ(FarIR):4.172E+01   Occ(H n=6):2.787E-11   Occ(1Ryd):4.334E-15   Occ(4R):9.865E-25     Occ (Nu-hi):3.752E-28
           Tbr(FarIR):6.611E-02   Tbr(H n=6):1.221E-07   Tbr(1Ryd):6.851E-10   Tbr(4R):6.235E-19     Tbr (Nu-hi):3.359E-22
  
                                                  Gas Phase Chemical Composition
        H :  0.0000  He: -1.0701  Li:-10.9508  Be:-10.6198  B : -9.3002  C : -3.5702  N : -4.1701  O : -3.3098  F : -7.4401
        Ne: -4.0701  Na: -5.7595  Mg: -4.4001  Al: -5.5498  Si: -4.4895  P : -6.5901  S : -4.8794  Cl: -6.5003  Ar: -5.6003
        K : -6.9706  Ca: -5.6596  Sc: -8.8508  Ti: -7.0501  V : -8.0701  Cr: -6.3595  Mn: -6.5702  Fe: -4.5003  Co: -7.0101
                                               Ni: -5.7799  Cu: -7.8097  Zn: -7.4401
 
 ####  1  Te:8.073E+03 Hden:1.000E+06 Ne:9.345E+05 R:1.000E+30 R-R0:1.031E+09 dR:2.061E+09 NTR: 23 Htot:1.943E-12 T912: 1.50e-03###
 Hydrogen      1.15e-01 8.85e-01 H+o/Hden 1.00e+00 7.45e-09 H-    H2 4.31e-12 7.61e-10 H2+ HeH+ 5.99e-09 Ho+ ColD 2.37e+14 1.82e+15
 Helium        4.15e-01 5.85e-01 8.48e-10 HeI 2s3S 4.54e-06 Comp H,C 1.80e-21 4.85e-22 Fill Fac 1.00e+00 Gam1/tot 1.00e+00
 He singlet n  4.15e-01 2.25e-09 3.65e-16 1.41e-16 2.43e-16 1.76e-16 He tripl 4.54e-06 1.17e-13 4.15e-16 2.30e-15 5.05e-16
 Pressure      NgasTgas 1.63e+10 P(total) 2.25e-06 P( gas ) 2.25e-06 P(Radtn) 0.00e+00 Rad accl 5.31e-04 ForceMul 4.06e+05
 Texc(La)      3.67e+03 T(I con) 2.82e+01 T(D con) 2.34e+00 T(U tot) 2.82e+01 nT (c+d) 7.37e+06 Prad/Gas 0.00e+00 Pmag/Gas 0.00e+00
 Molecules     CH/Ctot: 8.26e-11 CH+/Ctot 5.57e-11 CO/Ctot: 2.42e-12 CO+/Ctot 1.79e-14 H2O/Otot 6.33e-20 OH/Ototl 5.24e-10
 Lithium       1.23e-02 9.88e-01 3.45e-14 0.00e+00 Berylliu 2.68e-01 5.76e-01 1.56e-01 0.00e+00 0.00e+00 sec ion: 0.00e+00
 Boron         1.53e-02 9.54e-01 3.06e-02 2.09e-05 0.00e+00 0.00e+00
 Carbon        1.76e-02 9.15e-01 6.75e-02 0.00e+00 0.00e+00 0.00e+00 0.00e+00 H2O+/O   1.06e-20 OH+/Otot 1.69e-10 Hex(tot) 0.00e+00
 Nitrogen      7.85e-02 9.19e-01 2.36e-03 0.00e+00 0.00e+00 0.00e+00 0.00e+00 0.00e+00 O2/Ototl 4.56e-14 O2+/Otot 9.27e-15
 Oxygen        1.39e-01 8.60e-01 1.31e-03 0.00e+00 0.00e+00 0.00e+00 0.00e+00 0.00e+00 0.00e+00
 Fluorine      7.39e-02 9.02e-01 2.42e-02 0.00e+00 0.00e+00 0.00e+00 0.00e+00 0.00e+00 0.00e+00 0.00e+00
 Neon          1.39e-01 8.57e-01 4.36e-03 0.00e+00 0.00e+00 0.00e+00 0.00e+00 0.00e+00 0.00e+00 0.00e+00 0.00e+00
 Sodium        3.30e-03 9.96e-01 8.92e-04 0.00e+00 0.00e+00 0.00e+00 0.00e+00 0.00e+00 0.00e+00 0.00e+00 0.00e+00 0.00e+00
 Magnesium     2.54e-02 8.46e-01 1.29e-01 0.00e+00 0.00e+00 0.00e+00 0.00e+00 0.00e+00 0.00e+00 0.00e+00 0.00e+00 0.00e+00 0.00e+00
 Aluminium  0  3.72e-04 9.85e-01 1.47e-02 5.36e-05 0.00e+00 0.00e+00 0.00e+00 0.00e+00 0.00e+00 0.00e+00 0.00e+00 0.00e+00 0.00e+00
 Silicon    0  2.38e-03 9.41e-01 5.67e-02 5.44e-06 0.00e+00 0.00e+00 0.00e+00 0.00e+00 0.00e+00 0.00e+00 0.00e+00 0.00e+00 0.00e+00
 Phosphorus 0  1.24e-03 9.55e-01 4.37e-02 1.08e-05 0.00e+00 0.00e+00 0.00e+00 0.00e+00 0.00e+00 0.00e+00 0.00e+00 0.00e+00 0.00e+00
 Sulphur    0  5.46e-03 8.26e-01 1.69e-01 3.93e-06 0.00e+00 0.00e+00 0.00e+00 0.00e+00 0.00e+00 0.00e+00 0.00e+00 0.00e+00 0.00e+00
 Chlorine   0  1.19e-03 8.87e-01 1.12e-01 0.00e+00 0.00e+00 0.00e+00 0.00e+00 0.00e+00 0.00e+00 0.00e+00 0.00e+00 0.00e+00 0.00e+00
 Argon      0  1.64e-02 5.20e-01 4.64e-01 1.14e-06 0.00e+00 0.00e+00 0.00e+00 0.00e+00 0.00e+00 0.00e+00 0.00e+00 0.00e+00 0.00e+00
 Potassium  0  6.31e-04 9.74e-01 2.58e-02 0.00e+00 0.00e+00 0.00e+00 0.00e+00 0.00e+00 0.00e+00 0.00e+00 0.00e+00 0.00e+00 0.00e+00
 Calcium    0  6.40e-03 6.49e-01 3.44e-01 0.00e+00 0.00e+00 0.00e+00 0.00e+00 0.00e+00 0.00e+00 0.00e+00 0.00e+00 0.00e+00 0.00e+00
 Scandium   0  1.48e-03 2.36e-01 6.96e-01 6.63e-02 0.00e+00 0.00e+00 0.00e+00 0.00e+00 0.00e+00 0.00e+00 0.00e+00 0.00e+00 0.00e+00
 Titanium   0  5.23e-05 6.13e-01 3.85e-01 1.48e-03 0.00e+00 0.00e+00 0.00e+00 0.00e+00 0.00e+00 0.00e+00 0.00e+00 0.00e+00 0.00e+00
 Vanadium   0  5.47e-03 3.59e-01 6.35e-01 3.29e-04 0.00e+00 0.00e+00 0.00e+00 0.00e+00 0.00e+00 0.00e+00 0.00e+00 0.00e+00 0.00e+00
 Chromium   0  3.14e-03 4.84e-01 5.13e-01 1.07e-04 0.00e+00 0.00e+00 0.00e+00 0.00e+00 0.00e+00 0.00e+00 0.00e+00 0.00e+00 0.00e+00
 Manganese  0  5.66e-05 5.87e-01 4.13e-01 5.59e-05 0.00e+00 0.00e+00 0.00e+00 0.00e+00 0.00e+00 0.00e+00 0.00e+00 0.00e+00 0.00e+00
 Iron       0  4.93e-05 7.56e-01 2.44e-01 1.84e-04 0.00e+00 0.00e+00 0.00e+00 0.00e+00 0.00e+00 0.00e+00 0.00e+00 0.00e+00 0.00e+00
 Cobalt     0  7.00e-02 9.10e-01 2.01e-02 1.02e-05 0.00e+00 0.00e+00 0.00e+00 0.00e+00 0.00e+00 0.00e+00 0.00e+00 0.00e+00 0.00e+00
 Nickel     0  1.88e-04 9.85e-01 1.47e-02 2.01e-06 0.00e+00 0.00e+00 0.00e+00 0.00e+00 0.00e+00 0.00e+00 0.00e+00 0.00e+00 0.00e+00
 Copper     0  1.32e-02 4.40e-01 5.46e-01 4.35e-05 0.00e+00 0.00e+00 0.00e+00 0.00e+00 0.00e+00 0.00e+00 0.00e+00 0.00e+00 0.00e+00
 Zinc       0  9.41e-02 6.43e-01 2.63e-01 7.43e-04 0.00e+00 0.00e+00 0.00e+00 0.00e+00 0.00e+00 0.00e+00 0.00e+00 0.00e+00 0.00e+00
 ####105  Te:3.957E+03 Hden:1.000E+06 Ne:3.342E+04 R:1.000E+30 R-R0:8.613E+12 dR:4.684E+10 NTR: 15 Htot:1.599E-14 T912: 3.00e+01###
 Hydrogen      9.73e-01 2.72e-02 H+o/Hden 1.00e+00 3.57e-08 H-    H2 6.33e-07 5.55e-09 H2+ HeH+ 4.40e-08 Ho+ ColD 4.74e+18 3.89e+18
 Helium        9.31e-01 6.92e-02 3.00e-10 HeI 2s3S 1.58e-06 Comp H,C 4.02e-23 7.15e-24 Fill Fac 1.00e+00 Gam1/tot 1.00e+00
 He singlet n  9.31e-01 1.47e-11 5.30e-17 6.90e-19 2.78e-18 1.56e-18 He tripl 1.58e-06 3.65e-16 1.57e-18 1.51e-17 4.31e-18
 Pressure      NgasTgas 4.43e+09 P(total) 6.12e-07 P( gas ) 6.12e-07 P(Radtn) 1.15e-12 Rad accl 1.61e-06 ForceMul 4.10e+04
 Texc(La)      3.81e+03 T(I con) 2.66e+01 T(D con) 1.33e+01 T(U tot) 2.70e+01 nT (c+d) 9.63e+06 Prad/Gas 1.89e-06 Pmag/Gas 0.00e+00
 Molecules     CH/Ctot: 2.60e-09 CH+/Ctot 2.72e-08 CO/Ctot: 7.64e-08 CO+/Ctot 4.79e-10 H2O/Otot 4.01e-13 OH/Ototl 1.56e-06
 Lithium       2.36e-03 9.98e-01 3.29e-15 0.00e+00 Berylliu 9.34e-03 9.86e-01 4.21e-03 0.00e+00 0.00e+00 sec ion: 0.00e+00
 Boron         9.97e-04 9.99e-01 4.67e-05 0.00e+00 0.00e+00 0.00e+00
 Carbon        1.62e-03 9.97e-01 1.58e-03 0.00e+00 0.00e+00 0.00e+00 0.00e+00 H2O+/O   4.61e-14 OH+/Otot 3.48e-07 Hex(tot) 0.00e+00
 Nitrogen      9.75e-01 2.47e-02 1.06e-07 0.00e+00 0.00e+00 0.00e+00 0.00e+00 0.00e+00 O2/Ototl 8.85e-11 O2+/Otot 1.21e-10
 Oxygen        9.79e-01 2.13e-02 1.68e-07 0.00e+00 0.00e+00 0.00e+00 0.00e+00 0.00e+00 0.00e+00
 Fluorine      7.50e-01 2.47e-01 3.78e-03 0.00e+00 0.00e+00 0.00e+00 0.00e+00 0.00e+00 0.00e+00 0.00e+00
 Neon          7.44e-01 2.54e-01 2.06e-03 0.00e+00 0.00e+00 0.00e+00 0.00e+00 0.00e+00 0.00e+00 0.00e+00 0.00e+00
 Sodium        2.18e-02 9.77e-01 1.61e-03 0.00e+00 0.00e+00 0.00e+00 0.00e+00 0.00e+00 0.00e+00 0.00e+00 0.00e+00 0.00e+00
 Magnesium     9.38e-03 9.89e-01 1.78e-03 0.00e+00 0.00e+00 0.00e+00 0.00e+00 0.00e+00 0.00e+00 0.00e+00 0.00e+00 0.00e+00 0.00e+00
 Aluminium  0  2.57e-04 9.99e-01 7.69e-04 0.00e+00 0.00e+00 0.00e+00 0.00e+00 0.00e+00 0.00e+00 0.00e+00 0.00e+00 0.00e+00 0.00e+00
 Silicon    0  5.46e-04 9.99e-01 4.51e-06 0.00e+00 0.00e+00 0.00e+00 0.00e+00 0.00e+00 0.00e+00 0.00e+00 0.00e+00 0.00e+00 0.00e+00
 Phosphorus 0  8.73e-04 9.98e-01 1.22e-03 0.00e+00 0.00e+00 0.00e+00 0.00e+00 0.00e+00 0.00e+00 0.00e+00 0.00e+00 0.00e+00 0.00e+00
 Sulphur    0  5.67e-04 9.93e-01 6.30e-03 0.00e+00 0.00e+00 0.00e+00 0.00e+00 0.00e+00 0.00e+00 0.00e+00 0.00e+00 0.00e+00 0.00e+00
 Chlorine   0  1.04e-03 9.93e-01 5.99e-03 0.00e+00 0.00e+00 0.00e+00 0.00e+00 0.00e+00 0.00e+00 0.00e+00 0.00e+00 0.00e+00 0.00e+00
 Argon      0  7.75e-01 2.11e-01 1.32e-02 0.00e+00 0.00e+00 0.00e+00 0.00e+00 0.00e+00 0.00e+00 0.00e+00 0.00e+00 0.00e+00 0.00e+00
 Potassium  0  4.97e-03 9.88e-01 7.31e-03 0.00e+00 0.00e+00 0.00e+00 0.00e+00 0.00e+00 0.00e+00 0.00e+00 0.00e+00 0.00e+00 0.00e+00
 Calcium    0  2.72e-04 1.88e-01 8.12e-01 0.00e+00 0.00e+00 0.00e+00 0.00e+00 0.00e+00 0.00e+00 0.00e+00 0.00e+00 0.00e+00 0.00e+00
 Scandium   0  6.26e-04 4.89e-01 5.10e-01 2.64e-04 0.00e+00 0.00e+00 0.00e+00 0.00e+00 0.00e+00 0.00e+00 0.00e+00 0.00e+00 0.00e+00
 Titanium   0  1.78e-04 9.80e-01 1.96e-02 0.00e+00 0.00e+00 0.00e+00 0.00e+00 0.00e+00 0.00e+00 0.00e+00 0.00e+00 0.00e+00 0.00e+00
 Vanadium   0  4.72e-03 9.77e-01 1.78e-02 0.00e+00 0.00e+00 0.00e+00 0.00e+00 0.00e+00 0.00e+00 0.00e+00 0.00e+00 0.00e+00 0.00e+00
 Chromium   0  6.99e-04 9.99e-01 7.89e-05 0.00e+00 0.00e+00 0.00e+00 0.00e+00 0.00e+00 0.00e+00 0.00e+00 0.00e+00 0.00e+00 0.00e+00
 Manganese  0  2.21e-04 1.00e+00 1.58e-04 0.00e+00 0.00e+00 0.00e+00 0.00e+00 0.00e+00 0.00e+00 0.00e+00 0.00e+00 0.00e+00 0.00e+00
 Iron       0  1.20e-04 1.00e+00 3.24e-05 0.00e+00 0.00e+00 0.00e+00 0.00e+00 0.00e+00 0.00e+00 0.00e+00 0.00e+00 0.00e+00 0.00e+00
 Cobalt     0  1.74e-02 9.83e-01 7.73e-06 0.00e+00 0.00e+00 0.00e+00 0.00e+00 0.00e+00 0.00e+00 0.00e+00 0.00e+00 0.00e+00 0.00e+00
 Nickel     0  3.73e-04 1.00e+00 5.98e-06 0.00e+00 0.00e+00 0.00e+00 0.00e+00 0.00e+00 0.00e+00 0.00e+00 0.00e+00 0.00e+00 0.00e+00
 Copper     0  3.15e-03 9.90e-01 7.11e-03 0.00e+00 0.00e+00 0.00e+00 0.00e+00 0.00e+00 0.00e+00 0.00e+00 0.00e+00 0.00e+00 0.00e+00
 Zinc       0  1.93e-02 9.23e-01 5.73e-02 1.59e-04 0.00e+00 0.00e+00 0.00e+00 0.00e+00 0.00e+00 0.00e+00 0.00e+00 0.00e+00 0.00e+00
                                                                             
   Calculation stopped because lowest Te reached. Iteration 3 of 3
   The geometry is plane-parallel.
  !Charge transfer ionization of H reached 3157.1% of the local H ionization rate.
  !AGE: Cloud age was not set.  Longest timescale was 5.97e+07 s = 1.89e+00 years.
  !Mutual neutralization production of H-alpha was significant.
  !The CMB was not included.  This is added with the CMB command.
   Charge transfer heating reached 3.05% of the local heating.
   Destruction of He 2TriS reached 1.4% of the total He0 dest rate at zone 105, 1.4% of that was photoionization.
   The density is too low to l-mix the lowest H  I collapsed level.  More resolved levels are needed for accurate line ratios.
   The density is too low to l-mix the lowest He I collapsed level.  More resolved levels are needed for accurate line ratios.
   The largest continuum occupation number was 4.172e+01 at 1.004e-08 Ryd.
   Grains were not present but might survive in this environment (energy density temperature was 2.82e+01K)
   The continuum optical depth at the lowest energy considered (1.004e-08 Ryd) was 5.391e+02.

                       *********************************> Cloudy 13.03 <**********************************
                       * c                                                                               *
                       * phi(h) 12.000000 LOG range -0.000232 6.866524                                   *
                       * grid from 8 to 23 in 1 dex steps                                                *
                       * HDEN=6.000000 LOG                                                               *
                       * grid from 0 to 12 in 1 dex steps                                                *
                       * set pres ionize 1e5                                                             *
                       * c                                                                               *
                       * c                                                                               *
                       * table star "Rotation_inst.mod" age 6.7                                          *
                       * c                                                                               *
                       * c                                                                               *
                       * abundances GASS10                                                               *
                       * c                                                                               *
                       * c                                                                               *
                       * iterate to convergence max = 7                                                  *
                       * stop column density = 23                                                        *
                       * c                                                                               *
                       * c                                                                               *
                       * print last                                                                      *
                       * set save prefix "geneva_inst_rot_5"                                             *
                       * save grid ".grd" last no hash                                                   *
                       * save linelist "emissionlines_abs.txt" "LineList_HII.dat" absolute last no hash    *
                       *********************************> Log(U): -4.48 <*********************************

                     Emission Line Spectrum.   Constant  Density Model.    Open geometry.  Iteration 3 of 3.
                                                     Intensity (erg/s/cm^2).


                                                   Intrinsic line intensities
 general properties..........      H  1 5.834m  -2.209   0.0141      Ca B  8413A  -2.754   0.0040      TOTL  2798A   0.033   2.4575            
 TOTL  4861A  -0.357   1.0000      H  1 5.834m  -2.397   0.0091      Ca B  8392A  -2.807   0.0036      Mg 2  2796A  -0.145   1.6295            
 TOTL  1216A   1.180  34.4895      H  1 5.834m  -2.700   0.0045      Ca B  8374A  -2.856   0.0032      Mg 2  2803A  -0.439   0.8280            
 Inci     0    2.156 325.9969      H  1 5.834m  -3.149   0.0016      Ca B  8359A  -2.902   0.0029      totl  2665A  -1.636   0.0527            
 TotH     0    0.844  15.9048      H  1 7.383m  -2.814   0.0035      Ca B  8346A  -2.945   0.0026      Al 2  2670A  -1.644   0.0517            
 TotC     0    0.844  15.8989      H  1 7.383m  -2.398   0.0091      Ca B  8334A  -2.986   0.0024      Al 2  2660A  -3.342   0.0010            
 BFH1     0    0.809  14.6708      H  1 7.383m  -2.310   0.0111      Ca B 4.051m  -1.461   0.0788      Si 2 34.81m  -2.653   0.0051            
 BFHe     0   -0.310   1.1163      H  1 7.383m  -2.373   0.0097      Ca B 2.625m  -1.698   0.0457      TOTL  2335A  -1.477   0.0760            
 TotM     0   -1.438   0.0830      H  1 7.383m  -2.540   0.0066      Ca B 2.166m  -1.907   0.0282      Si 2  2334A  -2.487   0.0074            
 CT H     0   -1.828   0.0338      H  1 7.383m  -2.797   0.0036      Ca B 1.945m  -2.087   0.0186      Si 2  2350A  -2.599   0.0057            
 H FB     0   -0.112   1.7582      H  1 7.383m  -3.152   0.0016      Ca B 1.817m  -2.244   0.0130      Si 2  2344A  -1.953   0.0254            
 HFBc     0   -0.112   1.7582      H  1 9.115m  -2.964   0.0025      Ca B 1.736m  -2.380   0.0095      Si 2  2336A  -1.788   0.0371            
 continua....................      H  1 9.115m  -2.550   0.0064      Ca B 1.681m  -2.498   0.0072      Si 2  1814A  -1.957   0.0251            
 Bac   3646A   0.895  17.8701      H  1 9.115m  -2.461   0.0079      Ca B 1.641m  -2.603   0.0057      Si 2  1531A  -2.540   0.0066            
 nFnu  3645A   0.916  18.7485      H  1 9.115m  -2.519   0.0069      Ca B 1.611m  -2.696   0.0046      Si 2  1308A  -2.498   0.0072            
 nFnu  3647A  -0.414   0.8784      H  1 9.115m  -2.674   0.0048      Ca B 1.588m  -2.781   0.0038      Si 2  1263A  -2.173   0.0153            
 cout  3646A   0.594   8.9350      H  1 9.115m  -2.904   0.0028      Ca B 1.570m  -2.858   0.0032      Si 3  1207A  -2.657   0.0050            
 cref  3646A   0.594   8.9350      H  1 9.115m  -3.205   0.0014      Ca B 1.556m  -2.930   0.0027      TOTL  1888A  -2.968   0.0025            
 thin  3646A   0.895  17.8702      H  1 11.03m  -1.955   0.0253      Ca B 1.544m  -2.996   0.0023      Si 3  1892A  -2.983   0.0024            
 Inci  4860A   0.998  22.6731      H  1 13.13m  -2.067   0.0195      Ca B 1.534m  -3.058   0.0020      P  2 1.640m  -2.947   0.0026            
 Inci  1215A   2.067 265.7810      H  1 15.40m  -2.170   0.0154      Ca B 1.526m  -3.116   0.0017      P  2 1.189m  -2.697   0.0046            
 Ba C     0    0.141   3.1488      H  1 17.87m  -2.266   0.0123      Ca B 1.519m  -3.170   0.0015      P  2 1.147m  -3.174   0.0015            
 PA C     0   -0.266   1.2341      H  1 20.51m  -2.355   0.0100      Ca B 1.513m  -3.221   0.0014      S  2  6720A  -1.916   0.0276            
 FIR  83.00m   0.568   8.4235      H  1 23.33m  -2.439   0.0083      Ca B 1.508m  -3.267   0.0012      S  2  4074A  -0.713   0.4405            
 TIR   1800m  -1.665   0.0492      H  1 26.34m  -2.517   0.0069      Ca B 1.504m  -3.311   0.0011      S  2 1.033m  -0.895   0.2902            
 NIRa 2.850m   0.900  18.0918      H  1 29.53m  -2.591   0.0058      Ca B 1.500m  -3.352   0.0010      S II  6731A  -2.073   0.0192            
 NIRb 3.000m   0.489   7.0263      H  1 32.91m  -2.662   0.0050      Ca B 7.458m  -1.965   0.0247      S II  6716A  -2.433   0.0084            
 MIRa 15.00m   0.121   3.0054      H  1 36.46m  -2.728   0.0043      Ca B 4.653m  -2.153   0.0160      S II  4070A  -0.815   0.3483            
 MIRb 22.50m   0.302   4.5635      H  1 40.20m  -2.791   0.0037      Ca B 3.740m  -2.331   0.0106      S II  4078A  -1.393   0.0922            
 NMIR 21.75m   0.900  18.0918      H  1 44.12m  -2.852   0.0032      Ca B 3.296m  -2.489   0.0074      S II 1.032m  -1.307   0.1124            
 TFIR 611.2m   0.057   2.5940      H  1 48.22m  -2.909   0.0028      Ca B 3.038m  -2.629   0.0053      S II 1.029m  -1.442   0.0823            
 TALL 10000A   2.153 324.0984      H  1 52.50m  -2.965   0.0025      Ca B 2.872m  -2.754   0.0040      S II 1.037m  -1.852   0.0320            
 F12  12.00m  -0.312   1.1108      H  1 56.97m  -1.789   0.0370      Ca B 2.758m  -2.864   0.0031      S II 1.034m  -1.555   0.0634            
 F25  25.00m  -0.267   1.2315      He 1 504.3A  -0.720   0.4342      Ca B 2.674m  -2.962   0.0025      S  2  1256A  -2.749   0.0041            
 F60  60.00m   0.170   3.3681      He 1  2600A  -1.647   0.0513      Ca B 2.612m  -3.051   0.0020      S  3 18.67m  -3.013   0.0022            
 F100 100.0m  -0.020   2.1732      He 1  3121A  -2.160   0.0158      Ca B 2.564m  -3.132   0.0017      S  3  9532A  -1.458   0.0794            
 MIPS 24.00m  -0.570   0.6124      He 1  3421A  -2.120   0.0173      Ca B 2.525m  -3.206   0.0014      S  3  9069A  -1.852   0.0320            
 MIPS 70.00m  -0.188   1.4780      He 1  3421A  -1.643   0.0518      Ca B 2.495m  -3.275   0.0012      S  3  6312A  -2.658   0.0050            
 MIPS 160.0m  -0.415   0.8750      He 1  3421A  -1.421   0.0864      Ca B 2.469m  -3.339   0.0010      S  3  3722A  -2.887   0.0030            
 IRAC 3.600m  -0.883   0.2980      He 1  3679A  -1.840   0.0329      Ca B 12.37m  -2.390   0.0093      Cl 2 14.40m  -3.123   0.0017            
 IRAC 4.500m  -0.823   0.3424      He 1  6632A  -2.583   0.0059      Ca B 7.500m  -2.543   0.0065      Cl 2  8579A  -1.871   0.0307            
 IRAC 5.800m  -0.931   0.2671      He 1  7435A  -2.995   0.0023      Ca B 5.907m  -2.697   0.0046      Cl 2  9124A  -2.449   0.0081            
 IRAC 8.000m  -0.622   0.5431      He 1  7843A  -1.917   0.0276      Ca B 5.127m  -2.838   0.0033      Ar 2 6.980m  -1.535   0.0664            
 SPR1 250.0m  -0.834   0.3338      He 1  8188A  -2.105   0.0179      Ca B 4.671m  -2.965   0.0025      Ar 3  7135A  -1.594   0.0579            
 SPR2 350.0m  -1.264   0.1241      He 1  8191A  -2.595   0.0058      Ca B 4.375m  -3.079   0.0019      Ar 3  7751A  -2.212   0.0140            
 SPR3 500.0m  -1.638   0.0524      He 1  8261A  -2.522   0.0068      Ca B 4.170m  -3.181   0.0015      Ar 3 9.000m  -2.132   0.0168            
 PAC1 70.00m  -0.126   1.7048      He 1 1.248m  -3.153   0.0016      Ca B 4.020m  -3.273   0.0012      Ca 1  4228A  -2.797   0.0036            
 PAC2 100.0m  -0.015   2.1981      He 1 1.409m  -2.431   0.0084      Ca B 3.906m  -3.357   0.0010      Ca 2  3933A  -0.754   0.4015            
 PAC3 160.0m  -0.158   1.5817      He 1 1.456m  -2.486   0.0074      Ca B 19.06m  -2.757   0.0040      Ca 2  8579A  -1.251   0.1277            
 PAH  3.300m  -1.673   0.0483      He 1 1.456m  -2.978   0.0024      Ca B 11.31m  -2.885   0.0030      Ca 2  7306A  -0.114   1.7512            
 PAHC 3.230m  -2.001   0.0227      He 1 1.458m  -2.809   0.0035      Ca B 8.758m  -3.020   0.0022      Ca2K  3934A  -0.972   0.2426            
 PAHC 3.370m  -2.087   0.0186      He 1 1.458m  -3.287   0.0012      Ca B 7.506m  -3.147   0.0016      Ca2H  3969A  -1.156   0.1589            
 PAH  6.200m  -1.399   0.0909      He 1 1.466m  -3.004   0.0023      Ca B 6.770m  -3.263   0.0012      Ca2X  8498A  -2.366   0.0098            
 PAHC 5.650m  -1.391   0.0925      He 1 2.217m  -2.808   0.0035      Ca B 27.80m  -3.081   0.0019      Ca2Y  8542A  -1.426   0.0853            
 PAH  7.900m  -1.097   0.1821      He 1 2.275m  -2.817   0.0035      Ca B 16.20m  -3.190   0.0015      Ca2Z  8662A  -1.844   0.0326            
 PAHC 6.900m  -0.997   0.2294      He 1 2.276m  -3.309   0.0011      Ca B 12.38m  -3.311   0.0011      CaF1  7291A  -0.333   1.0564            
 PAH  11.30m  -1.618   0.0549      He 1 2.278m  -2.997   0.0023      H  1     0   -1.905   0.0284      CaF2  7324A  -0.516   0.6947            
 PAHC 10.90m  -1.633   0.0530      He 1 3.206m  -3.103   0.0018      H  1  1216A   1.180  34.4895      Cr 3  5828A  -2.898   0.0029            
 PAH  11.80m  -1.407   0.0892      He 1 3.277m  -3.092   0.0018      H  1  1026A  -1.779   0.0379      Fe2c     0    0.263   4.1730            
 PAHC 12.65m  -0.841   0.3284      He 1 3.280m  -3.218   0.0014      H  1 972.5A  -1.902   0.0285      Fe 2  4300A  -0.182   1.4960            
 PAH  13.30m  -1.361   0.0993      He 1 4.465m  -2.648   0.0051      H  1 949.7A  -1.929   0.0268      Fe 2  2400A  -0.172   1.5311            
 PAHC 14.10m  -1.357   0.1002      He 1 5.831m  -2.820   0.0034      H  1 937.8A  -1.935   0.0265      Fe 2  6200A  -1.647   0.0514            
 Bcon  3640A   2.076 270.9620      He 1 7.380m  -2.971   0.0024      H  1 930.8A  -2.051   0.0202      Fe 2 1.150m  -2.595   0.0058            
 Pcon  5000A   1.085  27.6941      He 1 9.111m  -3.107   0.0018      H  1 926.2A  -2.180   0.0151      Fe 2 25.98m  -2.226   0.0135            
 HFFc     0   -0.334   1.0547      He 1 11.02m  -3.230   0.0013      H  1 923.2A  -2.260   0.0125      Fe 2 5.339m  -3.097   0.0018            
 H FF     0   -0.361   0.9916      He 1 13.12m  -3.342   0.0010      H  1 921.0A  -2.313   0.0111      Fe 2 1.257m  -1.258   0.1256            
 HeFF     0   -1.638   0.0524      He 1 61.59m  -3.106   0.0018      H  1  6563A   0.094   2.8268      Fe 2 35.34m  -2.638   0.0052            
 MeFB     0   -2.775   0.0038      C  1  1101A  -2.694   0.0046      H  1  4861A  -0.357   1.0000      Fe 2 1.321m  -1.836   0.0332            
 MeFF     0   -3.252   0.0013      N  1 853.4A  -3.200   0.0014      H  1  4340A  -0.685   0.4698      Fe 2 1.249m  -2.484   0.0075            
 ToFF     0   -0.338   1.0453      grains......................      H  1  4102A  -0.932   0.2666      Fe 2  7638A  -1.749   0.0406            
 nFnu 122.4m  -1.961   0.0249      H-like iso-sequence.........      H  1  3970A  -1.112   0.1758      Fe 2 51.29m  -3.325   0.0011            
 nInu 122.4m   0.393   5.6321      Clin 912.0A  -0.856   0.3172      H  1  3889A  -1.241   0.1307      Fe 2 1.372m  -2.060   0.0198            
 nFnu 60.83m  -1.720   0.0434      Cool  1216A  -1.071   0.1932      H  1  3835A  -1.343   0.1033      Fe 2 1.294m  -1.816   0.0348            
 nInu 60.83m   0.346   5.0499      Crst 960.0A  -1.263   0.1243      H  1  3798A  -1.429   0.0848      Fe 2  7687A  -1.925   0.0271            
 nFnu 41.22m  -1.573   0.0609      Ca B  1216A   1.167  33.4208      H  1 1.875m  -0.846   0.3243      Fe 2 1.328m  -2.062   0.0198            
 nInu 41.22m   0.234   3.8994      Q(H)  4861A  -0.308   1.1215      H  1 1.282m  -1.148   0.1621      Fe 2 1.279m  -1.916   0.0276            
 nFnu 30.87m  -1.469   0.0773      Q(H)  1216A   1.213  37.2044      H  1 1.094m  -1.394   0.0918      Fe 2 1.252m  -2.805   0.0036            
 nInu 30.87m   0.131   3.0805      CaBo  4861A  -0.358   0.9995      H  1 1.005m  -1.585   0.0592      Fe 2  7665A  -2.284   0.0118            
 nFnu 24.78m  -1.390   0.0928      Ca A  1216A   1.049  25.4846      H  1  9546A  -1.729   0.0425      Fe 2 1.298m  -2.279   0.0120            
 nInu 24.78m   0.052   2.5670      Ca A  1026A   0.329   4.8578      H  1  9229A  -1.845   0.0325      Fe 2 1.270m  -2.092   0.0184            
 nFnu 24.30m  -1.383   0.0942      Ca A 972.5A  -0.085   1.8742      H  1  9015A  -1.938   0.0262      Fe 2  7874A  -2.783   0.0038            
 nInu 24.30m   0.045   2.5248      Ca A 949.7A  -0.388   0.9329      H  1 4.051m  -1.489   0.0739      Fe 2  7733A  -2.799   0.0036            
 nFnu 22.83m  -1.360   0.0994      Ca A 937.8A  -0.622   0.5441      H  1 2.625m  -1.714   0.0439      Fe 2 17.93m  -1.784   0.0375            
 nInu 22.83m   0.023   2.4022      Ca A 930.8A  -0.805   0.3570      H  1 2.166m  -1.913   0.0278      Fe 2 1.644m  -1.331   0.1062            
 nFnu 21.42m  -1.338   0.1045      Ca A 926.2A  -0.947   0.2569      H  1 1.945m  -2.074   0.0192      Fe 2 1.533m  -1.761   0.0395            
 nInu 21.42m  -0.000   2.2762      Ca A 923.2A  -1.060   0.1982      H  1 1.817m  -2.203   0.0143      Fe 2  8617A  -1.171   0.1536            
 nFnu 21.12m  -1.333   0.1057      Ca A 921.0A  -1.149   0.1617      H  1 1.736m  -2.302   0.0114      Fe 2 24.51m  -2.254   0.0127            
 nInu 21.12m  -0.006   2.2481      Ca A 919.4A  -1.216   0.1386      H  1 7.458m  -2.006   0.0224      Fe 2 1.809m  -2.034   0.0211            
 nFnu 19.62m  -1.306   0.1126      Ca A 918.1A  -1.266   0.1235      H  1 4.653m  -2.184   0.0149      Fe 2 1.677m  -1.900   0.0286            
 nInu 19.62m  -0.031   2.1185      Ca A 917.2A  -1.306   0.1126      H  1 3.740m  -2.349   0.0102      Fe 2 1.599m  -1.855   0.0318            
 nFnu 17.65m  -1.265   0.1238      Ca A 916.4A  -1.343   0.1034      H  1 3.296m  -2.485   0.0075      Fe 2  9052A  -1.829   0.0337            
 nInu 17.65m  -0.075   1.9172      Ca A 915.8A  -1.379   0.0951      H  1 3.038m  -2.588   0.0059      Fe 2  8892A  -1.568   0.0615            
 nFnu 17.37m  -1.260   0.1252      Ca A 915.3A  -1.417   0.0871      H  1 12.37m  -2.448   0.0081      Fe 2 35.77m  -3.056   0.0020            
 nInu 17.37m  -0.081   1.8913      Ca A 914.9A  -1.457   0.0795      H  1 7.500m  -2.589   0.0059      Fe 2 1.800m  -2.072   0.0193            
 nFnu 15.69m  -1.227   0.1351      Ca A 914.6A  -1.497   0.0725      H  1 5.907m  -2.722   0.0043      Fe 2 1.711m  -2.436   0.0083            
 nInu 15.69m  -0.120   1.7272      Ca A 914.3A  -1.537   0.0661      H  1 5.127m  -2.825   0.0034      Fe 2 1.664m  -2.132   0.0168            
 nFnu 14.60m  -1.198   0.1444      Ca A 914.0A  -1.576   0.0605      H  1 19.06m  -2.828   0.0034      Fe 2  9399A  -2.606   0.0056            
 nInu 14.60m  -0.148   1.6208      Ca A 913.8A  -1.613   0.0555      H  1 11.31m  -2.933   0.0027      Fe 2  9227A  -1.824   0.0341            
 nFnu 12.43m  -1.137   0.1663      Ca A 913.6A  -1.647   0.0513      H  1 8.758m  -3.030   0.0021      Fe 2  9033A  -2.033   0.0211            
 nInu 12.43m  -0.213   1.3954      Ca A 913.5A  -1.680   0.0476      H  1 27.80m  -3.148   0.0016      Fe 2 1.797m  -2.210   0.0140            
 nFnu 11.40m  -1.109   0.1770      Ca A 913.3A  -1.710   0.0444      H  1 16.20m  -3.217   0.0014      Fe 2 1.745m  -2.441   0.0082            
 nInu 11.40m  -0.246   1.2918      Ca A  6563A  -0.093   1.8394      He-like iso-sequence........      Fe 2  9471A  -2.390   0.0093            
 nFnu 10.46m  -1.072   0.1927      Ca A  4861A  -0.536   0.6624      Clin 506.0A  -0.568   0.6163      Fe 2  9268A  -1.927   0.0269            
 nInu 10.46m  -0.280   1.1959      Ca A  4340A  -0.860   0.3144      Ca B  2945A  -2.292   0.0116      Fe 2 22.90m  -2.986   0.0024            
 nFnu 9.480m  -1.041   0.2071      Ca A  4102A  -1.114   0.1753      Ca B  3188A  -1.964   0.0248      Fe 2 1.811m  -2.626   0.0054            
 nInu 9.480m  -0.319   1.0922      Ca A  3970A  -1.322   0.1084      Ca B  3614A  -2.868   0.0031      Fe 2 1.748m  -2.810   0.0035            
 nFnu 9.325m  -1.036   0.2093      Ca A  3889A  -1.498   0.0724      Ca B  3889A  -1.536   0.0663      Fe 2 1.813m  -3.054   0.0020            
 nInu 9.325m  -0.325   1.0775      Ca A  3835A  -1.646   0.0515      Ca B  3965A  -2.559   0.0063      Fe2b  7000A  -1.438   0.0831            
 nFnu 8.210m  -0.983   0.2366      Ca A  3798A  -1.770   0.0386      Ca B  4026A  -2.236   0.0132      Fe2b 10000A  -0.375   0.9596            
 nInu 8.210m  -0.376   0.9575      Ca A  3771A  -1.875   0.0304      Ca B  4121A  -3.333   0.0011      Fe2b  7445A  -1.438   0.0831            
 nFnu 7.580m  -0.959   0.2499      Ca A  3750A  -1.964   0.0247      Ca B  4388A  -2.806   0.0036      Fe2b  8625A  -0.825   0.3405            
 nInu 7.580m  -0.408   0.8907      Ca A  3734A  -2.040   0.0207      Ca B  4471A  -1.905   0.0283      Fe2b 1.033m  -2.390   0.0093            
 nFnu 7.050m  -0.920   0.2737      Ca A  3722A  -2.108   0.0178      Ca B  4713A  -2.893   0.0029      Fe2b 1.889m  -1.430   0.0845            
 nInu 7.050m  -0.435   0.8358      Ca A  3712A  -2.168   0.0154      Ca B  4922A  -2.469   0.0077      Fe 2  1786A  -2.021   0.0217            
 nFnu 4.114m  -0.709   0.4446      Ca A  3704A  -2.225   0.0136      Ca B  5016A  -2.150   0.0161      Fe3c     0   -1.264   0.1240            
 nInu 4.114m  -0.529   0.6742      Ca A  3697A  -2.278   0.0120      Ca B  5048A  -3.324   0.0011      Fe 3 22.92m  -2.918   0.0028            
 nFnu 2.324m  -0.547   0.6464      Ca A  3692A  -2.329   0.0107      Ca B  5876A  -1.435   0.0836      Fe 3  5271A  -2.040   0.0208            
 nInu 2.324m  -0.291   1.1651      Ca A  3687A  -2.377   0.0096      Ca B  6678A  -1.986   0.0235      Fe 3  5412A  -3.083   0.0019            
 nFnu 1.643m  -0.414   0.8769      Ca A  3683A  -2.421   0.0086      Ca B  7065A  -2.042   0.0206      Fe 3  4881A  -2.788   0.0037            
 nInu 1.643m  -0.054   2.0093      Ca A  3679A  -2.462   0.0079      Ca B  7281A  -2.697   0.0046      Fe 3  5012A  -2.380   0.0095            
 nFnu 1.480m  -0.421   0.8636      Ca A  3676A  -2.500   0.0072      Ca B 1.083m  -0.445   0.8171      Fe 3  5085A  -3.150   0.0016            
 nInu 1.480m  -0.002   2.2669      Ca A  3674A  -2.534   0.0067      Ca B 1.197m  -3.232   0.0013      Fe 3  4931A  -2.797   0.0036            
 nFnu 1.436m  -0.187   1.4806      Ca A  3671A  -2.566   0.0062      Ca B 1.278m  -2.701   0.0045      Fe 3  4659A  -1.857   0.0317            
 nInu 1.436m   0.116   2.9772      Ca A 1.875m  -0.892   0.2920      Ca B 1.279m  -3.174   0.0015      Fe 3  4755A  -2.594   0.0058            
 nFnu 1.119m  -0.225   1.3570      Ca A 1.282m  -1.207   0.1414      Ca B 1.700m  -3.056   0.0020      Fe 3  4608A  -2.879   0.0030            
 nInu 1.119m   0.269   4.2269      Ca A 1.094m  -1.464   0.0782      Ca B 1.869m  -2.324   0.0108      Fe 3  4702A  -2.113   0.0175            
 nFnu  8330A  -0.327   1.0722      Ca A 1.005m  -1.678   0.0478      Ca B 1.870m  -2.795   0.0037      Fe 3  4770A  -2.588   0.0059            
 nInu  8330A   0.459   6.5449      Ca A  9546A  -1.860   0.0314      Ca B 2.058m  -1.874   0.0304      Fe 3  4668A  -2.991   0.0023            
 nFnu  8079A   0.194   3.5551      Ca A  9229A  -2.018   0.0218      He 1     0    0.129   3.0614      Fe 3  4734A  -2.437   0.0083            
 nInu  8079A   0.607   9.2138      Ca A  9015A  -2.156   0.0159      He 1 584.3A  -1.366   0.0980      Fe 3  4778A  -2.760   0.0040            
 nFnu  6210A   0.035   2.4656      Ca A  8863A  -2.276   0.0121      He 1 537.0A  -2.547   0.0065      Fe 3  1126A  -3.133   0.0017            
 nInu  6210A   0.785  13.8772      Ca A  8750A  -2.383   0.0094      He 1 522.2A  -2.689   0.0047      recombination...............            
 nFnu  4885A  -0.185   1.4888      Ca A  8665A  -2.477   0.0076      He 1 515.6A  -2.691   0.0046      O  1  1357A  -2.565   0.0062            
 nInu  4885A   0.996  22.5549      Ca A  8598A  -2.560   0.0063      He 1 512.1A  -2.663   0.0050      C  1  1140A  -2.476   0.0076            
 nFnu  3704A  -0.492   0.7339      Ca A  8545A  -2.634   0.0053      He 1 625.6A  -2.067   0.0195      C  2  1037A  -3.176   0.0015            
 nInu  3704A   1.213  37.1528      Ca A  8502A  -2.702   0.0045      TOTL 1.083m  -0.463   0.7839      C  2 946.1A  -3.170   0.0015            
 nFnu  3588A   0.892  17.7578      Ca A  8467A  -2.764   0.0039      He 1 1.083m  -0.463   0.7839      C  2 799.8A  -2.237   0.0132            
 nInu  3588A   1.385  55.2137      Ca A  8438A  -2.821   0.0034      He 1 1.083m  -1.417   0.0871      N  1 980.7A  -2.846   0.0032            
 nFnu  2430A   0.144   3.1701      Ca A  8413A  -2.874   0.0030      He 1 1.083m  -0.940   0.2613      O  1  7950A  -3.031   0.0021            
 nInu  2430A   1.625  95.9989      Ca A  8392A  -2.922   0.0027      He 1 1.083m  -0.718   0.4355      level2 lines................            
 nFnu  2392A   0.111   2.9392      Ca A  8374A  -2.966   0.0025      He 1  3889A  -1.567   0.0617      C  1 943.9A  -2.524   0.0068            
 nInu  2392A   1.638  98.9233      Ca A  8359A  -3.006   0.0022      He 1  3188A  -1.995   0.0230      C  1  1248A  -2.666   0.0049            
 nFnu  2071A  -0.163   1.5640      Ca A  8346A  -3.042   0.0021      He 1  2945A  -2.324   0.0108      C  1  1561A  -2.931   0.0027            
 nInu  2071A   1.747 127.1065      Ca A  8334A  -3.075   0.0019      He 1  2829A  -2.583   0.0059      C  1  1315A  -2.823   0.0034            
 nFnu  2053A  -0.177   1.5145      Ca A 4.051m  -1.502   0.0716      He 1 2.058m  -2.180   0.0150      C  1  1166A  -2.969   0.0024            
 nInu  2053A   1.746 126.9668      Ca A 2.625m  -1.741   0.0414      He 1  5016A  -2.192   0.0146      C  1  1233A  -3.030   0.0021            
 nFnu  1793A  -0.273   1.2145      Ca A 2.166m  -1.953   0.0254      He 1  3965A  -2.593   0.0058      C  1  1132A  -3.210   0.0014            
 nInu  1793A   1.850 161.2118      Ca A 1.945m  -2.138   0.0166      He 1  3614A  -2.887   0.0030      C  1  1251A  -3.193   0.0015            
 nFnu  1585A  -0.234   1.3270      Ca A 1.817m  -2.300   0.0114      He 1  3448A  -3.093   0.0018      C  1  1112A  -3.336   0.0011            
 nInu  1585A   1.829 153.6017      Ca A 1.736m  -2.444   0.0082      He 1  7065A  -2.050   0.0203      C  2 892.8A  -2.441   0.0082            
 nFnu  1458A  -0.171   1.5342      Ca A 1.681m  -2.573   0.0061      He 1  5876A  -1.439   0.0829      C  2 688.8A  -2.776   0.0038            
 nInu  1458A   1.942 199.3439      Ca A 1.641m  -2.689   0.0047      He 1  4713A  -2.925   0.0027      C  2  1020A  -2.104   0.0179            
 nFnu  1357A  -0.115   1.7485      Ca A 1.611m  -2.793   0.0037      He 1  4471A  -1.921   0.0273      C  2 596.6A  -2.727   0.0043            
 nInu  1357A   2.012 234.0813      Ca A 1.588m  -2.886   0.0030      He 1  4026A  -2.256   0.0126      C  2 562.0A  -2.957   0.0025            
 nFnu  1297A  -0.077   1.9077      Ca A 1.570m  -2.969   0.0024      He 1  3820A  -2.514   0.0070      C  2 530.7A  -3.072   0.0019            
 nInu  1297A   2.041 250.2619      Ca A 1.556m  -3.043   0.0021      He 1  7281A  -2.707   0.0045      C  2 535.3A  -3.193   0.0015            
 nFnu  1263A  -0.049   2.0330      Ca A 1.544m  -3.111   0.0018      He 1  6678A  -1.994   0.0231      C  2 858.2A  -3.037   0.0021            
 nInu  1263A   2.046 253.2442      Ca A 1.534m  -3.173   0.0015      He 1  5048A  -3.328   0.0011      C  2 638.0A  -3.265   0.0012            
 nFnu  1218A   0.934  19.5476      Ca A 1.526m  -3.229   0.0013      He 1  4922A  -2.486   0.0074      N  1 942.3A  -2.416   0.0087            
 nInu  1218A   2.065 264.7230      Ca A 1.519m  -3.280   0.0012      He 1  4388A  -2.824   0.0034      N  1 952.1A  -2.469   0.0077            
 nFnu  1196A   0.022   2.3965      Ca A 1.513m  -3.326   0.0011      He 1  4144A  -3.073   0.0019      N  1  1131A  -2.617   0.0055            
 nInu  1196A   2.051 256.1597      Ca A 7.458m  -2.002   0.0227      He 1 1.700m  -3.072   0.0019      N  2 532.2A  -3.021   0.0022            
 nFnu  1175A   0.009   2.3231      Ca A 4.653m  -2.190   0.0147      He 1 1.197m  -3.252   0.0013      N  2 634.4A  -2.913   0.0028            
 nInu  1175A   2.047 253.6808      Ca A 3.740m  -2.370   0.0097      He 1 1.869m  -2.312   0.0111      N  2 907.1A  -2.676   0.0048            
 nFnu  1144A   0.029   2.4366      Ca A 3.296m  -2.532   0.0067      He 1 1.278m  -2.708   0.0045      N  2 475.1A  -3.349   0.0010            
 nInu  1144A   2.125 303.5777      Ca A 3.038m  -2.679   0.0048      He 1 1.091m  -3.001   0.0023      N  2 528.1A  -3.173   0.0015            
 nFnu  1113A   0.049   2.5468      Ca A 2.872m  -2.812   0.0035      He 1 1.870m  -2.791   0.0037      O  1 867.3A  -2.850   0.0032            
 nInu  1113A   2.042 250.8650      Ca A 2.758m  -2.933   0.0027      He 1 1.279m  -3.185   0.0015      O  1 976.8A  -2.401   0.0090            
 nFnu  1103A   0.068   2.6616      Ca A 2.674m  -3.043   0.0021      He 1 4.048m  -2.960   0.0025      O  1 767.7A  -3.232   0.0013            
 nInu  1103A   2.142 315.9807      Ca A 2.612m  -3.142   0.0016      He 1 2.623m  -3.314   0.0011      O  1 969.0A  -2.317   0.0110            
 nFnu  1074A   0.084   2.7602      Ca A 2.564m  -3.231   0.0013      Pho+  3889A  -0.878   0.3014      O  1 946.4A  -2.404   0.0090            
 nInu  1074A   2.130 307.1497      Ca A 2.525m  -3.310   0.0011      database lines..............      O  1 934.5A  -2.409   0.0089            
 nFnu  1064A   0.090   2.8026      Ca A 12.37m  -2.426   0.0085      level 1 lines...............      O  1 973.6A  -2.542   0.0065            
 nInu  1064A   2.169 335.9492      Ca A 7.500m  -2.579   0.0060      C  1  1656A  -2.462   0.0079      O  1 927.5A  -2.538   0.0066            
 nFnu  1036A   0.107   2.9138      Ca A 5.907m  -2.734   0.0042      REC   1656A  -2.919   0.0027      O  1 948.5A  -2.613   0.0056            
 nInu  1036A   2.130 307.0427      Ca A 5.127m  -2.880   0.0030      C Ic  9850A  -2.831   0.0034      O  1 923.0A  -2.672   0.0048            
 nFnu  1000A   0.131   3.0797      Ca A 4.671m  -3.014   0.0022      TOTL  9850A  -2.831   0.0034      O  1 919.9A  -2.767   0.0039            
 nInu  1000A   2.132 308.7175      Ca A 4.375m  -3.138   0.0017      C  1  8727A  -2.198   0.0144      O  1 935.7A  -2.704   0.0045            
 nFnu 925.1A   0.184   3.4758      Ca A 4.170m  -3.252   0.0013      TOTL  2326A  -0.921   0.2734      O  1 917.7A  -2.855   0.0032            
 nInu 925.1A   2.082 274.7418      Ca A 4.020m  -3.355   0.0010      C  2  2325A  -2.005   0.0225      O  1 918.7A  -2.936   0.0026            
 nFnu 897.8A   1.106  29.0426      Ca A 19.06m  -2.794   0.0037      C  2  2324A  -2.317   0.0110      O  1 928.2A  -2.920   0.0027            
 nFnu 760.0A  -0.104   1.7901      Ca A 11.31m  -2.922   0.0027      C  2  2329A  -1.987   0.0235      O  1 917.5A  -3.024   0.0022            
 nFnu 701.5A  -0.508   0.7069      Ca A 8.758m  -3.060   0.0020      C  2  2328A  -1.454   0.0800      O  1 923.4A  -3.128   0.0017            
 nFnu 608.2A  -2.121   0.0172      Ca A 7.506m  -3.192   0.0015      C  2  2327A  -1.222   0.1365      O  1 920.2A  -3.277   0.0012            
 nInu 608.2A  -2.797   0.0036      Ca A 6.770m  -3.317   0.0011      C  2  1335A  -1.956   0.0252      O  2 530.8A  -2.946   0.0026            
 nFnu 575.1A  -2.441   0.0082      Ca A 27.80m  -3.119   0.0017      REC   1335A  -2.423   0.0086      Ne 1 688.6A  -3.320   0.0011            
 nInu 575.1A  -2.179   0.0151      Ca A 16.20m  -3.229   0.0013      C  3 977.0A  -2.391   0.0093      Ne 2 461.1A  -3.344   0.0010            
 nFnu 511.9A  -3.006   0.0022      Ca A 12.38m  -3.354   0.0010      TOTL  1909A  -2.560   0.0063      Al 2  1671A  -2.504   0.0071            
 nInu 511.9A  -1.226   0.1352      Ca B  6563A   0.100   2.8637      C  3  1910A  -2.583   0.0059      Si 2  1180A  -2.157   0.0159            
 nFnu 496.9A   0.469   6.7042      Ca B  4861A  -0.355   1.0055      N  1 953.9A  -2.467   0.0078      Si 2 993.4A  -2.470   0.0077            
 nInu 496.9A  -2.819   0.0035      Ca B  4340A  -0.684   0.4715      N  1 954.1A  -2.986   0.0024      Si 2 893.6A  -3.169   0.0015            
 nFnu 399.2A  -3.087   0.0019      Ca B  4102A  -0.939   0.2619      N  1  1200A  -2.309   0.0112      Si 2  1024A  -2.676   0.0048            
 nInu 399.2A  -1.414   0.0877      Ca B  3970A  -1.146   0.1627      N  1  3466A  -2.894   0.0029      S  2 750.3A  -2.907   0.0028            
 RRC.........................      Ca B  3889A  -1.317   0.1097      TOTL  3467A  -2.811   0.0035      S  2 632.7A  -3.223   0.0014            
 H  1 911.8A   0.112   2.9484      Ca B  3835A  -1.460   0.0789      TOTL  5199A  -3.338   0.0010      S  2 888.4A  -2.947   0.0026            
 H  1  3646A  -0.313   1.1086      Ca B  3798A  -1.583   0.0595      N  1 1.040m  -2.396   0.0092      S  2 587.6A  -3.335   0.0011            
 H  1  3646A   0.052   2.5683      Ca B  3771A  -1.688   0.0467      N  1 1.040m  -2.924   0.0027      S  3 667.0A  -3.346   0.0010            
 H  1  8204A  -1.058   0.1993      Ca B  3750A  -1.779   0.0378      N  1 1.041m  -2.745   0.0041      Ar 1  1096A  -2.853   0.0032            
 H  1  8204A  -0.643   0.5178      Ca B  3734A  -1.861   0.0314      N  1 1.041m  -2.740   0.0041      Ar 1 922.5A  -3.271   0.0012            
 H  1  8204A  -0.717   0.4370      Ca B  3722A  -1.935   0.0264      TOTL 1.040m  -2.054   0.0201      Ar 1 918.5A  -3.320   0.0011            
 H  1 1.458m  -1.557   0.0631      Ca B  3712A  -2.004   0.0225      N  2  6584A  -1.140   0.1648      Fe 3 911.1A  -3.231   0.0013            
 H  1 1.458m  -1.135   0.1667      Ca B  3704A  -2.069   0.0194      N  2  6548A  -1.610   0.0558      P  2  1154A  -3.290   0.0012            
 H  1 1.458m  -1.101   0.1804      Ca B  3697A  -2.131   0.0168      N  2  5755A  -1.761   0.0395      P  2 967.2A  -2.950   0.0026            
 H  1 1.458m  -1.412   0.0881      Ca B  3692A  -2.190   0.0147      N  2  2141A  -2.377   0.0096      P  2 963.8A  -2.716   0.0044            
 H  1 2.279m  -1.924   0.0271      Ca B  3687A  -2.245   0.0130      N  2  1085A  -2.204   0.0142      Ti 2  3366A  -2.097   0.0182            
 H  1 2.279m  -1.502   0.0716      Ca B  3683A  -2.297   0.0115      O  1  6300A  -0.807   0.3549      Ti 2  3238A  -2.355   0.0100            
 H  1 2.279m  -1.435   0.0836      Ca B  3679A  -2.345   0.0103      O  1  6363A  -1.304   0.1132      Cr 2  2060A  -2.842   0.0033            
 H  1 2.279m  -1.599   0.0573      Ca B  3676A  -2.391   0.0093      O  1  5577A  -2.539   0.0066      Mn 2  2590A  -1.983   0.0237            
 H  1 2.279m  -2.069   0.0194      Ca B  3674A  -2.434   0.0084      O  1 63.17m  -2.657   0.0050      Mn 2  1199A  -3.187   0.0015            
 H  1 3.281m  -2.211   0.0140      Ca B  3671A  -2.474   0.0076      TOTL  3727A  -1.859   0.0315      Ni 2  1752A  -3.067   0.0020            
 H  1 3.281m  -1.791   0.0369      Ca B 1.875m  -0.829   0.3373      TOTL  7325A  -1.110   0.1769      Ni 2  1744A  -3.009   0.0022            
 H  1 3.281m  -1.711   0.0443      Ca B 1.282m  -1.139   0.1655      IONZ  7325A  -3.088   0.0019      Ni 2  1473A  -3.149   0.0016            
 H  1 3.281m  -1.820   0.0344      Ca B 1.094m  -1.393   0.0922      O II  3729A  -2.420   0.0087      Ni 2  1400A  -3.292   0.0012            
 H  1 3.281m  -2.116   0.0174      Ca B 1.005m  -1.603   0.0568      O II  3726A  -2.000   0.0228      Ni 2  1376A  -2.978   0.0024            
 H  1 3.281m  -2.695   0.0046      Ca B  9546A  -1.779   0.0378      O II  2471A  -1.213   0.1394      Ni 2  1324A  -2.940   0.0026            
 H  1 4.466m  -2.445   0.0082      Ca B  9229A  -1.929   0.0268      O II  7323A  -1.365   0.0981      hyperfine structure.........            
 H  1 4.466m  -2.027   0.0214      Ca B  9015A  -2.058   0.0199      O II  7332A  -1.461   0.0787      inner shell.................            
 H  1 4.466m  -1.942   0.0260      Ca B  8863A  -2.169   0.0154      O  2 833.8A  -2.671   0.0049      molecules...................            
 H  1 4.466m  -2.025   0.0215      Ca B  8750A  -2.266   0.0123      O  3  5007A  -3.124   0.0017      H-FB     0   -2.186   0.0148            
 H  1 4.466m  -2.250   0.0128      Ca B  8665A  -2.353   0.0101      Ne 2 12.81m  -0.997   0.2292      H-FF     0   -2.384   0.0094            
 H  1 4.466m  -2.636   0.0053      Ca B  8598A  -2.432   0.0084      Ne 3  3869A  -3.228   0.0013      H-CT  6563A  -2.064   0.0197            
 H  1 4.466m  -3.291   0.0012      Ca B  8545A  -2.505   0.0071      Na 1  5892A  -2.652   0.0051      H2+      0   -2.512   0.0070            
 H  1 5.834m  -2.643   0.0052      Ca B  8502A  -2.573   0.0061      Mg 1  4561A  -3.170   0.0015            
 H  1 5.834m  -2.226   0.0135      Ca B  8467A  -2.637   0.0053      Mg 1  2853A  -2.110   0.0177            
 H  1 5.834m  -2.139   0.0165      Ca B  8438A  -2.697   0.0046      Mg 1  2026A  -3.162   0.0016            

                                                    Emergent line intensities
 general properties..........      Ca A 930.8A  -0.806   0.3561      Ca B 19.06m  -2.757   0.0040      Si 2  1263A  -2.173   0.0153            
 TOTL  4861A  -0.357   1.0000      Ca A 926.2A  -0.949   0.2563      Ca B 11.31m  -2.885   0.0030      Si 3  1207A  -2.657   0.0050            
 TOTL  1216A   1.180  34.4874      Ca A 923.2A  -1.061   0.1977      Ca B 8.758m  -3.020   0.0022      TOTL  1888A  -2.968   0.0025            
 continua....................      Ca A 921.0A  -1.150   0.1613      Ca B 7.506m  -3.147   0.0016      Si 3  1892A  -2.983   0.0024            
 Bac   3646A   0.895  17.8709      Ca A 919.4A  -1.217   0.1383      Ca B 6.770m  -3.263   0.0012      P  2 1.640m  -2.947   0.0026            
 nFnu  3645A   0.916  18.7493      Ca A 918.1A  -1.267   0.1232      Ca B 27.80m  -3.081   0.0019      P  2 1.189m  -2.697   0.0046            
 nFnu  3647A  -0.414   0.8785      Ca A 917.2A  -1.307   0.1123      Ca B 16.20m  -3.190   0.0015      P  2 1.147m  -3.174   0.0015            
 cout  3646A   0.594   8.9354      Ca A 916.4A  -1.344   0.1032      Ca B 12.38m  -3.311   0.0011      S  2  6720A  -1.916   0.0276            
 cref  3646A   0.594   8.9354      Ca A 915.8A  -1.380   0.0948      H  1  1216A   1.180  34.4874      S  2  4074A  -0.713   0.4405            
 thin  3646A   0.895  17.8710      Ca A 915.3A  -1.418   0.0869      H  1  1026A  -1.779   0.0379      S  2 1.033m  -0.895   0.2902            
 Inci  4860A   0.998  22.6741      Ca A 914.9A  -1.458   0.0793      H  1 972.5A  -1.902   0.0285      S II  6731A  -2.073   0.0192            
 Inci  1215A   2.067 265.7930      Ca A 914.6A  -1.498   0.0723      H  1 949.7A  -1.930   0.0268      S II  6716A  -2.433   0.0084            
 FIR  83.00m   0.568   8.4239      Ca A 914.3A  -1.538   0.0660      H  1 937.8A  -1.935   0.0265      S II  4070A  -0.815   0.3483            
 TIR   1800m  -1.665   0.0492      Ca A 914.0A  -1.577   0.0603      H  1 930.8A  -2.051   0.0202      S II  4078A  -1.393   0.0922            
 NIRa 2.850m   0.900  18.0926      Ca A 913.8A  -1.614   0.0554      H  1 926.2A  -2.180   0.0151      S II 1.032m  -1.307   0.1124            
 NIRb 3.000m   0.489   7.0266      Ca A 913.6A  -1.648   0.0512      H  1 923.2A  -2.260   0.0125      S II 1.029m  -1.442   0.0823            
 MIRa 15.00m   0.121   3.0055      Ca A 913.5A  -1.681   0.0475      H  1 921.0A  -2.314   0.0111      S II 1.037m  -1.852   0.0320            
 MIRb 22.50m   0.302   4.5637      Ca A 913.3A  -1.711   0.0443      H  1  6563A   0.094   2.8267      S II 1.034m  -1.555   0.0634            
 NMIR 21.75m   0.900  18.0926      Ca A  6563A  -0.093   1.8394      H  1  4861A  -0.357   1.0000      S  2  1256A  -2.749   0.0041            
 TFIR 611.2m   0.057   2.5941      Ca A  4861A  -0.536   0.6624      H  1  4340A  -0.685   0.4698      S  3 18.67m  -3.013   0.0022            
 TALL 10000A   2.153 324.0931      Ca A  4340A  -0.860   0.3144      H  1  4102A  -0.932   0.2666      S  3  9532A  -1.458   0.0794            
 F12  12.00m  -0.312   1.1109      Ca A  4102A  -1.114   0.1753      H  1  3970A  -1.112   0.1758      S  3  9069A  -1.852   0.0320            
 F25  25.00m  -0.267   1.2315      Ca A  3970A  -1.322   0.1084      H  1  3889A  -1.241   0.1307      S  3  6312A  -2.658   0.0050            
 F60  60.00m   0.170   3.3682      Ca A  3889A  -1.498   0.0724      H  1  3835A  -1.343   0.1033      S  3  3722A  -2.887   0.0030            
 F100 100.0m  -0.020   2.1733      Ca A  3835A  -1.646   0.0515      H  1  3798A  -1.429   0.0848      Cl 2 14.40m  -3.123   0.0017            
 MIPS 24.00m  -0.570   0.6125      Ca A  3798A  -1.770   0.0386      H  1 1.875m  -0.846   0.3243      Cl 2  8579A  -1.871   0.0307            
 MIPS 70.00m  -0.188   1.4780      Ca A  3771A  -1.875   0.0304      H  1 1.282m  -1.148   0.1621      Cl 2  9124A  -2.449   0.0081            
 MIPS 160.0m  -0.415   0.8750      Ca A  3750A  -1.964   0.0247      H  1 1.094m  -1.394   0.0918      Ar 2 6.980m  -1.535   0.0664            
 IRAC 3.600m  -0.883   0.2980      Ca A  3734A  -2.040   0.0207      H  1 1.005m  -1.585   0.0592      Ar 3  7135A  -1.594   0.0579            
 IRAC 4.500m  -0.823   0.3424      Ca A  3722A  -2.108   0.0178      H  1  9546A  -1.729   0.0425      Ar 3  7751A  -2.212   0.0140            
 IRAC 5.800m  -0.931   0.2671      Ca A  3712A  -2.169   0.0154      H  1  9229A  -1.846   0.0325      Ar 3 9.000m  -2.132   0.0168            
 IRAC 8.000m  -0.622   0.5431      Ca A  3704A  -2.225   0.0136      H  1  9015A  -1.938   0.0262      Ca 1  4228A  -2.797   0.0036            
 SPR1 250.0m  -0.834   0.3338      Ca A  3697A  -2.278   0.0120      H  1 4.051m  -1.489   0.0739      Ca 2  3933A  -0.754   0.4015            
 SPR2 350.0m  -1.264   0.1241      Ca A  3692A  -2.329   0.0107      H  1 2.625m  -1.714   0.0439      Ca 2  8579A  -1.251   0.1277            
 SPR3 500.0m  -1.638   0.0524      Ca A  3687A  -2.377   0.0096      H  1 2.166m  -1.913   0.0278      Ca 2  7306A  -0.114   1.7512            
 PAC1 70.00m  -0.126   1.7048      Ca A  3683A  -2.421   0.0086      H  1 1.945m  -2.074   0.0192      Ca2K  3934A  -0.972   0.2426            
 PAC2 100.0m  -0.015   2.1982      Ca A  3679A  -2.462   0.0079      H  1 1.817m  -2.203   0.0143      Ca2H  3969A  -1.156   0.1589            
 PAC3 160.0m  -0.158   1.5818      Ca A  3676A  -2.500   0.0072      H  1 1.736m  -2.302   0.0114      Ca2X  8498A  -2.366   0.0098            
 PAH  3.300m  -1.673   0.0483      Ca A  3674A  -2.534   0.0067      H  1 7.458m  -2.006   0.0225      Ca2Y  8542A  -1.426   0.0853            
 PAHC 3.230m  -2.001   0.0227      Ca A  3671A  -2.566   0.0062      H  1 4.653m  -2.184   0.0149      Ca2Z  8662A  -1.844   0.0326            
 PAHC 3.370m  -2.087   0.0186      Ca A 1.875m  -0.892   0.2920      H  1 3.740m  -2.349   0.0102      CaF1  7291A  -0.334   1.0564            
 PAH  6.200m  -1.399   0.0909      Ca A 1.282m  -1.207   0.1414      H  1 3.296m  -2.485   0.0075      CaF2  7324A  -0.516   0.6947            
 PAHC 5.650m  -1.391   0.0925      Ca A 1.094m  -1.464   0.0782      H  1 3.038m  -2.588   0.0059      Cr 3  5828A  -2.898   0.0029            
 PAH  7.900m  -1.097   0.1821      Ca A 1.005m  -1.678   0.0478      H  1 12.37m  -2.448   0.0081      Fe 2  4300A  -0.182   1.4960            
 PAHC 6.900m  -0.997   0.2294      Ca A  9546A  -1.860   0.0314      H  1 7.500m  -2.589   0.0059      Fe 2  2400A  -0.172   1.5311            
 PAH  11.30m  -1.618   0.0549      Ca A  9229A  -2.018   0.0218      H  1 5.907m  -2.722   0.0043      Fe 2  6200A  -1.647   0.0514            
 PAHC 10.90m  -1.633   0.0530      Ca A  9015A  -2.156   0.0159      H  1 5.127m  -2.825   0.0034      Fe 2 1.150m  -2.595   0.0058            
 PAH  11.80m  -1.407   0.0892      Ca A  8863A  -2.276   0.0121      H  1 19.06m  -2.828   0.0034      Fe 2 25.98m  -2.226   0.0135            
 PAHC 12.65m  -0.841   0.3285      Ca A  8750A  -2.383   0.0094      H  1 11.31m  -2.933   0.0027      Fe 2 5.339m  -3.097   0.0018            
 PAH  13.30m  -1.361   0.0993      Ca A  8665A  -2.477   0.0076      H  1 8.758m  -3.030   0.0021      Fe 2 1.257m  -1.258   0.1256            
 PAHC 14.10m  -1.357   0.1002      Ca A  8598A  -2.560   0.0063      H  1 27.80m  -3.148   0.0016      Fe 2 35.34m  -2.638   0.0052            
 Bcon  3640A   2.076 270.9572      Ca A  8545A  -2.634   0.0053      H  1 16.20m  -3.217   0.0014      Fe 2 1.321m  -1.836   0.0332            
 Pcon  5000A   1.085  27.6940      Ca A  8502A  -2.702   0.0045      He-like iso-sequence........      Fe 2 1.249m  -2.484   0.0075            
 nFnu 122.4m  -1.961   0.0249      Ca A  8467A  -2.764   0.0039      Clin 506.0A  -0.568   0.6163      Fe 2  7638A  -1.749   0.0406            
 nInu 122.4m   0.393   5.6323      Ca A  8438A  -2.821   0.0034      Ca B  2945A  -2.292   0.0116      Fe 2 51.29m  -3.325   0.0011            
 nFnu 60.83m  -1.720   0.0434      Ca A  8413A  -2.874   0.0030      Ca B  3188A  -1.964   0.0248      Fe 2 1.372m  -2.060   0.0198            
 nInu 60.83m   0.346   5.0501      Ca A  8392A  -2.922   0.0027      Ca B  3614A  -2.868   0.0031      Fe 2 1.294m  -1.816   0.0348            
 nFnu 41.22m  -1.573   0.0609      Ca A  8374A  -2.966   0.0025      Ca B  3889A  -1.536   0.0663      Fe 2  7687A  -1.925   0.0271            
 nInu 41.22m   0.234   3.8996      Ca A  8359A  -3.006   0.0022      Ca B  3965A  -2.559   0.0063      Fe 2 1.328m  -2.062   0.0198            
 nFnu 30.87m  -1.469   0.0773      Ca A  8346A  -3.042   0.0021      Ca B  4026A  -2.236   0.0132      Fe 2 1.279m  -1.916   0.0276            
 nInu 30.87m   0.131   3.0807      Ca A  8334A  -3.075   0.0019      Ca B  4121A  -3.333   0.0011      Fe 2 1.252m  -2.805   0.0036            
 nFnu 24.78m  -1.390   0.0928      Ca A 4.051m  -1.502   0.0716      Ca B  4388A  -2.806   0.0036      Fe 2  7665A  -2.284   0.0118            
 nInu 24.78m   0.052   2.5671      Ca A 2.625m  -1.741   0.0414      Ca B  4471A  -1.905   0.0283      Fe 2 1.298m  -2.280   0.0120            
 nFnu 24.30m  -1.383   0.0942      Ca A 2.166m  -1.953   0.0254      Ca B  4713A  -2.893   0.0029      Fe 2 1.270m  -2.092   0.0184            
 nInu 24.30m   0.045   2.5249      Ca A 1.945m  -2.138   0.0166      Ca B  4922A  -2.469   0.0077      Fe 2  7874A  -2.783   0.0038            
 nFnu 22.83m  -1.360   0.0994      Ca A 1.817m  -2.300   0.0114      Ca B  5016A  -2.150   0.0161      Fe 2  7733A  -2.799   0.0036            
 nInu 22.83m   0.023   2.4023      Ca A 1.736m  -2.444   0.0082      Ca B  5048A  -3.324   0.0011      Fe 2 17.93m  -1.784   0.0375            
 nFnu 21.42m  -1.338   0.1045      Ca A 1.681m  -2.573   0.0061      Ca B  5876A  -1.435   0.0836      Fe 2 1.644m  -1.331   0.1062            
 nInu 21.42m  -0.000   2.2763      Ca A 1.641m  -2.689   0.0047      Ca B  6678A  -1.986   0.0235      Fe 2 1.533m  -1.761   0.0395            
 nFnu 21.12m  -1.333   0.1058      Ca A 1.611m  -2.793   0.0037      Ca B  7065A  -2.042   0.0206      Fe 2  8617A  -1.171   0.1536            
 nInu 21.12m  -0.006   2.2482      Ca A 1.588m  -2.886   0.0030      Ca B  7281A  -2.697   0.0046      Fe 2 24.51m  -2.254   0.0127            
 nFnu 19.62m  -1.306   0.1126      Ca A 1.570m  -2.969   0.0024      Ca B 1.083m  -0.445   0.8172      Fe 2 1.809m  -2.034   0.0211            
 nInu 19.62m  -0.031   2.1186      Ca A 1.556m  -3.043   0.0021      Ca B 1.197m  -3.232   0.0013      Fe 2 1.677m  -1.900   0.0286            
 nFnu 17.65m  -1.265   0.1238      Ca A 1.544m  -3.111   0.0018      Ca B 1.278m  -2.701   0.0045      Fe 2 1.599m  -1.855   0.0318            
 nInu 17.65m  -0.075   1.9173      Ca A 1.534m  -3.173   0.0015      Ca B 1.279m  -3.174   0.0015      Fe 2  9052A  -1.829   0.0337            
 nFnu 17.37m  -1.260   0.1252      Ca A 1.526m  -3.229   0.0013      Ca B 1.700m  -3.056   0.0020      Fe 2  8892A  -1.569   0.0615            
 nInu 17.37m  -0.081   1.8913      Ca A 1.519m  -3.280   0.0012      Ca B 1.869m  -2.324   0.0108      Fe 2 35.77m  -3.056   0.0020            
 nFnu 15.69m  -1.227   0.1351      Ca A 1.513m  -3.326   0.0011      Ca B 1.870m  -2.795   0.0037      Fe 2 1.800m  -2.072   0.0193            
 nInu 15.69m  -0.120   1.7272      Ca A 7.458m  -2.002   0.0227      Ca B 2.058m  -1.874   0.0304      Fe 2 1.711m  -2.436   0.0083            
 nFnu 14.60m  -1.198   0.1444      Ca A 4.653m  -2.190   0.0147      He 1 584.3A  -1.548   0.0645      Fe 2 1.664m  -2.132   0.0168            
 nInu 14.60m  -0.148   1.6209      Ca A 3.740m  -2.370   0.0097      He 1 537.0A  -2.590   0.0059      Fe 2  9399A  -2.606   0.0056            
 nFnu 12.43m  -1.137   0.1663      Ca A 3.296m  -2.532   0.0067      He 1 522.2A  -2.733   0.0042      Fe 2  9227A  -1.824   0.0341            
 nInu 12.43m  -0.213   1.3954      Ca A 3.038m  -2.679   0.0048      He 1 515.6A  -2.737   0.0042      Fe 2  9033A  -2.033   0.0211            
 nFnu 11.40m  -1.109   0.1770      Ca A 2.872m  -2.812   0.0035      He 1 512.1A  -2.713   0.0044      Fe 2 1.797m  -2.210   0.0140            
 nInu 11.40m  -0.246   1.2918      Ca A 2.758m  -2.933   0.0027      He 1 625.6A  -3.008   0.0022      Fe 2 1.745m  -2.441   0.0082            
 nFnu 10.46m  -1.072   0.1927      Ca A 2.674m  -3.043   0.0021      TOTL 1.083m  -0.463   0.7840      Fe 2  9471A  -2.390   0.0093            
 nInu 10.46m  -0.280   1.1959      Ca A 2.612m  -3.142   0.0016      He 1 1.083m  -0.463   0.7840      Fe 2  9268A  -1.927   0.0269            
 nFnu 9.480m  -1.041   0.2071      Ca A 2.564m  -3.231   0.0013      He 1 1.083m  -1.417   0.0871      Fe 2 22.90m  -2.986   0.0024            
 nInu 9.480m  -0.319   1.0923      Ca A 2.525m  -3.310   0.0011      He 1 1.083m  -0.940   0.2613      Fe 2 1.811m  -2.626   0.0054            
 nFnu 9.325m  -1.036   0.2093      Ca A 12.37m  -2.426   0.0085      He 1 1.083m  -0.718   0.4355      Fe 2 1.748m  -2.810   0.0035            
 nInu 9.325m  -0.325   1.0775      Ca A 7.500m  -2.579   0.0060      He 1  3889A  -1.567   0.0617      Fe 2 1.813m  -3.054   0.0020            
 nFnu 8.210m  -0.983   0.2366      Ca A 5.907m  -2.734   0.0042      He 1  3188A  -1.995   0.0230      Fe2b  7000A  -1.438   0.0831            
 nInu 8.210m  -0.376   0.9575      Ca A 5.127m  -2.880   0.0030      He 1  2945A  -2.324   0.0108      Fe2b 10000A  -0.375   0.9597            
 nFnu 7.580m  -0.959   0.2500      Ca A 4.671m  -3.014   0.0022      He 1  2829A  -2.583   0.0059      Fe2b  7445A  -1.438   0.0831            
 nInu 7.580m  -0.408   0.8908      Ca A 4.375m  -3.138   0.0017      He 1 2.058m  -2.180   0.0150      Fe2b  8625A  -0.825   0.3405            
 nFnu 7.050m  -0.920   0.2737      Ca A 4.170m  -3.252   0.0013      He 1  5016A  -2.192   0.0146      Fe2b 1.033m  -2.390   0.0093            
 nInu 7.050m  -0.435   0.8358      Ca A 4.020m  -3.355   0.0010      He 1  3965A  -2.593   0.0058      Fe2b 1.889m  -1.430   0.0845            
 nFnu 4.114m  -0.709   0.4446      Ca A 19.06m  -2.794   0.0037      He 1  3614A  -2.887   0.0030      Fe 2  1786A  -2.021   0.0217            
 nInu 4.114m  -0.529   0.6743      Ca A 11.31m  -2.922   0.0027      He 1  3448A  -3.093   0.0018      Fe 3 22.92m  -2.918   0.0028            
 nFnu 2.324m  -0.547   0.6465      Ca A 8.758m  -3.060   0.0020      He 1  7065A  -2.050   0.0203      Fe 3  5271A  -2.040   0.0208            
 nInu 2.324m  -0.291   1.1652      Ca A 7.506m  -3.192   0.0015      He 1  5876A  -1.439   0.0829      Fe 3  5412A  -3.083   0.0019            
 nFnu 1.643m  -0.414   0.8769      Ca A 6.770m  -3.317   0.0011      He 1  4713A  -2.925   0.0027      Fe 3  4881A  -2.788   0.0037            
 nInu 1.643m  -0.054   2.0094      Ca A 27.80m  -3.119   0.0017      He 1  4471A  -1.921   0.0273      Fe 3  5012A  -2.380   0.0095            
 nFnu 1.480m  -0.421   0.8637      Ca A 16.20m  -3.229   0.0013      He 1  4026A  -2.256   0.0126      Fe 3  5085A  -3.150   0.0016            
 nInu 1.480m  -0.002   2.2670      Ca A 12.38m  -3.354   0.0010      He 1  3820A  -2.514   0.0070      Fe 3  4931A  -2.797   0.0036            
 nFnu 1.436m  -0.187   1.4807      Ca B  6563A   0.100   2.8637      He 1  7281A  -2.707   0.0045      Fe 3  4659A  -1.857   0.0317            
 nInu 1.436m   0.116   2.9773      Ca B  4861A  -0.355   1.0055      He 1  6678A  -1.994   0.0231      Fe 3  4755A  -2.594   0.0058            
 nFnu 1.119m  -0.225   1.3571      Ca B  4340A  -0.684   0.4715      He 1  5048A  -3.328   0.0011      Fe 3  4608A  -2.879   0.0030            
 nInu 1.119m   0.269   4.2271      Ca B  4102A  -0.939   0.2619      He 1  4922A  -2.486   0.0074      Fe 3  4702A  -2.113   0.0175            
 nFnu  8330A  -0.327   1.0722      Ca B  3970A  -1.146   0.1627      He 1  4388A  -2.824   0.0034      Fe 3  4770A  -2.588   0.0059            
 nInu  8330A   0.459   6.5452      Ca B  3889A  -1.317   0.1097      He 1  4144A  -3.073   0.0019      Fe 3  4668A  -2.991   0.0023            
 nFnu  8079A   0.194   3.5553      Ca B  3835A  -1.460   0.0789      He 1 1.700m  -3.072   0.0019      Fe 3  4734A  -2.437   0.0083            
 nInu  8079A   0.607   9.2142      Ca B  3798A  -1.583   0.0595      He 1 1.197m  -3.252   0.0013      Fe 3  4778A  -2.760   0.0040            
 nFnu  6210A   0.035   2.4657      Ca B  3771A  -1.688   0.0467      He 1 1.869m  -2.312   0.0111      Fe 3  1126A  -3.133   0.0017            
 nInu  6210A   0.785  13.8778      Ca B  3750A  -1.779   0.0378      He 1 1.278m  -2.708   0.0045      recombination...............            
 nFnu  4885A  -0.185   1.4888      Ca B  3734A  -1.861   0.0314      He 1 1.091m  -3.001   0.0023      O  1  1357A  -2.565   0.0062            
 nInu  4885A   0.996  22.5559      Ca B  3722A  -1.935   0.0264      He 1 1.870m  -2.791   0.0037      C  1  1140A  -2.476   0.0076            
 nFnu  3704A  -0.492   0.7339      Ca B  3712A  -2.004   0.0225      He 1 1.279m  -3.185   0.0015      C  2  1037A  -3.177   0.0015            
 nInu  3704A   1.213  37.1545      Ca B  3704A  -2.069   0.0194      He 1 4.048m  -2.960   0.0025      C  2 946.1A  -3.171   0.0015            
 nFnu  3588A   0.892  17.7586      Ca B  3697A  -2.131   0.0168      He 1 2.623m  -3.314   0.0011      C  2 799.8A  -3.171   0.0015            
 nInu  3588A   1.385  55.2162      Ca B  3692A  -2.190   0.0147      Pho+  3889A  -0.878   0.3014      N  1 980.7A  -2.848   0.0032            
 nFnu  2430A   0.144   3.1703      Ca B  3687A  -2.245   0.0130      database lines..............      O  1  7950A  -3.031   0.0021            
 nInu  2430A   1.625  96.0033      Ca B  3683A  -2.297   0.0115      level 1 lines...............      level2 lines................            
 nFnu  2392A   0.111   2.9393      Ca B  3679A  -2.345   0.0103      C  1  1656A  -2.462   0.0079      C  1 943.9A  -2.524   0.0068            
 nInu  2392A   1.638  98.9278      Ca B  3676A  -2.391   0.0093      REC   1656A  -2.919   0.0027      C  1  1248A  -2.666   0.0049            
 nFnu  2071A  -0.163   1.5640      Ca B  3674A  -2.434   0.0084      C Ic  9850A  -2.831   0.0034      C  1  1561A  -2.931   0.0027            
 nInu  2071A   1.747 127.1123      Ca B  3671A  -2.474   0.0076      TOTL  9850A  -2.831   0.0034      C  1  1315A  -2.824   0.0034            
 nFnu  2053A  -0.177   1.5145      Ca B 1.875m  -0.829   0.3373      C  1  8727A  -2.198   0.0144      C  1  1166A  -2.969   0.0024            
 nInu  2053A   1.746 126.9726      Ca B 1.282m  -1.139   0.1655      TOTL  2326A  -0.921   0.2734      C  1  1233A  -3.030   0.0021            
 nFnu  1793A  -0.273   1.2146      Ca B 1.094m  -1.393   0.0922      C  2  2325A  -2.005   0.0225      C  1  1132A  -3.210   0.0014            
 nInu  1793A   1.850 161.2191      Ca B 1.005m  -1.603   0.0568      C  2  2324A  -2.317   0.0110      C  1  1251A  -3.193   0.0015            
 nFnu  1585A  -0.234   1.3271      Ca B  9546A  -1.779   0.0378      C  2  2329A  -1.987   0.0235      C  1  1112A  -3.336   0.0011            
 nInu  1585A   1.829 153.6087      Ca B  9229A  -1.929   0.0268      C  2  2328A  -1.454   0.0800      C  2 892.8A  -2.615   0.0055            
 nFnu  1458A  -0.171   1.5343      Ca B  9015A  -2.058   0.0199      C  2  2327A  -1.222   0.1365      C  2 688.8A  -2.901   0.0029            
 nInu  1458A   1.942 199.3529      Ca B  8863A  -2.169   0.0154      C  2  1335A  -1.956   0.0252      C  2  1020A  -2.105   0.0179            
 nFnu  1357A  -0.115   1.7486      Ca B  8750A  -2.266   0.0123      REC   1335A  -2.423   0.0086      C  2 596.6A  -2.875   0.0030            
 nInu  1357A   2.012 234.0920      Ca B  8665A  -2.353   0.0101      C  3 977.0A  -2.391   0.0093      C  2 562.0A  -3.138   0.0017            
 nFnu  1297A  -0.077   1.9078      Ca B  8598A  -2.432   0.0084      TOTL  1909A  -2.560   0.0063      C  2 530.7A  -3.278   0.0012            
 nInu  1297A   2.041 250.2733      Ca B  8545A  -2.505   0.0071      C  3  1910A  -2.583   0.0059      N  1 942.3A  -2.417   0.0087            
 nFnu  1263A  -0.049   2.0331      Ca B  8502A  -2.573   0.0061      N  1 953.9A  -2.468   0.0078      N  1 952.1A  -2.470   0.0077            
 nInu  1263A   2.046 253.2557      Ca B  8467A  -2.637   0.0053      N  1 954.1A  -2.987   0.0023      N  1  1131A  -2.617   0.0055            
 nFnu  1218A   0.934  19.5485      Ca B  8438A  -2.697   0.0046      N  1  1200A  -2.309   0.0112      N  2 532.2A  -3.187   0.0015            
 nInu  1218A   2.065 264.7350      Ca B  8413A  -2.754   0.0040      N  1  3466A  -2.894   0.0029      N  2 634.4A  -3.124   0.0017            
 nFnu  1196A   0.022   2.3966      Ca B  8392A  -2.807   0.0036      TOTL  3467A  -2.811   0.0035      N  2 907.1A  -3.020   0.0022            
 nInu  1196A   2.051 256.1713      Ca B  8374A  -2.856   0.0032      TOTL  5199A  -3.338   0.0010      O  1 867.3A  -3.218   0.0014            
 nFnu  1175A   0.009   2.3232      Ca B  8359A  -2.902   0.0029      N  1 1.040m  -2.396   0.0092      O  1 976.8A  -2.402   0.0090            
 nInu  1175A   2.047 253.6923      Ca B  8346A  -2.945   0.0026      N  1 1.040m  -2.924   0.0027      O  1 969.0A  -2.317   0.0110            
 nFnu  1144A   0.029   2.4367      Ca B  8334A  -2.986   0.0024      N  1 1.041m  -2.745   0.0041      O  1 946.4A  -2.405   0.0090            
 nInu  1144A   2.125 303.5915      Ca B 4.051m  -1.461   0.0788      N  1 1.041m  -2.740   0.0041      O  1 934.5A  -2.410   0.0089            
 nFnu  1113A   0.049   2.5470      Ca B 2.625m  -1.698   0.0457      TOTL 1.040m  -2.054   0.0201      O  1 973.6A  -2.543   0.0065            
 nInu  1113A   2.042 250.8764      Ca B 2.166m  -1.907   0.0282      N  2  6584A  -1.140   0.1648      O  1 927.5A  -2.539   0.0066            
 nFnu  1103A   0.068   2.6618      Ca B 1.945m  -2.087   0.0186      N  2  6548A  -1.610   0.0558      O  1 948.5A  -2.614   0.0055            
 nInu  1103A   2.142 315.9950      Ca B 1.817m  -2.244   0.0130      N  2  5755A  -1.761   0.0395      O  1 923.0A  -2.673   0.0048            
 nFnu  1074A   0.084   2.7603      Ca B 1.736m  -2.380   0.0095      N  2  2141A  -2.377   0.0096      O  1 919.9A  -2.768   0.0039            
 nInu  1074A   2.130 307.1636      Ca B 1.681m  -2.498   0.0072      N  2  1085A  -2.205   0.0142      O  1 935.7A  -2.705   0.0045            
 nFnu  1064A   0.090   2.8028      Ca B 1.641m  -2.603   0.0057      O  1  6300A  -0.807   0.3549      O  1 917.7A  -2.856   0.0032            
 nInu  1064A   2.169 335.9644      Ca B 1.611m  -2.696   0.0046      O  1  6363A  -1.304   0.1132      O  1 918.7A  -2.937   0.0026            
 nFnu  1036A   0.107   2.9139      Ca B 1.588m  -2.781   0.0038      O  1  5577A  -2.539   0.0066      O  1 928.2A  -2.921   0.0027            
 nInu  1036A   2.130 307.0566      Ca B 1.570m  -2.858   0.0032      O  1 63.17m  -2.657   0.0050      O  1 917.5A  -3.025   0.0022            
 nFnu  1000A   0.131   3.0798      Ca B 1.556m  -2.930   0.0027      TOTL  3727A  -1.859   0.0315      O  1 923.4A  -3.129   0.0017            
 nInu  1000A   2.132 308.7315      Ca B 1.544m  -2.996   0.0023      TOTL  7325A  -1.110   0.1769      O  1 920.2A  -3.278   0.0012            
 nFnu 925.1A   0.184   3.4759      Ca B 1.534m  -3.058   0.0020      IONZ  7325A  -3.088   0.0019      O  2 530.8A  -3.057   0.0020            
 nInu 925.1A   2.082 274.7543      Ca B 1.526m  -3.116   0.0017      O II  3729A  -2.420   0.0087      Al 2  1671A  -2.504   0.0071            
 nFnu 897.8A   1.106  29.0439      Ca B 1.519m  -3.170   0.0015      O II  3726A  -2.000   0.0228      Si 2  1180A  -2.157   0.0159            
 nFnu 760.0A  -0.104   1.7901      Ca B 1.513m  -3.221   0.0014      O II  2471A  -1.213   0.1394      Si 2 993.4A  -2.471   0.0077            
 nFnu 701.5A  -0.508   0.7069      Ca B 1.508m  -3.267   0.0012      O II  7323A  -1.366   0.0981      Si 2  1024A  -2.677   0.0048            
 nFnu 608.2A  -2.121   0.0172      Ca B 1.504m  -3.311   0.0011      O II  7332A  -1.461   0.0787      S  2 750.3A  -3.097   0.0018            
 nInu 608.2A  -2.797   0.0036      Ca B 1.500m  -3.352   0.0010      O  2 833.8A  -2.805   0.0036      S  2 888.4A  -3.319   0.0011            
 nFnu 575.1A  -2.441   0.0082      Ca B 7.458m  -1.965   0.0247      O  3  5007A  -3.124   0.0017      Ar 1  1096A  -2.854   0.0032            
 nInu 575.1A  -2.179   0.0151      Ca B 4.653m  -2.153   0.0160      Ne 2 12.81m  -0.997   0.2292      Ar 1 922.5A  -3.273   0.0012            
 nFnu 511.9A  -3.006   0.0022      Ca B 3.740m  -2.331   0.0106      Ne 3  3869A  -3.228   0.0013      Ar 1 918.5A  -3.321   0.0011            
 nInu 511.9A  -1.226   0.1352      Ca B 3.296m  -2.489   0.0074      Na 1  5892A  -2.652   0.0051      P  2  1154A  -3.290   0.0012            
 nFnu 496.9A   0.469   6.7045      Ca B 3.038m  -2.629   0.0053      Mg 1  4561A  -3.170   0.0015      P  2 967.2A  -2.951   0.0025            
 nInu 496.9A  -2.819   0.0035      Ca B 2.872m  -2.754   0.0040      Mg 1  2853A  -2.110   0.0177      P  2 963.8A  -2.717   0.0044            
 nFnu 399.2A  -3.087   0.0019      Ca B 2.758m  -2.864   0.0031      Mg 1  2026A  -3.162   0.0016      Ti 2  3366A  -2.097   0.0182            
 nInu 399.2A  -1.414   0.0877      Ca B 2.674m  -2.962   0.0025      TOTL  2798A   0.033   2.4576      Ti 2  3238A  -2.355   0.0100            
 RRC.........................      Ca B 2.612m  -3.051   0.0020      Mg 2  2796A  -0.145   1.6296      Cr 2  2060A  -2.842   0.0033            
 grains......................      Ca B 2.564m  -3.132   0.0017      Mg 2  2803A  -0.439   0.8280      Mn 2  2590A  -1.983   0.0237            
 H-like iso-sequence.........      Ca B 2.525m  -3.206   0.0014      totl  2665A  -1.636   0.0527      Mn 2  1199A  -3.187   0.0015            
 Clin 912.0A  -0.856   0.3173      Ca B 2.495m  -3.275   0.0012      Al 2  2670A  -1.644   0.0517      Ni 2  1752A  -3.067   0.0020            
 Cool  1216A  -1.071   0.1932      Ca B 2.469m  -3.339   0.0010      Al 2  2660A  -3.342   0.0010      Ni 2  1744A  -3.009   0.0022            
 Crst 960.0A  -1.263   0.1244      Ca B 12.37m  -2.390   0.0093      Si 2 34.81m  -2.653   0.0051      Ni 2  1473A  -3.149   0.0016            
 Ca B  1216A   1.167  33.4224      Ca B 7.500m  -2.543   0.0065      TOTL  2335A  -1.477   0.0760      Ni 2  1400A  -3.292   0.0012            
 Q(H)  4861A  -0.308   1.1216      Ca B 5.907m  -2.697   0.0046      Si 2  2334A  -2.487   0.0074      Ni 2  1376A  -2.978   0.0024            
 Q(H)  1216A   1.213  37.2061      Ca B 5.127m  -2.838   0.0033      Si 2  2350A  -2.599   0.0057      Ni 2  1324A  -2.940   0.0026            
 Ca A  1216A   1.049  25.4817      Ca B 4.671m  -2.965   0.0025      Si 2  2344A  -1.953   0.0254      hyperfine structure.........            
 Ca A  1026A   0.328   4.8463      Ca B 4.375m  -3.079   0.0019      Si 2  2336A  -1.788   0.0371      inner shell.................            
 Ca A 972.5A  -0.086   1.8694      Ca B 4.170m  -3.181   0.0015      Si 2  1814A  -1.957   0.0251      molecules...................            
 Ca A 949.7A  -0.389   0.9305      Ca B 4.020m  -3.273   0.0012      Si 2  1531A  -2.540   0.0066      H-CT  6563A  -2.064   0.0197            
 Ca A 937.8A  -0.623   0.5427      Ca B 3.906m  -3.357   0.0010      Si 2  1308A  -2.498   0.0072            



                                                                           
 Cooling:  HFBc     0 :0.111 HFFc     0 :0.066 CaF1  7291A:0.066 Fe2c     0 :0.262  
 Heating:  BFH1     0 :0.922 BFHe     0 :0.070  

 These are some of the most important databases used by Cloudy:
 Many recombination coefficients were taken from http://amdpp.phys.strath.ac.uk/tamoc/RR/ and http://amdpp.phys.strath.ac.uk/tamoc/DR/
      and are based on the following papers:
        Badnell N. R., et al., A&A 406, 1151 (2003) [http://adsabs.harvard.edu/abs/2003A%26A...406.1151B]
        Badnell N. R., ApJS 167, 334 (2006) [http://adsabs.harvard.edu/abs/2006ApJS..167..334B]
 Much of the molecular emission data is from LAMDA as accessed on Dec. 18, 2010. This database is described in:
        Schoeier F.L., et al., A&A 432, 369 (2005) [http://adsabs.harvard.edu/abs/2005A%26A...432..369S]
      This database is in part based on the work of the following groups:
        JPL: Pickett H. M. et al., JQSRT, 60, 883 (1998). [http://adsabs.harvard.edu/abs/1998JQSRT..60..883P]
        CDMS: Mueller H. S. et al., A&A 370, L49 (2001). [http://adsabs.harvard.edu/abs/2001A%26A...370L..49M]
              Mueller H. S. et al., J. Mol. Struct. 742, 215 (2005). [http://adsabs.harvard.edu/abs/2005JMoSt.742..215M]
 Much of the ionic emission data is from version 7.0 of CHIANTI. CHIANTI is a collaborative project involving the NRL (USA), the
      Universities of Florence (Italy) and Cambridge (UK), and George Mason University (USA). These papers describe Chianti:
        Dere K. P., et al., A&AS, 125, 149 (1997) [http://adsabs.harvard.edu/abs/1997A%26AS..125..149D]
        Landi E., et al., ApJ, 744, 99 (2012) [http://adsabs.harvard.edu/abs/2012ApJ...744...99L]
 Much of the H_2 data is from this web site: http://molat.obspm.fr/index.php?page=pages/Molecules/H2/H2can94.php. These data are
      described in:
        Abgrall H. et al., Can. J. Phys., 72, 856 (1994) [http://adsabs.harvard.edu/abs/1994CaJPh..72..856A]
        Wrathmall S. A. & Flower D. R., J. Phys. B, 40, 3221 (2007) [http://adsabs.harvard.edu/abs/2007JPhB...40.3221W]
 Please cite those papers that played a significant role in this calculation.

 IONIZE PARMET:  U(1-) -4.4768  U(4-):-13.1066  U(sp): -4.48  Q(ion):    8.854  L(ion) -1.388    Q(low): 14.388    L(low)  2.081
 ENERGY BUDGET:  Heat:   0.844  Coolg:   0.844  Error:  0.0%  Rec Lin:   0.139  F-F  H  0.000    P(rad/tot)max     8.37E-04

     Col(Heff):      0.000E+00  snd travl time  1.11E+07 sec  Te-low: 3.96E+03  Te-hi: 8.07E+03  G0TH85: 4.92E+04  G0DB96:6.38E+04
  Emiss Measure    n(e)n(p) dl       2.822E+24  n(e)n(He+)dl         1.494E+23  En(e)n(He++) dl         2.016E+14  ne nC+:1.05E+21
 He/Ha:6.13E-02  =   0.72*true  Lthin:4.42E+01  itr/zn:10.37  H2 itr/zn:  0.00  File Opacity: F  MassTot 1.96e-05  (gm/cm^2)
   Temps(21 cm)   T(21cm/Ly a)  5.12E+03        T(<nH/Tkin>)  6.07E+03          T(<nH/Tspin>)    5.48E+03          TB21cm:1.47E-01
                   N(H0/Tspin)  8.65E+14        N(OH/Tkin)    1.17E+05          B(21cm)          0.00E+00
   <a>:5.23E-05  erdeFe0.0E+00  Tcompt6.81E+03  Tthr5.62E+07  <Tden>: 6.92E+03  <dens>:2.27E-18  <MolWgt>9.18E-01
     Mean Jeans  l(cm)3.13E+18  M(sun)1.83E+04  smallest:     len(cm):2.36E+18  M(sun):7.90E+03  a_ox tran:  0.00
 Rion:1.000E+30  Dist:0.00E+00  Diam:0.000E+00
 Hatom level 70  HatomType: add  HInducImp  F  He tot level: 63  He2 level:   70  ExecTime   361.3
 ConvrgError(%)  <eden>  0.243  MaxEden  0.837  <H-C>   0.11  Max(H-C)    0.36  <Press>   0.000  MaxPrs er  0.000
  Continuity(%)  chng Te   1.4  elec den   5.2  n(H2)    0.0  n(CO)        0.0

                                                        Averaged Quantities
             Te      Te(Ne)   Te(NeNp)  Te(NeHe+)Te(NeHe2+) Te(NeO+)  Te(NeO2+)  Te(H2)     N(H)     Ne(O2+)   Ne(Np)
 Radius:  6.92e+03  7.63e+03  7.78e+03  7.75e+03  7.69e+03  7.78e+03  7.84e+03  4.47e+03  1.00e+06  8.78e+05  7.25e+05
 
 Peimbert T(OIIIr)1.23E+04 T(Bac)7.91E+03 T(Hth)7.98E+03 t2(Hstrc) 7.31e-04 T(O3-BAC)9.43E+03 t2(O3-BC) 9.06e-02 t2(O3str) 1.55e-04

 Contin Optical Depths: COMP: 2.74e-06    H-: 1.03e-05 R(1300): 3.18e-05  H2+: 2.32e-07  Pfa:2.74E-06
                          Pa: 2.74e-06    Ba: 1.21e-05      Hb: 9.99e-06   La: 6.84e-02     1r:2.998E+01  1.8:9.71E+00 4.:1.858E+00

 Old, new H  1 continuum optical depths:
     1 3.00e+01     2 5.28e-06     3 1.04e-05     4 1.04e-05     5 1.04e-05     6 2.58e-06     7 2.58e-06     8 2.58e-06
     9 2.58e-06    10 8.56e-12    11 8.56e-12    12 8.56e-12    13 8.56e-12    14 8.56e-12    15 2.04e-11    16 2.04e-11
    17 2.04e-11    18 2.04e-11    19 2.04e-11    20 2.04e-11    21 4.34e-11    22 4.34e-11    23 4.34e-11    24 4.34e-11
    25 4.34e-11    26 4.34e-11    27 4.34e-11    28 8.26e-11    29 8.26e-11    30 8.26e-11    31 8.26e-11    32 8.26e-11
    33 8.26e-11    34 8.26e-11    35 8.26e-11    36 1.48e-10    37 1.48e-10    38 1.48e-10    39 1.48e-10    40 1.48e-10
    41 1.48e-10    42 1.48e-10    43 1.48e-10    44 1.48e-10    45 2.50e-10    46 2.50e-10    47 2.50e-10    48 2.50e-10
    49 2.50e-10    50 2.50e-10    51 2.50e-10    52 2.50e-10    53 2.50e-10    54 2.50e-10
     1 3.00e+01     2 5.27e-06     3 1.04e-05     4 1.04e-05     5 1.04e-05     6 2.58e-06     7 2.58e-06     8 2.58e-06
     9 2.58e-06    10 8.56e-12    11 8.56e-12    12 8.56e-12    13 8.56e-12    14 8.56e-12    15 2.04e-11    16 2.04e-11
    17 2.04e-11    18 2.04e-11    19 2.04e-11    20 2.04e-11    21 4.34e-11    22 4.34e-11    23 4.34e-11    24 4.34e-11
    25 4.34e-11    26 4.34e-11    27 4.34e-11    28 8.26e-11    29 8.26e-11    30 8.26e-11    31 8.26e-11    32 8.26e-11
    33 8.26e-11    34 8.26e-11    35 8.26e-11    36 1.48e-10    37 1.48e-10    38 1.48e-10    39 1.48e-10    40 1.48e-10
    41 1.48e-10    42 1.48e-10    43 1.48e-10    44 1.48e-10    45 2.50e-10    46 2.50e-10    47 2.50e-10    48 2.50e-10
    49 2.50e-10    50 2.50e-10    51 2.50e-10    52 2.50e-10    53 2.50e-10    54 2.50e-10

 Old, new H  1 mean line optical depths:
  2- 1 6.34e+05  3- 2 1.89e-04  4- 3 2.61e-08  5- 4 2.76e-08  6- 5 3.59e-08  7- 6 7.60e-08  8- 7 1.23e-07
  9- 8 4.20e-08 10- 9 8.34e-09
  2- 1 6.33e+05  3- 2 1.89e-04  4- 3 2.61e-08  5- 4 2.76e-08  6- 5 3.59e-08  7- 6 7.60e-08  8- 7 1.23e-07
  9- 8 4.20e-08 10- 9 8.34e-09

 Old, new He 2 continuum optical depths:
     1 1.86e+00     2 2.97e+01     3 1.19e-05     4 1.19e-05     5 1.19e-05     6 5.28e-06     7 5.28e-06     8 5.28e-06
     9 5.28e-06    10 8.41e-06    11 8.41e-06    12 8.41e-06    13 8.41e-06    14 8.41e-06    15 1.04e-05    16 1.04e-05
    17 1.04e-05    18 1.04e-05    19 1.04e-05    20 1.04e-05    21 8.76e-06    22 8.76e-06    23 8.76e-06    24 8.76e-06
    25 8.76e-06    26 8.76e-06    27 8.76e-06    28 2.58e-06    29 2.58e-06    30 2.58e-06    31 2.58e-06    32 2.58e-06
    33 2.58e-06    34 2.58e-06    35 2.58e-06    36 4.83e-12    37 4.83e-12    38 4.83e-12    39 4.83e-12    40 4.83e-12
    41 4.83e-12    42 4.83e-12    43 4.83e-12    44 4.83e-12    45 8.56e-12    46 8.56e-12    47 8.56e-12    48 8.56e-12
    49 8.56e-12    50 8.56e-12    51 8.56e-12    52 8.56e-12    53 8.56e-12    54 8.56e-12
     1 1.86e+00     2 2.96e+01     3 1.19e-05     4 1.19e-05     5 1.19e-05     6 5.27e-06     7 5.27e-06     8 5.27e-06
     9 5.27e-06    10 8.40e-06    11 8.40e-06    12 8.40e-06    13 8.40e-06    14 8.40e-06    15 1.04e-05    16 1.04e-05
    17 1.04e-05    18 1.04e-05    19 1.04e-05    20 1.04e-05    21 8.75e-06    22 8.75e-06    23 8.75e-06    24 8.75e-06
    25 8.75e-06    26 8.75e-06    27 8.75e-06    28 2.58e-06    29 2.58e-06    30 2.58e-06    31 2.58e-06    32 2.58e-06
    33 2.58e-06    34 2.58e-06    35 2.58e-06    36 4.83e-12    37 4.83e-12    38 4.83e-12    39 4.83e-12    40 4.83e-12
    41 4.83e-12    42 4.83e-12    43 4.83e-12    44 4.83e-12    45 8.56e-12    46 8.56e-12    47 8.56e-12    48 8.56e-12
    49 8.56e-12    50 8.56e-12    51 8.56e-12    52 8.56e-12    53 8.56e-12    54 8.56e-12

 Old, new He 2 mean line optical depths:
  2- 1 1.37e+04  3- 2 5.82e-11  4- 3 5.49e-16  5- 4 1.19e-16  6- 5 6.35e-17  7- 6 2.59e-17  8- 7 2.61e-17
  9- 8 2.42e-17 10- 9 2.48e-17
  2- 1 1.37e+04  3- 2 5.82e-11  4- 3 5.49e-16  5- 4 1.19e-16  6- 5 6.35e-17  7- 6 2.59e-17  8- 7 2.61e-17
  9- 8 2.42e-17 10- 9 2.48e-17

 Old He Is optical depths:    1 9.72e+00    2 1.51e-05    3 4.37e-06    4 4.91e-06    5 4.91e-06
 New He Is optical depths:    1 9.71e+00    2 1.51e-05    3 4.37e-06    4 4.90e-06    5 4.90e-06
          Old He Is Lines:  584 4.19e+04 3889 2.59e-01 5016 2.83e-04 5876 9.65e-08
          New He Is Lines:  584 4.18e+04 3889 2.59e-01 5016 2.83e-04 5876 9.69e-08

==== H      compounds ====           Log10 column densities [cm^-2}
   H2        : 10.999   H2*       : 11.306   H2+       : 10.521   H3+       :  4.612
==== He     compounds ====
   HeH+      : 11.412
==== Li     compounds ====
   LiH       : -1.309   LiH+      : -1.006
==== C      compounds ====
   CH        :  6.095   CH+       :  6.774   CH2       : -0.514   CH2+      : -0.292   CH3       : -6.891   CH3+      : -7.677   CH4       :-13.278   CH4+      :-15.163
   CH5+      :-21.770   C2        :  0.054   C2+       :  1.478   C2H       : -6.408   C2H+      : -5.287   C2H2      :-13.943   C2H2+     :-11.013   C2H3+     :-17.454
   C3        :-16.364   C3+       :-10.521   C3H       :-20.101   C3H+      :-17.110
==== N      compounds ====
   NH        :  7.765   NH+       :  7.146   NH2       :  0.201   NH2+      : -0.438   NH3       : -6.197   NH3+      : -7.920   NH4+      :-17.288   CN        :  4.027
   CN+       :  3.426   HCN       : -2.730   HCN+      : -3.291   HNC       : -6.862   HCNH+     :-10.876   HC3N      :-35.930   N2        :  4.238   N2+       :  3.212
   N2H+      : -9.371
==== O      compounds ====
   OH        :  8.745   OH+       :  8.163   H2O       :  1.736   H2O+      :  0.816   H3O+      : -6.431   CO        :  7.040   CO+       :  4.845   HCO+      :  1.096
   H2CO      :-35.930   CH3OH     :-35.930   ^13CO     :  5.563   NO        :  4.361   NO+       :  3.153   HNO       : -2.564   HNO+      : -4.139   OCN       : -5.217
   OCN+      : -4.959   N2O       : -6.548   O2        :  4.532   O2+       :  4.561   NO2       : -6.635   NO2+      : -7.042
==== Ne     compounds ====
   NeH+      :  6.820
==== Si     compounds ====
   SiH       : -1.743   SiH2+     : -2.763   SiC2      :-35.930   SiN       : -5.717   SiN+      :  2.792   SiO       :  1.778   SiO+      :  3.657   SiOH+     : -3.750
==== S      compounds ====
   HS        :  2.834   HS+       :  4.005   CS        : -3.152   CS+       :  0.370   HCS+      : -6.336   NS        : -0.713   NS+       :  2.197   SO        :  0.200
   SO+       :  3.234   OCS       :-10.025   OCS+      :-11.546   SO2       :-35.930   S2        : -9.141   S2+       :-10.412
==== Cl     compounds ====
   HCl       : -4.011   HCl+      :  3.967   H2Cl+     : -3.341   CCl       :-27.500   CCl+      : -8.011   H2CCl+    :-29.587   ClO       :-31.381   ClO+      :-35.231
==== Ar     compounds ====
   ArH+      :  7.954
==== Ti     compounds ====
   TiH       :-35.930   TiH+      :-35.930   TiH2      :-35.930   TiH2+     :-35.930   TiC       :-35.930   TiC+      :-35.930   HCTi      :-35.930   HCTi+     :-35.930
   TiC2      :-35.930   TiC2+     :-35.930   TiN       :-35.930   TiN+      :-35.930   HNTi      :-35.930   HNTi+     :-35.930   TiNC      :-35.930   TiNC+     :-35.930
   TiO       :-35.930   TiO+      :-35.930   TiOH+     :-35.930   TiO2      :-35.930   TiF+      :-35.930   TiS       :-35.930   TiS+      :-35.930   HTiS      :-35.930


               1      2      3      4      5      6      7      8      9     10     11     12     13     14     15     16     17

 Hydrogen   18.676 18.590 11.480 (H2)                Log10 Column density (cm^-2)
 Helium     17.706 17.356  8.564
 Lithium     5.966  7.981 -5.963-30.000
 Beryllium   7.504  8.212  7.099-30.000-30.000
 Boron       7.558  9.629  7.494  4.230-30.000-30.000
 Carbon     13.453 15.350 13.759-30.000-30.000-30.000-30.000
 Nitrogen   14.447 14.483 11.440-30.000-30.000-30.000-30.000-30.000
 Oxygen     15.391 15.249 12.071-30.000-30.000-30.000-30.000-30.000-30.000
 Fluorine   10.996 11.323  9.605-30.000-30.000-30.000-30.000-30.000-30.000-30.000
 Neon       14.435 14.663 12.381-30.000-30.000-30.000-30.000-30.000-30.000-30.000-30.000
 Sodium     11.172 13.172 10.210-30.000-30.000-30.000-30.000-30.000-30.000-30.000-30.000-30.000
 Magnesium  12.874 14.509 13.136-30.000-30.000-30.000-30.000-30.000-30.000-30.000-30.000-30.000-30.000
 Aluminium   9.931 13.384 11.150  8.503-30.000-30.000-30.000-30.000-30.000-30.000-30.000-30.000-30.000-30.000
 Silicon    11.700 14.440 12.609  8.345-30.000-30.000-30.000-30.000-30.000-30.000-30.000-30.000-30.000-30.000-30.000
 Phosphorus  9.428 12.339 10.529  6.657-30.000-30.000-30.000-30.000-30.000-30.000-30.000-30.000-30.000-30.000-30.000-30.000
 Sulphur    11.654 14.021 12.930  7.876-30.000-30.000-30.000-30.000-30.000-30.000-30.000-30.000-30.000-30.000-30.000-30.000-30.000
 Chlorine    9.541 12.414 11.122-30.000-30.000-30.000-30.000-30.000-30.000-30.000-30.000-30.000-30.000-30.000-30.000-30.000-30.000
-30.000
 Argon      12.714 13.071 12.673  6.338-30.000-30.000-30.000-30.000-30.000-30.000-30.000-30.000-30.000-30.000-30.000-30.000-30.000
-30.000-30.000
 Potassium   9.320 11.958 10.123-30.000-30.000-30.000-30.000-30.000-30.000-30.000-30.000-30.000-30.000-30.000-30.000-30.000-30.000
-30.000-30.000-30.000
 Calcium    10.920 13.000 12.946-30.000-30.000-30.000-30.000-30.000-30.000-30.000-30.000-30.000-30.000-30.000-30.000-30.000-30.000
-30.000-30.000-30.000-30.000
 Scandium    7.519  9.822  9.727  8.239-30.000-30.000-30.000-30.000-30.000-30.000-30.000-30.000-30.000-30.000-30.000-30.000-30.000
-30.000-30.000-30.000-30.000-30.000
 Titanium    7.861 11.823 11.020  8.240-30.000-30.000-30.000-30.000-30.000-30.000-30.000-30.000-30.000-30.000-30.000-30.000-30.000
-30.000-30.000-30.000-30.000-30.000-30.000
 Vanadium    8.922 10.738 10.255  6.608-30.000-30.000-30.000-30.000-30.000-30.000-30.000-30.000-30.000-30.000-30.000-30.000-30.000
-30.000-30.000-30.000-30.000-30.000-30.000-30.000
 Chromium   10.074 12.499 11.785  7.826-30.000-30.000-30.000-30.000-30.000-30.000-30.000-30.000-30.000-30.000-30.000-30.000-30.000
-30.000-30.000-30.000-30.000-30.000-30.000-30.000-30.000
 Manganese   8.407 12.306 11.477  7.345-30.000-30.000-30.000-30.000-30.000-30.000-30.000-30.000-30.000-30.000-30.000-30.000-30.000
-30.000-30.000-30.000-30.000-30.000-30.000-30.000-30.000-30.000
 Iron       10.285 14.406 13.267  9.899-30.000-30.000-30.000-30.000-30.000-30.000-30.000-30.000-30.000-30.000-30.000-30.000-30.000
-30.000-30.000-30.000-30.000-30.000-30.000-30.000-30.000-30.000-30.000
 Cobalt     10.771 11.893  9.538  6.057-30.000-30.000-30.000-30.000-30.000-30.000-30.000-30.000-30.000-30.000-30.000-30.000-30.000
-30.000-30.000-30.000-30.000-30.000-30.000-30.000-30.000-30.000-30.000-30.000
 Nickel      9.516 13.155 10.642  6.530-30.000-30.000-30.000-30.000-30.000-30.000-30.000-30.000-30.000-30.000-30.000-30.000-30.000
-30.000-30.000-30.000-30.000-30.000-30.000-30.000-30.000-30.000-30.000-30.000-30.000
 Copper      9.306 11.031 10.389  6.026-30.000-30.000-30.000-30.000-30.000-30.000-30.000-30.000-30.000-30.000-30.000-30.000-30.000
-30.000-30.000-30.000-30.000-30.000-30.000-30.000-30.000-30.000-30.000-30.000-30.000-30.000
 Zinc       10.424 11.391 10.614  7.937-30.000-30.000-30.000-30.000-30.000-30.000-30.000-30.000-30.000-30.000-30.000-30.000-30.000
-30.000-30.000-30.000-30.000-30.000-30.000-30.000-30.000-30.000-30.000-30.000-30.000-30.000-30.000
 Exc state    He1* 12.326   CII* 15.172   C11* 12.501   C12* 12.977   C13* 13.197   O11* 15.149   O12* 14.896   O13* 14.419
              Si2* 14.253   C30*  8.647   C31*  6.384   C32*  9.426


 Hydrogen   -0.260 -0.346 -7.155 (H2)                 Log10 Mean Ionisation (over radius)
 Helium     -0.161 -0.510 -9.302
 Lithium    -2.020 -0.004-13.949
 Beryllium  -0.813 -0.105 -1.217
 Boron      -2.078 -0.007 -2.142 -5.406
 Carbon     -1.913 -0.016 -1.607
 Nitrogen   -0.320 -0.284 -3.326
 Oxygen     -0.236 -0.378 -3.556
 Fluorine   -0.501 -0.173 -1.892
 Neon       -0.431 -0.203 -2.485
 Sodium     -2.005 -0.005 -2.967
 Magnesium  -1.662 -0.028 -1.400
 Aluminium  -3.456 -0.003 -2.237 -4.883
 Silicon    -2.746 -0.007 -1.838 -6.102
 Phosphorus -2.919 -0.007 -1.817 -5.690
 Sulphur    -2.403 -0.036 -1.127 -6.181
 Chlorine   -2.895 -0.022 -1.314
 Argon      -0.622 -0.265 -0.663 -6.998
 Potassium  -2.645 -0.007 -1.843
 Calcium    -2.357 -0.277 -0.331
 Scandium   -2.567 -0.263 -0.359 -1.846
 Titanium   -4.025 -0.064 -0.867 -3.646
 Vanadium   -1.944 -0.128 -0.612 -4.258
 Chromium   -2.503 -0.078 -0.792 -4.751
 Manganese  -3.960 -0.060 -0.889 -5.021
 Iron       -4.151 -0.030 -1.169 -4.537
 Cobalt     -1.155 -0.033 -2.388 -5.869
 Nickel     -3.640 -0.001 -2.514 -6.626
 Copper     -1.821 -0.096 -0.738 -5.101
 Zinc       -1.073 -0.106 -0.882 -3.559

               1      2      3      4      5      6      7      8      9     10     11     12     13     14     15     16     17

 Hydrogen   -0.500 -0.165 -8.155 (H2)         Log10 Mean Ionisation (over radius*electron density)
 Helium     -0.241 -0.371 -9.241
 Lithium    -1.905 -0.005-13.751
 Beryllium  -0.648 -0.167 -1.028
 Boron      -1.912 -0.011 -1.892 -5.143
 Carbon     -1.768 -0.025 -1.413
 Nitrogen   -0.599 -0.126 -3.063
 Oxygen     -0.452 -0.189 -3.292
 Fluorine   -0.770 -0.089 -1.791
 Neon       -0.611 -0.124 -2.466
 Sodium     -2.269 -0.003 -3.070
 Magnesium  -1.602 -0.041 -1.188
 Aluminium  -3.438 -0.004 -2.059 -4.662
 Silicon    -2.632 -0.012 -1.588 -5.821
 Phosphorus -2.899 -0.011 -1.612 -5.421
 Sulphur    -2.262 -0.054 -0.951 -5.901
 Chlorine   -2.893 -0.033 -1.140
 Argon      -1.075 -0.224 -0.496 -6.708
 Potassium  -2.964 -0.008 -1.765
 Calcium    -2.195 -0.195 -0.450
 Scandium   -2.517 -0.332 -0.296 -1.597
 Titanium   -4.142 -0.105 -0.667 -3.373
 Vanadium   -1.935 -0.220 -0.414 -3.987
 Chromium   -2.397 -0.145 -0.553 -4.476
 Manganese  -4.091 -0.110 -0.650 -4.746
 Iron       -4.229 -0.055 -0.923 -4.261
 Cobalt     -1.061 -0.043 -2.124 -5.586
 Nickel     -3.699 -0.003 -2.250 -6.340
 Copper     -1.726 -0.175 -0.504 -4.827
 Zinc       -0.965 -0.140 -0.780 -3.428

               1      2      3      4      5      6      7      8      9     10     11     12     13     14     15     16     17

 Hydrogen    3.802  3.883  3.651 (H2)                  Log10 Mean Temperature (over radius)
 Helium      3.825  3.873  3.853
 Lithium     3.870  3.840  3.879
 Beryllium   3.882  3.828  3.883
 Boron       3.880  3.840  3.892  3.894
 Carbon      3.878  3.839  3.884
 Nitrogen    3.793  3.880  3.894
 Oxygen      3.805  3.885  3.894
 Fluorine    3.788  3.862  3.865
 Neon        3.803  3.861  3.846
 Sodium      3.784  3.841  3.817
 Magnesium   3.859  3.838  3.887
 Aluminium   3.846  3.840  3.880  3.888
 Silicon     3.869  3.840  3.893  3.895
 Phosphorus  3.847  3.840  3.886  3.894
 Sulphur     3.877  3.837  3.881  3.894
 Chlorine    3.843  3.838  3.880
 Argon       3.759  3.856  3.881  3.898
 Potassium   3.774  3.840  3.857
 Calcium     3.881  3.863  3.812
 Scandium    3.863  3.834  3.846  3.891
 Titanium    3.813  3.833  3.883  3.895
 Vanadium    3.854  3.825  3.884  3.894
 Chromium    3.871  3.830  3.892  3.895
 Manganese   3.811  3.832  3.892  3.895
 Iron        3.821  3.836  3.892  3.895
 Cobalt      3.868  3.838  3.894  3.895
 Nickel      3.824  3.840  3.894  3.896
 Copper      3.870  3.828  3.890  3.894
 Zinc        3.870  3.833  3.862  3.865

               1      2      3      4      5      6      7      8      9     10     11     12     13     14     15     16     17

 Hydrogen    3.865  3.891  3.679 (H2)          Log10 Mean Temperature (over radius*electron density)
 Helium      3.878  3.889  3.886
 Lithium     3.888  3.883  3.892
 Beryllium   3.890  3.879  3.891
 Boron       3.890  3.883  3.894  3.894
 Carbon      3.890  3.882  3.892
 Nitrogen    3.861  3.890  3.894
 Oxygen      3.867  3.891  3.894
 Fluorine    3.862  3.887  3.888
 Neon        3.871  3.887  3.884
 Sodium      3.863  3.883  3.877
 Magnesium   3.886  3.882  3.892
 Aluminium   3.884  3.883  3.891  3.893
 Silicon     3.888  3.882  3.893  3.895
 Phosphorus  3.884  3.883  3.892  3.894
 Sulphur     3.889  3.882  3.891  3.895
 Chlorine    3.883  3.882  3.891
 Argon       3.839  3.885  3.890  3.898
 Potassium   3.857  3.883  3.887
 Calcium     3.890  3.887  3.876
 Scandium    3.885  3.878  3.886  3.894
 Titanium    3.876  3.880  3.892  3.895
 Vanadium    3.883  3.877  3.892  3.895
 Chromium    3.888  3.879  3.893  3.895
 Manganese   3.875  3.880  3.893  3.895
 Iron        3.878  3.881  3.893  3.895
 Cobalt      3.887  3.882  3.894  3.896
 Nickel      3.880  3.883  3.894  3.896
 Copper      3.887  3.878  3.893  3.895
 Zinc        3.888  3.881  3.888  3.889

               1      2      3      4      5      6      7      8      9     10     11     12     13     14     15     16     17
                                                                          

---------------Convergence statistics---------------
      1.62 mean iterations/state convergence
      2.92 mean cx acceleration loops/iteration
      1.03 mean iso convergence loops/ion solve
         1 mean steps/chemistry solve
         1 mean step length searches/chemistry step
----------------------------------------------------

 Cloudy ends: 105 zones, 3 iterations.  ExecTime(s) 361.34
 [Stop in cdMain at ../maincl.cpp:483, Cloudy exited OK]
 ************************************************** GRID_DELIMIT -- grid000000058
