                                                          Cloudy 13.03
                                                         www.nublado.org

                       **************************************13Feb20**************************************
                       *                                                                                 *
                       * c                                                                               *
                       * phi(h) 9.000000 LOG range -0.000232 6.866524                                    *
                       * grid from 8 to 23 in 1 dex steps                                                *
                       * HDEN=7.000000 LOG                                                               *
                       * grid from 0 to 12 in 1 dex steps                                                *
                       * set pres ionize 1e5                                                             *
                       * c                                                                               *
                       * c                                                                               *
                       * table star "Rotation_inst.mod" age 6.7                                          *
                       * c<< Rotation_ins model    3 read.       Age =    4010000.00                 >>> *
                       * c<< Rotation_ins model    4 read.       Age =    6010000.00                 >>> *
                       * c<< FINAL:     Age =    5011872.34                                          >>> *
                       * c                                                                               *
                       * c                                                                               *
                       * abundances GASS10                                                               *
                       * c                                                                               *
                       * c                                                                               *
                       * iterate to convergence max = 7                                                  *
                       * stop column density = 23                                                        *
                       * c                                                                               *
                       * c                                                                               *
                       * print last                                                                      *
                       * set save prefix "geneva_inst_rot_5"                                             *
                       * save grid ".grd" last no hash                                                   *
                       * save linelist "emissionlines_abs.txt" "LineList_HII.dat" absolute last no hash    *
                       *                                                                                 *
                       ***********************************************************************************



           4032CellPeak1.00E+00   Lo 1.00e-08=910.79cm   Hi-Con:5.68E+00 Ryd   E(hi):7.35E+06Ryd     E(hi):     100.01 MeV
           I(nu>1ryd):  -1.5276   Average nu:1.361E+00   I( X-ray):   0.0000   I(BalC):  -1.0037     Phi(BalmrC):   9.9038
           phi(1.0-1.8): 8.9472   phi(1.8-4.0):  8.059   phi(4.0-20):  0.370   phi(20--):  0.000     Ion pht flx:1.000E+09
           I(gam ray):   0.0000   phi(gam r):   0.0000   I(Infred):  -1.8431   Alf(ox):   0.0000     Total inten:  -0.8441
           U(1.0----):3.336E-09   U(4.0----):7.823E-18   T(En-Den):5.013E+00   T(Comp):2.997E+04     nuJnu(912A):9.429E-02
           Occ(FarIR):4.172E-02   Occ(H n=6):2.787E-14   Occ(1Ryd):4.334E-18   Occ(4R):9.865E-28     Occ (Nu-hi):3.752E-31
           Tbr(FarIR):6.611E-05   Tbr(H n=6):1.221E-10   Tbr(1Ryd):6.851E-13   Tbr(4R):6.235E-22     Tbr (Nu-hi):3.359E-25
  
                                                  Gas Phase Chemical Composition
        H :  0.0000  He: -1.0701  Li:-10.9508  Be:-10.6198  B : -9.3002  C : -3.5702  N : -4.1701  O : -3.3098  F : -7.4401
        Ne: -4.0701  Na: -5.7595  Mg: -4.4001  Al: -5.5498  Si: -4.4895  P : -6.5901  S : -4.8794  Cl: -6.5003  Ar: -5.6003
        K : -6.9706  Ca: -5.6596  Sc: -8.8508  Ti: -7.0501  V : -8.0701  Cr: -6.3595  Mn: -6.5702  Fe: -4.5003  Co: -7.0101
                                               Ni: -5.7799  Cu: -7.8097  Zn: -7.4401
 
 ####  1  Te:3.097E+03 Hden:1.000E+07 Ne:1.884E+05 R:1.000E+30 R-R0:7.680E+04 dR:1.536E+05 NTR: 30 Htot:1.631E-13 T912: 9.53e-06###
 Hydrogen      9.81e-01 1.84e-02 H+o/Hden 9.99e-01 2.00e-08 H-    H2 4.36e-04 3.64e-09 H2+ HeH+ 1.42e-09 Ho+ ColD 1.51e+12 2.82e+10
 Helium        9.98e-01 1.88e-03 6.47e-15 HeI 2s3S 8.37e-08 Comp H,C 3.63e-25 3.75e-26 Fill Fac 1.00e+00 Gam1/tot 1.00e+00
 He singlet n  9.98e-01 2.26e-12 8.48e-19 1.30e-19 3.81e-19 2.53e-19 He tripl 8.37e-08 2.86e-17 2.33e-19 2.10e-18 6.97e-19
 Pressure      NgasTgas 3.42e+10 P(total) 4.72e-06 P( gas ) 4.72e-06 P(Radtn) 0.00e+00 Rad accl 1.07e-05 ForceMul 4.09e+08
 Texc(La)      3.08e+03 T(I con) 5.01e+00 T(D con) 2.14e-01 T(U tot) 5.01e+00 nT (c+d) 1.26e+06 Prad/Gas 0.00e+00 Pmag/Gas 0.00e+00
 Molecules     CH/Ctot: 6.62e-05 CH+/Ctot 1.94e-06 CO/Ctot: 4.62e-04 CO+/Ctot 2.00e-08 H2O/Otot 5.42e-08 OH/Ototl 4.20e-04
 Lithium       6.08e-01 3.92e-01 3.26e-19 0.00e+00 Berylliu 9.80e-01 1.97e-02 1.09e-05 0.00e+00 0.00e+00 sec ion: 0.00e+00
 Boron         8.58e-01 1.42e-01 1.46e-07 0.00e+00 0.00e+00 0.00e+00
 Carbon        8.89e-01 1.10e-01 4.40e-06 0.00e+00 0.00e+00 0.00e+00 0.00e+00 H2O+/O   2.83e-08 OH+/Otot 1.21e-04 Hex(tot) 0.00e+00
 Nitrogen      9.97e-01 2.52e-03 8.03e-11 0.00e+00 0.00e+00 0.00e+00 0.00e+00 0.00e+00 O2/Ototl 4.91e-08 O2+/Otot 6.18e-08
 Oxygen        9.85e-01 1.41e-02 4.28e-10 0.00e+00 0.00e+00 0.00e+00 0.00e+00 0.00e+00 0.00e+00
 Fluorine      9.76e-01 2.42e-02 1.80e-06 0.00e+00 0.00e+00 0.00e+00 0.00e+00 0.00e+00 0.00e+00 0.00e+00
 Neon          9.89e-01 1.13e-02 1.23e-07 0.00e+00 0.00e+00 0.00e+00 0.00e+00 0.00e+00 0.00e+00 0.00e+00 0.00e+00
 Sodium        6.84e-02 9.32e-01 1.54e-06 0.00e+00 0.00e+00 0.00e+00 0.00e+00 0.00e+00 0.00e+00 0.00e+00 0.00e+00 0.00e+00
 Magnesium     7.30e-02 9.27e-01 1.56e-04 0.00e+00 0.00e+00 0.00e+00 0.00e+00 0.00e+00 0.00e+00 0.00e+00 0.00e+00 0.00e+00 0.00e+00
 Aluminium  0  4.58e-04 1.00e+00 4.14e-05 0.00e+00 0.00e+00 0.00e+00 0.00e+00 0.00e+00 0.00e+00 0.00e+00 0.00e+00 0.00e+00 0.00e+00
 Silicon    0  4.95e-02 9.50e-01 3.47e-07 0.00e+00 0.00e+00 0.00e+00 0.00e+00 0.00e+00 0.00e+00 0.00e+00 0.00e+00 0.00e+00 0.00e+00
 Phosphorus 0  2.40e-03 9.98e-01 8.70e-05 0.00e+00 0.00e+00 0.00e+00 0.00e+00 0.00e+00 0.00e+00 0.00e+00 0.00e+00 0.00e+00 0.00e+00
 Sulphur    0  3.98e-01 6.02e-01 4.42e-05 0.00e+00 0.00e+00 0.00e+00 0.00e+00 0.00e+00 0.00e+00 0.00e+00 0.00e+00 0.00e+00 0.00e+00
 Chlorine   0  2.57e-02 9.74e-01 3.03e-04 0.00e+00 0.00e+00 0.00e+00 0.00e+00 0.00e+00 0.00e+00 0.00e+00 0.00e+00 0.00e+00 0.00e+00
 Argon      0  9.92e-01 5.11e-03 8.10e-06 0.00e+00 0.00e+00 0.00e+00 0.00e+00 0.00e+00 0.00e+00 0.00e+00 0.00e+00 0.00e+00 0.00e+00
 Potassium  0  2.64e-01 7.36e-01 5.25e-05 0.00e+00 0.00e+00 0.00e+00 0.00e+00 0.00e+00 0.00e+00 0.00e+00 0.00e+00 0.00e+00 0.00e+00
 Calcium    0  9.03e-01 9.64e-02 1.93e-04 0.00e+00 0.00e+00 0.00e+00 0.00e+00 0.00e+00 0.00e+00 0.00e+00 0.00e+00 0.00e+00 0.00e+00
 Scandium   0  8.70e-01 1.29e-01 1.10e-03 0.00e+00 0.00e+00 0.00e+00 0.00e+00 0.00e+00 0.00e+00 0.00e+00 0.00e+00 0.00e+00 0.00e+00
 Titanium   0  1.96e-04 9.98e-01 1.38e-03 0.00e+00 0.00e+00 0.00e+00 0.00e+00 0.00e+00 0.00e+00 0.00e+00 0.00e+00 0.00e+00 0.00e+00
 Vanadium   0  9.28e-01 7.16e-02 2.72e-04 0.00e+00 0.00e+00 0.00e+00 0.00e+00 0.00e+00 0.00e+00 0.00e+00 0.00e+00 0.00e+00 0.00e+00
 Chromium   0  7.75e-01 2.25e-01 1.48e-06 0.00e+00 0.00e+00 0.00e+00 0.00e+00 0.00e+00 0.00e+00 0.00e+00 0.00e+00 0.00e+00 0.00e+00
 Manganese  0  2.15e-04 1.00e+00 1.64e-05 0.00e+00 0.00e+00 0.00e+00 0.00e+00 0.00e+00 0.00e+00 0.00e+00 0.00e+00 0.00e+00 0.00e+00
 Iron       0  1.23e-04 1.00e+00 2.33e-06 0.00e+00 0.00e+00 0.00e+00 0.00e+00 0.00e+00 0.00e+00 0.00e+00 0.00e+00 0.00e+00 0.00e+00
 Cobalt     0  9.74e-01 2.57e-02 1.39e-08 0.00e+00 0.00e+00 0.00e+00 0.00e+00 0.00e+00 0.00e+00 0.00e+00 0.00e+00 0.00e+00 0.00e+00
 Nickel     0  3.67e-04 1.00e+00 3.19e-07 0.00e+00 0.00e+00 0.00e+00 0.00e+00 0.00e+00 0.00e+00 0.00e+00 0.00e+00 0.00e+00 0.00e+00
 Copper     0  9.24e-01 7.56e-02 3.92e-05 0.00e+00 0.00e+00 0.00e+00 0.00e+00 0.00e+00 0.00e+00 0.00e+00 0.00e+00 0.00e+00 0.00e+00
 Zinc       0  9.83e-01 1.68e-02 1.51e-05 0.00e+00 0.00e+00 0.00e+00 0.00e+00 0.00e+00 0.00e+00 0.00e+00 0.00e+00 0.00e+00 0.00e+00
                                                                             
   Calculation stopped because lowest Te reached. Iteration 3 of 3
   The geometry is plane-parallel.
  !Continuum fluorescent production of H-beta was very important.
  !Charge transfer ionization of H reached 2578.3% of the local H ionization rate.
  !AGE: Cloud age was not set.  Longest timescale was 4.34e+07 s = 1.38e+00 years.
  !Mutual neutralization production of H-alpha was significant.
  !The CMB was not included.  This is added with the CMB command.
   H2 vib deexec heating reached 2.36% of the local heating.
   Charge transfer heating reached 0.94% of the local heating.
   The density is too low to l-mix the lowest H  I collapsed level.  More resolved levels are needed for accurate line ratios.
   The density is too low to l-mix the lowest He I collapsed level.  More resolved levels are needed for accurate line ratios.
   Grains were not present but might survive in this environment (energy density temperature was 5.01e+00K)
   The fraction of Ar in ArH+ reached 0.331% at some point in the cloud.

                       *********************************> Cloudy 13.03 <**********************************
                       * c                                                                               *
                       * phi(h) 9.000000 LOG range -0.000232 6.866524                                    *
                       * grid from 8 to 23 in 1 dex steps                                                *
                       * HDEN=7.000000 LOG                                                               *
                       * grid from 0 to 12 in 1 dex steps                                                *
                       * set pres ionize 1e5                                                             *
                       * c                                                                               *
                       * c                                                                               *
                       * table star "Rotation_inst.mod" age 6.7                                          *
                       * c                                                                               *
                       * c                                                                               *
                       * abundances GASS10                                                               *
                       * c                                                                               *
                       * c                                                                               *
                       * iterate to convergence max = 7                                                  *
                       * stop column density = 23                                                        *
                       * c                                                                               *
                       * c                                                                               *
                       * print last                                                                      *
                       * set save prefix "geneva_inst_rot_5"                                             *
                       * save grid ".grd" last no hash                                                   *
                       * save linelist "emissionlines_abs.txt" "LineList_HII.dat" absolute last no hash    *
                       *********************************> Log(U): -8.48 <*********************************

                     Emission Line Spectrum.   Constant  Density Model.    Open geometry.  Iteration 3 of 3.
                                                     Intensity (erg/s/cm^2).


                                                   Intrinsic line intensities
 general properties..........      nInu  1000A  -0.867*********      Ca A 4.653m -10.445   0.0148      He 1 1.083m -10.632   0.0096            
 TOTL  4861A  -8.614   1.0000      nFnu 925.1A  -9.217   0.2497      Ca A 3.740m -10.636   0.0095      He 1 1.083m -10.410   0.0160            
 TOTL  1216A  -6.095 330.5606      nInu 925.1A  -0.918*********      Ca A 3.296m -10.803   0.0065      He 1  3889A -10.876   0.0055            
 Inci     0   -0.844*********      nFnu 897.8A  -6.122 310.6764      Ca A 3.038m -10.951   0.0046      He 1  3188A -11.286   0.0021            
 TotH     0   -7.601  10.3060      nInu 897.8A  -1.200*********      Ca A 2.872m -11.082   0.0034      He 1  2945A -11.608   0.0010            
 TotC     0   -7.601  10.3123      nFnu 760.0A  -9.127   0.3067      Ca A 2.758m -11.201   0.0026      He 1  5016A -11.579   0.0011            
 BFH1     0   -7.630   9.6453      nInu 760.0A  -1.262*********      Ca A 2.674m -11.307   0.0020      He 1  5876A -10.662   0.0089            
 BFHe     0   -9.281   0.2152      nFnu 701.5A  -9.226   0.2445      Ca A 2.612m -11.404   0.0016      He 1  4471A -11.141   0.0030            
 TotM     0   -9.874   0.0549      nInu 701.5A  -1.337*********      Ca A 2.564m -11.492   0.0013      He 1  4026A -11.480   0.0014            
 CT H     0   -9.734   0.0758      nFnu 608.2A -10.978   0.0043      Ca A 2.525m -11.572   0.0011      He 1  6678A -11.204   0.0026            
 H FB     0   -8.762   0.7118      nInu 608.2A  -1.451*********      Ca A 12.37m -10.647   0.0093      He 1 1.869m -11.497   0.0013            
 HFBc     0   -8.762   0.7118      nFnu 575.1A -10.125   0.0308      Ca A 7.500m -10.815   0.0063      Pho+  3889A  -9.559   0.1136            
 OH       0  -10.304   0.0204      nInu 575.1A  -1.445*********      Ca A 5.907m -10.979   0.0043      database lines..............            
 CO       0  -10.864   0.0056      nInu 511.9A  -1.518*********      Ca A 5.127m -11.127   0.0031      OH   119.4m -11.372   0.0017            
 continua....................      nFnu 496.9A  -7.892   5.2758      Ca A 4.671m -11.262   0.0023      OH   119.4m -11.181   0.0027            
 Bac   3646A  -7.242  23.5649      nInu 496.9A  -1.7197845745.5      Ca A 4.375m -11.384   0.0017      OH   119.2m -11.511   0.0013            
 nFnu  3645A  -7.241  23.6358      nInu 399.2A  -1.9494621513.0      Ca A 4.170m -11.495   0.0013      OH   119.2m -11.317   0.0020            
 nFnu  3647A  -9.764   0.0709      RRC.........................      Ca A 4.020m -11.596   0.0010      OH   79.16m -11.442   0.0015            
 cout  3646A  -7.543  11.7825      H  1 911.8A  -7.465  14.0965      Ca A 19.06m -11.006   0.0041      OH   79.10m -11.458   0.0014            
 cref  3646A  -7.543  11.7825      H  1  3646A  -8.878   0.5445      Ca A 11.31m -11.144   0.0029      level 1 lines...............            
 thin  3646A  -7.242  23.5649      H  1  3646A  -8.471   1.3918      Ca A 8.758m -11.288   0.0021      C  1  1656A -10.097   0.0329            
 Inci  4860A  -2.0024095324.8      H  1  8204A  -9.655   0.0910      Ca A 7.506m -11.421   0.0016      REC   1656A -10.713   0.0080            
 Inci  1215A  -0.933*********      H  1  8204A  -9.195   0.2626      Ca A 6.770m -11.545   0.0012      C Ic  9850A  -8.917   0.4984            
 Ba C     0   -8.352   1.8265      H  1  8204A  -9.195   0.2622      Ca A 27.80m -11.325   0.0019      TOTL  9850A  -8.917   0.4984            
 PA C     0   -8.731   0.7634      H  1 1.458m -10.195   0.0263      Ca A 16.20m -11.441   0.0015      C  1  8727A  -9.856   0.0572            
 FIR  83.00m  -2.4361507321.0      H  1 1.458m  -9.725   0.0775      Ca A 12.38m -11.569   0.0011      C  2  1335A -11.154   0.0029            
 TIR   1800m  -4.7387510.2612      H  1 1.458m  -9.612   0.1004      Ca A 38.86m -11.612   0.0010      N  1 953.9A -11.423   0.0016            
 NIRa 2.850m  -2.3821704993.6      H  1 1.458m  -9.837   0.0598      Ca B  6563A  -8.265   2.2342      N  1  1200A -10.396   0.0165            
 NIRb 3.000m  -2.887533688.88      H  1 2.279m -10.595   0.0104      Ca B  4861A  -8.750   0.7306      O  1  6300A  -9.690   0.0840            
 MIRa 15.00m  -3.010402026.44      H  1 2.279m -10.125   0.0309      Ca B  4340A  -9.091   0.3336      O  1  6363A -10.186   0.0268            
 MIRb 22.50m  -2.788670822.69      H  1 2.279m  -9.976   0.0434      Ca B  4102A  -9.351   0.1832      O  1 63.17m  -9.179   0.2726            
 NMIR 21.75m  -2.3821704993.6      H  1 2.279m -10.049   0.0368      Ca B  3970A  -9.561   0.1131      O  1 145.5m -10.737   0.0075            
 TFIR 611.2m  -2.948463699.25      H  1 2.279m -10.434   0.0151      Ca B  3889A  -9.734   0.0759      Ne 2 12.81m  -9.503   0.1292            
 TALL 10000A  -0.844*********      H  1 3.281m -10.909   0.0051      Ca B  3835A  -9.879   0.0544      Na 1  5892A -10.763   0.0071            
 F12  12.00m  -3.491132860.75      H  1 3.281m -10.439   0.0149      Ca B  3798A -10.001   0.0410      Mg 1  2853A -11.205   0.0026            
 F25  25.00m  -3.299206808.66      H  1 3.281m -10.276   0.0218      Ca B  3771A -10.103   0.0324      TOTL  2798A -10.309   0.0202            
 F60  60.00m  -2.835600658.88      H  1 3.281m -10.290   0.0211      Ca B  3750A -10.190   0.0266      Mg 2  2796A -10.486   0.0134            
 F100 100.0m  -3.023390373.59      H  1 3.281m -10.498   0.0131      Ca B  3734A -10.263   0.0224      Mg 2  2803A -10.784   0.0068            
 MIPS 24.00m  -3.613100284.68      H  1 3.281m -11.004   0.0041      Ca B  3722A -10.326   0.0194      Si 2 34.81m  -9.428   0.1533            
 MIPS 70.00m  -3.193263882.56      H  1 4.466m -11.165   0.0028      Ca B  3712A -10.381   0.0171      Si 2  1531A -11.199   0.0026            
 MIPS 160.0m  -3.418157164.62      H  1 4.466m -10.697   0.0083      Ca B  3704A -10.430   0.0153      Si 2  1308A -11.276   0.0022            
 IRAC 3.600m  -4.13829930.588      H  1 4.466m -10.528   0.0122      Ca B  3697A -10.475   0.0138      Si 2  1263A -10.162   0.0283            
 IRAC 4.500m  -4.20525652.459      H  1 4.466m -10.513   0.0126      Ca B  3692A -10.518   0.0125      P  2 32.87m -11.337   0.0019            
 IRAC 5.800m  -4.12730719.990      H  1 4.466m -10.646   0.0093      Ca B  3687A -10.559   0.0114      P  2 1.189m -10.624   0.0098            
 IRAC 8.000m  -3.84159353.715      H  1 4.466m -10.955   0.0046      Ca B  3683A -10.598   0.0104      P  2 1.147m -11.101   0.0033            
 SPR1 250.0m  -3.84059477.281      H  1 4.466m -11.553   0.0012      Ca B  3679A -10.636   0.0095      S  1 25.19m  -9.591   0.1056            
 SPR2 350.0m  -4.27621793.738      H  1 5.834m -11.382   0.0017      Ca B  3676A -10.673   0.0087      S  1 56.29m -11.103   0.0032            
 SPR3 500.0m  -4.6648921.2324      H  1 5.834m -10.915   0.0050      Ca B  3674A -10.709   0.0080      S 1R  1807A -11.595   0.0010            
 PAC1 70.00m  -3.130304547.41      H  1 5.834m -10.743   0.0074      Ca B  3671A -10.744   0.0074      S  2  6720A -10.456   0.0144            
 PAC2 100.0m  -3.018394872.72      H  1 5.834m -10.713   0.0080      Ca B 1.875m  -9.128   0.3064      S  2  4074A -10.594   0.0105            
 PAC3 160.0m  -3.161284030.81      H  1 5.834m -10.807   0.0064      Ca B 1.282m  -9.473   0.1384      S  2 1.033m -10.770   0.0070            
 PAH  3.300m  -4.9694420.9556      H  1 5.834m -11.030   0.0038      Ca B 1.094m  -9.743   0.0743      S II  6731A -10.614   0.0100            
 PAHC 3.230m  -5.2212471.0901      H  1 5.834m -11.419   0.0016      Ca B 1.005m  -9.961   0.0450      S II  6716A -10.973   0.0044            
 PAHC 3.370m  -5.3012057.4290      H  1 7.383m -11.567   0.0011      Ca B  9546A -10.142   0.0297      S II  4070A -10.705   0.0081            
 PAH  6.200m  -4.57810857.229      H  1 7.383m -11.102   0.0033      Ca B  9229A -10.295   0.0209      S II  4078A -11.239   0.0024            
 PAHC 5.650m  -4.57410979.876      H  1 7.383m -10.928   0.0049      Ca B  9015A -10.425   0.0155      S II 1.032m -11.196   0.0026            
 PAH  7.900m  -4.28821192.223      H  1 7.383m -10.890   0.0053      Ca B  8863A -10.536   0.0120      S II 1.029m -11.331   0.0019            
 PAHC 6.900m  -4.28221459.432      H  1 7.383m -10.962   0.0045      Ca B  8750A -10.632   0.0096      S II 1.034m -11.402   0.0016            
 PAH  11.30m  -4.7018194.4668      H  1 7.383m -11.137   0.0030      Ca B  8665A -10.715   0.0079      Cl 1 11.33m -11.315   0.0020            
 PAHC 10.90m  -4.6998221.5645      H  1 7.383m -11.429   0.0015      Ca B  8598A -10.787   0.0067      Cl 2 33.30m -11.498   0.0013            
 PAH  11.80m  -4.46014267.361      H  1 9.115m -11.265   0.0022      Ca B  8545A -10.850   0.0058      Cl 2 14.40m  -9.893   0.0526            
 PAHC 12.65m  -4.46214191.442      H  1 9.115m -11.091   0.0033      Ca B  8502A -10.908   0.0051      Cl 2  8579A  -9.971   0.0440            
 PAH  13.30m  -4.40616144.246      H  1 9.115m -11.048   0.0037      Ca B  8467A -10.960   0.0045      Cl 2  9124A -10.549   0.0116            
 PAHC 14.10m  -4.40816057.701      H  1 9.115m -11.105   0.0032      Ca B  8438A -11.009   0.0040      Ar 2 6.980m -10.502   0.0129            
 Bcon  3640A  -1.003*********      H  1 9.115m -11.252   0.0023      Ca B  8413A -11.055   0.0036      K  1  7676A -10.883   0.0054            
 Pcon  5000A  -2.1402978722.5      H  1 9.115m -11.489   0.0013      Ca B  8392A -11.098   0.0033      Ca 1  4228A -10.668   0.0088            
 HFFc     0   -9.061   0.3575      H  1 11.03m -10.489   0.0134      Ca B  8374A -11.139   0.0030      Ca 2  3933A -11.525   0.0012            
 H FF     0   -9.306   0.2032      H  1 13.13m -10.600   0.0103      Ca B  8359A -11.179   0.0027      Ca 2  7306A  -9.506   0.1283            
 HeFF     0  -11.367   0.0018      H  1 15.40m -10.704   0.0081      Ca B  8346A -11.217   0.0025      CaF1  7291A  -9.732   0.0762            
 MeFB     0  -10.809   0.0064      H  1 17.87m -10.799   0.0065      Ca B  8334A -11.253   0.0023      CaF2  7324A  -9.897   0.0522            
 MeFF     0  -11.387   0.0017      H  1 20.51m -10.888   0.0053      Ca B 4.051m  -9.724   0.0777      Fe2c     0   -7.753   7.2570            
 ToFF     0   -9.299   0.2066      H  1 23.33m -10.971   0.0044      Ca B 2.625m  -9.989   0.0421      Fe 2  4300A  -9.845   0.0587            
 nInu 6.611c -10.621   0.0098      H  1 26.34m -11.050   0.0037      Ca B 2.166m -10.214   0.0251      Fe 2  2400A -10.617   0.0099            
 nInu 6.137c -10.523   0.0123      H  1 29.53m -11.124   0.0031      Ca B 1.945m -10.402   0.0163      Fe 2 25.98m  -8.843   0.5909            
 nInu 3.554c  -9.813   0.0632      H  1 32.91m -11.194   0.0026      Ca B 1.817m -10.563   0.0113      Fe 2 5.339m  -9.907   0.0510            
 nInu 3.432c  -9.768   0.0702      H  1 36.46m -11.260   0.0023      Ca B 1.736m -10.701   0.0082      Fe 2 4.114m -10.554   0.0115            
 nInu 3.400c  -9.755   0.0723      H  1 40.20m -11.323   0.0020      Ca B 1.681m -10.822   0.0062      Fe 2 1.257m  -8.697   0.8259            
 nInu 2.003c  -9.071   0.3493      H  1 44.12m -11.383   0.0017      Ca B 1.641m -10.927   0.0049      Fe 2 35.34m  -9.283   0.2145            
 nInu 1.335c  -8.537   1.1948      H  1 48.22m -11.441   0.0015      Ca B 1.611m -11.020   0.0039      Fe 2 4.888m -11.008   0.0040            
 nInu  9993m  -8.159   2.8515      H  1 52.50m -11.496   0.0013      Ca B 1.588m -11.101   0.0033      Fe 2 4.075m -10.853   0.0058            
 nInu  6917m  -7.684   8.5222      H  1 56.97m -10.293   0.0210      Ca B 1.570m -11.174   0.0028      Fe 2 1.321m  -9.275   0.2185            
 nFnu 122.4m -10.556   0.0114      He 1 504.3A  -9.174   0.2753      Ca B 1.556m -11.240   0.0024      Fe 2 1.249m  -9.973   0.0438            
 nInu 122.4m  -2.6071017289.4      He 1  2600A -11.013   0.0040      Ca B 1.544m -11.299   0.0021      Fe 2  7638A  -9.960   0.0450            
 nFnu 60.83m -10.290   0.0211      He 1  3121A -11.528   0.0012      Ca B 1.534m -11.354   0.0018      Fe 2 51.29m  -9.991   0.0420            
 nInu 60.83m  -2.654912135.38      He 1  3421A -11.426   0.0015      Ca B 1.526m -11.405   0.0016      Fe 2 5.672m -10.382   0.0171            
 nFnu 41.22m -10.103   0.0324      He 1  3421A -10.949   0.0046      Ca B 1.519m -11.452   0.0015      Fe 2 4.606m -10.665   0.0089            
 nInu 41.22m  -2.766704329.19      He 1  3421A -10.727   0.0077      Ca B 1.513m -11.496   0.0013      Fe 2 4.081m -10.771   0.0070            
 nFnu 30.87m  -9.983   0.0427      He 1  3679A -11.142   0.0030      Ca B 1.508m -11.538   0.0012      Fe 2 1.372m  -9.499   0.1304            
 nInu 30.87m  -2.869556416.50      He 1  7843A -11.271   0.0022      Ca B 1.504m -11.577   0.0011      Fe 2 1.294m  -9.305   0.2040            
 nFnu 24.78m  -9.891   0.0528      He 1  8188A -11.376   0.0017      Ca B 7.458m -10.207   0.0255      Fe 2  7687A -10.158   0.0286            
 nInu 24.78m  -2.948463655.84      C  1  1101A -10.578   0.0109      Ca B 4.653m -10.417   0.0158      Fe 2 87.36m -11.120   0.0031            
 nFnu 24.30m  -9.884   0.0537      O  1 910.4A -11.351   0.0018      Ca B 3.740m -10.607   0.0102      Fe 2 5.061m -11.327   0.0019            
 nInu 24.30m  -2.955456032.72      Al 1  2071A -11.428   0.0015      Ca B 3.296m -10.772   0.0070      Fe 2 4.434m -10.653   0.0092            
 nFnu 22.83m  -9.856   0.0574      Si 1  1521A -10.441   0.0149      Ca B 3.038m -10.916   0.0050      Fe 2 1.328m  -9.550   0.1159            
 nInu 22.83m  -2.977433903.44      P  1  1182A -11.446   0.0015      Ca B 2.872m -11.043   0.0037      Fe 2 1.279m  -9.438   0.1500            
 nFnu 21.42m  -9.832   0.0606      S  1  1197A -10.602   0.0103      Ca B 2.758m -11.155   0.0029      Fe 2 1.252m -10.346   0.0185            
 nInu 21.42m  -3.000411142.31      Cl 1 956.0A -11.257   0.0023      Ca B 2.674m -11.255   0.0023      Fe 2  7665A -10.548   0.0117            
 nFnu 21.12m  -9.827   0.0613      Fe 1  1569A -11.366   0.0018      Ca B 2.612m -11.344   0.0019      Fe 2 1.298m  -9.802   0.0649            
 nInu 21.12m  -3.006406062.06      grains......................      Ca B 2.564m -11.424   0.0015      Fe 2 1.270m  -9.634   0.0956            
 nFnu 19.62m  -9.794   0.0662      H-like iso-sequence.........      Ca B 2.525m -11.496   0.0013      Fe 2  7874A -11.016   0.0040            
 nInu 19.62m  -3.031382648.75      Ca B  1216A  -7.246  23.3448      Ca B 2.495m -11.561   0.0011      Fe 2  7733A -11.063   0.0036            
 nFnu 17.65m  -9.745   0.0740      Q(H)  4861A  -3.290211089.55      Ca B 12.37m -10.618   0.0099      Fe 2 17.93m  -8.634   0.9545            
 nInu 17.65m  -3.075346289.06      Q(H)  1216A  -1.7876720032.0      Ca B 7.500m -10.787   0.0067      Fe 2 1.644m  -8.770   0.6986            
 nFnu 17.37m  -9.740   0.0749      CaBo  4861A  -8.743   0.7432      Ca B 5.907m -10.951   0.0046      Fe 2 1.533m  -9.249   0.2316            
 nInu 17.37m  -3.081341607.78      Ca A  1216A  -7.348  18.4616      Ca B 5.127m -11.097   0.0033      Fe 2  8617A  -9.382   0.1707            
 nFnu 15.69m  -9.706   0.0810      Ca A  1026A  -8.101   3.2582      Ca B 4.671m -11.228   0.0024      Fe 2 24.51m  -9.145   0.2942            
 nInu 15.69m  -3.120311966.22      Ca A 972.5A  -8.528   1.2198      Ca B 4.375m -11.345   0.0019      Fe 2 1.809m  -9.473   0.1384            
 nFnu 14.60m  -9.670   0.0879      Ca A 949.7A  -8.835   0.6012      Ca B 4.170m -11.450   0.0015      Fe 2 1.677m  -9.389   0.1680            
 nInu 14.60m  -3.148292760.84      Ca A 937.8A  -9.073   0.3476      Ca B 4.020m -11.544   0.0012      Fe 2 1.599m  -9.377   0.1726            
 nFnu 12.43m  -9.601   0.1030      Ca A 930.8A  -9.263   0.2244      Ca B 19.06m -10.976   0.0043      Fe 2  9052A -10.040   0.0375            
 nInu 12.43m  -3.213252041.25      Ca A 926.2A  -9.417   0.1575      Ca B 11.31m -11.116   0.0031      Fe 2  8892A  -9.802   0.0649            
 nFnu 11.40m  -9.576   0.1093      Ca A 923.2A  -9.540   0.1187      Ca B 8.758m -11.259   0.0023      Fe 2 35.77m  -9.977   0.0434            
 nInu 11.40m  -3.246233326.59      Ca A 921.0A  -9.636   0.0951      Ca B 7.506m -11.390   0.0017      Fe 2 1.800m  -9.561   0.1131            
 nFnu 10.46m  -9.530   0.1213      Ca A 919.4A  -9.709   0.0803      Ca B 6.770m -11.509   0.0013      Fe 2 1.711m  -9.959   0.0452            
 nInu 10.46m  -3.280216002.45      Ca A 918.1A  -9.765   0.0707      Ca B 27.80m -11.294   0.0021      Fe 2 1.664m  -9.674   0.0871            
 nFnu 9.480m  -9.502   0.1293      Ca A 917.2A  -9.807   0.0642      Ca B 16.20m -11.412   0.0016      Fe 2  9399A -10.817   0.0063            
 nInu 9.480m  -3.319197282.25      Ca A 916.4A  -9.836   0.0599      Ca B 12.38m -11.538   0.0012      Fe 2  9227A -10.058   0.0360            
 nFnu 9.325m  -9.498   0.1305      Ca A 915.8A  -9.857   0.0572      Ca B 38.86m -11.580   0.0011      Fe 2  9033A -10.297   0.0208            
 nInu 9.325m  -3.325194623.06      Ca A 915.3A  -9.871   0.0553      H  1     0   -9.961   0.0450      Fe 2 1.797m  -9.732   0.0763            
 nFnu 8.210m  -9.438   0.1499      Ca A 914.9A  -9.883   0.0538      H  1  1216A  -6.095 330.5606      Fe 2 1.745m  -9.983   0.0428            
 nInu 8.210m  -3.376172944.36      Ca A 914.6A  -9.896   0.0523      H  1  1026A  -6.907  50.9470      Fe 2  9471A -10.623   0.0098            
 nFnu 7.580m  -9.420   0.1564      Ca A 914.3A  -9.911   0.0505      H  1 972.5A  -7.395  16.5587      Fe 2  9268A -10.191   0.0265            
 nInu 7.580m  -3.408160889.22      Ca A 914.0A  -9.928   0.0485      H  1 949.7A  -7.679   8.6119      Fe 2 22.90m -10.474   0.0138            
 nFnu 7.050m  -9.367   0.1768      Ca A 913.8A  -9.948   0.0464      H  1 937.8A  -7.886   5.3434      Fe 2 1.811m -10.837   0.0060            
 nInu 7.050m  -3.435150967.92      Ca A 913.6A  -9.969   0.0442      H  1 930.8A  -8.161   2.8393      Fe 2 1.748m -11.044   0.0037            
 nFnu 4.114m  -9.163   0.2823      Ca A 913.5A  -9.991   0.0420      H  1 926.2A  -8.406   1.6143      Fe 2 34.65m -11.154   0.0029            
 nInu 4.114m  -3.529121782.85      Ca A 913.3A -10.014   0.0398      H  1 923.2A  -8.582   1.0764      Fe 2 1.813m -11.318   0.0020            
 nFnu 2.324m  -9.115   0.3159      Ca A  6563A  -8.427   1.5370      H  1 921.0A  -8.750   0.7314      Fe2b  7000A  -9.665   0.0888            
 nInu 2.324m  -3.291210448.44      Ca A  4861A  -8.912   0.5040      H  1  6563A  -8.171   2.7738      Fe2b 10000A  -8.008   4.0333            
 nFnu 1.643m  -9.032   0.3821      Ca A  4340A  -9.251   0.2307      H  1  4861A  -8.614   1.0000      Fe2b  7445A  -9.665   0.0888            
 nInu 1.643m  -3.054362933.50      Ca A  4102A  -9.511   0.1268      H  1  4340A  -8.913   0.5022      Fe2b  8625A  -9.050   0.3666            
 nFnu 1.480m  -8.966   0.4446      Ca A  3970A  -9.721   0.0782      H  1  4102A  -9.136   0.3008      Fe2b 1.033m -10.623   0.0098            
 nInu 1.480m  -3.002409458.59      Ca A  3889A  -9.896   0.0523      H  1  3970A  -9.366   0.1771      Fe2b 1.889m  -8.980   0.4305            
 nFnu 1.436m  -8.510   1.2723      Ca A  3835A -10.043   0.0372      H  1  3889A  -9.538   0.1192      Fe 2  1786A -10.072   0.0348            
 nInu 1.436m  -2.884537751.81      Ca A  3798A -10.168   0.0279      H  1  3835A  -9.638   0.0946      recombination...............            
 nFnu 1.119m  -8.551   1.1554      Ca A  3771A -10.273   0.0219      H  1  3798A  -9.723   0.0779      O  1  1357A -11.037   0.0038            
 nInu 1.119m  -2.731763490.50      Ca A  3750A -10.361   0.0179      H  1 1.875m  -9.129   0.3055      C  1  1140A -10.818   0.0062            
 nFnu  8330A  -8.746   0.7382      Ca A  3734A -10.434   0.0151      H  1 1.282m  -9.431   0.1526      level2 lines................            
 nInu  8330A  -2.5411182186.1      Ca A  3722A -10.496   0.0131      H  1 1.094m  -9.670   0.0879      C  1 943.9A -10.173   0.0276            
 nFnu  8079A  -8.029   3.8444      Ca A  3712A -10.548   0.0116      H  1 1.005m  -9.883   0.0538      C  1  1248A -10.324   0.0195            
 nInu  8079A  -2.3931664257.4      Ca A  3704A -10.594   0.0105      H  1  9546A -10.042   0.0373      C  1 841.0A -10.873   0.0055            
 nFnu  6210A  -8.604   1.0246      Ca A  3697A -10.635   0.0095      H  1  9229A -10.145   0.0294      C  1  1561A -10.628   0.0097            
 nInu  6210A  -2.2152506586.5      Ca A  3692A -10.673   0.0087      H  1  9015A -10.232   0.0241      C  1  1315A -10.569   0.0111            
 nFnu  4885A  -9.292   0.2098      Ca A  3687A -10.708   0.0081      H  1 4.051m  -9.761   0.0713      C  1  1166A -10.755   0.0072            
 nInu  4885A  -2.0044074000.0      Ca A  3683A -10.741   0.0075      H  1 2.625m  -9.990   0.0421      C  1  1233A -10.830   0.0061            
 nFnu  3704A -10.041   0.0374      Ca A  3679A -10.772   0.0069      H  1 2.166m -10.200   0.0259      C  1  1132A -11.046   0.0037            
 nInu  3704A  -1.7876710758.0      Ca A  3676A -10.803   0.0065      H  1 1.945m -10.368   0.0176      C  1  1251A -11.032   0.0038            
 nFnu  3588A  -7.315  19.9339      Ca A  3674A -10.832   0.0061      H  1 1.817m -10.489   0.0133      C  1  1112A -11.191   0.0026            
 nInu  3588A  -1.6159973054.0      Ca A  3671A -10.860   0.0057      H  1 1.736m -10.588   0.0106      C  1  1115A -11.242   0.0024            
 nFnu  2430A  -9.452   0.1453      Ca A 1.875m  -9.176   0.2742      H  1 7.458m -10.266   0.0223      C  1  1162A -11.317   0.0020            
 nInu  2430A  -1.375*********      Ca A 1.282m  -9.528   0.1220      H  1 4.653m -10.451   0.0146      C  1  1167A -11.377   0.0017            
 nFnu  2392A  -9.510   0.1271      Ca A 1.094m  -9.802   0.0649      H  1 3.740m -10.623   0.0098      C  1  1104A -11.351   0.0018            
 nInu  2392A  -1.362*********      Ca A 1.005m -10.023   0.0390      H  1 3.296m -10.757   0.0072      C  1  1109A -11.381   0.0017            
 nFnu  2071A  -9.538   0.1191      Ca A  9546A -10.207   0.0255      H  1 3.038m -10.866   0.0056      C  1  1098A -11.529   0.0012            
 nInu  2071A  -1.253*********      Ca A  9229A -10.364   0.0178      H  1 12.37m -10.700   0.0082      C  1  1132A -11.568   0.0011            
 nFnu  2053A  -9.557   0.1141      Ca A  9015A -10.500   0.0130      H  1 7.500m -10.847   0.0058      C  2 892.8A -10.928   0.0049            
 nInu  2053A  -1.254*********      Ca A  8863A -10.618   0.0099      H  1 5.907m -10.984   0.0043      C  2 688.8A -11.500   0.0013            
 nFnu  1793A  -9.560   0.1132      Ca A  8750A -10.720   0.0078      H  1 5.127m -11.097   0.0033      C  2  1020A -11.179   0.0027            
 nInu  1793A  -1.150*********      Ca A  8665A -10.810   0.0064      H  1 19.06m -11.077   0.0034      N  1 942.3A -11.359   0.0018            
 nFnu  1585A  -9.452   0.1454      Ca A  8598A -10.889   0.0053      H  1 11.31m -11.188   0.0027      N  1 952.1A -11.438   0.0015            
 nInu  1585A  -1.171*********      Ca A  8545A -10.959   0.0045      H  1 8.758m -11.298   0.0021      O  1 867.3A -10.552   0.0115            
 nFnu  1458A  -9.182   0.2707      Ca A  8502A -11.021   0.0039      H  1 27.80m -11.399   0.0016      O  1 787.5A -11.283   0.0021            
 nInu  1458A  -1.058*********      Ca A  8467A -11.078   0.0034      H  1 16.20m -11.482   0.0014      O  1 976.8A -10.484   0.0135            
 nFnu  1357A  -9.358   0.1805      Ca A  8438A -11.129   0.0031      He-like iso-sequence........      O  1 767.7A -11.287   0.0021            
 nInu  1357A  -0.988*********      Ca A  8413A -11.176   0.0027      Hlin 506.0A  -9.815   0.0630      O  1 969.0A -10.863   0.0056            
 nFnu  1297A  -9.381   0.1709      Ca A  8392A -11.219   0.0025      Ca B  2945A -11.481   0.0014      O  1 946.4A -11.272   0.0022            
 nInu  1297A  -0.959*********      Ca A  8374A -11.258   0.0023      Ca B  3188A -11.160   0.0028      O  1 934.5A -11.455   0.0014            
 nFnu  1263A  -9.403   0.1625      Ca A  8359A -11.295   0.0021      Ca B  3889A -10.749   0.0073      O  1 973.6A -11.606   0.0010            
 nInu  1263A  -0.954*********      Ca A  8346A -11.328   0.0019      Ca B  4026A -11.377   0.0017      Ne 1 688.6A -11.341   0.0019            
 nFnu  1218A  -8.542   1.1806      Ca A  8334A -11.360   0.0018      Ca B  4471A -11.041   0.0037      Al 2  1671A -11.057   0.0036            
 nInu  1218A  -0.935*********      Ca A 4.051m  -9.756   0.0722      Ca B  4922A -11.604   0.0010      Si 2  1180A -10.270   0.0221            
 nFnu  1196A  -8.926   0.4872      Ca A 2.625m -10.023   0.0390      Ca B  5016A -11.329   0.0019      Si 2 993.4A -11.092   0.0033            
 nInu  1196A  -0.949*********      Ca A 2.166m -10.250   0.0231      Ca B  5876A -10.567   0.0111      S  2 750.3A -11.067   0.0035            
 nFnu  1175A  -9.052   0.3646      Ca A 1.945m -10.441   0.0149      Ca B  6678A -11.111   0.0032      S  2 888.4A -11.595   0.0010            
 nInu  1175A  -0.953*********      Ca A 1.817m -10.604   0.0102      Ca B  7065A -11.423   0.0016      hyperfine structure.........            
 nFnu  1144A  -9.247   0.2330      Ca A 1.736m -10.747   0.0074      Ca B 1.083m  -9.826   0.0614      inner shell.................            
 nInu  1144A  -0.875*********      Ca A 1.681m -10.874   0.0055      Ca B 1.869m -11.411   0.0016      molecules...................            
 nFnu  1113A  -9.318   0.1975      Ca A 1.641m -10.986   0.0042      Ca B 2.058m -11.121   0.0031      H2 l 2.000m -10.447   0.0147            
 nInu  1113A  -0.958*********      Ca A 1.611m -11.086   0.0034      He 1     0   -9.304   0.2044      H2vH     0   -9.228   0.2433            
 nFnu  1103A  -8.847   0.5846      Ca A 1.588m -11.175   0.0027      He 1 584.3A  -8.172   2.7686      H2 v     0  -11.460   0.0014            
 nInu  1103A  -0.857*********      Ca A 1.570m -11.256   0.0023      He 1 537.0A  -8.984   0.4271      H-FB     0   -9.395   0.1657            
 nFnu  1074A  -9.089   0.3354      Ca A 1.556m -11.329   0.0019      He 1 522.2A  -9.433   0.1517      H-FF     0   -9.436   0.1508            
 nInu  1074A  -0.870*********      Ca A 1.544m -11.395   0.0017      He 1 515.6A  -9.652   0.0916      H-CT  6563A  -9.069   0.3508            
 nFnu  1064A  -9.155   0.2878      Ca A 1.534m -11.456   0.0014      He 1 512.1A  -9.817   0.0627      H2+      0   -9.611   0.1006            
 nInu  1064A  -0.831*********      Ca A 1.526m -11.510   0.0013      He 1 625.6A -10.354   0.0182      HEH+     0  -11.363   0.0018            
 nFnu  1036A  -9.253   0.2299      Ca A 1.519m -11.559   0.0011      TOTL 1.083m -10.155   0.0288            
 nInu  1036A  -0.870*********      Ca A 1.513m -11.604   0.0010      He 1 1.083m -10.155   0.0288            
 nFnu  1000A  -9.286   0.2131      Ca A 7.458m -10.236   0.0239      He 1 1.083m -11.109   0.0032            

                                                    Emergent line intensities
 general properties..........      nInu  1103A  -0.857*********      Ca B  3679A -10.636   0.0095      C  1  1656A -10.097   0.0329            
 TOTL  4861A  -8.614   1.0000      nFnu  1074A  -9.089   0.3354      Ca B  3676A -10.673   0.0087      REC   1656A -10.713   0.0080            
 TOTL  1216A  -6.095 330.5606      nInu  1074A  -0.870*********      Ca B  3674A -10.709   0.0080      C Ic  9850A  -8.917   0.4984            
 continua....................      nFnu  1064A  -9.155   0.2878      Ca B  3671A -10.744   0.0074      TOTL  9850A  -8.917   0.4984            
 Bac   3646A  -7.242  23.5649      nInu  1064A  -0.831*********      Ca B 1.875m  -9.128   0.3064      C  1  8727A  -9.856   0.0572            
 nFnu  3645A  -7.241  23.6358      nFnu  1036A  -9.253   0.2299      Ca B 1.282m  -9.473   0.1384      C  2  1335A -11.154   0.0029            
 nFnu  3647A  -9.764   0.0709      nInu  1036A  -0.870*********      Ca B 1.094m  -9.743   0.0743      N  1 953.9A -11.423   0.0016            
 cout  3646A  -7.543  11.7825      nFnu  1000A  -9.286   0.2131      Ca B 1.005m  -9.961   0.0450      N  1  1200A -10.396   0.0165            
 cref  3646A  -7.543  11.7825      nInu  1000A  -0.867*********      Ca B  9546A -10.142   0.0297      O  1  6300A  -9.690   0.0840            
 thin  3646A  -7.242  23.5649      nFnu 925.1A  -9.217   0.2497      Ca B  9229A -10.295   0.0209      O  1  6363A -10.186   0.0268            
 Inci  4860A  -2.0024095324.8      nInu 925.1A  -0.918*********      Ca B  9015A -10.425   0.0155      O  1 63.17m  -9.179   0.2726            
 Inci  1215A  -0.933*********      nFnu 897.8A  -6.122 310.6764      Ca B  8863A -10.536   0.0120      O  1 145.5m -10.737   0.0075            
 FIR  83.00m  -2.4361507321.0      nInu 897.8A  -1.200*********      Ca B  8750A -10.632   0.0096      Ne 2 12.81m  -9.503   0.1292            
 TIR   1800m  -4.7387510.2612      nFnu 760.0A  -9.127   0.3067      Ca B  8665A -10.715   0.0079      Na 1  5892A -10.763   0.0071            
 NIRa 2.850m  -2.3821704993.6      nInu 760.0A  -1.262*********      Ca B  8598A -10.787   0.0067      Mg 1  2853A -11.205   0.0026            
 NIRb 3.000m  -2.887533688.88      nFnu 701.5A  -9.226   0.2445      Ca B  8545A -10.850   0.0058      TOTL  2798A -10.309   0.0202            
 MIRa 15.00m  -3.010402026.44      nInu 701.5A  -1.337*********      Ca B  8502A -10.908   0.0051      Mg 2  2796A -10.486   0.0134            
 MIRb 22.50m  -2.788670822.69      nFnu 608.2A -10.978   0.0043      Ca B  8467A -10.960   0.0045      Mg 2  2803A -10.784   0.0068            
 NMIR 21.75m  -2.3821704993.6      nInu 608.2A  -1.451*********      Ca B  8438A -11.009   0.0040      Si 2 34.81m  -9.428   0.1533            
 TFIR 611.2m  -2.948463699.25      nFnu 575.1A -10.125   0.0308      Ca B  8413A -11.055   0.0036      Si 2  1531A -11.199   0.0026            
 TALL 10000A  -0.844*********      nInu 575.1A  -1.445*********      Ca B  8392A -11.098   0.0033      Si 2  1308A -11.276   0.0022            
 F12  12.00m  -3.491132860.75      nInu 511.9A  -1.518*********      Ca B  8374A -11.139   0.0030      Si 2  1263A -10.162   0.0283            
 F25  25.00m  -3.299206808.66      nFnu 496.9A  -7.892   5.2758      Ca B  8359A -11.179   0.0027      P  2 32.87m -11.337   0.0019            
 F60  60.00m  -2.835600658.88      nInu 496.9A  -1.7197845745.5      Ca B  8346A -11.217   0.0025      P  2 1.189m -10.624   0.0098            
 F100 100.0m  -3.023390373.59      nInu 399.2A  -1.9494621513.0      Ca B  8334A -11.253   0.0023      P  2 1.147m -11.101   0.0033            
 MIPS 24.00m  -3.613100284.68      RRC.........................      Ca B 4.051m  -9.724   0.0777      S  1 25.19m  -9.591   0.1056            
 MIPS 70.00m  -3.193263882.56      grains......................      Ca B 2.625m  -9.989   0.0421      S  1 56.29m -11.103   0.0032            
 MIPS 160.0m  -3.418157164.62      H-like iso-sequence.........      Ca B 2.166m -10.214   0.0251      S 1R  1807A -11.595   0.0010            
 IRAC 3.600m  -4.13829930.588      Ca B  1216A  -7.246  23.3448      Ca B 1.945m -10.402   0.0163      S  2  6720A -10.456   0.0144            
 IRAC 4.500m  -4.20525652.459      Q(H)  4861A  -3.290211089.55      Ca B 1.817m -10.563   0.0113      S  2  4074A -10.594   0.0105            
 IRAC 5.800m  -4.12730719.990      Q(H)  1216A  -1.7876720032.0      Ca B 1.736m -10.701   0.0082      S  2 1.033m -10.770   0.0070            
 IRAC 8.000m  -3.84159353.715      CaBo  4861A  -8.743   0.7432      Ca B 1.681m -10.822   0.0062      S II  6731A -10.614   0.0100            
 SPR1 250.0m  -3.84059477.281      Ca A  1216A  -7.348  18.4616      Ca B 1.641m -10.927   0.0049      S II  6716A -10.973   0.0044            
 SPR2 350.0m  -4.27621793.738      Ca A  1026A  -8.101   3.2582      Ca B 1.611m -11.020   0.0039      S II  4070A -10.705   0.0081            
 SPR3 500.0m  -4.6648921.2324      Ca A 972.5A  -8.528   1.2198      Ca B 1.588m -11.101   0.0033      S II  4078A -11.239   0.0024            
 PAC1 70.00m  -3.130304547.41      Ca A 949.7A  -8.835   0.6012      Ca B 1.570m -11.174   0.0028      S II 1.032m -11.196   0.0026            
 PAC2 100.0m  -3.018394872.72      Ca A 937.8A  -9.073   0.3476      Ca B 1.556m -11.240   0.0024      S II 1.029m -11.331   0.0019            
 PAC3 160.0m  -3.161284030.81      Ca A 930.8A  -9.263   0.2244      Ca B 1.544m -11.299   0.0021      S II 1.034m -11.402   0.0016            
 PAH  3.300m  -4.9694420.9556      Ca A 926.2A  -9.417   0.1575      Ca B 1.534m -11.354   0.0018      Cl 1 11.33m -11.315   0.0020            
 PAHC 3.230m  -5.2212471.0901      Ca A 923.2A  -9.540   0.1187      Ca B 1.526m -11.405   0.0016      Cl 2 33.30m -11.498   0.0013            
 PAHC 3.370m  -5.3012057.4290      Ca A 921.0A  -9.636   0.0951      Ca B 1.519m -11.452   0.0015      Cl 2 14.40m  -9.893   0.0526            
 PAH  6.200m  -4.57810857.229      Ca A 919.4A  -9.709   0.0803      Ca B 1.513m -11.496   0.0013      Cl 2  8579A  -9.971   0.0440            
 PAHC 5.650m  -4.57410979.876      Ca A 918.1A  -9.765   0.0707      Ca B 1.508m -11.538   0.0012      Cl 2  9124A -10.549   0.0116            
 PAH  7.900m  -4.28821192.223      Ca A 917.2A  -9.807   0.0642      Ca B 1.504m -11.577   0.0011      Ar 2 6.980m -10.502   0.0129            
 PAHC 6.900m  -4.28221459.432      Ca A 916.4A  -9.836   0.0599      Ca B 7.458m -10.207   0.0255      K  1  7676A -10.883   0.0054            
 PAH  11.30m  -4.7018194.4668      Ca A 915.8A  -9.857   0.0572      Ca B 4.653m -10.417   0.0158      Ca 1  4228A -10.668   0.0088            
 PAHC 10.90m  -4.6998221.5645      Ca A 915.3A  -9.871   0.0553      Ca B 3.740m -10.607   0.0102      Ca 2  3933A -11.525   0.0012            
 PAH  11.80m  -4.46014267.361      Ca A 914.9A  -9.883   0.0538      Ca B 3.296m -10.772   0.0070      Ca 2  7306A  -9.506   0.1283            
 PAHC 12.65m  -4.46214191.442      Ca A 914.6A  -9.896   0.0523      Ca B 3.038m -10.916   0.0050      CaF1  7291A  -9.732   0.0762            
 PAH  13.30m  -4.40616144.246      Ca A 914.3A  -9.911   0.0505      Ca B 2.872m -11.043   0.0037      CaF2  7324A  -9.897   0.0522            
 PAHC 14.10m  -4.40816057.701      Ca A 914.0A  -9.928   0.0485      Ca B 2.758m -11.155   0.0029      Fe 2  4300A  -9.845   0.0587            
 Bcon  3640A  -1.003*********      Ca A 913.8A  -9.948   0.0464      Ca B 2.674m -11.255   0.0023      Fe 2  2400A -10.617   0.0099            
 Pcon  5000A  -2.1402978722.5      Ca A 913.6A  -9.969   0.0442      Ca B 2.612m -11.344   0.0019      Fe 2 25.98m  -8.843   0.5909            
 nInu 6.611c -10.621   0.0098      Ca A 913.5A  -9.991   0.0420      Ca B 2.564m -11.424   0.0015      Fe 2 5.339m  -9.907   0.0510            
 nInu 6.137c -10.523   0.0123      Ca A 913.3A -10.014   0.0398      Ca B 2.525m -11.496   0.0013      Fe 2 4.114m -10.554   0.0115            
 nInu 3.554c  -9.813   0.0632      Ca A  6563A  -8.427   1.5370      Ca B 2.495m -11.561   0.0011      Fe 2 1.257m  -8.697   0.8259            
 nInu 3.432c  -9.768   0.0702      Ca A  4861A  -8.912   0.5040      Ca B 12.37m -10.618   0.0099      Fe 2 35.34m  -9.283   0.2145            
 nInu 3.400c  -9.755   0.0723      Ca A  4340A  -9.251   0.2307      Ca B 7.500m -10.787   0.0067      Fe 2 4.888m -11.008   0.0040            
 nInu 2.003c  -9.071   0.3493      Ca A  4102A  -9.511   0.1268      Ca B 5.907m -10.951   0.0046      Fe 2 4.075m -10.853   0.0058            
 nInu 1.335c  -8.537   1.1948      Ca A  3970A  -9.721   0.0782      Ca B 5.127m -11.097   0.0033      Fe 2 1.321m  -9.275   0.2185            
 nInu  9993m  -8.159   2.8515      Ca A  3889A  -9.896   0.0523      Ca B 4.671m -11.228   0.0024      Fe 2 1.249m  -9.973   0.0438            
 nInu  6917m  -7.684   8.5222      Ca A  3835A -10.043   0.0372      Ca B 4.375m -11.345   0.0019      Fe 2  7638A  -9.960   0.0450            
 nFnu 122.4m -10.556   0.0114      Ca A  3798A -10.168   0.0279      Ca B 4.170m -11.450   0.0015      Fe 2 51.29m  -9.991   0.0420            
 nInu 122.4m  -2.6071017289.4      Ca A  3771A -10.273   0.0219      Ca B 4.020m -11.544   0.0012      Fe 2 5.672m -10.382   0.0171            
 nFnu 60.83m -10.290   0.0211      Ca A  3750A -10.361   0.0179      Ca B 19.06m -10.976   0.0043      Fe 2 4.606m -10.665   0.0089            
 nInu 60.83m  -2.654912135.38      Ca A  3734A -10.434   0.0151      Ca B 11.31m -11.116   0.0031      Fe 2 4.081m -10.771   0.0070            
 nFnu 41.22m -10.103   0.0324      Ca A  3722A -10.496   0.0131      Ca B 8.758m -11.259   0.0023      Fe 2 1.372m  -9.499   0.1304            
 nInu 41.22m  -2.766704329.19      Ca A  3712A -10.548   0.0116      Ca B 7.506m -11.390   0.0017      Fe 2 1.294m  -9.305   0.2040            
 nFnu 30.87m  -9.983   0.0427      Ca A  3704A -10.594   0.0105      Ca B 6.770m -11.509   0.0013      Fe 2  7687A -10.158   0.0286            
 nInu 30.87m  -2.869556416.50      Ca A  3697A -10.635   0.0095      Ca B 27.80m -11.294   0.0021      Fe 2 87.36m -11.120   0.0031            
 nFnu 24.78m  -9.891   0.0528      Ca A  3692A -10.673   0.0087      Ca B 16.20m -11.412   0.0016      Fe 2 5.061m -11.327   0.0019            
 nInu 24.78m  -2.948463655.84      Ca A  3687A -10.708   0.0081      Ca B 12.38m -11.538   0.0012      Fe 2 4.434m -10.653   0.0092            
 nFnu 24.30m  -9.884   0.0537      Ca A  3683A -10.741   0.0075      Ca B 38.86m -11.580   0.0011      Fe 2 1.328m  -9.550   0.1159            
 nInu 24.30m  -2.955456032.72      Ca A  3679A -10.772   0.0069      H  1  1216A  -6.095 330.5606      Fe 2 1.279m  -9.438   0.1500            
 nFnu 22.83m  -9.856   0.0574      Ca A  3676A -10.803   0.0065      H  1  1026A  -6.907  50.9470      Fe 2 1.252m -10.346   0.0185            
 nInu 22.83m  -2.977433903.44      Ca A  3674A -10.832   0.0061      H  1 972.5A  -7.395  16.5587      Fe 2  7665A -10.548   0.0117            
 nFnu 21.42m  -9.832   0.0606      Ca A  3671A -10.860   0.0057      H  1 949.7A  -7.679   8.6119      Fe 2 1.298m  -9.802   0.0649            
 nInu 21.42m  -3.000411142.31      Ca A 1.875m  -9.176   0.2742      H  1 937.8A  -7.886   5.3434      Fe 2 1.270m  -9.634   0.0956            
 nFnu 21.12m  -9.827   0.0613      Ca A 1.282m  -9.528   0.1220      H  1 930.8A  -8.161   2.8393      Fe 2  7874A -11.016   0.0040            
 nInu 21.12m  -3.006406062.06      Ca A 1.094m  -9.802   0.0649      H  1 926.2A  -8.406   1.6143      Fe 2  7733A -11.063   0.0036            
 nFnu 19.62m  -9.794   0.0662      Ca A 1.005m -10.023   0.0390      H  1 923.2A  -8.582   1.0764      Fe 2 17.93m  -8.634   0.9545            
 nInu 19.62m  -3.031382648.75      Ca A  9546A -10.207   0.0255      H  1 921.0A  -8.750   0.7314      Fe 2 1.644m  -8.770   0.6986            
 nFnu 17.65m  -9.745   0.0740      Ca A  9229A -10.364   0.0178      H  1  6563A  -8.171   2.7738      Fe 2 1.533m  -9.249   0.2316            
 nInu 17.65m  -3.075346289.06      Ca A  9015A -10.500   0.0130      H  1  4861A  -8.614   1.0000      Fe 2  8617A  -9.382   0.1707            
 nFnu 17.37m  -9.740   0.0749      Ca A  8863A -10.618   0.0099      H  1  4340A  -8.913   0.5022      Fe 2 24.51m  -9.145   0.2942            
 nInu 17.37m  -3.081341607.78      Ca A  8750A -10.720   0.0078      H  1  4102A  -9.136   0.3008      Fe 2 1.809m  -9.473   0.1384            
 nFnu 15.69m  -9.706   0.0810      Ca A  8665A -10.810   0.0064      H  1  3970A  -9.366   0.1771      Fe 2 1.677m  -9.389   0.1680            
 nInu 15.69m  -3.120311966.22      Ca A  8598A -10.889   0.0053      H  1  3889A  -9.538   0.1192      Fe 2 1.599m  -9.377   0.1726            
 nFnu 14.60m  -9.670   0.0879      Ca A  8545A -10.959   0.0045      H  1  3835A  -9.638   0.0946      Fe 2  9052A -10.040   0.0375            
 nInu 14.60m  -3.148292760.84      Ca A  8502A -11.021   0.0039      H  1  3798A  -9.723   0.0779      Fe 2  8892A  -9.802   0.0649            
 nFnu 12.43m  -9.601   0.1030      Ca A  8467A -11.078   0.0034      H  1 1.875m  -9.129   0.3055      Fe 2 35.77m  -9.977   0.0434            
 nInu 12.43m  -3.213252041.25      Ca A  8438A -11.129   0.0031      H  1 1.282m  -9.431   0.1526      Fe 2 1.800m  -9.561   0.1131            
 nFnu 11.40m  -9.576   0.1093      Ca A  8413A -11.176   0.0027      H  1 1.094m  -9.670   0.0879      Fe 2 1.711m  -9.959   0.0452            
 nInu 11.40m  -3.246233326.59      Ca A  8392A -11.219   0.0025      H  1 1.005m  -9.883   0.0538      Fe 2 1.664m  -9.674   0.0871            
 nFnu 10.46m  -9.530   0.1213      Ca A  8374A -11.258   0.0023      H  1  9546A -10.042   0.0373      Fe 2  9399A -10.817   0.0063            
 nInu 10.46m  -3.280216002.45      Ca A  8359A -11.295   0.0021      H  1  9229A -10.145   0.0294      Fe 2  9227A -10.058   0.0360            
 nFnu 9.480m  -9.502   0.1293      Ca A  8346A -11.328   0.0019      H  1  9015A -10.232   0.0241      Fe 2  9033A -10.297   0.0208            
 nInu 9.480m  -3.319197282.25      Ca A  8334A -11.360   0.0018      H  1 4.051m  -9.761   0.0713      Fe 2 1.797m  -9.732   0.0763            
 nFnu 9.325m  -9.498   0.1305      Ca A 4.051m  -9.756   0.0722      H  1 2.625m  -9.990   0.0421      Fe 2 1.745m  -9.983   0.0428            
 nInu 9.325m  -3.325194623.06      Ca A 2.625m -10.023   0.0390      H  1 2.166m -10.200   0.0259      Fe 2  9471A -10.623   0.0098            
 nFnu 8.210m  -9.438   0.1499      Ca A 2.166m -10.250   0.0231      H  1 1.945m -10.368   0.0176      Fe 2  9268A -10.191   0.0265            
 nInu 8.210m  -3.376172944.36      Ca A 1.945m -10.441   0.0149      H  1 1.817m -10.489   0.0133      Fe 2 22.90m -10.474   0.0138            
 nFnu 7.580m  -9.420   0.1564      Ca A 1.817m -10.604   0.0102      H  1 1.736m -10.588   0.0106      Fe 2 1.811m -10.837   0.0060            
 nInu 7.580m  -3.408160889.22      Ca A 1.736m -10.747   0.0074      H  1 7.458m -10.266   0.0223      Fe 2 1.748m -11.044   0.0037            
 nFnu 7.050m  -9.367   0.1768      Ca A 1.681m -10.874   0.0055      H  1 4.653m -10.451   0.0146      Fe 2 34.65m -11.154   0.0029            
 nInu 7.050m  -3.435150967.92      Ca A 1.641m -10.986   0.0042      H  1 3.740m -10.623   0.0098      Fe 2 1.813m -11.318   0.0020            
 nFnu 4.114m  -9.163   0.2823      Ca A 1.611m -11.086   0.0034      H  1 3.296m -10.757   0.0072      Fe2b  7000A  -9.665   0.0888            
 nInu 4.114m  -3.529121782.85      Ca A 1.588m -11.175   0.0027      H  1 3.038m -10.866   0.0056      Fe2b 10000A  -8.008   4.0333            
 nFnu 2.324m  -9.115   0.3159      Ca A 1.570m -11.256   0.0023      H  1 12.37m -10.700   0.0082      Fe2b  7445A  -9.665   0.0888            
 nInu 2.324m  -3.291210448.44      Ca A 1.556m -11.329   0.0019      H  1 7.500m -10.847   0.0058      Fe2b  8625A  -9.050   0.3666            
 nFnu 1.643m  -9.032   0.3821      Ca A 1.544m -11.395   0.0017      H  1 5.907m -10.984   0.0043      Fe2b 1.033m -10.623   0.0098            
 nInu 1.643m  -3.054362933.50      Ca A 1.534m -11.456   0.0014      H  1 5.127m -11.097   0.0033      Fe2b 1.889m  -8.980   0.4305            
 nFnu 1.480m  -8.966   0.4446      Ca A 1.526m -11.510   0.0013      H  1 19.06m -11.077   0.0034      Fe 2  1786A -10.072   0.0348            
 nInu 1.480m  -3.002409458.59      Ca A 1.519m -11.559   0.0011      H  1 11.31m -11.188   0.0027      recombination...............            
 nFnu 1.436m  -8.510   1.2723      Ca A 1.513m -11.604   0.0010      H  1 8.758m -11.298   0.0021      O  1  1357A -11.037   0.0038            
 nInu 1.436m  -2.884537751.81      Ca A 7.458m -10.236   0.0239      H  1 27.80m -11.399   0.0016      C  1  1140A -10.818   0.0062            
 nFnu 1.119m  -8.551   1.1554      Ca A 4.653m -10.445   0.0148      H  1 16.20m -11.482   0.0014      level2 lines................            
 nInu 1.119m  -2.731763490.50      Ca A 3.740m -10.636   0.0095      He-like iso-sequence........      C  1 943.9A -10.173   0.0276            
 nFnu  8330A  -8.746   0.7382      Ca A 3.296m -10.803   0.0065      Hlin 506.0A  -9.815   0.0630      C  1  1248A -10.324   0.0195            
 nInu  8330A  -2.5411182186.1      Ca A 3.038m -10.951   0.0046      Ca B  2945A -11.481   0.0014      C  1 841.0A -10.873   0.0055            
 nFnu  8079A  -8.029   3.8444      Ca A 2.872m -11.082   0.0034      Ca B  3188A -11.160   0.0028      C  1  1561A -10.628   0.0097            
 nInu  8079A  -2.3931664257.4      Ca A 2.758m -11.201   0.0026      Ca B  3889A -10.749   0.0073      C  1  1315A -10.569   0.0111            
 nFnu  6210A  -8.604   1.0246      Ca A 2.674m -11.307   0.0020      Ca B  4026A -11.377   0.0017      C  1  1166A -10.755   0.0072            
 nInu  6210A  -2.2152506586.5      Ca A 2.612m -11.404   0.0016      Ca B  4471A -11.041   0.0037      C  1  1233A -10.830   0.0061            
 nFnu  4885A  -9.292   0.2098      Ca A 2.564m -11.492   0.0013      Ca B  4922A -11.604   0.0010      C  1  1132A -11.046   0.0037            
 nInu  4885A  -2.0044074000.0      Ca A 2.525m -11.572   0.0011      Ca B  5016A -11.329   0.0019      C  1  1251A -11.032   0.0038            
 nFnu  3704A -10.041   0.0374      Ca A 12.37m -10.647   0.0093      Ca B  5876A -10.567   0.0111      C  1  1112A -11.191   0.0026            
 nInu  3704A  -1.7876710758.0      Ca A 7.500m -10.815   0.0063      Ca B  6678A -11.111   0.0032      C  1  1115A -11.242   0.0024            
 nFnu  3588A  -7.315  19.9339      Ca A 5.907m -10.979   0.0043      Ca B  7065A -11.423   0.0016      C  1  1162A -11.317   0.0020            
 nInu  3588A  -1.6159973054.0      Ca A 5.127m -11.127   0.0031      Ca B 1.083m  -9.826   0.0614      C  1  1167A -11.377   0.0017            
 nFnu  2430A  -9.452   0.1453      Ca A 4.671m -11.262   0.0023      Ca B 1.869m -11.411   0.0016      C  1  1104A -11.351   0.0018            
 nInu  2430A  -1.375*********      Ca A 4.375m -11.384   0.0017      Ca B 2.058m -11.121   0.0031      C  1  1109A -11.381   0.0017            
 nFnu  2392A  -9.510   0.1271      Ca A 4.170m -11.495   0.0013      He 1 584.3A  -8.172   2.7685      C  1  1098A -11.529   0.0012            
 nInu  2392A  -1.362*********      Ca A 4.020m -11.596   0.0010      He 1 537.0A  -8.984   0.4271      C  1  1132A -11.568   0.0011            
 nFnu  2071A  -9.538   0.1191      Ca A 19.06m -11.006   0.0041      He 1 522.2A  -9.433   0.1517      C  2 892.8A -10.928   0.0049            
 nInu  2071A  -1.253*********      Ca A 11.31m -11.144   0.0029      He 1 515.6A  -9.652   0.0916      C  2 688.8A -11.500   0.0013            
 nFnu  2053A  -9.557   0.1141      Ca A 8.758m -11.288   0.0021      He 1 512.1A  -9.817   0.0627      C  2  1020A -11.179   0.0027            
 nInu  2053A  -1.254*********      Ca A 7.506m -11.421   0.0016      He 1 625.6A -10.354   0.0182      N  1 942.3A -11.359   0.0018            
 nFnu  1793A  -9.560   0.1132      Ca A 6.770m -11.545   0.0012      TOTL 1.083m -10.155   0.0288      N  1 952.1A -11.438   0.0015            
 nInu  1793A  -1.150*********      Ca A 27.80m -11.325   0.0019      He 1 1.083m -10.155   0.0288      O  1 867.3A -10.552   0.0115            
 nFnu  1585A  -9.452   0.1454      Ca A 16.20m -11.441   0.0015      He 1 1.083m -11.109   0.0032      O  1 787.5A -11.283   0.0021            
 nInu  1585A  -1.171*********      Ca A 12.38m -11.569   0.0011      He 1 1.083m -10.632   0.0096      O  1 976.8A -10.484   0.0135            
 nFnu  1458A  -9.182   0.2707      Ca A 38.86m -11.612   0.0010      He 1 1.083m -10.410   0.0160      O  1 767.7A -11.287   0.0021            
 nInu  1458A  -1.058*********      Ca B  6563A  -8.265   2.2342      He 1  3889A -10.876   0.0055      O  1 969.0A -10.863   0.0056            
 nFnu  1357A  -9.358   0.1805      Ca B  4861A  -8.750   0.7306      He 1  3188A -11.286   0.0021      O  1 946.4A -11.272   0.0022            
 nInu  1357A  -0.988*********      Ca B  4340A  -9.091   0.3336      He 1  2945A -11.608   0.0010      O  1 934.5A -11.455   0.0014            
 nFnu  1297A  -9.381   0.1709      Ca B  4102A  -9.351   0.1832      He 1  5016A -11.579   0.0011      O  1 973.6A -11.606   0.0010            
 nInu  1297A  -0.959*********      Ca B  3970A  -9.561   0.1131      He 1  5876A -10.662   0.0089      Ne 1 688.6A -11.341   0.0019            
 nFnu  1263A  -9.403   0.1625      Ca B  3889A  -9.734   0.0759      He 1  4471A -11.141   0.0030      Al 2  1671A -11.057   0.0036            
 nInu  1263A  -0.954*********      Ca B  3835A  -9.879   0.0544      He 1  4026A -11.480   0.0014      Si 2  1180A -10.270   0.0221            
 nFnu  1218A  -8.542   1.1806      Ca B  3798A -10.001   0.0410      He 1  6678A -11.204   0.0026      Si 2 993.4A -11.092   0.0033            
 nInu  1218A  -0.935*********      Ca B  3771A -10.103   0.0324      He 1 1.869m -11.497   0.0013      S  2 750.3A -11.067   0.0035            
 nFnu  1196A  -8.926   0.4872      Ca B  3750A -10.190   0.0266      Pho+  3889A  -9.559   0.1136      S  2 888.4A -11.595   0.0010            
 nInu  1196A  -0.949*********      Ca B  3734A -10.263   0.0224      database lines..............      hyperfine structure.........            
 nFnu  1175A  -9.052   0.3646      Ca B  3722A -10.326   0.0194      OH   119.4m -11.372   0.0017      inner shell.................            
 nInu  1175A  -0.953*********      Ca B  3712A -10.381   0.0171      OH   119.4m -11.181   0.0027      molecules...................            
 nFnu  1144A  -9.247   0.2330      Ca B  3704A -10.430   0.0153      OH   119.2m -11.511   0.0013      H2 l 2.000m -10.447   0.0147            
 nInu  1144A  -0.875*********      Ca B  3697A -10.475   0.0138      OH   119.2m -11.317   0.0020      H-CT  6563A  -9.069   0.3508            
 nFnu  1113A  -9.318   0.1975      Ca B  3692A -10.518   0.0125      OH   79.16m -11.442   0.0015            
 nInu  1113A  -0.958*********      Ca B  3687A -10.559   0.0114      OH   79.10m -11.458   0.0014            
 nFnu  1103A  -8.847   0.5846      Ca B  3683A -10.598   0.0104      level 1 lines...............            



                                                                           
 Cooling:  HFBc     0 :0.069 Fe2c     0 :0.704  
 Heating:  BFH1     0 :0.936  

 These are some of the most important databases used by Cloudy:
 Many recombination coefficients were taken from http://amdpp.phys.strath.ac.uk/tamoc/RR/ and http://amdpp.phys.strath.ac.uk/tamoc/DR/
      and are based on the following papers:
        Badnell N. R., et al., A&A 406, 1151 (2003) [http://adsabs.harvard.edu/abs/2003A%26A...406.1151B]
        Badnell N. R., ApJS 167, 334 (2006) [http://adsabs.harvard.edu/abs/2006ApJS..167..334B]
 Much of the molecular emission data is from LAMDA as accessed on Dec. 18, 2010. This database is described in:
        Schoeier F.L., et al., A&A 432, 369 (2005) [http://adsabs.harvard.edu/abs/2005A%26A...432..369S]
      This database is in part based on the work of the following groups:
        JPL: Pickett H. M. et al., JQSRT, 60, 883 (1998). [http://adsabs.harvard.edu/abs/1998JQSRT..60..883P]
        CDMS: Mueller H. S. et al., A&A 370, L49 (2001). [http://adsabs.harvard.edu/abs/2001A%26A...370L..49M]
              Mueller H. S. et al., J. Mol. Struct. 742, 215 (2005). [http://adsabs.harvard.edu/abs/2005JMoSt.742..215M]
 Much of the ionic emission data is from version 7.0 of CHIANTI. CHIANTI is a collaborative project involving the NRL (USA), the
      Universities of Florence (Italy) and Cambridge (UK), and George Mason University (USA). These papers describe Chianti:
        Dere K. P., et al., A&AS, 125, 149 (1997) [http://adsabs.harvard.edu/abs/1997A%26AS..125..149D]
        Landi E., et al., ApJ, 744, 99 (2012) [http://adsabs.harvard.edu/abs/2012ApJ...744...99L]
 Much of the H_2 data is from this web site: http://molat.obspm.fr/index.php?page=pages/Molecules/H2/H2can94.php. These data are
      described in:
        Abgrall H. et al., Can. J. Phys., 72, 856 (1994) [http://adsabs.harvard.edu/abs/1994CaJPh..72..856A]
        Wrathmall S. A. & Flower D. R., J. Phys. B, 40, 3221 (2007) [http://adsabs.harvard.edu/abs/2007JPhB...40.3221W]
 Please cite those papers that played a significant role in this calculation.

 IONIZE PARMET:  U(1-) -8.4768  U(4-):-17.1066  U(sp): -8.48  Q(ion):    9.000  L(ion) -1.528    Q(low): 11.371    L(low) -0.945
 ENERGY BUDGET:  Heat:  -7.601  Coolg:  -7.601  Error:  0.1%  Rec Lin:  -8.306  F-F  H  0.000    P(rad/tot)max     0.00E+00

     Col(Heff):      0.000E+00  snd travl time  3.37E-01 sec  Te-low: 3.10E+03  Te-hi: 3.10E+03  G0TH85: 4.92E+01  G0DB96:6.38E+01
  Emiss Measure    n(e)n(p) dl       5.317E+15  n(e)n(He+)dl         4.621E+13  En(e)n(He++) dl         1.593E+02  ne nC+:8.57E+12
 He/Ha:6.61E-03  =   0.08*true  Lthin:7.71E+03  itr/zn:30.00  H2 itr/zn:  0.00  File Opacity: F  MassTot 3.49e-12  (gm/cm^2)
   Temps(21 cm)   T(21cm/Ly a)  2.94E+03        T(<nH/Tkin>)  3.10E+03          T(<nH/Tspin>)    3.10E+03          TB21cm:0.00E+00
                   N(H0/Tspin)  4.85E+08        N(OH/Tkin)    1.02E+02          B(21cm)          0.00E+00
   <a>:1.07E-05  erdeFe0.0E+00  Tcompt3.39E+07  Tthr4.34E+07  <Tden>: 3.10E+03  <dens>:2.27E-17  <MolWgt>1.24E+00
     Mean Jeans  l(cm)6.57E+17  M(sun)1.70E+03  smallest:     len(cm):6.57E+17  M(sun):1.70E+03  a_ox tran:  0.00
 Rion:1.000E+30  Dist:0.00E+00  Diam:0.000E+00
 Hatom level 70  HatomType: add  HInducImp  F  He tot level: 63  He2 level:   70  ExecTime    30.4
 ConvrgError(%)  <eden>  0.860  MaxEden  0.860  <H-C>   0.01  Max(H-C)    0.01  <Press>   0.000  MaxPrs er  0.000
  Continuity(%)  chng Te   0.0  elec den   0.0  n(H2)    0.0  n(CO)        0.0

                                                        Averaged Quantities
             Te      Te(Ne)   Te(NeNp)  Te(NeHe+)Te(NeHe2+) Te(NeO+)  Te(NeO2+)  Te(H2)     N(H)     Ne(O2+)   Ne(Np)
 Radius:  3.10e+03  3.10e+03  3.10e+03  3.10e+03  3.10e+03  3.10e+03  3.10e+03  3.10e+03  1.00e+07  1.88e+05  1.88e+05

 Contin Optical Depths: COMP: 1.92e-14    H-: 1.20e-12 R(1300): 1.01e-11  H2+: 3.91e-14  Pfa:1.92E-14
                          Pa: 1.93e-14    Ba: 1.10e-12      Hb: 8.60e-13   La: 2.18e-08     1r:9.529E-06  1.8:2.86E-06 4.:4.176E-07

 Old, new H  1 continuum optical depths:
     1 9.53e-06     2 6.06e-13     3 1.19e-12     4 1.19e-12     5 1.19e-12     6 2.96e-13     7 2.96e-13     8 2.96e-13
     9 2.96e-13    10 7.39e-20    11 7.39e-20    12 7.39e-20    13 7.39e-20    14 7.39e-20    15 1.65e-19    16 1.65e-19
    17 1.65e-19    18 1.65e-19    19 1.65e-19    20 1.65e-19    21 3.40e-19    22 3.40e-19    23 3.40e-19    24 3.40e-19
    25 3.40e-19    26 3.40e-19    27 3.40e-19    28 6.42e-19    29 6.42e-19    30 6.42e-19    31 6.42e-19    32 6.42e-19
    33 6.42e-19    34 6.42e-19    35 6.42e-19    36 1.14e-18    37 1.14e-18    38 1.14e-18    39 1.14e-18    40 1.14e-18
    41 1.14e-18    42 1.14e-18    43 1.14e-18    44 1.14e-18    45 1.92e-18    46 1.92e-18    47 1.92e-18    48 1.92e-18
    49 1.92e-18    50 1.92e-18    51 1.92e-18    52 1.92e-18    53 1.92e-18    54 1.92e-18
     1 9.53e-06     2 6.10e-13     3 1.20e-12     4 1.20e-12     5 1.20e-12     6 2.98e-13     7 2.98e-13     8 2.98e-13
     9 2.98e-13    10 7.39e-20    11 7.39e-20    12 7.39e-20    13 7.39e-20    14 7.39e-20    15 1.65e-19    16 1.65e-19
    17 1.65e-19    18 1.65e-19    19 1.65e-19    20 1.65e-19    21 3.40e-19    22 3.40e-19    23 3.40e-19    24 3.40e-19
    25 3.40e-19    26 3.40e-19    27 3.40e-19    28 6.42e-19    29 6.42e-19    30 6.42e-19    31 6.42e-19    32 6.42e-19
    33 6.42e-19    34 6.42e-19    35 6.42e-19    36 1.14e-18    37 1.14e-18    38 1.14e-18    39 1.14e-18    40 1.14e-18
    41 1.14e-18    42 1.14e-18    43 1.14e-18    44 1.14e-18    45 1.92e-18    46 1.92e-18    47 1.92e-18    48 1.92e-18
    49 1.92e-18    50 1.92e-18    51 1.92e-18    52 1.92e-18    53 1.92e-18    54 1.92e-18

 Old, new H  1 mean line optical depths:
  2- 1 2.83e-01  3- 2 9.22e-13  4- 3 2.83e-16  5- 4 3.11e-16  6- 5 4.65e-16  7- 6 1.03e-15  8- 7 1.82e-15
  9- 8 1.46e-15 10- 9 9.55e-16
  2- 1 2.83e-01  3- 2 8.61e-13  4- 3 2.60e-16  5- 4 2.96e-16  6- 5 4.49e-16  7- 6 1.01e-15  8- 7 1.80e-15
  9- 8 1.44e-15 10- 9 9.47e-16

 Old, new He 2 continuum optical depths:
     1 4.18e-07     2 9.41e-06     3 4.39e-13     4 4.39e-13     5 4.39e-13     6 6.06e-13     7 6.06e-13     8 6.06e-13
     9 6.06e-13    10 9.66e-13    11 9.66e-13    12 9.66e-13    13 9.66e-13    14 9.66e-13    15 1.19e-12    16 1.19e-12
    17 1.19e-12    18 1.19e-12    19 1.19e-12    20 1.19e-12    21 1.01e-12    22 1.01e-12    23 1.01e-12    24 1.01e-12
    25 1.01e-12    26 1.01e-12    27 1.01e-12    28 2.96e-13    29 2.96e-13    30 2.96e-13    31 2.96e-13    32 2.96e-13
    33 2.96e-13    34 2.96e-13    35 2.96e-13    36 4.64e-20    37 4.64e-20    38 4.64e-20    39 4.64e-20    40 4.64e-20
    41 4.64e-20    42 4.64e-20    43 4.64e-20    44 4.64e-20    45 7.39e-20    46 7.39e-20    47 7.39e-20    48 7.39e-20
    49 7.39e-20    50 7.39e-20    51 7.39e-20    52 7.39e-20    53 7.39e-20    54 7.39e-20
     1 4.18e-07     2 9.41e-06     3 4.42e-13     4 4.42e-13     5 4.42e-13     6 6.10e-13     7 6.10e-13     8 6.10e-13
     9 6.10e-13    10 9.73e-13    11 9.73e-13    12 9.73e-13    13 9.73e-13    14 9.73e-13    15 1.20e-12    16 1.20e-12
    17 1.20e-12    18 1.20e-12    19 1.20e-12    20 1.20e-12    21 1.01e-12    22 1.01e-12    23 1.01e-12    24 1.01e-12
    25 1.01e-12    26 1.01e-12    27 1.01e-12    28 2.98e-13    29 2.98e-13    30 2.98e-13    31 2.98e-13    32 2.98e-13
    33 2.98e-13    34 2.98e-13    35 2.98e-13    36 4.63e-20    37 4.63e-20    38 4.63e-20    39 4.63e-20    40 4.63e-20
    41 4.63e-20    42 4.63e-20    43 4.63e-20    44 4.63e-20    45 7.39e-20    46 7.39e-20    47 7.39e-20    48 7.39e-20
    49 7.39e-20    50 7.39e-20    51 7.39e-20    52 7.39e-20    53 7.39e-20    54 7.39e-20

 Old, new He 2 mean line optical depths:
  2- 1 2.29e-05  3- 2 2.25e-20  4- 3 4.43e-21  5- 4 4.43e-21  6- 5 4.43e-21  7- 6 4.43e-21  8- 7 4.43e-21
  9- 8 4.43e-21 10- 9 4.43e-21
  2- 1 2.28e-05  3- 2 1.90e-20  4- 3 2.22e-21  5- 4 2.22e-21  6- 5 2.22e-21  7- 6 2.22e-21  8- 7 2.22e-21
  9- 8 2.22e-21 10- 9 2.22e-21

 Old He Is optical depths:    1 2.86e-06    2 4.61e-13    3 5.01e-13    4 5.63e-13    5 5.63e-13
 New He Is optical depths:    1 2.86e-06    2 4.64e-13    3 5.05e-13    4 5.68e-13    5 5.68e-13
          Old He Is Lines:  584 1.55e-02 3889 2.04e-09 5016 1.65e-13 5876 8.03e-18
          New He Is Lines:  584 1.55e-02 3889 2.03e-09 5016 1.65e-13 5876 8.03e-18

==== H      compounds ====           Log10 column densities [cm^-2}
   H2        :  8.824   H2*       :  6.618   H2+       :  3.747   H3+       :  1.045
==== He     compounds ====
   HeH+      :  3.339
==== Li     compounds ====
   LiH       : -5.274   LiH+      : -6.188
==== C      compounds ====
   CH        :  4.437   CH+       :  2.905   CH2       :  1.504   CH2+      : -0.429   CH3       : -2.699   CH3+      : -3.876   CH4       : -6.944   CH4+      : -8.818
   CH5+      :-14.032   C2        :  0.877   C2+       : -0.204   C2H       : -1.628   C2H+      : -3.107   C2H2      : -7.810   C2H2+     : -6.820   C2H3+     :-11.852
   C3        : -8.515   C3+       : -6.286   C3H       :-10.870   C3H+      : -9.509
==== N      compounds ====
   NH        :  3.757   NH+       :  3.116   NH2       : -0.650   NH2+      : -0.378   NH3       : -4.265   NH3+      : -4.559   NH4+      :-11.812   CN        :  3.224
   CN+       : -1.106   HCN       :  0.121   HCN+      : -0.807   HNC       : -4.239   HCNH+     : -4.540   HC3N      :-35.930   N2        :  2.602   N2+       : -0.379
   N2H+      : -8.043
==== O      compounds ====
   OH        :  5.500   OH+       :  4.959   H2O       :  1.611   H2O+      :  1.329   H3O+      : -2.635   CO        :  5.280   CO+       :  0.917   HCO+      : -0.077
   H2CO      :-35.930   CH3OH     :-35.930   ^13CO     :  3.803   NO        :  1.251   NO+       :  0.275   HNO       : -3.276   HNO+      : -3.786   OCN       : -1.568
   OCN+      : -4.304   N2O       : -5.722   O2        :  1.568   O2+       :  1.667   NO2       : -3.846   NO2+      : -7.502
==== Ne     compounds ====
   NeH+      : -0.239
==== Si     compounds ====
   SiH       : -3.233   SiH2+     : -4.678   SiC2      :-35.930   SiN       : -6.943   SiN+      : -0.824   SiO       :  0.730   SiO+      :  0.741   SiOH+     : -3.223
==== S      compounds ====
   HS        :  3.078   HS+       :  1.669   CS        : -1.145   CS+       : -0.783   HCS+      : -3.640   NS        : -1.149   NS+       : -1.448   SO        :  0.616
   SO+       :  0.229   OCS       : -6.951   OCS+      : -8.557   SO2       :-35.930   S2        : -6.275   S2+       : -7.604
==== Cl     compounds ====
   HCl       : -1.980   HCl+      :  2.066   H2Cl+     : -1.428   CCl       :-14.710   CCl+      : -6.712   H2CCl+    :-18.174   ClO       :-17.455   ClO+      :-22.053
==== Ar     compounds ====
   ArH+      :  4.106
==== Ti     compounds ====
   TiH       :-35.930   TiH+      :-35.930   TiH2      :-35.930   TiH2+     :-35.930   TiC       :-35.930   TiC+      :-35.930   HCTi      :-35.930   HCTi+     :-35.930
   TiC2      :-35.930   TiC2+     :-35.930   TiN       :-35.930   TiN+      :-35.930   HNTi      :-35.930   HNTi+     :-35.930   TiNC      :-35.930   TiNC+     :-35.930
   TiO       :-35.930   TiO+      :-35.930   TiOH+     :-35.930   TiO2      :-35.930   TiF+      :-35.930   TiS       :-35.930   TiS+      :-35.930   HTiS      :-35.930


               1      2      3      4      5      6      7      8      9     10     11     12     13     14     15     16     17

 Hydrogen   12.178 10.450  8.826 (H2)                Log10 Column density (cm^-2)
 Helium     11.116  8.390 -3.073
 Lithium     1.019  0.829-17.251-30.000
 Beryllium   1.558 -0.139 -3.396-30.000-30.000
 Boron       2.820  2.039 -3.950-30.000-30.000-30.000
 Carbon      8.565  7.658  3.259-30.000-30.000-30.000-30.000
 Nitrogen    8.015  5.417 -2.079-30.000-30.000-30.000-30.000-30.000
 Oxygen      8.870  7.027 -0.492-30.000-30.000-30.000-30.000-30.000-30.000
 Fluorine    4.736  3.130 -0.999-30.000-30.000-30.000-30.000-30.000-30.000-30.000
 Neon        8.111  6.168  1.207-30.000-30.000-30.000-30.000-30.000-30.000-30.000-30.000
 Sodium      5.262  6.396  0.613-30.000-30.000-30.000-30.000-30.000-30.000-30.000-30.000-30.000
 Magnesium   6.650  7.753  3.979-30.000-30.000-30.000-30.000-30.000-30.000-30.000-30.000-30.000-30.000
 Aluminium   3.298  6.636  2.254-30.000-30.000-30.000-30.000-30.000-30.000-30.000-30.000-30.000-30.000-30.000
 Silicon     6.392  7.675  1.238-30.000-30.000-30.000-30.000-30.000-30.000-30.000-30.000-30.000-30.000-30.000-30.000
 Phosphorus  2.977  5.595  1.536-30.000-30.000-30.000-30.000-30.000-30.000-30.000-30.000-30.000-30.000-30.000-30.000-30.000
 Sulphur     6.907  7.086  2.952-30.000-30.000-30.000-30.000-30.000-30.000-30.000-30.000-30.000-30.000-30.000-30.000-30.000-30.000
 Chlorine    4.097  5.675  2.168-30.000-30.000-30.000-30.000-30.000-30.000-30.000-30.000-30.000-30.000-30.000-30.000-30.000-30.000
-30.000
 Argon       6.582  4.294  1.495-30.000-30.000-30.000-30.000-30.000-30.000-30.000-30.000-30.000-30.000-30.000-30.000-30.000-30.000
-30.000-30.000
 Potassium   4.638  5.082  0.936-30.000-30.000-30.000-30.000-30.000-30.000-30.000-30.000-30.000-30.000-30.000-30.000-30.000-30.000
-30.000-30.000-30.000
 Calcium     6.483  5.511  2.813-30.000-30.000-30.000-30.000-30.000-30.000-30.000-30.000-30.000-30.000-30.000-30.000-30.000-30.000
-30.000-30.000-30.000-30.000
 Scandium    3.275  2.446  0.376-30.000-30.000-30.000-30.000-30.000-30.000-30.000-30.000-30.000-30.000-30.000-30.000-30.000-30.000
-30.000-30.000-30.000-30.000-30.000
 Titanium    1.429  5.136  2.275-30.000-30.000-30.000-30.000-30.000-30.000-30.000-30.000-30.000-30.000-30.000-30.000-30.000-30.000
-30.000-30.000-30.000-30.000-30.000-30.000
 Vanadium    4.084  2.971  0.550-30.000-30.000-30.000-30.000-30.000-30.000-30.000-30.000-30.000-30.000-30.000-30.000-30.000-30.000
-30.000-30.000-30.000-30.000-30.000-30.000-30.000
 Chromium    5.716  5.179 -0.004-30.000-30.000-30.000-30.000-30.000-30.000-30.000-30.000-30.000-30.000-30.000-30.000-30.000-30.000
-30.000-30.000-30.000-30.000-30.000-30.000-30.000-30.000
 Manganese   1.949  5.616  0.832-30.000-30.000-30.000-30.000-30.000-30.000-30.000-30.000-30.000-30.000-30.000-30.000-30.000-30.000
-30.000-30.000-30.000-30.000-30.000-30.000-30.000-30.000-30.000
 Iron        3.776  7.686  2.053-30.000-30.000-30.000-30.000-30.000-30.000-30.000-30.000-30.000-30.000-30.000-30.000-30.000-30.000
-30.000-30.000-30.000-30.000-30.000-30.000-30.000-30.000-30.000-30.000
 Cobalt      5.165  3.586 -2.680-30.000-30.000-30.000-30.000-30.000-30.000-30.000-30.000-30.000-30.000-30.000-30.000-30.000-30.000
-30.000-30.000-30.000-30.000-30.000-30.000-30.000-30.000-30.000-30.000-30.000
 Nickel      2.971  6.406 -0.090-30.000-30.000-30.000-30.000-30.000-30.000-30.000-30.000-30.000-30.000-30.000-30.000-30.000-30.000
-30.000-30.000-30.000-30.000-30.000-30.000-30.000-30.000-30.000-30.000-30.000-30.000
 Copper      4.343  3.255 -0.030-30.000-30.000-30.000-30.000-30.000-30.000-30.000-30.000-30.000-30.000-30.000-30.000-30.000-30.000
-30.000-30.000-30.000-30.000-30.000-30.000-30.000-30.000-30.000-30.000-30.000-30.000-30.000
 Zinc        4.739  2.971 -0.074-30.000-30.000-30.000-30.000-30.000-30.000-30.000-30.000-30.000-30.000-30.000-30.000-30.000-30.000
-30.000-30.000-30.000-30.000-30.000-30.000-30.000-30.000-30.000-30.000-30.000-30.000-30.000-30.000
 Exc state    He1*  4.039   CII*  7.478   C11*  7.617   C12*  8.091   C13*  8.307   O11*  8.632   O12*  8.374   O13*  7.885
              Si2*  7.478   C30* -8.207   C31*-10.893   C32* -7.455


 Hydrogen   -0.008 -1.736 -3.059 (H2)                 Log10 Mean Ionisation (over radius)
 Helium     -0.001 -2.727-14.189
 Lithium    -0.216 -0.406-18.487
 Beryllium  -0.009 -1.705 -4.962
 Boron      -0.067 -0.847 -6.837
 Carbon     -0.051 -0.958 -5.357
 Nitrogen   -0.001 -2.599-10.095
 Oxygen     -0.007 -1.850 -9.368
 Fluorine   -0.011 -1.616 -5.746
 Neon       -0.005 -1.948 -6.909
 Sodium     -1.165 -0.031 -5.814
 Magnesium  -1.137 -0.033 -3.808
 Aluminium  -3.339 -0.000 -4.383
 Silicon    -1.305 -0.022 -6.459
 Phosphorus -2.619 -0.001 -4.060
 Sulphur    -0.400 -0.221 -4.355
 Chlorine   -1.589 -0.012 -3.518
 Argon      -0.004 -2.292 -5.091
 Potassium  -0.578 -0.133 -4.280
 Calcium    -0.044 -1.016 -3.714
 Scandium   -0.060 -0.890 -2.960
 Titanium   -3.708 -0.001 -2.861
 Vanadium   -0.032 -1.145 -3.566
 Chromium   -0.111 -0.648 -5.831
 Manganese  -3.668 -0.000 -4.784
 Iron       -3.910 -0.000 -5.633
 Cobalt     -0.011 -1.590 -7.856
 Nickel     -3.435 -0.000 -6.497
 Copper     -0.034 -1.122 -4.407
 Zinc       -0.007 -1.775 -4.820

               1      2      3      4      5      6      7      8      9     10     11     12     13     14     15     16     17

 Hydrogen   -0.008 -1.736 -3.059 (H2)         Log10 Mean Ionisation (over radius*electron density)
 Helium     -0.001 -2.727-14.189
 Lithium    -0.216 -0.406-18.487
 Beryllium  -0.009 -1.705 -4.962
 Boron      -0.067 -0.847 -6.837
 Carbon     -0.051 -0.958 -5.357
 Nitrogen   -0.001 -2.599-10.095
 Oxygen     -0.007 -1.850 -9.368
 Fluorine   -0.011 -1.616 -5.746
 Neon       -0.005 -1.948 -6.909
 Sodium     -1.165 -0.031 -5.814
 Magnesium  -1.137 -0.033 -3.808
 Aluminium  -3.339 -0.000 -4.383
 Silicon    -1.305 -0.022 -6.459
 Phosphorus -2.619 -0.001 -4.060
 Sulphur    -0.400 -0.221 -4.355
 Chlorine   -1.589 -0.012 -3.518
 Argon      -0.004 -2.292 -5.091
 Potassium  -0.578 -0.133 -4.280
 Calcium    -0.044 -1.016 -3.714
 Scandium   -0.060 -0.890 -2.960
 Titanium   -3.708 -0.001 -2.861
 Vanadium   -0.032 -1.145 -3.566
 Chromium   -0.111 -0.648 -5.831
 Manganese  -3.668 -0.000 -4.784
 Iron       -3.910 -0.000 -5.633
 Cobalt     -0.011 -1.590 -7.856
 Nickel     -3.435 -0.000 -6.497
 Copper     -0.034 -1.122 -4.407
 Zinc       -0.007 -1.775 -4.820

               1      2      3      4      5      6      7      8      9     10     11     12     13     14     15     16     17

 Hydrogen    3.491  3.491  3.491 (H2)                  Log10 Mean Temperature (over radius)
 Helium      3.491  3.491  3.491
 Lithium     3.491  3.491  3.491
 Beryllium   3.491  3.491  3.491
 Boron       3.491  3.491  3.491
 Carbon      3.491  3.491  3.491
 Nitrogen    3.491  3.491  3.491
 Oxygen      3.491  3.491  3.491
 Fluorine    3.491  3.491  3.491
 Neon        3.491  3.491  3.491
 Sodium      3.491  3.491  3.491
 Magnesium   3.491  3.491  3.491
 Aluminium   3.491  3.491  3.491
 Silicon     3.491  3.491  3.491
 Phosphorus  3.491  3.491  3.491
 Sulphur     3.491  3.491  3.491
 Chlorine    3.491  3.491  3.491
 Argon       3.491  3.491  3.491
 Potassium   3.491  3.491  3.491
 Calcium     3.491  3.491  3.491
 Scandium    3.491  3.491  3.491
 Titanium    3.491  3.491  3.491
 Vanadium    3.491  3.491  3.491
 Chromium    3.491  3.491  3.491
 Manganese   3.491  3.491  3.491
 Iron        3.491  3.491  3.491
 Cobalt      3.491  3.491  3.491
 Nickel      3.491  3.491  3.491
 Copper      3.491  3.491  3.491
 Zinc        3.491  3.491  3.491

               1      2      3      4      5      6      7      8      9     10     11     12     13     14     15     16     17

 Hydrogen    3.491  3.491  3.491 (H2)          Log10 Mean Temperature (over radius*electron density)
 Helium      3.491  3.491  3.491
 Lithium     3.491  3.491  3.491
 Beryllium   3.491  3.491  3.491
 Boron       3.491  3.491  3.491
 Carbon      3.491  3.491  3.491
 Nitrogen    3.491  3.491  3.491
 Oxygen      3.491  3.491  3.491
 Fluorine    3.491  3.491  3.491
 Neon        3.491  3.491  3.491
 Sodium      3.491  3.491  3.491
 Magnesium   3.491  3.491  3.491
 Aluminium   3.491  3.491  3.491
 Silicon     3.491  3.491  3.491
 Phosphorus  3.491  3.491  3.491
 Sulphur     3.491  3.491  3.491
 Chlorine    3.491  3.491  3.491
 Argon       3.491  3.491  3.491
 Potassium   3.491  3.491  3.491
 Calcium     3.491  3.491  3.491
 Scandium    3.491  3.491  3.491
 Titanium    3.491  3.491  3.491
 Vanadium    3.491  3.491  3.491
 Chromium    3.491  3.491  3.491
 Manganese   3.491  3.491  3.491
 Iron        3.491  3.491  3.491
 Cobalt      3.491  3.491  3.491
 Nickel      3.491  3.491  3.491
 Copper      3.491  3.491  3.491
 Zinc        3.491  3.491  3.491

               1      2      3      4      5      6      7      8      9     10     11     12     13     14     15     16     17
                                                                          

---------------Convergence statistics---------------
      1.63 mean iterations/state convergence
      2.85 mean cx acceleration loops/iteration
      1.09 mean iso convergence loops/ion solve
      1.19 mean steps/chemistry solve
      1.14 mean step length searches/chemistry step
----------------------------------------------------

 Cloudy ends: 1 zone, 3 iterations.  ExecTime(s) 30.38
 [Stop in cdMain at ../maincl.cpp:483, Cloudy exited OK]
 ************************************************** GRID_DELIMIT -- grid000000020
