                                                          Cloudy 13.03
                                                         www.nublado.org

                       **************************************13Feb20**************************************
                       *                                                                                 *
                       * c                                                                               *
                       * phi(h) 9.000000 LOG range -0.000232 6.866524                                    *
                       * grid from 8 to 23 in 1 dex steps                                                *
                       * HDEN=2.000000 LOG                                                               *
                       * grid from 0 to 12 in 1 dex steps                                                *
                       * set pres ionize 1e5                                                             *
                       * c                                                                               *
                       * c                                                                               *
                       * table star "Rotation_inst.mod" age 6.78                                         *
                       * c<< Rotation_ins model    4 read.       Age =    6010000.00                 >>> *
                       * c<< Rotation_ins model    5 read.       Age =    8010000.00                 >>> *
                       * c<< FINAL:     Age =    6025595.86                                          >>> *
                       * c                                                                               *
                       * c                                                                               *
                       * abundances GASS10                                                               *
                       * c                                                                               *
                       * c                                                                               *
                       * iterate to convergence max = 7                                                  *
                       * stop column density = 23                                                        *
                       * c                                                                               *
                       * c                                                                               *
                       * print last                                                                      *
                       * set save prefix "geneva_inst_rot_6"                                             *
                       * save grid ".grd" last no hash                                                   *
                       * save linelist "emissionlines_abs.txt" "LineList_HII.dat" absolute last no hash    *
                       *                                                                                 *
                       ***********************************************************************************



           3972CellPeak1.00E+00   Lo 1.00e-08=910.79cm   Hi-Con:4.21E+00 Ryd   E(hi):7.35E+06Ryd     E(hi):     100.01 MeV
           I(nu>1ryd):  -1.5376   Average nu:1.330E+00   I( X-ray):   0.0000   I(BalC):  -0.8611     Phi(BalmrC):  10.0435
           phi(1.0-1.8): 8.9574   phi(1.8-4.0):  7.970   phi(4.0-20): -1.637   phi(20--):  0.000     Ion pht flx:1.000E+09
           I(gam ray):   0.0000   phi(gam r):   0.0000   I(Infred):  -1.7653   Alf(ox):   0.0000     Total inten:  -0.7355
           U(1.0----):3.336E-04   U(4.0----):7.703E-15   T(En-Den):5.336E+00   T(Comp):2.841E+04     nuJnu(912A):1.206E-01
           Occ(FarIR):4.095E-02   Occ(H n=6):2.886E-14   Occ(1Ryd):5.543E-18   Occ(4R):1.859E-29     Occ (Nu-hi):1.724E-30
           Tbr(FarIR):6.489E-05   Tbr(H n=6):1.265E-10   Tbr(1Ryd):8.762E-13   Tbr(4R):1.175E-23     Tbr (Nu-hi):1.143E-24
  
                                                  Gas Phase Chemical Composition
        H :  0.0000  He: -1.0701  Li:-10.9508  Be:-10.6198  B : -9.3002  C : -3.5702  N : -4.1701  O : -3.3098  F : -7.4401
        Ne: -4.0701  Na: -5.7595  Mg: -4.4001  Al: -5.5498  Si: -4.4895  P : -6.5901  S : -4.8794  Cl: -6.5003  Ar: -5.6003
        K : -6.9706  Ca: -5.6596  Sc: -8.8508  Ti: -7.0501  V : -8.0701  Cr: -6.3595  Mn: -6.5702  Fe: -4.5003  Co: -7.0101
                                               Ni: -5.7799  Cu: -7.8097  Zn: -7.4401
 
 ####  1  Te:5.282E+03 Hden:1.000E+02 Ne:1.058E+02 R:1.000E+30 R-R0:5.248E+13 dR:1.050E+14 NTR: 13 Htot:3.167E-20 T912: 1.24e-03###
 Hydrogen      1.87e-02 9.81e-01 H+o/Hden 1.00e+00 9.56e-10 H-    H2 3.42e-12 1.30e-10 H2+ HeH+ 1.20e-09 Ho+ ColD 1.96e+14 1.03e+16
 Helium        1.15e-01 8.85e-01 8.74e-11 HeI 2s3S 2.38e-07 Comp H,C 2.48e-28 4.61e-29 Fill Fac 1.00e+00 Gam1/tot 1.00e+00
 He singlet n  1.15e-01 5.79e-14 6.48e-20 2.30e-20 6.24e-20 4.50e-20 He tripl 2.38e-07 3.13e-18 4.66e-20 4.16e-19 1.24e-19
 Pressure      NgasTgas 1.13e+06 P(total) 1.56e-10 P( gas ) 1.56e-10 P(Radtn) 0.00e+00 Rad accl 1.12e-07 ForceMul 5.89e+04
 Texc(La)      3.02e+03 T(I con) 5.34e+00 T(D con) 4.50e-01 T(U tot) 5.34e+00 nT (c+d) 1.40e+06 Prad/Gas 0.00e+00 Pmag/Gas 0.00e+00
 Molecules     CH/Ctot: 7.12e-13 CH+/Ctot 4.80e-12 CO/Ctot: 1.53e-14 CO+/Ctot 7.72e-16 H2O/Otot 1.21e-22 OH/Ototl 8.94e-12
 Lithium       3.46e-03 9.97e-01 0.00e+00 0.00e+00 Berylliu 6.68e-03 3.67e-01 6.26e-01 0.00e+00 0.00e+00 sec ion: 0.00e+00
 Boron         1.22e-03 7.30e-01 2.68e-01 7.70e-04 0.00e+00 0.00e+00
 Carbon        1.66e-03 7.14e-01 2.85e-01 0.00e+00 0.00e+00 0.00e+00 0.00e+00 H2O+/O   1.89e-23 OH+/Otot 2.95e-12 Hex(tot) 0.00e+00
 Nitrogen      1.23e-02 8.99e-01 8.91e-02 1.47e-06 0.00e+00 0.00e+00 0.00e+00 0.00e+00 O2/Ototl 4.30e-16 O2+/Otot 8.38e-17
 Oxygen        2.13e-02 9.16e-01 6.28e-02 5.02e-13 0.00e+00 0.00e+00 0.00e+00 0.00e+00 0.00e+00
 Fluorine      1.20e-02 8.56e-01 1.31e-01 0.00e+00 0.00e+00 0.00e+00 0.00e+00 0.00e+00 0.00e+00 0.00e+00
 Neon          2.86e-02 9.53e-01 1.82e-02 0.00e+00 0.00e+00 0.00e+00 0.00e+00 0.00e+00 0.00e+00 0.00e+00 0.00e+00
 Sodium        1.02e-02 9.87e-01 2.79e-03 0.00e+00 0.00e+00 0.00e+00 0.00e+00 0.00e+00 0.00e+00 0.00e+00 0.00e+00 0.00e+00
 Magnesium     6.84e-03 5.03e-01 4.90e-01 0.00e+00 0.00e+00 0.00e+00 0.00e+00 0.00e+00 0.00e+00 0.00e+00 0.00e+00 0.00e+00 0.00e+00
 Aluminium  0  3.02e-04 9.19e-01 7.90e-02 1.60e-03 0.00e+00 0.00e+00 0.00e+00 0.00e+00 0.00e+00 0.00e+00 0.00e+00 0.00e+00 0.00e+00
 Silicon    0  1.11e-03 9.04e-01 9.47e-02 2.22e-04 0.00e+00 0.00e+00 0.00e+00 0.00e+00 0.00e+00 0.00e+00 0.00e+00 0.00e+00 0.00e+00
 Phosphorus 0  9.22e-04 8.52e-01 1.47e-01 2.21e-04 7.04e-13 0.00e+00 0.00e+00 0.00e+00 0.00e+00 0.00e+00 0.00e+00 0.00e+00 0.00e+00
 Sulphur    0  3.94e-04 4.91e-01 5.08e-01 4.15e-04 0.00e+00 0.00e+00 0.00e+00 0.00e+00 0.00e+00 0.00e+00 0.00e+00 0.00e+00 0.00e+00
 Chlorine   0  5.72e-04 6.06e-01 3.94e-01 4.67e-05 0.00e+00 0.00e+00 0.00e+00 0.00e+00 0.00e+00 0.00e+00 0.00e+00 0.00e+00 0.00e+00
 Argon      0  1.21e-03 2.40e-01 7.59e-01 5.84e-05 0.00e+00 0.00e+00 0.00e+00 0.00e+00 0.00e+00 0.00e+00 0.00e+00 0.00e+00 0.00e+00
 Potassium  0  3.40e-03 8.69e-01 1.28e-01 6.40e-06 0.00e+00 0.00e+00 0.00e+00 0.00e+00 0.00e+00 0.00e+00 0.00e+00 0.00e+00 0.00e+00
 Calcium    0  5.50e-04 1.84e-01 8.16e-01 0.00e+00 0.00e+00 0.00e+00 0.00e+00 0.00e+00 0.00e+00 0.00e+00 0.00e+00 0.00e+00 0.00e+00
 Scandium   0  8.73e-05 3.81e-02 5.81e-01 3.81e-01 0.00e+00 0.00e+00 0.00e+00 0.00e+00 0.00e+00 0.00e+00 0.00e+00 0.00e+00 0.00e+00
 Titanium   0  3.10e-05 2.00e-01 7.19e-01 8.11e-02 7.78e-06 0.00e+00 0.00e+00 0.00e+00 0.00e+00 0.00e+00 0.00e+00 0.00e+00 0.00e+00
 Vanadium   0  4.36e-04 8.77e-02 8.94e-01 1.82e-02 3.19e-06 0.00e+00 0.00e+00 0.00e+00 0.00e+00 0.00e+00 0.00e+00 0.00e+00 0.00e+00
 Chromium   0  1.90e-04 1.60e-01 8.31e-01 8.72e-03 0.00e+00 0.00e+00 0.00e+00 0.00e+00 0.00e+00 0.00e+00 0.00e+00 0.00e+00 0.00e+00
 Manganese  0  5.04e-05 2.84e-01 7.10e-01 5.58e-03 0.00e+00 0.00e+00 0.00e+00 0.00e+00 0.00e+00 0.00e+00 0.00e+00 0.00e+00 0.00e+00
 Iron       0  5.48e-05 5.40e-01 4.43e-01 1.67e-02 2.32e-13 0.00e+00 0.00e+00 0.00e+00 0.00e+00 0.00e+00 0.00e+00 0.00e+00 0.00e+00
 Cobalt     0  5.87e-03 3.84e-01 5.93e-01 1.71e-02 0.00e+00 0.00e+00 0.00e+00 0.00e+00 0.00e+00 0.00e+00 0.00e+00 0.00e+00 0.00e+00
 Nickel     0  1.54e-04 5.16e-01 4.81e-01 3.50e-03 1.13e-13 0.00e+00 0.00e+00 0.00e+00 0.00e+00 0.00e+00 0.00e+00 0.00e+00 0.00e+00
 Copper     0  3.79e-04 8.65e-02 9.10e-01 3.58e-03 0.00e+00 0.00e+00 0.00e+00 0.00e+00 0.00e+00 0.00e+00 0.00e+00 0.00e+00 0.00e+00
 Zinc       0  8.48e-03 3.61e-01 6.26e-01 5.01e-03 0.00e+00 0.00e+00 0.00e+00 0.00e+00 0.00e+00 0.00e+00 0.00e+00 0.00e+00 0.00e+00
 #### 56  Te:3.965E+03 Hden:1.000E+02 Ne:3.576E+01 R:1.000E+30 R-R0:2.182E+17 dR:3.342E+14 NTR:  9 Htot:9.211E-21 T912: 1.35e+01###
 Hydrogen      6.54e-01 3.46e-01 H+o/Hden 1.00e+00 2.56e-08 H-    H2 7.79e-08 3.31e-09 H2+ HeH+ 1.71e-08 Ho+ ColD 2.14e+18 1.97e+19
 Helium        8.70e-01 1.30e-01 1.31e-12 HeI 2s3S 1.52e-08 Comp H,C 6.00e-29 1.05e-29 Fill Fac 1.00e+00 Gam1/tot 1.00e+00
 He singlet n  8.70e-01 6.32e-15 7.84e-20 1.32e-21 5.42e-21 3.10e-21 He tripl 1.52e-08 1.92e-19 2.75e-21 2.54e-20 8.56e-21
 Pressure      NgasTgas 5.72e+05 P(total) 7.90e-11 P( gas ) 7.90e-11 P(Radtn) 2.38e-15 Rad accl 5.03e-09 ForceMul 8.73e+03
 Texc(La)      3.17e+03 T(I con) 5.11e+00 T(D con) 2.56e+00 T(U tot) 5.19e+00 nT (c+d) 1.85e+06 Prad/Gas 3.01e-05 Pmag/Gas 0.00e+00
 Molecules     CH/Ctot: 3.74e-11 CH+/Ctot 7.77e-10 CO/Ctot: 1.67e-10 CO+/Ctot 1.52e-12 H2O/Otot 9.67e-17 OH/Ototl 3.10e-08
 Lithium       1.54e-03 9.98e-01 0.00e+00 0.00e+00 Berylliu 6.55e-03 9.34e-01 5.98e-02 0.00e+00 0.00e+00 sec ion: 0.00e+00
 Boron         7.05e-04 9.98e-01 9.62e-04 0.00e+00 0.00e+00 0.00e+00
 Carbon        1.19e-03 9.91e-01 7.86e-03 0.00e+00 0.00e+00 0.00e+00 0.00e+00 H2O+/O   3.96e-17 OH+/Otot 1.75e-08 Hex(tot) 0.00e+00
 Nitrogen      6.15e-01 3.85e-01 3.27e-05 0.00e+00 0.00e+00 0.00e+00 0.00e+00 0.00e+00 O2/Ototl 8.04e-13 O2+/Otot 5.67e-13
 Oxygen        7.08e-01 2.92e-01 3.85e-05 0.00e+00 0.00e+00 0.00e+00 0.00e+00 0.00e+00 0.00e+00
 Fluorine      2.72e-01 7.16e-01 1.17e-02 0.00e+00 0.00e+00 0.00e+00 0.00e+00 0.00e+00 0.00e+00 0.00e+00
 Neon          3.72e-01 6.24e-01 3.43e-03 0.00e+00 0.00e+00 0.00e+00 0.00e+00 0.00e+00 0.00e+00 0.00e+00 0.00e+00
 Sodium        1.38e-02 9.85e-01 9.40e-04 0.00e+00 0.00e+00 0.00e+00 0.00e+00 0.00e+00 0.00e+00 0.00e+00 0.00e+00 0.00e+00
 Magnesium     7.14e-03 9.74e-01 1.85e-02 0.00e+00 0.00e+00 0.00e+00 0.00e+00 0.00e+00 0.00e+00 0.00e+00 0.00e+00 0.00e+00 0.00e+00
 Aluminium  0  2.01e-04 9.95e-01 4.44e-03 4.31e-06 0.00e+00 0.00e+00 0.00e+00 0.00e+00 0.00e+00 0.00e+00 0.00e+00 0.00e+00 0.00e+00
 Silicon    0  6.77e-04 9.99e-01 9.67e-05 0.00e+00 0.00e+00 0.00e+00 0.00e+00 0.00e+00 0.00e+00 0.00e+00 0.00e+00 0.00e+00 0.00e+00
 Phosphorus 0  7.05e-04 9.91e-01 7.91e-03 0.00e+00 0.00e+00 0.00e+00 0.00e+00 0.00e+00 0.00e+00 0.00e+00 0.00e+00 0.00e+00 0.00e+00
 Sulphur    0  4.06e-04 9.39e-01 6.08e-02 0.00e+00 0.00e+00 0.00e+00 0.00e+00 0.00e+00 0.00e+00 0.00e+00 0.00e+00 0.00e+00 0.00e+00
 Chlorine   0  8.13e-04 9.69e-01 3.07e-02 0.00e+00 0.00e+00 0.00e+00 0.00e+00 0.00e+00 0.00e+00 0.00e+00 0.00e+00 0.00e+00 0.00e+00
 Argon      0  1.47e-01 7.64e-01 8.85e-02 0.00e+00 0.00e+00 0.00e+00 0.00e+00 0.00e+00 0.00e+00 0.00e+00 0.00e+00 0.00e+00 0.00e+00
 Potassium  0  2.89e-03 9.87e-01 1.00e-02 0.00e+00 0.00e+00 0.00e+00 0.00e+00 0.00e+00 0.00e+00 0.00e+00 0.00e+00 0.00e+00 0.00e+00
 Calcium    0  1.68e-04 1.41e-01 8.59e-01 0.00e+00 0.00e+00 0.00e+00 0.00e+00 0.00e+00 0.00e+00 0.00e+00 0.00e+00 0.00e+00 0.00e+00
 Scandium   0  4.59e-04 4.30e-01 5.66e-01 3.53e-03 0.00e+00 0.00e+00 0.00e+00 0.00e+00 0.00e+00 0.00e+00 0.00e+00 0.00e+00 0.00e+00
 Titanium   0  1.54e-04 9.22e-01 7.76e-02 6.94e-06 0.00e+00 0.00e+00 0.00e+00 0.00e+00 0.00e+00 0.00e+00 0.00e+00 0.00e+00 0.00e+00
 Vanadium   0  3.45e-03 8.59e-01 1.38e-01 2.42e-06 0.00e+00 0.00e+00 0.00e+00 0.00e+00 0.00e+00 0.00e+00 0.00e+00 0.00e+00 0.00e+00
 Chromium   0  5.83e-04 9.95e-01 4.84e-03 0.00e+00 0.00e+00 0.00e+00 0.00e+00 0.00e+00 0.00e+00 0.00e+00 0.00e+00 0.00e+00 0.00e+00
 Manganese  0  2.03e-04 9.95e-01 5.19e-03 0.00e+00 0.00e+00 0.00e+00 0.00e+00 0.00e+00 0.00e+00 0.00e+00 0.00e+00 0.00e+00 0.00e+00
 Iron       0  1.10e-04 9.99e-01 8.19e-04 0.00e+00 0.00e+00 0.00e+00 0.00e+00 0.00e+00 0.00e+00 0.00e+00 0.00e+00 0.00e+00 0.00e+00
 Cobalt     0  1.39e-02 9.85e-01 8.40e-04 0.00e+00 0.00e+00 0.00e+00 0.00e+00 0.00e+00 0.00e+00 0.00e+00 0.00e+00 0.00e+00 0.00e+00
 Nickel     0  3.30e-04 9.99e-01 6.03e-04 0.00e+00 0.00e+00 0.00e+00 0.00e+00 0.00e+00 0.00e+00 0.00e+00 0.00e+00 0.00e+00 0.00e+00
 Copper     0  1.95e-03 7.56e-01 2.42e-01 1.63e-06 0.00e+00 0.00e+00 0.00e+00 0.00e+00 0.00e+00 0.00e+00 0.00e+00 0.00e+00 0.00e+00
 Zinc       0  1.54e-02 9.17e-01 6.73e-02 1.64e-04 0.00e+00 0.00e+00 0.00e+00 0.00e+00 0.00e+00 0.00e+00 0.00e+00 0.00e+00 0.00e+00
                                                                             
   Calculation stopped because lowest Te reached. Iteration 3 of 3
   The geometry is plane-parallel.
  !Charge transfer ionization of H reached 200.6% of the local H ionization rate.
  !AGE: Cloud age was not set.  Longest timescale was 5.63e+10 s = 1.78e+03 years.
  !The CMB was not included.  This is added with the CMB command.
   The density is too low to l-mix the lowest H  I collapsed level.  More resolved levels are needed for accurate line ratios.
   The density is too low to l-mix the lowest He I collapsed level.  More resolved levels are needed for accurate line ratios.
   Grains were not present but might survive in this environment (energy density temperature was 5.34e+00K)

                       *********************************> Cloudy 13.03 <**********************************
                       * c                                                                               *
                       * phi(h) 9.000000 LOG range -0.000232 6.866524                                    *
                       * grid from 8 to 23 in 1 dex steps                                                *
                       * HDEN=2.000000 LOG                                                               *
                       * grid from 0 to 12 in 1 dex steps                                                *
                       * set pres ionize 1e5                                                             *
                       * c                                                                               *
                       * c                                                                               *
                       * table star "Rotation_inst.mod" age 6.78                                         *
                       * c                                                                               *
                       * c                                                                               *
                       * abundances GASS10                                                               *
                       * c                                                                               *
                       * c                                                                               *
                       * iterate to convergence max = 7                                                  *
                       * stop column density = 23                                                        *
                       * c                                                                               *
                       * c                                                                               *
                       * print last                                                                      *
                       * set save prefix "geneva_inst_rot_6"                                             *
                       * save grid ".grd" last no hash                                                   *
                       * save linelist "emissionlines_abs.txt" "LineList_HII.dat" absolute last no hash    *
                       *********************************> Log(U): -3.48 <*********************************

                     Emission Line Spectrum.   Constant  Density Model.    Open geometry.  Iteration 3 of 3.
                                                     Intensity (erg/s/cm^2).


                                                   Intrinsic line intensities
 general properties..........      H  1 5.834m  -5.388   0.0093      Ca B  8598A  -5.510   0.0071      Mg 2  2796A  -4.972   0.0244            
 TOTL  4861A  -3.359   1.0000      H  1 5.834m  -5.649   0.0051      Ca B  8545A  -5.600   0.0057      Mg 2  2803A  -5.208   0.0141            
 TOTL  1216A  -1.950  25.6527      H  1 5.834m  -6.068   0.0020      Ca B  8502A  -5.684   0.0047      TOTL  1860A  -5.719   0.0044            
 Inci     0   -0.735 420.1255      H  1 7.383m  -5.999   0.0023      Ca B  8467A  -5.762   0.0040      Al 3  1855A  -5.944   0.0026            
 TotH     0   -2.210  14.1045      H  1 7.383m  -5.553   0.0064      Ca B  8438A  -5.836   0.0033      Al 3  1863A  -6.111   0.0018            
 TotC     0   -2.210  14.1042      H  1 7.383m  -5.415   0.0088      Ca B  8413A  -5.905   0.0028      Si 2 34.81m  -3.000   2.2853            
 BFH1     0   -2.250  12.8420      H  1 7.383m  -5.421   0.0087      Ca B  8392A  -5.971   0.0024      Si 2  1814A  -5.894   0.0029            
 BFHe     0   -3.295   1.1575      H  1 7.383m  -5.537   0.0066      Ca B  8374A  -6.033   0.0021      Si 2  1531A  -5.442   0.0083            
 TotM     0   -4.423   0.0863      H  1 7.383m  -5.751   0.0041      Ca B  8359A  -6.093   0.0018      Si 2  1308A  -5.348   0.0102            
 CT H     0   -5.093   0.0185      H  1 7.383m  -6.074   0.0019      Ca B  8346A  -6.149   0.0016      Si 2  1263A  -4.916   0.0277            
 H FB     0   -3.309   1.1209      H  1 9.115m  -6.155   0.0016      Ca B  8334A  -6.202   0.0014      Si 3  1207A  -5.393   0.0092            
 HFBc     0   -3.309   1.1209      H  1 9.115m  -5.710   0.0045      Ca B 4.051m  -4.335   0.1057      P  2 60.64m  -5.492   0.0074            
 Ti 3     0   -5.954   0.0025      H  1 9.115m  -5.572   0.0061      Ca B 2.625m  -4.610   0.0561      P  2 32.87m  -5.496   0.0073            
 continua....................      H  1 9.115m  -5.573   0.0061      Ca B 2.166m  -4.838   0.0332      P  2 1.189m  -6.110   0.0018            
 Bac   3646A  -1.963  24.8840      H  1 9.115m  -5.675   0.0048      Ca B 1.945m  -5.029   0.0214      P  3 17.89m  -6.285   0.0012            
 nFnu  3645A  -1.917  27.6908      H  1 9.115m  -5.862   0.0031      Ca B 1.817m  -5.193   0.0146      S  2  6720A  -3.805   0.3580            
 nFnu  3647A  -2.911   2.8067      H  1 9.115m  -6.131   0.0017      Ca B 1.736m  -5.337   0.0105      S  2  4074A  -5.506   0.0071            
 cout  3646A  -2.264  12.4420      H  1 11.03m  -5.020   0.0218      Ca B 1.681m  -5.466   0.0078      S  2 1.033m  -5.675   0.0048            
 cref  3646A  -2.264  12.4420      H  1 13.13m  -5.132   0.0169      Ca B 1.641m  -5.582   0.0060      S II  6731A  -4.161   0.1576            
 thin  3646A  -1.963  24.8842      H  1 15.40m  -5.235   0.0133      Ca B 1.611m  -5.689   0.0047      S II  6716A  -4.057   0.2004            
 Inci  4860A  -1.874  30.5278      H  1 17.87m  -5.331   0.0107      Ca B 1.588m  -5.787   0.0037      S II  4070A  -5.631   0.0053            
 Inci  1215A  -0.831 337.3935      H  1 20.51m  -5.420   0.0087      Ca B 1.570m  -5.877   0.0030      S II  4078A  -6.107   0.0018            
 Ba C     0   -2.901   2.8716      H  1 23.33m  -5.504   0.0072      Ca B 1.556m  -5.962   0.0025      S II 1.032m  -6.122   0.0017            
 PA C     0   -3.291   1.1679      H  1 26.34m  -5.582   0.0060      Ca B 1.544m  -6.041   0.0021      S II 1.029m  -6.258   0.0013            
 FIR  83.00m  -2.411   8.8772      H  1 29.53m  -5.656   0.0050      Ca B 1.534m  -6.115   0.0018      S II 1.034m  -6.270   0.0012            
 TIR   1800m  -4.688   0.0469      H  1 32.91m  -5.726   0.0043      Ca B 1.526m  -6.186   0.0015      S  2  1256A  -5.625   0.0054            
 NIRa 2.850m  -1.957  25.2039      H  1 36.46m  -5.792   0.0037      Ca B 1.519m  -6.252   0.0013      S  3 18.67m  -3.803   0.3597            
 NIRb 3.000m  -2.420   8.6795      H  1 40.20m  -5.856   0.0032      Ca B 1.513m  -6.315   0.0011      S  3 33.47m  -3.501   0.7212            
 MIRa 15.00m  -2.585   5.9415      H  1 44.12m  -5.916   0.0028      Ca B 7.458m  -4.812   0.0352      S  3  9532A  -4.239   0.1318            
 MIRb 22.50m  -2.295  11.5784      H  1 48.22m  -5.974   0.0024      Ca B 4.653m  -5.033   0.0212      S  3  9069A  -4.633   0.0531            
 NMIR 21.75m  -1.957  25.2039      H  1 52.50m  -6.029   0.0021      Ca B 3.740m  -5.228   0.0135      S  3  1198A  -5.715   0.0044            
 TFIR 611.2m  -2.916   2.7710      H  1 56.97m  -4.840   0.0330      Ca B 3.296m  -5.396   0.0092      Cl 2 33.30m  -6.137   0.0017            
 TALL 10000A  -0.737 418.3967      He 1 504.3A  -3.734   0.4220      Ca B 3.038m  -5.543   0.0065      Cl 2 14.40m  -5.043   0.0207            
 F12  12.00m  -3.206   1.4211      He 1  2600A  -4.662   0.0498      Ca B 2.872m  -5.674   0.0048      Cl 2  8579A  -5.380   0.0095            
 F25  25.00m  -3.004   2.2615      He 1  3121A  -5.174   0.0153      Ca B 2.758m  -5.793   0.0037      Cl 2  9124A  -5.958   0.0025            
 F60  60.00m  -2.815   3.4966      He 1  3421A  -5.098   0.0182      Ca B 2.674m  -5.900   0.0029      Ar 2 6.980m  -4.385   0.0942            
 F100 100.0m  -3.011   2.2263      He 1  3421A  -4.621   0.0547      Ca B 2.612m  -6.000   0.0023      Ar 3  7135A  -5.144   0.0164            
 MIPS 24.00m  -3.142   1.6471      He 1  3421A  -4.399   0.0912      Ca B 2.564m  -6.091   0.0019      Ar 3  7751A  -5.762   0.0040            
 MIPS 70.00m  -3.188   1.4811      He 1  3679A  -4.813   0.0351      Ca B 2.525m  -6.177   0.0015      Ar 3 21.83m  -5.564   0.0062            
 MIPS 160.0m  -3.337   1.0526      He 1  6632A  -5.641   0.0052      Ca B 2.495m  -6.257   0.0013      Ar 3 9.000m  -4.378   0.0957            
 IRAC 3.600m  -3.890   0.2942      He 1  7435A  -6.038   0.0021      Ca B 2.469m  -6.332   0.0011      Ca 2  3933A  -5.825   0.0034            
 IRAC 4.500m  -3.762   0.3951      He 1  7843A  -4.922   0.0273      Ca B 12.37m  -5.217   0.0139      Ca 2  8579A  -6.221   0.0014            
 IRAC 5.800m  -3.062   1.9821      He 1  8188A  -5.059   0.0199      Ca B 7.500m  -5.397   0.0092      Ca 2  7306A  -4.361   0.0994            
 IRAC 8.000m  -3.510   0.7068      He 1  8191A  -5.548   0.0065      Ca B 5.907m  -5.565   0.0062      Ca2K  3934A  -6.058   0.0020            
 SPR1 250.0m  -3.843   0.3278      He 1  8261A  -5.515   0.0070      Ca B 5.127m  -5.715   0.0044      Ca2H  3969A  -6.207   0.0014            
 SPR2 350.0m  -4.274   0.1216      He 1 1.248m  -6.244   0.0013      Ca B 4.671m  -5.848   0.0032      CaF1  7291A  -4.587   0.0591            
 SPR3 500.0m  -4.651   0.0510      He 1 1.409m  -5.460   0.0079      Ca B 4.375m  -5.967   0.0025      CaF2  7324A  -4.754   0.0403            
 PAC1 70.00m  -3.125   1.7115      He 1 1.456m  -5.457   0.0080      Ca B 4.170m  -6.077   0.0019      Cr 3  5828A  -5.895   0.0029            
 PAC2 100.0m  -2.994   2.3163      He 1 1.456m  -5.948   0.0026      Ca B 4.020m  -6.177   0.0015      Fe2c     0   -2.562   6.2640            
 PAC3 160.0m  -3.116   1.7480      He 1 1.458m  -5.729   0.0043      Ca B 3.906m  -6.269   0.0012      Fe 2  4300A  -4.439   0.0831            
 PAH  3.300m  -4.670   0.0488      He 1 1.458m  -6.206   0.0014      Ca B 3.818m  -6.355   0.0010      Fe 2  2400A  -5.077   0.0191            
 PAHC 3.230m  -5.009   0.0224      He 1 1.466m  -6.017   0.0022      Ca B 19.06m  -5.570   0.0061      Fe 2  6200A  -6.134   0.0017            
 PAHC 3.370m  -5.109   0.0178      He 1 2.217m  -5.856   0.0032      Ca B 11.31m  -5.718   0.0044      Fe 2  2500A  -6.316   0.0011            
 PAH  6.200m  -4.408   0.0894      He 1 2.275m  -5.803   0.0036      Ca B 8.758m  -5.865   0.0031      Fe 2 25.98m  -3.423   0.8626            
 PAHC 5.650m  -4.388   0.0935      He 1 2.276m  -6.294   0.0012      Ca B 7.506m  -5.998   0.0023      Fe 2 5.339m  -3.124   1.7169            
 PAH  7.900m  -4.014   0.2213      He 1 2.278m  -5.929   0.0027      Ca B 6.770m  -6.119   0.0017      Fe 2 4.114m  -5.780   0.0038            
 PAHC 6.900m  -3.916   0.2771      He 1 2.278m  -6.353   0.0010      Ca B 6.290m  -6.229   0.0013      Fe 2 1.257m  -3.341   1.0416            
 PAH  11.30m  -4.507   0.0710      He 1 3.206m  -6.166   0.0016      Ca B 5.955m  -6.330   0.0011      Fe 2 35.34m  -4.055   0.2013            
 PAHC 10.90m  -4.645   0.0517      He 1 3.277m  -6.090   0.0019      Ca B 27.80m  -5.883   0.0030      Fe 2 6.719m  -4.952   0.0255            
 PAH  11.80m  -4.422   0.0865      He 1 3.280m  -6.161   0.0016      Ca B 16.20m  -6.006   0.0023      Fe 2 4.888m  -6.234   0.0013            
 PAHC 12.65m  -3.639   0.5243      He 1 4.465m  -5.632   0.0053      Ca B 12.38m  -6.135   0.0017      Fe 2 4.075m  -6.302   0.0011            
 PAH  13.30m  -4.373   0.0969      He 1 5.831m  -5.804   0.0036      Ca B 10.50m  -6.255   0.0013      Fe 2 1.321m  -3.919   0.2755            
 PAHC 14.10m  -4.292   0.1167      He 1 7.380m  -5.955   0.0025      Ca B 38.86m  -6.163   0.0016      Fe 2 1.249m  -5.690   0.0047            
 Bcon  3640A  -0.812 352.5406      He 1 9.111m  -6.091   0.0019      Ca B 22.33m  -6.267   0.0012      Fe 2  7638A  -5.332   0.0106            
 Pcon  5000A  -1.861  31.4631      He 1 11.02m  -6.213   0.0014      H  1     0   -2.423   8.6320      Fe 2 51.29m  -4.639   0.0525            
 HFFc     0   -3.611   0.5595      He 1 13.12m  -6.325   0.0011      H  1  1216A  -1.950  25.6527      Fe 2 8.297m  -5.044   0.0206            
 H FF     0   -3.639   0.5247      He 1 61.59m  -6.080   0.0019      H  1  1026A  -4.765   0.0392      Fe 2 5.672m  -5.608   0.0056            
 HeFF     0   -4.836   0.0334      C  1  1101A  -5.932   0.0027      H  1 972.5A  -4.882   0.0300      Fe 2 4.606m  -6.114   0.0018            
 MeFB     0   -5.969   0.0025      C  2 508.6A  -6.298   0.0012      H  1 949.7A  -4.940   0.0263      Fe 2 4.081m  -6.229   0.0013            
 ToFF     0   -3.612   0.5587      N  1 853.4A  -6.321   0.0011      H  1 937.8A  -4.918   0.0276      Fe 2 1.372m  -4.143   0.1645            
 nFnu 122.4m  -5.079   0.0190      O  2 353.1A  -6.141   0.0017      H  1 930.8A  -4.959   0.0251      Fe 2 1.294m  -5.022   0.0217            
 nInu 122.4m  -2.615   5.5477      grains......................      H  1 926.2A  -5.012   0.0222      Fe 2  7687A  -5.636   0.0053            
 nFnu 60.83m  -4.838   0.0332      H-like iso-sequence.........      H  1 923.2A  -5.019   0.0219      Fe 2 87.36m  -5.409   0.0089            
 nInu 60.83m  -2.662   4.9744      Ca B  1216A  -1.833  33.5529      H  1 921.0A  -5.044   0.0206      Fe 2 9.898m  -5.121   0.0173            
 nFnu 41.22m  -4.680   0.0477      Q(H)  4861A  -3.312   1.1132      H  1  6563A  -2.865   3.1159      Fe 2 4.434m  -6.110   0.0018            
 nInu 41.22m  -2.774   3.8411      Q(H)  1216A  -1.787  37.3367      H  1  4861A  -3.359   1.0000      Fe 2 1.328m  -5.267   0.0123            
 nFnu 30.87m  -4.574   0.0610      CaBo  4861A  -3.342   1.0400      H  1  4340A  -3.695   0.4610      Fe 2 1.279m  -5.388   0.0094            
 nInu 30.87m  -2.877   3.0347      Ca A  1216A  -2.002  22.7596      H  1  4102A  -3.949   0.2571      Fe 2 11.16m  -5.173   0.0153            
 nFnu 24.78m  -4.492   0.0736      Ca A  1026A  -2.692   4.6404      H  1  3970A  -4.155   0.1599      Fe 2 1.298m  -5.751   0.0041            
 nInu 24.78m  -2.956   2.5289      Ca A 972.5A  -3.115   1.7552      H  1  3889A  -4.329   0.1071      Fe 2 1.270m  -5.667   0.0049            
 nFnu 24.30m  -4.486   0.0747      Ca A 949.7A  -3.421   0.8665      H  1  3835A  -4.475   0.0766      Fe 2 17.93m  -3.861   0.3148            
 nInu 24.30m  -2.963   2.4874      Ca A 937.8A  -3.663   0.4962      H  1  3798A  -4.603   0.0570      Fe 2 1.644m  -3.414   0.8809            
 nFnu 22.83m  -4.461   0.0791      Ca A 930.8A  -3.864   0.3123      H  1 1.875m  -3.717   0.4380      Fe 2 1.533m  -4.967   0.0247            
 nInu 22.83m  -2.985   2.3667      Ca A 926.2A  -4.037   0.2101      H  1 1.282m  -4.092   0.1850      Fe 2  8617A  -4.753   0.0403            
 nFnu 21.42m  -4.439   0.0831      Ca A 923.2A  -4.187   0.1484      H  1 1.094m  -4.363   0.0991      Fe 2 24.51m  -4.595   0.0581            
 nInu 21.42m  -3.008   2.2426      Ca A 921.0A  -4.322   0.1089      H  1 1.005m  -4.580   0.0601      Fe 2 1.809m  -4.117   0.1746            
 nFnu 21.12m  -4.434   0.0841      Ca A 919.4A  -4.443   0.0824      H  1  9546A  -4.762   0.0395      Fe 2 1.677m  -5.106   0.0179            
 nInu 21.12m  -3.014   2.2149      Ca A 918.1A  -4.554   0.0638      H  1  9229A  -4.917   0.0277      Fe 2 1.599m  -5.327   0.0108            
 nFnu 19.62m  -4.405   0.0899      Ca A 917.2A  -4.655   0.0505      H  1  9015A  -5.053   0.0202      Fe 2  9052A  -5.412   0.0089            
 nInu 19.62m  -3.039   2.0875      Ca A 916.4A  -4.749   0.0407      H  1 4.051m  -4.291   0.1169      Fe 2  8892A  -5.279   0.0120            
 nFnu 17.65m  -4.361   0.0994      Ca A 915.8A  -4.837   0.0333      H  1 2.625m  -4.604   0.0568      Fe 2 35.77m  -5.434   0.0084            
 nInu 17.65m  -3.082   1.8907      Ca A 915.3A  -4.918   0.0276      H  1 2.166m  -4.837   0.0332      Fe 2 1.800m  -5.278   0.0120            
 nFnu 17.37m  -4.357   0.1005      Ca A 914.9A  -4.994   0.0232      H  1 1.945m  -5.028   0.0214      Fe 2 1.711m  -5.908   0.0028            
 nInu 17.37m  -3.088   1.8653      Ca A 914.6A  -5.065   0.0197      H  1 1.817m  -5.190   0.0147      Fe 2 1.664m  -5.708   0.0045            
 nFnu 15.69m  -4.325   0.1081      Ca A 914.3A  -5.132   0.0168      H  1 1.736m  -5.332   0.0106      Fe 2  9399A  -6.188   0.0015            
 nInu 15.69m  -3.127   1.7047      Ca A 914.0A  -5.195   0.0146      H  1 7.458m  -4.746   0.0410      Fe 2  9227A  -5.535   0.0067            
 nFnu 14.60m  -4.293   0.1164      Ca A 913.8A  -5.254   0.0127      H  1 4.653m  -5.018   0.0219      Fe 2 1.797m  -5.682   0.0048            
 nInu 14.60m  -3.155   1.6006      Ca A 913.6A  -5.309   0.0112      H  1 3.740m  -5.225   0.0136      Fe 2 1.745m  -6.016   0.0022            
 nFnu 12.43m  -4.229   0.1348      Ca A 913.5A  -5.360   0.0100      H  1 3.296m  -5.394   0.0092      Fe 2  9471A  -6.101   0.0018            
 nInu 12.43m  -3.219   1.3797      Ca A 913.3A  -5.408   0.0089      H  1 3.038m  -5.541   0.0066      Fe 2 22.90m  -6.192   0.0015            
 nFnu 11.40m  -4.204   0.1428      Ca A  6563A  -3.030   2.1340      H  1 12.37m  -5.126   0.0171      Fe 2 1.811m  -6.208   0.0014            
 nInu 11.40m  -3.252   1.2780      Ca A  4861A  -3.517   0.6954      H  1 7.500m  -5.367   0.0098      Fe2b  7000A  -5.144   0.0164            
 nFnu 10.46m  -4.162   0.1573      Ca A  4340A  -3.855   0.3190      H  1 5.907m  -5.556   0.0064      Fe2b 10000A  -2.919   2.7513            
 nInu 10.46m  -3.286   1.1839      Ca A  4102A  -4.115   0.1755      H  1 5.127m  -5.710   0.0045      Fe2b  7445A  -5.144   0.0164            
 nFnu 9.480m  -4.134   0.1678      Ca A  3970A  -4.326   0.1079      H  1 19.06m  -5.454   0.0080      Fe2b  8625A  -4.504   0.0715            
 nInu 9.480m  -3.324   1.0830      Ca A  3889A  -4.505   0.0715      H  1 11.31m  -5.667   0.0049      Fe2b 1.033m  -6.101   0.0018            
 nFnu 9.325m  -4.130   0.1694      Ca A  3835A  -4.660   0.0500      H  1 8.758m  -5.845   0.0033      Fe2b 1.889m  -4.060   0.1992            
 nInu 9.325m  -3.330   1.0688      Ca A  3798A  -4.798   0.0364      H  1 27.80m  -5.743   0.0041      Fe 2  1786A  -5.202   0.0144            
 nFnu 8.210m  -4.072   0.1937      Ca A  3771A  -4.922   0.0274      H  1 16.20m  -5.929   0.0027      Fe3c     0   -4.034   0.2112            
 nInu 8.210m  -3.380   0.9526      Ca A  3750A  -5.034   0.0211      H  1 38.86m  -6.004   0.0023      Fe 3 22.92m  -4.185   0.1493            
 nFnu 7.580m  -4.051   0.2030      Ca A  3734A  -5.137   0.0167      He-like iso-sequence........      Fe 3 33.03m  -4.764   0.0393            
 nInu 7.580m  -3.411   0.8878      Ca A  3722A  -5.232   0.0134      Ca B  2945A  -5.266   0.0124      Fe 3 51.67m  -5.397   0.0091            
 nFnu 7.050m  -4.002   0.2277      Ca A  3712A  -5.320   0.0109      Ca B  3188A  -4.946   0.0259      Fe 3  5271A  -5.873   0.0031            
 nInu 7.050m  -3.437   0.8348      Ca A  3704A  -5.403   0.0090      Ca B  3614A  -5.835   0.0033      Fe 3  4659A  -5.729   0.0043            
 nFnu 4.114m  -3.780   0.3796      Ca A  3697A  -5.481   0.0076      Ca B  3889A  -4.539   0.0661      Fe 3  4702A  -6.274   0.0012            
 nInu 4.114m  -3.520   0.6898      Ca A  3692A  -5.554   0.0064      Ca B  3965A  -5.524   0.0068      Fe 3  1126A  -5.822   0.0034            
 nFnu 2.324m  -3.640   0.5232      Ca A  3687A  -5.623   0.0054      Ca B  4026A  -5.159   0.0158      recombination...............            
 nInu 2.324m  -3.255   1.2705      Ca A  3683A  -5.688   0.0047      Ca B  4388A  -5.732   0.0042      O  1  7773A  -6.352   0.0010            
 nFnu 1.643m  -3.493   0.7348      Ca A  3679A  -5.750   0.0041      Ca B  4471A  -4.823   0.0344      O  1  1357A  -5.543   0.0065            
 nInu 1.643m  -2.996   2.3080      Ca A  3676A  -5.810   0.0035      Ca B  4713A  -5.940   0.0026      C  1  1140A  -5.850   0.0032            
 nFnu 1.480m  -3.517   0.6951      Ca A  3674A  -5.866   0.0031      Ca B  4922A  -5.387   0.0094      C  2  1092A  -6.178   0.0015            
 nInu 1.480m  -2.933   2.6685      Ca A  3671A  -5.920   0.0027      Ca B  5016A  -5.116   0.0175      C  2  1037A  -5.897   0.0029            
 nFnu 1.436m  -3.167   1.5558      Ca A 1.875m  -3.777   0.3815      Ca B  5048A  -6.335   0.0011      C  2 946.1A  -5.849   0.0032            
 nInu 1.436m  -2.826   3.4080      Ca A 1.282m  -4.138   0.1664      Ca B  5876A  -4.347   0.1027      C  2 799.8A  -4.803   0.0360            
 nFnu 1.119m  -3.265   1.2421      Ca A 1.094m  -4.414   0.0881      Ca B  6678A  -4.890   0.0294      N  1 980.7A  -5.938   0.0026            
 nInu 1.119m  -2.649   5.1297      Ca A 1.005m  -4.636   0.0529      Ca B  7065A  -5.260   0.0125      O  1  7950A  -6.071   0.0019            
 nFnu  8330A  -3.388   0.9344      Ca A  9546A  -4.822   0.0344      Ca B  7281A  -5.764   0.0039      O  2 386.3A  -6.006   0.0023            
 nInu  8330A  -2.426   8.5733      Ca A  9229A  -4.982   0.0238      Ca B 1.083m  -4.181   0.1506      O  2 385.7A  -6.209   0.0014            
 nFnu  8079A  -2.715   4.4094      Ca A  9015A  -5.124   0.0172      Ca B 1.197m  -6.156   0.0016      level2 lines................            
 nInu  8079A  -2.305  11.3201      Ca A  8863A  -5.250   0.0128      Ca B 1.278m  -5.580   0.0060      C  1 943.9A  -5.688   0.0047            
 nFnu  6210A  -2.955   2.5368      Ca A  8750A  -5.365   0.0099      Ca B 1.279m  -6.058   0.0020      C  1  1248A  -5.790   0.0037            
 nInu  6210A  -2.095  18.3681      Ca A  8665A  -5.470   0.0077      Ca B 1.700m  -5.973   0.0024      C  1  1561A  -6.108   0.0018            
 nFnu  4885A  -3.082   1.8906      Ca A  8598A  -5.566   0.0062      Ca B 1.869m  -5.185   0.0149      C  1  1315A  -5.973   0.0024            
 nInu  4885A  -1.870  30.8244      Ca A  8545A  -5.656   0.0050      Ca B 1.870m  -5.663   0.0050      C  1  1166A  -6.207   0.0014            
 nFnu  3704A  -2.970   2.4472      Ca A  8502A  -5.740   0.0042      Ca B 2.058m  -5.018   0.0219      C  1  1233A  -6.123   0.0017            
 nInu  3704A  -1.641  52.2137      Ca A  8467A  -5.819   0.0035      He 1     0   -3.408   0.8933      C  2 892.8A  -5.365   0.0099            
 nFnu  3588A  -1.955  25.3227      Ca A  8438A  -5.892   0.0029      He 1 584.3A  -4.538   0.0663      C  2 688.8A  -5.813   0.0035            
 nInu  3588A  -1.518  69.3395      Ca A  8413A  -5.962   0.0025      He 1 537.0A  -5.638   0.0053      C  2  1020A  -4.928   0.0270            
 nFnu  2430A  -2.529   6.7519      Ca A  8392A  -6.028   0.0021      He 1 522.2A  -5.860   0.0032      C  2 596.6A  -5.701   0.0046            
 nInu  2430A  -1.237 132.3303      Ca A  8374A  -6.091   0.0019      He 1 515.6A  -5.896   0.0029      C  2 562.0A  -5.995   0.0023            
 nFnu  2392A  -2.528   6.7757      Ca A  8359A  -6.151   0.0016      He 1 512.1A  -5.882   0.0030      C  2 530.7A  -5.976   0.0024            
 nInu  2392A  -1.224 136.2958      Ca A  8346A  -6.208   0.0014      He 1 625.6A  -2.844   3.2750      C  2 544.9A  -6.299   0.0011            
 nFnu  2071A  -2.457   7.9839      Ca A  8334A  -6.262   0.0012      TOTL 1.083m  -4.188   0.1482      C  2 535.3A  -6.077   0.0019            
 nInu  2071A  -1.112 176.7456      Ca A 4.051m  -4.351   0.1019      He 1 1.083m  -4.188   0.1482      C  2 858.2A  -5.816   0.0035            
 nFnu  2053A  -2.450   8.1093      Ca A 2.625m  -4.630   0.0535      He 1 1.083m  -5.142   0.0165      C  2 638.0A  -5.955   0.0025            
 nInu  2053A  -1.112 176.6289      Ca A 2.166m  -4.861   0.0314      He 1 1.083m  -4.665   0.0494      C  2 578.7A  -6.354   0.0010            
 nFnu  1793A  -2.358  10.0304      Ca A 1.945m  -5.054   0.0202      He 1 1.083m  -4.443   0.0823      N  1 942.3A  -5.523   0.0069            
 nInu  1793A  -1.003 226.7462      Ca A 1.817m  -5.220   0.0138      He 1  3889A  -4.556   0.0636      N  1 952.1A  -5.524   0.0068            
 nFnu  1585A  -2.293  11.6374      Ca A 1.736m  -5.365   0.0099      He 1  3188A  -4.964   0.0248      N  1  1131A  -5.708   0.0045            
 nInu  1585A  -1.073 193.1892      Ca A 1.681m  -5.494   0.0073      He 1  2945A  -5.285   0.0118      N  2 532.2A  -5.906   0.0028            
 nFnu  1458A  -2.278  12.0413      Ca A 1.641m  -5.611   0.0056      He 1  2829A  -5.542   0.0066      N  2 634.4A  -5.721   0.0043            
 nInu  1458A  -0.899 288.1863      Ca A 1.611m  -5.718   0.0044      He 1 2.058m  -5.160   0.0158      N  2 907.1A  -5.513   0.0070            
 nFnu  1357A  -2.314  11.0826      Ca A 1.588m  -5.816   0.0035      He 1  5016A  -5.141   0.0165      N  2 475.1A  -6.319   0.0011            
 nInu  1357A  -0.819 347.0094      Ca A 1.570m  -5.907   0.0028      He 1  3965A  -5.548   0.0065      N  2 528.1A  -6.065   0.0020            
 nFnu  1297A  -2.410   8.8963      Ca A 1.556m  -5.992   0.0023      He 1  3614A  -5.851   0.0032      N  2 453.0A  -6.294   0.0012            
 nInu  1297A  -0.803 359.6935      Ca A 1.544m  -6.071   0.0019      He 1  3448A  -6.086   0.0019      N  3 678.2A  -6.184   0.0015            
 nFnu  1263A  -2.587   5.9154      Ca A 1.534m  -6.145   0.0016      He 1  7065A  -5.284   0.0119      N  3 752.1A  -6.217   0.0014            
 nInu  1263A  -0.810 354.2950      Ca A 1.526m  -6.216   0.0014      He 1  5876A  -4.324   0.1084      O  1 867.3A  -5.917   0.0028            
 nFnu  1218A  -2.325  10.8064      Ca A 1.519m  -6.283   0.0012      He 1  4713A  -5.988   0.0023      O  1 976.8A  -5.378   0.0096            
 nInu  1218A  -0.832 336.0508      Ca A 1.513m  -6.346   0.0010      He 1  4471A  -4.824   0.0343      O  1 767.7A  -6.193   0.0015            
 nFnu  1196A  -3.468   0.7781      Ca A 7.458m  -4.824   0.0343      He 1  4026A  -5.166   0.0156      O  1 969.0A  -5.282   0.0119            
 nInu  1196A  -0.786 374.1171      Ca A 4.653m  -5.046   0.0206      He 1  3820A  -5.431   0.0085      O  1 946.4A  -5.439   0.0083            
 nFnu  1175A  -3.517   0.6942      Ca A 3.740m  -5.242   0.0131      He 1  7281A  -5.771   0.0039      O  1 934.5A  -5.435   0.0084            
 nInu  1175A  -0.832 336.6534      Ca A 3.296m  -5.411   0.0089      He 1  6678A  -4.865   0.0312      O  1 973.6A  -5.546   0.0065            
 nFnu  1144A  -3.501   0.7212      Ca A 3.038m  -5.560   0.0063      He 1  5048A  -6.339   0.0010      O  1 927.5A  -5.570   0.0061            
 nInu  1144A  -0.718 437.7043      Ca A 2.872m  -5.692   0.0046      He 1  4922A  -5.385   0.0094      O  1 948.5A  -5.711   0.0044            
 nFnu  1113A  -3.484   0.7488      Ca A 2.758m  -5.810   0.0035      He 1  4388A  -5.734   0.0042      O  1 923.0A  -5.718   0.0044            
 nInu  1113A  -0.850 322.4195      Ca A 2.674m  -5.918   0.0028      He 1  4144A  -6.000   0.0023      O  1 919.9A  -5.838   0.0033            
 nFnu  1103A  -3.441   0.8268      Ca A 2.612m  -6.018   0.0022      He 1 1.700m  -5.974   0.0024      O  1 935.7A  -5.816   0.0035            
 nInu  1103A  -0.693 462.8953      Ca A 2.564m  -6.110   0.0018      He 1 1.197m  -6.163   0.0016      O  1 917.7A  -5.943   0.0026            
 nFnu  1074A  -3.439   0.8317      Ca A 2.525m  -6.195   0.0015      He 1 1.869m  -5.137   0.0167      O  1 918.7A  -6.035   0.0021            
 nInu  1074A  -0.761 395.8032      Ca A 2.495m  -6.276   0.0012      He 1 1.278m  -5.563   0.0063      O  1 928.2A  -6.036   0.0021            
 nFnu  1064A  -3.435   0.8398      Ca A 2.469m  -6.351   0.0010      He 1 1.091m  -5.871   0.0031      O  1 917.5A  -6.132   0.0017            
 nInu  1064A  -0.683 474.3642      Ca A 12.37m  -5.227   0.0135      He 1 1.870m  -5.614   0.0056      O  1 923.4A  -6.242   0.0013            
 nFnu  1036A  -3.423   0.8632      Ca A 7.500m  -5.407   0.0090      He 1 1.279m  -6.041   0.0021      O  2 530.8A  -5.895   0.0029            
 nInu  1036A  -0.699 456.8125      Ca A 5.907m  -5.576   0.0061      He 1 1.092m  -6.349   0.0010      O  3 698.2A  -6.059   0.0020            
 nFnu  1000A  -3.401   0.9066      Ca A 5.127m  -5.726   0.0043      He 1 4.037m  -6.310   0.0011      Ne 2 461.1A  -6.220   0.0014            
 nInu  1000A  -0.702 453.9905      Ca A 4.671m  -5.859   0.0032      He 1 4.048m  -5.750   0.0041      Mg 2  1040A  -6.056   0.0020            
 nFnu 925.1A  -3.350   1.0203      Ca A 4.375m  -5.980   0.0024      He 1 2.623m  -6.133   0.0017      Mg 2 959.3A  -6.058   0.0020            
 nInu 925.1A  -0.753 403.2242      Ca A 4.170m  -6.089   0.0019      He 1 4.048m  -6.228   0.0014      Mg 2 919.2A  -6.280   0.0012            
 nFnu 897.8A  -1.788  37.1861      Ca A 4.020m  -6.190   0.0015      He 1 7.454m  -6.271   0.0012      Mg 2  1258A  -6.316   0.0011            
 nFnu 760.0A  -3.845   0.3267      Ca A 3.906m  -6.282   0.0012      Pho+  3889A  -3.877   0.3034      Al 2  1671A  -5.382   0.0095            
 nInu 760.0A  -4.828   0.0340      Ca A 19.06m  -5.580   0.0060      database lines..............      Si 2  1180A  -4.884   0.0299            
 nFnu 701.5A  -4.115   0.1752      Ca A 11.31m  -5.727   0.0043      level 1 lines...............      Si 2 993.4A  -5.326   0.0108            
 nInu 701.5A  -4.311   0.1118      Ca A 8.758m  -5.874   0.0031      C  1  1656A  -5.585   0.0059      Si 2 893.6A  -5.931   0.0027            
 nFnu 608.2A  -5.735   0.0042      Ca A 7.506m  -6.007   0.0022      REC   1656A  -6.110   0.0018      Si 2 847.6A  -6.152   0.0016            
 nInu 608.2A  -3.491   0.7370      Ca A 6.770m  -6.128   0.0017      C Ic  9850A  -5.950   0.0026      Si 2  1024A  -5.487   0.0075            
 nFnu 575.1A  -5.288   0.0118      Ca A 6.290m  -6.239   0.0013      TOTL  9850A  -5.940   0.0026      Si 2 822.4A  -6.323   0.0011            
 nInu 575.1A  -3.165   1.5637      Ca A 5.955m  -6.340   0.0010      C  2 157.6m  -4.083   0.1887      Si 2 903.1A  -6.223   0.0014            
 nFnu 511.9A  -5.757   0.0040      Ca A 27.80m  -5.893   0.0029      TOTL  2326A  -6.082   0.0019      S  2 750.3A  -5.782   0.0038            
 nInu 511.9A  -2.903   2.8578      Ca A 16.20m  -6.014   0.0022      C  2  1335A  -4.746   0.0411      S  2 632.7A  -6.114   0.0018            
 nFnu 496.9A  -2.486   7.4602      Ca A 12.38m  -6.143   0.0016      REC   1335A  -5.003   0.0227      S  2 888.4A  -5.845   0.0033            
 nInu 496.9A  -5.002   0.0227      Ca A 10.50m  -6.263   0.0012      C  3 977.0A  -5.087   0.0187      S  2 587.6A  -6.259   0.0013            
 nInu 399.2A  -4.068   0.1952      Ca A 38.86m  -6.174   0.0015      N  1 953.9A  -5.520   0.0069      S  2 566.1A  -6.357   0.0010            
 RRC.........................      Ca A 22.33m  -6.275   0.0012      N  1 954.1A  -6.200   0.0014      S  3 667.0A  -6.068   0.0020            
 H  1 911.8A  -2.955   2.5332      Ca B  6563A  -2.875   3.0463      N  1  1200A  -5.289   0.0117      S  3 691.2A  -6.135   0.0017            
 H  1  3646A  -3.397   0.9152      Ca B  4861A  -3.360   0.9978      N  1  5200A  -6.094   0.0018      S  3 704.2A  -6.009   0.0022            
 H  1  3646A  -3.006   2.2519      Ca B  4340A  -3.699   0.4567      N  1  5198A  -6.143   0.0016      S  3  1007A  -5.590   0.0059            
 H  1  8204A  -4.163   0.1571      Ca B  4102A  -3.960   0.2504      TOTL  5199A  -5.817   0.0035      Ar 1  1096A  -6.315   0.0011            
 H  1  8204A  -3.720   0.4357      Ca B  3970A  -4.173   0.1534      N  2  6584A  -3.922   0.2736      Ar 3 458.1A  -6.323   0.0011            
 H  1  8204A  -3.750   0.4061      Ca B  3889A  -4.353   0.1013      N  2  6548A  -4.392   0.0927      Fe 3 911.1A  -5.790   0.0037            
 H  1 1.458m  -4.684   0.0473      Ca B  3835A  -4.510   0.0706      N  2 121.7m  -4.364   0.0989      Fe 3 859.6A  -6.199   0.0014            
 H  1 1.458m  -4.233   0.1337      Ca B  3798A  -4.649   0.0513      N  2 205.4m  -4.892   0.0293      Fe 3 896.9A  -6.119   0.0017            
 H  1 1.458m  -4.152   0.1610      Ca B  3771A  -4.773   0.0385      N  2  1085A  -4.999   0.0229      Fe 3 762.6A  -6.250   0.0013            
 H  1 1.458m  -4.414   0.0880      Ca B  3750A  -4.886   0.0297      N  3 57.21m  -5.028   0.0214      P  2  1154A  -5.922   0.0027            
 H  1 2.279m  -5.069   0.0195      Ca B  3734A  -4.990   0.0234      N  3 991.0A  -5.504   0.0072      P  2 967.2A  -5.605   0.0057            
 H  1 2.279m  -4.617   0.0552      Ca B  3722A  -5.086   0.0188      O  1  6300A  -5.373   0.0097      P  2 963.8A  -5.460   0.0079            
 H  1 2.279m  -4.502   0.0719      Ca B  3712A  -5.174   0.0153      O  1  6363A  -5.869   0.0031      Cr 2  2060A  -6.104   0.0018            
 H  1 2.279m  -4.614   0.0556      Ca B  3704A  -5.257   0.0126      O  1 63.17m  -4.856   0.0318      Cr 3  1033A  -6.141   0.0017            
 H  1 2.279m  -5.038   0.0209      Ca B  3697A  -5.335   0.0106      O  1 145.5m  -5.920   0.0027      Cr 3  1036A  -6.025   0.0022            
 H  1 3.281m  -5.369   0.0098      Ca B  3692A  -5.408   0.0089      TOTL  3727A  -4.100   0.1817      Cr 3 924.0A  -6.294   0.0012            
 H  1 3.281m  -4.919   0.0275      Ca B  3687A  -5.477   0.0076      IONZ  3727A  -5.442   0.0083      Mn 2  2590A  -6.113   0.0018            
 H  1 3.281m  -4.790   0.0370      Ca B  3683A  -5.542   0.0066      IONZ  7325A  -6.107   0.0018      Mn 2  1199A  -5.914   0.0028            
 H  1 3.281m  -4.845   0.0326      Ca B  3679A  -5.604   0.0057      O II  3729A  -4.365   0.0985      Ni 2  1752A  -5.928   0.0027            
 H  1 3.281m  -5.093   0.0184      Ca B  3676A  -5.662   0.0050      O II  3726A  -4.487   0.0744      Ni 2  1744A  -5.883   0.0030            
 H  1 3.281m  -5.634   0.0053      Ca B  3674A  -5.718   0.0044      O  2 833.8A  -5.722   0.0043      Ni 2  1485A  -6.101   0.0018            
 H  1 4.466m  -5.615   0.0055      Ca B  3671A  -5.771   0.0039      O  3  5007A  -5.293   0.0116      Ni 2  1473A  -5.907   0.0028            
 H  1 4.466m  -5.166   0.0156      Ca B 1.875m  -3.742   0.4140      O  3  4959A  -5.772   0.0039      Ni 2  1400A  -5.994   0.0023            
 H  1 4.466m  -5.031   0.0213      Ca B 1.282m  -4.092   0.1847      O  3 88.33m  -4.467   0.0780      Ni 2  1376A  -5.773   0.0039            
 H  1 4.466m  -5.059   0.0199      Ca B 1.094m  -4.364   0.0989      O  3 51.80m  -4.528   0.0678      Ni 2  1324A  -5.782   0.0038            
 H  1 4.466m  -5.234   0.0133      Ca B 1.005m  -4.583   0.0597      O  3 835.0A  -5.988   0.0023      hyperfine structure.........            
 H  1 4.466m  -5.580   0.0060      Ca B  9546A  -4.768   0.0390      Ne 2 12.81m  -3.739   0.4169      inner shell.................            
 H  1 4.466m  -6.206   0.0014      Ca B  9229A  -4.927   0.0270      Ne 3 15.55m  -5.360   0.0100      molecules...................            
 H  1 5.834m  -5.821   0.0034      Ca B  9015A  -5.068   0.0195      Na 1  5892A  -6.211   0.0014      H-FB     0   -6.325   0.0011            
 H  1 5.834m  -5.374   0.0097      Ca B  8863A  -5.195   0.0146      Mg 1  2853A  -5.950   0.0026      H-CT  6563A  -6.020   0.0022            
 H  1 5.834m  -5.237   0.0132      Ca B  8750A  -5.309   0.0112      Mg 1  2026A  -6.072   0.0019            
 H  1 5.834m  -5.251   0.0128      Ca B  8665A  -5.414   0.0088      TOTL  2798A  -4.773   0.0385            

                                                    Emergent line intensities
 general properties..........      Ca A 923.2A  -4.188   0.1482      Ca B 4.020m  -6.177   0.0015      P  3 17.89m  -6.285   0.0012            
 TOTL  4861A  -3.359   1.0000      Ca A 921.0A  -4.322   0.1088      Ca B 3.906m  -6.269   0.0012      S  2  6720A  -3.805   0.3580            
 TOTL  1216A  -1.950  25.6491      Ca A 919.4A  -4.444   0.0823      Ca B 3.818m  -6.355   0.0010      S  2  4074A  -5.506   0.0071            
 continua....................      Ca A 918.1A  -4.554   0.0638      Ca B 19.06m  -5.570   0.0061      S  2 1.033m  -5.675   0.0048            
 Bac   3646A  -1.963  24.8845      Ca A 917.2A  -4.656   0.0505      Ca B 11.31m  -5.718   0.0044      S II  6731A  -4.161   0.1576            
 nFnu  3645A  -1.917  27.6913      Ca A 916.4A  -4.750   0.0407      Ca B 8.758m  -5.865   0.0031      S II  6716A  -4.057   0.2004            
 nFnu  3647A  -2.911   2.8068      Ca A 915.8A  -4.837   0.0333      Ca B 7.506m  -5.998   0.0023      S II  4070A  -5.631   0.0053            
 cout  3646A  -2.264  12.4422      Ca A 915.3A  -4.918   0.0276      Ca B 6.770m  -6.119   0.0017      S II  4078A  -6.107   0.0018            
 cref  3646A  -2.264  12.4423      Ca A 914.9A  -4.995   0.0231      Ca B 6.290m  -6.229   0.0013      S II 1.032m  -6.122   0.0017            
 thin  3646A  -1.963  24.8847      Ca A 914.6A  -5.066   0.0196      Ca B 5.955m  -6.330   0.0011      S II 1.029m  -6.258   0.0013            
 Inci  4860A  -1.874  30.5284      Ca A 914.3A  -5.133   0.0168      Ca B 27.80m  -5.883   0.0030      S II 1.034m  -6.270   0.0012            
 Inci  1215A  -0.831 337.3999      Ca A 914.0A  -5.195   0.0146      Ca B 16.20m  -6.006   0.0023      S  2  1256A  -5.625   0.0054            
 FIR  83.00m  -2.411   8.8774      Ca A 913.8A  -5.254   0.0127      Ca B 12.38m  -6.135   0.0017      S  3 18.67m  -3.803   0.3597            
 TIR   1800m  -4.688   0.0469      Ca A 913.6A  -5.309   0.0112      Ca B 10.50m  -6.255   0.0013      S  3 33.47m  -3.501   0.7212            
 NIRa 2.850m  -1.957  25.2043      Ca A 913.5A  -5.361   0.0100      Ca B 38.86m  -6.163   0.0016      S  3  9532A  -4.239   0.1318            
 NIRb 3.000m  -2.420   8.6797      Ca A 913.3A  -5.408   0.0089      Ca B 22.33m  -6.267   0.0012      S  3  9069A  -4.633   0.0531            
 MIRa 15.00m  -2.585   5.9416      Ca A  6563A  -3.030   2.1340      H  1  1216A  -1.950  25.6491      S  3  1198A  -5.715   0.0044            
 MIRb 22.50m  -2.295  11.5786      Ca A  4861A  -3.517   0.6954      H  1  1026A  -4.765   0.0392      Cl 2 33.30m  -6.137   0.0017            
 NMIR 21.75m  -1.957  25.2043      Ca A  4340A  -3.855   0.3190      H  1 972.5A  -4.882   0.0300      Cl 2 14.40m  -5.043   0.0207            
 TFIR 611.2m  -2.916   2.7710      Ca A  4102A  -4.115   0.1755      H  1 949.7A  -4.940   0.0263      Cl 2  8579A  -5.380   0.0095            
 TALL 10000A  -0.737 418.3939      Ca A  3970A  -4.326   0.1079      H  1 937.8A  -4.918   0.0276      Cl 2  9124A  -5.958   0.0025            
 F12  12.00m  -3.206   1.4211      Ca A  3889A  -4.505   0.0715      H  1 930.8A  -4.959   0.0251      Ar 2 6.980m  -4.385   0.0942            
 F25  25.00m  -3.004   2.2615      Ca A  3835A  -4.660   0.0500      H  1 926.2A  -5.012   0.0222      Ar 3  7135A  -5.144   0.0164            
 F60  60.00m  -2.815   3.4967      Ca A  3798A  -4.798   0.0364      H  1 923.2A  -5.019   0.0219      Ar 3  7751A  -5.762   0.0040            
 F100 100.0m  -3.011   2.2263      Ca A  3771A  -4.922   0.0274      H  1 921.0A  -5.044   0.0206      Ar 3 21.83m  -5.564   0.0062            
 MIPS 24.00m  -3.142   1.6472      Ca A  3750A  -5.034   0.0211      H  1  6563A  -2.865   3.1159      Ar 3 9.000m  -4.378   0.0957            
 MIPS 70.00m  -3.188   1.4812      Ca A  3734A  -5.137   0.0167      H  1  4861A  -3.359   1.0000      Ca 2  3933A  -5.825   0.0034            
 MIPS 160.0m  -3.337   1.0526      Ca A  3722A  -5.232   0.0134      H  1  4340A  -3.695   0.4610      Ca 2  8579A  -6.221   0.0014            
 IRAC 3.600m  -3.890   0.2943      Ca A  3712A  -5.321   0.0109      H  1  4102A  -3.949   0.2571      Ca 2  7306A  -4.361   0.0994            
 IRAC 4.500m  -3.762   0.3951      Ca A  3704A  -5.403   0.0090      H  1  3970A  -4.155   0.1599      Ca2K  3934A  -6.058   0.0020            
 IRAC 5.800m  -3.062   1.9822      Ca A  3697A  -5.481   0.0076      H  1  3889A  -4.329   0.1071      Ca2H  3969A  -6.207   0.0014            
 IRAC 8.000m  -3.510   0.7068      Ca A  3692A  -5.554   0.0064      H  1  3835A  -4.475   0.0766      CaF1  7291A  -4.587   0.0591            
 SPR1 250.0m  -3.843   0.3278      Ca A  3687A  -5.623   0.0054      H  1  3798A  -4.603   0.0570      CaF2  7324A  -4.754   0.0403            
 SPR2 350.0m  -4.274   0.1216      Ca A  3683A  -5.688   0.0047      H  1 1.875m  -3.717   0.4380      Cr 3  5828A  -5.895   0.0029            
 SPR3 500.0m  -4.651   0.0510      Ca A  3679A  -5.750   0.0041      H  1 1.282m  -4.092   0.1850      Fe 2  4300A  -4.439   0.0831            
 PAC1 70.00m  -3.125   1.7116      Ca A  3676A  -5.810   0.0035      H  1 1.094m  -4.363   0.0991      Fe 2  2400A  -5.077   0.0191            
 PAC2 100.0m  -2.994   2.3163      Ca A  3674A  -5.866   0.0031      H  1 1.005m  -4.580   0.0601      Fe 2  6200A  -6.134   0.0017            
 PAC3 160.0m  -3.116   1.7480      Ca A  3671A  -5.920   0.0027      H  1  9546A  -4.762   0.0395      Fe 2  2500A  -6.316   0.0011            
 PAH  3.300m  -4.670   0.0488      Ca A 1.875m  -3.777   0.3815      H  1  9229A  -4.917   0.0277      Fe 2 25.98m  -3.423   0.8626            
 PAHC 3.230m  -5.009   0.0224      Ca A 1.282m  -4.138   0.1664      H  1  9015A  -5.053   0.0202      Fe 2 5.339m  -3.124   1.7169            
 PAHC 3.370m  -5.109   0.0178      Ca A 1.094m  -4.414   0.0881      H  1 4.051m  -4.291   0.1169      Fe 2 4.114m  -5.780   0.0038            
 PAH  6.200m  -4.408   0.0894      Ca A 1.005m  -4.636   0.0529      H  1 2.625m  -4.604   0.0568      Fe 2 1.257m  -3.341   1.0416            
 PAHC 5.650m  -4.388   0.0935      Ca A  9546A  -4.822   0.0344      H  1 2.166m  -4.837   0.0332      Fe 2 35.34m  -4.055   0.2013            
 PAH  7.900m  -4.014   0.2213      Ca A  9229A  -4.982   0.0238      H  1 1.945m  -5.028   0.0214      Fe 2 6.719m  -4.952   0.0255            
 PAHC 6.900m  -3.916   0.2772      Ca A  9015A  -5.124   0.0172      H  1 1.817m  -5.190   0.0147      Fe 2 4.888m  -6.234   0.0013            
 PAH  11.30m  -4.507   0.0710      Ca A  8863A  -5.250   0.0128      H  1 1.736m  -5.332   0.0106      Fe 2 4.075m  -6.302   0.0011            
 PAHC 10.90m  -4.645   0.0517      Ca A  8750A  -5.365   0.0099      H  1 7.458m  -4.746   0.0410      Fe 2 1.321m  -3.919   0.2755            
 PAH  11.80m  -4.422   0.0865      Ca A  8665A  -5.470   0.0077      H  1 4.653m  -5.018   0.0219      Fe 2 1.249m  -5.690   0.0047            
 PAHC 12.65m  -3.639   0.5243      Ca A  8598A  -5.567   0.0062      H  1 3.740m  -5.225   0.0136      Fe 2  7638A  -5.332   0.0106            
 PAH  13.30m  -4.373   0.0969      Ca A  8545A  -5.656   0.0050      H  1 3.296m  -5.394   0.0092      Fe 2 51.29m  -4.639   0.0525            
 PAHC 14.10m  -4.292   0.1167      Ca A  8502A  -5.740   0.0042      H  1 3.038m  -5.541   0.0066      Fe 2 8.297m  -5.044   0.0206            
 Bcon  3640A  -0.812 352.5405      Ca A  8467A  -5.819   0.0035      H  1 12.37m  -5.126   0.0171      Fe 2 5.672m  -5.608   0.0056            
 Pcon  5000A  -1.861  31.4631      Ca A  8438A  -5.892   0.0029      H  1 7.500m  -5.367   0.0098      Fe 2 4.606m  -6.114   0.0018            
 nFnu 122.4m  -5.079   0.0190      Ca A  8413A  -5.962   0.0025      H  1 5.907m  -5.556   0.0064      Fe 2 4.081m  -6.229   0.0013            
 nInu 122.4m  -2.615   5.5478      Ca A  8392A  -6.028   0.0021      H  1 5.127m  -5.710   0.0045      Fe 2 1.372m  -4.143   0.1645            
 nFnu 60.83m  -4.838   0.0332      Ca A  8374A  -6.091   0.0019      H  1 19.06m  -5.454   0.0080      Fe 2 1.294m  -5.022   0.0217            
 nInu 60.83m  -2.662   4.9745      Ca A  8359A  -6.151   0.0016      H  1 11.31m  -5.667   0.0049      Fe 2  7687A  -5.636   0.0053            
 nFnu 41.22m  -4.680   0.0477      Ca A  8346A  -6.208   0.0014      H  1 8.758m  -5.845   0.0033      Fe 2 87.36m  -5.409   0.0089            
 nInu 41.22m  -2.774   3.8411      Ca A  8334A  -6.262   0.0012      H  1 27.80m  -5.743   0.0041      Fe 2 9.898m  -5.121   0.0173            
 nFnu 30.87m  -4.574   0.0610      Ca A 4.051m  -4.351   0.1019      H  1 16.20m  -5.929   0.0027      Fe 2 4.434m  -6.110   0.0018            
 nInu 30.87m  -2.877   3.0347      Ca A 2.625m  -4.630   0.0535      H  1 38.86m  -6.004   0.0023      Fe 2 1.328m  -5.268   0.0123            
 nFnu 24.78m  -4.492   0.0736      Ca A 2.166m  -4.861   0.0314      He-like iso-sequence........      Fe 2 1.279m  -5.388   0.0094            
 nInu 24.78m  -2.956   2.5290      Ca A 1.945m  -5.054   0.0202      Ca B  2945A  -5.266   0.0124      Fe 2 11.16m  -5.173   0.0153            
 nFnu 24.30m  -4.486   0.0747      Ca A 1.817m  -5.220   0.0138      Ca B  3188A  -4.946   0.0259      Fe 2 1.298m  -5.751   0.0041            
 nInu 24.30m  -2.963   2.4874      Ca A 1.736m  -5.365   0.0099      Ca B  3614A  -5.835   0.0033      Fe 2 1.270m  -5.667   0.0049            
 nFnu 22.83m  -4.461   0.0791      Ca A 1.681m  -5.494   0.0073      Ca B  3889A  -4.539   0.0661      Fe 2 17.93m  -3.861   0.3148            
 nInu 22.83m  -2.985   2.3668      Ca A 1.641m  -5.611   0.0056      Ca B  3965A  -5.524   0.0068      Fe 2 1.644m  -3.414   0.8810            
 nFnu 21.42m  -4.439   0.0831      Ca A 1.611m  -5.718   0.0044      Ca B  4026A  -5.159   0.0158      Fe 2 1.533m  -4.967   0.0247            
 nInu 21.42m  -3.008   2.2426      Ca A 1.588m  -5.816   0.0035      Ca B  4388A  -5.732   0.0042      Fe 2  8617A  -4.753   0.0403            
 nFnu 21.12m  -4.434   0.0841      Ca A 1.570m  -5.907   0.0028      Ca B  4471A  -4.823   0.0344      Fe 2 24.51m  -4.595   0.0581            
 nInu 21.12m  -3.014   2.2149      Ca A 1.556m  -5.992   0.0023      Ca B  4713A  -5.940   0.0026      Fe 2 1.809m  -4.117   0.1746            
 nFnu 19.62m  -4.405   0.0899      Ca A 1.544m  -6.071   0.0019      Ca B  4922A  -5.387   0.0094      Fe 2 1.677m  -5.106   0.0179            
 nInu 19.62m  -3.039   2.0875      Ca A 1.534m  -6.145   0.0016      Ca B  5016A  -5.116   0.0175      Fe 2 1.599m  -5.327   0.0108            
 nFnu 17.65m  -4.361   0.0994      Ca A 1.526m  -6.216   0.0014      Ca B  5048A  -6.335   0.0011      Fe 2  9052A  -5.412   0.0089            
 nInu 17.65m  -3.082   1.8907      Ca A 1.519m  -6.283   0.0012      Ca B  5876A  -4.347   0.1027      Fe 2  8892A  -5.279   0.0120            
 nFnu 17.37m  -4.357   0.1005      Ca A 1.513m  -6.346   0.0010      Ca B  6678A  -4.890   0.0294      Fe 2 35.77m  -5.434   0.0084            
 nInu 17.37m  -3.088   1.8653      Ca A 7.458m  -4.824   0.0343      Ca B  7065A  -5.260   0.0125      Fe 2 1.800m  -5.278   0.0120            
 nFnu 15.69m  -4.325   0.1081      Ca A 4.653m  -5.046   0.0206      Ca B  7281A  -5.764   0.0039      Fe 2 1.711m  -5.908   0.0028            
 nInu 15.69m  -3.127   1.7047      Ca A 3.740m  -5.242   0.0131      Ca B 1.083m  -4.181   0.1506      Fe 2 1.664m  -5.708   0.0045            
 nFnu 14.60m  -4.293   0.1164      Ca A 3.296m  -5.411   0.0089      Ca B 1.197m  -6.156   0.0016      Fe 2  9399A  -6.188   0.0015            
 nInu 14.60m  -3.155   1.6006      Ca A 3.038m  -5.560   0.0063      Ca B 1.278m  -5.580   0.0060      Fe 2  9227A  -5.535   0.0067            
 nFnu 12.43m  -4.229   0.1348      Ca A 2.872m  -5.692   0.0046      Ca B 1.279m  -6.058   0.0020      Fe 2 1.797m  -5.682   0.0048            
 nInu 12.43m  -3.219   1.3797      Ca A 2.758m  -5.810   0.0035      Ca B 1.700m  -5.973   0.0024      Fe 2 1.745m  -6.016   0.0022            
 nFnu 11.40m  -4.204   0.1428      Ca A 2.674m  -5.918   0.0028      Ca B 1.869m  -5.185   0.0149      Fe 2  9471A  -6.101   0.0018            
 nInu 11.40m  -3.252   1.2780      Ca A 2.612m  -6.018   0.0022      Ca B 1.870m  -5.663   0.0050      Fe 2 22.90m  -6.192   0.0015            
 nFnu 10.46m  -4.162   0.1573      Ca A 2.564m  -6.110   0.0018      Ca B 2.058m  -5.018   0.0219      Fe 2 1.811m  -6.208   0.0014            
 nInu 10.46m  -3.286   1.1839      Ca A 2.525m  -6.195   0.0015      He 1 584.3A  -4.710   0.0445      Fe2b  7000A  -5.144   0.0164            
 nFnu 9.480m  -4.134   0.1678      Ca A 2.495m  -6.276   0.0012      He 1 537.0A  -5.667   0.0049      Fe2b 10000A  -2.919   2.7514            
 nInu 9.480m  -3.324   1.0830      Ca A 2.469m  -6.351   0.0010      He 1 522.2A  -5.895   0.0029      Fe2b  7445A  -5.144   0.0164            
 nFnu 9.325m  -4.130   0.1694      Ca A 12.37m  -5.227   0.0135      He 1 515.6A  -5.932   0.0027      Fe2b  8625A  -4.504   0.0715            
 nInu 9.325m  -3.330   1.0688      Ca A 7.500m  -5.407   0.0090      He 1 512.1A  -5.920   0.0027      Fe2b 1.033m  -6.101   0.0018            
 nFnu 8.210m  -4.072   0.1937      Ca A 5.907m  -5.576   0.0061      He 1 625.6A  -3.556   0.6346      Fe2b 1.889m  -4.060   0.1992            
 nInu 8.210m  -3.380   0.9526      Ca A 5.127m  -5.726   0.0043      TOTL 1.083m  -4.188   0.1482      Fe 2  1786A  -5.202   0.0144            
 nFnu 7.580m  -4.051   0.2030      Ca A 4.671m  -5.859   0.0032      He 1 1.083m  -4.188   0.1482      Fe 3 22.92m  -4.185   0.1493            
 nInu 7.580m  -3.411   0.8878      Ca A 4.375m  -5.980   0.0024      He 1 1.083m  -5.142   0.0165      Fe 3 33.03m  -4.764   0.0393            
 nFnu 7.050m  -4.002   0.2277      Ca A 4.170m  -6.089   0.0019      He 1 1.083m  -4.665   0.0494      Fe 3 51.67m  -5.397   0.0091            
 nInu 7.050m  -3.437   0.8348      Ca A 4.020m  -6.190   0.0015      He 1 1.083m  -4.443   0.0823      Fe 3  5271A  -5.873   0.0031            
 nFnu 4.114m  -3.780   0.3796      Ca A 3.906m  -6.282   0.0012      He 1  3889A  -4.556   0.0636      Fe 3  4659A  -5.729   0.0043            
 nInu 4.114m  -3.520   0.6899      Ca A 19.06m  -5.580   0.0060      He 1  3188A  -4.964   0.0248      Fe 3  4702A  -6.274   0.0012            
 nFnu 2.324m  -3.640   0.5232      Ca A 11.31m  -5.727   0.0043      He 1  2945A  -5.285   0.0118      Fe 3  1126A  -5.822   0.0034            
 nInu 2.324m  -3.255   1.2705      Ca A 8.758m  -5.874   0.0031      He 1  2829A  -5.542   0.0066      recombination...............            
 nFnu 1.643m  -3.493   0.7348      Ca A 7.506m  -6.007   0.0022      He 1 2.058m  -5.160   0.0158      O  1  7773A  -6.352   0.0010            
 nInu 1.643m  -2.996   2.3080      Ca A 6.770m  -6.128   0.0017      He 1  5016A  -5.141   0.0165      O  1  1357A  -5.543   0.0065            
 nFnu 1.480m  -3.517   0.6951      Ca A 6.290m  -6.239   0.0013      He 1  3965A  -5.548   0.0065      C  1  1140A  -5.850   0.0032            
 nInu 1.480m  -2.933   2.6686      Ca A 5.955m  -6.340   0.0010      He 1  3614A  -5.851   0.0032      C  2  1092A  -6.179   0.0015            
 nFnu 1.436m  -3.167   1.5558      Ca A 27.80m  -5.893   0.0029      He 1  3448A  -6.086   0.0019      C  2  1037A  -5.898   0.0029            
 nInu 1.436m  -2.826   3.4081      Ca A 16.20m  -6.014   0.0022      He 1  7065A  -5.284   0.0119      C  2 946.1A  -5.850   0.0032            
 nFnu 1.119m  -3.265   1.2421      Ca A 12.38m  -6.143   0.0016      He 1  5876A  -4.324   0.1084      C  2 799.8A  -5.604   0.0057            
 nInu 1.119m  -2.649   5.1298      Ca A 10.50m  -6.263   0.0012      He 1  4713A  -5.988   0.0023      N  1 980.7A  -5.938   0.0026            
 nFnu  8330A  -3.388   0.9344      Ca A 38.86m  -6.174   0.0015      He 1  4471A  -4.824   0.0343      O  1  7950A  -6.071   0.0019            
 nInu  8330A  -2.426   8.5734      Ca A 22.33m  -6.275   0.0012      He 1  4026A  -5.167   0.0156      level2 lines................            
 nFnu  8079A  -2.715   4.4095      Ca B  6563A  -2.875   3.0463      He 1  3820A  -5.431   0.0085      C  1 943.9A  -5.689   0.0047            
 nInu  8079A  -2.305  11.3203      Ca B  4861A  -3.360   0.9978      He 1  7281A  -5.771   0.0039      C  1  1248A  -5.790   0.0037            
 nFnu  6210A  -2.955   2.5368      Ca B  4340A  -3.699   0.4567      He 1  6678A  -4.865   0.0312      C  1  1561A  -6.108   0.0018            
 nInu  6210A  -2.095  18.3684      Ca B  4102A  -3.960   0.2504      He 1  5048A  -6.339   0.0010      C  1  1315A  -5.973   0.0024            
 nFnu  4885A  -3.082   1.8906      Ca B  3970A  -4.173   0.1534      He 1  4922A  -5.385   0.0094      C  1  1166A  -6.207   0.0014            
 nInu  4885A  -1.870  30.8250      Ca B  3889A  -4.353   0.1013      He 1  4388A  -5.734   0.0042      C  1  1233A  -6.123   0.0017            
 nFnu  3704A  -2.970   2.4472      Ca B  3835A  -4.510   0.0706      He 1  4144A  -6.000   0.0023      C  2 892.8A  -5.526   0.0068            
 nInu  3704A  -1.641  52.2147      Ca B  3798A  -4.649   0.0513      He 1 1.700m  -5.974   0.0024      C  2 688.8A  -5.901   0.0029            
 nFnu  3588A  -1.955  25.3231      Ca B  3771A  -4.773   0.0385      He 1 1.197m  -6.163   0.0016      C  2  1020A  -4.928   0.0269            
 nInu  3588A  -1.518  69.3408      Ca B  3750A  -4.886   0.0297      He 1 1.869m  -5.137   0.0167      C  2 596.6A  -5.787   0.0037            
 nFnu  2430A  -2.529   6.7520      Ca B  3734A  -4.990   0.0234      He 1 1.278m  -5.563   0.0063      C  2 562.0A  -6.096   0.0018            
 nInu  2430A  -1.237 132.3328      Ca B  3722A  -5.086   0.0188      He 1 1.091m  -5.871   0.0031      C  2 530.7A  -6.091   0.0019            
 nFnu  2392A  -2.528   6.7758      Ca B  3712A  -5.174   0.0153      He 1 1.870m  -5.614   0.0056      C  2 535.3A  -6.201   0.0014            
 nInu  2392A  -1.224 136.2984      Ca B  3704A  -5.257   0.0126      He 1 1.279m  -6.041   0.0021      C  2 858.2A  -6.057   0.0020            
 nFnu  2071A  -2.457   7.9840      Ca B  3697A  -5.335   0.0106      He 1 1.092m  -6.349   0.0010      C  2 638.0A  -6.204   0.0014            
 nInu  2071A  -1.112 176.7490      Ca B  3692A  -5.408   0.0089      He 1 4.037m  -6.310   0.0011      N  1 942.3A  -5.523   0.0068            
 nFnu  2053A  -2.450   8.1094      Ca B  3687A  -5.477   0.0076      He 1 4.048m  -5.750   0.0041      N  1 952.1A  -5.525   0.0068            
 nInu  2053A  -1.112 176.6323      Ca B  3683A  -5.542   0.0066      He 1 2.623m  -6.133   0.0017      N  1  1131A  -5.708   0.0045            
 nFnu  1793A  -2.358  10.0306      Ca B  3679A  -5.604   0.0057      He 1 4.048m  -6.228   0.0014      N  2 532.2A  -6.000   0.0023            
 nInu  1793A  -1.003 226.7505      Ca B  3676A  -5.662   0.0050      He 1 7.454m  -6.271   0.0012      N  2 634.4A  -5.864   0.0031            
 nFnu  1585A  -2.293  11.6376      Ca B  3674A  -5.718   0.0044      Pho+  3889A  -3.877   0.3034      N  2 907.1A  -5.696   0.0046            
 nInu  1585A  -1.073 193.1928      Ca B  3671A  -5.771   0.0039      database lines..............      N  2 528.1A  -6.185   0.0015            
 nFnu  1458A  -2.278  12.0415      Ca B 1.875m  -3.742   0.4140      level 1 lines...............      O  1 867.3A  -6.246   0.0013            
 nInu  1458A  -0.899 288.1918      Ca B 1.282m  -4.092   0.1847      C  1  1656A  -5.585   0.0059      O  1 976.8A  -5.378   0.0096            
 nFnu  1357A  -2.314  11.0829      Ca B 1.094m  -4.364   0.0989      REC   1656A  -6.110   0.0018      O  1 969.0A  -5.283   0.0119            
 nInu  1357A  -0.819 347.0160      Ca B 1.005m  -4.583   0.0597      C Ic  9850A  -5.950   0.0026      O  1 946.4A  -5.439   0.0083            
 nFnu  1297A  -2.410   8.8965      Ca B  9546A  -4.768   0.0390      TOTL  9850A  -5.940   0.0026      O  1 934.5A  -5.436   0.0084            
 nInu  1297A  -0.803 359.7004      Ca B  9229A  -4.927   0.0270      C  2 157.6m  -4.083   0.1887      O  1 973.6A  -5.546   0.0065            
 nFnu  1263A  -2.587   5.9155      Ca B  9015A  -5.068   0.0195      TOTL  2326A  -6.082   0.0019      O  1 927.5A  -5.571   0.0061            
 nInu  1263A  -0.810 354.3017      Ca B  8863A  -5.195   0.0146      C  2  1335A  -4.746   0.0410      O  1 948.5A  -5.712   0.0044            
 nFnu  1218A  -2.325  10.8066      Ca B  8750A  -5.309   0.0112      REC   1335A  -5.003   0.0227      O  1 923.0A  -5.719   0.0044            
 nInu  1218A  -0.832 336.0572      Ca B  8665A  -5.414   0.0088      C  3 977.0A  -5.087   0.0187      O  1 919.9A  -5.839   0.0033            
 nFnu  1196A  -3.468   0.7781      Ca B  8598A  -5.510   0.0071      N  1 953.9A  -5.520   0.0069      O  1 935.7A  -5.817   0.0035            
 nInu  1196A  -0.786 374.1242      Ca B  8545A  -5.600   0.0057      N  1 954.1A  -6.201   0.0014      O  1 917.7A  -5.944   0.0026            
 nFnu  1175A  -3.517   0.6942      Ca B  8502A  -5.684   0.0047      N  1  1200A  -5.289   0.0117      O  1 918.7A  -6.036   0.0021            
 nInu  1175A  -0.832 336.6598      Ca B  8467A  -5.762   0.0040      N  1  5200A  -6.094   0.0018      O  1 928.2A  -6.037   0.0021            
 nFnu  1144A  -3.501   0.7212      Ca B  8438A  -5.836   0.0033      N  1  5198A  -6.143   0.0016      O  1 917.5A  -6.132   0.0017            
 nInu  1144A  -0.718 437.7126      Ca B  8413A  -5.905   0.0028      TOTL  5199A  -5.817   0.0035      O  1 923.4A  -6.243   0.0013            
 nFnu  1113A  -3.484   0.7489      Ca B  8392A  -5.971   0.0024      N  2  6584A  -3.922   0.2736      O  2 530.8A  -5.953   0.0025            
 nInu  1113A  -0.850 322.4256      Ca B  8374A  -6.033   0.0021      N  2  6548A  -4.392   0.0927      O  3 698.2A  -6.232   0.0013            
 nFnu  1103A  -3.441   0.8269      Ca B  8359A  -6.093   0.0018      N  2 121.7m  -4.364   0.0989      Mg 2  1040A  -6.057   0.0020            
 nInu  1103A  -0.693 462.9041      Ca B  8346A  -6.149   0.0016      N  2 205.4m  -4.892   0.0293      Mg 2 959.3A  -6.059   0.0020            
 nFnu  1074A  -3.439   0.8317      Ca B  8334A  -6.202   0.0014      N  2  1085A  -4.999   0.0229      Mg 2 919.2A  -6.281   0.0012            
 nInu  1074A  -0.761 395.8107      Ca B 4.051m  -4.335   0.1057      N  3 57.21m  -5.028   0.0214      Mg 2  1258A  -6.316   0.0011            
 nFnu  1064A  -3.435   0.8398      Ca B 2.625m  -4.610   0.0561      N  3 991.0A  -5.504   0.0072      Al 2  1671A  -5.382   0.0095            
 nInu  1064A  -0.683 474.3732      Ca B 2.166m  -4.838   0.0332      O  1  6300A  -5.373   0.0097      Si 2  1180A  -4.884   0.0299            
 nFnu  1036A  -3.423   0.8632      Ca B 1.945m  -5.029   0.0214      O  1  6363A  -5.869   0.0031      Si 2 993.4A  -5.326   0.0108            
 nInu  1036A  -0.699 456.8212      Ca B 1.817m  -5.193   0.0146      O  1 63.17m  -4.856   0.0318      Si 2 893.6A  -6.225   0.0014            
 nFnu  1000A  -3.401   0.9066      Ca B 1.736m  -5.337   0.0105      O  1 145.5m  -5.920   0.0027      Si 2  1024A  -5.487   0.0074            
 nInu  1000A  -0.702 453.9991      Ca B 1.681m  -5.466   0.0078      TOTL  3727A  -4.100   0.1817      S  2 750.3A  -5.961   0.0025            
 nFnu 925.1A  -3.350   1.0203      Ca B 1.641m  -5.582   0.0060      IONZ  3727A  -5.442   0.0083      S  2 632.7A  -6.260   0.0013            
 nInu 925.1A  -0.753 403.2318      Ca B 1.611m  -5.689   0.0047      IONZ  7325A  -6.107   0.0018      S  2 888.4A  -6.073   0.0019            
 nFnu 897.8A  -1.788  37.1868      Ca B 1.588m  -5.787   0.0037      O II  3729A  -4.365   0.0985      S  3 667.0A  -6.244   0.0013            
 nFnu 760.0A  -3.845   0.3267      Ca B 1.570m  -5.877   0.0030      O II  3726A  -4.487   0.0744      S  3 691.2A  -6.305   0.0011            
 nInu 760.0A  -4.828   0.0340      Ca B 1.556m  -5.962   0.0025      O  2 833.8A  -5.791   0.0037      S  3 704.2A  -6.213   0.0014            
 nFnu 701.5A  -4.115   0.1752      Ca B 1.544m  -6.041   0.0021      O  3  5007A  -5.293   0.0116      S  3  1007A  -5.590   0.0059            
 nInu 701.5A  -4.311   0.1118      Ca B 1.534m  -6.115   0.0018      O  3  4959A  -5.772   0.0039      Ar 1  1096A  -6.316   0.0011            
 nFnu 608.2A  -5.735   0.0042      Ca B 1.526m  -6.186   0.0015      O  3 88.33m  -4.467   0.0780      Fe 3 911.1A  -6.034   0.0021            
 nInu 608.2A  -3.491   0.7370      Ca B 1.519m  -6.252   0.0013      O  3 51.80m  -4.528   0.0678      P  2  1154A  -5.922   0.0027            
 nFnu 575.1A  -5.288   0.0118      Ca B 1.513m  -6.315   0.0011      O  3 835.0A  -6.203   0.0014      P  2 967.2A  -5.605   0.0057            
 nInu 575.1A  -3.165   1.5637      Ca B 7.458m  -4.812   0.0352      Ne 2 12.81m  -3.739   0.4169      P  2 963.8A  -5.460   0.0079            
 nFnu 511.9A  -5.757   0.0040      Ca B 4.653m  -5.033   0.0212      Ne 3 15.55m  -5.360   0.0100      Cr 2  2060A  -6.104   0.0018            
 nInu 511.9A  -2.903   2.8578      Ca B 3.740m  -5.228   0.0135      Na 1  5892A  -6.211   0.0014      Cr 3  1033A  -6.141   0.0017            
 nFnu 496.9A  -2.486   7.4604      Ca B 3.296m  -5.396   0.0092      Mg 1  2853A  -5.950   0.0026      Cr 3  1036A  -6.025   0.0022            
 nInu 496.9A  -5.002   0.0227      Ca B 3.038m  -5.543   0.0065      Mg 1  2026A  -6.072   0.0019      Cr 3 924.0A  -6.295   0.0012            
 nInu 399.2A  -4.068   0.1952      Ca B 2.872m  -5.674   0.0048      TOTL  2798A  -4.773   0.0385      Mn 2  2590A  -6.113   0.0018            
 RRC.........................      Ca B 2.758m  -5.793   0.0037      Mg 2  2796A  -4.972   0.0244      Mn 2  1199A  -5.914   0.0028            
 grains......................      Ca B 2.674m  -5.900   0.0029      Mg 2  2803A  -5.208   0.0141      Ni 2  1752A  -5.928   0.0027            
 H-like iso-sequence.........      Ca B 2.612m  -6.000   0.0023      TOTL  1860A  -5.719   0.0044      Ni 2  1744A  -5.883   0.0030            
 Ca B  1216A  -1.833  33.5536      Ca B 2.564m  -6.091   0.0019      Al 3  1855A  -5.944   0.0026      Ni 2  1485A  -6.101   0.0018            
 Q(H)  4861A  -3.312   1.1132      Ca B 2.525m  -6.177   0.0015      Al 3  1863A  -6.111   0.0018      Ni 2  1473A  -5.907   0.0028            
 Q(H)  1216A  -1.787  37.3374      Ca B 2.495m  -6.257   0.0013      Si 2 34.81m  -3.000   2.2853      Ni 2  1400A  -5.994   0.0023            
 CaBo  4861A  -3.671   0.4877      Ca B 2.469m  -6.332   0.0011      Si 2  1814A  -5.894   0.0029      Ni 2  1376A  -5.773   0.0039            
 Ca A  1216A  -2.002  22.7557      Ca B 12.37m  -5.217   0.0139      Si 2  1531A  -5.442   0.0083      Ni 2  1324A  -5.782   0.0038            
 Ca A  1026A  -2.693   4.6351      Ca B 7.500m  -5.397   0.0092      Si 2  1308A  -5.348   0.0102      hyperfine structure.........            
 Ca A 972.5A  -3.115   1.7533      Ca B 5.907m  -5.565   0.0062      Si 2  1263A  -4.916   0.0277      inner shell.................            
 Ca A 949.7A  -3.422   0.8655      Ca B 5.127m  -5.715   0.0044      Si 3  1207A  -5.393   0.0092      molecules...................            
 Ca A 937.8A  -3.664   0.4956      Ca B 4.671m  -5.848   0.0032      P  2 60.64m  -5.492   0.0074      H-CT  6563A  -6.020   0.0022            
 Ca A 930.8A  -3.865   0.3119      Ca B 4.375m  -5.967   0.0025      P  2 32.87m  -5.496   0.0073            
 Ca A 926.2A  -4.037   0.2098      Ca B 4.170m  -6.077   0.0019      P  2 1.189m  -6.110   0.0018            



                                                                           
 Cooling:  HFBc     0 :0.079 Fe2c     0 :0.444  
 Heating:  BFH1     0 :0.910 BFHe     0 :0.082  

 These are some of the most important databases used by Cloudy:
 Many recombination coefficients were taken from http://amdpp.phys.strath.ac.uk/tamoc/RR/ and http://amdpp.phys.strath.ac.uk/tamoc/DR/
      and are based on the following papers:
        Badnell N. R., et al., A&A 406, 1151 (2003) [http://adsabs.harvard.edu/abs/2003A%26A...406.1151B]
        Badnell N. R., ApJS 167, 334 (2006) [http://adsabs.harvard.edu/abs/2006ApJS..167..334B]
 Much of the molecular emission data is from LAMDA as accessed on Dec. 18, 2010. This database is described in:
        Schoeier F.L., et al., A&A 432, 369 (2005) [http://adsabs.harvard.edu/abs/2005A%26A...432..369S]
      This database is in part based on the work of the following groups:
        JPL: Pickett H. M. et al., JQSRT, 60, 883 (1998). [http://adsabs.harvard.edu/abs/1998JQSRT..60..883P]
        CDMS: Mueller H. S. et al., A&A 370, L49 (2001). [http://adsabs.harvard.edu/abs/2001A%26A...370L..49M]
              Mueller H. S. et al., J. Mol. Struct. 742, 215 (2005). [http://adsabs.harvard.edu/abs/2005JMoSt.742..215M]
 Much of the ionic emission data is from version 7.0 of CHIANTI. CHIANTI is a collaborative project involving the NRL (USA), the
      Universities of Florence (Italy) and Cambridge (UK), and George Mason University (USA). These papers describe Chianti:
        Dere K. P., et al., A&AS, 125, 149 (1997) [http://adsabs.harvard.edu/abs/1997A%26AS..125..149D]
        Landi E., et al., ApJ, 744, 99 (2012) [http://adsabs.harvard.edu/abs/2012ApJ...744...99L]
 Much of the H_2 data is from this web site: http://molat.obspm.fr/index.php?page=pages/Molecules/H2/H2can94.php. These data are
      described in:
        Abgrall H. et al., Can. J. Phys., 72, 856 (1994) [http://adsabs.harvard.edu/abs/1994CaJPh..72..856A]
        Wrathmall S. A. & Flower D. R., J. Phys. B, 40, 3221 (2007) [http://adsabs.harvard.edu/abs/2007JPhB...40.3221W]
 Please cite those papers that played a significant role in this calculation.

 IONIZE PARMET:  U(1-) -3.4768  U(4-):-14.1133  U(sp): -3.48  Q(ion):    6.782  L(ion) -3.638    Q(low): 11.433    L(low) -0.784
 ENERGY BUDGET:  Heat:  -2.210  Coolg:  -2.210  Error:  0.0%  Rec Lin:  -2.376  F-F  H  0.000    P(rad/tot)max     7.34E-03

     Col(Heff):      0.000E+00  snd travl time  2.82E+11 sec  Te-low: 3.96E+03  Te-hi: 5.47E+03  G0TH85: 6.89E+01  G0DB96:8.98E+01
  Emiss Measure    n(e)n(p) dl       1.933E+21  n(e)n(He+)dl         1.234E+20  En(e)n(He++) dl         5.295E+09  ne nC+:4.80E+17
 He/Ha:8.01E-02  =   0.94*true  Lthin:5.58E+05  itr/zn:11.54  H2 itr/zn:  0.00  File Opacity: F  MassTot 4.96e-05  (gm/cm^2)
   Temps(21 cm)   T(21cm/Ly a)  3.79E+03        T(<nH/Tkin>)  4.93E+03          T(<nH/Tspin>)    4.01E+03          TB21cm:7.29E-02
                   N(H0/Tspin)  5.33E+14        N(OH/Tkin)    2.91E+03          B(21cm)          0.00E+00
   <a>:1.99E-08  erdeFe0.0E+00  Tcompt6.03E+10  Tthr1.27E+10  <Tden>: 4.87E+03  <dens>:2.27E-22  <MolWgt>6.73E-01
     Mean Jeans  l(cm)2.98E+20  M(sun)1.58E+06  smallest:     len(cm):2.69E+20  M(sun):1.16E+06  a_ox tran:  0.00
 Rion:1.000E+30  Dist:0.00E+00  Diam:0.000E+00
 Hatom level 70  HatomType: add  HInducImp  F  He tot level: 63  He2 level:   70  ExecTime   157.8
 ConvrgError(%)  <eden>  0.016  MaxEden  0.112  <H-C>   0.06  Max(H-C)    0.43  <Press>   0.000  MaxPrs er  0.000
  Continuity(%)  chng Te   3.9  elec den   5.4  n(H2)    0.0  n(CO)        0.0

                                                        Averaged Quantities
             Te      Te(Ne)   Te(NeNp)  Te(NeHe+)Te(NeHe2+) Te(NeO+)  Te(NeO2+)  Te(H2)     N(H)     Ne(O2+)   Ne(Np)
 Radius:  4.87e+03  4.85e+03  4.84e+03  4.80e+03  4.79e+03  4.84e+03  4.76e+03  4.43e+03  1.00e+02  1.04e+02  9.82e+01
 
 Peimbert T(OIIIr)4.86E+03 T(Bac)4.72E+03 T(Hth)4.70E+03 t2(Hstrc) 3.66e-03 T(O3-BAC)4.73E+03 t2(O3-BC) 3.32e-03 t2(O3str) 2.23e-03

 Contin Optical Depths: COMP: 1.39e-05    H-: 4.00e-06 R(1300): 1.43e-05  H2+: 1.00e-07  Pfa:1.39E-05
                          Pa: 1.39e-05    Ba: 1.76e-05      Hb: 1.67e-05   La: 3.09e-02     1r:1.351E+01  1.8:7.38E+00 4.:3.395E+00

 Old, new H  1 continuum optical depths:
     1 1.35e+01     2 2.04e-06     3 4.01e-06     4 4.01e-06     5 4.01e-06     6 9.97e-07     7 9.97e-07     8 9.97e-07
     9 9.97e-07    10 1.17e-14    11 1.17e-14    12 1.17e-14    13 1.17e-14    14 1.17e-14    15 2.96e-14    16 2.96e-14
    17 2.96e-14    18 2.96e-14    19 2.96e-14    20 2.96e-14    21 6.57e-14    22 6.57e-14    23 6.57e-14    24 6.57e-14
    25 6.57e-14    26 6.57e-14    27 6.57e-14    28 1.29e-13    29 1.29e-13    30 1.29e-13    31 1.29e-13    32 1.29e-13
    33 1.29e-13    34 1.29e-13    35 1.29e-13    36 2.36e-13    37 2.36e-13    38 2.36e-13    39 2.36e-13    40 2.36e-13
    41 2.36e-13    42 2.36e-13    43 2.36e-13    44 2.36e-13    45 4.08e-13    46 4.08e-13    47 4.08e-13    48 4.08e-13
    49 4.08e-13    50 4.08e-13    51 4.08e-13    52 4.08e-13    53 4.08e-13    54 4.08e-13
     1 1.35e+01     2 2.04e-06     3 4.01e-06     4 4.01e-06     5 4.01e-06     6 9.97e-07     7 9.97e-07     8 9.97e-07
     9 9.97e-07    10 1.17e-14    11 1.17e-14    12 1.17e-14    13 1.17e-14    14 1.17e-14    15 2.96e-14    16 2.96e-14
    17 2.96e-14    18 2.96e-14    19 2.96e-14    20 2.96e-14    21 6.57e-14    22 6.57e-14    23 6.57e-14    24 6.57e-14
    25 6.57e-14    26 6.57e-14    27 6.57e-14    28 1.29e-13    29 1.29e-13    30 1.29e-13    31 1.29e-13    32 1.29e-13
    33 1.29e-13    34 1.29e-13    35 1.29e-13    36 2.36e-13    37 2.36e-13    38 2.36e-13    39 2.36e-13    40 2.36e-13
    41 2.36e-13    42 2.36e-13    43 2.36e-13    44 2.36e-13    45 4.08e-13    46 4.08e-13    47 4.08e-13    48 4.08e-13
    49 4.08e-13    50 4.08e-13    51 4.08e-13    52 4.08e-13    53 4.08e-13    54 4.08e-13

 Old, new H  1 mean line optical depths:
  2- 1 3.18e+05  3- 2 2.39e-05  4- 3 2.99e-11  5- 4 3.36e-11  6- 5 5.04e-11  7- 6 8.38e-11  8- 7 1.41e-10
  9- 8 2.33e-10 10- 9 3.87e-10
  2- 1 3.18e+05  3- 2 2.39e-05  4- 3 2.99e-11  5- 4 3.36e-11  6- 5 5.04e-11  7- 6 8.38e-11  8- 7 1.41e-10
  9- 8 2.33e-10 10- 9 3.87e-10

 Old, new He 2 continuum optical depths:
     1 3.39e+00     2 1.33e+01     3 3.35e-06     4 3.35e-06     5 3.35e-06     6 2.04e-06     7 2.04e-06     8 2.04e-06
     9 2.04e-06    10 3.25e-06    11 3.25e-06    12 3.25e-06    13 3.25e-06    14 3.25e-06    15 4.01e-06    16 4.01e-06
    17 4.01e-06    18 4.01e-06    19 4.01e-06    20 4.01e-06    21 3.39e-06    22 3.39e-06    23 3.39e-06    24 3.39e-06
    25 3.39e-06    26 3.39e-06    27 3.39e-06    28 9.97e-07    29 9.97e-07    30 9.97e-07    31 9.97e-07    32 9.97e-07
    33 9.97e-07    34 9.97e-07    35 9.97e-07    36 6.41e-15    37 6.41e-15    38 6.41e-15    39 6.41e-15    40 6.41e-15
    41 6.41e-15    42 6.41e-15    43 6.41e-15    44 6.41e-15    45 1.17e-14    46 1.17e-14    47 1.17e-14    48 1.17e-14
    49 1.17e-14    50 1.17e-14    51 1.17e-14    52 1.17e-14    53 1.17e-14    54 1.17e-14
     1 3.39e+00     2 1.33e+01     3 3.35e-06     4 3.35e-06     5 3.35e-06     6 2.04e-06     7 2.04e-06     8 2.04e-06
     9 2.04e-06    10 3.25e-06    11 3.25e-06    12 3.25e-06    13 3.25e-06    14 3.25e-06    15 4.01e-06    16 4.01e-06
    17 4.01e-06    18 4.01e-06    19 4.01e-06    20 4.01e-06    21 3.39e-06    22 3.39e-06    23 3.39e-06    24 3.39e-06
    25 3.39e-06    26 3.39e-06    27 3.39e-06    28 9.97e-07    29 9.97e-07    30 9.97e-07    31 9.97e-07    32 9.97e-07
    33 9.97e-07    34 9.97e-07    35 9.97e-07    36 6.41e-15    37 6.41e-15    38 6.41e-15    39 6.41e-15    40 6.41e-15
    41 6.41e-15    42 6.41e-15    43 6.41e-15    44 6.41e-15    45 1.17e-14    46 1.17e-14    47 1.17e-14    48 1.17e-14
    49 1.17e-14    50 1.17e-14    51 1.17e-14    52 1.17e-14    53 1.17e-14    54 1.17e-14

 Old, new He 2 mean line optical depths:
  2- 1 9.16e+04  3- 2 2.62e-14  4- 3 1.75e-19  5- 4 5.87e-20  6- 5 7.61e-21  7- 6 5.36e-21  8- 7 6.02e-21
  9- 8 6.94e-21 10- 9 8.32e-21
  2- 1 9.16e+04  3- 2 2.62e-14  4- 3 1.75e-19  5- 4 5.87e-20  6- 5 6.01e-21  7- 6 3.33e-21  8- 7 4.12e-21
  9- 8 5.22e-21 10- 9 6.88e-21

 Old He Is optical depths:    1 7.38e+00    2 3.28e-06    3 1.69e-06    4 1.90e-06    5 1.90e-06
 New He Is optical depths:    1 7.38e+00    2 3.28e-06    3 1.69e-06    4 1.90e-06    5 1.90e-06
          Old He Is Lines:  584 5.95e+04 3889 5.30e-02 5016 1.05e-07 5876 9.36e-12
          New He Is Lines:  584 5.95e+04 3889 5.30e-02 5016 1.04e-07 5876 9.35e-12

==== H      compounds ====           Log10 column densities [cm^-2}
   H2        : 10.386   H2*       :  9.801   H2+       : 10.156   H3+       :  2.932
==== He     compounds ====
   HeH+      : 10.906
==== Li     compounds ====
   LiH       : -2.746   LiH+      : -1.056
==== C      compounds ====
   CH        :  4.519   CH+       :  5.495   CH2       : -3.936   CH2+      : -1.998   CH3       :-11.732   CH3+      :-11.055   CH4       :-19.639   CH4+      :-21.445
   CH5+      :-26.704   C2        : -1.533   C2+       : -0.432   C2H       : -9.763   C2H+      : -9.414   C2H2      :-18.767   C2H2+     :-16.896   C2H3+     :-24.856
   C3        :-22.785   C3+       :-15.014   C3H       :-26.119   C3H+      :-23.459
==== N      compounds ====
   NH        :  6.054   NH+       :  5.643   NH2       : -2.790   NH2+      : -3.312   NH3       :-10.475   NH3+      :-12.178   NH4+      :-23.842   CN        :  0.468
   CN+       :  0.815   HCN       : -7.997   HCN+      : -7.499   HNC       :-10.428   HCNH+     :-16.636   HC3N      :-35.930   N2        :  1.239   N2+       :  1.040
   N2H+      :-14.852
==== O      compounds ====
   OH        :  7.134   OH+       :  6.759   H2O       : -1.784   H2O+      : -2.309   H3O+      :-11.205   CO        :  4.537   CO+       :  2.470   HCO+      : -1.750
   H2CO      :-35.930   CH3OH     :-35.930   ^13CO     :  3.059   NO        :  1.430   NO+       :  0.569   HNO       : -6.841   HNO+      : -8.381   OCN       :-10.799
   OCN+      : -9.821   N2O       :-11.261   O2        :  2.725   O2+       :  2.284   NO2       :-12.255   NO2+      :-11.943
==== Ne     compounds ====
   NeH+      :  4.938
==== Si     compounds ====
   SiH       : -3.442   SiH2+     : -4.386   SiC2      :-35.930   SiN       : -8.721   SiN+      :  0.154   SiO       : -0.429   SiO+      :  1.349   SiOH+     : -8.147
==== S      compounds ====
   HS        :  0.952   HS+       :  2.988   CS        : -4.786   CS+       : -2.130   HCS+      :-10.337   NS        : -3.637   NS+       : -0.474   SO        : -2.710
   SO+       :  0.590   OCS       :-13.801   OCS+      :-15.301   SO2       :-35.930   S2        :-13.281   S2+       :-14.515
==== Cl     compounds ====
   HCl       : -7.288   HCl+      :  2.332   H2Cl+     : -6.551   CCl       :-34.591   CCl+      :-12.312   H2CCl+    :-35.930   ClO       :-35.930   ClO+      :-35.930
==== Ar     compounds ====
   ArH+      :  6.588
==== Ti     compounds ====
   TiH       :-35.930   TiH+      :-35.930   TiH2      :-35.930   TiH2+     :-35.930   TiC       :-35.930   TiC+      :-35.930   HCTi      :-35.930   HCTi+     :-35.930
   TiC2      :-35.930   TiC2+     :-35.930   TiN       :-35.930   TiN+      :-35.930   HNTi      :-35.930   HNTi+     :-35.930   TiNC      :-35.930   TiNC+     :-35.930
   TiO       :-35.930   TiO+      :-35.930   TiOH+     :-35.930   TiO2      :-35.930   TiF+      :-35.930   TiS       :-35.930   TiS+      :-35.930   HTiS      :-35.930


               1      2      3      4      5      6      7      8      9     10     11     12     13     14     15     16     17

 Hydrogen   18.330 19.294 10.487 (H2)                Log10 Column density (cm^-2)
 Helium     17.801 18.089  7.708
 Lithium     5.905  8.387-30.000-30.000
 Beryllium   6.655  8.468  8.354-30.000-30.000
 Boron       7.170  9.989  9.068  6.363-30.000-30.000
 Carbon     13.103 15.704 14.903  6.985-30.000-30.000-30.000
 Nitrogen   14.045 15.121 13.640  8.484-30.000-30.000-30.000-30.000
 Oxygen     15.088 15.965 14.386  0.412-30.000-30.000-30.000-30.000-30.000
 Fluorine   10.541 11.849 10.715-30.000-30.000-30.000-30.000-30.000-30.000-30.000
 Neon       14.209 15.225 13.277-30.000-30.000-30.000-30.000-30.000-30.000-30.000-30.000
 Sodium     11.726 13.573 10.801-30.000-30.000-30.000-30.000-30.000-30.000-30.000-30.000-30.000
 Magnesium  12.889 14.796 14.374-30.000-30.000-30.000-30.000-30.000-30.000-30.000-30.000-30.000-30.000
 Aluminium  10.261 13.770 12.415 10.459-30.000-30.000-30.000-30.000-30.000-30.000-30.000-30.000-30.000-30.000
 Silicon    11.913 14.836 13.333 10.499  3.471-30.000-30.000-30.000-30.000-30.000-30.000-30.000-30.000-30.000-30.000
 Phosphorus  9.744 12.710 11.676  8.597 -2.722-30.000-30.000-30.000-30.000-30.000-30.000-30.000-30.000-30.000-30.000-30.000
 Sulphur    11.224 14.283 13.982 10.555  2.562-30.000-30.000-30.000-30.000-30.000-30.000-30.000-30.000-30.000-30.000-30.000-30.000
 Chlorine    9.754 12.723 12.208  8.020-30.000-30.000-30.000-30.000-30.000-30.000-30.000-30.000-30.000-30.000-30.000-30.000-30.000
-30.000
 Argon      11.908 13.405 13.456  9.040-30.000-30.000-30.000-30.000-30.000-30.000-30.000-30.000-30.000-30.000-30.000-30.000-30.000
-30.000-30.000
 Potassium  10.025 12.339 11.156  6.618-30.000-30.000-30.000-30.000-30.000-30.000-30.000-30.000-30.000-30.000-30.000-30.000-30.000
-30.000-30.000-30.000
 Calcium    10.457 13.018 13.573  4.931-30.000-30.000-30.000-30.000-30.000-30.000-30.000-30.000-30.000-30.000-30.000-30.000-30.000
-30.000-30.000-30.000-30.000
 Scandium    7.025  9.723 10.316  9.681-30.000-30.000-30.000-30.000-30.000-30.000-30.000-30.000-30.000-30.000-30.000-30.000-30.000
-30.000-30.000-30.000-30.000-30.000
 Titanium    8.132 11.936 12.015 10.678  6.529-30.000-30.000-30.000-30.000-30.000-30.000-30.000-30.000-30.000-30.000-30.000-30.000
-30.000-30.000-30.000-30.000-30.000-30.000
 Vanadium    8.522 10.712 11.124  9.019  5.094-30.000-30.000-30.000-30.000-30.000-30.000-30.000-30.000-30.000-30.000-30.000-30.000
-30.000-30.000-30.000-30.000-30.000-30.000-30.000
 Chromium    9.683 12.645 12.707 10.394  2.569-30.000-30.000-30.000-30.000-30.000-30.000-30.000-30.000-30.000-30.000-30.000-30.000
-30.000-30.000-30.000-30.000-30.000-30.000-30.000-30.000
 Manganese   8.789 12.529 12.395  9.985  1.032-30.000-30.000-30.000-30.000-30.000-30.000-30.000-30.000-30.000-30.000-30.000-30.000
-30.000-30.000-30.000-30.000-30.000-30.000-30.000-30.000-30.000
 Iron       10.761 14.747 14.108 12.448 -1.114-30.000-30.000-30.000-30.000-30.000-30.000-30.000-30.000-30.000-30.000-30.000-30.000
-30.000-30.000-30.000-30.000-30.000-30.000-30.000-30.000-30.000-30.000
 Cobalt     10.489 12.166 11.797 10.031  1.376-30.000-30.000-30.000-30.000-30.000-30.000-30.000-30.000-30.000-30.000-30.000-30.000
-30.000-30.000-30.000-30.000-30.000-30.000-30.000-30.000-30.000-30.000-30.000
 Nickel      9.933 13.449 12.908 10.527 -2.704-30.000-30.000-30.000-30.000-30.000-30.000-30.000-30.000-30.000-30.000-30.000-30.000
-30.000-30.000-30.000-30.000-30.000-30.000-30.000-30.000-30.000-30.000-30.000-30.000
 Copper      8.547 10.878 11.419  8.615-30.000-30.000-30.000-30.000-30.000-30.000-30.000-30.000-30.000-30.000-30.000-30.000-30.000
-30.000-30.000-30.000-30.000-30.000-30.000-30.000-30.000-30.000-30.000-30.000-30.000-30.000
 Zinc       10.104 11.689 11.462  9.217-30.000-30.000-30.000-30.000-30.000-30.000-30.000-30.000-30.000-30.000-30.000-30.000-30.000
-30.000-30.000-30.000-30.000-30.000-30.000-30.000-30.000-30.000-30.000-30.000-30.000-30.000-30.000
 Exc state    He1* 11.550   CII* 15.468   C11* 12.157   C12* 12.650   C13* 12.831   O11* 15.084   O12* 12.698   O13* 12.702
              Si2* 13.908   C30*  7.019   C31*  0.908   C32*  5.385


 Hydrogen   -1.009 -0.045 -8.552 (H2)                 Log10 Mean Ionisation (over radius)
 Helium     -0.469 -0.180-10.561
 Lithium    -2.484 -0.001
 Beryllium  -2.065 -0.251 -0.366
 Boron      -2.869 -0.050 -0.971 -3.675
 Carbon     -2.666 -0.065 -0.866 -8.784
 Nitrogen   -1.125 -0.048 -1.529 -6.685
 Oxygen     -0.942 -0.064 -1.643-15.618
 Fluorine   -1.358 -0.050 -1.184
 Neon       -1.060 -0.044 -1.992
 Sodium     -1.854 -0.007 -2.779
 Magnesium  -2.050 -0.143 -0.565
 Aluminium  -3.529 -0.019 -1.374 -3.331
 Silicon    -2.937 -0.014 -1.517 -4.350-11.379
 Phosphorus -3.005 -0.039 -1.073 -4.152-15.471
 Sulphur    -3.235 -0.176 -0.478 -3.905-11.897
 Chlorine   -3.085 -0.116 -0.631 -4.819
 Argon      -1.831 -0.334 -0.283 -4.698
 Potassium  -2.344 -0.030 -1.213 -5.750
 Calcium    -3.222 -0.662 -0.107 -8.749
 Scandium   -3.463 -0.765 -0.173 -0.808
 Titanium   -4.157 -0.353 -0.274 -1.611 -5.760
 Vanadium   -2.747 -0.557 -0.146 -2.250 -6.175
 Chromium   -3.296 -0.334 -0.273 -2.585-10.411
 Manganese  -3.979 -0.240 -0.374 -2.784-11.737
 Iron       -4.078 -0.092 -0.731 -2.391-15.953
 Cobalt     -1.840 -0.163 -0.532 -2.298-10.953
 Nickel     -3.626 -0.110 -0.651 -3.032-16.263
 Copper     -2.983 -0.651 -0.111 -2.915
 Zinc       -1.795 -0.210 -0.437 -2.682

               1      2      3      4      5      6      7      8      9     10     11     12     13     14     15     16     17

 Hydrogen   -1.114 -0.035 -8.869 (H2)         Log10 Mean Ionisation (over radius*electron density)
 Helium     -0.512 -0.160-10.527
 Lithium    -2.473 -0.001
 Beryllium  -2.071 -0.268 -0.345
 Boron      -2.862 -0.054 -0.937 -3.638
 Carbon     -2.664 -0.070 -0.835 -8.742
 Nitrogen   -1.236 -0.041 -1.492 -6.644
 Oxygen     -1.041 -0.053 -1.607-15.575
 Fluorine   -1.438 -0.049 -1.158
 Neon       -1.118 -0.039 -1.972
 Sodium     -1.855 -0.007 -2.764
 Magnesium  -2.053 -0.154 -0.539
 Aluminium  -3.525 -0.020 -1.348 -3.295
 Silicon    -2.929 -0.015 -1.484 -4.311-11.336
 Phosphorus -3.001 -0.041 -1.048 -4.117-15.428
 Sulphur    -3.238 -0.188 -0.455 -3.867-11.855
 Chlorine   -3.090 -0.125 -0.605 -4.782
 Argon      -1.967 -0.356 -0.261 -4.661
 Potassium  -2.337 -0.031 -1.186 -5.711
 Calcium    -3.210 -0.659 -0.108 -8.706
 Scandium   -3.494 -0.814 -0.169 -0.775
 Titanium   -4.185 -0.382 -0.253 -1.573 -5.720
 Vanadium   -2.788 -0.607 -0.128 -2.212 -6.135
 Chromium   -3.317 -0.371 -0.244 -2.547-10.368
 Manganese  -4.001 -0.263 -0.345 -2.746-11.694
 Iron       -4.085 -0.100 -0.698 -2.352-15.910
 Cobalt     -1.854 -0.179 -0.497 -2.259-10.910
 Nickel     -3.636 -0.121 -0.616 -2.993-16.221
 Copper     -3.020 -0.706 -0.096 -2.878
 Zinc       -1.806 -0.226 -0.412 -2.650

               1      2      3      4      5      6      7      8      9     10     11     12     13     14     15     16     17

 Hydrogen    3.696  3.686  3.647 (H2)                  Log10 Mean Temperature (over radius)
 Helium      3.697  3.682  3.681
 Lithium     3.685  3.687
 Beryllium   3.692  3.691  3.683
 Boron       3.686  3.688  3.678  3.680
 Carbon      3.689  3.689  3.679  3.722
 Nitrogen    3.692  3.687  3.678  3.694
 Oxygen      3.697  3.686  3.678  3.723
 Fluorine    3.692  3.688  3.681
 Neon        3.694  3.687  3.683
 Sodium      3.687  3.687  3.684
 Magnesium   3.689  3.690  3.681
 Aluminium   3.687  3.688  3.681  3.680
 Silicon     3.685  3.688  3.681  3.683  3.722
 Phosphorus  3.687  3.688  3.682  3.680  3.723
 Sulphur     3.690  3.690  3.682  3.679  3.722
 Chlorine    3.690  3.690  3.680  3.678
 Argon       3.693  3.693  3.682  3.678
 Potassium   3.685  3.688  3.681  3.679
 Calcium     3.686  3.688  3.687  3.722
 Scandium    3.698  3.699  3.686  3.679
 Titanium    3.692  3.693  3.683  3.679  3.681
 Vanadium    3.699  3.696  3.684  3.679  3.683
 Chromium    3.696  3.697  3.679  3.679  3.722
 Manganese   3.692  3.693  3.680  3.679  3.722
 Iron        3.688  3.689  3.679  3.681  3.723
 Cobalt      3.694  3.692  3.676  3.679  3.722
 Nickel      3.689  3.690  3.677  3.680  3.723
 Copper      3.697  3.695  3.685  3.678
 Zinc        3.692  3.691  3.681  3.679

               1      2      3      4      5      6      7      8      9     10     11     12     13     14     15     16     17

 Hydrogen    3.700  3.685  3.657 (H2)          Log10 Mean Temperature (over radius*electron density)
 Helium      3.697  3.681  3.680
 Lithium     3.684  3.686
 Beryllium   3.690  3.690  3.682
 Boron       3.685  3.687  3.678  3.680
 Carbon      3.687  3.687  3.679  3.722
 Nitrogen    3.697  3.686  3.678  3.694
 Oxygen      3.700  3.685  3.678  3.723
 Fluorine    3.695  3.686  3.681
 Neon        3.695  3.686  3.682
 Sodium      3.686  3.686  3.683
 Magnesium   3.688  3.689  3.680
 Aluminium   3.686  3.686  3.680  3.680
 Silicon     3.684  3.686  3.681  3.683  3.722
 Phosphorus  3.685  3.687  3.681  3.680  3.723
 Sulphur     3.689  3.689  3.681  3.679  3.722
 Chlorine    3.688  3.688  3.679  3.678
 Argon       3.699  3.692  3.681  3.678
 Potassium   3.684  3.687  3.680  3.679
 Calcium     3.684  3.686  3.686  3.722
 Scandium    3.697  3.699  3.685  3.679
 Titanium    3.691  3.693  3.682  3.679  3.681
 Vanadium    3.698  3.696  3.683  3.679  3.683
 Chromium    3.695  3.696  3.679  3.679  3.722
 Manganese   3.691  3.692  3.679  3.679  3.722
 Iron        3.687  3.688  3.679  3.681  3.723
 Cobalt      3.692  3.691  3.676  3.679  3.722
 Nickel      3.688  3.689  3.676  3.680  3.723
 Copper      3.696  3.696  3.684  3.678
 Zinc        3.690  3.690  3.680  3.679

               1      2      3      4      5      6      7      8      9     10     11     12     13     14     15     16     17
                                                                          

---------------Convergence statistics---------------
      1.49 mean iterations/state convergence
      2.71 mean cx acceleration loops/iteration
         1 mean iso convergence loops/ion solve
         1 mean steps/chemistry solve
         1 mean step length searches/chemistry step
----------------------------------------------------

 Cloudy ends: 56 zones, 3 iterations.  ExecTime(s) 157.82
 [Stop in cdMain at ../maincl.cpp:483, Cloudy exited OK]
 ************************************************** GRID_DELIMIT -- grid000000015
