                                                          Cloudy 13.03
                                                         www.nublado.org

                       **************************************13Feb20**************************************
                       *                                                                                 *
                       * c                                                                               *
                       * phi(h) 8.000000 LOG range -0.000232 6.866524                                    *
                       * grid from 8 to 23 in 1 dex steps                                                *
                       * HDEN=3.000000 LOG                                                               *
                       * grid from 0 to 12 in 1 dex steps                                                *
                       * set pres ionize 1e5                                                             *
                       * c                                                                               *
                       * c                                                                               *
                       * table star "Rotation_inst.mod" age 6.7                                          *
                       * c<< Rotation_ins model    3 read.       Age =    4010000.00                 >>> *
                       * c<< Rotation_ins model    4 read.       Age =    6010000.00                 >>> *
                       * c<< FINAL:     Age =    5011872.34                                          >>> *
                       * c                                                                               *
                       * c                                                                               *
                       * abundances GASS10                                                               *
                       * c                                                                               *
                       * c                                                                               *
                       * iterate to convergence max = 7                                                  *
                       * stop column density = 23                                                        *
                       * c                                                                               *
                       * c                                                                               *
                       * print last                                                                      *
                       * set save prefix "geneva_inst_rot_5"                                             *
                       * save grid ".grd" last no hash                                                   *
                       * save linelist "emissionlines_abs.txt" "LineList_HII.dat" absolute last no hash    *
                       *                                                                                 *
                       ***********************************************************************************



           4032CellPeak1.00E+00   Lo 1.00e-08=910.79cm   Hi-Con:5.68E+00 Ryd   E(hi):7.35E+06Ryd     E(hi):     100.01 MeV
           I(nu>1ryd):  -2.5276   Average nu:1.361E+00   I( X-ray):   0.0000   I(BalC):  -2.0037     Phi(BalmrC):   8.9038
           phi(1.0-1.8): 7.9472   phi(1.8-4.0):  7.059   phi(4.0-20): -0.630   phi(20--):  0.000     Ion pht flx:1.000E+08
           I(gam ray):   0.0000   phi(gam r):   0.0000   I(Infred):  -2.8431   Alf(ox):   0.0000     Total inten:  -1.8441
           U(1.0----):3.336E-06   U(4.0----):7.823E-15   T(En-Den):2.819E+00   T(Comp):2.997E+04     nuJnu(912A):9.429E-03
           Occ(FarIR):4.172E-03   Occ(H n=6):2.787E-15   Occ(1Ryd):4.334E-19   Occ(4R):9.865E-29     Occ (Nu-hi):3.752E-32
           Tbr(FarIR):6.611E-06   Tbr(H n=6):1.221E-11   Tbr(1Ryd):6.851E-14   Tbr(4R):6.235E-23     Tbr (Nu-hi):3.359E-26
  
                                                  Gas Phase Chemical Composition
        H :  0.0000  He: -1.0701  Li:-10.9508  Be:-10.6198  B : -9.3002  C : -3.5702  N : -4.1701  O : -3.3098  F : -7.4401
        Ne: -4.0701  Na: -5.7595  Mg: -4.4001  Al: -5.5498  Si: -4.4895  P : -6.5901  S : -4.8794  Cl: -6.5003  Ar: -5.6003
        K : -6.9706  Ca: -5.6596  Sc: -8.8508  Ti: -7.0501  V : -8.0701  Cr: -6.3595  Mn: -6.5702  Fe: -4.5003  Co: -7.0101
                                               Ni: -5.7799  Cu: -7.8097  Zn: -7.4401
 
 ####  1  Te:3.632E+03 Hden:1.000E+03 Ne:4.754E+02 R:1.000E+30 R-R0:2.212E+11 dR:4.425E+11 NTR: 23 Htot:8.681E-19 T912: 1.50e-03###
 Hydrogen      5.36e-01 4.64e-01 H+o/Hden 1.00e+00 2.23e-08 H-    H2 9.63e-07 2.66e-09 H2+ HeH+ 1.18e-08 Ho+ ColD 2.37e+14 2.05e+14
 Helium        8.63e-01 1.37e-01 2.30e-11 HeI 2s3S 2.01e-07 Comp H,C 9.15e-29 1.11e-29 Fill Fac 1.00e+00 Gam1/tot 1.00e+00
 He singlet n  8.63e-01 5.28e-14 7.00e-20 1.74e-20 3.79e-20 3.98e-20 He tripl 2.01e-07 2.11e-18 3.86e-20 3.46e-19 1.10e-19
 Pressure      NgasTgas 5.67e+06 P(total) 7.83e-10 P( gas ) 7.83e-10 P(Radtn) 0.00e+00 Rad accl 2.09e-07 ForceMul 3.14e+06
 Texc(La)      2.83e+03 T(I con) 2.82e+00 T(D con) 2.72e-01 T(U tot) 2.82e+00 nT (c+d) 7.47e+05 Prad/Gas 0.00e+00 Pmag/Gas 0.00e+00
 Molecules     CH/Ctot: 9.38e-09 CH+/Ctot 1.64e-09 CO/Ctot: 2.15e-09 CO+/Ctot 2.51e-12 H2O/Otot 1.40e-15 OH/Ototl 7.87e-08
 Lithium       1.84e-01 8.16e-01 1.09e-15 0.00e+00 Berylliu 5.07e-01 4.78e-01 1.47e-02 0.00e+00 0.00e+00 sec ion: 0.00e+00
 Boron         1.13e-01 8.85e-01 1.38e-03 0.00e+00 0.00e+00 0.00e+00
 Carbon        1.30e-01 8.64e-01 6.62e-03 0.00e+00 0.00e+00 0.00e+00 0.00e+00 H2O+/O   2.86e-15 OH+/Otot 1.44e-07 Hex(tot) 0.00e+00
 Nitrogen      5.56e-01 4.44e-01 2.53e-05 0.00e+00 0.00e+00 0.00e+00 0.00e+00 0.00e+00 O2/Ototl 7.60e-13 O2+/Otot 2.24e-12
 Oxygen        5.98e-01 4.01e-01 2.06e-05 0.00e+00 0.00e+00 0.00e+00 0.00e+00 0.00e+00 0.00e+00
 Fluorine      4.38e-01 5.60e-01 1.98e-03 0.00e+00 0.00e+00 0.00e+00 0.00e+00 0.00e+00 0.00e+00 0.00e+00
 Neon          6.21e-01 3.78e-01 2.25e-04 0.00e+00 0.00e+00 0.00e+00 0.00e+00 0.00e+00 0.00e+00 0.00e+00 0.00e+00
 Sodium        4.58e-02 9.54e-01 8.84e-05 0.00e+00 0.00e+00 0.00e+00 0.00e+00 0.00e+00 0.00e+00 0.00e+00 0.00e+00 0.00e+00
 Magnesium     4.47e-02 9.41e-01 1.48e-02 0.00e+00 0.00e+00 0.00e+00 0.00e+00 0.00e+00 0.00e+00 0.00e+00 0.00e+00 0.00e+00 0.00e+00
 Aluminium  0  4.33e-04 9.98e-01 1.85e-03 0.00e+00 0.00e+00 0.00e+00 0.00e+00 0.00e+00 0.00e+00 0.00e+00 0.00e+00 0.00e+00 0.00e+00
 Silicon    0  1.78e-02 9.82e-01 9.20e-05 0.00e+00 0.00e+00 0.00e+00 0.00e+00 0.00e+00 0.00e+00 0.00e+00 0.00e+00 0.00e+00 0.00e+00
 Phosphorus 0  2.18e-03 9.94e-01 3.37e-03 0.00e+00 0.00e+00 0.00e+00 0.00e+00 0.00e+00 0.00e+00 0.00e+00 0.00e+00 0.00e+00 0.00e+00
 Sulphur    0  4.88e-02 9.29e-01 2.22e-02 0.00e+00 0.00e+00 0.00e+00 0.00e+00 0.00e+00 0.00e+00 0.00e+00 0.00e+00 0.00e+00 0.00e+00
 Chlorine   0  2.46e-03 9.82e-01 1.52e-02 0.00e+00 0.00e+00 0.00e+00 0.00e+00 0.00e+00 0.00e+00 0.00e+00 0.00e+00 0.00e+00 0.00e+00
 Argon      0  1.86e-01 7.29e-01 8.49e-02 0.00e+00 0.00e+00 0.00e+00 0.00e+00 0.00e+00 0.00e+00 0.00e+00 0.00e+00 0.00e+00 0.00e+00
 Potassium  0  1.18e-01 8.79e-01 2.99e-03 0.00e+00 0.00e+00 0.00e+00 0.00e+00 0.00e+00 0.00e+00 0.00e+00 0.00e+00 0.00e+00 0.00e+00
 Calcium    0  1.66e-01 7.84e-01 4.96e-02 0.00e+00 0.00e+00 0.00e+00 0.00e+00 0.00e+00 0.00e+00 0.00e+00 0.00e+00 0.00e+00 0.00e+00
 Scandium   0  1.06e-01 6.91e-01 2.01e-01 1.60e-03 0.00e+00 0.00e+00 0.00e+00 0.00e+00 0.00e+00 0.00e+00 0.00e+00 0.00e+00 0.00e+00
 Titanium   0  1.67e-04 9.42e-01 5.83e-02 5.00e-06 0.00e+00 0.00e+00 0.00e+00 0.00e+00 0.00e+00 0.00e+00 0.00e+00 0.00e+00 0.00e+00
 Vanadium   0  2.01e-01 6.79e-01 1.20e-01 1.43e-06 0.00e+00 0.00e+00 0.00e+00 0.00e+00 0.00e+00 0.00e+00 0.00e+00 0.00e+00 0.00e+00
 Chromium   0  7.28e-02 9.22e-01 5.39e-03 0.00e+00 0.00e+00 0.00e+00 0.00e+00 0.00e+00 0.00e+00 0.00e+00 0.00e+00 0.00e+00 0.00e+00
 Manganese  0  1.95e-04 9.96e-01 4.08e-03 0.00e+00 0.00e+00 0.00e+00 0.00e+00 0.00e+00 0.00e+00 0.00e+00 0.00e+00 0.00e+00 0.00e+00
 Iron       0  1.12e-04 9.99e-01 6.71e-04 0.00e+00 0.00e+00 0.00e+00 0.00e+00 0.00e+00 0.00e+00 0.00e+00 0.00e+00 0.00e+00 0.00e+00
 Cobalt     0  4.67e-01 5.33e-01 4.65e-04 0.00e+00 0.00e+00 0.00e+00 0.00e+00 0.00e+00 0.00e+00 0.00e+00 0.00e+00 0.00e+00 0.00e+00
 Nickel     0  3.37e-04 9.99e-01 5.11e-04 0.00e+00 0.00e+00 0.00e+00 0.00e+00 0.00e+00 0.00e+00 0.00e+00 0.00e+00 0.00e+00 0.00e+00
 Copper     0  1.94e-01 6.81e-01 1.25e-01 0.00e+00 0.00e+00 0.00e+00 0.00e+00 0.00e+00 0.00e+00 0.00e+00 0.00e+00 0.00e+00 0.00e+00
 Zinc       0  5.67e-01 4.15e-01 1.85e-02 6.36e-06 0.00e+00 0.00e+00 0.00e+00 0.00e+00 0.00e+00 0.00e+00 0.00e+00 0.00e+00 0.00e+00
                                                                             
   Calculation stopped because lowest Te reached. Iteration 3 of 3
   The geometry is plane-parallel.
  !Continuum fluorescent production of H-beta was very important.
  !Charge transfer ionization of H reached 77.9% of the local H ionization rate.
  !AGE: Cloud age was not set.  Longest timescale was 4.00e+09 s = 1.27e+02 years.
  !Mutual neutralization production of H-alpha was significant.
  !The CMB was not included.  This is added with the CMB command.
  !The intensity of the incident radiation field is less than 10 times the Habing diffuse ISM field.  Is this OK?
  !   Consider adding diffuse ISM emission with TABLE ISM command.
   The density is too low to l-mix the lowest H  I collapsed level.  More resolved levels are needed for accurate line ratios.
   The density is too low to l-mix the lowest He I collapsed level.  More resolved levels are needed for accurate line ratios.
   Grains were not present but might survive in this environment (energy density temperature was 2.82e+00K)

                       *********************************> Cloudy 13.03 <**********************************
                       * c                                                                               *
                       * phi(h) 8.000000 LOG range -0.000232 6.866524                                    *
                       * grid from 8 to 23 in 1 dex steps                                                *
                       * HDEN=3.000000 LOG                                                               *
                       * grid from 0 to 12 in 1 dex steps                                                *
                       * set pres ionize 1e5                                                             *
                       * c                                                                               *
                       * c                                                                               *
                       * table star "Rotation_inst.mod" age 6.7                                          *
                       * c                                                                               *
                       * c                                                                               *
                       * abundances GASS10                                                               *
                       * c                                                                               *
                       * c                                                                               *
                       * iterate to convergence max = 7                                                  *
                       * stop column density = 23                                                        *
                       * c                                                                               *
                       * c                                                                               *
                       * print last                                                                      *
                       * set save prefix "geneva_inst_rot_5"                                             *
                       * save grid ".grd" last no hash                                                   *
                       * save linelist "emissionlines_abs.txt" "LineList_HII.dat" absolute last no hash    *
                       *********************************> Log(U): -5.48 <*********************************

                     Emission Line Spectrum.   Constant  Density Model.    Open geometry.  Iteration 3 of 3.
                                                     Intensity (erg/s/cm^2).


                                                   Intrinsic line intensities
 general properties..........      nFnu 608.2A -10.142   0.0019      Ca A 7.500m  -9.563   0.0071      He 1  2829A -10.183   0.0017            
 TOTL  4861A  -7.416   1.0000      nInu 608.2A  -2.45192167.484      Ca A 5.907m  -9.735   0.0048      He 1  5016A -10.122   0.0020            
 TOTL  1216A  -5.589  67.2019      nFnu 575.1A  -8.841   0.0376      Ca A 5.127m  -9.887   0.0034      He 1  3965A -10.411   0.0010            
 Inci     0   -1.844373205.81      nInu 575.1A  -2.44593515.625      Ca A 4.671m -10.022   0.0025      He 1  7065A  -9.944   0.0030            
 TotH     0   -6.416  10.0127      nInu 511.9A  -2.51879098.945      Ca A 4.375m -10.143   0.0019      He 1  5876A  -9.004   0.0259            
 TotC     0   -6.416  10.0089      nFnu 496.9A  -6.185  17.0392      Ca A 4.170m -10.254   0.0015      He 1  4471A  -9.479   0.0087            
 BFH1     0   -6.433   9.6204      nInu 496.9A  -2.72049683.695      Ca A 4.020m -10.355   0.0012      He 1  4026A  -9.816   0.0040            
 BFHe     0   -7.885   0.3396      nInu 399.2A  -2.95029275.947      Ca A 19.06m  -9.730   0.0048      He 1  3820A -10.077   0.0022            
 TotM     0   -8.804   0.0409      RRC.........................      Ca A 11.31m  -9.880   0.0034      He 1  6678A  -9.547   0.0074            
 CT H     0   -9.558   0.0072      H  1 911.8A  -6.237  15.1147      Ca A 8.758m -10.029   0.0024      He 1  4922A -10.042   0.0024            
 H FB     0   -7.477   0.8682      H  1  3646A  -7.643   0.5924      Ca A 7.506m -10.165   0.0018      He 1  4388A -10.383   0.0011            
 HFBc     0   -7.477   0.8682      H  1  3646A  -7.241   1.4963      Ca A 6.770m -10.287   0.0013      He 1 1.869m  -9.842   0.0038            
 continua....................      H  1  8204A  -8.417   0.0998      Ca A 6.290m -10.398   0.0010      He 1 1.278m -10.238   0.0015            
 Bac   3646A  -6.079  21.7255      H  1  8204A  -7.962   0.2844      Ca A 27.80m -10.042   0.0024      He 1 1.870m -10.320   0.0012            
 nFnu  3645A  -6.046  23.4711      H  1  8204A  -7.972   0.2778      Ca A 16.20m -10.166   0.0018      Pho+  3889A  -8.269   0.1403            
 nFnu  3647A  -7.174   1.7456      H  1 1.458m  -8.950   0.0292      Ca A 12.38m -10.296   0.0013      database lines..............            
 cout  3646A  -6.380  10.8628      H  1 1.458m  -8.486   0.0851      Ca A 38.86m -10.323   0.0012      level 1 lines...............            
 cref  3646A  -6.380  10.8628      H  1 1.458m  -8.384   0.1076      Ca B  6563A  -7.063   2.2522      C  1  1656A  -9.453   0.0092            
 thin  3646A  -6.079  21.7255      H  1 1.458m  -8.622   0.0623      Ca B  4861A  -7.559   0.7195      REC   1656A -10.008   0.0026            
 Inci  4860A  -3.00225956.494      H  1 2.279m  -9.345   0.0118      Ca B  4340A  -7.903   0.3262      C Ic  9850A  -8.676   0.0550            
 Inci  1215A  -1.933304269.84      H  1 2.279m  -8.881   0.0343      Ca B  4102A  -8.165   0.1782      TOTL  9850A  -8.675   0.0551            
 Ba C     0   -7.127   1.9449      H  1 2.279m  -8.743   0.0471      Ca B  3970A  -8.378   0.1091      C  2 157.6m  -8.729   0.0487            
 PA C     0   -7.510   0.8056      H  1 2.279m  -8.829   0.0387      Ca B  3889A  -8.559   0.0720      C  2  1335A  -8.792   0.0421            
 FIR  83.00m  -3.4369553.9346      H  1 2.279m  -9.228   0.0154      Ca B  3835A  -8.715   0.0503      REC   1335A -10.297   0.0013            
 TIR   1800m  -5.738  47.6042      H  1 3.281m  -9.655   0.0058      Ca B  3798A  -8.853   0.0366      C  3 977.0A -10.307   0.0013            
 NIRa 2.850m  -3.38210816.843      H  1 3.281m  -9.191   0.0168      Ca B  3771A  -8.977   0.0275      N  1 953.9A -10.218   0.0016            
 NIRb 3.000m  -3.8863386.3369      H  1 3.281m  -9.039   0.0238      Ca B  3750A  -9.089   0.0212      N  1  1200A  -9.192   0.0168            
 MIRa 15.00m  -4.0092550.8149      H  1 3.281m  -9.067   0.0224      Ca B  3734A  -9.192   0.0167      N  1  5200A -10.197   0.0017            
 MIRb 22.50m  -3.7874257.6650      H  1 3.281m  -9.288   0.0134      Ca B  3722A  -9.287   0.0135      N  1  5198A -10.254   0.0015            
 NMIR 21.75m  -3.38210816.843      H  1 3.281m  -9.806   0.0041      Ca B  3712A  -9.374   0.0110      TOTL  5199A  -9.923   0.0031            
 TFIR 611.2m  -3.9482939.0427      H  1 4.466m  -9.907   0.0032      Ca B  3704A  -9.456   0.0091      N  2  6584A  -8.837   0.0379            
 TALL 10000A  -1.844373308.75      H  1 4.466m  -9.445   0.0094      Ca B  3697A  -9.531   0.0077      N  2  6548A  -9.307   0.0128            
 F12  12.00m  -4.491 842.4471      H  1 4.466m  -9.286   0.0135      Ca B  3692A  -9.602   0.0065      N  2 121.7m  -9.126   0.0195            
 F25  25.00m  -4.2981312.1202      H  1 4.466m  -9.286   0.0135      Ca B  3687A  -9.667   0.0056      N  2 205.4m  -9.975   0.0028            
 F60  60.00m  -3.8353807.3254      H  1 4.466m  -9.433   0.0096      Ca B  3683A  -9.728   0.0049      N  2  1085A  -9.252   0.0146            
 F100 100.0m  -4.0232474.2332      H  1 4.466m  -9.756   0.0046      Ca B  3679A  -9.785   0.0043      O  1  6300A  -9.499   0.0083            
 MIPS 24.00m  -4.612 636.9421      H  1 4.466m -10.364   0.0011      Ca B  3676A  -9.838   0.0038      O  1  6363A  -9.995   0.0026            
 MIPS 70.00m  -4.1931672.7272      H  1 5.834m -10.120   0.0020      Ca B  3674A  -9.887   0.0034      O  1 63.17m  -8.088   0.2127            
 MIPS 160.0m  -4.418 996.1881      H  1 5.834m  -9.659   0.0057      Ca B  3671A  -9.932   0.0030      O  1 145.5m  -9.229   0.0154            
 IRAC 3.600m  -5.138 189.7823      H  1 5.834m  -9.498   0.0083      Ca B 1.875m  -7.911   0.3198      TOTL  3727A  -9.382   0.0108            
 IRAC 4.500m  -5.204 162.7721      H  1 5.834m  -9.483   0.0086      Ca B 1.282m  -8.273   0.1389      IONZ  3727A  -9.743   0.0047            
 IRAC 5.800m  -5.124 195.9671      H  1 5.834m  -9.592   0.0067      Ca B 1.094m  -8.550   0.0734      IONZ  7325A -10.410   0.0010            
 IRAC 8.000m  -4.840 376.5107      H  1 5.834m  -9.829   0.0039      Ca B 1.005m  -8.772   0.0440      O II  3729A  -9.951   0.0029            
 SPR1 250.0m  -4.840 376.9738      H  1 5.834m -10.228   0.0015      Ca B  9546A  -8.958   0.0287      O II  3726A  -9.912   0.0032            
 SPR2 350.0m  -5.276 138.1324      H  1 7.383m -10.302   0.0013      Ca B  9229A  -9.119   0.0198      O  2 833.8A  -9.090   0.0212            
 SPR3 500.0m  -5.664  56.5449      H  1 7.383m  -9.843   0.0037      Ca B  9015A  -9.260   0.0143      Ne 2 12.81m  -8.089   0.2124            
 PAC1 70.00m  -4.1301930.4689      H  1 7.383m  -9.681   0.0054      Ca B  8863A  -9.386   0.0107      Mg 1  2853A  -9.962   0.0028            
 PAC2 100.0m  -4.0182502.7617      H  1 7.383m  -9.658   0.0057      Ca B  8750A  -9.500   0.0082      TOTL  2798A  -8.885   0.0340            
 PAC3 160.0m  -4.1611800.2782      H  1 7.383m  -9.744   0.0047      Ca B  8665A  -9.605   0.0065      Mg 2  2796A  -9.063   0.0226            
 PAH  3.300m  -5.968  28.0361      H  1 7.383m  -9.933   0.0030      Ca B  8598A  -9.701   0.0052      Mg 2  2803A  -9.360   0.0114            
 PAHC 3.230m  -6.221  15.6673      H  1 7.383m -10.237   0.0015      Ca B  8545A  -9.790   0.0042      Si 1 68.40m -10.144   0.0019            
 PAHC 3.370m  -6.301  13.0437      H  1 9.115m -10.004   0.0026      Ca B  8502A  -9.872   0.0035      Si 2 34.81m  -7.203   1.6318            
 PAH  6.200m  -5.578  68.8330      H  1 9.115m  -9.841   0.0038      Ca B  8467A  -9.949   0.0029      Si 2  1531A  -9.726   0.0049            
 PAHC 5.650m  -5.573  69.6194      H  1 9.115m  -9.813   0.0040      Ca B  8438A -10.021   0.0025      Si 2  1308A  -9.802   0.0041            
 PAH  7.900m  -5.288 134.3881      H  1 9.115m  -9.886   0.0034      Ca B  8413A -10.088   0.0021      Si 2  1263A  -8.693   0.0529            
 PAHC 6.900m  -5.282 136.2330      H  1 9.115m -10.047   0.0023      Ca B  8392A -10.151   0.0018      P  2 60.64m  -9.821   0.0039            
 PAH  11.30m  -5.700  51.9548      H  1 9.115m -10.295   0.0013      Ca B  8374A -10.210   0.0016      P  2 32.87m  -9.478   0.0087            
 PAHC 10.90m  -5.699  52.1131      H  1 11.03m  -9.258   0.0144      Ca B  8359A -10.265   0.0014      P  2 1.189m -10.414   0.0010            
 PAH  11.80m  -5.460  90.4329      H  1 13.13m  -9.370   0.0111      Ca B  8346A -10.317   0.0013      S  1 25.19m  -9.623   0.0062            
 PAHC 12.65m  -5.461  90.1771      H  1 15.40m  -9.473   0.0088      Ca B  8334A -10.364   0.0011      S  2  6720A  -8.288   0.1344            
 PAH  13.30m  -5.406 102.3289      H  1 17.87m  -9.568   0.0070      Ca B 4.051m  -8.494   0.0835      S  2  4074A -10.253   0.0015            
 PAHC 14.10m  -5.408 101.8132      H  1 20.51m  -9.657   0.0057      Ca B 2.625m  -8.778   0.0434      S II  6731A  -8.560   0.0719            
 Bcon  3640A  -2.003258774.64      H  1 23.33m  -9.741   0.0047      Ca B 2.166m  -9.012   0.0254      S II  6716A  -8.620   0.0625            
 Pcon  5000A  -3.14018885.783      H  1 26.34m  -9.819   0.0040      Ca B 1.945m  -9.205   0.0162      S II  4070A -10.377   0.0011            
 HFFc     0   -7.985   0.2698      H  1 29.53m  -9.893   0.0033      Ca B 1.817m  -9.371   0.0111      S  3 18.67m  -8.898   0.0330            
 H FF     0   -8.004   0.2584      H  1 32.91m  -9.963   0.0028      Ca B 1.736m  -9.517   0.0079      S  3 33.47m  -8.888   0.0337            
 HeFF     0   -9.603   0.0065      H  1 36.46m -10.029   0.0024      Ca B 1.681m  -9.646   0.0059      S  3  9532A  -9.826   0.0039            
 MeFB     0  -10.315   0.0013      H  1 40.20m -10.093   0.0021      Ca B 1.641m  -9.763   0.0045      S  3  9069A -10.220   0.0016            
 ToFF     0   -7.992   0.2653      H  1 44.12m -10.153   0.0018      Ca B 1.611m  -9.869   0.0035      Cl 2 33.30m -10.028   0.0024            
 nInu 2.003c -10.071   0.0022      H  1 48.22m -10.210   0.0016      Ca B 1.588m  -9.967   0.0028      Cl 2 14.40m  -8.892   0.0334            
 nInu 1.335c  -9.537   0.0076      H  1 52.50m -10.266   0.0014      Ca B 1.570m -10.057   0.0023      Cl 2  8579A  -9.681   0.0054            
 nInu  9993m  -9.159   0.0181      H  1 56.97m  -9.068   0.0223      Ca B 1.556m -10.141   0.0019      Cl 2  9124A -10.259   0.0014            
 nInu  6917m  -8.684   0.0540      He 1 504.3A  -7.498   0.8290      Ca B 1.544m -10.220   0.0016      Ar 2 6.980m  -8.163   0.1791            
 nFnu 122.4m  -9.367   0.0112      He 1  2600A  -9.316   0.0126      Ca B 1.534m -10.293   0.0013      Ar 3 21.83m -10.386   0.0011            
 nInu 122.4m  -3.6076447.6606      He 1  3121A  -9.829   0.0039      Ca B 1.526m -10.362   0.0011      Ar 3 9.000m  -9.177   0.0173            
 nFnu 60.83m  -9.125   0.0195      He 1  3421A  -9.737   0.0048      Ca B 7.458m  -8.966   0.0282      Ca 2  3933A -10.113   0.0020            
 nInu 60.83m  -3.6545781.1860      He 1  3421A  -9.260   0.0143      Ca B 4.653m  -9.194   0.0167      Ca 2  7306A  -8.347   0.1171            
 nFnu 41.22m  -8.954   0.0290      He 1  3421A  -9.038   0.0239      Ca B 3.740m  -9.393   0.0106      Ca2K  3934A -10.301   0.0013            
 nInu 41.22m  -3.7664464.0942      He 1  3679A  -9.452   0.0092      Ca B 3.296m  -9.563   0.0071      CaF1  7291A  -8.575   0.0694            
 nFnu 30.87m  -8.845   0.0372      He 1  6632A -10.316   0.0013      Ca B 3.038m  -9.712   0.0051      CaF2  7324A  -8.737   0.0477            
 nInu 30.87m  -3.8693526.6118      He 1  7843A  -9.574   0.0069      Ca B 2.872m  -9.845   0.0037      Fe2c     0   -6.640   5.9719            
 nFnu 24.78m  -8.762   0.0451      He 1  8188A  -9.690   0.0053      Ca B 2.758m  -9.964   0.0028      Fe 2  4300A  -9.323   0.0124            
 nInu 24.78m  -3.9482938.6873      He 1  8191A -10.178   0.0017      Ca B 2.674m -10.072   0.0022      Fe 2  2400A  -9.182   0.0172            
 nFnu 24.30m  -8.755   0.0458      He 1  8261A -10.163   0.0018      Ca B 2.612m -10.171   0.0018      Fe 2 25.98m  -7.339   1.1935            
 nInu 24.30m  -3.9552890.3713      He 1 1.409m -10.124   0.0020      Ca B 2.564m -10.263   0.0014      Fe 2 5.339m  -7.340   1.1908            
 nFnu 22.83m  -8.729   0.0487      He 1 1.456m -10.096   0.0021      Ca B 2.525m -10.348   0.0012      Fe 2 4.114m  -9.536   0.0076            
 nInu 22.83m  -3.9772750.1143      He 1 1.458m -10.343   0.0012      Ca B 12.37m  -9.368   0.0112      Fe 2 1.257m  -7.537   0.7576            
 nFnu 21.42m  -8.708   0.0511      He 1 4.465m -10.275   0.0014      Ca B 7.500m  -9.553   0.0073      Fe 2 35.34m  -7.970   0.2794            
 nInu 21.42m  -4.0002605.8525      C  1  1101A  -9.859   0.0036      Ca B 5.907m  -9.724   0.0049      Fe 2 6.719m  -9.168   0.0177            
 nFnu 21.12m  -8.703   0.0517      N  1 853.4A  -9.648   0.0059      Ca B 5.127m  -9.875   0.0035      Fe 2 4.888m  -9.990   0.0027            
 nInu 21.12m  -4.0062573.6533      O  1 910.4A -10.073   0.0022      Ca B 4.671m -10.010   0.0025      Fe 2 4.075m -10.060   0.0023            
 nFnu 19.62m  -8.672   0.0555      grains......................      Ca B 4.375m -10.131   0.0019      Fe 2 1.321m  -8.114   0.2004            
 nInu 19.62m  -4.0312425.2581      H-like iso-sequence.........      Ca B 4.170m -10.241   0.0015      Fe 2 1.249m  -9.665   0.0056            
 nFnu 17.65m  -8.627   0.0616      Ca B  1216A  -6.035  24.0685      Ca B 4.020m -10.342   0.0012      Fe 2  7638A  -9.693   0.0053            
 nInu 17.65m  -4.0752194.8074      Q(H)  4861A  -4.3101277.9189      Ca B 19.06m  -9.719   0.0050      Fe 2 51.29m  -8.595   0.0662            
 nFnu 17.37m  -8.622   0.0622      Q(H)  1216A  -2.78742592.090      Ca B 11.31m  -9.870   0.0035      Fe 2 8.297m  -9.260   0.0143            
 nInu 17.37m  -4.0812165.1372      CaBo  4861A  -7.536   0.7595      Ca B 8.758m -10.020   0.0025      Fe 2 5.672m  -9.364   0.0113            
 nFnu 15.69m  -8.592   0.0667      Ca A  1216A  -6.183  17.0840      Ca B 7.506m -10.155   0.0018      Fe 2 4.606m  -9.872   0.0035            
 nInu 15.69m  -4.1201977.2665      Ca A  1026A  -6.903   3.2617      Ca B 6.770m -10.277   0.0014      Fe 2 4.081m  -9.984   0.0027            
 nFnu 14.60m  -8.557   0.0723      Ca A 972.5A  -7.329   1.2213      Ca B 6.290m -10.388   0.0011      Fe 2 1.372m  -8.338   0.1196            
 nInu 14.60m  -4.1481855.5414      Ca A 949.7A  -7.637   0.6012      Ca B 27.80m -10.030   0.0024      Fe 2 1.294m  -8.997   0.0263            
 nFnu 12.43m  -8.492   0.0840      Ca A 937.8A  -7.879   0.3441      Ca B 16.20m -10.156   0.0018      Fe 2  7687A -10.051   0.0023            
 nInu 12.43m  -4.2131597.4574      Ca A 930.8A  -8.080   0.2168      Ca B 12.38m -10.287   0.0013      Fe 2 87.36m  -9.483   0.0086            
 nFnu 11.40m  -8.469   0.0885      Ca A 926.2A  -8.252   0.1461      Ca B 10.50m -10.408   0.0010      Fe 2 9.898m  -9.337   0.0120            
 nInu 11.40m  -4.2461478.8425      Ca A 923.2A  -8.402   0.1034      Ca B 38.86m -10.310   0.0013      Fe 2 4.434m  -9.865   0.0036            
 nFnu 10.46m  -8.423   0.0984      Ca A 921.0A  -8.535   0.0760      Ca B 22.33m -10.415   0.0010      Fe 2 1.328m  -9.242   0.0149            
 nInu 10.46m  -4.2801369.0406      Ca A 919.4A  -8.655   0.0576      H  1     0   -6.643   5.9337      Fe 2 1.279m  -9.337   0.0120            
 nFnu 9.480m  -8.398   0.1042      Ca A 918.1A  -8.764   0.0448      H  1  1216A  -5.589  67.2019      Fe 2 1.252m -10.250   0.0015            
 nInu 9.480m  -4.3191250.3906      Ca A 917.2A  -8.864   0.0356      H  1  1026A  -6.087  21.3303      Fe 2 11.16m  -9.389   0.0106            
 nFnu 9.325m  -8.395   0.1051      Ca A 916.4A  -8.956   0.0289      H  1 972.5A  -6.413  10.0768      Fe 2 1.298m  -9.701   0.0052            
 nInu 9.325m  -4.3251233.5363      Ca A 915.8A  -9.040   0.0238      H  1 949.7A  -6.611   6.3770      Fe 2 1.270m  -9.538   0.0076            
 nFnu 8.210m  -8.333   0.1211      Ca A 915.3A  -9.117   0.0199      H  1 937.8A  -6.770   4.4269      Fe 2 17.93m  -7.617   0.6302            
 nInu 8.210m  -4.3761096.1350      Ca A 914.9A  -9.187   0.0169      H  1 930.8A  -7.012   2.5374      Fe 2 1.644m  -7.609   0.6408            
 nFnu 7.580m  -8.316   0.1259      Ca A 914.6A  -9.252   0.0146      H  1 926.2A  -7.230   1.5339      Fe 2 1.533m  -8.942   0.0298            
 nInu 7.580m  -4.4081019.7286      Ca A 914.3A  -9.311   0.0127      H  1 923.2A  -7.375   1.1003      Fe 2  8617A  -9.115   0.0200            
 nFnu 7.050m  -8.258   0.1440      Ca A 914.0A  -9.365   0.0113      H  1 921.0A  -7.518   0.7905      Fe 2 24.51m  -8.352   0.1158            
 nInu 7.050m  -4.435 956.8466      Ca A 913.8A  -9.414   0.0101      H  1  6563A  -6.997   2.6253      Fe 2 1.809m  -8.312   0.1270            
 nFnu 4.114m  -8.032   0.2422      Ca A 913.6A  -9.459   0.0091      H  1  4861A  -7.416   1.0000      Fe 2 1.677m  -9.081   0.0216            
 nInu 4.114m  -4.529 771.8693      Ca A 913.5A  -9.499   0.0083      H  1  4340A  -7.703   0.5169      Fe 2 1.599m  -9.276   0.0138            
 nFnu 2.324m  -7.925   0.3099      Ca A 913.3A  -9.535   0.0076      H  1  4102A  -7.924   0.3103      Fe 2  9052A  -9.773   0.0044            
 nInu 2.324m  -4.2911333.8389      Ca A  6563A  -7.211   1.6048      H  1  3970A  -8.169   0.1767      Fe 2  8892A  -9.694   0.0053            
 nFnu 1.643m  -7.779   0.4333      Ca A  4861A  -7.711   0.5074      H  1  3889A  -8.381   0.1084      Fe 2 35.77m  -9.189   0.0169            
 nInu 1.643m  -4.0542300.3013      Ca A  4340A  -8.054   0.2299      H  1  3835A  -8.537   0.0757      Fe 2 1.800m  -9.253   0.0146            
 nFnu 1.480m  -7.823   0.3922      Ca A  4102A  -8.316   0.1258      H  1  3798A  -8.681   0.0543      Fe 2 1.711m  -9.858   0.0036            
 nInu 1.480m  -4.0022595.1809      Ca A  3970A  -8.528   0.0772      H  1 1.875m  -7.881   0.3427      Fe 2 1.664m  -9.578   0.0069            
 nFnu 1.436m  -7.366   1.1210      Ca A  3889A  -8.708   0.0511      H  1 1.282m  -8.215   0.1590      Fe 2  9227A  -9.950   0.0029            
 nInu 1.436m  -3.8843408.3132      Ca A  3835A  -8.863   0.0358      H  1 1.094m  -8.463   0.0898      Fe 2 1.797m  -9.631   0.0061            
 nFnu 1.119m  -7.533   0.7634      Ca A  3798A  -9.000   0.0260      H  1 1.005m  -8.694   0.0528      Fe 2 1.745m  -9.886   0.0034            
 nInu 1.119m  -3.7314839.0635      Ca A  3771A  -9.123   0.0196      H  1  9546A  -8.891   0.0335      Fe 2 22.90m -10.166   0.0018            
 nFnu  8330A  -7.711   0.5071      Ca A  3750A  -9.235   0.0152      H  1  9229A  -9.049   0.0233      Fe2b  7000A  -9.515   0.0080            
 nInu  8330A  -3.5417492.7896      Ca A  3734A  -9.338   0.0120      H  1  9015A  -9.190   0.0168      Fe2b 10000A  -7.103   2.0555            
 nFnu  8079A  -6.878   3.4540      Ca A  3722A  -9.432   0.0096      H  1 4.051m  -8.478   0.0868      Fe2b  7445A  -9.515   0.0080            
 nInu  8079A  -3.39310548.195      Ca A  3712A  -9.520   0.0079      H  1 2.625m  -8.758   0.0455      Fe2b  8625A  -8.874   0.0348            
 nFnu  6210A  -7.248   1.4736      Ca A  3704A  -9.602   0.0065      H  1 2.166m  -8.990   0.0267      Fe2b 1.889m  -8.223   0.1561            
 nInu  6210A  -3.21515886.944      Ca A  3697A  -9.678   0.0055      H  1 1.945m  -9.186   0.0170      Fe 2  1786A  -8.625   0.0619            
 nFnu  4885A  -7.387   1.0697      Ca A  3692A  -9.750   0.0046      H  1 1.817m  -9.348   0.0117      recombination...............            
 nInu  4885A  -3.00425821.336      Ca A  3687A  -9.817   0.0040      H  1 1.736m  -9.491   0.0084      O  1  1357A  -9.780   0.0043            
 nFnu  3704A  -7.214   1.5914      Ca A  3683A  -9.880   0.0034      H  1 7.458m  -8.949   0.0293      C  1  1140A  -9.957   0.0029            
 nInu  3704A  -2.78742533.312      Ca A  3679A  -9.938   0.0030      H  1 4.653m  -9.196   0.0166      C  2 799.8A -10.102   0.0021            
 nFnu  3588A  -6.101  20.6366      Ca A  3676A  -9.992   0.0027      H  1 3.740m  -9.397   0.0104      N  1 980.7A -10.226   0.0015            
 nInu  3588A  -2.61563210.008      Ca A  3674A -10.042   0.0024      H  1 3.296m  -9.564   0.0071      O  1  7950A -10.391   0.0011            
 nFnu  2430A  -6.803   4.1002      Ca A  3671A -10.088   0.0021      H  1 3.038m  -9.710   0.0051      level2 lines................            
 nInu  2430A  -2.375109902.35      Ca A 1.875m  -7.945   0.2958      H  1 12.37m  -9.345   0.0118      C  1 943.9A  -9.550   0.0073            
 nFnu  2392A  -6.796   4.1712      Ca A 1.282m  -8.316   0.1258      H  1 7.500m  -9.560   0.0072      C  1  1248A  -9.700   0.0052            
 nInu  2392A  -2.362113250.43      Ca A 1.094m  -8.598   0.0658      H  1 5.907m  -9.737   0.0048      C  1 841.0A -10.250   0.0015            
 nFnu  2071A  -6.693   5.2852      Ca A 1.005m  -8.823   0.0392      H  1 5.127m  -9.888   0.0034      C  1  1561A -10.004   0.0026            
 nInu  2071A  -2.253145515.12      Ca A  9546A  -9.010   0.0254      H  1 19.06m  -9.684   0.0054      C  1  1315A  -9.945   0.0030            
 nFnu  2053A  -6.685   5.3786      Ca A  9229A  -9.172   0.0175      H  1 11.31m  -9.872   0.0035      C  1  1166A -10.132   0.0019            
 nInu  2053A  -2.254145355.20      Ca A  9015A  -9.314   0.0127      H  1 8.758m -10.035   0.0024      C  1  1233A -10.206   0.0016            
 nFnu  1793A  -6.589   6.7216      Ca A  8863A  -9.440   0.0095      H  1 27.80m  -9.982   0.0027      C  1  1251A -10.408   0.0010            
 nInu  1793A  -2.150184559.45      Ca A  8750A  -9.555   0.0073      H  1 16.20m -10.146   0.0019      C  2 892.8A  -8.581   0.0683            
 nFnu  1585A  -6.525   7.7886      Ca A  8665A  -9.660   0.0057      H  1 38.86m -10.249   0.0015      C  2 688.8A  -9.150   0.0185            
 nInu  1585A  -2.171175848.94      Ca A  8598A  -9.756   0.0046      He 2 303.8A  -9.968   0.0028      C  2  1020A  -8.827   0.0388            
 nFnu  1458A  -6.512   8.0272      Ca A  8545A  -9.845   0.0037      He-like iso-sequence........      C  2 596.6A  -9.517   0.0079            
 nInu  1458A  -2.058228222.72      Ca A  8502A  -9.929   0.0031      Hlin 506.0A  -9.768   0.0044      C  2 562.0A -10.017   0.0025            
 nFnu  1357A  -6.551   7.3236      Ca A  8467A -10.007   0.0026      Ca B  2945A  -9.847   0.0037      C  2 530.7A -10.305   0.0013            
 nInu  1357A  -1.988267990.38      Ca A  8438A -10.079   0.0022      Ca B  3188A  -9.527   0.0078      C  2 858.2A -10.310   0.0013            
 nFnu  1297A  -6.653   5.7891      Ca A  8413A -10.148   0.0019      Ca B  3614A -10.416   0.0010      N  1 942.3A -10.153   0.0018            
 nInu  1297A  -1.959286513.47      Ca A  8392A -10.212   0.0016      Ca B  3889A  -9.119   0.0198      N  1 952.1A -10.233   0.0015            
 nFnu  1263A  -6.846   3.7122      Ca A  8374A -10.273   0.0014      Ca B  3965A -10.105   0.0020      N  2 532.2A -10.278   0.0014            
 nInu  1263A  -1.954289927.25      Ca A  8359A -10.329   0.0012      Ca B  4026A  -9.740   0.0047      N  2 634.4A -10.183   0.0017            
 nFnu  1218A  -7.376   1.0968      Ca A  8346A -10.383   0.0011      Ca B  4388A -10.312   0.0013      N  2 907.1A  -9.904   0.0033            
 nInu  1218A  -1.935303072.25      Ca A 4.051m  -8.511   0.0804      Ca B  4471A  -9.404   0.0103      O  1 867.3A  -9.311   0.0127            
 nFnu  1196A  -8.452   0.0921      Ca A 2.625m  -8.799   0.0415      Ca B  4922A  -9.968   0.0028      O  1 787.5A -10.041   0.0024            
 nInu  1196A  -1.949293267.38      Ca A 2.166m  -9.034   0.0241      Ca B  5016A  -9.696   0.0052      O  1 976.8A  -9.243   0.0149            
 nFnu  1175A  -8.518   0.0790      Ca A 1.945m  -9.230   0.0153      Ca B  5876A  -8.930   0.0306      O  1 767.7A -10.044   0.0024            
 nInu  1175A  -1.953290428.75      Ca A 1.817m  -9.397   0.0104      Ca B  6678A  -9.473   0.0088      O  1 969.0A  -9.620   0.0063            
 nFnu  1144A  -8.543   0.0746      Ca A 1.736m  -9.543   0.0075      Ca B  7065A  -9.837   0.0038      O  1 754.4A -10.404   0.0010            
 nInu  1144A  -1.875347553.28      Ca A 1.681m  -9.673   0.0055      Ca B  7281A -10.344   0.0012      O  1 946.4A -10.029   0.0024            
 nFnu  1113A  -8.541   0.0750      Ca A 1.641m  -9.791   0.0042      Ca B 1.083m  -8.678   0.0547      O  1 934.5A -10.212   0.0016            
 nInu  1113A  -1.958287205.06      Ca A 1.611m  -9.897   0.0033      Ca B 1.278m -10.162   0.0018      O  1 973.6A -10.363   0.0011            
 nFnu  1103A  -8.143   0.1874      Ca A 1.588m  -9.996   0.0026      Ca B 1.869m  -9.770   0.0044      O  2 425.2A  -9.967   0.0028            
 nInu  1103A  -1.857361939.56      Ca A 1.570m -10.087   0.0021      Ca B 1.870m -10.248   0.0015      O  2 530.8A  -9.814   0.0040            
 nFnu  1074A  -8.311   0.1273      Ca A 1.556m -10.171   0.0018      Ca B 2.058m  -9.590   0.0067      Ne 1 688.6A -10.084   0.0021            
 nInu  1074A  -1.870351822.34      Ca A 1.544m -10.250   0.0015      He 1     0   -8.475   0.0874      Al 2  1671A  -9.599   0.0066            
 nFnu  1064A  -8.357   0.1145      Ca A 1.534m -10.324   0.0012      He 1 584.3A  -7.014   2.5252      Si 2  1180A  -8.799   0.0414            
 nInu  1064A  -1.831384824.94      Ca A 1.526m -10.394   0.0011      He 1 537.0A  -7.663   0.5661      Si 2 993.4A  -9.619   0.0063            
 nFnu  1036A  -8.427   0.0976      Ca A 7.458m  -8.979   0.0274      He 1 522.2A  -8.064   0.2251      S  2 750.3A  -9.422   0.0099            
 nInu  1036A  -1.870351713.06      Ca A 4.653m  -9.207   0.0162      He 1 515.6A  -8.266   0.1412      S  2 632.7A -10.274   0.0014            
 nFnu  1000A  -8.453   0.0919      Ca A 3.740m  -9.407   0.0102      He 1 512.1A  -8.424   0.0982      S  2 888.4A  -9.948   0.0029            
 nInu  1000A  -1.867353654.25      Ca A 3.296m  -9.579   0.0069      He 1 625.6A  -7.514   0.7979      hyperfine structure.........            
 nFnu 925.1A  -8.415   0.1003      Ca A 3.038m  -9.729   0.0049      TOTL 1.083m  -8.828   0.0387      inner shell.................            
 nInu 925.1A  -1.918314719.56      Ca A 2.872m  -9.862   0.0036      He 1 1.083m  -8.828   0.0387      molecules...................            
 nFnu 897.8A  -4.909 321.4356      Ca A 2.758m  -9.981   0.0027      He 1 1.083m  -9.782   0.0043      H-FB     0   -9.681   0.0054            
 nInu 897.8A  -2.202163888.30      Ca A 2.674m -10.090   0.0021      He 1 1.083m  -9.305   0.0129      H-FF     0   -9.764   0.0045            
 nFnu 760.0A  -7.998   0.2616      Ca A 2.612m -10.190   0.0017      He 1 1.083m  -9.083   0.0215      H-CT  6563A  -9.185   0.0170            
 nInu 760.0A  -2.262142454.67      Ca A 2.564m -10.282   0.0014      He 1  3889A  -9.200   0.0164      H2+      0   -9.921   0.0031            
 nFnu 701.5A  -8.390   0.1063      Ca A 2.525m -10.367   0.0011      He 1  3188A  -9.607   0.0064            
 nInu 701.5A  -2.337119858.42      Ca A 12.37m  -9.380   0.0109      He 1  2945A  -9.928   0.0031            

                                                    Emergent line intensities
 general properties..........      nFnu  1000A  -8.453   0.0919      Ca B  8863A  -9.386   0.0107      C  2  1335A  -8.792   0.0421            
 TOTL  4861A  -7.416   1.0000      nInu  1000A  -1.867353654.25      Ca B  8750A  -9.500   0.0082      REC   1335A -10.297   0.0013            
 TOTL  1216A  -5.589  67.2019      nFnu 925.1A  -8.415   0.1003      Ca B  8665A  -9.605   0.0065      C  3 977.0A -10.307   0.0013            
 continua....................      nInu 925.1A  -1.918314719.56      Ca B  8598A  -9.701   0.0052      N  1 953.9A -10.218   0.0016            
 Bac   3646A  -6.079  21.7255      nFnu 897.8A  -4.909 321.4356      Ca B  8545A  -9.790   0.0042      N  1  1200A  -9.192   0.0168            
 nFnu  3645A  -6.046  23.4711      nInu 897.8A  -2.202163888.30      Ca B  8502A  -9.872   0.0035      N  1  5200A -10.197   0.0017            
 nFnu  3647A  -7.174   1.7456      nFnu 760.0A  -7.998   0.2616      Ca B  8467A  -9.949   0.0029      N  1  5198A -10.254   0.0015            
 cout  3646A  -6.380  10.8628      nInu 760.0A  -2.262142454.67      Ca B  8438A -10.021   0.0025      TOTL  5199A  -9.923   0.0031            
 cref  3646A  -6.380  10.8628      nFnu 701.5A  -8.390   0.1063      Ca B  8413A -10.088   0.0021      N  2  6584A  -8.837   0.0379            
 thin  3646A  -6.079  21.7255      nInu 701.5A  -2.337119858.42      Ca B  8392A -10.151   0.0018      N  2  6548A  -9.307   0.0128            
 Inci  4860A  -3.00225956.494      nFnu 608.2A -10.142   0.0019      Ca B  8374A -10.210   0.0016      N  2 121.7m  -9.126   0.0195            
 Inci  1215A  -1.933304269.84      nInu 608.2A  -2.45192167.484      Ca B  8359A -10.265   0.0014      N  2 205.4m  -9.975   0.0028            
 FIR  83.00m  -3.4369553.9346      nFnu 575.1A  -8.841   0.0376      Ca B  8346A -10.317   0.0013      N  2  1085A  -9.252   0.0146            
 TIR   1800m  -5.738  47.6042      nInu 575.1A  -2.44593515.625      Ca B  8334A -10.364   0.0011      O  1  6300A  -9.499   0.0083            
 NIRa 2.850m  -3.38210816.843      nInu 511.9A  -2.51879098.945      Ca B 4.051m  -8.494   0.0835      O  1  6363A  -9.995   0.0026            
 NIRb 3.000m  -3.8863386.3369      nFnu 496.9A  -6.185  17.0392      Ca B 2.625m  -8.778   0.0434      O  1 63.17m  -8.088   0.2127            
 MIRa 15.00m  -4.0092550.8149      nInu 496.9A  -2.72049683.695      Ca B 2.166m  -9.012   0.0254      O  1 145.5m  -9.229   0.0154            
 MIRb 22.50m  -3.7874257.6650      nInu 399.2A  -2.95029275.947      Ca B 1.945m  -9.205   0.0162      TOTL  3727A  -9.382   0.0108            
 NMIR 21.75m  -3.38210816.843      RRC.........................      Ca B 1.817m  -9.371   0.0111      IONZ  3727A  -9.743   0.0047            
 TFIR 611.2m  -3.9482939.0427      grains......................      Ca B 1.736m  -9.517   0.0079      IONZ  7325A -10.410   0.0010            
 TALL 10000A  -1.844373308.75      H-like iso-sequence.........      Ca B 1.681m  -9.646   0.0059      O II  3729A  -9.951   0.0029            
 F12  12.00m  -4.491 842.4471      Ca B  1216A  -6.035  24.0685      Ca B 1.641m  -9.763   0.0045      O II  3726A  -9.912   0.0032            
 F25  25.00m  -4.2981312.1202      Q(H)  4861A  -4.3101277.9189      Ca B 1.611m  -9.869   0.0035      O  2 833.8A  -9.092   0.0211            
 F60  60.00m  -3.8353807.3254      Q(H)  1216A  -2.78742592.090      Ca B 1.588m  -9.967   0.0028      Ne 2 12.81m  -8.089   0.2124            
 F100 100.0m  -4.0232474.2332      CaBo  4861A  -7.536   0.7593      Ca B 1.570m -10.057   0.0023      Mg 1  2853A  -9.962   0.0028            
 MIPS 24.00m  -4.612 636.9421      Ca A  1216A  -6.183  17.0840      Ca B 1.556m -10.141   0.0019      TOTL  2798A  -8.885   0.0340            
 MIPS 70.00m  -4.1931672.7272      Ca A  1026A  -6.903   3.2617      Ca B 1.544m -10.220   0.0016      Mg 2  2796A  -9.063   0.0226            
 MIPS 160.0m  -4.418 996.1881      Ca A 972.5A  -7.329   1.2213      Ca B 1.534m -10.293   0.0013      Mg 2  2803A  -9.360   0.0114            
 IRAC 3.600m  -5.138 189.7823      Ca A 949.7A  -7.637   0.6012      Ca B 1.526m -10.362   0.0011      Si 1 68.40m -10.144   0.0019            
 IRAC 4.500m  -5.204 162.7721      Ca A 937.8A  -7.879   0.3441      Ca B 7.458m  -8.966   0.0282      Si 2 34.81m  -7.203   1.6318            
 IRAC 5.800m  -5.124 195.9671      Ca A 930.8A  -8.080   0.2168      Ca B 4.653m  -9.194   0.0167      Si 2  1531A  -9.726   0.0049            
 IRAC 8.000m  -4.840 376.5107      Ca A 926.2A  -8.252   0.1461      Ca B 3.740m  -9.393   0.0106      Si 2  1308A  -9.802   0.0041            
 SPR1 250.0m  -4.840 376.9738      Ca A 923.2A  -8.402   0.1034      Ca B 3.296m  -9.563   0.0071      Si 2  1263A  -8.693   0.0529            
 SPR2 350.0m  -5.276 138.1324      Ca A 921.0A  -8.535   0.0760      Ca B 3.038m  -9.712   0.0051      P  2 60.64m  -9.821   0.0039            
 SPR3 500.0m  -5.664  56.5449      Ca A 919.4A  -8.655   0.0576      Ca B 2.872m  -9.845   0.0037      P  2 32.87m  -9.478   0.0087            
 PAC1 70.00m  -4.1301930.4689      Ca A 918.1A  -8.764   0.0448      Ca B 2.758m  -9.964   0.0028      P  2 1.189m -10.414   0.0010            
 PAC2 100.0m  -4.0182502.7617      Ca A 917.2A  -8.864   0.0356      Ca B 2.674m -10.072   0.0022      S  1 25.19m  -9.623   0.0062            
 PAC3 160.0m  -4.1611800.2782      Ca A 916.4A  -8.956   0.0289      Ca B 2.612m -10.171   0.0018      S  2  6720A  -8.288   0.1344            
 PAH  3.300m  -5.968  28.0361      Ca A 915.8A  -9.040   0.0238      Ca B 2.564m -10.263   0.0014      S  2  4074A -10.253   0.0015            
 PAHC 3.230m  -6.221  15.6673      Ca A 915.3A  -9.117   0.0199      Ca B 2.525m -10.348   0.0012      S II  6731A  -8.560   0.0719            
 PAHC 3.370m  -6.301  13.0437      Ca A 914.9A  -9.187   0.0169      Ca B 12.37m  -9.368   0.0112      S II  6716A  -8.620   0.0625            
 PAH  6.200m  -5.578  68.8330      Ca A 914.6A  -9.252   0.0146      Ca B 7.500m  -9.553   0.0073      S II  4070A -10.377   0.0011            
 PAHC 5.650m  -5.573  69.6194      Ca A 914.3A  -9.311   0.0127      Ca B 5.907m  -9.724   0.0049      S  3 18.67m  -8.898   0.0330            
 PAH  7.900m  -5.288 134.3881      Ca A 914.0A  -9.365   0.0113      Ca B 5.127m  -9.875   0.0035      S  3 33.47m  -8.888   0.0337            
 PAHC 6.900m  -5.282 136.2330      Ca A 913.8A  -9.414   0.0101      Ca B 4.671m -10.010   0.0025      S  3  9532A  -9.826   0.0039            
 PAH  11.30m  -5.700  51.9548      Ca A 913.6A  -9.459   0.0091      Ca B 4.375m -10.131   0.0019      S  3  9069A -10.220   0.0016            
 PAHC 10.90m  -5.699  52.1131      Ca A 913.5A  -9.499   0.0083      Ca B 4.170m -10.241   0.0015      Cl 2 33.30m -10.028   0.0024            
 PAH  11.80m  -5.460  90.4329      Ca A 913.3A  -9.535   0.0076      Ca B 4.020m -10.342   0.0012      Cl 2 14.40m  -8.892   0.0334            
 PAHC 12.65m  -5.461  90.1771      Ca A  6563A  -7.211   1.6048      Ca B 19.06m  -9.719   0.0050      Cl 2  8579A  -9.681   0.0054            
 PAH  13.30m  -5.406 102.3289      Ca A  4861A  -7.711   0.5074      Ca B 11.31m  -9.870   0.0035      Cl 2  9124A -10.259   0.0014            
 PAHC 14.10m  -5.408 101.8132      Ca A  4340A  -8.054   0.2299      Ca B 8.758m -10.020   0.0025      Ar 2 6.980m  -8.163   0.1791            
 Bcon  3640A  -2.003258774.64      Ca A  4102A  -8.316   0.1258      Ca B 7.506m -10.155   0.0018      Ar 3 21.83m -10.386   0.0011            
 Pcon  5000A  -3.14018885.783      Ca A  3970A  -8.528   0.0772      Ca B 6.770m -10.277   0.0014      Ar 3 9.000m  -9.177   0.0173            
 nInu 2.003c -10.071   0.0022      Ca A  3889A  -8.708   0.0511      Ca B 6.290m -10.388   0.0011      Ca 2  3933A -10.113   0.0020            
 nInu 1.335c  -9.537   0.0076      Ca A  3835A  -8.863   0.0358      Ca B 27.80m -10.030   0.0024      Ca 2  7306A  -8.347   0.1171            
 nInu  9993m  -9.159   0.0181      Ca A  3798A  -9.000   0.0260      Ca B 16.20m -10.156   0.0018      Ca2K  3934A -10.301   0.0013            
 nInu  6917m  -8.684   0.0540      Ca A  3771A  -9.123   0.0196      Ca B 12.38m -10.287   0.0013      CaF1  7291A  -8.575   0.0694            
 nFnu 122.4m  -9.367   0.0112      Ca A  3750A  -9.235   0.0152      Ca B 10.50m -10.408   0.0010      CaF2  7324A  -8.737   0.0477            
 nInu 122.4m  -3.6076447.6606      Ca A  3734A  -9.338   0.0120      Ca B 38.86m -10.310   0.0013      Fe 2  4300A  -9.323   0.0124            
 nFnu 60.83m  -9.125   0.0195      Ca A  3722A  -9.432   0.0096      Ca B 22.33m -10.415   0.0010      Fe 2  2400A  -9.182   0.0172            
 nInu 60.83m  -3.6545781.1860      Ca A  3712A  -9.520   0.0079      H  1  1216A  -5.589  67.2019      Fe 2 25.98m  -7.339   1.1935            
 nFnu 41.22m  -8.954   0.0290      Ca A  3704A  -9.602   0.0065      H  1  1026A  -6.087  21.3302      Fe 2 5.339m  -7.340   1.1908            
 nInu 41.22m  -3.7664464.0942      Ca A  3697A  -9.678   0.0055      H  1 972.5A  -6.413  10.0768      Fe 2 4.114m  -9.536   0.0076            
 nFnu 30.87m  -8.845   0.0372      Ca A  3692A  -9.750   0.0046      H  1 949.7A  -6.611   6.3770      Fe 2 1.257m  -7.537   0.7576            
 nInu 30.87m  -3.8693526.6118      Ca A  3687A  -9.817   0.0040      H  1 937.8A  -6.770   4.4269      Fe 2 35.34m  -7.970   0.2794            
 nFnu 24.78m  -8.762   0.0451      Ca A  3683A  -9.880   0.0034      H  1 930.8A  -7.012   2.5374      Fe 2 6.719m  -9.168   0.0177            
 nInu 24.78m  -3.9482938.6873      Ca A  3679A  -9.938   0.0030      H  1 926.2A  -7.230   1.5339      Fe 2 4.888m  -9.990   0.0027            
 nFnu 24.30m  -8.755   0.0458      Ca A  3676A  -9.992   0.0027      H  1 923.2A  -7.375   1.1003      Fe 2 4.075m -10.060   0.0023            
 nInu 24.30m  -3.9552890.3713      Ca A  3674A -10.042   0.0024      H  1 921.0A  -7.518   0.7905      Fe 2 1.321m  -8.114   0.2004            
 nFnu 22.83m  -8.729   0.0487      Ca A  3671A -10.088   0.0021      H  1  6563A  -6.997   2.6253      Fe 2 1.249m  -9.665   0.0056            
 nInu 22.83m  -3.9772750.1143      Ca A 1.875m  -7.945   0.2958      H  1  4861A  -7.416   1.0000      Fe 2  7638A  -9.693   0.0053            
 nFnu 21.42m  -8.708   0.0511      Ca A 1.282m  -8.316   0.1258      H  1  4340A  -7.703   0.5169      Fe 2 51.29m  -8.595   0.0662            
 nInu 21.42m  -4.0002605.8525      Ca A 1.094m  -8.598   0.0658      H  1  4102A  -7.924   0.3103      Fe 2 8.297m  -9.260   0.0143            
 nFnu 21.12m  -8.703   0.0517      Ca A 1.005m  -8.823   0.0392      H  1  3970A  -8.169   0.1767      Fe 2 5.672m  -9.364   0.0113            
 nInu 21.12m  -4.0062573.6533      Ca A  9546A  -9.010   0.0254      H  1  3889A  -8.381   0.1084      Fe 2 4.606m  -9.872   0.0035            
 nFnu 19.62m  -8.672   0.0555      Ca A  9229A  -9.172   0.0175      H  1  3835A  -8.537   0.0757      Fe 2 4.081m  -9.984   0.0027            
 nInu 19.62m  -4.0312425.2581      Ca A  9015A  -9.314   0.0127      H  1  3798A  -8.681   0.0543      Fe 2 1.372m  -8.338   0.1196            
 nFnu 17.65m  -8.627   0.0616      Ca A  8863A  -9.440   0.0095      H  1 1.875m  -7.881   0.3427      Fe 2 1.294m  -8.997   0.0263            
 nInu 17.65m  -4.0752194.8074      Ca A  8750A  -9.555   0.0073      H  1 1.282m  -8.215   0.1590      Fe 2  7687A -10.051   0.0023            
 nFnu 17.37m  -8.622   0.0622      Ca A  8665A  -9.660   0.0057      H  1 1.094m  -8.463   0.0898      Fe 2 87.36m  -9.483   0.0086            
 nInu 17.37m  -4.0812165.1372      Ca A  8598A  -9.756   0.0046      H  1 1.005m  -8.694   0.0528      Fe 2 9.898m  -9.337   0.0120            
 nFnu 15.69m  -8.592   0.0667      Ca A  8545A  -9.845   0.0037      H  1  9546A  -8.891   0.0335      Fe 2 4.434m  -9.865   0.0036            
 nInu 15.69m  -4.1201977.2665      Ca A  8502A  -9.929   0.0031      H  1  9229A  -9.049   0.0233      Fe 2 1.328m  -9.242   0.0149            
 nFnu 14.60m  -8.557   0.0723      Ca A  8467A -10.007   0.0026      H  1  9015A  -9.190   0.0168      Fe 2 1.279m  -9.337   0.0120            
 nInu 14.60m  -4.1481855.5414      Ca A  8438A -10.079   0.0022      H  1 4.051m  -8.478   0.0868      Fe 2 1.252m -10.250   0.0015            
 nFnu 12.43m  -8.492   0.0840      Ca A  8413A -10.148   0.0019      H  1 2.625m  -8.758   0.0455      Fe 2 11.16m  -9.389   0.0106            
 nInu 12.43m  -4.2131597.4574      Ca A  8392A -10.212   0.0016      H  1 2.166m  -8.990   0.0267      Fe 2 1.298m  -9.701   0.0052            
 nFnu 11.40m  -8.469   0.0885      Ca A  8374A -10.273   0.0014      H  1 1.945m  -9.186   0.0170      Fe 2 1.270m  -9.538   0.0076            
 nInu 11.40m  -4.2461478.8425      Ca A  8359A -10.329   0.0012      H  1 1.817m  -9.348   0.0117      Fe 2 17.93m  -7.617   0.6302            
 nFnu 10.46m  -8.423   0.0984      Ca A  8346A -10.383   0.0011      H  1 1.736m  -9.491   0.0084      Fe 2 1.644m  -7.609   0.6408            
 nInu 10.46m  -4.2801369.0406      Ca A 4.051m  -8.511   0.0804      H  1 7.458m  -8.949   0.0293      Fe 2 1.533m  -8.942   0.0298            
 nFnu 9.480m  -8.398   0.1042      Ca A 2.625m  -8.799   0.0415      H  1 4.653m  -9.196   0.0166      Fe 2  8617A  -9.115   0.0200            
 nInu 9.480m  -4.3191250.3906      Ca A 2.166m  -9.034   0.0241      H  1 3.740m  -9.397   0.0104      Fe 2 24.51m  -8.352   0.1158            
 nFnu 9.325m  -8.395   0.1051      Ca A 1.945m  -9.230   0.0153      H  1 3.296m  -9.564   0.0071      Fe 2 1.809m  -8.312   0.1270            
 nInu 9.325m  -4.3251233.5363      Ca A 1.817m  -9.397   0.0104      H  1 3.038m  -9.710   0.0051      Fe 2 1.677m  -9.081   0.0216            
 nFnu 8.210m  -8.333   0.1211      Ca A 1.736m  -9.543   0.0075      H  1 12.37m  -9.345   0.0118      Fe 2 1.599m  -9.276   0.0138            
 nInu 8.210m  -4.3761096.1350      Ca A 1.681m  -9.673   0.0055      H  1 7.500m  -9.560   0.0072      Fe 2  9052A  -9.773   0.0044            
 nFnu 7.580m  -8.316   0.1259      Ca A 1.641m  -9.791   0.0042      H  1 5.907m  -9.737   0.0048      Fe 2  8892A  -9.694   0.0053            
 nInu 7.580m  -4.4081019.7286      Ca A 1.611m  -9.897   0.0033      H  1 5.127m  -9.888   0.0034      Fe 2 35.77m  -9.189   0.0169            
 nFnu 7.050m  -8.258   0.1440      Ca A 1.588m  -9.996   0.0026      H  1 19.06m  -9.684   0.0054      Fe 2 1.800m  -9.253   0.0146            
 nInu 7.050m  -4.435 956.8466      Ca A 1.570m -10.087   0.0021      H  1 11.31m  -9.872   0.0035      Fe 2 1.711m  -9.858   0.0036            
 nFnu 4.114m  -8.032   0.2422      Ca A 1.556m -10.171   0.0018      H  1 8.758m -10.035   0.0024      Fe 2 1.664m  -9.578   0.0069            
 nInu 4.114m  -4.529 771.8693      Ca A 1.544m -10.250   0.0015      H  1 27.80m  -9.982   0.0027      Fe 2  9227A  -9.950   0.0029            
 nFnu 2.324m  -7.925   0.3099      Ca A 1.534m -10.324   0.0012      H  1 16.20m -10.146   0.0019      Fe 2 1.797m  -9.631   0.0061            
 nInu 2.324m  -4.2911333.8389      Ca A 1.526m -10.394   0.0011      H  1 38.86m -10.249   0.0015      Fe 2 1.745m  -9.886   0.0034            
 nFnu 1.643m  -7.779   0.4333      Ca A 7.458m  -8.979   0.0274      He 2 303.8A  -9.969   0.0028      Fe 2 22.90m -10.166   0.0018            
 nInu 1.643m  -4.0542300.3013      Ca A 4.653m  -9.207   0.0162      He-like iso-sequence........      Fe2b  7000A  -9.515   0.0080            
 nFnu 1.480m  -7.823   0.3922      Ca A 3.740m  -9.407   0.0102      Hlin 506.0A  -9.768   0.0044      Fe2b 10000A  -7.103   2.0555            
 nInu 1.480m  -4.0022595.1809      Ca A 3.296m  -9.579   0.0069      Ca B  2945A  -9.847   0.0037      Fe2b  7445A  -9.515   0.0080            
 nFnu 1.436m  -7.366   1.1210      Ca A 3.038m  -9.729   0.0049      Ca B  3188A  -9.527   0.0078      Fe2b  8625A  -8.874   0.0348            
 nInu 1.436m  -3.8843408.3132      Ca A 2.872m  -9.862   0.0036      Ca B  3614A -10.416   0.0010      Fe2b 1.889m  -8.223   0.1561            
 nFnu 1.119m  -7.533   0.7634      Ca A 2.758m  -9.981   0.0027      Ca B  3889A  -9.119   0.0198      Fe 2  1786A  -8.625   0.0619            
 nInu 1.119m  -3.7314839.0635      Ca A 2.674m -10.090   0.0021      Ca B  3965A -10.105   0.0020      recombination...............            
 nFnu  8330A  -7.711   0.5071      Ca A 2.612m -10.190   0.0017      Ca B  4026A  -9.740   0.0047      O  1  1357A  -9.780   0.0043            
 nInu  8330A  -3.5417492.7896      Ca A 2.564m -10.282   0.0014      Ca B  4388A -10.312   0.0013      C  1  1140A  -9.957   0.0029            
 nFnu  8079A  -6.878   3.4540      Ca A 2.525m -10.367   0.0011      Ca B  4471A  -9.404   0.0103      C  2 799.8A -10.104   0.0021            
 nInu  8079A  -3.39310548.195      Ca A 12.37m  -9.380   0.0109      Ca B  4922A  -9.968   0.0028      N  1 980.7A -10.226   0.0015            
 nFnu  6210A  -7.248   1.4736      Ca A 7.500m  -9.563   0.0071      Ca B  5016A  -9.696   0.0052      O  1  7950A -10.391   0.0011            
 nInu  6210A  -3.21515886.944      Ca A 5.907m  -9.735   0.0048      Ca B  5876A  -8.930   0.0306      level2 lines................            
 nFnu  4885A  -7.387   1.0697      Ca A 5.127m  -9.887   0.0034      Ca B  6678A  -9.473   0.0088      C  1 943.9A  -9.550   0.0073            
 nInu  4885A  -3.00425821.336      Ca A 4.671m -10.022   0.0025      Ca B  7065A  -9.837   0.0038      C  1  1248A  -9.700   0.0052            
 nFnu  3704A  -7.214   1.5914      Ca A 4.375m -10.143   0.0019      Ca B  7281A -10.344   0.0012      C  1 841.0A -10.252   0.0015            
 nInu  3704A  -2.78742533.312      Ca A 4.170m -10.254   0.0015      Ca B 1.083m  -8.678   0.0547      C  1  1561A -10.004   0.0026            
 nFnu  3588A  -6.101  20.6366      Ca A 4.020m -10.355   0.0012      Ca B 1.278m -10.162   0.0018      C  1  1315A  -9.945   0.0030            
 nInu  3588A  -2.61563210.008      Ca A 19.06m  -9.730   0.0048      Ca B 1.869m  -9.770   0.0044      C  1  1166A -10.132   0.0019            
 nFnu  2430A  -6.803   4.1002      Ca A 11.31m  -9.880   0.0034      Ca B 1.870m -10.248   0.0015      C  1  1233A -10.206   0.0016            
 nInu  2430A  -2.375109902.35      Ca A 8.758m -10.029   0.0024      Ca B 2.058m  -9.590   0.0067      C  1  1251A -10.408   0.0010            
 nFnu  2392A  -6.796   4.1712      Ca A 7.506m -10.165   0.0018      He 1 584.3A  -7.015   2.5176      C  2 892.8A  -8.584   0.0680            
 nInu  2392A  -2.362113250.43      Ca A 6.770m -10.287   0.0013      He 1 537.0A  -7.664   0.5649      C  2 688.8A  -9.151   0.0184            
 nFnu  2071A  -6.693   5.2852      Ca A 6.290m -10.398   0.0010      He 1 522.2A  -8.064   0.2248      C  2  1020A  -8.827   0.0388            
 nInu  2071A  -2.253145515.12      Ca A 27.80m -10.042   0.0024      He 1 515.6A  -8.267   0.1409      C  2 596.6A  -9.518   0.0079            
 nFnu  2053A  -6.685   5.3786      Ca A 16.20m -10.166   0.0018      He 1 512.1A  -8.425   0.0980      C  2 562.0A -10.017   0.0025            
 nInu  2053A  -2.254145355.20      Ca A 12.38m -10.296   0.0013      He 1 625.6A  -7.515   0.7962      C  2 530.7A -10.305   0.0013            
 nFnu  1793A  -6.589   6.7216      Ca A 38.86m -10.323   0.0012      TOTL 1.083m  -8.828   0.0387      C  2 858.2A -10.312   0.0013            
 nInu  1793A  -2.150184559.45      Ca B  6563A  -7.063   2.2522      He 1 1.083m  -8.828   0.0387      N  1 942.3A -10.153   0.0018            
 nFnu  1585A  -6.525   7.7886      Ca B  4861A  -7.559   0.7195      He 1 1.083m  -9.782   0.0043      N  1 952.1A -10.233   0.0015            
 nInu  1585A  -2.171175848.94      Ca B  4340A  -7.903   0.3262      He 1 1.083m  -9.305   0.0129      N  2 532.2A -10.279   0.0014            
 nFnu  1458A  -6.512   8.0272      Ca B  4102A  -8.165   0.1782      He 1 1.083m  -9.083   0.0215      N  2 634.4A -10.184   0.0017            
 nInu  1458A  -2.058228222.72      Ca B  3970A  -8.378   0.1091      He 1  3889A  -9.200   0.0164      N  2 907.1A  -9.906   0.0032            
 nFnu  1357A  -6.551   7.3236      Ca B  3889A  -8.559   0.0720      He 1  3188A  -9.607   0.0064      O  1 867.3A  -9.313   0.0127            
 nInu  1357A  -1.988267990.38      Ca B  3835A  -8.715   0.0503      He 1  2945A  -9.928   0.0031      O  1 787.5A -10.043   0.0024            
 nFnu  1297A  -6.653   5.7891      Ca B  3798A  -8.853   0.0366      He 1  2829A -10.183   0.0017      O  1 976.8A  -9.243   0.0149            
 nInu  1297A  -1.959286513.47      Ca B  3771A  -8.977   0.0275      He 1  5016A -10.122   0.0020      O  1 767.7A -10.046   0.0023            
 nFnu  1263A  -6.846   3.7122      Ca B  3750A  -9.089   0.0212      He 1  3965A -10.411   0.0010      O  1 969.0A  -9.620   0.0063            
 nInu  1263A  -1.954289927.25      Ca B  3734A  -9.192   0.0167      He 1  7065A  -9.944   0.0030      O  1 754.4A -10.405   0.0010            
 nFnu  1218A  -7.376   1.0968      Ca B  3722A  -9.287   0.0135      He 1  5876A  -9.004   0.0259      O  1 946.4A -10.029   0.0024            
 nInu  1218A  -1.935303072.25      Ca B  3712A  -9.374   0.0110      He 1  4471A  -9.479   0.0087      O  1 934.5A -10.212   0.0016            
 nFnu  1196A  -8.452   0.0921      Ca B  3704A  -9.456   0.0091      He 1  4026A  -9.816   0.0040      O  1 973.6A -10.363   0.0011            
 nInu  1196A  -1.949293267.38      Ca B  3697A  -9.531   0.0077      He 1  3820A -10.077   0.0022      O  2 425.2A  -9.968   0.0028            
 nFnu  1175A  -8.518   0.0790      Ca B  3692A  -9.602   0.0065      He 1  6678A  -9.547   0.0074      O  2 530.8A  -9.815   0.0040            
 nInu  1175A  -1.953290428.75      Ca B  3687A  -9.667   0.0056      He 1  4922A -10.042   0.0024      Ne 1 688.6A -10.085   0.0021            
 nFnu  1144A  -8.543   0.0746      Ca B  3683A  -9.728   0.0049      He 1  4388A -10.383   0.0011      Al 2  1671A  -9.599   0.0066            
 nInu  1144A  -1.875347553.28      Ca B  3679A  -9.785   0.0043      He 1 1.869m  -9.842   0.0038      Si 2  1180A  -8.799   0.0414            
 nFnu  1113A  -8.541   0.0750      Ca B  3676A  -9.838   0.0038      He 1 1.278m -10.238   0.0015      Si 2 993.4A  -9.619   0.0063            
 nInu  1113A  -1.958287205.06      Ca B  3674A  -9.887   0.0034      He 1 1.870m -10.320   0.0012      S  2 750.3A  -9.423   0.0098            
 nFnu  1103A  -8.143   0.1874      Ca B  3671A  -9.932   0.0030      Pho+  3889A  -8.269   0.1403      S  2 632.7A -10.275   0.0014            
 nInu  1103A  -1.857361939.56      Ca B 1.875m  -7.911   0.3198      database lines..............      S  2 888.4A  -9.950   0.0029            
 nFnu  1074A  -8.311   0.1273      Ca B 1.282m  -8.273   0.1389      level 1 lines...............      hyperfine structure.........            
 nInu  1074A  -1.870351822.34      Ca B 1.094m  -8.550   0.0734      C  1  1656A  -9.453   0.0092      inner shell.................            
 nFnu  1064A  -8.357   0.1145      Ca B 1.005m  -8.772   0.0440      REC   1656A -10.008   0.0026      molecules...................            
 nInu  1064A  -1.831384824.94      Ca B  9546A  -8.958   0.0287      C Ic  9850A  -8.676   0.0550      H-CT  6563A  -9.185   0.0170            
 nFnu  1036A  -8.427   0.0976      Ca B  9229A  -9.119   0.0198      TOTL  9850A  -8.675   0.0551            
 nInu  1036A  -1.870351713.06      Ca B  9015A  -9.260   0.0143      C  2 157.6m  -8.729   0.0487            



                                                                           
 Cooling:  HFBc     0 :0.087 Fe2c     0 :0.597  
 Heating:  BFH1     0 :0.961  

 These are some of the most important databases used by Cloudy:
 Many recombination coefficients were taken from http://amdpp.phys.strath.ac.uk/tamoc/RR/ and http://amdpp.phys.strath.ac.uk/tamoc/DR/
      and are based on the following papers:
        Badnell N. R., et al., A&A 406, 1151 (2003) [http://adsabs.harvard.edu/abs/2003A%26A...406.1151B]
        Badnell N. R., ApJS 167, 334 (2006) [http://adsabs.harvard.edu/abs/2006ApJS..167..334B]
 Much of the molecular emission data is from LAMDA as accessed on Dec. 18, 2010. This database is described in:
        Schoeier F.L., et al., A&A 432, 369 (2005) [http://adsabs.harvard.edu/abs/2005A%26A...432..369S]
      This database is in part based on the work of the following groups:
        JPL: Pickett H. M. et al., JQSRT, 60, 883 (1998). [http://adsabs.harvard.edu/abs/1998JQSRT..60..883P]
        CDMS: Mueller H. S. et al., A&A 370, L49 (2001). [http://adsabs.harvard.edu/abs/2001A%26A...370L..49M]
              Mueller H. S. et al., J. Mol. Struct. 742, 215 (2005). [http://adsabs.harvard.edu/abs/2005JMoSt.742..215M]
 Much of the ionic emission data is from version 7.0 of CHIANTI. CHIANTI is a collaborative project involving the NRL (USA), the
      Universities of Florence (Italy) and Cambridge (UK), and George Mason University (USA). These papers describe Chianti:
        Dere K. P., et al., A&AS, 125, 149 (1997) [http://adsabs.harvard.edu/abs/1997A%26AS..125..149D]
        Landi E., et al., ApJ, 744, 99 (2012) [http://adsabs.harvard.edu/abs/2012ApJ...744...99L]
 Much of the H_2 data is from this web site: http://molat.obspm.fr/index.php?page=pages/Molecules/H2/H2can94.php. These data are
      described in:
        Abgrall H. et al., Can. J. Phys., 72, 856 (1994) [http://adsabs.harvard.edu/abs/1994CaJPh..72..856A]
        Wrathmall S. A. & Flower D. R., J. Phys. B, 40, 3221 (2007) [http://adsabs.harvard.edu/abs/2007JPhB...40.3221W]
 Please cite those papers that played a significant role in this calculation.

 IONIZE PARMET:  U(1-) -5.4768  U(4-):-14.1066  U(sp): -5.48  Q(ion):    8.000  L(ion) -2.528    Q(low): 10.371    L(low) -1.945
 ENERGY BUDGET:  Heat:  -6.416  Coolg:  -6.416  Error:  0.0%  Rec Lin:  -6.560  F-F  H  0.000    P(rad/tot)max     0.00E+00

     Col(Heff):      0.000E+00  snd travl time  7.53E+05 sec  Te-low: 3.63E+03  Te-hi: 3.63E+03  G0TH85: 4.92E+00  G0DB96:6.38E+00
  Emiss Measure    n(e)n(p) dl       9.761E+16  n(e)n(He+)dl         2.458E+15  En(e)n(He++) dl         4.123E+05  ne nC+:4.89E+13
 He/Ha:1.91E-02  =   0.22*true  Lthin:1.53E+05  itr/zn:23.00  H2 itr/zn:  0.00  File Opacity: F  MassTot 1.00e-09  (gm/cm^2)
   Temps(21 cm)   T(21cm/Ly a)  3.44E+03        T(<nH/Tkin>)  3.63E+03          T(<nH/Tspin>)    3.64E+03          TB21cm:0.00E+00
                   N(H0/Tspin)  6.51E+10        N(OH/Tkin)    4.69E+00          B(21cm)          0.00E+00
   <a>:2.09E-07  erdeFe0.0E+00  Tcompt1.34E+11  Tthr1.35E+09  <Tden>: 3.63E+03  <dens>:2.27E-21  <MolWgt>8.75E-01
     Mean Jeans  l(cm)8.46E+19  M(sun)3.62E+05  smallest:     len(cm):8.46E+19  M(sun):3.62E+05  a_ox tran:  0.00
 Rion:1.000E+30  Dist:0.00E+00  Diam:0.000E+00
 Hatom level 70  HatomType: add  HInducImp  F  He tot level: 63  He2 level:   70  ExecTime    11.8
 ConvrgError(%)  <eden>  0.189  MaxEden  0.189  <H-C>   0.14  Max(H-C)    0.14  <Press>   0.000  MaxPrs er  0.000
  Continuity(%)  chng Te   0.0  elec den   0.0  n(H2)    0.0  n(CO)        0.0

                                                        Averaged Quantities
             Te      Te(Ne)   Te(NeNp)  Te(NeHe+)Te(NeHe2+) Te(NeO+)  Te(NeO2+)  Te(H2)     N(H)     Ne(O2+)   Ne(Np)
 Radius:  3.63e+03  3.63e+03  3.63e+03  3.63e+03  3.63e+03  3.63e+03  3.63e+03  3.63e+03  1.00e+03  4.75e+02  4.75e+02
 
 Peimbert T(OIIIr)3.63E+03 T(Bac)5.80E+03 T(Hth)3.54E+03 t2(Hstrc) 1.57e-32 T(O3-BAC)3.56E+03 t2(O3-BC) 1.93e-03 t2(O3str) 0.00e+00

 Contin Optical Depths: COMP: 1.40e-10    H-: 3.85e-10 R(1300): 1.59e-09  H2+: 8.24e-12  Pfa:1.40E-10
                          Pa: 1.40e-10    Ba: 4.89e-10      Hb: 4.10e-10   La: 3.43e-06     1r:1.499E-03  1.8:5.38E-04 4.:9.538E-05

 Old, new H  1 continuum optical depths:
     1 1.50e-03     2 1.96e-10     3 3.86e-10     4 3.86e-10     5 3.86e-10     6 9.60e-11     7 9.60e-11     8 9.60e-11
     9 9.60e-11    10 7.81e-19    11 7.81e-19    12 7.81e-19    13 7.81e-19    14 7.81e-19    15 1.94e-18    16 1.94e-18
    17 1.94e-18    18 1.94e-18    19 1.94e-18    20 1.94e-18    21 4.26e-18    22 4.26e-18    23 4.26e-18    24 4.26e-18
    25 4.26e-18    26 4.26e-18    27 4.26e-18    28 8.42e-18    29 8.42e-18    30 8.42e-18    31 8.42e-18    32 8.42e-18
    33 8.42e-18    34 8.42e-18    35 8.42e-18    36 1.55e-17    37 1.55e-17    38 1.55e-17    39 1.55e-17    40 1.55e-17
    41 1.55e-17    42 1.55e-17    43 1.55e-17    44 1.55e-17    45 2.68e-17    46 2.68e-17    47 2.68e-17    48 2.68e-17
    49 2.68e-17    50 2.68e-17    51 2.68e-17    52 2.68e-17    53 2.68e-17    54 2.68e-17
     1 1.50e-03     2 1.96e-10     3 3.86e-10     4 3.86e-10     5 3.86e-10     6 9.60e-11     7 9.60e-11     8 9.60e-11
     9 9.60e-11    10 7.81e-19    11 7.81e-19    12 7.81e-19    13 7.81e-19    14 7.81e-19    15 1.94e-18    16 1.94e-18
    17 1.94e-18    18 1.94e-18    19 1.94e-18    20 1.94e-18    21 4.26e-18    22 4.26e-18    23 4.26e-18    24 4.26e-18
    25 4.26e-18    26 4.26e-18    27 4.26e-18    28 8.42e-18    29 8.42e-18    30 8.42e-18    31 8.42e-18    32 8.42e-18
    33 8.42e-18    34 8.42e-18    35 8.42e-18    36 1.55e-17    37 1.55e-17    38 1.55e-17    39 1.55e-17    40 1.55e-17
    41 1.55e-17    42 1.55e-17    43 1.55e-17    44 1.55e-17    45 2.68e-17    46 2.68e-17    47 2.68e-17    48 2.68e-17
    49 2.68e-17    50 2.68e-17    51 2.68e-17    52 2.68e-17    53 2.68e-17    54 2.68e-17

 Old, new H  1 mean line optical depths:
  2- 1 4.11e+01  3- 2 1.66e-09  4- 3 3.30e-15  5- 4 4.49e-15  6- 5 7.40e-15  7- 6 1.39e-14  8- 7 1.94e-14
  9- 8 2.56e-14 10- 9 3.93e-14
  2- 1 4.11e+01  3- 2 1.65e-09  4- 3 3.29e-15  5- 4 4.46e-15  6- 5 7.36e-15  7- 6 1.39e-14  8- 7 1.93e-14
  9- 8 2.55e-14 10- 9 3.92e-14

 Old, new He 2 continuum optical depths:
     1 9.54e-05     2 1.48e-03     3 1.53e-10     4 1.53e-10     5 1.53e-10     6 1.96e-10     7 1.96e-10     8 1.96e-10
     9 1.96e-10    10 3.13e-10    11 3.13e-10    12 3.13e-10    13 3.13e-10    14 3.13e-10    15 3.86e-10    16 3.86e-10
    17 3.86e-10    18 3.86e-10    19 3.86e-10    20 3.86e-10    21 3.26e-10    22 3.26e-10    23 3.26e-10    24 3.26e-10
    25 3.26e-10    26 3.26e-10    27 3.26e-10    28 9.60e-11    29 9.60e-11    30 9.60e-11    31 9.60e-11    32 9.60e-11
    33 9.60e-11    34 9.60e-11    35 9.60e-11    36 4.33e-19    37 4.33e-19    38 4.33e-19    39 4.33e-19    40 4.33e-19
    41 4.33e-19    42 4.33e-19    43 4.33e-19    44 4.33e-19    45 7.81e-19    46 7.81e-19    47 7.81e-19    48 7.81e-19
    49 7.81e-19    50 7.81e-19    51 7.81e-19    52 7.81e-19    53 7.81e-19    54 7.81e-19
     1 9.54e-05     2 1.48e-03     3 1.53e-10     4 1.53e-10     5 1.53e-10     6 1.96e-10     7 1.96e-10     8 1.96e-10
     9 1.96e-10    10 3.13e-10    11 3.13e-10    12 3.13e-10    13 3.13e-10    14 3.13e-10    15 3.86e-10    16 3.86e-10
    17 3.86e-10    18 3.86e-10    19 3.86e-10    20 3.86e-10    21 3.26e-10    22 3.26e-10    23 3.26e-10    24 3.26e-10
    25 3.26e-10    26 3.26e-10    27 3.26e-10    28 9.60e-11    29 9.60e-11    30 9.60e-11    31 9.60e-11    32 9.60e-11
    33 9.60e-11    34 9.60e-11    35 9.60e-11    36 4.33e-19    37 4.33e-19    38 4.33e-19    39 4.33e-19    40 4.33e-19
    41 4.33e-19    42 4.33e-19    43 4.33e-19    44 4.33e-19    45 7.81e-19    46 7.81e-19    47 7.81e-19    48 7.81e-19
    49 7.81e-19    50 7.81e-19    51 7.81e-19    52 7.81e-19    53 7.81e-19    54 7.81e-19

 Old, new He 2 mean line optical depths:
  2- 1 4.43e-01  3- 2 1.92e-17  4- 3 4.61e-21  5- 4 4.45e-21  6- 5 4.44e-21  7- 6 4.43e-21  8- 7 4.43e-21
  9- 8 4.43e-21 10- 9 4.43e-21
  2- 1 4.43e-01  3- 2 1.72e-17  4- 3 2.41e-21  5- 4 2.24e-21  6- 5 2.22e-21  7- 6 2.22e-21  8- 7 2.22e-21
  9- 8 2.22e-21 10- 9 2.22e-21

 Old He Is optical depths:    1 5.38e-04    2 1.71e-10    3 1.62e-10    4 1.83e-10    5 1.83e-10
 New He Is optical depths:    1 5.38e-04    2 1.71e-10    3 1.62e-10    4 1.83e-10    5 1.83e-10
          Old He Is Lines:  584 3.57e+00 3889 1.30e-06 5016 1.03e-12 5876 1.56e-16
          New He Is Lines:  584 3.57e+00 3889 1.30e-06 5016 1.03e-12 5876 1.56e-16

==== H      compounds ====           Log10 column densities [cm^-2}
   H2        :  8.618   H2*       :  7.045   H2+       :  6.071   H3+       :  0.362
==== He     compounds ====
   HeH+      :  6.719
==== Li     compounds ====
   LiH       : -4.680   LiH+      : -3.984
==== C      compounds ====
   CH        :  3.048   CH+       :  2.292   CH2       : -3.435   CH2+      : -3.882   CH3       :-11.042   CH3+      :-11.532   CH4       :-18.692   CH4+      :-20.528
   CH5+      :-25.923   C2        : -2.265   C2+       : -2.363   C2H       : -8.729   C2H+      : -9.162   C2H2      :-16.873   C2H2+     :-16.275   C2H3+     :-24.073
   C3        :-20.119   C3+       :-13.944   C3H       :-22.177   C3H+      :-21.074
==== N      compounds ====
   NH        :  2.747   NH+       :  3.338   NH2       : -5.445   NH2+      : -4.194   NH3       :-12.538   NH3+      :-12.414   NH4+      :-24.206   CN        : -0.165
   CN+       : -2.499   HCN       : -7.122   HCN+      : -8.000   HNC       : -9.532   HCNH+     :-15.765   HC3N      :-35.930   N2        : -0.927   N2+       : -1.716
   N2H+      :-16.081
==== O      compounds ====
   OH        :  4.232   OH+       :  4.494   H2O       : -3.518   H2O+      : -3.207   H3O+      :-11.201   CO        :  2.407   CO+       : -0.524   HCO+      : -3.017
   H2CO      :-35.930   CH3OH     :-35.930   ^13CO     :  0.930   NO        : -1.564   NO+       : -1.861   HNO       : -9.420   HNO+      : -9.845   OCN       :-10.512
   OCN+      :-10.782   N2O       :-13.927   O2        : -0.783   O2+       : -0.314   NO2       :-12.762   NO2+      :-14.321
==== Ne     compounds ====
   NeH+      :  1.421
==== Si     compounds ====
   SiH       : -4.838   SiH2+     : -6.237   SiC2      :-35.930   SiN       :-10.173   SiN+      : -3.187   SiO       : -2.302   SiO+      : -1.845   SiOH+     : -9.792
==== S      compounds ====
   HS        :  0.881   HS+       :  0.709   CS        : -5.227   CS+       : -3.407   HCS+      :-10.047   NS        : -4.755   NS+       : -3.699   SO        : -3.086
   SO+       : -2.297   OCS       :-13.501   OCS+      :-15.123   SO2       :-35.930   S2        :-12.023   S2+       :-13.316
==== Cl     compounds ====
   HCl       : -7.685   HCl+      :  0.497   H2Cl+     : -7.029   CCl       :-32.342   CCl+      :-12.891   H2CCl+    :-35.363   ClO       :-35.930   ClO+      :-35.930
==== Ar     compounds ====
   ArH+      :  4.686
==== Ti     compounds ====
   TiH       :-35.930   TiH+      :-35.930   TiH2      :-35.930   TiH2+     :-35.930   TiC       :-35.930   TiC+      :-35.930   HCTi      :-35.930   HCTi+     :-35.930
   TiC2      :-35.930   TiC2+     :-35.930   TiN       :-35.930   TiN+      :-35.930   HNTi      :-35.930   HNTi+     :-35.930   TiNC      :-35.930   TiNC+     :-35.930
   TiO       :-35.930   TiO+      :-35.930   TiOH+     :-35.930   TiO2      :-35.930   TiF+      :-35.930   TiS       :-35.930   TiS+      :-35.930   HTiS      :-35.930


               1      2      3      4      5      6      7      8      9     10     11     12     13     14     15     16     17

 Hydrogen   14.375 14.312  8.630 (H2)                Log10 Column density (cm^-2)
 Helium     13.512 12.714  2.938
 Lithium     2.959  3.607-11.268-30.000
 Beryllium   3.731  3.706  2.194-30.000-30.000
 Boron       4.399  5.293  2.484-30.000-30.000-30.000
 Carbon     10.189 11.012  8.897-30.000-30.000-30.000-30.000
 Nitrogen   10.221 10.123  5.878-30.000-30.000-30.000-30.000-30.000
 Oxygen     11.113 10.940  6.651-30.000-30.000-30.000-30.000-30.000-30.000
 Fluorine    6.847  6.954  4.502-30.000-30.000-30.000-30.000-30.000-30.000-30.000
 Neon       10.369 10.154  6.927-30.000-30.000-30.000-30.000-30.000-30.000-30.000-30.000
 Sodium      7.547  8.866  4.833-30.000-30.000-30.000-30.000-30.000-30.000-30.000-30.000-30.000
 Magnesium   8.896 10.219  8.416-30.000-30.000-30.000-30.000-30.000-30.000-30.000-30.000-30.000-30.000
 Aluminium   5.732  9.095  6.364-30.000-30.000-30.000-30.000-30.000-30.000-30.000-30.000-30.000-30.000-30.000
 Silicon     8.407 10.149  6.120-30.000-30.000-30.000-30.000-30.000-30.000-30.000-30.000-30.000-30.000-30.000-30.000
 Phosphorus  5.394  8.053  5.583-30.000-30.000-30.000-30.000-30.000-30.000-30.000-30.000-30.000-30.000-30.000-30.000-30.000
 Sulphur     8.455  9.734  8.113-30.000-30.000-30.000-30.000-30.000-30.000-30.000-30.000-30.000-30.000-30.000-30.000-30.000-30.000
 Chlorine    5.537  8.138  6.327-30.000-30.000-30.000-30.000-30.000-30.000-30.000-30.000-30.000-30.000-30.000-30.000-30.000-30.000
-30.000
 Argon       8.315  8.908  7.975-30.000-30.000-30.000-30.000-30.000-30.000-30.000-30.000-30.000-30.000-30.000-30.000-30.000-30.000
-30.000-30.000
 Potassium   6.748  7.619  5.151-30.000-30.000-30.000-30.000-30.000-30.000-30.000-30.000-30.000-30.000-30.000-30.000-30.000-30.000
-30.000-30.000-30.000
 Calcium     8.207  8.881  7.682-30.000-30.000-30.000-30.000-30.000-30.000-30.000-30.000-30.000-30.000-30.000-30.000-30.000-30.000
-30.000-30.000-30.000-30.000
 Scandium    4.820  5.635  5.099  2.999-30.000-30.000-30.000-30.000-30.000-30.000-30.000-30.000-30.000-30.000-30.000-30.000-30.000
-30.000-30.000-30.000-30.000-30.000
 Titanium    3.818  7.570  6.362  2.295-30.000-30.000-30.000-30.000-30.000-30.000-30.000-30.000-30.000-30.000-30.000-30.000-30.000
-30.000-30.000-30.000-30.000-30.000-30.000
 Vanadium    5.879  6.408  5.654  0.730-30.000-30.000-30.000-30.000-30.000-30.000-30.000-30.000-30.000-30.000-30.000-30.000-30.000
-30.000-30.000-30.000-30.000-30.000-30.000-30.000
 Chromium    7.149  8.251  6.018-30.000-30.000-30.000-30.000-30.000-30.000-30.000-30.000-30.000-30.000-30.000-30.000-30.000-30.000
-30.000-30.000-30.000-30.000-30.000-30.000-30.000-30.000
 Manganese   4.366  8.074  5.686-30.000-30.000-30.000-30.000-30.000-30.000-30.000-30.000-30.000-30.000-30.000-30.000-30.000-30.000
-30.000-30.000-30.000-30.000-30.000-30.000-30.000-30.000-30.000
 Iron        6.196 10.145  6.972-30.000-30.000-30.000-30.000-30.000-30.000-30.000-30.000-30.000-30.000-30.000-30.000-30.000-30.000
-30.000-30.000-30.000-30.000-30.000-30.000-30.000-30.000-30.000-30.000
 Cobalt      7.305  7.362  4.303-30.000-30.000-30.000-30.000-30.000-30.000-30.000-30.000-30.000-30.000-30.000-30.000-30.000-30.000
-30.000-30.000-30.000-30.000-30.000-30.000-30.000-30.000-30.000-30.000-30.000
 Nickel      5.394  8.866  5.575-30.000-30.000-30.000-30.000-30.000-30.000-30.000-30.000-30.000-30.000-30.000-30.000-30.000-30.000
-30.000-30.000-30.000-30.000-30.000-30.000-30.000-30.000-30.000-30.000-30.000-30.000
 Copper      6.124  6.669  5.933-30.000-30.000-30.000-30.000-30.000-30.000-30.000-30.000-30.000-30.000-30.000-30.000-30.000-30.000
-30.000-30.000-30.000-30.000-30.000-30.000-30.000-30.000-30.000-30.000-30.000-30.000-30.000
 Zinc        6.959  6.824  5.473  2.009-30.000-30.000-30.000-30.000-30.000-30.000-30.000-30.000-30.000-30.000-30.000-30.000-30.000
-30.000-30.000-30.000-30.000-30.000-30.000-30.000-30.000-30.000-30.000-30.000-30.000-30.000-30.000
 Exc state    He1*  6.880   CII* 10.822   C11*  9.240   C12*  9.719   C13*  9.928   O11* 11.095   O12*  9.464   O13*  9.393
              Si2*  9.703   C30* -1.273   C31* -6.624   C32* -2.170


 Hydrogen   -0.271 -0.333 -5.715 (H2)                 Log10 Mean Ionisation (over radius)
 Helium     -0.064 -0.862-10.638
 Lithium    -0.736 -0.088-14.963
 Beryllium  -0.295 -0.320 -1.832
 Boron      -0.946 -0.053 -2.862
 Carbon     -0.887 -0.064 -2.179
 Nitrogen   -0.255 -0.353 -4.597
 Oxygen     -0.223 -0.396 -4.685
 Fluorine   -0.359 -0.251 -2.704
 Neon       -0.207 -0.422 -3.649
 Sodium     -1.339 -0.020 -4.054
 Magnesium  -1.350 -0.027 -1.830
 Aluminium  -3.364 -0.001 -2.732
 Silicon    -1.749 -0.008 -4.036
 Phosphorus -2.662 -0.002 -2.473
 Sulphur    -1.311 -0.032 -1.653
 Chlorine   -2.609 -0.008 -1.819
 Argon      -0.731 -0.137 -1.071
 Potassium  -0.928 -0.056 -2.524
 Calcium    -0.779 -0.106 -1.304
 Scandium   -0.975 -0.160 -0.696 -2.796
 Titanium   -3.778 -0.026 -1.234 -5.301
 Vanadium   -0.697 -0.168 -0.922 -5.846
 Chromium   -1.138 -0.035 -2.269
 Manganese  -3.710 -0.002 -2.389
 Iron       -3.950 -0.000 -3.173
 Cobalt     -0.331 -0.273 -3.333
 Nickel     -3.472 -0.000 -3.291
 Copper     -0.713 -0.167 -0.903
 Zinc       -0.247 -0.382 -1.733 -5.197

               1      2      3      4      5      6      7      8      9     10     11     12     13     14     15     16     17

 Hydrogen   -0.271 -0.333 -5.715 (H2)         Log10 Mean Ionisation (over radius*electron density)
 Helium     -0.064 -0.862-10.638
 Lithium    -0.736 -0.088-14.963
 Beryllium  -0.295 -0.320 -1.832
 Boron      -0.946 -0.053 -2.862
 Carbon     -0.887 -0.064 -2.179
 Nitrogen   -0.255 -0.353 -4.597
 Oxygen     -0.223 -0.396 -4.685
 Fluorine   -0.359 -0.251 -2.704
 Neon       -0.207 -0.422 -3.649
 Sodium     -1.339 -0.020 -4.054
 Magnesium  -1.350 -0.027 -1.830
 Aluminium  -3.364 -0.001 -2.732
 Silicon    -1.749 -0.008 -4.036
 Phosphorus -2.662 -0.002 -2.473
 Sulphur    -1.311 -0.032 -1.653
 Chlorine   -2.609 -0.008 -1.819
 Argon      -0.731 -0.137 -1.071
 Potassium  -0.928 -0.056 -2.524
 Calcium    -0.779 -0.106 -1.304
 Scandium   -0.975 -0.160 -0.696 -2.796
 Titanium   -3.778 -0.026 -1.234 -5.301
 Vanadium   -0.697 -0.168 -0.922 -5.846
 Chromium   -1.138 -0.035 -2.269
 Manganese  -3.710 -0.002 -2.389
 Iron       -3.950 -0.000 -3.173
 Cobalt     -0.331 -0.273 -3.333
 Nickel     -3.472 -0.000 -3.291
 Copper     -0.713 -0.167 -0.903
 Zinc       -0.247 -0.382 -1.733 -5.197

               1      2      3      4      5      6      7      8      9     10     11     12     13     14     15     16     17

 Hydrogen    3.560  3.560  3.560 (H2)                  Log10 Mean Temperature (over radius)
 Helium      3.560  3.560  3.560
 Lithium     3.560  3.560  3.560
 Beryllium   3.560  3.560  3.560
 Boron       3.560  3.560  3.560
 Carbon      3.560  3.560  3.560
 Nitrogen    3.560  3.560  3.560
 Oxygen      3.560  3.560  3.560
 Fluorine    3.560  3.560  3.560
 Neon        3.560  3.560  3.560
 Sodium      3.560  3.560  3.560
 Magnesium   3.560  3.560  3.560
 Aluminium   3.560  3.560  3.560
 Silicon     3.560  3.560  3.560
 Phosphorus  3.560  3.560  3.560
 Sulphur     3.560  3.560  3.560
 Chlorine    3.560  3.560  3.560
 Argon       3.560  3.560  3.560
 Potassium   3.560  3.560  3.560
 Calcium     3.560  3.560  3.560
 Scandium    3.560  3.560  3.560  3.560
 Titanium    3.560  3.560  3.560  3.560
 Vanadium    3.560  3.560  3.560  3.560
 Chromium    3.560  3.560  3.560
 Manganese   3.560  3.560  3.560
 Iron        3.560  3.560  3.560
 Cobalt      3.560  3.560  3.560
 Nickel      3.560  3.560  3.560
 Copper      3.560  3.560  3.560
 Zinc        3.560  3.560  3.560  3.560

               1      2      3      4      5      6      7      8      9     10     11     12     13     14     15     16     17

 Hydrogen    3.560  3.560  3.560 (H2)          Log10 Mean Temperature (over radius*electron density)
 Helium      3.560  3.560  3.560
 Lithium     3.560  3.560  3.560
 Beryllium   3.560  3.560  3.560
 Boron       3.560  3.560  3.560
 Carbon      3.560  3.560  3.560
 Nitrogen    3.560  3.560  3.560
 Oxygen      3.560  3.560  3.560
 Fluorine    3.560  3.560  3.560
 Neon        3.560  3.560  3.560
 Sodium      3.560  3.560  3.560
 Magnesium   3.560  3.560  3.560
 Aluminium   3.560  3.560  3.560
 Silicon     3.560  3.560  3.560
 Phosphorus  3.560  3.560  3.560
 Sulphur     3.560  3.560  3.560
 Chlorine    3.560  3.560  3.560
 Argon       3.560  3.560  3.560
 Potassium   3.560  3.560  3.560
 Calcium     3.560  3.560  3.560
 Scandium    3.560  3.560  3.560  3.560
 Titanium    3.560  3.560  3.560  3.560
 Vanadium    3.560  3.560  3.560  3.560
 Chromium    3.560  3.560  3.560
 Manganese   3.560  3.560  3.560
 Iron        3.560  3.560  3.560
 Cobalt      3.560  3.560  3.560
 Nickel      3.560  3.560  3.560
 Copper      3.560  3.560  3.560
 Zinc        3.560  3.560  3.560  3.560

               1      2      3      4      5      6      7      8      9     10     11     12     13     14     15     16     17
                                                                          

---------------Convergence statistics---------------
      1.39 mean iterations/state convergence
      2.61 mean cx acceleration loops/iteration
      1.01 mean iso convergence loops/ion solve
      1.16 mean steps/chemistry solve
      1.33 mean step length searches/chemistry step
----------------------------------------------------

 Cloudy ends: 1 zone, 3 iterations.  ExecTime(s) 11.83
 [Stop in cdMain at ../maincl.cpp:483, Cloudy exited OK]
 ************************************************** GRID_DELIMIT -- grid000000003
