                                                          Cloudy 13.03
                                                         www.nublado.org

                       **************************************13Feb20**************************************
                       *                                                                                 *
                       * c                                                                               *
                       * phi(h) 9.000000 LOG range -0.000232 6.866524                                    *
                       * grid from 8 to 23 in 1 dex steps                                                *
                       * HDEN=8.000000 LOG                                                               *
                       * grid from 0 to 12 in 1 dex steps                                                *
                       * set pres ionize 1e5                                                             *
                       * c                                                                               *
                       * c                                                                               *
                       * table star "Rotation_inst.mod" age 6.7                                          *
                       * c<< Rotation_ins model    3 read.       Age =    4010000.00                 >>> *
                       * c<< Rotation_ins model    4 read.       Age =    6010000.00                 >>> *
                       * c<< FINAL:     Age =    5011872.34                                          >>> *
                       * c                                                                               *
                       * c                                                                               *
                       * abundances GASS10                                                               *
                       * c                                                                               *
                       * c                                                                               *
                       * iterate to convergence max = 7                                                  *
                       * stop column density = 23                                                        *
                       * c                                                                               *
                       * c                                                                               *
                       * print last                                                                      *
                       * set save prefix "geneva_inst_rot_5"                                             *
                       * save grid ".grd" last no hash                                                   *
                       * save linelist "emissionlines_abs.txt" "LineList_HII.dat" absolute last no hash    *
                       *                                                                                 *
                       ***********************************************************************************



           !The plasma frequency is 2.99e-08 Ryd.  The incident continuum is set to 0 below this.
           4032CellPeak1.00E+00   Lo 1.00e-08=910.79cm   Hi-Con:5.68E+00 Ryd   E(hi):7.35E+06Ryd     E(hi):     100.01 MeV
           I(nu>1ryd):  -1.5276   Average nu:1.361E+00   I( X-ray):   0.0000   I(BalC):  -1.0037     Phi(BalmrC):   9.9038
           phi(1.0-1.8): 8.9472   phi(1.8-4.0):  8.059   phi(4.0-20):  0.370   phi(20--):  0.000     Ion pht flx:1.000E+09
           I(gam ray):   0.0000   phi(gam r):   0.0000   I(Infred):  -1.8431   Alf(ox):   0.0000     Total inten:  -0.8441
           U(1.0----):3.336E-10   U(4.0----):7.823E-19   T(En-Den):5.013E+00   T(Comp):2.997E+04     nuJnu(912A):9.429E-02
           Occ(FarIR):0.000E+00   Occ(H n=6):2.787E-14   Occ(1Ryd):4.334E-18   Occ(4R):9.865E-28     Occ (Nu-hi):3.752E-31
           Tbr(FarIR):0.000E+00   Tbr(H n=6):1.221E-10   Tbr(1Ryd):6.851E-13   Tbr(4R):6.235E-22     Tbr (Nu-hi):3.359E-25
  
                                                  Gas Phase Chemical Composition
        H :  0.0000  He: -1.0701  Li:-10.9508  Be:-10.6198  B : -9.3002  C : -3.5702  N : -4.1701  O : -3.3098  F : -7.4401
        Ne: -4.0701  Na: -5.7595  Mg: -4.4001  Al: -5.5498  Si: -4.4895  P : -6.5901  S : -4.8794  Cl: -6.5003  Ar: -5.6003
        K : -6.9706  Ca: -5.6596  Sc: -8.8508  Ti: -7.0501  V : -8.0701  Cr: -6.3595  Mn: -6.5702  Fe: -4.5003  Co: -7.0101
                                               Ni: -5.7799  Cu: -7.8097  Zn: -7.4401
 
 ####  1  Te:2.857E+03 Hden:1.000E+08 Ne:5.265E+05 R:1.000E+30 R-R0:7.228E+02 dR:1.446E+03 NTR: 26 Htot:1.641E-12 T912: 9.09e-07###
 Hydrogen      9.94e-01 5.13e-03 H+o/Hden 9.99e-01 5.99e-09 H-    H2 6.12e-04 1.04e-09 H2+ HeH+ 1.29e-10 Ho+ ColD 1.44e+11 7.41e+08
 Helium        1.00e+00 1.31e-04 1.24e-16 HeI 2s3S 8.23e-09 Comp H,C 1.01e-24 9.66e-26 Fill Fac 1.00e+00 Gam1/tot 1.00e+00
 He singlet n  1.00e+00 6.75e-13 8.32e-19 7.47e-20 3.71e-19 6.99e-20 He tripl 8.23e-09 6.29e-18 5.17e-20 4.73e-19 1.87e-19
 Pressure      NgasTgas 3.12e+11 P(total) 4.30e-05 P( gas ) 4.30e-05 P(Radtn) 0.00e+00 Rad accl 1.14e-05 ForceMul 1.54e+09
 Texc(La)      3.07e+03 T(I con) 5.01e+00 T(D con) 1.24e-01 T(U tot) 5.01e+00 nT (c+d) 1.24e+06 Prad/Gas 0.00e+00 Pmag/Gas 0.00e+00
 Molecules     CH/Ctot: 8.74e-05 CH+/Ctot 1.62e-06 CO/Ctot: 1.22e-02 CO+/Ctot 3.59e-08 H2O/Otot 4.45e-07 OH/Ototl 9.20e-04
 Lithium       6.76e-01 3.24e-01 2.84e-20 0.00e+00 Berylliu 9.93e-01 6.63e-03 9.43e-07 0.00e+00 0.00e+00 sec ion: 0.00e+00
 Boron         9.47e-01 5.27e-02 5.35e-09 0.00e+00 0.00e+00 0.00e+00
 Carbon        9.28e-01 5.94e-02 2.72e-07 0.00e+00 0.00e+00 0.00e+00 0.00e+00 H2O+/O   2.40e-07 OH+/Otot 2.14e-04 Hex(tot) 0.00e+00
 Nitrogen      9.98e-01 4.26e-04 1.34e-12 0.00e+00 0.00e+00 0.00e+00 0.00e+00 0.00e+00 O2/Ototl 2.46e-07 O2+/Otot 3.61e-07
 Oxygen        9.88e-01 3.89e-03 1.19e-11 0.00e+00 0.00e+00 0.00e+00 0.00e+00 0.00e+00 0.00e+00
 Fluorine      9.92e-01 8.05e-03 1.76e-07 0.00e+00 0.00e+00 0.00e+00 0.00e+00 0.00e+00 0.00e+00 0.00e+00
 Neon          9.96e-01 3.68e-03 1.05e-08 0.00e+00 0.00e+00 0.00e+00 0.00e+00 0.00e+00 0.00e+00 0.00e+00 0.00e+00
 Sodium        7.62e-02 9.24e-01 3.91e-07 0.00e+00 0.00e+00 0.00e+00 0.00e+00 0.00e+00 0.00e+00 0.00e+00 0.00e+00 0.00e+00
 Magnesium     7.32e-02 9.27e-01 2.56e-05 0.00e+00 0.00e+00 0.00e+00 0.00e+00 0.00e+00 0.00e+00 0.00e+00 0.00e+00 0.00e+00 0.00e+00
 Aluminium  0  4.69e-04 1.00e+00 1.27e-05 0.00e+00 0.00e+00 0.00e+00 0.00e+00 0.00e+00 0.00e+00 0.00e+00 0.00e+00 0.00e+00 0.00e+00
 Silicon    0  1.60e-01 8.40e-01 3.69e-08 0.00e+00 0.00e+00 0.00e+00 0.00e+00 0.00e+00 0.00e+00 0.00e+00 0.00e+00 0.00e+00 0.00e+00
 Phosphorus 0  2.53e-03 9.97e-01 2.37e-05 0.00e+00 0.00e+00 0.00e+00 0.00e+00 0.00e+00 0.00e+00 0.00e+00 0.00e+00 0.00e+00 0.00e+00
 Sulphur    0  4.51e-01 5.49e-01 3.18e-06 0.00e+00 0.00e+00 0.00e+00 0.00e+00 0.00e+00 0.00e+00 0.00e+00 0.00e+00 0.00e+00 0.00e+00
 Chlorine   0  1.09e-01 8.90e-01 7.48e-05 0.00e+00 0.00e+00 0.00e+00 0.00e+00 0.00e+00 0.00e+00 0.00e+00 0.00e+00 0.00e+00 0.00e+00
 Argon      0  9.98e-01 3.81e-04 4.28e-08 0.00e+00 0.00e+00 0.00e+00 0.00e+00 0.00e+00 0.00e+00 0.00e+00 0.00e+00 0.00e+00 0.00e+00
 Potassium  0  2.91e-01 7.08e-01 1.37e-05 0.00e+00 0.00e+00 0.00e+00 0.00e+00 0.00e+00 0.00e+00 0.00e+00 0.00e+00 0.00e+00 0.00e+00
 Calcium    0  9.66e-01 3.40e-02 3.84e-05 0.00e+00 0.00e+00 0.00e+00 0.00e+00 0.00e+00 0.00e+00 0.00e+00 0.00e+00 0.00e+00 0.00e+00
 Scandium   0  9.53e-01 4.66e-02 1.79e-04 0.00e+00 0.00e+00 0.00e+00 0.00e+00 0.00e+00 0.00e+00 0.00e+00 0.00e+00 0.00e+00 0.00e+00
 Titanium   0  2.13e-04 9.99e-01 4.56e-04 0.00e+00 0.00e+00 0.00e+00 0.00e+00 0.00e+00 0.00e+00 0.00e+00 0.00e+00 0.00e+00 0.00e+00
 Vanadium   0  9.75e-01 2.49e-02 2.84e-05 0.00e+00 0.00e+00 0.00e+00 0.00e+00 0.00e+00 0.00e+00 0.00e+00 0.00e+00 0.00e+00 0.00e+00
 Chromium   0  9.12e-01 8.78e-02 6.31e-08 0.00e+00 0.00e+00 0.00e+00 0.00e+00 0.00e+00 0.00e+00 0.00e+00 0.00e+00 0.00e+00 0.00e+00
 Manganese  0  2.32e-04 1.00e+00 2.33e-06 0.00e+00 0.00e+00 0.00e+00 0.00e+00 0.00e+00 0.00e+00 0.00e+00 0.00e+00 0.00e+00 0.00e+00
 Iron       0  1.32e-04 1.00e+00 2.85e-07 0.00e+00 0.00e+00 0.00e+00 0.00e+00 0.00e+00 0.00e+00 0.00e+00 0.00e+00 0.00e+00 0.00e+00
 Cobalt     0  9.91e-01 8.75e-03 4.98e-10 0.00e+00 0.00e+00 0.00e+00 0.00e+00 0.00e+00 0.00e+00 0.00e+00 0.00e+00 0.00e+00 0.00e+00
 Nickel     0  3.90e-04 1.00e+00 3.37e-08 0.00e+00 0.00e+00 0.00e+00 0.00e+00 0.00e+00 0.00e+00 0.00e+00 0.00e+00 0.00e+00 0.00e+00
 Copper     0  9.73e-01 2.69e-02 1.87e-06 0.00e+00 0.00e+00 0.00e+00 0.00e+00 0.00e+00 0.00e+00 0.00e+00 0.00e+00 0.00e+00 0.00e+00
 Zinc       0  9.94e-01 5.73e-03 1.14e-06 0.00e+00 0.00e+00 0.00e+00 0.00e+00 0.00e+00 0.00e+00 0.00e+00 0.00e+00 0.00e+00 0.00e+00
                                                                             
   Calculation stopped because lowest Te reached. Iteration 3 of 3
   The geometry is plane-parallel.
  !Continuum fluorescent production of H-beta was very important.
  !Charge transfer ionization of H reached 6868.4% of the local H ionization rate.
  !The largest plasma frequency was 2.99e-08 Ryd = 3.05e+06 micron  The continuum is set to 0 below this.
  !AGE: Cloud age was not set.  Longest timescale was 3.92e+07 s = 1.24e+00 years.
  !The excitation temp of Lya exceeded the electron temp, largest value was 3.07e+03K (gas temp there was 2.86e+03K, zone   1)
  !Mutual neutralization production of H-alpha was significant.
  !The CMB was not included.  This is added with the CMB command.
   H2 vib deexec heating reached 2.21% of the local heating.
   Charge transfer heating reached 0.84% of the local heating.
   The density is too low to l-mix the lowest H  I collapsed level.  More resolved levels are needed for accurate line ratios.
   The density is too low to l-mix the lowest He I collapsed level.  More resolved levels are needed for accurate line ratios.
   Grains were not present but might survive in this environment (energy density temperature was 5.01e+00K)
   The fraction of H  in H2 reached 0.122% at some point in the cloud.
   The fraction of C  in CO reached 1.22% at some point in the cloud.
   The fraction of Cl in HCl+ reached 0.106% at some point in the cloud.
   The fraction of Ar in ArH+ reached 0.120% at some point in the cloud.

                       *********************************> Cloudy 13.03 <**********************************
                       * c                                                                               *
                       * phi(h) 9.000000 LOG range -0.000232 6.866524                                    *
                       * grid from 8 to 23 in 1 dex steps                                                *
                       * HDEN=8.000000 LOG                                                               *
                       * grid from 0 to 12 in 1 dex steps                                                *
                       * set pres ionize 1e5                                                             *
                       * c                                                                               *
                       * c                                                                               *
                       * table star "Rotation_inst.mod" age 6.7                                          *
                       * c                                                                               *
                       * c                                                                               *
                       * abundances GASS10                                                               *
                       * c                                                                               *
                       * c                                                                               *
                       * iterate to convergence max = 7                                                  *
                       * stop column density = 23                                                        *
                       * c                                                                               *
                       * c                                                                               *
                       * print last                                                                      *
                       * set save prefix "geneva_inst_rot_5"                                             *
                       * save grid ".grd" last no hash                                                   *
                       * save linelist "emissionlines_abs.txt" "LineList_HII.dat" absolute last no hash    *
                       *********************************> Log(U): -9.48 <*********************************

                     Emission Line Spectrum.   Constant  Density Model.    Open geometry.  Iteration 3 of 3.
                                                     Intensity (erg/s/cm^2).


                                                   Intrinsic line intensities
 general properties..........      nFnu 496.9A  -9.623   1.1218      Ca B  3704A -11.455   0.0165      CO   64.10m -11.964   0.0051            
 TOTL  4861A  -9.673   1.0000      nInu 496.9A  -1.719*********      Ca B  3697A -11.504   0.0148      CO   62.61m -11.957   0.0052            
 TOTL  1216A  -7.093 380.2755      nInu 399.2A  -1.949*********      Ca B  3692A -11.549   0.0133      CO   61.18m -11.953   0.0052            
 Inci     0   -0.844*********      RRC.........................      Ca B  3687A -11.593   0.0120      CO   59.83m -11.951   0.0053            
 TotH     0   -8.625  11.1658      H  1 911.8A  -8.583  12.3045      Ca B  3683A -11.633   0.0109      CO   58.53m -11.952   0.0053            
 TotC     0   -8.625  11.1647      H  1  3646A  -9.998   0.4732      Ca B  3679A -11.671   0.0100      CO   57.29m -11.954   0.0052            
 BFH1     0   -8.650  10.5266      H  1  3646A  -9.588   1.2161      Ca B  3676A -11.706   0.0093      CO   56.11m -11.959   0.0052            
 BFHe     0  -10.307   0.2322      H  1  8204A -10.776   0.0788      Ca B  3674A -11.738   0.0086      CO   54.97m -11.967   0.0051            
 TotM     0  -10.880   0.0620      H  1  8204A -10.313   0.2288      Ca B  3671A -11.769   0.0080      CO   53.88m -11.976   0.0050            
 CT H     0  -10.875   0.0627      H  1  8204A -10.309   0.2308      Ca B 1.875m -10.234   0.2748      CO   52.84m -11.988   0.0048            
 H FB     0   -9.907   0.5833      H  1 1.458m -11.318   0.0226      Ca B 1.282m -10.575   0.1253      CO   51.84m -12.001   0.0047            
 HFBc     0   -9.907   0.5833      H  1 1.458m -10.846   0.0671      Ca B 1.094m -10.843   0.0676      CO   50.87m -12.017   0.0045            
 OH       0  -10.165   0.3216      H  1 1.458m -10.729   0.0878      Ca B 1.005m -11.058   0.0412      CO   49.95m -12.035   0.0043            
 CO       0  -10.447   0.1682      H  1 1.458m -10.948   0.0531      Ca B  9546A -11.235   0.0274      CO   49.06m -12.055   0.0041            
 13CO     0  -12.332   0.0022      H  1 2.279m -11.722   0.0089      Ca B  9229A -11.380   0.0196      CO   48.20m -12.077   0.0039            
 CN       0  -12.145   0.0034      H  1 2.279m -11.249   0.0265      Ca B  9015A -11.501   0.0148      CO   47.37m -12.102   0.0037            
 continua....................      H  1 2.279m -11.095   0.0378      Ca B  8863A -11.602   0.0118      CO   46.57m -12.128   0.0035            
 Bac   3646A  -8.325  22.2484      H  1 2.279m -11.161   0.0325      Ca B  8750A -11.688   0.0096      CO   45.80m -12.157   0.0033            
 nFnu  3645A  -8.325  22.2775      H  1 2.279m -11.541   0.0136      Ca B  8665A -11.763   0.0081      CO   45.06m -12.187   0.0031            
 nFnu  3647A -11.208   0.0291      H  1 3.281m -12.038   0.0043      Ca B  8598A -11.830   0.0070      CO   44.35m -12.220   0.0028            
 cout  3646A  -8.626  11.1242      H  1 3.281m -11.566   0.0128      Ca B  8545A -11.892   0.0060      CO   43.65m -12.254   0.0026            
 cref  3646A  -8.626  11.1242      H  1 3.281m -11.398   0.0188      Ca B  8502A -11.949   0.0053      CO   42.98m -12.291   0.0024            
 thin  3646A  -8.325  22.2484      H  1 3.281m -11.405   0.0185      Ca B  8467A -12.002   0.0047      CO   42.33m -12.330   0.0022            
 Inci  4860A  -2.002*********      H  1 3.281m -11.605   0.0117      Ca B  8438A -12.051   0.0042      CO   41.71m -12.372   0.0020            
 Inci  1215A  -0.933*********      H  1 3.281m -12.105   0.0037      Ca B  8413A -12.097   0.0038      CO   41.10m -12.415   0.0018            
 Ba C     0   -9.468   1.6034      H  1 4.466m -12.296   0.0024      Ca B  8392A -12.140   0.0034      CO   40.51m -12.461   0.0016            
 PA C     0   -9.845   0.6730      H  1 4.466m -11.825   0.0070      Ca B  8374A -12.179   0.0031      CO   39.94m -12.510   0.0015            
 FIR  83.00m  -2.436*********      H  1 4.466m -11.651   0.0105      Ca B  8359A -12.215   0.0029      CO   39.39m -12.561   0.0013            
 TIR   1800m  -4.73885953.906      H  1 4.466m -11.630   0.0110      Ca B  8346A -12.249   0.0027      CO   38.85m -12.637   0.0011            
 NIRa 2.850m  -2.382*********      H  1 4.466m -11.755   0.0083      Ca B  8334A -12.280   0.0025      level 1 lines...............            
 NIRb 3.000m  -2.8876107940.5      H  1 4.466m -12.058   0.0041      Ca B 4.051m -10.833   0.0692      C  1  1656A -11.052   0.0417            
 MIRa 15.00m  -3.0104601120.5      H  1 4.466m -12.650   0.0011      Ca B 2.625m -11.095   0.0378      REC   1656A -11.536   0.0137            
 MIRb 22.50m  -2.7887677446.0      H  1 5.834m -12.514   0.0014      Ca B 2.166m -11.317   0.0227      C Ic  9850A -10.055   0.4149            
 NMIR 21.75m  -2.382*********      H  1 5.834m -12.045   0.0042      Ca B 1.945m -11.503   0.0148      TOTL  9850A -10.055   0.4149            
 TFIR 611.2m  -2.9485306976.5      H  1 5.834m -11.867   0.0064      Ca B 1.817m -11.660   0.0103      C  1  8727A -10.718   0.0900            
 TALL 10000A  -0.844*********      H  1 5.834m -11.831   0.0069      Ca B 1.736m -11.793   0.0076      C  2  1335A -12.450   0.0017            
 F12  12.00m  -3.4911520570.9      H  1 5.834m -11.918   0.0057      Ca B 1.681m -11.906   0.0058      N  1 953.9A -12.449   0.0017            
 F25  25.00m  -3.2992366886.8      H  1 5.834m -12.134   0.0035      Ca B 1.641m -12.004   0.0047      N  1  1200A -11.422   0.0178            
 F60  60.00m  -2.8356874458.0      H  1 5.834m -12.517   0.0014      Ca B 1.611m -12.089   0.0038      O  1  6300A -10.541   0.1353            
 F100 100.0m  -3.0234467774.0      H  1 7.383m -12.233   0.0028      Ca B 1.588m -12.165   0.0032      O  1  6363A -11.038   0.0431            
 MIPS 24.00m  -3.6131147734.2      H  1 7.383m -12.054   0.0042      Ca B 1.570m -12.234   0.0027      O  1 63.17m -10.203   0.2950            
 MIPS 70.00m  -3.1933020098.0      H  1 7.383m -12.010   0.0046      Ca B 1.556m -12.296   0.0024      O  1 145.5m -11.764   0.0081            
 MIPS 160.0m  -3.4181798728.1      H  1 7.383m -12.073   0.0040      Ca B 1.544m -12.354   0.0021      Ne 2 12.81m -10.854   0.0659            
 IRAC 3.600m  -4.138342550.72      H  1 7.383m -12.242   0.0027      Ca B 1.534m -12.407   0.0018      Na 1  5892A -11.581   0.0124            
 IRAC 4.500m  -4.205293586.91      H  1 7.383m -12.528   0.0014      Ca B 1.526m -12.456   0.0016      Mg 1  2853A -12.232   0.0028            
 IRAC 5.800m  -4.127351584.84      H  1 9.115m -12.398   0.0019      Ca B 1.519m -12.500   0.0015      TOTL  2798A -11.349   0.0211            
 IRAC 8.000m  -3.841679294.25      H  1 9.115m -12.219   0.0028      Ca B 1.513m -12.541   0.0014      Mg 2  2796A -11.526   0.0140            
 SPR1 250.0m  -3.840680709.56      H  1 9.115m -12.169   0.0032      Ca B 1.508m -12.578   0.0012      Mg 2  2803A -11.824   0.0071            
 SPR2 350.0m  -4.276249426.44      H  1 9.115m -12.218   0.0028      Ca B 1.504m -12.613   0.0011      Si 1 68.40m -12.311   0.0023            
 SPR3 500.0m  -4.664102102.30      H  1 9.115m -12.357   0.0021      Ca B 1.500m -12.645   0.0011      Si 2 34.81m -10.510   0.1455            
 PAC1 70.00m  -3.1303485502.0      H  1 9.115m -12.588   0.0012      Ca B 7.458m -11.319   0.0226      Si 2  1531A -12.279   0.0025            
 PAC2 100.0m  -3.0184519266.0      H  1 11.03m -11.606   0.0117      Ca B 4.653m -11.526   0.0140      Si 2  1308A -12.356   0.0021            
 PAC3 160.0m  -3.1613250694.8      H  1 13.13m -11.718   0.0090      Ca B 3.740m -11.714   0.0091      Si 2  1263A -11.242   0.0270            
 PAH  3.300m  -4.96950597.078      H  1 15.40m -11.821   0.0071      Ca B 3.296m -11.877   0.0063      P  2 32.87m -12.364   0.0020            
 PAHC 3.230m  -5.22128281.236      H  1 17.87m -11.917   0.0057      Ca B 3.038m -12.018   0.0045      P  2 1.640m -12.378   0.0020            
 PAHC 3.370m  -5.30123546.961      H  1 20.51m -12.005   0.0046      Ca B 2.872m -12.141   0.0034      P  2 1.189m -11.496   0.0150            
 PAH  6.200m  -4.578124259.32      H  1 23.33m -12.089   0.0038      Ca B 2.758m -12.248   0.0027      P  2 1.147m -11.973   0.0050            
 PAHC 5.650m  -4.574125662.84      H  1 26.34m -12.167   0.0032      Ca B 2.674m -12.341   0.0021      S  1 25.19m -10.552   0.1320            
 PAH  7.900m  -4.288242541.66      H  1 29.53m -12.241   0.0027      Ca B 2.612m -12.424   0.0018      S  1 56.29m -12.078   0.0039            
 PAHC 6.900m  -4.282245599.91      H  1 32.91m -12.311   0.0023      Ca B 2.564m -12.498   0.0015      S 1R  1807A -12.193   0.0030            
 PAH  11.30m  -4.70193784.500      H  1 36.46m -12.377   0.0020      Ca B 2.525m -12.566   0.0013      S  2  6720A -11.768   0.0080            
 PAHC 10.90m  -4.69994094.664      H  1 40.20m -12.441   0.0017      Ca B 2.495m -12.627   0.0011      S  2  4074A -11.724   0.0089            
 PAH  11.80m  -4.460163288.00      H  1 44.12m -12.501   0.0015      Ca B 12.37m -11.732   0.0087      S  2 1.033m -11.907   0.0058            
 PAHC 12.65m  -4.462162417.59      H  1 48.22m -12.558   0.0013      Ca B 7.500m -11.900   0.0059      S II  6731A -11.925   0.0056            
 PAH  13.30m  -4.406184768.69      H  1 52.50m -12.614   0.0011      Ca B 5.907m -12.062   0.0041      S II  6716A -12.285   0.0024            
 PAHC 14.10m  -4.408183777.66      H  1 56.97m -11.407   0.0184      Ca B 5.127m -12.207   0.0029      S II  4070A -11.823   0.0071            
 Bcon  3640A  -1.003*********      He 1 504.3A -10.884   0.0615      Ca B 4.671m -12.336   0.0022      S II  4078A -12.413   0.0018            
 Pcon  5000A  -2.140*********      He 1  3421A -12.665   0.0010      Ca B 4.375m -12.449   0.0017      S II 1.032m -12.314   0.0023            
 HFFc     0   -9.901   0.5916      He 1  3421A -12.443   0.0017      Ca B 4.170m -12.548   0.0013      S II 1.029m -12.449   0.0017            
 H FF     0  -10.459   0.1635      C  1  1101A -11.406   0.0185      Ca B 4.020m -12.636   0.0011      S II 1.034m -12.576   0.0013            
 MeFB     0  -11.486   0.0154      O  1 910.4A -12.473   0.0016      Ca B 19.06m -12.092   0.0038      Cl 1 11.33m -11.604   0.0117            
 MeFF     0  -12.060   0.0041      Mg 1  1622A -12.655   0.0010      Ca B 11.31m -12.231   0.0028      Cl 2 33.30m -12.564   0.0013            
 ToFF     0  -10.447   0.1680      Al 1  2071A -11.990   0.0048      Ca B 8.758m -12.374   0.0020      Cl 2 14.40m -10.945   0.0535            
 nInu 23.51c -12.276   0.0025      Si 1  1521A -11.054   0.0415      Ca B 7.506m -12.504   0.0015      Cl 2  8579A -10.934   0.0548            
 nInu 20.46c -12.093   0.0038      P  1  1182A -12.004   0.0047      Ca B 6.770m -12.621   0.0011      Cl 2  9124A -11.512   0.0145            
 nInu 6.611c -10.621   0.1126      S  1  1197A -11.205   0.0294      Ca B 27.80m -12.412   0.0018      Ar 2 6.980m -12.510   0.0015            
 nInu 6.137c -10.523   0.1410      Cl 1 956.0A -11.853   0.0066      Ca B 16.20m -12.530   0.0014      K  1  7676A -11.651   0.0105            
 nInu 3.554c  -9.813   0.7232      Fe 1  1569A -11.918   0.0057      Ca B 12.38m -12.657   0.0010      Ca 1  4228A -11.617   0.0114            
 nInu 3.432c  -9.768   0.8032      grains......................      H  1     0  -11.439   0.0171      Ca 2  7306A -10.776   0.0789            
 nInu 3.400c  -9.755   0.8277      H-like iso-sequence.........      H  1  1216A  -7.093 380.2755      CaF1  7291A -11.001   0.0469            
 nInu 2.003c  -9.071   3.9975      Ca B  1216A  -8.354  20.8274      H  1  1026A  -7.925  55.8830      CaF2  7324A -11.169   0.0319            
 nInu 1.335c  -8.537  13.6739      Q(H)  4861A  -3.2812466476.5      H  1 972.5A  -8.418  17.9818      Fe2c     0   -8.821   7.1043            
 nInu  9993m  -8.159  32.6346      Q(H)  1216A  -1.787*********      H  1 949.7A  -8.704   9.3104      Fe 2  4300A -10.813   0.0725            
 nInu  6917m  -7.684  97.5359      CaBo  4861A  -9.849   0.6657      H  1 937.8A  -8.915   5.7183      Fe 2  2400A -11.653   0.0105            
 nFnu 122.4m -11.540   0.0136      Ca A  1216A  -8.452  16.6334      H  1 930.8A  -9.202   2.9538      Fe 2 25.98m  -9.854   0.6582            
 nInu 122.4m  -2.607*********      Ca A  1026A  -9.204   2.9445      H  1 926.2A  -9.468   1.6019      Fe 2 5.339m -10.966   0.0508            
 nFnu 60.83m -11.236   0.0273      Ca A 972.5A  -9.630   1.1029      H  1 923.2A  -9.665   1.0172      Fe 2 4.114m -11.596   0.0119            
 nInu 60.83m  -2.654*********      Ca A 949.7A  -9.936   0.5459      H  1 921.0A  -9.838   0.6837      Fe 2 1.257m  -9.808   0.7320            
 nFnu 41.22m -11.037   0.0432      Ca A 937.8A -10.168   0.3197      H  1  6563A  -9.234   2.7484      Fe 2 35.34m -10.295   0.2384            
 nInu 41.22m  -2.7668060954.0      Ca A 930.8A -10.347   0.2118      H  1  4861A  -9.673   1.0000      Fe 2 4.888m -12.050   0.0042            
 nFnu 30.87m -10.904   0.0587      Ca A 926.2A -10.485   0.1541      H  1  4340A  -9.968   0.5068      Fe 2 4.075m -11.896   0.0060            
 nInu 30.87m  -2.8696368113.0      Ca A 923.2A -10.589   0.1213      H  1  4102A -10.182   0.3094      Fe 2 1.321m -10.386   0.1937            
 nFnu 24.78m -10.803   0.0741      Ca A 921.0A -10.662   0.1025      H  1  3970A -10.400   0.1875      Fe 2 1.249m -11.081   0.0391            
 nInu 24.78m  -2.9485306479.5      Ca A 919.4A -10.708   0.0921      H  1  3889A -10.558   0.1304      Fe 2  7638A -10.961   0.0515            
 nFnu 24.30m -10.795   0.0755      Ca A 918.1A -10.738   0.0860      H  1  3835A -10.661   0.1026      Fe 2 51.29m -11.007   0.0463            
 nInu 24.30m  -2.9555219234.0      Ca A 917.2A -10.761   0.0817      H  1  3798A -10.764   0.0810      Fe 2 5.672m -11.424   0.0177            
 nFnu 22.83m -10.765   0.0808      Ca A 916.4A -10.781   0.0780      H  1 1.875m -10.211   0.2896      Fe 2 4.606m -11.708   0.0092            
 nInu 22.83m  -2.9774965967.0      Ca A 915.8A -10.802   0.0743      H  1 1.282m -10.507   0.1463      Fe 2 4.081m -11.820   0.0071            
 nFnu 21.42m -10.738   0.0860      Ca A 915.3A -10.824   0.0706      H  1 1.094m -10.736   0.0865      Fe 2 1.372m -10.610   0.1156            
 nInu 21.42m  -3.0004705469.0      Ca A 914.9A -10.848   0.0668      H  1 1.005m -10.932   0.0550      Fe 2 1.294m -10.413   0.1819            
 nFnu 21.12m -10.732   0.0873      Ca A 914.6A -10.873   0.0631      H  1  9546A -11.076   0.0395      Fe 2  7687A -11.165   0.0322            
 nInu 21.12m  -3.0064647326.5      Ca A 914.3A -10.899   0.0594      H  1  9229A -11.179   0.0312      Fe 2 87.36m -12.138   0.0034            
 nFnu 19.62m -10.698   0.0944      Ca A 914.0A -10.924   0.0560      H  1  9015A -11.280   0.0247      Fe 2 5.061m -12.370   0.0020            
 nInu 19.62m  -3.0314379364.0      Ca A 913.8A -10.949   0.0530      H  1 4.051m -10.849   0.0667      Fe 2 4.434m -11.701   0.0094            
 nFnu 17.65m -10.647   0.1062      Ca A 913.6A -10.971   0.0503      H  1 2.625m -11.071   0.0399      Fe 2 1.328m -10.658   0.1034            
 nInu 17.65m  -3.0753963232.2      Ca A 913.5A -10.993   0.0479      H  1 2.166m -11.269   0.0253      Fe 2 1.279m -10.549   0.1329            
 nFnu 17.37m -10.641   0.1076      Ca A 913.3A -11.013   0.0457      H  1 1.945m -11.424   0.0177      Fe 2 1.252m -11.461   0.0163            
 nInu 17.37m  -3.0813909655.8      Ca A  6563A  -9.535   1.3737      H  1 1.817m -11.539   0.0136      Fe 2  7665A -11.553   0.0132            
 nFnu 15.69m -10.601   0.1178      Ca A  4861A -10.015   0.4546      H  1 1.736m -11.645   0.0106      Fe 2 1.298m -10.913   0.0575            
 nInu 15.69m  -3.1203570412.0      Ca A  4340A -10.353   0.2086      H  1 7.458m -11.355   0.0208      Fe 2 1.270m -10.748   0.0840            
 nFnu 14.60m -10.567   0.1277      Ca A  4102A -10.612   0.1149      H  1 4.653m -11.536   0.0137      Fe 2  7874A -12.023   0.0045            
 nInu 14.60m  -3.1483350609.0      Ca A  3970A -10.820   0.0712      H  1 3.740m -11.697   0.0094      Fe 2  7733A -12.068   0.0040            
 nFnu 12.43m -10.495   0.1505      Ca A  3889A -10.990   0.0481      H  1 3.296m -11.821   0.0071      Fe 2 17.93m  -9.676   0.9916            
 nInu 12.43m  -3.2132884578.8      Ca A  3835A -11.128   0.0351      H  1 3.038m -11.931   0.0055      Fe 2 1.644m  -9.881   0.6191            
 nFnu 11.40m -10.465   0.1612      Ca A  3798A -11.240   0.0271      H  1 12.37m -11.791   0.0076      Fe 2 1.533m -10.358   0.2065            
 nInu 11.40m  -3.2462670392.0      Ca A  3771A -11.330   0.0220      H  1 7.500m -11.933   0.0055      Fe 2  8617A -10.383   0.1950            
 nFnu 10.46m -10.423   0.1775      Ca A  3750A -11.403   0.0186      H  1 5.907m -12.057   0.0041      Fe 2 24.51m -10.188   0.3050            
 nInu 10.46m  -3.2802472119.5      Ca A  3734A -11.465   0.0161      H  1 5.127m -12.168   0.0032      Fe 2 1.809m -10.584   0.1227            
 nFnu 9.480m -10.391   0.1911      Ca A  3722A -11.518   0.0143      H  1 19.06m -12.167   0.0032      Fe 2 1.677m -10.497   0.1498            
 nInu 9.480m  -3.3192257869.2      Ca A  3712A -11.566   0.0128      H  1 11.31m -12.267   0.0025      Fe 2 1.599m -10.488   0.1530            
 nFnu 9.325m -10.387   0.1932      Ca A  3704A -11.611   0.0115      H  1 8.758m -12.373   0.0020      Fe 2  9052A -11.041   0.0428            
 nInu 9.325m  -3.3252227435.0      Ca A  3697A -11.653   0.0105      H  1 27.80m -12.480   0.0016      Fe 2  8892A -10.808   0.0732            
 nFnu 8.210m -10.331   0.2196      Ca A  3692A -11.692   0.0096      H  1 16.20m -12.560   0.0013      Fe 2 35.77m -11.025   0.0445            
 nInu 8.210m  -3.3761979325.4      Ca A  3687A -11.729   0.0088      He-like iso-sequence........      Fe 2 1.800m -10.669   0.1009            
 nFnu 7.580m -10.310   0.2307      Ca A  3683A -11.762   0.0081      Hlin 506.0A -11.331   0.0220      Fe 2 1.711m -11.070   0.0401            
 nInu 7.580m  -3.4081841355.8      Ca A  3679A -11.793   0.0076      Ca B  3889A -12.441   0.0017      Fe 2 1.664m -10.789   0.0766            
 nFnu 7.050m -10.267   0.2543      Ca A  3676A -11.820   0.0071      Ca B  5876A -12.259   0.0026      Fe 2  9399A -11.818   0.0072            
 nInu 7.050m  -3.4351727807.8      Ca A  3674A -11.844   0.0067      Ca B 1.083m -11.508   0.0146      Fe 2  9227A -11.064   0.0406            
 nFnu 4.114m -10.097   0.3762      Ca A  3671A -11.867   0.0064      He 1     0  -10.854   0.0659      Fe 2  9033A -11.302   0.0235            
 nInu 4.114m  -3.5291393788.6      Ca A 1.875m -10.287   0.2429      He 1 584.3A  -9.204   2.9429      Fe 2 1.797m -10.843   0.0676            
 nFnu 2.324m -10.091   0.3816      Ca A 1.282m -10.635   0.1092      He 1 537.0A -10.019   0.4501      Fe 2 1.745m -11.097   0.0376            
 nInu 2.324m  -3.2912408554.5      Ca A 1.094m -10.907   0.0583      He 1 522.2A -10.471   0.1593      Fe 2  9471A -11.630   0.0110            
 nFnu 1.643m -10.075   0.3964      Ca A 1.005m -11.126   0.0352      He 1 515.6A -10.688   0.0966      Fe 2  9268A -11.196   0.0299            
 nInu 1.643m  -3.0544153725.8      Ca A  9546A -11.308   0.0231      He 1 512.1A -10.851   0.0664      Fe 2 22.90m -11.582   0.0123            
 nFnu 1.480m  -9.794   0.7563      Ca A  9229A -11.461   0.0163      He 1 625.6A -12.388   0.0019      Fe 2 1.811m -11.838   0.0068            
 nInu 1.480m  -3.0024686199.5      Ca A  9015A -11.591   0.0121      TOTL 1.083m -11.839   0.0068      Fe 2 1.748m -12.050   0.0042            
 nFnu 1.436m  -9.453   1.6572      Ca A  8863A -11.702   0.0094      He 1 1.083m -11.839   0.0068      Fe 2 34.65m -12.265   0.0026            
 nInu 1.436m  -2.8846154498.0      Ca A  8750A -11.797   0.0075      He 1 1.083m -12.316   0.0023      Fe 2 1.813m -12.323   0.0022            
 nFnu 1.119m  -9.311   2.2982      Ca A  8665A -11.880   0.0062      He 1 1.083m -12.094   0.0038      Fe 2 2.002m -12.629   0.0011            
 nInu 1.119m  -2.7318738048.0      Ca A  8598A -11.952   0.0053      He 1  3889A -12.551   0.0013      Fe2b  7000A -10.669   0.1009            
 nFnu  8330A  -9.458   1.6406      Ca A  8545A -12.017   0.0045      He 1  5016A -12.617   0.0011      Fe2b 10000A  -9.107   3.6754            
 nInu  8330A  -2.541*********      Ca A  8502A -12.074   0.0040      He 1  5876A -12.260   0.0026      Fe2b  7445A -10.669   0.1009            
 nFnu  8079A  -9.021   4.4822      Ca A  8467A -12.127   0.0035      Pho+  3889A -10.634   0.1092      Fe2b  8625A -10.053   0.4167            
 nInu  8079A  -2.393*********      Ca A  8438A -12.175   0.0031      database lines..............      Fe2b 1.033m -11.630   0.0110            
 nFnu  6210A  -9.607   1.1644      Ca A  8413A -12.219   0.0028      OH   119.4m -12.254   0.0026      Fe2b 1.889m -10.087   0.3854            
 nInu  6210A  -2.215*********      Ca A  8392A -12.258   0.0026      OH   119.4m -11.300   0.0236      Fe 2  1786A -11.098   0.0375            
 nFnu  4885A -10.331   0.2195      Ca A  8374A -12.292   0.0024      OH   119.4m -11.107   0.0368      recombination...............            
 nInu  4885A  -2.004*********      Ca A  8359A -12.323   0.0022      OH   119.2m -12.335   0.0022      C  1 1.069m -12.559   0.0013            
 nFnu  3704A -11.312   0.0229      Ca A  8346A -12.350   0.0021      OH   119.2m -11.380   0.0196      O  1  1357A -12.150   0.0033            
 nInu  3704A  -1.787*********      Ca A  8334A -12.374   0.0020      OH   119.2m -11.188   0.0306      C  1  1140A -11.733   0.0087            
 nFnu  3588A  -8.406  18.4855      Ca A 4.051m -10.870   0.0634      OH   79.16m -12.049   0.0042      level2 lines................            
 nInu  3588A  -1.615*********      Ca A 2.625m -11.134   0.0346      OH   79.16m -11.653   0.0105      C  1 943.9A -11.181   0.0310            
 nFnu  2430A -10.888   0.0609      Ca A 2.166m -11.359   0.0206      OH   79.16m -12.352   0.0021      C  1  1248A -11.331   0.0219            
 nInu  2430A  -1.375*********      Ca A 1.945m -11.548   0.0133      OH   79.10m -12.087   0.0039      C  1 841.0A -11.881   0.0062            
 nFnu  2392A -10.962   0.0514      Ca A 1.817m -11.711   0.0092      OH   79.10m -11.689   0.0096      C  1  1561A -11.636   0.0109            
 nInu  2392A  -1.362*********      Ca A 1.736m -11.852   0.0066      OH   79.09m -12.388   0.0019      C  1  1315A -11.576   0.0125            
 nFnu  2071A -10.530   0.1389      Ca A 1.681m -11.975   0.0050      OH   163.4m -12.554   0.0013      C  1  1166A -11.763   0.0081            
 nInu  2071A  -1.253*********      Ca A 1.641m -12.084   0.0039      OH   163.4m -12.253   0.0026      C  1  1233A -11.837   0.0068            
 nFnu  2053A -10.604   0.1171      Ca A 1.611m -12.180   0.0031      OH   53.34m -12.521   0.0014      C  1  1132A -12.054   0.0042            
 nInu  2053A  -1.254*********      Ca A 1.588m -12.264   0.0026      OH   53.34m -11.822   0.0071      C  1  1251A -12.039   0.0043            
 nFnu  1793A -11.049   0.0420      Ca A 1.570m -12.339   0.0022      OH   163.4m -11.855   0.0066      C  1  1112A -12.199   0.0030            
 nInu  1793A  -1.150*********      Ca A 1.556m -12.406   0.0018      OH   96.34m -12.506   0.0015      C  1  1115A -12.249   0.0026            
 nFnu  1585A -10.840   0.0680      Ca A 1.544m -12.466   0.0016      OH   53.34m -11.566   0.0128      C  1  1162A -12.325   0.0022            
 nInu  1585A  -1.171*********      Ca A 1.534m -12.520   0.0014      OH   53.34m -12.520   0.0014      C  1  1167A -12.385   0.0019            
 nFnu  1458A -10.121   0.3563      Ca A 1.526m -12.568   0.0013      OH   163.1m -12.554   0.0013      C  1  1104A -12.359   0.0021            
 nInu  1458A  -1.058*********      Ca A 1.519m -12.611   0.0012      OH   163.1m -12.253   0.0026      C  1  1109A -12.389   0.0019            
 nFnu  1357A -10.746   0.0844      Ca A 1.513m -12.649   0.0011      OH   53.25m -12.530   0.0014      C  1  1130A -12.658   0.0010            
 nInu  1357A  -0.988*********      Ca A 7.458m -11.353   0.0209      OH   53.25m -11.831   0.0069      C  1  1098A -12.536   0.0014            
 nFnu  1297A -10.879   0.0622      Ca A 4.653m -11.560   0.0130      OH   163.1m -11.855   0.0066      C  1  1132A -12.576   0.0013            
 nInu  1297A  -0.959*********      Ca A 3.740m -11.750   0.0084      OH   96.29m -12.516   0.0014      C  1  1106A -12.626   0.0011            
 nFnu  1263A -10.921   0.0565      Ca A 3.296m -11.917   0.0057      OH   53.25m -11.576   0.0125      C  2 892.8A -12.223   0.0028            
 nInu  1263A  -0.954*********      Ca A 3.038m -12.064   0.0041      OH   53.25m -12.530   0.0014      C  2  1020A -12.473   0.0016            
 nFnu  1218A  -9.601   1.1793      Ca A 2.872m -12.196   0.0030      OH   84.57m -11.328   0.0221      N  1 942.3A -12.385   0.0019            
 nInu  1218A  -0.935*********      Ca A 2.758m -12.313   0.0023      OH   84.57m -11.456   0.0165      N  1 952.1A -12.464   0.0016            
 nFnu  1196A  -9.639   1.0814      Ca A 2.674m -12.418   0.0018      OH   84.40m -11.524   0.0141      N  1  1131A -12.654   0.0010            
 nInu  1196A  -0.949*********      Ca A 2.612m -12.510   0.0015      OH   84.40m -11.656   0.0104      O  1 867.3A -11.577   0.0125            
 nFnu  1175A  -9.839   0.6815      Ca A 2.564m -12.592   0.0012      OH   98.71m -12.023   0.0045      O  1 787.5A -12.308   0.0023            
 nInu  1175A  -0.953*********      Ca A 2.525m -12.665   0.0010      OH   48.80m -12.493   0.0015      O  1 976.8A -11.509   0.0146            
 nFnu  1144A -10.285   0.2440      Ca A 12.37m -11.766   0.0081      OH   98.71m -11.833   0.0069      O  1 767.7A -12.312   0.0023            
 nInu  1144A  -0.875*********      Ca A 7.500m -11.933   0.0055      OH   48.80m -12.340   0.0022      O  1 969.0A -11.888   0.0061            
 nFnu  1113A -10.580   0.1238      Ca A 5.907m -12.098   0.0038      OH   98.70m -11.937   0.0054      O  1 754.4A -12.672   0.0010            
 nInu  1113A  -0.958*********      Ca A 5.127m -12.247   0.0027      OH   48.69m -12.417   0.0018      O  1 946.4A -12.297   0.0024            
 nFnu  1103A  -9.758   0.8209      Ca A 4.671m -12.383   0.0019      OH   98.70m -11.746   0.0084      O  1 934.5A -12.480   0.0016            
 nInu  1103A  -0.857*********      Ca A 4.375m -12.505   0.0015      OH   48.69m -12.263   0.0026      O  1 973.6A -12.631   0.0011            
 nFnu  1074A -10.166   0.3209      Ca A 4.170m -12.616   0.0011      OH   34.59m -12.604   0.0012      Ne 1 688.6A -12.364   0.0020            
 nInu  1074A  -0.870*********      Ca A 19.06m -12.128   0.0035      CO   118.5m -12.668   0.0010      Al 2  1671A -12.084   0.0039            
 nFnu  1064A -10.313   0.2291      Ca A 11.31m -12.267   0.0025      CO   113.4m -12.595   0.0012      Si 1  1261A -12.573   0.0013            
 nInu  1064A  -0.831*********      Ca A 8.758m -12.412   0.0018      CO   108.7m -12.528   0.0014      Si 1  1853A -12.666   0.0010            
 nFnu  1036A -10.601   0.1179      Ca A 7.506m -12.548   0.0013      CO   104.4m -12.466   0.0016      Si 2  1180A -11.350   0.0210            
 nInu  1036A  -0.870*********      Ca A 27.80m -12.449   0.0017      CO   100.4m -12.408   0.0018      Si 2 993.4A -12.172   0.0032            
 nFnu  1000A -10.785   0.0771      Ca A 16.20m -12.568   0.0013      CO   96.75m -12.355   0.0021      S  2 750.3A -12.133   0.0035            
 nInu  1000A  -0.867*********      Ca B  6563A  -9.367   2.0227      CO   93.32m -12.305   0.0023      S  2 888.4A -12.661   0.0010            
 nFnu 925.1A -10.586   0.1222      Ca B  4861A  -9.850   0.6655      CO   90.14m -12.260   0.0026      hyperfine structure.........            
 nInu 925.1A  -0.918*********      Ca B  4340A -10.189   0.3047      CO   87.17m -12.218   0.0029      inner shell.................            
 nFnu 897.8A  -7.236 273.6352      Ca B  4102A -10.447   0.1681      CO   84.39m -12.179   0.0031      molecules...................            
 nInu 897.8A  -1.200*********      Ca B  3970A -10.653   0.1047      CO   81.78m -12.144   0.0034      H2 l 2.000m -11.393   0.0190            
 nFnu 760.0A -10.665   0.1018      Ca B  3889A -10.819   0.0714      CO   79.34m -12.113   0.0036      H2dH     0  -12.576   0.0012            
 nInu 760.0A  -1.262*********      Ca B  3835A -10.954   0.0524      CO   77.04m -12.084   0.0039      H2vH     0  -10.280   0.2470            
 nFnu 701.5A -10.776   0.0788      Ca B  3798A -11.063   0.0407      CO   74.87m -12.059   0.0041      H-FB     0  -10.027   0.4418            
 nInu 701.5A  -1.337*********      Ca B  3771A -11.152   0.0332      CO   72.82m -12.036   0.0043      H-FF     0  -10.046   0.4236            
 nFnu 608.2A -12.529   0.0014      Ca B  3750A -11.227   0.0279      CO   70.89m -12.016   0.0045      H-CT  6563A -10.159   0.3262            
 nInu 608.2A  -1.451*********      Ca B  3734A -11.291   0.0241      CO   69.06m -11.999   0.0047      H2+      0  -10.235   0.2743            
 nInu 575.1A  -1.445*********      Ca B  3722A -11.350   0.0210      CO   67.32m -11.985   0.0049      HEH+     0  -12.538   0.0014            
 nInu 511.9A  -1.518*********      Ca B  3712A -11.404   0.0186      CO   65.67m -11.973   0.0050            

                                                    Emergent line intensities
 general properties..........      nFnu 701.5A -10.776   0.0788      Ca B 1.544m -12.354   0.0021      CO   45.06m -12.187   0.0031            
 TOTL  4861A  -9.673   1.0000      nInu 701.5A  -1.337*********      Ca B 1.534m -12.407   0.0018      CO   44.35m -12.220   0.0028            
 TOTL  1216A  -7.093 380.2755      nFnu 608.2A -12.529   0.0014      Ca B 1.526m -12.456   0.0016      CO   43.65m -12.254   0.0026            
 continua....................      nInu 608.2A  -1.451*********      Ca B 1.519m -12.500   0.0015      CO   42.98m -12.291   0.0024            
 Bac   3646A  -8.325  22.2484      nInu 575.1A  -1.445*********      Ca B 1.513m -12.541   0.0014      CO   42.33m -12.330   0.0022            
 nFnu  3645A  -8.325  22.2775      nInu 511.9A  -1.518*********      Ca B 1.508m -12.578   0.0012      CO   41.71m -12.372   0.0020            
 nFnu  3647A -11.208   0.0291      nFnu 496.9A  -9.623   1.1218      Ca B 1.504m -12.613   0.0011      CO   41.10m -12.415   0.0018            
 cout  3646A  -8.626  11.1242      nInu 496.9A  -1.719*********      Ca B 1.500m -12.645   0.0011      CO   40.51m -12.461   0.0016            
 cref  3646A  -8.626  11.1242      nInu 399.2A  -1.949*********      Ca B 7.458m -11.319   0.0226      CO   39.94m -12.510   0.0015            
 thin  3646A  -8.325  22.2484      RRC.........................      Ca B 4.653m -11.526   0.0140      CO   39.39m -12.561   0.0013            
 Inci  4860A  -2.002*********      grains......................      Ca B 3.740m -11.714   0.0091      CO   38.85m -12.637   0.0011            
 Inci  1215A  -0.933*********      H-like iso-sequence.........      Ca B 3.296m -11.877   0.0063      level 1 lines...............            
 FIR  83.00m  -2.436*********      Ca B  1216A  -8.354  20.8274      Ca B 3.038m -12.018   0.0045      C  1  1656A -11.052   0.0417            
 TIR   1800m  -4.73885953.906      Q(H)  4861A  -3.2812466476.5      Ca B 2.872m -12.141   0.0034      REC   1656A -11.536   0.0137            
 NIRa 2.850m  -2.382*********      Q(H)  1216A  -1.787*********      Ca B 2.758m -12.248   0.0027      C Ic  9850A -10.055   0.4149            
 NIRb 3.000m  -2.8876107940.5      CaBo  4861A  -9.849   0.6657      Ca B 2.674m -12.341   0.0021      TOTL  9850A -10.055   0.4149            
 MIRa 15.00m  -3.0104601120.5      Ca A  1216A  -8.452  16.6334      Ca B 2.612m -12.424   0.0018      C  1  8727A -10.718   0.0900            
 MIRb 22.50m  -2.7887677446.0      Ca A  1026A  -9.204   2.9445      Ca B 2.564m -12.498   0.0015      C  2  1335A -12.450   0.0017            
 NMIR 21.75m  -2.382*********      Ca A 972.5A  -9.630   1.1029      Ca B 2.525m -12.566   0.0013      N  1 953.9A -12.449   0.0017            
 TFIR 611.2m  -2.9485306976.5      Ca A 949.7A  -9.936   0.5459      Ca B 2.495m -12.627   0.0011      N  1  1200A -11.422   0.0178            
 TALL 10000A  -0.844*********      Ca A 937.8A -10.168   0.3197      Ca B 12.37m -11.732   0.0087      O  1  6300A -10.541   0.1353            
 F12  12.00m  -3.4911520570.9      Ca A 930.8A -10.347   0.2118      Ca B 7.500m -11.900   0.0059      O  1  6363A -11.038   0.0431            
 F25  25.00m  -3.2992366886.8      Ca A 926.2A -10.485   0.1541      Ca B 5.907m -12.062   0.0041      O  1 63.17m -10.203   0.2950            
 F60  60.00m  -2.8356874458.0      Ca A 923.2A -10.589   0.1213      Ca B 5.127m -12.207   0.0029      O  1 145.5m -11.764   0.0081            
 F100 100.0m  -3.0234467774.0      Ca A 921.0A -10.662   0.1025      Ca B 4.671m -12.336   0.0022      Ne 2 12.81m -10.854   0.0659            
 MIPS 24.00m  -3.6131147734.2      Ca A 919.4A -10.708   0.0921      Ca B 4.375m -12.449   0.0017      Na 1  5892A -11.581   0.0124            
 MIPS 70.00m  -3.1933020098.0      Ca A 918.1A -10.738   0.0860      Ca B 4.170m -12.548   0.0013      Mg 1  2853A -12.232   0.0028            
 MIPS 160.0m  -3.4181798728.1      Ca A 917.2A -10.761   0.0817      Ca B 4.020m -12.636   0.0011      TOTL  2798A -11.349   0.0211            
 IRAC 3.600m  -4.138342550.72      Ca A 916.4A -10.781   0.0780      Ca B 19.06m -12.092   0.0038      Mg 2  2796A -11.526   0.0140            
 IRAC 4.500m  -4.205293586.91      Ca A 915.8A -10.802   0.0743      Ca B 11.31m -12.231   0.0028      Mg 2  2803A -11.824   0.0071            
 IRAC 5.800m  -4.127351584.84      Ca A 915.3A -10.824   0.0706      Ca B 8.758m -12.374   0.0020      Si 1 68.40m -12.311   0.0023            
 IRAC 8.000m  -3.841679294.25      Ca A 914.9A -10.848   0.0668      Ca B 7.506m -12.504   0.0015      Si 2 34.81m -10.510   0.1455            
 SPR1 250.0m  -3.840680709.56      Ca A 914.6A -10.873   0.0631      Ca B 6.770m -12.621   0.0011      Si 2  1531A -12.279   0.0025            
 SPR2 350.0m  -4.276249426.44      Ca A 914.3A -10.899   0.0594      Ca B 27.80m -12.412   0.0018      Si 2  1308A -12.356   0.0021            
 SPR3 500.0m  -4.664102102.30      Ca A 914.0A -10.924   0.0560      Ca B 16.20m -12.530   0.0014      Si 2  1263A -11.242   0.0270            
 PAC1 70.00m  -3.1303485502.0      Ca A 913.8A -10.949   0.0530      Ca B 12.38m -12.657   0.0010      P  2 32.87m -12.364   0.0020            
 PAC2 100.0m  -3.0184519266.0      Ca A 913.6A -10.971   0.0503      H  1  1216A  -7.093 380.2755      P  2 1.640m -12.378   0.0020            
 PAC3 160.0m  -3.1613250694.8      Ca A 913.5A -10.993   0.0479      H  1  1026A  -7.925  55.8830      P  2 1.189m -11.496   0.0150            
 PAH  3.300m  -4.96950597.078      Ca A 913.3A -11.013   0.0457      H  1 972.5A  -8.418  17.9818      P  2 1.147m -11.973   0.0050            
 PAHC 3.230m  -5.22128281.236      Ca A  6563A  -9.535   1.3737      H  1 949.7A  -8.704   9.3104      S  1 25.19m -10.552   0.1320            
 PAHC 3.370m  -5.30123546.961      Ca A  4861A -10.015   0.4546      H  1 937.8A  -8.915   5.7183      S  1 56.29m -12.078   0.0039            
 PAH  6.200m  -4.578124259.32      Ca A  4340A -10.353   0.2086      H  1 930.8A  -9.202   2.9538      S 1R  1807A -12.193   0.0030            
 PAHC 5.650m  -4.574125662.84      Ca A  4102A -10.612   0.1149      H  1 926.2A  -9.468   1.6019      S  2  6720A -11.768   0.0080            
 PAH  7.900m  -4.288242541.66      Ca A  3970A -10.820   0.0712      H  1 923.2A  -9.665   1.0172      S  2  4074A -11.724   0.0089            
 PAHC 6.900m  -4.282245599.91      Ca A  3889A -10.990   0.0481      H  1 921.0A  -9.838   0.6837      S  2 1.033m -11.907   0.0058            
 PAH  11.30m  -4.70193784.500      Ca A  3835A -11.128   0.0351      H  1  6563A  -9.234   2.7484      S II  6731A -11.925   0.0056            
 PAHC 10.90m  -4.69994094.664      Ca A  3798A -11.240   0.0271      H  1  4861A  -9.673   1.0000      S II  6716A -12.285   0.0024            
 PAH  11.80m  -4.460163288.00      Ca A  3771A -11.330   0.0220      H  1  4340A  -9.968   0.5068      S II  4070A -11.823   0.0071            
 PAHC 12.65m  -4.462162417.59      Ca A  3750A -11.403   0.0186      H  1  4102A -10.182   0.3094      S II  4078A -12.413   0.0018            
 PAH  13.30m  -4.406184768.69      Ca A  3734A -11.465   0.0161      H  1  3970A -10.400   0.1875      S II 1.032m -12.314   0.0023            
 PAHC 14.10m  -4.408183777.66      Ca A  3722A -11.518   0.0143      H  1  3889A -10.558   0.1304      S II 1.029m -12.449   0.0017            
 Bcon  3640A  -1.003*********      Ca A  3712A -11.566   0.0128      H  1  3835A -10.661   0.1026      S II 1.034m -12.576   0.0013            
 Pcon  5000A  -2.140*********      Ca A  3704A -11.611   0.0115      H  1  3798A -10.764   0.0810      Cl 1 11.33m -11.604   0.0117            
 nInu 23.51c -12.276   0.0025      Ca A  3697A -11.653   0.0105      H  1 1.875m -10.211   0.2896      Cl 2 33.30m -12.564   0.0013            
 nInu 20.46c -12.093   0.0038      Ca A  3692A -11.692   0.0096      H  1 1.282m -10.507   0.1463      Cl 2 14.40m -10.945   0.0535            
 nInu 6.611c -10.621   0.1126      Ca A  3687A -11.729   0.0088      H  1 1.094m -10.736   0.0865      Cl 2  8579A -10.934   0.0548            
 nInu 6.137c -10.523   0.1410      Ca A  3683A -11.762   0.0081      H  1 1.005m -10.932   0.0550      Cl 2  9124A -11.512   0.0145            
 nInu 3.554c  -9.813   0.7232      Ca A  3679A -11.793   0.0076      H  1  9546A -11.076   0.0395      Ar 2 6.980m -12.510   0.0015            
 nInu 3.432c  -9.768   0.8032      Ca A  3676A -11.820   0.0071      H  1  9229A -11.179   0.0312      K  1  7676A -11.651   0.0105            
 nInu 3.400c  -9.755   0.8277      Ca A  3674A -11.844   0.0067      H  1  9015A -11.280   0.0247      Ca 1  4228A -11.617   0.0114            
 nInu 2.003c  -9.071   3.9975      Ca A  3671A -11.867   0.0064      H  1 4.051m -10.849   0.0667      Ca 2  7306A -10.776   0.0789            
 nInu 1.335c  -8.537  13.6739      Ca A 1.875m -10.287   0.2429      H  1 2.625m -11.071   0.0399      CaF1  7291A -11.001   0.0469            
 nInu  9993m  -8.159  32.6346      Ca A 1.282m -10.635   0.1092      H  1 2.166m -11.269   0.0253      CaF2  7324A -11.169   0.0319            
 nInu  6917m  -7.684  97.5359      Ca A 1.094m -10.907   0.0583      H  1 1.945m -11.424   0.0177      Fe 2  4300A -10.813   0.0725            
 nFnu 122.4m -11.540   0.0136      Ca A 1.005m -11.126   0.0352      H  1 1.817m -11.539   0.0136      Fe 2  2400A -11.653   0.0105            
 nInu 122.4m  -2.607*********      Ca A  9546A -11.308   0.0231      H  1 1.736m -11.645   0.0106      Fe 2 25.98m  -9.854   0.6582            
 nFnu 60.83m -11.236   0.0273      Ca A  9229A -11.461   0.0163      H  1 7.458m -11.355   0.0208      Fe 2 5.339m -10.966   0.0508            
 nInu 60.83m  -2.654*********      Ca A  9015A -11.591   0.0121      H  1 4.653m -11.536   0.0137      Fe 2 4.114m -11.596   0.0119            
 nFnu 41.22m -11.037   0.0432      Ca A  8863A -11.702   0.0094      H  1 3.740m -11.697   0.0094      Fe 2 1.257m  -9.808   0.7320            
 nInu 41.22m  -2.7668060954.0      Ca A  8750A -11.797   0.0075      H  1 3.296m -11.821   0.0071      Fe 2 35.34m -10.295   0.2384            
 nFnu 30.87m -10.904   0.0587      Ca A  8665A -11.880   0.0062      H  1 3.038m -11.931   0.0055      Fe 2 4.888m -12.050   0.0042            
 nInu 30.87m  -2.8696368113.0      Ca A  8598A -11.952   0.0053      H  1 12.37m -11.791   0.0076      Fe 2 4.075m -11.896   0.0060            
 nFnu 24.78m -10.803   0.0741      Ca A  8545A -12.017   0.0045      H  1 7.500m -11.933   0.0055      Fe 2 1.321m -10.386   0.1937            
 nInu 24.78m  -2.9485306479.5      Ca A  8502A -12.074   0.0040      H  1 5.907m -12.057   0.0041      Fe 2 1.249m -11.081   0.0391            
 nFnu 24.30m -10.795   0.0755      Ca A  8467A -12.127   0.0035      H  1 5.127m -12.168   0.0032      Fe 2  7638A -10.961   0.0515            
 nInu 24.30m  -2.9555219234.0      Ca A  8438A -12.175   0.0031      H  1 19.06m -12.167   0.0032      Fe 2 51.29m -11.007   0.0463            
 nFnu 22.83m -10.765   0.0808      Ca A  8413A -12.219   0.0028      H  1 11.31m -12.267   0.0025      Fe 2 5.672m -11.424   0.0177            
 nInu 22.83m  -2.9774965967.0      Ca A  8392A -12.258   0.0026      H  1 8.758m -12.373   0.0020      Fe 2 4.606m -11.708   0.0092            
 nFnu 21.42m -10.738   0.0860      Ca A  8374A -12.292   0.0024      H  1 27.80m -12.480   0.0016      Fe 2 4.081m -11.820   0.0071            
 nInu 21.42m  -3.0004705469.0      Ca A  8359A -12.323   0.0022      H  1 16.20m -12.560   0.0013      Fe 2 1.372m -10.610   0.1156            
 nFnu 21.12m -10.732   0.0873      Ca A  8346A -12.350   0.0021      He-like iso-sequence........      Fe 2 1.294m -10.413   0.1819            
 nInu 21.12m  -3.0064647326.5      Ca A  8334A -12.374   0.0020      Hlin 506.0A -11.331   0.0220      Fe 2  7687A -11.165   0.0322            
 nFnu 19.62m -10.698   0.0944      Ca A 4.051m -10.870   0.0634      Ca B  3889A -12.441   0.0017      Fe 2 87.36m -12.138   0.0034            
 nInu 19.62m  -3.0314379364.0      Ca A 2.625m -11.134   0.0346      Ca B  5876A -12.259   0.0026      Fe 2 5.061m -12.370   0.0020            
 nFnu 17.65m -10.647   0.1062      Ca A 2.166m -11.359   0.0206      Ca B 1.083m -11.508   0.0146      Fe 2 4.434m -11.701   0.0094            
 nInu 17.65m  -3.0753963232.2      Ca A 1.945m -11.548   0.0133      He 1 584.3A  -9.204   2.9429      Fe 2 1.328m -10.658   0.1034            
 nFnu 17.37m -10.641   0.1076      Ca A 1.817m -11.711   0.0092      He 1 537.0A -10.019   0.4501      Fe 2 1.279m -10.549   0.1329            
 nInu 17.37m  -3.0813909655.8      Ca A 1.736m -11.852   0.0066      He 1 522.2A -10.471   0.1593      Fe 2 1.252m -11.461   0.0163            
 nFnu 15.69m -10.601   0.1178      Ca A 1.681m -11.975   0.0050      He 1 515.6A -10.688   0.0966      Fe 2  7665A -11.553   0.0132            
 nInu 15.69m  -3.1203570412.0      Ca A 1.641m -12.084   0.0039      He 1 512.1A -10.851   0.0664      Fe 2 1.298m -10.913   0.0575            
 nFnu 14.60m -10.567   0.1277      Ca A 1.611m -12.180   0.0031      He 1 625.6A -12.388   0.0019      Fe 2 1.270m -10.748   0.0840            
 nInu 14.60m  -3.1483350609.0      Ca A 1.588m -12.264   0.0026      TOTL 1.083m -11.839   0.0068      Fe 2  7874A -12.023   0.0045            
 nFnu 12.43m -10.495   0.1505      Ca A 1.570m -12.339   0.0022      He 1 1.083m -11.839   0.0068      Fe 2  7733A -12.068   0.0040            
 nInu 12.43m  -3.2132884578.8      Ca A 1.556m -12.406   0.0018      He 1 1.083m -12.316   0.0023      Fe 2 17.93m  -9.676   0.9916            
 nFnu 11.40m -10.465   0.1612      Ca A 1.544m -12.466   0.0016      He 1 1.083m -12.094   0.0038      Fe 2 1.644m  -9.881   0.6191            
 nInu 11.40m  -3.2462670392.0      Ca A 1.534m -12.520   0.0014      He 1  3889A -12.551   0.0013      Fe 2 1.533m -10.358   0.2065            
 nFnu 10.46m -10.423   0.1775      Ca A 1.526m -12.568   0.0013      He 1  5016A -12.617   0.0011      Fe 2  8617A -10.383   0.1950            
 nInu 10.46m  -3.2802472119.5      Ca A 1.519m -12.611   0.0012      He 1  5876A -12.260   0.0026      Fe 2 24.51m -10.188   0.3050            
 nFnu 9.480m -10.391   0.1911      Ca A 1.513m -12.649   0.0011      Pho+  3889A -10.634   0.1092      Fe 2 1.809m -10.584   0.1227            
 nInu 9.480m  -3.3192257869.2      Ca A 7.458m -11.353   0.0209      database lines..............      Fe 2 1.677m -10.497   0.1498            
 nFnu 9.325m -10.387   0.1932      Ca A 4.653m -11.560   0.0130      OH   119.4m -12.254   0.0026      Fe 2 1.599m -10.488   0.1530            
 nInu 9.325m  -3.3252227435.0      Ca A 3.740m -11.750   0.0084      OH   119.4m -11.300   0.0236      Fe 2  9052A -11.041   0.0428            
 nFnu 8.210m -10.331   0.2196      Ca A 3.296m -11.917   0.0057      OH   119.4m -11.107   0.0368      Fe 2  8892A -10.808   0.0732            
 nInu 8.210m  -3.3761979325.4      Ca A 3.038m -12.064   0.0041      OH   119.2m -12.335   0.0022      Fe 2 35.77m -11.025   0.0445            
 nFnu 7.580m -10.310   0.2307      Ca A 2.872m -12.196   0.0030      OH   119.2m -11.380   0.0196      Fe 2 1.800m -10.669   0.1009            
 nInu 7.580m  -3.4081841355.8      Ca A 2.758m -12.313   0.0023      OH   119.2m -11.188   0.0306      Fe 2 1.711m -11.070   0.0401            
 nFnu 7.050m -10.267   0.2543      Ca A 2.674m -12.418   0.0018      OH   79.16m -12.049   0.0042      Fe 2 1.664m -10.789   0.0766            
 nInu 7.050m  -3.4351727807.8      Ca A 2.612m -12.510   0.0015      OH   79.16m -11.653   0.0105      Fe 2  9399A -11.818   0.0072            
 nFnu 4.114m -10.097   0.3762      Ca A 2.564m -12.592   0.0012      OH   79.16m -12.352   0.0021      Fe 2  9227A -11.064   0.0406            
 nInu 4.114m  -3.5291393788.6      Ca A 2.525m -12.665   0.0010      OH   79.10m -12.087   0.0039      Fe 2  9033A -11.302   0.0235            
 nFnu 2.324m -10.091   0.3816      Ca A 12.37m -11.766   0.0081      OH   79.10m -11.689   0.0096      Fe 2 1.797m -10.843   0.0676            
 nInu 2.324m  -3.2912408554.5      Ca A 7.500m -11.933   0.0055      OH   79.09m -12.388   0.0019      Fe 2 1.745m -11.097   0.0376            
 nFnu 1.643m -10.075   0.3964      Ca A 5.907m -12.098   0.0038      OH   163.4m -12.554   0.0013      Fe 2  9471A -11.630   0.0110            
 nInu 1.643m  -3.0544153725.8      Ca A 5.127m -12.247   0.0027      OH   163.4m -12.253   0.0026      Fe 2  9268A -11.196   0.0299            
 nFnu 1.480m  -9.794   0.7563      Ca A 4.671m -12.383   0.0019      OH   53.34m -12.521   0.0014      Fe 2 22.90m -11.582   0.0123            
 nInu 1.480m  -3.0024686199.5      Ca A 4.375m -12.505   0.0015      OH   53.34m -11.822   0.0071      Fe 2 1.811m -11.838   0.0068            
 nFnu 1.436m  -9.453   1.6572      Ca A 4.170m -12.616   0.0011      OH   163.4m -11.855   0.0066      Fe 2 1.748m -12.050   0.0042            
 nInu 1.436m  -2.8846154498.0      Ca A 19.06m -12.128   0.0035      OH   96.34m -12.506   0.0015      Fe 2 34.65m -12.265   0.0026            
 nFnu 1.119m  -9.311   2.2982      Ca A 11.31m -12.267   0.0025      OH   53.34m -11.566   0.0128      Fe 2 1.813m -12.323   0.0022            
 nInu 1.119m  -2.7318738048.0      Ca A 8.758m -12.412   0.0018      OH   53.34m -12.520   0.0014      Fe 2 2.002m -12.629   0.0011            
 nFnu  8330A  -9.458   1.6406      Ca A 7.506m -12.548   0.0013      OH   163.1m -12.554   0.0013      Fe2b  7000A -10.669   0.1009            
 nInu  8330A  -2.541*********      Ca A 27.80m -12.449   0.0017      OH   163.1m -12.253   0.0026      Fe2b 10000A  -9.107   3.6754            
 nFnu  8079A  -9.021   4.4822      Ca A 16.20m -12.568   0.0013      OH   53.25m -12.530   0.0014      Fe2b  7445A -10.669   0.1009            
 nInu  8079A  -2.393*********      Ca B  6563A  -9.367   2.0227      OH   53.25m -11.831   0.0069      Fe2b  8625A -10.053   0.4167            
 nFnu  6210A  -9.607   1.1644      Ca B  4861A  -9.850   0.6655      OH   163.1m -11.855   0.0066      Fe2b 1.033m -11.630   0.0110            
 nInu  6210A  -2.215*********      Ca B  4340A -10.189   0.3047      OH   96.29m -12.516   0.0014      Fe2b 1.889m -10.087   0.3854            
 nFnu  4885A -10.331   0.2195      Ca B  4102A -10.447   0.1681      OH   53.25m -11.576   0.0125      Fe 2  1786A -11.098   0.0375            
 nInu  4885A  -2.004*********      Ca B  3970A -10.653   0.1047      OH   53.25m -12.530   0.0014      recombination...............            
 nFnu  3704A -11.312   0.0229      Ca B  3889A -10.819   0.0714      OH   84.57m -11.328   0.0221      C  1 1.069m -12.559   0.0013            
 nInu  3704A  -1.787*********      Ca B  3835A -10.954   0.0524      OH   84.57m -11.456   0.0165      O  1  1357A -12.150   0.0033            
 nFnu  3588A  -8.406  18.4855      Ca B  3798A -11.063   0.0407      OH   84.40m -11.524   0.0141      C  1  1140A -11.733   0.0087            
 nInu  3588A  -1.615*********      Ca B  3771A -11.152   0.0332      OH   84.40m -11.656   0.0104      level2 lines................            
 nFnu  2430A -10.888   0.0609      Ca B  3750A -11.227   0.0279      OH   98.71m -12.023   0.0045      C  1 943.9A -11.181   0.0310            
 nInu  2430A  -1.375*********      Ca B  3734A -11.291   0.0241      OH   48.80m -12.493   0.0015      C  1  1248A -11.331   0.0219            
 nFnu  2392A -10.962   0.0514      Ca B  3722A -11.350   0.0210      OH   98.71m -11.833   0.0069      C  1 841.0A -11.881   0.0062            
 nInu  2392A  -1.362*********      Ca B  3712A -11.404   0.0186      OH   48.80m -12.340   0.0022      C  1  1561A -11.636   0.0109            
 nFnu  2071A -10.530   0.1389      Ca B  3704A -11.455   0.0165      OH   98.70m -11.937   0.0054      C  1  1315A -11.576   0.0125            
 nInu  2071A  -1.253*********      Ca B  3697A -11.504   0.0148      OH   48.69m -12.417   0.0018      C  1  1166A -11.763   0.0081            
 nFnu  2053A -10.604   0.1171      Ca B  3692A -11.549   0.0133      OH   98.70m -11.746   0.0084      C  1  1233A -11.837   0.0068            
 nInu  2053A  -1.254*********      Ca B  3687A -11.593   0.0120      OH   48.69m -12.263   0.0026      C  1  1132A -12.054   0.0042            
 nFnu  1793A -11.049   0.0420      Ca B  3683A -11.633   0.0109      OH   34.59m -12.604   0.0012      C  1  1251A -12.039   0.0043            
 nInu  1793A  -1.150*********      Ca B  3679A -11.671   0.0100      CO   118.5m -12.668   0.0010      C  1  1112A -12.199   0.0030            
 nFnu  1585A -10.840   0.0680      Ca B  3676A -11.706   0.0093      CO   113.4m -12.595   0.0012      C  1  1115A -12.249   0.0026            
 nInu  1585A  -1.171*********      Ca B  3674A -11.738   0.0086      CO   108.7m -12.528   0.0014      C  1  1162A -12.325   0.0022            
 nFnu  1458A -10.121   0.3563      Ca B  3671A -11.769   0.0080      CO   104.4m -12.466   0.0016      C  1  1167A -12.385   0.0019            
 nInu  1458A  -1.058*********      Ca B 1.875m -10.234   0.2748      CO   100.4m -12.408   0.0018      C  1  1104A -12.359   0.0021            
 nFnu  1357A -10.746   0.0844      Ca B 1.282m -10.575   0.1253      CO   96.75m -12.355   0.0021      C  1  1109A -12.389   0.0019            
 nInu  1357A  -0.988*********      Ca B 1.094m -10.843   0.0676      CO   93.32m -12.305   0.0023      C  1  1130A -12.658   0.0010            
 nFnu  1297A -10.879   0.0622      Ca B 1.005m -11.058   0.0412      CO   90.14m -12.260   0.0026      C  1  1098A -12.536   0.0014            
 nInu  1297A  -0.959*********      Ca B  9546A -11.235   0.0274      CO   87.17m -12.218   0.0029      C  1  1132A -12.576   0.0013            
 nFnu  1263A -10.921   0.0565      Ca B  9229A -11.380   0.0196      CO   84.39m -12.179   0.0031      C  1  1106A -12.626   0.0011            
 nInu  1263A  -0.954*********      Ca B  9015A -11.501   0.0148      CO   81.78m -12.144   0.0034      C  2 892.8A -12.223   0.0028            
 nFnu  1218A  -9.601   1.1793      Ca B  8863A -11.602   0.0118      CO   79.34m -12.113   0.0036      C  2  1020A -12.473   0.0016            
 nInu  1218A  -0.935*********      Ca B  8750A -11.688   0.0096      CO   77.04m -12.084   0.0039      N  1 942.3A -12.385   0.0019            
 nFnu  1196A  -9.639   1.0814      Ca B  8665A -11.763   0.0081      CO   74.87m -12.059   0.0041      N  1 952.1A -12.464   0.0016            
 nInu  1196A  -0.949*********      Ca B  8598A -11.830   0.0070      CO   72.82m -12.036   0.0043      N  1  1131A -12.654   0.0010            
 nFnu  1175A  -9.839   0.6815      Ca B  8545A -11.892   0.0060      CO   70.89m -12.016   0.0045      O  1 867.3A -11.577   0.0125            
 nInu  1175A  -0.953*********      Ca B  8502A -11.949   0.0053      CO   69.06m -11.999   0.0047      O  1 787.5A -12.308   0.0023            
 nFnu  1144A -10.285   0.2440      Ca B  8467A -12.002   0.0047      CO   67.32m -11.985   0.0049      O  1 976.8A -11.509   0.0146            
 nInu  1144A  -0.875*********      Ca B  8438A -12.051   0.0042      CO   65.67m -11.973   0.0050      O  1 767.7A -12.312   0.0023            
 nFnu  1113A -10.580   0.1238      Ca B  8413A -12.097   0.0038      CO   64.10m -11.964   0.0051      O  1 969.0A -11.888   0.0061            
 nInu  1113A  -0.958*********      Ca B  8392A -12.140   0.0034      CO   62.61m -11.957   0.0052      O  1 754.4A -12.672   0.0010            
 nFnu  1103A  -9.758   0.8209      Ca B  8374A -12.179   0.0031      CO   61.18m -11.953   0.0052      O  1 946.4A -12.297   0.0024            
 nInu  1103A  -0.857*********      Ca B  8359A -12.215   0.0029      CO   59.83m -11.951   0.0053      O  1 934.5A -12.480   0.0016            
 nFnu  1074A -10.166   0.3209      Ca B  8346A -12.249   0.0027      CO   58.53m -11.952   0.0053      O  1 973.6A -12.631   0.0011            
 nInu  1074A  -0.870*********      Ca B  8334A -12.280   0.0025      CO   57.29m -11.954   0.0052      Ne 1 688.6A -12.364   0.0020            
 nFnu  1064A -10.313   0.2291      Ca B 4.051m -10.833   0.0692      CO   56.11m -11.959   0.0052      Al 2  1671A -12.084   0.0039            
 nInu  1064A  -0.831*********      Ca B 2.625m -11.095   0.0378      CO   54.97m -11.967   0.0051      Si 1  1261A -12.573   0.0013            
 nFnu  1036A -10.601   0.1179      Ca B 2.166m -11.317   0.0227      CO   53.88m -11.976   0.0050      Si 1  1853A -12.666   0.0010            
 nInu  1036A  -0.870*********      Ca B 1.945m -11.503   0.0148      CO   52.84m -11.988   0.0048      Si 2  1180A -11.350   0.0210            
 nFnu  1000A -10.785   0.0771      Ca B 1.817m -11.660   0.0103      CO   51.84m -12.001   0.0047      Si 2 993.4A -12.172   0.0032            
 nInu  1000A  -0.867*********      Ca B 1.736m -11.793   0.0076      CO   50.87m -12.017   0.0045      S  2 750.3A -12.133   0.0035            
 nFnu 925.1A -10.586   0.1222      Ca B 1.681m -11.906   0.0058      CO   49.95m -12.035   0.0043      S  2 888.4A -12.661   0.0010            
 nInu 925.1A  -0.918*********      Ca B 1.641m -12.004   0.0047      CO   49.06m -12.055   0.0041      hyperfine structure.........            
 nFnu 897.8A  -7.236 273.6352      Ca B 1.611m -12.089   0.0038      CO   48.20m -12.077   0.0039      inner shell.................            
 nInu 897.8A  -1.200*********      Ca B 1.588m -12.165   0.0032      CO   47.37m -12.102   0.0037      molecules...................            
 nFnu 760.0A -10.665   0.1018      Ca B 1.570m -12.234   0.0027      CO   46.57m -12.128   0.0035      H2 l 2.000m -11.393   0.0190            
 nInu 760.0A  -1.262*********      Ca B 1.556m -12.296   0.0024      CO   45.80m -12.157   0.0033      H-CT  6563A -10.159   0.3262            



                                                                           
 Cooling:  HFBc     0 :0.052 HFFc     0 :0.053 Fe2c     0 :0.636  
 Heating:  BFH1     0 :0.943  

 These are some of the most important databases used by Cloudy:
 Many recombination coefficients were taken from http://amdpp.phys.strath.ac.uk/tamoc/RR/ and http://amdpp.phys.strath.ac.uk/tamoc/DR/
      and are based on the following papers:
        Badnell N. R., et al., A&A 406, 1151 (2003) [http://adsabs.harvard.edu/abs/2003A%26A...406.1151B]
        Badnell N. R., ApJS 167, 334 (2006) [http://adsabs.harvard.edu/abs/2006ApJS..167..334B]
 Much of the molecular emission data is from LAMDA as accessed on Dec. 18, 2010. This database is described in:
        Schoeier F.L., et al., A&A 432, 369 (2005) [http://adsabs.harvard.edu/abs/2005A%26A...432..369S]
      This database is in part based on the work of the following groups:
        JPL: Pickett H. M. et al., JQSRT, 60, 883 (1998). [http://adsabs.harvard.edu/abs/1998JQSRT..60..883P]
        CDMS: Mueller H. S. et al., A&A 370, L49 (2001). [http://adsabs.harvard.edu/abs/2001A%26A...370L..49M]
              Mueller H. S. et al., J. Mol. Struct. 742, 215 (2005). [http://adsabs.harvard.edu/abs/2005JMoSt.742..215M]
 Much of the ionic emission data is from version 7.0 of CHIANTI. CHIANTI is a collaborative project involving the NRL (USA), the
      Universities of Florence (Italy) and Cambridge (UK), and George Mason University (USA). These papers describe Chianti:
        Dere K. P., et al., A&AS, 125, 149 (1997) [http://adsabs.harvard.edu/abs/1997A%26AS..125..149D]
        Landi E., et al., ApJ, 744, 99 (2012) [http://adsabs.harvard.edu/abs/2012ApJ...744...99L]
 Much of the H_2 data is from this web site: http://molat.obspm.fr/index.php?page=pages/Molecules/H2/H2can94.php. These data are
      described in:
        Abgrall H. et al., Can. J. Phys., 72, 856 (1994) [http://adsabs.harvard.edu/abs/1994CaJPh..72..856A]
        Wrathmall S. A. & Flower D. R., J. Phys. B, 40, 3221 (2007) [http://adsabs.harvard.edu/abs/2007JPhB...40.3221W]
 Please cite those papers that played a significant role in this calculation.

 IONIZE PARMET:  U(1-) -9.4768  U(4-):-18.1066  U(sp): -9.48  Q(ion):    9.000  L(ion) -1.528    Q(low): 11.371    L(low) -0.945
 ENERGY BUDGET:  Heat:  -8.625  Coolg:  -8.625  Error:  0.0%  Rec Lin:  -9.363  F-F  H  0.000    P(rad/tot)max     0.00E+00

     Col(Heff):      0.000E+00  snd travl time  3.32E-03 sec  Te-low: 2.86E+03  Te-hi: 2.86E+03  G0TH85: 4.92E+01  G0DB96:6.38E+01
  Emiss Measure    n(e)n(p) dl       3.900E+14  n(e)n(He+)dl         8.515E+11  En(e)n(He++) dl         8.027E-01  ne nC+:1.22E+12
 He/Ha:1.91E-03  =   0.02*true  Lthin:4.60E+03  itr/zn:26.00  H2 itr/zn:  0.00  File Opacity: F  MassTot 3.28e-13  (gm/cm^2)
   Temps(21 cm)   T(21cm/Ly a)  2.71E+03        T(<nH/Tkin>)  2.86E+03          T(<nH/Tspin>)    2.86E+03          TB21cm:0.00E+00
                   N(H0/Tspin)  5.02E+07        N(OH/Tkin)    2.28E+01          B(21cm)          0.00E+00
   <a>:1.14E-05  erdeFe0.0E+00  Tcompt1.21E+07  Tthr3.92E+07  <Tden>: 2.86E+03  <dens>:2.27E-16  <MolWgt>1.25E+00
     Mean Jeans  l(cm)1.98E+17  M(sun)4.66E+02  smallest:     len(cm):1.98E+17  M(sun):4.66E+02  a_ox tran:  0.00
 Rion:1.000E+30  Dist:0.00E+00  Diam:0.000E+00
 Hatom level 70  HatomType: add  HInducImp  F  He tot level: 63  He2 level:   70  ExecTime    27.5
 ConvrgError(%)  <eden>  0.006  MaxEden  0.006  <H-C>   0.29  Max(H-C)    0.29  <Press>   0.000  MaxPrs er  0.000
  Continuity(%)  chng Te   0.0  elec den   0.0  n(H2)    0.0  n(CO)        0.0

                                                        Averaged Quantities
             Te      Te(Ne)   Te(NeNp)  Te(NeHe+)Te(NeHe2+) Te(NeO+)  Te(NeO2+)  Te(H2)     N(H)     Ne(O2+)   Ne(Np)
 Radius:  2.86e+03  2.86e+03  2.86e+03  2.86e+03  2.86e+03  2.86e+03  2.86e+03  2.86e+03  1.00e+08  5.26e+05  5.26e+05

 Contin Optical Depths: COMP: 5.06e-16    H-: 3.38e-14 R(1300): 9.64e-13  H2+: 1.05e-15  Pfa:5.06E-16
                          Pa: 5.07e-16    Ba: 3.12e-14      Hb: 2.44e-14   La: 2.10e-09     1r:9.087E-07  1.8:2.72E-07 4.:3.954E-08

 Old, new H  1 continuum optical depths:
     1 9.09e-07     2 1.72e-14     3 3.39e-14     4 3.39e-14     5 3.39e-14     6 8.42e-15     7 8.42e-15     8 8.42e-15
     9 8.42e-15    10 1.87e-20    11 1.87e-20    12 1.87e-20    13 1.87e-20    14 1.87e-20    15 3.03e-20    16 3.03e-20
    17 3.03e-20    18 3.03e-20    19 3.03e-20    20 3.03e-20    21 5.12e-20    22 5.12e-20    23 5.12e-20    24 5.12e-20
    25 5.12e-20    26 5.12e-20    27 5.12e-20    28 8.49e-20    29 8.49e-20    30 8.49e-20    31 8.49e-20    32 8.49e-20
    33 8.49e-20    34 8.49e-20    35 8.49e-20    36 1.37e-19    37 1.37e-19    38 1.37e-19    39 1.37e-19    40 1.37e-19
    41 1.37e-19    42 1.37e-19    43 1.37e-19    44 1.37e-19    45 2.15e-19    46 2.15e-19    47 2.15e-19    48 2.15e-19
    49 2.15e-19    50 2.15e-19    51 2.15e-19    52 2.15e-19    53 2.15e-19    54 2.15e-19
     1 9.09e-07     2 1.72e-14     3 3.39e-14     4 3.39e-14     5 3.39e-14     6 8.42e-15     7 8.42e-15     8 8.42e-15
     9 8.42e-15    10 1.87e-20    11 1.87e-20    12 1.87e-20    13 1.87e-20    14 1.87e-20    15 3.03e-20    16 3.03e-20
    17 3.03e-20    18 3.03e-20    19 3.03e-20    20 3.03e-20    21 5.12e-20    22 5.12e-20    23 5.12e-20    24 5.12e-20
    25 5.12e-20    26 5.12e-20    27 5.12e-20    28 8.49e-20    29 8.49e-20    30 8.49e-20    31 8.49e-20    32 8.49e-20
    33 8.49e-20    34 8.49e-20    35 8.49e-20    36 1.37e-19    37 1.37e-19    38 1.37e-19    39 1.37e-19    40 1.37e-19
    41 1.37e-19    42 1.37e-19    43 1.37e-19    44 1.37e-19    45 2.15e-19    46 2.15e-19    47 2.15e-19    48 2.15e-19
    49 2.15e-19    50 2.15e-19    51 2.15e-19    52 2.15e-19    53 2.15e-19    54 2.15e-19

 Old, new H  1 mean line optical depths:
  2- 1 2.81e-02  3- 2 3.25e-14  4- 3 2.71e-17  5- 4 2.92e-17  6- 5 4.46e-17  7- 6 9.88e-17  8- 7 1.42e-16
  9- 8 7.31e-17 10- 9 5.69e-17
  2- 1 2.81e-02  3- 2 2.98e-14  4- 3 2.45e-17  5- 4 2.75e-17  6- 5 4.28e-17  7- 6 9.67e-17  8- 7 1.39e-16
  9- 8 7.19e-17 10- 9 5.63e-17

 Old, new He 2 continuum optical depths:
     1 3.95e-08     2 8.98e-07     3 1.90e-14     4 1.90e-14     5 1.90e-14     6 1.72e-14     7 1.72e-14     8 1.72e-14
     9 1.72e-14    10 2.75e-14    11 2.75e-14    12 2.75e-14    13 2.75e-14    14 2.75e-14    15 3.39e-14    16 3.39e-14
    17 3.39e-14    18 3.39e-14    19 3.39e-14    20 3.39e-14    21 2.86e-14    22 2.86e-14    23 2.86e-14    24 2.86e-14
    25 2.86e-14    26 2.86e-14    27 2.86e-14    28 8.42e-15    29 8.42e-15    30 8.42e-15    31 8.42e-15    32 8.42e-15
    33 8.42e-15    34 8.42e-15    35 8.42e-15    36 1.52e-20    37 1.52e-20    38 1.52e-20    39 1.52e-20    40 1.52e-20
    41 1.52e-20    42 1.52e-20    43 1.52e-20    44 1.52e-20    45 1.87e-20    46 1.87e-20    47 1.87e-20    48 1.87e-20
    49 1.87e-20    50 1.87e-20    51 1.87e-20    52 1.87e-20    53 1.87e-20    54 1.87e-20
     1 3.95e-08     2 8.98e-07     3 1.90e-14     4 1.90e-14     5 1.90e-14     6 1.72e-14     7 1.72e-14     8 1.72e-14
     9 1.72e-14    10 2.75e-14    11 2.75e-14    12 2.75e-14    13 2.75e-14    14 2.75e-14    15 3.39e-14    16 3.39e-14
    17 3.39e-14    18 3.39e-14    19 3.39e-14    20 3.39e-14    21 2.86e-14    22 2.86e-14    23 2.86e-14    24 2.86e-14
    25 2.86e-14    26 2.86e-14    27 2.86e-14    28 8.42e-15    29 8.42e-15    30 8.42e-15    31 8.42e-15    32 8.42e-15
    33 8.42e-15    34 8.42e-15    35 8.42e-15    36 1.52e-20    37 1.52e-20    38 1.52e-20    39 1.52e-20    40 1.52e-20
    41 1.52e-20    42 1.52e-20    43 1.52e-20    44 1.52e-20    45 1.87e-20    46 1.87e-20    47 1.87e-20    48 1.87e-20
    49 1.87e-20    50 1.87e-20    51 1.87e-20    52 1.87e-20    53 1.87e-20    54 1.87e-20

 Old, new He 2 mean line optical depths:
  2- 1 1.56e-07  3- 2 8.94e-21  4- 3 4.43e-21  5- 4 4.43e-21  6- 5 4.43e-21  7- 6 4.43e-21  8- 7 4.43e-21
  9- 8 4.43e-21 10- 9 4.43e-21
  2- 1 1.56e-07  3- 2 4.52e-21  4- 3 2.22e-21  5- 4 2.22e-21  6- 5 2.22e-21  7- 6 2.22e-21  8- 7 2.22e-21
  9- 8 2.22e-21 10- 9 2.22e-21

 Old He Is optical depths:    1 2.72e-07    2 1.23e-14    3 1.42e-14    4 1.60e-14    5 1.60e-14
 New He Is optical depths:    1 2.72e-07    2 1.23e-14    3 1.42e-14    4 1.60e-14    5 1.60e-14
          Old He Is Lines:  584 1.53e-03 3889 1.96e-11 5016 4.82e-15 5876 1.89e-19
          New He Is Lines:  584 1.53e-03 3889 1.96e-11 5016 4.82e-15 5876 1.89e-19

==== H      compounds ====           Log10 column densities [cm^-2}
   H2        :  7.946   H2*       :  5.271   H2+       :  2.178   H3+       :  0.154
==== He     compounds ====
   HeH+      :  1.272
==== Li     compounds ====
   LiH       : -6.197   LiH+      : -7.570
==== C      compounds ====
   CH        :  3.531   CH+       :  1.798   CH2       :  0.900   CH2+      : -0.975   CH3       : -2.785   CH3+      : -3.824   CH4       : -6.487   CH4+      : -8.385
   CH5+      :-13.140   C2        :  0.546   C2+       : -0.691   C2H       : -1.673   C2H+      : -3.164   C2H2      : -7.541   C2H2+     : -6.248   C2H3+     :-11.127
   C3        : -7.505   C3+       : -5.985   C3H       :-10.026   C3H+      : -8.516
==== N      compounds ====
   NH        :  3.216   NH+       :  2.428   NH2       : -0.576   NH2+      : -0.380   NH3       : -3.638   NH3+      : -3.878   NH4+      :-10.351   CN        :  3.221
   CN+       : -1.546   HCN       :  0.738   HCN+      : -0.236   HNC       : -4.359   HCNH+     : -3.284   HC3N      :-35.930   N2        :  3.599   N2+       : -0.570
   N2H+      : -6.374
==== O      compounds ====
   OH        :  4.814   OH+       :  4.180   H2O       :  1.498   H2O+      :  1.230   H3O+      : -2.049   CO        :  5.674   CO+       :  0.145   HCO+      : -0.269
   H2CO      :-35.930   CH3OH     :-35.930   ^13CO     :  4.197   NO        :  1.181   NO+       :  0.065   HNO       : -2.922   HNO+      : -3.341   OCN       : -0.421
   OCN+      : -3.035   N2O       : -4.167   O2        :  1.242   O2+       :  1.408   NO2       : -2.847   NO2+      : -6.739
==== Ne     compounds ====
   NeH+      : -1.536
==== Si     compounds ====
   SiH       : -3.610   SiH2+     : -5.073   SiC2      :-35.930   SiN       : -6.782   SiN+      : -0.883   SiO       :  1.091   SiO+      :  0.589   SiOH+     : -2.728
==== S      compounds ====
   HS        :  2.635   HS+       :  1.110   CS        : -0.959   CS+       : -1.071   HCS+      : -3.292   NS        : -1.067   NS+       : -1.480   SO        :  0.653
   SO+       :  0.072   OCS       : -5.568   OCS+      : -7.227   SO2       :-35.930   S2        : -5.781   S2+       : -7.127
==== Cl     compounds ====
   HCl       : -1.623   HCl+      :  1.685   H2Cl+     : -1.125   CCl       :-12.499   CCl+      : -6.087   H2CCl+    :-16.202   ClO       :-14.772   ClO+      :-19.102
==== Ar     compounds ====
   ArH+      :  2.640
==== Ti     compounds ====
   TiH       :-35.930   TiH+      :-35.930   TiH2      :-35.930   TiH2+     :-35.930   TiC       :-35.930   TiC+      :-35.930   HCTi      :-35.930   HCTi+     :-35.930
   TiC2      :-35.930   TiC2+     :-35.930   TiN       :-35.930   TiN+      :-35.930   HNTi      :-35.930   HNTi+     :-35.930   TiNC      :-35.930   TiNC+     :-35.930
   TiO       :-35.930   TiO+      :-35.930   TiOH+     :-35.930   TiO2      :-35.930   TiF+      :-35.930   TiS       :-35.930   TiS+      :-35.930   HTiS      :-35.930


               1      2      3      4      5      6      7      8      9     10     11     12     13     14     15     16     17

 Hydrogen   11.157  8.870  7.947 (H2)                Log10 Column density (cm^-2)
 Helium     10.090  6.209 -5.817
 Lithium     0.039 -0.280-19.338-30.000
 Beryllium   0.537 -1.638 -5.485-30.000-30.000
 Boron       1.836  0.581 -6.412-30.000-30.000-30.000
 Carbon      7.557  6.364  1.025-30.000-30.000-30.000-30.000
 Nitrogen    6.989  3.619 -4.883-30.000-30.000-30.000-30.000-30.000
 Oxygen      7.845  5.440 -3.074-30.000-30.000-30.000-30.000-30.000-30.000
 Fluorine    3.716  1.626 -3.035-30.000-30.000-30.000-30.000-30.000-30.000-30.000
 Neon        7.088  4.656 -0.889-30.000-30.000-30.000-30.000-30.000-30.000-30.000-30.000
 Sodium      4.282  5.366 -1.008-30.000-30.000-30.000-30.000-30.000-30.000-30.000-30.000-30.000
 Magnesium   5.624  6.727  2.168-30.000-30.000-30.000-30.000-30.000-30.000-30.000-30.000-30.000-30.000
 Aluminium   2.282  5.610  0.713-30.000-30.000-30.000-30.000-30.000-30.000-30.000-30.000-30.000-30.000-30.000
 Silicon     5.874  6.595 -0.762-30.000-30.000-30.000-30.000-30.000-30.000-30.000-30.000-30.000-30.000-30.000-30.000
 Phosphorus  1.973  4.569 -0.054-30.000-30.000-30.000-30.000-30.000-30.000-30.000-30.000-30.000-30.000-30.000-30.000-30.000
 Sulphur     5.934  6.020  0.783-30.000-30.000-30.000-30.000-30.000-30.000-30.000-30.000-30.000-30.000-30.000-30.000-30.000-30.000
 Chlorine    3.697  4.609  0.534-30.000-30.000-30.000-30.000-30.000-30.000-30.000-30.000-30.000-30.000-30.000-30.000-30.000-30.000
-30.000
 Argon       5.559  2.141 -1.809-30.000-30.000-30.000-30.000-30.000-30.000-30.000-30.000-30.000-30.000-30.000-30.000-30.000-30.000
-30.000-30.000
 Potassium   3.654  4.040 -0.675-30.000-30.000-30.000-30.000-30.000-30.000-30.000-30.000-30.000-30.000-30.000-30.000-30.000-30.000
-30.000-30.000-30.000
 Calcium     5.485  4.032  1.085-30.000-30.000-30.000-30.000-30.000-30.000-30.000-30.000-30.000-30.000-30.000-30.000-30.000-30.000
-30.000-30.000-30.000-30.000
 Scandium    2.288  0.978 -1.439-30.000-30.000-30.000-30.000-30.000-30.000-30.000-30.000-30.000-30.000-30.000-30.000-30.000-30.000
-30.000-30.000-30.000-30.000-30.000
 Titanium    0.438  4.110  0.769-30.000-30.000-30.000-30.000-30.000-30.000-30.000-30.000-30.000-30.000-30.000-30.000-30.000-30.000
-30.000-30.000-30.000-30.000-30.000-30.000
 Vanadium    3.079  1.487 -1.456-30.000-30.000-30.000-30.000-30.000-30.000-30.000-30.000-30.000-30.000-30.000-30.000-30.000-30.000
-30.000-30.000-30.000-30.000-30.000-30.000-30.000
 Chromium    4.761  3.744 -2.400-30.000-30.000-30.000-30.000-30.000-30.000-30.000-30.000-30.000-30.000-30.000-30.000-30.000-30.000
-30.000-30.000-30.000-30.000-30.000-30.000-30.000-30.000
 Manganese   0.955  4.590 -1.042-30.000-30.000-30.000-30.000-30.000-30.000-30.000-30.000-30.000-30.000-30.000-30.000-30.000-30.000
-30.000-30.000-30.000-30.000-30.000-30.000-30.000-30.000-30.000
 Iron        2.782  6.660  0.114-30.000-30.000-30.000-30.000-30.000-30.000-30.000-30.000-30.000-30.000-30.000-30.000-30.000-30.000
-30.000-30.000-30.000-30.000-30.000-30.000-30.000-30.000-30.000-30.000
 Cobalt      4.146  2.092 -5.153-30.000-30.000-30.000-30.000-30.000-30.000-30.000-30.000-30.000-30.000-30.000-30.000-30.000-30.000
-30.000-30.000-30.000-30.000-30.000-30.000-30.000-30.000-30.000-30.000-30.000
 Nickel      1.971  5.380 -2.092-30.000-30.000-30.000-30.000-30.000-30.000-30.000-30.000-30.000-30.000-30.000-30.000-30.000-30.000
-30.000-30.000-30.000-30.000-30.000-30.000-30.000-30.000-30.000-30.000-30.000-30.000
 Copper      3.339  1.779 -2.377-30.000-30.000-30.000-30.000-30.000-30.000-30.000-30.000-30.000-30.000-30.000-30.000-30.000-30.000
-30.000-30.000-30.000-30.000-30.000-30.000-30.000-30.000-30.000-30.000-30.000-30.000-30.000
 Zinc        3.717  1.478 -2.224-30.000-30.000-30.000-30.000-30.000-30.000-30.000-30.000-30.000-30.000-30.000-30.000-30.000-30.000
-30.000-30.000-30.000-30.000-30.000-30.000-30.000-30.000-30.000-30.000-30.000-30.000-30.000-30.000
 Exc state    He1*  2.005   CII*  6.183   C11*  6.610   C12*  7.083   C13*  7.299   O11*  7.607   O12*  7.350   O13*  6.858
              Si2*  6.397   C30*-11.300   C31*-13.495   C32*-10.518


 Hydrogen   -0.003 -2.290 -2.912 (H2)                 Log10 Mean Ionisation (over radius)
 Helium     -0.000 -3.881-15.907
 Lithium    -0.170 -0.490-19.547
 Beryllium  -0.003 -2.178 -6.025
 Boron      -0.023 -1.278 -8.272
 Carbon     -0.032 -1.226 -6.565
 Nitrogen   -0.001 -3.371-11.873
 Oxygen     -0.005 -2.411-10.924
 Fluorine   -0.004 -2.094 -6.755
 Neon       -0.002 -2.434 -7.979
 Sodium     -1.118 -0.034 -6.408
 Magnesium  -1.135 -0.033 -4.592
 Aluminium  -3.328 -0.000 -4.898
 Silicon    -0.796 -0.076 -7.433
 Phosphorus -2.597 -0.001 -4.624
 Sulphur    -0.346 -0.260 -5.498
 Chlorine   -0.963 -0.051 -4.126
 Argon      -0.001 -3.419 -7.369
 Potassium  -0.535 -0.150 -4.865
 Calcium    -0.015 -1.468 -4.415
 Scandium   -0.021 -1.332 -3.748
 Titanium   -3.672 -0.000 -3.341
 Vanadium   -0.011 -1.603 -4.546
 Chromium   -0.040 -1.056 -7.200
 Manganese  -3.635 -0.000 -5.632
 Iron       -3.878 -0.000 -6.546
 Cobalt     -0.004 -2.058 -9.303
 Nickel     -3.409 -0.000 -7.473
 Copper     -0.012 -1.571 -5.727
 Zinc       -0.002 -2.242 -5.944

               1      2      3      4      5      6      7      8      9     10     11     12     13     14     15     16     17

 Hydrogen   -0.003 -2.290 -2.912 (H2)         Log10 Mean Ionisation (over radius*electron density)
 Helium     -0.000 -3.881-15.907
 Lithium    -0.170 -0.490-19.547
 Beryllium  -0.003 -2.178 -6.025
 Boron      -0.023 -1.278 -8.272
 Carbon     -0.032 -1.226 -6.565
 Nitrogen   -0.001 -3.371-11.873
 Oxygen     -0.005 -2.411-10.924
 Fluorine   -0.004 -2.094 -6.755
 Neon       -0.002 -2.434 -7.979
 Sodium     -1.118 -0.034 -6.408
 Magnesium  -1.135 -0.033 -4.592
 Aluminium  -3.328 -0.000 -4.898
 Silicon    -0.796 -0.076 -7.433
 Phosphorus -2.597 -0.001 -4.624
 Sulphur    -0.346 -0.260 -5.498
 Chlorine   -0.963 -0.051 -4.126
 Argon      -0.001 -3.419 -7.369
 Potassium  -0.535 -0.150 -4.865
 Calcium    -0.015 -1.468 -4.415
 Scandium   -0.021 -1.332 -3.748
 Titanium   -3.672 -0.000 -3.341
 Vanadium   -0.011 -1.603 -4.546
 Chromium   -0.040 -1.056 -7.200
 Manganese  -3.635 -0.000 -5.632
 Iron       -3.878 -0.000 -6.546
 Cobalt     -0.004 -2.058 -9.303
 Nickel     -3.409 -0.000 -7.473
 Copper     -0.012 -1.571 -5.727
 Zinc       -0.002 -2.242 -5.944

               1      2      3      4      5      6      7      8      9     10     11     12     13     14     15     16     17

 Hydrogen    3.456  3.456  3.456 (H2)                  Log10 Mean Temperature (over radius)
 Helium      3.456  3.456  3.456
 Lithium     3.456  3.456  3.456
 Beryllium   3.456  3.456  3.456
 Boron       3.456  3.456  3.456
 Carbon      3.456  3.456  3.456
 Nitrogen    3.456  3.456  3.456
 Oxygen      3.456  3.456  3.456
 Fluorine    3.456  3.456  3.456
 Neon        3.456  3.456  3.456
 Sodium      3.456  3.456  3.456
 Magnesium   3.456  3.456  3.456
 Aluminium   3.456  3.456  3.456
 Silicon     3.456  3.456  3.456
 Phosphorus  3.456  3.456  3.456
 Sulphur     3.456  3.456  3.456
 Chlorine    3.456  3.456  3.456
 Argon       3.456  3.456  3.456
 Potassium   3.456  3.456  3.456
 Calcium     3.456  3.456  3.456
 Scandium    3.456  3.456  3.456
 Titanium    3.456  3.456  3.456
 Vanadium    3.456  3.456  3.456
 Chromium    3.456  3.456  3.456
 Manganese   3.456  3.456  3.456
 Iron        3.456  3.456  3.456
 Cobalt      3.456  3.456  3.456
 Nickel      3.456  3.456  3.456
 Copper      3.456  3.456  3.456
 Zinc        3.456  3.456  3.456

               1      2      3      4      5      6      7      8      9     10     11     12     13     14     15     16     17

 Hydrogen    3.456  3.456  3.456 (H2)          Log10 Mean Temperature (over radius*electron density)
 Helium      3.456  3.456  3.456
 Lithium     3.456  3.456  3.456
 Beryllium   3.456  3.456  3.456
 Boron       3.456  3.456  3.456
 Carbon      3.456  3.456  3.456
 Nitrogen    3.456  3.456  3.456
 Oxygen      3.456  3.456  3.456
 Fluorine    3.456  3.456  3.456
 Neon        3.456  3.456  3.456
 Sodium      3.456  3.456  3.456
 Magnesium   3.456  3.456  3.456
 Aluminium   3.456  3.456  3.456
 Silicon     3.456  3.456  3.456
 Phosphorus  3.456  3.456  3.456
 Sulphur     3.456  3.456  3.456
 Chlorine    3.456  3.456  3.456
 Argon       3.456  3.456  3.456
 Potassium   3.456  3.456  3.456
 Calcium     3.456  3.456  3.456
 Scandium    3.456  3.456  3.456
 Titanium    3.456  3.456  3.456
 Vanadium    3.456  3.456  3.456
 Chromium    3.456  3.456  3.456
 Manganese   3.456  3.456  3.456
 Iron        3.456  3.456  3.456
 Cobalt      3.456  3.456  3.456
 Nickel      3.456  3.456  3.456
 Copper      3.456  3.456  3.456
 Zinc        3.456  3.456  3.456

               1      2      3      4      5      6      7      8      9     10     11     12     13     14     15     16     17
                                                                          

---------------Convergence statistics---------------
      2.01 mean iterations/state convergence
      2.82 mean cx acceleration loops/iteration
       1.1 mean iso convergence loops/ion solve
       1.1 mean steps/chemistry solve
      1.03 mean step length searches/chemistry step
----------------------------------------------------

 Cloudy ends: 1 zone, 3 iterations.  ExecTime(s) 27.55
 [Stop in cdMain at ../maincl.cpp:483, Cloudy exited OK]
 ************************************************** GRID_DELIMIT -- grid000000021
