                                                          Cloudy 13.03
                                                         www.nublado.org

                       **************************************13Feb20**************************************
                       *                                                                                 *
                       * c                                                                               *
                       * phi(h) 9.000000 LOG range -0.000232 6.866524                                    *
                       * grid from 8 to 23 in 1 dex steps                                                *
                       * HDEN=7.000000 LOG                                                               *
                       * grid from 0 to 12 in 1 dex steps                                                *
                       * set pres ionize 1e5                                                             *
                       * c                                                                               *
                       * c                                                                               *
                       * table star "inst_padova_agbtrack_z.mod" age 6.3                                 *
                       * c<< inst_padova_ model    1 read.       Age =      10000.00                 >>> *
                       * c<< inst_padova_ model    2 read.       Age =    2010000.00                 >>> *
                       * c<< FINAL:     Age =    1995262.31                                          >>> *
                       * c                                                                               *
                       * c                                                                               *
                       * abundances GASS10                                                               *
                       * c                                                                               *
                       * c                                                                               *
                       * iterate to convergence max = 7                                                  *
                       * stop column density = 23                                                        *
                       * c                                                                               *
                       * c                                                                               *
                       * print last                                                                      *
                       * set save prefix "padova_inst_2"                                                 *
                       * save grid ".grd" last no hash                                                   *
                       * save linelist "emissionlines_abs.txt" "LineList_HII.dat" absolute last no hash    *
                       *                                                                                 *
                       ***********************************************************************************



           4049CellPeak1.00E+00   Lo 1.00e-08=910.79cm   Hi-Con:6.19E+00 Ryd   E(hi):7.35E+06Ryd     E(hi):     100.01 MeV
           I(nu>1ryd):  -1.5285   Average nu:1.358E+00   I( X-ray):   0.0000   I(BalC):  -1.0060     Phi(BalmrC):   9.8965
           phi(1.0-1.8): 8.9535   phi(1.8-4.0):  8.007   phi(4.0-20):  3.227   phi(20--):  0.000     Ion pht flx:1.000E+09
           I(gam ray):   0.0000   phi(gam r):   0.0000   I(Infred):  -1.8669   Alf(ox):   0.0000     Total inten:  -0.8482
           U(1.0----):3.336E-09   U(4.0----):5.625E-15   T(En-Den):5.001E+00   T(Comp):3.012E+04     nuJnu(912A):9.683E-02
           Occ(FarIR):4.141E-02   Occ(H n=6):2.633E-14   Occ(1Ryd):4.451E-18   Occ(4R):3.399E-25     Occ (Nu-hi):3.050E-31
           Tbr(FarIR):6.561E-05   Tbr(H n=6):1.154E-10   Tbr(1Ryd):7.036E-13   Tbr(4R):2.148E-19     Tbr (Nu-hi):2.972E-25
  
                                                  Gas Phase Chemical Composition
        H :  0.0000  He: -1.0701  Li:-10.9508  Be:-10.6198  B : -9.3002  C : -3.5702  N : -4.1701  O : -3.3098  F : -7.4401
        Ne: -4.0701  Na: -5.7595  Mg: -4.4001  Al: -5.5498  Si: -4.4895  P : -6.5901  S : -4.8794  Cl: -6.5003  Ar: -5.6003
        K : -6.9706  Ca: -5.6596  Sc: -8.8508  Ti: -7.0501  V : -8.0701  Cr: -6.3595  Mn: -6.5702  Fe: -4.5003  Co: -7.0101
                                               Ni: -5.7799  Cu: -7.8097  Zn: -7.4401
 
 ####  1  Te:3.125E+03 Hden:1.000E+07 Ne:1.875E+05 R:1.000E+30 R-R0:7.732E+04 dR:1.546E+05 NTR: 29 Htot:1.663E-13 T912: 9.59e-06###
 Hydrogen      9.81e-01 1.83e-02 H+o/Hden 9.99e-01 2.05e-08 H-    H2 4.20e-04 3.69e-09 H2+ HeH+ 1.28e-09 Ho+ ColD 1.52e+12 2.83e+10
 Helium        9.98e-01 1.67e-03 4.05e-12 HeI 2s3S 7.49e-08 Comp H,C 3.59e-25 3.73e-26 Fill Fac 1.00e+00 Gam1/tot 1.00e+00
 He singlet n  9.98e-01 2.07e-12 1.07e-18 1.48e-19 1.47e-19 2.34e-19 He tripl 7.49e-08 2.62e-17 2.09e-19 1.88e-18 6.40e-19
 Pressure      NgasTgas 3.45e+10 P(total) 4.77e-06 P( gas ) 4.77e-06 P(Radtn) 0.00e+00 Rad accl 1.05e-05 ForceMul 4.04e+08
 Texc(La)      3.08e+03 T(I con) 5.00e+00 T(D con) 2.14e-01 T(U tot) 5.00e+00 nT (c+d) 1.26e+06 Prad/Gas 0.00e+00 Pmag/Gas 0.00e+00
 Molecules     CH/Ctot: 6.52e-05 CH+/Ctot 1.92e-06 CO/Ctot: 5.12e-04 CO+/Ctot 1.99e-08 H2O/Otot 5.25e-08 OH/Ototl 4.15e-04
 Lithium       6.03e-01 3.97e-01 9.19e-17 0.00e+00 Berylliu 9.80e-01 1.99e-02 1.18e-05 0.00e+00 0.00e+00 sec ion: 0.00e+00
 Boron         8.56e-01 1.44e-01 1.26e-07 0.00e+00 0.00e+00 0.00e+00
 Carbon        8.88e-01 1.11e-01 4.06e-06 0.00e+00 0.00e+00 0.00e+00 0.00e+00 H2O+/O   2.71e-08 OH+/Otot 1.19e-04 Hex(tot) 0.00e+00
 Nitrogen      9.97e-01 2.61e-03 8.22e-11 0.00e+00 0.00e+00 0.00e+00 0.00e+00 0.00e+00 O2/Ototl 4.80e-08 O2+/Otot 6.14e-08
 Oxygen        9.85e-01 1.41e-02 1.62e-10 0.00e+00 0.00e+00 0.00e+00 0.00e+00 0.00e+00 0.00e+00
 Fluorine      9.75e-01 2.50e-02 8.02e-07 0.00e+00 0.00e+00 0.00e+00 0.00e+00 0.00e+00 0.00e+00 0.00e+00
 Neon          9.89e-01 1.11e-02 1.08e-07 0.00e+00 0.00e+00 0.00e+00 0.00e+00 0.00e+00 0.00e+00 0.00e+00 0.00e+00
 Sodium        6.80e-02 9.32e-01 9.05e-07 0.00e+00 0.00e+00 0.00e+00 0.00e+00 0.00e+00 0.00e+00 0.00e+00 0.00e+00 0.00e+00
 Magnesium     7.12e-02 9.29e-01 1.62e-04 0.00e+00 0.00e+00 0.00e+00 0.00e+00 0.00e+00 0.00e+00 0.00e+00 0.00e+00 0.00e+00 0.00e+00
 Aluminium  0  4.58e-04 9.99e-01 4.24e-05 0.00e+00 0.00e+00 0.00e+00 0.00e+00 0.00e+00 0.00e+00 0.00e+00 0.00e+00 0.00e+00 0.00e+00
 Silicon    0  5.44e-02 9.46e-01 3.76e-07 0.00e+00 0.00e+00 0.00e+00 0.00e+00 0.00e+00 0.00e+00 0.00e+00 0.00e+00 0.00e+00 0.00e+00
 Phosphorus 0  2.39e-03 9.98e-01 9.01e-05 0.00e+00 0.00e+00 0.00e+00 0.00e+00 0.00e+00 0.00e+00 0.00e+00 0.00e+00 0.00e+00 0.00e+00
 Sulphur    0  3.96e-01 6.03e-01 5.22e-05 0.00e+00 0.00e+00 0.00e+00 0.00e+00 0.00e+00 0.00e+00 0.00e+00 0.00e+00 0.00e+00 0.00e+00
 Chlorine   0  2.50e-02 9.74e-01 3.42e-04 0.00e+00 0.00e+00 0.00e+00 0.00e+00 0.00e+00 0.00e+00 0.00e+00 0.00e+00 0.00e+00 0.00e+00
 Argon      0  9.91e-01 5.50e-03 7.77e-06 0.00e+00 0.00e+00 0.00e+00 0.00e+00 0.00e+00 0.00e+00 0.00e+00 0.00e+00 0.00e+00 0.00e+00
 Potassium  0  2.63e-01 7.37e-01 3.71e-05 0.00e+00 0.00e+00 0.00e+00 0.00e+00 0.00e+00 0.00e+00 0.00e+00 0.00e+00 0.00e+00 0.00e+00
 Calcium    0  9.03e-01 9.64e-02 1.46e-04 0.00e+00 0.00e+00 0.00e+00 0.00e+00 0.00e+00 0.00e+00 0.00e+00 0.00e+00 0.00e+00 0.00e+00
 Scandium   0  8.68e-01 1.31e-01 1.02e-03 0.00e+00 0.00e+00 0.00e+00 0.00e+00 0.00e+00 0.00e+00 0.00e+00 0.00e+00 0.00e+00 0.00e+00
 Titanium   0  1.95e-04 9.98e-01 1.43e-03 0.00e+00 0.00e+00 0.00e+00 0.00e+00 0.00e+00 0.00e+00 0.00e+00 0.00e+00 0.00e+00 0.00e+00
 Vanadium   0  9.26e-01 7.35e-02 2.87e-04 0.00e+00 0.00e+00 0.00e+00 0.00e+00 0.00e+00 0.00e+00 0.00e+00 0.00e+00 0.00e+00 0.00e+00
 Chromium   0  7.72e-01 2.28e-01 1.60e-06 0.00e+00 0.00e+00 0.00e+00 0.00e+00 0.00e+00 0.00e+00 0.00e+00 0.00e+00 0.00e+00 0.00e+00
 Manganese  0  2.14e-04 1.00e+00 1.75e-05 0.00e+00 0.00e+00 0.00e+00 0.00e+00 0.00e+00 0.00e+00 0.00e+00 0.00e+00 0.00e+00 0.00e+00
 Iron       0  1.22e-04 1.00e+00 2.51e-06 0.00e+00 0.00e+00 0.00e+00 0.00e+00 0.00e+00 0.00e+00 0.00e+00 0.00e+00 0.00e+00 0.00e+00
 Cobalt     0  9.74e-01 2.63e-02 1.46e-08 0.00e+00 0.00e+00 0.00e+00 0.00e+00 0.00e+00 0.00e+00 0.00e+00 0.00e+00 0.00e+00 0.00e+00
 Nickel     0  3.65e-04 1.00e+00 3.25e-07 0.00e+00 0.00e+00 0.00e+00 0.00e+00 0.00e+00 0.00e+00 0.00e+00 0.00e+00 0.00e+00 0.00e+00
 Copper     0  9.23e-01 7.67e-02 4.06e-05 0.00e+00 0.00e+00 0.00e+00 0.00e+00 0.00e+00 0.00e+00 0.00e+00 0.00e+00 0.00e+00 0.00e+00
 Zinc       0  9.83e-01 1.69e-02 1.17e-05 0.00e+00 0.00e+00 0.00e+00 0.00e+00 0.00e+00 0.00e+00 0.00e+00 0.00e+00 0.00e+00 0.00e+00
                                                                             
   Calculation stopped because lowest Te reached. Iteration 3 of 3
   The geometry is plane-parallel.
  !Continuum fluorescent production of H-beta was very important.
  !Charge transfer ionization of H reached 2618.2% of the local H ionization rate.
  !AGE: Cloud age was not set.  Longest timescale was 4.30e+07 s = 1.36e+00 years.
  !Mutual neutralization production of H-alpha was significant.
  !The CMB was not included.  This is added with the CMB command.
   H2 vib deexec heating reached 2.31% of the local heating.
   Charge transfer heating reached 0.84% of the local heating.
   The density is too low to l-mix the lowest H  I collapsed level.  More resolved levels are needed for accurate line ratios.
   The density is too low to l-mix the lowest He I collapsed level.  More resolved levels are needed for accurate line ratios.
   Grains were not present but might survive in this environment (energy density temperature was 5.00e+00K)
   The fraction of Ar in ArH+ reached 0.346% at some point in the cloud.

                       *********************************> Cloudy 13.03 <**********************************
                       * c                                                                               *
                       * phi(h) 9.000000 LOG range -0.000232 6.866524                                    *
                       * grid from 8 to 23 in 1 dex steps                                                *
                       * HDEN=7.000000 LOG                                                               *
                       * grid from 0 to 12 in 1 dex steps                                                *
                       * set pres ionize 1e5                                                             *
                       * c                                                                               *
                       * c                                                                               *
                       * table star "inst_padova_agbtrack_z.mod" age 6.3                                 *
                       * c                                                                               *
                       * c                                                                               *
                       * abundances GASS10                                                               *
                       * c                                                                               *
                       * c                                                                               *
                       * iterate to convergence max = 7                                                  *
                       * stop column density = 23                                                        *
                       * c                                                                               *
                       * c                                                                               *
                       * print last                                                                      *
                       * set save prefix "padova_inst_2"                                                 *
                       * save grid ".grd" last no hash                                                   *
                       * save linelist "emissionlines_abs.txt" "LineList_HII.dat" absolute last no hash    *
                       *********************************> Log(U): -8.48 <*********************************

                     Emission Line Spectrum.   Constant  Density Model.    Open geometry.  Iteration 3 of 3.
                                                     Intensity (erg/s/cm^2).


                                                   Intrinsic line intensities
 general properties..........      nFnu  1036A  -9.280   0.1996      Ca A 1.544m -11.401   0.0015      TOTL 1.083m -10.191   0.0245            
 TOTL  4861A  -8.580   1.0000      nInu  1036A  -0.898*********      Ca A 1.534m -11.461   0.0013      He 1 1.083m -10.191   0.0245            
 TOTL  1216A  -6.117 290.5859      nFnu  1000A  -9.319   0.1827      Ca A 1.526m -11.515   0.0012      He 1 1.083m -11.145   0.0027            
 Inci     0   -0.848*********      nInu  1000A  -0.939*********      Ca A 1.519m -11.565   0.0010      He 1 1.083m -10.668   0.0082            
 TotH     0   -7.590   9.7850      nFnu 925.1A  -9.249   0.2144      Ca A 7.458m -10.241   0.0219      He 1 1.083m -10.446   0.0136            
 TotC     0   -7.590   9.7906      nInu 925.1A  -0.920*********      Ca A 4.653m -10.450   0.0135      He 1  3889A -10.922   0.0046            
 BFH1     0   -7.616   9.2247      nFnu 897.8A  -6.125 285.4260      Ca A 3.740m -10.641   0.0087      He 1  3188A -11.332   0.0018            
 BFHe     0   -9.377   0.1596      nInu 897.8A  -1.234*********      Ca A 3.296m -10.808   0.0059      He 1  5876A -10.696   0.0077            
 TotM     0   -9.867   0.0517      nFnu 760.0A  -9.154   0.2669      Ca A 3.038m -10.955   0.0042      He 1  4471A -11.181   0.0025            
 CT H     0   -9.773   0.0642      nInu 760.0A  -1.355*********      Ca A 2.872m -11.087   0.0031      He 1  4026A -11.521   0.0011            
 H FB     0   -8.761   0.6596      nFnu 701.5A  -9.261   0.2086      Ca A 2.758m -11.205   0.0024      He 1  6678A -11.234   0.0022            
 HFBc     0   -8.761   0.6596      nInu 701.5A  -1.463*********      Ca A 2.674m -11.312   0.0019      He 1 1.869m -11.524   0.0011            
 OH       0  -10.306   0.0188      nFnu 608.2A -11.014   0.0037      Ca A 2.612m -11.409   0.0015      Pho+  3889A  -9.566   0.1035            
 CO       0  -10.811   0.0059      nInu 608.2A  -1.368*********      Ca A 2.564m -11.497   0.0012      database lines..............            
 continua....................      nFnu 575.1A -10.136   0.0278      Ca A 2.525m -11.577   0.0010      OH   119.4m -11.375   0.0016            
 Bac   3646A  -7.248  21.4897      nInu 575.1A  -1.365*********      Ca A 12.37m -10.652   0.0085      OH   119.4m -11.184   0.0025            
 nFnu  3645A  -7.247  21.5524      nInu 511.9A  -1.410*********      Ca A 7.500m -10.820   0.0058      OH   119.2m -11.514   0.0012            
 nFnu  3647A  -9.783   0.0627      nFnu 496.9A  -7.941   4.3590      Ca A 5.907m -10.984   0.0040      OH   119.2m -11.320   0.0018            
 cout  3646A  -7.549  10.7449      nInu 496.9A  -1.5969643782.0      Ca A 5.127m -11.132   0.0028      OH   79.16m -11.445   0.0014            
 cref  3646A  -7.549  10.7449      nInu 399.2A  -1.8824997912.5      Ca A 4.671m -11.266   0.0021      OH   79.10m -11.460   0.0013            
 thin  3646A  -7.248  21.4897      RRC.........................      Ca A 4.375m -11.388   0.0016      level 1 lines...............            
 Inci  4860A  -2.0433445540.5      H  1 911.8A  -7.468  12.9701      Ca A 4.170m -11.500   0.0012      C  1  1656A -10.087   0.0311            
 Inci  1215A  -0.962*********      H  1  3646A  -8.880   0.5013      Ca A 19.06m -11.011   0.0037      REC   1656A -10.712   0.0074            
 Ba C     0   -8.355   1.6795      H  1  3646A  -8.473   1.2805      Ca A 11.31m -11.149   0.0027      C Ic  9850A  -8.896   0.4835            
 PA C     0   -8.734   0.7016      H  1  8204A  -9.657   0.0838      Ca A 8.758m -11.293   0.0019      TOTL  9850A  -8.896   0.4836            
 FIR  83.00m  -2.4391384423.8      H  1  8204A  -9.197   0.2417      Ca A 7.506m -11.426   0.0014      C  1  8727A  -9.822   0.0574            
 TIR   1800m  -4.7426898.0176      H  1  8204A  -9.198   0.2411      Ca A 6.770m -11.550   0.0011      C  2  1335A -11.142   0.0027            
 NIRa 2.850m  -2.4051497767.6      H  1 1.458m -10.196   0.0242      Ca A 27.80m -11.330   0.0018      N  1 953.9A -11.367   0.0016            
 NIRb 3.000m  -2.920457691.16      H  1 1.458m  -9.727   0.0714      Ca A 16.20m -11.446   0.0014      N  1  1200A -10.402   0.0151            
 MIRa 15.00m  -3.014368657.12      H  1 1.458m  -9.615   0.0923      Ca A 12.38m -11.574   0.0010      O  1  6300A  -9.655   0.0842            
 MIRb 22.50m  -2.791615506.88      H  1 1.458m  -9.841   0.0549      Ca B  6563A  -8.269   2.0480      O  1  6363A -10.152   0.0268            
 NMIR 21.75m  -2.4051497767.6      H  1 2.279m -10.597   0.0096      Ca B  4861A  -8.754   0.6701      O  1 63.17m  -9.175   0.2541            
 TFIR 611.2m  -2.951425897.06      H  1 2.279m -10.126   0.0284      Ca B  4340A  -9.095   0.3060      O  1 145.5m -10.734   0.0070            
 TALL 10000A  -0.848*********      H  1 2.279m  -9.979   0.0400      Ca B  4102A  -9.355   0.1681      Ne 2 12.81m  -9.505   0.1189            
 F12  12.00m  -3.494121958.94      H  1 2.279m -10.052   0.0338      Ca B  3970A  -9.564   0.1038      Na 1  5892A -10.733   0.0070            
 F25  25.00m  -3.302189914.94      H  1 2.279m -10.438   0.0139      Ca B  3889A  -9.738   0.0696      Mg 1  2853A -11.238   0.0022            
 F60  60.00m  -2.839551676.50      H  1 3.281m -10.910   0.0047      Ca B  3835A  -9.883   0.0499      TOTL  2798A -10.322   0.0181            
 F100 100.0m  -3.026358548.19      H  1 3.281m -10.441   0.0138      Ca B  3798A -10.005   0.0376      Mg 2  2796A -10.499   0.0121            
 MIPS 24.00m  -3.61692092.297      H  1 3.281m -10.279   0.0200      Ca B  3771A -10.108   0.0297      Mg 2  2803A -10.797   0.0061            
 MIPS 70.00m  -3.196242370.19      H  1 3.281m -10.293   0.0194      Ca B  3750A -10.194   0.0243      Si 2 34.81m  -9.428   0.1422            
 MIPS 160.0m  -3.421144352.02      H  1 3.281m -10.501   0.0120      Ca B  3734A -10.268   0.0205      Si 2  1531A -11.159   0.0026            
 IRAC 3.600m  -4.15726533.850      H  1 3.281m -11.008   0.0037      Ca B  3722A -10.331   0.0178      Si 2  1308A -11.286   0.0020            
 IRAC 4.500m  -4.22122883.834      H  1 4.466m -11.166   0.0026      Ca B  3712A -10.386   0.0156      Si 2  1263A -10.184   0.0249            
 IRAC 5.800m  -4.13527879.973      H  1 4.466m -10.698   0.0076      Ca B  3704A -10.436   0.0140      P  2 32.87m -11.333   0.0018            
 IRAC 8.000m  -3.84554364.133      H  1 4.466m -10.530   0.0112      Ca B  3697A -10.481   0.0126      P  2 1.189m -10.608   0.0094            
 SPR1 250.0m  -3.84354628.574      H  1 4.466m -10.516   0.0116      Ca B  3692A -10.523   0.0114      P  2 1.147m -11.085   0.0031            
 SPR2 350.0m  -4.27920017.092      H  1 4.466m -10.649   0.0085      Ca B  3687A -10.564   0.0104      S  1 25.19m  -9.589   0.0980            
 SPR3 500.0m  -4.6678193.9648      H  1 4.466m -10.959   0.0042      Ca B  3683A -10.604   0.0095      S  1 56.29m -11.101   0.0030            
 PAC1 70.00m  -3.134279719.94      H  1 4.466m -11.558   0.0011      Ca B  3679A -10.642   0.0087      S  2  6720A -10.425   0.0143            
 PAC2 100.0m  -3.021362680.53      H  1 5.834m -11.382   0.0016      Ca B  3676A -10.679   0.0080      S  2  4074A -10.548   0.0108            
 PAC3 160.0m  -3.164260875.56      H  1 5.834m -10.916   0.0046      Ca B  3674A -10.715   0.0073      S  2 1.033m -10.724   0.0072            
 PAH  3.300m  -4.9913890.0632      H  1 5.834m -10.744   0.0069      Ca B  3671A -10.750   0.0068      S II  6731A -10.583   0.0099            
 PAHC 3.230m  -5.2402189.4578      H  1 5.834m -10.716   0.0073      Ca B 1.875m  -9.132   0.2806      S II  6716A -10.941   0.0044            
 PAHC 3.370m  -5.3201821.2716      H  1 5.834m -10.810   0.0059      Ca B 1.282m  -9.477   0.1268      S II  4070A -10.660   0.0083            
 PAH  6.200m  -4.5859894.2207      H  1 5.834m -11.034   0.0035      Ca B 1.094m  -9.747   0.0681      S II  4078A -11.193   0.0024            
 PAHC 5.650m  -4.5829961.4795      H  1 5.834m -11.423   0.0014      Ca B 1.005m  -9.965   0.0412      S II 1.032m -11.151   0.0027            
 PAH  7.900m  -4.29219412.174      H  1 7.383m -11.568   0.0010      Ca B  9546A -10.146   0.0272      S II 1.029m -11.286   0.0020            
 PAHC 6.900m  -4.28819617.725      H  1 7.383m -11.102   0.0030      Ca B  9229A -10.299   0.0191      S II 1.034m -11.356   0.0017            
 PAH  11.30m  -4.7047522.5342      H  1 7.383m -10.930   0.0045      Ca B  9015A -10.429   0.0142      Cl 1 11.33m -11.325   0.0018            
 PAHC 10.90m  -4.7037547.2681      H  1 7.383m -10.893   0.0049      Ca B  8863A -10.541   0.0110      Cl 2 33.30m -11.493   0.0012            
 PAH  11.80m  -4.46313097.873      H  1 7.383m -10.965   0.0041      Ca B  8750A -10.637   0.0088      Cl 2 14.40m  -9.890   0.0491            
 PAHC 12.65m  -4.46613028.585      H  1 7.383m -11.141   0.0028      Ca B  8665A -10.719   0.0073      Cl 2  8579A  -9.950   0.0427            
 PAH  13.30m  -4.41014821.762      H  1 7.383m -11.433   0.0014      Ca B  8598A -10.792   0.0062      Cl 2  9124A -10.528   0.0113            
 PAHC 14.10m  -4.41214742.799      H  1 9.115m -11.266   0.0021      Ca B  8545A -10.855   0.0053      Ar 2 6.980m -10.467   0.0130            
 Bcon  3640A  -1.006*********      H  1 9.115m -11.093   0.0031      Ca B  8502A -10.913   0.0047      K  1  7676A -10.858   0.0053            
 Pcon  5000A  -2.1772533936.2      H  1 9.115m -11.050   0.0034      Ca B  8467A -10.965   0.0041      Ca 1  4228A -10.633   0.0089            
 HFFc     0   -9.058   0.3329      H  1 9.115m -11.108   0.0030      Ca B  8438A -11.014   0.0037      Ca 2  3933A -11.479   0.0013            
 H FF     0   -9.305   0.1887      H  1 9.115m -11.256   0.0021      Ca B  8413A -11.060   0.0033      Ca 2  7306A  -9.482   0.1255            
 HeFF     0  -11.414   0.0015      H  1 9.115m -11.493   0.0012      Ca B  8392A -11.103   0.0030      CaF1  7291A  -9.708   0.0745            
 MeFB     0  -10.806   0.0059      H  1 11.03m -10.491   0.0123      Ca B  8374A -11.145   0.0027      CaF2  7324A  -9.873   0.0510            
 MeFF     0  -11.384   0.0016      H  1 13.13m -10.603   0.0095      Ca B  8359A -11.185   0.0025      Fe2c     0   -7.741   6.9030            
 ToFF     0   -9.298   0.1917      H  1 15.40m -10.706   0.0075      Ca B  8346A -11.222   0.0023      Fe 2  4300A  -9.804   0.0598            
 nInu 6.611c -10.624   0.0090      H  1 17.87m -10.801   0.0060      Ca B  8334A -11.259   0.0021      Fe 2  2400A -10.636   0.0088            
 nInu 6.137c -10.527   0.0113      H  1 20.51m -10.890   0.0049      Ca B 4.051m  -9.729   0.0711      Fe 2 25.98m  -8.841   0.5490            
 nInu 3.554c  -9.817   0.0580      H  1 23.33m -10.974   0.0040      Ca B 2.625m  -9.994   0.0386      Fe 2 5.339m  -9.902   0.0477            
 nInu 3.432c  -9.771   0.0645      H  1 26.34m -11.052   0.0034      Ca B 2.166m -10.218   0.0230      Fe 2 4.114m -10.548   0.0108            
 nInu 3.400c  -9.758   0.0664      H  1 29.53m -11.126   0.0028      Ca B 1.945m -10.407   0.0149      Fe 2 1.257m  -8.682   0.7915            
 nInu 2.003c  -9.074   0.3208      H  1 32.91m -11.196   0.0024      Ca B 1.817m -10.567   0.0103      Fe 2 35.34m  -9.281   0.1995            
 nInu 1.335c  -8.540   1.0974      H  1 36.46m -11.262   0.0021      Ca B 1.736m -10.706   0.0075      Fe 2 4.888m -11.002   0.0038            
 nInu  9993m  -8.162   2.6190      H  1 40.20m -11.326   0.0018      Ca B 1.681m -10.826   0.0057      Fe 2 4.075m -10.847   0.0054            
 nInu  6917m  -7.687   7.8275      H  1 44.12m -11.386   0.0016      Ca B 1.641m -10.932   0.0045      Fe 2 1.321m  -9.259   0.2094            
 nFnu 122.4m -10.558   0.0105      H  1 48.22m -11.443   0.0014      Ca B 1.611m -11.024   0.0036      Fe 2 1.249m  -9.957   0.0420            
 nInu 122.4m  -2.610934356.94      H  1 52.50m -11.498   0.0012      Ca B 1.588m -11.106   0.0030      Fe 2  7638A  -9.937   0.0440            
 nFnu 60.83m -10.292   0.0194      H  1 56.97m -10.295   0.0193      Ca B 1.570m -11.179   0.0025      Fe 2 51.29m  -9.988   0.0391            
 nInu 60.83m  -2.657837775.38      He 1 504.3A  -9.226   0.2263      Ca B 1.556m -11.245   0.0022      Fe 2 5.672m -10.376   0.0160            
 nFnu 41.22m -10.105   0.0299      He 1  2600A -11.063   0.0033      Ca B 1.544m -11.304   0.0019      Fe 2 4.606m -10.659   0.0084            
 nInu 41.22m  -2.770646847.69      He 1  3121A -11.578   0.0010      Ca B 1.534m -11.359   0.0017      Fe 2 4.081m -10.765   0.0065            
 nFnu 30.87m  -9.985   0.0394      He 1  3421A -11.477   0.0013      Ca B 1.526m -11.410   0.0015      Fe 2 1.372m  -9.484   0.1250            
 nInu 30.87m  -2.872510986.19      He 1  3421A -11.000   0.0038      Ca B 1.519m -11.457   0.0013      Fe 2 1.294m  -9.289   0.1958            
 nFnu 24.78m  -9.893   0.0487      He 1  3421A -10.778   0.0063      Ca B 1.513m -11.502   0.0012      Fe 2  7687A -10.135   0.0279            
 nInu 24.78m  -2.951425782.38      He 1  3679A -11.193   0.0024      Ca B 1.508m -11.544   0.0011      Fe 2 87.36m -11.117   0.0029            
 nFnu 24.30m  -9.886   0.0495      He 1  7843A -11.321   0.0018      Ca B 7.458m -10.212   0.0234      Fe 2 5.061m -11.321   0.0018            
 nInu 24.30m  -2.958418780.16      He 1  8188A -11.427   0.0014      Ca B 4.653m -10.422   0.0144      Fe 2 4.434m -10.646   0.0086            
 nFnu 22.83m  -9.857   0.0528      C  1  1101A -10.575   0.0101      Ca B 3.740m -10.611   0.0093      Fe 2 1.328m  -9.534   0.1112            
 nInu 22.83m  -2.980398456.84      O  1 910.4A -11.353   0.0017      Ca B 3.296m -10.776   0.0064      Fe 2 1.279m  -9.422   0.1442            
 nFnu 21.42m  -9.834   0.0558      Al 1  2071A -11.430   0.0014      Ca B 3.038m -10.921   0.0046      Fe 2 1.252m -10.330   0.0178            
 nInu 21.42m  -3.003377551.78      Si 1  1521A -10.444   0.0137      Ca B 2.872m -11.048   0.0034      Fe 2  7665A -10.523   0.0114            
 nFnu 21.12m  -9.828   0.0565      P  1  1182A -11.448   0.0014      Ca B 2.758m -11.160   0.0026      Fe 2 1.298m  -9.785   0.0624            
 nInu 21.12m  -3.009372884.97      S  1  1197A -10.602   0.0095      Ca B 2.674m -11.260   0.0021      Fe 2 1.270m  -9.617   0.0919            
 nFnu 19.62m  -9.795   0.0610      Cl 1 956.0A -11.258   0.0021      Ca B 2.612m -11.349   0.0017      Fe 2  7874A -10.993   0.0039            
 nInu 19.62m  -3.035351378.44      Fe 1  1569A -11.368   0.0016      Ca B 2.564m -11.429   0.0014      Fe 2  7733A -11.039   0.0035            
 nFnu 17.65m  -9.747   0.0682      grains......................      Ca B 2.525m -11.501   0.0012      Fe 2 17.93m  -8.629   0.8948            
 nInu 17.65m  -3.078317971.97      H-like iso-sequence.........      Ca B 2.495m -11.567   0.0010      Fe 2 1.644m  -8.755   0.6695            
 nFnu 17.37m  -9.742   0.0690      Ca B  1216A  -7.250  21.4257      Ca B 12.37m -10.623   0.0091      Fe 2 1.533m  -9.234   0.2223            
 nInu 17.37m  -3.084313669.38      Q(H)  4861A  -3.290195227.45      Ca B 7.500m -10.792   0.0061      Fe 2  8617A  -9.359   0.1667            
 nFnu 15.69m  -9.707   0.0746      Q(H)  1216A  -1.7876218991.0      Ca B 5.907m -10.956   0.0042      Fe 2 24.51m  -9.139   0.2762            
 nInu 15.69m  -3.123286435.66      CaBo  4861A  -8.747   0.6818      Ca B 5.127m -11.102   0.0030      Fe 2 1.809m  -9.458   0.1327            
 nFnu 14.60m  -9.672   0.0810      Ca A  1216A  -7.352  16.9346      Ca B 4.671m -11.233   0.0022      Fe 2 1.677m  -9.373   0.1613            
 nInu 14.60m  -3.151268792.59      Ca A  1026A  -8.105   2.9909      Ca B 4.375m -11.350   0.0017      Fe 2 1.599m  -9.361   0.1659            
 nFnu 12.43m  -9.603   0.0949      Ca A 972.5A  -8.531   1.1200      Ca B 4.170m -11.455   0.0013      Fe 2  9052A -10.017   0.0366            
 nInu 12.43m  -3.216231386.36      Ca A 949.7A  -8.838   0.5521      Ca B 4.020m -11.549   0.0011      Fe 2  8892A  -9.778   0.0635            
 nFnu 11.40m  -9.577   0.1008      Ca A 937.8A  -9.076   0.3192      Ca B 19.06m -10.982   0.0040      Fe 2 35.77m  -9.970   0.0408            
 nInu 11.40m  -3.250214195.02      Ca A 930.8A  -9.267   0.2059      Ca B 11.31m -11.121   0.0029      Fe 2 1.800m  -9.545   0.1086            
 nFnu 10.46m  -9.532   0.1119      Ca A 926.2A  -9.420   0.1445      Ca B 8.758m -11.264   0.0021      Fe 2 1.711m  -9.942   0.0435            
 nInu 10.46m  -3.283198282.67      Ca A 923.2A  -9.544   0.1088      Ca B 7.506m -11.395   0.0015      Fe 2 1.664m  -9.657   0.0838            
 nFnu 9.480m  -9.504   0.1193      Ca A 921.0A  -9.640   0.0872      Ca B 6.770m -11.514   0.0012      Fe 2  9399A -10.794   0.0061            
 nInu 9.480m  -3.323181083.88      Ca A 919.4A  -9.714   0.0736      Ca B 27.80m -11.299   0.0019      Fe 2  9227A -10.034   0.0352            
 nFnu 9.325m  -9.500   0.1204      Ca A 918.1A  -9.770   0.0647      Ca B 16.20m -11.417   0.0015      Fe 2  9033A -10.272   0.0203            
 nInu 9.325m  -3.329178627.31      Ca A 917.2A  -9.811   0.0587      Ca B 12.38m -11.543   0.0011      Fe 2 1.797m  -9.716   0.0733            
 nFnu 8.210m  -9.440   0.1383      Ca A 916.4A  -9.842   0.0548      H  1     0   -9.932   0.0445      Fe 2 1.745m  -9.966   0.0412            
 nInu 8.210m  -3.380158608.41      Ca A 915.8A  -9.862   0.0523      H  1  1216A  -6.117 290.5859      Fe 2  9471A -10.600   0.0096            
 nFnu 7.580m  -9.421   0.1443      Ca A 915.3A  -9.877   0.0506      H  1  1026A  -6.903  47.5596      Fe 2  9268A -10.167   0.0259            
 nInu 7.580m  -3.412147354.39      Ca A 914.9A  -9.889   0.0492      H  1 972.5A  -7.335  17.6122      Fe 2 22.90m -10.458   0.0133            
 nFnu 7.050m  -9.368   0.1630      Ca A 914.6A  -9.902   0.0477      H  1 949.7A  -7.591   9.7695      Fe 2 1.811m -10.814   0.0058            
 nInu 7.050m  -3.440138144.52      Ca A 914.3A  -9.916   0.0461      H  1 937.8A  -7.790   6.1754      Fe 2 1.748m -11.020   0.0036            
 nFnu 4.114m  -9.165   0.2603      Ca A 914.0A  -9.934   0.0443      H  1 930.8A  -8.128   2.8357      Fe 2 34.65m -11.137   0.0028            
 nInu 4.114m  -3.544108643.78      Ca A 913.8A  -9.954   0.0424      H  1 926.2A  -8.406   1.4955      Fe 2 1.813m -11.294   0.0019            
 nFnu 2.324m  -9.114   0.2925      Ca A 913.6A  -9.975   0.0403      H  1 923.2A  -8.582   0.9970      Fe2b  7000A  -9.642   0.0868            
 nInu 2.324m  -3.319182606.30      Ca A 913.5A  -9.997   0.0383      H  1 921.0A  -8.741   0.6913      Fe2b 10000A  -7.992   3.8760            
 nFnu 1.643m  -9.032   0.3538      Ca A 913.3A -10.021   0.0363      H  1  6563A  -8.163   2.6142      Fe2b  7445A  -9.642   0.0868            
 nInu 1.643m  -3.086312026.66      Ca A  6563A  -8.432   1.4083      H  1  4861A  -8.580   1.0000      Fe2b  8625A  -9.026   0.3582            
 nFnu 1.480m  -8.966   0.4114      Ca A  4861A  -8.916   0.4622      H  1  4340A  -8.861   0.5237      Fe2b 1.033m -10.599   0.0096            
 nInu 1.480m  -3.042345423.62      Ca A  4340A  -9.255   0.2116      H  1  4102A  -9.076   0.3194      Fe2b 1.889m  -8.964   0.4135            
 nFnu 1.436m  -8.514   1.1661      Ca A  4102A  -9.515   0.1163      H  1  3970A  -9.348   0.1708      Fe 2  1786A -10.086   0.0312            
 nInu 1.436m  -2.915462492.53      Ca A  3970A  -9.725   0.0717      H  1  3889A  -9.539   0.1100      recombination...............            
 nFnu 1.119m  -8.552   1.0685      Ca A  3889A  -9.900   0.0479      H  1  3835A  -9.639   0.0873      O  1  1357A -11.041   0.0035            
 nInu 1.119m  -2.766652163.94      Ca A  3835A -10.047   0.0341      H  1  3798A  -9.719   0.0727      C  1  1140A -10.807   0.0059            
 nFnu  8330A  -8.740   0.6919      Ca A  3798A -10.172   0.0256      H  1 1.875m  -9.118   0.2902      level2 lines................            
 nInu  8330A  -2.581998224.94      Ca A  3771A -10.278   0.0201      H  1 1.282m  -9.409   0.1484      C  1 943.9A -10.058   0.0333            
 nFnu  8079A  -8.033   3.5237      Ca A  3750A -10.366   0.0164      H  1 1.094m  -9.642   0.0869      C  1  1248A -10.306   0.0188            
 nInu  8079A  -2.4261427945.2      Ca A  3734A -10.439   0.0138      H  1 1.005m  -9.875   0.0507      C  1 841.0A -10.913   0.0047            
 nFnu  6210A  -8.600   0.9560      Ca A  3722A -10.501   0.0120      H  1  9546A -10.044   0.0344      C  1  1561A -10.584   0.0099            
 nInu  6210A  -2.2492143540.8      Ca A  3712A -10.554   0.0106      H  1  9229A -10.147   0.0271      C  1  1315A -10.564   0.0104            
 nFnu  4885A  -9.280   0.1997      Ca A  3704A -10.600   0.0096      H  1  9015A -10.229   0.0225      C  1  1166A -10.731   0.0071            
 nInu  4885A  -2.0423456168.5      Ca A  3697A -10.641   0.0087      H  1 4.051m  -9.753   0.0672      C  1  1233A -10.906   0.0047            
 nFnu  3704A -10.029   0.0356      Ca A  3692A -10.678   0.0080      H  1 2.625m  -9.977   0.0402      C  1  1132A -10.992   0.0039            
 nInu  3704A  -1.8085916609.0      Ca A  3687A -10.713   0.0074      H  1 2.166m -10.197   0.0242      C  1  1251A -11.014   0.0037            
 nFnu  3588A  -7.320  18.2087      Ca A  3683A -10.746   0.0068      H  1 1.945m -10.370   0.0162      C  1  1112A -11.195   0.0024            
 nInu  3588A  -1.6448636201.0      Ca A  3679A -10.778   0.0063      H  1 1.817m -10.491   0.0123      C  1  1115A -11.245   0.0022            
 nFnu  2430A  -9.451   0.1347      Ca A  3676A -10.808   0.0059      H  1 1.736m -10.585   0.0099      C  1  1162A -11.293   0.0019            
 nInu  2430A  -1.399*********      Ca A  3674A -10.838   0.0055      H  1 7.458m -10.259   0.0210      C  1  1167A -11.376   0.0016            
 nFnu  2392A  -9.509   0.1178      Ca A  3671A -10.866   0.0052      H  1 4.653m -10.449   0.0135      C  1  1104A -11.358   0.0017            
 nInu  2392A  -1.388*********      Ca A 1.875m  -9.181   0.2510      H  1 3.740m -10.625   0.0090      C  1  1109A -11.391   0.0015            
 nFnu  2071A  -9.541   0.1094      Ca A 1.282m  -9.532   0.1118      H  1 3.296m -10.759   0.0066      C  1  1098A -11.529   0.0011            
 nInu  2071A  -1.272*********      Ca A 1.094m  -9.806   0.0595      H  1 3.038m -10.863   0.0052      C  1  1132A -11.559   0.0011            
 nFnu  2053A  -9.560   0.1048      Ca A 1.005m -10.027   0.0358      H  1 12.37m -10.698   0.0076      C  2 892.8A -10.970   0.0041            
 nInu  2053A  -1.271*********      Ca A  9546A -10.211   0.0234      H  1 7.500m -10.849   0.0054      C  2 688.8A -11.401   0.0015            
 nFnu  1793A  -9.565   0.1037      Ca A  9229A -10.369   0.0163      H  1 5.907m -10.985   0.0039      C  2  1020A -11.172   0.0026            
 nInu  1793A  -1.167*********      Ca A  9015A -10.504   0.0119      H  1 5.127m -11.095   0.0031      N  1 942.3A -11.244   0.0022            
 nFnu  1585A  -9.458   0.1325      Ca A  8863A -10.622   0.0091      H  1 19.06m -11.078   0.0032      N  1 952.1A -11.382   0.0016            
 nInu  1585A  -1.142*********      Ca A  8750A -10.725   0.0072      H  1 11.31m -11.189   0.0025      N  1  1131A -11.574   0.0010            
 nFnu  1458A  -9.188   0.2470      Ca A  8665A -10.815   0.0058      H  1 8.758m -11.296   0.0019      O  1 867.3A -10.624   0.0090            
 nInu  1458A  -1.041*********      Ca A  8598A -10.894   0.0049      H  1 27.80m -11.400   0.0015      O  1 787.5A -11.369   0.0016            
 nFnu  1357A  -9.369   0.1626      Ca A  8545A -10.964   0.0041      H  1 16.20m -11.480   0.0013      O  1 976.8A -10.378   0.0159            
 nInu  1357A  -0.972*********      Ca A  8502A -11.027   0.0036      He-like iso-sequence........      O  1 767.7A -11.401   0.0015            
 nFnu  1297A  -9.399   0.1520      Ca A  8467A -11.083   0.0031      Hlin 506.0A  -9.870   0.0513      O  1 969.0A -10.873   0.0051            
 nInu  1297A  -0.965*********      Ca A  8438A -11.135   0.0028      Ca B  2945A -11.534   0.0011      O  1 946.4A -11.177   0.0025            
 nFnu  1263A  -9.427   0.1425      Ca A  8413A -11.181   0.0025      Ca B  3188A -11.213   0.0023      O  1 934.5A -11.373   0.0016            
 nInu  1263A  -0.977*********      Ca A  8392A -11.224   0.0023      Ca B  3889A -10.802   0.0060      O  1 973.6A -11.541   0.0011            
 nFnu  1218A  -8.569   1.0265      Ca A  8374A -11.264   0.0021      Ca B  4026A -11.430   0.0014      Ne 1 688.6A -11.246   0.0022            
 nInu  1218A  -0.963*********      Ca A  8359A -11.300   0.0019      Ca B  4471A -11.094   0.0031      Al 2  1671A -11.052   0.0034            
 nFnu  1196A  -8.940   0.4374      Ca A  8346A -11.334   0.0018      Ca B  5016A -11.381   0.0016      Si 2  1180A -10.291   0.0195            
 nInu  1196A  -0.957*********      Ca A  8334A -11.366   0.0016      Ca B  5876A -10.620   0.0091      Si 2 993.4A -11.131   0.0028            
 nFnu  1175A  -9.068   0.3256      Ca A 4.051m  -9.761   0.0660      Ca B  6678A -11.163   0.0026      S  2 750.3A -10.976   0.0040            
 nInu  1175A  -0.981*********      Ca A 2.625m -10.028   0.0357      Ca B  7065A -11.476   0.0013      hyperfine structure.........            
 nFnu  1144A  -9.270   0.2044      Ca A 2.166m -10.254   0.0212      Ca B 1.083m  -9.879   0.0503      inner shell.................            
 nInu  1144A  -0.880*********      Ca A 1.945m -10.445   0.0137      Ca B 1.869m -11.464   0.0013      molecules...................            
 nFnu  1113A  -9.347   0.1710      Ca A 1.817m -10.609   0.0094      Ca B 2.058m -11.174   0.0026      H2 l 2.000m -10.453   0.0134            
 nInu  1113A  -0.964*********      Ca A 1.736m -10.752   0.0067      He 1     0   -9.339   0.1744      H2vH     0   -9.227   0.2257            
 nFnu  1103A  -8.858   0.5276      Ca A 1.681m -10.878   0.0050      He 1 584.3A  -8.067   3.2620      H2 v     0  -11.468   0.0013            
 nInu  1103A  -0.867*********      Ca A 1.641m -10.991   0.0039      He 1 537.0A  -9.394   0.1536      H-FB     0   -9.387   0.1560            
 nFnu  1074A  -9.106   0.2984      Ca A 1.611m -11.090   0.0031      He 1 522.2A  -9.215   0.2321      H-FF     0   -9.431   0.1412            
 nInu  1074A  -0.882*********      Ca A 1.588m -11.180   0.0025      He 1 515.6A  -9.468   0.1295      H-CT  6563A  -9.058   0.3330            
 nFnu  1064A  -9.175   0.2541      Ca A 1.570m -11.261   0.0021      He 1 512.1A  -9.709   0.0744      H2+      0   -9.605   0.0946            
 nInu  1064A  -0.856*********      Ca A 1.556m -11.334   0.0018      He 1 625.6A -10.400   0.0152      HEH+     0  -11.409   0.0015            

                                                    Emergent line intensities
 general properties..........      nFnu  1113A  -9.347   0.1710      Ca B  3692A -10.523   0.0114      level 1 lines...............            
 TOTL  4861A  -8.580   1.0000      nInu  1113A  -0.964*********      Ca B  3687A -10.564   0.0104      C  1  1656A -10.087   0.0311            
 TOTL  1216A  -6.117 290.5859      nFnu  1103A  -8.858   0.5276      Ca B  3683A -10.604   0.0095      REC   1656A -10.712   0.0074            
 continua....................      nInu  1103A  -0.867*********      Ca B  3679A -10.642   0.0087      C Ic  9850A  -8.896   0.4835            
 Bac   3646A  -7.248  21.4897      nFnu  1074A  -9.106   0.2984      Ca B  3676A -10.679   0.0080      TOTL  9850A  -8.896   0.4836            
 nFnu  3645A  -7.247  21.5524      nInu  1074A  -0.882*********      Ca B  3674A -10.715   0.0073      C  1  8727A  -9.822   0.0574            
 nFnu  3647A  -9.783   0.0627      nFnu  1064A  -9.175   0.2541      Ca B  3671A -10.750   0.0068      C  2  1335A -11.142   0.0027            
 cout  3646A  -7.549  10.7449      nInu  1064A  -0.856*********      Ca B 1.875m  -9.132   0.2806      N  1 953.9A -11.367   0.0016            
 cref  3646A  -7.549  10.7449      nFnu  1036A  -9.280   0.1996      Ca B 1.282m  -9.477   0.1268      N  1  1200A -10.402   0.0151            
 thin  3646A  -7.248  21.4897      nInu  1036A  -0.898*********      Ca B 1.094m  -9.747   0.0681      O  1  6300A  -9.655   0.0842            
 Inci  4860A  -2.0433445540.5      nFnu  1000A  -9.319   0.1827      Ca B 1.005m  -9.965   0.0412      O  1  6363A -10.152   0.0268            
 Inci  1215A  -0.962*********      nInu  1000A  -0.939*********      Ca B  9546A -10.146   0.0272      O  1 63.17m  -9.175   0.2541            
 FIR  83.00m  -2.4391384423.8      nFnu 925.1A  -9.249   0.2144      Ca B  9229A -10.299   0.0191      O  1 145.5m -10.734   0.0070            
 TIR   1800m  -4.7426898.0176      nInu 925.1A  -0.920*********      Ca B  9015A -10.429   0.0142      Ne 2 12.81m  -9.505   0.1189            
 NIRa 2.850m  -2.4051497767.6      nFnu 897.8A  -6.125 285.4260      Ca B  8863A -10.541   0.0110      Na 1  5892A -10.733   0.0070            
 NIRb 3.000m  -2.920457691.16      nInu 897.8A  -1.234*********      Ca B  8750A -10.637   0.0088      Mg 1  2853A -11.238   0.0022            
 MIRa 15.00m  -3.014368657.12      nFnu 760.0A  -9.154   0.2669      Ca B  8665A -10.719   0.0073      TOTL  2798A -10.322   0.0181            
 MIRb 22.50m  -2.791615506.88      nInu 760.0A  -1.355*********      Ca B  8598A -10.792   0.0062      Mg 2  2796A -10.499   0.0121            
 NMIR 21.75m  -2.4051497767.6      nFnu 701.5A  -9.261   0.2086      Ca B  8545A -10.855   0.0053      Mg 2  2803A -10.797   0.0061            
 TFIR 611.2m  -2.951425897.06      nInu 701.5A  -1.463*********      Ca B  8502A -10.913   0.0047      Si 2 34.81m  -9.428   0.1422            
 TALL 10000A  -0.848*********      nFnu 608.2A -11.014   0.0037      Ca B  8467A -10.965   0.0041      Si 2  1531A -11.159   0.0026            
 F12  12.00m  -3.494121958.94      nInu 608.2A  -1.368*********      Ca B  8438A -11.014   0.0037      Si 2  1308A -11.286   0.0020            
 F25  25.00m  -3.302189914.94      nFnu 575.1A -10.136   0.0278      Ca B  8413A -11.060   0.0033      Si 2  1263A -10.184   0.0249            
 F60  60.00m  -2.839551676.50      nInu 575.1A  -1.365*********      Ca B  8392A -11.103   0.0030      P  2 32.87m -11.333   0.0018            
 F100 100.0m  -3.026358548.19      nInu 511.9A  -1.410*********      Ca B  8374A -11.145   0.0027      P  2 1.189m -10.608   0.0094            
 MIPS 24.00m  -3.61692092.297      nFnu 496.9A  -7.941   4.3590      Ca B  8359A -11.185   0.0025      P  2 1.147m -11.085   0.0031            
 MIPS 70.00m  -3.196242370.19      nInu 496.9A  -1.5969643782.0      Ca B  8346A -11.222   0.0023      S  1 25.19m  -9.589   0.0980            
 MIPS 160.0m  -3.421144352.02      nInu 399.2A  -1.8824997912.5      Ca B  8334A -11.259   0.0021      S  1 56.29m -11.101   0.0030            
 IRAC 3.600m  -4.15726533.850      RRC.........................      Ca B 4.051m  -9.729   0.0711      S  2  6720A -10.425   0.0143            
 IRAC 4.500m  -4.22122883.834      grains......................      Ca B 2.625m  -9.994   0.0386      S  2  4074A -10.548   0.0108            
 IRAC 5.800m  -4.13527879.973      H-like iso-sequence.........      Ca B 2.166m -10.218   0.0230      S  2 1.033m -10.724   0.0072            
 IRAC 8.000m  -3.84554364.133      Ca B  1216A  -7.250  21.4257      Ca B 1.945m -10.407   0.0149      S II  6731A -10.583   0.0099            
 SPR1 250.0m  -3.84354628.574      Q(H)  4861A  -3.290195227.45      Ca B 1.817m -10.567   0.0103      S II  6716A -10.941   0.0044            
 SPR2 350.0m  -4.27920017.092      Q(H)  1216A  -1.7876218991.0      Ca B 1.736m -10.706   0.0075      S II  4070A -10.660   0.0083            
 SPR3 500.0m  -4.6678193.9648      CaBo  4861A  -8.747   0.6818      Ca B 1.681m -10.826   0.0057      S II  4078A -11.193   0.0024            
 PAC1 70.00m  -3.134279719.94      Ca A  1216A  -7.352  16.9346      Ca B 1.641m -10.932   0.0045      S II 1.032m -11.151   0.0027            
 PAC2 100.0m  -3.021362680.53      Ca A  1026A  -8.105   2.9909      Ca B 1.611m -11.024   0.0036      S II 1.029m -11.286   0.0020            
 PAC3 160.0m  -3.164260875.56      Ca A 972.5A  -8.531   1.1200      Ca B 1.588m -11.106   0.0030      S II 1.034m -11.356   0.0017            
 PAH  3.300m  -4.9913890.0632      Ca A 949.7A  -8.838   0.5521      Ca B 1.570m -11.179   0.0025      Cl 1 11.33m -11.325   0.0018            
 PAHC 3.230m  -5.2402189.4578      Ca A 937.8A  -9.076   0.3192      Ca B 1.556m -11.245   0.0022      Cl 2 33.30m -11.493   0.0012            
 PAHC 3.370m  -5.3201821.2716      Ca A 930.8A  -9.267   0.2059      Ca B 1.544m -11.304   0.0019      Cl 2 14.40m  -9.890   0.0491            
 PAH  6.200m  -4.5859894.2207      Ca A 926.2A  -9.420   0.1445      Ca B 1.534m -11.359   0.0017      Cl 2  8579A  -9.950   0.0427            
 PAHC 5.650m  -4.5829961.4795      Ca A 923.2A  -9.544   0.1088      Ca B 1.526m -11.410   0.0015      Cl 2  9124A -10.528   0.0113            
 PAH  7.900m  -4.29219412.174      Ca A 921.0A  -9.640   0.0872      Ca B 1.519m -11.457   0.0013      Ar 2 6.980m -10.467   0.0130            
 PAHC 6.900m  -4.28819617.725      Ca A 919.4A  -9.714   0.0736      Ca B 1.513m -11.502   0.0012      K  1  7676A -10.858   0.0053            
 PAH  11.30m  -4.7047522.5342      Ca A 918.1A  -9.770   0.0647      Ca B 1.508m -11.544   0.0011      Ca 1  4228A -10.633   0.0089            
 PAHC 10.90m  -4.7037547.2681      Ca A 917.2A  -9.811   0.0587      Ca B 7.458m -10.212   0.0234      Ca 2  3933A -11.479   0.0013            
 PAH  11.80m  -4.46313097.873      Ca A 916.4A  -9.842   0.0548      Ca B 4.653m -10.422   0.0144      Ca 2  7306A  -9.482   0.1255            
 PAHC 12.65m  -4.46613028.585      Ca A 915.8A  -9.862   0.0523      Ca B 3.740m -10.611   0.0093      CaF1  7291A  -9.708   0.0745            
 PAH  13.30m  -4.41014821.762      Ca A 915.3A  -9.877   0.0506      Ca B 3.296m -10.776   0.0064      CaF2  7324A  -9.873   0.0510            
 PAHC 14.10m  -4.41214742.799      Ca A 914.9A  -9.889   0.0492      Ca B 3.038m -10.921   0.0046      Fe 2  4300A  -9.804   0.0598            
 Bcon  3640A  -1.006*********      Ca A 914.6A  -9.902   0.0477      Ca B 2.872m -11.048   0.0034      Fe 2  2400A -10.636   0.0088            
 Pcon  5000A  -2.1772533936.2      Ca A 914.3A  -9.916   0.0461      Ca B 2.758m -11.160   0.0026      Fe 2 25.98m  -8.841   0.5490            
 nInu 6.611c -10.624   0.0090      Ca A 914.0A  -9.934   0.0443      Ca B 2.674m -11.260   0.0021      Fe 2 5.339m  -9.902   0.0477            
 nInu 6.137c -10.527   0.0113      Ca A 913.8A  -9.954   0.0424      Ca B 2.612m -11.349   0.0017      Fe 2 4.114m -10.548   0.0108            
 nInu 3.554c  -9.817   0.0580      Ca A 913.6A  -9.975   0.0403      Ca B 2.564m -11.429   0.0014      Fe 2 1.257m  -8.682   0.7915            
 nInu 3.432c  -9.771   0.0645      Ca A 913.5A  -9.997   0.0383      Ca B 2.525m -11.501   0.0012      Fe 2 35.34m  -9.281   0.1995            
 nInu 3.400c  -9.758   0.0664      Ca A 913.3A -10.021   0.0363      Ca B 2.495m -11.567   0.0010      Fe 2 4.888m -11.002   0.0038            
 nInu 2.003c  -9.074   0.3208      Ca A  6563A  -8.432   1.4083      Ca B 12.37m -10.623   0.0091      Fe 2 4.075m -10.847   0.0054            
 nInu 1.335c  -8.540   1.0974      Ca A  4861A  -8.916   0.4622      Ca B 7.500m -10.792   0.0061      Fe 2 1.321m  -9.259   0.2094            
 nInu  9993m  -8.162   2.6190      Ca A  4340A  -9.255   0.2116      Ca B 5.907m -10.956   0.0042      Fe 2 1.249m  -9.957   0.0420            
 nInu  6917m  -7.687   7.8275      Ca A  4102A  -9.515   0.1163      Ca B 5.127m -11.102   0.0030      Fe 2  7638A  -9.937   0.0440            
 nFnu 122.4m -10.558   0.0105      Ca A  3970A  -9.725   0.0717      Ca B 4.671m -11.233   0.0022      Fe 2 51.29m  -9.988   0.0391            
 nInu 122.4m  -2.610934356.94      Ca A  3889A  -9.900   0.0479      Ca B 4.375m -11.350   0.0017      Fe 2 5.672m -10.376   0.0160            
 nFnu 60.83m -10.292   0.0194      Ca A  3835A -10.047   0.0341      Ca B 4.170m -11.455   0.0013      Fe 2 4.606m -10.659   0.0084            
 nInu 60.83m  -2.657837775.38      Ca A  3798A -10.172   0.0256      Ca B 4.020m -11.549   0.0011      Fe 2 4.081m -10.765   0.0065            
 nFnu 41.22m -10.105   0.0299      Ca A  3771A -10.278   0.0201      Ca B 19.06m -10.982   0.0040      Fe 2 1.372m  -9.484   0.1250            
 nInu 41.22m  -2.770646847.69      Ca A  3750A -10.366   0.0164      Ca B 11.31m -11.121   0.0029      Fe 2 1.294m  -9.289   0.1958            
 nFnu 30.87m  -9.985   0.0394      Ca A  3734A -10.439   0.0138      Ca B 8.758m -11.264   0.0021      Fe 2  7687A -10.135   0.0279            
 nInu 30.87m  -2.872510986.19      Ca A  3722A -10.501   0.0120      Ca B 7.506m -11.395   0.0015      Fe 2 87.36m -11.117   0.0029            
 nFnu 24.78m  -9.893   0.0487      Ca A  3712A -10.554   0.0106      Ca B 6.770m -11.514   0.0012      Fe 2 5.061m -11.321   0.0018            
 nInu 24.78m  -2.951425782.38      Ca A  3704A -10.600   0.0096      Ca B 27.80m -11.299   0.0019      Fe 2 4.434m -10.646   0.0086            
 nFnu 24.30m  -9.886   0.0495      Ca A  3697A -10.641   0.0087      Ca B 16.20m -11.417   0.0015      Fe 2 1.328m  -9.534   0.1112            
 nInu 24.30m  -2.958418780.16      Ca A  3692A -10.678   0.0080      Ca B 12.38m -11.543   0.0011      Fe 2 1.279m  -9.422   0.1442            
 nFnu 22.83m  -9.857   0.0528      Ca A  3687A -10.713   0.0074      H  1  1216A  -6.117 290.5859      Fe 2 1.252m -10.330   0.0178            
 nInu 22.83m  -2.980398456.84      Ca A  3683A -10.746   0.0068      H  1  1026A  -6.903  47.5596      Fe 2  7665A -10.523   0.0114            
 nFnu 21.42m  -9.834   0.0558      Ca A  3679A -10.778   0.0063      H  1 972.5A  -7.335  17.6122      Fe 2 1.298m  -9.785   0.0624            
 nInu 21.42m  -3.003377551.78      Ca A  3676A -10.808   0.0059      H  1 949.7A  -7.591   9.7695      Fe 2 1.270m  -9.617   0.0919            
 nFnu 21.12m  -9.828   0.0565      Ca A  3674A -10.838   0.0055      H  1 937.8A  -7.790   6.1754      Fe 2  7874A -10.993   0.0039            
 nInu 21.12m  -3.009372884.97      Ca A  3671A -10.866   0.0052      H  1 930.8A  -8.128   2.8357      Fe 2  7733A -11.039   0.0035            
 nFnu 19.62m  -9.795   0.0610      Ca A 1.875m  -9.181   0.2510      H  1 926.2A  -8.406   1.4955      Fe 2 17.93m  -8.629   0.8948            
 nInu 19.62m  -3.035351378.44      Ca A 1.282m  -9.532   0.1118      H  1 923.2A  -8.582   0.9970      Fe 2 1.644m  -8.755   0.6695            
 nFnu 17.65m  -9.747   0.0682      Ca A 1.094m  -9.806   0.0595      H  1 921.0A  -8.741   0.6913      Fe 2 1.533m  -9.234   0.2223            
 nInu 17.65m  -3.078317971.97      Ca A 1.005m -10.027   0.0358      H  1  6563A  -8.163   2.6142      Fe 2  8617A  -9.359   0.1667            
 nFnu 17.37m  -9.742   0.0690      Ca A  9546A -10.211   0.0234      H  1  4861A  -8.580   1.0000      Fe 2 24.51m  -9.139   0.2762            
 nInu 17.37m  -3.084313669.38      Ca A  9229A -10.369   0.0163      H  1  4340A  -8.861   0.5237      Fe 2 1.809m  -9.458   0.1327            
 nFnu 15.69m  -9.707   0.0746      Ca A  9015A -10.504   0.0119      H  1  4102A  -9.076   0.3194      Fe 2 1.677m  -9.373   0.1613            
 nInu 15.69m  -3.123286435.66      Ca A  8863A -10.622   0.0091      H  1  3970A  -9.348   0.1708      Fe 2 1.599m  -9.361   0.1659            
 nFnu 14.60m  -9.672   0.0810      Ca A  8750A -10.725   0.0072      H  1  3889A  -9.539   0.1100      Fe 2  9052A -10.017   0.0366            
 nInu 14.60m  -3.151268792.59      Ca A  8665A -10.815   0.0058      H  1  3835A  -9.639   0.0873      Fe 2  8892A  -9.778   0.0635            
 nFnu 12.43m  -9.603   0.0949      Ca A  8598A -10.894   0.0049      H  1  3798A  -9.719   0.0727      Fe 2 35.77m  -9.970   0.0408            
 nInu 12.43m  -3.216231386.36      Ca A  8545A -10.964   0.0041      H  1 1.875m  -9.118   0.2902      Fe 2 1.800m  -9.545   0.1086            
 nFnu 11.40m  -9.577   0.1008      Ca A  8502A -11.027   0.0036      H  1 1.282m  -9.409   0.1484      Fe 2 1.711m  -9.942   0.0435            
 nInu 11.40m  -3.250214195.02      Ca A  8467A -11.083   0.0031      H  1 1.094m  -9.642   0.0869      Fe 2 1.664m  -9.657   0.0838            
 nFnu 10.46m  -9.532   0.1119      Ca A  8438A -11.135   0.0028      H  1 1.005m  -9.875   0.0507      Fe 2  9399A -10.794   0.0061            
 nInu 10.46m  -3.283198282.67      Ca A  8413A -11.181   0.0025      H  1  9546A -10.044   0.0344      Fe 2  9227A -10.034   0.0352            
 nFnu 9.480m  -9.504   0.1193      Ca A  8392A -11.224   0.0023      H  1  9229A -10.147   0.0271      Fe 2  9033A -10.272   0.0203            
 nInu 9.480m  -3.323181083.88      Ca A  8374A -11.264   0.0021      H  1  9015A -10.229   0.0225      Fe 2 1.797m  -9.716   0.0733            
 nFnu 9.325m  -9.500   0.1204      Ca A  8359A -11.300   0.0019      H  1 4.051m  -9.753   0.0672      Fe 2 1.745m  -9.966   0.0412            
 nInu 9.325m  -3.329178627.31      Ca A  8346A -11.334   0.0018      H  1 2.625m  -9.977   0.0402      Fe 2  9471A -10.600   0.0096            
 nFnu 8.210m  -9.440   0.1383      Ca A  8334A -11.366   0.0016      H  1 2.166m -10.197   0.0242      Fe 2  9268A -10.167   0.0259            
 nInu 8.210m  -3.380158608.41      Ca A 4.051m  -9.761   0.0660      H  1 1.945m -10.370   0.0162      Fe 2 22.90m -10.458   0.0133            
 nFnu 7.580m  -9.421   0.1443      Ca A 2.625m -10.028   0.0357      H  1 1.817m -10.491   0.0123      Fe 2 1.811m -10.814   0.0058            
 nInu 7.580m  -3.412147354.39      Ca A 2.166m -10.254   0.0212      H  1 1.736m -10.585   0.0099      Fe 2 1.748m -11.020   0.0036            
 nFnu 7.050m  -9.368   0.1630      Ca A 1.945m -10.445   0.0137      H  1 7.458m -10.259   0.0210      Fe 2 34.65m -11.137   0.0028            
 nInu 7.050m  -3.440138144.52      Ca A 1.817m -10.609   0.0094      H  1 4.653m -10.449   0.0135      Fe 2 1.813m -11.294   0.0019            
 nFnu 4.114m  -9.165   0.2603      Ca A 1.736m -10.752   0.0067      H  1 3.740m -10.625   0.0090      Fe2b  7000A  -9.642   0.0868            
 nInu 4.114m  -3.544108643.78      Ca A 1.681m -10.878   0.0050      H  1 3.296m -10.759   0.0066      Fe2b 10000A  -7.992   3.8760            
 nFnu 2.324m  -9.114   0.2925      Ca A 1.641m -10.991   0.0039      H  1 3.038m -10.863   0.0052      Fe2b  7445A  -9.642   0.0868            
 nInu 2.324m  -3.319182606.30      Ca A 1.611m -11.090   0.0031      H  1 12.37m -10.698   0.0076      Fe2b  8625A  -9.026   0.3582            
 nFnu 1.643m  -9.032   0.3538      Ca A 1.588m -11.180   0.0025      H  1 7.500m -10.849   0.0054      Fe2b 1.033m -10.599   0.0096            
 nInu 1.643m  -3.086312026.66      Ca A 1.570m -11.261   0.0021      H  1 5.907m -10.985   0.0039      Fe2b 1.889m  -8.964   0.4135            
 nFnu 1.480m  -8.966   0.4114      Ca A 1.556m -11.334   0.0018      H  1 5.127m -11.095   0.0031      Fe 2  1786A -10.086   0.0312            
 nInu 1.480m  -3.042345423.62      Ca A 1.544m -11.401   0.0015      H  1 19.06m -11.078   0.0032      recombination...............            
 nFnu 1.436m  -8.514   1.1661      Ca A 1.534m -11.461   0.0013      H  1 11.31m -11.189   0.0025      O  1  1357A -11.041   0.0035            
 nInu 1.436m  -2.915462492.53      Ca A 1.526m -11.515   0.0012      H  1 8.758m -11.296   0.0019      C  1  1140A -10.807   0.0059            
 nFnu 1.119m  -8.552   1.0685      Ca A 1.519m -11.565   0.0010      H  1 27.80m -11.400   0.0015      level2 lines................            
 nInu 1.119m  -2.766652163.94      Ca A 7.458m -10.241   0.0219      H  1 16.20m -11.480   0.0013      C  1 943.9A -10.058   0.0333            
 nFnu  8330A  -8.740   0.6919      Ca A 4.653m -10.450   0.0135      He-like iso-sequence........      C  1  1248A -10.306   0.0188            
 nInu  8330A  -2.581998224.94      Ca A 3.740m -10.641   0.0087      Hlin 506.0A  -9.870   0.0513      C  1 841.0A -10.913   0.0047            
 nFnu  8079A  -8.033   3.5237      Ca A 3.296m -10.808   0.0059      Ca B  2945A -11.534   0.0011      C  1  1561A -10.584   0.0099            
 nInu  8079A  -2.4261427945.2      Ca A 3.038m -10.955   0.0042      Ca B  3188A -11.213   0.0023      C  1  1315A -10.564   0.0104            
 nFnu  6210A  -8.600   0.9560      Ca A 2.872m -11.087   0.0031      Ca B  3889A -10.802   0.0060      C  1  1166A -10.731   0.0071            
 nInu  6210A  -2.2492143540.8      Ca A 2.758m -11.205   0.0024      Ca B  4026A -11.430   0.0014      C  1  1233A -10.906   0.0047            
 nFnu  4885A  -9.280   0.1997      Ca A 2.674m -11.312   0.0019      Ca B  4471A -11.094   0.0031      C  1  1132A -10.992   0.0039            
 nInu  4885A  -2.0423456168.5      Ca A 2.612m -11.409   0.0015      Ca B  5016A -11.381   0.0016      C  1  1251A -11.014   0.0037            
 nFnu  3704A -10.029   0.0356      Ca A 2.564m -11.497   0.0012      Ca B  5876A -10.620   0.0091      C  1  1112A -11.195   0.0024            
 nInu  3704A  -1.8085916609.0      Ca A 2.525m -11.577   0.0010      Ca B  6678A -11.163   0.0026      C  1  1115A -11.245   0.0022            
 nFnu  3588A  -7.320  18.2087      Ca A 12.37m -10.652   0.0085      Ca B  7065A -11.476   0.0013      C  1  1162A -11.293   0.0019            
 nInu  3588A  -1.6448636201.0      Ca A 7.500m -10.820   0.0058      Ca B 1.083m  -9.879   0.0503      C  1  1167A -11.376   0.0016            
 nFnu  2430A  -9.451   0.1347      Ca A 5.907m -10.984   0.0040      Ca B 1.869m -11.464   0.0013      C  1  1104A -11.358   0.0017            
 nInu  2430A  -1.399*********      Ca A 5.127m -11.132   0.0028      Ca B 2.058m -11.174   0.0026      C  1  1109A -11.391   0.0015            
 nFnu  2392A  -9.509   0.1178      Ca A 4.671m -11.266   0.0021      He 1 584.3A  -8.067   3.2619      C  1  1098A -11.529   0.0011            
 nInu  2392A  -1.388*********      Ca A 4.375m -11.388   0.0016      He 1 537.0A  -9.394   0.1536      C  1  1132A -11.559   0.0011            
 nFnu  2071A  -9.541   0.1094      Ca A 4.170m -11.500   0.0012      He 1 522.2A  -9.215   0.2321      C  2 892.8A -10.970   0.0041            
 nInu  2071A  -1.272*********      Ca A 19.06m -11.011   0.0037      He 1 515.6A  -9.468   0.1295      C  2 688.8A -11.401   0.0015            
 nFnu  2053A  -9.560   0.1048      Ca A 11.31m -11.149   0.0027      He 1 512.1A  -9.709   0.0744      C  2  1020A -11.172   0.0026            
 nInu  2053A  -1.271*********      Ca A 8.758m -11.293   0.0019      He 1 625.6A -10.400   0.0152      N  1 942.3A -11.244   0.0022            
 nFnu  1793A  -9.565   0.1037      Ca A 7.506m -11.426   0.0014      TOTL 1.083m -10.191   0.0245      N  1 952.1A -11.382   0.0016            
 nInu  1793A  -1.167*********      Ca A 6.770m -11.550   0.0011      He 1 1.083m -10.191   0.0245      N  1  1131A -11.574   0.0010            
 nFnu  1585A  -9.458   0.1325      Ca A 27.80m -11.330   0.0018      He 1 1.083m -11.145   0.0027      O  1 867.3A -10.624   0.0090            
 nInu  1585A  -1.142*********      Ca A 16.20m -11.446   0.0014      He 1 1.083m -10.668   0.0082      O  1 787.5A -11.369   0.0016            
 nFnu  1458A  -9.188   0.2470      Ca A 12.38m -11.574   0.0010      He 1 1.083m -10.446   0.0136      O  1 976.8A -10.378   0.0159            
 nInu  1458A  -1.041*********      Ca B  6563A  -8.269   2.0480      He 1  3889A -10.922   0.0046      O  1 767.7A -11.401   0.0015            
 nFnu  1357A  -9.369   0.1626      Ca B  4861A  -8.754   0.6701      He 1  3188A -11.332   0.0018      O  1 969.0A -10.873   0.0051            
 nInu  1357A  -0.972*********      Ca B  4340A  -9.095   0.3060      He 1  5876A -10.696   0.0077      O  1 946.4A -11.177   0.0025            
 nFnu  1297A  -9.399   0.1520      Ca B  4102A  -9.355   0.1681      He 1  4471A -11.181   0.0025      O  1 934.5A -11.373   0.0016            
 nInu  1297A  -0.965*********      Ca B  3970A  -9.564   0.1038      He 1  4026A -11.521   0.0011      O  1 973.6A -11.541   0.0011            
 nFnu  1263A  -9.427   0.1425      Ca B  3889A  -9.738   0.0696      He 1  6678A -11.234   0.0022      Ne 1 688.6A -11.246   0.0022            
 nInu  1263A  -0.977*********      Ca B  3835A  -9.883   0.0499      He 1 1.869m -11.524   0.0011      Al 2  1671A -11.052   0.0034            
 nFnu  1218A  -8.569   1.0265      Ca B  3798A -10.005   0.0376      Pho+  3889A  -9.566   0.1035      Si 2  1180A -10.291   0.0195            
 nInu  1218A  -0.963*********      Ca B  3771A -10.108   0.0297      database lines..............      Si 2 993.4A -11.131   0.0028            
 nFnu  1196A  -8.940   0.4374      Ca B  3750A -10.194   0.0243      OH   119.4m -11.375   0.0016      S  2 750.3A -10.976   0.0040            
 nInu  1196A  -0.957*********      Ca B  3734A -10.268   0.0205      OH   119.4m -11.184   0.0025      hyperfine structure.........            
 nFnu  1175A  -9.068   0.3256      Ca B  3722A -10.331   0.0178      OH   119.2m -11.514   0.0012      inner shell.................            
 nInu  1175A  -0.981*********      Ca B  3712A -10.386   0.0156      OH   119.2m -11.320   0.0018      molecules...................            
 nFnu  1144A  -9.270   0.2044      Ca B  3704A -10.436   0.0140      OH   79.16m -11.445   0.0014      H2 l 2.000m -10.453   0.0134            
 nInu  1144A  -0.880*********      Ca B  3697A -10.481   0.0126      OH   79.10m -11.460   0.0013      H-CT  6563A  -9.058   0.3330            



                                                                           
 Cooling:  HFBc     0 :0.067 Fe2c     0 :0.705  
 Heating:  BFH1     0 :0.943  

 These are some of the most important databases used by Cloudy:
 Many recombination coefficients were taken from http://amdpp.phys.strath.ac.uk/tamoc/RR/ and http://amdpp.phys.strath.ac.uk/tamoc/DR/
      and are based on the following papers:
        Badnell N. R., et al., A&A 406, 1151 (2003) [http://adsabs.harvard.edu/abs/2003A%26A...406.1151B]
        Badnell N. R., ApJS 167, 334 (2006) [http://adsabs.harvard.edu/abs/2006ApJS..167..334B]
 Much of the molecular emission data is from LAMDA as accessed on Dec. 18, 2010. This database is described in:
        Schoeier F.L., et al., A&A 432, 369 (2005) [http://adsabs.harvard.edu/abs/2005A%26A...432..369S]
      This database is in part based on the work of the following groups:
        JPL: Pickett H. M. et al., JQSRT, 60, 883 (1998). [http://adsabs.harvard.edu/abs/1998JQSRT..60..883P]
        CDMS: Mueller H. S. et al., A&A 370, L49 (2001). [http://adsabs.harvard.edu/abs/2001A%26A...370L..49M]
              Mueller H. S. et al., J. Mol. Struct. 742, 215 (2005). [http://adsabs.harvard.edu/abs/2005JMoSt.742..215M]
 Much of the ionic emission data is from version 7.0 of CHIANTI. CHIANTI is a collaborative project involving the NRL (USA), the
      Universities of Florence (Italy) and Cambridge (UK), and George Mason University (USA). These papers describe Chianti:
        Dere K. P., et al., A&AS, 125, 149 (1997) [http://adsabs.harvard.edu/abs/1997A%26AS..125..149D]
        Landi E., et al., ApJ, 744, 99 (2012) [http://adsabs.harvard.edu/abs/2012ApJ...744...99L]
 Much of the H_2 data is from this web site: http://molat.obspm.fr/index.php?page=pages/Molecules/H2/H2can94.php. These data are
      described in:
        Abgrall H. et al., Can. J. Phys., 72, 856 (1994) [http://adsabs.harvard.edu/abs/1994CaJPh..72..856A]
        Wrathmall S. A. & Flower D. R., J. Phys. B, 40, 3221 (2007) [http://adsabs.harvard.edu/abs/2007JPhB...40.3221W]
 Please cite those papers that played a significant role in this calculation.

 IONIZE PARMET:  U(1-) -8.4768  U(4-):-14.2499  U(sp): -8.48  Q(ion):    9.000  L(ion) -1.529    Q(low): 11.367    L(low) -0.950
 ENERGY BUDGET:  Heat:  -7.590  Coolg:  -7.590  Error:  0.1%  Rec Lin:  -8.251  F-F  H  0.000    P(rad/tot)max     0.00E+00

     Col(Heff):      0.000E+00  snd travl time  3.37E-01 sec  Te-low: 3.13E+03  Te-hi: 3.13E+03  G0TH85: 4.96E+01  G0DB96:6.42E+01
  Emiss Measure    n(e)n(p) dl       5.309E+15  n(e)n(He+)dl         4.132E+13  En(e)n(He++) dl         9.999E+04  ne nC+:8.66E+12
 He/Ha:5.66E-03  =   0.07*true  Lthin:7.73E+03  itr/zn:29.00  H2 itr/zn:  0.00  File Opacity: F  MassTot 3.51e-12  (gm/cm^2)
   Temps(21 cm)   T(21cm/Ly a)  2.96E+03        T(<nH/Tkin>)  3.13E+03          T(<nH/Tspin>)    3.13E+03          TB21cm:0.00E+00
                   N(H0/Tspin)  4.84E+08        N(OH/Tkin)    1.01E+02          B(21cm)          0.00E+00
   <a>:1.05E-05  erdeFe0.0E+00  Tcompt3.44E+07  Tthr4.30E+07  <Tden>: 3.13E+03  <dens>:2.27E-17  <MolWgt>1.24E+00
     Mean Jeans  l(cm)6.60E+17  M(sun)1.72E+03  smallest:     len(cm):6.60E+17  M(sun):1.72E+03  a_ox tran:  0.00
 Rion:1.000E+30  Dist:0.00E+00  Diam:0.000E+00
 Hatom level 70  HatomType: add  HInducImp  F  He tot level: 63  He2 level:   70  ExecTime    30.7
 ConvrgError(%)  <eden>  0.790  MaxEden  0.790  <H-C>   0.01  Max(H-C)    0.01  <Press>   0.000  MaxPrs er  0.000
  Continuity(%)  chng Te   0.0  elec den   0.0  n(H2)    0.0  n(CO)        0.0

                                                        Averaged Quantities
             Te      Te(Ne)   Te(NeNp)  Te(NeHe+)Te(NeHe2+) Te(NeO+)  Te(NeO2+)  Te(H2)     N(H)     Ne(O2+)   Ne(Np)
 Radius:  3.13e+03  3.13e+03  3.13e+03  3.13e+03  3.13e+03  3.13e+03  3.13e+03  3.13e+03  1.00e+07  1.88e+05  1.88e+05

 Contin Optical Depths: COMP: 1.93e-14    H-: 1.24e-12 R(1300): 1.02e-11  H2+: 4.00e-14  Pfa:1.93E-14
                          Pa: 1.93e-14    Ba: 1.14e-12      Hb: 8.87e-13   La: 2.20e-08     1r:9.594E-06  1.8:2.88E-06 4.:4.204E-07

 Old, new H  1 continuum optical depths:
     1 9.59e-06     2 6.26e-13     3 1.23e-12     4 1.23e-12     5 1.23e-12     6 3.06e-13     7 3.06e-13     8 3.06e-13
     9 3.06e-13    10 7.42e-20    11 7.42e-20    12 7.42e-20    13 7.42e-20    14 7.42e-20    15 1.64e-19    16 1.64e-19
    17 1.64e-19    18 1.64e-19    19 1.64e-19    20 1.64e-19    21 3.37e-19    22 3.37e-19    23 3.37e-19    24 3.37e-19
    25 3.37e-19    26 3.37e-19    27 3.37e-19    28 6.36e-19    29 6.36e-19    30 6.36e-19    31 6.36e-19    32 6.36e-19
    33 6.36e-19    34 6.36e-19    35 6.36e-19    36 1.13e-18    37 1.13e-18    38 1.13e-18    39 1.13e-18    40 1.13e-18
    41 1.13e-18    42 1.13e-18    43 1.13e-18    44 1.13e-18    45 1.90e-18    46 1.90e-18    47 1.90e-18    48 1.90e-18
    49 1.90e-18    50 1.90e-18    51 1.90e-18    52 1.90e-18    53 1.90e-18    54 1.90e-18
     1 9.59e-06     2 6.30e-13     3 1.24e-12     4 1.24e-12     5 1.24e-12     6 3.08e-13     7 3.08e-13     8 3.08e-13
     9 3.08e-13    10 7.42e-20    11 7.42e-20    12 7.42e-20    13 7.42e-20    14 7.42e-20    15 1.64e-19    16 1.64e-19
    17 1.64e-19    18 1.64e-19    19 1.64e-19    20 1.64e-19    21 3.38e-19    22 3.38e-19    23 3.38e-19    24 3.38e-19
    25 3.38e-19    26 3.38e-19    27 3.38e-19    28 6.36e-19    29 6.36e-19    30 6.36e-19    31 6.36e-19    32 6.36e-19
    33 6.36e-19    34 6.36e-19    35 6.36e-19    36 1.13e-18    37 1.13e-18    38 1.13e-18    39 1.13e-18    40 1.13e-18
    41 1.13e-18    42 1.13e-18    43 1.13e-18    44 1.13e-18    45 1.90e-18    46 1.90e-18    47 1.90e-18    48 1.90e-18
    49 1.90e-18    50 1.90e-18    51 1.90e-18    52 1.90e-18    53 1.90e-18    54 1.90e-18

 Old, new H  1 mean line optical depths:
  2- 1 2.83e-01  3- 2 9.80e-13  4- 3 2.96e-16  5- 4 3.49e-16  6- 5 5.66e-16  7- 6 1.31e-15  8- 7 2.02e-15
  9- 8 1.43e-15 10- 9 9.36e-16
  2- 1 2.84e-01  3- 2 9.16e-13  4- 3 2.72e-16  5- 4 3.33e-16  6- 5 5.44e-16  7- 6 1.28e-15  8- 7 2.00e-15
  9- 8 1.41e-15 10- 9 9.28e-16

 Old, new He 2 continuum optical depths:
     1 4.20e-07     2 9.48e-06     3 4.45e-13     4 4.45e-13     5 4.45e-13     6 6.26e-13     7 6.26e-13     8 6.26e-13
     9 6.26e-13    10 9.98e-13    11 9.98e-13    12 9.98e-13    13 9.98e-13    14 9.98e-13    15 1.23e-12    16 1.23e-12
    17 1.23e-12    18 1.23e-12    19 1.23e-12    20 1.23e-12    21 1.04e-12    22 1.04e-12    23 1.04e-12    24 1.04e-12
    25 1.04e-12    26 1.04e-12    27 1.04e-12    28 3.06e-13    29 3.06e-13    30 3.06e-13    31 3.06e-13    32 3.06e-13
    33 3.06e-13    34 3.06e-13    35 3.06e-13    36 4.66e-20    37 4.66e-20    38 4.66e-20    39 4.66e-20    40 4.66e-20
    41 4.66e-20    42 4.66e-20    43 4.66e-20    44 4.66e-20    45 7.42e-20    46 7.42e-20    47 7.42e-20    48 7.42e-20
    49 7.42e-20    50 7.42e-20    51 7.42e-20    52 7.42e-20    53 7.42e-20    54 7.42e-20
     1 4.20e-07     2 9.48e-06     3 4.48e-13     4 4.48e-13     5 4.48e-13     6 6.30e-13     7 6.30e-13     8 6.30e-13
     9 6.30e-13    10 1.00e-12    11 1.00e-12    12 1.00e-12    13 1.00e-12    14 1.00e-12    15 1.24e-12    16 1.24e-12
    17 1.24e-12    18 1.24e-12    19 1.24e-12    20 1.24e-12    21 1.05e-12    22 1.05e-12    23 1.05e-12    24 1.05e-12
    25 1.05e-12    26 1.05e-12    27 1.05e-12    28 3.08e-13    29 3.08e-13    30 3.08e-13    31 3.08e-13    32 3.08e-13
    33 3.08e-13    34 3.08e-13    35 3.08e-13    36 4.66e-20    37 4.66e-20    38 4.66e-20    39 4.66e-20    40 4.66e-20
    41 4.66e-20    42 4.66e-20    43 4.66e-20    44 4.66e-20    45 7.42e-20    46 7.42e-20    47 7.42e-20    48 7.42e-20
    49 7.42e-20    50 7.42e-20    51 7.42e-20    52 7.42e-20    53 7.42e-20    54 7.42e-20

 Old, new He 2 mean line optical depths:
  2- 1 2.05e-05  3- 2 2.88e-20  4- 3 4.43e-21  5- 4 4.43e-21  6- 5 4.43e-21  7- 6 4.43e-21  8- 7 4.43e-21
  9- 8 4.43e-21 10- 9 4.43e-21
  2- 1 2.04e-05  3- 2 2.58e-20  4- 3 2.22e-21  5- 4 2.22e-21  6- 5 2.22e-21  7- 6 2.22e-21  8- 7 2.22e-21
  9- 8 2.22e-21 10- 9 2.22e-21

 Old He Is optical depths:    1 2.88e-06    2 4.68e-13    3 5.17e-13    4 5.82e-13    5 5.82e-13
 New He Is optical depths:    1 2.88e-06    2 4.71e-13    3 5.21e-13    4 5.86e-13    5 5.86e-13
          Old He Is Lines:  584 1.56e-02 3889 1.83e-09 5016 1.51e-13 5876 7.37e-18
          New He Is Lines:  584 1.56e-02 3889 1.82e-09 5016 1.51e-13 5876 7.36e-18

==== H      compounds ====           Log10 column densities [cm^-2}
   H2        :  8.810   H2*       :  6.611   H2+       :  3.757   H3+       :  1.030
==== He     compounds ====
   HeH+      :  3.298
==== Li     compounds ====
   LiH       : -5.270   LiH+      : -6.189
==== C      compounds ====
   CH        :  4.434   CH+       :  2.903   CH2       :  1.487   CH2+      : -0.443   CH3       : -2.723   CH3+      : -3.901   CH4       : -6.966   CH4+      : -8.837
   CH5+      :-14.071   C2        :  0.875   C2+       : -0.202   C2H       : -1.641   C2H+      : -3.117   C2H2      : -7.829   C2H2+     : -6.841   C2H3+     :-11.866
   C3        : -8.536   C3+       : -6.292   C3H       :-10.887   C3H+      : -9.527
==== N      compounds ====
   NH        :  3.768   NH+       :  3.127   NH2       : -0.643   NH2+      : -0.379   NH3       : -4.256   NH3+      : -4.571   NH4+      :-11.821   CN        :  3.272
   CN+       : -1.090   HCN       :  0.167   HCN+      : -0.760   HNC       : -4.270   HCNH+     : -4.505   HC3N      :-35.930   N2        :  2.678   N2+       : -0.361
   N2H+      : -7.981
==== O      compounds ====
   OH        :  5.497   OH+       :  4.955   H2O       :  1.599   H2O+      :  1.313   H3O+      : -2.663   CO        :  5.329   CO+       :  0.918   HCO+      : -0.073
   H2CO      :-35.930   CH3OH     :-35.930   ^13CO     :  3.852   NO        :  1.254   NO+       :  0.276   HNO       : -3.269   HNO+      : -3.796   OCN       : -1.483
   OCN+      : -4.243   N2O       : -5.665   O2        :  1.560   O2+       :  1.668   NO2       : -3.837   NO2+      : -7.489
==== Ne     compounds ====
   NeH+      : -0.260
==== Si     compounds ====
   SiH       : -3.247   SiH2+     : -4.690   SiC2      :-35.930   SiN       : -6.953   SiN+      : -0.811   SiO       :  0.771   SiO+      :  0.742   SiOH+     : -3.233
==== S      compounds ====
   HS        :  3.084   HS+       :  1.676   CS        : -1.135   CS+       : -0.778   HCS+      : -3.647   NS        : -1.139   NS+       : -1.433   SO        :  0.618
   SO+       :  0.231   OCS       : -6.884   OCS+      : -8.496   SO2       :-35.930   S2        : -6.256   S2+       : -7.582
==== Cl     compounds ====
   HCl       : -2.007   HCl+      :  2.057   H2Cl+     : -1.449   CCl       :-14.723   CCl+      : -6.732   H2CCl+    :-18.225   ClO       :-17.411   ClO+      :-22.000
==== Ar     compounds ====
   ArH+      :  4.128
==== Ti     compounds ====
   TiH       :-35.930   TiH+      :-35.930   TiH2      :-35.930   TiH2+     :-35.930   TiC       :-35.930   TiC+      :-35.930   HCTi      :-35.930   HCTi+     :-35.930
   TiC2      :-35.930   TiC2+     :-35.930   TiN       :-35.930   TiN+      :-35.930   HNTi      :-35.930   HNTi+     :-35.930   TiNC      :-35.930   TiNC+     :-35.930
   TiO       :-35.930   TiO+      :-35.930   TiOH+     :-35.930   TiO2      :-35.930   TiF+      :-35.930   TiS       :-35.930   TiS+      :-35.930   HTiS      :-35.930


               1      2      3      4      5      6      7      8      9     10     11     12     13     14     15     16     17

 Hydrogen   12.181 10.452  8.813 (H2)                Log10 Column density (cm^-2)
 Helium     11.119  8.343 -0.273
 Lithium     1.019  0.838-14.798-30.000
 Beryllium   1.561 -0.132 -3.360-30.000-30.000
 Boron       2.821  2.048 -4.010-30.000-30.000-30.000
 Carbon      8.568  7.665  3.228-30.000-30.000-30.000-30.000
 Nitrogen    8.018  5.436 -2.066-30.000-30.000-30.000-30.000-30.000
 Oxygen      8.873  7.029 -0.912-30.000-30.000-30.000-30.000-30.000-30.000
 Fluorine    4.738  3.148 -1.347-30.000-30.000-30.000-30.000-30.000-30.000-30.000
 Neon        8.114  6.165  1.151-30.000-30.000-30.000-30.000-30.000-30.000-30.000-30.000
 Sodium      5.263  6.399  0.387-30.000-30.000-30.000-30.000-30.000-30.000-30.000-30.000-30.000
 Magnesium   6.641  7.757  3.998-30.000-30.000-30.000-30.000-30.000-30.000-30.000-30.000-30.000-30.000
 Aluminium   3.300  6.639  2.267-30.000-30.000-30.000-30.000-30.000-30.000-30.000-30.000-30.000-30.000-30.000
 Silicon     6.435  7.676  1.275-30.000-30.000-30.000-30.000-30.000-30.000-30.000-30.000-30.000-30.000-30.000-30.000
 Phosphorus  2.978  5.598  1.554-30.000-30.000-30.000-30.000-30.000-30.000-30.000-30.000-30.000-30.000-30.000-30.000-30.000
 Sulphur     6.908  7.091  3.028-30.000-30.000-30.000-30.000-30.000-30.000-30.000-30.000-30.000-30.000-30.000-30.000-30.000-30.000
 Chlorine    4.086  5.678  2.224-30.000-30.000-30.000-30.000-30.000-30.000-30.000-30.000-30.000-30.000-30.000-30.000-30.000-30.000
-30.000
 Argon       6.585  4.329  1.480-30.000-30.000-30.000-30.000-30.000-30.000-30.000-30.000-30.000-30.000-30.000-30.000-30.000-30.000
-30.000-30.000
 Potassium   4.639  5.086  0.788-30.000-30.000-30.000-30.000-30.000-30.000-30.000-30.000-30.000-30.000-30.000-30.000-30.000-30.000
-30.000-30.000-30.000
 Calcium     6.486  5.514  2.695-30.000-30.000-30.000-30.000-30.000-30.000-30.000-30.000-30.000-30.000-30.000-30.000-30.000-30.000
-30.000-30.000-30.000-30.000
 Scandium    3.277  2.457  0.348-30.000-30.000-30.000-30.000-30.000-30.000-30.000-30.000-30.000-30.000-30.000-30.000-30.000-30.000
-30.000-30.000-30.000-30.000-30.000
 Titanium    1.430  5.138  2.295-30.000-30.000-30.000-30.000-30.000-30.000-30.000-30.000-30.000-30.000-30.000-30.000-30.000-30.000
-30.000-30.000-30.000-30.000-30.000-30.000
 Vanadium    4.086  2.985  0.577-30.000-30.000-30.000-30.000-30.000-30.000-30.000-30.000-30.000-30.000-30.000-30.000-30.000-30.000
-30.000-30.000-30.000-30.000-30.000-30.000-30.000
 Chromium    5.718  5.187  0.034-30.000-30.000-30.000-30.000-30.000-30.000-30.000-30.000-30.000-30.000-30.000-30.000-30.000-30.000
-30.000-30.000-30.000-30.000-30.000-30.000-30.000-30.000
 Manganese   1.950  5.619  0.863-30.000-30.000-30.000-30.000-30.000-30.000-30.000-30.000-30.000-30.000-30.000-30.000-30.000-30.000
-30.000-30.000-30.000-30.000-30.000-30.000-30.000-30.000-30.000
 Iron        3.777  7.689  2.089-30.000-30.000-30.000-30.000-30.000-30.000-30.000-30.000-30.000-30.000-30.000-30.000-30.000-30.000
-30.000-30.000-30.000-30.000-30.000-30.000-30.000-30.000-30.000-30.000
 Cobalt      5.168  3.599 -2.655-30.000-30.000-30.000-30.000-30.000-30.000-30.000-30.000-30.000-30.000-30.000-30.000-30.000-30.000
-30.000-30.000-30.000-30.000-30.000-30.000-30.000-30.000-30.000-30.000-30.000
 Nickel      2.972  6.409 -0.078-30.000-30.000-30.000-30.000-30.000-30.000-30.000-30.000-30.000-30.000-30.000-30.000-30.000-30.000
-30.000-30.000-30.000-30.000-30.000-30.000-30.000-30.000-30.000-30.000-30.000-30.000
 Copper      4.345  3.265 -0.011-30.000-30.000-30.000-30.000-30.000-30.000-30.000-30.000-30.000-30.000-30.000-30.000-30.000-30.000
-30.000-30.000-30.000-30.000-30.000-30.000-30.000-30.000-30.000-30.000-30.000-30.000-30.000
 Zinc        4.742  2.977 -0.181-30.000-30.000-30.000-30.000-30.000-30.000-30.000-30.000-30.000-30.000-30.000-30.000-30.000-30.000
-30.000-30.000-30.000-30.000-30.000-30.000-30.000-30.000-30.000-30.000-30.000-30.000-30.000-30.000
 Exc state    He1*  3.994   CII*  7.484   C11*  7.619   C12*  8.093   C13*  8.310   O11*  8.634   O12*  8.377   O13*  7.888
              Si2*  7.479   C30* -8.143   C31*-10.835   C32* -7.391


 Hydrogen   -0.008 -1.737 -3.075 (H2)                 Log10 Mean Ionisation (over radius)
 Helium     -0.001 -2.776-11.392
 Lithium    -0.220 -0.401-16.037
 Beryllium  -0.009 -1.702 -4.929
 Boron      -0.068 -0.841 -6.899
 Carbon     -0.051 -0.954 -5.391
 Nitrogen   -0.001 -2.583-10.085
 Oxygen     -0.007 -1.851 -9.792
 Fluorine   -0.011 -1.602 -6.096
 Neon       -0.005 -1.954 -6.968
 Sodium     -1.167 -0.031 -6.043
 Magnesium  -1.148 -0.032 -3.791
 Aluminium  -3.339 -0.000 -4.373
 Silicon    -1.264 -0.024 -6.425
 Phosphorus -2.622 -0.001 -4.046
 Sulphur    -0.402 -0.219 -4.282
 Chlorine   -1.603 -0.011 -3.465
 Argon      -0.004 -2.260 -5.109
 Potassium  -0.580 -0.133 -4.431
 Calcium    -0.044 -1.016 -3.835
 Scandium   -0.062 -0.882 -2.990
 Titanium   -3.709 -0.001 -2.844
 Vanadium   -0.033 -1.134 -3.542
 Chromium   -0.112 -0.643 -5.796
 Manganese  -3.670 -0.000 -4.756
 Iron       -3.912 -0.000 -5.600
 Cobalt     -0.012 -1.580 -7.835
 Nickel     -3.437 -0.000 -6.488
 Copper     -0.035 -1.115 -4.391
 Zinc       -0.007 -1.772 -4.930

               1      2      3      4      5      6      7      8      9     10     11     12     13     14     15     16     17

 Hydrogen   -0.008 -1.737 -3.075 (H2)         Log10 Mean Ionisation (over radius*electron density)
 Helium     -0.001 -2.776-11.392
 Lithium    -0.220 -0.401-16.037
 Beryllium  -0.009 -1.702 -4.929
 Boron      -0.068 -0.841 -6.899
 Carbon     -0.051 -0.954 -5.391
 Nitrogen   -0.001 -2.583-10.085
 Oxygen     -0.007 -1.851 -9.792
 Fluorine   -0.011 -1.602 -6.096
 Neon       -0.005 -1.954 -6.968
 Sodium     -1.167 -0.031 -6.043
 Magnesium  -1.148 -0.032 -3.791
 Aluminium  -3.339 -0.000 -4.373
 Silicon    -1.264 -0.024 -6.425
 Phosphorus -2.622 -0.001 -4.046
 Sulphur    -0.402 -0.219 -4.282
 Chlorine   -1.603 -0.011 -3.465
 Argon      -0.004 -2.260 -5.109
 Potassium  -0.580 -0.133 -4.431
 Calcium    -0.044 -1.016 -3.835
 Scandium   -0.062 -0.882 -2.990
 Titanium   -3.709 -0.001 -2.844
 Vanadium   -0.033 -1.134 -3.542
 Chromium   -0.112 -0.643 -5.796
 Manganese  -3.670 -0.000 -4.756
 Iron       -3.912 -0.000 -5.600
 Cobalt     -0.012 -1.580 -7.835
 Nickel     -3.437 -0.000 -6.488
 Copper     -0.035 -1.115 -4.391
 Zinc       -0.007 -1.772 -4.930

               1      2      3      4      5      6      7      8      9     10     11     12     13     14     15     16     17

 Hydrogen    3.495  3.495  3.495 (H2)                  Log10 Mean Temperature (over radius)
 Helium      3.495  3.495  3.495
 Lithium     3.495  3.495  3.495
 Beryllium   3.495  3.495  3.495
 Boron       3.495  3.495  3.495
 Carbon      3.495  3.495  3.495
 Nitrogen    3.495  3.495  3.495
 Oxygen      3.495  3.495  3.495
 Fluorine    3.495  3.495  3.495
 Neon        3.495  3.495  3.495
 Sodium      3.495  3.495  3.495
 Magnesium   3.495  3.495  3.495
 Aluminium   3.495  3.495  3.495
 Silicon     3.495  3.495  3.495
 Phosphorus  3.495  3.495  3.495
 Sulphur     3.495  3.495  3.495
 Chlorine    3.495  3.495  3.495
 Argon       3.495  3.495  3.495
 Potassium   3.495  3.495  3.495
 Calcium     3.495  3.495  3.495
 Scandium    3.495  3.495  3.495
 Titanium    3.495  3.495  3.495
 Vanadium    3.495  3.495  3.495
 Chromium    3.495  3.495  3.495
 Manganese   3.495  3.495  3.495
 Iron        3.495  3.495  3.495
 Cobalt      3.495  3.495  3.495
 Nickel      3.495  3.495  3.495
 Copper      3.495  3.495  3.495
 Zinc        3.495  3.495  3.495

               1      2      3      4      5      6      7      8      9     10     11     12     13     14     15     16     17

 Hydrogen    3.495  3.495  3.495 (H2)          Log10 Mean Temperature (over radius*electron density)
 Helium      3.495  3.495  3.495
 Lithium     3.495  3.495  3.495
 Beryllium   3.495  3.495  3.495
 Boron       3.495  3.495  3.495
 Carbon      3.495  3.495  3.495
 Nitrogen    3.495  3.495  3.495
 Oxygen      3.495  3.495  3.495
 Fluorine    3.495  3.495  3.495
 Neon        3.495  3.495  3.495
 Sodium      3.495  3.495  3.495
 Magnesium   3.495  3.495  3.495
 Aluminium   3.495  3.495  3.495
 Silicon     3.495  3.495  3.495
 Phosphorus  3.495  3.495  3.495
 Sulphur     3.495  3.495  3.495
 Chlorine    3.495  3.495  3.495
 Argon       3.495  3.495  3.495
 Potassium   3.495  3.495  3.495
 Calcium     3.495  3.495  3.495
 Scandium    3.495  3.495  3.495
 Titanium    3.495  3.495  3.495
 Vanadium    3.495  3.495  3.495
 Chromium    3.495  3.495  3.495
 Manganese   3.495  3.495  3.495
 Iron        3.495  3.495  3.495
 Cobalt      3.495  3.495  3.495
 Nickel      3.495  3.495  3.495
 Copper      3.495  3.495  3.495
 Zinc        3.495  3.495  3.495

               1      2      3      4      5      6      7      8      9     10     11     12     13     14     15     16     17
                                                                          

---------------Convergence statistics---------------
      1.63 mean iterations/state convergence
      2.79 mean cx acceleration loops/iteration
      1.09 mean iso convergence loops/ion solve
      1.17 mean steps/chemistry solve
      1.15 mean step length searches/chemistry step
----------------------------------------------------

 Cloudy ends: 1 zone, 3 iterations.  ExecTime(s) 30.74
 [Stop in cdMain at ../maincl.cpp:483, Cloudy exited OK]
 ************************************************** GRID_DELIMIT -- grid000000020
