                                                          Cloudy 13.03
                                                         www.nublado.org

                       **************************************13Feb20**************************************
                       *                                                                                 *
                       * c                                                                               *
                       * phi(h) 13.000000 LOG range -0.000232 6.866524                                   *
                       * grid from 8 to 23 in 1 dex steps                                                *
                       * HDEN=11.000000 LOG                                                              *
                       * grid from 0 to 12 in 1 dex steps                                                *
                       * set pres ionize 1e5                                                             *
                       * c                                                                               *
                       * c                                                                               *
                       * table star "inst_padova_agbtrack_z.mod" age 6.3                                 *
                       * c<< inst_padova_ model    1 read.       Age =      10000.00                 >>> *
                       * c<< inst_padova_ model    2 read.       Age =    2010000.00                 >>> *
                       * c<< FINAL:     Age =    1995262.31                                          >>> *
                       * c                                                                               *
                       * c                                                                               *
                       * abundances GASS10                                                               *
                       * c                                                                               *
                       * c                                                                               *
                       * iterate to convergence max = 7                                                  *
                       * stop column density = 23                                                        *
                       * c                                                                               *
                       * c                                                                               *
                       * print last                                                                      *
                       * set save prefix "padova_inst_2"                                                 *
                       * save grid ".grd" last no hash                                                   *
                       * save linelist "emissionlines_abs.txt" "LineList_HII.dat" absolute last no hash    *
                       *                                                                                 *
                       ***********************************************************************************



           !The plasma frequency is 9.45e-07 Ryd.  The incident continuum is set to 0 below this.
           4049CellPeak1.00E+00   Lo 1.00e-08=910.79cm   Hi-Con:6.19E+00 Ryd   E(hi):7.35E+06Ryd     E(hi):     100.01 MeV
           I(nu>1ryd):   2.4715   Average nu:1.358E+00   I( X-ray):   0.0000   I(BalC):   2.9940     Phi(BalmrC):  13.8965
           phi(1.0-1.8):12.9535   phi(1.8-4.0): 12.007   phi(4.0-20):  7.227   phi(20--):  0.000     Ion pht flx:1.000E+13
           I(gam ray):   0.0000   phi(gam r):   0.0000   I(Infred):   2.1331   Alf(ox):   0.0000     Total inten:   3.1518
           U(1.0----):3.336E-09   U(4.0----):5.625E-15   T(En-Den):5.001E+01   T(Comp):3.012E+04     nuJnu(912A):9.683E+02
           Occ(FarIR):0.000E+00   Occ(H n=6):2.633E-10   Occ(1Ryd):4.451E-14   Occ(4R):3.399E-21     Occ (Nu-hi):3.050E-27
           Tbr(FarIR):0.000E+00   Tbr(H n=6):1.154E-06   Tbr(1Ryd):7.036E-09   Tbr(4R):2.148E-15     Tbr (Nu-hi):2.972E-21
  
                                                  Gas Phase Chemical Composition
        H :  0.0000  He: -1.0701  Li:-10.9508  Be:-10.6198  B : -9.3002  C : -3.5702  N : -4.1701  O : -3.3098  F : -7.4401
        Ne: -4.0701  Na: -5.7595  Mg: -4.4001  Al: -5.5498  Si: -4.4895  P : -6.5901  S : -4.8794  Cl: -6.5003  Ar: -5.6003
        K : -6.9706  Ca: -5.6596  Sc: -8.8508  Ti: -7.0501  V : -8.0701  Cr: -6.3595  Mn: -6.5702  Fe: -4.5003  Co: -7.0101
                                               Ni: -5.7799  Cu: -7.8097  Zn: -7.4401
 
 ####  1  Te:5.386E+03 Hden:1.000E+11 Ne:2.235E+09 R:1.000E+30 R-R0:1.177E+01 dR:2.355E+01 NTR: 39 Htot:1.625E-05 T912: 1.46e-05###
 Hydrogen      9.78e-01 2.21e-02 H+o/Hden 1.00e+00 5.42e-08 H-    H2 8.46e-07 2.90e-09 H2+ HeH+ 1.55e-09 Ho+ ColD 2.30e+12 5.21e+10
 Helium        9.98e-01 1.99e-03 5.75e-12 HeI 2s3S 6.00e-08 Comp H,C 4.28e-17 7.66e-18 Fill Fac 1.00e+00 Gam1/tot 1.00e+00
 He singlet n  9.98e-01 1.50e-09 2.29e-14 2.44e-15 2.95e-15 2.56e-15 He tripl 6.00e-08 8.25e-13 3.29e-15 2.16e-14 6.38e-15
 Pressure      NgasTgas 5.97e+14 P(total) 8.24e-02 P( gas ) 8.24e-02 P(Radtn) 0.00e+00 Rad accl 1.03e-01 ForceMul 3.34e+08
 Texc(La)      4.13e+03 T(I con) 5.00e+01 T(D con) 1.30e+00 T(U tot) 5.00e+01 nT (c+d) 1.24e+07 Prad/Gas 0.00e+00 Pmag/Gas 0.00e+00
 Molecules     CH/Ctot: 8.81e-07 CH+/Ctot 2.86e-08 CO/Ctot: 3.03e-06 CO+/Ctot 8.65e-11 H2O/Otot 1.01e-12 OH/Ototl 2.16e-06
 Lithium       2.96e-01 7.04e-01 1.07e-16 0.00e+00 Berylliu 9.83e-01 1.71e-02 7.98e-06 0.00e+00 0.00e+00 sec ion: 0.00e+00
 Boron         8.66e-01 1.34e-01 1.18e-07 0.00e+00 0.00e+00 0.00e+00
 Carbon        8.99e-01 1.01e-01 3.69e-06 0.00e+00 0.00e+00 0.00e+00 0.00e+00 H2O+/O   3.48e-13 OH+/Otot 6.55e-07 Hex(tot) 0.00e+00
 Nitrogen      9.87e-01 1.29e-02 5.03e-10 0.00e+00 0.00e+00 0.00e+00 0.00e+00 0.00e+00 O2/Ototl 1.27e-10 O2+/Otot 4.09e-10
 Oxygen        9.82e-01 1.75e-02 1.60e-10 0.00e+00 0.00e+00 0.00e+00 0.00e+00 0.00e+00 0.00e+00
 Fluorine      9.78e-01 2.21e-02 6.09e-07 0.00e+00 0.00e+00 0.00e+00 0.00e+00 0.00e+00 0.00e+00 0.00e+00
 Neon          9.90e-01 9.55e-03 7.88e-08 0.00e+00 0.00e+00 0.00e+00 0.00e+00 0.00e+00 0.00e+00 0.00e+00 0.00e+00
 Sodium        6.64e-02 9.34e-01 7.63e-07 0.00e+00 0.00e+00 0.00e+00 0.00e+00 0.00e+00 0.00e+00 0.00e+00 0.00e+00 0.00e+00
 Magnesium     2.57e-02 9.74e-01 5.32e-04 0.00e+00 0.00e+00 0.00e+00 0.00e+00 0.00e+00 0.00e+00 0.00e+00 0.00e+00 0.00e+00 0.00e+00
 Aluminium  0  4.74e-04 9.99e-01 4.00e-05 0.00e+00 0.00e+00 0.00e+00 0.00e+00 0.00e+00 0.00e+00 0.00e+00 0.00e+00 0.00e+00 0.00e+00
 Silicon    0  2.76e-02 9.72e-01 2.64e-05 0.00e+00 0.00e+00 0.00e+00 0.00e+00 0.00e+00 0.00e+00 0.00e+00 0.00e+00 0.00e+00 0.00e+00
 Phosphorus 0  1.87e-03 9.98e-01 5.36e-05 0.00e+00 0.00e+00 0.00e+00 0.00e+00 0.00e+00 0.00e+00 0.00e+00 0.00e+00 0.00e+00 0.00e+00
 Sulphur    0  4.20e-01 5.79e-01 3.08e-04 0.00e+00 0.00e+00 0.00e+00 0.00e+00 0.00e+00 0.00e+00 0.00e+00 0.00e+00 0.00e+00 0.00e+00
 Chlorine   0  2.09e-03 9.98e-01 2.99e-04 0.00e+00 0.00e+00 0.00e+00 0.00e+00 0.00e+00 0.00e+00 0.00e+00 0.00e+00 0.00e+00 0.00e+00
 Argon      0  9.16e-01 8.35e-02 1.40e-04 0.00e+00 0.00e+00 0.00e+00 0.00e+00 0.00e+00 0.00e+00 0.00e+00 0.00e+00 0.00e+00 0.00e+00
 Potassium  0  4.68e-02 9.53e-01 4.14e-05 0.00e+00 0.00e+00 0.00e+00 0.00e+00 0.00e+00 0.00e+00 0.00e+00 0.00e+00 0.00e+00 0.00e+00
 Calcium    0  7.83e-01 2.17e-01 2.18e-04 0.00e+00 0.00e+00 0.00e+00 0.00e+00 0.00e+00 0.00e+00 0.00e+00 0.00e+00 0.00e+00 0.00e+00
 Scandium   0  7.14e-01 2.84e-01 1.46e-03 0.00e+00 0.00e+00 0.00e+00 0.00e+00 0.00e+00 0.00e+00 0.00e+00 0.00e+00 0.00e+00 0.00e+00
 Titanium   0  2.00e-04 9.98e-01 1.65e-03 0.00e+00 0.00e+00 0.00e+00 0.00e+00 0.00e+00 0.00e+00 0.00e+00 0.00e+00 0.00e+00 0.00e+00
 Vanadium   0  8.74e-01 1.25e-01 5.31e-04 0.00e+00 0.00e+00 0.00e+00 0.00e+00 0.00e+00 0.00e+00 0.00e+00 0.00e+00 0.00e+00 0.00e+00
 Chromium   0  7.70e-01 2.30e-01 8.68e-05 0.00e+00 0.00e+00 0.00e+00 0.00e+00 0.00e+00 0.00e+00 0.00e+00 0.00e+00 0.00e+00 0.00e+00
 Manganese  0  2.10e-04 9.99e-01 4.78e-04 0.00e+00 0.00e+00 0.00e+00 0.00e+00 0.00e+00 0.00e+00 0.00e+00 0.00e+00 0.00e+00 0.00e+00
 Iron       0  1.19e-04 1.00e+00 1.51e-04 0.00e+00 0.00e+00 0.00e+00 0.00e+00 0.00e+00 0.00e+00 0.00e+00 0.00e+00 0.00e+00 0.00e+00
 Cobalt     0  9.73e-01 2.69e-02 1.42e-08 0.00e+00 0.00e+00 0.00e+00 0.00e+00 0.00e+00 0.00e+00 0.00e+00 0.00e+00 0.00e+00 0.00e+00
 Nickel     0  3.19e-04 1.00e+00 2.21e-07 0.00e+00 0.00e+00 0.00e+00 0.00e+00 0.00e+00 0.00e+00 0.00e+00 0.00e+00 0.00e+00 0.00e+00
 Copper     0  9.25e-01 7.46e-02 7.55e-06 0.00e+00 0.00e+00 0.00e+00 0.00e+00 0.00e+00 0.00e+00 0.00e+00 0.00e+00 0.00e+00 0.00e+00
 Zinc       0  9.84e-01 1.63e-02 7.35e-06 0.00e+00 0.00e+00 0.00e+00 0.00e+00 0.00e+00 0.00e+00 0.00e+00 0.00e+00 0.00e+00 0.00e+00
 ####123  Te:3.996E+03 Hden:1.000E+11 Ne:1.107E+08 R:1.000E+30 R-R0:2.722E+07 dR:1.786E+05 NTR: 46 Htot:1.600E-07 T912: 1.72e+01###
 Hydrogen      9.99e-01 8.23e-04 H+o/Hden 1.00e+00 2.65e-09 H-    H2 4.47e-05 1.85e-10 H2+ HeH+ 1.30e-10 Ho+ ColD 2.71e+18 1.62e+16
 Helium        1.00e+00 1.44e-04 1.20e-12 HeI 2s3S 5.72e-09 Comp H,C 1.35e-18 2.38e-19 Fill Fac 1.00e+00 Gam1/tot 1.00e+00
 He singlet n  1.00e+00 7.12e-11 6.72e-16 4.66e-18 1.82e-17 1.05e-17 He tripl 5.72e-09 2.37e-15 1.01e-17 8.53e-17 2.90e-17
 Pressure      NgasTgas 4.34e+14 P(total) 6.00e-02 P( gas ) 6.00e-02 P(Radtn) 1.59e-11 Rad accl 7.42e-05 ForceMul 5.75e+06
 Texc(La)      4.17e+03 T(I con) 4.72e+01 T(D con) 2.40e+01 T(U tot) 4.79e+01 nT (c+d) 1.72e+07 Prad/Gas 2.65e-10 Pmag/Gas 0.00e+00
 Molecules     CH/Ctot: 7.72e-06 CH+/Ctot 9.87e-07 CO/Ctot: 3.96e-03 CO+/Ctot 4.08e-08 H2O/Otot 9.00e-09 OH/Ototl 1.12e-04
 Lithium       3.84e-01 6.16e-01 8.57e-17 0.00e+00 Berylliu 7.81e-01 2.19e-01 7.96e-06 0.00e+00 0.00e+00 sec ion: 0.00e+00
 Boron         2.78e-01 7.22e-01 2.30e-08 0.00e+00 0.00e+00 0.00e+00
 Carbon        4.63e-01 5.32e-01 8.07e-07 0.00e+00 0.00e+00 0.00e+00 0.00e+00 H2O+/O   8.87e-09 OH+/Otot 2.05e-05 Hex(tot) 0.00e+00
 Nitrogen      9.97e-01 2.51e-04 5.96e-13 0.00e+00 0.00e+00 0.00e+00 0.00e+00 0.00e+00 O2/Ototl 1.82e-08 O2+/Otot 2.03e-07
 Oxygen        9.97e-01 6.39e-04 1.23e-12 0.00e+00 0.00e+00 0.00e+00 0.00e+00 0.00e+00 0.00e+00
 Fluorine      9.94e-01 6.24e-03 3.23e-07 0.00e+00 0.00e+00 0.00e+00 0.00e+00 0.00e+00 0.00e+00 0.00e+00
 Neon          9.95e-01 5.31e-03 8.86e-08 0.00e+00 0.00e+00 0.00e+00 0.00e+00 0.00e+00 0.00e+00 0.00e+00 0.00e+00
 Sodium        1.03e-01 8.97e-01 1.92e-06 0.00e+00 0.00e+00 0.00e+00 0.00e+00 0.00e+00 0.00e+00 0.00e+00 0.00e+00 0.00e+00
 Magnesium     6.15e-03 9.94e-01 1.17e-05 0.00e+00 0.00e+00 0.00e+00 0.00e+00 0.00e+00 0.00e+00 0.00e+00 0.00e+00 0.00e+00 0.00e+00
 Aluminium  0  6.58e-04 9.99e-01 8.83e-06 0.00e+00 0.00e+00 0.00e+00 0.00e+00 0.00e+00 0.00e+00 0.00e+00 0.00e+00 0.00e+00 0.00e+00
 Silicon    0  1.90e-02 9.81e-01 1.37e-07 0.00e+00 0.00e+00 0.00e+00 0.00e+00 0.00e+00 0.00e+00 0.00e+00 0.00e+00 0.00e+00 0.00e+00
 Phosphorus 0  2.86e-03 9.97e-01 3.20e-06 0.00e+00 0.00e+00 0.00e+00 0.00e+00 0.00e+00 0.00e+00 0.00e+00 0.00e+00 0.00e+00 0.00e+00
 Sulphur    0  1.73e-02 9.83e-01 1.60e-05 0.00e+00 0.00e+00 0.00e+00 0.00e+00 0.00e+00 0.00e+00 0.00e+00 0.00e+00 0.00e+00 0.00e+00
 Chlorine   0  5.37e-02 9.46e-01 5.34e-05 0.00e+00 0.00e+00 0.00e+00 0.00e+00 0.00e+00 0.00e+00 0.00e+00 0.00e+00 0.00e+00 0.00e+00
 Argon      0  9.99e-01 3.66e-04 4.47e-08 0.00e+00 0.00e+00 0.00e+00 0.00e+00 0.00e+00 0.00e+00 0.00e+00 0.00e+00 0.00e+00 0.00e+00
 Potassium  0  2.73e-01 7.27e-01 2.31e-05 0.00e+00 0.00e+00 0.00e+00 0.00e+00 0.00e+00 0.00e+00 0.00e+00 0.00e+00 0.00e+00 0.00e+00
 Calcium    0  3.86e-01 6.08e-01 5.49e-03 0.00e+00 0.00e+00 0.00e+00 0.00e+00 0.00e+00 0.00e+00 0.00e+00 0.00e+00 0.00e+00 0.00e+00
 Scandium   0  3.48e-01 6.50e-01 1.85e-03 0.00e+00 0.00e+00 0.00e+00 0.00e+00 0.00e+00 0.00e+00 0.00e+00 0.00e+00 0.00e+00 0.00e+00
 Titanium   0  2.86e-04 9.99e-01 2.37e-04 0.00e+00 0.00e+00 0.00e+00 0.00e+00 0.00e+00 0.00e+00 0.00e+00 0.00e+00 0.00e+00 0.00e+00
 Vanadium   0  6.63e-01 3.37e-01 8.14e-05 0.00e+00 0.00e+00 0.00e+00 0.00e+00 0.00e+00 0.00e+00 0.00e+00 0.00e+00 0.00e+00 0.00e+00
 Chromium   0  2.23e-01 7.77e-01 1.24e-06 0.00e+00 0.00e+00 0.00e+00 0.00e+00 0.00e+00 0.00e+00 0.00e+00 0.00e+00 0.00e+00 0.00e+00
 Manganese  0  3.04e-04 1.00e+00 3.80e-06 0.00e+00 0.00e+00 0.00e+00 0.00e+00 0.00e+00 0.00e+00 0.00e+00 0.00e+00 0.00e+00 0.00e+00
 Iron       0  1.59e-04 1.00e+00 8.21e-07 0.00e+00 0.00e+00 0.00e+00 0.00e+00 0.00e+00 0.00e+00 0.00e+00 0.00e+00 0.00e+00 0.00e+00
 Cobalt     0  8.64e-01 1.36e-01 8.40e-10 0.00e+00 0.00e+00 0.00e+00 0.00e+00 0.00e+00 0.00e+00 0.00e+00 0.00e+00 0.00e+00 0.00e+00
 Nickel     0  4.75e-04 1.00e+00 4.40e-09 0.00e+00 0.00e+00 0.00e+00 0.00e+00 0.00e+00 0.00e+00 0.00e+00 0.00e+00 0.00e+00 0.00e+00
 Copper     0  5.40e-01 4.60e-01 2.50e-06 0.00e+00 0.00e+00 0.00e+00 0.00e+00 0.00e+00 0.00e+00 0.00e+00 0.00e+00 0.00e+00 0.00e+00
 Zinc       0  8.83e-01 1.17e-01 1.92e-05 0.00e+00 0.00e+00 0.00e+00 0.00e+00 0.00e+00 0.00e+00 0.00e+00 0.00e+00 0.00e+00 0.00e+00
                                                                             
   Calculation stopped because lowest Te reached. Iteration 3 of 3
   The geometry is plane-parallel.
  !The high electron density makes the Nussbaumer/Storey CNO recombination predictions unreliable.
  !H2 vib deexec heating reached 5.89% of the local heating.
  !Charge transfer ionization of H reached 73921.8% of the local H ionization rate.
  !Charge transfer heating reached 6.95% of the local heating.
  !The largest plasma frequency was 9.45e-07 Ryd = 9.64e+04 micron  The continuum is set to 0 below this.
  !AGE: Cloud age was not set.  Longest timescale was 5.53e+05 s = 6.40e+00 days.
  !The excitation temp of Lya exceeded the electron temp, largest value was 5.55e+03K (gas temp there was 5.22e+03K, zone  38)
  !Mutual neutralization production of H-alpha was significant.
  !The CMB was not included.  This is added with the CMB command.
   The density is too low to l-mix the lowest He I collapsed level.  More resolved levels are needed for accurate line ratios.
   The largest continuum occupation number was 4.400e+00 at 9.443e-07 Ryd.
   Grains were not present but might survive in this environment (energy density temperature was 5.00e+01K)
   G-bar cooling lines reached 1.17% of the local cooling.  Line=Ti 2 3365A
   Stimulated emission was   3.2% of the total for H transition 69 - 68
   The continuum optical depth at the lowest energy considered (1.004e-08 Ryd) was 6.200e+03.
   The fraction of N  in N2 reached 0.194% at some point in the cloud.
   The fraction of C  in CO reached 0.395% at some point in the cloud.

                       *********************************> Cloudy 13.03 <**********************************
                       * c                                                                               *
                       * phi(h) 13.000000 LOG range -0.000232 6.866524                                   *
                       * grid from 8 to 23 in 1 dex steps                                                *
                       * HDEN=11.000000 LOG                                                              *
                       * grid from 0 to 12 in 1 dex steps                                                *
                       * set pres ionize 1e5                                                             *
                       * c                                                                               *
                       * c                                                                               *
                       * table star "inst_padova_agbtrack_z.mod" age 6.3                                 *
                       * c                                                                               *
                       * c                                                                               *
                       * abundances GASS10                                                               *
                       * c                                                                               *
                       * c                                                                               *
                       * iterate to convergence max = 7                                                  *
                       * stop column density = 23                                                        *
                       * c                                                                               *
                       * c                                                                               *
                       * print last                                                                      *
                       * set save prefix "padova_inst_2"                                                 *
                       * save grid ".grd" last no hash                                                   *
                       * save linelist "emissionlines_abs.txt" "LineList_HII.dat" absolute last no hash    *
                       *********************************> Log(U): -8.48 <*********************************

                     Emission Line Spectrum.   Constant  Density Model.    Open geometry.  Iteration 3 of 3.
                                                     Intensity (erg/s/cm^2).


                                                   Intrinsic line intensities
 general properties..........      H  1  3646A   0.581   0.8201      Ca A 2.416m  -2.214   0.0013      Ca B  3889A  -1.142   0.0155            
 TOTL  4861A   0.667   1.0000      H  1  3646A   0.969   2.0036      Ca A 2.403m  -2.275   0.0011      Ca B  3965A  -2.206   0.0013            
 TOTL  1216A   2.178  32.4602      H  1  8204A  -0.182   0.1416      Ca A 12.37m  -1.538   0.0062      Ca B  4026A  -1.750   0.0038            
 Inci     0    3.152 305.3510      H  1  8204A   0.258   0.3896      Ca A 7.500m  -1.607   0.0053      Ca B  4388A  -2.304   0.0011            
 TotH     0    1.870  15.9658      H  1  8204A   0.222   0.3586      Ca A 5.907m  -1.667   0.0046      Ca B  4471A  -1.480   0.0071            
 TotC     0    1.870  15.9621      H  1 1.458m  -0.700   0.0429      Ca A 5.127m  -1.715   0.0041      Ca B  4922A  -2.029   0.0020            
 BFH1     0    1.834  14.6801      H  1 1.458m  -0.253   0.1204      Ca A 4.671m  -1.762   0.0037      Ca B  5016A  -1.748   0.0038            
 BFHe     0    0.381   0.5178      H  1 1.458m  -0.178   0.1430      Ca A 4.375m  -1.818   0.0033      Ca B  5876A  -1.014   0.0209            
 TotM     0   -0.197   0.1367      H  1 1.458m  -0.447   0.0770      Ca A 4.170m  -1.883   0.0028      Ca B  6678A  -1.544   0.0062            
 CT H     0    0.295   0.4248      H  1 2.279m  -1.083   0.0178      Ca A 4.020m  -1.955   0.0024      Ca B  7065A  -1.604   0.0054            
 H FB     0    0.681   1.0322      H  1 2.279m  -0.634   0.0500      Ca A 3.906m  -2.029   0.0020      Ca B  7281A  -2.265   0.0012            
 HFBc     0    0.681   1.0322      H  1 2.279m  -0.525   0.0642      Ca A 3.818m  -2.104   0.0017      Ca B 1.083m   0.417   0.5623            
 continua....................      H  1 2.279m  -0.644   0.0488      Ca A 3.748m  -2.178   0.0014      Ca B 1.278m  -2.268   0.0012            
 Bac   3646A   1.983  20.6998      H  1 2.279m  -1.075   0.0181      Ca A 3.692m  -2.249   0.0012      Ca B 1.869m  -1.873   0.0029            
 nFnu  3645A   1.995  21.2717      H  1 3.281m  -1.381   0.0089      Ca A 3.645m  -2.318   0.0010      Ca B 2.058m  -0.362   0.0936            
 nFnu  3647A   0.424   0.5719      H  1 3.281m  -0.934   0.0250      Ca A 19.06m  -1.844   0.0031      He 1     0   -0.431   0.0798            
 cout  3646A   1.682  10.3499      H  1 3.281m  -0.812   0.0332      Ca A 11.31m  -1.880   0.0028      He 1 584.3A  -0.372   0.0914            
 cref  3646A   1.682  10.3499      H  1 3.281m  -0.874   0.0288      Ca A 8.758m  -1.922   0.0026      He 1 537.0A  -2.141   0.0016            
 thin  3646A   1.983  20.6999      H  1 3.281m  -1.129   0.0160      Ca A 7.506m  -1.966   0.0023      He 1 522.2A  -1.848   0.0031            
 Inci  4860A   1.957  19.4907      H  1 3.281m  -1.675   0.0046      Ca A 6.770m  -2.020   0.0021      He 1 515.6A  -1.912   0.0026            
 Inci  1215A   3.038 235.1245      H  1 4.466m  -1.625   0.0051      Ca A 6.290m  -2.084   0.0018      He 1 512.1A  -2.039   0.0020            
 Ba C     0    1.072   2.5422      H  1 4.466m  -1.179   0.0142      Ca A 5.955m  -2.155   0.0015      TOTL 1.083m  -0.106   0.1686            
 PA C     0    0.679   1.0290      H  1 4.466m  -1.051   0.0191      Ca A 5.710m  -2.230   0.0013      He 1 1.083m  -0.106   0.1686            
 FIR  83.00m   1.564   7.8948      H  1 4.466m  -1.087   0.0176      Ca A 5.524m  -2.304   0.0011      He 1 1.083m  -1.061   0.0187            
 TIR   1800m  -0.683   0.0447      H  1 4.466m  -1.268   0.0116      Ca A 27.80m  -2.093   0.0017      He 1 1.083m  -0.583   0.0562            
 NIRa 2.850m   1.816  14.0902      H  1 4.466m  -1.620   0.0052      Ca A 16.20m  -2.110   0.0017      He 1 1.083m  -0.361   0.0937            
 NIRb 3.000m   1.416   5.6140      H  1 4.466m  -2.251   0.0012      Ca A 12.38m  -2.146   0.0015      He 1  3889A  -1.358   0.0094            
 MIRa 15.00m   1.075   2.5602      H  1 5.834m  -1.830   0.0032      Ca A 10.50m  -2.197   0.0014      He 1  3188A  -1.788   0.0035            
 MIRb 22.50m   1.269   4.0013      H  1 5.834m  -1.386   0.0088      Ca A 9.389m  -2.260   0.0012      He 1  2945A  -2.143   0.0015            
 NMIR 21.75m   1.816  14.0902      H  1 5.834m  -1.256   0.0119      Ca A 8.662m  -2.331   0.0010      He 1 2.058m  -1.322   0.0103            
 TFIR 611.2m   1.053   2.4304      H  1 5.834m  -1.277   0.0114      Ca A 38.86m  -2.303   0.0011      He 1  5016A  -1.946   0.0024            
 TALL 10000A   3.150 303.9030      H  1 5.834m  -1.422   0.0082      Ca A 22.33m  -2.314   0.0010      He 1  3965A  -2.288   0.0011            
 F12  12.00m   0.590   0.8380      H  1 5.834m  -1.689   0.0044      Ca B  6563A   1.148   3.0250      He 1  7065A  -1.955   0.0024            
 F25  25.00m   0.721   1.1336      H  1 5.834m  -2.112   0.0017      Ca B  4861A   0.732   1.1622      He 1  5876A  -1.181   0.0142            
 F60  60.00m   1.166   3.1545      H  1 7.383m  -2.007   0.0021      Ca B  4340A   0.449   0.6049      He 1  4471A  -1.657   0.0047            
 F100 100.0m   0.976   2.0386      H  1 7.383m  -1.564   0.0059      Ca B  4102A   0.246   0.3792      He 1  4026A  -1.934   0.0025            
 MIPS 24.00m   0.406   0.5480      H  1 7.383m  -1.433   0.0079      Ca B  3970A   0.093   0.2669      He 1  3820A  -2.094   0.0017            
 MIPS 70.00m   0.807   1.3820      H  1 7.383m  -1.446   0.0077      Ca B  3889A  -0.025   0.2032      He 1  6678A  -1.715   0.0041            
 MIPS 160.0m   0.581   0.8204      H  1 7.383m  -1.569   0.0058      Ca B  3835A  -0.120   0.1631      He 1  4922A  -2.188   0.0014            
 IRAC 3.600m   0.168   0.3168      H  1 7.383m  -1.790   0.0035      Ca B  3798A  -0.201   0.1354      He 1 1.869m  -2.014   0.0021            
 IRAC 4.500m   0.193   0.3361      H  1 7.383m  -2.118   0.0016      Ca B  3771A  -0.278   0.1135      Pho+  3889A  -0.005   0.2127            
 IRAC 5.800m   0.112   0.2784      H  1 9.115m  -2.162   0.0015      Ca B  3750A  -0.358   0.0945      database lines..............            
 IRAC 8.000m   0.328   0.4586      H  1 9.115m  -1.720   0.0041      Ca B  3734A  -0.441   0.0781      level 1 lines...............            
 SPR1 250.0m   0.162   0.3126      H  1 9.115m  -1.588   0.0056      Ca B  3722A  -0.525   0.0643      C  1  1656A  -0.756   0.0378            
 SPR2 350.0m  -0.269   0.1159      H  1 9.115m  -1.597   0.0054      Ca B  3712A  -0.607   0.0532      REC   1656A  -0.904   0.0268            
 SPR3 500.0m  -0.646   0.0487      H  1 9.115m  -1.707   0.0042      Ca B  3704A  -0.688   0.0442      C Ic  9850A  -2.009   0.0021            
 PAC1 70.00m   0.870   1.5947      H  1 9.115m  -1.900   0.0027      Ca B  3697A  -0.766   0.0369      TOTL  9850A  -2.009   0.0021            
 PAC2 100.0m   0.981   2.0619      H  1 9.115m  -2.174   0.0014      Ca B  3692A  -0.840   0.0311      C  1  8727A  -0.578   0.0569            
 PAC3 160.0m   0.838   1.4831      H  1 11.03m  -1.044   0.0194      Ca B  3687A  -0.911   0.0264      TOTL  2326A  -1.096   0.0173            
 PAH  3.300m  -0.599   0.0542      H  1 13.13m  -1.156   0.0150      Ca B  3683A  -0.979   0.0226      C  2  2325A  -1.869   0.0029            
 PAHC 3.230m  -0.959   0.0237      H  1 15.40m  -1.260   0.0118      Ca B  3679A  -1.044   0.0194      C  2  2329A  -1.851   0.0030            
 PAHC 3.370m  -1.043   0.0195      H  1 17.87m  -1.355   0.0095      Ca B  3676A  -1.106   0.0169      C  2  2328A  -2.071   0.0018            
 PAH  6.200m  -0.353   0.0955      H  1 20.51m  -1.444   0.0077      Ca B  3674A  -1.165   0.0147      C  2  2327A  -1.367   0.0092            
 PAHC 5.650m  -0.353   0.0955      H  1 23.33m  -1.528   0.0064      Ca B  3671A  -1.222   0.0129      C  2  1335A  -1.471   0.0073            
 PAH  7.900m  -0.077   0.1804      H  1 26.34m  -1.606   0.0053      Ca B 1.875m   0.183   0.3280      N  1 953.9A  -1.529   0.0064            
 PAHC 6.900m  -0.117   0.1646      H  1 29.53m  -1.680   0.0045      Ca B 1.282m  -0.072   0.1824      N  1 954.1A  -2.102   0.0017            
 PAH  11.30m  -0.596   0.0546      H  1 32.91m  -1.750   0.0038      Ca B 1.094m  -0.271   0.1154      N  1  1200A  -1.421   0.0082            
 PAHC 10.90m  -0.623   0.0513      H  1 36.46m  -1.817   0.0033      Ca B 1.005m  -0.423   0.0813      TOTL 1.040m  -2.105   0.0017            
 PAH  11.80m  -0.397   0.0863      H  1 40.20m  -1.880   0.0028      Ca B  9546A  -0.541   0.0620      O  1  6300A  -0.959   0.0236            
 PAHC 12.65m  -0.354   0.0952      H  1 44.12m  -1.940   0.0025      Ca B  9229A  -0.636   0.0498      O  1  6363A  -1.456   0.0075            
 PAH  13.30m  -0.355   0.0952      H  1 48.22m  -1.998   0.0022      Ca B  9015A  -0.716   0.0414      O  1  5577A  -1.622   0.0051            
 PAHC 14.10m  -0.360   0.0940      H  1 52.50m  -2.053   0.0019      Ca B  8863A  -0.793   0.0347      Na 1  5892A   0.437   0.5888            
 Bcon  3640A   3.073 254.6134      H  1 56.97m  -0.867   0.0293      Ca B  8750A  -0.872   0.0289      Mg 1  4561A  -1.548   0.0061            
 Pcon  5000A   2.100  27.0808      He 1 504.3A  -0.474   0.0722      Ca B  8665A  -0.955   0.0239      Mg 1  2853A  -1.042   0.0195            
 HFFc     0    0.773   1.2765      He 1  2600A  -1.501   0.0068      Ca B  8598A  -1.039   0.0197      TOTL  2798A   1.250   3.8290            
 H FF     0    0.366   0.5006      He 1  3121A  -2.012   0.0021      Ca B  8545A  -1.121   0.0163      Mg 2  2796A   1.070   2.5323            
 HeFF     0   -1.649   0.0048      He 1  3421A  -1.941   0.0025      Ca B  8502A  -1.202   0.0135      Mg 2  2803A   0.780   1.2967            
 MeFB     0   -0.916   0.0261      He 1  3421A  -1.464   0.0074      Ca B  8467A  -1.279   0.0113      totl  2665A  -0.525   0.0643            
 MeFF     0   -1.461   0.0074      He 1  3421A  -1.242   0.0123      Ca B  8438A  -1.354   0.0095      Al 2  2670A  -0.525   0.0643            
 ToFF     0    0.377   0.5128      He 1  3679A  -1.657   0.0047      Ca B  8413A  -1.425   0.0081      Si 1  2518A  -2.249   0.0012            
 nFnu 122.4m  -1.007   0.0212      He 1  7843A  -1.762   0.0037      Ca B  8392A  -1.493   0.0069      TOTL  2335A  -0.574   0.0574            
 nInu 122.4m   1.390   5.2855      He 1  8188A  -1.905   0.0027      Ca B  8374A  -1.558   0.0060      Si 2  2334A  -1.495   0.0069            
 nFnu 60.83m  -0.729   0.0402      He 1 1.409m  -2.296   0.0011      Ca B  8359A  -1.620   0.0052      Si 2  2350A  -1.607   0.0053            
 nInu 60.83m   1.343   4.7391      He 1 1.456m  -2.300   0.0011      Ca B  8346A  -1.679   0.0045      Si 2  2344A  -1.106   0.0169            
 nFnu 41.22m  -0.554   0.0601      C  1  1101A  -0.739   0.0392      Ca B  8334A  -1.736   0.0040      Si 2  2336A  -0.884   0.0281            
 nInu 41.22m   1.230   3.6591      Al 1  2071A  -1.773   0.0036      Ca B 4.051m  -0.466   0.0735      Si 2  1814A  -1.534   0.0063            
 nFnu 30.87m  -0.431   0.0799      Si 1  1521A  -0.777   0.0360      Ca B 2.625m  -0.647   0.0485      Si 2  1531A  -1.749   0.0038            
 nInu 30.87m   1.128   2.8905      P  1  1182A  -1.810   0.0033      Ca B 2.166m  -0.795   0.0345      Si 2  1308A  -1.698   0.0043            
 nFnu 24.78m  -0.336   0.0994      S  1  1197A  -0.834   0.0316      Ca B 1.945m  -0.912   0.0264      Si 2  1263A  -1.431   0.0080            
 nInu 24.78m   1.049   2.4086      Cl 1 956.0A  -1.711   0.0042      Ca B 1.817m  -1.006   0.0212      S 1R  1807A  -1.862   0.0030            
 nFnu 24.30m  -0.328   0.1012      Fe 1  1569A  -1.757   0.0038      Ca B 1.736m  -1.086   0.0177      S  2  4074A  -1.724   0.0041            
 nInu 24.30m   1.042   2.3690      grains......................      Ca B 1.681m  -1.162   0.0148      S  2 1.033m  -1.918   0.0026            
 nFnu 22.83m  -0.300   0.1079      H-like iso-sequence.........      Ca B 1.641m  -1.241   0.0124      S II  4070A  -1.805   0.0034            
 nInu 22.83m   1.020   2.2540      Hlin 912.0A  -0.307   0.1061      Ca B 1.611m  -1.323   0.0102      S II 1.032m  -2.296   0.0011            
 nFnu 21.42m  -0.274   0.1147      Cool  1216A  -2.207   0.0013      Ca B 1.588m  -1.407   0.0084      S  2  1256A  -2.087   0.0018            
 nInu 21.42m   0.997   2.1357      Hrst 960.0A  -1.074   0.0182      Ca B 1.570m  -1.489   0.0070      K  1  7676A  -0.442   0.0779            
 nFnu 21.12m  -0.267   0.1163      Crst  4861A  -1.362   0.0094      Ca B 1.556m  -1.570   0.0058      Ca 1  4228A   0.858   1.5534            
 nInu 21.12m   0.991   2.1093      Hrst     0   -0.492   0.0693      Ca B 1.544m  -1.647   0.0049      Ca 2  3933A   1.055   2.4436            
 nFnu 19.62m  -0.235   0.1252      3bHt     0   -1.032   0.0200      Ca B 1.534m  -1.721   0.0041      Ca 2  8579A  -0.057   0.1887            
 nInu 19.62m   0.965   1.9877      Ca B  1216A   2.134  29.2944      Ca B 1.526m  -1.792   0.0035      Ca 2  7306A  -0.523   0.0646            
 nFnu 17.65m  -0.186   0.1402      Q(H)  4861A   0.823   1.4330      Ca B 1.519m  -1.860   0.0030      Ca2K  3934A   0.867   1.5849            
 nInu 17.65m   0.922   1.7987      Q(H)  1216A   2.213  35.1796      Ca B 1.513m  -1.925   0.0026      Ca2H  3969A   0.601   0.8587            
 nFnu 17.37m  -0.180   0.1422      CaBo  4861A   0.623   0.9037      Ca B 1.508m  -1.987   0.0022      Ca2X  8498A  -1.188   0.0140            
 nInu 17.37m   0.916   1.7744      Ca A  1216A   2.042  23.7104      Ca B 1.504m  -2.046   0.0019      Ca2Y  8542A  -0.240   0.1240            
 nFnu 15.69m  -0.140   0.1559      Ca A  1026A   1.432   5.8177      Ca B 1.500m  -2.103   0.0017      Ca2Z  8662A  -0.628   0.0507            
 nInu 15.69m   0.877   1.6203      Ca A 972.5A   1.134   2.9317      Ca B 7.458m  -0.968   0.0232      CaF1  7291A  -0.742   0.0390            
 nFnu 14.60m  -0.107   0.1684      Ca A 949.7A   0.965   1.9871      Ca B 4.653m  -1.094   0.0173      CaF2  7324A  -0.925   0.0256            
 nInu 14.60m   0.849   1.5205      Ca A 937.8A   0.844   1.5029      Ca B 3.740m  -1.205   0.0134      Fe2c     0    1.110   2.7723            
 nFnu 12.43m  -0.035   0.1987      Ca A 930.8A   0.745   1.1963      Ca B 3.296m  -1.297   0.0109      Fe 2  4300A  -0.449   0.0766            
 nInu 12.43m   0.784   1.3089      Ca A 926.2A   0.667   0.9996      Ca B 3.038m  -1.375   0.0091      Fe 2  2400A   1.113   2.7914            
 nFnu 11.40m  -0.002   0.2143      Ca A 923.2A   0.606   0.8686      Ca B 2.872m  -1.451   0.0076      Fe 2  6200A  -0.958   0.0237            
 nInu 11.40m   0.750   1.2117      Ca A 921.0A   0.557   0.7761      Ca B 2.758m  -1.529   0.0064      Fe 2 1.150m  -1.610   0.0053            
 nFnu 10.46m   0.039   0.2358      Ca A 919.4A   0.509   0.6956      Ca B 2.674m  -1.611   0.0053      Fe 2 1.257m  -1.930   0.0025            
 nInu 10.46m   0.717   1.1216      Ca A 918.1A   0.453   0.6104      Ca B 2.612m  -1.694   0.0044      Fe 2 17.93m  -2.284   0.0011            
 nFnu 9.480m   0.077   0.2569      Ca A 917.2A   0.386   0.5237      Ca B 2.564m  -1.776   0.0036      Fe 2 1.644m  -2.003   0.0021            
 nInu 9.480m   0.677   1.0244      Ca A 916.4A   0.313   0.4428      Ca B 2.525m  -1.857   0.0030      Fe 2  8617A  -1.838   0.0031            
 nFnu 9.325m   0.082   0.2602      Ca A 915.8A   0.238   0.3723      Ca B 2.495m  -1.934   0.0025      Fe 2  8892A  -2.252   0.0012            
 nInu 9.325m   0.671   1.0105      Ca A 915.3A   0.162   0.3129      Ca B 2.469m  -2.008   0.0021      Fe2b  7000A  -2.114   0.0017            
 nFnu 8.210m   0.141   0.2979      Ca A 914.9A   0.088   0.2637      Ca B 2.448m  -2.079   0.0018      Fe2b 10000A  -1.051   0.0191            
 nInu 8.210m   0.620   0.8972      Ca A 914.6A   0.016   0.2234      Ca B 2.431m  -2.147   0.0015      Fe2b  7445A  -2.114   0.0017            
 nFnu 7.580m   0.169   0.3177      Ca A 914.3A  -0.053   0.1904      Ca B 2.416m  -2.211   0.0013      Fe2b  8625A  -1.500   0.0068            
 nInu 7.580m   0.588   0.8336      Ca A 914.0A  -0.120   0.1632      Ca B 2.403m  -2.273   0.0011      Fe2b 1.889m  -2.110   0.0017            
 nFnu 7.050m   0.209   0.3486      Ca A 913.8A  -0.184   0.1409      Ca B 2.392m  -2.332   0.0010      Fe 2  1786A  -1.432   0.0080            
 nInu 7.050m   0.560   0.7815      Ca A 913.6A  -0.246   0.1223      Ca B 12.37m  -1.368   0.0092      recombination...............            
 nFnu 4.114m   0.423   0.5702      Ca A 913.5A  -0.305   0.1068      Ca B 7.500m  -1.454   0.0076      level2 lines................            
 nInu 4.114m   0.456   0.6146      Ca A 913.3A  -0.361   0.0938      Ca B 5.907m  -1.539   0.0062      C  1 943.9A  -1.139   0.0156            
 nFnu 2.324m   0.552   0.7682      Ca A  6563A   0.826   1.4416      Ca B 5.127m  -1.615   0.0052      C  1  1248A  -1.392   0.0087            
 nInu 2.324m   0.681   1.0330      Ca A  4861A   0.436   0.5881      Ca B 4.671m  -1.689   0.0044      C  1 841.0A  -2.131   0.0016            
 nFnu 1.643m   0.630   0.9193      Ca A  4340A   0.184   0.3292      Ca B 4.375m  -1.766   0.0037      C  1  1561A  -1.593   0.0055            
 nInu 1.643m   0.914   1.7651      Ca A  4102A   0.016   0.2232      Ca B 4.170m  -1.847   0.0031      C  1  1315A  -1.455   0.0075            
 nFnu 1.480m   0.702   1.0842      Ca A  3970A  -0.104   0.1695      Ca B 4.020m  -1.930   0.0025      C  1  1166A  -1.495   0.0069            
 nInu 1.480m   0.958   1.9540      Ca A  3889A  -0.190   0.1389      Ca B 3.906m  -2.012   0.0021      C  1  1233A  -1.615   0.0052            
 nFnu 1.436m   0.938   1.8678      Ca A  3835A  -0.255   0.1197      Ca B 3.818m  -2.092   0.0017      C  1  1132A  -1.513   0.0066            
 nInu 1.436m   1.085   2.6162      Ca A  3798A  -0.305   0.1066      Ca B 3.748m  -2.169   0.0015      C  1  1251A  -1.521   0.0065            
 nFnu 1.119m   1.087   2.6287      Ca A  3771A  -0.353   0.0954      Ca B 3.692m  -2.243   0.0012      C  1  1112A  -1.567   0.0058            
 nInu 1.119m   1.234   3.6891      Ca A  3750A  -0.410   0.0837      Ca B 3.645m  -2.314   0.0010      C  1  1115A  -1.584   0.0056            
 nFnu  8330A   1.147   3.0234      Ca A  3734A  -0.477   0.0718      Ca B 19.06m  -1.694   0.0044      C  1  1162A  -1.617   0.0052            
 nInu  8330A   1.419   5.6467      Ca A  3722A  -0.550   0.0607      Ca B 11.31m  -1.753   0.0038      C  1  1167A  -1.641   0.0049            
 nFnu  8079A   1.432   5.8219      Ca A  3712A  -0.625   0.0510      Ca B 8.758m  -1.822   0.0032      C  1  1104A  -1.559   0.0059            
 nInu  8079A   1.574   8.0776      Ca A  3704A  -0.700   0.0429      Ca B 7.506m  -1.893   0.0028      C  1  1109A  -1.588   0.0056            
 nFnu  6210A   1.231   3.6638      Ca A  3697A  -0.775   0.0362      Ca B 6.770m  -1.969   0.0023      C  1  1130A  -1.707   0.0042            
 nInu  6210A   1.751  12.1255      Ca A  3692A  -0.847   0.0306      Ca B 6.290m  -2.049   0.0019      C  1  1098A  -1.628   0.0051            
 nFnu  4885A   0.936   1.8571      Ca A  3687A  -0.916   0.0261      Ca B 5.955m  -2.131   0.0016      C  1  1132A  -1.651   0.0048            
 nInu  4885A   1.958  19.5508      Ca A  3683A  -0.983   0.0224      Ca B 5.710m  -2.212   0.0013      C  1  1106A  -1.693   0.0044            
 nFnu  3704A   0.428   0.5765      Ca A  3679A  -1.047   0.0193      Ca B 5.524m  -2.292   0.0011      C  1  1093A  -1.775   0.0036            
 nInu  3704A   2.192  33.4691      Ca A  3676A  -1.108   0.0168      Ca B 27.80m  -1.968   0.0023      C  1  1110A  -1.851   0.0030            
 nFnu  3588A   1.954  19.3744      Ca A  3674A  -1.167   0.0147      Ca B 16.20m  -2.010   0.0021      C  1  1114A  -1.866   0.0029            
 nInu  3588A   2.356  48.8533      Ca A  3671A  -1.223   0.0129      Ca B 12.38m  -2.074   0.0018      C  1  1115A  -1.872   0.0029            
 nFnu  2430A   0.583   0.8245      Ca A 1.875m  -0.014   0.2087      Ca B 10.50m  -2.146   0.0015      C  1  1090A  -1.866   0.0029            
 nInu  2430A   2.601  85.9847      Ca A 1.282m  -0.285   0.1116      Ca B 9.389m  -2.225   0.0013      C  1  1104A  -1.925   0.0026            
 nFnu  2392A   0.518   0.7101      Ca A 1.094m  -0.478   0.0716      Ca B 8.662m  -2.306   0.0011      C  1  1104A  -1.931   0.0025            
 nInu  2392A   2.612  88.0989      Ca A 1.005m  -0.610   0.0528      Ca B 38.86m  -2.205   0.0013      C  1  1098A  -2.061   0.0019            
 nFnu  2071A  -0.010   0.2105      Ca A  9546A  -0.702   0.0428      Ca B 22.33m  -2.242   0.0012      C  1  1097A  -2.074   0.0018            
 nInu  2071A   2.728 115.1111      Ca A  9229A  -0.768   0.0367      Ca B 16.88m  -2.307   0.0011      C  1  1093A  -2.253   0.0012            
 nFnu  2053A  -0.055   0.1899      Ca A  9015A  -0.819   0.0327      H  1     0   -1.273   0.0115      C  2 892.8A  -2.021   0.0020            
 nInu  2053A   2.729 115.3437      Ca A  8863A  -0.868   0.0292      H  1  1216A   2.178  32.4602      C  2  1020A  -1.398   0.0086            
 nFnu  1793A  -0.529   0.0637      Ca A  8750A  -0.924   0.0256      H  1  1026A  -1.043   0.0195      N  1 942.3A  -1.419   0.0082            
 nInu  1793A   2.833 146.4333      Ca A  8665A  -0.991   0.0220      H  1 972.5A  -1.319   0.0103      N  1 952.1A  -1.532   0.0063            
 nFnu  1585A  -0.536   0.0627      Ca A  8598A  -1.064   0.0186      H  1 949.7A  -1.391   0.0087      N  1  1131A  -1.683   0.0045            
 nInu  1585A   2.858 155.3315      Ca A  8545A  -1.139   0.0156      H  1 937.8A  -1.404   0.0085      O  1 867.3A  -2.018   0.0021            
 nFnu  1458A   0.216   0.3541      Ca A  8502A  -1.214   0.0131      H  1 930.8A  -1.411   0.0084      O  1 976.8A  -1.422   0.0081            
 nInu  1458A   2.959 196.0940      Ca A  8467A  -1.288   0.0111      H  1 926.2A  -1.384   0.0089      O  1 969.0A  -1.453   0.0076            
 nFnu  1357A  -0.195   0.1373      Ca A  8438A  -1.360   0.0094      H  1 923.2A  -1.374   0.0091      O  1 946.4A  -1.447   0.0077            
 nInu  1357A   3.028 229.4021      Ca A  8413A  -1.430   0.0080      H  1 921.0A  -1.382   0.0089      O  1 934.5A  -1.478   0.0072            
 nFnu  1297A  -0.356   0.0949      Ca A  8392A  -1.496   0.0069      H  1  6563A   1.091   2.6553      O  1 973.6A  -1.631   0.0050            
 nInu  1297A   3.035 233.5805      Ca A  8374A  -1.560   0.0059      H  1  4861A   0.667   1.0000      O  1 927.5A  -1.672   0.0046            
 nFnu  1263A  -0.383   0.0890      Ca A  8359A  -1.622   0.0051      H  1  4340A   0.405   0.5475      O  1 948.5A  -1.709   0.0042            
 nInu  1263A   3.023 227.0385      Ca A  8346A  -1.680   0.0045      H  1  4102A   0.224   0.3609      O  1 923.0A  -1.865   0.0029            
 nFnu  1218A   1.623   9.0438      Ca A  8334A  -1.737   0.0039      H  1  3970A   0.111   0.2783      O  1 919.9A  -1.965   0.0023            
 nInu  1218A   3.037 234.1790      Ca A 4.051m  -0.651   0.0481      H  1  3889A   0.023   0.2272      O  1 935.7A  -1.844   0.0031            
 nFnu  1196A   0.564   0.7886      Ca A 2.625m  -0.839   0.0312      H  1  3835A  -0.078   0.1801      O  1 917.7A  -2.067   0.0018            
 nInu  1196A   3.042 237.3877      Ca A 2.166m  -0.975   0.0228      H  1  3798A  -0.192   0.1384      O  1 918.7A  -2.158   0.0015            
 nFnu  1175A   0.422   0.5692      Ca A 1.945m  -1.069   0.0184      H  1 1.875m   0.126   0.2876      O  1 928.2A  -2.124   0.0016            
 nInu  1175A   3.019 224.9683      Ca A 1.817m  -1.137   0.0157      H  1 1.282m  -0.122   0.1626      O  1 917.5A  -2.253   0.0012            
 nFnu  1144A   0.186   0.3305      Ca A 1.736m  -1.188   0.0140      H  1 1.094m  -0.298   0.1084      Ne 1 688.6A  -2.305   0.0011            
 nInu  1144A   3.120 283.9951      Ca A 1.681m  -1.236   0.0125      H  1 1.005m  -0.408   0.0842      Al 2  1671A  -1.742   0.0039            
 nFnu  1113A   0.011   0.2209      Ca A 1.641m  -1.293   0.0110      H  1  9546A  -0.494   0.0690      Si 1  1261A  -2.313   0.0010            
 nInu  1113A   3.036 233.9233      Ca A 1.611m  -1.359   0.0094      H  1  9229A  -0.594   0.0548      Si 2  1180A  -1.400   0.0086            
 nFnu  1103A   0.719   1.1285      Ca A 1.588m  -1.432   0.0080      H  1  9015A  -0.708   0.0422      Si 2 993.4A  -1.686   0.0044            
 nInu  1103A   3.128 289.3111      Ca A 1.570m  -1.507   0.0067      H  1 4.051m  -0.531   0.0634      Si 2  1024A  -1.981   0.0022            
 nFnu  1074A   0.480   0.6506      Ca A 1.556m  -1.582   0.0056      H  1 2.625m  -0.681   0.0448      S  1  1356A  -2.143   0.0015            
 nInu  1074A   3.113 279.5571      Ca A 1.544m  -1.656   0.0048      H  1 2.166m  -0.784   0.0354      S  1  1227A  -2.332   0.0010            
 nFnu  1064A   0.388   0.5255      Ca A 1.534m  -1.728   0.0040      H  1 1.945m  -0.867   0.0292      S  2 750.3A  -2.209   0.0013            
 nInu  1064A   3.139 296.6734      Ca A 1.526m  -1.797   0.0034      H  1 1.817m  -0.965   0.0233      Ar 1  1096A  -1.837   0.0031            
 nFnu  1036A   0.169   0.3178      Ca A 1.519m  -1.864   0.0029      H  1 1.736m  -1.078   0.0180      Ar 1 922.5A  -2.199   0.0014            
 nInu  1036A   3.098 269.9425      Ca A 1.513m  -1.928   0.0025      H  1 7.458m  -1.011   0.0210      Ar 1 918.5A  -2.229   0.0013            
 nFnu  1000A  -0.082   0.1782      Ca A 1.508m  -1.989   0.0022      H  1 4.653m  -1.087   0.0176      P  2 963.8A  -2.101   0.0017            
 nInu  1000A   3.057 245.4414      Ca A 1.504m  -2.048   0.0019      H  1 3.740m  -1.162   0.0148      Ti 2  3366A  -0.547   0.0611            
 nFnu 925.1A  -0.151   0.1521      Ca A 1.500m  -2.104   0.0017      H  1 3.296m  -1.257   0.0119      Ti 2  3238A  -0.856   0.0300            
 nInu 925.1A   3.076 256.3364      Ca A 7.458m  -1.150   0.0153      H  1 3.038m  -1.368   0.0092      Cr 1  4271A  -0.927   0.0255            
 nFnu 897.8A   2.177  32.3707      Ca A 4.653m  -1.269   0.0116      H  1 12.37m  -1.365   0.0093      Cr 1  3591A  -1.003   0.0214            
 nFnu 760.0A   0.070   0.2532      Ca A 3.740m  -1.360   0.0094      H  1 7.500m  -1.414   0.0083      Mn 2  2590A  -0.796   0.0344            
 nInu 760.0A  -1.968   0.0023      Ca A 3.296m  -1.426   0.0081      H  1 5.907m  -1.501   0.0068      Ni 2  1744A  -2.303   0.0011            
 nFnu 701.5A  -0.966   0.0233      Ca A 3.038m  -1.476   0.0072      H  1 5.127m  -1.608   0.0053      Ni 2  1376A  -2.275   0.0011            
 nInu 701.5A  -1.172   0.0145      Ca A 2.872m  -1.524   0.0064      H  1 19.06m  -1.655   0.0048      Ni 2  1324A  -2.234   0.0013            
 nInu 608.2A   0.144   0.2998      Ca A 2.758m  -1.581   0.0057      H  1 11.31m  -1.716   0.0041      hyperfine structure.........            
 nFnu 575.1A  -1.616   0.0052      Ca A 2.674m  -1.647   0.0049      H  1 8.758m  -1.816   0.0033      inner shell.................            
 nInu 575.1A   0.499   0.6790      Ca A 2.612m  -1.719   0.0041      H  1 27.80m  -1.932   0.0025      molecules...................            
 nInu 511.9A   1.041   2.3651      Ca A 2.564m  -1.794   0.0035      H  1 16.20m  -2.005   0.0021      H2vH     0   -0.437   0.0786            
 nFnu 496.9A   0.861   1.5624      Ca A 2.525m  -1.869   0.0029      H  1 38.86m  -2.200   0.0014      H-FB     0    0.689   1.0511            
 nInu 496.9A   0.245   0.3783      Ca A 2.495m  -1.943   0.0025      He-like iso-sequence........      H-FF     0    0.550   0.7637            
 nInu 399.2A   0.840   1.4895      Ca A 2.469m  -2.014   0.0021      Clin 506.0A  -0.698   0.0431      H-CT  6563A   0.938   1.8679            
 RRC.........................      Ca A 2.448m  -2.084   0.0018      Ca B  2945A  -1.955   0.0024      H2+      0    0.414   0.5581            
 H  1 911.8A   0.968   1.9997      Ca A 2.431m  -2.150   0.0015      Ca B  3188A  -1.598   0.0054      HEH+     0   -1.469   0.0073            

                                                    Emergent line intensities
 general properties..........      nFnu 701.5A  -0.966   0.0233      Ca B  3697A  -0.766   0.0369      He 1 512.1A  -2.081   0.0018            
 TOTL  4861A   0.667   1.0000      nInu 701.5A  -1.172   0.0145      Ca B  3692A  -0.840   0.0311      TOTL 1.083m  -0.106   0.1686            
 TOTL  1216A   2.178  32.4547      nInu 608.2A   0.144   0.2998      Ca B  3687A  -0.911   0.0264      He 1 1.083m  -0.106   0.1686            
 continua....................      nFnu 575.1A  -1.616   0.0052      Ca B  3683A  -0.979   0.0226      He 1 1.083m  -1.061   0.0187            
 Bac   3646A   1.983  20.7001      nInu 575.1A   0.499   0.6791      Ca B  3679A  -1.044   0.0194      He 1 1.083m  -0.583   0.0562            
 nFnu  3645A   1.995  21.2720      nInu 511.9A   1.041   2.3652      Ca B  3676A  -1.106   0.0169      He 1 1.083m  -0.361   0.0937            
 nFnu  3647A   0.424   0.5719      nFnu 496.9A   0.861   1.5624      Ca B  3674A  -1.165   0.0147      He 1  3889A  -1.358   0.0094            
 cout  3646A   1.682  10.3501      nInu 496.9A   0.245   0.3783      Ca B  3671A  -1.222   0.0129      He 1  3188A  -1.788   0.0035            
 cref  3646A   1.682  10.3500      nInu 399.2A   0.840   1.4895      Ca B 1.875m   0.183   0.3280      He 1  2945A  -2.143   0.0015            
 thin  3646A   1.983  20.7002      RRC.........................      Ca B 1.282m  -0.072   0.1824      He 1 2.058m  -1.322   0.0103            
 Inci  4860A   1.957  19.4910      grains......................      Ca B 1.094m  -0.271   0.1154      He 1  5016A  -1.946   0.0024            
 Inci  1215A   3.038 235.1277      H-like iso-sequence.........      Ca B 1.005m  -0.423   0.0813      He 1  3965A  -2.288   0.0011            
 FIR  83.00m   1.564   7.8949      Hlin 912.0A  -0.307   0.1061      Ca B  9546A  -0.541   0.0620      He 1  7065A  -1.955   0.0024            
 TIR   1800m  -0.683   0.0447      Cool  1216A  -2.207   0.0013      Ca B  9229A  -0.636   0.0498      He 1  5876A  -1.181   0.0142            
 NIRa 2.850m   1.816  14.0904      Hrst 960.0A  -1.074   0.0182      Ca B  9015A  -0.716   0.0414      He 1  4471A  -1.657   0.0047            
 NIRb 3.000m   1.416   5.6140      Crst  4861A  -1.362   0.0094      Ca B  8863A  -0.793   0.0347      He 1  4026A  -1.934   0.0025            
 MIRa 15.00m   1.075   2.5602      Ca B  1216A   2.134  29.2948      Ca B  8750A  -0.872   0.0289      He 1  3820A  -2.094   0.0017            
 MIRb 22.50m   1.269   4.0014      Q(H)  4861A   0.823   1.4330      Ca B  8665A  -0.955   0.0239      He 1  6678A  -1.715   0.0041            
 NMIR 21.75m   1.816  14.0904      Q(H)  1216A   2.213  35.1801      Ca B  8598A  -1.039   0.0197      He 1  4922A  -2.188   0.0014            
 TFIR 611.2m   1.053   2.4304      Ca A  1216A   2.042  23.7020      Ca B  8545A  -1.121   0.0163      He 1 1.869m  -2.014   0.0021            
 TALL 10000A   3.150 303.9015      Ca A  1026A   1.420   5.6650      Ca B  8502A  -1.202   0.0135      Pho+  3889A  -0.005   0.2127            
 F12  12.00m   0.590   0.8380      Ca A 972.5A   1.123   2.8572      Ca B  8467A  -1.279   0.0113      database lines..............            
 F25  25.00m   0.721   1.1337      Ca A 949.7A   0.954   1.9374      Ca B  8438A  -1.354   0.0095      level 1 lines...............            
 F60  60.00m   1.166   3.1545      Ca A 937.8A   0.833   1.4656      Ca B  8413A  -1.425   0.0081      C  1  1656A  -0.756   0.0378            
 F100 100.0m   0.976   2.0386      Ca A 930.8A   0.734   1.1667      Ca B  8392A  -1.493   0.0069      REC   1656A  -0.904   0.0268            
 MIPS 24.00m   0.406   0.5480      Ca A 926.2A   0.656   0.9751      Ca B  8374A  -1.558   0.0060      C Ic  9850A  -2.009   0.0021            
 MIPS 70.00m   0.807   1.3820      Ca A 923.2A   0.595   0.8473      Ca B  8359A  -1.620   0.0052      TOTL  9850A  -2.009   0.0021            
 MIPS 160.0m   0.581   0.8205      Ca A 921.0A   0.546   0.7571      Ca B  8346A  -1.679   0.0045      C  1  8727A  -0.578   0.0569            
 IRAC 3.600m   0.168   0.3168      Ca A 919.4A   0.499   0.6786      Ca B  8334A  -1.736   0.0040      TOTL  2326A  -1.096   0.0173            
 IRAC 4.500m   0.193   0.3361      Ca A 918.1A   0.442   0.5954      Ca B 4.051m  -0.466   0.0735      C  2  2325A  -1.869   0.0029            
 IRAC 5.800m   0.112   0.2784      Ca A 917.2A   0.375   0.5109      Ca B 2.625m  -0.647   0.0485      C  2  2329A  -1.851   0.0030            
 IRAC 8.000m   0.328   0.4586      Ca A 916.4A   0.302   0.4320      Ca B 2.166m  -0.795   0.0345      C  2  2328A  -2.071   0.0018            
 SPR1 250.0m   0.162   0.3126      Ca A 915.8A   0.227   0.3632      Ca B 1.945m  -0.912   0.0264      C  2  2327A  -1.367   0.0092            
 SPR2 350.0m  -0.269   0.1159      Ca A 915.3A   0.152   0.3052      Ca B 1.817m  -1.006   0.0212      C  2  1335A  -1.471   0.0073            
 SPR3 500.0m  -0.646   0.0487      Ca A 914.9A   0.077   0.2573      Ca B 1.736m  -1.086   0.0177      N  1 953.9A  -1.538   0.0062            
 PAC1 70.00m   0.870   1.5948      Ca A 914.6A   0.005   0.2179      Ca B 1.681m  -1.162   0.0148      N  1 954.1A  -2.112   0.0017            
 PAC2 100.0m   0.981   2.0620      Ca A 914.3A  -0.064   0.1857      Ca B 1.641m  -1.241   0.0124      N  1  1200A  -1.421   0.0082            
 PAC3 160.0m   0.838   1.4832      Ca A 914.0A  -0.131   0.1593      Ca B 1.611m  -1.323   0.0102      TOTL 1.040m  -2.105   0.0017            
 PAH  3.300m  -0.599   0.0542      Ca A 913.8A  -0.195   0.1374      Ca B 1.588m  -1.407   0.0084      O  1  6300A  -0.959   0.0236            
 PAHC 3.230m  -0.959   0.0237      Ca A 913.6A  -0.256   0.1193      Ca B 1.570m  -1.489   0.0070      O  1  6363A  -1.456   0.0075            
 PAHC 3.370m  -1.043   0.0195      Ca A 913.5A  -0.315   0.1042      Ca B 1.556m  -1.570   0.0058      O  1  5577A  -1.622   0.0051            
 PAH  6.200m  -0.353   0.0956      Ca A 913.3A  -0.372   0.0915      Ca B 1.544m  -1.647   0.0049      Na 1  5892A   0.437   0.5888            
 PAHC 5.650m  -0.353   0.0955      Ca A  6563A   0.826   1.4416      Ca B 1.534m  -1.721   0.0041      Mg 1  4561A  -1.548   0.0061            
 PAH  7.900m  -0.077   0.1804      Ca A  4861A   0.436   0.5881      Ca B 1.526m  -1.792   0.0035      Mg 1  2853A  -1.042   0.0195            
 PAHC 6.900m  -0.117   0.1646      Ca A  4340A   0.184   0.3292      Ca B 1.519m  -1.860   0.0030      TOTL  2798A   1.250   3.8290            
 PAH  11.30m  -0.596   0.0546      Ca A  4102A   0.016   0.2232      Ca B 1.513m  -1.925   0.0026      Mg 2  2796A   1.070   2.5323            
 PAHC 10.90m  -0.623   0.0513      Ca A  3970A  -0.104   0.1695      Ca B 1.508m  -1.987   0.0022      Mg 2  2803A   0.780   1.2967            
 PAH  11.80m  -0.397   0.0863      Ca A  3889A  -0.190   0.1389      Ca B 1.504m  -2.046   0.0019      totl  2665A  -0.525   0.0643            
 PAHC 12.65m  -0.354   0.0952      Ca A  3835A  -0.255   0.1197      Ca B 1.500m  -2.103   0.0017      Al 2  2670A  -0.525   0.0643            
 PAH  13.30m  -0.355   0.0952      Ca A  3798A  -0.305   0.1066      Ca B 7.458m  -0.968   0.0232      Si 1  2518A  -2.249   0.0012            
 PAHC 14.10m  -0.360   0.0940      Ca A  3771A  -0.353   0.0954      Ca B 4.653m  -1.094   0.0173      TOTL  2335A  -0.574   0.0574            
 Bcon  3640A   3.073 254.5882      Ca A  3750A  -0.410   0.0837      Ca B 3.740m  -1.205   0.0134      Si 2  2334A  -1.495   0.0069            
 Pcon  5000A   2.100  27.0808      Ca A  3734A  -0.477   0.0718      Ca B 3.296m  -1.297   0.0109      Si 2  2350A  -1.607   0.0053            
 nFnu 122.4m  -1.007   0.0212      Ca A  3722A  -0.550   0.0607      Ca B 3.038m  -1.375   0.0091      Si 2  2344A  -1.106   0.0169            
 nInu 122.4m   1.390   5.2855      Ca A  3712A  -0.625   0.0510      Ca B 2.872m  -1.451   0.0076      Si 2  2336A  -0.884   0.0281            
 nFnu 60.83m  -0.729   0.0402      Ca A  3704A  -0.700   0.0429      Ca B 2.758m  -1.529   0.0064      Si 2  1814A  -1.534   0.0063            
 nInu 60.83m   1.343   4.7392      Ca A  3697A  -0.775   0.0362      Ca B 2.674m  -1.611   0.0053      Si 2  1531A  -1.749   0.0038            
 nFnu 41.22m  -0.554   0.0601      Ca A  3692A  -0.847   0.0306      Ca B 2.612m  -1.694   0.0044      Si 2  1308A  -1.698   0.0043            
 nInu 41.22m   1.230   3.6591      Ca A  3687A  -0.916   0.0261      Ca B 2.564m  -1.776   0.0036      Si 2  1263A  -1.431   0.0080            
 nFnu 30.87m  -0.431   0.0799      Ca A  3683A  -0.983   0.0224      Ca B 2.525m  -1.857   0.0030      S 1R  1807A  -1.862   0.0030            
 nInu 30.87m   1.128   2.8906      Ca A  3679A  -1.047   0.0193      Ca B 2.495m  -1.934   0.0025      S  2  4074A  -1.724   0.0041            
 nFnu 24.78m  -0.336   0.0994      Ca A  3676A  -1.108   0.0168      Ca B 2.469m  -2.008   0.0021      S  2 1.033m  -1.918   0.0026            
 nInu 24.78m   1.049   2.4086      Ca A  3674A  -1.167   0.0147      Ca B 2.448m  -2.079   0.0018      S II  4070A  -1.805   0.0034            
 nFnu 24.30m  -0.328   0.1012      Ca A  3671A  -1.223   0.0129      Ca B 2.431m  -2.147   0.0015      S II 1.032m  -2.296   0.0011            
 nInu 24.30m   1.042   2.3690      Ca A 1.875m  -0.014   0.2087      Ca B 2.416m  -2.211   0.0013      S  2  1256A  -2.088   0.0018            
 nFnu 22.83m  -0.300   0.1079      Ca A 1.282m  -0.285   0.1116      Ca B 2.403m  -2.273   0.0011      K  1  7676A  -0.442   0.0779            
 nInu 22.83m   1.020   2.2540      Ca A 1.094m  -0.478   0.0716      Ca B 2.392m  -2.332   0.0010      Ca 1  4228A   0.858   1.5534            
 nFnu 21.42m  -0.274   0.1147      Ca A 1.005m  -0.610   0.0528      Ca B 12.37m  -1.368   0.0092      Ca 2  3933A   1.055   2.4437            
 nInu 21.42m   0.997   2.1358      Ca A  9546A  -0.702   0.0428      Ca B 7.500m  -1.454   0.0076      Ca 2  8579A  -0.057   0.1887            
 nFnu 21.12m  -0.267   0.1163      Ca A  9229A  -0.768   0.0367      Ca B 5.907m  -1.539   0.0062      Ca 2  7306A  -0.523   0.0646            
 nInu 21.12m   0.991   2.1094      Ca A  9015A  -0.819   0.0327      Ca B 5.127m  -1.615   0.0052      Ca2K  3934A   0.867   1.5849            
 nFnu 19.62m  -0.235   0.1252      Ca A  8863A  -0.868   0.0292      Ca B 4.671m  -1.689   0.0044      Ca2H  3969A   0.601   0.8587            
 nInu 19.62m   0.965   1.9877      Ca A  8750A  -0.924   0.0256      Ca B 4.375m  -1.766   0.0037      Ca2X  8498A  -1.188   0.0140            
 nFnu 17.65m  -0.186   0.1402      Ca A  8665A  -0.991   0.0220      Ca B 4.170m  -1.847   0.0031      Ca2Y  8542A  -0.240   0.1240            
 nInu 17.65m   0.922   1.7987      Ca A  8598A  -1.064   0.0186      Ca B 4.020m  -1.930   0.0025      Ca2Z  8662A  -0.628   0.0507            
 nFnu 17.37m  -0.180   0.1422      Ca A  8545A  -1.139   0.0156      Ca B 3.906m  -2.012   0.0021      CaF1  7291A  -0.742   0.0390            
 nInu 17.37m   0.916   1.7744      Ca A  8502A  -1.214   0.0131      Ca B 3.818m  -2.092   0.0017      CaF2  7324A  -0.925   0.0256            
 nFnu 15.69m  -0.140   0.1559      Ca A  8467A  -1.288   0.0111      Ca B 3.748m  -2.169   0.0015      Fe 2  4300A  -0.449   0.0766            
 nInu 15.69m   0.877   1.6203      Ca A  8438A  -1.360   0.0094      Ca B 3.692m  -2.243   0.0012      Fe 2  2400A   1.113   2.7915            
 nFnu 14.60m  -0.107   0.1684      Ca A  8413A  -1.430   0.0080      Ca B 3.645m  -2.314   0.0010      Fe 2  6200A  -0.958   0.0237            
 nInu 14.60m   0.849   1.5205      Ca A  8392A  -1.496   0.0069      Ca B 19.06m  -1.694   0.0044      Fe 2 1.150m  -1.610   0.0053            
 nFnu 12.43m  -0.035   0.1987      Ca A  8374A  -1.560   0.0059      Ca B 11.31m  -1.753   0.0038      Fe 2 1.257m  -1.930   0.0025            
 nInu 12.43m   0.784   1.3089      Ca A  8359A  -1.622   0.0051      Ca B 8.758m  -1.822   0.0032      Fe 2 17.93m  -2.284   0.0011            
 nFnu 11.40m  -0.002   0.2143      Ca A  8346A  -1.680   0.0045      Ca B 7.506m  -1.893   0.0028      Fe 2 1.644m  -2.003   0.0021            
 nInu 11.40m   0.750   1.2117      Ca A  8334A  -1.737   0.0039      Ca B 6.770m  -1.969   0.0023      Fe 2  8617A  -1.838   0.0031            
 nFnu 10.46m   0.039   0.2358      Ca A 4.051m  -0.651   0.0481      Ca B 6.290m  -2.049   0.0019      Fe 2  8892A  -2.252   0.0012            
 nInu 10.46m   0.717   1.1217      Ca A 2.625m  -0.839   0.0312      Ca B 5.955m  -2.131   0.0016      Fe2b  7000A  -2.114   0.0017            
 nFnu 9.480m   0.077   0.2569      Ca A 2.166m  -0.975   0.0228      Ca B 5.710m  -2.212   0.0013      Fe2b 10000A  -1.051   0.0191            
 nInu 9.480m   0.677   1.0244      Ca A 1.945m  -1.069   0.0184      Ca B 5.524m  -2.292   0.0011      Fe2b  7445A  -2.114   0.0017            
 nFnu 9.325m   0.082   0.2602      Ca A 1.817m  -1.137   0.0157      Ca B 27.80m  -1.968   0.0023      Fe2b  8625A  -1.500   0.0068            
 nInu 9.325m   0.671   1.0105      Ca A 1.736m  -1.188   0.0140      Ca B 16.20m  -2.010   0.0021      Fe2b 1.889m  -2.110   0.0017            
 nFnu 8.210m   0.141   0.2979      Ca A 1.681m  -1.236   0.0125      Ca B 12.38m  -2.074   0.0018      Fe 2  1786A  -1.432   0.0080            
 nInu 8.210m   0.620   0.8972      Ca A 1.641m  -1.293   0.0110      Ca B 10.50m  -2.146   0.0015      recombination...............            
 nFnu 7.580m   0.169   0.3177      Ca A 1.611m  -1.359   0.0094      Ca B 9.389m  -2.225   0.0013      level2 lines................            
 nInu 7.580m   0.588   0.8336      Ca A 1.588m  -1.432   0.0080      Ca B 8.662m  -2.306   0.0011      C  1 943.9A  -1.143   0.0155            
 nFnu 7.050m   0.209   0.3486      Ca A 1.570m  -1.507   0.0067      Ca B 38.86m  -2.205   0.0013      C  1  1248A  -1.392   0.0087            
 nInu 7.050m   0.560   0.7815      Ca A 1.556m  -1.582   0.0056      Ca B 22.33m  -2.242   0.0012      C  1  1561A  -1.593   0.0055            
 nFnu 4.114m   0.423   0.5702      Ca A 1.544m  -1.656   0.0048      Ca B 16.88m  -2.307   0.0011      C  1  1315A  -1.455   0.0075            
 nInu 4.114m   0.456   0.6146      Ca A 1.534m  -1.728   0.0040      H  1  1216A   2.178  32.4547      C  1  1166A  -1.495   0.0069            
 nFnu 2.324m   0.552   0.7682      Ca A 1.526m  -1.797   0.0034      H  1  1026A  -1.043   0.0195      C  1  1233A  -1.615   0.0052            
 nInu 2.324m   0.681   1.0330      Ca A 1.519m  -1.864   0.0029      H  1 972.5A  -1.319   0.0103      C  1  1132A  -1.514   0.0066            
 nFnu 1.643m   0.630   0.9193      Ca A 1.513m  -1.928   0.0025      H  1 949.7A  -1.392   0.0087      C  1  1251A  -1.521   0.0065            
 nInu 1.643m   0.914   1.7651      Ca A 1.508m  -1.989   0.0022      H  1 937.8A  -1.405   0.0085      C  1  1112A  -1.567   0.0058            
 nFnu 1.480m   0.702   1.0842      Ca A 1.504m  -2.048   0.0019      H  1 930.8A  -1.411   0.0084      C  1  1115A  -1.584   0.0056            
 nInu 1.480m   0.958   1.9540      Ca A 1.500m  -2.104   0.0017      H  1 926.2A  -1.385   0.0089      C  1  1162A  -1.618   0.0052            
 nFnu 1.436m   0.938   1.8679      Ca A 7.458m  -1.150   0.0153      H  1 923.2A  -1.374   0.0091      C  1  1167A  -1.641   0.0049            
 nInu 1.436m   1.085   2.6163      Ca A 4.653m  -1.269   0.0116      H  1 921.0A  -1.383   0.0089      C  1  1104A  -1.568   0.0058            
 nFnu 1.119m   1.087   2.6287      Ca A 3.740m  -1.360   0.0094      H  1  6563A   1.091   2.6553      C  1  1109A  -1.588   0.0056            
 nInu 1.119m   1.234   3.6892      Ca A 3.296m  -1.426   0.0081      H  1  4861A   0.667   1.0000      C  1  1130A  -1.707   0.0042            
 nFnu  8330A   1.147   3.0235      Ca A 3.038m  -1.476   0.0072      H  1  4340A   0.405   0.5475      C  1  1098A  -1.638   0.0050            
 nInu  8330A   1.419   5.6468      Ca A 2.872m  -1.524   0.0064      H  1  4102A   0.224   0.3609      C  1  1132A  -1.651   0.0048            
 nFnu  8079A   1.432   5.8220      Ca A 2.758m  -1.581   0.0057      H  1  3970A   0.111   0.2783      C  1  1106A  -1.693   0.0044            
 nInu  8079A   1.574   8.0777      Ca A 2.674m  -1.647   0.0049      H  1  3889A   0.023   0.2272      C  1  1093A  -1.785   0.0035            
 nFnu  6210A   1.231   3.6639      Ca A 2.612m  -1.719   0.0041      H  1  3835A  -0.078   0.1801      C  1  1110A  -1.852   0.0030            
 nInu  6210A   1.751  12.1257      Ca A 2.564m  -1.794   0.0035      H  1  3798A  -0.192   0.1384      C  1  1114A  -1.866   0.0029            
 nFnu  4885A   0.936   1.8571      Ca A 2.525m  -1.869   0.0029      H  1 1.875m   0.126   0.2876      C  1  1115A  -1.873   0.0029            
 nInu  4885A   1.958  19.5511      Ca A 2.495m  -1.943   0.0025      H  1 1.282m  -0.122   0.1626      C  1  1090A  -1.876   0.0029            
 nFnu  3704A   0.428   0.5765      Ca A 2.469m  -2.014   0.0021      H  1 1.094m  -0.298   0.1084      C  1  1104A  -1.936   0.0025            
 nInu  3704A   2.192  33.4695      Ca A 2.448m  -2.084   0.0018      H  1 1.005m  -0.408   0.0842      C  1  1104A  -1.942   0.0025            
 nFnu  3588A   1.954  19.3747      Ca A 2.431m  -2.150   0.0015      H  1  9546A  -0.494   0.0690      C  1  1098A  -2.072   0.0018            
 nInu  3588A   2.356  48.8539      Ca A 2.416m  -2.214   0.0013      H  1  9229A  -0.594   0.0548      C  1  1097A  -2.086   0.0018            
 nFnu  2430A   0.583   0.8246      Ca A 2.403m  -2.275   0.0011      H  1  9015A  -0.708   0.0422      C  1  1093A  -2.264   0.0012            
 nInu  2430A   2.601  85.9858      Ca A 12.37m  -1.538   0.0062      H  1 4.051m  -0.531   0.0634      C  2  1020A  -1.406   0.0085            
 nFnu  2392A   0.518   0.7102      Ca A 7.500m  -1.607   0.0053      H  1 2.625m  -0.681   0.0448      N  1 942.3A  -1.427   0.0081            
 nInu  2392A   2.612  88.1001      Ca A 5.907m  -1.667   0.0046      H  1 2.166m  -0.784   0.0354      N  1 952.1A  -1.541   0.0062            
 nFnu  2071A  -0.010   0.2105      Ca A 5.127m  -1.715   0.0041      H  1 1.945m  -0.867   0.0292      N  1  1131A  -1.683   0.0045            
 nInu  2071A   2.728 115.1127      Ca A 4.671m  -1.762   0.0037      H  1 1.817m  -0.965   0.0233      O  1 976.8A  -1.426   0.0081            
 nFnu  2053A  -0.055   0.1899      Ca A 4.375m  -1.818   0.0033      H  1 1.736m  -1.078   0.0180      O  1 969.0A  -1.459   0.0075            
 nInu  2053A   2.729 115.3453      Ca A 4.170m  -1.883   0.0028      H  1 7.458m  -1.011   0.0210      O  1 946.4A  -1.455   0.0076            
 nFnu  1793A  -0.529   0.0637      Ca A 4.020m  -1.955   0.0024      H  1 4.653m  -1.087   0.0176      O  1 934.5A  -1.487   0.0070            
 nInu  1793A   2.833 146.4354      Ca A 3.906m  -2.029   0.0020      H  1 3.740m  -1.162   0.0148      O  1 973.6A  -1.640   0.0049            
 nFnu  1585A  -0.536   0.0627      Ca A 3.818m  -2.104   0.0017      H  1 3.296m  -1.257   0.0119      O  1 927.5A  -1.681   0.0045            
 nInu  1585A   2.858 155.3336      Ca A 3.748m  -2.178   0.0014      H  1 3.038m  -1.368   0.0092      O  1 948.5A  -1.718   0.0041            
 nFnu  1458A   0.216   0.3541      Ca A 3.692m  -2.249   0.0012      H  1 12.37m  -1.365   0.0093      O  1 923.0A  -1.874   0.0029            
 nInu  1458A   2.959 196.0967      Ca A 3.645m  -2.318   0.0010      H  1 7.500m  -1.414   0.0083      O  1 919.9A  -1.975   0.0023            
 nFnu  1357A  -0.195   0.1373      Ca A 19.06m  -1.844   0.0031      H  1 5.907m  -1.501   0.0068      O  1 935.7A  -1.854   0.0030            
 nInu  1357A   3.028 229.4052      Ca A 11.31m  -1.880   0.0028      H  1 5.127m  -1.608   0.0053      O  1 917.7A  -2.077   0.0018            
 nFnu  1297A  -0.356   0.0949      Ca A 8.758m  -1.922   0.0026      H  1 19.06m  -1.655   0.0048      O  1 918.7A  -2.168   0.0015            
 nInu  1297A   3.035 233.5837      Ca A 7.506m  -1.966   0.0023      H  1 11.31m  -1.716   0.0041      O  1 928.2A  -2.134   0.0016            
 nFnu  1263A  -0.383   0.0890      Ca A 6.770m  -2.020   0.0021      H  1 8.758m  -1.816   0.0033      O  1 917.5A  -2.263   0.0012            
 nInu  1263A   3.023 227.0417      Ca A 6.290m  -2.084   0.0018      H  1 27.80m  -1.932   0.0025      Al 2  1671A  -1.742   0.0039            
 nFnu  1218A   1.623   9.0439      Ca A 5.955m  -2.155   0.0015      H  1 16.20m  -2.005   0.0021      Si 1  1261A  -2.313   0.0010            
 nInu  1218A   3.037 234.1822      Ca A 5.710m  -2.230   0.0013      H  1 38.86m  -2.200   0.0014      Si 2  1180A  -1.400   0.0086            
 nFnu  1196A   0.564   0.7886      Ca A 5.524m  -2.304   0.0011      He-like iso-sequence........      Si 2 993.4A  -1.692   0.0044            
 nInu  1196A   3.042 237.3910      Ca A 27.80m  -2.093   0.0017      Clin 506.0A  -0.698   0.0431      Si 2  1024A  -1.991   0.0022            
 nFnu  1175A   0.422   0.5692      Ca A 16.20m  -2.110   0.0017      Ca B  2945A  -1.955   0.0024      S  1  1356A  -2.144   0.0015            
 nInu  1175A   3.019 224.9714      Ca A 12.38m  -2.146   0.0015      Ca B  3188A  -1.598   0.0054      S  1  1227A  -2.332   0.0010            
 nFnu  1144A   0.186   0.3305      Ca A 10.50m  -2.197   0.0014      Ca B  3889A  -1.142   0.0155      Ar 1  1096A  -1.847   0.0031            
 nInu  1144A   3.120 283.9990      Ca A 9.389m  -2.260   0.0012      Ca B  3965A  -2.206   0.0013      Ar 1 922.5A  -2.209   0.0013            
 nFnu  1113A   0.011   0.2209      Ca A 8.662m  -2.331   0.0010      Ca B  4026A  -1.750   0.0038      Ar 1 918.5A  -2.239   0.0012            
 nInu  1113A   3.036 233.9265      Ca A 38.86m  -2.303   0.0011      Ca B  4388A  -2.304   0.0011      P  2 963.8A  -2.111   0.0017            
 nFnu  1103A   0.719   1.1285      Ca A 22.33m  -2.314   0.0010      Ca B  4471A  -1.480   0.0071      Ti 2  3366A  -0.547   0.0611            
 nInu  1103A   3.128 289.3151      Ca B  6563A   1.148   3.0250      Ca B  4922A  -2.029   0.0020      Ti 2  3238A  -0.856   0.0300            
 nFnu  1074A   0.480   0.6506      Ca B  4861A   0.732   1.1622      Ca B  5016A  -1.748   0.0038      Cr 1  4271A  -0.927   0.0255            
 nInu  1074A   3.113 279.5609      Ca B  4340A   0.449   0.6049      Ca B  5876A  -1.014   0.0209      Cr 1  3591A  -1.003   0.0214            
 nFnu  1064A   0.388   0.5255      Ca B  4102A   0.246   0.3792      Ca B  6678A  -1.544   0.0062      Mn 2  2590A  -0.796   0.0344            
 nInu  1064A   3.139 296.6775      Ca B  3970A   0.093   0.2669      Ca B  7065A  -1.604   0.0054      Ni 2  1744A  -2.303   0.0011            
 nFnu  1036A   0.169   0.3178      Ca B  3889A  -0.025   0.2032      Ca B  7281A  -2.265   0.0012      Ni 2  1376A  -2.276   0.0011            
 nInu  1036A   3.098 269.9462      Ca B  3835A  -0.120   0.1631      Ca B 1.083m   0.417   0.5623      Ni 2  1324A  -2.234   0.0013            
 nFnu  1000A  -0.082   0.1782      Ca B  3798A  -0.201   0.1354      Ca B 1.278m  -2.268   0.0012      hyperfine structure.........            
 nInu  1000A   3.057 245.4448      Ca B  3771A  -0.278   0.1135      Ca B 1.869m  -1.873   0.0029      inner shell.................            
 nFnu 925.1A  -0.151   0.1521      Ca B  3750A  -0.358   0.0945      Ca B 2.058m  -0.362   0.0936      molecules...................            
 nInu 925.1A   3.076 256.3400      Ca B  3734A  -0.441   0.0781      He 1 584.3A  -0.607   0.0532      H-CT  6563A   0.938   1.8679            
 nFnu 897.8A   2.177  32.3712      Ca B  3722A  -0.525   0.0643      He 1 537.0A  -2.194   0.0014            
 nFnu 760.0A   0.070   0.2532      Ca B  3712A  -0.607   0.0532      He 1 522.2A  -1.878   0.0029            
 nInu 760.0A  -1.968   0.0023      Ca B  3704A  -0.688   0.0442      He 1 515.6A  -1.945   0.0024            



                                                                           
 Cooling:  HFBc     0 :0.065 HFFc     0 :0.080 Ca2K  3934A:0.099 Ca2H  3969A:0.054 Fe2c     0 :0.174 H-FB     0 :0.066  
 Heating:  BFH1     0 :0.919  

 These are some of the most important databases used by Cloudy:
 Many recombination coefficients were taken from http://amdpp.phys.strath.ac.uk/tamoc/RR/ and http://amdpp.phys.strath.ac.uk/tamoc/DR/
      and are based on the following papers:
        Badnell N. R., et al., A&A 406, 1151 (2003) [http://adsabs.harvard.edu/abs/2003A%26A...406.1151B]
        Badnell N. R., ApJS 167, 334 (2006) [http://adsabs.harvard.edu/abs/2006ApJS..167..334B]
 Much of the molecular emission data is from LAMDA as accessed on Dec. 18, 2010. This database is described in:
        Schoeier F.L., et al., A&A 432, 369 (2005) [http://adsabs.harvard.edu/abs/2005A%26A...432..369S]
      This database is in part based on the work of the following groups:
        JPL: Pickett H. M. et al., JQSRT, 60, 883 (1998). [http://adsabs.harvard.edu/abs/1998JQSRT..60..883P]
        CDMS: Mueller H. S. et al., A&A 370, L49 (2001). [http://adsabs.harvard.edu/abs/2001A%26A...370L..49M]
              Mueller H. S. et al., J. Mol. Struct. 742, 215 (2005). [http://adsabs.harvard.edu/abs/2005JMoSt.742..215M]
 Much of the ionic emission data is from version 7.0 of CHIANTI. CHIANTI is a collaborative project involving the NRL (USA), the
      Universities of Florence (Italy) and Cambridge (UK), and George Mason University (USA). These papers describe Chianti:
        Dere K. P., et al., A&AS, 125, 149 (1997) [http://adsabs.harvard.edu/abs/1997A%26AS..125..149D]
        Landi E., et al., ApJ, 744, 99 (2012) [http://adsabs.harvard.edu/abs/2012ApJ...744...99L]
 Much of the H_2 data is from this web site: http://molat.obspm.fr/index.php?page=pages/Molecules/H2/H2can94.php. These data are
      described in:
        Abgrall H. et al., Can. J. Phys., 72, 856 (1994) [http://adsabs.harvard.edu/abs/1994CaJPh..72..856A]
        Wrathmall S. A. & Flower D. R., J. Phys. B, 40, 3221 (2007) [http://adsabs.harvard.edu/abs/2007JPhB...40.3221W]
 Please cite those papers that played a significant role in this calculation.

 IONIZE PARMET:  U(1-) -8.4768  U(4-):-14.2499  U(sp): -8.48  Q(ion):   10.783  L(ion)  0.455    Q(low): 15.379    L(low)  3.077
 ENERGY BUDGET:  Heat:   1.870  Coolg:   1.870  Error:  0.0%  Rec Lin:  -0.344  F-F  H  0.000    P(rad/tot)max     2.05E-07

     Col(Heff):      0.000E+00  snd travl time  4.91E+01 sec  Te-low: 4.00E+03  Te-hi: 5.39E+03  G0TH85: 4.96E+05  G0DB96:6.42E+05
  Emiss Measure    n(e)n(p) dl       1.889E+25  n(e)n(He+)dl         1.833E+23  En(e)n(He++) dl         7.783E+14  ne nC+:7.63E+22
 He/Ha:1.05E-02  =   0.12*true  Lthin:1.37E+01  itr/zn:14.95  H2 itr/zn:  0.00  File Opacity: F  MassTot 6.20e-06  (gm/cm^2)
   Temps(21 cm)   T(21cm/Ly a)  4.39E+03        T(<nH/Tkin>)  4.65E+03          T(<nH/Tspin>)    4.66E+03          TB21cm:9.56E-02
                   N(H0/Tspin)  5.83E+14        N(OH/Tkin)    1.36E+07          B(21cm)          0.00E+00
   <a>:1.69E-03  erdeFe0.0E+00  Tcompt2.87E-01  Tthr5.53E+05  <Tden>: 4.68E+03  <dens>:2.27E-13  <MolWgt>1.25E+00
     Mean Jeans  l(cm)8.02E+15  M(sun)3.08E+01  smallest:     len(cm):7.40E+15  M(sun):2.43E+01  a_ox tran:  0.00
 Rion:1.000E+30  Dist:0.00E+00  Diam:0.000E+00
 Hatom level 70  HatomType: add  HInducImp  F  He tot level: 63  He2 level:   70  ExecTime   607.7
 ConvrgError(%)  <eden>  0.193  MaxEden  0.954  <H-C>   0.19  Max(H-C)    0.49  <Press>   0.000  MaxPrs er  0.000
  Continuity(%)  chng Te   0.6  elec den   4.9  n(H2)    0.0  n(CO)        7.7

                                                        Averaged Quantities
             Te      Te(Ne)   Te(NeNp)  Te(NeHe+)Te(NeHe2+) Te(NeO+)  Te(NeO2+)  Te(H2)     N(H)     Ne(O2+)   Ne(Np)
 Radius:  4.68e+03  5.00e+03  5.17e+03  5.13e+03  5.06e+03  5.17e+03  5.21e+03  4.39e+03  1.00e+11  1.37e+09  1.17e+09

 Contin Optical Depths: COMP: 1.12e-08    H-: 2.81e-06 R(1300): 1.82e-05  H2+: 2.02e-08  Pfa:1.17E-08
                          Pa: 1.13e-08    Ba: 2.56e-06      Hb: 1.99e-06   La: 3.92e-02     1r:1.717E+01  1.8:5.12E+00 4.:7.466E-01

 Old, new H  1 continuum optical depths:
     1 1.72e+01     2 1.46e-06     3 2.82e-06     4 2.82e-06     5 2.82e-06     6 7.01e-07     7 7.01e-07     8 7.01e-07
     9 7.01e-07    10 1.47e-10    11 1.47e-10    12 1.47e-10    13 1.47e-10    14 1.47e-10    15 3.27e-10    16 3.27e-10
    17 3.27e-10    18 3.27e-10    19 3.27e-10    20 3.27e-10    21 6.36e-10    22 6.36e-10    23 6.36e-10    24 6.36e-10
    25 6.36e-10    26 6.36e-10    27 6.36e-10    28 1.11e-09    29 1.11e-09    30 1.11e-09    31 1.11e-09    32 1.11e-09
    33 1.11e-09    34 1.11e-09    35 1.11e-09    36 1.80e-09    37 1.80e-09    38 1.80e-09    39 1.80e-09    40 1.80e-09
    41 1.80e-09    42 1.80e-09    43 1.80e-09    44 1.80e-09    45 2.77e-09    46 2.77e-09    47 2.77e-09    48 2.77e-09
    49 2.77e-09    50 2.77e-09    51 2.77e-09    52 2.77e-09    53 2.77e-09    54 2.77e-09
     1 1.72e+01     2 1.46e-06     3 2.82e-06     4 2.82e-06     5 2.82e-06     6 7.01e-07     7 7.01e-07     8 7.01e-07
     9 7.01e-07    10 1.47e-10    11 1.47e-10    12 1.47e-10    13 1.47e-10    14 1.47e-10    15 3.26e-10    16 3.26e-10
    17 3.26e-10    18 3.26e-10    19 3.26e-10    20 3.26e-10    21 6.36e-10    22 6.36e-10    23 6.36e-10    24 6.36e-10
    25 6.36e-10    26 6.36e-10    27 6.36e-10    28 1.11e-09    29 1.11e-09    30 1.11e-09    31 1.11e-09    32 1.11e-09
    33 1.11e-09    34 1.11e-09    35 1.11e-09    36 1.80e-09    37 1.80e-09    38 1.80e-09    39 1.80e-09    40 1.80e-09
    41 1.80e-09    42 1.80e-09    43 1.80e-09    44 1.80e-09    45 2.77e-09    46 2.77e-09    47 2.77e-09    48 2.77e-09
    49 2.77e-09    50 2.77e-09    51 2.77e-09    52 2.77e-09    53 2.77e-09    54 2.77e-09

 Old, new H  1 mean line optical depths:
  2- 1 4.16e+05  3- 2 1.95e-03  4- 3 1.08e-07  5- 4 2.13e-08  6- 5 3.54e-10  7- 6 7.57e-09  8- 7 1.77e-10
  9- 8 4.43e-21 10- 9 5.34e-09
  2- 1 4.16e+05  3- 2 1.94e-03  4- 3 1.08e-07  5- 4 2.13e-08  6- 5 3.53e-10  7- 6 7.57e-09  8- 7 1.77e-10
  9- 8 2.22e-21 10- 9 5.34e-09

 Old, new He 2 continuum optical depths:
     1 7.47e-01     2 1.70e+01     3 9.42e-07     4 9.42e-07     5 9.42e-07     6 1.46e-06     7 1.46e-06     8 1.46e-06
     9 1.46e-06    10 2.29e-06    11 2.29e-06    12 2.29e-06    13 2.29e-06    14 2.29e-06    15 2.82e-06    16 2.82e-06
    17 2.82e-06    18 2.82e-06    19 2.82e-06    20 2.82e-06    21 2.38e-06    22 2.38e-06    23 2.38e-06    24 2.38e-06
    25 2.38e-06    26 2.38e-06    27 2.38e-06    28 7.01e-07    29 7.01e-07    30 7.01e-07    31 7.01e-07    32 7.01e-07
    33 7.01e-07    34 7.01e-07    35 7.01e-07    36 8.83e-11    37 8.83e-11    38 8.83e-11    39 8.83e-11    40 8.83e-11
    41 8.83e-11    42 8.83e-11    43 8.83e-11    44 8.83e-11    45 1.47e-10    46 1.47e-10    47 1.47e-10    48 1.47e-10
    49 1.47e-10    50 1.47e-10    51 1.47e-10    52 1.47e-10    53 1.47e-10    54 1.47e-10
     1 7.47e-01     2 1.70e+01     3 9.41e-07     4 9.41e-07     5 9.41e-07     6 1.46e-06     7 1.46e-06     8 1.46e-06
     9 1.46e-06    10 2.29e-06    11 2.29e-06    12 2.29e-06    13 2.29e-06    14 2.29e-06    15 2.82e-06    16 2.82e-06
    17 2.82e-06    18 2.82e-06    19 2.82e-06    20 2.82e-06    21 2.38e-06    22 2.38e-06    23 2.38e-06    24 2.38e-06
    25 2.38e-06    26 2.38e-06    27 2.38e-06    28 7.01e-07    29 7.01e-07    30 7.01e-07    31 7.01e-07    32 7.01e-07
    33 7.01e-07    34 7.01e-07    35 7.01e-07    36 8.83e-11    37 8.83e-11    38 8.83e-11    39 8.83e-11    40 8.83e-11
    41 8.83e-11    42 8.83e-11    43 8.83e-11    44 8.83e-11    45 1.47e-10    46 1.47e-10    47 1.47e-10    48 1.47e-10
    49 1.47e-10    50 1.47e-10    51 1.47e-10    52 1.47e-10    53 1.47e-10    54 1.47e-10

 Old, new He 2 mean line optical depths:
  2- 1 1.38e+01  3- 2 3.01e-13  4- 3 5.82e-16  5- 4 3.09e-17  6- 5 9.10e-17  7- 6 4.64e-16  8- 7 6.56e-16
  9- 8 4.24e-16 10- 9 3.23e-19
  2- 1 1.38e+01  3- 2 2.78e-13  4- 3 5.52e-16  5- 4 2.98e-17  6- 5 8.93e-17  7- 6 4.59e-16  8- 7 6.52e-16
  9- 8 4.22e-16 10- 9 3.16e-19

 Old He Is optical depths:    1 5.13e+00    2 9.98e-07    3 1.20e-06    4 1.35e-06    5 1.35e-06
 New He Is optical depths:    1 5.12e+00    2 9.97e-07    3 1.20e-06    4 1.35e-06    5 1.35e-06
          Old He Is Lines:  584 2.26e+04 3889 1.18e-03 5016 9.70e-05 5876 7.41e-08
          New He Is Lines:  584 2.26e+04 3889 1.18e-03 5016 9.70e-05 5876 7.41e-08

==== H      compounds ====           Log10 column densities [cm^-2}
   H2        : 13.672   H2*       : 12.008   H2+       :  9.461   H3+       :  6.017
==== He     compounds ====
   HeH+      :  9.275
==== Li     compounds ====
   LiH       :  0.951   LiH+      : -0.525
==== C      compounds ====
   CH        :  9.621   CH+       :  8.372   CH2       :  5.701   CH2+      :  4.604   CH3       :  1.108   CH3+      :  0.917   CH4       : -2.584   CH4+      : -4.504
   CH5+      : -9.308   C2        :  6.920   C2+       :  6.262   C2H       :  3.511   C2H+      :  2.619   C2H2      : -2.706   C2H2+     : -1.038   C2H3+     : -5.672
   C3        : -1.571   C3+       :  0.543   C3H       : -4.880   C3H+      : -2.585
==== N      compounds ====
   NH        : 10.323   NH+       :  9.513   NH2       :  6.184   NH2+      :  5.991   NH3       :  3.199   NH3+      :  1.991   NH4+      : -4.260   CN        : 10.199
   CN+       :  6.622   HCN       :  7.718   HCN+      :  6.594   HNC       :  0.377   HCNH+     :  2.983   HC3N      :-35.930   N2        : 10.423   N2+       :  6.656
   N2H+      :  0.055
==== O      compounds ====
   OH        : 10.774   OH+       : 10.130   H2O       :  6.401   H2O+      :  6.361   H3O+      :  2.471   CO        : 11.682   CO+       :  6.896   HCO+      :  6.197
   H2CO      :-35.930   CH3OH     :-35.930   ^13CO     : 10.205   NO        :  8.493   NO+       :  6.856   HNO       :  3.713   HNO+      :  2.739   OCN       :  5.948
   OCN+      :  3.769   N2O       :  2.972   O2        :  6.877   O2+       :  7.880   NO2       :  3.576   NO2+      :  0.507
==== Ne     compounds ====
   NeH+      :  6.282
==== Si     compounds ====
   SiH       :  2.670   SiH2+     :  1.244   SiC2      :-35.930   SiN       :  0.156   SiN+      :  6.856   SiO       :  6.675   SiO+      :  7.073   SiOH+     :  3.061
==== S      compounds ====
   HS        :  8.607   HS+       :  7.559   CS        :  5.328   CS+       :  5.849   HCS+      :  2.962   NS        :  5.411   NS+       :  6.272   SO        :  6.857
   SO+       :  6.693   OCS       :  0.446   OCS+      : -1.100   SO2       :-35.930   S2        :  0.483   S2+       : -0.817
==== Cl     compounds ====
   HCl       :  3.855   HCl+      :  7.974   H2Cl+     :  4.512   CCl       : -9.247   CCl+      :  0.967   H2CCl+    :-11.876   ClO       :-11.361   ClO+      :-14.058
==== Ar     compounds ====
   ArH+      :  9.666
==== Ti     compounds ====
   TiH       :-35.930   TiH+      :-35.930   TiH2      :-35.930   TiH2+     :-35.930   TiC       :-35.930   TiC+      :-35.930   HCTi      :-35.930   HCTi+     :-35.930
   TiC2      :-35.930   TiC2+     :-35.930   TiN       :-35.930   TiN+      :-35.930   HNTi      :-35.930   HNTi+     :-35.930   TiNC      :-35.930   TiNC+     :-35.930
   TiO       :-35.930   TiO+      :-35.930   TiOH+     :-35.930   TiO2      :-35.930   TiF+      :-35.930   TiS       :-35.930   TiS+      :-35.930   HTiS      :-35.930


               1      2      3      4      5      6      7      8      9     10     11     12     13     14     15     16     17

 Hydrogen   18.434 16.208 13.682 (H2)                Log10 Column density (cm^-2)
 Helium     17.366 14.273  6.006
 Lithium     7.083  7.267 -8.575-30.000
 Beryllium   7.777  6.759  2.821-30.000-30.000
 Boron       8.899  8.760  1.941-30.000-30.000-30.000
 Carbon     14.730 14.295  9.140-30.000-30.000-30.000-30.000
 Nitrogen   14.265 11.738  4.107-30.000-30.000-30.000-30.000-30.000
 Oxygen     15.124 12.795  4.604-30.000-30.000-30.000-30.000-30.000-30.000
 Fluorine   10.991  9.051  4.716-30.000-30.000-30.000-30.000-30.000-30.000-30.000
 Neon       14.363 12.209  7.395-30.000-30.000-30.000-30.000-30.000-30.000-30.000-30.000
 Sodium     11.647 12.634  6.892-30.000-30.000-30.000-30.000-30.000-30.000-30.000-30.000-30.000
 Magnesium  12.353 14.027 10.184-30.000-30.000-30.000-30.000-30.000-30.000-30.000-30.000-30.000-30.000
 Aluminium   9.643 12.886  8.269-30.000-30.000-30.000-30.000-30.000-30.000-30.000-30.000-30.000-30.000-30.000
 Silicon    12.233 13.938  8.632-30.000-30.000-30.000-30.000-30.000-30.000-30.000-30.000-30.000-30.000-30.000-30.000
 Phosphorus  9.210 11.845  7.067-30.000-30.000-30.000-30.000-30.000-30.000-30.000-30.000-30.000-30.000-30.000-30.000-30.000
 Sulphur    12.694 13.493  9.801-30.000-30.000-30.000-30.000-30.000-30.000-30.000-30.000-30.000-30.000-30.000-30.000-30.000-30.000
 Chlorine   10.049 11.930  8.199-30.000-30.000-30.000-30.000-30.000-30.000-30.000-30.000-30.000-30.000-30.000-30.000-30.000-30.000
-30.000
 Argon      12.828 11.107  8.186-30.000-30.000-30.000-30.000-30.000-30.000-30.000-30.000-30.000-30.000-30.000-30.000-30.000-30.000
-30.000-30.000
 Potassium  10.673 11.389  7.079-30.000-30.000-30.000-30.000-30.000-30.000-30.000-30.000-30.000-30.000-30.000-30.000-30.000-30.000
-30.000-30.000-30.000
 Calcium    12.606 12.287  9.962-30.000-30.000-30.000-30.000-30.000-30.000-30.000-30.000-30.000-30.000-30.000-30.000-30.000-30.000
-30.000-30.000-30.000-30.000
 Scandium    9.386  9.150  6.559-30.000-30.000-30.000-30.000-30.000-30.000-30.000-30.000-30.000-30.000-30.000-30.000-30.000-30.000
-30.000-30.000-30.000-30.000-30.000
 Titanium    7.811 11.386  8.178-30.000-30.000-30.000-30.000-30.000-30.000-30.000-30.000-30.000-30.000-30.000-30.000-30.000-30.000
-30.000-30.000-30.000-30.000-30.000-30.000
 Vanadium   10.292  9.561  6.509-30.000-30.000-30.000-30.000-30.000-30.000-30.000-30.000-30.000-30.000-30.000-30.000-30.000-30.000
-30.000-30.000-30.000-30.000-30.000-30.000-30.000
 Chromium   11.798 11.752  7.353-30.000-30.000-30.000-30.000-30.000-30.000-30.000-30.000-30.000-30.000-30.000-30.000-30.000-30.000
-30.000-30.000-30.000-30.000-30.000-30.000-30.000-30.000
 Manganese   8.311 11.866  7.838-30.000-30.000-30.000-30.000-30.000-30.000-30.000-30.000-30.000-30.000-30.000-30.000-30.000-30.000
-30.000-30.000-30.000-30.000-30.000-30.000-30.000-30.000-30.000
 Iron       10.124 13.936  9.379-30.000-30.000-30.000-30.000-30.000-30.000-30.000-30.000-30.000-30.000-30.000-30.000-30.000-30.000
-30.000-30.000-30.000-30.000-30.000-30.000-30.000-30.000-30.000-30.000
 Cobalt     11.401 10.176  2.901-30.000-30.000-30.000-30.000-30.000-30.000-30.000-30.000-30.000-30.000-30.000-30.000-30.000-30.000
-30.000-30.000-30.000-30.000-30.000-30.000-30.000-30.000-30.000-30.000-30.000
 Nickel      9.267 12.656  5.349-30.000-30.000-30.000-30.000-30.000-30.000-30.000-30.000-30.000-30.000-30.000-30.000-30.000-30.000
-30.000-30.000-30.000-30.000-30.000-30.000-30.000-30.000-30.000-30.000-30.000-30.000
 Copper     10.520  9.963  5.230-30.000-30.000-30.000-30.000-30.000-30.000-30.000-30.000-30.000-30.000-30.000-30.000-30.000-30.000
-30.000-30.000-30.000-30.000-30.000-30.000-30.000-30.000-30.000-30.000-30.000-30.000-30.000
 Zinc       10.975  9.671  6.140-30.000-30.000-30.000-30.000-30.000-30.000-30.000-30.000-30.000-30.000-30.000-30.000-30.000-30.000
-30.000-30.000-30.000-30.000-30.000-30.000-30.000-30.000-30.000-30.000-30.000-30.000-30.000-30.000
 Exc state    He1*  9.905   CII* 14.116   C11* 13.780   C12* 14.255   C13* 14.473   O11* 14.879   O12* 14.636   O13* 14.150
              Si2* 13.749   C30*  2.195   C31*  2.564   C32*  2.918


 Hydrogen   -0.003 -2.228 -4.454 (H2)                 Log10 Mean Ionisation (over radius)
 Helium     -0.000 -3.093-11.361
 Lithium    -0.403 -0.219-16.060
 Beryllium  -0.040 -1.057 -4.996
 Boron      -0.237 -0.376 -7.195
 Carbon     -0.136 -0.571 -5.726
 Nitrogen   -0.002 -2.528-10.160
 Oxygen     -0.002 -2.332-10.522
 Fluorine   -0.005 -1.945 -6.280
 Neon       -0.003 -2.157 -6.971
 Sodium     -1.030 -0.043 -5.785
 Magnesium  -1.683 -0.009 -3.852
 Aluminium  -3.244 -0.000 -4.618
 Silicon    -1.714 -0.008 -5.315
 Phosphorus -2.636 -0.001 -4.779
 Sulphur    -0.863 -0.064 -3.755
 Chlorine   -1.887 -0.006 -3.737
 Argon      -0.008 -1.729 -4.650
 Potassium  -0.792 -0.076 -4.387
 Calcium    -0.171 -0.489 -2.815
 Scandium   -0.199 -0.435 -3.027
 Titanium   -3.575 -0.000 -3.208
 Vanadium   -0.074 -0.806 -3.857
 Chromium   -0.278 -0.325 -4.723
 Manganese  -3.555 -0.000 -4.028
 Iron       -3.812 -0.000 -4.557
 Cobalt     -0.025 -1.250 -8.525
 Nickel     -3.389 -0.000 -7.308
 Copper     -0.106 -0.663 -5.396
 Zinc       -0.021 -1.326 -4.856

               1      2      3      4      5      6      7      8      9     10     11     12     13     14     15     16     17

 Hydrogen   -0.005 -1.951 -4.804 (H2)         Log10 Mean Ionisation (over radius*electron density)
 Helium     -0.001 -2.894-11.266
 Lithium    -0.435 -0.199-16.029
 Beryllium  -0.020 -1.342 -5.027
 Boron      -0.138 -0.566 -7.064
 Carbon     -0.080 -0.774 -5.598
 Nitrogen   -0.003 -2.223 -9.766
 Oxygen     -0.004 -2.053-10.177
 Fluorine   -0.007 -1.823 -6.246
 Neon       -0.003 -2.103 -7.010
 Sodium     -1.073 -0.038 -5.896
 Magnesium  -1.591 -0.011 -3.572
 Aluminium  -3.273 -0.000 -4.500
 Silicon    -1.652 -0.010 -4.970
 Phosphorus -2.675 -0.001 -4.533
 Sulphur    -0.599 -0.126 -3.581
 Chlorine   -2.261 -0.003 -3.611
 Argon      -0.018 -1.406 -4.276
 Potassium  -0.975 -0.049 -4.356
 Calcium    -0.114 -0.636 -3.202
 Scandium   -0.142 -0.557 -3.078
 Titanium   -3.610 -0.001 -3.029
 Vanadium   -0.052 -0.945 -3.678
 Chromium   -0.176 -0.478 -4.427
 Manganese  -3.591 -0.000 -3.694
 Iron       -3.842 -0.000 -4.213
 Cobalt     -0.015 -1.456 -8.257
 Nickel     -3.426 -0.000 -7.001
 Copper     -0.061 -0.883 -5.290
 Zinc       -0.012 -1.563 -4.985

               1      2      3      4      5      6      7      8      9     10     11     12     13     14     15     16     17

 Hydrogen    3.671  3.700  3.643 (H2)                  Log10 Mean Temperature (over radius)
 Helium      3.671  3.693  3.684
 Lithium     3.669  3.672  3.673
 Beryllium   3.673  3.646  3.670
 Boron       3.682  3.654  3.686
 Carbon      3.677  3.652  3.684
 Nitrogen    3.671  3.704  3.713
 Oxygen      3.671  3.700  3.708
 Fluorine    3.671  3.683  3.676
 Neon        3.671  3.676  3.669
 Sodium      3.668  3.671  3.663
 Magnesium   3.684  3.670  3.702
 Aluminium   3.668  3.671  3.685
 Silicon     3.675  3.671  3.708
 Phosphorus  3.667  3.671  3.697
 Sulphur     3.700  3.666  3.694
 Chlorine    3.636  3.671  3.686
 Argon       3.670  3.707  3.712
 Potassium   3.655  3.674  3.677
 Calcium     3.678  3.655  3.636
 Scandium    3.678  3.657  3.661
 Titanium    3.669  3.671  3.689
 Vanadium    3.674  3.654  3.686
 Chromium    3.683  3.657  3.703
 Manganese   3.668  3.671  3.707
 Iron        3.669  3.671  3.708
 Cobalt      3.672  3.650  3.697
 Nickel      3.668  3.671  3.704
 Copper      3.676  3.650  3.681
 Zinc        3.672  3.648  3.660

               1      2      3      4      5      6      7      8      9     10     11     12     13     14     15     16     17

 Hydrogen    3.699  3.714  3.665 (H2)          Log10 Mean Temperature (over radius*electron density)
 Helium      3.699  3.710  3.704
 Lithium     3.696  3.701  3.701
 Beryllium   3.700  3.674  3.696
 Boron       3.705  3.684  3.706
 Carbon      3.702  3.683  3.707
 Nitrogen    3.699  3.715  3.719
 Oxygen      3.699  3.714  3.717
 Fluorine    3.699  3.706  3.701
 Neon        3.699  3.702  3.696
 Sodium      3.696  3.699  3.690
 Magnesium   3.704  3.699  3.714
 Aluminium   3.697  3.699  3.706
 Silicon     3.703  3.699  3.717
 Phosphorus  3.696  3.699  3.712
 Sulphur     3.713  3.694  3.708
 Chlorine    3.665  3.699  3.706
 Argon       3.698  3.715  3.717
 Potassium   3.684  3.701  3.700
 Calcium     3.702  3.689  3.662
 Scandium    3.702  3.691  3.698
 Titanium    3.696  3.699  3.709
 Vanadium    3.700  3.690  3.710
 Chromium    3.705  3.687  3.715
 Manganese   3.696  3.699  3.716
 Iron        3.697  3.699  3.716
 Cobalt      3.700  3.684  3.714
 Nickel      3.696  3.699  3.715
 Copper      3.702  3.681  3.706
 Zinc        3.700  3.680  3.689

               1      2      3      4      5      6      7      8      9     10     11     12     13     14     15     16     17
                                                                          

---------------Convergence statistics---------------
      1.29 mean iterations/state convergence
      2.97 mean cx acceleration loops/iteration
      1.05 mean iso convergence loops/ion solve
      1.02 mean steps/chemistry solve
      1.03 mean step length searches/chemistry step
----------------------------------------------------

 Cloudy ends: 123 zones, 3 iterations.  ExecTime(s) 607.71
 [Stop in cdMain at ../maincl.cpp:483, Cloudy exited OK]
 ************************************************** GRID_DELIMIT -- grid000000076
